
##########################
# Experiment information #
##########################

EXPERIMENT_NAME: antsRegistration-r7-p10
VFC_BACKENDS: libinterflop_vprec.so --range-binary32=7 --precision-binary32=10 --range-binary64=7 --precision-binary64=10

SIF_IMG: /home/mdugre/projects/rrg-glatard/mdugre/containers/ants-vprec-no_metrics.simg

SUBJECT_ID: s034
INPUT_IMG: /home/mdugre/scratch/mri-registration-rp/datasets/ds004513/derivatives/mri-registration-rp/antsBrainExtraction/sub-s034/BrainExtractionBrain.nii.gz
OUTPUT_DIR: /home/mdugre/scratch/mri-registration-rp/datasets/ds004513/derivatives/mri-registration-rp/1111/antsRegistration-r7-p10/sub-s034

FIXED_IMG: /templateflow/tpl-MNI152NLin2009cAsym/tpl-MNI152NLin2009cAsym_res-01_desc-brain_T1w.nii.gz
DATA_DIR: /home/mdugre/scratch/mri-registration-rp/datasets/ds004513
TEMPLATEFLOW_DIR: /home/mdugre/projects/rrg-glatard/mdugre/templateflow
ITK_GLOBAL_DEFAULT_NUMBER_OF_THREADS: 16
##########################

Info [verificarlo]: loaded backend libinterflop_vprec.so
Info [interflop-vprec]: load backend with: 
Info [interflop-vprec]: precision-binary32 = 10
Info [interflop-vprec]: range-binary32 = 7
Info [interflop-vprec]: precision-binary64 = 10
Info [interflop-vprec]: range-binary64 = 7
Info [interflop-vprec]: mode = ob
Info [interflop-vprec]: error-mode = rel
Info [interflop-vprec]: max-abs-error-exponent = -1022
Info [interflop-vprec]: daz = false
Info [interflop-vprec]: ftz = false
Info [interflop-vprec]: 	instrument = none
Info [interflop-vprec]: 	prec-input-file = (null)
Info [interflop-vprec]: 	prec-output-file = (null)
Info [interflop-vprec]: 	prec-log-file = (null)
All_Command_lines_OK
Using double precision for computations.
=============================================================================
The composite transform comprises the following transforms (in order): 
  1. Center of mass alignment using fixed image: /templateflow/tpl-MNI152NLin2009cAsym/tpl-MNI152NLin2009cAsym_res-01_desc-brain_T1w.nii.gz and moving image: /home/mdugre/scratch/mri-registration-rp/datasets/ds004513/derivatives/mri-registration-rp/antsBrainExtraction/sub-s034/BrainExtractionBrain.nii.gz (type = Euler3DTransform)
=============================================================================
  number of levels = 1
  fixed image: /templateflow/tpl-MNI152NLin2009cAsym/tpl-MNI152NLin2009cAsym_res-01_desc-brain_T1w.nii.gz
  moving image: /home/mdugre/scratch/mri-registration-rp/datasets/ds004513/derivatives/mri-registration-rp/antsBrainExtraction/sub-s034/BrainExtractionBrain.nii.gz
Dimension = 3
Number of stages = 1
Use histogram matching = false
Winsorize image intensities = true
  Lower quantile = 0.005
  Upper quantile = 0.995


Stage 1 State
   Image metric = MattesMI
     Fixed image = Image (0x4828b20)
  RTTI typeinfo:   itk::Image<double, 3u>
  Reference Count: 2
  Modified Time: 2330
  Debug: Off
  Object Name: 
  Observers: 
    none
  Source: (none)
  Source output name: (none)
  Release Data: Off
  Data Released: False
  Global Release Data: Off
  PipelineMTime: 0
  UpdateMTime: 1941
  RealTimeStamp: 0 seconds 
  LargestPossibleRegion: 
    Dimension: 3
    Index: [0, 0, 0]
    Size: [193, 229, 193]
  BufferedRegion: 
    Dimension: 3
    Index: [0, 0, 0]
    Size: [193, 229, 193]
  RequestedRegion: 
    Dimension: 3
    Index: [0, 0, 0]
    Size: [193, 229, 193]
  Spacing: [1, 1, 1]
  Origin: [96, 132, -78]
  Direction: 
-1 0 0
0 -1 0
0 0 1

  IndexToPointMatrix: 
-1 0 0
0 -1 0
0 0 1

  PointToIndexMatrix: 
-1 0 0
0 -1 0
0 0 1

  Inverse Direction: 
-1 0 0
0 -1 0
0 0 1

  PixelContainer: 
    ImportImageContainer (0x48d45d0)
      RTTI typeinfo:   itk::ImportImageContainer<unsigned long, double>
      Reference Count: 1
      Modified Time: 1938
      Debug: Off
      Object Name: 
      Observers: 
        none
      Pointer: 0x1468b024a010
      Container manages memory: true
      Size: 8530021
      Capacity: 8530021

     Moving image = Image (0x4828eb0)
  RTTI typeinfo:   itk::Image<double, 3u>
  Reference Count: 2
  Modified Time: 2331
  Debug: Off
  Object Name: 
  Observers: 
    none
  Source: (none)
  Source output name: (none)
  Release Data: Off
  Data Released: False
  Global Release Data: Off
  PipelineMTime: 0
  UpdateMTime: 2328
  RealTimeStamp: 0 seconds 
  LargestPossibleRegion: 
    Dimension: 3
    Index: [0, 0, 0]
    Size: [160, 240, 256]
  BufferedRegion: 
    Dimension: 3
    Index: [0, 0, 0]
    Size: [160, 240, 256]
  RequestedRegion: 
    Dimension: 3
    Index: [0, 0, 0]
    Size: [160, 240, 256]
  Spacing: [1, 1, 1]
  Origin: [80.0625, 105.5, -130.75]
  Direction: 
-1 0 0.0191956
0 -1 0
0.0191956 0 1

  IndexToPointMatrix: 
-1 0 0.0191956
0 -1 0
0.0191956 0 1

  PointToIndexMatrix: 
-1 0 0.0191956
0 -1 0
0.0191956 0 1

  Inverse Direction: 
-1 0 0.0191956
0 -1 0
0.0191956 0 1

  PixelContainer: 
    ImportImageContainer (0x4926bd0)
      RTTI typeinfo:   itk::ImportImageContainer<unsigned long, double>
      Reference Count: 1
      Modified Time: 2325
      Debug: Off
      Object Name: 
      Observers: 
        none
      Pointer: 0x1468ab749010
      Container manages memory: true
      Size: 9830400
      Capacity: 9830400

     Weighting = 1
     Sampling strategy = regular
     Number of bins = 32
     Radius = 4
     Sampling percentage  = 0.25
   Transform = Rigid
     Gradient step = 0.1
     Update field sigma (voxel space) = 0
     Total field sigma (voxel space) = 0
     Update field time sigma = 0
     Total field time sigma  = 0
     Number of time indices = 0
     Number of time point samples = 0
Registration using 1 total stages.

Stage 0
  iterations = 0
  convergence threshold = 1e-06
  convergence window size = 10
  number of levels = 1
  using the Mattes MI metric (number of bins = 32, weight = 1, use gradient filter = 0)
  preprocessing:  winsorizing the image intensities
  Shrink factors (level 1 out of 1): [1, 1, 1]
  smoothing sigmas per level: [0]
  regular sampling (percentage = 0.25)

*** Running Euler3DTransform registration ***

  Elapsed time (stage 0): 0


Total elapsed time: 0
Info [verificarlo]: loaded backend libinterflop_vprec.so
Info [interflop-vprec]: load backend with: 
Info [interflop-vprec]: precision-binary32 = 10
Info [interflop-vprec]: range-binary32 = 7
Info [interflop-vprec]: precision-binary64 = 10
Info [interflop-vprec]: range-binary64 = 7
Info [interflop-vprec]: mode = ob
Info [interflop-vprec]: error-mode = rel
Info [interflop-vprec]: max-abs-error-exponent = -1022
Info [interflop-vprec]: daz = false
Info [interflop-vprec]: ftz = false
Info [interflop-vprec]: 	instrument = none
Info [interflop-vprec]: 	prec-input-file = (null)
Info [interflop-vprec]: 	prec-output-file = (null)
Info [interflop-vprec]: 	prec-log-file = (null)
All_Command_lines_OK
Using double precision for computations.
=============================================================================
The composite transform comprises the following transforms (in order): 
  1. /home/mdugre/scratch/mri-registration-rp/datasets/ds004513/derivatives/mri-registration-rp/1111/antsRegistration-r7-p10/sub-s034/align_Composite.h5[0] (type = Euler3DTransform)
  2. /home/mdugre/scratch/mri-registration-rp/datasets/ds004513/derivatives/mri-registration-rp/1111/antsRegistration-r7-p10/sub-s034/align_Composite.h5[1] (type = Euler3DTransform)
=============================================================================
  number of levels = 4
  fixed image: /templateflow/tpl-MNI152NLin2009cAsym/tpl-MNI152NLin2009cAsym_res-01_desc-brain_T1w.nii.gz
  moving image: /home/mdugre/scratch/mri-registration-rp/datasets/ds004513/derivatives/mri-registration-rp/antsBrainExtraction/sub-s034/BrainExtractionBrain.nii.gz
Dimension = 3
Number of stages = 1
Use histogram matching = false
Winsorize image intensities = true
  Lower quantile = 0.005
  Upper quantile = 0.995


Stage 1 State
   Image metric = MattesMI
     Fixed image = Image (0x4da41e0)
  RTTI typeinfo:   itk::Image<double, 3u>
  Reference Count: 2
  Modified Time: 1578
  Debug: Off
  Object Name: 
  Observers: 
    none
  Source: (none)
  Source output name: (none)
  Release Data: Off
  Data Released: False
  Global Release Data: Off
  PipelineMTime: 0
  UpdateMTime: 1189
  RealTimeStamp: 0 seconds 
  LargestPossibleRegion: 
    Dimension: 3
    Index: [0, 0, 0]
    Size: [193, 229, 193]
  BufferedRegion: 
    Dimension: 3
    Index: [0, 0, 0]
    Size: [193, 229, 193]
  RequestedRegion: 
    Dimension: 3
    Index: [0, 0, 0]
    Size: [193, 229, 193]
  Spacing: [1, 1, 1]
  Origin: [96, 132, -78]
  Direction: 
-1 0 0
0 -1 0
0 0 1

  IndexToPointMatrix: 
-1 0 0
0 -1 0
0 0 1

  PointToIndexMatrix: 
-1 0 0
0 -1 0
0 0 1

  Inverse Direction: 
-1 0 0
0 -1 0
0 0 1

  PixelContainer: 
    ImportImageContainer (0x4e636f0)
      RTTI typeinfo:   itk::ImportImageContainer<unsigned long, double>
      Reference Count: 1
      Modified Time: 1186
      Debug: Off
      Object Name: 
      Observers: 
        none
      Pointer: 0x14e3361c2010
      Container manages memory: true
      Size: 8530021
      Capacity: 8530021

     Moving image = Image (0x4e5fe20)
  RTTI typeinfo:   itk::Image<double, 3u>
  Reference Count: 2
  Modified Time: 1579
  Debug: Off
  Object Name: 
  Observers: 
    none
  Source: (none)
  Source output name: (none)
  Release Data: Off
  Data Released: False
  Global Release Data: Off
  PipelineMTime: 0
  UpdateMTime: 1576
  RealTimeStamp: 0 seconds 
  LargestPossibleRegion: 
    Dimension: 3
    Index: [0, 0, 0]
    Size: [160, 240, 256]
  BufferedRegion: 
    Dimension: 3
    Index: [0, 0, 0]
    Size: [160, 240, 256]
  RequestedRegion: 
    Dimension: 3
    Index: [0, 0, 0]
    Size: [160, 240, 256]
  Spacing: [1, 1, 1]
  Origin: [80.0625, 105.5, -130.75]
  Direction: 
-1 0 0.0191956
0 -1 0
0.0191956 0 1

  IndexToPointMatrix: 
-1 0 0.0191956
0 -1 0
0.0191956 0 1

  PointToIndexMatrix: 
-1 0 0.0191956
0 -1 0
0.0191956 0 1

  Inverse Direction: 
-1 0 0.0191956
0 -1 0
0.0191956 0 1

  PixelContainer: 
    ImportImageContainer (0x4f28d90)
      RTTI typeinfo:   itk::ImportImageContainer<unsigned long, double>
      Reference Count: 1
      Modified Time: 1573
      Debug: Off
      Object Name: 
      Observers: 
        none
      Pointer: 0x14e3316c1010
      Container manages memory: true
      Size: 9830400
      Capacity: 9830400

     Weighting = 1
     Sampling strategy = regular
     Number of bins = 32
     Radius = 4
     Sampling percentage  = 0.25
   Transform = Rigid
     Gradient step = 0.1
     Update field sigma (voxel space) = 0
     Total field sigma (voxel space) = 0
     Update field time sigma = 0
     Total field time sigma  = 0
     Number of time indices = 0
     Number of time point samples = 0
Registration using 1 total stages.

Stage 0
  iterations = 1000x500x250x100
  convergence threshold = 1e-06
  convergence window size = 10
  number of levels = 4
  using the Mattes MI metric (number of bins = 32, weight = 1, use gradient filter = 0)
  preprocessing:  winsorizing the image intensities
  Shrink factors (level 1 out of 4): [8, 8, 8]
  Shrink factors (level 2 out of 4): [4, 4, 4]
  Shrink factors (level 3 out of 4): [2, 2, 2]
  Shrink factors (level 4 out of 4): [1, 1, 1]
  smoothing sigmas per level: [3, 2, 1, 0]
  regular sampling (percentage = 0.25)

*** Running Euler3DTransform registration ***

DIAGNOSTIC,Iteration,metricValue,convergenceValue,ITERATION_TIME_INDEX,SINCE_LAST
 2DIAGNOSTIC,     1, -8.453377060086e-02, 1.797693134862e+308, 0.0000e+00, 0.0000e+00, 
 2DIAGNOSTIC,     2, -8.480567822916e-02, 1.797693134862e+308, 0.0000e+00, 0.0000e+00, 
 2DIAGNOSTIC,     3, -8.497892235378e-02, 1.797693134862e+308, 0.0000e+00, 0.0000e+00, 
 2DIAGNOSTIC,     4, -8.518369788374e-02, 1.797693134862e+308, 0.0000e+00, 0.0000e+00, 
 2DIAGNOSTIC,     5, -8.552513125205e-02, 1.797693134862e+308, 0.0000e+00, 0.0000e+00, 
 2DIAGNOSTIC,     6, -8.595902525343e-02, 1.797693134862e+308, 0.0000e+00, 0.0000e+00, 
 2DIAGNOSTIC,     7, -8.600358922667e-02, 1.797693134862e+308, 0.0000e+00, 0.0000e+00, 
 2DIAGNOSTIC,     8, -8.583071172097e-02, 1.797693134862e+308, 0.0000e+00, 0.0000e+00, 
 2DIAGNOSTIC,     9, -8.600058203473e-02, 1.797693134862e+308, 0.0000e+00, 0.0000e+00, 
 2DIAGNOSTIC,    10, -8.626543715068e-02, 1.272490051956e-03, 0.0000e+00, 0.0000e+00, 
 2DIAGNOSTIC,    11, -8.633921491076e-02, 1.020795102694e-03, 0.0000e+00, 0.0000e+00, 
 2DIAGNOSTIC,    12, -8.656267095538e-02, 8.581951609529e-04, 0.0000e+00, 0.0000e+00, 
 2DIAGNOSTIC,    13, -8.685985269602e-02, 7.648084681016e-04, 0.0000e+00, 0.0000e+00, 
 2DIAGNOSTIC,    14, -8.709757418057e-02, 7.172777904703e-04, 0.0000e+00, 0.0000e+00, 
 2DIAGNOSTIC,    15, -8.732875214232e-02, 7.325195935008e-04, 0.0000e+00, 0.0000e+00, 
 2DIAGNOSTIC,    16, -8.728068591926e-02, 7.578861515075e-04, 0.0000e+00, 0.0000e+00, 
 2DIAGNOSTIC,    17, -8.783178113321e-02, 8.286440665795e-04, 0.0000e+00, 0.0000e+00, 
 2DIAGNOSTIC,    18, -8.790636306514e-02, 7.932276696315e-04, 0.0000e+00, 0.0000e+00, 
 2DIAGNOSTIC,    19, -8.842162803629e-02, 8.057614190286e-04, 0.0000e+00, 0.0000e+00, 
 2DIAGNOSTIC,    20, -8.838259091678e-02, 7.786504025302e-04, 0.0000e+00, 0.0000e+00, 
 2DIAGNOSTIC,    21, -8.837509469274e-02, 6.933290524219e-04, 0.0000e+00, 0.0000e+00, 
 2DIAGNOSTIC,    22, -8.837438016440e-02, 5.839279356615e-04, 0.0000e+00, 0.0000e+00, 
 2DIAGNOSTIC,    23, -8.835223239583e-02, 4.673690992564e-04, 0.0000e+00, 0.0000e+00, 
 2DIAGNOSTIC,    24, -8.835640027555e-02, 3.489813156803e-04, 0.0000e+00, 0.0000e+00, 
 2DIAGNOSTIC,    25, -8.835737096738e-02, 2.389248764993e-04, 0.0000e+00, 0.0000e+00, 
 2DIAGNOSTIC,    26, -8.834541364795e-02, 1.066154734793e-04, 0.0000e+00, 0.0000e+00, 
 2DIAGNOSTIC,    27, -8.829957618339e-02, 3.590557403937e-05, 0.0000e+00, 0.0000e+00, 
DIAGNOSTIC,Iteration,metricValue,convergenceValue,ITERATION_TIME_INDEX,SINCE_LAST
 2DIAGNOSTIC,     1, -3.160357453306e-02, 1.797693134862e+308, 0.0000e+00, 0.0000e+00, 
 2DIAGNOSTIC,     2, -3.169561917957e-02, 1.797693134862e+308, 0.0000e+00, 0.0000e+00, 
 2DIAGNOSTIC,     3, -3.171000240242e-02, 1.797693134862e+308, 0.0000e+00, 0.0000e+00, 
 2DIAGNOSTIC,     4, -3.167779721012e-02, 1.797693134862e+308, 0.0000e+00, 0.0000e+00, 
 2DIAGNOSTIC,     5, -3.165902532261e-02, 1.797693134862e+308, 0.0000e+00, 0.0000e+00, 
 2DIAGNOSTIC,     6, -3.168127501090e-02, 1.797693134862e+308, 0.0000e+00, 0.0000e+00, 
 2DIAGNOSTIC,     7, -3.169053672439e-02, 1.797693134862e+308, 0.0000e+00, 0.0000e+00, 
 2DIAGNOSTIC,     8, -3.174367007695e-02, 1.797693134862e+308, 0.0000e+00, 0.0000e+00, 
 2DIAGNOSTIC,     9, -3.176278194661e-02, 1.797693134862e+308, 0.0000e+00, 0.0000e+00, 
 2DIAGNOSTIC,    10, -3.177934731957e-02, 2.400418383088e-04, 0.0000e+00, 0.0000e+00, 
 2DIAGNOSTIC,    11, -3.177149649798e-02, 1.932781518738e-04, 0.0000e+00, 0.0000e+00, 
 2DIAGNOSTIC,    12, -3.176580378876e-02, 2.009101854821e-04, 0.0000e+00, 0.0000e+00, 
 2DIAGNOSTIC,    13, -3.177268408618e-02, 2.041371337025e-04, 0.0000e+00, 0.0000e+00, 
 2DIAGNOSTIC,    14, -3.179296834755e-02, 1.807262085692e-04, 0.0000e+00, 0.0000e+00, 
 2DIAGNOSTIC,    15, -3.180699308164e-02, 1.407518661661e-04, 0.0000e+00, 0.0000e+00, 
 2DIAGNOSTIC,    16, -3.205091069946e-02, 2.422045634048e-04, 0.0000e+00, 0.0000e+00, 
 2DIAGNOSTIC,    17, -3.191996162695e-02, 2.413963913540e-04, 0.0000e+00, 0.0000e+00, 
 2DIAGNOSTIC,    18, -3.203271785692e-02, 3.039624506541e-04, 0.0000e+00, 0.0000e+00, 
 2DIAGNOSTIC,    19, -3.209925521318e-02, 3.710461280703e-04, 0.0000e+00, 0.0000e+00, 
 2DIAGNOSTIC,    20, -3.231325054263e-02, 4.981948669562e-04, 0.0000e+00, 0.0000e+00, 
 2DIAGNOSTIC,    21, -3.273655385651e-02, 7.399195824363e-04, 0.0000e+00, 0.0000e+00, 
 2DIAGNOSTIC,    22, -3.339947307291e-02, 1.152313404425e-03, 0.0000e+00, 0.0000e+00, 
 2DIAGNOSTIC,    23, -3.404262935450e-02, 1.665948909498e-03, 0.0000e+00, 0.0000e+00, 
 2DIAGNOSTIC,    24, -3.456838952054e-02, 2.176424885807e-03, 0.0000e+00, 0.0000e+00, 
 2DIAGNOSTIC,    25, -3.547233638764e-02, 2.757028183050e-03, 0.0000e+00, 0.0000e+00, 
 2DIAGNOSTIC,    26, -3.967278548413e-02, 4.503785522018e-03, 0.0000e+00, 0.0000e+00, 
 2DIAGNOSTIC,    27, -4.116849937493e-02, 6.063771662492e-03, 0.0000e+00, 0.0000e+00, 
 2DIAGNOSTIC,    28, -4.851545193668e-02, 9.134693287585e-03, 0.0000e+00, 0.0000e+00, 
 2DIAGNOSTIC,    29, -4.855958776788e-02, 1.104711918786e-02, 0.0000e+00, 0.0000e+00, 
 2DIAGNOSTIC,    30, -4.879193465362e-02, 1.189438696417e-02, 0.0000e+00, 0.0000e+00, 
 2DIAGNOSTIC,    31, -5.149410204198e-02, 1.235179476407e-02, 0.0000e+00, 0.0000e+00, 
 2DIAGNOSTIC,    32, -5.316286270369e-02, 1.214556142198e-02, 0.0000e+00, 0.0000e+00, 
 2DIAGNOSTIC,    33, -5.754214625853e-02, 1.195805111163e-02, 0.0000e+00, 0.0000e+00, 
 2DIAGNOSTIC,    34, -5.810191314956e-02, 1.090440132713e-02, 0.0000e+00, 0.0000e+00, 
 2DIAGNOSTIC,    35, -5.905873534829e-02, 9.335659756761e-03, 0.0000e+00, 0.0000e+00, 
 2DIAGNOSTIC,    36, -5.894741657879e-02, 7.885391777990e-03, 0.0000e+00, 0.0000e+00, 
 2DIAGNOSTIC,    37, -5.891820787158e-02, 6.059594286413e-03, 0.0000e+00, 0.0000e+00, 
 2DIAGNOSTIC,    38, -5.968848874598e-02, 5.350816121241e-03, 0.0000e+00, 0.0000e+00, 
 2DIAGNOSTIC,    39, -5.966000640867e-02, 4.196613413765e-03, 0.0000e+00, 0.0000e+00, 
 2DIAGNOSTIC,    40, -5.961385915855e-02, 2.766484876538e-03, 0.0000e+00, 0.0000e+00, 
 2DIAGNOSTIC,    41, -5.956674703271e-02, 1.634419093890e-03, 0.0000e+00, 0.0000e+00, 
 2DIAGNOSTIC,    42, -5.967376861203e-02, 7.006262346316e-04, 0.0000e+00, 0.0000e+00, 
 2DIAGNOSTIC,    43, -5.962943441912e-02, 4.481620231075e-04, 0.0000e+00, 0.0000e+00, 
 2DIAGNOSTIC,    44, -5.961964192942e-02, 2.496196782480e-04, 0.0000e+00, 0.0000e+00, 
 2DIAGNOSTIC,    45, -5.961964192942e-02, 1.850643292597e-04, 0.0000e+00, 0.0000e+00, 
 2DIAGNOSTIC,    46, -5.961964192942e-02, 9.218197852957e-05, 0.0000e+00, 0.0000e+00, 
DIAGNOSTIC,Iteration,metricValue,convergenceValue,ITERATION_TIME_INDEX,SINCE_LAST
 2DIAGNOSTIC,     1, -4.274885134397e-02, 1.797693134862e+308, 0.0000e+00, 0.0000e+00, 
 2DIAGNOSTIC,     2, -4.279789365989e-02, 1.797693134862e+308, 0.0000e+00, 0.0000e+00, 
 2DIAGNOSTIC,     3, -4.287339022740e-02, 1.797693134862e+308, 0.0000e+00, 0.0000e+00, 
 2DIAGNOSTIC,     4, -4.288120783453e-02, 1.797693134862e+308, 0.0000e+00, 0.0000e+00, 
 2DIAGNOSTIC,     5, -4.298225929767e-02, 1.797693134862e+308, 0.0000e+00, 0.0000e+00, 
 2DIAGNOSTIC,     6, -4.302458921975e-02, 1.797693134862e+308, 0.0000e+00, 0.0000e+00, 
 2DIAGNOSTIC,     7, -4.308218738340e-02, 1.797693134862e+308, 0.0000e+00, 0.0000e+00, 
 2DIAGNOSTIC,     8, -4.306101744672e-02, 1.797693134862e+308, 0.0000e+00, 0.0000e+00, 
 2DIAGNOSTIC,     9, -4.302991737763e-02, 1.797693134862e+308, 0.0000e+00, 0.0000e+00, 
 2DIAGNOSTIC,    10, -4.302959446831e-02, 4.738109310771e-04, 0.0000e+00, 0.0000e+00, 
 2DIAGNOSTIC,    11, -4.302860145716e-02, 3.115125051483e-04, 0.0000e+00, 0.0000e+00, 
 2DIAGNOSTIC,    12, -4.300396858681e-02, 1.607326649785e-04, 0.0000e+00, 0.0000e+00, 
 2DIAGNOSTIC,    13, -4.300072377455e-02, 5.679268964311e-05, 0.0000e+00, 0.0000e+00, 
DIAGNOSTIC,Iteration,metricValue,convergenceValue,ITERATION_TIME_INDEX,SINCE_LAST
 2DIAGNOSTIC,     1, -3.718445651425e-02, 1.797693134862e+308, 0.0000e+00, 0.0000e+00, 
 2DIAGNOSTIC,     2, -3.719922848977e-02, 1.797693134862e+308, 0.0000e+00, 0.0000e+00, 
 2DIAGNOSTIC,     3, -3.721865255523e-02, 1.797693134862e+308, 0.0000e+00, 0.0000e+00, 
 2DIAGNOSTIC,     4, -3.721887936140e-02, 1.797693134862e+308, 0.0000e+00, 0.0000e+00, 
 2DIAGNOSTIC,     5, -3.720928280904e-02, 1.797693134862e+308, 0.0000e+00, 0.0000e+00, 
 2DIAGNOSTIC,     6, -3.723647536744e-02, 1.797693134862e+308, 0.0000e+00, 0.0000e+00, 
 2DIAGNOSTIC,     7, -3.721725443664e-02, 1.797693134862e+308, 0.0000e+00, 0.0000e+00, 
 2DIAGNOSTIC,     8, -3.720885913502e-02, 1.797693134862e+308, 0.0000e+00, 0.0000e+00, 
 2DIAGNOSTIC,     9, -3.723652459621e-02, 1.797693134862e+308, 0.0000e+00, 0.0000e+00, 
 2DIAGNOSTIC,    10, -3.724309529617e-02, 6.726329889176e-05, 0.0000e+00, 0.0000e+00, 
 2DIAGNOSTIC,    11, -3.733346566027e-02, 1.142469778940e-04, 0.0000e+00, 0.0000e+00, 
 2DIAGNOSTIC,    12, -3.735300194821e-02, 1.633497365034e-04, 0.0000e+00, 0.0000e+00, 
 2DIAGNOSTIC,    13, -3.737996496539e-02, 2.179890015233e-04, 0.0000e+00, 0.0000e+00, 
 2DIAGNOSTIC,    14, -3.738908763011e-02, 2.504974313579e-04, 0.0000e+00, 0.0000e+00, 
 2DIAGNOSTIC,    15, -3.745183594715e-02, 2.821359277836e-04, 0.0000e+00, 0.0000e+00, 
 2DIAGNOSTIC,    16, -3.746835023912e-02, 3.037848649577e-04, 0.0000e+00, 0.0000e+00, 
 2DIAGNOSTIC,    17, -3.746041275859e-02, 2.829226930315e-04, 0.0000e+00, 0.0000e+00, 
 2DIAGNOSTIC,    18, -3.747428056168e-02, 2.412516583193e-04, 0.0000e+00, 0.0000e+00, 
 2DIAGNOSTIC,    19, -3.750218963167e-02, 2.041291882931e-04, 0.0000e+00, 0.0000e+00, 
 2DIAGNOSTIC,    20, -3.748495262625e-02, 1.462361549312e-04, 0.0000e+00, 0.0000e+00, 
 2DIAGNOSTIC,    21, -3.750031114477e-02, 1.187778617478e-04, 0.0000e+00, 0.0000e+00, 
 2DIAGNOSTIC,    22, -3.750180721562e-02, 9.007585650563e-05, 0.0000e+00, 0.0000e+00, 
 2DIAGNOSTIC,    23, -3.749814346560e-02, 6.327572566655e-05, 0.0000e+00, 0.0000e+00, 
 2DIAGNOSTIC,    24, -3.751046644972e-02, 3.900242147261e-05, 0.0000e+00, 0.0000e+00, 
 2DIAGNOSTIC,    25, -3.752144089163e-02, 3.527928891749e-05, 0.0000e+00, 0.0000e+00, 
 2DIAGNOSTIC,    26, -3.751690833249e-02, 3.215173590395e-05, 0.0000e+00, 0.0000e+00, 
 2DIAGNOSTIC,    27, -3.751406735544e-02, 2.321076875015e-05, 0.0000e+00, 0.0000e+00, 
 2DIAGNOSTIC,    28, -3.751539215492e-02, 1.669823245373e-05, 0.0000e+00, 0.0000e+00, 
 2DIAGNOSTIC,    29, -3.750537524985e-02, 1.383648264031e-05, 0.0000e+00, 0.0000e+00, 
 2DIAGNOSTIC,    30, -3.750397200902e-02, 5.021364525293e-06, 0.0000e+00, 0.0000e+00, 
 2DIAGNOSTIC,    31, -3.752030804830e-02, 4.098691644368e-06, 0.0000e+00, 0.0000e+00, 
 2DIAGNOSTIC,    32, -3.752001852502e-02, 3.094999202626e-06, 0.0000e+00, 0.0000e+00, 
  Elapsed time (stage 0): 0.0000e+00


Total elapsed time: 0.0000e+00
Info [verificarlo]: loaded backend libinterflop_vprec.so
Info [interflop-vprec]: load backend with: 
Info [interflop-vprec]: precision-binary32 = 10
Info [interflop-vprec]: range-binary32 = 7
Info [interflop-vprec]: precision-binary64 = 10
Info [interflop-vprec]: range-binary64 = 7
Info [interflop-vprec]: mode = ob
Info [interflop-vprec]: error-mode = rel
Info [interflop-vprec]: max-abs-error-exponent = -1022
Info [interflop-vprec]: daz = false
Info [interflop-vprec]: ftz = false
Info [interflop-vprec]: 	instrument = none
Info [interflop-vprec]: 	prec-input-file = (null)
Info [interflop-vprec]: 	prec-output-file = (null)
Info [interflop-vprec]: 	prec-log-file = (null)
All_Command_lines_OK
Using double precision for computations.
=============================================================================
The composite transform comprises the following transforms (in order): 
  1. /home/mdugre/scratch/mri-registration-rp/datasets/ds004513/derivatives/mri-registration-rp/1111/antsRegistration-r7-p10/sub-s034/rigid_Composite.h5[0] (type = Euler3DTransform)
  2. /home/mdugre/scratch/mri-registration-rp/datasets/ds004513/derivatives/mri-registration-rp/1111/antsRegistration-r7-p10/sub-s034/rigid_Composite.h5[1] (type = Euler3DTransform)
  3. /home/mdugre/scratch/mri-registration-rp/datasets/ds004513/derivatives/mri-registration-rp/1111/antsRegistration-r7-p10/sub-s034/rigid_Composite.h5[2] (type = Euler3DTransform)
=============================================================================
  number of levels = 4
  fixed image: /templateflow/tpl-MNI152NLin2009cAsym/tpl-MNI152NLin2009cAsym_res-01_desc-brain_T1w.nii.gz
  moving image: /home/mdugre/scratch/mri-registration-rp/datasets/ds004513/derivatives/mri-registration-rp/antsBrainExtraction/sub-s034/BrainExtractionBrain.nii.gz
Dimension = 3
Number of stages = 1
Use histogram matching = false
Winsorize image intensities = true
  Lower quantile = 0.005
  Upper quantile = 0.995


Stage 1 State
   Image metric = MattesMI
     Fixed image = Image (0x3831490)
  RTTI typeinfo:   itk::Image<double, 3u>
  Reference Count: 2
  Modified Time: 1592
  Debug: Off
  Object Name: 
  Observers: 
    none
  Source: (none)
  Source output name: (none)
  Release Data: Off
  Data Released: False
  Global Release Data: Off
  PipelineMTime: 0
  UpdateMTime: 1203
  RealTimeStamp: 0 seconds 
  LargestPossibleRegion: 
    Dimension: 3
    Index: [0, 0, 0]
    Size: [193, 229, 193]
  BufferedRegion: 
    Dimension: 3
    Index: [0, 0, 0]
    Size: [193, 229, 193]
  RequestedRegion: 
    Dimension: 3
    Index: [0, 0, 0]
    Size: [193, 229, 193]
  Spacing: [1, 1, 1]
  Origin: [96, 132, -78]
  Direction: 
-1 0 0
0 -1 0
0 0 1

  IndexToPointMatrix: 
-1 0 0
0 -1 0
0 0 1

  PointToIndexMatrix: 
-1 0 0
0 -1 0
0 0 1

  Inverse Direction: 
-1 0 0
0 -1 0
0 0 1

  PixelContainer: 
    ImportImageContainer (0x383d420)
      RTTI typeinfo:   itk::ImportImageContainer<unsigned long, double>
      Reference Count: 1
      Modified Time: 1200
      Debug: Off
      Object Name: 
      Observers: 
        none
      Pointer: 0x1470cdbb2010
      Container manages memory: true
      Size: 8530021
      Capacity: 8530021

     Moving image = Image (0x38ecc90)
  RTTI typeinfo:   itk::Image<double, 3u>
  Reference Count: 2
  Modified Time: 1593
  Debug: Off
  Object Name: 
  Observers: 
    none
  Source: (none)
  Source output name: (none)
  Release Data: Off
  Data Released: False
  Global Release Data: Off
  PipelineMTime: 0
  UpdateMTime: 1590
  RealTimeStamp: 0 seconds 
  LargestPossibleRegion: 
    Dimension: 3
    Index: [0, 0, 0]
    Size: [160, 240, 256]
  BufferedRegion: 
    Dimension: 3
    Index: [0, 0, 0]
    Size: [160, 240, 256]
  RequestedRegion: 
    Dimension: 3
    Index: [0, 0, 0]
    Size: [160, 240, 256]
  Spacing: [1, 1, 1]
  Origin: [80.0625, 105.5, -130.75]
  Direction: 
-1 0 0.0191956
0 -1 0
0.0191956 0 1

  IndexToPointMatrix: 
-1 0 0.0191956
0 -1 0
0.0191956 0 1

  PointToIndexMatrix: 
-1 0 0.0191956
0 -1 0
0.0191956 0 1

  Inverse Direction: 
-1 0 0.0191956
0 -1 0
0.0191956 0 1

  PixelContainer: 
    ImportImageContainer (0x38ba9f0)
      RTTI typeinfo:   itk::ImportImageContainer<unsigned long, double>
      Reference Count: 1
      Modified Time: 1587
      Debug: Off
      Object Name: 
      Observers: 
        none
      Pointer: 0x1470c90b1010
      Container manages memory: true
      Size: 9830400
      Capacity: 9830400

     Weighting = 1
     Sampling strategy = regular
     Number of bins = 32
     Radius = 4
     Sampling percentage  = 0.25
   Transform = Affine
     Gradient step = 0.1
     Update field sigma (voxel space) = 0
     Total field sigma (voxel space) = 0
     Update field time sigma = 0
     Total field time sigma  = 0
     Number of time indices = 0
     Number of time point samples = 0
Registration using 1 total stages.

Stage 0
  iterations = 1000x500x250x100
  convergence threshold = 1e-06
  convergence window size = 10
  number of levels = 4
  using the Mattes MI metric (number of bins = 32, weight = 1, use gradient filter = 0)
  preprocessing:  winsorizing the image intensities
  Shrink factors (level 1 out of 4): [8, 8, 8]
  Shrink factors (level 2 out of 4): [4, 4, 4]
  Shrink factors (level 3 out of 4): [2, 2, 2]
  Shrink factors (level 4 out of 4): [1, 1, 1]
  smoothing sigmas per level: [3, 2, 1, 0]
  regular sampling (percentage = 0.25)

*** Running AffineTransform registration ***

DIAGNOSTIC,Iteration,metricValue,convergenceValue,ITERATION_TIME_INDEX,SINCE_LAST
 2DIAGNOSTIC,     1, -8.533195279166e-02, 1.797693134862e+308, 0.0000e+00, 0.0000e+00, 
 2DIAGNOSTIC,     2, -8.554828150433e-02, 1.797693134862e+308, 0.0000e+00, 0.0000e+00, 
 2DIAGNOSTIC,     3, -8.633128104698e-02, 1.797693134862e+308, 0.0000e+00, 0.0000e+00, 
 2DIAGNOSTIC,     4, -8.639669247714e-02, 1.797693134862e+308, 0.0000e+00, 0.0000e+00, 
 2DIAGNOSTIC,     5, -8.653940161911e-02, 1.797693134862e+308, 0.0000e+00, 0.0000e+00, 
 2DIAGNOSTIC,     6, -8.695543876236e-02, 1.797693134862e+308, 0.0000e+00, 0.0000e+00, 
 2DIAGNOSTIC,     7, -8.698645780872e-02, 1.797693134862e+308, 0.0000e+00, 0.0000e+00, 
 2DIAGNOSTIC,     8, -8.701554824130e-02, 1.797693134862e+308, 0.0000e+00, 0.0000e+00, 
 2DIAGNOSTIC,     9, -8.722514915555e-02, 1.797693134862e+308, 0.0000e+00, 0.0000e+00, 
 2DIAGNOSTIC,    10, -8.720047749809e-02, 1.365435163207e-03, 0.0000e+00, 0.0000e+00, 
 2DIAGNOSTIC,    11, -8.720576412283e-02, 9.624214546643e-04, 0.0000e+00, 0.0000e+00, 
 2DIAGNOSTIC,    12, -8.715096998070e-02, 5.798428507631e-04, 0.0000e+00, 0.0000e+00, 
 2DIAGNOSTIC,    13, -8.700592451161e-02, 3.666898397293e-04, 0.0000e+00, 0.0000e+00, 
 2DIAGNOSTIC,    14, -8.699562614361e-02, 1.640377063365e-04, 0.0000e+00, 0.0000e+00, 
DIAGNOSTIC,Iteration,metricValue,convergenceValue,ITERATION_TIME_INDEX,SINCE_LAST
 2DIAGNOSTIC,     1, -5.918105403581e-02, 1.797693134862e+308, 0.0000e+00, 0.0000e+00, 
 2DIAGNOSTIC,     2, -5.918685409633e-02, 1.797693134862e+308, 0.0000e+00, 0.0000e+00, 
 2DIAGNOSTIC,     3, -5.926619526160e-02, 1.797693134862e+308, 0.0000e+00, 0.0000e+00, 
 2DIAGNOSTIC,     4, -5.933448714957e-02, 1.797693134862e+308, 0.0000e+00, 0.0000e+00, 
 2DIAGNOSTIC,     5, -5.937807458025e-02, 1.797693134862e+308, 0.0000e+00, 0.0000e+00, 
 2DIAGNOSTIC,     6, -5.947126447120e-02, 1.797693134862e+308, 0.0000e+00, 0.0000e+00, 
 2DIAGNOSTIC,     7, -5.968044384600e-02, 1.797693134862e+308, 0.0000e+00, 0.0000e+00, 
 2DIAGNOSTIC,     8, -5.983677096349e-02, 1.797693134862e+308, 0.0000e+00, 0.0000e+00, 
 2DIAGNOSTIC,     9, -5.985478808492e-02, 1.797693134862e+308, 0.0000e+00, 0.0000e+00, 
 2DIAGNOSTIC,    10, -5.985379397983e-02, 8.759460167953e-04, 0.0000e+00, 0.0000e+00, 
 2DIAGNOSTIC,    11, -5.985080763043e-02, 7.774698576234e-04, 0.0000e+00, 0.0000e+00, 
 2DIAGNOSTIC,    12, -5.983022730839e-02, 6.180059271418e-04, 0.0000e+00, 0.0000e+00, 
 2DIAGNOSTIC,    13, -5.991614414050e-02, 4.869315213372e-04, 0.0000e+00, 0.0000e+00, 
 2DIAGNOSTIC,    14, -5.992971233755e-02, 3.582206408508e-04, 0.0000e+00, 0.0000e+00, 
 2DIAGNOSTIC,    15, -5.994694542999e-02, 2.342489141219e-04, 0.0000e+00, 0.0000e+00, 
 2DIAGNOSTIC,    16, -5.991639110277e-02, 1.222449078295e-04, 0.0000e+00, 0.0000e+00, 
 2DIAGNOSTIC,    17, -5.987389838941e-02, 5.811862474150e-05, 0.0000e+00, 0.0000e+00, 
 2DIAGNOSTIC,    18, -5.988671664168e-02, 4.028603458824e-05, 0.0000e+00, 0.0000e+00, 
 2DIAGNOSTIC,    19, -5.986207184377e-02, 1.836451802167e-05, 0.0000e+00, 0.0000e+00, 
DIAGNOSTIC,Iteration,metricValue,convergenceValue,ITERATION_TIME_INDEX,SINCE_LAST
 2DIAGNOSTIC,     1, -4.330236769387e-02, 1.797693134862e+308, 0.0000e+00, 0.0000e+00, 
 2DIAGNOSTIC,     2, -4.330877871649e-02, 1.797693134862e+308, 0.0000e+00, 0.0000e+00, 
 2DIAGNOSTIC,     3, -4.330730873760e-02, 1.797693134862e+308, 0.0000e+00, 0.0000e+00, 
 2DIAGNOSTIC,     4, -4.334850006687e-02, 1.797693134862e+308, 0.0000e+00, 0.0000e+00, 
 2DIAGNOSTIC,     5, -4.347624622693e-02, 1.797693134862e+308, 0.0000e+00, 0.0000e+00, 
 2DIAGNOSTIC,     6, -4.352718783636e-02, 1.797693134862e+308, 0.0000e+00, 0.0000e+00, 
 2DIAGNOSTIC,     7, -4.364425356002e-02, 1.797693134862e+308, 0.0000e+00, 0.0000e+00, 
 2DIAGNOSTIC,     8, -4.374421548032e-02, 1.797693134862e+308, 0.0000e+00, 0.0000e+00, 
 2DIAGNOSTIC,     9, -4.389518587498e-02, 1.797693134862e+308, 0.0000e+00, 0.0000e+00, 
 2DIAGNOSTIC,    10, -4.406305030868e-02, 1.126336862041e-03, 0.0000e+00, 0.0000e+00, 
 2DIAGNOSTIC,    11, -4.433632949514e-02, 1.312405608217e-03, 0.0000e+00, 0.0000e+00, 
 2DIAGNOSTIC,    12, -4.485869685279e-02, 1.632740983905e-03, 0.0000e+00, 0.0000e+00, 
 2DIAGNOSTIC,    13, -4.528328247443e-02, 1.959946641153e-03, 0.0000e+00, 0.0000e+00, 
 2DIAGNOSTIC,    14, -4.610310079521e-02, 2.453009950809e-03, 0.0000e+00, 0.0000e+00, 
 2DIAGNOSTIC,    15, -4.686988168919e-02, 3.029111367275e-03, 0.0000e+00, 0.0000e+00, 
 2DIAGNOSTIC,    16, -5.142443330044e-02, 5.059175763717e-03, 0.0000e+00, 0.0000e+00, 
 2DIAGNOSTIC,    17, -6.436675047803e-02, 1.097229895406e-02, 0.0000e+00, 0.0000e+00, 
 2DIAGNOSTIC,    18, -7.547341412669e-02, 1.842030349747e-02, 0.0000e+00, 0.0000e+00, 
 2DIAGNOSTIC,    19, -9.163793695305e-02, 2.748344982298e-02, 0.0000e+00, 0.0000e+00, 
 2DIAGNOSTIC,    20, -9.795521553420e-02, 3.402390605502e-02, 0.0000e+00, 0.0000e+00, 
 2DIAGNOSTIC,    21, -9.778028901668e-02, 3.644807502564e-02, 0.0000e+00, 0.0000e+00, 
 2DIAGNOSTIC,    22, -9.790734014492e-02, 3.536829286520e-02, 0.0000e+00, 0.0000e+00, 
 2DIAGNOSTIC,    23, -9.788885049826e-02, 3.129797889143e-02, 0.0000e+00, 0.0000e+00, 
 2DIAGNOSTIC,    24, -9.787744118258e-02, 2.507083443788e-02, 0.0000e+00, 0.0000e+00, 
 2DIAGNOSTIC,    25, -9.786745868483e-02, 1.749175842523e-02, 0.0000e+00, 0.0000e+00, 
 2DIAGNOSTIC,    26, -9.785165084681e-02, 1.000575809863e-02, 0.0000e+00, 0.0000e+00, 
 2DIAGNOSTIC,    27, -9.785225203484e-02, 4.568272255908e-03, 0.0000e+00, 0.0000e+00, 
 2DIAGNOSTIC,    28, -9.785493631120e-02, 9.580012547079e-04, 0.0000e+00, 0.0000e+00, 
DIAGNOSTIC,Iteration,metricValue,convergenceValue,ITERATION_TIME_INDEX,SINCE_LAST
 2DIAGNOSTIC,     1, -8.966753146571e-02, 1.797693134862e+308, 0.0000e+00, 0.0000e+00, 
 2DIAGNOSTIC,     2, -8.971727189966e-02, 1.797693134862e+308, 0.0000e+00, 0.0000e+00, 
 2DIAGNOSTIC,     3, -8.971993655406e-02, 1.797693134862e+308, 0.0000e+00, 0.0000e+00, 
 2DIAGNOSTIC,     4, -8.971754166907e-02, 1.797693134862e+308, 0.0000e+00, 0.0000e+00, 
 2DIAGNOSTIC,     5, -8.971672825328e-02, 1.797693134862e+308, 0.0000e+00, 0.0000e+00, 
 2DIAGNOSTIC,     6, -8.971534253522e-02, 1.797693134862e+308, 0.0000e+00, 0.0000e+00, 
 2DIAGNOSTIC,     7, -8.971399267910e-02, 1.797693134862e+308, 0.0000e+00, 0.0000e+00, 
 2DIAGNOSTIC,     8, -8.971311433408e-02, 1.797693134862e+308, 0.0000e+00, 0.0000e+00, 
 2DIAGNOSTIC,     9, -8.971280931859e-02, 1.797693134862e+308, 0.0000e+00, 0.0000e+00, 
 2DIAGNOSTIC,    10, -8.971197353454e-02, 1.072414313263e-05, 0.0000e+00, 0.0000e+00, 
  Elapsed time (stage 0): 0.0000e+00


Total elapsed time: 0.0000e+00
Info [verificarlo]: loaded backend libinterflop_vprec.so
Info [interflop-vprec]: load backend with: 
Info [interflop-vprec]: precision-binary32 = 10
Info [interflop-vprec]: range-binary32 = 7
Info [interflop-vprec]: precision-binary64 = 10
Info [interflop-vprec]: range-binary64 = 7
Info [interflop-vprec]: mode = ob
Info [interflop-vprec]: error-mode = rel
Info [interflop-vprec]: max-abs-error-exponent = -1022
Info [interflop-vprec]: daz = false
Info [interflop-vprec]: ftz = false
Info [interflop-vprec]: 	instrument = none
Info [interflop-vprec]: 	prec-input-file = (null)
Info [interflop-vprec]: 	prec-output-file = (null)
Info [interflop-vprec]: 	prec-log-file = (null)
All_Command_lines_OK
Using double precision for computations.
=============================================================================
The composite transform comprises the following transforms (in order): 
  1. /home/mdugre/scratch/mri-registration-rp/datasets/ds004513/derivatives/mri-registration-rp/1111/antsRegistration-r7-p10/sub-s034/affine_Composite.h5[0] (type = Euler3DTransform)
  2. /home/mdugre/scratch/mri-registration-rp/datasets/ds004513/derivatives/mri-registration-rp/1111/antsRegistration-r7-p10/sub-s034/affine_Composite.h5[1] (type = Euler3DTransform)
  3. /home/mdugre/scratch/mri-registration-rp/datasets/ds004513/derivatives/mri-registration-rp/1111/antsRegistration-r7-p10/sub-s034/affine_Composite.h5[2] (type = Euler3DTransform)
  4. /home/mdugre/scratch/mri-registration-rp/datasets/ds004513/derivatives/mri-registration-rp/1111/antsRegistration-r7-p10/sub-s034/affine_Composite.h5[3] (type = AffineTransform)
=============================================================================
  number of levels = 4
  fixed image: /templateflow/tpl-MNI152NLin2009cAsym/tpl-MNI152NLin2009cAsym_res-01_desc-brain_T1w.nii.gz
  moving image: /home/mdugre/scratch/mri-registration-rp/datasets/ds004513/derivatives/mri-registration-rp/antsBrainExtraction/sub-s034/BrainExtractionBrain.nii.gz
Dimension = 3
Number of stages = 1
Use histogram matching = false
Winsorize image intensities = true
  Lower quantile = 0.005
  Upper quantile = 0.995


Stage 1 State
   Image metric = CC
     Fixed image = Image (0x39c96f0)
  RTTI typeinfo:   itk::Image<double, 3u>
  Reference Count: 2
  Modified Time: 1606
  Debug: Off
  Object Name: 
  Observers: 
    none
  Source: (none)
  Source output name: (none)
  Release Data: Off
  Data Released: False
  Global Release Data: Off
  PipelineMTime: 0
  UpdateMTime: 1217
  RealTimeStamp: 0 seconds 
  LargestPossibleRegion: 
    Dimension: 3
    Index: [0, 0, 0]
    Size: [193, 229, 193]
  BufferedRegion: 
    Dimension: 3
    Index: [0, 0, 0]
    Size: [193, 229, 193]
  RequestedRegion: 
    Dimension: 3
    Index: [0, 0, 0]
    Size: [193, 229, 193]
  Spacing: [1, 1, 1]
  Origin: [96, 132, -78]
  Direction: 
-1 0 0
0 -1 0
0 0 1

  IndexToPointMatrix: 
-1 0 0
0 -1 0
0 0 1

  PointToIndexMatrix: 
-1 0 0
0 -1 0
0 0 1

  Inverse Direction: 
-1 0 0
0 -1 0
0 0 1

  PixelContainer: 
    ImportImageContainer (0x3a97870)
      RTTI typeinfo:   itk::ImportImageContainer<unsigned long, double>
      Reference Count: 1
      Modified Time: 1214
      Debug: Off
      Object Name: 
      Observers: 
        none
      Pointer: 0x14b35c82b010
      Container manages memory: true
      Size: 8530021
      Capacity: 8530021

     Moving image = Image (0x3a85160)
  RTTI typeinfo:   itk::Image<double, 3u>
  Reference Count: 2
  Modified Time: 1607
  Debug: Off
  Object Name: 
  Observers: 
    none
  Source: (none)
  Source output name: (none)
  Release Data: Off
  Data Released: False
  Global Release Data: Off
  PipelineMTime: 0
  UpdateMTime: 1604
  RealTimeStamp: 0 seconds 
  LargestPossibleRegion: 
    Dimension: 3
    Index: [0, 0, 0]
    Size: [160, 240, 256]
  BufferedRegion: 
    Dimension: 3
    Index: [0, 0, 0]
    Size: [160, 240, 256]
  RequestedRegion: 
    Dimension: 3
    Index: [0, 0, 0]
    Size: [160, 240, 256]
  Spacing: [1, 1, 1]
  Origin: [80.0625, 105.5, -130.75]
  Direction: 
-1 0 0.0191956
0 -1 0
0.0191956 0 1

  IndexToPointMatrix: 
-1 0 0.0191956
0 -1 0
0.0191956 0 1

  PointToIndexMatrix: 
-1 0 0.0191956
0 -1 0
0.0191956 0 1

  Inverse Direction: 
-1 0 0.0191956
0 -1 0
0.0191956 0 1

  PixelContainer: 
    ImportImageContainer (0x3aa7150)
      RTTI typeinfo:   itk::ImportImageContainer<unsigned long, double>
      Reference Count: 1
      Modified Time: 1601
      Debug: Off
      Object Name: 
      Observers: 
        none
      Pointer: 0x14b357d2a010
      Container manages memory: true
      Size: 9830400
      Capacity: 9830400

     Weighting = 1
     Sampling strategy = none
     Number of bins = 32
     Radius = 4
     Sampling percentage  = 1
   Transform = SyN
     Gradient step = 0.1
     Update field sigma (voxel space) = 3
     Total field sigma (voxel space) = 0
     Update field time sigma = 0
     Total field time sigma  = 0
     Number of time indices = 0
     Number of time point samples = 0
Registration using 1 total stages.

Stage 0
  iterations = 100x70x50x20
  convergence threshold = 1e-06
  convergence window size = 10
  number of levels = 4
  using the CC metric (radius = 4, weight = 1, use gradient filter = 0)
  preprocessing:  winsorizing the image intensities
  Shrink factors (level 1 out of 4): [8, 8, 8]
  Shrink factors (level 2 out of 4): [4, 4, 4]
  Shrink factors (level 3 out of 4): [2, 2, 2]
  Shrink factors (level 4 out of 4): [1, 1, 1]
  smoothing sigmas per level: [3, 2, 1, 0]
  Using default NONE metricSamplingStrategy 

*** Running SyN registration (varianceForUpdateField = 3, varianceForTotalField = 0) ***

XXDIAGNOSTIC,Iteration,metricValue,convergenceValue,ITERATION_TIME_INDEX,SINCE_LAST
 1DIAGNOSTIC,     1, -6.367187500000e-01, 1.797693134862e+308, 0.0000e+00, 0.0000e+00, 
 1DIAGNOSTIC,     2, -6.372070312500e-01, 1.797693134862e+308, 0.0000e+00, 0.0000e+00, 
 1DIAGNOSTIC,     3, -6.376953125000e-01, 1.797693134862e+308, 0.0000e+00, 0.0000e+00, 
 1DIAGNOSTIC,     4, -6.381835937500e-01, 1.797693134862e+308, 0.0000e+00, 0.0000e+00, 
 1DIAGNOSTIC,     5, -6.376953125000e-01, 1.797693134862e+308, 0.0000e+00, 0.0000e+00, 
 1DIAGNOSTIC,     6, -6.381835937500e-01, 1.797693134862e+308, 0.0000e+00, 0.0000e+00, 
 1DIAGNOSTIC,     7, -6.381835937500e-01, 1.797693134862e+308, 0.0000e+00, 0.0000e+00, 
 1DIAGNOSTIC,     8, -6.386718750000e-01, 1.797693134862e+308, 0.0000e+00, 0.0000e+00, 
 1DIAGNOSTIC,     9, -6.386718750000e-01, 1.797693134862e+308, 0.0000e+00, 0.0000e+00, 
 1DIAGNOSTIC,    10, -6.386718750000e-01, 1.781770669599e-04, 0.0000e+00, 0.0000e+00, 
 1DIAGNOSTIC,    11, -6.381835937500e-01, 1.064360181715e-04, 0.0000e+00, 0.0000e+00, 
 1DIAGNOSTIC,    12, -6.381835937500e-01, 5.505055857634e-05, 0.0000e+00, 0.0000e+00, 
 1DIAGNOSTIC,    13, -6.381835937500e-01, 2.241517245187e-05, 0.0000e+00, 0.0000e+00, 
 1DIAGNOSTIC,    14, -6.386718750000e-01, 2.382070144058e-05, 0.0000e+00, 0.0000e+00, 
 1DIAGNOSTIC,    15, -6.381835937500e-01, -6.694230075280e-06, 0.0000e+00, 0.0000e+00, 
XXDIAGNOSTIC,Iteration,metricValue,convergenceValue,ITERATION_TIME_INDEX,SINCE_LAST
 1DIAGNOSTIC,     1, -8.173828125000e-01, 1.797693134862e+308, 0.0000e+00, 0.0000e+00, 
 1DIAGNOSTIC,     2, -8.173828125000e-01, 1.797693134862e+308, 0.0000e+00, 0.0000e+00, 
 1DIAGNOSTIC,     3, -8.173828125000e-01, 1.797693134862e+308, 0.0000e+00, 0.0000e+00, 
 1DIAGNOSTIC,     4, -8.178710937500e-01, 1.797693134862e+308, 0.0000e+00, 0.0000e+00, 
 1DIAGNOSTIC,     5, -8.178710937500e-01, 1.797693134862e+308, 0.0000e+00, 0.0000e+00, 
 1DIAGNOSTIC,     6, -8.178710937500e-01, 1.797693134862e+308, 0.0000e+00, 0.0000e+00, 
 1DIAGNOSTIC,     7, -8.178710937500e-01, 1.797693134862e+308, 0.0000e+00, 0.0000e+00, 
 1DIAGNOSTIC,     8, -8.178710937500e-01, 1.797693134862e+308, 0.0000e+00, 0.0000e+00, 
 1DIAGNOSTIC,     9, -8.173828125000e-01, 1.797693134862e+308, 0.0000e+00, 0.0000e+00, 
 1DIAGNOSTIC,    10, -8.173828125000e-01, 1.191659120123e-05, 0.0000e+00, 0.0000e+00, 
 1DIAGNOSTIC,    11, -8.173828125000e-01, -1.084660493297e-05, 0.0000e+00, 0.0000e+00, 
XXDIAGNOSTIC,Iteration,metricValue,convergenceValue,ITERATION_TIME_INDEX,SINCE_LAST
 1DIAGNOSTIC,     1, -9.404296875000e-01, 1.797693134862e+308, 0.0000e+00, 0.0000e+00, 
 1DIAGNOSTIC,     2, -9.404296875000e-01, 1.797693134862e+308, 0.0000e+00, 0.0000e+00, 
 1DIAGNOSTIC,     3, -9.409179687500e-01, 1.797693134862e+308, 0.0000e+00, 0.0000e+00, 
 1DIAGNOSTIC,     4, -9.409179687500e-01, 1.797693134862e+308, 0.0000e+00, 0.0000e+00, 
 1DIAGNOSTIC,     5, -9.409179687500e-01, 1.797693134862e+308, 0.0000e+00, 0.0000e+00, 
 1DIAGNOSTIC,     6, -9.409179687500e-01, 1.797693134862e+308, 0.0000e+00, 0.0000e+00, 
 1DIAGNOSTIC,     7, -9.409179687500e-01, 1.797693134862e+308, 0.0000e+00, 0.0000e+00, 
 1DIAGNOSTIC,     8, -9.409179687500e-01, 1.797693134862e+308, 0.0000e+00, 0.0000e+00, 
 1DIAGNOSTIC,     9, -9.409179687500e-01, 1.797693134862e+308, 0.0000e+00, 0.0000e+00, 
 1DIAGNOSTIC,    10, -9.409179687500e-01, 2.762914336996e-05, 0.0000e+00, 0.0000e+00, 
 1DIAGNOSTIC,    11, -9.409179687500e-01, 1.340500145233e-05, 0.0000e+00, 0.0000e+00, 
 1DIAGNOSTIC,    12, -9.409179687500e-01, -5.980195907918e-09, 0.0000e+00, 0.0000e+00, 
XXDIAGNOSTIC,Iteration,metricValue,convergenceValue,ITERATION_TIME_INDEX,SINCE_LAST
 1DIAGNOSTIC,     1, -9.887695312500e-01, 1.797693134862e+308, 0.0000e+00, 0.0000e+00, 
 1DIAGNOSTIC,     2, -9.887695312500e-01, 1.797693134862e+308, 0.0000e+00, 0.0000e+00, 
 1DIAGNOSTIC,     3, -9.892578125000e-01, 1.797693134862e+308, 0.0000e+00, 0.0000e+00, 
 1DIAGNOSTIC,     4, -9.892578125000e-01, 1.797693134862e+308, 0.0000e+00, 0.0000e+00, 
 1DIAGNOSTIC,     5, -9.892578125000e-01, 1.797693134862e+308, 0.0000e+00, 0.0000e+00, 
 1DIAGNOSTIC,     6, -9.892578125000e-01, 1.797693134862e+308, 0.0000e+00, 0.0000e+00, 
 1DIAGNOSTIC,     7, -9.892578125000e-01, 1.797693134862e+308, 0.0000e+00, 0.0000e+00, 
 1DIAGNOSTIC,     8, -9.892578125000e-01, 1.797693134862e+308, 0.0000e+00, 0.0000e+00, 
 1DIAGNOSTIC,     9, -9.892578125000e-01, 1.797693134862e+308, 0.0000e+00, 0.0000e+00, 
 1DIAGNOSTIC,    10, -9.892578125000e-01, 2.627856800247e-05, 0.0000e+00, 0.0000e+00, 
 1DIAGNOSTIC,    11, -9.892578125000e-01, 1.274959172158e-05, 0.0000e+00, 0.0000e+00, 
 1DIAGNOSTIC,    12, -9.892578125000e-01, -5.980170636466e-09, 0.0000e+00, 0.0000e+00, 
  Elapsed time (stage 0): 0


Total elapsed time: 0
