
##########################
# Experiment information #
##########################

EXPERIMENT_NAME: antsRegistration-r8-p12
VFC_BACKENDS: libinterflop_vprec.so --range-binary32=8 --precision-binary32=12 --range-binary64=8 --precision-binary64=12

SIF_IMG: /home/mdugre/projects/rrg-glatard/mdugre/containers/ants-vprec-no_metrics.simg

SUBJECT_ID: s032
INPUT_IMG: /home/mdugre/scratch/mri-registration-rp/datasets/ds004513/derivatives/mri-registration-rp/antsBrainExtraction/sub-s032/BrainExtractionBrain.nii.gz
OUTPUT_DIR: /home/mdugre/scratch/mri-registration-rp/datasets/ds004513/derivatives/mri-registration-rp/1111/antsRegistration-r8-p12/sub-s032

FIXED_IMG: /templateflow/tpl-MNI152NLin2009cAsym/tpl-MNI152NLin2009cAsym_res-01_desc-brain_T1w.nii.gz
DATA_DIR: /home/mdugre/scratch/mri-registration-rp/datasets/ds004513
TEMPLATEFLOW_DIR: /home/mdugre/projects/rrg-glatard/mdugre/templateflow
ITK_GLOBAL_DEFAULT_NUMBER_OF_THREADS: 16
##########################

Info [verificarlo]: loaded backend libinterflop_vprec.so
Info [interflop-vprec]: load backend with: 
Info [interflop-vprec]: precision-binary32 = 12
Info [interflop-vprec]: range-binary32 = 8
Info [interflop-vprec]: precision-binary64 = 12
Info [interflop-vprec]: range-binary64 = 8
Info [interflop-vprec]: mode = ob
Info [interflop-vprec]: error-mode = rel
Info [interflop-vprec]: max-abs-error-exponent = -1022
Info [interflop-vprec]: daz = false
Info [interflop-vprec]: ftz = false
Info [interflop-vprec]: 	instrument = none
Info [interflop-vprec]: 	prec-input-file = (null)
Info [interflop-vprec]: 	prec-output-file = (null)
Info [interflop-vprec]: 	prec-log-file = (null)
All_Command_lines_OK
Using double precision for computations.
=============================================================================
The composite transform comprises the following transforms (in order): 
  1. Center of mass alignment using fixed image: /templateflow/tpl-MNI152NLin2009cAsym/tpl-MNI152NLin2009cAsym_res-01_desc-brain_T1w.nii.gz and moving image: /home/mdugre/scratch/mri-registration-rp/datasets/ds004513/derivatives/mri-registration-rp/antsBrainExtraction/sub-s032/BrainExtractionBrain.nii.gz (type = Euler3DTransform)
=============================================================================
  number of levels = 1
  fixed image: /templateflow/tpl-MNI152NLin2009cAsym/tpl-MNI152NLin2009cAsym_res-01_desc-brain_T1w.nii.gz
  moving image: /home/mdugre/scratch/mri-registration-rp/datasets/ds004513/derivatives/mri-registration-rp/antsBrainExtraction/sub-s032/BrainExtractionBrain.nii.gz
Dimension = 3
Number of stages = 1
Use histogram matching = false
Winsorize image intensities = true
  Lower quantile = 0.005
  Upper quantile = 0.995


Stage 1 State
   Image metric = MattesMI
     Fixed image = Image (0x3d1cb20)
  RTTI typeinfo:   itk::Image<double, 3u>
  Reference Count: 2
  Modified Time: 2330
  Debug: Off
  Object Name: 
  Observers: 
    none
  Source: (none)
  Source output name: (none)
  Release Data: Off
  Data Released: False
  Global Release Data: Off
  PipelineMTime: 0
  UpdateMTime: 1941
  RealTimeStamp: 0 seconds 
  LargestPossibleRegion: 
    Dimension: 3
    Index: [0, 0, 0]
    Size: [193, 229, 193]
  BufferedRegion: 
    Dimension: 3
    Index: [0, 0, 0]
    Size: [193, 229, 193]
  RequestedRegion: 
    Dimension: 3
    Index: [0, 0, 0]
    Size: [193, 229, 193]
  Spacing: [1, 1, 1]
  Origin: [96, 132, -78]
  Direction: 
-1 0 0
0 -1 0
0 0 1

  IndexToPointMatrix: 
-1 0 0
0 -1 0
0 0 1

  PointToIndexMatrix: 
-1 0 0
0 -1 0
0 0 1

  Inverse Direction: 
-1 0 0
0 -1 0
0 0 1

  PixelContainer: 
    ImportImageContainer (0x3dc85d0)
      RTTI typeinfo:   itk::ImportImageContainer<unsigned long, double>
      Reference Count: 1
      Modified Time: 1938
      Debug: Off
      Object Name: 
      Observers: 
        none
      Pointer: 0x14c909bf1010
      Container manages memory: true
      Size: 8530021
      Capacity: 8530021

     Moving image = Image (0x3d86100)
  RTTI typeinfo:   itk::Image<double, 3u>
  Reference Count: 2
  Modified Time: 2331
  Debug: Off
  Object Name: 
  Observers: 
    none
  Source: (none)
  Source output name: (none)
  Release Data: Off
  Data Released: False
  Global Release Data: Off
  PipelineMTime: 0
  UpdateMTime: 2328
  RealTimeStamp: 0 seconds 
  LargestPossibleRegion: 
    Dimension: 3
    Index: [0, 0, 0]
    Size: [160, 240, 256]
  BufferedRegion: 
    Dimension: 3
    Index: [0, 0, 0]
    Size: [160, 240, 256]
  RequestedRegion: 
    Dimension: 3
    Index: [0, 0, 0]
    Size: [160, 240, 256]
  Spacing: [1, 1, 1]
  Origin: [73.2812, 104.703, -131.188]
  Direction: 
-0.997559 0.0645599 -0.0278053
-0.0645447 -0.997925 -0.00179863
-0.0278702 1.19209e-07 0.999634

  IndexToPointMatrix: 
-0.997559 0.0645599 -0.0278053
-0.0645447 -0.997925 -0.00179863
-0.0278702 1.19209e-07 0.999634

  PointToIndexMatrix: 
-0.997559 -0.0645447 -0.0278702
0.0645752 -0.997925 -7.55787e-05
-0.0278053 -0.00187492 0.999634

  Inverse Direction: 
-0.997559 -0.0645447 -0.0278702
0.0645752 -0.997925 -7.55787e-05
-0.0278053 -0.00187492 0.999634

  PixelContainer: 
    ImportImageContainer (0x3d46010)
      RTTI typeinfo:   itk::ImportImageContainer<unsigned long, double>
      Reference Count: 1
      Modified Time: 2325
      Debug: Off
      Object Name: 
      Observers: 
        none
      Pointer: 0x14c9050f0010
      Container manages memory: true
      Size: 9830400
      Capacity: 9830400

     Weighting = 1
     Sampling strategy = regular
     Number of bins = 32
     Radius = 4
     Sampling percentage  = 0.25
   Transform = Rigid
     Gradient step = 0.1
     Update field sigma (voxel space) = 0
     Total field sigma (voxel space) = 0
     Update field time sigma = 0
     Total field time sigma  = 0
     Number of time indices = 0
     Number of time point samples = 0
Registration using 1 total stages.

Stage 0
  iterations = 0
  convergence threshold = 1e-06
  convergence window size = 10
  number of levels = 1
  using the Mattes MI metric (number of bins = 32, weight = 1, use gradient filter = 0)
  preprocessing:  winsorizing the image intensities
  Shrink factors (level 1 out of 1): [1, 1, 1]
  smoothing sigmas per level: [0]
  regular sampling (percentage = 0.25)

*** Running Euler3DTransform registration ***

  Elapsed time (stage 0): 0


Total elapsed time: 0
Info [verificarlo]: loaded backend libinterflop_vprec.so
Info [interflop-vprec]: load backend with: 
Info [interflop-vprec]: precision-binary32 = 12
Info [interflop-vprec]: range-binary32 = 8
Info [interflop-vprec]: precision-binary64 = 12
Info [interflop-vprec]: range-binary64 = 8
Info [interflop-vprec]: mode = ob
Info [interflop-vprec]: error-mode = rel
Info [interflop-vprec]: max-abs-error-exponent = -1022
Info [interflop-vprec]: daz = false
Info [interflop-vprec]: ftz = false
Info [interflop-vprec]: 	instrument = none
Info [interflop-vprec]: 	prec-input-file = (null)
Info [interflop-vprec]: 	prec-output-file = (null)
Info [interflop-vprec]: 	prec-log-file = (null)
All_Command_lines_OK
Using double precision for computations.
=============================================================================
The composite transform comprises the following transforms (in order): 
  1. /home/mdugre/scratch/mri-registration-rp/datasets/ds004513/derivatives/mri-registration-rp/1111/antsRegistration-r8-p12/sub-s032/align_Composite.h5[0] (type = Euler3DTransform)
  2. /home/mdugre/scratch/mri-registration-rp/datasets/ds004513/derivatives/mri-registration-rp/1111/antsRegistration-r8-p12/sub-s032/align_Composite.h5[1] (type = Euler3DTransform)
=============================================================================
  number of levels = 4
  fixed image: /templateflow/tpl-MNI152NLin2009cAsym/tpl-MNI152NLin2009cAsym_res-01_desc-brain_T1w.nii.gz
  moving image: /home/mdugre/scratch/mri-registration-rp/datasets/ds004513/derivatives/mri-registration-rp/antsBrainExtraction/sub-s032/BrainExtractionBrain.nii.gz
Dimension = 3
Number of stages = 1
Use histogram matching = false
Winsorize image intensities = true
  Lower quantile = 0.005
  Upper quantile = 0.995


Stage 1 State
   Image metric = MattesMI
     Fixed image = Image (0x44ca1e0)
  RTTI typeinfo:   itk::Image<double, 3u>
  Reference Count: 2
  Modified Time: 1578
  Debug: Off
  Object Name: 
  Observers: 
    none
  Source: (none)
  Source output name: (none)
  Release Data: Off
  Data Released: False
  Global Release Data: Off
  PipelineMTime: 0
  UpdateMTime: 1189
  RealTimeStamp: 0 seconds 
  LargestPossibleRegion: 
    Dimension: 3
    Index: [0, 0, 0]
    Size: [193, 229, 193]
  BufferedRegion: 
    Dimension: 3
    Index: [0, 0, 0]
    Size: [193, 229, 193]
  RequestedRegion: 
    Dimension: 3
    Index: [0, 0, 0]
    Size: [193, 229, 193]
  Spacing: [1, 1, 1]
  Origin: [96, 132, -78]
  Direction: 
-1 0 0
0 -1 0
0 0 1

  IndexToPointMatrix: 
-1 0 0
0 -1 0
0 0 1

  PointToIndexMatrix: 
-1 0 0
0 -1 0
0 0 1

  Inverse Direction: 
-1 0 0
0 -1 0
0 0 1

  PixelContainer: 
    ImportImageContainer (0x4589680)
      RTTI typeinfo:   itk::ImportImageContainer<unsigned long, double>
      Reference Count: 1
      Modified Time: 1186
      Debug: Off
      Object Name: 
      Observers: 
        none
      Pointer: 0x14d081782010
      Container manages memory: true
      Size: 8530021
      Capacity: 8530021

     Moving image = Image (0x4585b20)
  RTTI typeinfo:   itk::Image<double, 3u>
  Reference Count: 2
  Modified Time: 1579
  Debug: Off
  Object Name: 
  Observers: 
    none
  Source: (none)
  Source output name: (none)
  Release Data: Off
  Data Released: False
  Global Release Data: Off
  PipelineMTime: 0
  UpdateMTime: 1576
  RealTimeStamp: 0 seconds 
  LargestPossibleRegion: 
    Dimension: 3
    Index: [0, 0, 0]
    Size: [160, 240, 256]
  BufferedRegion: 
    Dimension: 3
    Index: [0, 0, 0]
    Size: [160, 240, 256]
  RequestedRegion: 
    Dimension: 3
    Index: [0, 0, 0]
    Size: [160, 240, 256]
  Spacing: [1, 1, 1]
  Origin: [73.2812, 104.703, -131.188]
  Direction: 
-0.997559 0.0645599 -0.0278053
-0.0645447 -0.997925 -0.00179863
-0.0278702 1.19209e-07 0.999634

  IndexToPointMatrix: 
-0.997559 0.0645599 -0.0278053
-0.0645447 -0.997925 -0.00179863
-0.0278702 1.19209e-07 0.999634

  PointToIndexMatrix: 
-0.997559 -0.0645447 -0.0278702
0.0645752 -0.997925 -7.55787e-05
-0.0278053 -0.00187492 0.999634

  Inverse Direction: 
-0.997559 -0.0645447 -0.0278702
0.0645752 -0.997925 -7.55787e-05
-0.0278053 -0.00187492 0.999634

  PixelContainer: 
    ImportImageContainer (0x453ff10)
      RTTI typeinfo:   itk::ImportImageContainer<unsigned long, double>
      Reference Count: 1
      Modified Time: 1573
      Debug: Off
      Object Name: 
      Observers: 
        none
      Pointer: 0x14d07cc81010
      Container manages memory: true
      Size: 9830400
      Capacity: 9830400

     Weighting = 1
     Sampling strategy = regular
     Number of bins = 32
     Radius = 4
     Sampling percentage  = 0.25
   Transform = Rigid
     Gradient step = 0.1
     Update field sigma (voxel space) = 0
     Total field sigma (voxel space) = 0
     Update field time sigma = 0
     Total field time sigma  = 0
     Number of time indices = 0
     Number of time point samples = 0
Registration using 1 total stages.

Stage 0
  iterations = 1000x500x250x100
  convergence threshold = 1e-06
  convergence window size = 10
  number of levels = 4
  using the Mattes MI metric (number of bins = 32, weight = 1, use gradient filter = 0)
  preprocessing:  winsorizing the image intensities
  Shrink factors (level 1 out of 4): [8, 8, 8]
  Shrink factors (level 2 out of 4): [4, 4, 4]
  Shrink factors (level 3 out of 4): [2, 2, 2]
  Shrink factors (level 4 out of 4): [1, 1, 1]
  smoothing sigmas per level: [3, 2, 1, 0]
  regular sampling (percentage = 0.25)

*** Running Euler3DTransform registration ***

DIAGNOSTIC,Iteration,metricValue,convergenceValue,ITERATION_TIME_INDEX,SINCE_LAST
 2DIAGNOSTIC,     1, -9.211928359285e-02, 1.797693134862e+308, 0.0000e+00, 0.0000e+00, 
 2DIAGNOSTIC,     2, -9.247510807001e-02, 1.797693134862e+308, 0.0000e+00, 0.0000e+00, 
 2DIAGNOSTIC,     3, -9.283933946877e-02, 1.797693134862e+308, 0.0000e+00, 0.0000e+00, 
 2DIAGNOSTIC,     4, -9.309516332819e-02, 1.797693134862e+308, 0.0000e+00, 0.0000e+00, 
 2DIAGNOSTIC,     5, -9.351002752313e-02, 1.797693134862e+308, 0.0000e+00, 0.0000e+00, 
 2DIAGNOSTIC,     6, -9.412039557163e-02, 1.797693134862e+308, 0.0000e+00, 0.0000e+00, 
 2DIAGNOSTIC,     7, -9.431752214992e-02, 1.797693134862e+308, 0.0000e+00, 0.0000e+00, 
 2DIAGNOSTIC,     8, -9.433680794348e-02, 1.797693134862e+308, 0.0000e+00, 0.0000e+00, 
 2DIAGNOSTIC,     9, -9.433602504874e-02, 1.797693134862e+308, 0.0000e+00, 0.0000e+00, 
 2DIAGNOSTIC,    10, -9.432145751998e-02, 1.690282406895e-03, 0.0000e+00, 0.0000e+00, 
 2DIAGNOSTIC,    11, -9.430846501342e-02, 1.222842771868e-03, 0.0000e+00, 0.0000e+00, 
 2DIAGNOSTIC,    12, -9.430846501342e-02, 8.129974583421e-04, 0.0000e+00, 0.0000e+00, 
 2DIAGNOSTIC,    13, -9.430846501342e-02, 4.799174340861e-04, 0.0000e+00, 0.0000e+00, 
 2DIAGNOSTIC,    14, -9.430846501342e-02, 2.064547439432e-04, 0.0000e+00, 0.0000e+00, 
 2DIAGNOSTIC,    15, -9.430846501342e-02, 3.193521840639e-05, 0.0000e+00, 0.0000e+00, 
DIAGNOSTIC,Iteration,metricValue,convergenceValue,ITERATION_TIME_INDEX,SINCE_LAST
 2DIAGNOSTIC,     1, -2.195750036185e-02, 1.797693134862e+308, 0.0000e+00, 0.0000e+00, 
 2DIAGNOSTIC,     2, -2.198100128770e-02, 1.797693134862e+308, 0.0000e+00, 0.0000e+00, 
 2DIAGNOSTIC,     3, -2.197137760994e-02, 1.797693134862e+308, 0.0000e+00, 0.0000e+00, 
 2DIAGNOSTIC,     4, -2.198415902781e-02, 1.797693134862e+308, 0.0000e+00, 0.0000e+00, 
 2DIAGNOSTIC,     5, -2.201602915970e-02, 1.797693134862e+308, 0.0000e+00, 0.0000e+00, 
 2DIAGNOSTIC,     6, -2.207326311075e-02, 1.797693134862e+308, 0.0000e+00, 0.0000e+00, 
 2DIAGNOSTIC,     7, -2.210991495950e-02, 1.797693134862e+308, 0.0000e+00, 0.0000e+00, 
 2DIAGNOSTIC,     8, -2.215669972977e-02, 1.797693134862e+308, 0.0000e+00, 0.0000e+00, 
 2DIAGNOSTIC,     9, -2.216129198216e-02, 1.797693134862e+308, 0.0000e+00, 0.0000e+00, 
 2DIAGNOSTIC,    10, -2.224558324958e-02, 8.331885286368e-04, 0.0000e+00, 0.0000e+00, 
 2DIAGNOSTIC,    11, -2.234073244567e-02, 9.337735469450e-04, 0.0000e+00, 0.0000e+00, 
 2DIAGNOSTIC,    12, -2.253566541614e-02, 1.165385754832e-03, 0.0000e+00, 0.0000e+00, 
 2DIAGNOSTIC,    13, -2.294900899493e-02, 1.648895586185e-03, 0.0000e+00, 0.0000e+00, 
 2DIAGNOSTIC,    14, -2.305233588657e-02, 2.009911523238e-03, 0.0000e+00, 0.0000e+00, 
 2DIAGNOSTIC,    15, -2.361796946614e-02, 2.643946940016e-03, 0.0000e+00, 0.0000e+00, 
 2DIAGNOSTIC,    16, -2.401503151604e-02, 3.300445349485e-03, 0.0000e+00, 0.0000e+00, 
 2DIAGNOSTIC,    17, -2.762740960988e-02, 6.214146166700e-03, 0.0000e+00, 0.0000e+00, 
 2DIAGNOSTIC,    18, -2.779403459670e-02, 8.250296157806e-03, 0.0000e+00, 0.0000e+00, 
 2DIAGNOSTIC,    19, -3.770824982529e-02, 1.532970877254e-02, 0.0000e+00, 0.0000e+00, 
 2DIAGNOSTIC,    20, -6.341908503522e-02, 3.303107377943e-02, 0.0000e+00, 0.0000e+00, 
 2DIAGNOSTIC,    21, -6.351851659834e-02, 4.375608355121e-02, 0.0000e+00, 0.0000e+00, 
 2DIAGNOSTIC,    22, -6.348558367829e-02, 4.875744846100e-02, 0.0000e+00, 0.0000e+00, 
 2DIAGNOSTIC,    23, -6.346207648732e-02, 4.882911533817e-02, 0.0000e+00, 0.0000e+00, 
 2DIAGNOSTIC,    24, -6.354188842941e-02, 4.449047657266e-02, 0.0000e+00, 0.0000e+00, 
 2DIAGNOSTIC,    25, -6.355011703877e-02, 3.684001546380e-02, 0.0000e+00, 0.0000e+00, 
 2DIAGNOSTIC,    26, -6.359721920986e-02, 2.705299475288e-02, 0.0000e+00, 0.0000e+00, 
 2DIAGNOSTIC,    27, -6.374455876875e-02, 1.735884147015e-02, 0.0000e+00, 0.0000e+00, 
 2DIAGNOSTIC,    28, -6.399280367954e-02, 7.399395103780e-03, 0.0000e+00, 0.0000e+00, 
 2DIAGNOSTIC,    29, -6.433819922621e-02, 4.145567974540e-04, 0.0000e+00, 0.0000e+00, 
 2DIAGNOSTIC,    30, -6.487274421121e-02, 6.361887370528e-04, 0.0000e+00, 0.0000e+00, 
 2DIAGNOSTIC,    31, -6.502185939372e-02, 8.318544600645e-04, 0.0000e+00, 0.0000e+00, 
 2DIAGNOSTIC,    32, -6.527501598818e-02, 9.805229122663e-04, 0.0000e+00, 0.0000e+00, 
 2DIAGNOSTIC,    33, -6.555226147940e-02, 1.076051467768e-03, 0.0000e+00, 0.0000e+00, 
 2DIAGNOSTIC,    34, -7.134598775069e-02, 2.231156210503e-03, 0.0000e+00, 0.0000e+00, 
 2DIAGNOSTIC,    35, -7.316588833815e-02, 3.380891307749e-03, 0.0000e+00, 0.0000e+00, 
 2DIAGNOSTIC,    36, -7.613748329520e-02, 4.650597838342e-03, 0.0000e+00, 0.0000e+00, 
 2DIAGNOSTIC,    37, -7.662981287799e-02, 5.483299446376e-03, 0.0000e+00, 0.0000e+00, 
 2DIAGNOSTIC,    38, -7.661725342290e-02, 5.772286783370e-03, 0.0000e+00, 0.0000e+00, 
 2DIAGNOSTIC,    39, -7.668220580797e-02, 5.551347239756e-03, 0.0000e+00, 0.0000e+00, 
 2DIAGNOSTIC,    40, -7.669190476382e-02, 4.901949765961e-03, 0.0000e+00, 0.0000e+00, 
 2DIAGNOSTIC,    41, -7.669191048771e-02, 3.869352919848e-03, 0.0000e+00, 0.0000e+00, 
 2DIAGNOSTIC,    42, -7.669080526222e-02, 2.596281048280e-03, 0.0000e+00, 0.0000e+00, 
 2DIAGNOSTIC,    43, -7.669057015924e-02, 1.195526516694e-03, 0.0000e+00, 0.0000e+00, 
 2DIAGNOSTIC,    44, -7.669054938889e-02, 5.332870509234e-04, 0.0000e+00, 0.0000e+00, 
 2DIAGNOSTIC,    45, -7.669085329412e-02, 8.454132788083e-05, 0.0000e+00, 0.0000e+00, 
 2DIAGNOSTIC,    46, -7.669087297262e-02, 1.712986691312e-05, 0.0000e+00, 0.0000e+00, 
 2DIAGNOSTIC,    47, -7.669032455301e-02, 1.055989232907e-05, 0.0000e+00, 0.0000e+00, 
 2DIAGNOSTIC,    48, -7.668797589229e-02, 1.613204408411e-06, 0.0000e+00, 0.0000e+00, 
DIAGNOSTIC,Iteration,metricValue,convergenceValue,ITERATION_TIME_INDEX,SINCE_LAST
 2DIAGNOSTIC,     1, -6.263608338646e-02, 1.797693134862e+308, 0.0000e+00, 0.0000e+00, 
 2DIAGNOSTIC,     2, -6.267631866361e-02, 1.797693134862e+308, 0.0000e+00, 0.0000e+00, 
 2DIAGNOSTIC,     3, -6.274876277793e-02, 1.797693134862e+308, 0.0000e+00, 0.0000e+00, 
 2DIAGNOSTIC,     4, -6.284754463230e-02, 1.797693134862e+308, 0.0000e+00, 0.0000e+00, 
 2DIAGNOSTIC,     5, -6.309469138518e-02, 1.797693134862e+308, 0.0000e+00, 0.0000e+00, 
 2DIAGNOSTIC,     6, -6.357118358632e-02, 1.797693134862e+308, 0.0000e+00, 0.0000e+00, 
 2DIAGNOSTIC,     7, -6.442275981775e-02, 1.797693134862e+308, 0.0000e+00, 0.0000e+00, 
 2DIAGNOSTIC,     8, -6.548486052535e-02, 1.797693134862e+308, 0.0000e+00, 0.0000e+00, 
 2DIAGNOSTIC,     9, -6.755032514403e-02, 1.797693134862e+308, 0.0000e+00, 0.0000e+00, 
 2DIAGNOSTIC,    10, -7.170200786609e-02, 7.060873668325e-03, 0.0000e+00, 0.0000e+00, 
 2DIAGNOSTIC,    11, -7.512108066342e-02, 9.777384456350e-03, 0.0000e+00, 0.0000e+00, 
 2DIAGNOSTIC,    12, -7.541440278718e-02, 1.121966853783e-02, 0.0000e+00, 0.0000e+00, 
 2DIAGNOSTIC,    13, -7.618994459209e-02, 1.170195247355e-02, 0.0000e+00, 0.0000e+00, 
 2DIAGNOSTIC,    14, -7.613879790690e-02, 1.106771052575e-02, 0.0000e+00, 0.0000e+00, 
 2DIAGNOSTIC,    15, -7.612178441567e-02, 9.572717301159e-03, 0.0000e+00, 0.0000e+00, 
 2DIAGNOSTIC,    16, -7.612757090301e-02, 7.526994412338e-03, 0.0000e+00, 0.0000e+00, 
 2DIAGNOSTIC,    17, -7.611376262776e-02, 5.269092952096e-03, 0.0000e+00, 0.0000e+00, 
 2DIAGNOSTIC,    18, -7.610737350660e-02, 3.048076939783e-03, 0.0000e+00, 0.0000e+00, 
 2DIAGNOSTIC,    19, -7.610181792432e-02, 1.224495893567e-03, 0.0000e+00, 0.0000e+00, 
 2DIAGNOSTIC,    20, -7.609986500940e-02, 3.073755857611e-04, 0.0000e+00, 0.0000e+00, 
 2DIAGNOSTIC,    21, -7.609108238622e-02, 1.099328663000e-04, 0.0000e+00, 0.0000e+00, 
DIAGNOSTIC,Iteration,metricValue,convergenceValue,ITERATION_TIME_INDEX,SINCE_LAST
 2DIAGNOSTIC,     1, -7.145248822282e-02, 1.797693134862e+308, 0.0000e+00, 0.0000e+00, 
 2DIAGNOSTIC,     2, -7.145308982719e-02, 1.797693134862e+308, 0.0000e+00, 0.0000e+00, 
 2DIAGNOSTIC,     3, -7.145308743548e-02, 1.797693134862e+308, 0.0000e+00, 0.0000e+00, 
 2DIAGNOSTIC,     4, -7.145318185086e-02, 1.797693134862e+308, 0.0000e+00, 0.0000e+00, 
 2DIAGNOSTIC,     5, -7.145318805990e-02, 1.797693134862e+308, 0.0000e+00, 0.0000e+00, 
 2DIAGNOSTIC,     6, -7.145276123347e-02, 1.797693134862e+308, 0.0000e+00, 0.0000e+00, 
 2DIAGNOSTIC,     7, -7.145316200739e-02, 1.797693134862e+308, 0.0000e+00, 0.0000e+00, 
 2DIAGNOSTIC,     8, -7.145328077643e-02, 1.797693134862e+308, 0.0000e+00, 0.0000e+00, 
 2DIAGNOSTIC,     9, -7.145320882509e-02, 1.797693134862e+308, 0.0000e+00, 0.0000e+00, 
 2DIAGNOSTIC,    10, -7.144658945992e-02, 1.592473179046e-06, 0.0000e+00, 0.0000e+00, 
  Elapsed time (stage 0): 0.0000e+00


Total elapsed time: 0.0000e+00
Info [verificarlo]: loaded backend libinterflop_vprec.so
Info [interflop-vprec]: load backend with: 
Info [interflop-vprec]: precision-binary32 = 12
Info [interflop-vprec]: range-binary32 = 8
Info [interflop-vprec]: precision-binary64 = 12
Info [interflop-vprec]: range-binary64 = 8
Info [interflop-vprec]: mode = ob
Info [interflop-vprec]: error-mode = rel
Info [interflop-vprec]: max-abs-error-exponent = -1022
Info [interflop-vprec]: daz = false
Info [interflop-vprec]: ftz = false
Info [interflop-vprec]: 	instrument = none
Info [interflop-vprec]: 	prec-input-file = (null)
Info [interflop-vprec]: 	prec-output-file = (null)
Info [interflop-vprec]: 	prec-log-file = (null)
All_Command_lines_OK
Using double precision for computations.
=============================================================================
The composite transform comprises the following transforms (in order): 
  1. /home/mdugre/scratch/mri-registration-rp/datasets/ds004513/derivatives/mri-registration-rp/1111/antsRegistration-r8-p12/sub-s032/rigid_Composite.h5[0] (type = Euler3DTransform)
  2. /home/mdugre/scratch/mri-registration-rp/datasets/ds004513/derivatives/mri-registration-rp/1111/antsRegistration-r8-p12/sub-s032/rigid_Composite.h5[1] (type = Euler3DTransform)
  3. /home/mdugre/scratch/mri-registration-rp/datasets/ds004513/derivatives/mri-registration-rp/1111/antsRegistration-r8-p12/sub-s032/rigid_Composite.h5[2] (type = Euler3DTransform)
=============================================================================
  number of levels = 4
  fixed image: /templateflow/tpl-MNI152NLin2009cAsym/tpl-MNI152NLin2009cAsym_res-01_desc-brain_T1w.nii.gz
  moving image: /home/mdugre/scratch/mri-registration-rp/datasets/ds004513/derivatives/mri-registration-rp/antsBrainExtraction/sub-s032/BrainExtractionBrain.nii.gz
Dimension = 3
Number of stages = 1
Use histogram matching = false
Winsorize image intensities = true
  Lower quantile = 0.005
  Upper quantile = 0.995


Stage 1 State
   Image metric = MattesMI
     Fixed image = Image (0x4e20490)
  RTTI typeinfo:   itk::Image<double, 3u>
  Reference Count: 2
  Modified Time: 1592
  Debug: Off
  Object Name: 
  Observers: 
    none
  Source: (none)
  Source output name: (none)
  Release Data: Off
  Data Released: False
  Global Release Data: Off
  PipelineMTime: 0
  UpdateMTime: 1203
  RealTimeStamp: 0 seconds 
  LargestPossibleRegion: 
    Dimension: 3
    Index: [0, 0, 0]
    Size: [193, 229, 193]
  BufferedRegion: 
    Dimension: 3
    Index: [0, 0, 0]
    Size: [193, 229, 193]
  RequestedRegion: 
    Dimension: 3
    Index: [0, 0, 0]
    Size: [193, 229, 193]
  Spacing: [1, 1, 1]
  Origin: [96, 132, -78]
  Direction: 
-1 0 0
0 -1 0
0 0 1

  IndexToPointMatrix: 
-1 0 0
0 -1 0
0 0 1

  PointToIndexMatrix: 
-1 0 0
0 -1 0
0 0 1

  Inverse Direction: 
-1 0 0
0 -1 0
0 0 1

  PixelContainer: 
    ImportImageContainer (0x4eee4c0)
      RTTI typeinfo:   itk::ImportImageContainer<unsigned long, double>
      Reference Count: 1
      Modified Time: 1200
      Debug: Off
      Object Name: 
      Observers: 
        none
      Pointer: 0x151010f40010
      Container manages memory: true
      Size: 8530021
      Capacity: 8530021

     Moving image = Image (0x4edbb20)
  RTTI typeinfo:   itk::Image<double, 3u>
  Reference Count: 2
  Modified Time: 1593
  Debug: Off
  Object Name: 
  Observers: 
    none
  Source: (none)
  Source output name: (none)
  Release Data: Off
  Data Released: False
  Global Release Data: Off
  PipelineMTime: 0
  UpdateMTime: 1590
  RealTimeStamp: 0 seconds 
  LargestPossibleRegion: 
    Dimension: 3
    Index: [0, 0, 0]
    Size: [160, 240, 256]
  BufferedRegion: 
    Dimension: 3
    Index: [0, 0, 0]
    Size: [160, 240, 256]
  RequestedRegion: 
    Dimension: 3
    Index: [0, 0, 0]
    Size: [160, 240, 256]
  Spacing: [1, 1, 1]
  Origin: [73.2812, 104.703, -131.188]
  Direction: 
-0.997559 0.0645599 -0.0278053
-0.0645447 -0.997925 -0.00179863
-0.0278702 1.19209e-07 0.999634

  IndexToPointMatrix: 
-0.997559 0.0645599 -0.0278053
-0.0645447 -0.997925 -0.00179863
-0.0278702 1.19209e-07 0.999634

  PointToIndexMatrix: 
-0.997559 -0.0645447 -0.0278702
0.0645752 -0.997925 -7.55787e-05
-0.0278053 -0.00187492 0.999634

  Inverse Direction: 
-0.997559 -0.0645447 -0.0278702
0.0645752 -0.997925 -7.55787e-05
-0.0278053 -0.00187492 0.999634

  PixelContainer: 
    ImportImageContainer (0x4fae690)
      RTTI typeinfo:   itk::ImportImageContainer<unsigned long, double>
      Reference Count: 1
      Modified Time: 1587
      Debug: Off
      Object Name: 
      Observers: 
        none
      Pointer: 0x15100c43f010
      Container manages memory: true
      Size: 9830400
      Capacity: 9830400

     Weighting = 1
     Sampling strategy = regular
     Number of bins = 32
     Radius = 4
     Sampling percentage  = 0.25
   Transform = Affine
     Gradient step = 0.1
     Update field sigma (voxel space) = 0
     Total field sigma (voxel space) = 0
     Update field time sigma = 0
     Total field time sigma  = 0
     Number of time indices = 0
     Number of time point samples = 0
Registration using 1 total stages.

Stage 0
  iterations = 1000x500x250x100
  convergence threshold = 1e-06
  convergence window size = 10
  number of levels = 4
  using the Mattes MI metric (number of bins = 32, weight = 1, use gradient filter = 0)
  preprocessing:  winsorizing the image intensities
  Shrink factors (level 1 out of 4): [8, 8, 8]
  Shrink factors (level 2 out of 4): [4, 4, 4]
  Shrink factors (level 3 out of 4): [2, 2, 2]
  Shrink factors (level 4 out of 4): [1, 1, 1]
  smoothing sigmas per level: [3, 2, 1, 0]
  regular sampling (percentage = 0.25)

*** Running AffineTransform registration ***

DIAGNOSTIC,Iteration,metricValue,convergenceValue,ITERATION_TIME_INDEX,SINCE_LAST
 2DIAGNOSTIC,     1, -1.083080207676e-01, 1.797693134862e+308, 0.0000e+00, 0.0000e+00, 
 2DIAGNOSTIC,     2, -1.085491723234e-01, 1.797693134862e+308, 0.0000e+00, 0.0000e+00, 
 2DIAGNOSTIC,     3, -1.085193042775e-01, 1.797693134862e+308, 0.0000e+00, 0.0000e+00, 
 2DIAGNOSTIC,     4, -1.096161301654e-01, 1.797693134862e+308, 0.0000e+00, 0.0000e+00, 
 2DIAGNOSTIC,     5, -1.103693959678e-01, 1.797693134862e+308, 0.0000e+00, 0.0000e+00, 
 2DIAGNOSTIC,     6, -1.133948198123e-01, 1.797693134862e+308, 0.0000e+00, 0.0000e+00, 
 2DIAGNOSTIC,     7, -1.152793577263e-01, 1.797693134862e+308, 0.0000e+00, 0.0000e+00, 
 2DIAGNOSTIC,     8, -1.163676993328e-01, 1.797693134862e+308, 0.0000e+00, 0.0000e+00, 
 2DIAGNOSTIC,     9, -1.180721362040e-01, 1.797693134862e+308, 0.0000e+00, 0.0000e+00, 
 2DIAGNOSTIC,    10, -1.179016379842e-01, 6.707363705625e-03, 0.0000e+00, 0.0000e+00, 
 2DIAGNOSTIC,    11, -1.201531678508e-01, 6.581170746999e-03, 0.0000e+00, 0.0000e+00, 
 2DIAGNOSTIC,    12, -1.208713294548e-01, 6.074270928203e-03, 0.0000e+00, 0.0000e+00, 
 2DIAGNOSTIC,    13, -1.203431016743e-01, 4.999104190064e-03, 0.0000e+00, 0.0000e+00, 
 2DIAGNOSTIC,    14, -1.215149746291e-01, 4.043790047991e-03, 0.0000e+00, 0.0000e+00, 
 2DIAGNOSTIC,    15, -1.224043550965e-01, 3.109034991895e-03, 0.0000e+00, 0.0000e+00, 
 2DIAGNOSTIC,    16, -1.225345168019e-01, 2.486287262832e-03, 0.0000e+00, 0.0000e+00, 
 2DIAGNOSTIC,    17, -1.229811115805e-01, 2.046708344078e-03, 0.0000e+00, 0.0000e+00, 
 2DIAGNOSTIC,    18, -1.273503400714e-01, 2.203022165738e-03, 0.0000e+00, 0.0000e+00, 
 2DIAGNOSTIC,    19, -1.276095248113e-01, 2.376247455893e-03, 0.0000e+00, 0.0000e+00, 
 2DIAGNOSTIC,    20, -1.288648156157e-01, 2.436609841201e-03, 0.0000e+00, 0.0000e+00, 
 2DIAGNOSTIC,    21, -1.301537519456e-01, 2.670275559845e-03, 0.0000e+00, 0.0000e+00, 
 2DIAGNOSTIC,    22, -1.328730446612e-01, 3.002456447956e-03, 0.0000e+00, 0.0000e+00, 
 2DIAGNOSTIC,    23, -1.328998725252e-01, 2.957277355035e-03, 0.0000e+00, 0.0000e+00, 
 2DIAGNOSTIC,    24, -1.330394120184e-01, 2.770358306581e-03, 0.0000e+00, 0.0000e+00, 
 2DIAGNOSTIC,    25, -1.336727943298e-01, 2.491733588103e-03, 0.0000e+00, 0.0000e+00, 
 2DIAGNOSTIC,    26, -1.337153736407e-01, 2.018218964706e-03, 0.0000e+00, 0.0000e+00, 
 2DIAGNOSTIC,    27, -1.343177811202e-01, 1.471859596861e-03, 0.0000e+00, 0.0000e+00, 
 2DIAGNOSTIC,    28, -1.347599438742e-01, 1.230049503830e-03, 0.0000e+00, 0.0000e+00, 
 2DIAGNOSTIC,    29, -1.350429108707e-01, 9.352482282885e-04, 0.0000e+00, 0.0000e+00, 
 2DIAGNOSTIC,    30, -1.349550826879e-01, 6.631526422100e-04, 0.0000e+00, 0.0000e+00, 
 2DIAGNOSTIC,    31, -1.351106813221e-01, 4.498959098835e-04, 0.0000e+00, 0.0000e+00, 
 2DIAGNOSTIC,    32, -1.350050056855e-01, 3.959425121168e-04, 0.0000e+00, 0.0000e+00, 
 2DIAGNOSTIC,    33, -1.350106439343e-01, 3.102567561367e-04, 0.0000e+00, 0.0000e+00, 
 2DIAGNOSTIC,    34, -1.350041807808e-01, 2.088378396845e-04, 0.0000e+00, 0.0000e+00, 
 2DIAGNOSTIC,    35, -1.350105010854e-01, 1.363457666069e-04, 0.0000e+00, 0.0000e+00, 
 2DIAGNOSTIC,    36, -1.349760257133e-01, 5.529425543193e-05, 0.0000e+00, 0.0000e+00, 
 2DIAGNOSTIC,    37, -1.349614231655e-01, 9.283851092806e-06, 0.0000e+00, 0.0000e+00, 
DIAGNOSTIC,Iteration,metricValue,convergenceValue,ITERATION_TIME_INDEX,SINCE_LAST
 2DIAGNOSTIC,     1, -7.860185727141e-02, 1.797693134862e+308, 0.0000e+00, 0.0000e+00, 
 2DIAGNOSTIC,     2, -7.861868842773e-02, 1.797693134862e+308, 0.0000e+00, 0.0000e+00, 
 2DIAGNOSTIC,     3, -7.862311681246e-02, 1.797693134862e+308, 0.0000e+00, 0.0000e+00, 
 2DIAGNOSTIC,     4, -7.856462096704e-02, 1.797693134862e+308, 0.0000e+00, 0.0000e+00, 
 2DIAGNOSTIC,     5, -7.847672405487e-02, 1.797693134862e+308, 0.0000e+00, 0.0000e+00, 
 2DIAGNOSTIC,     6, -7.847091590447e-02, 1.797693134862e+308, 0.0000e+00, 0.0000e+00, 
 2DIAGNOSTIC,     7, -7.853505609212e-02, 1.797693134862e+308, 0.0000e+00, 0.0000e+00, 
 2DIAGNOSTIC,     8, -7.851451504635e-02, 1.797693134862e+308, 0.0000e+00, 0.0000e+00, 
 2DIAGNOSTIC,     9, -7.850541585710e-02, 1.797693134862e+308, 0.0000e+00, 0.0000e+00, 
DIAGNOSTIC,Iteration,metricValue,convergenceValue,ITERATION_TIME_INDEX,SINCE_LAST
 2DIAGNOSTIC,     1, -6.332850654222e-02, 1.797693134862e+308, 0.0000e+00, 0.0000e+00, 
 2DIAGNOSTIC,     2, -6.341444874655e-02, 1.797693134862e+308, 0.0000e+00, 0.0000e+00, 
 2DIAGNOSTIC,     3, -6.340842337340e-02, 1.797693134862e+308, 0.0000e+00, 0.0000e+00, 
 2DIAGNOSTIC,     4, -6.341280834694e-02, 1.797693134862e+308, 0.0000e+00, 0.0000e+00, 
 2DIAGNOSTIC,     5, -6.340678857797e-02, 1.797693134862e+308, 0.0000e+00, 0.0000e+00, 
 2DIAGNOSTIC,     6, -6.340673397318e-02, 1.797693134862e+308, 0.0000e+00, 0.0000e+00, 
 2DIAGNOSTIC,     7, -6.340663757216e-02, 1.797693134862e+308, 0.0000e+00, 0.0000e+00, 
 2DIAGNOSTIC,     8, -6.340656768060e-02, 1.797693134862e+308, 0.0000e+00, 0.0000e+00, 
 2DIAGNOSTIC,     9, -6.340360557613e-02, 1.797693134862e+308, 0.0000e+00, 0.0000e+00, 
 2DIAGNOSTIC,    10, -6.340374615365e-02, 3.147823791383e-05, 0.0000e+00, 0.0000e+00, 
DIAGNOSTIC,Iteration,metricValue,convergenceValue,ITERATION_TIME_INDEX,SINCE_LAST
 2DIAGNOSTIC,     1, -5.900106536115e-02, 1.797693134862e+308, 0.0000e+00, 0.0000e+00, 
 2DIAGNOSTIC,     2, -5.903695505980e-02, 1.797693134862e+308, 0.0000e+00, 0.0000e+00, 
 2DIAGNOSTIC,     3, -5.908945798141e-02, 1.797693134862e+308, 0.0000e+00, 0.0000e+00, 
 2DIAGNOSTIC,     4, -5.915226449410e-02, 1.797693134862e+308, 0.0000e+00, 0.0000e+00, 
 2DIAGNOSTIC,     5, -5.923702380883e-02, 1.797693134862e+308, 0.0000e+00, 0.0000e+00, 
 2DIAGNOSTIC,     6, -5.933241272946e-02, 1.797693134862e+308, 0.0000e+00, 0.0000e+00, 
 2DIAGNOSTIC,     7, -5.945827987037e-02, 1.797693134862e+308, 0.0000e+00, 0.0000e+00, 
 2DIAGNOSTIC,     8, -5.964903636151e-02, 1.797693134862e+308, 0.0000e+00, 0.0000e+00, 
 2DIAGNOSTIC,     9, -5.995048045659e-02, 1.797693134862e+308, 0.0000e+00, 0.0000e+00, 
 2DIAGNOSTIC,    10, -6.053091539982e-02, 1.380542420101e-03, 0.0000e+00, 0.0000e+00, 
 2DIAGNOSTIC,    11, -6.081542139939e-02, 1.656623800443e-03, 0.0000e+00, 0.0000e+00, 
 2DIAGNOSTIC,    12, -6.081870255923e-02, 1.753868528518e-03, 0.0000e+00, 0.0000e+00, 
 2DIAGNOSTIC,    13, -6.081312736439e-02, 1.698425917123e-03, 0.0000e+00, 0.0000e+00, 
 2DIAGNOSTIC,    14, -6.081027835621e-02, 1.516772592813e-03, 0.0000e+00, 0.0000e+00, 
 2DIAGNOSTIC,    15, -6.081178189841e-02, 1.245762021506e-03, 0.0000e+00, 0.0000e+00, 
 2DIAGNOSTIC,    16, -6.080964498774e-02, 9.217977694489e-04, 0.0000e+00, 0.0000e+00, 
 2DIAGNOSTIC,    17, -6.080900113181e-02, 5.885974593865e-04, 0.0000e+00, 0.0000e+00, 
 2DIAGNOSTIC,    18, -6.080897005950e-02, 2.897279716982e-04, 0.0000e+00, 0.0000e+00, 
 2DIAGNOSTIC,    19, -6.080800308073e-02, 6.759556345640e-05, 0.0000e+00, 0.0000e+00, 
  Elapsed time (stage 0): 0.0000e+00


Total elapsed time: 0.0000e+00
Info [verificarlo]: loaded backend libinterflop_vprec.so
Info [interflop-vprec]: load backend with: 
Info [interflop-vprec]: precision-binary32 = 12
Info [interflop-vprec]: range-binary32 = 8
Info [interflop-vprec]: precision-binary64 = 12
Info [interflop-vprec]: range-binary64 = 8
Info [interflop-vprec]: mode = ob
Info [interflop-vprec]: error-mode = rel
Info [interflop-vprec]: max-abs-error-exponent = -1022
Info [interflop-vprec]: daz = false
Info [interflop-vprec]: ftz = false
Info [interflop-vprec]: 	instrument = none
Info [interflop-vprec]: 	prec-input-file = (null)
Info [interflop-vprec]: 	prec-output-file = (null)
Info [interflop-vprec]: 	prec-log-file = (null)
All_Command_lines_OK
Using double precision for computations.
=============================================================================
The composite transform comprises the following transforms (in order): 
  1. /home/mdugre/scratch/mri-registration-rp/datasets/ds004513/derivatives/mri-registration-rp/1111/antsRegistration-r8-p12/sub-s032/affine_Composite.h5[0] (type = Euler3DTransform)
  2. /home/mdugre/scratch/mri-registration-rp/datasets/ds004513/derivatives/mri-registration-rp/1111/antsRegistration-r8-p12/sub-s032/affine_Composite.h5[1] (type = Euler3DTransform)
  3. /home/mdugre/scratch/mri-registration-rp/datasets/ds004513/derivatives/mri-registration-rp/1111/antsRegistration-r8-p12/sub-s032/affine_Composite.h5[2] (type = Euler3DTransform)
  4. /home/mdugre/scratch/mri-registration-rp/datasets/ds004513/derivatives/mri-registration-rp/1111/antsRegistration-r8-p12/sub-s032/affine_Composite.h5[3] (type = AffineTransform)
=============================================================================
  number of levels = 4
  fixed image: /templateflow/tpl-MNI152NLin2009cAsym/tpl-MNI152NLin2009cAsym_res-01_desc-brain_T1w.nii.gz
  moving image: /home/mdugre/scratch/mri-registration-rp/datasets/ds004513/derivatives/mri-registration-rp/antsBrainExtraction/sub-s032/BrainExtractionBrain.nii.gz
Dimension = 3
Number of stages = 1
Use histogram matching = false
Winsorize image intensities = true
  Lower quantile = 0.005
  Upper quantile = 0.995


Stage 1 State
   Image metric = CC
     Fixed image = Image (0x42096f0)
  RTTI typeinfo:   itk::Image<double, 3u>
  Reference Count: 2
  Modified Time: 1606
  Debug: Off
  Object Name: 
  Observers: 
    none
  Source: (none)
  Source output name: (none)
  Release Data: Off
  Data Released: False
  Global Release Data: Off
  PipelineMTime: 0
  UpdateMTime: 1217
  RealTimeStamp: 0 seconds 
  LargestPossibleRegion: 
    Dimension: 3
    Index: [0, 0, 0]
    Size: [193, 229, 193]
  BufferedRegion: 
    Dimension: 3
    Index: [0, 0, 0]
    Size: [193, 229, 193]
  RequestedRegion: 
    Dimension: 3
    Index: [0, 0, 0]
    Size: [193, 229, 193]
  Spacing: [1, 1, 1]
  Origin: [96, 132, -78]
  Direction: 
-1 0 0
0 -1 0
0 0 1

  IndexToPointMatrix: 
-1 0 0
0 -1 0
0 0 1

  PointToIndexMatrix: 
-1 0 0
0 -1 0
0 0 1

  Inverse Direction: 
-1 0 0
0 -1 0
0 0 1

  PixelContainer: 
    ImportImageContainer (0x42d9be0)
      RTTI typeinfo:   itk::ImportImageContainer<unsigned long, double>
      Reference Count: 1
      Modified Time: 1214
      Debug: Off
      Object Name: 
      Observers: 
        none
      Pointer: 0x15389c91b010
      Container manages memory: true
      Size: 8530021
      Capacity: 8530021

     Moving image = Image (0x42c4f80)
  RTTI typeinfo:   itk::Image<double, 3u>
  Reference Count: 2
  Modified Time: 1607
  Debug: Off
  Object Name: 
  Observers: 
    none
  Source: (none)
  Source output name: (none)
  Release Data: Off
  Data Released: False
  Global Release Data: Off
  PipelineMTime: 0
  UpdateMTime: 1604
  RealTimeStamp: 0 seconds 
  LargestPossibleRegion: 
    Dimension: 3
    Index: [0, 0, 0]
    Size: [160, 240, 256]
  BufferedRegion: 
    Dimension: 3
    Index: [0, 0, 0]
    Size: [160, 240, 256]
  RequestedRegion: 
    Dimension: 3
    Index: [0, 0, 0]
    Size: [160, 240, 256]
  Spacing: [1, 1, 1]
  Origin: [73.2812, 104.703, -131.188]
  Direction: 
-0.997559 0.0645599 -0.0278053
-0.0645447 -0.997925 -0.00179863
-0.0278702 1.19209e-07 0.999634

  IndexToPointMatrix: 
-0.997559 0.0645599 -0.0278053
-0.0645447 -0.997925 -0.00179863
-0.0278702 1.19209e-07 0.999634

  PointToIndexMatrix: 
-0.997559 -0.0645447 -0.0278702
0.0645752 -0.997925 -7.55787e-05
-0.0278053 -0.00187492 0.999634

  Inverse Direction: 
-0.997559 -0.0645447 -0.0278702
0.0645752 -0.997925 -7.55787e-05
-0.0278053 -0.00187492 0.999634

  PixelContainer: 
    ImportImageContainer (0x4381490)
      RTTI typeinfo:   itk::ImportImageContainer<unsigned long, double>
      Reference Count: 1
      Modified Time: 1601
      Debug: Off
      Object Name: 
      Observers: 
        none
      Pointer: 0x153897e1a010
      Container manages memory: true
      Size: 9830400
      Capacity: 9830400

     Weighting = 1
     Sampling strategy = none
     Number of bins = 32
     Radius = 4
     Sampling percentage  = 1
   Transform = SyN
     Gradient step = 0.1
     Update field sigma (voxel space) = 3
     Total field sigma (voxel space) = 0
     Update field time sigma = 0
     Total field time sigma  = 0
     Number of time indices = 0
     Number of time point samples = 0
Registration using 1 total stages.

Stage 0
  iterations = 100x70x50x20
  convergence threshold = 1e-06
  convergence window size = 10
  number of levels = 4
  using the CC metric (radius = 4, weight = 1, use gradient filter = 0)
  preprocessing:  winsorizing the image intensities
  Shrink factors (level 1 out of 4): [8, 8, 8]
  Shrink factors (level 2 out of 4): [4, 4, 4]
  Shrink factors (level 3 out of 4): [2, 2, 2]
  Shrink factors (level 4 out of 4): [1, 1, 1]
  smoothing sigmas per level: [3, 2, 1, 0]
  Using default NONE metricSamplingStrategy 

*** Running SyN registration (varianceForUpdateField = 3, varianceForTotalField = 0) ***

XXDIAGNOSTIC,Iteration,metricValue,convergenceValue,ITERATION_TIME_INDEX,SINCE_LAST
 1DIAGNOSTIC,     1, -6.563720703125e-01, 1.797693134862e+308, 0.0000e+00, 0.0000e+00, 
 1DIAGNOSTIC,     2, -6.568603515625e-01, 1.797693134862e+308, 0.0000e+00, 0.0000e+00, 
 1DIAGNOSTIC,     3, -6.572265625000e-01, 1.797693134862e+308, 0.0000e+00, 0.0000e+00, 
 1DIAGNOSTIC,     4, -6.574707031250e-01, 1.797693134862e+308, 0.0000e+00, 0.0000e+00, 
 1DIAGNOSTIC,     5, -6.575927734375e-01, 1.797693134862e+308, 0.0000e+00, 0.0000e+00, 
 1DIAGNOSTIC,     6, -6.578369140625e-01, 1.797693134862e+308, 0.0000e+00, 0.0000e+00, 
 1DIAGNOSTIC,     7, -6.577148437500e-01, 1.797693134862e+308, 0.0000e+00, 0.0000e+00, 
 1DIAGNOSTIC,     8, -6.577148437500e-01, 1.797693134862e+308, 0.0000e+00, 0.0000e+00, 
 1DIAGNOSTIC,     9, -6.575927734375e-01, 1.797693134862e+308, 0.0000e+00, 0.0000e+00, 
 1DIAGNOSTIC,    10, -6.573486328125e-01, 9.525488130036e-05, 0.0000e+00, 0.0000e+00, 
 1DIAGNOSTIC,    11, -6.574707031250e-01, 3.651878457275e-05, 0.0000e+00, 0.0000e+00, 
 1DIAGNOSTIC,    12, -6.573486328125e-01, -2.654261007040e-06, 0.0000e+00, 0.0000e+00, 
XXDIAGNOSTIC,Iteration,metricValue,convergenceValue,ITERATION_TIME_INDEX,SINCE_LAST
 1DIAGNOSTIC,     1, -8.460693359375e-01, 1.797693134862e+308, 0.0000e+00, 0.0000e+00, 
 1DIAGNOSTIC,     2, -8.461914062500e-01, 1.797693134862e+308, 0.0000e+00, 0.0000e+00, 
 1DIAGNOSTIC,     3, -8.463134765625e-01, 1.797693134862e+308, 0.0000e+00, 0.0000e+00, 
 1DIAGNOSTIC,     4, -8.463134765625e-01, 1.797693134862e+308, 0.0000e+00, 0.0000e+00, 
 1DIAGNOSTIC,     5, -8.464355468750e-01, 1.797693134862e+308, 0.0000e+00, 0.0000e+00, 
 1DIAGNOSTIC,     6, -8.464355468750e-01, 1.797693134862e+308, 0.0000e+00, 0.0000e+00, 
 1DIAGNOSTIC,     7, -8.465576171875e-01, 1.797693134862e+308, 0.0000e+00, 0.0000e+00, 
 1DIAGNOSTIC,     8, -8.465576171875e-01, 1.797693134862e+308, 0.0000e+00, 0.0000e+00, 
 1DIAGNOSTIC,     9, -8.465576171875e-01, 1.797693134862e+308, 0.0000e+00, 0.0000e+00, 
 1DIAGNOSTIC,    10, -8.465576171875e-01, 4.059581448748e-05, 0.0000e+00, 0.0000e+00, 
 1DIAGNOSTIC,    11, -8.465576171875e-01, 2.880064581909e-05, 0.0000e+00, 0.0000e+00, 
 1DIAGNOSTIC,    12, -8.465576171875e-01, 2.002109802358e-05, 0.0000e+00, 0.0000e+00, 
 1DIAGNOSTIC,    13, -8.465576171875e-01, 1.425543894969e-05, 0.0000e+00, 0.0000e+00, 
 1DIAGNOSTIC,    14, -8.465576171875e-01, 8.253182035151e-06, 0.0000e+00, 0.0000e+00, 
 1DIAGNOSTIC,    15, -8.465576171875e-01, 5.316041625070e-06, 0.0000e+00, 0.0000e+00, 
 1DIAGNOSTIC,    16, -8.464355468750e-01, -1.393773500918e-07, 0.0000e+00, 0.0000e+00, 
XXDIAGNOSTIC,Iteration,metricValue,convergenceValue,ITERATION_TIME_INDEX,SINCE_LAST
 1DIAGNOSTIC,     1, -9.498291015625e-01, 1.797693134862e+308, 0.0000e+00, 0.0000e+00, 
 1DIAGNOSTIC,     2, -9.498291015625e-01, 1.797693134862e+308, 0.0000e+00, 0.0000e+00, 
 1DIAGNOSTIC,     3, -9.499511718750e-01, 1.797693134862e+308, 0.0000e+00, 0.0000e+00, 
 1DIAGNOSTIC,     4, -9.499511718750e-01, 1.797693134862e+308, 0.0000e+00, 0.0000e+00, 
 1DIAGNOSTIC,     5, -9.500732421875e-01, 1.797693134862e+308, 0.0000e+00, 0.0000e+00, 
 1DIAGNOSTIC,     6, -9.500732421875e-01, 1.797693134862e+308, 0.0000e+00, 0.0000e+00, 
 1DIAGNOSTIC,     7, -9.500732421875e-01, 1.797693134862e+308, 0.0000e+00, 0.0000e+00, 
 1DIAGNOSTIC,     8, -9.501953125000e-01, 1.797693134862e+308, 0.0000e+00, 0.0000e+00, 
 1DIAGNOSTIC,     9, -9.501953125000e-01, 1.797693134862e+308, 0.0000e+00, 0.0000e+00, 
 1DIAGNOSTIC,    10, -9.501953125000e-01, 3.123406327100e-05, 0.0000e+00, 0.0000e+00, 
 1DIAGNOSTIC,    11, -9.501953125000e-01, 2.549442528757e-05, 0.0000e+00, 0.0000e+00, 
 1DIAGNOSTIC,    12, -9.503173828125e-01, 2.173488900115e-05, 0.0000e+00, 0.0000e+00, 
 1DIAGNOSTIC,    13, -9.503173828125e-01, 1.959855366528e-05, 0.0000e+00, 0.0000e+00, 
 1DIAGNOSTIC,    14, -9.503173828125e-01, 1.620510278490e-05, 0.0000e+00, 0.0000e+00, 
 1DIAGNOSTIC,    15, -9.503173828125e-01, 1.455081641519e-05, 0.0000e+00, 0.0000e+00, 
 1DIAGNOSTIC,    16, -9.503173828125e-01, 1.202494191774e-05, 0.0000e+00, 0.0000e+00, 
 1DIAGNOSTIC,    17, -9.503173828125e-01, 8.814664348968e-06, 0.0000e+00, 0.0000e+00, 
 1DIAGNOSTIC,    18, -9.503173828125e-01, 7.378310042383e-06, 0.0000e+00, 0.0000e+00, 
 1DIAGNOSTIC,    19, -9.503173828125e-01, 5.640174976708e-06, 0.0000e+00, 0.0000e+00, 
 1DIAGNOSTIC,    20, -9.503173828125e-01, 3.763387333676e-06, 0.0000e+00, 0.0000e+00, 
 1DIAGNOSTIC,    21, -9.503173828125e-01, 1.845479046997e-06, 0.0000e+00, 0.0000e+00, 
 1DIAGNOSTIC,    22, -9.503173828125e-01, 1.761581879263e-06, 0.0000e+00, 0.0000e+00, 
 1DIAGNOSTIC,    23, -9.503173828125e-01, 1.684981095457e-06, 0.0000e+00, 0.0000e+00, 
 1DIAGNOSTIC,    24, -9.503173828125e-01, 1.614764530353e-06, 0.0000e+00, 0.0000e+00, 
 1DIAGNOSTIC,    25, -9.504394531250e-01, 3.010524534344e-06, 0.0000e+00, 0.0000e+00, 
 1DIAGNOSTIC,    26, -9.504394531250e-01, 4.121456908993e-06, 0.0000e+00, 0.0000e+00, 
 1DIAGNOSTIC,    27, -9.504394531250e-01, 4.918602315857e-06, 0.0000e+00, 0.0000e+00, 
 1DIAGNOSTIC,    28, -9.504394531250e-01, 5.351412413666e-06, 0.0000e+00, 0.0000e+00, 
 1DIAGNOSTIC,    29, -9.504394531250e-01, 5.374942102981e-06, 0.0000e+00, 0.0000e+00, 
 1DIAGNOSTIC,    30, -9.504394531250e-01, 4.994621510927e-06, 0.0000e+00, 0.0000e+00, 
 1DIAGNOSTIC,    31, -9.504394531250e-01, 4.283908602618e-06, 0.0000e+00, 0.0000e+00, 
 1DIAGNOSTIC,    32, -9.504394531250e-01, 3.348681140609e-06, 0.0000e+00, 0.0000e+00, 
 1DIAGNOSTIC,    33, -9.504394531250e-01, 2.280773233408e-06, 0.0000e+00, 0.0000e+00, 
 1DIAGNOSTIC,    34, -9.504394531250e-01, 1.139894058665e-06, 0.0000e+00, 0.0000e+00, 
 1DIAGNOSTIC,    35, -9.504394531250e-01, 1.107319919362e-06, 0.0000e+00, 0.0000e+00, 
 1DIAGNOSTIC,    36, -9.504394531250e-01, 1.076555764441e-06, 0.0000e+00, 0.0000e+00, 
 1DIAGNOSTIC,    37, -9.504394531250e-01, 1.047454813906e-06, 0.0000e+00, 0.0000e+00, 
 1DIAGNOSTIC,    38, -9.504394531250e-01, 1.019885740895e-06, 0.0000e+00, 0.0000e+00, 
 1DIAGNOSTIC,    39, -9.504394531250e-01, 9.937306900062e-07, 0.0000e+00, 0.0000e+00, 
XXDIAGNOSTIC,Iteration,metricValue,convergenceValue,ITERATION_TIME_INDEX,SINCE_LAST
 1DIAGNOSTIC,     1, -9.915771484375e-01, 1.797693134862e+308, 0.0000e+00, 0.0000e+00, 
 1DIAGNOSTIC,     2, -9.915771484375e-01, 1.797693134862e+308, 0.0000e+00, 0.0000e+00, 
 1DIAGNOSTIC,     3, -9.915771484375e-01, 1.797693134862e+308, 0.0000e+00, 0.0000e+00, 
 1DIAGNOSTIC,     4, -9.915771484375e-01, 1.797693134862e+308, 0.0000e+00, 0.0000e+00, 
 1DIAGNOSTIC,     5, -9.916992187500e-01, 1.797693134862e+308, 0.0000e+00, 0.0000e+00, 
 1DIAGNOSTIC,     6, -9.916992187500e-01, 1.797693134862e+308, 0.0000e+00, 0.0000e+00, 
 1DIAGNOSTIC,     7, -9.916992187500e-01, 1.797693134862e+308, 0.0000e+00, 0.0000e+00, 
 1DIAGNOSTIC,     8, -9.916992187500e-01, 1.797693134862e+308, 0.0000e+00, 0.0000e+00, 
 1DIAGNOSTIC,     9, -9.916992187500e-01, 1.797693134862e+308, 0.0000e+00, 0.0000e+00, 
 1DIAGNOSTIC,    10, -9.916992187500e-01, 1.451944012469e-05, 0.0000e+00, 0.0000e+00, 
 1DIAGNOSTIC,    11, -9.918212890625e-01, 1.489544419130e-05, 0.0000e+00, 0.0000e+00, 
 1DIAGNOSTIC,    12, -9.918212890625e-01, 1.415317814381e-05, 0.0000e+00, 0.0000e+00, 
 1DIAGNOSTIC,    13, -9.918212890625e-01, 1.260383478840e-05, 0.0000e+00, 0.0000e+00, 
 1DIAGNOSTIC,    14, -9.918212890625e-01, 1.037076990865e-05, 0.0000e+00, 0.0000e+00, 
 1DIAGNOSTIC,    15, -9.918212890625e-01, 1.006480922222e-05, 0.0000e+00, 0.0000e+00, 
 1DIAGNOSTIC,    16, -9.918212890625e-01, 9.074361756969e-06, 0.0000e+00, 0.0000e+00, 
 1DIAGNOSTIC,    17, -9.918212890625e-01, 7.580281750304e-06, 0.0000e+00, 0.0000e+00, 
 1DIAGNOSTIC,    18, -9.918212890625e-01, 5.794099288137e-06, 0.0000e+00, 0.0000e+00, 
 1DIAGNOSTIC,    19, -9.918212890625e-01, 3.880798080974e-06, 0.0000e+00, 0.0000e+00, 
 1DIAGNOSTIC,    20, -9.918212890625e-01, 1.937635467186e-06, 0.0000e+00, 0.0000e+00, 
  Elapsed time (stage 0): 0


Total elapsed time: 0
