
##########################
# Experiment information #
##########################

EXPERIMENT_NAME: antsRegistration-r8-p11
VFC_BACKENDS: libinterflop_vprec.so --range-binary32=8 --precision-binary32=11 --range-binary64=8 --precision-binary64=11

SIF_IMG: /home/mdugre/projects/rrg-glatard/mdugre/containers/ants-vprec-no_metrics.simg

SUBJECT_ID: s037
INPUT_IMG: /home/mdugre/scratch/mri-registration-rp/datasets/ds004513/derivatives/mri-registration-rp/antsBrainExtraction/sub-s037/BrainExtractionBrain.nii.gz
OUTPUT_DIR: /home/mdugre/scratch/mri-registration-rp/datasets/ds004513/derivatives/mri-registration-rp/1111/antsRegistration-r8-p11/sub-s037

FIXED_IMG: /templateflow/tpl-MNI152NLin2009cAsym/tpl-MNI152NLin2009cAsym_res-01_desc-brain_T1w.nii.gz
DATA_DIR: /home/mdugre/scratch/mri-registration-rp/datasets/ds004513
TEMPLATEFLOW_DIR: /home/mdugre/projects/rrg-glatard/mdugre/templateflow
ITK_GLOBAL_DEFAULT_NUMBER_OF_THREADS: 16
##########################

Info [verificarlo]: loaded backend libinterflop_vprec.so
Info [interflop-vprec]: load backend with: 
Info [interflop-vprec]: precision-binary32 = 11
Info [interflop-vprec]: range-binary32 = 8
Info [interflop-vprec]: precision-binary64 = 11
Info [interflop-vprec]: range-binary64 = 8
Info [interflop-vprec]: mode = ob
Info [interflop-vprec]: error-mode = rel
Info [interflop-vprec]: max-abs-error-exponent = -1022
Info [interflop-vprec]: daz = false
Info [interflop-vprec]: ftz = false
Info [interflop-vprec]: 	instrument = none
Info [interflop-vprec]: 	prec-input-file = (null)
Info [interflop-vprec]: 	prec-output-file = (null)
Info [interflop-vprec]: 	prec-log-file = (null)
All_Command_lines_OK
Using double precision for computations.
=============================================================================
The composite transform comprises the following transforms (in order): 
  1. Center of mass alignment using fixed image: /templateflow/tpl-MNI152NLin2009cAsym/tpl-MNI152NLin2009cAsym_res-01_desc-brain_T1w.nii.gz and moving image: /home/mdugre/scratch/mri-registration-rp/datasets/ds004513/derivatives/mri-registration-rp/antsBrainExtraction/sub-s037/BrainExtractionBrain.nii.gz (type = Euler3DTransform)
=============================================================================
  number of levels = 1
  fixed image: /templateflow/tpl-MNI152NLin2009cAsym/tpl-MNI152NLin2009cAsym_res-01_desc-brain_T1w.nii.gz
  moving image: /home/mdugre/scratch/mri-registration-rp/datasets/ds004513/derivatives/mri-registration-rp/antsBrainExtraction/sub-s037/BrainExtractionBrain.nii.gz
Dimension = 3
Number of stages = 1
Use histogram matching = false
Winsorize image intensities = true
  Lower quantile = 0.005
  Upper quantile = 0.995


Stage 1 State
   Image metric = MattesMI
     Fixed image = Image (0x4f57b20)
  RTTI typeinfo:   itk::Image<double, 3u>
  Reference Count: 2
  Modified Time: 2330
  Debug: Off
  Object Name: 
  Observers: 
    none
  Source: (none)
  Source output name: (none)
  Release Data: Off
  Data Released: False
  Global Release Data: Off
  PipelineMTime: 0
  UpdateMTime: 1941
  RealTimeStamp: 0 seconds 
  LargestPossibleRegion: 
    Dimension: 3
    Index: [0, 0, 0]
    Size: [193, 229, 193]
  BufferedRegion: 
    Dimension: 3
    Index: [0, 0, 0]
    Size: [193, 229, 193]
  RequestedRegion: 
    Dimension: 3
    Index: [0, 0, 0]
    Size: [193, 229, 193]
  Spacing: [1, 1, 1]
  Origin: [96, 132, -78]
  Direction: 
-1 0 0
0 -1 0
0 0 1

  IndexToPointMatrix: 
-1 0 0
0 -1 0
0 0 1

  PointToIndexMatrix: 
-1 0 0
0 -1 0
0 0 1

  Inverse Direction: 
-1 0 0
0 -1 0
0 0 1

  PixelContainer: 
    ImportImageContainer (0x50035d0)
      RTTI typeinfo:   itk::ImportImageContainer<unsigned long, double>
      Reference Count: 1
      Modified Time: 1938
      Debug: Off
      Object Name: 
      Observers: 
        none
      Pointer: 0x14c839bf7010
      Container manages memory: true
      Size: 8530021
      Capacity: 8530021

     Moving image = Image (0x4fc1100)
  RTTI typeinfo:   itk::Image<double, 3u>
  Reference Count: 2
  Modified Time: 2331
  Debug: Off
  Object Name: 
  Observers: 
    none
  Source: (none)
  Source output name: (none)
  Release Data: Off
  Data Released: False
  Global Release Data: Off
  PipelineMTime: 0
  UpdateMTime: 2328
  RealTimeStamp: 0 seconds 
  LargestPossibleRegion: 
    Dimension: 3
    Index: [0, 0, 0]
    Size: [160, 240, 256]
  BufferedRegion: 
    Dimension: 3
    Index: [0, 0, 0]
    Size: [160, 240, 256]
  RequestedRegion: 
    Dimension: 3
    Index: [0, 0, 0]
    Size: [160, 240, 256]
  Spacing: [1, 1, 1]
  Origin: [87.9375, 102.562, -147.625]
  Direction: 
-0.998535 -0.0436249 -0.0279083
0.0435944 -0.999023 0.00121832
-0.0279388 0 0.999512

  IndexToPointMatrix: 
-0.998535 -0.0436249 -0.0279083
0.0435944 -0.999023 0.00121832
-0.0279388 0 0.999512

  PointToIndexMatrix: 
-0.998535 0.0435944 -0.0279388
-0.0436249 -0.999023 0
-0.027916 0.00134277 0.999756

  Inverse Direction: 
-0.998535 0.0435944 -0.0279388
-0.0436249 -0.999023 0
-0.027916 0.00134277 0.999756

  PixelContainer: 
    ImportImageContainer (0x4f81010)
      RTTI typeinfo:   itk::ImportImageContainer<unsigned long, double>
      Reference Count: 1
      Modified Time: 2325
      Debug: Off
      Object Name: 
      Observers: 
        none
      Pointer: 0x14c8350f6010
      Container manages memory: true
      Size: 9830400
      Capacity: 9830400

     Weighting = 1
     Sampling strategy = regular
     Number of bins = 32
     Radius = 4
     Sampling percentage  = 0.25
   Transform = Rigid
     Gradient step = 0.1
     Update field sigma (voxel space) = 0
     Total field sigma (voxel space) = 0
     Update field time sigma = 0
     Total field time sigma  = 0
     Number of time indices = 0
     Number of time point samples = 0
Registration using 1 total stages.

Stage 0
  iterations = 0
  convergence threshold = 1e-06
  convergence window size = 10
  number of levels = 1
  using the Mattes MI metric (number of bins = 32, weight = 1, use gradient filter = 0)
  preprocessing:  winsorizing the image intensities
  Shrink factors (level 1 out of 1): [1, 1, 1]
  smoothing sigmas per level: [0]
  regular sampling (percentage = 0.25)

*** Running Euler3DTransform registration ***

  Elapsed time (stage 0): 0


Total elapsed time: 0
Info [verificarlo]: loaded backend libinterflop_vprec.so
Info [interflop-vprec]: load backend with: 
Info [interflop-vprec]: precision-binary32 = 11
Info [interflop-vprec]: range-binary32 = 8
Info [interflop-vprec]: precision-binary64 = 11
Info [interflop-vprec]: range-binary64 = 8
Info [interflop-vprec]: mode = ob
Info [interflop-vprec]: error-mode = rel
Info [interflop-vprec]: max-abs-error-exponent = -1022
Info [interflop-vprec]: daz = false
Info [interflop-vprec]: ftz = false
Info [interflop-vprec]: 	instrument = none
Info [interflop-vprec]: 	prec-input-file = (null)
Info [interflop-vprec]: 	prec-output-file = (null)
Info [interflop-vprec]: 	prec-log-file = (null)
All_Command_lines_OK
Using double precision for computations.
=============================================================================
The composite transform comprises the following transforms (in order): 
  1. /home/mdugre/scratch/mri-registration-rp/datasets/ds004513/derivatives/mri-registration-rp/1111/antsRegistration-r8-p11/sub-s037/align_Composite.h5[0] (type = Euler3DTransform)
  2. /home/mdugre/scratch/mri-registration-rp/datasets/ds004513/derivatives/mri-registration-rp/1111/antsRegistration-r8-p11/sub-s037/align_Composite.h5[1] (type = Euler3DTransform)
=============================================================================
  number of levels = 4
  fixed image: /templateflow/tpl-MNI152NLin2009cAsym/tpl-MNI152NLin2009cAsym_res-01_desc-brain_T1w.nii.gz
  moving image: /home/mdugre/scratch/mri-registration-rp/datasets/ds004513/derivatives/mri-registration-rp/antsBrainExtraction/sub-s037/BrainExtractionBrain.nii.gz
Dimension = 3
Number of stages = 1
Use histogram matching = false
Winsorize image intensities = true
  Lower quantile = 0.005
  Upper quantile = 0.995


Stage 1 State
   Image metric = MattesMI
     Fixed image = Image (0x449f1e0)
  RTTI typeinfo:   itk::Image<double, 3u>
  Reference Count: 2
  Modified Time: 1578
  Debug: Off
  Object Name: 
  Observers: 
    none
  Source: (none)
  Source output name: (none)
  Release Data: Off
  Data Released: False
  Global Release Data: Off
  PipelineMTime: 0
  UpdateMTime: 1189
  RealTimeStamp: 0 seconds 
  LargestPossibleRegion: 
    Dimension: 3
    Index: [0, 0, 0]
    Size: [193, 229, 193]
  BufferedRegion: 
    Dimension: 3
    Index: [0, 0, 0]
    Size: [193, 229, 193]
  RequestedRegion: 
    Dimension: 3
    Index: [0, 0, 0]
    Size: [193, 229, 193]
  Spacing: [1, 1, 1]
  Origin: [96, 132, -78]
  Direction: 
-1 0 0
0 -1 0
0 0 1

  IndexToPointMatrix: 
-1 0 0
0 -1 0
0 0 1

  PointToIndexMatrix: 
-1 0 0
0 -1 0
0 0 1

  Inverse Direction: 
-1 0 0
0 -1 0
0 0 1

  PixelContainer: 
    ImportImageContainer (0x455e680)
      RTTI typeinfo:   itk::ImportImageContainer<unsigned long, double>
      Reference Count: 1
      Modified Time: 1186
      Debug: Off
      Object Name: 
      Observers: 
        none
      Pointer: 0x14bbf71d3010
      Container manages memory: true
      Size: 8530021
      Capacity: 8530021

     Moving image = Image (0x455ab20)
  RTTI typeinfo:   itk::Image<double, 3u>
  Reference Count: 2
  Modified Time: 1579
  Debug: Off
  Object Name: 
  Observers: 
    none
  Source: (none)
  Source output name: (none)
  Release Data: Off
  Data Released: False
  Global Release Data: Off
  PipelineMTime: 0
  UpdateMTime: 1576
  RealTimeStamp: 0 seconds 
  LargestPossibleRegion: 
    Dimension: 3
    Index: [0, 0, 0]
    Size: [160, 240, 256]
  BufferedRegion: 
    Dimension: 3
    Index: [0, 0, 0]
    Size: [160, 240, 256]
  RequestedRegion: 
    Dimension: 3
    Index: [0, 0, 0]
    Size: [160, 240, 256]
  Spacing: [1, 1, 1]
  Origin: [87.9375, 102.562, -147.625]
  Direction: 
-0.998535 -0.0436249 -0.0279083
0.0435944 -0.999023 0.00121832
-0.0279388 0 0.999512

  IndexToPointMatrix: 
-0.998535 -0.0436249 -0.0279083
0.0435944 -0.999023 0.00121832
-0.0279388 0 0.999512

  PointToIndexMatrix: 
-0.998535 0.0435944 -0.0279388
-0.0436249 -0.999023 0
-0.027916 0.00134277 0.999756

  Inverse Direction: 
-0.998535 0.0435944 -0.0279388
-0.0436249 -0.999023 0
-0.027916 0.00134277 0.999756

  PixelContainer: 
    ImportImageContainer (0x4514f10)
      RTTI typeinfo:   itk::ImportImageContainer<unsigned long, double>
      Reference Count: 1
      Modified Time: 1573
      Debug: Off
      Object Name: 
      Observers: 
        none
      Pointer: 0x14bbf26d2010
      Container manages memory: true
      Size: 9830400
      Capacity: 9830400

     Weighting = 1
     Sampling strategy = regular
     Number of bins = 32
     Radius = 4
     Sampling percentage  = 0.25
   Transform = Rigid
     Gradient step = 0.1
     Update field sigma (voxel space) = 0
     Total field sigma (voxel space) = 0
     Update field time sigma = 0
     Total field time sigma  = 0
     Number of time indices = 0
     Number of time point samples = 0
Registration using 1 total stages.

Stage 0
  iterations = 1000x500x250x100
  convergence threshold = 1e-06
  convergence window size = 10
  number of levels = 4
  using the Mattes MI metric (number of bins = 32, weight = 1, use gradient filter = 0)
  preprocessing:  winsorizing the image intensities
  Shrink factors (level 1 out of 4): [8, 8, 8]
  Shrink factors (level 2 out of 4): [4, 4, 4]
  Shrink factors (level 3 out of 4): [2, 2, 2]
  Shrink factors (level 4 out of 4): [1, 1, 1]
  smoothing sigmas per level: [3, 2, 1, 0]
  regular sampling (percentage = 0.25)

*** Running Euler3DTransform registration ***

DIAGNOSTIC,Iteration,metricValue,convergenceValue,ITERATION_TIME_INDEX,SINCE_LAST
 2DIAGNOSTIC,     1, -1.184178954778e-01, 1.797693134862e+308, 0.0000e+00, 0.0000e+00, 
 2DIAGNOSTIC,     2, -1.183946681524e-01, 1.797693134862e+308, 0.0000e+00, 0.0000e+00, 
 2DIAGNOSTIC,     3, -1.185117905284e-01, 1.797693134862e+308, 0.0000e+00, 0.0000e+00, 
 2DIAGNOSTIC,     4, -1.184958484577e-01, 1.797693134862e+308, 0.0000e+00, 0.0000e+00, 
 2DIAGNOSTIC,     5, -1.184938670487e-01, 1.797693134862e+308, 0.0000e+00, 0.0000e+00, 
 2DIAGNOSTIC,     6, -1.184972876054e-01, 1.797693134862e+308, 0.0000e+00, 0.0000e+00, 
 2DIAGNOSTIC,     7, -1.184929811228e-01, 1.797693134862e+308, 0.0000e+00, 0.0000e+00, 
 2DIAGNOSTIC,     8, -1.184887587846e-01, 1.797693134862e+308, 0.0000e+00, 0.0000e+00, 
 2DIAGNOSTIC,     9, -1.184887592357e-01, 1.797693134862e+308, 0.0000e+00, 0.0000e+00, 
 2DIAGNOSTIC,    10, -1.184893500421e-01, 3.279518330411e-05, 0.0000e+00, 0.0000e+00, 
 2DIAGNOSTIC,    11, -1.184881930937e-01, 1.436448575555e-05, 0.0000e+00, 0.0000e+00, 
DIAGNOSTIC,Iteration,metricValue,convergenceValue,ITERATION_TIME_INDEX,SINCE_LAST
 2DIAGNOSTIC,     1, -1.008166677446e-01, 1.797693134862e+308, 0.0000e+00, 0.0000e+00, 
 2DIAGNOSTIC,     2, -1.008046051453e-01, 1.797693134862e+308, 0.0000e+00, 0.0000e+00, 
 2DIAGNOSTIC,     3, -1.009095858499e-01, 1.797693134862e+308, 0.0000e+00, 0.0000e+00, 
 2DIAGNOSTIC,     4, -1.009351087406e-01, 1.797693134862e+308, 0.0000e+00, 0.0000e+00, 
 2DIAGNOSTIC,     5, -1.011982081938e-01, 1.797693134862e+308, 0.0000e+00, 0.0000e+00, 
 2DIAGNOSTIC,     6, -1.013923855323e-01, 1.797693134862e+308, 0.0000e+00, 0.0000e+00, 
 2DIAGNOSTIC,     7, -1.014844644294e-01, 1.797693134862e+308, 0.0000e+00, 0.0000e+00, 
 2DIAGNOSTIC,     8, -1.015586262099e-01, 1.797693134862e+308, 0.0000e+00, 0.0000e+00, 
 2DIAGNOSTIC,     9, -1.016081400602e-01, 1.797693134862e+308, 0.0000e+00, 0.0000e+00, 
 2DIAGNOSTIC,    10, -1.017515392061e-01, 6.683554510345e-04, 0.0000e+00, 0.0000e+00, 
 2DIAGNOSTIC,    11, -1.019706908413e-01, 6.522207645227e-04, 0.0000e+00, 0.0000e+00, 
 2DIAGNOSTIC,    12, -1.025409121314e-01, 7.093105964247e-04, 0.0000e+00, 0.0000e+00, 
 2DIAGNOSTIC,    13, -1.031238602890e-01, 8.397050514910e-04, 0.0000e+00, 0.0000e+00, 
 2DIAGNOSTIC,    14, -1.039326998260e-01, 1.038719381656e-03, 0.0000e+00, 0.0000e+00, 
 2DIAGNOSTIC,    15, -1.050225140404e-01, 1.364107356541e-03, 0.0000e+00, 0.0000e+00, 
 2DIAGNOSTIC,    16, -1.056976754237e-01, 1.669966625228e-03, 0.0000e+00, 0.0000e+00, 
 2DIAGNOSTIC,    17, -1.058183066160e-01, 1.819063237115e-03, 0.0000e+00, 0.0000e+00, 
 2DIAGNOSTIC,    18, -1.069410246481e-01, 1.968101792511e-03, 0.0000e+00, 0.0000e+00, 
 2DIAGNOSTIC,    19, -1.072396537206e-01, 1.964550986151e-03, 0.0000e+00, 0.0000e+00, 
 2DIAGNOSTIC,    20, -1.076063800620e-01, 1.848218149541e-03, 0.0000e+00, 0.0000e+00, 
 2DIAGNOSTIC,    21, -1.080066255709e-01, 1.652332726820e-03, 0.0000e+00, 0.0000e+00, 
 2DIAGNOSTIC,    22, -1.157795609253e-01, 2.353668098058e-03, 0.0000e+00, 0.0000e+00, 
 2DIAGNOSTIC,    23, -1.157784039318e-01, 2.809695514719e-03, 0.0000e+00, 0.0000e+00, 
 2DIAGNOSTIC,    24, -1.160342735502e-01, 3.089226771189e-03, 0.0000e+00, 0.0000e+00, 
 2DIAGNOSTIC,    25, -1.165468860985e-01, 3.239513630371e-03, 0.0000e+00, 0.0000e+00, 
 2DIAGNOSTIC,    26, -1.166167998135e-01, 3.147068087060e-03, 0.0000e+00, 0.0000e+00, 
 2DIAGNOSTIC,    27, -1.165794256495e-01, 2.760387935754e-03, 0.0000e+00, 0.0000e+00, 
 2DIAGNOSTIC,    28, -1.166230614822e-01, 2.253905628953e-03, 0.0000e+00, 0.0000e+00, 
 2DIAGNOSTIC,    29, -1.166762144441e-01, 1.616040338280e-03, 0.0000e+00, 0.0000e+00, 
 2DIAGNOSTIC,    30, -1.166646820396e-01, 9.097302110552e-04, 0.0000e+00, 0.0000e+00, 
 2DIAGNOSTIC,    31, -1.166555112300e-01, 1.815715459449e-04, 0.0000e+00, 0.0000e+00, 
 2DIAGNOSTIC,    32, -1.166116865963e-01, 1.230009518327e-04, 0.0000e+00, 0.0000e+00, 
 2DIAGNOSTIC,    33, -1.166046288903e-01, 5.597994467545e-05, 0.0000e+00, 0.0000e+00, 
 2DIAGNOSTIC,    34, -1.165951414499e-01, 5.673254597313e-06, 0.0000e+00, 0.0000e+00, 
DIAGNOSTIC,Iteration,metricValue,convergenceValue,ITERATION_TIME_INDEX,SINCE_LAST
 2DIAGNOSTIC,     1, -1.024767987369e-01, 1.797693134862e+308, 0.0000e+00, 0.0000e+00, 
 2DIAGNOSTIC,     2, -1.025024167480e-01, 1.797693134862e+308, 0.0000e+00, 0.0000e+00, 
 2DIAGNOSTIC,     3, -1.025402903079e-01, 1.797693134862e+308, 0.0000e+00, 0.0000e+00, 
 2DIAGNOSTIC,     4, -1.025180534664e-01, 1.797693134862e+308, 0.0000e+00, 0.0000e+00, 
 2DIAGNOSTIC,     5, -1.025381559611e-01, 1.797693134862e+308, 0.0000e+00, 0.0000e+00, 
 2DIAGNOSTIC,     6, -1.025672479616e-01, 1.797693134862e+308, 0.0000e+00, 0.0000e+00, 
 2DIAGNOSTIC,     7, -1.025847597202e-01, 1.797693134862e+308, 0.0000e+00, 0.0000e+00, 
 2DIAGNOSTIC,     8, -1.025748342318e-01, 1.797693134862e+308, 0.0000e+00, 0.0000e+00, 
 2DIAGNOSTIC,     9, -1.025711915093e-01, 1.797693134862e+308, 0.0000e+00, 0.0000e+00, 
 2DIAGNOSTIC,    10, -1.025822499592e-01, 6.256420288808e-05, 0.0000e+00, 0.0000e+00, 
 2DIAGNOSTIC,    11, -1.025666088224e-01, 3.985692302846e-05, 0.0000e+00, 0.0000e+00, 
 2DIAGNOSTIC,    12, -1.025768449889e-01, 2.543964363444e-05, 0.0000e+00, 0.0000e+00, 
 2DIAGNOSTIC,    13, -1.025659485110e-01, 1.694496573286e-05, 0.0000e+00, 0.0000e+00, 
 2DIAGNOSTIC,    14, -1.025646085945e-01, 3.518262454330e-06, 0.0000e+00, 0.0000e+00, 
DIAGNOSTIC,Iteration,metricValue,convergenceValue,ITERATION_TIME_INDEX,SINCE_LAST
 2DIAGNOSTIC,     1, -9.705076370870e-02, 1.797693134862e+308, 0.0000e+00, 0.0000e+00, 
 2DIAGNOSTIC,     2, -9.706114923673e-02, 1.797693134862e+308, 0.0000e+00, 0.0000e+00, 
 2DIAGNOSTIC,     3, -9.706457891004e-02, 1.797693134862e+308, 0.0000e+00, 0.0000e+00, 
 2DIAGNOSTIC,     4, -9.706646784263e-02, 1.797693134862e+308, 0.0000e+00, 0.0000e+00, 
 2DIAGNOSTIC,     5, -9.704615352345e-02, 1.797693134862e+308, 0.0000e+00, 0.0000e+00, 
 2DIAGNOSTIC,     6, -9.705677497920e-02, 1.797693134862e+308, 0.0000e+00, 0.0000e+00, 
 2DIAGNOSTIC,     7, -9.707275425515e-02, 1.797693134862e+308, 0.0000e+00, 0.0000e+00, 
 2DIAGNOSTIC,     8, -9.708739339907e-02, 1.797693134862e+308, 0.0000e+00, 0.0000e+00, 
 2DIAGNOSTIC,     9, -9.708445855487e-02, 1.797693134862e+308, 0.0000e+00, 0.0000e+00, 
 2DIAGNOSTIC,    10, -9.706820500153e-02, 1.713939066451e-05, 0.0000e+00, 0.0000e+00, 
 2DIAGNOSTIC,    11, -9.706820500153e-02, 1.191700543504e-05, 0.0000e+00, 0.0000e+00, 
 2DIAGNOSTIC,    12, -9.706820500153e-02, 8.782711743857e-06, 0.0000e+00, 0.0000e+00, 
 2DIAGNOSTIC,    13, -9.706820500153e-02, 5.955205102631e-06, 0.0000e+00, 0.0000e+00, 
 2DIAGNOSTIC,    14, -9.706820500153e-02, 3.601104028486e-06, 0.0000e+00, 0.0000e+00, 
  Elapsed time (stage 0): 0.0000e+00


Total elapsed time: 0.0000e+00
Info [verificarlo]: loaded backend libinterflop_vprec.so
Info [interflop-vprec]: load backend with: 
Info [interflop-vprec]: precision-binary32 = 11
Info [interflop-vprec]: range-binary32 = 8
Info [interflop-vprec]: precision-binary64 = 11
Info [interflop-vprec]: range-binary64 = 8
Info [interflop-vprec]: mode = ob
Info [interflop-vprec]: error-mode = rel
Info [interflop-vprec]: max-abs-error-exponent = -1022
Info [interflop-vprec]: daz = false
Info [interflop-vprec]: ftz = false
Info [interflop-vprec]: 	instrument = none
Info [interflop-vprec]: 	prec-input-file = (null)
Info [interflop-vprec]: 	prec-output-file = (null)
Info [interflop-vprec]: 	prec-log-file = (null)
All_Command_lines_OK
Using double precision for computations.
=============================================================================
The composite transform comprises the following transforms (in order): 
  1. /home/mdugre/scratch/mri-registration-rp/datasets/ds004513/derivatives/mri-registration-rp/1111/antsRegistration-r8-p11/sub-s037/rigid_Composite.h5[0] (type = Euler3DTransform)
  2. /home/mdugre/scratch/mri-registration-rp/datasets/ds004513/derivatives/mri-registration-rp/1111/antsRegistration-r8-p11/sub-s037/rigid_Composite.h5[1] (type = Euler3DTransform)
  3. /home/mdugre/scratch/mri-registration-rp/datasets/ds004513/derivatives/mri-registration-rp/1111/antsRegistration-r8-p11/sub-s037/rigid_Composite.h5[2] (type = Euler3DTransform)
=============================================================================
  number of levels = 4
  fixed image: /templateflow/tpl-MNI152NLin2009cAsym/tpl-MNI152NLin2009cAsym_res-01_desc-brain_T1w.nii.gz
  moving image: /home/mdugre/scratch/mri-registration-rp/datasets/ds004513/derivatives/mri-registration-rp/antsBrainExtraction/sub-s037/BrainExtractionBrain.nii.gz
Dimension = 3
Number of stages = 1
Use histogram matching = false
Winsorize image intensities = true
  Lower quantile = 0.005
  Upper quantile = 0.995


Stage 1 State
   Image metric = MattesMI
     Fixed image = Image (0x45df490)
  RTTI typeinfo:   itk::Image<double, 3u>
  Reference Count: 2
  Modified Time: 1592
  Debug: Off
  Object Name: 
  Observers: 
    none
  Source: (none)
  Source output name: (none)
  Release Data: Off
  Data Released: False
  Global Release Data: Off
  PipelineMTime: 0
  UpdateMTime: 1203
  RealTimeStamp: 0 seconds 
  LargestPossibleRegion: 
    Dimension: 3
    Index: [0, 0, 0]
    Size: [193, 229, 193]
  BufferedRegion: 
    Dimension: 3
    Index: [0, 0, 0]
    Size: [193, 229, 193]
  RequestedRegion: 
    Dimension: 3
    Index: [0, 0, 0]
    Size: [193, 229, 193]
  Spacing: [1, 1, 1]
  Origin: [96, 132, -78]
  Direction: 
-1 0 0
0 -1 0
0 0 1

  IndexToPointMatrix: 
-1 0 0
0 -1 0
0 0 1

  PointToIndexMatrix: 
-1 0 0
0 -1 0
0 0 1

  Inverse Direction: 
-1 0 0
0 -1 0
0 0 1

  PixelContainer: 
    ImportImageContainer (0x46ad4c0)
      RTTI typeinfo:   itk::ImportImageContainer<unsigned long, double>
      Reference Count: 1
      Modified Time: 1200
      Debug: Off
      Object Name: 
      Observers: 
        none
      Pointer: 0x153e0d275010
      Container manages memory: true
      Size: 8530021
      Capacity: 8530021

     Moving image = Image (0x469ab20)
  RTTI typeinfo:   itk::Image<double, 3u>
  Reference Count: 2
  Modified Time: 1593
  Debug: Off
  Object Name: 
  Observers: 
    none
  Source: (none)
  Source output name: (none)
  Release Data: Off
  Data Released: False
  Global Release Data: Off
  PipelineMTime: 0
  UpdateMTime: 1590
  RealTimeStamp: 0 seconds 
  LargestPossibleRegion: 
    Dimension: 3
    Index: [0, 0, 0]
    Size: [160, 240, 256]
  BufferedRegion: 
    Dimension: 3
    Index: [0, 0, 0]
    Size: [160, 240, 256]
  RequestedRegion: 
    Dimension: 3
    Index: [0, 0, 0]
    Size: [160, 240, 256]
  Spacing: [1, 1, 1]
  Origin: [87.9375, 102.562, -147.625]
  Direction: 
-0.998535 -0.0436249 -0.0279083
0.0435944 -0.999023 0.00121832
-0.0279388 0 0.999512

  IndexToPointMatrix: 
-0.998535 -0.0436249 -0.0279083
0.0435944 -0.999023 0.00121832
-0.0279388 0 0.999512

  PointToIndexMatrix: 
-0.998535 0.0435944 -0.0279388
-0.0436249 -0.999023 0
-0.027916 0.00134277 0.999756

  Inverse Direction: 
-0.998535 0.0435944 -0.0279388
-0.0436249 -0.999023 0
-0.027916 0.00134277 0.999756

  PixelContainer: 
    ImportImageContainer (0x476d690)
      RTTI typeinfo:   itk::ImportImageContainer<unsigned long, double>
      Reference Count: 1
      Modified Time: 1587
      Debug: Off
      Object Name: 
      Observers: 
        none
      Pointer: 0x153e08774010
      Container manages memory: true
      Size: 9830400
      Capacity: 9830400

     Weighting = 1
     Sampling strategy = regular
     Number of bins = 32
     Radius = 4
     Sampling percentage  = 0.25
   Transform = Affine
     Gradient step = 0.1
     Update field sigma (voxel space) = 0
     Total field sigma (voxel space) = 0
     Update field time sigma = 0
     Total field time sigma  = 0
     Number of time indices = 0
     Number of time point samples = 0
Registration using 1 total stages.

Stage 0
  iterations = 1000x500x250x100
  convergence threshold = 1e-06
  convergence window size = 10
  number of levels = 4
  using the Mattes MI metric (number of bins = 32, weight = 1, use gradient filter = 0)
  preprocessing:  winsorizing the image intensities
  Shrink factors (level 1 out of 4): [8, 8, 8]
  Shrink factors (level 2 out of 4): [4, 4, 4]
  Shrink factors (level 3 out of 4): [2, 2, 2]
  Shrink factors (level 4 out of 4): [1, 1, 1]
  smoothing sigmas per level: [3, 2, 1, 0]
  regular sampling (percentage = 0.25)

*** Running AffineTransform registration ***

DIAGNOSTIC,Iteration,metricValue,convergenceValue,ITERATION_TIME_INDEX,SINCE_LAST
 2DIAGNOSTIC,     1, -1.384228078837e-01, 1.797693134862e+308, 0.0000e+00, 0.0000e+00, 
 2DIAGNOSTIC,     2, -1.387779518553e-01, 1.797693134862e+308, 0.0000e+00, 0.0000e+00, 
 2DIAGNOSTIC,     3, -1.390083881234e-01, 1.797693134862e+308, 0.0000e+00, 0.0000e+00, 
 2DIAGNOSTIC,     4, -1.392133610663e-01, 1.797693134862e+308, 0.0000e+00, 0.0000e+00, 
 2DIAGNOSTIC,     5, -1.391361794378e-01, 1.797693134862e+308, 0.0000e+00, 0.0000e+00, 
 2DIAGNOSTIC,     6, -1.391490301105e-01, 1.797693134862e+308, 0.0000e+00, 0.0000e+00, 
 2DIAGNOSTIC,     7, -1.388141748461e-01, 1.797693134862e+308, 0.0000e+00, 0.0000e+00, 
 2DIAGNOSTIC,     8, -1.387743744457e-01, 1.797693134862e+308, 0.0000e+00, 0.0000e+00, 
 2DIAGNOSTIC,     9, -1.389470181515e-01, 1.797693134862e+308, 0.0000e+00, 0.0000e+00, 
DIAGNOSTIC,Iteration,metricValue,convergenceValue,ITERATION_TIME_INDEX,SINCE_LAST
 2DIAGNOSTIC,     1, -1.160716034656e-01, 1.797693134862e+308, 0.0000e+00, 0.0000e+00, 
 2DIAGNOSTIC,     2, -1.161580882787e-01, 1.797693134862e+308, 0.0000e+00, 0.0000e+00, 
 2DIAGNOSTIC,     3, -1.161186787670e-01, 1.797693134862e+308, 0.0000e+00, 0.0000e+00, 
 2DIAGNOSTIC,     4, -1.161277791001e-01, 1.797693134862e+308, 0.0000e+00, 0.0000e+00, 
 2DIAGNOSTIC,     5, -1.160717205121e-01, 1.797693134862e+308, 0.0000e+00, 0.0000e+00, 
 2DIAGNOSTIC,     6, -1.160814006215e-01, 1.797693134862e+308, 0.0000e+00, 0.0000e+00, 
 2DIAGNOSTIC,     7, -1.160718614362e-01, 1.797693134862e+308, 0.0000e+00, 0.0000e+00, 
 2DIAGNOSTIC,     8, -1.160513940342e-01, 1.797693134862e+308, 0.0000e+00, 0.0000e+00, 
 2DIAGNOSTIC,     9, -1.160574060042e-01, 1.797693134862e+308, 0.0000e+00, 0.0000e+00, 
DIAGNOSTIC,Iteration,metricValue,convergenceValue,ITERATION_TIME_INDEX,SINCE_LAST
 2DIAGNOSTIC,     1, -1.024294917526e-01, 1.797693134862e+308, 0.0000e+00, 0.0000e+00, 
 2DIAGNOSTIC,     2, -1.023350708222e-01, 1.797693134862e+308, 0.0000e+00, 0.0000e+00, 
 2DIAGNOSTIC,     3, -1.022703752955e-01, 1.797693134862e+308, 0.0000e+00, 0.0000e+00, 
 2DIAGNOSTIC,     4, -1.022911767511e-01, 1.797693134862e+308, 0.0000e+00, 0.0000e+00, 
 2DIAGNOSTIC,     5, -1.022767145116e-01, 1.797693134862e+308, 0.0000e+00, 0.0000e+00, 
 2DIAGNOSTIC,     6, -1.022921385906e-01, 1.797693134862e+308, 0.0000e+00, 0.0000e+00, 
 2DIAGNOSTIC,     7, -1.022945837367e-01, 1.797693134862e+308, 0.0000e+00, 0.0000e+00, 
 2DIAGNOSTIC,     8, -1.022902813427e-01, 1.797693134862e+308, 0.0000e+00, 0.0000e+00, 
 2DIAGNOSTIC,     9, -1.022886706711e-01, 1.797693134862e+308, 0.0000e+00, 0.0000e+00, 
DIAGNOSTIC,Iteration,metricValue,convergenceValue,ITERATION_TIME_INDEX,SINCE_LAST
 2DIAGNOSTIC,     1, -9.673507956598e-02, 1.797693134862e+308, 0.0000e+00, 0.0000e+00, 
 2DIAGNOSTIC,     2, -9.673337541772e-02, 1.797693134862e+308, 0.0000e+00, 0.0000e+00, 
 2DIAGNOSTIC,     3, -9.673295040662e-02, 1.797693134862e+308, 0.0000e+00, 0.0000e+00, 
 2DIAGNOSTIC,     4, -9.673295040662e-02, 1.797693134862e+308, 0.0000e+00, 0.0000e+00, 
 2DIAGNOSTIC,     5, -9.673295040662e-02, 1.797693134862e+308, 0.0000e+00, 0.0000e+00, 
 2DIAGNOSTIC,     6, -9.673295040662e-02, 1.797693134862e+308, 0.0000e+00, 0.0000e+00, 
 2DIAGNOSTIC,     7, -9.673295040662e-02, 1.797693134862e+308, 0.0000e+00, 0.0000e+00, 
 2DIAGNOSTIC,     8, -9.673295040662e-02, 1.797693134862e+308, 0.0000e+00, 0.0000e+00, 
 2DIAGNOSTIC,     9, -9.673295040662e-02, 1.797693134862e+308, 0.0000e+00, 0.0000e+00, 
  Elapsed time (stage 0): 0.0000e+00


Total elapsed time: 0.0000e+00
Info [verificarlo]: loaded backend libinterflop_vprec.so
Info [interflop-vprec]: load backend with: 
Info [interflop-vprec]: precision-binary32 = 11
Info [interflop-vprec]: range-binary32 = 8
Info [interflop-vprec]: precision-binary64 = 11
Info [interflop-vprec]: range-binary64 = 8
Info [interflop-vprec]: mode = ob
Info [interflop-vprec]: error-mode = rel
Info [interflop-vprec]: max-abs-error-exponent = -1022
Info [interflop-vprec]: daz = false
Info [interflop-vprec]: ftz = false
Info [interflop-vprec]: 	instrument = none
Info [interflop-vprec]: 	prec-input-file = (null)
Info [interflop-vprec]: 	prec-output-file = (null)
Info [interflop-vprec]: 	prec-log-file = (null)
All_Command_lines_OK
Using double precision for computations.
=============================================================================
The composite transform comprises the following transforms (in order): 
  1. /home/mdugre/scratch/mri-registration-rp/datasets/ds004513/derivatives/mri-registration-rp/1111/antsRegistration-r8-p11/sub-s037/affine_Composite.h5[0] (type = Euler3DTransform)
  2. /home/mdugre/scratch/mri-registration-rp/datasets/ds004513/derivatives/mri-registration-rp/1111/antsRegistration-r8-p11/sub-s037/affine_Composite.h5[1] (type = Euler3DTransform)
  3. /home/mdugre/scratch/mri-registration-rp/datasets/ds004513/derivatives/mri-registration-rp/1111/antsRegistration-r8-p11/sub-s037/affine_Composite.h5[2] (type = Euler3DTransform)
  4. /home/mdugre/scratch/mri-registration-rp/datasets/ds004513/derivatives/mri-registration-rp/1111/antsRegistration-r8-p11/sub-s037/affine_Composite.h5[3] (type = AffineTransform)
=============================================================================
  number of levels = 4
  fixed image: /templateflow/tpl-MNI152NLin2009cAsym/tpl-MNI152NLin2009cAsym_res-01_desc-brain_T1w.nii.gz
  moving image: /home/mdugre/scratch/mri-registration-rp/datasets/ds004513/derivatives/mri-registration-rp/antsBrainExtraction/sub-s037/BrainExtractionBrain.nii.gz
Dimension = 3
Number of stages = 1
Use histogram matching = false
Winsorize image intensities = true
  Lower quantile = 0.005
  Upper quantile = 0.995


Stage 1 State
   Image metric = CC
     Fixed image = Image (0x468c6f0)
  RTTI typeinfo:   itk::Image<double, 3u>
  Reference Count: 2
  Modified Time: 1606
  Debug: Off
  Object Name: 
  Observers: 
    none
  Source: (none)
  Source output name: (none)
  Release Data: Off
  Data Released: False
  Global Release Data: Off
  PipelineMTime: 0
  UpdateMTime: 1217
  RealTimeStamp: 0 seconds 
  LargestPossibleRegion: 
    Dimension: 3
    Index: [0, 0, 0]
    Size: [193, 229, 193]
  BufferedRegion: 
    Dimension: 3
    Index: [0, 0, 0]
    Size: [193, 229, 193]
  RequestedRegion: 
    Dimension: 3
    Index: [0, 0, 0]
    Size: [193, 229, 193]
  Spacing: [1, 1, 1]
  Origin: [96, 132, -78]
  Direction: 
-1 0 0
0 -1 0
0 0 1

  IndexToPointMatrix: 
-1 0 0
0 -1 0
0 0 1

  PointToIndexMatrix: 
-1 0 0
0 -1 0
0 0 1

  Inverse Direction: 
-1 0 0
0 -1 0
0 0 1

  PixelContainer: 
    ImportImageContainer (0x475cbe0)
      RTTI typeinfo:   itk::ImportImageContainer<unsigned long, double>
      Reference Count: 1
      Modified Time: 1214
      Debug: Off
      Object Name: 
      Observers: 
        none
      Pointer: 0x14d822f69010
      Container manages memory: true
      Size: 8530021
      Capacity: 8530021

     Moving image = Image (0x4747f80)
  RTTI typeinfo:   itk::Image<double, 3u>
  Reference Count: 2
  Modified Time: 1607
  Debug: Off
  Object Name: 
  Observers: 
    none
  Source: (none)
  Source output name: (none)
  Release Data: Off
  Data Released: False
  Global Release Data: Off
  PipelineMTime: 0
  UpdateMTime: 1604
  RealTimeStamp: 0 seconds 
  LargestPossibleRegion: 
    Dimension: 3
    Index: [0, 0, 0]
    Size: [160, 240, 256]
  BufferedRegion: 
    Dimension: 3
    Index: [0, 0, 0]
    Size: [160, 240, 256]
  RequestedRegion: 
    Dimension: 3
    Index: [0, 0, 0]
    Size: [160, 240, 256]
  Spacing: [1, 1, 1]
  Origin: [87.9375, 102.562, -147.625]
  Direction: 
-0.998535 -0.0436249 -0.0279083
0.0435944 -0.999023 0.00121832
-0.0279388 0 0.999512

  IndexToPointMatrix: 
-0.998535 -0.0436249 -0.0279083
0.0435944 -0.999023 0.00121832
-0.0279388 0 0.999512

  PointToIndexMatrix: 
-0.998535 0.0435944 -0.0279388
-0.0436249 -0.999023 0
-0.027916 0.00134277 0.999756

  Inverse Direction: 
-0.998535 0.0435944 -0.0279388
-0.0436249 -0.999023 0
-0.027916 0.00134277 0.999756

  PixelContainer: 
    ImportImageContainer (0x4804490)
      RTTI typeinfo:   itk::ImportImageContainer<unsigned long, double>
      Reference Count: 1
      Modified Time: 1601
      Debug: Off
      Object Name: 
      Observers: 
        none
      Pointer: 0x14d81e468010
      Container manages memory: true
      Size: 9830400
      Capacity: 9830400

     Weighting = 1
     Sampling strategy = none
     Number of bins = 32
     Radius = 4
     Sampling percentage  = 1
   Transform = SyN
     Gradient step = 0.1
     Update field sigma (voxel space) = 3
     Total field sigma (voxel space) = 0
     Update field time sigma = 0
     Total field time sigma  = 0
     Number of time indices = 0
     Number of time point samples = 0
Registration using 1 total stages.

Stage 0
  iterations = 100x70x50x20
  convergence threshold = 1e-06
  convergence window size = 10
  number of levels = 4
  using the CC metric (radius = 4, weight = 1, use gradient filter = 0)
  preprocessing:  winsorizing the image intensities
  Shrink factors (level 1 out of 4): [8, 8, 8]
  Shrink factors (level 2 out of 4): [4, 4, 4]
  Shrink factors (level 3 out of 4): [2, 2, 2]
  Shrink factors (level 4 out of 4): [1, 1, 1]
  smoothing sigmas per level: [3, 2, 1, 0]
  Using default NONE metricSamplingStrategy 

*** Running SyN registration (varianceForUpdateField = 3, varianceForTotalField = 0) ***

XXDIAGNOSTIC,Iteration,metricValue,convergenceValue,ITERATION_TIME_INDEX,SINCE_LAST
 1DIAGNOSTIC,     1, -5.659179687500e-01, 1.797693134862e+308, 0.0000e+00, 0.0000e+00, 
 1DIAGNOSTIC,     2, -5.659179687500e-01, 1.797693134862e+308, 0.0000e+00, 0.0000e+00, 
 1DIAGNOSTIC,     3, -5.664062500000e-01, 1.797693134862e+308, 0.0000e+00, 0.0000e+00, 
 1DIAGNOSTIC,     4, -5.666503906250e-01, 1.797693134862e+308, 0.0000e+00, 0.0000e+00, 
 1DIAGNOSTIC,     5, -5.671386718750e-01, 1.797693134862e+308, 0.0000e+00, 0.0000e+00, 
 1DIAGNOSTIC,     6, -5.673828125000e-01, 1.797693134862e+308, 0.0000e+00, 0.0000e+00, 
 1DIAGNOSTIC,     7, -5.676269531250e-01, 1.797693134862e+308, 0.0000e+00, 0.0000e+00, 
 1DIAGNOSTIC,     8, -5.678710937500e-01, 1.797693134862e+308, 0.0000e+00, 0.0000e+00, 
 1DIAGNOSTIC,     9, -5.681152343750e-01, 1.797693134862e+308, 0.0000e+00, 0.0000e+00, 
 1DIAGNOSTIC,    10, -5.683593750000e-01, 2.949293479491e-04, 0.0000e+00, 0.0000e+00, 
 1DIAGNOSTIC,    11, -5.683593750000e-01, 2.531629299318e-04, 0.0000e+00, 0.0000e+00, 
 1DIAGNOSTIC,    12, -5.686035156250e-01, 2.057706737835e-04, 0.0000e+00, 0.0000e+00, 
 1DIAGNOSTIC,    13, -5.686035156250e-01, 1.656842527094e-04, 0.0000e+00, 0.0000e+00, 
 1DIAGNOSTIC,    14, -5.686035156250e-01, 1.246609031114e-04, 0.0000e+00, 0.0000e+00, 
 1DIAGNOSTIC,    15, -5.683593750000e-01, 8.585101146076e-05, 0.0000e+00, 0.0000e+00, 
 1DIAGNOSTIC,    16, -5.683593750000e-01, 5.182704022560e-05, 0.0000e+00, 0.0000e+00, 
 1DIAGNOSTIC,    17, -5.683593750000e-01, 2.401764043053e-05, 0.0000e+00, 0.0000e+00, 
 1DIAGNOSTIC,    18, -5.683593750000e-01, 3.624538468854e-06, 0.0000e+00, 0.0000e+00, 
 1DIAGNOSTIC,    19, -5.681152343750e-01, -1.501123381503e-05, 0.0000e+00, 0.0000e+00, 
XXDIAGNOSTIC,Iteration,metricValue,convergenceValue,ITERATION_TIME_INDEX,SINCE_LAST
 1DIAGNOSTIC,     1, -7.976074218750e-01, 1.797693134862e+308, 0.0000e+00, 0.0000e+00, 
 1DIAGNOSTIC,     2, -7.978515625000e-01, 1.797693134862e+308, 0.0000e+00, 0.0000e+00, 
 1DIAGNOSTIC,     3, -7.980957031250e-01, 1.797693134862e+308, 0.0000e+00, 0.0000e+00, 
 1DIAGNOSTIC,     4, -7.983398437500e-01, 1.797693134862e+308, 0.0000e+00, 0.0000e+00, 
 1DIAGNOSTIC,     5, -7.985839843750e-01, 1.797693134862e+308, 0.0000e+00, 0.0000e+00, 
 1DIAGNOSTIC,     6, -7.985839843750e-01, 1.797693134862e+308, 0.0000e+00, 0.0000e+00, 
 1DIAGNOSTIC,     7, -7.988281250000e-01, 1.797693134862e+308, 0.0000e+00, 0.0000e+00, 
 1DIAGNOSTIC,     8, -7.990722656250e-01, 1.797693134862e+308, 0.0000e+00, 0.0000e+00, 
 1DIAGNOSTIC,     9, -7.990722656250e-01, 1.797693134862e+308, 0.0000e+00, 0.0000e+00, 
 1DIAGNOSTIC,    10, -7.993164062500e-01, 1.312925631677e-04, 0.0000e+00, 0.0000e+00, 
 1DIAGNOSTIC,    11, -7.995605468750e-01, 1.151026659116e-04, 0.0000e+00, 0.0000e+00, 
 1DIAGNOSTIC,    12, -7.995605468750e-01, 9.826179207831e-05, 0.0000e+00, 0.0000e+00, 
 1DIAGNOSTIC,    13, -7.998046875000e-01, 8.844456988764e-05, 0.0000e+00, 0.0000e+00, 
 1DIAGNOSTIC,    14, -7.998046875000e-01, 7.800444622758e-05, 0.0000e+00, 0.0000e+00, 
 1DIAGNOSTIC,    15, -7.998046875000e-01, 6.774122105660e-05, 0.0000e+00, 0.0000e+00, 
 1DIAGNOSTIC,    16, -8.000488281250e-01, 5.786318565602e-05, 0.0000e+00, 0.0000e+00, 
 1DIAGNOSTIC,    17, -8.000488281250e-01, 4.868331796980e-05, 0.0000e+00, 0.0000e+00, 
 1DIAGNOSTIC,    18, -8.000488281250e-01, 4.096413953399e-05, 0.0000e+00, 0.0000e+00, 
 1DIAGNOSTIC,    19, -8.002929687500e-01, 3.481382925956e-05, 0.0000e+00, 0.0000e+00, 
 1DIAGNOSTIC,    20, -8.002929687500e-01, 3.019150558747e-05, 0.0000e+00, 0.0000e+00, 
 1DIAGNOSTIC,    21, -8.002929687500e-01, 2.736059572531e-05, 0.0000e+00, 0.0000e+00, 
 1DIAGNOSTIC,    22, -8.002929687500e-01, 2.217010500299e-05, 0.0000e+00, 0.0000e+00, 
 1DIAGNOSTIC,    23, -8.005371093750e-01, 2.295228091617e-05, 0.0000e+00, 0.0000e+00, 
 1DIAGNOSTIC,    24, -8.005371093750e-01, 2.139632381905e-05, 0.0000e+00, 0.0000e+00, 
 1DIAGNOSTIC,    25, -8.005371093750e-01, 1.788603376535e-05, 0.0000e+00, 0.0000e+00, 
 1DIAGNOSTIC,    26, -8.005371093750e-01, 1.641077092825e-05, 0.0000e+00, 0.0000e+00, 
 1DIAGNOSTIC,    27, -8.007812500000e-01, 1.674020145916e-05, 0.0000e+00, 0.0000e+00, 
 1DIAGNOSTIC,    28, -8.007812500000e-01, 1.523684790022e-05, 0.0000e+00, 0.0000e+00, 
 1DIAGNOSTIC,    29, -8.007812500000e-01, 1.541567733809e-05, 0.0000e+00, 0.0000e+00, 
 1DIAGNOSTIC,    30, -8.007812500000e-01, 1.421966277323e-05, 0.0000e+00, 0.0000e+00, 
 1DIAGNOSTIC,    31, -8.007812500000e-01, 1.177876342009e-05, 0.0000e+00, 0.0000e+00, 
 1DIAGNOSTIC,    32, -8.007812500000e-01, 8.250696001313e-06, 0.0000e+00, 0.0000e+00, 
 1DIAGNOSTIC,    33, -8.010253906250e-01, 9.402110423079e-06, 0.0000e+00, 0.0000e+00, 
 1DIAGNOSTIC,    34, -8.010253906250e-01, 9.561862882715e-06, 0.0000e+00, 0.0000e+00, 
 1DIAGNOSTIC,    35, -8.010253906250e-01, 8.864064782246e-06, 0.0000e+00, 0.0000e+00, 
 1DIAGNOSTIC,    36, -8.010253906250e-01, 7.332654538828e-06, 0.0000e+00, 0.0000e+00, 
 1DIAGNOSTIC,    37, -8.010253906250e-01, 7.522038837041e-06, 0.0000e+00, 0.0000e+00, 
 1DIAGNOSTIC,    38, -8.010253906250e-01, 6.946207805437e-06, 0.0000e+00, 0.0000e+00, 
 1DIAGNOSTIC,    39, -8.010253906250e-01, 5.729989098417e-06, 0.0000e+00, 0.0000e+00, 
 1DIAGNOSTIC,    40, -8.010253906250e-01, 4.063775854418e-06, 0.0000e+00, 0.0000e+00, 
 1DIAGNOSTIC,    41, -8.010253906250e-01, 2.116893904405e-06, 0.0000e+00, 0.0000e+00, 
 1DIAGNOSTIC,    42, -8.010253906250e-01, 1.709802216476e-09, 0.0000e+00, 0.0000e+00, 
XXDIAGNOSTIC,Iteration,metricValue,convergenceValue,ITERATION_TIME_INDEX,SINCE_LAST
 1DIAGNOSTIC,     1, -9.311523437500e-01, 1.797693134862e+308, 0.0000e+00, 0.0000e+00, 
 1DIAGNOSTIC,     2, -9.313964843750e-01, 1.797693134862e+308, 0.0000e+00, 0.0000e+00, 
 1DIAGNOSTIC,     3, -9.313964843750e-01, 1.797693134862e+308, 0.0000e+00, 0.0000e+00, 
 1DIAGNOSTIC,     4, -9.316406250000e-01, 1.797693134862e+308, 0.0000e+00, 0.0000e+00, 
 1DIAGNOSTIC,     5, -9.316406250000e-01, 1.797693134862e+308, 0.0000e+00, 0.0000e+00, 
 1DIAGNOSTIC,     6, -9.316406250000e-01, 1.797693134862e+308, 0.0000e+00, 0.0000e+00, 
 1DIAGNOSTIC,     7, -9.318847656250e-01, 1.797693134862e+308, 0.0000e+00, 0.0000e+00, 
 1DIAGNOSTIC,     8, -9.318847656250e-01, 1.797693134862e+308, 0.0000e+00, 0.0000e+00, 
 1DIAGNOSTIC,     9, -9.318847656250e-01, 1.797693134862e+308, 0.0000e+00, 0.0000e+00, 
 1DIAGNOSTIC,    10, -9.318847656250e-01, 4.929525649529e-05, 0.0000e+00, 0.0000e+00, 
 1DIAGNOSTIC,    11, -9.318847656250e-01, 3.440815628973e-05, 0.0000e+00, 0.0000e+00, 
 1DIAGNOSTIC,    12, -9.321289062500e-01, 3.129759610754e-05, 0.0000e+00, 0.0000e+00, 
 1DIAGNOSTIC,    13, -9.321289062500e-01, 2.549132709896e-05, 0.0000e+00, 0.0000e+00, 
 1DIAGNOSTIC,    14, -9.321289062500e-01, 2.366980265257e-05, 0.0000e+00, 0.0000e+00, 
 1DIAGNOSTIC,    15, -9.321289062500e-01, 2.007188983823e-05, 0.0000e+00, 0.0000e+00, 
 1DIAGNOSTIC,    16, -9.321289062500e-01, 1.493335654870e-05, 0.0000e+00, 0.0000e+00, 
 1DIAGNOSTIC,    17, -9.321289062500e-01, 1.333001150048e-05, 0.0000e+00, 0.0000e+00, 
 1DIAGNOSTIC,    18, -9.321289062500e-01, 1.065870897939e-05, 0.0000e+00, 0.0000e+00, 
 1DIAGNOSTIC,    19, -9.323730468750e-01, 1.126372222179e-05, 0.0000e+00, 0.0000e+00, 
 1DIAGNOSTIC,    20, -9.323730468750e-01, 1.070024861940e-05, 0.0000e+00, 0.0000e+00, 
 1DIAGNOSTIC,    21, -9.323730468750e-01, 9.135296074325e-06, 0.0000e+00, 0.0000e+00, 
 1DIAGNOSTIC,    22, -9.323730468750e-01, 1.029921597148e-05, 0.0000e+00, 0.0000e+00, 
 1DIAGNOSTIC,    23, -9.323730468750e-01, 1.038674407260e-05, 0.0000e+00, 0.0000e+00, 
 1DIAGNOSTIC,    24, -9.323730468750e-01, 9.440582729545e-06, 0.0000e+00, 0.0000e+00, 
 1DIAGNOSTIC,    25, -9.323730468750e-01, 7.673051623434e-06, 0.0000e+00, 0.0000e+00, 
 1DIAGNOSTIC,    26, -9.323730468750e-01, 5.366882075822e-06, 0.0000e+00, 0.0000e+00, 
 1DIAGNOSTIC,    27, -9.323730468750e-01, 2.759684804149e-06, 0.0000e+00, 0.0000e+00, 
 1DIAGNOSTIC,    28, -9.323730468750e-01, 2.562529820282e-09, 0.0000e+00, 0.0000e+00, 
XXDIAGNOSTIC,Iteration,metricValue,convergenceValue,ITERATION_TIME_INDEX,SINCE_LAST
 1DIAGNOSTIC,     1, -9.890136718750e-01, 1.797693134862e+308, 0.0000e+00, 0.0000e+00, 
 1DIAGNOSTIC,     2, -9.890136718750e-01, 1.797693134862e+308, 0.0000e+00, 0.0000e+00, 
 1DIAGNOSTIC,     3, -9.892578125000e-01, 1.797693134862e+308, 0.0000e+00, 0.0000e+00, 
 1DIAGNOSTIC,     4, -9.892578125000e-01, 1.797693134862e+308, 0.0000e+00, 0.0000e+00, 
 1DIAGNOSTIC,     5, -9.892578125000e-01, 1.797693134862e+308, 0.0000e+00, 0.0000e+00, 
 1DIAGNOSTIC,     6, -9.892578125000e-01, 1.797693134862e+308, 0.0000e+00, 0.0000e+00, 
 1DIAGNOSTIC,     7, -9.892578125000e-01, 1.797693134862e+308, 0.0000e+00, 0.0000e+00, 
 1DIAGNOSTIC,     8, -9.892578125000e-01, 1.797693134862e+308, 0.0000e+00, 0.0000e+00, 
 1DIAGNOSTIC,     9, -9.892578125000e-01, 1.797693134862e+308, 0.0000e+00, 0.0000e+00, 
 1DIAGNOSTIC,    10, -9.892578125000e-01, 1.314740590069e-05, 0.0000e+00, 0.0000e+00, 
 1DIAGNOSTIC,    11, -9.892578125000e-01, 6.382509835076e-06, 0.0000e+00, 0.0000e+00, 
 1DIAGNOSTIC,    12, -9.892578125000e-01, 5.977301348326e-09, 0.0000e+00, 0.0000e+00, 
  Elapsed time (stage 0): 0


Total elapsed time: 0
WARNING: In /tmp/itk/source/Modules/IO/NIFTI/src/itkNiftiImageIO.cxx, line 2303
NiftiImageIO (0x4689b10): Non-orthogonal direction matrix coerced to orthogonal

