
##########################
# Experiment information #
##########################

EXPERIMENT_NAME: antsRegistration-r7-p20
VFC_BACKENDS: libinterflop_vprec.so --range-binary32=7 --precision-binary32=20 --range-binary64=7 --precision-binary64=20

SIF_IMG: /home/mdugre/projects/rrg-glatard/mdugre/containers/ants-vprec-no_metrics.simg

SUBJECT_ID: s026
INPUT_IMG: /home/mdugre/scratch/mri-registration-rp/datasets/ds004513/derivatives/mri-registration-rp/antsBrainExtraction/sub-s026/BrainExtractionBrain.nii.gz
OUTPUT_DIR: /home/mdugre/scratch/mri-registration-rp/datasets/ds004513/derivatives/mri-registration-rp/1111/antsRegistration-r7-p20/sub-s026

FIXED_IMG: /templateflow/tpl-MNI152NLin2009cAsym/tpl-MNI152NLin2009cAsym_res-01_desc-brain_T1w.nii.gz
DATA_DIR: /home/mdugre/scratch/mri-registration-rp/datasets/ds004513
TEMPLATEFLOW_DIR: /home/mdugre/projects/rrg-glatard/mdugre/templateflow
ITK_GLOBAL_DEFAULT_NUMBER_OF_THREADS: 16
##########################

Info [verificarlo]: loaded backend libinterflop_vprec.so
Info [interflop-vprec]: load backend with: 
Info [interflop-vprec]: precision-binary32 = 20
Info [interflop-vprec]: range-binary32 = 7
Info [interflop-vprec]: precision-binary64 = 20
Info [interflop-vprec]: range-binary64 = 7
Info [interflop-vprec]: mode = ob
Info [interflop-vprec]: error-mode = rel
Info [interflop-vprec]: max-abs-error-exponent = -1022
Info [interflop-vprec]: daz = false
Info [interflop-vprec]: ftz = false
Info [interflop-vprec]: 	instrument = none
Info [interflop-vprec]: 	prec-input-file = (null)
Info [interflop-vprec]: 	prec-output-file = (null)
Info [interflop-vprec]: 	prec-log-file = (null)
All_Command_lines_OK
Using double precision for computations.
=============================================================================
The composite transform comprises the following transforms (in order): 
  1. Center of mass alignment using fixed image: /templateflow/tpl-MNI152NLin2009cAsym/tpl-MNI152NLin2009cAsym_res-01_desc-brain_T1w.nii.gz and moving image: /home/mdugre/scratch/mri-registration-rp/datasets/ds004513/derivatives/mri-registration-rp/antsBrainExtraction/sub-s026/BrainExtractionBrain.nii.gz (type = Euler3DTransform)
=============================================================================
  number of levels = 1
  fixed image: /templateflow/tpl-MNI152NLin2009cAsym/tpl-MNI152NLin2009cAsym_res-01_desc-brain_T1w.nii.gz
  moving image: /home/mdugre/scratch/mri-registration-rp/datasets/ds004513/derivatives/mri-registration-rp/antsBrainExtraction/sub-s026/BrainExtractionBrain.nii.gz
Dimension = 3
Number of stages = 1
Use histogram matching = false
Winsorize image intensities = true
  Lower quantile = 0.005
  Upper quantile = 0.995


Stage 1 State
   Image metric = MattesMI
     Fixed image = Image (0x40f0b20)
  RTTI typeinfo:   itk::Image<double, 3u>
  Reference Count: 2
  Modified Time: 2334
  Debug: Off
  Object Name: 
  Observers: 
    none
  Source: (none)
  Source output name: (none)
  Release Data: Off
  Data Released: False
  Global Release Data: Off
  PipelineMTime: 0
  UpdateMTime: 1943
  RealTimeStamp: 0 seconds 
  LargestPossibleRegion: 
    Dimension: 3
    Index: [0, 0, 0]
    Size: [193, 229, 193]
  BufferedRegion: 
    Dimension: 3
    Index: [0, 0, 0]
    Size: [193, 229, 193]
  RequestedRegion: 
    Dimension: 3
    Index: [0, 0, 0]
    Size: [193, 229, 193]
  Spacing: [1, 1, 1]
  Origin: [96, 132, -78]
  Direction: 
-1 0 0
0 -1 0
0 0 1

  IndexToPointMatrix: 
-1 0 0
0 -1 0
0 0 1

  PointToIndexMatrix: 
-1 0 0
0 -1 0
0 0 1

  Inverse Direction: 
-1 0 0
0 -1 0
0 0 1

  PixelContainer: 
    ImportImageContainer (0x421c650)
      RTTI typeinfo:   itk::ImportImageContainer<unsigned long, double>
      Reference Count: 1
      Modified Time: 1940
      Debug: Off
      Object Name: 
      Observers: 
        none
      Pointer: 0x14f68c977010
      Container manages memory: true
      Size: 8530021
      Capacity: 8530021

     Moving image = Image (0x40f2ad0)
  RTTI typeinfo:   itk::Image<double, 3u>
  Reference Count: 2
  Modified Time: 2335
  Debug: Off
  Object Name: 
  Observers: 
    none
  Source: (none)
  Source output name: (none)
  Release Data: Off
  Data Released: False
  Global Release Data: Off
  PipelineMTime: 0
  UpdateMTime: 2332
  RealTimeStamp: 0 seconds 
  LargestPossibleRegion: 
    Dimension: 3
    Index: [0, 0, 0]
    Size: [160, 240, 256]
  BufferedRegion: 
    Dimension: 3
    Index: [0, 0, 0]
    Size: [160, 240, 256]
  RequestedRegion: 
    Dimension: 3
    Index: [0, 0, 0]
    Size: [160, 240, 256]
  Spacing: [1, 1, 1]
  Origin: [75.0981, 90.7039, -142.764]
  Direction: 
-0.998342 0.057564 0
-0.057564 -0.998342 0
0 0 1

  IndexToPointMatrix: 
-0.998344 0.057564 0
-0.0575642 -0.998342 0
0 0 1

  PointToIndexMatrix: 
-0.998339 -0.0575638 0
0.0575641 -0.998343 0
0 0 1

  Inverse Direction: 
-0.998343 -0.0575641 0
0.0575641 -0.998343 0
0 0 1

  PixelContainer: 
    ImportImageContainer (0x413a050)
      RTTI typeinfo:   itk::ImportImageContainer<unsigned long, double>
      Reference Count: 1
      Modified Time: 2329
      Debug: Off
      Object Name: 
      Observers: 
        none
      Pointer: 0x14f687e76010
      Container manages memory: true
      Size: 9830400
      Capacity: 9830400

     Weighting = 1
     Sampling strategy = regular
     Number of bins = 32
     Radius = 4
     Sampling percentage  = 0.25
   Transform = Rigid
     Gradient step = 0.1
     Update field sigma (voxel space) = 0
     Total field sigma (voxel space) = 0
     Update field time sigma = 0
     Total field time sigma  = 0
     Number of time indices = 0
     Number of time point samples = 0
Registration using 1 total stages.

Stage 0
  iterations = 0
  convergence threshold = 1e-06
  convergence window size = 10
  number of levels = 1
  using the Mattes MI metric (number of bins = 32, weight = 1, use gradient filter = 0)
  preprocessing:  winsorizing the image intensities
  Shrink factors (level 1 out of 1): [1, 1, 1]
  smoothing sigmas per level: [0]
  regular sampling (percentage = 0.25)

*** Running Euler3DTransform registration ***

  Elapsed time (stage 0): 0


Total elapsed time: 0
Info [verificarlo]: loaded backend libinterflop_vprec.so
Info [interflop-vprec]: load backend with: 
Info [interflop-vprec]: precision-binary32 = 20
Info [interflop-vprec]: range-binary32 = 7
Info [interflop-vprec]: precision-binary64 = 20
Info [interflop-vprec]: range-binary64 = 7
Info [interflop-vprec]: mode = ob
Info [interflop-vprec]: error-mode = rel
Info [interflop-vprec]: max-abs-error-exponent = -1022
Info [interflop-vprec]: daz = false
Info [interflop-vprec]: ftz = false
Info [interflop-vprec]: 	instrument = none
Info [interflop-vprec]: 	prec-input-file = (null)
Info [interflop-vprec]: 	prec-output-file = (null)
Info [interflop-vprec]: 	prec-log-file = (null)
All_Command_lines_OK
Using double precision for computations.
=============================================================================
The composite transform comprises the following transforms (in order): 
  1. /home/mdugre/scratch/mri-registration-rp/datasets/ds004513/derivatives/mri-registration-rp/1111/antsRegistration-r7-p20/sub-s026/align_Composite.h5[0] (type = Euler3DTransform)
  2. /home/mdugre/scratch/mri-registration-rp/datasets/ds004513/derivatives/mri-registration-rp/1111/antsRegistration-r7-p20/sub-s026/align_Composite.h5[1] (type = Euler3DTransform)
=============================================================================
  number of levels = 4
  fixed image: /templateflow/tpl-MNI152NLin2009cAsym/tpl-MNI152NLin2009cAsym_res-01_desc-brain_T1w.nii.gz
  moving image: /home/mdugre/scratch/mri-registration-rp/datasets/ds004513/derivatives/mri-registration-rp/antsBrainExtraction/sub-s026/BrainExtractionBrain.nii.gz
Dimension = 3
Number of stages = 1
Use histogram matching = false
Winsorize image intensities = true
  Lower quantile = 0.005
  Upper quantile = 0.995


Stage 1 State
   Image metric = MattesMI
     Fixed image = Image (0x439b1e0)
  RTTI typeinfo:   itk::Image<double, 3u>
  Reference Count: 2
  Modified Time: 1580
  Debug: Off
  Object Name: 
  Observers: 
    none
  Source: (none)
  Source output name: (none)
  Release Data: Off
  Data Released: False
  Global Release Data: Off
  PipelineMTime: 0
  UpdateMTime: 1189
  RealTimeStamp: 0 seconds 
  LargestPossibleRegion: 
    Dimension: 3
    Index: [0, 0, 0]
    Size: [193, 229, 193]
  BufferedRegion: 
    Dimension: 3
    Index: [0, 0, 0]
    Size: [193, 229, 193]
  RequestedRegion: 
    Dimension: 3
    Index: [0, 0, 0]
    Size: [193, 229, 193]
  Spacing: [1, 1, 1]
  Origin: [96, 132, -78]
  Direction: 
-1 0 0
0 -1 0
0 0 1

  IndexToPointMatrix: 
-1 0 0
0 -1 0
0 0 1

  PointToIndexMatrix: 
-1 0 0
0 -1 0
0 0 1

  Inverse Direction: 
-1 0 0
0 -1 0
0 0 1

  PixelContainer: 
    ImportImageContainer (0x445a6f0)
      RTTI typeinfo:   itk::ImportImageContainer<unsigned long, double>
      Reference Count: 1
      Modified Time: 1186
      Debug: Off
      Object Name: 
      Observers: 
        none
      Pointer: 0x14ce4d13d010
      Container manages memory: true
      Size: 8530021
      Capacity: 8530021

     Moving image = Image (0x4456c90)
  RTTI typeinfo:   itk::Image<double, 3u>
  Reference Count: 2
  Modified Time: 1581
  Debug: Off
  Object Name: 
  Observers: 
    none
  Source: (none)
  Source output name: (none)
  Release Data: Off
  Data Released: False
  Global Release Data: Off
  PipelineMTime: 0
  UpdateMTime: 1578
  RealTimeStamp: 0 seconds 
  LargestPossibleRegion: 
    Dimension: 3
    Index: [0, 0, 0]
    Size: [160, 240, 256]
  BufferedRegion: 
    Dimension: 3
    Index: [0, 0, 0]
    Size: [160, 240, 256]
  RequestedRegion: 
    Dimension: 3
    Index: [0, 0, 0]
    Size: [160, 240, 256]
  Spacing: [1, 1, 1]
  Origin: [75.0981, 90.7039, -142.764]
  Direction: 
-0.998342 0.057564 0
-0.057564 -0.998342 0
0 0 1

  IndexToPointMatrix: 
-0.998344 0.057564 0
-0.0575642 -0.998342 0
0 0 1

  PointToIndexMatrix: 
-0.998339 -0.0575638 0
0.0575641 -0.998343 0
0 0 1

  Inverse Direction: 
-0.998343 -0.0575641 0
0.0575641 -0.998343 0
0 0 1

  PixelContainer: 
    ImportImageContainer (0x4419010)
      RTTI typeinfo:   itk::ImportImageContainer<unsigned long, double>
      Reference Count: 1
      Modified Time: 1575
      Debug: Off
      Object Name: 
      Observers: 
        none
      Pointer: 0x14ce4863c010
      Container manages memory: true
      Size: 9830400
      Capacity: 9830400

     Weighting = 1
     Sampling strategy = regular
     Number of bins = 32
     Radius = 4
     Sampling percentage  = 0.25
   Transform = Rigid
     Gradient step = 0.1
     Update field sigma (voxel space) = 0
     Total field sigma (voxel space) = 0
     Update field time sigma = 0
     Total field time sigma  = 0
     Number of time indices = 0
     Number of time point samples = 0
Registration using 1 total stages.

Stage 0
  iterations = 1000x500x250x100
  convergence threshold = 1e-06
  convergence window size = 10
  number of levels = 4
  using the Mattes MI metric (number of bins = 32, weight = 1, use gradient filter = 0)
  preprocessing:  winsorizing the image intensities
  Shrink factors (level 1 out of 4): [8, 8, 8]
  Shrink factors (level 2 out of 4): [4, 4, 4]
  Shrink factors (level 3 out of 4): [2, 2, 2]
  Shrink factors (level 4 out of 4): [1, 1, 1]
  smoothing sigmas per level: [3, 2, 1, 0]
  regular sampling (percentage = 0.25)

*** Running Euler3DTransform registration ***

DIAGNOSTIC,Iteration,metricValue,convergenceValue,ITERATION_TIME_INDEX,SINCE_LAST
 2DIAGNOSTIC,     1, -4.766775395470e-01, 1.797693134862e+308, 0.0000e+00, 0.0000e+00, 
 2DIAGNOSTIC,     2, -4.778989230242e-01, 1.797693134862e+308, 0.0000e+00, 0.0000e+00, 
 2DIAGNOSTIC,     3, -4.801440084442e-01, 1.797693134862e+308, 0.0000e+00, 0.0000e+00, 
 2DIAGNOSTIC,     4, -4.839906246681e-01, 1.797693134862e+308, 0.0000e+00, 0.0000e+00, 
 2DIAGNOSTIC,     5, -4.887661783689e-01, 1.797693134862e+308, 0.0000e+00, 0.0000e+00, 
 2DIAGNOSTIC,     6, -4.990206045877e-01, 1.797693134862e+308, 0.0000e+00, 0.0000e+00, 
 2DIAGNOSTIC,     7, -5.093425325129e-01, 1.797693134862e+308, 0.0000e+00, 0.0000e+00, 
 2DIAGNOSTIC,     8, -5.345088016164e-01, 1.797693134862e+308, 0.0000e+00, 0.0000e+00, 
 2DIAGNOSTIC,     9, -5.390098105963e-01, 1.797693134862e+308, 0.0000e+00, 0.0000e+00, 
 2DIAGNOSTIC,    10, -5.466058584823e-01, 9.880455684751e-03, 0.0000e+00, 0.0000e+00, 
 2DIAGNOSTIC,    11, -5.475472115746e-01, 9.643601509341e-03, 0.0000e+00, 0.0000e+00, 
 2DIAGNOSTIC,    12, -5.489298959593e-01, 8.703944762352e-03, 0.0000e+00, 0.0000e+00, 
 2DIAGNOSTIC,    13, -5.517847261811e-01, 7.339823732500e-03, 0.0000e+00, 0.0000e+00, 
 2DIAGNOSTIC,    14, -5.528080052664e-01, 5.707566707224e-03, 0.0000e+00, 0.0000e+00, 
 2DIAGNOSTIC,    15, -5.528887509930e-01, 3.970044107582e-03, 0.0000e+00, 0.0000e+00, 
 2DIAGNOSTIC,    16, -5.528275458297e-01, 2.450681657290e-03, 0.0000e+00, 0.0000e+00, 
 2DIAGNOSTIC,    17, -5.528546812102e-01, 1.208236493325e-03, 0.0000e+00, 0.0000e+00, 
 2DIAGNOSTIC,    18, -5.528840964245e-01, 7.555959950966e-04, 0.0000e+00, 0.0000e+00, 
 2DIAGNOSTIC,    19, -5.528497552843e-01, 4.042059877997e-04, 0.0000e+00, 0.0000e+00, 
 2DIAGNOSTIC,    20, -5.529050858968e-01, 2.592554905596e-04, 0.0000e+00, 0.0000e+00, 
 2DIAGNOSTIC,    21, -5.529542750625e-01, 1.304100110320e-04, 0.0000e+00, 0.0000e+00, 
 2DIAGNOSTIC,    22, -5.530610287008e-01, 3.638236757676e-05, 0.0000e+00, 0.0000e+00, 
 2DIAGNOSTIC,    23, -5.530919241729e-01, 1.403544593920e-05, 0.0000e+00, 0.0000e+00, 
 2DIAGNOSTIC,    24, -5.531602667884e-01, 1.672256484302e-05, 0.0000e+00, 0.0000e+00, 
 2DIAGNOSTIC,    25, -5.534561960575e-01, 2.582136989442e-05, 0.0000e+00, 0.0000e+00, 
 2DIAGNOSTIC,    26, -5.562748381651e-01, 8.816587839456e-05, 0.0000e+00, 0.0000e+00, 
 2DIAGNOSTIC,    27, -5.567129731384e-01, 1.451464531962e-04, 0.0000e+00, 0.0000e+00, 
 2DIAGNOSTIC,    28, -5.572751501638e-01, 1.960703365582e-04, 0.0000e+00, 0.0000e+00, 
 2DIAGNOSTIC,    29, -5.586661450229e-01, 2.503525624815e-04, 0.0000e+00, 0.0000e+00, 
 2DIAGNOSTIC,    30, -5.644758330962e-01, 3.799525519764e-04, 0.0000e+00, 0.0000e+00, 
 2DIAGNOSTIC,    31, -5.654849217955e-01, 4.797081464609e-04, 0.0000e+00, 0.0000e+00, 
 2DIAGNOSTIC,    32, -5.657192819171e-01, 5.340517561218e-04, 0.0000e+00, 0.0000e+00, 
 2DIAGNOSTIC,    33, -5.665242359365e-01, 5.498714555652e-04, 0.0000e+00, 0.0000e+00, 
 2DIAGNOSTIC,    34, -5.673844911064e-01, 5.267322386065e-04, 0.0000e+00, 0.0000e+00, 
 2DIAGNOSTIC,    35, -5.681418789515e-01, 4.681069793262e-04, 0.0000e+00, 0.0000e+00, 
 2DIAGNOSTIC,    36, -5.689771827517e-01, 4.214216059341e-04, 0.0000e+00, 0.0000e+00, 
 2DIAGNOSTIC,    37, -5.698048832045e-01, 3.564999425736e-04, 0.0000e+00, 0.0000e+00, 
 2DIAGNOSTIC,    38, -5.716801685058e-01, 2.952282560047e-04, 0.0000e+00, 0.0000e+00, 
 2DIAGNOSTIC,    39, -5.775487151855e-01, 3.036514840139e-04, 0.0000e+00, 0.0000e+00, 
 2DIAGNOSTIC,    40, -5.972326521260e-01, 6.122754710708e-04, 0.0000e+00, 0.0000e+00, 
 2DIAGNOSTIC,    41, -5.970163956861e-01, 8.504159356998e-04, 0.0000e+00, 0.0000e+00, 
 2DIAGNOSTIC,    42, -5.994216519964e-01, 1.031612475401e-03, 0.0000e+00, 0.0000e+00, 
 2DIAGNOSTIC,    43, -6.172353729732e-01, 1.330585510111e-03, 0.0000e+00, 0.0000e+00, 
 2DIAGNOSTIC,    44, -6.230514842487e-01, 1.557655592695e-03, 0.0000e+00, 0.0000e+00, 
 2DIAGNOSTIC,    45, -6.243390162457e-01, 1.645304406937e-03, 0.0000e+00, 0.0000e+00, 
 2DIAGNOSTIC,    46, -6.251635135103e-01, 1.593949000190e-03, 0.0000e+00, 0.0000e+00, 
 2DIAGNOSTIC,    47, -6.261360807466e-01, 1.415913566721e-03, 0.0000e+00, 0.0000e+00, 
 2DIAGNOSTIC,    48, -6.303076011260e-01, 1.172242938939e-03, 0.0000e+00, 0.0000e+00, 
 2DIAGNOSTIC,    49, -6.319864534594e-01, 8.978297197249e-04, 0.0000e+00, 0.0000e+00, 
 2DIAGNOSTIC,    50, -6.325901437292e-01, 7.586546067298e-04, 0.0000e+00, 0.0000e+00, 
 2DIAGNOSTIC,    51, -6.335633359702e-01, 5.634691057510e-04, 0.0000e+00, 0.0000e+00, 
 2DIAGNOSTIC,    52, -6.339402706121e-01, 3.454961390499e-04, 0.0000e+00, 0.0000e+00, 
 2DIAGNOSTIC,    53, -6.338599979087e-01, 2.701069601916e-04, 0.0000e+00, 0.0000e+00, 
 2DIAGNOSTIC,    54, -6.338540347695e-01, 2.257223552766e-04, 0.0000e+00, 0.0000e+00, 
 2DIAGNOSTIC,    55, -6.341875314918e-01, 1.767099901219e-04, 0.0000e+00, 0.0000e+00, 
 2DIAGNOSTIC,    56, -6.347474905517e-01, 1.252932143003e-04, 0.0000e+00, 0.0000e+00, 
 2DIAGNOSTIC,    57, -6.382890154945e-01, 1.024461151649e-04, 0.0000e+00, 0.0000e+00, 
 2DIAGNOSTIC,    58, -6.398209435522e-01, 1.186691224698e-04, 0.0000e+00, 0.0000e+00, 
 2DIAGNOSTIC,    59, -6.404215659116e-01, 1.421995061507e-04, 0.0000e+00, 0.0000e+00, 
 2DIAGNOSTIC,    60, -6.408228926772e-01, 1.597819478674e-04, 0.0000e+00, 0.0000e+00, 
 2DIAGNOSTIC,    61, -6.407585630038e-01, 1.686830710846e-04, 0.0000e+00, 0.0000e+00, 
 2DIAGNOSTIC,    62, -6.421243356263e-01, 1.746435286410e-04, 0.0000e+00, 0.0000e+00, 
 2DIAGNOSTIC,    63, -6.433526893378e-01, 1.721629733160e-04, 0.0000e+00, 0.0000e+00, 
 2DIAGNOSTIC,    64, -6.464630997559e-01, 1.772610595078e-04, 0.0000e+00, 0.0000e+00, 
 2DIAGNOSTIC,    65, -6.471957619949e-01, 1.731785867512e-04, 0.0000e+00, 0.0000e+00, 
 2DIAGNOSTIC,    66, -6.481363246081e-01, 1.634584909588e-04, 0.0000e+00, 0.0000e+00, 
 2DIAGNOSTIC,    67, -6.493068109196e-01, 1.726138884775e-04, 0.0000e+00, 0.0000e+00, 
 2DIAGNOSTIC,    68, -6.499005364711e-01, 1.797377811587e-04, 0.0000e+00, 0.0000e+00, 
 2DIAGNOSTIC,    69, -6.505073056646e-01, 1.776495201275e-04, 0.0000e+00, 0.0000e+00, 
 2DIAGNOSTIC,    70, -6.503277762552e-01, 1.602565479813e-04, 0.0000e+00, 0.0000e+00, 
 2DIAGNOSTIC,    71, -6.506583732238e-01, 1.300228940832e-04, 0.0000e+00, 0.0000e+00, 
 2DIAGNOSTIC,    72, -6.509890348181e-01, 9.959240236389e-05, 0.0000e+00, 0.0000e+00, 
 2DIAGNOSTIC,    73, -6.510626077125e-01, 6.858313211993e-05, 0.0000e+00, 0.0000e+00, 
 2DIAGNOSTIC,    74, -6.510595507985e-01, 5.228729430835e-05, 0.0000e+00, 0.0000e+00, 
 2DIAGNOSTIC,    75, -6.510866822771e-01, 3.639027480450e-05, 0.0000e+00, 0.0000e+00, 
 2DIAGNOSTIC,    76, -6.537171491722e-01, 4.001497730441e-05, 0.0000e+00, 0.0000e+00, 
 2DIAGNOSTIC,    77, -6.556526781155e-01, 5.855696558703e-05, 0.0000e+00, 0.0000e+00, 
 2DIAGNOSTIC,    78, -6.563104026062e-01, 7.843897433015e-05, 0.0000e+00, 0.0000e+00, 
 2DIAGNOSTIC,    79, -6.566691210368e-01, 9.648490276910e-05, 0.0000e+00, 0.0000e+00, 
 2DIAGNOSTIC,    80, -6.568600673225e-01, 1.049222147676e-04, 0.0000e+00, 0.0000e+00, 
 2DIAGNOSTIC,    81, -6.572309704715e-01, 1.068955291386e-04, 0.0000e+00, 0.0000e+00, 
 2DIAGNOSTIC,    82, -6.576190301974e-01, 1.024475821200e-04, 0.0000e+00, 0.0000e+00, 
 2DIAGNOSTIC,    83, -6.576377923076e-01, 8.891906944843e-05, 0.0000e+00, 0.0000e+00, 
 2DIAGNOSTIC,    84, -6.575474565514e-01, 6.703381469508e-05, 0.0000e+00, 0.0000e+00, 
 2DIAGNOSTIC,    85, -6.577142433351e-01, 4.015763266319e-05, 0.0000e+00, 0.0000e+00, 
 2DIAGNOSTIC,    86, -6.578665675844e-01, 2.522562716396e-05, 0.0000e+00, 0.0000e+00, 
 2DIAGNOSTIC,    87, -6.578907512666e-01, 1.885669390051e-05, 0.0000e+00, 0.0000e+00, 
 2DIAGNOSTIC,    88, -6.579174399940e-01, 1.456035059630e-05, 0.0000e+00, 0.0000e+00, 
 2DIAGNOSTIC,    89, -6.581933977582e-01, 1.242787306339e-05, 0.0000e+00, 0.0000e+00, 
 2DIAGNOSTIC,    90, -6.582918105575e-01, 1.062432860270e-05, 0.0000e+00, 0.0000e+00, 
 2DIAGNOSTIC,    91, -6.582951590476e-01, 9.745096561107e-06, 0.0000e+00, 0.0000e+00, 
 2DIAGNOSTIC,    92, -6.581888494357e-01, 9.458839518212e-06, 0.0000e+00, 0.0000e+00, 
 2DIAGNOSTIC,    93, -6.580822105145e-01, 7.907048540402e-06, 0.0000e+00, 0.0000e+00, 
 2DIAGNOSTIC,    94, -6.581953158746e-01, 5.747954268324e-06, 0.0000e+00, 0.0000e+00, 
 2DIAGNOSTIC,    95, -6.581963089110e-01, 3.888507505790e-06, 0.0000e+00, 0.0000e+00, 
 2DIAGNOSTIC,    96, -6.581968269356e-01, 2.498618192065e-06, 0.0000e+00, 0.0000e+00, 
 2DIAGNOSTIC,    97, -6.581966701319e-01, 1.089536083122e-06, 0.0000e+00, 0.0000e+00, 
DIAGNOSTIC,Iteration,metricValue,convergenceValue,ITERATION_TIME_INDEX,SINCE_LAST
 2DIAGNOSTIC,     1, -5.394860185286e-01, 1.797693134862e+308, 0.0000e+00, 0.0000e+00, 
 2DIAGNOSTIC,     2, -5.396237729511e-01, 1.797693134862e+308, 0.0000e+00, 0.0000e+00, 
 2DIAGNOSTIC,     3, -5.398353053404e-01, 1.797693134862e+308, 0.0000e+00, 0.0000e+00, 
 2DIAGNOSTIC,     4, -5.401739023709e-01, 1.797693134862e+308, 0.0000e+00, 0.0000e+00, 
 2DIAGNOSTIC,     5, -5.409340315928e-01, 1.797693134862e+308, 0.0000e+00, 0.0000e+00, 
 2DIAGNOSTIC,     6, -5.415431335331e-01, 1.797693134862e+308, 0.0000e+00, 0.0000e+00, 
 2DIAGNOSTIC,     7, -5.429257653202e-01, 1.797693134862e+308, 0.0000e+00, 0.0000e+00, 
 2DIAGNOSTIC,     8, -5.433102071064e-01, 1.797693134862e+308, 0.0000e+00, 0.0000e+00, 
 2DIAGNOSTIC,     9, -5.432566004682e-01, 1.797693134862e+308, 0.0000e+00, 0.0000e+00, 
 2DIAGNOSTIC,    10, -5.432374263842e-01, 5.674824430359e-04, 0.0000e+00, 0.0000e+00, 
 2DIAGNOSTIC,    11, -5.432364585476e-01, 4.841034066267e-04, 0.0000e+00, 0.0000e+00, 
 2DIAGNOSTIC,    12, -5.432142558060e-01, 3.758023642550e-04, 0.0000e+00, 0.0000e+00, 
 2DIAGNOSTIC,    13, -5.432003020868e-01, 2.584212693908e-04, 0.0000e+00, 0.0000e+00, 
 2DIAGNOSTIC,    14, -5.432078727560e-01, 1.478599103837e-04, 0.0000e+00, 0.0000e+00, 
 2DIAGNOSTIC,    15, -5.432034674210e-01, 6.538472437681e-05, 0.0000e+00, 0.0000e+00, 
 2DIAGNOSTIC,    16, -5.432008073024e-01, 6.140407322941e-06, 0.0000e+00, 0.0000e+00, 
DIAGNOSTIC,Iteration,metricValue,convergenceValue,ITERATION_TIME_INDEX,SINCE_LAST
 2DIAGNOSTIC,     1, -4.645197150359e-01, 1.797693134862e+308, 0.0000e+00, 0.0000e+00, 
 2DIAGNOSTIC,     2, -4.645295043075e-01, 1.797693134862e+308, 0.0000e+00, 0.0000e+00, 
 2DIAGNOSTIC,     3, -4.645266452062e-01, 1.797693134862e+308, 0.0000e+00, 0.0000e+00, 
 2DIAGNOSTIC,     4, -4.645220555082e-01, 1.797693134862e+308, 0.0000e+00, 0.0000e+00, 
 2DIAGNOSTIC,     5, -4.645248174535e-01, 1.797693134862e+308, 0.0000e+00, 0.0000e+00, 
 2DIAGNOSTIC,     6, -4.645151022921e-01, 1.797693134862e+308, 0.0000e+00, 0.0000e+00, 
 2DIAGNOSTIC,     7, -4.645064423430e-01, 1.797693134862e+308, 0.0000e+00, 0.0000e+00, 
 2DIAGNOSTIC,     8, -4.645031804999e-01, 1.797693134862e+308, 0.0000e+00, 0.0000e+00, 
 2DIAGNOSTIC,     9, -4.645040392882e-01, 1.797693134862e+308, 0.0000e+00, 0.0000e+00, 
DIAGNOSTIC,Iteration,metricValue,convergenceValue,ITERATION_TIME_INDEX,SINCE_LAST
 2DIAGNOSTIC,     1, -4.229004293889e-01, 1.797693134862e+308, 0.0000e+00, 0.0000e+00, 
 2DIAGNOSTIC,     2, -4.231266596240e-01, 1.797693134862e+308, 0.0000e+00, 0.0000e+00, 
 2DIAGNOSTIC,     3, -4.232785359385e-01, 1.797693134862e+308, 0.0000e+00, 0.0000e+00, 
 2DIAGNOSTIC,     4, -4.233465084174e-01, 1.797693134862e+308, 0.0000e+00, 0.0000e+00, 
 2DIAGNOSTIC,     5, -4.233512124169e-01, 1.797693134862e+308, 0.0000e+00, 0.0000e+00, 
 2DIAGNOSTIC,     6, -4.233512105415e-01, 1.797693134862e+308, 0.0000e+00, 0.0000e+00, 
 2DIAGNOSTIC,     7, -4.233504885551e-01, 1.797693134862e+308, 0.0000e+00, 0.0000e+00, 
 2DIAGNOSTIC,     8, -4.233500100310e-01, 1.797693134862e+308, 0.0000e+00, 0.0000e+00, 
 2DIAGNOSTIC,     9, -4.233499036494e-01, 1.797693134862e+308, 0.0000e+00, 0.0000e+00, 
 2DIAGNOSTIC,    10, -4.233487946424e-01, 4.987658203999e-05, 0.0000e+00, 0.0000e+00, 
 2DIAGNOSTIC,    11, -4.233493603413e-01, 2.033655456035e-05, 0.0000e+00, 0.0000e+00, 
 2DIAGNOSTIC,    12, -4.233489500658e-01, 6.597279612483e-06, 0.0000e+00, 0.0000e+00, 
 2DIAGNOSTIC,    13, -4.233490102557e-01, 2.365874867849e-06, 0.0000e+00, 0.0000e+00, 
 2DIAGNOSTIC,    14, -4.233486668880e-01, 1.983317861318e-06, 0.0000e+00, 0.0000e+00, 
 2DIAGNOSTIC,    15, -4.233486660892e-01, 1.888911133049e-06, 0.0000e+00, 0.0000e+00, 
 2DIAGNOSTIC,    16, -4.233484953577e-01, 1.820626110011e-06, 0.0000e+00, 0.0000e+00, 
 2DIAGNOSTIC,    17, -4.233484081311e-01, 1.743808576059e-06, 0.0000e+00, 0.0000e+00, 
 2DIAGNOSTIC,    18, -4.233482660830e-01, 1.664229427489e-06, 0.0000e+00, 0.0000e+00, 
 2DIAGNOSTIC,    19, -4.233482621772e-01, 1.600045015426e-06, 0.0000e+00, 0.0000e+00, 
 2DIAGNOSTIC,    20, -4.233482621772e-01, 1.511262802727e-06, 0.0000e+00, 0.0000e+00, 
 2DIAGNOSTIC,    21, -4.233482153944e-01, 1.455188255561e-06, 0.0000e+00, 0.0000e+00, 
 2DIAGNOSTIC,    22, -4.233482112710e-01, 1.397097908508e-06, 0.0000e+00, 0.0000e+00, 
 2DIAGNOSTIC,    23, -4.233481930202e-01, 1.350151498179e-06, 0.0000e+00, 0.0000e+00, 
 2DIAGNOSTIC,    24, -4.233481930202e-01, 1.300533857933e-06, 0.0000e+00, 0.0000e+00, 
 2DIAGNOSTIC,    25, -4.233481884891e-01, 1.257142963777e-06, 0.0000e+00, 0.0000e+00, 
 2DIAGNOSTIC,    26, -4.233481884891e-01, 1.214175345113e-06, 0.0000e+00, 0.0000e+00, 
 2DIAGNOSTIC,    27, -4.233481884891e-01, 1.173225701409e-06, 0.0000e+00, 0.0000e+00, 
 2DIAGNOSTIC,    28, -4.233481884891e-01, 1.132271464657e-06, 0.0000e+00, 0.0000e+00, 
 2DIAGNOSTIC,    29, -4.233481884891e-01, 1.094418261800e-06, 0.0000e+00, 0.0000e+00, 
 2DIAGNOSTIC,    30, -4.233481884891e-01, 1.059366757108e-06, 0.0000e+00, 0.0000e+00, 
 2DIAGNOSTIC,    31, -4.233481884891e-01, 1.025672110647e-06, 0.0000e+00, 0.0000e+00, 
  Elapsed time (stage 0): 0.0000e+00


Total elapsed time: 0.0000e+00
Info [verificarlo]: loaded backend libinterflop_vprec.so
Info [interflop-vprec]: load backend with: 
Info [interflop-vprec]: precision-binary32 = 20
Info [interflop-vprec]: range-binary32 = 7
Info [interflop-vprec]: precision-binary64 = 20
Info [interflop-vprec]: range-binary64 = 7
Info [interflop-vprec]: mode = ob
Info [interflop-vprec]: error-mode = rel
Info [interflop-vprec]: max-abs-error-exponent = -1022
Info [interflop-vprec]: daz = false
Info [interflop-vprec]: ftz = false
Info [interflop-vprec]: 	instrument = none
Info [interflop-vprec]: 	prec-input-file = (null)
Info [interflop-vprec]: 	prec-output-file = (null)
Info [interflop-vprec]: 	prec-log-file = (null)
All_Command_lines_OK
Using double precision for computations.
=============================================================================
The composite transform comprises the following transforms (in order): 
  1. /home/mdugre/scratch/mri-registration-rp/datasets/ds004513/derivatives/mri-registration-rp/1111/antsRegistration-r7-p20/sub-s026/rigid_Composite.h5[0] (type = Euler3DTransform)
  2. /home/mdugre/scratch/mri-registration-rp/datasets/ds004513/derivatives/mri-registration-rp/1111/antsRegistration-r7-p20/sub-s026/rigid_Composite.h5[1] (type = Euler3DTransform)
  3. /home/mdugre/scratch/mri-registration-rp/datasets/ds004513/derivatives/mri-registration-rp/1111/antsRegistration-r7-p20/sub-s026/rigid_Composite.h5[2] (type = Euler3DTransform)
=============================================================================
  number of levels = 4
  fixed image: /templateflow/tpl-MNI152NLin2009cAsym/tpl-MNI152NLin2009cAsym_res-01_desc-brain_T1w.nii.gz
  moving image: /home/mdugre/scratch/mri-registration-rp/datasets/ds004513/derivatives/mri-registration-rp/antsBrainExtraction/sub-s026/BrainExtractionBrain.nii.gz
Dimension = 3
Number of stages = 1
Use histogram matching = false
Winsorize image intensities = true
  Lower quantile = 0.005
  Upper quantile = 0.995


Stage 1 State
   Image metric = MattesMI
     Fixed image = Image (0x4772490)
  RTTI typeinfo:   itk::Image<double, 3u>
  Reference Count: 2
  Modified Time: 1594
  Debug: Off
  Object Name: 
  Observers: 
    none
  Source: (none)
  Source output name: (none)
  Release Data: Off
  Data Released: False
  Global Release Data: Off
  PipelineMTime: 0
  UpdateMTime: 1203
  RealTimeStamp: 0 seconds 
  LargestPossibleRegion: 
    Dimension: 3
    Index: [0, 0, 0]
    Size: [193, 229, 193]
  BufferedRegion: 
    Dimension: 3
    Index: [0, 0, 0]
    Size: [193, 229, 193]
  RequestedRegion: 
    Dimension: 3
    Index: [0, 0, 0]
    Size: [193, 229, 193]
  Spacing: [1, 1, 1]
  Origin: [96, 132, -78]
  Direction: 
-1 0 0
0 -1 0
0 0 1

  IndexToPointMatrix: 
-1 0 0
0 -1 0
0 0 1

  PointToIndexMatrix: 
-1 0 0
0 -1 0
0 0 1

  Inverse Direction: 
-1 0 0
0 -1 0
0 0 1

  PixelContainer: 
    ImportImageContainer (0x47eb8b0)
      RTTI typeinfo:   itk::ImportImageContainer<unsigned long, double>
      Reference Count: 1
      Modified Time: 1200
      Debug: Off
      Object Name: 
      Observers: 
        none
      Pointer: 0x15183cfbb010
      Container manages memory: true
      Size: 8530021
      Capacity: 8530021

     Moving image = Image (0x4840a40)
  RTTI typeinfo:   itk::Image<double, 3u>
  Reference Count: 2
  Modified Time: 1595
  Debug: Off
  Object Name: 
  Observers: 
    none
  Source: (none)
  Source output name: (none)
  Release Data: Off
  Data Released: False
  Global Release Data: Off
  PipelineMTime: 0
  UpdateMTime: 1592
  RealTimeStamp: 0 seconds 
  LargestPossibleRegion: 
    Dimension: 3
    Index: [0, 0, 0]
    Size: [160, 240, 256]
  BufferedRegion: 
    Dimension: 3
    Index: [0, 0, 0]
    Size: [160, 240, 256]
  RequestedRegion: 
    Dimension: 3
    Index: [0, 0, 0]
    Size: [160, 240, 256]
  Spacing: [1, 1, 1]
  Origin: [75.0981, 90.7039, -142.764]
  Direction: 
-0.998342 0.057564 0
-0.057564 -0.998342 0
0 0 1

  IndexToPointMatrix: 
-0.998344 0.057564 0
-0.0575642 -0.998342 0
0 0 1

  PointToIndexMatrix: 
-0.998339 -0.0575638 0
0.0575641 -0.998343 0
0 0 1

  Inverse Direction: 
-0.998343 -0.0575641 0
0.0575641 -0.998343 0
0 0 1

  PixelContainer: 
    ImportImageContainer (0x47efd50)
      RTTI typeinfo:   itk::ImportImageContainer<unsigned long, double>
      Reference Count: 1
      Modified Time: 1589
      Debug: Off
      Object Name: 
      Observers: 
        none
      Pointer: 0x1518384ba010
      Container manages memory: true
      Size: 9830400
      Capacity: 9830400

     Weighting = 1
     Sampling strategy = regular
     Number of bins = 32
     Radius = 4
     Sampling percentage  = 0.25
   Transform = Affine
     Gradient step = 0.1
     Update field sigma (voxel space) = 0
     Total field sigma (voxel space) = 0
     Update field time sigma = 0
     Total field time sigma  = 0
     Number of time indices = 0
     Number of time point samples = 0
Registration using 1 total stages.

Stage 0
  iterations = 1000x500x250x100
  convergence threshold = 1e-06
  convergence window size = 10
  number of levels = 4
  using the Mattes MI metric (number of bins = 32, weight = 1, use gradient filter = 0)
  preprocessing:  winsorizing the image intensities
  Shrink factors (level 1 out of 4): [8, 8, 8]
  Shrink factors (level 2 out of 4): [4, 4, 4]
  Shrink factors (level 3 out of 4): [2, 2, 2]
  Shrink factors (level 4 out of 4): [1, 1, 1]
  smoothing sigmas per level: [3, 2, 1, 0]
  regular sampling (percentage = 0.25)

*** Running AffineTransform registration ***

DIAGNOSTIC,Iteration,metricValue,convergenceValue,ITERATION_TIME_INDEX,SINCE_LAST
 2DIAGNOSTIC,     1, -6.517721200671e-01, 1.797693134862e+308, 0.0000e+00, 0.0000e+00, 
 2DIAGNOSTIC,     2, -6.543042162215e-01, 1.797693134862e+308, 0.0000e+00, 0.0000e+00, 
 2DIAGNOSTIC,     3, -6.582821060683e-01, 1.797693134862e+308, 0.0000e+00, 0.0000e+00, 
 2DIAGNOSTIC,     4, -6.646085474184e-01, 1.797693134862e+308, 0.0000e+00, 0.0000e+00, 
 2DIAGNOSTIC,     5, -6.762849303018e-01, 1.797693134862e+308, 0.0000e+00, 0.0000e+00, 
 2DIAGNOSTIC,     6, -7.015122070703e-01, 1.797693134862e+308, 0.0000e+00, 0.0000e+00, 
 2DIAGNOSTIC,     7, -7.544102277762e-01, 1.797693134862e+308, 0.0000e+00, 0.0000e+00, 
 2DIAGNOSTIC,     8, -8.932696446380e-01, 1.797693134862e+308, 0.0000e+00, 0.0000e+00, 
 2DIAGNOSTIC,     9, -9.134353383618e-01, 1.797693134862e+308, 0.0000e+00, 0.0000e+00, 
 2DIAGNOSTIC,    10, -9.235801186915e-01, 2.691164545515e-02, 0.0000e+00, 0.0000e+00, 
 2DIAGNOSTIC,    11, -9.235740802939e-01, 2.654178084534e-02, 0.0000e+00, 0.0000e+00, 
 2DIAGNOSTIC,    12, -9.246362239634e-01, 2.398501515407e-02, 0.0000e+00, 0.0000e+00, 
 2DIAGNOSTIC,    13, -9.252083187177e-01, 1.982084611410e-02, 0.0000e+00, 0.0000e+00, 
 2DIAGNOSTIC,    14, -9.261429079339e-01, 1.474840520760e-02, 0.0000e+00, 0.0000e+00, 
 2DIAGNOSTIC,    15, -9.269106708823e-01, 9.455787000906e-03, 0.0000e+00, 0.0000e+00, 
 2DIAGNOSTIC,    16, -9.272744736737e-01, 4.623406692847e-03, 0.0000e+00, 0.0000e+00, 
 2DIAGNOSTIC,    17, -9.271549044845e-01, 1.011144756570e-03, 0.0000e+00, 0.0000e+00, 
 2DIAGNOSTIC,    18, -9.271989942172e-01, 3.968515148679e-04, 0.0000e+00, 0.0000e+00, 
 2DIAGNOSTIC,    19, -9.275182927298e-01, 1.807990438026e-04, 0.0000e+00, 0.0000e+00, 
 2DIAGNOSTIC,    20, -9.278590054091e-01, 1.498944853002e-04, 0.0000e+00, 0.0000e+00, 
 2DIAGNOSTIC,    21, -9.282615645577e-01, 1.145193530416e-04, 0.0000e+00, 0.0000e+00, 
 2DIAGNOSTIC,    22, -9.290879452785e-01, 1.011056220943e-04, 0.0000e+00, 0.0000e+00, 
 2DIAGNOSTIC,    23, -9.310091894082e-01, 1.155633379735e-04, 0.0000e+00, 0.0000e+00, 
 2DIAGNOSTIC,    24, -9.319557454999e-01, 1.432631292139e-04, 0.0000e+00, 0.0000e+00, 
 2DIAGNOSTIC,    25, -9.328806908523e-01, 1.776141768851e-04, 0.0000e+00, 0.0000e+00, 
 2DIAGNOSTIC,    26, -9.324796874708e-01, 1.922900182625e-04, 0.0000e+00, 0.0000e+00, 
 2DIAGNOSTIC,    27, -9.323526297692e-01, 1.851353015810e-04, 0.0000e+00, 0.0000e+00, 
 2DIAGNOSTIC,    28, -9.321706391984e-01, 1.593442122458e-04, 0.0000e+00, 0.0000e+00, 
 2DIAGNOSTIC,    29, -9.322134621999e-01, 1.244299655471e-04, 0.0000e+00, 0.0000e+00, 
 2DIAGNOSTIC,    30, -9.321363619313e-01, 8.333444682000e-05, 0.0000e+00, 0.0000e+00, 
 2DIAGNOSTIC,    31, -9.320089789501e-01, 4.040430345508e-05, 0.0000e+00, 0.0000e+00, 
 2DIAGNOSTIC,    32, -9.320150219570e-01, 4.879813311640e-06, 0.0000e+00, 0.0000e+00, 
DIAGNOSTIC,Iteration,metricValue,convergenceValue,ITERATION_TIME_INDEX,SINCE_LAST
 2DIAGNOSTIC,     1, -7.705780976794e-01, 1.797693134862e+308, 0.0000e+00, 0.0000e+00, 
 2DIAGNOSTIC,     2, -7.717763648228e-01, 1.797693134862e+308, 0.0000e+00, 0.0000e+00, 
 2DIAGNOSTIC,     3, -7.730535322623e-01, 1.797693134862e+308, 0.0000e+00, 0.0000e+00, 
 2DIAGNOSTIC,     4, -7.741408202022e-01, 1.797693134862e+308, 0.0000e+00, 0.0000e+00, 
 2DIAGNOSTIC,     5, -7.754158489791e-01, 1.797693134862e+308, 0.0000e+00, 0.0000e+00, 
 2DIAGNOSTIC,     6, -7.753882771722e-01, 1.797693134862e+308, 0.0000e+00, 0.0000e+00, 
 2DIAGNOSTIC,     7, -7.755970226284e-01, 1.797693134862e+308, 0.0000e+00, 0.0000e+00, 
 2DIAGNOSTIC,     8, -7.764496561687e-01, 1.797693134862e+308, 0.0000e+00, 0.0000e+00, 
 2DIAGNOSTIC,     9, -7.764309095192e-01, 1.797693134862e+308, 0.0000e+00, 0.0000e+00, 
 2DIAGNOSTIC,    10, -7.764219149144e-01, 4.791076154789e-04, 0.0000e+00, 0.0000e+00, 
 2DIAGNOSTIC,    11, -7.764122034591e-01, 3.265218831552e-04, 0.0000e+00, 0.0000e+00, 
 2DIAGNOSTIC,    12, -7.763909583508e-01, 2.060947513295e-04, 0.0000e+00, 0.0000e+00, 
 2DIAGNOSTIC,    13, -7.763734422394e-01, 1.205248799748e-04, 0.0000e+00, 0.0000e+00, 
 2DIAGNOSTIC,    14, -7.763734202058e-01, 6.400544394766e-05, 0.0000e+00, 0.0000e+00, 
 2DIAGNOSTIC,    15, -7.763931204866e-01, 4.146032852639e-05, 0.0000e+00, 0.0000e+00, 
 2DIAGNOSTIC,    16, -7.764107256714e-01, 1.798066537406e-05, 0.0000e+00, 0.0000e+00, 
DIAGNOSTIC,Iteration,metricValue,convergenceValue,ITERATION_TIME_INDEX,SINCE_LAST
 2DIAGNOSTIC,     1, -6.568012089538e-01, 1.797693134862e+308, 0.0000e+00, 0.0000e+00, 
 2DIAGNOSTIC,     2, -6.574139340491e-01, 1.797693134862e+308, 0.0000e+00, 0.0000e+00, 
 2DIAGNOSTIC,     3, -6.578897079759e-01, 1.797693134862e+308, 0.0000e+00, 0.0000e+00, 
 2DIAGNOSTIC,     4, -6.584288379820e-01, 1.797693134862e+308, 0.0000e+00, 0.0000e+00, 
 2DIAGNOSTIC,     5, -6.588926827153e-01, 1.797693134862e+308, 0.0000e+00, 0.0000e+00, 
 2DIAGNOSTIC,     6, -6.591905537113e-01, 1.797693134862e+308, 0.0000e+00, 0.0000e+00, 
 2DIAGNOSTIC,     7, -6.592663030823e-01, 1.797693134862e+308, 0.0000e+00, 0.0000e+00, 
 2DIAGNOSTIC,     8, -6.592623446620e-01, 1.797693134862e+308, 0.0000e+00, 0.0000e+00, 
 2DIAGNOSTIC,     9, -6.592608589158e-01, 1.797693134862e+308, 0.0000e+00, 0.0000e+00, 
 2DIAGNOSTIC,    10, -6.592599698190e-01, 2.395117408065e-04, 0.0000e+00, 0.0000e+00, 
 2DIAGNOSTIC,    11, -6.592588425384e-01, 1.524042112325e-04, 0.0000e+00, 0.0000e+00, 
 2DIAGNOSTIC,    12, -6.592565529870e-01, 8.830161107737e-05, 0.0000e+00, 0.0000e+00, 
 2DIAGNOSTIC,    13, -6.592570688311e-01, 4.197154126084e-05, 0.0000e+00, 0.0000e+00, 
 2DIAGNOSTIC,    14, -6.592531851248e-01, 1.490811853413e-05, 0.0000e+00, 0.0000e+00, 
 2DIAGNOSTIC,    15, -6.592576156574e-01, 3.551890213338e-06, 0.0000e+00, 0.0000e+00, 
 2DIAGNOSTIC,    16, -6.592568414462e-01, 1.431195686130e-06, 0.0000e+00, 0.0000e+00, 
 2DIAGNOSTIC,    17, -6.592548215648e-01, 1.485848157921e-06, 0.0000e+00, 0.0000e+00, 
 2DIAGNOSTIC,    18, -6.592550277278e-01, 1.483792220335e-06, 0.0000e+00, 0.0000e+00, 
 2DIAGNOSTIC,    19, -6.592530846481e-01, 1.430006373246e-06, 0.0000e+00, 0.0000e+00, 
 2DIAGNOSTIC,    20, -6.592480346558e-01, 1.275910126469e-06, 0.0000e+00, 0.0000e+00, 
 2DIAGNOSTIC,    21, -6.592501832983e-01, 1.189686554201e-06, 0.0000e+00, 0.0000e+00, 
 2DIAGNOSTIC,    22, -6.592509332440e-01, 1.109459981614e-06, 0.0000e+00, 0.0000e+00, 
 2DIAGNOSTIC,    23, -6.592469468157e-01, 1.004302009937e-06, 0.0000e+00, 0.0000e+00, 
DIAGNOSTIC,Iteration,metricValue,convergenceValue,ITERATION_TIME_INDEX,SINCE_LAST
 2DIAGNOSTIC,     1, -5.832260888224e-01, 1.797693134862e+308, 0.0000e+00, 0.0000e+00, 
 2DIAGNOSTIC,     2, -5.837501346137e-01, 1.797693134862e+308, 0.0000e+00, 0.0000e+00, 
 2DIAGNOSTIC,     3, -5.844308351615e-01, 1.797693134862e+308, 0.0000e+00, 0.0000e+00, 
 2DIAGNOSTIC,     4, -5.867086414215e-01, 1.797693134862e+308, 0.0000e+00, 0.0000e+00, 
 2DIAGNOSTIC,     5, -5.867087702888e-01, 1.797693134862e+308, 0.0000e+00, 0.0000e+00, 
 2DIAGNOSTIC,     6, -5.867087313339e-01, 1.797693134862e+308, 0.0000e+00, 0.0000e+00, 
 2DIAGNOSTIC,     7, -5.867088331022e-01, 1.797693134862e+308, 0.0000e+00, 0.0000e+00, 
 2DIAGNOSTIC,     8, -5.867087818784e-01, 1.797693134862e+308, 0.0000e+00, 0.0000e+00, 
 2DIAGNOSTIC,     9, -5.867086380763e-01, 1.797693134862e+308, 0.0000e+00, 0.0000e+00, 
 2DIAGNOSTIC,    10, -5.867086541590e-01, 3.751267640188e-04, 0.0000e+00, 0.0000e+00, 
 2DIAGNOSTIC,    11, -5.867086537177e-01, 2.210994837869e-04, 0.0000e+00, 0.0000e+00, 
 2DIAGNOSTIC,    12, -5.867086526731e-01, 9.471429607966e-05, 0.0000e+00, 0.0000e+00, 
 2DIAGNOSTIC,    13, -5.867086541630e-01, 2.440651542007e-06, 0.0000e+00, 0.0000e+00, 
 2DIAGNOSTIC,    14, -5.867086536316e-01, 2.262110935417e-06, 0.0000e+00, 0.0000e+00, 
 2DIAGNOSTIC,    15, -5.867086533689e-01, 2.112778144742e-06, 0.0000e+00, 0.0000e+00, 
 2DIAGNOSTIC,    16, -5.867086532916e-01, 1.981709197907e-06, 0.0000e+00, 0.0000e+00, 
 2DIAGNOSTIC,    17, -5.867086529554e-01, 1.869751265121e-06, 0.0000e+00, 0.0000e+00, 
 2DIAGNOSTIC,    18, -5.867086529354e-01, 1.769284448533e-06, 0.0000e+00, 0.0000e+00, 
 2DIAGNOSTIC,    19, -5.867086529094e-01, 1.675684861854e-06, 0.0000e+00, 0.0000e+00, 
 2DIAGNOSTIC,    20, -5.867086529012e-01, 1.591847630843e-06, 0.0000e+00, 0.0000e+00, 
 2DIAGNOSTIC,    21, -5.867086529424e-01, 1.515996360259e-06, 0.0000e+00, 0.0000e+00, 
 2DIAGNOSTIC,    22, -5.867086529737e-01, 1.447025358293e-06, 0.0000e+00, 0.0000e+00, 
 2DIAGNOSTIC,    23, -5.867086529622e-01, 1.384091867555e-06, 0.0000e+00, 0.0000e+00, 
 2DIAGNOSTIC,    24, -5.867086530108e-01, 1.326398940252e-06, 0.0000e+00, 0.0000e+00, 
 2DIAGNOSTIC,    25, -5.867086523242e-01, 1.273306924093e-06, 0.0000e+00, 0.0000e+00, 
 2DIAGNOSTIC,    26, -5.867086522684e-01, 1.224300863974e-06, 0.0000e+00, 0.0000e+00, 
 2DIAGNOSTIC,    27, -5.867086522124e-01, 1.178921686100e-06, 0.0000e+00, 0.0000e+00, 
 2DIAGNOSTIC,    28, -5.867086521271e-01, 1.136786428137e-06, 0.0000e+00, 0.0000e+00, 
 2DIAGNOSTIC,    29, -5.867086514698e-01, 1.097550703759e-06, 0.0000e+00, 0.0000e+00, 
 2DIAGNOSTIC,    30, -5.867086513379e-01, 1.060935094409e-06, 0.0000e+00, 0.0000e+00, 
 2DIAGNOSTIC,    31, -5.867086513846e-01, 1.026690200891e-06, 0.0000e+00, 0.0000e+00, 
  Elapsed time (stage 0): 0.0000e+00


Total elapsed time: 0.0000e+00
Info [verificarlo]: loaded backend libinterflop_vprec.so
Info [interflop-vprec]: load backend with: 
Info [interflop-vprec]: precision-binary32 = 20
Info [interflop-vprec]: range-binary32 = 7
Info [interflop-vprec]: precision-binary64 = 20
Info [interflop-vprec]: range-binary64 = 7
Info [interflop-vprec]: mode = ob
Info [interflop-vprec]: error-mode = rel
Info [interflop-vprec]: max-abs-error-exponent = -1022
Info [interflop-vprec]: daz = false
Info [interflop-vprec]: ftz = false
Info [interflop-vprec]: 	instrument = none
Info [interflop-vprec]: 	prec-input-file = (null)
Info [interflop-vprec]: 	prec-output-file = (null)
Info [interflop-vprec]: 	prec-log-file = (null)
All_Command_lines_OK
Using double precision for computations.
=============================================================================
The composite transform comprises the following transforms (in order): 
  1. /home/mdugre/scratch/mri-registration-rp/datasets/ds004513/derivatives/mri-registration-rp/1111/antsRegistration-r7-p20/sub-s026/affine_Composite.h5[0] (type = Euler3DTransform)
  2. /home/mdugre/scratch/mri-registration-rp/datasets/ds004513/derivatives/mri-registration-rp/1111/antsRegistration-r7-p20/sub-s026/affine_Composite.h5[1] (type = Euler3DTransform)
  3. /home/mdugre/scratch/mri-registration-rp/datasets/ds004513/derivatives/mri-registration-rp/1111/antsRegistration-r7-p20/sub-s026/affine_Composite.h5[2] (type = Euler3DTransform)
  4. /home/mdugre/scratch/mri-registration-rp/datasets/ds004513/derivatives/mri-registration-rp/1111/antsRegistration-r7-p20/sub-s026/affine_Composite.h5[3] (type = AffineTransform)
=============================================================================
  number of levels = 4
  fixed image: /templateflow/tpl-MNI152NLin2009cAsym/tpl-MNI152NLin2009cAsym_res-01_desc-brain_T1w.nii.gz
  moving image: /home/mdugre/scratch/mri-registration-rp/datasets/ds004513/derivatives/mri-registration-rp/antsBrainExtraction/sub-s026/BrainExtractionBrain.nii.gz
Dimension = 3
Number of stages = 1
Use histogram matching = false
Winsorize image intensities = true
  Lower quantile = 0.005
  Upper quantile = 0.995


Stage 1 State
   Image metric = CC
     Fixed image = Image (0x45216f0)
  RTTI typeinfo:   itk::Image<double, 3u>
  Reference Count: 2
  Modified Time: 1608
  Debug: Off
  Object Name: 
  Observers: 
    none
  Source: (none)
  Source output name: (none)
  Release Data: Off
  Data Released: False
  Global Release Data: Off
  PipelineMTime: 0
  UpdateMTime: 1217
  RealTimeStamp: 0 seconds 
  LargestPossibleRegion: 
    Dimension: 3
    Index: [0, 0, 0]
    Size: [193, 229, 193]
  BufferedRegion: 
    Dimension: 3
    Index: [0, 0, 0]
    Size: [193, 229, 193]
  RequestedRegion: 
    Dimension: 3
    Index: [0, 0, 0]
    Size: [193, 229, 193]
  Spacing: [1, 1, 1]
  Origin: [96, 132, -78]
  Direction: 
-1 0 0
0 -1 0
0 0 1

  IndexToPointMatrix: 
-1 0 0
0 -1 0
0 0 1

  PointToIndexMatrix: 
-1 0 0
0 -1 0
0 0 1

  Inverse Direction: 
-1 0 0
0 -1 0
0 0 1

  PixelContainer: 
    ImportImageContainer (0x45ef820)
      RTTI typeinfo:   itk::ImportImageContainer<unsigned long, double>
      Reference Count: 1
      Modified Time: 1214
      Debug: Off
      Object Name: 
      Observers: 
        none
      Pointer: 0x14a75152e010
      Container manages memory: true
      Size: 8530021
      Capacity: 8530021

     Moving image = Image (0x45dd030)
  RTTI typeinfo:   itk::Image<double, 3u>
  Reference Count: 2
  Modified Time: 1609
  Debug: Off
  Object Name: 
  Observers: 
    none
  Source: (none)
  Source output name: (none)
  Release Data: Off
  Data Released: False
  Global Release Data: Off
  PipelineMTime: 0
  UpdateMTime: 1606
  RealTimeStamp: 0 seconds 
  LargestPossibleRegion: 
    Dimension: 3
    Index: [0, 0, 0]
    Size: [160, 240, 256]
  BufferedRegion: 
    Dimension: 3
    Index: [0, 0, 0]
    Size: [160, 240, 256]
  RequestedRegion: 
    Dimension: 3
    Index: [0, 0, 0]
    Size: [160, 240, 256]
  Spacing: [1, 1, 1]
  Origin: [75.0981, 90.7039, -142.764]
  Direction: 
-0.998342 0.057564 0
-0.057564 -0.998342 0
0 0 1

  IndexToPointMatrix: 
-0.998344 0.057564 0
-0.0575642 -0.998342 0
0 0 1

  PointToIndexMatrix: 
-0.998339 -0.0575638 0
0.0575641 -0.998343 0
0 0 1

  Inverse Direction: 
-0.998343 -0.0575641 0
0.0575641 -0.998343 0
0 0 1

  PixelContainer: 
    ImportImageContainer (0x46015d0)
      RTTI typeinfo:   itk::ImportImageContainer<unsigned long, double>
      Reference Count: 1
      Modified Time: 1603
      Debug: Off
      Object Name: 
      Observers: 
        none
      Pointer: 0x14a74ca2d010
      Container manages memory: true
      Size: 9830400
      Capacity: 9830400

     Weighting = 1
     Sampling strategy = none
     Number of bins = 32
     Radius = 4
     Sampling percentage  = 1
   Transform = SyN
     Gradient step = 0.1
     Update field sigma (voxel space) = 3
     Total field sigma (voxel space) = 0
     Update field time sigma = 0
     Total field time sigma  = 0
     Number of time indices = 0
     Number of time point samples = 0
Registration using 1 total stages.

Stage 0
  iterations = 100x70x50x20
  convergence threshold = 1e-06
  convergence window size = 10
  number of levels = 4
  using the CC metric (radius = 4, weight = 1, use gradient filter = 0)
  preprocessing:  winsorizing the image intensities
  Shrink factors (level 1 out of 4): [8, 8, 8]
  Shrink factors (level 2 out of 4): [4, 4, 4]
  Shrink factors (level 3 out of 4): [2, 2, 2]
  Shrink factors (level 4 out of 4): [1, 1, 1]
  smoothing sigmas per level: [3, 2, 1, 0]
  Using default NONE metricSamplingStrategy 

*** Running SyN registration (varianceForUpdateField = 3, varianceForTotalField = 0) ***

XXDIAGNOSTIC,Iteration,metricValue,convergenceValue,ITERATION_TIME_INDEX,SINCE_LAST
 1DIAGNOSTIC,     1, -9.320101737976e-01, 1.797693134862e+308, 0.0000e+00, 0.0000e+00, 
 1DIAGNOSTIC,     2, -9.374823570251e-01, 1.797693134862e+308, 0.0000e+00, 0.0000e+00, 
 1DIAGNOSTIC,     3, -9.425234794617e-01, 1.797693134862e+308, 0.0000e+00, 0.0000e+00, 
 1DIAGNOSTIC,     4, -9.459233283997e-01, 1.797693134862e+308, 0.0000e+00, 0.0000e+00, 
 1DIAGNOSTIC,     5, -9.484133720398e-01, 1.797693134862e+308, 0.0000e+00, 0.0000e+00, 
 1DIAGNOSTIC,     6, -9.511399269104e-01, 1.797693134862e+308, 0.0000e+00, 0.0000e+00, 
 1DIAGNOSTIC,     7, -9.560122489929e-01, 1.797693134862e+308, 0.0000e+00, 0.0000e+00, 
 1DIAGNOSTIC,     8, -9.610266685486e-01, 1.797693134862e+308, 0.0000e+00, 0.0000e+00, 
 1DIAGNOSTIC,     9, -9.646730422974e-01, 1.797693134862e+308, 0.0000e+00, 0.0000e+00, 
 1DIAGNOSTIC,    10, -9.674806594849e-01, 2.316403140613e-03, 0.0000e+00, 0.0000e+00, 
 1DIAGNOSTIC,    11, -9.677505493164e-01, 1.954594529567e-03, 0.0000e+00, 0.0000e+00, 
 1DIAGNOSTIC,    12, -9.692568778992e-01, 1.650146045070e-03, 0.0000e+00, 0.0000e+00, 
 1DIAGNOSTIC,    13, -9.695844650269e-01, 1.364505594918e-03, 0.0000e+00, 0.0000e+00, 
 1DIAGNOSTIC,    14, -9.703907966614e-01, 1.085158062765e-03, 0.0000e+00, 0.0000e+00, 
 1DIAGNOSTIC,    15, -9.704127311707e-01, 7.946704564543e-04, 0.0000e+00, 0.0000e+00, 
 1DIAGNOSTIC,    16, -9.712429046631e-01, 5.338098773524e-04, 0.0000e+00, 0.0000e+00, 
 1DIAGNOSTIC,    17, -9.712939262390e-01, 3.393817606267e-04, 0.0000e+00, 0.0000e+00, 
 1DIAGNOSTIC,    18, -9.716463088989e-01, 2.228191891363e-04, 0.0000e+00, 0.0000e+00, 
 1DIAGNOSTIC,    19, -9.715013504028e-01, 1.517764325953e-04, 0.0000e+00, 0.0000e+00, 
 1DIAGNOSTIC,    20, -9.719786643982e-01, 1.228477102832e-04, 0.0000e+00, 0.0000e+00, 
 1DIAGNOSTIC,    21, -9.719471931458e-01, 8.807025173719e-05, 0.0000e+00, 0.0000e+00, 
 1DIAGNOSTIC,    22, -9.721431732178e-01, 7.127639218197e-05, 0.0000e+00, 0.0000e+00, 
 1DIAGNOSTIC,    23, -9.719724655151e-01, 5.127623151836e-05, 0.0000e+00, 0.0000e+00, 
 1DIAGNOSTIC,    24, -9.723138809204e-01, 4.260626490723e-05, 0.0000e+00, 0.0000e+00, 
 1DIAGNOSTIC,    25, -9.722523689270e-01, 2.990096771933e-05, 0.0000e+00, 0.0000e+00, 
 1DIAGNOSTIC,    26, -9.724135398865e-01, 2.675849257025e-05, 0.0000e+00, 0.0000e+00, 
 1DIAGNOSTIC,    27, -9.722390174866e-01, 2.002887380154e-05, 0.0000e+00, 0.0000e+00, 
 1DIAGNOSTIC,    28, -9.725208282471e-01, 1.885612592530e-05, 0.0000e+00, 0.0000e+00, 
 1DIAGNOSTIC,    29, -9.724321365356e-01, 1.348141130610e-05, 0.0000e+00, 0.0000e+00, 
 1DIAGNOSTIC,    30, -9.726099967957e-01, 1.376016998343e-05, 0.0000e+00, 0.0000e+00, 
 1DIAGNOSTIC,    31, -9.724669456482e-01, 1.110914645146e-05, 0.0000e+00, 0.0000e+00, 
 1DIAGNOSTIC,    32, -9.726986885071e-01, 1.173670856448e-05, 0.0000e+00, 0.0000e+00, 
 1DIAGNOSTIC,    33, -9.725918769836e-01, 8.679100746645e-06, 0.0000e+00, 0.0000e+00, 
 1DIAGNOSTIC,    34, -9.727611541748e-01, 9.528598752459e-06, 0.0000e+00, 0.0000e+00, 
 1DIAGNOSTIC,    35, -9.725999832153e-01, 7.585505395747e-06, 0.0000e+00, 0.0000e+00, 
 1DIAGNOSTIC,    36, -9.728093147278e-01, 8.249371310973e-06, 0.0000e+00, 0.0000e+00, 
 1DIAGNOSTIC,    37, -9.726848602295e-01, 5.685211678486e-06, 0.0000e+00, 0.0000e+00, 
 1DIAGNOSTIC,    38, -9.728546142578e-01, 6.340595532065e-06, 0.0000e+00, 0.0000e+00, 
 1DIAGNOSTIC,    39, -9.727015495300e-01, 4.556192296536e-06, 0.0000e+00, 0.0000e+00, 
 1DIAGNOSTIC,    40, -9.728946685791e-01, 5.312192635949e-06, 0.0000e+00, 0.0000e+00, 
 1DIAGNOSTIC,    41, -9.727644920349e-01, 3.553717278091e-06, 0.0000e+00, 0.0000e+00, 
 1DIAGNOSTIC,    42, -9.729776382446e-01, 4.775360932244e-06, 0.0000e+00, 0.0000e+00, 
 1DIAGNOSTIC,    43, -9.728264808655e-01, 3.726838154652e-06, 0.0000e+00, 0.0000e+00, 
 1DIAGNOSTIC,    44, -9.730129241943e-01, 4.891099140432e-06, 0.0000e+00, 0.0000e+00, 
 1DIAGNOSTIC,    45, -9.728813171387e-01, 3.624211352839e-06, 0.0000e+00, 0.0000e+00, 
 1DIAGNOSTIC,    46, -9.730486869812e-01, 4.586714087051e-06, 0.0000e+00, 0.0000e+00, 
 1DIAGNOSTIC,    47, -9.728975296021e-01, 3.354030893968e-06, 0.0000e+00, 0.0000e+00, 
 1DIAGNOSTIC,    48, -9.730763435364e-01, 4.110077977498e-06, 0.0000e+00, 0.0000e+00, 
 1DIAGNOSTIC,    49, -9.729452133179e-01, 2.742392599633e-06, 0.0000e+00, 0.0000e+00, 
 1DIAGNOSTIC,    50, -9.730868339539e-01, 3.243326318538e-06, 0.0000e+00, 0.0000e+00, 
 1DIAGNOSTIC,    51, -9.729342460632e-01, 1.792977358035e-06, 0.0000e+00, 0.0000e+00, 
 1DIAGNOSTIC,    52, -9.731168746948e-01, 2.575689754199e-06, 0.0000e+00, 0.0000e+00, 
 1DIAGNOSTIC,    53, -9.729433059692e-01, 1.281510172074e-06, 0.0000e+00, 0.0000e+00, 
 1DIAGNOSTIC,    54, -9.730219841003e-01, 1.460538575568e-06, 0.0000e+00, 0.0000e+00, 
 1DIAGNOSTIC,    55, -9.728989601135e-01, 1.566752442540e-07, 0.0000e+00, 0.0000e+00, 
XXDIAGNOSTIC,Iteration,metricValue,convergenceValue,ITERATION_TIME_INDEX,SINCE_LAST
 1DIAGNOSTIC,     1, -9.155802726746e-01, 1.797693134862e+308, 0.0000e+00, 0.0000e+00, 
 1DIAGNOSTIC,     2, -9.191331863403e-01, 1.797693134862e+308, 0.0000e+00, 0.0000e+00, 
 1DIAGNOSTIC,     3, -9.228744506836e-01, 1.797693134862e+308, 0.0000e+00, 0.0000e+00, 
 1DIAGNOSTIC,     4, -9.256877899170e-01, 1.797693134862e+308, 0.0000e+00, 0.0000e+00, 
 1DIAGNOSTIC,     5, -9.283022880554e-01, 1.797693134862e+308, 0.0000e+00, 0.0000e+00, 
 1DIAGNOSTIC,     6, -9.304533004761e-01, 1.797693134862e+308, 0.0000e+00, 0.0000e+00, 
 1DIAGNOSTIC,     7, -9.323873519897e-01, 1.797693134862e+308, 0.0000e+00, 0.0000e+00, 
 1DIAGNOSTIC,     8, -9.338178634644e-01, 1.797693134862e+308, 0.0000e+00, 0.0000e+00, 
 1DIAGNOSTIC,     9, -9.349269866943e-01, 1.797693134862e+308, 0.0000e+00, 0.0000e+00, 
 1DIAGNOSTIC,    10, -9.357748031616e-01, 1.386372774356e-03, 0.0000e+00, 0.0000e+00, 
 1DIAGNOSTIC,    11, -9.365215301514e-01, 1.061219891859e-03, 0.0000e+00, 0.0000e+00, 
 1DIAGNOSTIC,    12, -9.371657371521e-01, 8.009894873966e-04, 0.0000e+00, 0.0000e+00, 
 1DIAGNOSTIC,    13, -9.377412796021e-01, 6.094562954684e-04, 0.0000e+00, 0.0000e+00, 
 1DIAGNOSTIC,    14, -9.382505416870e-01, 4.619596617926e-04, 0.0000e+00, 0.0000e+00, 
 1DIAGNOSTIC,    15, -9.386014938354e-01, 3.519912948705e-04, 1.0240e+03, 1.0240e+03, 
 1DIAGNOSTIC,    16, -9.390158653259e-01, 2.720857904418e-04, 1.0240e+03, 0.0000e+00, 
 1DIAGNOSTIC,    17, -9.392919540405e-01, 2.159169041608e-04, 1.0240e+03, 0.0000e+00, 
 1DIAGNOSTIC,    18, -9.395523071289e-01, 1.745488865927e-04, 1.0240e+03, 0.0000e+00, 
 1DIAGNOSTIC,    19, -9.397692680359e-01, 1.425961162869e-04, 1.0240e+03, 0.0000e+00, 
 1DIAGNOSTIC,    20, -9.399666786194e-01, 1.165002762112e-04, 1.0240e+03, 0.0000e+00, 
 1DIAGNOSTIC,    21, -9.401440620422e-01, 9.543791395248e-05, 1.0240e+03, 0.0000e+00, 
 1DIAGNOSTIC,    22, -9.403028488159e-01, 7.849284647259e-05, 1.0240e+03, 0.0000e+00, 
 1DIAGNOSTIC,    23, -9.404482841492e-01, 6.524220177698e-05, 1.0240e+03, 0.0000e+00, 
 1DIAGNOSTIC,    24, -9.405760765076e-01, 5.512522157928e-05, 1.0240e+03, 0.0000e+00, 
 1DIAGNOSTIC,    25, -9.406805038452e-01, 4.620880104726e-05, 1.0240e+03, 0.0000e+00, 
 1DIAGNOSTIC,    26, -9.407749176025e-01, 3.965217000584e-05, 1.0240e+03, 0.0000e+00, 
 1DIAGNOSTIC,    27, -9.408621788025e-01, 3.400094671909e-05, 1.0240e+03, 0.0000e+00, 
 1DIAGNOSTIC,    28, -9.409327507019e-01, 2.920744923227e-05, 1.0240e+03, 0.0000e+00, 
 1DIAGNOSTIC,    29, -9.409952163696e-01, 2.498740210170e-05, 1.0240e+03, 0.0000e+00, 
 1DIAGNOSTIC,    30, -9.410505294800e-01, 2.132152258596e-05, 1.0240e+03, 0.0000e+00, 
 1DIAGNOSTIC,    31, -9.410986900330e-01, 1.815932656643e-05, 1.0240e+03, 0.0000e+00, 
 1DIAGNOSTIC,    32, -9.411444664001e-01, 1.548832486707e-05, 1.0240e+03, 0.0000e+00, 
 1DIAGNOSTIC,    33, -9.411811828613e-01, 1.325912170764e-05, 1.0240e+03, 0.0000e+00, 
 1DIAGNOSTIC,    34, -9.412169456482e-01, 1.144024501978e-05, 1.0240e+03, 0.0000e+00, 
 1DIAGNOSTIC,    35, -9.412460327148e-01, 9.871322407210e-06, 1.0240e+03, 0.0000e+00, 
 1DIAGNOSTIC,    36, -9.412684440613e-01, 8.509209655783e-06, 1.0240e+03, 0.0000e+00, 
 1DIAGNOSTIC,    37, -9.412865638733e-01, 7.350394987844e-06, 1.0240e+03, 0.0000e+00, 
 1DIAGNOSTIC,    38, -9.413065910339e-01, 6.350120948007e-06, 1.0240e+03, 0.0000e+00, 
 1DIAGNOSTIC,    39, -9.413218498230e-01, 5.472346404273e-06, 1.0240e+03, 0.0000e+00, 
 1DIAGNOSTIC,    40, -9.413347244263e-01, 4.705608089964e-06, 1.0240e+03, 0.0000e+00, 
 1DIAGNOSTIC,    41, -9.413495063782e-01, 4.064029294787e-06, 1.0240e+03, 0.0000e+00, 
 1DIAGNOSTIC,    42, -9.413638114929e-01, 3.568723832077e-06, 1.0240e+03, 0.0000e+00, 
 1DIAGNOSTIC,    43, -9.413709640503e-01, 3.132022812428e-06, 1.0240e+03, 0.0000e+00, 
 1DIAGNOSTIC,    44, -9.413762092590e-01, 2.766410560229e-06, 1.0240e+03, 0.0000e+00, 
 1DIAGNOSTIC,    45, -9.413805007935e-01, 2.445093378468e-06, 1.0240e+03, 0.0000e+00, 
 1DIAGNOSTIC,    46, -9.413833618164e-01, 2.136164826767e-06, 1.0240e+03, 0.0000e+00, 
 1DIAGNOSTIC,    47, -9.413862228394e-01, 1.834815684026e-06, 1.0240e+03, 0.0000e+00, 
 1DIAGNOSTIC,    48, -9.413876533508e-01, 1.569561854046e-06, 1.0240e+03, 0.0000e+00, 
 1DIAGNOSTIC,    49, -9.413924217224e-01, 1.352088878061e-06, 1.0240e+03, 0.0000e+00, 
 1DIAGNOSTIC,    50, -9.413914680481e-01, 1.146576573810e-06, 1.0240e+03, 0.0000e+00, 
 1DIAGNOSTIC,    51, -9.413900375366e-01, 9.785428620283e-07, 1.0240e+03, 0.0000e+00, 
XXDIAGNOSTIC,Iteration,metricValue,convergenceValue,ITERATION_TIME_INDEX,SINCE_LAST
 1DIAGNOSTIC,     1, -8.925433158875e-01, 1.797693134862e+308, 1.0240e+03, 0.0000e+00, 
 1DIAGNOSTIC,     2, -8.950934410095e-01, 1.797693134862e+308, 1.0240e+03, 0.0000e+00, 
 1DIAGNOSTIC,     3, -8.982806205750e-01, 1.797693134862e+308, 1.0240e+03, 0.0000e+00, 
 1DIAGNOSTIC,     4, -9.010930061340e-01, 1.797693134862e+308, 1.0240e+03, 0.0000e+00, 
 1DIAGNOSTIC,     5, -9.034705162048e-01, 1.797693134862e+308, 1.0240e+03, 0.0000e+00, 
 1DIAGNOSTIC,     6, -9.058489799500e-01, 1.797693134862e+308, 1.0240e+03, 0.0000e+00, 
 1DIAGNOSTIC,     7, -9.078907966614e-01, 1.797693134862e+308, 1.0240e+03, 0.0000e+00, 
 1DIAGNOSTIC,     8, -9.096612930298e-01, 1.797693134862e+308, 1.0240e+03, 0.0000e+00, 
 1DIAGNOSTIC,     9, -9.111442565918e-01, 1.797693134862e+308, 1.0240e+03, 0.0000e+00, 
 1DIAGNOSTIC,    10, -9.125323295593e-01, 1.436192546530e-03, 2.0480e+03, 1.0240e+03, 
 1DIAGNOSTIC,    11, -9.138183593750e-01, 1.186985055761e-03, 2.0480e+03, 0.0000e+00, 
 1DIAGNOSTIC,    12, -9.149565696716e-01, 9.683030225393e-04, 2.0480e+03, 0.0000e+00, 
 1DIAGNOSTIC,    13, -9.159688949585e-01, 7.964841730530e-04, 2.0480e+03, 0.0000e+00, 
 1DIAGNOSTIC,    14, -9.168777465820e-01, 6.597920702194e-04, 2.0480e+03, 0.0000e+00, 
 1DIAGNOSTIC,    15, -9.177021980286e-01, 5.474136698394e-04, 2.0480e+03, 0.0000e+00, 
 1DIAGNOSTIC,    16, -9.184341430664e-01, 4.592663835924e-04, 2.0480e+03, 0.0000e+00, 
 1DIAGNOSTIC,    17, -9.190783500671e-01, 3.882792896461e-04, 2.0480e+03, 0.0000e+00, 
 1DIAGNOSTIC,    18, -9.196414947510e-01, 3.296366332022e-04, 2.0480e+03, 0.0000e+00, 
 1DIAGNOSTIC,    19, -9.201469421387e-01, 2.791363277738e-04, 2.0480e+03, 0.0000e+00, 
 1DIAGNOSTIC,    20, -9.205994606018e-01, 2.363119057348e-04, 2.0480e+03, 0.0000e+00, 
 1DIAGNOSTIC,    21, -9.210066795349e-01, 2.005851879041e-04, 2.0480e+03, 0.0000e+00, 
 1DIAGNOSTIC,    22, -9.213843345642e-01, 1.707802687775e-04, 2.0480e+03, 0.0000e+00, 
 1DIAGNOSTIC,    23, -9.217371940613e-01, 1.460272802654e-04, 2.0480e+03, 0.0000e+00, 
 1DIAGNOSTIC,    24, -9.220728874207e-01, 1.257529419354e-04, 2.0480e+03, 0.0000e+00, 
 1DIAGNOSTIC,    25, -9.223961830139e-01, 1.095517206415e-04, 3.0720e+03, 1.0240e+03, 
 1DIAGNOSTIC,    26, -9.227123260498e-01, 9.681920396001e-05, 3.0720e+03, 0.0000e+00, 
 1DIAGNOSTIC,    27, -9.230217933655e-01, 8.689203635132e-05, 3.0720e+03, 0.0000e+00, 
 1DIAGNOSTIC,    28, -9.233345985413e-01, 7.920695434030e-05, 3.0720e+03, 0.0000e+00, 
 1DIAGNOSTIC,    29, -9.236469268799e-01, 7.334280170634e-05, 3.0720e+03, 0.0000e+00, 
 1DIAGNOSTIC,    30, -9.239611625671e-01, 6.888909025693e-05, 3.0720e+03, 0.0000e+00, 
 1DIAGNOSTIC,    31, -9.242877960205e-01, 6.557077430237e-05, 3.0720e+03, 0.0000e+00, 
 1DIAGNOSTIC,    32, -9.246211051941e-01, 6.316094736222e-05, 3.0720e+03, 0.0000e+00, 
 1DIAGNOSTIC,    33, -9.249644279480e-01, 6.147121923163e-05, 3.0720e+03, 0.0000e+00, 
 1DIAGNOSTIC,    34, -9.253063201904e-01, 6.024595608960e-05, 3.0720e+03, 0.0000e+00, 
 1DIAGNOSTIC,    35, -9.256296157837e-01, 5.911651504218e-05, 3.0720e+03, 0.0000e+00, 
 1DIAGNOSTIC,    36, -9.259357452393e-01, 5.781315409961e-05, 3.0720e+03, 0.0000e+00, 
 1DIAGNOSTIC,    37, -9.262290000916e-01, 5.615233075505e-05, 3.0720e+03, 0.0000e+00, 
 1DIAGNOSTIC,    38, -9.265079498291e-01, 5.408025582218e-05, 3.0720e+03, 0.0000e+00, 
 1DIAGNOSTIC,    39, -9.267716407776e-01, 5.156098675437e-05, 3.0720e+03, 0.0000e+00, 
 1DIAGNOSTIC,    40, -9.270243644714e-01, 4.866746517043e-05, 4.0960e+03, 1.0240e+03, 
 1DIAGNOSTIC,    41, -9.272665977478e-01, 4.559524009895e-05, 4.0960e+03, 0.0000e+00, 
 1DIAGNOSTIC,    42, -9.274940490723e-01, 4.247372489915e-05, 4.0960e+03, 0.0000e+00, 
 1DIAGNOSTIC,    43, -9.277067184448e-01, 3.946555095857e-05, 4.0960e+03, 0.0000e+00, 
 1DIAGNOSTIC,    44, -9.279093742371e-01, 3.667841673443e-05, 4.0960e+03, 0.0000e+00, 
 1DIAGNOSTIC,    45, -9.281015396118e-01, 3.407909872485e-05, 4.0960e+03, 0.0000e+00, 
 1DIAGNOSTIC,    46, -9.282836914062e-01, 3.164347229920e-05, 4.0960e+03, 0.0000e+00, 
 1DIAGNOSTIC,    47, -9.284572601318e-01, 2.938387880212e-05, 4.0960e+03, 0.0000e+00, 
 1DIAGNOSTIC,    48, -9.286227226257e-01, 2.729889923583e-05, 4.0960e+03, 0.0000e+00, 
 1DIAGNOSTIC,    49, -9.287805557251e-01, 2.537498362774e-05, 4.0960e+03, 0.0000e+00, 
 1DIAGNOSTIC,    50, -9.289312362671e-01, 2.362155798025e-05, 4.0960e+03, 0.0000e+00, 
XXDIAGNOSTIC,Iteration,metricValue,convergenceValue,ITERATION_TIME_INDEX,SINCE_LAST
 1DIAGNOSTIC,     1, -8.838691711426e-01, 1.797693134862e+308, 5.1200e+03, 1.0240e+03, 
 1DIAGNOSTIC,     2, -8.851599693298e-01, 1.797693134862e+308, 5.1200e+03, 0.0000e+00, 
 1DIAGNOSTIC,     3, -8.867630958557e-01, 1.797693134862e+308, 6.1440e+03, 1.0240e+03, 
 1DIAGNOSTIC,     4, -8.883051872253e-01, 1.797693134862e+308, 6.1440e+03, 0.0000e+00, 
 1DIAGNOSTIC,     5, -8.897838592529e-01, 1.797693134862e+308, 7.1680e+03, 1.0240e+03, 
 1DIAGNOSTIC,     6, -8.911309242249e-01, 1.797693134862e+308, 7.1680e+03, 0.0000e+00, 
 1DIAGNOSTIC,     7, -8.924012184143e-01, 1.797693134862e+308, 8.1920e+03, 1.0240e+03, 
 1DIAGNOSTIC,     8, -8.935790061951e-01, 1.797693134862e+308, 9.2160e+03, 1.0240e+03, 
 1DIAGNOSTIC,     9, -8.946585655212e-01, 1.797693134862e+308, 9.2160e+03, 0.0000e+00, 
 1DIAGNOSTIC,    10, -8.956651687622e-01, 8.657218806017e-04, 1.0240e+04, 1.0240e+03, 
 1DIAGNOSTIC,    11, -8.966293334961e-01, 7.480487308430e-04, 1.0240e+04, 0.0000e+00, 
 1DIAGNOSTIC,    12, -8.975281715393e-01, 6.406151295800e-04, 1.1264e+04, 1.0240e+03, 
 1DIAGNOSTIC,    13, -8.983402252197e-01, 5.506613829868e-04, 1.1264e+04, 0.0000e+00, 
 1DIAGNOSTIC,    14, -8.990983963013e-01, 4.755333764946e-04, 1.2288e+04, 1.0240e+03, 
 1DIAGNOSTIC,    15, -8.996682167053e-01, 4.102138616800e-04, 1.2288e+04, 0.0000e+00, 
 1DIAGNOSTIC,    16, -9.002923965454e-01, 3.544604935110e-04, 1.3312e+04, 1.0240e+03, 
 1DIAGNOSTIC,    17, -9.007401466370e-01, 3.045467392199e-04, 1.4336e+04, 1.0240e+03, 
 1DIAGNOSTIC,    18, -9.011330604553e-01, 2.596662730933e-04, 1.4336e+04, 0.0000e+00, 
 1DIAGNOSTIC,    19, -9.015994071960e-01, 2.212304370804e-04, 1.5360e+04, 1.0240e+03, 
 1DIAGNOSTIC,    20, -9.019060134888e-01, 1.868111075004e-04, 1.5360e+04, 0.0000e+00, 
  Elapsed time (stage 0): 15360


Total elapsed time: 15360
