
##########################
# Experiment information #
##########################

EXPERIMENT_NAME: antsRegistration-r8-p13
VFC_BACKENDS: libinterflop_vprec.so --range-binary32=8 --precision-binary32=13 --range-binary64=8 --precision-binary64=13

SIF_IMG: /home/mdugre/projects/rrg-glatard/mdugre/containers/ants-vprec-no_metrics.simg

SUBJECT_ID: s032
INPUT_IMG: /home/mdugre/scratch/mri-registration-rp/datasets/ds004513/derivatives/mri-registration-rp/antsBrainExtraction/sub-s032/BrainExtractionBrain.nii.gz
OUTPUT_DIR: /home/mdugre/scratch/mri-registration-rp/datasets/ds004513/derivatives/mri-registration-rp/1111/antsRegistration-r8-p13/sub-s032

FIXED_IMG: /templateflow/tpl-MNI152NLin2009cAsym/tpl-MNI152NLin2009cAsym_res-01_desc-brain_T1w.nii.gz
DATA_DIR: /home/mdugre/scratch/mri-registration-rp/datasets/ds004513
TEMPLATEFLOW_DIR: /home/mdugre/projects/rrg-glatard/mdugre/templateflow
ITK_GLOBAL_DEFAULT_NUMBER_OF_THREADS: 16
##########################

Info [verificarlo]: loaded backend libinterflop_vprec.so
Info [interflop-vprec]: load backend with: 
Info [interflop-vprec]: precision-binary32 = 13
Info [interflop-vprec]: range-binary32 = 8
Info [interflop-vprec]: precision-binary64 = 13
Info [interflop-vprec]: range-binary64 = 8
Info [interflop-vprec]: mode = ob
Info [interflop-vprec]: error-mode = rel
Info [interflop-vprec]: max-abs-error-exponent = -1022
Info [interflop-vprec]: daz = false
Info [interflop-vprec]: ftz = false
Info [interflop-vprec]: 	instrument = none
Info [interflop-vprec]: 	prec-input-file = (null)
Info [interflop-vprec]: 	prec-output-file = (null)
Info [interflop-vprec]: 	prec-log-file = (null)
All_Command_lines_OK
Using double precision for computations.
=============================================================================
The composite transform comprises the following transforms (in order): 
  1. Center of mass alignment using fixed image: /templateflow/tpl-MNI152NLin2009cAsym/tpl-MNI152NLin2009cAsym_res-01_desc-brain_T1w.nii.gz and moving image: /home/mdugre/scratch/mri-registration-rp/datasets/ds004513/derivatives/mri-registration-rp/antsBrainExtraction/sub-s032/BrainExtractionBrain.nii.gz (type = Euler3DTransform)
=============================================================================
  number of levels = 1
  fixed image: /templateflow/tpl-MNI152NLin2009cAsym/tpl-MNI152NLin2009cAsym_res-01_desc-brain_T1w.nii.gz
  moving image: /home/mdugre/scratch/mri-registration-rp/datasets/ds004513/derivatives/mri-registration-rp/antsBrainExtraction/sub-s032/BrainExtractionBrain.nii.gz
Dimension = 3
Number of stages = 1
Use histogram matching = false
Winsorize image intensities = true
  Lower quantile = 0.005
  Upper quantile = 0.995


Stage 1 State
   Image metric = MattesMI
     Fixed image = Image (0x4a04b20)
  RTTI typeinfo:   itk::Image<double, 3u>
  Reference Count: 2
  Modified Time: 2330
  Debug: Off
  Object Name: 
  Observers: 
    none
  Source: (none)
  Source output name: (none)
  Release Data: Off
  Data Released: False
  Global Release Data: Off
  PipelineMTime: 0
  UpdateMTime: 1941
  RealTimeStamp: 0 seconds 
  LargestPossibleRegion: 
    Dimension: 3
    Index: [0, 0, 0]
    Size: [193, 229, 193]
  BufferedRegion: 
    Dimension: 3
    Index: [0, 0, 0]
    Size: [193, 229, 193]
  RequestedRegion: 
    Dimension: 3
    Index: [0, 0, 0]
    Size: [193, 229, 193]
  Spacing: [1, 1, 1]
  Origin: [96, 132, -78]
  Direction: 
-1 0 0
0 -1 0
0 0 1

  IndexToPointMatrix: 
-1 0 0
0 -1 0
0 0 1

  PointToIndexMatrix: 
-1 0 0
0 -1 0
0 0 1

  Inverse Direction: 
-1 0 0
0 -1 0
0 0 1

  PixelContainer: 
    ImportImageContainer (0x4ab05d0)
      RTTI typeinfo:   itk::ImportImageContainer<unsigned long, double>
      Reference Count: 1
      Modified Time: 1938
      Debug: Off
      Object Name: 
      Observers: 
        none
      Pointer: 0x150a7c7be010
      Container manages memory: true
      Size: 8530021
      Capacity: 8530021

     Moving image = Image (0x4a6e100)
  RTTI typeinfo:   itk::Image<double, 3u>
  Reference Count: 2
  Modified Time: 2331
  Debug: Off
  Object Name: 
  Observers: 
    none
  Source: (none)
  Source output name: (none)
  Release Data: Off
  Data Released: False
  Global Release Data: Off
  PipelineMTime: 0
  UpdateMTime: 2328
  RealTimeStamp: 0 seconds 
  LargestPossibleRegion: 
    Dimension: 3
    Index: [0, 0, 0]
    Size: [160, 240, 256]
  BufferedRegion: 
    Dimension: 3
    Index: [0, 0, 0]
    Size: [160, 240, 256]
  RequestedRegion: 
    Dimension: 3
    Index: [0, 0, 0]
    Size: [160, 240, 256]
  Spacing: [1, 1, 1]
  Origin: [73.2812, 104.711, -131.188]
  Direction: 
-0.997559 0.0645599 -0.0278053
-0.0645294 -0.997925 -0.00179875
-0.0278625 0 0.999634

  IndexToPointMatrix: 
-0.997559 0.0645599 -0.0278053
-0.0645294 -0.997925 -0.00179875
-0.0278625 0 0.999634

  PointToIndexMatrix: 
-0.997559 -0.0645294 -0.0278625
0.0645599 -0.997986 2.28882e-05
-0.0278053 -0.00180817 0.999573

  Inverse Direction: 
-0.997559 -0.0645294 -0.0278625
0.0645599 -0.997986 2.28882e-05
-0.0278053 -0.00180817 0.999573

  PixelContainer: 
    ImportImageContainer (0x4a2e010)
      RTTI typeinfo:   itk::ImportImageContainer<unsigned long, double>
      Reference Count: 1
      Modified Time: 2325
      Debug: Off
      Object Name: 
      Observers: 
        none
      Pointer: 0x150a77cbd010
      Container manages memory: true
      Size: 9830400
      Capacity: 9830400

     Weighting = 1
     Sampling strategy = regular
     Number of bins = 32
     Radius = 4
     Sampling percentage  = 0.25
   Transform = Rigid
     Gradient step = 0.1
     Update field sigma (voxel space) = 0
     Total field sigma (voxel space) = 0
     Update field time sigma = 0
     Total field time sigma  = 0
     Number of time indices = 0
     Number of time point samples = 0
Registration using 1 total stages.

Stage 0
  iterations = 0
  convergence threshold = 1e-06
  convergence window size = 10
  number of levels = 1
  using the Mattes MI metric (number of bins = 32, weight = 1, use gradient filter = 0)
  preprocessing:  winsorizing the image intensities
  Shrink factors (level 1 out of 1): [1, 1, 1]
  smoothing sigmas per level: [0]
  regular sampling (percentage = 0.25)

*** Running Euler3DTransform registration ***

  Elapsed time (stage 0): 0


Total elapsed time: 0
Info [verificarlo]: loaded backend libinterflop_vprec.so
Info [interflop-vprec]: load backend with: 
Info [interflop-vprec]: precision-binary32 = 13
Info [interflop-vprec]: range-binary32 = 8
Info [interflop-vprec]: precision-binary64 = 13
Info [interflop-vprec]: range-binary64 = 8
Info [interflop-vprec]: mode = ob
Info [interflop-vprec]: error-mode = rel
Info [interflop-vprec]: max-abs-error-exponent = -1022
Info [interflop-vprec]: daz = false
Info [interflop-vprec]: ftz = false
Info [interflop-vprec]: 	instrument = none
Info [interflop-vprec]: 	prec-input-file = (null)
Info [interflop-vprec]: 	prec-output-file = (null)
Info [interflop-vprec]: 	prec-log-file = (null)
All_Command_lines_OK
Using double precision for computations.
=============================================================================
The composite transform comprises the following transforms (in order): 
  1. /home/mdugre/scratch/mri-registration-rp/datasets/ds004513/derivatives/mri-registration-rp/1111/antsRegistration-r8-p13/sub-s032/align_Composite.h5[0] (type = Euler3DTransform)
  2. /home/mdugre/scratch/mri-registration-rp/datasets/ds004513/derivatives/mri-registration-rp/1111/antsRegistration-r8-p13/sub-s032/align_Composite.h5[1] (type = Euler3DTransform)
=============================================================================
  number of levels = 4
  fixed image: /templateflow/tpl-MNI152NLin2009cAsym/tpl-MNI152NLin2009cAsym_res-01_desc-brain_T1w.nii.gz
  moving image: /home/mdugre/scratch/mri-registration-rp/datasets/ds004513/derivatives/mri-registration-rp/antsBrainExtraction/sub-s032/BrainExtractionBrain.nii.gz
Dimension = 3
Number of stages = 1
Use histogram matching = false
Winsorize image intensities = true
  Lower quantile = 0.005
  Upper quantile = 0.995


Stage 1 State
   Image metric = MattesMI
     Fixed image = Image (0x3bb51e0)
  RTTI typeinfo:   itk::Image<double, 3u>
  Reference Count: 2
  Modified Time: 1578
  Debug: Off
  Object Name: 
  Observers: 
    none
  Source: (none)
  Source output name: (none)
  Release Data: Off
  Data Released: False
  Global Release Data: Off
  PipelineMTime: 0
  UpdateMTime: 1189
  RealTimeStamp: 0 seconds 
  LargestPossibleRegion: 
    Dimension: 3
    Index: [0, 0, 0]
    Size: [193, 229, 193]
  BufferedRegion: 
    Dimension: 3
    Index: [0, 0, 0]
    Size: [193, 229, 193]
  RequestedRegion: 
    Dimension: 3
    Index: [0, 0, 0]
    Size: [193, 229, 193]
  Spacing: [1, 1, 1]
  Origin: [96, 132, -78]
  Direction: 
-1 0 0
0 -1 0
0 0 1

  IndexToPointMatrix: 
-1 0 0
0 -1 0
0 0 1

  PointToIndexMatrix: 
-1 0 0
0 -1 0
0 0 1

  Inverse Direction: 
-1 0 0
0 -1 0
0 0 1

  PixelContainer: 
    ImportImageContainer (0x3c746f0)
      RTTI typeinfo:   itk::ImportImageContainer<unsigned long, double>
      Reference Count: 1
      Modified Time: 1186
      Debug: Off
      Object Name: 
      Observers: 
        none
      Pointer: 0x14fd05373010
      Container manages memory: true
      Size: 8530021
      Capacity: 8530021

     Moving image = Image (0x3c70c90)
  RTTI typeinfo:   itk::Image<double, 3u>
  Reference Count: 2
  Modified Time: 1579
  Debug: Off
  Object Name: 
  Observers: 
    none
  Source: (none)
  Source output name: (none)
  Release Data: Off
  Data Released: False
  Global Release Data: Off
  PipelineMTime: 0
  UpdateMTime: 1576
  RealTimeStamp: 0 seconds 
  LargestPossibleRegion: 
    Dimension: 3
    Index: [0, 0, 0]
    Size: [160, 240, 256]
  BufferedRegion: 
    Dimension: 3
    Index: [0, 0, 0]
    Size: [160, 240, 256]
  RequestedRegion: 
    Dimension: 3
    Index: [0, 0, 0]
    Size: [160, 240, 256]
  Spacing: [1, 1, 1]
  Origin: [73.2812, 104.711, -131.188]
  Direction: 
-0.997559 0.0645599 -0.0278053
-0.0645294 -0.997925 -0.00179875
-0.0278625 0 0.999634

  IndexToPointMatrix: 
-0.997559 0.0645599 -0.0278053
-0.0645294 -0.997925 -0.00179875
-0.0278625 0 0.999634

  PointToIndexMatrix: 
-0.997559 -0.0645294 -0.0278625
0.0645599 -0.997986 2.28882e-05
-0.0278053 -0.00180817 0.999573

  Inverse Direction: 
-0.997559 -0.0645294 -0.0278625
0.0645599 -0.997986 2.28882e-05
-0.0278053 -0.00180817 0.999573

  PixelContainer: 
    ImportImageContainer (0x3c33010)
      RTTI typeinfo:   itk::ImportImageContainer<unsigned long, double>
      Reference Count: 1
      Modified Time: 1573
      Debug: Off
      Object Name: 
      Observers: 
        none
      Pointer: 0x14fd00872010
      Container manages memory: true
      Size: 9830400
      Capacity: 9830400

     Weighting = 1
     Sampling strategy = regular
     Number of bins = 32
     Radius = 4
     Sampling percentage  = 0.25
   Transform = Rigid
     Gradient step = 0.1
     Update field sigma (voxel space) = 0
     Total field sigma (voxel space) = 0
     Update field time sigma = 0
     Total field time sigma  = 0
     Number of time indices = 0
     Number of time point samples = 0
Registration using 1 total stages.

Stage 0
  iterations = 1000x500x250x100
  convergence threshold = 1e-06
  convergence window size = 10
  number of levels = 4
  using the Mattes MI metric (number of bins = 32, weight = 1, use gradient filter = 0)
  preprocessing:  winsorizing the image intensities
  Shrink factors (level 1 out of 4): [8, 8, 8]
  Shrink factors (level 2 out of 4): [4, 4, 4]
  Shrink factors (level 3 out of 4): [2, 2, 2]
  Shrink factors (level 4 out of 4): [1, 1, 1]
  smoothing sigmas per level: [3, 2, 1, 0]
  regular sampling (percentage = 0.25)

*** Running Euler3DTransform registration ***

DIAGNOSTIC,Iteration,metricValue,convergenceValue,ITERATION_TIME_INDEX,SINCE_LAST
 2DIAGNOSTIC,     1, -8.271358156101e-02, 1.797693134862e+308, 0.0000e+00, 0.0000e+00, 
 2DIAGNOSTIC,     2, -8.295621086934e-02, 1.797693134862e+308, 0.0000e+00, 0.0000e+00, 
 2DIAGNOSTIC,     3, -8.283358361565e-02, 1.797693134862e+308, 0.0000e+00, 0.0000e+00, 
 2DIAGNOSTIC,     4, -8.295141662024e-02, 1.797693134862e+308, 0.0000e+00, 0.0000e+00, 
 2DIAGNOSTIC,     5, -8.295279864527e-02, 1.797693134862e+308, 0.0000e+00, 0.0000e+00, 
 2DIAGNOSTIC,     6, -8.309124144540e-02, 1.797693134862e+308, 0.0000e+00, 0.0000e+00, 
 2DIAGNOSTIC,     7, -8.340705398306e-02, 1.797693134862e+308, 0.0000e+00, 0.0000e+00, 
 2DIAGNOSTIC,     8, -8.402284154354e-02, 1.797693134862e+308, 0.0000e+00, 0.0000e+00, 
 2DIAGNOSTIC,     9, -8.555362118362e-02, 1.797693134862e+308, 0.0000e+00, 0.0000e+00, 
 2DIAGNOSTIC,    10, -8.597493072824e-02, 2.246706698412e-03, 0.0000e+00, 0.0000e+00, 
 2DIAGNOSTIC,    11, -8.606711810104e-02, 2.540238720745e-03, 0.0000e+00, 0.0000e+00, 
 2DIAGNOSTIC,    12, -8.612870339496e-02, 2.649099995542e-03, 0.0000e+00, 0.0000e+00, 
 2DIAGNOSTIC,    13, -8.613096713250e-02, 2.467958363806e-03, 0.0000e+00, 0.0000e+00, 
 2DIAGNOSTIC,    14, -8.632567452985e-02, 2.159598865047e-03, 0.0000e+00, 0.0000e+00, 
 2DIAGNOSTIC,    15, -8.641550633078e-02, 1.715208349889e-03, 0.0000e+00, 0.0000e+00, 
 2DIAGNOSTIC,    16, -8.656679990936e-02, 1.235552522350e-03, 0.0000e+00, 0.0000e+00, 
 2DIAGNOSTIC,    17, -8.644276252204e-02, 7.392913014502e-04, 0.0000e+00, 0.0000e+00, 
 2DIAGNOSTIC,    18, -8.644858904289e-02, 3.410467121973e-04, 0.0000e+00, 0.0000e+00, 
 2DIAGNOSTIC,    19, -8.644350783368e-02, 2.206126538022e-04, 0.0000e+00, 0.0000e+00, 
 2DIAGNOSTIC,    20, -8.644337387780e-02, 1.614686559119e-04, 0.0000e+00, 0.0000e+00, 
 2DIAGNOSTIC,    21, -8.644444217261e-02, 1.078924361006e-04, 0.0000e+00, 0.0000e+00, 
 2DIAGNOSTIC,    22, -8.644444217261e-02, 5.949286976305e-05, 0.0000e+00, 0.0000e+00, 
 2DIAGNOSTIC,    23, -8.644444217261e-02, 1.006237916863e-05, 0.0000e+00, 0.0000e+00, 
DIAGNOSTIC,Iteration,metricValue,convergenceValue,ITERATION_TIME_INDEX,SINCE_LAST
 2DIAGNOSTIC,     1, -1.994740243317e-02, 1.797693134862e+308, 0.0000e+00, 0.0000e+00, 
 2DIAGNOSTIC,     2, -2.006501331789e-02, 1.797693134862e+308, 0.0000e+00, 0.0000e+00, 
 2DIAGNOSTIC,     3, -2.040740340610e-02, 1.797693134862e+308, 0.0000e+00, 0.0000e+00, 
 2DIAGNOSTIC,     4, -2.099682078666e-02, 1.797693134862e+308, 0.0000e+00, 0.0000e+00, 
 2DIAGNOSTIC,     5, -2.177576324614e-02, 1.797693134862e+308, 0.0000e+00, 0.0000e+00, 
 2DIAGNOSTIC,     6, -2.217374181879e-02, 1.797693134862e+308, 0.0000e+00, 0.0000e+00, 
 2DIAGNOSTIC,     7, -2.218034334894e-02, 1.797693134862e+308, 0.0000e+00, 0.0000e+00, 
 2DIAGNOSTIC,     8, -2.227017012633e-02, 1.797693134862e+308, 0.0000e+00, 0.0000e+00, 
 2DIAGNOSTIC,     9, -2.233011083756e-02, 1.797693134862e+308, 0.0000e+00, 0.0000e+00, 
 2DIAGNOSTIC,    10, -2.242630853558e-02, 8.459485149360e-03, 0.0000e+00, 0.0000e+00, 
 2DIAGNOSTIC,    11, -2.254147248703e-02, 6.485906465986e-03, 0.0000e+00, 0.0000e+00, 
 2DIAGNOSTIC,    12, -2.252338068084e-02, 4.392734889962e-03, 0.0000e+00, 0.0000e+00, 
 2DIAGNOSTIC,    13, -2.249700467113e-02, 2.557893222960e-03, 0.0000e+00, 0.0000e+00, 
 2DIAGNOSTIC,    14, -2.251952457378e-02, 1.317812051739e-03, 0.0000e+00, 0.0000e+00, 
 2DIAGNOSTIC,    15, -2.251928778221e-02, 7.934722040796e-04, 0.0000e+00, 0.0000e+00, 
 2DIAGNOSTIC,    16, -2.251249697583e-02, 5.818154646317e-04, 0.0000e+00, 0.0000e+00, 
 2DIAGNOSTIC,    17, -2.251575098689e-02, 3.502318562461e-04, 0.0000e+00, 0.0000e+00, 
 2DIAGNOSTIC,    18, -2.251536365414e-02, 1.785086187192e-04, 0.0000e+00, 0.0000e+00, 
 2DIAGNOSTIC,    19, -2.251480658660e-02, 4.808982900858e-05, 0.0000e+00, 0.0000e+00, 
DIAGNOSTIC,Iteration,metricValue,convergenceValue,ITERATION_TIME_INDEX,SINCE_LAST
 2DIAGNOSTIC,     1, -1.069882151457e-02, 1.797693134862e+308, 0.0000e+00, 0.0000e+00, 
 2DIAGNOSTIC,     2, -1.076006140080e-02, 1.797693134862e+308, 0.0000e+00, 0.0000e+00, 
 2DIAGNOSTIC,     3, -1.082731031143e-02, 1.797693134862e+308, 0.0000e+00, 0.0000e+00, 
 2DIAGNOSTIC,     4, -1.105780277519e-02, 1.797693134862e+308, 0.0000e+00, 0.0000e+00, 
 2DIAGNOSTIC,     5, -1.135311573614e-02, 1.797693134862e+308, 0.0000e+00, 0.0000e+00, 
 2DIAGNOSTIC,     6, -1.160340542319e-02, 1.797693134862e+308, 0.0000e+00, 0.0000e+00, 
 2DIAGNOSTIC,     7, -1.215497749027e-02, 1.797693134862e+308, 0.0000e+00, 0.0000e+00, 
 2DIAGNOSTIC,     8, -1.484140544242e-02, 1.797693134862e+308, 0.0000e+00, 0.0000e+00, 
 2DIAGNOSTIC,     9, -4.513631168692e-02, 1.797693134862e+308, 0.0000e+00, 0.0000e+00, 
 2DIAGNOSTIC,    10, -7.704826101140e-02, 1.315644199205e-01, 0.0000e+00, 0.0000e+00, 
 2DIAGNOSTIC,    11, -7.706441028526e-02, 1.455351685281e-01, 0.0000e+00, 0.0000e+00, 
 2DIAGNOSTIC,    12, -7.706488721720e-02, 1.431236065152e-01, 0.0000e+00, 0.0000e+00, 
 2DIAGNOSTIC,    13, -7.706941760939e-02, 1.302333186966e-01, 0.0000e+00, 0.0000e+00, 
 2DIAGNOSTIC,    14, -7.707471972050e-02, 1.100539964268e-01, 0.0000e+00, 0.0000e+00, 
 2DIAGNOSTIC,    15, -7.708317535528e-02, 8.552322622303e-02, 0.0000e+00, 0.0000e+00, 
 2DIAGNOSTIC,    16, -7.707705479975e-02, 5.942330554085e-02, 0.0000e+00, 0.0000e+00, 
 2DIAGNOSTIC,    17, -7.707423861277e-02, 3.394493000291e-02, 0.0000e+00, 0.0000e+00, 
 2DIAGNOSTIC,    18, -7.708130814044e-02, 1.092882773490e-02, 0.0000e+00, 0.0000e+00, 
 2DIAGNOSTIC,    19, -7.708433609348e-02, 2.278657957727e-05, 0.0000e+00, 0.0000e+00, 
 2DIAGNOSTIC,    20, -7.708433609348e-02, 1.572200572979e-05, 0.0000e+00, 0.0000e+00, 
 2DIAGNOSTIC,    21, -7.707669858447e-02, 1.090215524682e-05, 0.0000e+00, 0.0000e+00, 
 2DIAGNOSTIC,    22, -7.707508806760e-02, 5.809181761754e-06, 0.0000e+00, 0.0000e+00, 
 2DIAGNOSTIC,    23, -7.707545615219e-02, 2.139056622288e-06, 0.0000e+00, 0.0000e+00, 
DIAGNOSTIC,Iteration,metricValue,convergenceValue,ITERATION_TIME_INDEX,SINCE_LAST
 2DIAGNOSTIC,     1, -7.354729382852e-02, 1.797693134862e+308, 0.0000e+00, 0.0000e+00, 
 2DIAGNOSTIC,     2, -7.357734684421e-02, 1.797693134862e+308, 0.0000e+00, 0.0000e+00, 
 2DIAGNOSTIC,     3, -7.364635665821e-02, 1.797693134862e+308, 0.0000e+00, 0.0000e+00, 
 2DIAGNOSTIC,     4, -7.378223966596e-02, 1.797693134862e+308, 0.0000e+00, 0.0000e+00, 
 2DIAGNOSTIC,     5, -7.392869258627e-02, 1.797693134862e+308, 0.0000e+00, 0.0000e+00, 
 2DIAGNOSTIC,     6, -7.425141289435e-02, 1.797693134862e+308, 0.0000e+00, 0.0000e+00, 
 2DIAGNOSTIC,     7, -7.443581433629e-02, 1.797693134862e+308, 0.0000e+00, 0.0000e+00, 
 2DIAGNOSTIC,     8, -7.466141965113e-02, 1.797693134862e+308, 0.0000e+00, 0.0000e+00, 
 2DIAGNOSTIC,     9, -7.483230524533e-02, 1.797693134862e+308, 0.0000e+00, 0.0000e+00, 
 2DIAGNOSTIC,    10, -7.483364231198e-02, 1.327692733872e-03, 0.0000e+00, 0.0000e+00, 
 2DIAGNOSTIC,    11, -7.483051118496e-02, 1.187321868709e-03, 0.0000e+00, 0.0000e+00, 
 2DIAGNOSTIC,    12, -7.482972994732e-02, 9.737155585059e-04, 0.0000e+00, 0.0000e+00, 
 2DIAGNOSTIC,    13, -7.482729605404e-02, 7.246326537948e-04, 0.0000e+00, 0.0000e+00, 
 2DIAGNOSTIC,    14, -7.482406153457e-02, 4.817947890707e-04, 0.0000e+00, 0.0000e+00, 
 2DIAGNOSTIC,    15, -7.481990387392e-02, 2.630617499045e-04, 0.0000e+00, 0.0000e+00, 
 2DIAGNOSTIC,    16, -7.481998857394e-02, 1.250879098803e-04, 0.0000e+00, 0.0000e+00, 
 2DIAGNOSTIC,    17, -7.481998857394e-02, 3.256313999922e-05, 0.0000e+00, 0.0000e+00, 
  Elapsed time (stage 0): 0.0000e+00


Total elapsed time: 0.0000e+00
Info [verificarlo]: loaded backend libinterflop_vprec.so
Info [interflop-vprec]: load backend with: 
Info [interflop-vprec]: precision-binary32 = 13
Info [interflop-vprec]: range-binary32 = 8
Info [interflop-vprec]: precision-binary64 = 13
Info [interflop-vprec]: range-binary64 = 8
Info [interflop-vprec]: mode = ob
Info [interflop-vprec]: error-mode = rel
Info [interflop-vprec]: max-abs-error-exponent = -1022
Info [interflop-vprec]: daz = false
Info [interflop-vprec]: ftz = false
Info [interflop-vprec]: 	instrument = none
Info [interflop-vprec]: 	prec-input-file = (null)
Info [interflop-vprec]: 	prec-output-file = (null)
Info [interflop-vprec]: 	prec-log-file = (null)
All_Command_lines_OK
Using double precision for computations.
=============================================================================
The composite transform comprises the following transforms (in order): 
  1. /home/mdugre/scratch/mri-registration-rp/datasets/ds004513/derivatives/mri-registration-rp/1111/antsRegistration-r8-p13/sub-s032/rigid_Composite.h5[0] (type = Euler3DTransform)
  2. /home/mdugre/scratch/mri-registration-rp/datasets/ds004513/derivatives/mri-registration-rp/1111/antsRegistration-r8-p13/sub-s032/rigid_Composite.h5[1] (type = Euler3DTransform)
  3. /home/mdugre/scratch/mri-registration-rp/datasets/ds004513/derivatives/mri-registration-rp/1111/antsRegistration-r8-p13/sub-s032/rigid_Composite.h5[2] (type = Euler3DTransform)
=============================================================================
  number of levels = 4
  fixed image: /templateflow/tpl-MNI152NLin2009cAsym/tpl-MNI152NLin2009cAsym_res-01_desc-brain_T1w.nii.gz
  moving image: /home/mdugre/scratch/mri-registration-rp/datasets/ds004513/derivatives/mri-registration-rp/antsBrainExtraction/sub-s032/BrainExtractionBrain.nii.gz
Dimension = 3
Number of stages = 1
Use histogram matching = false
Winsorize image intensities = true
  Lower quantile = 0.005
  Upper quantile = 0.995


Stage 1 State
   Image metric = MattesMI
     Fixed image = Image (0x4c7b490)
  RTTI typeinfo:   itk::Image<double, 3u>
  Reference Count: 2
  Modified Time: 1592
  Debug: Off
  Object Name: 
  Observers: 
    none
  Source: (none)
  Source output name: (none)
  Release Data: Off
  Data Released: False
  Global Release Data: Off
  PipelineMTime: 0
  UpdateMTime: 1203
  RealTimeStamp: 0 seconds 
  LargestPossibleRegion: 
    Dimension: 3
    Index: [0, 0, 0]
    Size: [193, 229, 193]
  BufferedRegion: 
    Dimension: 3
    Index: [0, 0, 0]
    Size: [193, 229, 193]
  RequestedRegion: 
    Dimension: 3
    Index: [0, 0, 0]
    Size: [193, 229, 193]
  Spacing: [1, 1, 1]
  Origin: [96, 132, -78]
  Direction: 
-1 0 0
0 -1 0
0 0 1

  IndexToPointMatrix: 
-1 0 0
0 -1 0
0 0 1

  PointToIndexMatrix: 
-1 0 0
0 -1 0
0 0 1

  Inverse Direction: 
-1 0 0
0 -1 0
0 0 1

  PixelContainer: 
    ImportImageContainer (0x4c872a0)
      RTTI typeinfo:   itk::ImportImageContainer<unsigned long, double>
      Reference Count: 1
      Modified Time: 1200
      Debug: Off
      Object Name: 
      Observers: 
        none
      Pointer: 0x149c07bf4010
      Container manages memory: true
      Size: 8530021
      Capacity: 8530021

     Moving image = Image (0x4d36d20)
  RTTI typeinfo:   itk::Image<double, 3u>
  Reference Count: 2
  Modified Time: 1593
  Debug: Off
  Object Name: 
  Observers: 
    none
  Source: (none)
  Source output name: (none)
  Release Data: Off
  Data Released: False
  Global Release Data: Off
  PipelineMTime: 0
  UpdateMTime: 1590
  RealTimeStamp: 0 seconds 
  LargestPossibleRegion: 
    Dimension: 3
    Index: [0, 0, 0]
    Size: [160, 240, 256]
  BufferedRegion: 
    Dimension: 3
    Index: [0, 0, 0]
    Size: [160, 240, 256]
  RequestedRegion: 
    Dimension: 3
    Index: [0, 0, 0]
    Size: [160, 240, 256]
  Spacing: [1, 1, 1]
  Origin: [73.2812, 104.711, -131.188]
  Direction: 
-0.997559 0.0645599 -0.0278053
-0.0645294 -0.997925 -0.00179875
-0.0278625 0 0.999634

  IndexToPointMatrix: 
-0.997559 0.0645599 -0.0278053
-0.0645294 -0.997925 -0.00179875
-0.0278625 0 0.999634

  PointToIndexMatrix: 
-0.997559 -0.0645294 -0.0278625
0.0645599 -0.997986 2.28882e-05
-0.0278053 -0.00180817 0.999573

  Inverse Direction: 
-0.997559 -0.0645294 -0.0278625
0.0645599 -0.997986 2.28882e-05
-0.0278053 -0.00180817 0.999573

  PixelContainer: 
    ImportImageContainer (0x4dac650)
      RTTI typeinfo:   itk::ImportImageContainer<unsigned long, double>
      Reference Count: 1
      Modified Time: 1587
      Debug: Off
      Object Name: 
      Observers: 
        none
      Pointer: 0x149c030f3010
      Container manages memory: true
      Size: 9830400
      Capacity: 9830400

     Weighting = 1
     Sampling strategy = regular
     Number of bins = 32
     Radius = 4
     Sampling percentage  = 0.25
   Transform = Affine
     Gradient step = 0.1
     Update field sigma (voxel space) = 0
     Total field sigma (voxel space) = 0
     Update field time sigma = 0
     Total field time sigma  = 0
     Number of time indices = 0
     Number of time point samples = 0
Registration using 1 total stages.

Stage 0
  iterations = 1000x500x250x100
  convergence threshold = 1e-06
  convergence window size = 10
  number of levels = 4
  using the Mattes MI metric (number of bins = 32, weight = 1, use gradient filter = 0)
  preprocessing:  winsorizing the image intensities
  Shrink factors (level 1 out of 4): [8, 8, 8]
  Shrink factors (level 2 out of 4): [4, 4, 4]
  Shrink factors (level 3 out of 4): [2, 2, 2]
  Shrink factors (level 4 out of 4): [1, 1, 1]
  smoothing sigmas per level: [3, 2, 1, 0]
  regular sampling (percentage = 0.25)

*** Running AffineTransform registration ***

DIAGNOSTIC,Iteration,metricValue,convergenceValue,ITERATION_TIME_INDEX,SINCE_LAST
 2DIAGNOSTIC,     1, -9.678501538249e-02, 1.797693134862e+308, 0.0000e+00, 0.0000e+00, 
 2DIAGNOSTIC,     2, -9.700576090482e-02, 1.797693134862e+308, 0.0000e+00, 0.0000e+00, 
 2DIAGNOSTIC,     3, -9.772844877934e-02, 1.797693134862e+308, 0.0000e+00, 0.0000e+00, 
 2DIAGNOSTIC,     4, -9.812921822461e-02, 1.797693134862e+308, 0.0000e+00, 0.0000e+00, 
 2DIAGNOSTIC,     5, -9.969507917327e-02, 1.797693134862e+308, 0.0000e+00, 0.0000e+00, 
 2DIAGNOSTIC,     6, -1.022755485600e-01, 1.797693134862e+308, 0.0000e+00, 0.0000e+00, 
 2DIAGNOSTIC,     7, -1.048182391942e-01, 1.797693134862e+308, 0.0000e+00, 0.0000e+00, 
 2DIAGNOSTIC,     8, -1.077956205202e-01, 1.797693134862e+308, 0.0000e+00, 0.0000e+00, 
 2DIAGNOSTIC,     9, -1.138330560490e-01, 1.797693134862e+308, 0.0000e+00, 0.0000e+00, 
 2DIAGNOSTIC,    10, -1.215823399600e-01, 1.370348700812e-02, 0.0000e+00, 0.0000e+00, 
 2DIAGNOSTIC,    11, -1.351470962497e-01, 1.795566945803e-02, 0.0000e+00, 0.0000e+00, 
 2DIAGNOSTIC,    12, -1.360603500371e-01, 1.993357644439e-02, 0.0000e+00, 0.0000e+00, 
 2DIAGNOSTIC,    13, -1.356777450759e-01, 1.989062008254e-02, 0.0000e+00, 0.0000e+00, 
 2DIAGNOSTIC,    14, -1.354613890159e-01, 1.813530511019e-02, 0.0000e+00, 0.0000e+00, 
 2DIAGNOSTIC,    15, -1.361249743820e-01, 1.535586159017e-02, 0.0000e+00, 0.0000e+00, 
 2DIAGNOSTIC,    16, -1.364143926942e-01, 1.199623103757e-02, 0.0000e+00, 0.0000e+00, 
 2DIAGNOSTIC,    17, -1.360923903688e-01, 8.328924682540e-03, 0.0000e+00, 0.0000e+00, 
 2DIAGNOSTIC,    18, -1.361058924974e-01, 4.790902744832e-03, 0.0000e+00, 0.0000e+00, 
 2DIAGNOSTIC,    19, -1.358021172944e-01, 1.953524209869e-03, 0.0000e+00, 0.0000e+00, 
 2DIAGNOSTIC,    20, -1.357965203018e-01, 1.286253486738e-04, 0.0000e+00, 0.0000e+00, 
 2DIAGNOSTIC,    21, -1.357967006698e-01, 4.020498797754e-06, 0.0000e+00, 0.0000e+00, 
DIAGNOSTIC,Iteration,metricValue,convergenceValue,ITERATION_TIME_INDEX,SINCE_LAST
 2DIAGNOSTIC,     1, -9.889736207622e-02, 1.797693134862e+308, 0.0000e+00, 0.0000e+00, 
 2DIAGNOSTIC,     2, -9.908026975232e-02, 1.797693134862e+308, 0.0000e+00, 0.0000e+00, 
 2DIAGNOSTIC,     3, -9.920223904455e-02, 1.797693134862e+308, 0.0000e+00, 0.0000e+00, 
 2DIAGNOSTIC,     4, -9.930734602243e-02, 1.797693134862e+308, 0.0000e+00, 0.0000e+00, 
 2DIAGNOSTIC,     5, -9.930996405616e-02, 1.797693134862e+308, 0.0000e+00, 0.0000e+00, 
 2DIAGNOSTIC,     6, -9.925215733303e-02, 1.797693134862e+308, 0.0000e+00, 0.0000e+00, 
 2DIAGNOSTIC,     7, -9.931973207459e-02, 1.797693134862e+308, 0.0000e+00, 0.0000e+00, 
 2DIAGNOSTIC,     8, -9.934353959938e-02, 1.797693134862e+308, 0.0000e+00, 0.0000e+00, 
 2DIAGNOSTIC,     9, -9.939028153019e-02, 1.797693134862e+308, 0.0000e+00, 0.0000e+00, 
 2DIAGNOSTIC,    10, -9.938309302709e-02, 2.478596337917e-04, 0.0000e+00, 0.0000e+00, 
 2DIAGNOSTIC,    11, -9.936019076255e-02, 1.396642866543e-04, 0.0000e+00, 0.0000e+00, 
 2DIAGNOSTIC,    12, -9.933148578425e-02, 7.366156681990e-05, 0.0000e+00, 0.0000e+00, 
 2DIAGNOSTIC,    13, -9.933826507487e-02, 3.886037955156e-05, 0.0000e+00, 0.0000e+00, 
 2DIAGNOSTIC,    14, -9.934745565903e-02, 2.885622846058e-05, 0.0000e+00, 0.0000e+00, 
 2DIAGNOSTIC,    15, -9.932814524001e-02, 1.504779556290e-05, 0.0000e+00, 0.0000e+00, 
DIAGNOSTIC,Iteration,metricValue,convergenceValue,ITERATION_TIME_INDEX,SINCE_LAST
 2DIAGNOSTIC,     1, -8.650889890673e-02, 1.797693134862e+308, 0.0000e+00, 0.0000e+00, 
 2DIAGNOSTIC,     2, -8.658503455096e-02, 1.797693134862e+308, 0.0000e+00, 0.0000e+00, 
 2DIAGNOSTIC,     3, -8.673771524704e-02, 1.797693134862e+308, 0.0000e+00, 0.0000e+00, 
 2DIAGNOSTIC,     4, -8.690738153547e-02, 1.797693134862e+308, 0.0000e+00, 0.0000e+00, 
 2DIAGNOSTIC,     5, -8.715508685884e-02, 1.797693134862e+308, 0.0000e+00, 0.0000e+00, 
 2DIAGNOSTIC,     6, -8.746221388280e-02, 1.797693134862e+308, 0.0000e+00, 0.0000e+00, 
 2DIAGNOSTIC,     7, -8.786830632265e-02, 1.797693134862e+308, 0.0000e+00, 0.0000e+00, 
 2DIAGNOSTIC,     8, -8.832656089139e-02, 1.797693134862e+308, 0.0000e+00, 0.0000e+00, 
 2DIAGNOSTIC,     9, -8.915417831569e-02, 1.797693134862e+308, 0.0000e+00, 0.0000e+00, 
 2DIAGNOSTIC,    10, -8.971854955892e-02, 2.296177586014e-03, 0.0000e+00, 0.0000e+00, 
 2DIAGNOSTIC,    11, -9.042782688610e-02, 2.542780469823e-03, 0.0000e+00, 0.0000e+00, 
 2DIAGNOSTIC,    12, -9.063518025132e-02, 2.593615734356e-03, 0.0000e+00, 0.0000e+00, 
 2DIAGNOSTIC,    13, -9.064612157439e-02, 2.444162113367e-03, 0.0000e+00, 0.0000e+00, 
 2DIAGNOSTIC,    14, -9.063632319289e-02, 2.131783154194e-03, 0.0000e+00, 0.0000e+00, 
 2DIAGNOSTIC,    15, -9.063337795426e-02, 1.718577401808e-03, 0.0000e+00, 0.0000e+00, 
 2DIAGNOSTIC,    16, -9.063604921777e-02, 1.261522432933e-03, 0.0000e+00, 0.0000e+00, 
 2DIAGNOSTIC,    17, -9.063604921777e-02, 8.198585490538e-04, 0.0000e+00, 0.0000e+00, 
 2DIAGNOSTIC,    18, -9.063604921777e-02, 4.329664587654e-04, 0.0000e+00, 0.0000e+00, 
 2DIAGNOSTIC,    19, -9.063457346482e-02, 1.857327154865e-04, 0.0000e+00, 0.0000e+00, 
 2DIAGNOSTIC,    20, -9.063457346482e-02, 3.377407541100e-05, 0.0000e+00, 0.0000e+00, 
DIAGNOSTIC,Iteration,metricValue,convergenceValue,ITERATION_TIME_INDEX,SINCE_LAST
 2DIAGNOSTIC,     1, -8.590539381522e-02, 1.797693134862e+308, 0.0000e+00, 0.0000e+00, 
 2DIAGNOSTIC,     2, -8.590223420009e-02, 1.797693134862e+308, 0.0000e+00, 0.0000e+00, 
 2DIAGNOSTIC,     3, -8.590187363627e-02, 1.797693134862e+308, 0.0000e+00, 0.0000e+00, 
 2DIAGNOSTIC,     4, -8.589909784295e-02, 1.797693134862e+308, 0.0000e+00, 0.0000e+00, 
 2DIAGNOSTIC,     5, -8.589810245535e-02, 1.797693134862e+308, 0.0000e+00, 0.0000e+00, 
 2DIAGNOSTIC,     6, -8.589588952268e-02, 1.797693134862e+308, 0.0000e+00, 0.0000e+00, 
 2DIAGNOSTIC,     7, -8.589375862402e-02, 1.797693134862e+308, 0.0000e+00, 0.0000e+00, 
 2DIAGNOSTIC,     8, -8.589290420073e-02, 1.797693134862e+308, 0.0000e+00, 0.0000e+00, 
 2DIAGNOSTIC,     9, -8.588823226178e-02, 1.797693134862e+308, 0.0000e+00, 0.0000e+00, 
  Elapsed time (stage 0): 0.0000e+00


Total elapsed time: 0.0000e+00
Info [verificarlo]: loaded backend libinterflop_vprec.so
Info [interflop-vprec]: load backend with: 
Info [interflop-vprec]: precision-binary32 = 13
Info [interflop-vprec]: range-binary32 = 8
Info [interflop-vprec]: precision-binary64 = 13
Info [interflop-vprec]: range-binary64 = 8
Info [interflop-vprec]: mode = ob
Info [interflop-vprec]: error-mode = rel
Info [interflop-vprec]: max-abs-error-exponent = -1022
Info [interflop-vprec]: daz = false
Info [interflop-vprec]: ftz = false
Info [interflop-vprec]: 	instrument = none
Info [interflop-vprec]: 	prec-input-file = (null)
Info [interflop-vprec]: 	prec-output-file = (null)
Info [interflop-vprec]: 	prec-log-file = (null)
All_Command_lines_OK
Using double precision for computations.
=============================================================================
The composite transform comprises the following transforms (in order): 
  1. /home/mdugre/scratch/mri-registration-rp/datasets/ds004513/derivatives/mri-registration-rp/1111/antsRegistration-r8-p13/sub-s032/affine_Composite.h5[0] (type = Euler3DTransform)
  2. /home/mdugre/scratch/mri-registration-rp/datasets/ds004513/derivatives/mri-registration-rp/1111/antsRegistration-r8-p13/sub-s032/affine_Composite.h5[1] (type = Euler3DTransform)
  3. /home/mdugre/scratch/mri-registration-rp/datasets/ds004513/derivatives/mri-registration-rp/1111/antsRegistration-r8-p13/sub-s032/affine_Composite.h5[2] (type = Euler3DTransform)
  4. /home/mdugre/scratch/mri-registration-rp/datasets/ds004513/derivatives/mri-registration-rp/1111/antsRegistration-r8-p13/sub-s032/affine_Composite.h5[3] (type = AffineTransform)
=============================================================================
  number of levels = 4
  fixed image: /templateflow/tpl-MNI152NLin2009cAsym/tpl-MNI152NLin2009cAsym_res-01_desc-brain_T1w.nii.gz
  moving image: /home/mdugre/scratch/mri-registration-rp/datasets/ds004513/derivatives/mri-registration-rp/antsBrainExtraction/sub-s032/BrainExtractionBrain.nii.gz
Dimension = 3
Number of stages = 1
Use histogram matching = false
Winsorize image intensities = true
  Lower quantile = 0.005
  Upper quantile = 0.995


Stage 1 State
   Image metric = CC
     Fixed image = Image (0x407a6f0)
  RTTI typeinfo:   itk::Image<double, 3u>
  Reference Count: 2
  Modified Time: 1606
  Debug: Off
  Object Name: 
  Observers: 
    none
  Source: (none)
  Source output name: (none)
  Release Data: Off
  Data Released: False
  Global Release Data: Off
  PipelineMTime: 0
  UpdateMTime: 1217
  RealTimeStamp: 0 seconds 
  LargestPossibleRegion: 
    Dimension: 3
    Index: [0, 0, 0]
    Size: [193, 229, 193]
  BufferedRegion: 
    Dimension: 3
    Index: [0, 0, 0]
    Size: [193, 229, 193]
  RequestedRegion: 
    Dimension: 3
    Index: [0, 0, 0]
    Size: [193, 229, 193]
  Spacing: [1, 1, 1]
  Origin: [96, 132, -78]
  Direction: 
-1 0 0
0 -1 0
0 0 1

  IndexToPointMatrix: 
-1 0 0
0 -1 0
0 0 1

  PointToIndexMatrix: 
-1 0 0
0 -1 0
0 0 1

  Inverse Direction: 
-1 0 0
0 -1 0
0 0 1

  PixelContainer: 
    ImportImageContainer (0x41501d0)
      RTTI typeinfo:   itk::ImportImageContainer<unsigned long, double>
      Reference Count: 1
      Modified Time: 1214
      Debug: Off
      Object Name: 
      Observers: 
        none
      Pointer: 0x150cda5ad010
      Container manages memory: true
      Size: 8530021
      Capacity: 8530021

     Moving image = Image (0x4136030)
  RTTI typeinfo:   itk::Image<double, 3u>
  Reference Count: 2
  Modified Time: 1607
  Debug: Off
  Object Name: 
  Observers: 
    none
  Source: (none)
  Source output name: (none)
  Release Data: Off
  Data Released: False
  Global Release Data: Off
  PipelineMTime: 0
  UpdateMTime: 1604
  RealTimeStamp: 0 seconds 
  LargestPossibleRegion: 
    Dimension: 3
    Index: [0, 0, 0]
    Size: [160, 240, 256]
  BufferedRegion: 
    Dimension: 3
    Index: [0, 0, 0]
    Size: [160, 240, 256]
  RequestedRegion: 
    Dimension: 3
    Index: [0, 0, 0]
    Size: [160, 240, 256]
  Spacing: [1, 1, 1]
  Origin: [73.2812, 104.711, -131.188]
  Direction: 
-0.997559 0.0645599 -0.0278053
-0.0645294 -0.997925 -0.00179875
-0.0278625 0 0.999634

  IndexToPointMatrix: 
-0.997559 0.0645599 -0.0278053
-0.0645294 -0.997925 -0.00179875
-0.0278625 0 0.999634

  PointToIndexMatrix: 
-0.997559 -0.0645294 -0.0278625
0.0645599 -0.997986 2.28882e-05
-0.0278053 -0.00180817 0.999573

  Inverse Direction: 
-0.997559 -0.0645294 -0.0278625
0.0645599 -0.997986 2.28882e-05
-0.0278053 -0.00180817 0.999573

  PixelContainer: 
    ImportImageContainer (0x4178210)
      RTTI typeinfo:   itk::ImportImageContainer<unsigned long, double>
      Reference Count: 1
      Modified Time: 1601
      Debug: Off
      Object Name: 
      Observers: 
        none
      Pointer: 0x150cd5aac010
      Container manages memory: true
      Size: 9830400
      Capacity: 9830400

     Weighting = 1
     Sampling strategy = none
     Number of bins = 32
     Radius = 4
     Sampling percentage  = 1
   Transform = SyN
     Gradient step = 0.1
     Update field sigma (voxel space) = 3
     Total field sigma (voxel space) = 0
     Update field time sigma = 0
     Total field time sigma  = 0
     Number of time indices = 0
     Number of time point samples = 0
Registration using 1 total stages.

Stage 0
  iterations = 100x70x50x20
  convergence threshold = 1e-06
  convergence window size = 10
  number of levels = 4
  using the CC metric (radius = 4, weight = 1, use gradient filter = 0)
  preprocessing:  winsorizing the image intensities
  Shrink factors (level 1 out of 4): [8, 8, 8]
  Shrink factors (level 2 out of 4): [4, 4, 4]
  Shrink factors (level 3 out of 4): [2, 2, 2]
  Shrink factors (level 4 out of 4): [1, 1, 1]
  smoothing sigmas per level: [3, 2, 1, 0]
  Using default NONE metricSamplingStrategy 

*** Running SyN registration (varianceForUpdateField = 3, varianceForTotalField = 0) ***

XXDIAGNOSTIC,Iteration,metricValue,convergenceValue,ITERATION_TIME_INDEX,SINCE_LAST
 1DIAGNOSTIC,     1, -5.241088867188e-01, 1.797693134862e+308, 0.0000e+00, 0.0000e+00, 
 1DIAGNOSTIC,     2, -5.246582031250e-01, 1.797693134862e+308, 0.0000e+00, 0.0000e+00, 
 1DIAGNOSTIC,     3, -5.254516601562e-01, 1.797693134862e+308, 0.0000e+00, 0.0000e+00, 
 1DIAGNOSTIC,     4, -5.261230468750e-01, 1.797693134862e+308, 0.0000e+00, 0.0000e+00, 
 1DIAGNOSTIC,     5, -5.269165039062e-01, 1.797693134862e+308, 0.0000e+00, 0.0000e+00, 
 1DIAGNOSTIC,     6, -5.275878906250e-01, 1.797693134862e+308, 0.0000e+00, 0.0000e+00, 
 1DIAGNOSTIC,     7, -5.280151367188e-01, 1.797693134862e+308, 0.0000e+00, 0.0000e+00, 
 1DIAGNOSTIC,     8, -5.285644531250e-01, 1.797693134862e+308, 0.0000e+00, 0.0000e+00, 
 1DIAGNOSTIC,     9, -5.289916992188e-01, 1.797693134862e+308, 0.0000e+00, 0.0000e+00, 
 1DIAGNOSTIC,    10, -5.292968750000e-01, 6.593473265303e-04, 0.0000e+00, 0.0000e+00, 
 1DIAGNOSTIC,    11, -5.296630859375e-01, 5.532923784220e-04, 0.0000e+00, 0.0000e+00, 
 1DIAGNOSTIC,    12, -5.300903320312e-01, 4.589356213523e-04, 0.0000e+00, 0.0000e+00, 
 1DIAGNOSTIC,    13, -5.304565429688e-01, 3.854779651222e-04, 0.0000e+00, 0.0000e+00, 
 1DIAGNOSTIC,    14, -5.306396484375e-01, 3.200188514861e-04, 0.0000e+00, 0.0000e+00, 
 1DIAGNOSTIC,    15, -5.309448242188e-01, 2.735290347265e-04, 0.0000e+00, 0.0000e+00, 
 1DIAGNOSTIC,    16, -5.309448242188e-01, 2.303444571985e-04, 0.0000e+00, 0.0000e+00, 
 1DIAGNOSTIC,    17, -5.311889648438e-01, 1.922415177315e-04, 0.0000e+00, 0.0000e+00, 
 1DIAGNOSTIC,    18, -5.313110351562e-01, 1.605123592462e-04, 0.0000e+00, 0.0000e+00, 
 1DIAGNOSTIC,    19, -5.315551757812e-01, 1.363588956206e-04, 0.0000e+00, 0.0000e+00, 
 1DIAGNOSTIC,    20, -5.316772460938e-01, 1.134529626681e-04, 0.0000e+00, 0.0000e+00, 
 1DIAGNOSTIC,    21, -5.317382812500e-01, 9.314276390048e-05, 0.0000e+00, 0.0000e+00, 
 1DIAGNOSTIC,    22, -5.319213867188e-01, 8.096387771957e-05, 0.0000e+00, 0.0000e+00, 
 1DIAGNOSTIC,    23, -5.320434570312e-01, 7.365341839099e-05, 0.0000e+00, 0.0000e+00, 
 1DIAGNOSTIC,    24, -5.321044921875e-01, 6.544651293785e-05, 0.0000e+00, 0.0000e+00, 
 1DIAGNOSTIC,    25, -5.323486328125e-01, 6.379431163928e-05, 0.0000e+00, 0.0000e+00, 
 1DIAGNOSTIC,    26, -5.324707031250e-01, 5.877186559502e-05, 0.0000e+00, 0.0000e+00, 
 1DIAGNOSTIC,    27, -5.327148437500e-01, 5.839299652238e-05, 0.0000e+00, 0.0000e+00, 
 1DIAGNOSTIC,    28, -5.328369140625e-01, 5.717416447350e-05, 0.0000e+00, 0.0000e+00, 
 1DIAGNOSTIC,    29, -5.328979492188e-01, 5.640179197164e-05, 0.0000e+00, 0.0000e+00, 
 1DIAGNOSTIC,    30, -5.329589843750e-01, 5.377279146906e-05, 0.0000e+00, 0.0000e+00, 
 1DIAGNOSTIC,    31, -5.330810546875e-01, 4.941525621962e-05, 0.0000e+00, 0.0000e+00, 
 1DIAGNOSTIC,    32, -5.332641601562e-01, 4.680893924987e-05, 0.0000e+00, 0.0000e+00, 
 1DIAGNOSTIC,    33, -5.333251953125e-01, 4.296570076305e-05, 0.0000e+00, 0.0000e+00, 
 1DIAGNOSTIC,    34, -5.334472656250e-01, 3.825584078412e-05, 0.0000e+00, 0.0000e+00, 
 1DIAGNOSTIC,    35, -5.334472656250e-01, 3.402698956445e-05, 0.0000e+00, 0.0000e+00, 
 1DIAGNOSTIC,    36, -5.333251953125e-01, 2.683006168009e-05, 0.0000e+00, 0.0000e+00, 
 1DIAGNOSTIC,    37, -5.335083007812e-01, 2.375686723930e-05, 0.0000e+00, 0.0000e+00, 
 1DIAGNOSTIC,    38, -5.336303710938e-01, 2.201298256521e-05, 0.0000e+00, 0.0000e+00, 
 1DIAGNOSTIC,    39, -5.336914062500e-01, 1.999565337720e-05, 0.0000e+00, 0.0000e+00, 
 1DIAGNOSTIC,    40, -5.336914062500e-01, 1.711751719199e-05, 0.0000e+00, 0.0000e+00, 
 1DIAGNOSTIC,    41, -5.338134765625e-01, 1.604758490596e-05, 0.0000e+00, 0.0000e+00, 
 1DIAGNOSTIC,    42, -5.338745117188e-01, 1.662391502041e-05, 0.0000e+00, 0.0000e+00, 
 1DIAGNOSTIC,    43, -5.339355468750e-01, 1.708409053218e-05, 0.0000e+00, 0.0000e+00, 
 1DIAGNOSTIC,    44, -5.340576171875e-01, 1.895799092877e-05, 0.0000e+00, 0.0000e+00, 
 1DIAGNOSTIC,    45, -5.340576171875e-01, 1.908229333840e-05, 0.0000e+00, 0.0000e+00, 
 1DIAGNOSTIC,    46, -5.341796875000e-01, 1.742794800013e-05, 0.0000e+00, 0.0000e+00, 
 1DIAGNOSTIC,    47, -5.343017578125e-01, 1.766191323201e-05, 0.0000e+00, 0.0000e+00, 
 1DIAGNOSTIC,    48, -5.343017578125e-01, 1.759521967843e-05, 0.0000e+00, 0.0000e+00, 
 1DIAGNOSTIC,    49, -5.344238281250e-01, 1.796113772700e-05, 0.0000e+00, 0.0000e+00, 
 1DIAGNOSTIC,    50, -5.344848632812e-01, 1.727490184553e-05, 0.0000e+00, 0.0000e+00, 
 1DIAGNOSTIC,    51, -5.346069335938e-01, 1.757415052567e-05, 0.0000e+00, 0.0000e+00, 
 1DIAGNOSTIC,    52, -5.346069335938e-01, 1.684032260580e-05, 0.0000e+00, 0.0000e+00, 
 1DIAGNOSTIC,    53, -5.346679687500e-01, 1.582160382852e-05, 0.0000e+00, 0.0000e+00, 
 1DIAGNOSTIC,    54, -5.346679687500e-01, 1.461499319785e-05, 0.0000e+00, 0.0000e+00, 
 1DIAGNOSTIC,    55, -5.346069335938e-01, 1.149387777663e-05, 0.0000e+00, 0.0000e+00, 
 1DIAGNOSTIC,    56, -5.346069335938e-01, 8.603622798357e-06, 0.0000e+00, 0.0000e+00, 
 1DIAGNOSTIC,    57, -5.344848632812e-01, 5.065282784586e-06, 0.0000e+00, 0.0000e+00, 
 1DIAGNOSTIC,    58, -5.344848632812e-01, 1.234837073583e-06, 0.0000e+00, 0.0000e+00, 
 1DIAGNOSTIC,    59, -5.344848632812e-01, -1.429789200365e-06, 0.0000e+00, 0.0000e+00, 
XXDIAGNOSTIC,Iteration,metricValue,convergenceValue,ITERATION_TIME_INDEX,SINCE_LAST
 1DIAGNOSTIC,     1, -7.713623046875e-01, 1.797693134862e+308, 0.0000e+00, 0.0000e+00, 
 1DIAGNOSTIC,     2, -7.714843750000e-01, 1.797693134862e+308, 0.0000e+00, 0.0000e+00, 
 1DIAGNOSTIC,     3, -7.717285156250e-01, 1.797693134862e+308, 0.0000e+00, 0.0000e+00, 
 1DIAGNOSTIC,     4, -7.719116210938e-01, 1.797693134862e+308, 0.0000e+00, 0.0000e+00, 
 1DIAGNOSTIC,     5, -7.720336914062e-01, 1.797693134862e+308, 0.0000e+00, 0.0000e+00, 
 1DIAGNOSTIC,     6, -7.722167968750e-01, 1.797693134862e+308, 0.0000e+00, 0.0000e+00, 
 1DIAGNOSTIC,     7, -7.723999023438e-01, 1.797693134862e+308, 0.0000e+00, 0.0000e+00, 
 1DIAGNOSTIC,     8, -7.725830078125e-01, 1.797693134862e+308, 0.0000e+00, 0.0000e+00, 
 1DIAGNOSTIC,     9, -7.726440429688e-01, 1.797693134862e+308, 0.0000e+00, 0.0000e+00, 
 1DIAGNOSTIC,    10, -7.728271484375e-01, 1.266791515526e-04, 0.0000e+00, 0.0000e+00, 
 1DIAGNOSTIC,    11, -7.729492187500e-01, 1.114530790118e-04, 0.0000e+00, 0.0000e+00, 
 1DIAGNOSTIC,    12, -7.730102539062e-01, 9.447395238785e-05, 0.0000e+00, 0.0000e+00, 
 1DIAGNOSTIC,    13, -7.730712890625e-01, 8.045118587900e-05, 0.0000e+00, 0.0000e+00, 
 1DIAGNOSTIC,    14, -7.731323242188e-01, 6.782112095551e-05, 0.0000e+00, 0.0000e+00, 
 1DIAGNOSTIC,    15, -7.731933593750e-01, 5.533548182823e-05, 0.0000e+00, 0.0000e+00, 
 1DIAGNOSTIC,    16, -7.732543945312e-01, 4.507306770456e-05, 0.0000e+00, 0.0000e+00, 
 1DIAGNOSTIC,    17, -7.733154296875e-01, 3.730597980956e-05, 0.0000e+00, 0.0000e+00, 
 1DIAGNOSTIC,    18, -7.733764648438e-01, 3.217622790581e-05, 0.0000e+00, 0.0000e+00, 
 1DIAGNOSTIC,    19, -7.733764648438e-01, 2.590415852562e-05, 0.0000e+00, 0.0000e+00, 
 1DIAGNOSTIC,    20, -7.734375000000e-01, 2.250468616691e-05, 0.0000e+00, 0.0000e+00, 
 1DIAGNOSTIC,    21, -7.734985351562e-01, 2.068127365623e-05, 0.0000e+00, 0.0000e+00, 
 1DIAGNOSTIC,    22, -7.734985351562e-01, 1.824390322782e-05, 0.0000e+00, 0.0000e+00, 
 1DIAGNOSTIC,    23, -7.735595703125e-01, 1.643611355354e-05, 0.0000e+00, 0.0000e+00, 
 1DIAGNOSTIC,    24, -7.735595703125e-01, 1.431323013035e-05, 0.0000e+00, 0.0000e+00, 
 1DIAGNOSTIC,    25, -7.735595703125e-01, 1.205817978314e-05, 0.0000e+00, 0.0000e+00, 
 1DIAGNOSTIC,    26, -7.736206054688e-01, 1.069721713477e-05, 0.0000e+00, 0.0000e+00, 
 1DIAGNOSTIC,    27, -7.736206054688e-01, 9.361285370081e-06, 0.0000e+00, 0.0000e+00, 
 1DIAGNOSTIC,    28, -7.736816406250e-01, 8.995533684157e-06, 0.0000e+00, 0.0000e+00, 
 1DIAGNOSTIC,    29, -7.736816406250e-01, 7.911271419359e-06, 0.0000e+00, 0.0000e+00, 
 1DIAGNOSTIC,    30, -7.736816406250e-01, 7.022968261168e-06, 0.0000e+00, 0.0000e+00, 
 1DIAGNOSTIC,    31, -7.737426757812e-01, 7.105935561774e-06, 0.0000e+00, 0.0000e+00, 
 1DIAGNOSTIC,    32, -7.737426757812e-01, 6.583684389855e-06, 0.0000e+00, 0.0000e+00, 
 1DIAGNOSTIC,    33, -7.737426757812e-01, 6.271661165687e-06, 0.0000e+00, 0.0000e+00, 
 1DIAGNOSTIC,    34, -7.737426757812e-01, 5.510573514896e-06, 0.0000e+00, 0.0000e+00, 
 1DIAGNOSTIC,    35, -7.738037109375e-01, 5.008688561528e-06, 0.0000e+00, 0.0000e+00, 
 1DIAGNOSTIC,    36, -7.738037109375e-01, 4.766471012121e-06, 0.0000e+00, 0.0000e+00, 
 1DIAGNOSTIC,    37, -7.738647460938e-01, 4.780401186254e-06, 0.0000e+00, 0.0000e+00, 
 1DIAGNOSTIC,    38, -7.738647460938e-01, 5.031186411427e-06, 0.0000e+00, 0.0000e+00, 
 1DIAGNOSTIC,    39, -7.738647460938e-01, 4.898675636817e-06, 0.0000e+00, 0.0000e+00, 
 1DIAGNOSTIC,    40, -7.739257812500e-01, 4.945142912081e-06, 0.0000e+00, 0.0000e+00, 
 1DIAGNOSTIC,    41, -7.739257812500e-01, 5.137522107592e-06, 0.0000e+00, 0.0000e+00, 
 1DIAGNOSTIC,    42, -7.739257812500e-01, 4.926842976143e-06, 0.0000e+00, 0.0000e+00, 
 1DIAGNOSTIC,    43, -7.739868164062e-01, 4.878128804630e-06, 0.0000e+00, 0.0000e+00, 
 1DIAGNOSTIC,    44, -7.739868164062e-01, 4.428924793267e-06, 0.0000e+00, 0.0000e+00, 
 1DIAGNOSTIC,    45, -7.739868164062e-01, 4.162693495166e-06, 0.0000e+00, 0.0000e+00, 
 1DIAGNOSTIC,    46, -7.740478515625e-01, 4.072105820575e-06, 0.0000e+00, 0.0000e+00, 
 1DIAGNOSTIC,    47, -7.740478515625e-01, 4.146028071087e-06, 0.0000e+00, 0.0000e+00, 
 1DIAGNOSTIC,    48, -7.741088867188e-01, 4.369628675557e-06, 0.0000e+00, 0.0000e+00, 
 1DIAGNOSTIC,    49, -7.741088867188e-01, 4.222516779950e-06, 0.0000e+00, 0.0000e+00, 
 1DIAGNOSTIC,    50, -7.741088867188e-01, 4.212159085731e-06, 0.0000e+00, 0.0000e+00, 
 1DIAGNOSTIC,    51, -7.741699218750e-01, 4.317661186717e-06, 0.0000e+00, 0.0000e+00, 
 1DIAGNOSTIC,    52, -7.742309570312e-01, 4.481328923302e-06, 0.0000e+00, 0.0000e+00, 
 1DIAGNOSTIC,    53, -7.742309570312e-01, 4.696462233746e-06, 0.0000e+00, 0.0000e+00, 
 1DIAGNOSTIC,    54, -7.742309570312e-01, 4.538315454009e-06, 0.0000e+00, 0.0000e+00, 
 1DIAGNOSTIC,    55, -7.742919921875e-01, 4.427028896147e-06, 0.0000e+00, 0.0000e+00, 
 1DIAGNOSTIC,    56, -7.742309570312e-01, 3.947462996451e-06, 0.0000e+00, 0.0000e+00, 
 1DIAGNOSTIC,    57, -7.742919921875e-01, 3.562095199371e-06, 0.0000e+00, 0.0000e+00, 
 1DIAGNOSTIC,    58, -7.742919921875e-01, 3.295293730898e-06, 0.0000e+00, 0.0000e+00, 
 1DIAGNOSTIC,    59, -7.742919921875e-01, 2.792795662766e-06, 0.0000e+00, 0.0000e+00, 
 1DIAGNOSTIC,    60, -7.743530273438e-01, 2.470576444705e-06, 0.0000e+00, 0.0000e+00, 
 1DIAGNOSTIC,    61, -7.743530273438e-01, 2.333517755113e-06, 0.0000e+00, 0.0000e+00, 
 1DIAGNOSTIC,    62, -7.743530273438e-01, 2.404879507620e-06, 0.0000e+00, 0.0000e+00, 
 1DIAGNOSTIC,    63, -7.744140625000e-01, 2.661655165020e-06, 0.0000e+00, 0.0000e+00, 
 1DIAGNOSTIC,    64, -7.744140625000e-01, 2.693644323922e-06, 0.0000e+00, 0.0000e+00, 
 1DIAGNOSTIC,    65, -7.744140625000e-01, 2.881072842832e-06, 0.0000e+00, 0.0000e+00, 
 1DIAGNOSTIC,    66, -7.744140625000e-01, 2.497637496258e-06, 0.0000e+00, 0.0000e+00, 
 1DIAGNOSTIC,    67, -7.744750976562e-01, 2.615254159916e-06, 0.0000e+00, 0.0000e+00, 
 1DIAGNOSTIC,    68, -7.744750976562e-01, 2.522277822672e-06, 0.0000e+00, 0.0000e+00, 
 1DIAGNOSTIC,    69, -7.744750976562e-01, 2.237303738314e-06, 0.0000e+00, 0.0000e+00, 
 1DIAGNOSTIC,    70, -7.744750976562e-01, 2.129849530233e-06, 0.0000e+00, 0.0000e+00, 
XXDIAGNOSTIC,Iteration,metricValue,convergenceValue,ITERATION_TIME_INDEX,SINCE_LAST
 1DIAGNOSTIC,     1, -9.185791015625e-01, 1.797693134862e+308, 0.0000e+00, 0.0000e+00, 
 1DIAGNOSTIC,     2, -9.186401367188e-01, 1.797693134862e+308, 0.0000e+00, 0.0000e+00, 
 1DIAGNOSTIC,     3, -9.188232421875e-01, 1.797693134862e+308, 0.0000e+00, 0.0000e+00, 
 1DIAGNOSTIC,     4, -9.189453125000e-01, 1.797693134862e+308, 0.0000e+00, 0.0000e+00, 
 1DIAGNOSTIC,     5, -9.190673828125e-01, 1.797693134862e+308, 0.0000e+00, 0.0000e+00, 
 1DIAGNOSTIC,     6, -9.191894531250e-01, 1.797693134862e+308, 0.0000e+00, 0.0000e+00, 
 1DIAGNOSTIC,     7, -9.193115234375e-01, 1.797693134862e+308, 0.0000e+00, 0.0000e+00, 
 1DIAGNOSTIC,     8, -9.194335937500e-01, 1.797693134862e+308, 0.0000e+00, 0.0000e+00, 
 1DIAGNOSTIC,     9, -9.194946289062e-01, 1.797693134862e+308, 0.0000e+00, 0.0000e+00, 
 1DIAGNOSTIC,    10, -9.195556640625e-01, 7.632401908061e-05, 0.0000e+00, 0.0000e+00, 
 1DIAGNOSTIC,    11, -9.196166992188e-01, 6.518005451236e-05, 0.0000e+00, 0.0000e+00, 
 1DIAGNOSTIC,    12, -9.197387695312e-01, 5.496072899293e-05, 0.0000e+00, 0.0000e+00, 
 1DIAGNOSTIC,    13, -9.197998046875e-01, 4.734243606366e-05, 0.0000e+00, 0.0000e+00, 
 1DIAGNOSTIC,    14, -9.198608398438e-01, 4.080481535773e-05, 0.0000e+00, 0.0000e+00, 
 1DIAGNOSTIC,    15, -9.198608398438e-01, 3.417217970503e-05, 0.0000e+00, 0.0000e+00, 
 1DIAGNOSTIC,    16, -9.199218750000e-01, 2.899068379904e-05, 0.0000e+00, 0.0000e+00, 
 1DIAGNOSTIC,    17, -9.199829101562e-01, 2.521169586780e-05, 0.0000e+00, 0.0000e+00, 
 1DIAGNOSTIC,    18, -9.200439453125e-01, 2.283194236623e-05, 0.0000e+00, 0.0000e+00, 
 1DIAGNOSTIC,    19, -9.200439453125e-01, 1.977530485152e-05, 0.0000e+00, 0.0000e+00, 
 1DIAGNOSTIC,    20, -9.201049804688e-01, 1.729391852255e-05, 0.0000e+00, 0.0000e+00, 
 1DIAGNOSTIC,    21, -9.201049804688e-01, 1.446173040393e-05, 0.0000e+00, 0.0000e+00, 
 1DIAGNOSTIC,    22, -9.201660156250e-01, 1.325699351656e-05, 0.0000e+00, 0.0000e+00, 
 1DIAGNOSTIC,    23, -9.201660156250e-01, 1.186507854346e-05, 0.0000e+00, 0.0000e+00, 
 1DIAGNOSTIC,    24, -9.202270507812e-01, 1.123289615948e-05, 0.0000e+00, 0.0000e+00, 
 1DIAGNOSTIC,    25, -9.202270507812e-01, 9.726417765220e-06, 0.0000e+00, 0.0000e+00, 
 1DIAGNOSTIC,    26, -9.202880859375e-01, 9.009205226528e-06, 0.0000e+00, 0.0000e+00, 
 1DIAGNOSTIC,    27, -9.202880859375e-01, 8.306997033747e-06, 0.0000e+00, 0.0000e+00, 
 1DIAGNOSTIC,    28, -9.203491210938e-01, 8.365355518132e-06, 0.0000e+00, 0.0000e+00, 
 1DIAGNOSTIC,    29, -9.203491210938e-01, 7.733804092379e-06, 0.0000e+00, 0.0000e+00, 
 1DIAGNOSTIC,    30, -9.203491210938e-01, 7.178755750202e-06, 0.0000e+00, 0.0000e+00, 
 1DIAGNOSTIC,    31, -9.204101562500e-01, 6.703133756794e-06, 0.0000e+00, 0.0000e+00, 
 1DIAGNOSTIC,    32, -9.204101562500e-01, 6.315937885679e-06, 0.0000e+00, 0.0000e+00, 
 1DIAGNOSTIC,    33, -9.204101562500e-01, 5.458531068356e-06, 0.0000e+00, 0.0000e+00, 
 1DIAGNOSTIC,    34, -9.204711914062e-01, 5.368015121233e-06, 0.0000e+00, 0.0000e+00, 
 1DIAGNOSTIC,    35, -9.204711914062e-01, 4.857097183505e-06, 0.0000e+00, 0.0000e+00, 
 1DIAGNOSTIC,    36, -9.204711914062e-01, 4.545850524080e-06, 0.0000e+00, 0.0000e+00, 
 1DIAGNOSTIC,    37, -9.205322265625e-01, 4.422897504363e-06, 0.0000e+00, 0.0000e+00, 
 1DIAGNOSTIC,    38, -9.205322265625e-01, 4.473455281009e-06, 0.0000e+00, 0.0000e+00, 
 1DIAGNOSTIC,    39, -9.205322265625e-01, 4.196001965336e-06, 0.0000e+00, 0.0000e+00, 
 1DIAGNOSTIC,    40, -9.205932617188e-01, 4.091021562843e-06, 0.0000e+00, 0.0000e+00, 
 1DIAGNOSTIC,    41, -9.205932617188e-01, 4.145970522323e-06, 0.0000e+00, 0.0000e+00, 
 1DIAGNOSTIC,    42, -9.205932617188e-01, 3.896144335196e-06, 0.0000e+00, 0.0000e+00, 
 1DIAGNOSTIC,    43, -9.205932617188e-01, 3.366999450753e-06, 0.0000e+00, 0.0000e+00, 
 1DIAGNOSTIC,    44, -9.206542968750e-01, 3.488806168656e-06, 0.0000e+00, 0.0000e+00, 
 1DIAGNOSTIC,    45, -9.206542968750e-01, 3.342005725573e-06, 0.0000e+00, 0.0000e+00, 
 1DIAGNOSTIC,    46, -9.206542968750e-01, 2.956020808270e-06, 0.0000e+00, 0.0000e+00, 
 1DIAGNOSTIC,    47, -9.206542968750e-01, 2.798583554373e-06, 0.0000e+00, 0.0000e+00, 
 1DIAGNOSTIC,    48, -9.207153320312e-01, 2.854818540707e-06, 0.0000e+00, 0.0000e+00, 
 1DIAGNOSTIC,    49, -9.207153320312e-01, 2.684291784856e-06, 0.0000e+00, 0.0000e+00, 
 1DIAGNOSTIC,    50, -9.207153320312e-01, 2.719430793299e-06, 0.0000e+00, 0.0000e+00, 
XXDIAGNOSTIC,Iteration,metricValue,convergenceValue,ITERATION_TIME_INDEX,SINCE_LAST
 1DIAGNOSTIC,     1, -9.860839843750e-01, 1.797693134862e+308, 0.0000e+00, 0.0000e+00, 
 1DIAGNOSTIC,     2, -9.861450195312e-01, 1.797693134862e+308, 0.0000e+00, 0.0000e+00, 
 1DIAGNOSTIC,     3, -9.861450195312e-01, 1.797693134862e+308, 0.0000e+00, 0.0000e+00, 
 1DIAGNOSTIC,     4, -9.862060546875e-01, 1.797693134862e+308, 0.0000e+00, 0.0000e+00, 
 1DIAGNOSTIC,     5, -9.862060546875e-01, 1.797693134862e+308, 0.0000e+00, 0.0000e+00, 
 1DIAGNOSTIC,     6, -9.862670898438e-01, 1.797693134862e+308, 0.0000e+00, 0.0000e+00, 
 1DIAGNOSTIC,     7, -9.862670898438e-01, 1.797693134862e+308, 0.0000e+00, 0.0000e+00, 
 1DIAGNOSTIC,     8, -9.863281250000e-01, 1.797693134862e+308, 0.0000e+00, 0.0000e+00, 
 1DIAGNOSTIC,     9, -9.863281250000e-01, 1.797693134862e+308, 0.0000e+00, 0.0000e+00, 
 1DIAGNOSTIC,    10, -9.863891601562e-01, 2.210290630429e-05, 0.0000e+00, 0.0000e+00, 
 1DIAGNOSTIC,    11, -9.863891601562e-01, 1.925024041406e-05, 0.0000e+00, 0.0000e+00, 
 1DIAGNOSTIC,    12, -9.864501953125e-01, 1.841871885599e-05, 0.0000e+00, 0.0000e+00, 
 1DIAGNOSTIC,    13, -9.864501953125e-01, 1.628834223537e-05, 0.0000e+00, 0.0000e+00, 
 1DIAGNOSTIC,    14, -9.864501953125e-01, 1.453103915874e-05, 0.0000e+00, 0.0000e+00, 
 1DIAGNOSTIC,    15, -9.865112304688e-01, 1.309206881211e-05, 0.0000e+00, 0.0000e+00, 
 1DIAGNOSTIC,    16, -9.865112304688e-01, 1.194244807226e-05, 0.0000e+00, 0.0000e+00, 
 1DIAGNOSTIC,    17, -9.865112304688e-01, 1.003439017486e-05, 0.0000e+00, 0.0000e+00, 
 1DIAGNOSTIC,    18, -9.865722656250e-01, 9.600349658800e-06, 0.0000e+00, 0.0000e+00, 
 1DIAGNOSTIC,    19, -9.865722656250e-01, 8.480909478886e-06, 0.0000e+00, 0.0000e+00, 
 1DIAGNOSTIC,    20, -9.865722656250e-01, 7.760934680585e-06, 0.0000e+00, 0.0000e+00, 
  Elapsed time (stage 0): 0


Total elapsed time: 0
