
##########################
# Experiment information #
##########################

EXPERIMENT_NAME: antsRegistration-r7-p18
VFC_BACKENDS: libinterflop_vprec.so --range-binary32=7 --precision-binary32=18 --range-binary64=7 --precision-binary64=18

SIF_IMG: /home/mdugre/projects/rrg-glatard/mdugre/containers/ants-vprec-no_metrics.simg

SUBJECT_ID: s003
INPUT_IMG: /home/mdugre/scratch/mri-registration-rp/datasets/ds004513/derivatives/mri-registration-rp/antsBrainExtraction/sub-s003/BrainExtractionBrain.nii.gz
OUTPUT_DIR: /home/mdugre/scratch/mri-registration-rp/datasets/ds004513/derivatives/mri-registration-rp/0100/antsRegistration-r7-p18/sub-s003

FIXED_IMG: /templateflow/tpl-MNI152NLin2009cAsym/tpl-MNI152NLin2009cAsym_res-01_desc-brain_T1w.nii.gz
DATA_DIR: /home/mdugre/scratch/mri-registration-rp/datasets/ds004513
TEMPLATEFLOW_DIR: /home/mdugre/projects/rrg-glatard/mdugre/templateflow
ITK_GLOBAL_DEFAULT_NUMBER_OF_THREADS: 16
##########################

Info [verificarlo]: loaded backend libinterflop_ieee.so
Info [interflop-ieee]: load backend with:
Info [interflop-ieee]: debug = false
Info [interflop-ieee]: debug-binary = false
Info [interflop-ieee]: no-backend-name = false
Info [interflop-ieee]: print-new-line = false
Info [interflop-ieee]: print-subnormal-normalized = false
Info [interflop-ieee]: count-op = false
All_Command_lines_OK
Using double precision for computations.
=============================================================================
The composite transform comprises the following transforms (in order): 
  1. Center of mass alignment using fixed image: /templateflow/tpl-MNI152NLin2009cAsym/tpl-MNI152NLin2009cAsym_res-01_desc-brain_T1w.nii.gz and moving image: /home/mdugre/scratch/mri-registration-rp/datasets/ds004513/derivatives/mri-registration-rp/antsBrainExtraction/sub-s003/BrainExtractionBrain.nii.gz (type = Euler3DTransform)
=============================================================================
  number of levels = 1
  fixed image: /templateflow/tpl-MNI152NLin2009cAsym/tpl-MNI152NLin2009cAsym_res-01_desc-brain_T1w.nii.gz
  moving image: /home/mdugre/scratch/mri-registration-rp/datasets/ds004513/derivatives/mri-registration-rp/antsBrainExtraction/sub-s003/BrainExtractionBrain.nii.gz
Dimension = 3
Number of stages = 1
Use histogram matching = false
Winsorize image intensities = true
  Lower quantile = 0.005
  Upper quantile = 0.995


Stage 1 State
   Image metric = MattesMI
     Fixed image = Image (0x345de70)
  RTTI typeinfo:   itk::Image<double, 3u>
  Reference Count: 2
  Modified Time: 2334
  Debug: Off
  Object Name: 
  Observers: 
    none
  Source: (none)
  Source output name: (none)
  Release Data: Off
  Data Released: False
  Global Release Data: Off
  PipelineMTime: 0
  UpdateMTime: 1943
  RealTimeStamp: 0 seconds 
  LargestPossibleRegion: 
    Dimension: 3
    Index: [0, 0, 0]
    Size: [193, 229, 193]
  BufferedRegion: 
    Dimension: 3
    Index: [0, 0, 0]
    Size: [193, 229, 193]
  RequestedRegion: 
    Dimension: 3
    Index: [0, 0, 0]
    Size: [193, 229, 193]
  Spacing: [1, 1, 1]
  Origin: [96, 132, -78]
  Direction: 
-1 0 0
0 -1 0
0 0 1

  IndexToPointMatrix: 
-1 0 0
0 -1 0
0 0 1

  PointToIndexMatrix: 
-1 0 0
0 -1 0
0 0 1

  Inverse Direction: 
-1 0 0
0 -1 0
0 0 1

  PixelContainer: 
    ImportImageContainer (0x346a140)
      RTTI typeinfo:   itk::ImportImageContainer<unsigned long, double>
      Reference Count: 1
      Modified Time: 1940
      Debug: Off
      Object Name: 
      Observers: 
        none
      Pointer: 0x148b3667c010
      Container manages memory: true
      Size: 8530021
      Capacity: 8530021

     Moving image = Image (0x3467310)
  RTTI typeinfo:   itk::Image<double, 3u>
  Reference Count: 2
  Modified Time: 2335
  Debug: Off
  Object Name: 
  Observers: 
    none
  Source: (none)
  Source output name: (none)
  Release Data: Off
  Data Released: False
  Global Release Data: Off
  PipelineMTime: 0
  UpdateMTime: 2332
  RealTimeStamp: 0 seconds 
  LargestPossibleRegion: 
    Dimension: 3
    Index: [0, 0, 0]
    Size: [176, 240, 256]
  BufferedRegion: 
    Dimension: 3
    Index: [0, 0, 0]
    Size: [176, 240, 256]
  RequestedRegion: 
    Dimension: 3
    Index: [0, 0, 0]
    Size: [176, 240, 256]
  Spacing: [0.999999, 1, 1]
  Origin: [93.3499, 86.9368, -128.957]
  Direction: 
-0.999513 -0.0279216 -0.0139567
0.0279189 -0.99961 0.000389866
-0.0139622 2.01492e-08 0.999903

  IndexToPointMatrix: 
-0.999512 -0.0279216 -0.0139567
0.0279189 -0.99961 0.000389866
-0.0139621 2.01492e-08 0.999903

  PointToIndexMatrix: 
-0.999514 0.0279189 -0.0139622
-0.0279216 -0.99961 2.01716e-08
-0.0139567 0.000389866 0.999903

  Inverse Direction: 
-0.999513 0.0279189 -0.0139622
-0.0279216 -0.99961 2.01716e-08
-0.0139567 0.000389866 0.999903

  PixelContainer: 
    ImportImageContainer (0x3592610)
      RTTI typeinfo:   itk::ImportImageContainer<unsigned long, double>
      Reference Count: 1
      Modified Time: 2329
      Debug: Off
      Object Name: 
      Observers: 
        none
      Pointer: 0x148b313fb010
      Container manages memory: true
      Size: 10813440
      Capacity: 10813440

     Weighting = 1
     Sampling strategy = regular
     Number of bins = 32
     Radius = 4
     Sampling percentage  = 0.25
   Transform = Rigid
     Gradient step = 0.1
     Update field sigma (voxel space) = 0
     Total field sigma (voxel space) = 0
     Update field time sigma = 0
     Total field time sigma  = 0
     Number of time indices = 0
     Number of time point samples = 0
Registration using 1 total stages.

Stage 0
  iterations = 0
  convergence threshold = 1e-06
  convergence window size = 10
  number of levels = 1
  using the Mattes MI metric (number of bins = 32, weight = 1, use gradient filter = 0)
  preprocessing:  winsorizing the image intensities
  Shrink factors (level 1 out of 1): [1, 1, 1]
  smoothing sigmas per level: [0]
  regular sampling (percentage = 0.25)

*** Running Euler3DTransform registration ***

  Elapsed time (stage 0): 1.10624


Total elapsed time: 1.1085
Info [verificarlo]: loaded backend libinterflop_vprec.so
Info [interflop-vprec]: load backend with: 
Info [interflop-vprec]: precision-binary32 = 18
Info [interflop-vprec]: range-binary32 = 7
Info [interflop-vprec]: precision-binary64 = 18
Info [interflop-vprec]: range-binary64 = 7
Info [interflop-vprec]: mode = ob
Info [interflop-vprec]: error-mode = rel
Info [interflop-vprec]: max-abs-error-exponent = -1022
Info [interflop-vprec]: daz = false
Info [interflop-vprec]: ftz = false
Info [interflop-vprec]: 	instrument = none
Info [interflop-vprec]: 	prec-input-file = (null)
Info [interflop-vprec]: 	prec-output-file = (null)
Info [interflop-vprec]: 	prec-log-file = (null)
All_Command_lines_OK
Using double precision for computations.
=============================================================================
The composite transform comprises the following transforms (in order): 
  1. /home/mdugre/scratch/mri-registration-rp/datasets/ds004513/derivatives/mri-registration-rp/0100/antsRegistration-r7-p18/sub-s003/align_Composite.h5[0] (type = Euler3DTransform)
  2. /home/mdugre/scratch/mri-registration-rp/datasets/ds004513/derivatives/mri-registration-rp/0100/antsRegistration-r7-p18/sub-s003/align_Composite.h5[1] (type = Euler3DTransform)
=============================================================================
  number of levels = 4
  fixed image: /templateflow/tpl-MNI152NLin2009cAsym/tpl-MNI152NLin2009cAsym_res-01_desc-brain_T1w.nii.gz
  moving image: /home/mdugre/scratch/mri-registration-rp/datasets/ds004513/derivatives/mri-registration-rp/antsBrainExtraction/sub-s003/BrainExtractionBrain.nii.gz
Dimension = 3
Number of stages = 1
Use histogram matching = false
Winsorize image intensities = true
  Lower quantile = 0.005
  Upper quantile = 0.995


Stage 1 State
   Image metric = MattesMI
     Fixed image = Image (0x361c1e0)
  RTTI typeinfo:   itk::Image<double, 3u>
  Reference Count: 2
  Modified Time: 1578
  Debug: Off
  Object Name: 
  Observers: 
    none
  Source: (none)
  Source output name: (none)
  Release Data: Off
  Data Released: False
  Global Release Data: Off
  PipelineMTime: 0
  UpdateMTime: 1189
  RealTimeStamp: 0 seconds 
  LargestPossibleRegion: 
    Dimension: 3
    Index: [0, 0, 0]
    Size: [193, 229, 193]
  BufferedRegion: 
    Dimension: 3
    Index: [0, 0, 0]
    Size: [193, 229, 193]
  RequestedRegion: 
    Dimension: 3
    Index: [0, 0, 0]
    Size: [193, 229, 193]
  Spacing: [1, 1, 1]
  Origin: [96, 132, -78]
  Direction: 
-1 0 0
0 -1 0
0 0 1

  IndexToPointMatrix: 
-1 0 0
0 -1 0
0 0 1

  PointToIndexMatrix: 
-1 0 0
0 -1 0
0 0 1

  Inverse Direction: 
-1 0 0
0 -1 0
0 0 1

  PixelContainer: 
    ImportImageContainer (0x36db680)
      RTTI typeinfo:   itk::ImportImageContainer<unsigned long, double>
      Reference Count: 1
      Modified Time: 1186
      Debug: Off
      Object Name: 
      Observers: 
        none
      Pointer: 0x147ed0294010
      Container manages memory: true
      Size: 8530021
      Capacity: 8530021

     Moving image = Image (0x36d7b20)
  RTTI typeinfo:   itk::Image<double, 3u>
  Reference Count: 2
  Modified Time: 1579
  Debug: Off
  Object Name: 
  Observers: 
    none
  Source: (none)
  Source output name: (none)
  Release Data: Off
  Data Released: False
  Global Release Data: Off
  PipelineMTime: 0
  UpdateMTime: 1576
  RealTimeStamp: 0 seconds 
  LargestPossibleRegion: 
    Dimension: 3
    Index: [0, 0, 0]
    Size: [176, 240, 256]
  BufferedRegion: 
    Dimension: 3
    Index: [0, 0, 0]
    Size: [176, 240, 256]
  RequestedRegion: 
    Dimension: 3
    Index: [0, 0, 0]
    Size: [176, 240, 256]
  Spacing: [1, 1, 1]
  Origin: [93.3499, 86.9368, -128.957]
  Direction: 
-0.999512 -0.0279216 -0.0139567
0.0279189 -0.999611 0.000389866
-0.0139621 2.01492e-08 0.999903

  IndexToPointMatrix: 
-0.999512 -0.0279216 -0.0139567
0.0279189 -0.999611 0.000389866
-0.0139621 2.01492e-08 0.999903

  PointToIndexMatrix: 
-0.999512 0.0279189 -0.0139621
-0.0279216 -0.999611 -4.20958e-07
-0.0139567 0.000389425 0.999903

  Inverse Direction: 
-0.999512 0.0279189 -0.0139621
-0.0279216 -0.999611 -4.20958e-07
-0.0139567 0.000389425 0.999903

  PixelContainer: 
    ImportImageContainer (0x3740d50)
      RTTI typeinfo:   itk::ImportImageContainer<unsigned long, double>
      Reference Count: 1
      Modified Time: 1573
      Debug: Off
      Object Name: 
      Observers: 
        none
      Pointer: 0x147ecb013010
      Container manages memory: true
      Size: 10813440
      Capacity: 10813440

     Weighting = 1
     Sampling strategy = regular
     Number of bins = 32
     Radius = 4
     Sampling percentage  = 0.25
   Transform = Rigid
     Gradient step = 0.1
     Update field sigma (voxel space) = 0
     Total field sigma (voxel space) = 0
     Update field time sigma = 0
     Total field time sigma  = 0
     Number of time indices = 0
     Number of time point samples = 0
Registration using 1 total stages.

Stage 0
  iterations = 1000x500x250x100
  convergence threshold = 1e-06
  convergence window size = 10
  number of levels = 4
  using the Mattes MI metric (number of bins = 32, weight = 1, use gradient filter = 0)
  preprocessing:  winsorizing the image intensities
  Shrink factors (level 1 out of 4): [8, 8, 8]
  Shrink factors (level 2 out of 4): [4, 4, 4]
  Shrink factors (level 3 out of 4): [2, 2, 2]
  Shrink factors (level 4 out of 4): [1, 1, 1]
  smoothing sigmas per level: [3, 2, 1, 0]
  regular sampling (percentage = 0.25)

*** Running Euler3DTransform registration ***

DIAGNOSTIC,Iteration,metricValue,convergenceValue,ITERATION_TIME_INDEX,SINCE_LAST
 2DIAGNOSTIC,     1, -4.871874609875e-01, 1.797693134862e+308, 0.0000e+00, 0.0000e+00, 
 2DIAGNOSTIC,     2, -4.888100817410e-01, 1.797693134862e+308, 0.0000e+00, 0.0000e+00, 
 2DIAGNOSTIC,     3, -4.919860487498e-01, 1.797693134862e+308, 0.0000e+00, 0.0000e+00, 
 2DIAGNOSTIC,     4, -5.019303215410e-01, 1.797693134862e+308, 0.0000e+00, 0.0000e+00, 
 2DIAGNOSTIC,     5, -5.198410295037e-01, 1.797693134862e+308, 0.0000e+00, 0.0000e+00, 
 2DIAGNOSTIC,     6, -5.247478572404e-01, 1.797693134862e+308, 0.0000e+00, 0.0000e+00, 
 2DIAGNOSTIC,     7, -5.373566854891e-01, 1.797693134862e+308, 0.0000e+00, 0.0000e+00, 
 2DIAGNOSTIC,     8, -5.546683467721e-01, 1.797693134862e+308, 0.0000e+00, 0.0000e+00, 
 2DIAGNOSTIC,     9, -5.584328166567e-01, 1.797693134862e+308, 0.0000e+00, 0.0000e+00, 
 2DIAGNOSTIC,    10, -5.627097011466e-01, 1.075170936181e-02, 0.0000e+00, 0.0000e+00, 
 2DIAGNOSTIC,    11, -5.703526305426e-01, 9.872314529966e-03, 0.0000e+00, 0.0000e+00, 
 2DIAGNOSTIC,    12, -5.908349335307e-01, 9.224713946950e-03, 0.0000e+00, 0.0000e+00, 
 2DIAGNOSTIC,    13, -5.975130184447e-01, 8.223225828619e-03, 0.0000e+00, 0.0000e+00, 
 2DIAGNOSTIC,    14, -5.978285321795e-01, 7.015006960186e-03, 0.0000e+00, 0.0000e+00, 
 2DIAGNOSTIC,    15, -5.985887204041e-01, 6.015802669664e-03, 0.0000e+00, 0.0000e+00, 
 2DIAGNOSTIC,    16, -5.991745929586e-01, 4.774948962426e-03, 0.0000e+00, 0.0000e+00, 
 2DIAGNOSTIC,    17, -5.999262980079e-01, 3.636320483193e-03, 0.0000e+00, 0.0000e+00, 
 2DIAGNOSTIC,    18, -6.022763000947e-01, 2.856034014518e-03, 0.0000e+00, 0.0000e+00, 
 2DIAGNOSTIC,    19, -6.025904061488e-01, 2.016621915200e-03, 0.0000e+00, 0.0000e+00, 
 2DIAGNOSTIC,    20, -6.041594855877e-01, 1.233329341380e-03, 0.0000e+00, 0.0000e+00, 
 2DIAGNOSTIC,    21, -6.132775519613e-01, 8.066797489673e-04, 0.0000e+00, 0.0000e+00, 
 2DIAGNOSTIC,    22, -6.197987427392e-01, 9.548877105964e-04, 0.0000e+00, 0.0000e+00, 
 2DIAGNOSTIC,    23, -6.353989579523e-01, 1.481971718122e-03, 0.0000e+00, 0.0000e+00, 
 2DIAGNOSTIC,    24, -6.414738955793e-01, 1.948792328802e-03, 0.0000e+00, 0.0000e+00, 
 2DIAGNOSTIC,    25, -6.489608985945e-01, 2.355850936806e-03, 0.0000e+00, 0.0000e+00, 
 2DIAGNOSTIC,    26, -6.543492797665e-01, 2.618490779331e-03, 0.0000e+00, 0.0000e+00, 
 2DIAGNOSTIC,    27, -6.552173996261e-01, 2.639397452315e-03, 0.0000e+00, 0.0000e+00, 
 2DIAGNOSTIC,    28, -6.568226345983e-01, 2.479779229123e-03, 0.0000e+00, 0.0000e+00, 
 2DIAGNOSTIC,    29, -6.568931203488e-01, 2.106466487037e-03, 0.0000e+00, 0.0000e+00, 
 2DIAGNOSTIC,    30, -6.572114844417e-01, 1.592048655030e-03, 0.0000e+00, 0.0000e+00, 
 2DIAGNOSTIC,    31, -6.573449852476e-01, 1.108292230891e-03, 0.0000e+00, 0.0000e+00, 
 2DIAGNOSTIC,    32, -6.574272908239e-01, 6.482503904089e-04, 0.0000e+00, 0.0000e+00, 
 2DIAGNOSTIC,    33, -6.576265435818e-01, 3.866324377687e-04, 0.0000e+00, 0.0000e+00, 
 2DIAGNOSTIC,    34, -6.577063028024e-01, 1.897880822050e-04, 0.0000e+00, 0.0000e+00, 
 2DIAGNOSTIC,    35, -6.577508560126e-01, 8.810268469069e-05, 0.0000e+00, 0.0000e+00, 
 2DIAGNOSTIC,    36, -6.577365251843e-01, 5.507737639762e-05, 0.0000e+00, 0.0000e+00, 
 2DIAGNOSTIC,    37, -6.576929247598e-01, 2.889267062994e-05, 0.0000e+00, 0.0000e+00, 
 2DIAGNOSTIC,    38, -6.576742565071e-01, 2.127712948376e-05, 0.0000e+00, 0.0000e+00, 
 2DIAGNOSTIC,    39, -6.577923506046e-01, 1.432114705336e-05, 0.0000e+00, 0.0000e+00, 
 2DIAGNOSTIC,    40, -6.579661667550e-01, 1.218513942919e-05, 0.0000e+00, 0.0000e+00, 
 2DIAGNOSTIC,    41, -6.578972734159e-01, 9.795909435045e-06, 0.0000e+00, 0.0000e+00, 
 2DIAGNOSTIC,    42, -6.577911197020e-01, 6.441712307386e-06, 0.0000e+00, 0.0000e+00, 
 2DIAGNOSTIC,    43, -6.578800399407e-01, 5.881030745523e-06, 0.0000e+00, 0.0000e+00, 
 2DIAGNOSTIC,    44, -6.580881122366e-01, 7.807559290862e-06, 0.0000e+00, 0.0000e+00, 
 2DIAGNOSTIC,    45, -6.580651628481e-01, 9.088643571440e-06, 0.0000e+00, 0.0000e+00, 
 2DIAGNOSTIC,    46, -6.582040678363e-01, 1.085653675974e-05, 0.0000e+00, 0.0000e+00, 
 2DIAGNOSTIC,    47, -6.581409161000e-01, 1.057914987559e-05, 0.0000e+00, 0.0000e+00, 
 2DIAGNOSTIC,    48, -6.580958759220e-01, 8.745397383228e-06, 0.0000e+00, 0.0000e+00, 
 2DIAGNOSTIC,    49, -6.580363136936e-01, 6.694174716586e-06, 0.0000e+00, 0.0000e+00, 
 2DIAGNOSTIC,    50, -6.580531388143e-01, 5.928120278654e-06, 0.0000e+00, 0.0000e+00, 
 2DIAGNOSTIC,    51, -6.580673382494e-01, 4.228711503754e-06, 0.0000e+00, 0.0000e+00, 
 2DIAGNOSTIC,    52, -6.580770893396e-01, 1.395753765072e-06, 0.0000e+00, 0.0000e+00, 
DIAGNOSTIC,Iteration,metricValue,convergenceValue,ITERATION_TIME_INDEX,SINCE_LAST
 2DIAGNOSTIC,     1, -5.269495283777e-01, 1.797693134862e+308, 0.0000e+00, 0.0000e+00, 
 2DIAGNOSTIC,     2, -5.276745708470e-01, 1.797693134862e+308, 0.0000e+00, 0.0000e+00, 
 2DIAGNOSTIC,     3, -5.285815032517e-01, 1.797693134862e+308, 0.0000e+00, 0.0000e+00, 
 2DIAGNOSTIC,     4, -5.293408132158e-01, 1.797693134862e+308, 0.0000e+00, 0.0000e+00, 
 2DIAGNOSTIC,     5, -5.299869461094e-01, 1.797693134862e+308, 0.0000e+00, 0.0000e+00, 
 2DIAGNOSTIC,     6, -5.307832159014e-01, 1.797693134862e+308, 0.0000e+00, 0.0000e+00, 
 2DIAGNOSTIC,     7, -5.314577127389e-01, 1.797693134862e+308, 0.0000e+00, 0.0000e+00, 
 2DIAGNOSTIC,     8, -5.324942301977e-01, 1.797693134862e+308, 0.0000e+00, 0.0000e+00, 
 2DIAGNOSTIC,     9, -5.330944927273e-01, 1.797693134862e+308, 0.0000e+00, 0.0000e+00, 
 2DIAGNOSTIC,    10, -5.333081415665e-01, 8.048465430465e-04, 0.0000e+00, 0.0000e+00, 
 2DIAGNOSTIC,    11, -5.337228641377e-01, 6.891193905044e-04, 0.0000e+00, 0.0000e+00, 
 2DIAGNOSTIC,    12, -5.344056455436e-01, 5.929422249239e-04, 0.0000e+00, 0.0000e+00, 
 2DIAGNOSTIC,    13, -5.346359112787e-01, 5.037461734916e-04, 0.0000e+00, 0.0000e+00, 
 2DIAGNOSTIC,    14, -5.348223895496e-01, 4.178020003445e-04, 0.0000e+00, 0.0000e+00, 
 2DIAGNOSTIC,    15, -5.348639704110e-01, 3.300855668695e-04, 0.0000e+00, 0.0000e+00, 
 2DIAGNOSTIC,    16, -5.349251218380e-01, 2.518722155618e-04, 0.0000e+00, 0.0000e+00, 
 2DIAGNOSTIC,    17, -5.349485308577e-01, 1.808589319321e-04, 0.0000e+00, 0.0000e+00, 
 2DIAGNOSTIC,    18, -5.350093906974e-01, 1.333727681225e-04, 0.0000e+00, 0.0000e+00, 
 2DIAGNOSTIC,    19, -5.350929139327e-01, 9.807773560411e-05, 0.0000e+00, 0.0000e+00, 
 2DIAGNOSTIC,    20, -5.350988665027e-01, 6.315686000919e-05, 0.0000e+00, 0.0000e+00, 
 2DIAGNOSTIC,    21, -5.351338300976e-01, 3.693140583776e-05, 0.0000e+00, 0.0000e+00, 
 2DIAGNOSTIC,    22, -5.351612977338e-01, 2.691562988815e-05, 0.0000e+00, 0.0000e+00, 
 2DIAGNOSTIC,    23, -5.351938606163e-01, 2.135705430478e-05, 0.0000e+00, 0.0000e+00, 
 2DIAGNOSTIC,    24, -5.351965573653e-01, 1.855476630678e-05, 0.0000e+00, 0.0000e+00, 
 2DIAGNOSTIC,    25, -5.351944177277e-01, 1.519474413254e-05, 0.0000e+00, 0.0000e+00, 
 2DIAGNOSTIC,    26, -5.351853126695e-01, 1.187866191127e-05, 0.0000e+00, 0.0000e+00, 
 2DIAGNOSTIC,    27, -5.351885145900e-01, 8.308902400118e-06, 0.0000e+00, 0.0000e+00, 
 2DIAGNOSTIC,    28, -5.351995552539e-01, 5.639821027408e-06, 0.0000e+00, 0.0000e+00, 
 2DIAGNOSTIC,    29, -5.351998053985e-01, 4.270834965014e-06, 0.0000e+00, 0.0000e+00, 
 2DIAGNOSTIC,    30, -5.352005967699e-01, 2.814181687641e-06, 0.0000e+00, 0.0000e+00, 
 2DIAGNOSTIC,    31, -5.352024635341e-01, 1.917370468618e-06, 0.0000e+00, 0.0000e+00, 
 2DIAGNOSTIC,    32, -5.352064549645e-01, 1.498101162463e-06, 0.0000e+00, 0.0000e+00, 
 2DIAGNOSTIC,    33, -5.352055661224e-01, 1.558565077123e-06, 0.0000e+00, 0.0000e+00, 
 2DIAGNOSTIC,    34, -5.352122804260e-01, 1.706726642011e-06, 0.0000e+00, 0.0000e+00, 
 2DIAGNOSTIC,    35, -5.352335072517e-01, 2.067802174363e-06, 0.0000e+00, 0.0000e+00, 
 2DIAGNOSTIC,    36, -5.352540235883e-01, 2.458672851622e-06, 0.0000e+00, 0.0000e+00, 
 2DIAGNOSTIC,    37, -5.352690170505e-01, 2.931171801425e-06, 0.0000e+00, 0.0000e+00, 
 2DIAGNOSTIC,    38, -5.352786789183e-01, 3.473345614700e-06, 0.0000e+00, 0.0000e+00, 
 2DIAGNOSTIC,    39, -5.353670359946e-01, 4.946870556966e-06, 0.0000e+00, 0.0000e+00, 
 2DIAGNOSTIC,    40, -5.358344286497e-01, 1.214704632243e-05, 0.0000e+00, 0.0000e+00, 
 2DIAGNOSTIC,    41, -5.357950586007e-01, 1.726008295253e-05, 0.0000e+00, 0.0000e+00, 
 2DIAGNOSTIC,    42, -5.358308436548e-01, 2.116339067773e-05, 0.0000e+00, 0.0000e+00, 
 2DIAGNOSTIC,    43, -5.360311966503e-01, 2.547681238402e-05, 0.0000e+00, 0.0000e+00, 
 2DIAGNOSTIC,    44, -5.361328245707e-01, 2.842565769083e-05, 0.0000e+00, 0.0000e+00, 
 2DIAGNOSTIC,    45, -5.362283799359e-01, 2.987666530494e-05, 0.0000e+00, 0.0000e+00, 
 2DIAGNOSTIC,    46, -5.363383821453e-01, 3.000151611407e-05, 0.0000e+00, 0.0000e+00, 
 2DIAGNOSTIC,    47, -5.363802762152e-01, 2.803644139317e-05, 0.0000e+00, 0.0000e+00, 
 2DIAGNOSTIC,    48, -5.364868396010e-01, 2.482361576668e-05, 0.0000e+00, 0.0000e+00, 
 2DIAGNOSTIC,    49, -5.365041207202e-01, 2.039074936204e-05, 0.0000e+00, 0.0000e+00, 
 2DIAGNOSTIC,    50, -5.365043416865e-01, 1.925883141792e-05, 0.0000e+00, 0.0000e+00, 
 2DIAGNOSTIC,    51, -5.365038424685e-01, 1.599690112246e-05, 0.0000e+00, 0.0000e+00, 
 2DIAGNOSTIC,    52, -5.365054979425e-01, 1.172594150215e-05, 0.0000e+00, 0.0000e+00, 
 2DIAGNOSTIC,    53, -5.365058063872e-01, 8.542628629291e-06, 0.0000e+00, 0.0000e+00, 
 2DIAGNOSTIC,    54, -5.365056889765e-01, 5.700376882252e-06, 0.0000e+00, 0.0000e+00, 
 2DIAGNOSTIC,    55, -5.365058138702e-01, 3.386454849812e-06, 0.0000e+00, 0.0000e+00, 
 2DIAGNOSTIC,    56, -5.365058139277e-01, 1.933159907999e-06, 0.0000e+00, 0.0000e+00, 
DIAGNOSTIC,Iteration,metricValue,convergenceValue,ITERATION_TIME_INDEX,SINCE_LAST
 2DIAGNOSTIC,     1, -4.759798868670e-01, 1.797693134862e+308, 0.0000e+00, 0.0000e+00, 
 2DIAGNOSTIC,     2, -4.761105340771e-01, 1.797693134862e+308, 0.0000e+00, 0.0000e+00, 
 2DIAGNOSTIC,     3, -4.762414563014e-01, 1.797693134862e+308, 0.0000e+00, 0.0000e+00, 
 2DIAGNOSTIC,     4, -4.764060772744e-01, 1.797693134862e+308, 0.0000e+00, 0.0000e+00, 
 2DIAGNOSTIC,     5, -4.764955000719e-01, 1.797693134862e+308, 0.0000e+00, 0.0000e+00, 
 2DIAGNOSTIC,     6, -4.766210968718e-01, 1.797693134862e+308, 0.0000e+00, 0.0000e+00, 
 2DIAGNOSTIC,     7, -4.767019919311e-01, 1.797693134862e+308, 0.0000e+00, 0.0000e+00, 
 2DIAGNOSTIC,     8, -4.770713242671e-01, 1.797693134862e+308, 0.0000e+00, 0.0000e+00, 
 2DIAGNOSTIC,     9, -4.773124722831e-01, 1.797693134862e+308, 0.0000e+00, 0.0000e+00, 
 2DIAGNOSTIC,    10, -4.776188765228e-01, 2.077008117596e-04, 0.0000e+00, 0.0000e+00, 
 2DIAGNOSTIC,    11, -4.777965658884e-01, 2.092271660560e-04, 0.0000e+00, 0.0000e+00, 
 2DIAGNOSTIC,    12, -4.777985835360e-01, 1.985385115151e-04, 0.0000e+00, 0.0000e+00, 
 2DIAGNOSTIC,    13, -4.778100450229e-01, 1.782480070447e-04, 0.0000e+00, 0.0000e+00, 
 2DIAGNOSTIC,    14, -4.778188830028e-01, 1.521165516159e-04, 0.0000e+00, 0.0000e+00, 
 2DIAGNOSTIC,    15, -4.778454758057e-01, 1.202662993843e-04, 0.0000e+00, 0.0000e+00, 
 2DIAGNOSTIC,    16, -4.779176122303e-01, 8.898380840761e-05, 0.0000e+00, 0.0000e+00, 
 2DIAGNOSTIC,    17, -4.783148332990e-01, 6.994992028297e-05, 0.0000e+00, 0.0000e+00, 
 2DIAGNOSTIC,    18, -4.785868860528e-01, 6.761283587558e-05, 0.0000e+00, 0.0000e+00, 
 2DIAGNOSTIC,    19, -4.786435332970e-01, 6.847890295344e-05, 0.0000e+00, 0.0000e+00, 
 2DIAGNOSTIC,    20, -4.787157855184e-01, 7.439516310349e-05, 0.0000e+00, 0.0000e+00, 
 2DIAGNOSTIC,    21, -4.787496907337e-01, 7.897460103479e-05, 0.0000e+00, 0.0000e+00, 
 2DIAGNOSTIC,    22, -4.788053279093e-01, 7.727521076987e-05, 0.0000e+00, 0.0000e+00, 
 2DIAGNOSTIC,    23, -4.789006655218e-01, 7.126088472929e-05, 0.0000e+00, 0.0000e+00, 
 2DIAGNOSTIC,    24, -4.788936119069e-01, 5.931307088345e-05, 0.0000e+00, 0.0000e+00, 
 2DIAGNOSTIC,    25, -4.788902707980e-01, 4.361833327053e-05, 0.0000e+00, 0.0000e+00, 
 2DIAGNOSTIC,    26, -4.788900659876e-01, 2.664370192978e-05, 0.0000e+00, 0.0000e+00, 
 2DIAGNOSTIC,    27, -4.788885856361e-01, 1.708779337160e-05, 0.0000e+00, 0.0000e+00, 
 2DIAGNOSTIC,    28, -4.788880689340e-01, 1.244042898794e-05, 0.0000e+00, 0.0000e+00, 
 2DIAGNOSTIC,    29, -4.788877348240e-01, 8.180587389238e-06, 0.0000e+00, 0.0000e+00, 
 2DIAGNOSTIC,    30, -4.788868590264e-01, 4.975872868081e-06, 0.0000e+00, 0.0000e+00, 
 2DIAGNOSTIC,    31, -4.788862913017e-01, 2.236362528975e-06, 0.0000e+00, 0.0000e+00, 
DIAGNOSTIC,Iteration,metricValue,convergenceValue,ITERATION_TIME_INDEX,SINCE_LAST
 2DIAGNOSTIC,     1, -4.453584082281e-01, 1.797693134862e+308, 0.0000e+00, 0.0000e+00, 
 2DIAGNOSTIC,     2, -4.453802254441e-01, 1.797693134862e+308, 0.0000e+00, 0.0000e+00, 
 2DIAGNOSTIC,     3, -4.453892091347e-01, 1.797693134862e+308, 0.0000e+00, 0.0000e+00, 
 2DIAGNOSTIC,     4, -4.453890215977e-01, 1.797693134862e+308, 0.0000e+00, 0.0000e+00, 
 2DIAGNOSTIC,     5, -4.453896798798e-01, 1.797693134862e+308, 0.0000e+00, 0.0000e+00, 
 2DIAGNOSTIC,     6, -4.453892236158e-01, 1.797693134862e+308, 0.0000e+00, 0.0000e+00, 
 2DIAGNOSTIC,     7, -4.453891619979e-01, 1.797693134862e+308, 0.0000e+00, 0.0000e+00, 
 2DIAGNOSTIC,     8, -4.453892705476e-01, 1.797693134862e+308, 0.0000e+00, 0.0000e+00, 
 2DIAGNOSTIC,     9, -4.453891151871e-01, 1.797693134862e+308, 0.0000e+00, 0.0000e+00, 
 2DIAGNOSTIC,    10, -4.453891569338e-01, 5.609638859205e-06, 0.0000e+00, 0.0000e+00, 
 2DIAGNOSTIC,    11, -4.453888369648e-01, 3.352564174761e-06, 0.0000e+00, 0.0000e+00, 
 2DIAGNOSTIC,    12, -4.453888687845e-01, 2.576935017262e-06, 0.0000e+00, 0.0000e+00, 
 2DIAGNOSTIC,    13, -4.453889039837e-01, 2.367704551615e-06, 0.0000e+00, 0.0000e+00, 
 2DIAGNOSTIC,    14, -4.453888652406e-01, 2.181739769763e-06, 0.0000e+00, 0.0000e+00, 
 2DIAGNOSTIC,    15, -4.453888639561e-01, 2.055475651200e-06, 0.0000e+00, 0.0000e+00, 
 2DIAGNOSTIC,    16, -4.453888639561e-01, 1.931102686523e-06, 0.0000e+00, 0.0000e+00, 
 2DIAGNOSTIC,    17, -4.453888602568e-01, 1.822201207584e-06, 0.0000e+00, 0.0000e+00, 
 2DIAGNOSTIC,    18, -4.453888602568e-01, 1.732053159273e-06, 0.0000e+00, 0.0000e+00, 
 2DIAGNOSTIC,    19, -4.453888624661e-01, 1.647769581184e-06, 0.0000e+00, 0.0000e+00, 
 2DIAGNOSTIC,    20, -4.453888624661e-01, 1.574504276410e-06, 0.0000e+00, 0.0000e+00, 
 2DIAGNOSTIC,    21, -4.453888604894e-01, 1.498439934772e-06, 0.0000e+00, 0.0000e+00, 
 2DIAGNOSTIC,    22, -4.453887645660e-01, 1.427530975158e-06, 0.0000e+00, 0.0000e+00, 
 2DIAGNOSTIC,    23, -4.453887645660e-01, 1.364264931115e-06, 0.0000e+00, 0.0000e+00, 
 2DIAGNOSTIC,    24, -4.453887908861e-01, 1.306397845249e-06, 0.0000e+00, 0.0000e+00, 
 2DIAGNOSTIC,    25, -4.453887908861e-01, 1.253633786433e-06, 0.0000e+00, 0.0000e+00, 
 2DIAGNOSTIC,    26, -4.453887908861e-01, 1.205542158482e-06, 0.0000e+00, 0.0000e+00, 
 2DIAGNOSTIC,    27, -4.453887610707e-01, 1.160828941457e-06, 0.0000e+00, 0.0000e+00, 
 2DIAGNOSTIC,    28, -4.453887610707e-01, 1.119877704396e-06, 0.0000e+00, 0.0000e+00, 
 2DIAGNOSTIC,    29, -4.453887610707e-01, 1.082224971381e-06, 0.0000e+00, 0.0000e+00, 
 2DIAGNOSTIC,    30, -4.453887610707e-01, 1.047417783777e-06, 0.0000e+00, 0.0000e+00, 
 2DIAGNOSTIC,    31, -4.453887611312e-01, 1.015123840882e-06, 0.0000e+00, 0.0000e+00, 
  Elapsed time (stage 0): 0.0000e+00


Total elapsed time: 0.0000e+00
Info [verificarlo]: loaded backend libinterflop_ieee.so
Info [interflop-ieee]: load backend with:
Info [interflop-ieee]: debug = false
Info [interflop-ieee]: debug-binary = false
Info [interflop-ieee]: no-backend-name = false
Info [interflop-ieee]: print-new-line = false
Info [interflop-ieee]: print-subnormal-normalized = false
Info [interflop-ieee]: count-op = false
All_Command_lines_OK
Using double precision for computations.
=============================================================================
The composite transform comprises the following transforms (in order): 
  1. /home/mdugre/scratch/mri-registration-rp/datasets/ds004513/derivatives/mri-registration-rp/0100/antsRegistration-r7-p18/sub-s003/rigid_Composite.h5[0] (type = Euler3DTransform)
  2. /home/mdugre/scratch/mri-registration-rp/datasets/ds004513/derivatives/mri-registration-rp/0100/antsRegistration-r7-p18/sub-s003/rigid_Composite.h5[1] (type = Euler3DTransform)
  3. /home/mdugre/scratch/mri-registration-rp/datasets/ds004513/derivatives/mri-registration-rp/0100/antsRegistration-r7-p18/sub-s003/rigid_Composite.h5[2] (type = Euler3DTransform)
=============================================================================
  number of levels = 4
  fixed image: /templateflow/tpl-MNI152NLin2009cAsym/tpl-MNI152NLin2009cAsym_res-01_desc-brain_T1w.nii.gz
  moving image: /home/mdugre/scratch/mri-registration-rp/datasets/ds004513/derivatives/mri-registration-rp/antsBrainExtraction/sub-s003/BrainExtractionBrain.nii.gz
Dimension = 3
Number of stages = 1
Use histogram matching = false
Winsorize image intensities = true
  Lower quantile = 0.005
  Upper quantile = 0.995


Stage 1 State
   Image metric = MattesMI
     Fixed image = Image (0x43fc7e0)
  RTTI typeinfo:   itk::Image<double, 3u>
  Reference Count: 2
  Modified Time: 1594
  Debug: Off
  Object Name: 
  Observers: 
    none
  Source: (none)
  Source output name: (none)
  Release Data: Off
  Data Released: False
  Global Release Data: Off
  PipelineMTime: 0
  UpdateMTime: 1203
  RealTimeStamp: 0 seconds 
  LargestPossibleRegion: 
    Dimension: 3
    Index: [0, 0, 0]
    Size: [193, 229, 193]
  BufferedRegion: 
    Dimension: 3
    Index: [0, 0, 0]
    Size: [193, 229, 193]
  RequestedRegion: 
    Dimension: 3
    Index: [0, 0, 0]
    Size: [193, 229, 193]
  Spacing: [1, 1, 1]
  Origin: [96, 132, -78]
  Direction: 
-1 0 0
0 -1 0
0 0 1

  IndexToPointMatrix: 
-1 0 0
0 -1 0
0 0 1

  PointToIndexMatrix: 
-1 0 0
0 -1 0
0 0 1

  Inverse Direction: 
-1 0 0
0 -1 0
0 0 1

  PixelContainer: 
    ImportImageContainer (0x44c7880)
      RTTI typeinfo:   itk::ImportImageContainer<unsigned long, double>
      Reference Count: 1
      Modified Time: 1200
      Debug: Off
      Object Name: 
      Observers: 
        none
      Pointer: 0x1499e134e010
      Container manages memory: true
      Size: 8530021
      Capacity: 8530021

     Moving image = Image (0x44b8050)
  RTTI typeinfo:   itk::Image<double, 3u>
  Reference Count: 2
  Modified Time: 1595
  Debug: Off
  Object Name: 
  Observers: 
    none
  Source: (none)
  Source output name: (none)
  Release Data: Off
  Data Released: False
  Global Release Data: Off
  PipelineMTime: 0
  UpdateMTime: 1592
  RealTimeStamp: 0 seconds 
  LargestPossibleRegion: 
    Dimension: 3
    Index: [0, 0, 0]
    Size: [176, 240, 256]
  BufferedRegion: 
    Dimension: 3
    Index: [0, 0, 0]
    Size: [176, 240, 256]
  RequestedRegion: 
    Dimension: 3
    Index: [0, 0, 0]
    Size: [176, 240, 256]
  Spacing: [0.999999, 1, 1]
  Origin: [93.3499, 86.9368, -128.957]
  Direction: 
-0.999513 -0.0279216 -0.0139567
0.0279189 -0.99961 0.000389866
-0.0139622 2.01492e-08 0.999903

  IndexToPointMatrix: 
-0.999512 -0.0279216 -0.0139567
0.0279189 -0.99961 0.000389866
-0.0139621 2.01492e-08 0.999903

  PointToIndexMatrix: 
-0.999514 0.0279189 -0.0139622
-0.0279216 -0.99961 2.01716e-08
-0.0139567 0.000389866 0.999903

  Inverse Direction: 
-0.999513 0.0279189 -0.0139622
-0.0279216 -0.99961 2.01716e-08
-0.0139567 0.000389866 0.999903

  PixelContainer: 
    ImportImageContainer (0x456b690)
      RTTI typeinfo:   itk::ImportImageContainer<unsigned long, double>
      Reference Count: 1
      Modified Time: 1589
      Debug: Off
      Object Name: 
      Observers: 
        none
      Pointer: 0x1499dc0cd010
      Container manages memory: true
      Size: 10813440
      Capacity: 10813440

     Weighting = 1
     Sampling strategy = regular
     Number of bins = 32
     Radius = 4
     Sampling percentage  = 0.25
   Transform = Affine
     Gradient step = 0.1
     Update field sigma (voxel space) = 0
     Total field sigma (voxel space) = 0
     Update field time sigma = 0
     Total field time sigma  = 0
     Number of time indices = 0
     Number of time point samples = 0
Registration using 1 total stages.

Stage 0
  iterations = 1000x500x250x100
  convergence threshold = 1e-06
  convergence window size = 10
  number of levels = 4
  using the Mattes MI metric (number of bins = 32, weight = 1, use gradient filter = 0)
  preprocessing:  winsorizing the image intensities
  Shrink factors (level 1 out of 4): [8, 8, 8]
  Shrink factors (level 2 out of 4): [4, 4, 4]
  Shrink factors (level 3 out of 4): [2, 2, 2]
  Shrink factors (level 4 out of 4): [1, 1, 1]
  smoothing sigmas per level: [3, 2, 1, 0]
  regular sampling (percentage = 0.25)

*** Running AffineTransform registration ***

DIAGNOSTIC,Iteration,metricValue,convergenceValue,ITERATION_TIME_INDEX,SINCE_LAST
 2DIAGNOSTIC,     1, -6.605418544948e-01, 1.797693134862e+308, 8.2059e-01, 8.2059e-01, 
 2DIAGNOSTIC,     2, -6.628981824758e-01, 1.797693134862e+308, 8.2682e-01, 6.2311e-03, 
 2DIAGNOSTIC,     3, -6.668088926187e-01, 1.797693134862e+308, 8.3369e-01, 6.8660e-03, 
 2DIAGNOSTIC,     4, -6.726190928858e-01, 1.797693134862e+308, 8.3978e-01, 6.0952e-03, 
 2DIAGNOSTIC,     5, -6.805100589484e-01, 1.797693134862e+308, 8.4473e-01, 4.9450e-03, 
 2DIAGNOSTIC,     6, -6.926883704778e-01, 1.797693134862e+308, 8.4980e-01, 5.0700e-03, 
 2DIAGNOSTIC,     7, -7.138867374733e-01, 1.797693134862e+308, 8.5834e-01, 8.5452e-03, 
 2DIAGNOSTIC,     8, -7.198117306184e-01, 1.797693134862e+308, 8.6402e-01, 5.6791e-03, 
 2DIAGNOSTIC,     9, -7.204553341604e-01, 1.797693134862e+308, 8.6916e-01, 5.1320e-03, 
 2DIAGNOSTIC,    10, -7.209549392695e-01, 6.960715259818e-03, 8.7509e-01, 5.9350e-03, 
 2DIAGNOSTIC,    11, -7.215658251433e-01, 6.013017516415e-03, 8.8117e-01, 6.0842e-03, 
 2DIAGNOSTIC,    12, -7.216489305704e-01, 4.763305590193e-03, 8.8758e-01, 6.4042e-03, 
 2DIAGNOSTIC,    13, -7.211332229053e-01, 3.388893199173e-03, 8.9286e-01, 5.2769e-03, 
 2DIAGNOSTIC,    14, -7.208687365038e-01, 2.078364911529e-03, 8.9896e-01, 6.1071e-03, 
 2DIAGNOSTIC,    15, -7.213564762189e-01, 9.845114603049e-04, 9.0434e-01, 5.3761e-03, 
 2DIAGNOSTIC,    16, -7.221534409765e-01, 2.549825326643e-04, 9.1115e-01, 6.8080e-03, 
 2DIAGNOSTIC,    17, -7.224086311675e-01, 9.580418433992e-05, 9.1720e-01, 6.0501e-03, 
 2DIAGNOSTIC,    18, -7.223602339126e-01, 7.815060326921e-05, 9.2329e-01, 6.0952e-03, 
 2DIAGNOSTIC,    19, -7.220105650433e-01, 6.191512657285e-05, 9.3055e-01, 7.2620e-03, 
 2DIAGNOSTIC,    20, -7.219602551380e-01, 5.035519017749e-05, 9.3799e-01, 7.4322e-03, 
 2DIAGNOSTIC,    21, -7.217096140264e-01, 4.165367003996e-05, 9.4411e-01, 6.1212e-03, 
 2DIAGNOSTIC,    22, -7.216407944293e-01, 3.052112434111e-05, 9.5001e-01, 5.9001e-03, 
 2DIAGNOSTIC,    23, -7.215846891958e-01, 8.134736635600e-06, 9.5548e-01, 5.4760e-03, 
DIAGNOSTIC,Iteration,metricValue,convergenceValue,ITERATION_TIME_INDEX,SINCE_LAST
 2DIAGNOSTIC,     1, -5.946882267617e-01, 1.797693134862e+308, 1.7686e+00, 8.1312e-01, 
 2DIAGNOSTIC,     2, -5.949292635487e-01, 1.797693134862e+308, 1.8072e+00, 3.8646e-02, 
 2DIAGNOSTIC,     3, -5.953022274635e-01, 1.797693134862e+308, 1.8480e+00, 4.0729e-02, 
 2DIAGNOSTIC,     4, -5.958464956649e-01, 1.797693134862e+308, 1.8866e+00, 3.8657e-02, 
 2DIAGNOSTIC,     5, -5.967690900255e-01, 1.797693134862e+308, 1.9252e+00, 3.8578e-02, 
 2DIAGNOSTIC,     6, -5.981259985378e-01, 1.797693134862e+308, 1.9637e+00, 3.8455e-02, 
 2DIAGNOSTIC,     7, -6.006754048981e-01, 1.797693134862e+308, 2.0057e+00, 4.2078e-02, 
 2DIAGNOSTIC,     8, -6.008343930067e-01, 1.797693134862e+308, 2.0504e+00, 4.4647e-02, 
 2DIAGNOSTIC,     9, -6.009922723952e-01, 1.797693134862e+308, 2.0982e+00, 4.7775e-02, 
 2DIAGNOSTIC,    10, -6.011035264934e-01, 8.623169727213e-04, 2.1352e+00, 3.7024e-02, 
 2DIAGNOSTIC,    11, -6.012695960747e-01, 7.518219262992e-04, 2.1725e+00, 3.7354e-02, 
 2DIAGNOSTIC,    12, -6.013875104257e-01, 6.053727660446e-04, 2.2143e+00, 4.1767e-02, 
 2DIAGNOSTIC,    13, -6.015003867830e-01, 4.450805459340e-04, 2.2561e+00, 4.1811e-02, 
 2DIAGNOSTIC,    14, -6.016258688223e-01, 2.912661774862e-04, 2.2918e+00, 3.5682e-02, 
 2DIAGNOSTIC,    15, -6.025220094149e-01, 1.888864370214e-04, 2.3393e+00, 4.7491e-02, 
 2DIAGNOSTIC,    16, -6.027275225692e-01, 1.257495753760e-04, 2.3763e+00, 3.6987e-02, 
 2DIAGNOSTIC,    17, -6.028747864232e-01, 1.339650267908e-04, 2.4130e+00, 3.6729e-02, 
 2DIAGNOSTIC,    18, -6.028708287375e-01, 1.333978247333e-04, 2.4531e+00, 4.0037e-02, 
 2DIAGNOSTIC,    19, -6.029236356343e-01, 1.259506850068e-04, 2.4969e+00, 4.3860e-02, 
 2DIAGNOSTIC,    20, -6.030183244793e-01, 1.121799612430e-04, 2.5387e+00, 4.1830e-02, 
 2DIAGNOSTIC,    21, -6.030833648974e-01, 9.442383360138e-05, 2.5804e+00, 4.1610e-02, 
 2DIAGNOSTIC,    22, -6.032136773188e-01, 7.516802027253e-05, 2.6155e+00, 3.5101e-02, 
 2DIAGNOSTIC,    23, -6.035005969358e-01, 5.909841287532e-05, 2.6516e+00, 3.6103e-02, 
 2DIAGNOSTIC,    24, -6.038692152524e-01, 4.816118074678e-05, 2.6868e+00, 3.5289e-02, 
 2DIAGNOSTIC,    25, -6.042891000654e-01, 5.839613933577e-05, 2.7436e+00, 5.6763e-02, 
 2DIAGNOSTIC,    26, -6.043418388773e-01, 6.701598974367e-05, 2.7824e+00, 3.8839e-02, 
 2DIAGNOSTIC,    27, -6.043408823987e-01, 7.150672085163e-05, 2.8214e+00, 3.8966e-02, 
 2DIAGNOSTIC,    28, -6.043425693112e-01, 6.902994198268e-05, 2.8610e+00, 3.9613e-02, 
 2DIAGNOSTIC,    29, -6.043377302924e-01, 6.096786666642e-05, 2.9044e+00, 4.3369e-02, 
 2DIAGNOSTIC,    30, -6.043389692608e-01, 4.923228089758e-05, 2.9396e+00, 3.5235e-02, 
 2DIAGNOSTIC,    31, -6.043408821663e-01, 3.476804748821e-05, 2.9766e+00, 3.6949e-02, 
 2DIAGNOSTIC,    32, -6.043436534172e-01, 2.002113429986e-05, 3.0162e+00, 3.9631e-02, 
 2DIAGNOSTIC,    33, -6.043664407826e-01, 8.734043131620e-06, 3.0665e+00, 5.0246e-02, 
 2DIAGNOSTIC,    34, -6.044002841080e-01, 2.801616999663e-06, 3.1038e+00, 3.7328e-02, 
 2DIAGNOSTIC,    35, -6.044369373803e-01, 3.163728618215e-06, 3.1406e+00, 3.6827e-02, 
 2DIAGNOSTIC,    36, -6.045024474335e-01, 4.838014184813e-06, 3.1752e+00, 3.4630e-02, 
 2DIAGNOSTIC,    37, -6.046367825931e-01, 7.733217571713e-06, 3.2295e+00, 5.4224e-02, 
 2DIAGNOSTIC,    38, -6.046179131702e-01, 9.573033997651e-06, 3.2684e+00, 3.8943e-02, 
 2DIAGNOSTIC,    39, -6.045991978672e-01, 1.023068418640e-05, 3.3045e+00, 3.6107e-02, 
 2DIAGNOSTIC,    40, -6.045806751899e-01, 9.775792300788e-06, 3.3424e+00, 3.7891e-02, 
 2DIAGNOSTIC,    41, -6.045717178578e-01, 8.393914961387e-06, 3.3819e+00, 3.9484e-02, 
 2DIAGNOSTIC,    42, -6.045632111796e-01, 6.260077000202e-06, 3.4204e+00, 3.8548e-02, 
 2DIAGNOSTIC,    43, -6.045553910513e-01, 3.867511336381e-06, 3.4589e+00, 3.8510e-02, 
 2DIAGNOSTIC,    44, -6.045399215441e-01, 1.507743028629e-06, 3.4987e+00, 3.9712e-02, 
DIAGNOSTIC,Iteration,metricValue,convergenceValue,ITERATION_TIME_INDEX,SINCE_LAST
 2DIAGNOSTIC,     1, -5.293679096156e-01, 1.797693134862e+308, 4.6575e+00, 1.1588e+00, 
 2DIAGNOSTIC,     2, -5.295637775758e-01, 1.797693134862e+308, 4.9345e+00, 2.7697e-01, 
 2DIAGNOSTIC,     3, -5.297908270146e-01, 1.797693134862e+308, 5.2340e+00, 2.9955e-01, 
 2DIAGNOSTIC,     4, -5.300350195025e-01, 1.797693134862e+308, 5.5489e+00, 3.1484e-01, 
 2DIAGNOSTIC,     5, -5.302833215689e-01, 1.797693134862e+308, 5.8598e+00, 3.1090e-01, 
 2DIAGNOSTIC,     6, -5.306689397491e-01, 1.797693134862e+308, 6.1597e+00, 2.9997e-01, 
 2DIAGNOSTIC,     7, -5.319406618028e-01, 1.797693134862e+308, 6.7752e+00, 6.1548e-01, 
 2DIAGNOSTIC,     8, -5.319351832809e-01, 1.797693134862e+308, 7.0804e+00, 3.0520e-01, 
 2DIAGNOSTIC,     9, -5.319332163773e-01, 1.797693134862e+308, 7.4248e+00, 3.4437e-01, 
 2DIAGNOSTIC,    10, -5.319298447947e-01, 3.828875140461e-04, 7.7260e+00, 3.0124e-01, 
 2DIAGNOSTIC,    11, -5.319292623075e-01, 3.216036728284e-04, 8.2139e+00, 4.8788e-01, 
 2DIAGNOSTIC,    12, -5.319295632623e-01, 2.497304526353e-04, 8.5589e+00, 3.4503e-01, 
 2DIAGNOSTIC,    13, -5.319287778259e-01, 1.758418306803e-04, 8.8986e+00, 3.3969e-01, 
 2DIAGNOSTIC,    14, -5.319281261416e-01, 1.067896601871e-04, 9.2305e+00, 3.3184e-01, 
 2DIAGNOSTIC,    15, -5.319267215997e-01, 4.637739999735e-05, 9.6387e+00, 4.0820e-01, 
 2DIAGNOSTIC,    16, -5.319269426663e-01, 1.150414741621e-06, 1.0000e+01, 3.6155e-01, 
 2DIAGNOSTIC,    17, -5.319252465907e-01, 1.298645518809e-06, 1.0357e+01, 3.5706e-01, 
 2DIAGNOSTIC,    18, -5.319245799483e-01, 1.302323105093e-06, 1.0718e+01, 3.6097e-01, 
 2DIAGNOSTIC,    19, -5.319250251892e-01, 1.309318527230e-06, 1.1106e+01, 3.8773e-01, 
 2DIAGNOSTIC,    20, -5.319233523233e-01, 1.214372524601e-06, 1.1489e+01, 3.8265e-01, 
 2DIAGNOSTIC,    21, -5.319237595116e-01, 1.159762942744e-06, 1.1862e+01, 3.7310e-01, 
 2DIAGNOSTIC,    22, -5.319233596372e-01, 1.140950987182e-06, 1.2228e+01, 3.6650e-01, 
 2DIAGNOSTIC,    23, -5.319229564640e-01, 1.125046394206e-06, 1.2554e+01, 3.2620e-01, 
 2DIAGNOSTIC,    24, -5.319219674207e-01, 1.098883573622e-06, 1.2927e+01, 3.7299e-01, 
 2DIAGNOSTIC,    25, -5.319229338821e-01, 1.086919910659e-06, 1.3287e+01, 3.5919e-01, 
 2DIAGNOSTIC,    26, -5.319211410615e-01, 1.061156514486e-06, 1.3618e+01, 3.3167e-01, 
 2DIAGNOSTIC,    27, -5.319230704797e-01, 1.058312164466e-06, 1.3983e+01, 3.6443e-01, 
 2DIAGNOSTIC,    28, -5.319213690308e-01, 1.020403735542e-06, 1.4365e+01, 3.8201e-01, 
 2DIAGNOSTIC,    29, -5.319214739100e-01, 1.008172838872e-06, 1.4703e+01, 3.3785e-01, 
DIAGNOSTIC,Iteration,metricValue,convergenceValue,ITERATION_TIME_INDEX,SINCE_LAST
 2DIAGNOSTIC,     1, -4.876051944611e-01, 1.797693134862e+308, 1.7843e+01, 3.1409e+00, 
 2DIAGNOSTIC,     2, -4.877959136349e-01, 1.797693134862e+308, 1.9668e+01, 1.8243e+00, 
 2DIAGNOSTIC,     3, -4.879699316792e-01, 1.797693134862e+308, 2.1643e+01, 1.9752e+00, 
 2DIAGNOSTIC,     4, -4.880843293007e-01, 1.797693134862e+308, 2.3603e+01, 1.9598e+00, 
 2DIAGNOSTIC,     5, -4.881528491487e-01, 1.797693134862e+308, 2.5525e+01, 1.9224e+00, 
 2DIAGNOSTIC,     6, -4.882157728172e-01, 1.797693134862e+308, 2.7803e+01, 2.2775e+00, 
 2DIAGNOSTIC,     7, -4.882551601973e-01, 1.797693134862e+308, 2.9745e+01, 1.9421e+00, 
 2DIAGNOSTIC,     8, -4.883054379419e-01, 1.797693134862e+308, 3.1712e+01, 1.9672e+00, 
 2DIAGNOSTIC,     9, -4.884077290341e-01, 1.797693134862e+308, 3.3717e+01, 2.0048e+00, 
 2DIAGNOSTIC,    10, -4.884442342790e-01, 1.021187203233e-04, 3.6224e+01, 2.5076e+00, 
 2DIAGNOSTIC,    11, -4.884647177650e-01, 7.635520675048e-05, 3.8082e+01, 1.8578e+00, 
 2DIAGNOSTIC,    12, -4.884790500374e-01, 5.814944851941e-05, 3.9835e+01, 1.7527e+00, 
 2DIAGNOSTIC,    13, -4.885178989955e-01, 4.716106241603e-05, 4.3186e+01, 3.3509e+00, 
 2DIAGNOSTIC,    14, -4.885180027626e-01, 3.830947897186e-05, 4.5236e+01, 2.0504e+00, 
 2DIAGNOSTIC,    15, -4.885176818007e-01, 2.996109665629e-05, 4.7626e+01, 2.3901e+00, 
 2DIAGNOSTIC,    16, -4.885176011017e-01, 2.243575654048e-05, 4.9913e+01, 2.2867e+00, 
 2DIAGNOSTIC,    17, -4.885173944761e-01, 1.525273236967e-05, 5.1649e+01, 1.7361e+00, 
 2DIAGNOSTIC,    18, -4.885171894173e-01, 9.158475718980e-06, 5.3359e+01, 1.7104e+00, 
 2DIAGNOSTIC,    19, -4.885170995606e-01, 6.130159058843e-06, 5.5251e+01, 1.8917e+00, 
 2DIAGNOSTIC,    20, -4.885170095568e-01, 4.056964688616e-06, 5.6951e+01, 1.6997e+00, 
 2DIAGNOSTIC,    21, -4.885168243342e-01, 2.515831754278e-06, 5.8881e+01, 1.9300e+00, 
 2DIAGNOSTIC,    22, -4.885167600460e-01, 1.369507096165e-06, 6.1195e+01, 2.3141e+00, 
 2DIAGNOSTIC,    23, -4.885166640365e-01, 1.310561353433e-06, 6.2941e+01, 1.7461e+00, 
 2DIAGNOSTIC,    24, -4.885164624479e-01, 1.261154113787e-06, 6.4935e+01, 1.9942e+00, 
 2DIAGNOSTIC,    25, -4.885164763986e-01, 1.214690831995e-06, 6.6718e+01, 1.7826e+00, 
 2DIAGNOSTIC,    26, -4.885163917409e-01, 1.173597420717e-06, 6.8608e+01, 1.8906e+00, 
 2DIAGNOSTIC,    27, -4.885164311118e-01, 1.136779629825e-06, 7.0528e+01, 1.9201e+00, 
 2DIAGNOSTIC,    28, -4.885164706207e-01, 1.103069847290e-06, 7.2616e+01, 2.0879e+00, 
 2DIAGNOSTIC,    29, -4.885162711326e-01, 1.069046798717e-06, 7.4571e+01, 1.9550e+00, 
 2DIAGNOSTIC,    30, -4.885161863364e-01, 1.036770551723e-06, 7.6623e+01, 2.0518e+00, 
 2DIAGNOSTIC,    31, -4.885161014517e-01, 1.003751078345e-06, 7.8736e+01, 2.1134e+00, 
  Elapsed time (stage 0): 7.9882e+01


Total elapsed time: 7.9884e+01
Info [verificarlo]: loaded backend libinterflop_ieee.so
Info [interflop-ieee]: load backend with:
Info [interflop-ieee]: debug = false
Info [interflop-ieee]: debug-binary = false
Info [interflop-ieee]: no-backend-name = false
Info [interflop-ieee]: print-new-line = false
Info [interflop-ieee]: print-subnormal-normalized = false
Info [interflop-ieee]: count-op = false
All_Command_lines_OK
Using double precision for computations.
=============================================================================
The composite transform comprises the following transforms (in order): 
  1. /home/mdugre/scratch/mri-registration-rp/datasets/ds004513/derivatives/mri-registration-rp/0100/antsRegistration-r7-p18/sub-s003/affine_Composite.h5[0] (type = Euler3DTransform)
  2. /home/mdugre/scratch/mri-registration-rp/datasets/ds004513/derivatives/mri-registration-rp/0100/antsRegistration-r7-p18/sub-s003/affine_Composite.h5[1] (type = Euler3DTransform)
  3. /home/mdugre/scratch/mri-registration-rp/datasets/ds004513/derivatives/mri-registration-rp/0100/antsRegistration-r7-p18/sub-s003/affine_Composite.h5[2] (type = Euler3DTransform)
  4. /home/mdugre/scratch/mri-registration-rp/datasets/ds004513/derivatives/mri-registration-rp/0100/antsRegistration-r7-p18/sub-s003/affine_Composite.h5[3] (type = AffineTransform)
=============================================================================
  number of levels = 4
  fixed image: /templateflow/tpl-MNI152NLin2009cAsym/tpl-MNI152NLin2009cAsym_res-01_desc-brain_T1w.nii.gz
  moving image: /home/mdugre/scratch/mri-registration-rp/datasets/ds004513/derivatives/mri-registration-rp/antsBrainExtraction/sub-s003/BrainExtractionBrain.nii.gz
Dimension = 3
Number of stages = 1
Use histogram matching = false
Winsorize image intensities = true
  Lower quantile = 0.005
  Upper quantile = 0.995


Stage 1 State
   Image metric = CC
     Fixed image = Image (0x4282a40)
  RTTI typeinfo:   itk::Image<double, 3u>
  Reference Count: 2
  Modified Time: 1608
  Debug: Off
  Object Name: 
  Observers: 
    none
  Source: (none)
  Source output name: (none)
  Release Data: Off
  Data Released: False
  Global Release Data: Off
  PipelineMTime: 0
  UpdateMTime: 1217
  RealTimeStamp: 0 seconds 
  LargestPossibleRegion: 
    Dimension: 3
    Index: [0, 0, 0]
    Size: [193, 229, 193]
  BufferedRegion: 
    Dimension: 3
    Index: [0, 0, 0]
    Size: [193, 229, 193]
  RequestedRegion: 
    Dimension: 3
    Index: [0, 0, 0]
    Size: [193, 229, 193]
  Spacing: [1, 1, 1]
  Origin: [96, 132, -78]
  Direction: 
-1 0 0
0 -1 0
0 0 1

  IndexToPointMatrix: 
-1 0 0
0 -1 0
0 0 1

  PointToIndexMatrix: 
-1 0 0
0 -1 0
0 0 1

  Inverse Direction: 
-1 0 0
0 -1 0
0 0 1

  PixelContainer: 
    ImportImageContainer (0x4351780)
      RTTI typeinfo:   itk::ImportImageContainer<unsigned long, double>
      Reference Count: 1
      Modified Time: 1214
      Debug: Off
      Object Name: 
      Observers: 
        none
      Pointer: 0x14ae7494a010
      Container manages memory: true
      Size: 8530021
      Capacity: 8530021

     Moving image = Image (0x43533b0)
  RTTI typeinfo:   itk::Image<double, 3u>
  Reference Count: 2
  Modified Time: 1609
  Debug: Off
  Object Name: 
  Observers: 
    none
  Source: (none)
  Source output name: (none)
  Release Data: Off
  Data Released: False
  Global Release Data: Off
  PipelineMTime: 0
  UpdateMTime: 1606
  RealTimeStamp: 0 seconds 
  LargestPossibleRegion: 
    Dimension: 3
    Index: [0, 0, 0]
    Size: [176, 240, 256]
  BufferedRegion: 
    Dimension: 3
    Index: [0, 0, 0]
    Size: [176, 240, 256]
  RequestedRegion: 
    Dimension: 3
    Index: [0, 0, 0]
    Size: [176, 240, 256]
  Spacing: [0.999999, 1, 1]
  Origin: [93.3499, 86.9368, -128.957]
  Direction: 
-0.999513 -0.0279216 -0.0139567
0.0279189 -0.99961 0.000389866
-0.0139622 2.01492e-08 0.999903

  IndexToPointMatrix: 
-0.999512 -0.0279216 -0.0139567
0.0279189 -0.99961 0.000389866
-0.0139621 2.01492e-08 0.999903

  PointToIndexMatrix: 
-0.999514 0.0279189 -0.0139622
-0.0279216 -0.99961 2.01716e-08
-0.0139567 0.000389866 0.999903

  Inverse Direction: 
-0.999513 0.0279189 -0.0139622
-0.0279216 -0.99961 2.01716e-08
-0.0139567 0.000389866 0.999903

  PixelContainer: 
    ImportImageContainer (0x4310790)
      RTTI typeinfo:   itk::ImportImageContainer<unsigned long, double>
      Reference Count: 1
      Modified Time: 1603
      Debug: Off
      Object Name: 
      Observers: 
        none
      Pointer: 0x14ae6f6c9010
      Container manages memory: true
      Size: 10813440
      Capacity: 10813440

     Weighting = 1
     Sampling strategy = none
     Number of bins = 32
     Radius = 4
     Sampling percentage  = 1
   Transform = SyN
     Gradient step = 0.1
     Update field sigma (voxel space) = 3
     Total field sigma (voxel space) = 0
     Update field time sigma = 0
     Total field time sigma  = 0
     Number of time indices = 0
     Number of time point samples = 0
Registration using 1 total stages.

Stage 0
  iterations = 100x70x50x20
  convergence threshold = 1e-06
  convergence window size = 10
  number of levels = 4
  using the CC metric (radius = 4, weight = 1, use gradient filter = 0)
  preprocessing:  winsorizing the image intensities
  Shrink factors (level 1 out of 4): [8, 8, 8]
  Shrink factors (level 2 out of 4): [4, 4, 4]
  Shrink factors (level 3 out of 4): [2, 2, 2]
  Shrink factors (level 4 out of 4): [1, 1, 1]
  smoothing sigmas per level: [3, 2, 1, 0]
  Using default NONE metricSamplingStrategy 

*** Running SyN registration (varianceForUpdateField = 3, varianceForTotalField = 0) ***

XXDIAGNOSTIC,Iteration,metricValue,convergenceValue,ITERATION_TIME_INDEX,SINCE_LAST
 1DIAGNOSTIC,     1, -8.453527001167e-01, 1.797693134862e+308, 1.2033e+00, 1.2033e+00, 
 1DIAGNOSTIC,     2, -8.591906226131e-01, 1.797693134862e+308, 1.5642e+00, 3.6094e-01, 
 1DIAGNOSTIC,     3, -8.717618547967e-01, 1.797693134862e+308, 1.9046e+00, 3.4037e-01, 
 1DIAGNOSTIC,     4, -8.818874246910e-01, 1.797693134862e+308, 2.2559e+00, 3.5131e-01, 
 1DIAGNOSTIC,     5, -8.906937559639e-01, 1.797693134862e+308, 2.5888e+00, 3.3288e-01, 
 1DIAGNOSTIC,     6, -8.976267917743e-01, 1.797693134862e+308, 2.9289e+00, 3.4009e-01, 
 1DIAGNOSTIC,     7, -9.035570028770e-01, 1.797693134862e+308, 3.2655e+00, 3.3664e-01, 
 1DIAGNOSTIC,     8, -9.084033387111e-01, 1.797693134862e+308, 3.5936e+00, 3.2803e-01, 
 1DIAGNOSTIC,     9, -9.121056431963e-01, 1.797693134862e+308, 3.9213e+00, 3.2775e-01, 
 1DIAGNOSTIC,    10, -9.151798393213e-01, 4.898227564225e-03, 4.2574e+00, 3.3611e-01, 
 1DIAGNOSTIC,    11, -9.177638197392e-01, 3.683775589579e-03, 4.6044e+00, 3.4696e-01, 
 1DIAGNOSTIC,    12, -9.199678051930e-01, 2.766989720632e-03, 4.9501e+00, 3.4566e-01, 
 1DIAGNOSTIC,    13, -9.218662242646e-01, 2.094734262896e-03, 5.2876e+00, 3.3756e-01, 
 1DIAGNOSTIC,    14, -9.234995337582e-01, 1.593792079104e-03, 5.6574e+00, 3.6982e-01, 
 1DIAGNOSTIC,    15, -9.249464526637e-01, 1.229904769050e-03, 6.0023e+00, 3.4483e-01, 
 1DIAGNOSTIC,    16, -9.262270704730e-01, 9.600521690694e-04, 6.3734e+00, 3.7112e-01, 
 1DIAGNOSTIC,    17, -9.273738939879e-01, 7.640468502170e-04, 6.7265e+00, 3.5314e-01, 
 1DIAGNOSTIC,    18, -9.284095984047e-01, 6.215848332076e-04, 7.0705e+00, 3.4397e-01, 
 1DIAGNOSTIC,    19, -9.293475202588e-01, 5.128465004880e-04, 7.4321e+00, 3.6157e-01, 
 1DIAGNOSTIC,    20, -9.302050966203e-01, 4.286725501438e-04, 7.8335e+00, 4.0141e-01, 
 1DIAGNOSTIC,    21, -9.309426698917e-01, 3.618619976016e-04, 8.1885e+00, 3.5503e-01, 
 1DIAGNOSTIC,    22, -9.316712935511e-01, 3.088438186899e-04, 8.5552e+00, 3.6671e-01, 
 1DIAGNOSTIC,    23, -9.323460838638e-01, 2.663209793269e-04, 8.9415e+00, 3.8633e-01, 
 1DIAGNOSTIC,    24, -9.329729029344e-01, 2.316181499886e-04, 9.2912e+00, 3.4967e-01, 
 1DIAGNOSTIC,    25, -9.335569882278e-01, 2.031624714283e-04, 9.6459e+00, 3.5467e-01, 
 1DIAGNOSTIC,    26, -9.341021436047e-01, 1.795801032521e-04, 1.0057e+01, 4.1118e-01, 
 1DIAGNOSTIC,    27, -9.346118619746e-01, 1.598512170988e-04, 1.0480e+01, 4.2283e-01, 
 1DIAGNOSTIC,    28, -9.350909128776e-01, 1.432085769462e-04, 1.0830e+01, 3.5035e-01, 
 1DIAGNOSTIC,    29, -9.355420188918e-01, 1.290181852675e-04, 1.1185e+01, 3.5457e-01, 
 1DIAGNOSTIC,    30, -9.359654977053e-01, 1.168118105129e-04, 1.1526e+01, 3.4097e-01, 
 1DIAGNOSTIC,    31, -9.363617963988e-01, 1.056577054587e-04, 1.1859e+01, 3.3360e-01, 
 1DIAGNOSTIC,    32, -9.367356972420e-01, 9.585456706930e-05, 1.2191e+01, 3.3155e-01, 
 1DIAGNOSTIC,    33, -9.370877003446e-01, 8.718419052514e-05, 1.2530e+01, 3.3928e-01, 
 1DIAGNOSTIC,    34, -9.374203597750e-01, 7.948047903272e-05, 1.2880e+01, 3.4973e-01, 
 1DIAGNOSTIC,    35, -9.377336770073e-01, 7.260051065074e-05, 1.3227e+01, 3.4723e-01, 
 1DIAGNOSTIC,    36, -9.379615003457e-01, 6.584668144423e-05, 1.3563e+01, 3.3627e-01, 
 1DIAGNOSTIC,    37, -9.382416484001e-01, 5.981764535616e-05, 1.3918e+01, 3.5493e-01, 
 1DIAGNOSTIC,    38, -9.385067565246e-01, 5.446631547127e-05, 1.4258e+01, 3.3927e-01, 
 1DIAGNOSTIC,    39, -9.387572333502e-01, 4.976156764252e-05, 1.4594e+01, 3.3594e-01, 
 1DIAGNOSTIC,    40, -9.389940189271e-01, 4.566334272411e-05, 1.4920e+01, 3.2638e-01, 
 1DIAGNOSTIC,    41, -9.392174650333e-01, 4.210191264215e-05, 1.5292e+01, 3.7169e-01, 
 1DIAGNOSTIC,    42, -9.394285000985e-01, 3.901118849119e-05, 1.5627e+01, 3.3554e-01, 
 1DIAGNOSTIC,    43, -9.396287630928e-01, 3.631427849035e-05, 1.5975e+01, 3.4739e-01, 
 1DIAGNOSTIC,    44, -9.398182476986e-01, 3.394720396234e-05, 1.6320e+01, 3.4575e-01, 
 1DIAGNOSTIC,    45, -9.399979855011e-01, 3.185615312363e-05, 1.6666e+01, 3.4607e-01, 
 1DIAGNOSTIC,    46, -9.401683376484e-01, 2.950387482006e-05, 1.7003e+01, 3.3708e-01, 
 1DIAGNOSTIC,    47, -9.403295260185e-01, 2.734950108099e-05, 1.7351e+01, 3.4708e-01, 
 1DIAGNOSTIC,    48, -9.404818291531e-01, 2.537423467200e-05, 1.7723e+01, 3.7258e-01, 
 1DIAGNOSTIC,    49, -9.406263671036e-01, 2.356189756858e-05, 1.8096e+01, 3.7281e-01, 
 1DIAGNOSTIC,    50, -9.407637287709e-01, 2.189915759976e-05, 1.8445e+01, 3.4904e-01, 
 1DIAGNOSTIC,    51, -9.408944476145e-01, 2.037169213875e-05, 1.8794e+01, 3.4894e-01, 
 1DIAGNOSTIC,    52, -9.410185493136e-01, 1.896515241651e-05, 1.9143e+01, 3.4893e-01, 
 1DIAGNOSTIC,    53, -9.411361563066e-01, 1.767075067053e-05, 1.9491e+01, 3.4793e-01, 
 1DIAGNOSTIC,    54, -9.412480286604e-01, 1.647883388087e-05, 1.9839e+01, 3.4846e-01, 
 1DIAGNOSTIC,    55, -9.413543971722e-01, 1.538211656404e-05, 2.0173e+01, 3.3377e-01, 
 1DIAGNOSTIC,    56, -9.414556987583e-01, 1.437333957477e-05, 2.0520e+01, 3.4703e-01, 
 1DIAGNOSTIC,    57, -9.415531881434e-01, 1.344915224021e-05, 2.0862e+01, 3.4232e-01, 
 1DIAGNOSTIC,    58, -9.416476331359e-01, 1.260703451716e-05, 2.1209e+01, 3.4621e-01, 
 1DIAGNOSTIC,    59, -9.417378690005e-01, 1.183950199708e-05, 2.1559e+01, 3.5074e-01, 
 1DIAGNOSTIC,    60, -9.418241019369e-01, 1.113946045864e-05, 2.1929e+01, 3.6992e-01, 
 1DIAGNOSTIC,    61, -9.419061958499e-01, 1.049825017091e-05, 2.2276e+01, 3.4714e-01, 
 1DIAGNOSTIC,    62, -9.419852496190e-01, 9.909767569392e-06, 2.2615e+01, 3.3854e-01, 
 1DIAGNOSTIC,    63, -9.420608107725e-01, 9.363375638959e-06, 2.2977e+01, 3.6235e-01, 
 1DIAGNOSTIC,    64, -9.421333092362e-01, 8.852855676367e-06, 2.3345e+01, 3.6780e-01, 
 1DIAGNOSTIC,    65, -9.422038818882e-01, 8.377105889697e-06, 2.3694e+01, 3.4849e-01, 
 1DIAGNOSTIC,    66, -9.422715666733e-01, 7.930457862775e-06, 2.4047e+01, 3.5301e-01, 
 1DIAGNOSTIC,    67, -9.423365740237e-01, 7.512874692011e-06, 2.4392e+01, 3.4518e-01, 
 1DIAGNOSTIC,    68, -9.423985279352e-01, 7.124748699600e-06, 2.4728e+01, 3.3627e-01, 
 1DIAGNOSTIC,    69, -9.424479779571e-01, 6.717769829282e-06, 2.5068e+01, 3.3983e-01, 
 1DIAGNOSTIC,    70, -9.425043862160e-01, 6.336364060755e-06, 2.5425e+01, 3.5720e-01, 
 1DIAGNOSTIC,    71, -9.425584178946e-01, 5.977334947902e-06, 2.5761e+01, 3.3595e-01, 
 1DIAGNOSTIC,    72, -9.426104535321e-01, 5.644471466504e-06, 2.6104e+01, 3.4323e-01, 
 1DIAGNOSTIC,    73, -9.426607334069e-01, 5.339838257526e-06, 2.6453e+01, 3.4846e-01, 
 1DIAGNOSTIC,    74, -9.426858829109e-01, 4.968410087233e-06, 2.6800e+01, 3.4737e-01, 
 1DIAGNOSTIC,    75, -9.427322483664e-01, 4.642683052978e-06, 2.7178e+01, 3.7839e-01, 
 1DIAGNOSTIC,    76, -9.427767582806e-01, 4.362395296706e-06, 2.7524e+01, 3.4588e-01, 
 1DIAGNOSTIC,    77, -9.428195049966e-01, 4.129228424118e-06, 2.7866e+01, 3.4137e-01, 
 1DIAGNOSTIC,    78, -9.428604147032e-01, 3.942743305950e-06, 2.8222e+01, 3.5667e-01, 
 1DIAGNOSTIC,    79, -9.428996455899e-01, 3.759540324800e-06, 2.8581e+01, 3.5821e-01, 
 1DIAGNOSTIC,    80, -9.429375122096e-01, 3.612717328336e-06, 2.8919e+01, 3.3799e-01, 
 1DIAGNOSTIC,    81, -9.429736224430e-01, 3.493324785999e-06, 2.9263e+01, 3.4494e-01, 
 1DIAGNOSTIC,    82, -9.430085483518e-01, 3.396224198610e-06, 2.9640e+01, 3.7642e-01, 
 1DIAGNOSTIC,    83, -9.430421595241e-01, 3.318138743578e-06, 3.0016e+01, 3.7659e-01, 
 1DIAGNOSTIC,    84, -9.430742126376e-01, 3.162770072623e-06, 3.0359e+01, 3.4298e-01, 
 1DIAGNOSTIC,    85, -9.431051046270e-01, 3.016143174757e-06, 3.0694e+01, 3.3488e-01, 
 1DIAGNOSTIC,    86, -9.431347049130e-01, 2.877446561349e-06, 3.1040e+01, 3.4616e-01, 
 1DIAGNOSTIC,    87, -9.431627479663e-01, 2.744887476831e-06, 3.1394e+01, 3.5335e-01, 
 1DIAGNOSTIC,    88, -9.431897202694e-01, 2.617924899294e-06, 3.1814e+01, 4.2058e-01, 
 1DIAGNOSTIC,    89, -9.432153502346e-01, 2.495337082726e-06, 3.2238e+01, 4.2397e-01, 
 1DIAGNOSTIC,    90, -9.432395037018e-01, 2.376491595724e-06, 3.2637e+01, 3.9836e-01, 
 1DIAGNOSTIC,    91, -9.432573840553e-01, 2.243277845065e-06, 3.2982e+01, 3.4515e-01, 
 1DIAGNOSTIC,    92, -9.432796607736e-01, 2.117717092560e-06, 3.3335e+01, 3.5328e-01, 
 1DIAGNOSTIC,    93, -9.433008295067e-01, 2.000777140890e-06, 3.3680e+01, 3.4448e-01, 
 1DIAGNOSTIC,    94, -9.433202172293e-01, 1.890472712941e-06, 3.4030e+01, 3.5001e-01, 
 1DIAGNOSTIC,    95, -9.433387764492e-01, 1.789332026136e-06, 3.4375e+01, 3.4564e-01, 
 1DIAGNOSTIC,    96, -9.433566540504e-01, 1.698931390208e-06, 3.4735e+01, 3.5940e-01, 
 1DIAGNOSTIC,    97, -9.433735713083e-01, 1.617724073883e-06, 3.5074e+01, 3.3963e-01, 
 1DIAGNOSTIC,    98, -9.433893226471e-01, 1.544418273051e-06, 3.5437e+01, 3.6252e-01, 
 1DIAGNOSTIC,    99, -9.434043756095e-01, 1.478246120585e-06, 3.5781e+01, 3.4412e-01, 
 1DIAGNOSTIC,   100, -9.434188223434e-01, 1.418229094611e-06, 3.6127e+01, 3.4644e-01, 
XXDIAGNOSTIC,Iteration,metricValue,convergenceValue,ITERATION_TIME_INDEX,SINCE_LAST
 1DIAGNOSTIC,     1, -8.554148819031e-01, 1.797693134862e+308, 3.9630e+01, 3.5024e+00, 
 1DIAGNOSTIC,     2, -8.585791556987e-01, 1.797693134862e+308, 4.2225e+01, 2.5955e+00, 
 1DIAGNOSTIC,     3, -8.628501675364e-01, 1.797693134862e+308, 4.4679e+01, 2.4538e+00, 
 1DIAGNOSTIC,     4, -8.670557021333e-01, 1.797693134862e+308, 4.7229e+01, 2.5498e+00, 
 1DIAGNOSTIC,     5, -8.707496406502e-01, 1.797693134862e+308, 4.9594e+01, 2.3655e+00, 
 1DIAGNOSTIC,     6, -8.740864765764e-01, 1.797693134862e+308, 5.1873e+01, 2.2785e+00, 
 1DIAGNOSTIC,     7, -8.767953112111e-01, 1.797693134862e+308, 5.4428e+01, 2.5550e+00, 
 1DIAGNOSTIC,     8, -8.791620867110e-01, 1.797693134862e+308, 5.7139e+01, 2.7114e+00, 
 1DIAGNOSTIC,     9, -8.813913709262e-01, 1.797693134862e+308, 5.9639e+01, 2.4992e+00, 
 1DIAGNOSTIC,    10, -8.832170447304e-01, 2.100894670452e-03, 6.2184e+01, 2.5455e+00, 
 1DIAGNOSTIC,    11, -8.848523795538e-01, 1.736035777290e-03, 6.4705e+01, 2.5214e+00, 
 1DIAGNOSTIC,    12, -8.865022965631e-01, 1.406111066484e-03, 6.6905e+01, 2.1996e+00, 
 1DIAGNOSTIC,    13, -8.878527558029e-01, 1.139544552645e-03, 6.9109e+01, 2.2040e+00, 
 1DIAGNOSTIC,    14, -8.888901331746e-01, 9.283768101689e-04, 7.1310e+01, 2.2012e+00, 
 1DIAGNOSTIC,    15, -8.898702582590e-01, 7.610807553329e-04, 7.3504e+01, 2.1936e+00, 
 1DIAGNOSTIC,    16, -8.907935502168e-01, 6.307284995825e-04, 7.5695e+01, 2.1907e+00, 
 1DIAGNOSTIC,    17, -8.916652459910e-01, 5.253243760913e-04, 7.7892e+01, 2.1975e+00, 
 1DIAGNOSTIC,    18, -8.925020992518e-01, 4.401866770638e-04, 8.0082e+01, 2.1896e+00, 
 1DIAGNOSTIC,    19, -8.933015980774e-01, 3.745142206757e-04, 8.2639e+01, 2.5573e+00, 
 1DIAGNOSTIC,    20, -8.940698048899e-01, 3.222957570178e-04, 8.5252e+01, 2.6134e+00, 
 1DIAGNOSTIC,    21, -8.947963171343e-01, 2.809942024993e-04, 8.7700e+01, 2.4475e+00, 
 1DIAGNOSTIC,    22, -8.954908980351e-01, 2.513270309887e-04, 9.0148e+01, 2.4480e+00, 
 1DIAGNOSTIC,    23, -8.961576470739e-01, 2.288503334910e-04, 9.2337e+01, 2.1894e+00, 
 1DIAGNOSTIC,    24, -8.968031531608e-01, 2.092465941425e-04, 9.4544e+01, 2.2064e+00, 
 1DIAGNOSTIC,    25, -8.974251633849e-01, 1.920730006896e-04, 9.7064e+01, 2.5201e+00, 
 1DIAGNOSTIC,    26, -8.980223677162e-01, 1.768692464718e-04, 9.9706e+01, 2.6422e+00, 
 1DIAGNOSTIC,    27, -8.985990504522e-01, 1.632922944911e-04, 1.0228e+02, 2.5699e+00, 
 1DIAGNOSTIC,    28, -8.991463042800e-01, 1.510888436329e-04, 1.0480e+02, 2.5201e+00, 
 1DIAGNOSTIC,    29, -8.996892408783e-01, 1.402539896224e-04, 1.0719e+02, 2.3951e+00, 
 1DIAGNOSTIC,    30, -9.002133780489e-01, 1.306417903588e-04, 1.0963e+02, 2.4398e+00, 
 1DIAGNOSTIC,    31, -9.007167318054e-01, 1.219554276531e-04, 1.1196e+02, 2.3334e+00, 
 1DIAGNOSTIC,    32, -9.012054889739e-01, 1.140688424743e-04, 1.1464e+02, 2.6722e+00, 
 1DIAGNOSTIC,    33, -9.016788158682e-01, 1.068731708330e-04, 1.1704e+02, 2.4028e+00, 
 1DIAGNOSTIC,    34, -9.021387599549e-01, 1.003326688997e-04, 1.1945e+02, 2.4144e+00, 
 1DIAGNOSTIC,    35, -9.025756773041e-01, 9.428663177953e-05, 1.2185e+02, 2.4006e+00, 
 1DIAGNOSTIC,    36, -9.030069631706e-01, 8.872890485105e-05, 1.2444e+02, 2.5870e+00, 
 1DIAGNOSTIC,    37, -9.034222198168e-01, 8.358402744181e-05, 1.2706e+02, 2.6140e+00, 
 1DIAGNOSTIC,    38, -9.038223140061e-01, 7.870160104637e-05, 1.2964e+02, 2.5852e+00, 
 1DIAGNOSTIC,    39, -9.042035363085e-01, 7.412839310215e-05, 1.3225e+02, 2.6131e+00, 
 1DIAGNOSTIC,    40, -9.045651266775e-01, 6.978066966048e-05, 1.3526e+02, 3.0036e+00, 
 1DIAGNOSTIC,    41, -9.049107750548e-01, 6.559384777028e-05, 1.3775e+02, 2.4883e+00, 
 1DIAGNOSTIC,    42, -9.052363835007e-01, 6.152924024813e-05, 1.4012e+02, 2.3760e+00, 
 1DIAGNOSTIC,    43, -9.055446653661e-01, 5.757554290394e-05, 1.4294e+02, 2.8144e+00, 
 1DIAGNOSTIC,    44, -9.058327650384e-01, 5.372659658879e-05, 1.4547e+02, 2.5339e+00, 
 1DIAGNOSTIC,    45, -9.061104485957e-01, 4.998113765286e-05, 1.4815e+02, 2.6780e+00, 
 1DIAGNOSTIC,    46, -9.063747665980e-01, 4.644426447400e-05, 1.5087e+02, 2.7188e+00, 
 1DIAGNOSTIC,    47, -9.066256758135e-01, 4.313788740423e-05, 1.5322e+02, 2.3536e+00, 
 1DIAGNOSTIC,    48, -9.068659911722e-01, 4.010074026561e-05, 1.5569e+02, 2.4745e+00, 
 1DIAGNOSTIC,    49, -9.070945224596e-01, 3.732327327933e-05, 1.5798e+02, 2.2807e+00, 
 1DIAGNOSTIC,    50, -9.073125304200e-01, 3.478585474825e-05, 1.6020e+02, 2.2213e+00, 
 1DIAGNOSTIC,    51, -9.075202319935e-01, 3.248324926398e-05, 1.6248e+02, 2.2846e+00, 
 1DIAGNOSTIC,    52, -9.077328598553e-01, 3.046606220988e-05, 1.6511e+02, 2.6319e+00, 
 1DIAGNOSTIC,    53, -9.079306195705e-01, 2.865801813995e-05, 1.6751e+02, 2.4004e+00, 
 1DIAGNOSTIC,    54, -9.081172162372e-01, 2.698349052218e-05, 1.6986e+02, 2.3443e+00, 
 1DIAGNOSTIC,    55, -9.083005522312e-01, 2.546824707210e-05, 1.7223e+02, 2.3768e+00, 
 1DIAGNOSTIC,    56, -9.084818019661e-01, 2.411360460056e-05, 1.7446e+02, 2.2232e+00, 
 1DIAGNOSTIC,    57, -9.086578671493e-01, 2.289237106787e-05, 1.7669e+02, 2.2349e+00, 
 1DIAGNOSTIC,    58, -9.088312242612e-01, 2.180300507415e-05, 1.7911e+02, 2.4170e+00, 
 1DIAGNOSTIC,    59, -9.089978025492e-01, 2.080778405803e-05, 1.8132e+02, 2.2094e+00, 
 1DIAGNOSTIC,    60, -9.091667937594e-01, 1.992026761193e-05, 1.8377e+02, 2.4538e+00, 
 1DIAGNOSTIC,    61, -9.093315837024e-01, 1.910792221068e-05, 1.8651e+02, 2.7377e+00, 
 1DIAGNOSTIC,    62, -9.094936310005e-01, 1.842647966202e-05, 1.8871e+02, 2.2037e+00, 
 1DIAGNOSTIC,    63, -9.096522882904e-01, 1.781529480381e-05, 1.9091e+02, 2.1969e+00, 
 1DIAGNOSTIC,    64, -9.098091424113e-01, 1.723757715189e-05, 1.9350e+02, 2.5909e+00, 
 1DIAGNOSTIC,    65, -9.099631922470e-01, 1.669025748143e-05, 1.9611e+02, 2.6037e+00, 
 1DIAGNOSTIC,    66, -9.101174152959e-01, 1.618995709715e-05, 1.9903e+02, 2.9268e+00, 
 1DIAGNOSTIC,    67, -9.102720411913e-01, 1.573563393262e-05, 2.0155e+02, 2.5176e+00, 
 1DIAGNOSTIC,    68, -9.104267797352e-01, 1.533412798522e-05, 2.0387e+02, 2.3147e+00, 
 1DIAGNOSTIC,    69, -9.105815541787e-01, 1.496777308933e-05, 2.0607e+02, 2.2006e+00, 
 1DIAGNOSTIC,    70, -9.107381744303e-01, 1.466831265114e-05, 2.0840e+02, 2.3336e+00, 
XXDIAGNOSTIC,Iteration,metricValue,convergenceValue,ITERATION_TIME_INDEX,SINCE_LAST
 1DIAGNOSTIC,     1, -8.527998885878e-01, 1.797693134862e+308, 2.2787e+02, 1.9474e+01, 
 1DIAGNOSTIC,     2, -8.557343299905e-01, 1.797693134862e+308, 2.4700e+02, 1.9126e+01, 
 1DIAGNOSTIC,     3, -8.587735541183e-01, 1.797693134862e+308, 2.6535e+02, 1.8349e+01, 
 1DIAGNOSTIC,     4, -8.616872556878e-01, 1.797693134862e+308, 2.8454e+02, 1.9191e+01, 
 1DIAGNOSTIC,     5, -8.643097744353e-01, 1.797693134862e+308, 3.0365e+02, 1.9107e+01, 
 1DIAGNOSTIC,     6, -8.665496039675e-01, 1.797693134862e+308, 3.2389e+02, 2.0241e+01, 
 1DIAGNOSTIC,     7, -8.685649667888e-01, 1.797693134862e+308, 3.4205e+02, 1.8168e+01, 
 1DIAGNOSTIC,     8, -8.703905772453e-01, 1.797693134862e+308, 3.5988e+02, 1.7828e+01, 
 1DIAGNOSTIC,     9, -8.720691955908e-01, 1.797693134862e+308, 3.7798e+02, 1.8101e+01, 
 1DIAGNOSTIC,    10, -8.735781178068e-01, 1.541392584004e-03, 3.9613e+02, 1.8149e+01, 
 1DIAGNOSTIC,    11, -8.747717324843e-01, 1.269758843483e-03, 4.1428e+02, 1.8142e+01, 
 1DIAGNOSTIC,    12, -8.760481082977e-01, 1.044080251542e-03, 4.3456e+02, 2.0286e+01, 
 1DIAGNOSTIC,    13, -8.770466125181e-01, 8.598172444751e-04, 4.5246e+02, 1.7899e+01, 
 1DIAGNOSTIC,    14, -8.781530959286e-01, 7.171600608151e-04, 4.7054e+02, 1.8075e+01, 
 1DIAGNOSTIC,    15, -8.790045490385e-01, 6.032774198269e-04, 4.8841e+02, 1.7877e+01, 
 1DIAGNOSTIC,    16, -8.798165660276e-01, 5.103472589991e-04, 5.0611e+02, 1.7702e+01, 
 1DIAGNOSTIC,    17, -8.806005403297e-01, 4.348626324472e-04, 5.2483e+02, 1.8712e+01, 
 1DIAGNOSTIC,    18, -8.813609897448e-01, 3.741385464295e-04, 5.4374e+02, 1.8916e+01, 
 1DIAGNOSTIC,    19, -8.820730370032e-01, 3.258697997582e-04, 5.6285e+02, 1.9109e+01, 
 1DIAGNOSTIC,    20, -8.827477256859e-01, 2.875949617330e-04, 5.8092e+02, 1.8067e+01, 
 1DIAGNOSTIC,    21, -8.833765940950e-01, 2.542660912484e-04, 6.0045e+02, 1.9532e+01, 
 1DIAGNOSTIC,    22, -8.839482588801e-01, 2.274861365121e-04, 6.1860e+02, 1.8151e+01, 
 1DIAGNOSTIC,    23, -8.844656988722e-01, 2.030246186166e-04, 6.3646e+02, 1.7860e+01, 
 1DIAGNOSTIC,    24, -8.849393078653e-01, 1.829153712802e-04, 6.5424e+02, 1.7779e+01, 
 1DIAGNOSTIC,    25, -8.853668335323e-01, 1.638134463539e-04, 6.7326e+02, 1.9024e+01, 
 1DIAGNOSTIC,    26, -8.857536071672e-01, 1.457093679649e-04, 6.9113e+02, 1.7870e+01, 
 1DIAGNOSTIC,    27, -8.861079782482e-01, 1.288775292258e-04, 7.1002e+02, 1.8881e+01, 
 1DIAGNOSTIC,    28, -8.864364936522e-01, 1.136937480029e-04, 7.2846e+02, 1.8442e+01, 
 1DIAGNOSTIC,    29, -8.867397810848e-01, 1.001602813658e-04, 7.4841e+02, 1.9956e+01, 
 1DIAGNOSTIC,    30, -8.870216458585e-01, 8.838704745155e-05, 7.6754e+02, 1.9122e+01, 
 1DIAGNOSTIC,    31, -8.872869452957e-01, 7.835593382983e-05, 7.8634e+02, 1.8802e+01, 
 1DIAGNOSTIC,    32, -8.875333474429e-01, 6.981712674151e-05, 8.0525e+02, 1.8910e+01, 
 1DIAGNOSTIC,    33, -8.877653533840e-01, 6.254142183062e-05, 8.2398e+02, 1.8729e+01, 
 1DIAGNOSTIC,    34, -8.879880187045e-01, 5.640501772515e-05, 8.4632e+02, 2.2344e+01, 
 1DIAGNOSTIC,    35, -8.882015361822e-01, 5.121070767675e-05, 8.6606e+02, 1.9735e+01, 
 1DIAGNOSTIC,    36, -8.884063476624e-01, 4.677843128351e-05, 8.8648e+02, 2.0429e+01, 
 1DIAGNOSTIC,    37, -8.886037122764e-01, 4.298665436178e-05, 9.0675e+02, 2.0264e+01, 
 1DIAGNOSTIC,    38, -8.887959066765e-01, 3.976384310005e-05, 9.2562e+02, 1.8871e+01, 
 1DIAGNOSTIC,    39, -8.889855130924e-01, 3.703551796633e-05, 9.4526e+02, 1.9645e+01, 
 1DIAGNOSTIC,    40, -8.891716767482e-01, 3.472615832615e-05, 9.6545e+02, 2.0189e+01, 
 1DIAGNOSTIC,    41, -8.893570106895e-01, 3.280195086284e-05, 9.8598e+02, 2.0524e+01, 
 1DIAGNOSTIC,    42, -8.895410056891e-01, 3.118348956264e-05, 1.0056e+03, 1.9587e+01, 
 1DIAGNOSTIC,    43, -8.897245713335e-01, 2.981791618483e-05, 1.0272e+03, 2.1615e+01, 
 1DIAGNOSTIC,    44, -8.899079875827e-01, 2.867933063170e-05, 1.0456e+03, 1.8384e+01, 
 1DIAGNOSTIC,    45, -8.900895954908e-01, 2.771812882796e-05, 1.0649e+03, 1.9337e+01, 
 1DIAGNOSTIC,    46, -8.902706922784e-01, 2.688959311934e-05, 1.0856e+03, 2.0712e+01, 
 1DIAGNOSTIC,    47, -8.904503523660e-01, 2.614574944128e-05, 1.1060e+03, 2.0384e+01, 
 1DIAGNOSTIC,    48, -8.906322119302e-01, 2.547740718013e-05, 1.1263e+03, 2.0344e+01, 
 1DIAGNOSTIC,    49, -8.908135985115e-01, 2.487098089666e-05, 1.1489e+03, 2.2525e+01, 
 1DIAGNOSTIC,    50, -8.909900540621e-01, 2.427681742409e-05, 1.1689e+03, 2.0020e+01, 
XXDIAGNOSTIC,Iteration,metricValue,convergenceValue,ITERATION_TIME_INDEX,SINCE_LAST
 1DIAGNOSTIC,     1, -8.494681859569e-01, 1.797693134862e+308, 1.3464e+03, 1.7750e+02, 
 1DIAGNOSTIC,     2, -8.503529484739e-01, 1.797693134862e+308, 1.5180e+03, 1.7165e+02, 
 1DIAGNOSTIC,     3, -8.516545765094e-01, 1.797693134862e+308, 1.6885e+03, 1.7045e+02, 
 1DIAGNOSTIC,     4, -8.529695452779e-01, 1.797693134862e+308, 1.8699e+03, 1.8141e+02, 
 1DIAGNOSTIC,     5, -8.545114403178e-01, 1.797693134862e+308, 2.0426e+03, 1.7269e+02, 
 1DIAGNOSTIC,     6, -8.559250846485e-01, 1.797693134862e+308, 2.2132e+03, 1.7061e+02, 
 1DIAGNOSTIC,     7, -8.572258532067e-01, 1.797693134862e+308, 2.3798e+03, 1.6662e+02, 
 1DIAGNOSTIC,     8, -8.583409122846e-01, 1.797693134862e+308, 2.5431e+03, 1.6333e+02, 
 1DIAGNOSTIC,     9, -8.593179731361e-01, 1.797693134862e+308, 2.7172e+03, 1.7410e+02, 
 1DIAGNOSTIC,    10, -8.601638276603e-01, 8.489270001891e-04, 2.8920e+03, 1.7476e+02, 
 1DIAGNOSTIC,    11, -8.610209627875e-01, 7.446577502132e-04, 3.0577e+03, 1.6565e+02, 
 1DIAGNOSTIC,    12, -8.617334913900e-01, 6.348213815154e-04, 3.2234e+03, 1.6579e+02, 
 1DIAGNOSTIC,    13, -8.623978788126e-01, 5.345850969020e-04, 3.3914e+03, 1.6797e+02, 
 1DIAGNOSTIC,    14, -8.630872383459e-01, 4.472830237756e-04, 3.5685e+03, 1.7704e+02, 
 1DIAGNOSTIC,    15, -8.636281114199e-01, 3.764834335717e-04, 3.7411e+03, 1.7265e+02, 
 1DIAGNOSTIC,    16, -8.641192160186e-01, 3.192009991600e-04, 3.9065e+03, 1.6538e+02, 
 1DIAGNOSTIC,    17, -8.645702929495e-01, 2.732330813455e-04, 4.0729e+03, 1.6643e+02, 
 1DIAGNOSTIC,    18, -8.649796241034e-01, 2.350369585366e-04, 4.2425e+03, 1.6963e+02, 
 1DIAGNOSTIC,    19, -8.653757688499e-01, 2.028996259111e-04, 4.4192e+03, 1.7668e+02, 
 1DIAGNOSTIC,    20, -8.657449602628e-01, 1.751035099197e-04, 4.5934e+03, 1.7421e+02, 
  Elapsed time (stage 0): 4594.74


Total elapsed time: 4594.74
