
##########################
# Experiment information #
##########################

EXPERIMENT_NAME: antsRegistration-r7-p14
VFC_BACKENDS: libinterflop_vprec.so --range-binary32=7 --precision-binary32=14 --range-binary64=7 --precision-binary64=14

SIF_IMG: /home/mdugre/projects/rrg-glatard/mdugre/containers/ants-vprec-no_metrics.simg

SUBJECT_ID: s014
INPUT_IMG: /home/mdugre/scratch/mri-registration-rp/datasets/ds004513/derivatives/mri-registration-rp/antsBrainExtraction/sub-s014/BrainExtractionBrain.nii.gz
OUTPUT_DIR: /home/mdugre/scratch/mri-registration-rp/datasets/ds004513/derivatives/mri-registration-rp/0100/antsRegistration-r7-p14/sub-s014

FIXED_IMG: /templateflow/tpl-MNI152NLin2009cAsym/tpl-MNI152NLin2009cAsym_res-01_desc-brain_T1w.nii.gz
DATA_DIR: /home/mdugre/scratch/mri-registration-rp/datasets/ds004513
TEMPLATEFLOW_DIR: /home/mdugre/projects/rrg-glatard/mdugre/templateflow
ITK_GLOBAL_DEFAULT_NUMBER_OF_THREADS: 16
##########################

Info [verificarlo]: loaded backend libinterflop_ieee.so
Info [interflop-ieee]: load backend with:
Info [interflop-ieee]: debug = false
Info [interflop-ieee]: debug-binary = false
Info [interflop-ieee]: no-backend-name = false
Info [interflop-ieee]: print-new-line = false
Info [interflop-ieee]: print-subnormal-normalized = false
Info [interflop-ieee]: count-op = false
All_Command_lines_OK
Using double precision for computations.
=============================================================================
The composite transform comprises the following transforms (in order): 
  1. Center of mass alignment using fixed image: /templateflow/tpl-MNI152NLin2009cAsym/tpl-MNI152NLin2009cAsym_res-01_desc-brain_T1w.nii.gz and moving image: /home/mdugre/scratch/mri-registration-rp/datasets/ds004513/derivatives/mri-registration-rp/antsBrainExtraction/sub-s014/BrainExtractionBrain.nii.gz (type = Euler3DTransform)
=============================================================================
  number of levels = 1
  fixed image: /templateflow/tpl-MNI152NLin2009cAsym/tpl-MNI152NLin2009cAsym_res-01_desc-brain_T1w.nii.gz
  moving image: /home/mdugre/scratch/mri-registration-rp/datasets/ds004513/derivatives/mri-registration-rp/antsBrainExtraction/sub-s014/BrainExtractionBrain.nii.gz
Dimension = 3
Number of stages = 1
Use histogram matching = false
Winsorize image intensities = true
  Lower quantile = 0.005
  Upper quantile = 0.995


Stage 1 State
   Image metric = MattesMI
     Fixed image = Image (0x4852e70)
  RTTI typeinfo:   itk::Image<double, 3u>
  Reference Count: 2
  Modified Time: 2334
  Debug: Off
  Object Name: 
  Observers: 
    none
  Source: (none)
  Source output name: (none)
  Release Data: Off
  Data Released: False
  Global Release Data: Off
  PipelineMTime: 0
  UpdateMTime: 1943
  RealTimeStamp: 0 seconds 
  LargestPossibleRegion: 
    Dimension: 3
    Index: [0, 0, 0]
    Size: [193, 229, 193]
  BufferedRegion: 
    Dimension: 3
    Index: [0, 0, 0]
    Size: [193, 229, 193]
  RequestedRegion: 
    Dimension: 3
    Index: [0, 0, 0]
    Size: [193, 229, 193]
  Spacing: [1, 1, 1]
  Origin: [96, 132, -78]
  Direction: 
-1 0 0
0 -1 0
0 0 1

  IndexToPointMatrix: 
-1 0 0
0 -1 0
0 0 1

  PointToIndexMatrix: 
-1 0 0
0 -1 0
0 0 1

  Inverse Direction: 
-1 0 0
0 -1 0
0 0 1

  PixelContainer: 
    ImportImageContainer (0x485f140)
      RTTI typeinfo:   itk::ImportImageContainer<unsigned long, double>
      Reference Count: 1
      Modified Time: 1940
      Debug: Off
      Object Name: 
      Observers: 
        none
      Pointer: 0x151b76410010
      Container manages memory: true
      Size: 8530021
      Capacity: 8530021

     Moving image = Image (0x485c310)
  RTTI typeinfo:   itk::Image<double, 3u>
  Reference Count: 2
  Modified Time: 2335
  Debug: Off
  Object Name: 
  Observers: 
    none
  Source: (none)
  Source output name: (none)
  Release Data: Off
  Data Released: False
  Global Release Data: Off
  PipelineMTime: 0
  UpdateMTime: 2332
  RealTimeStamp: 0 seconds 
  LargestPossibleRegion: 
    Dimension: 3
    Index: [0, 0, 0]
    Size: [160, 240, 256]
  BufferedRegion: 
    Dimension: 3
    Index: [0, 0, 0]
    Size: [160, 240, 256]
  RequestedRegion: 
    Dimension: 3
    Index: [0, 0, 0]
    Size: [160, 240, 256]
  Spacing: [0.999999, 1, 1]
  Origin: [84.1637, 106.709, -120.531]
  Direction: 
-0.999619 -0.0226874 -0.0157033
0.0226846 -0.999743 0.00035635
-0.0157073 -7.8229e-09 0.999877

  IndexToPointMatrix: 
-0.999619 -0.0226874 -0.0157033
0.0226845 -0.999743 0.00035635
-0.0157073 -7.8229e-09 0.999877

  PointToIndexMatrix: 
-0.99962 0.0226846 -0.0157073
-0.0226874 -0.999743 -7.83127e-09
-0.0157033 0.00035635 0.999877

  Inverse Direction: 
-0.999619 0.0226846 -0.0157073
-0.0226874 -0.999743 -7.83127e-09
-0.0157033 0.00035635 0.999877

  PixelContainer: 
    ImportImageContainer (0x4987610)
      RTTI typeinfo:   itk::ImportImageContainer<unsigned long, double>
      Reference Count: 1
      Modified Time: 2329
      Debug: Off
      Object Name: 
      Observers: 
        none
      Pointer: 0x151b7190f010
      Container manages memory: true
      Size: 9830400
      Capacity: 9830400

     Weighting = 1
     Sampling strategy = regular
     Number of bins = 32
     Radius = 4
     Sampling percentage  = 0.25
   Transform = Rigid
     Gradient step = 0.1
     Update field sigma (voxel space) = 0
     Total field sigma (voxel space) = 0
     Update field time sigma = 0
     Total field time sigma  = 0
     Number of time indices = 0
     Number of time point samples = 0
Registration using 1 total stages.

Stage 0
  iterations = 0
  convergence threshold = 1e-06
  convergence window size = 10
  number of levels = 1
  using the Mattes MI metric (number of bins = 32, weight = 1, use gradient filter = 0)
  preprocessing:  winsorizing the image intensities
  Shrink factors (level 1 out of 1): [1, 1, 1]
  smoothing sigmas per level: [0]
  regular sampling (percentage = 0.25)

*** Running Euler3DTransform registration ***

  Elapsed time (stage 0): 1.09987


Total elapsed time: 1.10554
Info [verificarlo]: loaded backend libinterflop_vprec.so
Info [interflop-vprec]: load backend with: 
Info [interflop-vprec]: precision-binary32 = 14
Info [interflop-vprec]: range-binary32 = 7
Info [interflop-vprec]: precision-binary64 = 14
Info [interflop-vprec]: range-binary64 = 7
Info [interflop-vprec]: mode = ob
Info [interflop-vprec]: error-mode = rel
Info [interflop-vprec]: max-abs-error-exponent = -1022
Info [interflop-vprec]: daz = false
Info [interflop-vprec]: ftz = false
Info [interflop-vprec]: 	instrument = none
Info [interflop-vprec]: 	prec-input-file = (null)
Info [interflop-vprec]: 	prec-output-file = (null)
Info [interflop-vprec]: 	prec-log-file = (null)
All_Command_lines_OK
Using double precision for computations.
=============================================================================
The composite transform comprises the following transforms (in order): 
  1. /home/mdugre/scratch/mri-registration-rp/datasets/ds004513/derivatives/mri-registration-rp/0100/antsRegistration-r7-p14/sub-s014/align_Composite.h5[0] (type = Euler3DTransform)
  2. /home/mdugre/scratch/mri-registration-rp/datasets/ds004513/derivatives/mri-registration-rp/0100/antsRegistration-r7-p14/sub-s014/align_Composite.h5[1] (type = Euler3DTransform)
=============================================================================
  number of levels = 4
  fixed image: /templateflow/tpl-MNI152NLin2009cAsym/tpl-MNI152NLin2009cAsym_res-01_desc-brain_T1w.nii.gz
  moving image: /home/mdugre/scratch/mri-registration-rp/datasets/ds004513/derivatives/mri-registration-rp/antsBrainExtraction/sub-s014/BrainExtractionBrain.nii.gz
Dimension = 3
Number of stages = 1
Use histogram matching = false
Winsorize image intensities = true
  Lower quantile = 0.005
  Upper quantile = 0.995


Stage 1 State
   Image metric = MattesMI
     Fixed image = Image (0x34671e0)
  RTTI typeinfo:   itk::Image<double, 3u>
  Reference Count: 2
  Modified Time: 1578
  Debug: Off
  Object Name: 
  Observers: 
    none
  Source: (none)
  Source output name: (none)
  Release Data: Off
  Data Released: False
  Global Release Data: Off
  PipelineMTime: 0
  UpdateMTime: 1189
  RealTimeStamp: 0 seconds 
  LargestPossibleRegion: 
    Dimension: 3
    Index: [0, 0, 0]
    Size: [193, 229, 193]
  BufferedRegion: 
    Dimension: 3
    Index: [0, 0, 0]
    Size: [193, 229, 193]
  RequestedRegion: 
    Dimension: 3
    Index: [0, 0, 0]
    Size: [193, 229, 193]
  Spacing: [1, 1, 1]
  Origin: [96, 132, -78]
  Direction: 
-1 0 0
0 -1 0
0 0 1

  IndexToPointMatrix: 
-1 0 0
0 -1 0
0 0 1

  PointToIndexMatrix: 
-1 0 0
0 -1 0
0 0 1

  Inverse Direction: 
-1 0 0
0 -1 0
0 0 1

  PixelContainer: 
    ImportImageContainer (0x3526680)
      RTTI typeinfo:   itk::ImportImageContainer<unsigned long, double>
      Reference Count: 1
      Modified Time: 1186
      Debug: Off
      Object Name: 
      Observers: 
        none
      Pointer: 0x14673ae5c010
      Container manages memory: true
      Size: 8530021
      Capacity: 8530021

     Moving image = Image (0x3522b20)
  RTTI typeinfo:   itk::Image<double, 3u>
  Reference Count: 2
  Modified Time: 1579
  Debug: Off
  Object Name: 
  Observers: 
    none
  Source: (none)
  Source output name: (none)
  Release Data: Off
  Data Released: False
  Global Release Data: Off
  PipelineMTime: 0
  UpdateMTime: 1576
  RealTimeStamp: 0 seconds 
  LargestPossibleRegion: 
    Dimension: 3
    Index: [0, 0, 0]
    Size: [160, 240, 256]
  BufferedRegion: 
    Dimension: 3
    Index: [0, 0, 0]
    Size: [160, 240, 256]
  RequestedRegion: 
    Dimension: 3
    Index: [0, 0, 0]
    Size: [160, 240, 256]
  Spacing: [1, 1, 1]
  Origin: [84.1641, 106.707, -120.531]
  Direction: 
-0.999603 -0.022687 -0.0157032
0.0226841 -0.999756 0.000356346
-0.0157061 -7.45058e-09 0.999878

  IndexToPointMatrix: 
-0.999603 -0.022687 -0.0157032
0.0226841 -0.999756 0.000356346
-0.0157061 -7.45058e-09 0.999878

  PointToIndexMatrix: 
-0.999695 0.022686 -0.015708
-0.0226879 -0.999756 -1.49012e-08
-0.0157032 0.000356346 0.999878

  Inverse Direction: 
-0.999695 0.022686 -0.015708
-0.0226879 -0.999756 -1.49012e-08
-0.0157032 0.000356346 0.999878

  PixelContainer: 
    ImportImageContainer (0x358bd50)
      RTTI typeinfo:   itk::ImportImageContainer<unsigned long, double>
      Reference Count: 1
      Modified Time: 1573
      Debug: Off
      Object Name: 
      Observers: 
        none
      Pointer: 0x14673635b010
      Container manages memory: true
      Size: 9830400
      Capacity: 9830400

     Weighting = 1
     Sampling strategy = regular
     Number of bins = 32
     Radius = 4
     Sampling percentage  = 0.25
   Transform = Rigid
     Gradient step = 0.1
     Update field sigma (voxel space) = 0
     Total field sigma (voxel space) = 0
     Update field time sigma = 0
     Total field time sigma  = 0
     Number of time indices = 0
     Number of time point samples = 0
Registration using 1 total stages.

Stage 0
  iterations = 1000x500x250x100
  convergence threshold = 1e-06
  convergence window size = 10
  number of levels = 4
  using the Mattes MI metric (number of bins = 32, weight = 1, use gradient filter = 0)
  preprocessing:  winsorizing the image intensities
  Shrink factors (level 1 out of 4): [8, 8, 8]
  Shrink factors (level 2 out of 4): [4, 4, 4]
  Shrink factors (level 3 out of 4): [2, 2, 2]
  Shrink factors (level 4 out of 4): [1, 1, 1]
  smoothing sigmas per level: [3, 2, 1, 0]
  regular sampling (percentage = 0.25)

*** Running Euler3DTransform registration ***

DIAGNOSTIC,Iteration,metricValue,convergenceValue,ITERATION_TIME_INDEX,SINCE_LAST
 2DIAGNOSTIC,     1, -4.772034315769e-01, 1.797693134862e+308, 0.0000e+00, 0.0000e+00, 
 2DIAGNOSTIC,     2, -4.784324474794e-01, 1.797693134862e+308, 0.0000e+00, 0.0000e+00, 
 2DIAGNOSTIC,     3, -4.805608106080e-01, 1.797693134862e+308, 0.0000e+00, 0.0000e+00, 
 2DIAGNOSTIC,     4, -4.840872005288e-01, 1.797693134862e+308, 0.0000e+00, 0.0000e+00, 
 2DIAGNOSTIC,     5, -4.888351302773e-01, 1.797693134862e+308, 0.0000e+00, 0.0000e+00, 
 2DIAGNOSTIC,     6, -4.962225968749e-01, 1.797693134862e+308, 0.0000e+00, 0.0000e+00, 
 2DIAGNOSTIC,     7, -5.040231216853e-01, 1.797693134862e+308, 0.0000e+00, 0.0000e+00, 
 2DIAGNOSTIC,     8, -5.058744759932e-01, 1.797693134862e+308, 0.0000e+00, 0.0000e+00, 
 2DIAGNOSTIC,     9, -5.092380938806e-01, 1.797693134862e+308, 0.0000e+00, 0.0000e+00, 
 2DIAGNOSTIC,    10, -5.129777473417e-01, 5.240324989431e-03, 0.0000e+00, 0.0000e+00, 
 2DIAGNOSTIC,    11, -5.195974013958e-01, 5.022640943949e-03, 0.0000e+00, 0.0000e+00, 
 2DIAGNOSTIC,    12, -5.243359986481e-01, 4.665192165487e-03, 0.0000e+00, 0.0000e+00, 
 2DIAGNOSTIC,    13, -5.258717725197e-01, 4.105508163233e-03, 0.0000e+00, 0.0000e+00, 
 2DIAGNOSTIC,    14, -5.260797791085e-01, 3.413970910016e-03, 0.0000e+00, 0.0000e+00, 
 2DIAGNOSTIC,    15, -5.264927216485e-01, 2.698366291043e-03, 0.0000e+00, 0.0000e+00, 
 2DIAGNOSTIC,    16, -5.268181297940e-01, 2.090738677358e-03, 0.0000e+00, 0.0000e+00, 
 2DIAGNOSTIC,    17, -5.271971859253e-01, 1.633359666296e-03, 0.0000e+00, 0.0000e+00, 
 2DIAGNOSTIC,    18, -5.277184056539e-01, 1.152419648166e-03, 0.0000e+00, 0.0000e+00, 
 2DIAGNOSTIC,    19, -5.286607815261e-01, 7.450506337857e-04, 0.0000e+00, 0.0000e+00, 
 2DIAGNOSTIC,    20, -5.288358858368e-01, 4.163916919544e-04, 0.0000e+00, 0.0000e+00, 
 2DIAGNOSTIC,    21, -5.293643434502e-01, 2.680632997722e-04, 0.0000e+00, 0.0000e+00, 
 2DIAGNOSTIC,    22, -5.295756452171e-01, 2.327296843146e-04, 0.0000e+00, 0.0000e+00, 
 2DIAGNOSTIC,    23, -5.295540226106e-01, 2.153142365242e-04, 0.0000e+00, 0.0000e+00, 
 2DIAGNOSTIC,    24, -5.295735514272e-01, 1.844179697435e-04, 0.0000e+00, 0.0000e+00, 
 2DIAGNOSTIC,    25, -5.295716180439e-01, 1.479365999536e-04, 0.0000e+00, 0.0000e+00, 
 2DIAGNOSTIC,    26, -5.295578540278e-01, 1.071884689896e-04, 0.0000e+00, 0.0000e+00, 
 2DIAGNOSTIC,    27, -5.295473696474e-01, 6.698719610885e-05, 0.0000e+00, 0.0000e+00, 
 2DIAGNOSTIC,    28, -5.295479840281e-01, 3.347311745019e-05, 0.0000e+00, 0.0000e+00, 
 2DIAGNOSTIC,    29, -5.295352579284e-01, 1.700872129274e-05, 0.0000e+00, 0.0000e+00, 
 2DIAGNOSTIC,    30, -5.295436257852e-01, 3.291551312630e-06, 0.0000e+00, 0.0000e+00, 
DIAGNOSTIC,Iteration,metricValue,convergenceValue,ITERATION_TIME_INDEX,SINCE_LAST
 2DIAGNOSTIC,     1, -4.324819233574e-01, 1.797693134862e+308, 0.0000e+00, 0.0000e+00, 
 2DIAGNOSTIC,     2, -4.328616159412e-01, 1.797693134862e+308, 0.0000e+00, 0.0000e+00, 
 2DIAGNOSTIC,     3, -4.332402067862e-01, 1.797693134862e+308, 0.0000e+00, 0.0000e+00, 
 2DIAGNOSTIC,     4, -4.338040164755e-01, 1.797693134862e+308, 0.0000e+00, 0.0000e+00, 
 2DIAGNOSTIC,     5, -4.346451862611e-01, 1.797693134862e+308, 0.0000e+00, 0.0000e+00, 
 2DIAGNOSTIC,     6, -4.357107531148e-01, 1.797693134862e+308, 0.0000e+00, 0.0000e+00, 
 2DIAGNOSTIC,     7, -4.375577212510e-01, 1.797693134862e+308, 0.0000e+00, 0.0000e+00, 
 2DIAGNOSTIC,     8, -4.389923377289e-01, 1.797693134862e+308, 0.0000e+00, 0.0000e+00, 
 2DIAGNOSTIC,     9, -4.427662868366e-01, 1.797693134862e+308, 0.0000e+00, 0.0000e+00, 
 2DIAGNOSTIC,    10, -4.446197779878e-01, 1.744454704651e-03, 0.0000e+00, 0.0000e+00, 
 2DIAGNOSTIC,    11, -4.446828255986e-01, 1.797807487546e-03, 0.0000e+00, 0.0000e+00, 
 2DIAGNOSTIC,    12, -4.450176326937e-01, 1.722688786031e-03, 0.0000e+00, 0.0000e+00, 
 2DIAGNOSTIC,    13, -4.450475156876e-01, 1.523890095768e-03, 0.0000e+00, 0.0000e+00, 
 2DIAGNOSTIC,    14, -4.452783532671e-01, 1.250070949015e-03, 0.0000e+00, 0.0000e+00, 
 2DIAGNOSTIC,    15, -4.457062469240e-01, 9.527207532398e-04, 0.0000e+00, 0.0000e+00, 
 2DIAGNOSTIC,    16, -4.457300742198e-01, 6.502181362359e-04, 0.0000e+00, 0.0000e+00, 
 2DIAGNOSTIC,    17, -4.458993344347e-01, 4.020641142270e-04, 0.0000e+00, 0.0000e+00, 
 2DIAGNOSTIC,    18, -4.459468125072e-01, 1.949287028217e-04, 0.0000e+00, 0.0000e+00, 
 2DIAGNOSTIC,    19, -4.459572957875e-01, 1.186162430824e-04, 0.0000e+00, 0.0000e+00, 
 2DIAGNOSTIC,    20, -4.459610408489e-01, 9.890345741365e-05, 0.0000e+00, 0.0000e+00, 
 2DIAGNOSTIC,    21, -4.459579870737e-01, 7.363062816894e-05, 0.0000e+00, 0.0000e+00, 
 2DIAGNOSTIC,    22, -4.459575526909e-01, 5.389886901810e-05, 0.0000e+00, 0.0000e+00, 
 2DIAGNOSTIC,    23, -4.459572022345e-01, 3.173925926202e-05, 0.0000e+00, 0.0000e+00, 
 2DIAGNOSTIC,    24, -4.459572217286e-01, 1.451696950619e-05, 0.0000e+00, 0.0000e+00, 
 2DIAGNOSTIC,    25, -4.459572217286e-01, 8.492900651982e-06, 0.0000e+00, 0.0000e+00, 
 2DIAGNOSTIC,    26, -4.459572372493e-01, 2.736505621929e-06, 0.0000e+00, 0.0000e+00, 
 2DIAGNOSTIC,    27, -4.459587152342e-01, 1.293976731834e-06, 0.0000e+00, 0.0000e+00, 
 2DIAGNOSTIC,    28, -4.459581080681e-01, 1.003063063526e-06, 0.0000e+00, 0.0000e+00, 
DIAGNOSTIC,Iteration,metricValue,convergenceValue,ITERATION_TIME_INDEX,SINCE_LAST
 2DIAGNOSTIC,     1, -3.902257118149e-01, 1.797693134862e+308, 0.0000e+00, 0.0000e+00, 
 2DIAGNOSTIC,     2, -3.903386713623e-01, 1.797693134862e+308, 0.0000e+00, 0.0000e+00, 
 2DIAGNOSTIC,     3, -3.904967097114e-01, 1.797693134862e+308, 0.0000e+00, 0.0000e+00, 
 2DIAGNOSTIC,     4, -3.906825176162e-01, 1.797693134862e+308, 0.0000e+00, 0.0000e+00, 
 2DIAGNOSTIC,     5, -3.907284978550e-01, 1.797693134862e+308, 0.0000e+00, 0.0000e+00, 
 2DIAGNOSTIC,     6, -3.907307691659e-01, 1.797693134862e+308, 0.0000e+00, 0.0000e+00, 
 2DIAGNOSTIC,     7, -3.907329292684e-01, 1.797693134862e+308, 0.0000e+00, 0.0000e+00, 
 2DIAGNOSTIC,     8, -3.907860109062e-01, 1.797693134862e+308, 0.0000e+00, 0.0000e+00, 
 2DIAGNOSTIC,     9, -3.907958796339e-01, 1.797693134862e+308, 0.0000e+00, 0.0000e+00, 
 2DIAGNOSTIC,    10, -3.908367728894e-01, 9.294580505735e-05, 0.0000e+00, 0.0000e+00, 
 2DIAGNOSTIC,    11, -3.908790332341e-01, 6.509353161593e-05, 0.0000e+00, 0.0000e+00, 
 2DIAGNOSTIC,    12, -3.909992823953e-01, 5.028099819451e-05, 0.0000e+00, 0.0000e+00, 
 2DIAGNOSTIC,    13, -3.913510761081e-01, 6.150708607044e-05, 0.0000e+00, 0.0000e+00, 
 2DIAGNOSTIC,    14, -3.914302955770e-01, 7.900716728414e-05, 0.0000e+00, 0.0000e+00, 
 2DIAGNOSTIC,    15, -3.914296497084e-01, 8.953353989968e-05, 0.0000e+00, 0.0000e+00, 
 2DIAGNOSTIC,    16, -3.914139437171e-01, 9.037865978137e-05, 0.0000e+00, 0.0000e+00, 
 2DIAGNOSTIC,    17, -3.914021094211e-01, 8.245080027879e-05, 0.0000e+00, 0.0000e+00, 
 2DIAGNOSTIC,    18, -3.913739915096e-01, 6.872771603067e-05, 0.0000e+00, 0.0000e+00, 
 2DIAGNOSTIC,    19, -3.913881491625e-01, 5.111486539393e-05, 0.0000e+00, 0.0000e+00, 
 2DIAGNOSTIC,    20, -3.913859567628e-01, 3.223950132077e-05, 0.0000e+00, 0.0000e+00, 
 2DIAGNOSTIC,    21, -3.913798614841e-01, 1.362296021597e-05, 0.0000e+00, 0.0000e+00, 
DIAGNOSTIC,Iteration,metricValue,convergenceValue,ITERATION_TIME_INDEX,SINCE_LAST
 2DIAGNOSTIC,     1, -3.644247932647e-01, 1.797693134862e+308, 0.0000e+00, 0.0000e+00, 
 2DIAGNOSTIC,     2, -3.645127598113e-01, 1.797693134862e+308, 0.0000e+00, 0.0000e+00, 
 2DIAGNOSTIC,     3, -3.646149083332e-01, 1.797693134862e+308, 0.0000e+00, 0.0000e+00, 
 2DIAGNOSTIC,     4, -3.646572713853e-01, 1.797693134862e+308, 0.0000e+00, 0.0000e+00, 
 2DIAGNOSTIC,     5, -3.647549680273e-01, 1.797693134862e+308, 0.0000e+00, 0.0000e+00, 
 2DIAGNOSTIC,     6, -3.647828171462e-01, 1.797693134862e+308, 0.0000e+00, 0.0000e+00, 
 2DIAGNOSTIC,     7, -3.647936753389e-01, 1.797693134862e+308, 0.0000e+00, 0.0000e+00, 
 2DIAGNOSTIC,     8, -3.648188155213e-01, 1.797693134862e+308, 0.0000e+00, 0.0000e+00, 
 2DIAGNOSTIC,     9, -3.648526813853e-01, 1.797693134862e+308, 0.0000e+00, 0.0000e+00, 
 2DIAGNOSTIC,    10, -3.648817171412e-01, 7.813364839501e-05, 0.0000e+00, 0.0000e+00, 
 2DIAGNOSTIC,    11, -3.649328909551e-01, 6.087588184486e-05, 0.0000e+00, 0.0000e+00, 
 2DIAGNOSTIC,    12, -3.649378847662e-01, 4.719609747914e-05, 0.0000e+00, 0.0000e+00, 
 2DIAGNOSTIC,    13, -3.649350832558e-01, 3.758036528562e-05, 0.0000e+00, 0.0000e+00, 
 2DIAGNOSTIC,    14, -3.649359364609e-01, 2.841773786071e-05, 0.0000e+00, 0.0000e+00, 
 2DIAGNOSTIC,    15, -3.649365763556e-01, 2.312621991162e-05, 0.0000e+00, 0.0000e+00, 
 2DIAGNOSTIC,    16, -3.649363049683e-01, 1.787212220104e-05, 0.0000e+00, 0.0000e+00, 
 2DIAGNOSTIC,    17, -3.649365671361e-01, 1.226457449876e-05, 0.0000e+00, 0.0000e+00, 
 2DIAGNOSTIC,    18, -3.649369105588e-01, 7.418652321609e-06, 0.0000e+00, 0.0000e+00, 
 2DIAGNOSTIC,    19, -3.649371730337e-01, 3.938425464069e-06, 0.0000e+00, 0.0000e+00, 
 2DIAGNOSTIC,    20, -3.649356880741e-01, 1.598699208828e-06, 0.0000e+00, 0.0000e+00, 
 2DIAGNOSTIC,    21, -3.649356791585e-01, 1.362371250133e-06, 0.0000e+00, 0.0000e+00, 
 2DIAGNOSTIC,    22, -3.649347740665e-01, 1.297369613497e-06, 0.0000e+00, 0.0000e+00, 
 2DIAGNOSTIC,    23, -3.649347731104e-01, 1.144479701079e-06, 0.0000e+00, 0.0000e+00, 
 2DIAGNOSTIC,    24, -3.649346389404e-01, 1.038000703044e-06, 0.0000e+00, 0.0000e+00, 
  Elapsed time (stage 0): 0.0000e+00


Total elapsed time: 0.0000e+00
Info [verificarlo]: loaded backend libinterflop_ieee.so
Info [interflop-ieee]: load backend with:
Info [interflop-ieee]: debug = false
Info [interflop-ieee]: debug-binary = false
Info [interflop-ieee]: no-backend-name = false
Info [interflop-ieee]: print-new-line = false
Info [interflop-ieee]: print-subnormal-normalized = false
Info [interflop-ieee]: count-op = false
All_Command_lines_OK
Using double precision for computations.
=============================================================================
The composite transform comprises the following transforms (in order): 
  1. /home/mdugre/scratch/mri-registration-rp/datasets/ds004513/derivatives/mri-registration-rp/0100/antsRegistration-r7-p14/sub-s014/rigid_Composite.h5[0] (type = Euler3DTransform)
  2. /home/mdugre/scratch/mri-registration-rp/datasets/ds004513/derivatives/mri-registration-rp/0100/antsRegistration-r7-p14/sub-s014/rigid_Composite.h5[1] (type = Euler3DTransform)
  3. /home/mdugre/scratch/mri-registration-rp/datasets/ds004513/derivatives/mri-registration-rp/0100/antsRegistration-r7-p14/sub-s014/rigid_Composite.h5[2] (type = Euler3DTransform)
=============================================================================
  number of levels = 4
  fixed image: /templateflow/tpl-MNI152NLin2009cAsym/tpl-MNI152NLin2009cAsym_res-01_desc-brain_T1w.nii.gz
  moving image: /home/mdugre/scratch/mri-registration-rp/datasets/ds004513/derivatives/mri-registration-rp/antsBrainExtraction/sub-s014/BrainExtractionBrain.nii.gz
Dimension = 3
Number of stages = 1
Use histogram matching = false
Winsorize image intensities = true
  Lower quantile = 0.005
  Upper quantile = 0.995


Stage 1 State
   Image metric = MattesMI
     Fixed image = Image (0x49677e0)
  RTTI typeinfo:   itk::Image<double, 3u>
  Reference Count: 2
  Modified Time: 1594
  Debug: Off
  Object Name: 
  Observers: 
    none
  Source: (none)
  Source output name: (none)
  Release Data: Off
  Data Released: False
  Global Release Data: Off
  PipelineMTime: 0
  UpdateMTime: 1203
  RealTimeStamp: 0 seconds 
  LargestPossibleRegion: 
    Dimension: 3
    Index: [0, 0, 0]
    Size: [193, 229, 193]
  BufferedRegion: 
    Dimension: 3
    Index: [0, 0, 0]
    Size: [193, 229, 193]
  RequestedRegion: 
    Dimension: 3
    Index: [0, 0, 0]
    Size: [193, 229, 193]
  Spacing: [1, 1, 1]
  Origin: [96, 132, -78]
  Direction: 
-1 0 0
0 -1 0
0 0 1

  IndexToPointMatrix: 
-1 0 0
0 -1 0
0 0 1

  PointToIndexMatrix: 
-1 0 0
0 -1 0
0 0 1

  Inverse Direction: 
-1 0 0
0 -1 0
0 0 1

  PixelContainer: 
    ImportImageContainer (0x4a27a20)
      RTTI typeinfo:   itk::ImportImageContainer<unsigned long, double>
      Reference Count: 1
      Modified Time: 1200
      Debug: Off
      Object Name: 
      Observers: 
        none
      Pointer: 0x1464260e5010
      Container manages memory: true
      Size: 8530021
      Capacity: 8530021

     Moving image = Image (0x49dacf0)
  RTTI typeinfo:   itk::Image<double, 3u>
  Reference Count: 2
  Modified Time: 1595
  Debug: Off
  Object Name: 
  Observers: 
    none
  Source: (none)
  Source output name: (none)
  Release Data: Off
  Data Released: False
  Global Release Data: Off
  PipelineMTime: 0
  UpdateMTime: 1592
  RealTimeStamp: 0 seconds 
  LargestPossibleRegion: 
    Dimension: 3
    Index: [0, 0, 0]
    Size: [160, 240, 256]
  BufferedRegion: 
    Dimension: 3
    Index: [0, 0, 0]
    Size: [160, 240, 256]
  RequestedRegion: 
    Dimension: 3
    Index: [0, 0, 0]
    Size: [160, 240, 256]
  Spacing: [0.999999, 1, 1]
  Origin: [84.1637, 106.709, -120.531]
  Direction: 
-0.999619 -0.0226874 -0.0157033
0.0226846 -0.999743 0.00035635
-0.0157073 -7.8229e-09 0.999877

  IndexToPointMatrix: 
-0.999619 -0.0226874 -0.0157033
0.0226845 -0.999743 0.00035635
-0.0157073 -7.8229e-09 0.999877

  PointToIndexMatrix: 
-0.99962 0.0226846 -0.0157073
-0.0226874 -0.999743 -7.83127e-09
-0.0157033 0.00035635 0.999877

  Inverse Direction: 
-0.999619 0.0226846 -0.0157073
-0.0226874 -0.999743 -7.83127e-09
-0.0157033 0.00035635 0.999877

  PixelContainer: 
    ImportImageContainer (0x4a56550)
      RTTI typeinfo:   itk::ImportImageContainer<unsigned long, double>
      Reference Count: 1
      Modified Time: 1589
      Debug: Off
      Object Name: 
      Observers: 
        none
      Pointer: 0x1464215e4010
      Container manages memory: true
      Size: 9830400
      Capacity: 9830400

     Weighting = 1
     Sampling strategy = regular
     Number of bins = 32
     Radius = 4
     Sampling percentage  = 0.25
   Transform = Affine
     Gradient step = 0.1
     Update field sigma (voxel space) = 0
     Total field sigma (voxel space) = 0
     Update field time sigma = 0
     Total field time sigma  = 0
     Number of time indices = 0
     Number of time point samples = 0
Registration using 1 total stages.

Stage 0
  iterations = 1000x500x250x100
  convergence threshold = 1e-06
  convergence window size = 10
  number of levels = 4
  using the Mattes MI metric (number of bins = 32, weight = 1, use gradient filter = 0)
  preprocessing:  winsorizing the image intensities
  Shrink factors (level 1 out of 4): [8, 8, 8]
  Shrink factors (level 2 out of 4): [4, 4, 4]
  Shrink factors (level 3 out of 4): [2, 2, 2]
  Shrink factors (level 4 out of 4): [1, 1, 1]
  smoothing sigmas per level: [3, 2, 1, 0]
  regular sampling (percentage = 0.25)

*** Running AffineTransform registration ***

DIAGNOSTIC,Iteration,metricValue,convergenceValue,ITERATION_TIME_INDEX,SINCE_LAST
 2DIAGNOSTIC,     1, -5.275128239010e-01, 1.797693134862e+308, 7.3029e-01, 7.3029e-01, 
 2DIAGNOSTIC,     2, -5.295163890332e-01, 1.797693134862e+308, 7.3573e-01, 5.4328e-03, 
 2DIAGNOSTIC,     3, -5.330199247269e-01, 1.797693134862e+308, 7.4065e-01, 4.9260e-03, 
 2DIAGNOSTIC,     4, -5.395045170949e-01, 1.797693134862e+308, 7.4555e-01, 4.8940e-03, 
 2DIAGNOSTIC,     5, -5.542918916758e-01, 1.797693134862e+308, 7.5067e-01, 5.1250e-03, 
 2DIAGNOSTIC,     6, -5.905398227477e-01, 1.797693134862e+308, 7.5568e-01, 5.0042e-03, 
 2DIAGNOSTIC,     7, -6.219385201837e-01, 1.797693134862e+308, 7.6161e-01, 5.9381e-03, 
 2DIAGNOSTIC,     8, -7.075383146369e-01, 1.797693134862e+308, 7.6773e-01, 6.1200e-03, 
 2DIAGNOSTIC,     9, -7.448989270189e-01, 1.797693134862e+308, 7.7319e-01, 5.4560e-03, 
 2DIAGNOSTIC,    10, -7.747531746047e-01, 2.796268710635e-02, 7.8071e-01, 7.5240e-03, 
 2DIAGNOSTIC,    11, -7.792998241625e-01, 2.807889480705e-02, 7.8618e-01, 5.4650e-03, 
 2DIAGNOSTIC,    12, -7.883745421789e-01, 2.608548762078e-02, 7.9294e-01, 6.7649e-03, 
 2DIAGNOSTIC,    13, -7.950878956890e-01, 2.244530960588e-02, 7.9900e-01, 6.0530e-03, 
 2DIAGNOSTIC,    14, -7.989074126834e-01, 1.771310640668e-02, 8.0547e-01, 6.4750e-03, 
 2DIAGNOSTIC,    15, -7.990845494923e-01, 1.256261253457e-02, 8.1118e-01, 5.7061e-03, 
 2DIAGNOSTIC,    16, -7.996905938668e-01, 8.009497870446e-03, 8.1667e-01, 5.4951e-03, 
 2DIAGNOSTIC,    17, -8.003777664710e-01, 4.089784574831e-03, 8.2295e-01, 6.2740e-03, 
 2DIAGNOSTIC,    18, -8.010175680794e-01, 2.243142677896e-03, 8.2849e-01, 5.5430e-03, 
 2DIAGNOSTIC,    19, -8.022100374943e-01, 1.221837162143e-03, 8.3415e-01, 5.6589e-03, 
 2DIAGNOSTIC,    20, -8.047393872264e-01, 8.584456660495e-04, 8.4052e-01, 6.3748e-03, 
 2DIAGNOSTIC,    21, -8.069575572558e-01, 5.806261856377e-04, 8.4803e-01, 7.5042e-03, 
 2DIAGNOSTIC,    22, -8.081758192727e-01, 4.607188847419e-04, 8.5366e-01, 5.6329e-03, 
 2DIAGNOSTIC,    23, -8.093640210393e-01, 4.443642284692e-04, 8.5942e-01, 5.7640e-03, 
 2DIAGNOSTIC,    24, -8.180317833754e-01, 5.927514901908e-04, 8.6605e-01, 6.6261e-03, 
 2DIAGNOSTIC,    25, -8.385380536439e-01, 9.910398511569e-04, 8.7716e-01, 1.1107e-02, 
 2DIAGNOSTIC,    26, -8.390149652033e-01, 1.270248325711e-03, 8.8323e-01, 6.0699e-03, 
 2DIAGNOSTIC,    27, -8.392831535734e-01, 1.426065075016e-03, 8.8916e-01, 5.9290e-03, 
 2DIAGNOSTIC,    28, -8.399138301070e-01, 1.457164284811e-03, 8.9510e-01, 5.9450e-03, 
 2DIAGNOSTIC,    29, -8.401511723550e-01, 1.364400110764e-03, 9.0097e-01, 5.8680e-03, 
 2DIAGNOSTIC,    30, -8.401925964492e-01, 1.177789848912e-03, 9.0683e-01, 5.8610e-03, 
 2DIAGNOSTIC,    31, -8.403763035826e-01, 9.237368573183e-04, 9.1214e-01, 5.3060e-03, 
 2DIAGNOSTIC,    32, -8.407356283174e-01, 6.236495691358e-04, 9.1852e-01, 6.3810e-03, 
 2DIAGNOSTIC,    33, -8.408739113386e-01, 2.999836087682e-04, 9.2438e-01, 5.8680e-03, 
 2DIAGNOSTIC,    34, -8.408269984477e-01, 5.797536467242e-05, 9.2977e-01, 5.3849e-03, 
 2DIAGNOSTIC,    35, -8.410254098415e-01, 4.738095707278e-05, 9.3586e-01, 6.0940e-03, 
 2DIAGNOSTIC,    36, -8.412156070896e-01, 3.990478735142e-05, 9.4187e-01, 6.0070e-03, 
 2DIAGNOSTIC,    37, -8.412649524230e-01, 3.211496111578e-05, 9.4731e-01, 5.4371e-03, 
 2DIAGNOSTIC,    38, -8.413349563465e-01, 2.863189515837e-05, 9.5343e-01, 6.1259e-03, 
 2DIAGNOSTIC,    39, -8.412961530906e-01, 2.467164145436e-05, 9.5888e-01, 5.4491e-03, 
 2DIAGNOSTIC,    40, -8.413787308481e-01, 1.981216621230e-05, 9.6468e-01, 5.7950e-03, 
 2DIAGNOSTIC,    41, -8.417396389041e-01, 1.816506271242e-05, 9.7110e-01, 6.4259e-03, 
 2DIAGNOSTIC,    42, -8.420636171361e-01, 2.082030939137e-05, 9.7777e-01, 6.6628e-03, 
 2DIAGNOSTIC,    43, -8.418826084784e-01, 2.108796726378e-05, 9.8472e-01, 6.9520e-03, 
 2DIAGNOSTIC,    44, -8.418599363908e-01, 1.893175781900e-05, 9.9025e-01, 5.5270e-03, 
 2DIAGNOSTIC,    45, -8.417629823872e-01, 1.595011499868e-05, 9.9663e-01, 6.3870e-03, 
 2DIAGNOSTIC,    46, -8.418559409065e-01, 1.383036724332e-05, 1.0026e+00, 5.9540e-03, 
 2DIAGNOSTIC,    47, -8.418678971726e-01, 1.094379952359e-05, 1.0081e+00, 5.5039e-03, 
 2DIAGNOSTIC,    48, -8.420814042167e-01, 9.426786416435e-06, 1.0136e+00, 5.5418e-03, 
 2DIAGNOSTIC,    49, -8.425500466301e-01, 1.035877998053e-05, 1.0198e+00, 6.1409e-03, 
 2DIAGNOSTIC,    50, -8.423212095933e-01, 9.130564081885e-06, 1.0257e+00, 5.9462e-03, 
 2DIAGNOSTIC,    51, -8.423832827630e-01, 1.016543439073e-05, 1.0313e+00, 5.5950e-03, 
 2DIAGNOSTIC,    52, -8.423005230197e-01, 1.196007215043e-05, 1.0398e+00, 8.4660e-03, 
 2DIAGNOSTIC,    53, -8.424216899231e-01, 1.215690691326e-05, 1.0453e+00, 5.4739e-03, 
 2DIAGNOSTIC,    54, -8.425759755294e-01, 1.207244062312e-05, 1.0512e+00, 5.9299e-03, 
 2DIAGNOSTIC,    55, -8.424696203927e-01, 9.553104368731e-06, 1.0602e+00, 8.9960e-03, 
 2DIAGNOSTIC,    56, -8.424731564654e-01, 7.000306935845e-06, 1.0657e+00, 5.5518e-03, 
 2DIAGNOSTIC,    57, -8.424802348365e-01, 4.034098990538e-06, 1.0716e+00, 5.8420e-03, 
 2DIAGNOSTIC,    58, -8.424855255359e-01, 2.079946748359e-06, 1.0771e+00, 5.5511e-03, 
 2DIAGNOSTIC,    59, -8.424893860675e-01, 2.942857886851e-06, 1.0826e+00, 5.4839e-03, 
 2DIAGNOSTIC,    60, -8.424947922272e-01, 2.216987694162e-06, 1.0884e+00, 5.8148e-03, 
 2DIAGNOSTIC,    61, -8.425024895545e-01, 1.805414916116e-06, 1.0946e+00, 6.1810e-03, 
DIAGNOSTIC,Iteration,metricValue,convergenceValue,ITERATION_TIME_INDEX,SINCE_LAST
 2DIAGNOSTIC,     1, -6.881333584555e-01, 1.797693134862e+308, 1.8170e+00, 7.2243e-01, 
 2DIAGNOSTIC,     2, -6.888483719237e-01, 1.797693134862e+308, 1.8554e+00, 3.8417e-02, 
 2DIAGNOSTIC,     3, -6.894374228912e-01, 1.797693134862e+308, 1.8940e+00, 3.8552e-02, 
 2DIAGNOSTIC,     4, -6.898513318489e-01, 1.797693134862e+308, 1.9321e+00, 3.8099e-02, 
 2DIAGNOSTIC,     5, -6.907901870346e-01, 1.797693134862e+308, 1.9752e+00, 4.3062e-02, 
 2DIAGNOSTIC,     6, -6.929909086438e-01, 1.797693134862e+308, 2.0223e+00, 4.7151e-02, 
 2DIAGNOSTIC,     7, -6.933405169199e-01, 1.797693134862e+308, 2.0740e+00, 5.1652e-02, 
 2DIAGNOSTIC,     8, -6.933188666428e-01, 1.797693134862e+308, 2.1164e+00, 4.2414e-02, 
 2DIAGNOSTIC,     9, -6.933964146952e-01, 1.797693134862e+308, 2.1548e+00, 3.8418e-02, 
 2DIAGNOSTIC,    10, -6.934898633690e-01, 5.806569559636e-04, 2.1937e+00, 3.8874e-02, 
 2DIAGNOSTIC,    11, -6.935587361987e-01, 4.503992827790e-04, 2.2316e+00, 3.7915e-02, 
 2DIAGNOSTIC,    12, -6.936476412917e-01, 3.289644590580e-04, 2.2696e+00, 3.7973e-02, 
 2DIAGNOSTIC,    13, -6.937092282304e-01, 2.184325281890e-04, 2.3124e+00, 4.2812e-02, 
 2DIAGNOSTIC,    14, -6.936280049658e-01, 1.139989633310e-04, 2.4293e+00, 1.1692e-01, 
 2DIAGNOSTIC,    15, -6.936280028887e-01, 3.746744934799e-05, 2.4694e+00, 4.0076e-02, 
 2DIAGNOSTIC,    16, -6.936280055485e-01, 2.347687112153e-05, 2.5093e+00, 3.9963e-02, 
 2DIAGNOSTIC,    17, -6.936280100461e-01, 1.759489915053e-05, 2.5481e+00, 3.8803e-02, 
 2DIAGNOSTIC,    18, -6.936280176505e-01, 1.039828333722e-05, 2.5851e+00, 3.6962e-02, 
 2DIAGNOSTIC,    19, -6.936280305065e-01, 4.852542516233e-06, 2.6224e+00, 3.7345e-02, 
 2DIAGNOSTIC,    20, -6.936280522377e-01, 1.493656536601e-06, 2.6605e+00, 3.8052e-02, 
DIAGNOSTIC,Iteration,metricValue,convergenceValue,ITERATION_TIME_INDEX,SINCE_LAST
 2DIAGNOSTIC,     1, -5.886766783127e-01, 1.797693134862e+308, 3.8319e+00, 1.1714e+00, 
 2DIAGNOSTIC,     2, -5.892928661776e-01, 1.797693134862e+308, 4.1611e+00, 3.2922e-01, 
 2DIAGNOSTIC,     3, -5.900031258619e-01, 1.797693134862e+308, 4.4986e+00, 3.3748e-01, 
 2DIAGNOSTIC,     4, -5.907819978720e-01, 1.797693134862e+308, 4.8708e+00, 3.7216e-01, 
 2DIAGNOSTIC,     5, -5.918430038086e-01, 1.797693134862e+308, 5.2221e+00, 3.5136e-01, 
 2DIAGNOSTIC,     6, -5.937714112520e-01, 1.797693134862e+308, 5.7881e+00, 5.6595e-01, 
 2DIAGNOSTIC,     7, -5.937835635899e-01, 1.797693134862e+308, 6.2332e+00, 4.4506e-01, 
 2DIAGNOSTIC,     8, -5.937816199508e-01, 1.797693134862e+308, 6.8891e+00, 6.5597e-01, 
 2DIAGNOSTIC,     9, -5.937821300338e-01, 1.797693134862e+308, 7.3423e+00, 4.5318e-01, 
 2DIAGNOSTIC,    10, -5.937821258533e-01, 6.465588713194e-04, 7.7968e+00, 4.5444e-01, 
 2DIAGNOSTIC,    11, -5.937818041196e-01, 4.743212390711e-04, 8.1372e+00, 3.4042e-01, 
 2DIAGNOSTIC,    12, -5.937794093252e-01, 3.131056965384e-04, 8.4790e+00, 3.4179e-01, 
 2DIAGNOSTIC,    13, -5.937770125889e-01, 1.756615472621e-04, 8.7943e+00, 3.1534e-01, 
 2DIAGNOSTIC,    14, -5.937742746269e-01, 6.852175084197e-05, 9.1464e+00, 3.5208e-01, 
 2DIAGNOSTIC,    15, -5.937756311900e-01, 1.854748106822e-06, 9.4994e+00, 3.5302e-01, 
 2DIAGNOSTIC,    16, -5.937756156203e-01, 1.348182197339e-06, 9.8570e+00, 3.5760e-01, 
 2DIAGNOSTIC,    17, -5.937731218948e-01, 1.235408387860e-06, 1.0207e+01, 3.5033e-01, 
 2DIAGNOSTIC,    18, -5.937725227181e-01, 1.130037165689e-06, 1.0610e+01, 4.0282e-01, 
 2DIAGNOSTIC,    19, -5.937703772420e-01, 1.053683438584e-06, 1.1100e+01, 4.8948e-01, 
 2DIAGNOSTIC,    20, -5.937687207514e-01, 1.001697072310e-06, 1.1547e+01, 4.4772e-01, 
DIAGNOSTIC,Iteration,metricValue,convergenceValue,ITERATION_TIME_INDEX,SINCE_LAST
 2DIAGNOSTIC,     1, -5.278651677044e-01, 1.797693134862e+308, 1.5047e+01, 3.4997e+00, 
 2DIAGNOSTIC,     2, -5.279417908225e-01, 1.797693134862e+308, 1.7547e+01, 2.4998e+00, 
 2DIAGNOSTIC,     3, -5.279447673587e-01, 1.797693134862e+308, 2.1076e+01, 3.5294e+00, 
 2DIAGNOSTIC,     4, -5.279436278372e-01, 1.797693134862e+308, 2.3889e+01, 2.8129e+00, 
 2DIAGNOSTIC,     5, -5.279433780387e-01, 1.797693134862e+308, 2.7856e+01, 3.9668e+00, 
 2DIAGNOSTIC,     6, -5.279435465007e-01, 1.797693134862e+308, 3.0166e+01, 2.3098e+00, 
 2DIAGNOSTIC,     7, -5.279437149056e-01, 1.797693134862e+308, 3.2982e+01, 2.8161e+00, 
 2DIAGNOSTIC,     8, -5.279435156510e-01, 1.797693134862e+308, 3.5503e+01, 2.5209e+00, 
 2DIAGNOSTIC,     9, -5.279434243028e-01, 1.797693134862e+308, 3.7785e+01, 2.2826e+00, 
 2DIAGNOSTIC,    10, -5.279433232807e-01, 7.421667805346e-06, 4.0033e+01, 2.2473e+00, 
 2DIAGNOSTIC,    11, -5.279432408766e-01, 2.898592754125e-06, 4.2639e+01, 2.6067e+00, 
 2DIAGNOSTIC,    12, -5.279432864383e-01, 2.563497731242e-06, 4.4710e+01, 2.0701e+00, 
 2DIAGNOSTIC,    13, -5.279432354692e-01, 2.410301086928e-06, 4.6903e+01, 2.1930e+00, 
 2DIAGNOSTIC,    14, -5.279431844884e-01, 2.237127377569e-06, 4.8771e+01, 1.8686e+00, 
 2DIAGNOSTIC,    15, -5.279431866378e-01, 2.081278474356e-06, 5.0945e+01, 2.1740e+00, 
 2DIAGNOSTIC,    16, -5.279431887594e-01, 1.953973308794e-06, 5.3178e+01, 2.2327e+00, 
 2DIAGNOSTIC,    17, -5.279430628547e-01, 1.846194706362e-06, 5.5416e+01, 2.2381e+00, 
 2DIAGNOSTIC,    18, -5.279430896285e-01, 1.747679446190e-06, 5.7499e+01, 2.0831e+00, 
 2DIAGNOSTIC,    19, -5.279431821908e-01, 1.661421296845e-06, 5.9767e+01, 2.2682e+00, 
 2DIAGNOSTIC,    20, -5.279430141947e-01, 1.577679495456e-06, 6.2233e+01, 2.4655e+00, 
 2DIAGNOSTIC,    21, -5.279429430083e-01, 1.499274306094e-06, 6.4599e+01, 2.3664e+00, 
 2DIAGNOSTIC,    22, -5.279427288363e-01, 1.425426014480e-06, 6.6699e+01, 2.0994e+00, 
 2DIAGNOSTIC,    23, -5.279426714842e-01, 1.357468163807e-06, 6.9018e+01, 2.3198e+00, 
 2DIAGNOSTIC,    24, -5.279425162509e-01, 1.292828910246e-06, 7.1585e+01, 2.5667e+00, 
 2DIAGNOSTIC,    25, -5.279425620514e-01, 1.237493952158e-06, 7.3951e+01, 2.3658e+00, 
 2DIAGNOSTIC,    26, -5.279423835295e-01, 1.186128785538e-06, 7.6300e+01, 2.3486e+00, 
 2DIAGNOSTIC,    27, -5.279425143884e-01, 1.142280121720e-06, 7.8649e+01, 2.3493e+00, 
 2DIAGNOSTIC,    28, -5.279425016707e-01, 1.105051206769e-06, 8.0782e+01, 2.1327e+00, 
 2DIAGNOSTIC,    29, -5.279425684052e-01, 1.076316696394e-06, 8.4170e+01, 3.3882e+00, 
 2DIAGNOSTIC,    30, -5.279424008775e-01, 1.045406690312e-06, 8.7366e+01, 3.1961e+00, 
 2DIAGNOSTIC,    31, -5.279423299544e-01, 1.015621167437e-06, 9.0630e+01, 3.2642e+00, 
  Elapsed time (stage 0): 9.2379e+01


Total elapsed time: 9.2384e+01
Info [verificarlo]: loaded backend libinterflop_ieee.so
Info [interflop-ieee]: load backend with:
Info [interflop-ieee]: debug = false
Info [interflop-ieee]: debug-binary = false
Info [interflop-ieee]: no-backend-name = false
Info [interflop-ieee]: print-new-line = false
Info [interflop-ieee]: print-subnormal-normalized = false
Info [interflop-ieee]: count-op = false
All_Command_lines_OK
Using double precision for computations.
=============================================================================
The composite transform comprises the following transforms (in order): 
  1. /home/mdugre/scratch/mri-registration-rp/datasets/ds004513/derivatives/mri-registration-rp/0100/antsRegistration-r7-p14/sub-s014/affine_Composite.h5[0] (type = Euler3DTransform)
  2. /home/mdugre/scratch/mri-registration-rp/datasets/ds004513/derivatives/mri-registration-rp/0100/antsRegistration-r7-p14/sub-s014/affine_Composite.h5[1] (type = Euler3DTransform)
  3. /home/mdugre/scratch/mri-registration-rp/datasets/ds004513/derivatives/mri-registration-rp/0100/antsRegistration-r7-p14/sub-s014/affine_Composite.h5[2] (type = Euler3DTransform)
  4. /home/mdugre/scratch/mri-registration-rp/datasets/ds004513/derivatives/mri-registration-rp/0100/antsRegistration-r7-p14/sub-s014/affine_Composite.h5[3] (type = AffineTransform)
=============================================================================
  number of levels = 4
  fixed image: /templateflow/tpl-MNI152NLin2009cAsym/tpl-MNI152NLin2009cAsym_res-01_desc-brain_T1w.nii.gz
  moving image: /home/mdugre/scratch/mri-registration-rp/datasets/ds004513/derivatives/mri-registration-rp/antsBrainExtraction/sub-s014/BrainExtractionBrain.nii.gz
Dimension = 3
Number of stages = 1
Use histogram matching = false
Winsorize image intensities = true
  Lower quantile = 0.005
  Upper quantile = 0.995


Stage 1 State
   Image metric = CC
     Fixed image = Image (0x36e5a40)
  RTTI typeinfo:   itk::Image<double, 3u>
  Reference Count: 2
  Modified Time: 1608
  Debug: Off
  Object Name: 
  Observers: 
    none
  Source: (none)
  Source output name: (none)
  Release Data: Off
  Data Released: False
  Global Release Data: Off
  PipelineMTime: 0
  UpdateMTime: 1217
  RealTimeStamp: 0 seconds 
  LargestPossibleRegion: 
    Dimension: 3
    Index: [0, 0, 0]
    Size: [193, 229, 193]
  BufferedRegion: 
    Dimension: 3
    Index: [0, 0, 0]
    Size: [193, 229, 193]
  RequestedRegion: 
    Dimension: 3
    Index: [0, 0, 0]
    Size: [193, 229, 193]
  Spacing: [1, 1, 1]
  Origin: [96, 132, -78]
  Direction: 
-1 0 0
0 -1 0
0 0 1

  IndexToPointMatrix: 
-1 0 0
0 -1 0
0 0 1

  PointToIndexMatrix: 
-1 0 0
0 -1 0
0 0 1

  Inverse Direction: 
-1 0 0
0 -1 0
0 0 1

  PixelContainer: 
    ImportImageContainer (0x37b4780)
      RTTI typeinfo:   itk::ImportImageContainer<unsigned long, double>
      Reference Count: 1
      Modified Time: 1214
      Debug: Off
      Object Name: 
      Observers: 
        none
      Pointer: 0x15302237f010
      Container manages memory: true
      Size: 8530021
      Capacity: 8530021

     Moving image = Image (0x37a13b0)
  RTTI typeinfo:   itk::Image<double, 3u>
  Reference Count: 2
  Modified Time: 1609
  Debug: Off
  Object Name: 
  Observers: 
    none
  Source: (none)
  Source output name: (none)
  Release Data: Off
  Data Released: False
  Global Release Data: Off
  PipelineMTime: 0
  UpdateMTime: 1606
  RealTimeStamp: 0 seconds 
  LargestPossibleRegion: 
    Dimension: 3
    Index: [0, 0, 0]
    Size: [160, 240, 256]
  BufferedRegion: 
    Dimension: 3
    Index: [0, 0, 0]
    Size: [160, 240, 256]
  RequestedRegion: 
    Dimension: 3
    Index: [0, 0, 0]
    Size: [160, 240, 256]
  Spacing: [0.999999, 1, 1]
  Origin: [84.1637, 106.709, -120.531]
  Direction: 
-0.999619 -0.0226874 -0.0157033
0.0226846 -0.999743 0.00035635
-0.0157073 -7.8229e-09 0.999877

  IndexToPointMatrix: 
-0.999619 -0.0226874 -0.0157033
0.0226845 -0.999743 0.00035635
-0.0157073 -7.8229e-09 0.999877

  PointToIndexMatrix: 
-0.99962 0.0226846 -0.0157073
-0.0226874 -0.999743 -7.83127e-09
-0.0157033 0.00035635 0.999877

  Inverse Direction: 
-0.999619 0.0226846 -0.0157073
-0.0226874 -0.999743 -7.83127e-09
-0.0157033 0.00035635 0.999877

  PixelContainer: 
    ImportImageContainer (0x37fd550)
      RTTI typeinfo:   itk::ImportImageContainer<unsigned long, double>
      Reference Count: 1
      Modified Time: 1603
      Debug: Off
      Object Name: 
      Observers: 
        none
      Pointer: 0x15301d87e010
      Container manages memory: true
      Size: 9830400
      Capacity: 9830400

     Weighting = 1
     Sampling strategy = none
     Number of bins = 32
     Radius = 4
     Sampling percentage  = 1
   Transform = SyN
     Gradient step = 0.1
     Update field sigma (voxel space) = 3
     Total field sigma (voxel space) = 0
     Update field time sigma = 0
     Total field time sigma  = 0
     Number of time indices = 0
     Number of time point samples = 0
Registration using 1 total stages.

Stage 0
  iterations = 100x70x50x20
  convergence threshold = 1e-06
  convergence window size = 10
  number of levels = 4
  using the CC metric (radius = 4, weight = 1, use gradient filter = 0)
  preprocessing:  winsorizing the image intensities
  Shrink factors (level 1 out of 4): [8, 8, 8]
  Shrink factors (level 2 out of 4): [4, 4, 4]
  Shrink factors (level 3 out of 4): [2, 2, 2]
  Shrink factors (level 4 out of 4): [1, 1, 1]
  smoothing sigmas per level: [3, 2, 1, 0]
  Using default NONE metricSamplingStrategy 

*** Running SyN registration (varianceForUpdateField = 3, varianceForTotalField = 0) ***

XXDIAGNOSTIC,Iteration,metricValue,convergenceValue,ITERATION_TIME_INDEX,SINCE_LAST
 1DIAGNOSTIC,     1, -9.019042492030e-01, 1.797693134862e+308, 1.2088e+00, 1.2088e+00, 
 1DIAGNOSTIC,     2, -9.063005158017e-01, 1.797693134862e+308, 1.5485e+00, 3.3970e-01, 
 1DIAGNOSTIC,     3, -9.098926017184e-01, 1.797693134862e+308, 1.8818e+00, 3.3324e-01, 
 1DIAGNOSTIC,     4, -9.120805652625e-01, 1.797693134862e+308, 2.2163e+00, 3.3455e-01, 
 1DIAGNOSTIC,     5, -9.137847073089e-01, 1.797693134862e+308, 2.5564e+00, 3.4011e-01, 
 1DIAGNOSTIC,     6, -9.151261811797e-01, 1.797693134862e+308, 2.8989e+00, 3.4250e-01, 
 1DIAGNOSTIC,     7, -9.162156948535e-01, 1.797693134862e+308, 3.2819e+00, 3.8300e-01, 
 1DIAGNOSTIC,     8, -9.170423261091e-01, 1.797693134862e+308, 3.7246e+00, 4.4268e-01, 
 1DIAGNOSTIC,     9, -9.177700796270e-01, 1.797693134862e+308, 4.1471e+00, 4.2253e-01, 
 1DIAGNOSTIC,    10, -9.184052533941e-01, 1.052184970387e-03, 4.5355e+00, 3.8832e-01, 
 1DIAGNOSTIC,    11, -9.189530145675e-01, 7.322608008426e-04, 4.9760e+00, 4.4054e-01, 
 1DIAGNOSTIC,    12, -9.194516993565e-01, 5.255716512770e-04, 5.4057e+00, 4.2971e-01, 
 1DIAGNOSTIC,    13, -9.198999871539e-01, 3.993407670771e-04, 5.8191e+00, 4.1339e-01, 
 1DIAGNOSTIC,    14, -9.203048681483e-01, 3.120636419068e-04, 6.2786e+00, 4.5950e-01, 
 1DIAGNOSTIC,    15, -9.206748885077e-01, 2.506289667381e-04, 6.7225e+00, 4.4391e-01, 
 1DIAGNOSTIC,    16, -9.210135941434e-01, 2.063180789313e-04, 7.0763e+00, 3.5376e-01, 
 1DIAGNOSTIC,    17, -9.213261872885e-01, 1.737560098106e-04, 7.4504e+00, 3.7414e-01, 
 1DIAGNOSTIC,    18, -9.216142630662e-01, 1.479248764909e-04, 7.8052e+00, 3.5478e-01, 
 1DIAGNOSTIC,    19, -9.218562785002e-01, 1.269137704634e-04, 8.2600e+00, 4.5477e-01, 
 1DIAGNOSTIC,    20, -9.221059939474e-01, 1.099448931958e-04, 8.6482e+00, 3.8820e-01, 
 1DIAGNOSTIC,    21, -9.223371084047e-01, 9.585497536244e-05, 9.0304e+00, 3.8221e-01, 
 1DIAGNOSTIC,    22, -9.225524343615e-01, 8.417241126201e-05, 9.4224e+00, 3.9199e-01, 
 1DIAGNOSTIC,    23, -9.227272928712e-01, 7.405940980636e-05, 9.8248e+00, 4.0247e-01, 
 1DIAGNOSTIC,    24, -9.228986126250e-01, 6.533802736777e-05, 1.0208e+01, 3.8368e-01, 
 1DIAGNOSTIC,    25, -9.230765332477e-01, 5.801375474182e-05, 1.0595e+01, 3.8621e-01, 
 1DIAGNOSTIC,    26, -9.232349118302e-01, 5.175083999332e-05, 1.0990e+01, 3.9526e-01, 
 1DIAGNOSTIC,    27, -9.233910612487e-01, 4.649992479071e-05, 1.1347e+01, 3.5676e-01, 
 1DIAGNOSTIC,    28, -9.235375138819e-01, 4.210741149026e-05, 1.1802e+01, 4.5521e-01, 
 1DIAGNOSTIC,    29, -9.236758335182e-01, 3.815691477267e-05, 1.2250e+01, 4.4778e-01, 
 1DIAGNOSTIC,    30, -9.237798243079e-01, 3.456236328808e-05, 1.2669e+01, 4.1924e-01, 
 1DIAGNOSTIC,    31, -9.239048233295e-01, 3.154178880155e-05, 1.3063e+01, 3.9437e-01, 
 1DIAGNOSTIC,    32, -9.240206271588e-01, 2.898195364251e-05, 1.3461e+01, 3.9768e-01, 
 1DIAGNOSTIC,    33, -9.241289805437e-01, 2.654092195395e-05, 1.3846e+01, 3.8477e-01, 
 1DIAGNOSTIC,    34, -9.242312263433e-01, 2.427102535205e-05, 1.4205e+01, 3.5922e-01, 
 1DIAGNOSTIC,    35, -9.243300153531e-01, 2.233385373938e-05, 1.4554e+01, 3.4877e-01, 
 1DIAGNOSTIC,    36, -9.244248493271e-01, 2.061375887806e-05, 1.4914e+01, 3.6068e-01, 
 1DIAGNOSTIC,    37, -9.245154894958e-01, 1.914125904081e-05, 1.5249e+01, 3.3406e-01, 
 1DIAGNOSTIC,    38, -9.245988723064e-01, 1.784875160276e-05, 1.5582e+01, 3.3396e-01, 
 1DIAGNOSTIC,    39, -9.246824230411e-01, 1.674467749939e-05, 1.5932e+01, 3.4937e-01, 
 1DIAGNOSTIC,    40, -9.247622296846e-01, 1.557537864380e-05, 1.6280e+01, 3.4815e-01, 
 1DIAGNOSTIC,    41, -9.248110417650e-01, 1.434311524958e-05, 1.6625e+01, 3.4505e-01, 
 1DIAGNOSTIC,    42, -9.248840706845e-01, 1.325168751077e-05, 1.6970e+01, 3.4517e-01, 
 1DIAGNOSTIC,    43, -9.249532447523e-01, 1.227494525384e-05, 1.7329e+01, 3.5831e-01, 
 1DIAGNOSTIC,    44, -9.250187943744e-01, 1.139995711092e-05, 1.7679e+01, 3.5023e-01, 
 1DIAGNOSTIC,    45, -9.250805354399e-01, 1.063090636667e-05, 1.8030e+01, 3.5085e-01, 
 1DIAGNOSTIC,    46, -9.251392741501e-01, 9.966656616553e-06, 1.8376e+01, 3.4662e-01, 
 1DIAGNOSTIC,    47, -9.251950595535e-01, 9.393962373993e-06, 1.8720e+01, 3.4428e-01, 
 1DIAGNOSTIC,    48, -9.252464390026e-01, 8.862811266056e-06, 1.9139e+01, 4.1840e-01, 
 1DIAGNOSTIC,    49, -9.252963199354e-01, 8.395967868075e-06, 1.9547e+01, 4.0837e-01, 
 1DIAGNOSTIC,    50, -9.253435194540e-01, 7.984337184158e-06, 1.9914e+01, 3.6680e-01, 
 1DIAGNOSTIC,    51, -9.253883548888e-01, 7.441723501582e-06, 2.0283e+01, 3.6844e-01, 
 1DIAGNOSTIC,    52, -9.254307672423e-01, 6.942520097208e-06, 2.0628e+01, 3.4506e-01, 
 1DIAGNOSTIC,    53, -9.254709801610e-01, 6.483708324418e-06, 2.0980e+01, 3.5197e-01, 
 1DIAGNOSTIC,    54, -9.255092237648e-01, 6.062917784804e-06, 2.1365e+01, 3.8519e-01, 
 1DIAGNOSTIC,    55, -9.255454506236e-01, 5.674397257346e-06, 2.1724e+01, 3.5880e-01, 
 1DIAGNOSTIC,    56, -9.255796525718e-01, 5.315773819681e-06, 2.2155e+01, 4.3124e-01, 
 1DIAGNOSTIC,    57, -9.256120853432e-01, 4.985279269124e-06, 2.2619e+01, 4.6392e-01, 
 1DIAGNOSTIC,    58, -9.256432417816e-01, 4.674117243617e-06, 2.3025e+01, 4.0643e-01, 
 1DIAGNOSTIC,    59, -9.256730489844e-01, 4.388252697329e-06, 2.3400e+01, 3.7508e-01, 
 1DIAGNOSTIC,    60, -9.257054784572e-01, 4.146193465566e-06, 2.3750e+01, 3.4944e-01, 
 1DIAGNOSTIC,    61, -9.257323486892e-01, 3.921697302119e-06, 2.4119e+01, 3.6926e-01, 
 1DIAGNOSTIC,    62, -9.257580386009e-01, 3.712115537537e-06, 2.4495e+01, 3.7579e-01, 
 1DIAGNOSTIC,    63, -9.257824512015e-01, 3.513994166666e-06, 2.4840e+01, 3.4512e-01, 
 1DIAGNOSTIC,    64, -9.258057675793e-01, 3.325191702798e-06, 2.5186e+01, 3.4599e-01, 
 1DIAGNOSTIC,    65, -9.258281252125e-01, 3.144018795944e-06, 2.5530e+01, 3.4443e-01, 
 1DIAGNOSTIC,    66, -9.258493311176e-01, 2.968246167794e-06, 2.5890e+01, 3.5932e-01, 
 1DIAGNOSTIC,    67, -9.258693831877e-01, 2.797034087312e-06, 2.6293e+01, 4.0315e-01, 
 1DIAGNOSTIC,    68, -9.258867933291e-01, 2.624702410560e-06, 2.6643e+01, 3.4988e-01, 
 1DIAGNOSTIC,    69, -9.259052920760e-01, 2.462359147477e-06, 2.7030e+01, 3.8757e-01, 
 1DIAGNOSTIC,    70, -9.259825511204e-01, 2.591987114447e-06, 2.7369e+01, 3.3902e-01, 
 1DIAGNOSTIC,    71, -9.259994309819e-01, 2.691907914312e-06, 2.7726e+01, 3.5688e-01, 
 1DIAGNOSTIC,    72, -9.260154680520e-01, 2.752206599623e-06, 2.8076e+01, 3.4967e-01, 
 1DIAGNOSTIC,    73, -9.260307214993e-01, 2.757653289163e-06, 2.8447e+01, 3.7138e-01, 
 1DIAGNOSTIC,    74, -9.260674860575e-01, 2.786251727281e-06, 2.8791e+01, 3.4420e-01, 
 1DIAGNOSTIC,    75, -9.260818355892e-01, 2.728847135619e-06, 2.9141e+01, 3.5016e-01, 
 1DIAGNOSTIC,    76, -9.260916620525e-01, 2.574709598420e-06, 2.9496e+01, 3.5481e-01, 
 1DIAGNOSTIC,    77, -9.261019186988e-01, 2.342135099389e-06, 2.9846e+01, 3.4978e-01, 
 1DIAGNOSTIC,    78, -9.261120060085e-01, 2.039093118390e-06, 3.0211e+01, 3.6449e-01, 
 1DIAGNOSTIC,    79, -9.261220703464e-01, 1.687996414576e-06, 3.0553e+01, 3.4227e-01, 
 1DIAGNOSTIC,    80, -9.261319156787e-01, 1.555209490559e-06, 3.0907e+01, 3.5397e-01, 
 1DIAGNOSTIC,    81, -9.261652794362e-01, 1.505277202869e-06, 3.1254e+01, 3.4710e-01, 
 1DIAGNOSTIC,    82, -9.261747744243e-01, 1.442522073264e-06, 3.1628e+01, 3.7438e-01, 
 1DIAGNOSTIC,    83, -9.261839735989e-01, 1.367699283333e-06, 3.2044e+01, 4.1578e-01, 
 1DIAGNOSTIC,    84, -9.261929347590e-01, 1.367331382764e-06, 3.2406e+01, 3.6187e-01, 
 1DIAGNOSTIC,    85, -9.262016276090e-01, 1.353853047234e-06, 3.2767e+01, 3.6147e-01, 
 1DIAGNOSTIC,    86, -9.262101354611e-01, 1.309464733775e-06, 3.3118e+01, 3.5079e-01, 
 1DIAGNOSTIC,    87, -9.262184677149e-01, 1.240014077869e-06, 3.3465e+01, 3.4671e-01, 
 1DIAGNOSTIC,    88, -9.262265560978e-01, 1.151832896538e-06, 3.3809e+01, 3.4424e-01, 
 1DIAGNOSTIC,    89, -9.262343364187e-01, 1.051254697569e-06, 3.4164e+01, 3.5509e-01, 
 1DIAGNOSTIC,    90, -9.262418513890e-01, 9.422337705969e-07, 3.4521e+01, 3.5708e-01, 
XXDIAGNOSTIC,Iteration,metricValue,convergenceValue,ITERATION_TIME_INDEX,SINCE_LAST
 1DIAGNOSTIC,     1, -8.416039423477e-01, 1.797693134862e+308, 3.7609e+01, 3.0880e+00, 
 1DIAGNOSTIC,     2, -8.460412272268e-01, 1.797693134862e+308, 4.0142e+01, 2.5332e+00, 
 1DIAGNOSTIC,     3, -8.497005336132e-01, 1.797693134862e+308, 4.2584e+01, 2.4414e+00, 
 1DIAGNOSTIC,     4, -8.529364160471e-01, 1.797693134862e+308, 4.4880e+01, 2.2958e+00, 
 1DIAGNOSTIC,     5, -8.556692135368e-01, 1.797693134862e+308, 4.7216e+01, 2.3363e+00, 
 1DIAGNOSTIC,     6, -8.580985853708e-01, 1.797693134862e+308, 4.9584e+01, 2.3679e+00, 
 1DIAGNOSTIC,     7, -8.603180386257e-01, 1.797693134862e+308, 5.2043e+01, 2.4595e+00, 
 1DIAGNOSTIC,     8, -8.623347038558e-01, 1.797693134862e+308, 5.4530e+01, 2.4871e+00, 
 1DIAGNOSTIC,     9, -8.641574569812e-01, 1.797693134862e+308, 5.7013e+01, 2.4823e+00, 
 1DIAGNOSTIC,    10, -8.658035608210e-01, 1.755081039509e-03, 5.9569e+01, 2.5561e+00, 
 1DIAGNOSTIC,    11, -8.673087224342e-01, 1.411046083562e-03, 6.1930e+01, 2.3614e+00, 
 1DIAGNOSTIC,    12, -8.686151251192e-01, 1.155437486321e-03, 6.4337e+01, 2.4071e+00, 
 1DIAGNOSTIC,    13, -8.699687396388e-01, 9.615887155208e-04, 6.6662e+01, 2.3247e+00, 
 1DIAGNOSTIC,    14, -8.711360267698e-01, 8.113427092055e-04, 6.8993e+01, 2.3307e+00, 
 1DIAGNOSTIC,    15, -8.723850547256e-01, 6.941972258198e-04, 7.1693e+01, 2.7002e+00, 
 1DIAGNOSTIC,    16, -8.734296183580e-01, 5.991472312297e-04, 7.4550e+01, 2.8568e+00, 
 1DIAGNOSTIC,    17, -8.745734031623e-01, 5.249640546663e-04, 7.7293e+01, 2.7428e+00, 
 1DIAGNOSTIC,    18, -8.754487084547e-01, 4.630291935206e-04, 8.0582e+01, 3.2896e+00, 
 1DIAGNOSTIC,    19, -8.764424079133e-01, 4.132192734898e-04, 8.3229e+01, 2.6466e+00, 
 1DIAGNOSTIC,    20, -8.772365188707e-01, 3.698031027984e-04, 8.5938e+01, 2.7092e+00, 
 1DIAGNOSTIC,    21, -8.779981392561e-01, 3.313726420504e-04, 8.8442e+01, 2.5036e+00, 
 1DIAGNOSTIC,    22, -8.788360163537e-01, 2.973051842499e-04, 9.0967e+01, 2.5256e+00, 
 1DIAGNOSTIC,    23, -8.795417686011e-01, 2.675856636153e-04, 9.3489e+01, 2.5220e+00, 
 1DIAGNOSTIC,    24, -8.803311853764e-01, 2.418262369067e-04, 9.5825e+01, 2.3362e+00, 
 1DIAGNOSTIC,    25, -8.809597160007e-01, 2.199052892401e-04, 9.8047e+01, 2.2210e+00, 
 1DIAGNOSTIC,    26, -8.816248350977e-01, 2.004009020381e-04, 1.0040e+02, 2.3561e+00, 
 1DIAGNOSTIC,    27, -8.822324058780e-01, 1.846185026353e-04, 1.0292e+02, 2.5153e+00, 
 1DIAGNOSTIC,    28, -8.827758602698e-01, 1.689849262132e-04, 1.0522e+02, 2.2991e+00, 
 1DIAGNOSTIC,    29, -8.832745023568e-01, 1.552489749339e-04, 1.0744e+02, 2.2227e+00, 
 1DIAGNOSTIC,    30, -8.837320399889e-01, 1.413527482261e-04, 1.0991e+02, 2.4715e+00, 
 1DIAGNOSTIC,    31, -8.841505783167e-01, 1.273495253499e-04, 1.1231e+02, 2.3947e+00, 
 1DIAGNOSTIC,    32, -8.845386599686e-01, 1.146370005266e-04, 1.1460e+02, 2.2958e+00, 
 1DIAGNOSTIC,    33, -8.848947674556e-01, 1.022711698828e-04, 1.1723e+02, 2.6270e+00, 
 1DIAGNOSTIC,    34, -8.852292367698e-01, 9.170470073595e-05, 1.1983e+02, 2.6019e+00, 
 1DIAGNOSTIC,    35, -8.855359170605e-01, 8.171880587438e-05, 1.2217e+02, 2.3432e+00, 
 1DIAGNOSTIC,    36, -8.858178675104e-01, 7.307820290029e-05, 1.2467e+02, 2.4984e+00, 
 1DIAGNOSTIC,    37, -8.860813501893e-01, 6.561870183686e-05, 1.2687e+02, 2.1993e+00, 
 1DIAGNOSTIC,    38, -8.863282558931e-01, 5.907960851924e-05, 1.2939e+02, 2.5170e+00, 
 1DIAGNOSTIC,    39, -8.865653368124e-01, 5.339479012900e-05, 1.3161e+02, 2.2186e+00, 
 1DIAGNOSTIC,    40, -8.867824400134e-01, 4.840337687317e-05, 1.3404e+02, 2.4346e+00, 
 1DIAGNOSTIC,    41, -8.869956486117e-01, 4.406796363576e-05, 1.3653e+02, 2.4875e+00, 
 1DIAGNOSTIC,    42, -8.871924819325e-01, 4.028112130964e-05, 1.3876e+02, 2.2269e+00, 
 1DIAGNOSTIC,    43, -8.873860941161e-01, 3.700090807783e-05, 1.4097e+02, 2.2132e+00, 
 1DIAGNOSTIC,    44, -8.875573873732e-01, 3.409298007486e-05, 1.4320e+02, 2.2294e+00, 
 1DIAGNOSTIC,    45, -8.877134611476e-01, 3.142513453692e-05, 1.4574e+02, 2.5461e+00, 
 1DIAGNOSTIC,    46, -8.878622576239e-01, 2.894081184139e-05, 1.4812e+02, 2.3771e+00, 
 1DIAGNOSTIC,    47, -8.879068213975e-01, 2.595251578134e-05, 1.5044e+02, 2.3145e+00, 
 1DIAGNOSTIC,    48, -8.879555980659e-01, 2.265405008689e-05, 1.5268e+02, 2.2401e+00, 
 1DIAGNOSTIC,    49, -8.881033094370e-01, 1.991265821792e-05, 1.5513e+02, 2.4503e+00, 
 1DIAGNOSTIC,    50, -8.882486161368e-01, 1.773963529954e-05, 1.5769e+02, 2.5621e+00, 
 1DIAGNOSTIC,    51, -8.882787748171e-01, 1.552673630189e-05, 1.6005e+02, 2.3633e+00, 
 1DIAGNOSTIC,    52, -8.883122516355e-01, 1.341213377627e-05, 1.6230e+02, 2.2479e+00, 
 1DIAGNOSTIC,    53, -8.884537177214e-01, 1.219692136617e-05, 1.6453e+02, 2.2346e+00, 
 1DIAGNOSTIC,    54, -8.885881644710e-01, 1.169888359646e-05, 1.6676e+02, 2.2282e+00, 
 1DIAGNOSTIC,    55, -8.886170936301e-01, 1.119743014272e-05, 1.6898e+02, 2.2133e+00, 
 1DIAGNOSTIC,    56, -8.886409131013e-01, 1.071386242463e-05, 1.7122e+02, 2.2437e+00, 
 1DIAGNOSTIC,    57, -8.887570544095e-01, 1.020522228922e-05, 1.7348e+02, 2.2620e+00, 
 1DIAGNOSTIC,    58, -8.888851778203e-01, 9.732560514040e-06, 1.7573e+02, 2.2517e+00, 
 1DIAGNOSTIC,    59, -8.888902112075e-01, 9.187361017529e-06, 1.7795e+02, 2.2141e+00, 
 1DIAGNOSTIC,    60, -8.889087377584e-01, 8.734679954745e-06, 1.8044e+02, 2.4895e+00, 
 1DIAGNOSTIC,    61, -8.890324171941e-01, 8.343161640608e-06, 1.8266e+02, 2.2211e+00, 
 1DIAGNOSTIC,    62, -8.891696126215e-01, 8.062220683579e-06, 1.8488e+02, 2.2262e+00, 
 1DIAGNOSTIC,    63, -8.891779571048e-01, 7.792743324880e-06, 1.8721e+02, 2.3217e+00, 
 1DIAGNOSTIC,    64, -8.891779084266e-01, 7.530496852030e-06, 1.8944e+02, 2.2328e+00, 
 1DIAGNOSTIC,    65, -8.892823762343e-01, 7.284536121626e-06, 1.9171e+02, 2.2657e+00, 
 1DIAGNOSTIC,    66, -8.893998227578e-01, 7.048369347389e-06, 1.9394e+02, 2.2346e+00, 
 1DIAGNOSTIC,    67, -8.893981000437e-01, 6.699337160639e-06, 1.9615e+02, 2.2124e+00, 
 1DIAGNOSTIC,    68, -8.893954047587e-01, 6.379106517795e-06, 1.9837e+02, 2.2202e+00, 
 1DIAGNOSTIC,    69, -8.894964195786e-01, 6.017577492556e-06, 2.0060e+02, 2.2321e+00, 
 1DIAGNOSTIC,    70, -8.895860430912e-01, 5.598322508507e-06, 2.0282e+02, 2.2127e+00, 
XXDIAGNOSTIC,Iteration,metricValue,convergenceValue,ITERATION_TIME_INDEX,SINCE_LAST
 1DIAGNOSTIC,     1, -8.498859984562e-01, 1.797693134862e+308, 2.2357e+02, 2.0757e+01, 
 1DIAGNOSTIC,     2, -8.532102727017e-01, 1.797693134862e+308, 2.4390e+02, 2.0327e+01, 
 1DIAGNOSTIC,     3, -8.565978042559e-01, 1.797693134862e+308, 2.6438e+02, 2.0474e+01, 
 1DIAGNOSTIC,     4, -8.598582932027e-01, 1.797693134862e+308, 2.8640e+02, 2.2020e+01, 
 1DIAGNOSTIC,     5, -8.629086767496e-01, 1.797693134862e+308, 3.0847e+02, 2.2074e+01, 
 1DIAGNOSTIC,     6, -8.657826317586e-01, 1.797693134862e+308, 3.2961e+02, 2.1143e+01, 
 1DIAGNOSTIC,     7, -8.684090660712e-01, 1.797693134862e+308, 3.4915e+02, 1.9535e+01, 
 1DIAGNOSTIC,     8, -8.707577216137e-01, 1.797693134862e+308, 3.7176e+02, 2.2614e+01, 
 1DIAGNOSTIC,     9, -8.727382718674e-01, 1.797693134862e+308, 3.9240e+02, 2.0640e+01, 
 1DIAGNOSTIC,    10, -8.745448942842e-01, 1.850604842843e-03, 4.1340e+02, 2.1004e+01, 
 1DIAGNOSTIC,    11, -8.761986844024e-01, 1.551069701361e-03, 4.3517e+02, 2.1767e+01, 
 1DIAGNOSTIC,    12, -8.778282849404e-01, 1.296966220985e-03, 4.5691e+02, 2.1738e+01, 
 1DIAGNOSTIC,    13, -8.789648573983e-01, 1.078122653406e-03, 4.7749e+02, 2.0577e+01, 
 1DIAGNOSTIC,    14, -8.801939124600e-01, 8.972540992549e-04, 4.9882e+02, 2.1334e+01, 
 1DIAGNOSTIC,    15, -8.814493379443e-01, 7.519345783781e-04, 5.2072e+02, 2.1901e+01, 
 1DIAGNOSTIC,    16, -8.822533727768e-01, 6.302586279958e-04, 5.4217e+02, 2.1445e+01, 
 1DIAGNOSTIC,    17, -8.831950950656e-01, 5.330576430057e-04, 5.6104e+02, 1.8870e+01, 
 1DIAGNOSTIC,    18, -8.838585477777e-01, 4.517330837306e-04, 5.8139e+02, 2.0353e+01, 
 1DIAGNOSTIC,    19, -8.844759931658e-01, 3.814853725368e-04, 6.0022e+02, 1.8830e+01, 
 1DIAGNOSTIC,    20, -8.850643351431e-01, 3.215677227463e-04, 6.1989e+02, 1.9675e+01, 
 1DIAGNOSTIC,    21, -8.856155875620e-01, 2.713071347808e-04, 6.3847e+02, 1.8577e+01, 
 1DIAGNOSTIC,    22, -8.861352644920e-01, 2.320267557609e-04, 6.5930e+02, 2.0828e+01, 
 1DIAGNOSTIC,    23, -8.866203921027e-01, 1.972482543325e-04, 6.7962e+02, 2.0322e+01, 
 1DIAGNOSTIC,    24, -8.870846328225e-01, 1.696454672295e-04, 6.9953e+02, 1.9910e+01, 
 1DIAGNOSTIC,    25, -8.875211383265e-01, 1.502751044245e-04, 7.1855e+02, 1.9020e+01, 
 1DIAGNOSTIC,    26, -8.879329023353e-01, 1.333164612415e-04, 7.3995e+02, 2.1401e+01, 
 1DIAGNOSTIC,    27, -8.883131854184e-01, 1.209133890618e-04, 7.6025e+02, 2.0300e+01, 
 1DIAGNOSTIC,    28, -8.886750932959e-01, 1.098496107207e-04, 7.8047e+02, 2.0221e+01, 
 1DIAGNOSTIC,    29, -8.890115292342e-01, 9.982008266457e-05, 8.0037e+02, 1.9902e+01, 
 1DIAGNOSTIC,    30, -8.893273575088e-01, 9.077698018285e-05, 8.2159e+02, 2.1218e+01, 
 1DIAGNOSTIC,    31, -8.896305280427e-01, 8.264907714683e-05, 8.4104e+02, 1.9443e+01, 
 1DIAGNOSTIC,    32, -8.899213541322e-01, 7.540128651209e-05, 8.6249e+02, 2.1454e+01, 
 1DIAGNOSTIC,    33, -8.902042987208e-01, 6.897841472099e-05, 8.8296e+02, 2.0471e+01, 
 1DIAGNOSTIC,    34, -8.904778765775e-01, 6.341318982490e-05, 9.0504e+02, 2.2084e+01, 
 1DIAGNOSTIC,    35, -8.907453150269e-01, 5.865645823342e-05, 9.2631e+02, 2.1264e+01, 
 1DIAGNOSTIC,    36, -8.910036706438e-01, 5.461911825120e-05, 9.4768e+02, 2.1370e+01, 
 1DIAGNOSTIC,    37, -8.912547850532e-01, 5.113307119755e-05, 9.6894e+02, 2.1263e+01, 
 1DIAGNOSTIC,    38, -8.914956724026e-01, 4.810503500596e-05, 9.8961e+02, 2.0669e+01, 
 1DIAGNOSTIC,    39, -8.917368855539e-01, 4.545414613109e-05, 1.0099e+03, 2.0279e+01, 
 1DIAGNOSTIC,    40, -8.919757651396e-01, 4.310049458789e-05, 1.0292e+03, 1.9296e+01, 
 1DIAGNOSTIC,    41, -8.922078742796e-01, 4.098572921383e-05, 1.0485e+03, 1.9311e+01, 
 1DIAGNOSTIC,    42, -8.924396049860e-01, 3.909811758410e-05, 1.0699e+03, 2.1381e+01, 
 1DIAGNOSTIC,    43, -8.926648545190e-01, 3.740093798832e-05, 1.0893e+03, 1.9401e+01, 
 1DIAGNOSTIC,    44, -8.928793074701e-01, 3.580807822091e-05, 1.1097e+03, 2.0439e+01, 
 1DIAGNOSTIC,    45, -8.930745505520e-01, 3.420319467511e-05, 1.1314e+03, 2.1677e+01, 
 1DIAGNOSTIC,    46, -8.932546440028e-01, 3.249761565709e-05, 1.1528e+03, 2.1431e+01, 
 1DIAGNOSTIC,    47, -8.934224630775e-01, 3.065772500461e-05, 1.1735e+03, 2.0655e+01, 
 1DIAGNOSTIC,    48, -8.935787206751e-01, 2.865414298186e-05, 1.1944e+03, 2.0971e+01, 
 1DIAGNOSTIC,    49, -8.937217572613e-01, 2.654363456468e-05, 1.2158e+03, 2.1311e+01, 
 1DIAGNOSTIC,    50, -8.938582621548e-01, 2.442472267263e-05, 1.2359e+03, 2.0171e+01, 
XXDIAGNOSTIC,Iteration,metricValue,convergenceValue,ITERATION_TIME_INDEX,SINCE_LAST
 1DIAGNOSTIC,     1, -8.676302466092e-01, 1.797693134862e+308, 1.4282e+03, 1.9223e+02, 
 1DIAGNOSTIC,     2, -8.686816497188e-01, 1.797693134862e+308, 1.6187e+03, 1.9049e+02, 
 1DIAGNOSTIC,     3, -8.700975726317e-01, 1.797693134862e+308, 1.8136e+03, 1.9496e+02, 
 1DIAGNOSTIC,     4, -8.713443356288e-01, 1.797693134862e+308, 2.0237e+03, 2.1014e+02, 
 1DIAGNOSTIC,     5, -8.726413110470e-01, 1.797693134862e+308, 2.2409e+03, 2.1714e+02, 
 1DIAGNOSTIC,     6, -8.739103576760e-01, 1.797693134862e+308, 2.4403e+03, 1.9938e+02, 
 1DIAGNOSTIC,     7, -8.751715214242e-01, 1.797693134862e+308, 2.6180e+03, 1.7771e+02, 
 1DIAGNOSTIC,     8, -8.763053930866e-01, 1.797693134862e+308, 2.8051e+03, 1.8715e+02, 
 1DIAGNOSTIC,     9, -8.774687235233e-01, 1.797693134862e+308, 2.9835e+03, 1.7840e+02, 
 1DIAGNOSTIC,    10, -8.785344758125e-01, 8.148069798458e-04, 3.1724e+03, 1.8890e+02, 
 1DIAGNOSTIC,    11, -8.794731574552e-01, 7.238524152531e-04, 3.3585e+03, 1.8611e+02, 
 1DIAGNOSTIC,    12, -8.803315537366e-01, 6.344201143846e-04, 3.5716e+03, 2.1311e+02, 
 1DIAGNOSTIC,    13, -8.811475084166e-01, 5.569734058099e-04, 3.7865e+03, 2.1484e+02, 
 1DIAGNOSTIC,    14, -8.819378929045e-01, 4.869173362932e-04, 3.9763e+03, 1.8984e+02, 
 1DIAGNOSTIC,    15, -8.826998884281e-01, 4.259744846191e-04, 4.1761e+03, 1.9973e+02, 
 1DIAGNOSTIC,    16, -8.834311214207e-01, 3.738683563145e-04, 4.3621e+03, 1.8605e+02, 
 1DIAGNOSTIC,    17, -8.841031319229e-01, 3.301684106853e-04, 4.5565e+03, 1.9442e+02, 
 1DIAGNOSTIC,    18, -8.847735427387e-01, 2.930975281144e-04, 4.7406e+03, 1.8407e+02, 
 1DIAGNOSTIC,    19, -8.854088158441e-01, 2.632200994249e-04, 4.9245e+03, 1.8392e+02, 
 1DIAGNOSTIC,    20, -8.860164559108e-01, 2.387985636360e-04, 5.1107e+03, 1.8623e+02, 
  Elapsed time (stage 0): 5112.29


Total elapsed time: 5112.29
