
##########################
# Experiment information #
##########################

EXPERIMENT_NAME: antsRegistration-r7-p12
VFC_BACKENDS: libinterflop_vprec.so --range-binary32=7 --precision-binary32=12 --range-binary64=7 --precision-binary64=12

SIF_IMG: /home/mdugre/projects/rrg-glatard/mdugre/containers/ants-vprec-no_metrics.simg

SUBJECT_ID: s003
INPUT_IMG: /home/mdugre/scratch/mri-registration-rp/datasets/ds004513/derivatives/mri-registration-rp/antsBrainExtraction/sub-s003/BrainExtractionBrain.nii.gz
OUTPUT_DIR: /home/mdugre/scratch/mri-registration-rp/datasets/ds004513/derivatives/mri-registration-rp/0100/antsRegistration-r7-p12/sub-s003

FIXED_IMG: /templateflow/tpl-MNI152NLin2009cAsym/tpl-MNI152NLin2009cAsym_res-01_desc-brain_T1w.nii.gz
DATA_DIR: /home/mdugre/scratch/mri-registration-rp/datasets/ds004513
TEMPLATEFLOW_DIR: /home/mdugre/projects/rrg-glatard/mdugre/templateflow
ITK_GLOBAL_DEFAULT_NUMBER_OF_THREADS: 16
##########################

Info [verificarlo]: loaded backend libinterflop_ieee.so
Info [interflop-ieee]: load backend with:
Info [interflop-ieee]: debug = false
Info [interflop-ieee]: debug-binary = false
Info [interflop-ieee]: no-backend-name = false
Info [interflop-ieee]: print-new-line = false
Info [interflop-ieee]: print-subnormal-normalized = false
Info [interflop-ieee]: count-op = false
All_Command_lines_OK
Using double precision for computations.
=============================================================================
The composite transform comprises the following transforms (in order): 
  1. Center of mass alignment using fixed image: /templateflow/tpl-MNI152NLin2009cAsym/tpl-MNI152NLin2009cAsym_res-01_desc-brain_T1w.nii.gz and moving image: /home/mdugre/scratch/mri-registration-rp/datasets/ds004513/derivatives/mri-registration-rp/antsBrainExtraction/sub-s003/BrainExtractionBrain.nii.gz (type = Euler3DTransform)
=============================================================================
  number of levels = 1
  fixed image: /templateflow/tpl-MNI152NLin2009cAsym/tpl-MNI152NLin2009cAsym_res-01_desc-brain_T1w.nii.gz
  moving image: /home/mdugre/scratch/mri-registration-rp/datasets/ds004513/derivatives/mri-registration-rp/antsBrainExtraction/sub-s003/BrainExtractionBrain.nii.gz
Dimension = 3
Number of stages = 1
Use histogram matching = false
Winsorize image intensities = true
  Lower quantile = 0.005
  Upper quantile = 0.995


Stage 1 State
   Image metric = MattesMI
     Fixed image = Image (0x4a9de70)
  RTTI typeinfo:   itk::Image<double, 3u>
  Reference Count: 2
  Modified Time: 2334
  Debug: Off
  Object Name: 
  Observers: 
    none
  Source: (none)
  Source output name: (none)
  Release Data: Off
  Data Released: False
  Global Release Data: Off
  PipelineMTime: 0
  UpdateMTime: 1943
  RealTimeStamp: 0 seconds 
  LargestPossibleRegion: 
    Dimension: 3
    Index: [0, 0, 0]
    Size: [193, 229, 193]
  BufferedRegion: 
    Dimension: 3
    Index: [0, 0, 0]
    Size: [193, 229, 193]
  RequestedRegion: 
    Dimension: 3
    Index: [0, 0, 0]
    Size: [193, 229, 193]
  Spacing: [1, 1, 1]
  Origin: [96, 132, -78]
  Direction: 
-1 0 0
0 -1 0
0 0 1

  IndexToPointMatrix: 
-1 0 0
0 -1 0
0 0 1

  PointToIndexMatrix: 
-1 0 0
0 -1 0
0 0 1

  Inverse Direction: 
-1 0 0
0 -1 0
0 0 1

  PixelContainer: 
    ImportImageContainer (0x4aaa140)
      RTTI typeinfo:   itk::ImportImageContainer<unsigned long, double>
      Reference Count: 1
      Modified Time: 1940
      Debug: Off
      Object Name: 
      Observers: 
        none
      Pointer: 0x14f602ebe010
      Container manages memory: true
      Size: 8530021
      Capacity: 8530021

     Moving image = Image (0x4aa7310)
  RTTI typeinfo:   itk::Image<double, 3u>
  Reference Count: 2
  Modified Time: 2335
  Debug: Off
  Object Name: 
  Observers: 
    none
  Source: (none)
  Source output name: (none)
  Release Data: Off
  Data Released: False
  Global Release Data: Off
  PipelineMTime: 0
  UpdateMTime: 2332
  RealTimeStamp: 0 seconds 
  LargestPossibleRegion: 
    Dimension: 3
    Index: [0, 0, 0]
    Size: [176, 240, 256]
  BufferedRegion: 
    Dimension: 3
    Index: [0, 0, 0]
    Size: [176, 240, 256]
  RequestedRegion: 
    Dimension: 3
    Index: [0, 0, 0]
    Size: [176, 240, 256]
  Spacing: [0.999999, 1, 1]
  Origin: [93.3499, 86.9368, -128.957]
  Direction: 
-0.999513 -0.0279216 -0.0139567
0.0279189 -0.99961 0.000389866
-0.0139622 2.01492e-08 0.999903

  IndexToPointMatrix: 
-0.999512 -0.0279216 -0.0139567
0.0279189 -0.99961 0.000389866
-0.0139621 2.01492e-08 0.999903

  PointToIndexMatrix: 
-0.999514 0.0279189 -0.0139622
-0.0279216 -0.99961 2.01716e-08
-0.0139567 0.000389866 0.999903

  Inverse Direction: 
-0.999513 0.0279189 -0.0139622
-0.0279216 -0.99961 2.01716e-08
-0.0139567 0.000389866 0.999903

  PixelContainer: 
    ImportImageContainer (0x4bd2610)
      RTTI typeinfo:   itk::ImportImageContainer<unsigned long, double>
      Reference Count: 1
      Modified Time: 2329
      Debug: Off
      Object Name: 
      Observers: 
        none
      Pointer: 0x14f5fdc3d010
      Container manages memory: true
      Size: 10813440
      Capacity: 10813440

     Weighting = 1
     Sampling strategy = regular
     Number of bins = 32
     Radius = 4
     Sampling percentage  = 0.25
   Transform = Rigid
     Gradient step = 0.1
     Update field sigma (voxel space) = 0
     Total field sigma (voxel space) = 0
     Update field time sigma = 0
     Total field time sigma  = 0
     Number of time indices = 0
     Number of time point samples = 0
Registration using 1 total stages.

Stage 0
  iterations = 0
  convergence threshold = 1e-06
  convergence window size = 10
  number of levels = 1
  using the Mattes MI metric (number of bins = 32, weight = 1, use gradient filter = 0)
  preprocessing:  winsorizing the image intensities
  Shrink factors (level 1 out of 1): [1, 1, 1]
  smoothing sigmas per level: [0]
  regular sampling (percentage = 0.25)

*** Running Euler3DTransform registration ***

  Elapsed time (stage 0): 0.945467


Total elapsed time: 0.947864
Info [verificarlo]: loaded backend libinterflop_vprec.so
Info [interflop-vprec]: load backend with: 
Info [interflop-vprec]: precision-binary32 = 12
Info [interflop-vprec]: range-binary32 = 7
Info [interflop-vprec]: precision-binary64 = 12
Info [interflop-vprec]: range-binary64 = 7
Info [interflop-vprec]: mode = ob
Info [interflop-vprec]: error-mode = rel
Info [interflop-vprec]: max-abs-error-exponent = -1022
Info [interflop-vprec]: daz = false
Info [interflop-vprec]: ftz = false
Info [interflop-vprec]: 	instrument = none
Info [interflop-vprec]: 	prec-input-file = (null)
Info [interflop-vprec]: 	prec-output-file = (null)
Info [interflop-vprec]: 	prec-log-file = (null)
All_Command_lines_OK
Using double precision for computations.
=============================================================================
The composite transform comprises the following transforms (in order): 
  1. /home/mdugre/scratch/mri-registration-rp/datasets/ds004513/derivatives/mri-registration-rp/0100/antsRegistration-r7-p12/sub-s003/align_Composite.h5[0] (type = Euler3DTransform)
  2. /home/mdugre/scratch/mri-registration-rp/datasets/ds004513/derivatives/mri-registration-rp/0100/antsRegistration-r7-p12/sub-s003/align_Composite.h5[1] (type = Euler3DTransform)
=============================================================================
  number of levels = 4
  fixed image: /templateflow/tpl-MNI152NLin2009cAsym/tpl-MNI152NLin2009cAsym_res-01_desc-brain_T1w.nii.gz
  moving image: /home/mdugre/scratch/mri-registration-rp/datasets/ds004513/derivatives/mri-registration-rp/antsBrainExtraction/sub-s003/BrainExtractionBrain.nii.gz
Dimension = 3
Number of stages = 1
Use histogram matching = false
Winsorize image intensities = true
  Lower quantile = 0.005
  Upper quantile = 0.995


Stage 1 State
   Image metric = MattesMI
     Fixed image = Image (0x3c8a1e0)
  RTTI typeinfo:   itk::Image<double, 3u>
  Reference Count: 2
  Modified Time: 1578
  Debug: Off
  Object Name: 
  Observers: 
    none
  Source: (none)
  Source output name: (none)
  Release Data: Off
  Data Released: False
  Global Release Data: Off
  PipelineMTime: 0
  UpdateMTime: 1189
  RealTimeStamp: 0 seconds 
  LargestPossibleRegion: 
    Dimension: 3
    Index: [0, 0, 0]
    Size: [193, 229, 193]
  BufferedRegion: 
    Dimension: 3
    Index: [0, 0, 0]
    Size: [193, 229, 193]
  RequestedRegion: 
    Dimension: 3
    Index: [0, 0, 0]
    Size: [193, 229, 193]
  Spacing: [1, 1, 1]
  Origin: [96, 132, -78]
  Direction: 
-1 0 0
0 -1 0
0 0 1

  IndexToPointMatrix: 
-1 0 0
0 -1 0
0 0 1

  PointToIndexMatrix: 
-1 0 0
0 -1 0
0 0 1

  Inverse Direction: 
-1 0 0
0 -1 0
0 0 1

  PixelContainer: 
    ImportImageContainer (0x3d49680)
      RTTI typeinfo:   itk::ImportImageContainer<unsigned long, double>
      Reference Count: 1
      Modified Time: 1186
      Debug: Off
      Object Name: 
      Observers: 
        none
      Pointer: 0x14ed99937010
      Container manages memory: true
      Size: 8530021
      Capacity: 8530021

     Moving image = Image (0x3d45b20)
  RTTI typeinfo:   itk::Image<double, 3u>
  Reference Count: 2
  Modified Time: 1579
  Debug: Off
  Object Name: 
  Observers: 
    none
  Source: (none)
  Source output name: (none)
  Release Data: Off
  Data Released: False
  Global Release Data: Off
  PipelineMTime: 0
  UpdateMTime: 1576
  RealTimeStamp: 0 seconds 
  LargestPossibleRegion: 
    Dimension: 3
    Index: [0, 0, 0]
    Size: [176, 240, 256]
  BufferedRegion: 
    Dimension: 3
    Index: [0, 0, 0]
    Size: [176, 240, 256]
  RequestedRegion: 
    Dimension: 3
    Index: [0, 0, 0]
    Size: [176, 240, 256]
  Spacing: [1, 1, 1]
  Origin: [93.3438, 86.9375, -128.969]
  Direction: 
-0.999512 -0.0279236 -0.0139561
0.0279198 -0.999634 0.000389814
-0.0139618 0 0.999878

  IndexToPointMatrix: 
-0.999512 -0.0279236 -0.0139561
0.0279198 -0.999634 0.000389814
-0.0139618 0 0.999878

  PointToIndexMatrix: 
-0.999512 0.0279198 -0.0139618
-0.0279236 -0.999634 0
-0.0139561 0.000389874 0.999878

  Inverse Direction: 
-0.999512 0.0279198 -0.0139618
-0.0279236 -0.999634 0
-0.0139561 0.000389874 0.999878

  PixelContainer: 
    ImportImageContainer (0x3daed50)
      RTTI typeinfo:   itk::ImportImageContainer<unsigned long, double>
      Reference Count: 1
      Modified Time: 1573
      Debug: Off
      Object Name: 
      Observers: 
        none
      Pointer: 0x14ed946b6010
      Container manages memory: true
      Size: 10813440
      Capacity: 10813440

     Weighting = 1
     Sampling strategy = regular
     Number of bins = 32
     Radius = 4
     Sampling percentage  = 0.25
   Transform = Rigid
     Gradient step = 0.1
     Update field sigma (voxel space) = 0
     Total field sigma (voxel space) = 0
     Update field time sigma = 0
     Total field time sigma  = 0
     Number of time indices = 0
     Number of time point samples = 0
Registration using 1 total stages.

Stage 0
  iterations = 1000x500x250x100
  convergence threshold = 1e-06
  convergence window size = 10
  number of levels = 4
  using the Mattes MI metric (number of bins = 32, weight = 1, use gradient filter = 0)
  preprocessing:  winsorizing the image intensities
  Shrink factors (level 1 out of 4): [8, 8, 8]
  Shrink factors (level 2 out of 4): [4, 4, 4]
  Shrink factors (level 3 out of 4): [2, 2, 2]
  Shrink factors (level 4 out of 4): [1, 1, 1]
  smoothing sigmas per level: [3, 2, 1, 0]
  regular sampling (percentage = 0.25)

*** Running Euler3DTransform registration ***

DIAGNOSTIC,Iteration,metricValue,convergenceValue,ITERATION_TIME_INDEX,SINCE_LAST
 2DIAGNOSTIC,     1, -4.883670128971e-01, 1.797693134862e+308, 0.0000e+00, 0.0000e+00, 
 2DIAGNOSTIC,     2, -4.897877000236e-01, 1.797693134862e+308, 0.0000e+00, 0.0000e+00, 
 2DIAGNOSTIC,     3, -4.918848911505e-01, 1.797693134862e+308, 0.0000e+00, 0.0000e+00, 
 2DIAGNOSTIC,     4, -4.968677848415e-01, 1.797693134862e+308, 0.0000e+00, 0.0000e+00, 
 2DIAGNOSTIC,     5, -5.077923392146e-01, 1.797693134862e+308, 0.0000e+00, 0.0000e+00, 
 2DIAGNOSTIC,     6, -5.145882789073e-01, 1.797693134862e+308, 0.0000e+00, 0.0000e+00, 
 2DIAGNOSTIC,     7, -5.213002852210e-01, 1.797693134862e+308, 0.0000e+00, 0.0000e+00, 
 2DIAGNOSTIC,     8, -5.477673522287e-01, 1.797693134862e+308, 0.0000e+00, 0.0000e+00, 
 2DIAGNOSTIC,     9, -5.754764520876e-01, 1.797693134862e+308, 0.0000e+00, 0.0000e+00, 
 2DIAGNOSTIC,    10, -5.772487450720e-01, 1.175742570123e-02, 0.0000e+00, 0.0000e+00, 
 2DIAGNOSTIC,    11, -5.784222201788e-01, 1.169574509452e-02, 0.0000e+00, 0.0000e+00, 
 2DIAGNOSTIC,    12, -5.861022539380e-01, 1.101518019712e-02, 0.0000e+00, 0.0000e+00, 
 2DIAGNOSTIC,    13, -6.018657328394e-01, 1.014235246113e-02, 0.0000e+00, 0.0000e+00, 
 2DIAGNOSTIC,    14, -6.054811116209e-01, 8.774674467178e-03, 0.0000e+00, 0.0000e+00, 
 2DIAGNOSTIC,    15, -6.087987208911e-01, 7.319556363427e-03, 0.0000e+00, 0.0000e+00, 
 2DIAGNOSTIC,    16, -6.254052248429e-01, 6.167146746047e-03, 0.0000e+00, 0.0000e+00, 
 2DIAGNOSTIC,    17, -6.352781265457e-01, 5.069229262148e-03, 0.0000e+00, 0.0000e+00, 
 2DIAGNOSTIC,    18, -6.469511249245e-01, 4.683645507769e-03, 0.0000e+00, 0.0000e+00, 
 2DIAGNOSTIC,    19, -6.503409848387e-01, 4.735410159304e-03, 0.0000e+00, 0.0000e+00, 
 2DIAGNOSTIC,    20, -6.504897945644e-01, 4.402203587052e-03, 0.0000e+00, 0.0000e+00, 
 2DIAGNOSTIC,    21, -6.504141149293e-01, 3.721998656912e-03, 0.0000e+00, 0.0000e+00, 
 2DIAGNOSTIC,    22, -6.506345940515e-01, 2.930263656405e-03, 0.0000e+00, 0.0000e+00, 
 2DIAGNOSTIC,    23, -6.508544150602e-01, 2.282447023805e-03, 0.0000e+00, 0.0000e+00, 
 2DIAGNOSTIC,    24, -6.511620249946e-01, 1.564973620367e-03, 0.0000e+00, 0.0000e+00, 
 2DIAGNOSTIC,    25, -6.512653017695e-01, 8.279128346885e-04, 0.0000e+00, 0.0000e+00, 
 2DIAGNOSTIC,    26, -6.511922353603e-01, 3.816703395805e-04, 0.0000e+00, 0.0000e+00, 
 2DIAGNOSTIC,    27, -6.512545734167e-01, 1.080366379614e-04, 0.0000e+00, 0.0000e+00, 
 2DIAGNOSTIC,    28, -6.512385625368e-01, 4.356948448220e-05, 0.0000e+00, 0.0000e+00, 
 2DIAGNOSTIC,    29, -6.510823740887e-01, 3.312644483879e-05, 0.0000e+00, 0.0000e+00, 
 2DIAGNOSTIC,    30, -6.510982717099e-01, 2.324710669045e-05, 0.0000e+00, 0.0000e+00, 
 2DIAGNOSTIC,    31, -6.510638677622e-01, 1.030400877944e-05, 0.0000e+00, 0.0000e+00, 
DIAGNOSTIC,Iteration,metricValue,convergenceValue,ITERATION_TIME_INDEX,SINCE_LAST
 2DIAGNOSTIC,     1, -5.252024699743e-01, 1.797693134862e+308, 0.0000e+00, 0.0000e+00, 
 2DIAGNOSTIC,     2, -5.254143340208e-01, 1.797693134862e+308, 0.0000e+00, 0.0000e+00, 
 2DIAGNOSTIC,     3, -5.257819818200e-01, 1.797693134862e+308, 0.0000e+00, 0.0000e+00, 
 2DIAGNOSTIC,     4, -5.263052741590e-01, 1.797693134862e+308, 0.0000e+00, 0.0000e+00, 
 2DIAGNOSTIC,     5, -5.271954117393e-01, 1.797693134862e+308, 0.0000e+00, 0.0000e+00, 
 2DIAGNOSTIC,     6, -5.285787921795e-01, 1.797693134862e+308, 0.0000e+00, 0.0000e+00, 
 2DIAGNOSTIC,     7, -5.315803314499e-01, 1.797693134862e+308, 0.0000e+00, 0.0000e+00, 
 2DIAGNOSTIC,     8, -5.319388340826e-01, 1.797693134862e+308, 0.0000e+00, 0.0000e+00, 
 2DIAGNOSTIC,     9, -5.318546599397e-01, 1.797693134862e+308, 0.0000e+00, 0.0000e+00, 
 2DIAGNOSTIC,    10, -5.325486152583e-01, 1.078391936383e-03, 0.0000e+00, 0.0000e+00, 
 2DIAGNOSTIC,    11, -5.333040320551e-01, 1.000149218476e-03, 0.0000e+00, 0.0000e+00, 
 2DIAGNOSTIC,    12, -5.334924459772e-01, 8.608830380011e-04, 0.0000e+00, 0.0000e+00, 
 2DIAGNOSTIC,    13, -5.342365559826e-01, 7.122744582040e-04, 0.0000e+00, 0.0000e+00, 
 2DIAGNOSTIC,    14, -5.351330739247e-01, 5.761501944568e-04, 0.0000e+00, 0.0000e+00, 
 2DIAGNOSTIC,    15, -5.352190853761e-01, 4.399769400919e-04, 0.0000e+00, 0.0000e+00, 
 2DIAGNOSTIC,    16, -5.356078163771e-01, 3.375352270999e-04, 0.0000e+00, 0.0000e+00, 
 2DIAGNOSTIC,    17, -5.358418261196e-01, 3.181136698412e-04, 0.0000e+00, 0.0000e+00, 
 2DIAGNOSTIC,    18, -5.359491293747e-01, 2.857190181763e-04, 0.0000e+00, 0.0000e+00, 
 2DIAGNOSTIC,    19, -5.361421372373e-01, 2.329983820504e-04, 0.0000e+00, 0.0000e+00, 
 2DIAGNOSTIC,    20, -5.361212201031e-01, 1.817491995255e-04, 0.0000e+00, 0.0000e+00, 
 2DIAGNOSTIC,    21, -5.362213852328e-01, 1.408194826740e-04, 0.0000e+00, 0.0000e+00, 
 2DIAGNOSTIC,    22, -5.362865460763e-01, 9.646122950406e-05, 0.0000e+00, 0.0000e+00, 
 2DIAGNOSTIC,    23, -5.362682289239e-01, 6.344805406699e-05, 0.0000e+00, 0.0000e+00, 
 2DIAGNOSTIC,    24, -5.362683010223e-01, 4.747296225697e-05, 0.0000e+00, 0.0000e+00, 
 2DIAGNOSTIC,    25, -5.362683010223e-01, 3.017723442011e-05, 0.0000e+00, 0.0000e+00, 
 2DIAGNOSTIC,    26, -5.362673559668e-01, 1.939347179553e-05, 0.0000e+00, 0.0000e+00, 
 2DIAGNOSTIC,    27, -5.362673559668e-01, 1.230117792837e-05, 0.0000e+00, 0.0000e+00, 
 2DIAGNOSTIC,    28, -5.362673559668e-01, 6.659359061682e-06, 0.0000e+00, 0.0000e+00, 
 2DIAGNOSTIC,    29, -5.362673559668e-01, 4.512401086364e-06, 0.0000e+00, 0.0000e+00, 
 2DIAGNOSTIC,    30, -5.362673559668e-01, 1.796051262555e-06, 0.0000e+00, 0.0000e+00, 
DIAGNOSTIC,Iteration,metricValue,convergenceValue,ITERATION_TIME_INDEX,SINCE_LAST
 2DIAGNOSTIC,     1, -4.763124789809e-01, 1.797693134862e+308, 0.0000e+00, 0.0000e+00, 
 2DIAGNOSTIC,     2, -4.764184148951e-01, 1.797693134862e+308, 0.0000e+00, 0.0000e+00, 
 2DIAGNOSTIC,     3, -4.765633366483e-01, 1.797693134862e+308, 0.0000e+00, 0.0000e+00, 
 2DIAGNOSTIC,     4, -4.767369261838e-01, 1.797693134862e+308, 0.0000e+00, 0.0000e+00, 
 2DIAGNOSTIC,     5, -4.768810482275e-01, 1.797693134862e+308, 0.0000e+00, 0.0000e+00, 
 2DIAGNOSTIC,     6, -4.769812635041e-01, 1.797693134862e+308, 0.0000e+00, 0.0000e+00, 
 2DIAGNOSTIC,     7, -4.770500377913e-01, 1.797693134862e+308, 0.0000e+00, 0.0000e+00, 
 2DIAGNOSTIC,     8, -4.770747604003e-01, 1.797693134862e+308, 0.0000e+00, 0.0000e+00, 
 2DIAGNOSTIC,     9, -4.771029070416e-01, 1.797693134862e+308, 0.0000e+00, 0.0000e+00, 
 2DIAGNOSTIC,    10, -4.771546404966e-01, 1.208159372563e-04, 0.0000e+00, 0.0000e+00, 
 2DIAGNOSTIC,    11, -4.771589423134e-01, 9.107385334159e-05, 0.0000e+00, 0.0000e+00, 
 2DIAGNOSTIC,    12, -4.772034871714e-01, 6.589592219007e-05, 0.0000e+00, 0.0000e+00, 
 2DIAGNOSTIC,    13, -4.772299736135e-01, 4.666652661976e-05, 0.0000e+00, 0.0000e+00, 
 2DIAGNOSTIC,    14, -4.773113168747e-01, 3.695328555697e-05, 0.0000e+00, 0.0000e+00, 
 2DIAGNOSTIC,    15, -4.771947715945e-01, 2.635629521773e-05, 0.0000e+00, 0.0000e+00, 
 2DIAGNOSTIC,    16, -4.773125370751e-01, 2.313692271294e-05, 0.0000e+00, 0.0000e+00, 
 2DIAGNOSTIC,    17, -4.774402643011e-01, 2.514142472826e-05, 0.0000e+00, 0.0000e+00, 
 2DIAGNOSTIC,    18, -4.777493156331e-01, 3.568660227428e-05, 0.0000e+00, 0.0000e+00, 
 2DIAGNOSTIC,    19, -4.782135978952e-01, 5.722597152263e-05, 0.0000e+00, 0.0000e+00, 
 2DIAGNOSTIC,    20, -4.782289119846e-01, 7.331502487116e-05, 0.0000e+00, 0.0000e+00, 
 2DIAGNOSTIC,    21, -4.784527930844e-01, 8.793079892813e-05, 0.0000e+00, 0.0000e+00, 
 2DIAGNOSTIC,    22, -4.788358736266e-01, 1.046372177105e-04, 0.0000e+00, 0.0000e+00, 
 2DIAGNOSTIC,    23, -4.788659707985e-01, 1.112810388599e-04, 0.0000e+00, 0.0000e+00, 
 2DIAGNOSTIC,    24, -4.788714937803e-01, 1.093817367485e-04, 0.0000e+00, 0.0000e+00, 
 2DIAGNOSTIC,    25, -4.788500541559e-01, 9.439265536399e-05, 0.0000e+00, 0.0000e+00, 
 2DIAGNOSTIC,    26, -4.788498550899e-01, 7.460061697107e-05, 0.0000e+00, 0.0000e+00, 
 2DIAGNOSTIC,    27, -4.788589277814e-01, 5.217580345472e-05, 0.0000e+00, 0.0000e+00, 
 2DIAGNOSTIC,    28, -4.788568628662e-01, 3.283915379831e-05, 0.0000e+00, 0.0000e+00, 
 2DIAGNOSTIC,    29, -4.788582042119e-01, 2.159709307013e-05, 0.0000e+00, 0.0000e+00, 
 2DIAGNOSTIC,    30, -4.788478615644e-01, 9.272320800731e-06, 0.0000e+00, 0.0000e+00, 
 2DIAGNOSTIC,    31, -4.788585801767e-01, 1.295653497865e-06, 0.0000e+00, 0.0000e+00, 
DIAGNOSTIC,Iteration,metricValue,convergenceValue,ITERATION_TIME_INDEX,SINCE_LAST
 2DIAGNOSTIC,     1, -4.452390800014e-01, 1.797693134862e+308, 0.0000e+00, 0.0000e+00, 
 2DIAGNOSTIC,     2, -4.452672857773e-01, 1.797693134862e+308, 0.0000e+00, 0.0000e+00, 
 2DIAGNOSTIC,     3, -4.452823450717e-01, 1.797693134862e+308, 0.0000e+00, 0.0000e+00, 
 2DIAGNOSTIC,     4, -4.452619734621e-01, 1.797693134862e+308, 0.0000e+00, 0.0000e+00, 
 2DIAGNOSTIC,     5, -4.453580110958e-01, 1.797693134862e+308, 0.0000e+00, 0.0000e+00, 
 2DIAGNOSTIC,     6, -4.453413113647e-01, 1.797693134862e+308, 0.0000e+00, 0.0000e+00, 
 2DIAGNOSTIC,     7, -4.453414120891e-01, 1.797693134862e+308, 0.0000e+00, 0.0000e+00, 
 2DIAGNOSTIC,     8, -4.453336027515e-01, 1.797693134862e+308, 0.0000e+00, 0.0000e+00, 
 2DIAGNOSTIC,     9, -4.453335806386e-01, 1.797693134862e+308, 0.0000e+00, 0.0000e+00, 
 2DIAGNOSTIC,    10, -4.453325811308e-01, 1.802593629012e-05, 0.0000e+00, 0.0000e+00, 
 2DIAGNOSTIC,    11, -4.453320567589e-01, 1.208510629744e-05, 0.0000e+00, 0.0000e+00, 
 2DIAGNOSTIC,    12, -4.453318086828e-01, 7.905489697438e-06, 0.0000e+00, 0.0000e+00, 
 2DIAGNOSTIC,    13, -4.453319442420e-01, 4.770666542378e-06, 0.0000e+00, 0.0000e+00, 
  Elapsed time (stage 0): 0.0000e+00


Total elapsed time: 0.0000e+00
Info [verificarlo]: loaded backend libinterflop_ieee.so
Info [interflop-ieee]: load backend with:
Info [interflop-ieee]: debug = false
Info [interflop-ieee]: debug-binary = false
Info [interflop-ieee]: no-backend-name = false
Info [interflop-ieee]: print-new-line = false
Info [interflop-ieee]: print-subnormal-normalized = false
Info [interflop-ieee]: count-op = false
All_Command_lines_OK
Using double precision for computations.
=============================================================================
The composite transform comprises the following transforms (in order): 
  1. /home/mdugre/scratch/mri-registration-rp/datasets/ds004513/derivatives/mri-registration-rp/0100/antsRegistration-r7-p12/sub-s003/rigid_Composite.h5[0] (type = Euler3DTransform)
  2. /home/mdugre/scratch/mri-registration-rp/datasets/ds004513/derivatives/mri-registration-rp/0100/antsRegistration-r7-p12/sub-s003/rigid_Composite.h5[1] (type = Euler3DTransform)
  3. /home/mdugre/scratch/mri-registration-rp/datasets/ds004513/derivatives/mri-registration-rp/0100/antsRegistration-r7-p12/sub-s003/rigid_Composite.h5[2] (type = Euler3DTransform)
=============================================================================
  number of levels = 4
  fixed image: /templateflow/tpl-MNI152NLin2009cAsym/tpl-MNI152NLin2009cAsym_res-01_desc-brain_T1w.nii.gz
  moving image: /home/mdugre/scratch/mri-registration-rp/datasets/ds004513/derivatives/mri-registration-rp/antsBrainExtraction/sub-s003/BrainExtractionBrain.nii.gz
Dimension = 3
Number of stages = 1
Use histogram matching = false
Winsorize image intensities = true
  Lower quantile = 0.005
  Upper quantile = 0.995


Stage 1 State
   Image metric = MattesMI
     Fixed image = Image (0x3f107e0)
  RTTI typeinfo:   itk::Image<double, 3u>
  Reference Count: 2
  Modified Time: 1594
  Debug: Off
  Object Name: 
  Observers: 
    none
  Source: (none)
  Source output name: (none)
  Release Data: Off
  Data Released: False
  Global Release Data: Off
  PipelineMTime: 0
  UpdateMTime: 1203
  RealTimeStamp: 0 seconds 
  LargestPossibleRegion: 
    Dimension: 3
    Index: [0, 0, 0]
    Size: [193, 229, 193]
  BufferedRegion: 
    Dimension: 3
    Index: [0, 0, 0]
    Size: [193, 229, 193]
  RequestedRegion: 
    Dimension: 3
    Index: [0, 0, 0]
    Size: [193, 229, 193]
  Spacing: [1, 1, 1]
  Origin: [96, 132, -78]
  Direction: 
-1 0 0
0 -1 0
0 0 1

  IndexToPointMatrix: 
-1 0 0
0 -1 0
0 0 1

  PointToIndexMatrix: 
-1 0 0
0 -1 0
0 0 1

  Inverse Direction: 
-1 0 0
0 -1 0
0 0 1

  PixelContainer: 
    ImportImageContainer (0x3fd0a20)
      RTTI typeinfo:   itk::ImportImageContainer<unsigned long, double>
      Reference Count: 1
      Modified Time: 1200
      Debug: Off
      Object Name: 
      Observers: 
        none
      Pointer: 0x150481826010
      Container manages memory: true
      Size: 8530021
      Capacity: 8530021

     Moving image = Image (0x3f85e20)
  RTTI typeinfo:   itk::Image<double, 3u>
  Reference Count: 2
  Modified Time: 1595
  Debug: Off
  Object Name: 
  Observers: 
    none
  Source: (none)
  Source output name: (none)
  Release Data: Off
  Data Released: False
  Global Release Data: Off
  PipelineMTime: 0
  UpdateMTime: 1592
  RealTimeStamp: 0 seconds 
  LargestPossibleRegion: 
    Dimension: 3
    Index: [0, 0, 0]
    Size: [176, 240, 256]
  BufferedRegion: 
    Dimension: 3
    Index: [0, 0, 0]
    Size: [176, 240, 256]
  RequestedRegion: 
    Dimension: 3
    Index: [0, 0, 0]
    Size: [176, 240, 256]
  Spacing: [0.999999, 1, 1]
  Origin: [93.3499, 86.9368, -128.957]
  Direction: 
-0.999513 -0.0279216 -0.0139567
0.0279189 -0.99961 0.000389866
-0.0139622 2.01492e-08 0.999903

  IndexToPointMatrix: 
-0.999512 -0.0279216 -0.0139567
0.0279189 -0.99961 0.000389866
-0.0139621 2.01492e-08 0.999903

  PointToIndexMatrix: 
-0.999514 0.0279189 -0.0139622
-0.0279216 -0.99961 2.01716e-08
-0.0139567 0.000389866 0.999903

  Inverse Direction: 
-0.999513 0.0279189 -0.0139622
-0.0279216 -0.99961 2.01716e-08
-0.0139567 0.000389866 0.999903

  PixelContainer: 
    ImportImageContainer (0x401f550)
      RTTI typeinfo:   itk::ImportImageContainer<unsigned long, double>
      Reference Count: 1
      Modified Time: 1589
      Debug: Off
      Object Name: 
      Observers: 
        none
      Pointer: 0x15047c5a5010
      Container manages memory: true
      Size: 10813440
      Capacity: 10813440

     Weighting = 1
     Sampling strategy = regular
     Number of bins = 32
     Radius = 4
     Sampling percentage  = 0.25
   Transform = Affine
     Gradient step = 0.1
     Update field sigma (voxel space) = 0
     Total field sigma (voxel space) = 0
     Update field time sigma = 0
     Total field time sigma  = 0
     Number of time indices = 0
     Number of time point samples = 0
Registration using 1 total stages.

Stage 0
  iterations = 1000x500x250x100
  convergence threshold = 1e-06
  convergence window size = 10
  number of levels = 4
  using the Mattes MI metric (number of bins = 32, weight = 1, use gradient filter = 0)
  preprocessing:  winsorizing the image intensities
  Shrink factors (level 1 out of 4): [8, 8, 8]
  Shrink factors (level 2 out of 4): [4, 4, 4]
  Shrink factors (level 3 out of 4): [2, 2, 2]
  Shrink factors (level 4 out of 4): [1, 1, 1]
  smoothing sigmas per level: [3, 2, 1, 0]
  regular sampling (percentage = 0.25)

*** Running AffineTransform registration ***

DIAGNOSTIC,Iteration,metricValue,convergenceValue,ITERATION_TIME_INDEX,SINCE_LAST
 2DIAGNOSTIC,     1, -6.602823894074e-01, 1.797693134862e+308, 8.7009e-01, 8.7009e-01, 
 2DIAGNOSTIC,     2, -6.629154205609e-01, 1.797693134862e+308, 8.7389e-01, 3.7959e-03, 
 2DIAGNOSTIC,     3, -6.669848573164e-01, 1.797693134862e+308, 8.7746e-01, 3.5710e-03, 
 2DIAGNOSTIC,     4, -6.724516353193e-01, 1.797693134862e+308, 8.8089e-01, 3.4289e-03, 
 2DIAGNOSTIC,     5, -6.801394134219e-01, 1.797693134862e+308, 8.8454e-01, 3.6569e-03, 
 2DIAGNOSTIC,     6, -6.931113225627e-01, 1.797693134862e+308, 8.8802e-01, 3.4750e-03, 
 2DIAGNOSTIC,     7, -7.127184377015e-01, 1.797693134862e+308, 8.9309e-01, 5.0690e-03, 
 2DIAGNOSTIC,     8, -7.185759451818e-01, 1.797693134862e+308, 8.9884e-01, 5.7521e-03, 
 2DIAGNOSTIC,     9, -7.176892655301e-01, 1.797693134862e+308, 9.0245e-01, 3.6149e-03, 
 2DIAGNOSTIC,    10, -7.182141278595e-01, 6.711963674638e-03, 9.0626e-01, 3.8030e-03, 
 2DIAGNOSTIC,    11, -7.188890564529e-01, 5.733132210171e-03, 9.1000e-01, 3.7429e-03, 
 2DIAGNOSTIC,    12, -7.196117240126e-01, 4.512721162574e-03, 9.1383e-01, 3.8340e-03, 
 2DIAGNOSTIC,    13, -7.207642158719e-01, 3.242612576593e-03, 9.1820e-01, 4.3690e-03, 
 2DIAGNOSTIC,    14, -7.209111710412e-01, 2.035908634546e-03, 9.2289e-01, 4.6890e-03, 
 2DIAGNOSTIC,    15, -7.210139272038e-01, 1.019633048410e-03, 9.2748e-01, 4.5850e-03, 
 2DIAGNOSTIC,    16, -7.210304721631e-01, 3.568553938179e-04, 9.3164e-01, 4.1661e-03, 
 2DIAGNOSTIC,    17, -7.210667660800e-01, 2.043733848053e-04, 9.3532e-01, 3.6821e-03, 
 2DIAGNOSTIC,    18, -7.209943651236e-01, 1.808414148550e-04, 9.3978e-01, 4.4560e-03, 
 2DIAGNOSTIC,    19, -7.210949373414e-01, 1.265959428607e-04, 9.4391e-01, 4.1258e-03, 
 2DIAGNOSTIC,    20, -7.210945091844e-01, 7.692109696818e-05, 9.4808e-01, 4.1728e-03, 
 2DIAGNOSTIC,    21, -7.210581322390e-01, 3.720755226509e-05, 9.5225e-01, 4.1740e-03, 
 2DIAGNOSTIC,    22, -7.210330922715e-01, 1.010004467522e-05, 9.5663e-01, 4.3721e-03, 
 2DIAGNOSTIC,    23, -7.208992854661e-01, 2.350246562116e-06, 9.6066e-01, 4.0362e-03, 
DIAGNOSTIC,Iteration,metricValue,convergenceValue,ITERATION_TIME_INDEX,SINCE_LAST
 2DIAGNOSTIC,     1, -5.934400558497e-01, 1.797693134862e+308, 1.5509e+00, 5.9025e-01, 
 2DIAGNOSTIC,     2, -5.935670691898e-01, 1.797693134862e+308, 1.5802e+00, 2.9263e-02, 
 2DIAGNOSTIC,     3, -5.936290712631e-01, 1.797693134862e+308, 1.6055e+00, 2.5368e-02, 
 2DIAGNOSTIC,     4, -5.937026688895e-01, 1.797693134862e+308, 1.6310e+00, 2.5409e-02, 
 2DIAGNOSTIC,     5, -5.940771931496e-01, 1.797693134862e+308, 1.6602e+00, 2.9223e-02, 
 2DIAGNOSTIC,     6, -5.944208220425e-01, 1.797693134862e+308, 1.6857e+00, 2.5498e-02, 
 2DIAGNOSTIC,     7, -5.947524365099e-01, 1.797693134862e+308, 1.7112e+00, 2.5570e-02, 
 2DIAGNOSTIC,     8, -5.955865013569e-01, 1.797693134862e+308, 1.7375e+00, 2.6209e-02, 
 2DIAGNOSTIC,     9, -5.980823716128e-01, 1.797693134862e+308, 1.7637e+00, 2.6278e-02, 
 2DIAGNOSTIC,    10, -6.006986878057e-01, 6.298647790204e-04, 1.7959e+00, 3.2152e-02, 
 2DIAGNOSTIC,    11, -6.009292317854e-01, 7.563744139350e-04, 1.8308e+00, 3.4873e-02, 
 2DIAGNOSTIC,    12, -6.009413383175e-01, 8.020614034810e-04, 1.8569e+00, 2.6183e-02, 
 2DIAGNOSTIC,    13, -6.010568403536e-01, 7.760675736017e-04, 1.8831e+00, 2.6152e-02, 
 2DIAGNOSTIC,    14, -6.011326131522e-01, 6.867667857545e-04, 1.9099e+00, 2.6818e-02, 
 2DIAGNOSTIC,    15, -6.012020218803e-01, 5.595768841406e-04, 1.9412e+00, 3.1291e-02, 
 2DIAGNOSTIC,    16, -6.013336364857e-01, 4.122564760275e-04, 1.9732e+00, 3.2007e-02, 
 2DIAGNOSTIC,    17, -6.015599679633e-01, 2.614996268201e-04, 2.0013e+00, 2.8107e-02, 
 2DIAGNOSTIC,    18, -6.018496865412e-01, 1.321792550029e-04, 2.0337e+00, 3.2372e-02, 
 2DIAGNOSTIC,    19, -6.021776622802e-01, 7.316267072425e-05, 2.0729e+00, 3.9216e-02, 
 2DIAGNOSTIC,    20, -6.026407811384e-01, 8.637405387173e-05, 2.1015e+00, 2.8593e-02, 
 2DIAGNOSTIC,    21, -6.026858847700e-01, 9.652924496672e-05, 2.1309e+00, 2.9447e-02, 
 2DIAGNOSTIC,    22, -6.029515089124e-01, 1.029415361456e-04, 2.1575e+00, 2.6509e-02, 
 2DIAGNOSTIC,    23, -6.030986744762e-01, 1.046012492953e-04, 2.1868e+00, 2.9382e-02, 
 2DIAGNOSTIC,    24, -6.032467963816e-01, 1.007683554973e-04, 2.2160e+00, 2.9134e-02, 
 2DIAGNOSTIC,    25, -6.033647242265e-01, 9.139297795786e-05, 2.2453e+00, 2.9283e-02, 
 2DIAGNOSTIC,    26, -6.036659240491e-01, 8.215496033167e-05, 2.2812e+00, 3.5913e-02, 
 2DIAGNOSTIC,    27, -6.037310397046e-01, 7.098250578449e-05, 2.3099e+00, 2.8767e-02, 
 2DIAGNOSTIC,    28, -6.038643267256e-01, 6.113186148832e-05, 2.3393e+00, 2.9344e-02, 
 2DIAGNOSTIC,    29, -6.040043321016e-01, 5.378191697030e-05, 2.3657e+00, 2.6414e-02, 
 2DIAGNOSTIC,    30, -6.041880382622e-01, 5.214579484436e-05, 2.3946e+00, 2.8946e-02, 
 2DIAGNOSTIC,    31, -6.042334256800e-01, 4.700229061794e-05, 2.4229e+00, 2.8249e-02, 
 2DIAGNOSTIC,    32, -6.042864391714e-01, 4.254062589547e-05, 2.4495e+00, 2.6595e-02, 
 2DIAGNOSTIC,    33, -6.046225291629e-01, 4.135815009998e-05, 2.4970e+00, 4.7526e-02, 
 2DIAGNOSTIC,    34, -6.046326976887e-01, 3.846949432278e-05, 2.5270e+00, 2.9948e-02, 
 2DIAGNOSTIC,    35, -6.046328182384e-01, 3.371197738186e-05, 2.5567e+00, 2.9747e-02, 
 2DIAGNOSTIC,    36, -6.046283732813e-01, 3.007995053474e-05, 2.5889e+00, 3.2209e-02, 
 2DIAGNOSTIC,    37, -6.046203141814e-01, 2.458217461860e-05, 2.6183e+00, 2.9422e-02, 
 2DIAGNOSTIC,    38, -6.046269972338e-01, 1.877444556367e-05, 2.6477e+00, 2.9387e-02, 
 2DIAGNOSTIC,    39, -6.046230673538e-01, 1.313869912269e-05, 2.6777e+00, 2.9950e-02, 
 2DIAGNOSTIC,    40, -6.046188880725e-01, 8.790961141487e-06, 2.7042e+00, 2.6556e-02, 
 2DIAGNOSTIC,    41, -6.046180982094e-01, 4.442576865132e-06, 2.7334e+00, 2.9219e-02, 
DIAGNOSTIC,Iteration,metricValue,convergenceValue,ITERATION_TIME_INDEX,SINCE_LAST
 2DIAGNOSTIC,     1, -5.299137433644e-01, 1.797693134862e+308, 3.7003e+00, 9.6687e-01, 
 2DIAGNOSTIC,     2, -5.300843657370e-01, 1.797693134862e+308, 3.9043e+00, 2.0396e-01, 
 2DIAGNOSTIC,     3, -5.302947321501e-01, 1.797693134862e+308, 4.1087e+00, 2.0447e-01, 
 2DIAGNOSTIC,     4, -5.304536983288e-01, 1.797693134862e+308, 4.3105e+00, 2.0180e-01, 
 2DIAGNOSTIC,     5, -5.306371722549e-01, 1.797693134862e+308, 4.5143e+00, 2.0374e-01, 
 2DIAGNOSTIC,     6, -5.307767284888e-01, 1.797693134862e+308, 4.7376e+00, 2.2336e-01, 
 2DIAGNOSTIC,     7, -5.311550312208e-01, 1.797693134862e+308, 5.1209e+00, 3.8323e-01, 
 2DIAGNOSTIC,     8, -5.311848781983e-01, 1.797693134862e+308, 5.3395e+00, 2.1864e-01, 
 2DIAGNOSTIC,     9, -5.311877638169e-01, 1.797693134862e+308, 5.5934e+00, 2.5387e-01, 
 2DIAGNOSTIC,    10, -5.311887335222e-01, 1.753267470836e-04, 5.9214e+00, 3.2799e-01, 
 2DIAGNOSTIC,    11, -5.311901149663e-01, 1.353261223956e-04, 6.1693e+00, 2.4790e-01, 
 2DIAGNOSTIC,    12, -5.311896873512e-01, 9.735608952359e-05, 6.3930e+00, 2.2367e-01, 
 2DIAGNOSTIC,    13, -5.311894911742e-01, 6.525702194822e-05, 6.6140e+00, 2.2105e-01, 
 2DIAGNOSTIC,    14, -5.311866942368e-01, 3.810827665780e-05, 6.8504e+00, 2.3644e-01, 
 2DIAGNOSTIC,    15, -5.311854506105e-01, 1.785318385766e-05, 7.0881e+00, 2.3762e-01, 
 2DIAGNOSTIC,    16, -5.311842050795e-01, 2.966517193920e-06, 7.2854e+00, 1.9738e-01, 
 2DIAGNOSTIC,    17, -5.311844081506e-01, 1.635616053139e-06, 7.5091e+00, 2.2368e-01, 
 2DIAGNOSTIC,    18, -5.311850974110e-01, 1.380478799627e-06, 7.7476e+00, 2.3849e-01, 
 2DIAGNOSTIC,    19, -5.311851094788e-01, 1.269686257459e-06, 8.0066e+00, 2.5900e-01, 
 2DIAGNOSTIC,    20, -5.311829580650e-01, 1.176003691254e-06, 8.2395e+00, 2.3287e-01, 
 2DIAGNOSTIC,    21, -5.311824778822e-01, 1.154484807565e-06, 8.4828e+00, 2.4330e-01, 
 2DIAGNOSTIC,    22, -5.311822025362e-01, 1.150018654403e-06, 8.7152e+00, 2.3246e-01, 
 2DIAGNOSTIC,    23, -5.311816757990e-01, 1.156846243237e-06, 8.9154e+00, 2.0015e-01, 
 2DIAGNOSTIC,    24, -5.311814502689e-01, 1.117691786415e-06, 9.1431e+00, 2.2772e-01, 
 2DIAGNOSTIC,    25, -5.311823280938e-01, 1.095169929438e-06, 9.3624e+00, 2.1931e-01, 
 2DIAGNOSTIC,    26, -5.311821201112e-01, 1.060832057379e-06, 9.5892e+00, 2.2681e-01, 
 2DIAGNOSTIC,    27, -5.311817038541e-01, 1.039508940974e-06, 9.7900e+00, 2.0074e-01, 
 2DIAGNOSTIC,    28, -5.311813904750e-01, 1.040015771774e-06, 9.9939e+00, 2.0391e-01, 
 2DIAGNOSTIC,    29, -5.311815301730e-01, 1.053400222474e-06, 1.0220e+01, 2.2626e-01, 
 2DIAGNOSTIC,    30, -5.311840670756e-01, 1.076451302540e-06, 1.0454e+01, 2.3337e-01, 
 2DIAGNOSTIC,    31, -5.311832514439e-01, 1.072830509312e-06, 1.0650e+01, 1.9643e-01, 
 2DIAGNOSTIC,    32, -5.311831935764e-01, 1.061002681865e-06, 1.0848e+01, 1.9840e-01, 
 2DIAGNOSTIC,    33, -5.311824752111e-01, 1.024239132383e-06, 1.1071e+01, 2.2314e-01, 
DIAGNOSTIC,Iteration,metricValue,convergenceValue,ITERATION_TIME_INDEX,SINCE_LAST
 2DIAGNOSTIC,     1, -4.873756265468e-01, 1.797693134862e+308, 1.3337e+01, 2.2657e+00, 
 2DIAGNOSTIC,     2, -4.875767035222e-01, 1.797693134862e+308, 1.4674e+01, 1.3373e+00, 
 2DIAGNOSTIC,     3, -4.877359831509e-01, 1.797693134862e+308, 1.6004e+01, 1.3291e+00, 
 2DIAGNOSTIC,     4, -4.878861213027e-01, 1.797693134862e+308, 1.7348e+01, 1.3448e+00, 
 2DIAGNOSTIC,     5, -4.880132064439e-01, 1.797693134862e+308, 1.8665e+01, 1.3167e+00, 
 2DIAGNOSTIC,     6, -4.881491089531e-01, 1.797693134862e+308, 2.0396e+01, 1.7316e+00, 
 2DIAGNOSTIC,     7, -4.881747162842e-01, 1.797693134862e+308, 2.1741e+01, 1.3449e+00, 
 2DIAGNOSTIC,     8, -4.882286887227e-01, 1.797693134862e+308, 2.3078e+01, 1.3366e+00, 
 2DIAGNOSTIC,     9, -4.883359419297e-01, 1.797693134862e+308, 2.5009e+01, 1.9311e+00, 
 2DIAGNOSTIC,    10, -4.883368994673e-01, 1.271007292321e-04, 2.6923e+01, 1.9137e+00, 
 2DIAGNOSTIC,    11, -4.883370466165e-01, 9.321272660041e-05, 2.8837e+01, 1.9137e+00, 
 2DIAGNOSTIC,    12, -4.883372098450e-01, 6.664057306140e-05, 3.0304e+01, 1.4676e+00, 
 2DIAGNOSTIC,    13, -4.883371907954e-01, 4.542781677577e-05, 3.2109e+01, 1.8045e+00, 
 2DIAGNOSTIC,    14, -4.883369338151e-01, 2.942772504881e-05, 3.3664e+01, 1.5556e+00, 
 2DIAGNOSTIC,    15, -4.883367610843e-01, 1.788855523040e-05, 3.5035e+01, 1.3703e+00, 
 2DIAGNOSTIC,    16, -4.883367253298e-01, 1.135144086642e-05, 3.6527e+01, 1.4921e+00, 
 2DIAGNOSTIC,    17, -4.883366120170e-01, 5.586520728351e-06, 3.7996e+01, 1.4697e+00, 
 2DIAGNOSTIC,    18, -4.883365791236e-01, 1.764975208311e-06, 3.9571e+01, 1.5749e+00, 
 2DIAGNOSTIC,    19, -4.883364525031e-01, 1.628241273942e-06, 4.1204e+01, 1.6328e+00, 
 2DIAGNOSTIC,    20, -4.883363851868e-01, 1.535513647649e-06, 4.2550e+01, 1.3459e+00, 
 2DIAGNOSTIC,    21, -4.883362378175e-01, 1.456580592384e-06, 4.3877e+01, 1.3269e+00, 
 2DIAGNOSTIC,    22, -4.883364602359e-01, 1.400462386801e-06, 4.5355e+01, 1.4783e+00, 
 2DIAGNOSTIC,    23, -4.883365340503e-01, 1.354830380544e-06, 4.6855e+01, 1.4994e+00, 
 2DIAGNOSTIC,    24, -4.883363662165e-01, 1.305464216478e-06, 4.8321e+01, 1.4665e+00, 
 2DIAGNOSTIC,    25, -4.883363153525e-01, 1.256999622307e-06, 4.9660e+01, 1.3387e+00, 
 2DIAGNOSTIC,    26, -4.883363039432e-01, 1.212765453298e-06, 5.1105e+01, 1.4458e+00, 
 2DIAGNOSTIC,    27, -4.883362024720e-01, 1.168040925939e-06, 5.2441e+01, 1.3351e+00, 
 2DIAGNOSTIC,    28, -4.883359642651e-01, 1.121877315637e-06, 5.3940e+01, 1.4993e+00, 
 2DIAGNOSTIC,    29, -4.883360261960e-01, 1.079207085142e-06, 5.5431e+01, 1.4915e+00, 
 2DIAGNOSTIC,    30, -4.883359801469e-01, 1.038945759486e-06, 5.6934e+01, 1.5029e+00, 
 2DIAGNOSTIC,    31, -4.883359961558e-01, 1.000690037369e-06, 5.8571e+01, 1.6366e+00, 
  Elapsed time (stage 0): 5.9425e+01


Total elapsed time: 5.9428e+01
Info [verificarlo]: loaded backend libinterflop_ieee.so
Info [interflop-ieee]: load backend with:
Info [interflop-ieee]: debug = false
Info [interflop-ieee]: debug-binary = false
Info [interflop-ieee]: no-backend-name = false
Info [interflop-ieee]: print-new-line = false
Info [interflop-ieee]: print-subnormal-normalized = false
Info [interflop-ieee]: count-op = false
All_Command_lines_OK
Using double precision for computations.
=============================================================================
The composite transform comprises the following transforms (in order): 
  1. /home/mdugre/scratch/mri-registration-rp/datasets/ds004513/derivatives/mri-registration-rp/0100/antsRegistration-r7-p12/sub-s003/affine_Composite.h5[0] (type = Euler3DTransform)
  2. /home/mdugre/scratch/mri-registration-rp/datasets/ds004513/derivatives/mri-registration-rp/0100/antsRegistration-r7-p12/sub-s003/affine_Composite.h5[1] (type = Euler3DTransform)
  3. /home/mdugre/scratch/mri-registration-rp/datasets/ds004513/derivatives/mri-registration-rp/0100/antsRegistration-r7-p12/sub-s003/affine_Composite.h5[2] (type = Euler3DTransform)
  4. /home/mdugre/scratch/mri-registration-rp/datasets/ds004513/derivatives/mri-registration-rp/0100/antsRegistration-r7-p12/sub-s003/affine_Composite.h5[3] (type = AffineTransform)
=============================================================================
  number of levels = 4
  fixed image: /templateflow/tpl-MNI152NLin2009cAsym/tpl-MNI152NLin2009cAsym_res-01_desc-brain_T1w.nii.gz
  moving image: /home/mdugre/scratch/mri-registration-rp/datasets/ds004513/derivatives/mri-registration-rp/antsBrainExtraction/sub-s003/BrainExtractionBrain.nii.gz
Dimension = 3
Number of stages = 1
Use histogram matching = false
Winsorize image intensities = true
  Lower quantile = 0.005
  Upper quantile = 0.995


Stage 1 State
   Image metric = CC
     Fixed image = Image (0x3fe0a40)
  RTTI typeinfo:   itk::Image<double, 3u>
  Reference Count: 2
  Modified Time: 1608
  Debug: Off
  Object Name: 
  Observers: 
    none
  Source: (none)
  Source output name: (none)
  Release Data: Off
  Data Released: False
  Global Release Data: Off
  PipelineMTime: 0
  UpdateMTime: 1217
  RealTimeStamp: 0 seconds 
  LargestPossibleRegion: 
    Dimension: 3
    Index: [0, 0, 0]
    Size: [193, 229, 193]
  BufferedRegion: 
    Dimension: 3
    Index: [0, 0, 0]
    Size: [193, 229, 193]
  RequestedRegion: 
    Dimension: 3
    Index: [0, 0, 0]
    Size: [193, 229, 193]
  Spacing: [1, 1, 1]
  Origin: [96, 132, -78]
  Direction: 
-1 0 0
0 -1 0
0 0 1

  IndexToPointMatrix: 
-1 0 0
0 -1 0
0 0 1

  PointToIndexMatrix: 
-1 0 0
0 -1 0
0 0 1

  Inverse Direction: 
-1 0 0
0 -1 0
0 0 1

  PixelContainer: 
    ImportImageContainer (0x40af780)
      RTTI typeinfo:   itk::ImportImageContainer<unsigned long, double>
      Reference Count: 1
      Modified Time: 1214
      Debug: Off
      Object Name: 
      Observers: 
        none
      Pointer: 0x14edb2b69010
      Container manages memory: true
      Size: 8530021
      Capacity: 8530021

     Moving image = Image (0x40b1390)
  RTTI typeinfo:   itk::Image<double, 3u>
  Reference Count: 2
  Modified Time: 1609
  Debug: Off
  Object Name: 
  Observers: 
    none
  Source: (none)
  Source output name: (none)
  Release Data: Off
  Data Released: False
  Global Release Data: Off
  PipelineMTime: 0
  UpdateMTime: 1606
  RealTimeStamp: 0 seconds 
  LargestPossibleRegion: 
    Dimension: 3
    Index: [0, 0, 0]
    Size: [176, 240, 256]
  BufferedRegion: 
    Dimension: 3
    Index: [0, 0, 0]
    Size: [176, 240, 256]
  RequestedRegion: 
    Dimension: 3
    Index: [0, 0, 0]
    Size: [176, 240, 256]
  Spacing: [0.999999, 1, 1]
  Origin: [93.3499, 86.9368, -128.957]
  Direction: 
-0.999513 -0.0279216 -0.0139567
0.0279189 -0.99961 0.000389866
-0.0139622 2.01492e-08 0.999903

  IndexToPointMatrix: 
-0.999512 -0.0279216 -0.0139567
0.0279189 -0.99961 0.000389866
-0.0139621 2.01492e-08 0.999903

  PointToIndexMatrix: 
-0.999514 0.0279189 -0.0139622
-0.0279216 -0.99961 2.01716e-08
-0.0139567 0.000389866 0.999903

  Inverse Direction: 
-0.999513 0.0279189 -0.0139622
-0.0279216 -0.99961 2.01716e-08
-0.0139567 0.000389866 0.999903

  PixelContainer: 
    ImportImageContainer (0x40666f0)
      RTTI typeinfo:   itk::ImportImageContainer<unsigned long, double>
      Reference Count: 1
      Modified Time: 1603
      Debug: Off
      Object Name: 
      Observers: 
        none
      Pointer: 0x14edad8e8010
      Container manages memory: true
      Size: 10813440
      Capacity: 10813440

     Weighting = 1
     Sampling strategy = none
     Number of bins = 32
     Radius = 4
     Sampling percentage  = 1
   Transform = SyN
     Gradient step = 0.1
     Update field sigma (voxel space) = 3
     Total field sigma (voxel space) = 0
     Update field time sigma = 0
     Total field time sigma  = 0
     Number of time indices = 0
     Number of time point samples = 0
Registration using 1 total stages.

Stage 0
  iterations = 100x70x50x20
  convergence threshold = 1e-06
  convergence window size = 10
  number of levels = 4
  using the CC metric (radius = 4, weight = 1, use gradient filter = 0)
  preprocessing:  winsorizing the image intensities
  Shrink factors (level 1 out of 4): [8, 8, 8]
  Shrink factors (level 2 out of 4): [4, 4, 4]
  Shrink factors (level 3 out of 4): [2, 2, 2]
  Shrink factors (level 4 out of 4): [1, 1, 1]
  smoothing sigmas per level: [3, 2, 1, 0]
  Using default NONE metricSamplingStrategy 

*** Running SyN registration (varianceForUpdateField = 3, varianceForTotalField = 0) ***

XXDIAGNOSTIC,Iteration,metricValue,convergenceValue,ITERATION_TIME_INDEX,SINCE_LAST
 1DIAGNOSTIC,     1, -8.450339592971e-01, 1.797693134862e+308, 1.3510e+00, 1.3510e+00, 
 1DIAGNOSTIC,     2, -8.588485132980e-01, 1.797693134862e+308, 1.5864e+00, 2.3541e-01, 
 1DIAGNOSTIC,     3, -8.713491445091e-01, 1.797693134862e+308, 1.8115e+00, 2.2507e-01, 
 1DIAGNOSTIC,     4, -8.814788376656e-01, 1.797693134862e+308, 2.0426e+00, 2.3110e-01, 
 1DIAGNOSTIC,     5, -8.902698226974e-01, 1.797693134862e+308, 2.3108e+00, 2.6823e-01, 
 1DIAGNOSTIC,     6, -8.971871440119e-01, 1.797693134862e+308, 2.5334e+00, 2.2256e-01, 
 1DIAGNOSTIC,     7, -9.030440810379e-01, 1.797693134862e+308, 2.7655e+00, 2.3210e-01, 
 1DIAGNOSTIC,     8, -9.078346777742e-01, 1.797693134862e+308, 2.9966e+00, 2.3112e-01, 
 1DIAGNOSTIC,     9, -9.115101459061e-01, 1.797693134862e+308, 3.2294e+00, 2.3277e-01, 
 1DIAGNOSTIC,    10, -9.145690931255e-01, 4.879207294172e-03, 3.5150e+00, 2.8568e-01, 
 1DIAGNOSTIC,    11, -9.171442151302e-01, 3.666564053196e-03, 3.7399e+00, 2.2487e-01, 
 1DIAGNOSTIC,    12, -9.193359007954e-01, 2.752154636775e-03, 3.9663e+00, 2.2635e-01, 
 1DIAGNOSTIC,    13, -9.212263244512e-01, 2.081513120096e-03, 4.1975e+00, 2.3122e-01, 
 1DIAGNOSTIC,    14, -9.228659868053e-01, 1.583513067645e-03, 4.4220e+00, 2.2453e-01, 
 1DIAGNOSTIC,    15, -9.243037996004e-01, 1.222672666429e-03, 4.6549e+00, 2.3291e-01, 
 1DIAGNOSTIC,    16, -9.255263272839e-01, 9.548031369322e-04, 4.8796e+00, 2.2472e-01, 
 1DIAGNOSTIC,    17, -9.266640039470e-01, 7.596237320812e-04, 5.1123e+00, 2.3266e-01, 
 1DIAGNOSTIC,    18, -9.277001190149e-01, 6.173929231756e-04, 5.3447e+00, 2.3243e-01, 
 1DIAGNOSTIC,    19, -9.286502572008e-01, 5.090347522405e-04, 5.5764e+00, 2.3169e-01, 
 1DIAGNOSTIC,    20, -9.294960508254e-01, 4.251658647515e-04, 5.8074e+00, 2.3102e-01, 
 1DIAGNOSTIC,    21, -9.302718104415e-01, 3.594515458674e-04, 6.0318e+00, 2.2435e-01, 
 1DIAGNOSTIC,    22, -9.309856769834e-01, 3.072860514496e-04, 6.2646e+00, 2.3277e-01, 
 1DIAGNOSTIC,    23, -9.316452900550e-01, 2.653846723829e-04, 6.5061e+00, 2.4156e-01, 
 1DIAGNOSTIC,    24, -9.322569771382e-01, 2.312437890265e-04, 6.7390e+00, 2.3291e-01, 
 1DIAGNOSTIC,    25, -9.328264327047e-01, 2.030787375558e-04, 6.9725e+00, 2.3348e-01, 
 1DIAGNOSTIC,    26, -9.333577298480e-01, 1.789225787126e-04, 7.2048e+00, 2.3226e-01, 
 1DIAGNOSTIC,    27, -9.338550027370e-01, 1.584894313803e-04, 7.4317e+00, 2.2694e-01, 
 1DIAGNOSTIC,    28, -9.343223656076e-01, 1.412128885868e-04, 7.6619e+00, 2.3026e-01, 
 1DIAGNOSTIC,    29, -9.347621598387e-01, 1.266504912852e-04, 7.8929e+00, 2.3099e-01, 
 1DIAGNOSTIC,    30, -9.351755425044e-01, 1.140911475601e-04, 8.1128e+00, 2.1984e-01, 
 1DIAGNOSTIC,    31, -9.355662351534e-01, 1.032013008004e-04, 8.3337e+00, 2.2096e-01, 
 1DIAGNOSTIC,    32, -9.359337628289e-01, 9.368222341565e-05, 8.5599e+00, 2.2616e-01, 
 1DIAGNOSTIC,    33, -9.362804609052e-01, 8.530090939934e-05, 8.7833e+00, 2.2338e-01, 
 1DIAGNOSTIC,    34, -9.365916346709e-01, 7.772278485000e-05, 9.0108e+00, 2.2757e-01, 
 1DIAGNOSTIC,    35, -9.368993964014e-01, 7.096143193822e-05, 9.2411e+00, 2.3026e-01, 
 1DIAGNOSTIC,    36, -9.371906271218e-01, 6.490551765207e-05, 9.4671e+00, 2.2597e-01, 
 1DIAGNOSTIC,    37, -9.374665665148e-01, 5.947376822520e-05, 9.6924e+00, 2.2538e-01, 
 1DIAGNOSTIC,    38, -9.377278246274e-01, 5.460720761485e-05, 9.9177e+00, 2.2530e-01, 
 1DIAGNOSTIC,    39, -9.379189095382e-01, 4.980526703887e-05, 1.0139e+01, 2.2173e-01, 
 1DIAGNOSTIC,    40, -9.381535894287e-01, 4.553174780556e-05, 1.0359e+01, 2.1950e-01, 
 1DIAGNOSTIC,    41, -9.383754688197e-01, 4.175069232754e-05, 1.0587e+01, 2.2772e-01, 
 1DIAGNOSTIC,    42, -9.385857629254e-01, 3.842579234378e-05, 1.0811e+01, 2.2392e-01, 
 1DIAGNOSTIC,    43, -9.387850107830e-01, 3.553252853559e-05, 1.1033e+01, 2.2206e-01, 
 1DIAGNOSTIC,    44, -9.389739318341e-01, 3.291420896520e-05, 1.1258e+01, 2.2576e-01, 
 1DIAGNOSTIC,    45, -9.391530405573e-01, 3.063068850680e-05, 1.1483e+01, 2.2507e-01, 
 1DIAGNOSTIC,    46, -9.393225832533e-01, 2.862687698260e-05, 1.1710e+01, 2.2644e-01, 
 1DIAGNOSTIC,    47, -9.394833591466e-01, 2.685765555949e-05, 1.1936e+01, 2.2602e-01, 
 1DIAGNOSTIC,    48, -9.396357153258e-01, 2.528661441812e-05, 1.2156e+01, 2.2006e-01, 
 1DIAGNOSTIC,    49, -9.397798438063e-01, 2.349670758550e-05, 1.2382e+01, 2.2615e-01, 
 1DIAGNOSTIC,    50, -9.399162619769e-01, 2.184493623276e-05, 1.2603e+01, 2.2087e-01, 
 1DIAGNOSTIC,    51, -9.400455240179e-01, 2.031680738616e-05, 1.2823e+01, 2.2018e-01, 
 1DIAGNOSTIC,    52, -9.401691376439e-01, 1.890937754561e-05, 1.3049e+01, 2.2565e-01, 
 1DIAGNOSTIC,    53, -9.402868868197e-01, 1.761566661267e-05, 1.3273e+01, 2.2450e-01, 
 1DIAGNOSTIC,    54, -9.403985791152e-01, 1.642663582416e-05, 1.3499e+01, 2.2547e-01, 
 1DIAGNOSTIC,    55, -9.405051680868e-01, 1.533686077457e-05, 1.3719e+01, 2.2042e-01, 
 1DIAGNOSTIC,    56, -9.406070654786e-01, 1.433923739813e-05, 1.3945e+01, 2.2548e-01, 
 1DIAGNOSTIC,    57, -9.407043892894e-01, 1.342688734226e-05, 1.4164e+01, 2.1888e-01, 
 1DIAGNOSTIC,    58, -9.407969560314e-01, 1.258963169174e-05, 1.4392e+01, 2.2838e-01, 
 1DIAGNOSTIC,    59, -9.408861868605e-01, 1.182238185513e-05, 1.4614e+01, 2.2185e-01, 
 1DIAGNOSTIC,    60, -9.409724868356e-01, 1.112084080050e-05, 1.4846e+01, 2.3203e-01, 
 1DIAGNOSTIC,    61, -9.410551666332e-01, 1.047620396239e-05, 1.5072e+01, 2.2582e-01, 
 1DIAGNOSTIC,    62, -9.411347354107e-01, 9.887297903830e-06, 1.5298e+01, 2.2614e-01, 
 1DIAGNOSTIC,    63, -9.412111725341e-01, 9.348562064863e-06, 1.5519e+01, 2.2094e-01, 
 1DIAGNOSTIC,    64, -9.412843696857e-01, 8.850105213436e-06, 1.5739e+01, 2.2034e-01, 
 1DIAGNOSTIC,    65, -9.413544663411e-01, 8.385511531376e-06, 1.5959e+01, 2.1960e-01, 
 1DIAGNOSTIC,    66, -9.414214120390e-01, 7.948764106619e-06, 1.6187e+01, 2.2813e-01, 
 1DIAGNOSTIC,    67, -9.414851789971e-01, 7.533425591288e-06, 1.6493e+01, 3.0613e-01, 
 1DIAGNOSTIC,    68, -9.415459955936e-01, 7.132647965345e-06, 1.6740e+01, 2.4666e-01, 
 1DIAGNOSTIC,    69, -9.416041515622e-01, 6.747281932524e-06, 1.6964e+01, 2.2432e-01, 
 1DIAGNOSTIC,    70, -9.416602367849e-01, 6.382203311707e-06, 1.7188e+01, 2.2450e-01, 
 1DIAGNOSTIC,    71, -9.417141333973e-01, 6.037540134811e-06, 1.7408e+01, 2.1989e-01, 
 1DIAGNOSTIC,    72, -9.417654260454e-01, 5.712917502870e-06, 1.7634e+01, 2.2564e-01, 
 1DIAGNOSTIC,    73, -9.418144453029e-01, 5.408361712552e-06, 1.7854e+01, 2.2043e-01, 
 1DIAGNOSTIC,    74, -9.418518580837e-01, 5.083709934647e-06, 1.8080e+01, 2.2584e-01, 
 1DIAGNOSTIC,    75, -9.418969534388e-01, 4.783932888242e-06, 1.8301e+01, 2.2098e-01, 
 1DIAGNOSTIC,    76, -9.419403965786e-01, 4.509706307210e-06, 1.8533e+01, 2.3132e-01, 
 1DIAGNOSTIC,    77, -9.419824403096e-01, 4.262295634379e-06, 1.8763e+01, 2.3057e-01, 
 1DIAGNOSTIC,    78, -9.420226682638e-01, 4.041143912467e-06, 1.8988e+01, 2.2490e-01, 
 1DIAGNOSTIC,    79, -9.420612224241e-01, 3.845171197682e-06, 1.9216e+01, 2.2791e-01, 
 1DIAGNOSTIC,    80, -9.420982697961e-01, 3.673378768615e-06, 1.9443e+01, 2.2671e-01, 
 1DIAGNOSTIC,    81, -9.421337976002e-01, 3.522233713830e-06, 1.9668e+01, 2.2551e-01, 
 1DIAGNOSTIC,    82, -9.421681401416e-01, 3.387350673050e-06, 1.9900e+01, 2.3162e-01, 
 1DIAGNOSTIC,    83, -9.422010258867e-01, 3.264838784324e-06, 2.0123e+01, 2.2301e-01, 
 1DIAGNOSTIC,    84, -9.422326726382e-01, 3.114630208327e-06, 2.0355e+01, 2.3212e-01, 
 1DIAGNOSTIC,    85, -9.422631303154e-01, 2.971877364741e-06, 2.0576e+01, 2.2076e-01, 
 1DIAGNOSTIC,    86, -9.422923169927e-01, 2.836241297264e-06, 2.0806e+01, 2.3026e-01, 
 1DIAGNOSTIC,    87, -9.423199476230e-01, 2.706986464466e-06, 2.1033e+01, 2.2704e-01, 
 1DIAGNOSTIC,    88, -9.423464265039e-01, 2.583085469764e-06, 2.1253e+01, 2.2047e-01, 
 1DIAGNOSTIC,    89, -9.423715826376e-01, 2.463163687063e-06, 2.1480e+01, 2.2609e-01, 
 1DIAGNOSTIC,    90, -9.423953349569e-01, 2.346099449085e-06, 2.1720e+01, 2.4063e-01, 
 1DIAGNOSTIC,    91, -9.424186844824e-01, 2.234115640836e-06, 2.1948e+01, 2.2812e-01, 
 1DIAGNOSTIC,    92, -9.424404305416e-01, 2.126168362199e-06, 2.2175e+01, 2.2670e-01, 
 1DIAGNOSTIC,    93, -9.424610682258e-01, 2.021947428966e-06, 2.2400e+01, 2.2520e-01, 
 1DIAGNOSTIC,    94, -9.424752010651e-01, 1.904172962848e-06, 2.2621e+01, 2.2124e-01, 
 1DIAGNOSTIC,    95, -9.424942690728e-01, 1.795152549529e-06, 2.2847e+01, 2.2578e-01, 
 1DIAGNOSTIC,    96, -9.425128511377e-01, 1.696956640375e-06, 2.3069e+01, 2.2153e-01, 
 1DIAGNOSTIC,    97, -9.425303272257e-01, 1.608543022065e-06, 2.3295e+01, 2.2589e-01, 
 1DIAGNOSTIC,    98, -9.425228256103e-01, 1.455753488724e-06, 2.3515e+01, 2.2065e-01, 
 1DIAGNOSTIC,    99, -9.425384422094e-01, 1.323267049573e-06, 2.3737e+01, 2.2146e-01, 
 1DIAGNOSTIC,   100, -9.425533371630e-01, 1.212146943231e-06, 2.3963e+01, 2.2603e-01, 
XXDIAGNOSTIC,Iteration,metricValue,convergenceValue,ITERATION_TIME_INDEX,SINCE_LAST
 1DIAGNOSTIC,     1, -8.540628839008e-01, 1.797693134862e+308, 2.6032e+01, 2.0690e+00, 
 1DIAGNOSTIC,     2, -8.572030655284e-01, 1.797693134862e+308, 2.7497e+01, 1.4654e+00, 
 1DIAGNOSTIC,     3, -8.614324411974e-01, 1.797693134862e+308, 2.8958e+01, 1.4606e+00, 
 1DIAGNOSTIC,     4, -8.655732546974e-01, 1.797693134862e+308, 3.0412e+01, 1.4540e+00, 
 1DIAGNOSTIC,     5, -8.692473706905e-01, 1.797693134862e+308, 3.1879e+01, 1.4674e+00, 
 1DIAGNOSTIC,     6, -8.727246972036e-01, 1.797693134862e+308, 3.3350e+01, 1.4704e+00, 
 1DIAGNOSTIC,     7, -8.755293369724e-01, 1.797693134862e+308, 3.4809e+01, 1.4595e+00, 
 1DIAGNOSTIC,     8, -8.779799894397e-01, 1.797693134862e+308, 3.6274e+01, 1.4648e+00, 
 1DIAGNOSTIC,     9, -8.803022325635e-01, 1.797693134862e+308, 3.7738e+01, 1.4639e+00, 
 1DIAGNOSTIC,    10, -8.821911157767e-01, 2.132361315258e-03, 3.9205e+01, 1.4676e+00, 
 1DIAGNOSTIC,    11, -8.838747274846e-01, 1.773645235688e-03, 4.0679e+01, 1.4737e+00, 
 1DIAGNOSTIC,    12, -8.855599936023e-01, 1.445921426251e-03, 4.2145e+01, 1.4654e+00, 
 1DIAGNOSTIC,    13, -8.869434655613e-01, 1.177673185869e-03, 4.3617e+01, 1.4728e+00, 
 1DIAGNOSTIC,    14, -8.882248931219e-01, 9.659762245516e-04, 4.5084e+01, 1.4670e+00, 
 1DIAGNOSTIC,    15, -8.892190135373e-01, 7.946172915989e-04, 4.6559e+01, 1.4748e+00, 
 1DIAGNOSTIC,    16, -8.901485924824e-01, 6.607751336443e-04, 4.8032e+01, 1.4733e+00, 
 1DIAGNOSTIC,    17, -8.910375533807e-01, 5.518342391567e-04, 4.9504e+01, 1.4716e+00, 
 1DIAGNOSTIC,    18, -8.918847852292e-01, 4.628291083367e-04, 5.0978e+01, 1.4737e+00, 
 1DIAGNOSTIC,    19, -8.926989182662e-01, 3.934181689126e-04, 5.2456e+01, 1.4778e+00, 
 1DIAGNOSTIC,    20, -8.934796633687e-01, 3.373344839984e-04, 5.3921e+01, 1.4649e+00, 
 1DIAGNOSTIC,    21, -8.942283667063e-01, 2.923158693231e-04, 5.5401e+01, 1.4800e+00, 
 1DIAGNOSTIC,    22, -8.949464638332e-01, 2.591448920518e-04, 5.6878e+01, 1.4775e+00, 
 1DIAGNOSTIC,    23, -8.956303593049e-01, 2.333763721748e-04, 5.8502e+01, 1.6240e+00, 
 1DIAGNOSTIC,    24, -8.962858295080e-01, 2.137673786877e-04, 5.9994e+01, 1.4917e+00, 
 1DIAGNOSTIC,    25, -8.969130102260e-01, 1.964356990237e-04, 6.1476e+01, 1.4818e+00, 
 1DIAGNOSTIC,    26, -8.975222943696e-01, 1.809183722982e-04, 6.2948e+01, 1.4724e+00, 
 1DIAGNOSTIC,    27, -8.981074341732e-01, 1.669874761076e-04, 6.4476e+01, 1.5276e+00, 
 1DIAGNOSTIC,    28, -8.986746140854e-01, 1.544674216454e-04, 6.5953e+01, 1.4778e+00, 
 1DIAGNOSTIC,    29, -8.992224320134e-01, 1.432476144219e-04, 6.7418e+01, 1.4644e+00, 
 1DIAGNOSTIC,    30, -8.997465778740e-01, 1.331413591533e-04, 6.8889e+01, 1.4717e+00, 
 1DIAGNOSTIC,    31, -9.002575328761e-01, 1.240755572069e-04, 7.0373e+01, 1.4832e+00, 
 1DIAGNOSTIC,    32, -9.007513435921e-01, 1.159234387067e-04, 7.1847e+01, 1.4747e+00, 
 1DIAGNOSTIC,    33, -9.012291886916e-01, 1.085189604333e-04, 7.3322e+01, 1.4752e+00, 
 1DIAGNOSTIC,    34, -9.016825957390e-01, 1.016681531169e-04, 7.4796e+01, 1.4740e+00, 
 1DIAGNOSTIC,    35, -9.021201926579e-01, 9.526853980263e-05, 7.6272e+01, 1.4759e+00, 
 1DIAGNOSTIC,    36, -9.025397051758e-01, 8.929395295080e-05, 7.7739e+01, 1.4672e+00, 
 1DIAGNOSTIC,    37, -9.029413519120e-01, 8.366091328053e-05, 7.9212e+01, 1.4725e+00, 
 1DIAGNOSTIC,    38, -9.033198035301e-01, 7.830312489195e-05, 8.0687e+01, 1.4754e+00, 
 1DIAGNOSTIC,    39, -9.036864981419e-01, 7.324912717800e-05, 8.2160e+01, 1.4731e+00, 
 1DIAGNOSTIC,    40, -9.040428299957e-01, 6.849225161517e-05, 8.3627e+01, 1.4670e+00, 
 1DIAGNOSTIC,    41, -9.043846559409e-01, 6.407196619184e-05, 8.5095e+01, 1.4679e+00, 
 1DIAGNOSTIC,    42, -9.047095896216e-01, 5.996869788910e-05, 8.6569e+01, 1.4738e+00, 
 1DIAGNOSTIC,    43, -9.050271222637e-01, 5.623690489502e-05, 8.8044e+01, 1.4750e+00, 
 1DIAGNOSTIC,    44, -9.053313302423e-01, 5.279869728689e-05, 8.9516e+01, 1.4715e+00, 
 1DIAGNOSTIC,    45, -9.056147594981e-01, 4.958113155239e-05, 9.1010e+01, 1.4942e+00, 
 1DIAGNOSTIC,    46, -9.058872263419e-01, 4.656701485182e-05, 9.2491e+01, 1.4811e+00, 
 1DIAGNOSTIC,    47, -9.061441404428e-01, 4.370418859028e-05, 9.3959e+01, 1.4679e+00, 
 1DIAGNOSTIC,    48, -9.063894701138e-01, 4.093130271252e-05, 9.5424e+01, 1.4654e+00, 
 1DIAGNOSTIC,    49, -9.066301210658e-01, 3.831396089852e-05, 9.6892e+01, 1.4680e+00, 
 1DIAGNOSTIC,    50, -9.068532983524e-01, 3.583678504767e-05, 9.8358e+01, 1.4661e+00, 
 1DIAGNOSTIC,    51, -9.070688526590e-01, 3.352094894431e-05, 9.9830e+01, 1.4719e+00, 
 1DIAGNOSTIC,    52, -9.072875718629e-01, 3.142666104552e-05, 1.0130e+02, 1.4701e+00, 
 1DIAGNOSTIC,    53, -9.074912611166e-01, 2.954330135404e-05, 1.0279e+02, 1.4879e+00, 
 1DIAGNOSTIC,    54, -9.076891436827e-01, 2.787370443110e-05, 1.0430e+02, 1.5076e+00, 
 1DIAGNOSTIC,    55, -9.078809015990e-01, 2.635937254818e-05, 1.0577e+02, 1.4718e+00, 
 1DIAGNOSTIC,    56, -9.080677764086e-01, 2.499954519760e-05, 1.0725e+02, 1.4786e+00, 
 1DIAGNOSTIC,    57, -9.082484394715e-01, 2.374939239087e-05, 1.0872e+02, 1.4744e+00, 
 1DIAGNOSTIC,    58, -9.084207964265e-01, 2.257206725055e-05, 1.1020e+02, 1.4810e+00, 
 1DIAGNOSTIC,    59, -9.085917654747e-01, 2.150828825971e-05, 1.1168e+02, 1.4818e+00, 
 1DIAGNOSTIC,    60, -9.087597498354e-01, 2.050899484706e-05, 1.1315e+02, 1.4684e+00, 
 1DIAGNOSTIC,    61, -9.089252954621e-01, 1.957817899207e-05, 1.1462e+02, 1.4689e+00, 
 1DIAGNOSTIC,    62, -9.090865091432e-01, 1.876543635365e-05, 1.1608e+02, 1.4615e+00, 
 1DIAGNOSTIC,    63, -9.092463366667e-01, 1.803094548268e-05, 1.1755e+02, 1.4639e+00, 
 1DIAGNOSTIC,    64, -9.093987076658e-01, 1.734703331443e-05, 1.1907e+02, 1.5252e+00, 
 1DIAGNOSTIC,    65, -9.095529886352e-01, 1.672969830637e-05, 1.2054e+02, 1.4647e+00, 
 1DIAGNOSTIC,    66, -9.097071966350e-01, 1.618524981774e-05, 1.2202e+02, 1.4790e+00, 
 1DIAGNOSTIC,    67, -9.098600119344e-01, 1.570286828380e-05, 1.2350e+02, 1.4860e+00, 
 1DIAGNOSTIC,    68, -9.100166763768e-01, 1.528235769885e-05, 1.2499e+02, 1.4878e+00, 
 1DIAGNOSTIC,    69, -9.101669098642e-01, 1.490296927123e-05, 1.2658e+02, 1.5955e+00, 
 1DIAGNOSTIC,    70, -9.103110144115e-01, 1.453750582219e-05, 1.2807e+02, 1.4814e+00, 
XXDIAGNOSTIC,Iteration,metricValue,convergenceValue,ITERATION_TIME_INDEX,SINCE_LAST
 1DIAGNOSTIC,     1, -8.523241816501e-01, 1.797693134862e+308, 1.4121e+02, 1.3146e+01, 
 1DIAGNOSTIC,     2, -8.552710892192e-01, 1.797693134862e+308, 1.5425e+02, 1.3033e+01, 
 1DIAGNOSTIC,     3, -8.583287043518e-01, 1.797693134862e+308, 1.6631e+02, 1.2069e+01, 
 1DIAGNOSTIC,     4, -8.612546454374e-01, 1.797693134862e+308, 1.7852e+02, 1.2202e+01, 
 1DIAGNOSTIC,     5, -8.638777035155e-01, 1.797693134862e+308, 1.9083e+02, 1.2316e+01, 
 1DIAGNOSTIC,     6, -8.661240117084e-01, 1.797693134862e+308, 2.0306e+02, 1.2223e+01, 
 1DIAGNOSTIC,     7, -8.681642726709e-01, 1.797693134862e+308, 2.1510e+02, 1.2049e+01, 
 1DIAGNOSTIC,     8, -8.700214044465e-01, 1.797693134862e+308, 2.2711e+02, 1.2008e+01, 
 1DIAGNOSTIC,     9, -8.717340845323e-01, 1.797693134862e+308, 2.3990e+02, 1.2786e+01, 
 1DIAGNOSTIC,    10, -8.732944713963e-01, 1.554388153957e-03, 2.5205e+02, 1.2151e+01, 
 1DIAGNOSTIC,    11, -8.746951183009e-01, 1.289109004338e-03, 2.6439e+02, 1.2340e+01, 
 1DIAGNOSTIC,    12, -8.759428345085e-01, 1.066447604140e-03, 2.7652e+02, 1.2133e+01, 
 1DIAGNOSTIC,    13, -8.768982737721e-01, 8.822238024151e-04, 2.8870e+02, 1.2176e+01, 
 1DIAGNOSTIC,    14, -8.777706059296e-01, 7.325179037583e-04, 3.0079e+02, 1.2094e+01, 
 1DIAGNOSTIC,    15, -8.785717984150e-01, 6.101808556762e-04, 3.1291e+02, 1.2116e+01, 
 1DIAGNOSTIC,    16, -8.793158079295e-01, 5.078893460494e-04, 3.2504e+02, 1.2129e+01, 
 1DIAGNOSTIC,    17, -8.800203972386e-01, 4.233152624291e-04, 3.3717e+02, 1.2135e+01, 
 1DIAGNOSTIC,    18, -8.806926902558e-01, 3.546797698798e-04, 3.4954e+02, 1.2363e+01, 
 1DIAGNOSTIC,    19, -8.813349169282e-01, 3.006393758307e-04, 3.6177e+02, 1.2237e+01, 
 1DIAGNOSTIC,    20, -8.819601829892e-01, 2.594822273776e-04, 3.7404e+02, 1.2268e+01, 
 1DIAGNOSTIC,    21, -8.825760548293e-01, 2.291485755948e-04, 3.8614e+02, 1.2094e+01, 
 1DIAGNOSTIC,    22, -8.831832436098e-01, 2.075193794082e-04, 3.9829e+02, 1.2157e+01, 
 1DIAGNOSTIC,    23, -8.837587463268e-01, 1.899166589334e-04, 4.1045e+02, 1.2158e+01, 
 1DIAGNOSTIC,    24, -8.843092941471e-01, 1.751888503643e-04, 4.2264e+02, 1.2189e+01, 
 1DIAGNOSTIC,    25, -8.848390905810e-01, 1.624394561674e-04, 4.3489e+02, 1.2253e+01, 
 1DIAGNOSTIC,    26, -8.853194361221e-01, 1.506405449575e-04, 4.4707e+02, 1.2174e+01, 
 1DIAGNOSTIC,    27, -8.857512600210e-01, 1.391594440059e-04, 4.5922e+02, 1.2155e+01, 
 1DIAGNOSTIC,    28, -8.861374950107e-01, 1.276278018106e-04, 4.7136e+02, 1.2138e+01, 
 1DIAGNOSTIC,    29, -8.864870639658e-01, 1.159267432337e-04, 4.8362e+02, 1.2257e+01, 
 1DIAGNOSTIC,    30, -8.868085483816e-01, 1.042714484707e-04, 4.9596e+02, 1.2343e+01, 
 1DIAGNOSTIC,    31, -8.871016718655e-01, 9.299742761355e-05, 5.0813e+02, 1.2171e+01, 
 1DIAGNOSTIC,    32, -8.873707359816e-01, 8.249595645184e-05, 5.2034e+02, 1.2207e+01, 
 1DIAGNOSTIC,    33, -8.876217644149e-01, 7.293104460811e-05, 5.3254e+02, 1.2198e+01, 
 1DIAGNOSTIC,    34, -8.878557197952e-01, 6.448525573696e-05, 5.4476e+02, 1.2225e+01, 
 1DIAGNOSTIC,    35, -8.880748433779e-01, 5.733491783845e-05, 5.5698e+02, 1.2222e+01, 
 1DIAGNOSTIC,    36, -8.882823060590e-01, 5.133151393366e-05, 5.6930e+02, 1.2313e+01, 
 1DIAGNOSTIC,    37, -8.884803027462e-01, 4.629930322849e-05, 5.8134e+02, 1.2047e+01, 
 1DIAGNOSTIC,    38, -8.886688165030e-01, 4.204252820363e-05, 5.9346e+02, 1.2119e+01, 
 1DIAGNOSTIC,    39, -8.888490465808e-01, 3.842004064409e-05, 6.0550e+02, 1.2044e+01, 
 1DIAGNOSTIC,    40, -8.890183735164e-01, 3.531455234514e-05, 6.1760e+02, 1.2091e+01, 
 1DIAGNOSTIC,    41, -8.891785472036e-01, 3.259994852166e-05, 6.2966e+02, 1.2067e+01, 
 1DIAGNOSTIC,    42, -8.893389174281e-01, 3.024275624382e-05, 6.4192e+02, 1.2255e+01, 
 1DIAGNOSTIC,    43, -8.894921588228e-01, 2.817932034858e-05, 6.5418e+02, 1.2260e+01, 
 1DIAGNOSTIC,    44, -8.896400974174e-01, 2.635737384933e-05, 6.6629e+02, 1.2111e+01, 
 1DIAGNOSTIC,    45, -8.897856080814e-01, 2.475187360808e-05, 6.7841e+02, 1.2119e+01, 
 1DIAGNOSTIC,    46, -8.899281553616e-01, 2.334363228224e-05, 6.9051e+02, 1.2101e+01, 
 1DIAGNOSTIC,    47, -8.900614841821e-01, 2.207451359210e-05, 7.0255e+02, 1.2039e+01, 
 1DIAGNOSTIC,    48, -8.901892530554e-01, 2.090999235135e-05, 7.1481e+02, 1.2260e+01, 
 1DIAGNOSTIC,    49, -8.903113138888e-01, 1.982070516166e-05, 7.2692e+02, 1.2115e+01, 
 1DIAGNOSTIC,    50, -8.904292069656e-01, 1.876902691858e-05, 7.3908e+02, 1.2156e+01, 
XXDIAGNOSTIC,Iteration,metricValue,convergenceValue,ITERATION_TIME_INDEX,SINCE_LAST
 1DIAGNOSTIC,     1, -8.490602122087e-01, 1.797693134862e+308, 8.4077e+02, 1.0169e+02, 
 1DIAGNOSTIC,     2, -8.499706064172e-01, 1.797693134862e+308, 9.4067e+02, 9.9897e+01, 
 1DIAGNOSTIC,     3, -8.512865038695e-01, 1.797693134862e+308, 1.0418e+03, 1.0111e+02, 
 1DIAGNOSTIC,     4, -8.526119485910e-01, 1.797693134862e+308, 1.1441e+03, 1.0234e+02, 
 1DIAGNOSTIC,     5, -8.538961967563e-01, 1.797693134862e+308, 1.2467e+03, 1.0256e+02, 
 1DIAGNOSTIC,     6, -8.552773171759e-01, 1.797693134862e+308, 1.3512e+03, 1.0455e+02, 
 1DIAGNOSTIC,     7, -8.565361075215e-01, 1.797693134862e+308, 1.4532e+03, 1.0196e+02, 
 1DIAGNOSTIC,     8, -8.575982830511e-01, 1.797693134862e+308, 1.5564e+03, 1.0318e+02, 
 1DIAGNOSTIC,     9, -8.586055816953e-01, 1.797693134862e+308, 1.6638e+03, 1.0744e+02, 
 1DIAGNOSTIC,    10, -8.595486712786e-01, 8.189089370870e-04, 1.7638e+03, 9.9990e+01, 
 1DIAGNOSTIC,    11, -8.605146248370e-01, 7.253285504467e-04, 1.8650e+03, 1.0120e+02, 
 1DIAGNOSTIC,    12, -8.612446480336e-01, 6.272077708044e-04, 1.9669e+03, 1.0189e+02, 
 1DIAGNOSTIC,    13, -8.619178226893e-01, 5.381660910574e-04, 2.0673e+03, 1.0038e+02, 
 1DIAGNOSTIC,    14, -8.625528587294e-01, 4.592913000349e-04, 2.1688e+03, 1.0159e+02, 
 1DIAGNOSTIC,    15, -8.631435054276e-01, 3.901077065149e-04, 2.2696e+03, 1.0071e+02, 
 1DIAGNOSTIC,    16, -8.636763594876e-01, 3.331384437752e-04, 2.3714e+03, 1.0184e+02, 
 1DIAGNOSTIC,    17, -8.641565634518e-01, 2.859584306592e-04, 2.4779e+03, 1.0647e+02, 
 1DIAGNOSTIC,    18, -8.646030135982e-01, 2.452842500790e-04, 2.5796e+03, 1.0175e+02, 
 1DIAGNOSTIC,    19, -8.650115097871e-01, 2.107297439502e-04, 2.6819e+03, 1.0224e+02, 
 1DIAGNOSTIC,    20, -8.653804050113e-01, 1.815992070916e-04, 2.7824e+03, 1.0060e+02, 
  Elapsed time (stage 0): 2783.5


Total elapsed time: 2783.5
