
##########################
# Experiment information #
##########################

EXPERIMENT_NAME: antsRegistration-r8-p9
VFC_BACKENDS: libinterflop_vprec.so --range-binary32=8 --precision-binary32=9 --range-binary64=8 --precision-binary64=9

SIF_IMG: /home/mdugre/projects/rrg-glatard/mdugre/containers/ants-vprec-no_metrics.simg

SUBJECT_ID: s007
INPUT_IMG: /home/mdugre/scratch/mri-registration-rp/datasets/ds004513/derivatives/mri-registration-rp/antsBrainExtraction/sub-s007/BrainExtractionBrain.nii.gz
OUTPUT_DIR: /home/mdugre/scratch/mri-registration-rp/datasets/ds004513/derivatives/mri-registration-rp/0100/antsRegistration-r8-p9/sub-s007

FIXED_IMG: /templateflow/tpl-MNI152NLin2009cAsym/tpl-MNI152NLin2009cAsym_res-01_desc-brain_T1w.nii.gz
DATA_DIR: /home/mdugre/scratch/mri-registration-rp/datasets/ds004513
TEMPLATEFLOW_DIR: /home/mdugre/projects/rrg-glatard/mdugre/templateflow
ITK_GLOBAL_DEFAULT_NUMBER_OF_THREADS: 16
##########################

Info [verificarlo]: loaded backend libinterflop_ieee.so
Info [interflop-ieee]: load backend with:
Info [interflop-ieee]: debug = false
Info [interflop-ieee]: debug-binary = false
Info [interflop-ieee]: no-backend-name = false
Info [interflop-ieee]: print-new-line = false
Info [interflop-ieee]: print-subnormal-normalized = false
Info [interflop-ieee]: count-op = false
All_Command_lines_OK
Using double precision for computations.
=============================================================================
The composite transform comprises the following transforms (in order): 
  1. Center of mass alignment using fixed image: /templateflow/tpl-MNI152NLin2009cAsym/tpl-MNI152NLin2009cAsym_res-01_desc-brain_T1w.nii.gz and moving image: /home/mdugre/scratch/mri-registration-rp/datasets/ds004513/derivatives/mri-registration-rp/antsBrainExtraction/sub-s007/BrainExtractionBrain.nii.gz (type = Euler3DTransform)
=============================================================================
  number of levels = 1
  fixed image: /templateflow/tpl-MNI152NLin2009cAsym/tpl-MNI152NLin2009cAsym_res-01_desc-brain_T1w.nii.gz
  moving image: /home/mdugre/scratch/mri-registration-rp/datasets/ds004513/derivatives/mri-registration-rp/antsBrainExtraction/sub-s007/BrainExtractionBrain.nii.gz
Dimension = 3
Number of stages = 1
Use histogram matching = false
Winsorize image intensities = true
  Lower quantile = 0.005
  Upper quantile = 0.995


Stage 1 State
   Image metric = MattesMI
     Fixed image = Image (0x48e2bd0)
  RTTI typeinfo:   itk::Image<double, 3u>
  Reference Count: 2
  Modified Time: 2334
  Debug: Off
  Object Name: 
  Observers: 
    none
  Source: (none)
  Source output name: (none)
  Release Data: Off
  Data Released: False
  Global Release Data: Off
  PipelineMTime: 0
  UpdateMTime: 1943
  RealTimeStamp: 0 seconds 
  LargestPossibleRegion: 
    Dimension: 3
    Index: [0, 0, 0]
    Size: [193, 229, 193]
  BufferedRegion: 
    Dimension: 3
    Index: [0, 0, 0]
    Size: [193, 229, 193]
  RequestedRegion: 
    Dimension: 3
    Index: [0, 0, 0]
    Size: [193, 229, 193]
  Spacing: [1, 1, 1]
  Origin: [96, 132, -78]
  Direction: 
-1 0 0
0 -1 0
0 0 1

  IndexToPointMatrix: 
-1 0 0
0 -1 0
0 0 1

  PointToIndexMatrix: 
-1 0 0
0 -1 0
0 0 1

  Inverse Direction: 
-1 0 0
0 -1 0
0 0 1

  PixelContainer: 
    ImportImageContainer (0x493a930)
      RTTI typeinfo:   itk::ImportImageContainer<unsigned long, double>
      Reference Count: 1
      Modified Time: 1940
      Debug: Off
      Object Name: 
      Observers: 
        none
      Pointer: 0x152754354010
      Container manages memory: true
      Size: 8530021
      Capacity: 8530021

     Moving image = Image (0x49d26c0)
  RTTI typeinfo:   itk::Image<double, 3u>
  Reference Count: 2
  Modified Time: 2335
  Debug: Off
  Object Name: 
  Observers: 
    none
  Source: (none)
  Source output name: (none)
  Release Data: Off
  Data Released: False
  Global Release Data: Off
  PipelineMTime: 0
  UpdateMTime: 2332
  RealTimeStamp: 0 seconds 
  LargestPossibleRegion: 
    Dimension: 3
    Index: [0, 0, 0]
    Size: [176, 240, 256]
  BufferedRegion: 
    Dimension: 3
    Index: [0, 0, 0]
    Size: [176, 240, 256]
  RequestedRegion: 
    Dimension: 3
    Index: [0, 0, 0]
    Size: [176, 240, 256]
  Spacing: [1, 1, 1]
  Origin: [93.4772, 83.7926, -132.68]
  Direction: 
-0.997185 -0.0749788 0
0.0749788 -0.997185 0
0 0 1

  IndexToPointMatrix: 
-0.997185 -0.0749788 0
0.0749787 -0.997185 0
0 0 1

  PointToIndexMatrix: 
-0.997185 0.0749788 0
-0.0749788 -0.997185 0
0 0 1

  Inverse Direction: 
-0.997185 0.0749788 0
-0.0749788 -0.997185 0
0 0 1

  PixelContainer: 
    ImportImageContainer (0x4a32ad0)
      RTTI typeinfo:   itk::ImportImageContainer<unsigned long, double>
      Reference Count: 1
      Modified Time: 2329
      Debug: Off
      Object Name: 
      Observers: 
        none
      Pointer: 0x15274f0d3010
      Container manages memory: true
      Size: 10813440
      Capacity: 10813440

     Weighting = 1
     Sampling strategy = regular
     Number of bins = 32
     Radius = 4
     Sampling percentage  = 0.25
   Transform = Rigid
     Gradient step = 0.1
     Update field sigma (voxel space) = 0
     Total field sigma (voxel space) = 0
     Update field time sigma = 0
     Total field time sigma  = 0
     Number of time indices = 0
     Number of time point samples = 0
Registration using 1 total stages.

Stage 0
  iterations = 0
  convergence threshold = 1e-06
  convergence window size = 10
  number of levels = 1
  using the Mattes MI metric (number of bins = 32, weight = 1, use gradient filter = 0)
  preprocessing:  winsorizing the image intensities
  Shrink factors (level 1 out of 1): [1, 1, 1]
  smoothing sigmas per level: [0]
  regular sampling (percentage = 0.25)

*** Running Euler3DTransform registration ***

  Elapsed time (stage 0): 1.11239


Total elapsed time: 1.11445
Info [verificarlo]: loaded backend libinterflop_vprec.so
Info [interflop-vprec]: load backend with: 
Info [interflop-vprec]: precision-binary32 = 9
Info [interflop-vprec]: range-binary32 = 8
Info [interflop-vprec]: precision-binary64 = 9
Info [interflop-vprec]: range-binary64 = 8
Info [interflop-vprec]: mode = ob
Info [interflop-vprec]: error-mode = rel
Info [interflop-vprec]: max-abs-error-exponent = -1022
Info [interflop-vprec]: daz = false
Info [interflop-vprec]: ftz = false
Info [interflop-vprec]: 	instrument = none
Info [interflop-vprec]: 	prec-input-file = (null)
Info [interflop-vprec]: 	prec-output-file = (null)
Info [interflop-vprec]: 	prec-log-file = (null)
All_Command_lines_OK
Using double precision for computations.
=============================================================================
The composite transform comprises the following transforms (in order): 
  1. /home/mdugre/scratch/mri-registration-rp/datasets/ds004513/derivatives/mri-registration-rp/0100/antsRegistration-r8-p9/sub-s007/align_Composite.h5[0] (type = Euler3DTransform)
  2. /home/mdugre/scratch/mri-registration-rp/datasets/ds004513/derivatives/mri-registration-rp/0100/antsRegistration-r8-p9/sub-s007/align_Composite.h5[1] (type = Euler3DTransform)
=============================================================================
  number of levels = 4
  fixed image: /templateflow/tpl-MNI152NLin2009cAsym/tpl-MNI152NLin2009cAsym_res-01_desc-brain_T1w.nii.gz
  moving image: /home/mdugre/scratch/mri-registration-rp/datasets/ds004513/derivatives/mri-registration-rp/antsBrainExtraction/sub-s007/BrainExtractionBrain.nii.gz
Dimension = 3
Number of stages = 1
Use histogram matching = false
Winsorize image intensities = true
  Lower quantile = 0.005
  Upper quantile = 0.995


Stage 1 State
   Image metric = MattesMI
     Fixed image = Image (0x46251e0)
  RTTI typeinfo:   itk::Image<double, 3u>
  Reference Count: 2
  Modified Time: 1578
  Debug: Off
  Object Name: 
  Observers: 
    none
  Source: (none)
  Source output name: (none)
  Release Data: Off
  Data Released: False
  Global Release Data: Off
  PipelineMTime: 0
  UpdateMTime: 1189
  RealTimeStamp: 0 seconds 
  LargestPossibleRegion: 
    Dimension: 3
    Index: [0, 0, 0]
    Size: [193, 229, 193]
  BufferedRegion: 
    Dimension: 3
    Index: [0, 0, 0]
    Size: [193, 229, 193]
  RequestedRegion: 
    Dimension: 3
    Index: [0, 0, 0]
    Size: [193, 229, 193]
  Spacing: [1, 1, 1]
  Origin: [96, 132, -78]
  Direction: 
-1 0 0
0 -1 0
0 0 1

  IndexToPointMatrix: 
-1 0 0
0 -1 0
0 0 1

  PointToIndexMatrix: 
-1 0 0
0 -1 0
0 0 1

  Inverse Direction: 
-1 0 0
0 -1 0
0 0 1

  PixelContainer: 
    ImportImageContainer (0x46e4680)
      RTTI typeinfo:   itk::ImportImageContainer<unsigned long, double>
      Reference Count: 1
      Modified Time: 1186
      Debug: Off
      Object Name: 
      Observers: 
        none
      Pointer: 0x14c2768d8010
      Container manages memory: true
      Size: 8530021
      Capacity: 8530021

     Moving image = Image (0x46e0b20)
  RTTI typeinfo:   itk::Image<double, 3u>
  Reference Count: 2
  Modified Time: 1579
  Debug: Off
  Object Name: 
  Observers: 
    none
  Source: (none)
  Source output name: (none)
  Release Data: Off
  Data Released: False
  Global Release Data: Off
  PipelineMTime: 0
  UpdateMTime: 1576
  RealTimeStamp: 0 seconds 
  LargestPossibleRegion: 
    Dimension: 3
    Index: [0, 0, 0]
    Size: [176, 240, 256]
  BufferedRegion: 
    Dimension: 3
    Index: [0, 0, 0]
    Size: [176, 240, 256]
  RequestedRegion: 
    Dimension: 3
    Index: [0, 0, 0]
    Size: [176, 240, 256]
  Spacing: [1, 1, 1]
  Origin: [93.5, 83.75, -132.75]
  Direction: 
-0.99707 -0.0748291 0
0.0748291 -0.99707 0
0 0 1

  IndexToPointMatrix: 
-0.99707 -0.0748291 0
0.0748291 -0.99707 0
0 0 1

  PointToIndexMatrix: 
-0.996094 0.0748291 0
-0.0748291 -0.99707 0
0 0 1

  Inverse Direction: 
-0.996094 0.0748291 0
-0.0748291 -0.99707 0
0 0 1

  PixelContainer: 
    ImportImageContainer (0x4749d50)
      RTTI typeinfo:   itk::ImportImageContainer<unsigned long, double>
      Reference Count: 1
      Modified Time: 1573
      Debug: Off
      Object Name: 
      Observers: 
        none
      Pointer: 0x14c271657010
      Container manages memory: true
      Size: 10813440
      Capacity: 10813440

     Weighting = 1
     Sampling strategy = regular
     Number of bins = 32
     Radius = 4
     Sampling percentage  = 0.25
   Transform = Rigid
     Gradient step = 0.1
     Update field sigma (voxel space) = 0
     Total field sigma (voxel space) = 0
     Update field time sigma = 0
     Total field time sigma  = 0
     Number of time indices = 0
     Number of time point samples = 0
Registration using 1 total stages.

Stage 0
  iterations = 1000x500x250x100
  convergence threshold = 1e-06
  convergence window size = 10
  number of levels = 4
  using the Mattes MI metric (number of bins = 32, weight = 1, use gradient filter = 0)
  preprocessing:  winsorizing the image intensities
  Shrink factors (level 1 out of 4): [8, 8, 8]
  Shrink factors (level 2 out of 4): [4, 4, 4]
  Shrink factors (level 3 out of 4): [2, 2, 2]
  Shrink factors (level 4 out of 4): [1, 1, 1]
  smoothing sigmas per level: [3, 2, 1, 0]
  regular sampling (percentage = 0.25)

*** Running Euler3DTransform registration ***

DIAGNOSTIC,Iteration,metricValue,convergenceValue,ITERATION_TIME_INDEX,SINCE_LAST
 2DIAGNOSTIC,     1, -6.049098263501e-01, 1.797693134862e+308, 0.0000e+00, 0.0000e+00, 
 2DIAGNOSTIC,     2, -6.051135623483e-01, 1.797693134862e+308, 0.0000e+00, 0.0000e+00, 
 2DIAGNOSTIC,     3, -6.058822756295e-01, 1.797693134862e+308, 0.0000e+00, 0.0000e+00, 
 2DIAGNOSTIC,     4, -6.063657453196e-01, 1.797693134862e+308, 0.0000e+00, 0.0000e+00, 
 2DIAGNOSTIC,     5, -6.072773342580e-01, 1.797693134862e+308, 0.0000e+00, 0.0000e+00, 
 2DIAGNOSTIC,     6, -6.074095783445e-01, 1.797693134862e+308, 0.0000e+00, 0.0000e+00, 
 2DIAGNOSTIC,     7, -6.095574822227e-01, 1.797693134862e+308, 0.0000e+00, 0.0000e+00, 
 2DIAGNOSTIC,     8, -6.128625445872e-01, 1.797693134862e+308, 0.0000e+00, 0.0000e+00, 
 2DIAGNOSTIC,     9, -6.181137906927e-01, 1.797693134862e+308, 0.0000e+00, 0.0000e+00, 
 2DIAGNOSTIC,    10, -6.320098766610e-01, 2.087374653738e-03, 0.0000e+00, 0.0000e+00, 
 2DIAGNOSTIC,    11, -6.597733199961e-01, 3.724059137792e-03, 0.0000e+00, 0.0000e+00, 
 2DIAGNOSTIC,    12, -6.827533738883e-01, 5.584926177296e-03, 0.0000e+00, 0.0000e+00, 
 2DIAGNOSTIC,    13, -7.291634287069e-01, 8.228066455344e-03, 0.0000e+00, 0.0000e+00, 
 2DIAGNOSTIC,    14, -7.875908685511e-01, 1.147997686488e-02, 0.0000e+00, 0.0000e+00, 
 2DIAGNOSTIC,    15, -7.880717763771e-01, 1.318423276811e-02, 0.0000e+00, 0.0000e+00, 
 2DIAGNOSTIC,    16, -7.903321726800e-01, 1.352649960015e-02, 0.0000e+00, 0.0000e+00, 
 2DIAGNOSTIC,    17, -7.915761119353e-01, 1.268520075500e-02, 0.0000e+00, 0.0000e+00, 
 2DIAGNOSTIC,    18, -7.925953837211e-01, 1.087945505934e-02, 0.0000e+00, 0.0000e+00, 
 2DIAGNOSTIC,    19, -7.925754158187e-01, 8.392491038299e-03, 0.0000e+00, 0.0000e+00, 
 2DIAGNOSTIC,    20, -7.912135632699e-01, 5.680904999885e-03, 0.0000e+00, 0.0000e+00, 
 2DIAGNOSTIC,    21, -7.912566629342e-01, 3.301906484361e-03, 0.0000e+00, 0.0000e+00, 
 2DIAGNOSTIC,    22, -7.914470324466e-01, 1.280361831013e-03, 0.0000e+00, 0.0000e+00, 
 2DIAGNOSTIC,    23, -7.912672295383e-01, 1.254425935303e-04, 0.0000e+00, 0.0000e+00, 
 2DIAGNOSTIC,    24, -7.912115468385e-01, 5.077294717671e-05, 0.0000e+00, 0.0000e+00, 
DIAGNOSTIC,Iteration,metricValue,convergenceValue,ITERATION_TIME_INDEX,SINCE_LAST
 2DIAGNOSTIC,     1, -6.621925383841e-01, 1.797693134862e+308, 0.0000e+00, 0.0000e+00, 
 2DIAGNOSTIC,     2, -6.623552606446e-01, 1.797693134862e+308, 0.0000e+00, 0.0000e+00, 
 2DIAGNOSTIC,     3, -6.623838300355e-01, 1.797693134862e+308, 0.0000e+00, 0.0000e+00, 
 2DIAGNOSTIC,     4, -6.624154772334e-01, 1.797693134862e+308, 0.0000e+00, 0.0000e+00, 
 2DIAGNOSTIC,     5, -6.624371377293e-01, 1.797693134862e+308, 0.0000e+00, 0.0000e+00, 
 2DIAGNOSTIC,     6, -6.622327785147e-01, 1.797693134862e+308, 0.0000e+00, 0.0000e+00, 
 2DIAGNOSTIC,     7, -6.622224623158e-01, 1.797693134862e+308, 0.0000e+00, 0.0000e+00, 
 2DIAGNOSTIC,     8, -6.622112353116e-01, 1.797693134862e+308, 0.0000e+00, 0.0000e+00, 
 2DIAGNOSTIC,     9, -6.622102433957e-01, 1.797693134862e+308, 0.0000e+00, 0.0000e+00, 
DIAGNOSTIC,Iteration,metricValue,convergenceValue,ITERATION_TIME_INDEX,SINCE_LAST
 2DIAGNOSTIC,     1, -5.707100823341e-01, 1.797693134862e+308, 0.0000e+00, 0.0000e+00, 
 2DIAGNOSTIC,     2, -5.707356218297e-01, 1.797693134862e+308, 0.0000e+00, 0.0000e+00, 
 2DIAGNOSTIC,     3, -5.707284899142e-01, 1.797693134862e+308, 0.0000e+00, 0.0000e+00, 
 2DIAGNOSTIC,     4, -5.707282252530e-01, 1.797693134862e+308, 0.0000e+00, 0.0000e+00, 
 2DIAGNOSTIC,     5, -5.707217273754e-01, 1.797693134862e+308, 0.0000e+00, 0.0000e+00, 
 2DIAGNOSTIC,     6, -5.707208699486e-01, 1.797693134862e+308, 0.0000e+00, 0.0000e+00, 
 2DIAGNOSTIC,     7, -5.707200853415e-01, 1.797693134862e+308, 0.0000e+00, 0.0000e+00, 
 2DIAGNOSTIC,     8, -5.707166201459e-01, 1.797693134862e+308, 0.0000e+00, 0.0000e+00, 
 2DIAGNOSTIC,     9, -5.707281459600e-01, 1.797693134862e+308, 0.0000e+00, 0.0000e+00, 
DIAGNOSTIC,Iteration,metricValue,convergenceValue,ITERATION_TIME_INDEX,SINCE_LAST
 2DIAGNOSTIC,     1, -5.190559198862e-01, 1.797693134862e+308, 0.0000e+00, 0.0000e+00, 
 2DIAGNOSTIC,     2, -5.182301657906e-01, 1.797693134862e+308, 0.0000e+00, 0.0000e+00, 
 2DIAGNOSTIC,     3, -5.183046221263e-01, 1.797693134862e+308, 0.0000e+00, 0.0000e+00, 
 2DIAGNOSTIC,     4, -5.184205554325e-01, 1.797693134862e+308, 0.0000e+00, 0.0000e+00, 
 2DIAGNOSTIC,     5, -5.185031218945e-01, 1.797693134862e+308, 0.0000e+00, 0.0000e+00, 
 2DIAGNOSTIC,     6, -5.186140249039e-01, 1.797693134862e+308, 0.0000e+00, 0.0000e+00, 
 2DIAGNOSTIC,     7, -5.187876038744e-01, 1.797693134862e+308, 0.0000e+00, 0.0000e+00, 
 2DIAGNOSTIC,     8, -5.190403225969e-01, 1.797693134862e+308, 0.0000e+00, 0.0000e+00, 
 2DIAGNOSTIC,     9, -5.194274905982e-01, 1.797693134862e+308, 0.0000e+00, 0.0000e+00, 
 2DIAGNOSTIC,    10, -5.194378788627e-01, 1.169091006627e-04, 0.0000e+00, 0.0000e+00, 
 2DIAGNOSTIC,    11, -5.194324690945e-01, 1.582951866951e-04, 0.0000e+00, 0.0000e+00, 
 2DIAGNOSTIC,    12, -5.194341711471e-01, 1.411053906751e-04, 0.0000e+00, 0.0000e+00, 
 2DIAGNOSTIC,    13, -5.194102541285e-01, 1.156608805109e-04, 0.0000e+00, 0.0000e+00, 
 2DIAGNOSTIC,    14, -5.194066283678e-01, 8.753757360211e-05, 0.0000e+00, 0.0000e+00, 
 2DIAGNOSTIC,    15, -5.194060377540e-01, 5.821924777194e-05, 0.0000e+00, 0.0000e+00, 
 2DIAGNOSTIC,    16, -5.194053477536e-01, 3.114412410565e-05, 0.0000e+00, 0.0000e+00, 
 2DIAGNOSTIC,    17, -5.194045879042e-01, 9.875513828056e-06, 0.0000e+00, 0.0000e+00, 
  Elapsed time (stage 0): 0.0000e+00


Total elapsed time: 0.0000e+00
Info [verificarlo]: loaded backend libinterflop_ieee.so
Info [interflop-ieee]: load backend with:
Info [interflop-ieee]: debug = false
Info [interflop-ieee]: debug-binary = false
Info [interflop-ieee]: no-backend-name = false
Info [interflop-ieee]: print-new-line = false
Info [interflop-ieee]: print-subnormal-normalized = false
Info [interflop-ieee]: count-op = false
All_Command_lines_OK
Using double precision for computations.
=============================================================================
The composite transform comprises the following transforms (in order): 
  1. /home/mdugre/scratch/mri-registration-rp/datasets/ds004513/derivatives/mri-registration-rp/0100/antsRegistration-r8-p9/sub-s007/rigid_Composite.h5[0] (type = Euler3DTransform)
  2. /home/mdugre/scratch/mri-registration-rp/datasets/ds004513/derivatives/mri-registration-rp/0100/antsRegistration-r8-p9/sub-s007/rigid_Composite.h5[1] (type = Euler3DTransform)
  3. /home/mdugre/scratch/mri-registration-rp/datasets/ds004513/derivatives/mri-registration-rp/0100/antsRegistration-r8-p9/sub-s007/rigid_Composite.h5[2] (type = Euler3DTransform)
=============================================================================
  number of levels = 4
  fixed image: /templateflow/tpl-MNI152NLin2009cAsym/tpl-MNI152NLin2009cAsym_res-01_desc-brain_T1w.nii.gz
  moving image: /home/mdugre/scratch/mri-registration-rp/datasets/ds004513/derivatives/mri-registration-rp/antsBrainExtraction/sub-s007/BrainExtractionBrain.nii.gz
Dimension = 3
Number of stages = 1
Use histogram matching = false
Winsorize image intensities = true
  Lower quantile = 0.005
  Upper quantile = 0.995


Stage 1 State
   Image metric = MattesMI
     Fixed image = Image (0x4cac530)
  RTTI typeinfo:   itk::Image<double, 3u>
  Reference Count: 2
  Modified Time: 1594
  Debug: Off
  Object Name: 
  Observers: 
    none
  Source: (none)
  Source output name: (none)
  Release Data: Off
  Data Released: False
  Global Release Data: Off
  PipelineMTime: 0
  UpdateMTime: 1203
  RealTimeStamp: 0 seconds 
  LargestPossibleRegion: 
    Dimension: 3
    Index: [0, 0, 0]
    Size: [193, 229, 193]
  BufferedRegion: 
    Dimension: 3
    Index: [0, 0, 0]
    Size: [193, 229, 193]
  RequestedRegion: 
    Dimension: 3
    Index: [0, 0, 0]
    Size: [193, 229, 193]
  Spacing: [1, 1, 1]
  Origin: [96, 132, -78]
  Direction: 
-1 0 0
0 -1 0
0 0 1

  IndexToPointMatrix: 
-1 0 0
0 -1 0
0 0 1

  PointToIndexMatrix: 
-1 0 0
0 -1 0
0 0 1

  Inverse Direction: 
-1 0 0
0 -1 0
0 0 1

  PixelContainer: 
    ImportImageContainer (0x4cb92b0)
      RTTI typeinfo:   itk::ImportImageContainer<unsigned long, double>
      Reference Count: 1
      Modified Time: 1200
      Debug: Off
      Object Name: 
      Observers: 
        none
      Pointer: 0x154c41e6a010
      Container manages memory: true
      Size: 8530021
      Capacity: 8530021

     Moving image = Image (0x4d67fd0)
  RTTI typeinfo:   itk::Image<double, 3u>
  Reference Count: 2
  Modified Time: 1595
  Debug: Off
  Object Name: 
  Observers: 
    none
  Source: (none)
  Source output name: (none)
  Release Data: Off
  Data Released: False
  Global Release Data: Off
  PipelineMTime: 0
  UpdateMTime: 1592
  RealTimeStamp: 0 seconds 
  LargestPossibleRegion: 
    Dimension: 3
    Index: [0, 0, 0]
    Size: [176, 240, 256]
  BufferedRegion: 
    Dimension: 3
    Index: [0, 0, 0]
    Size: [176, 240, 256]
  RequestedRegion: 
    Dimension: 3
    Index: [0, 0, 0]
    Size: [176, 240, 256]
  Spacing: [1, 1, 1]
  Origin: [93.4772, 83.7926, -132.68]
  Direction: 
-0.997185 -0.0749788 0
0.0749788 -0.997185 0
0 0 1

  IndexToPointMatrix: 
-0.997185 -0.0749788 0
0.0749787 -0.997185 0
0 0 1

  PointToIndexMatrix: 
-0.997185 0.0749788 0
-0.0749788 -0.997185 0
0 0 1

  Inverse Direction: 
-0.997185 0.0749788 0
-0.0749788 -0.997185 0
0 0 1

  PixelContainer: 
    ImportImageContainer (0x4d7f990)
      RTTI typeinfo:   itk::ImportImageContainer<unsigned long, double>
      Reference Count: 1
      Modified Time: 1589
      Debug: Off
      Object Name: 
      Observers: 
        none
      Pointer: 0x154c3cbe9010
      Container manages memory: true
      Size: 10813440
      Capacity: 10813440

     Weighting = 1
     Sampling strategy = regular
     Number of bins = 32
     Radius = 4
     Sampling percentage  = 0.25
   Transform = Affine
     Gradient step = 0.1
     Update field sigma (voxel space) = 0
     Total field sigma (voxel space) = 0
     Update field time sigma = 0
     Total field time sigma  = 0
     Number of time indices = 0
     Number of time point samples = 0
Registration using 1 total stages.

Stage 0
  iterations = 1000x500x250x100
  convergence threshold = 1e-06
  convergence window size = 10
  number of levels = 4
  using the Mattes MI metric (number of bins = 32, weight = 1, use gradient filter = 0)
  preprocessing:  winsorizing the image intensities
  Shrink factors (level 1 out of 4): [8, 8, 8]
  Shrink factors (level 2 out of 4): [4, 4, 4]
  Shrink factors (level 3 out of 4): [2, 2, 2]
  Shrink factors (level 4 out of 4): [1, 1, 1]
  smoothing sigmas per level: [3, 2, 1, 0]
  regular sampling (percentage = 0.25)

*** Running AffineTransform registration ***

DIAGNOSTIC,Iteration,metricValue,convergenceValue,ITERATION_TIME_INDEX,SINCE_LAST
 2DIAGNOSTIC,     1, -7.973797480363e-01, 1.797693134862e+308, 8.4104e-01, 8.4104e-01, 
 2DIAGNOSTIC,     2, -7.998810898351e-01, 1.797693134862e+308, 8.4556e-01, 4.5230e-03, 
 2DIAGNOSTIC,     3, -8.039219829539e-01, 1.797693134862e+308, 8.4996e-01, 4.3969e-03, 
 2DIAGNOSTIC,     4, -8.106751715376e-01, 1.797693134862e+308, 8.5436e-01, 4.4079e-03, 
 2DIAGNOSTIC,     5, -8.195960026712e-01, 1.797693134862e+308, 8.5854e-01, 4.1759e-03, 
 2DIAGNOSTIC,     6, -8.306399177798e-01, 1.797693134862e+308, 8.6268e-01, 4.1380e-03, 
 2DIAGNOSTIC,     7, -8.578124222915e-01, 1.797693134862e+308, 8.6692e-01, 4.2379e-03, 
 2DIAGNOSTIC,     8, -8.888168200460e-01, 1.797693134862e+308, 8.7271e-01, 5.7940e-03, 
 2DIAGNOSTIC,     9, -9.010050943035e-01, 1.797693134862e+308, 8.7686e-01, 4.1480e-03, 
 2DIAGNOSTIC,    10, -9.120758735164e-01, 9.670859766237e-03, 8.8185e-01, 4.9951e-03, 
 2DIAGNOSTIC,    11, -9.198629417655e-01, 9.577075684643e-03, 8.8679e-01, 4.9379e-03, 
 2DIAGNOSTIC,    12, -9.213719335596e-01, 8.746382497653e-03, 8.9234e-01, 5.5530e-03, 
 2DIAGNOSTIC,    13, -9.218045885390e-01, 7.372362156895e-03, 9.0045e-01, 8.1062e-03, 
 2DIAGNOSTIC,    14, -9.218455062253e-01, 5.703167342148e-03, 9.0474e-01, 4.2880e-03, 
 2DIAGNOSTIC,    15, -9.220563519673e-01, 3.957338392746e-03, 9.0954e-01, 4.7982e-03, 
 2DIAGNOSTIC,    16, -9.221855338887e-01, 2.300768813157e-03, 9.1435e-01, 4.8089e-03, 
 2DIAGNOSTIC,    17, -9.219517783803e-01, 1.141693523590e-03, 9.1866e-01, 4.3130e-03, 
 2DIAGNOSTIC,    18, -9.220723047907e-01, 5.713803688122e-04, 9.2294e-01, 4.2810e-03, 
 2DIAGNOSTIC,    19, -9.222510901313e-01, 2.180924038621e-04, 9.2757e-01, 4.6310e-03, 
 2DIAGNOSTIC,    20, -9.224943377578e-01, 6.060522607051e-05, 9.3207e-01, 4.4990e-03, 
 2DIAGNOSTIC,    21, -9.227764722475e-01, 3.619345462891e-05, 9.3656e-01, 4.4909e-03, 
 2DIAGNOSTIC,    22, -9.227099581879e-01, 3.179628489224e-05, 9.4094e-01, 4.3769e-03, 
 2DIAGNOSTIC,    23, -9.227010528317e-01, 3.102121628760e-05, 9.4577e-01, 4.8330e-03, 
 2DIAGNOSTIC,    24, -9.227504415959e-01, 2.863280431690e-05, 9.5019e-01, 4.4169e-03, 
 2DIAGNOSTIC,    25, -9.226641491262e-01, 2.531175869880e-05, 9.5504e-01, 4.8499e-03, 
 2DIAGNOSTIC,    26, -9.227058767349e-01, 2.220262520073e-05, 9.5995e-01, 4.9150e-03, 
 2DIAGNOSTIC,    27, -9.225785101071e-01, 1.311904296319e-05, 9.6449e-01, 4.5359e-03, 
 2DIAGNOSTIC,    28, -9.224662566995e-01, 3.739053048755e-06, 9.6903e-01, 4.5390e-03, 
DIAGNOSTIC,Iteration,metricValue,convergenceValue,ITERATION_TIME_INDEX,SINCE_LAST
 2DIAGNOSTIC,     1, -7.497587578514e-01, 1.797693134862e+308, 1.7562e+00, 7.8714e-01, 
 2DIAGNOSTIC,     2, -7.505566002817e-01, 1.797693134862e+308, 1.7884e+00, 3.2222e-02, 
 2DIAGNOSTIC,     3, -7.513276963545e-01, 1.797693134862e+308, 1.8220e+00, 3.3656e-02, 
 2DIAGNOSTIC,     4, -7.519520312952e-01, 1.797693134862e+308, 1.8559e+00, 3.3813e-02, 
 2DIAGNOSTIC,     5, -7.523224372863e-01, 1.797693134862e+308, 1.8924e+00, 3.6497e-02, 
 2DIAGNOSTIC,     6, -7.526923254592e-01, 1.797693134862e+308, 1.9406e+00, 4.8226e-02, 
 2DIAGNOSTIC,     7, -7.527696366021e-01, 1.797693134862e+308, 1.9798e+00, 3.9273e-02, 
 2DIAGNOSTIC,     8, -7.526812634487e-01, 1.797693134862e+308, 2.0271e+00, 4.7286e-02, 
 2DIAGNOSTIC,     9, -7.526409917561e-01, 1.797693134862e+308, 2.0647e+00, 3.7570e-02, 
 2DIAGNOSTIC,    10, -7.526159876118e-01, 2.326620901708e-04, 2.1041e+00, 3.9367e-02, 
 2DIAGNOSTIC,    11, -7.526107241734e-01, 1.349525987035e-04, 2.1375e+00, 3.3463e-02, 
 2DIAGNOSTIC,    12, -7.525970042314e-01, 6.602584491554e-05, 2.1748e+00, 3.7282e-02, 
 2DIAGNOSTIC,    13, -7.525829152419e-01, 2.381585469891e-05, 2.2144e+00, 3.9577e-02, 
 2DIAGNOSTIC,    14, -7.525792026737e-01, 2.351967631847e-06, 2.2470e+00, 3.2586e-02, 
DIAGNOSTIC,Iteration,metricValue,convergenceValue,ITERATION_TIME_INDEX,SINCE_LAST
 2DIAGNOSTIC,     1, -6.415109464980e-01, 1.797693134862e+308, 3.2841e+00, 1.0371e+00, 
 2DIAGNOSTIC,     2, -6.418380271241e-01, 1.797693134862e+308, 3.5246e+00, 2.4053e-01, 
 2DIAGNOSTIC,     3, -6.423515537204e-01, 1.797693134862e+308, 3.7557e+00, 2.3113e-01, 
 2DIAGNOSTIC,     4, -6.430487040703e-01, 1.797693134862e+308, 3.9943e+00, 2.3863e-01, 
 2DIAGNOSTIC,     5, -6.437297221620e-01, 1.797693134862e+308, 4.2373e+00, 2.4291e-01, 
 2DIAGNOSTIC,     6, -6.442620295921e-01, 1.797693134862e+308, 4.4991e+00, 2.6188e-01, 
 2DIAGNOSTIC,     7, -6.449125992554e-01, 1.797693134862e+308, 4.8884e+00, 3.8930e-01, 
 2DIAGNOSTIC,     8, -6.449012389885e-01, 1.797693134862e+308, 5.2330e+00, 3.4459e-01, 
 2DIAGNOSTIC,     9, -6.448991917263e-01, 1.797693134862e+308, 5.4884e+00, 2.5540e-01, 
 2DIAGNOSTIC,    10, -6.448975335252e-01, 3.921656145947e-04, 5.7752e+00, 2.8674e-01, 
 2DIAGNOSTIC,    11, -6.448949034933e-01, 2.932645291392e-04, 6.0337e+00, 2.5852e-01, 
 2DIAGNOSTIC,    12, -6.448959823458e-01, 1.966149207891e-04, 6.2945e+00, 2.6080e-01, 
 2DIAGNOSTIC,    13, -6.448949025042e-01, 1.145600843278e-04, 6.5785e+00, 2.8402e-01, 
 2DIAGNOSTIC,    14, -6.448966767341e-01, 5.601819417871e-05, 6.8684e+00, 2.8986e-01, 
 2DIAGNOSTIC,    15, -6.448930566115e-01, 2.009059142824e-05, 7.1209e+00, 2.5255e-01, 
 2DIAGNOSTIC,    16, -6.448906257201e-01, 1.109809808594e-06, 7.3921e+00, 2.7118e-01, 
 2DIAGNOSTIC,    17, -6.448885014252e-01, 1.283781236879e-06, 7.6264e+00, 2.3433e-01, 
 2DIAGNOSTIC,    18, -6.448883301934e-01, 1.209623986816e-06, 7.8805e+00, 2.5405e-01, 
 2DIAGNOSTIC,    19, -6.448872473124e-01, 1.121539813749e-06, 8.1382e+00, 2.5774e-01, 
 2DIAGNOSTIC,    20, -6.448893603136e-01, 1.106651892936e-06, 8.3912e+00, 2.5294e-01, 
 2DIAGNOSTIC,    21, -6.448878152547e-01, 1.050097119849e-06, 8.6398e+00, 2.4861e-01, 
 2DIAGNOSTIC,    22, -6.448872291455e-01, 1.053904784457e-06, 8.9119e+00, 2.7215e-01, 
 2DIAGNOSTIC,    23, -6.448867997216e-01, 1.063570142366e-06, 9.1361e+00, 2.2418e-01, 
 2DIAGNOSTIC,    24, -6.448870481836e-01, 1.140223952999e-06, 9.4067e+00, 2.7063e-01, 
 2DIAGNOSTIC,    25, -6.448858353761e-01, 1.142857455505e-06, 9.6617e+00, 2.5495e-01, 
 2DIAGNOSTIC,    26, -6.448840164599e-01, 1.087039206246e-06, 9.8986e+00, 2.3687e-01, 
 2DIAGNOSTIC,    27, -6.448843464224e-01, 1.020373637549e-06, 1.0149e+01, 2.5044e-01, 
 2DIAGNOSTIC,    28, -6.448872912727e-01, 1.016940143914e-06, 1.0464e+01, 3.1468e-01, 
 2DIAGNOSTIC,    29, -6.448870051872e-01, 1.001259201411e-06, 1.0722e+01, 2.5814e-01, 
 2DIAGNOSTIC,    30, -6.448869221177e-01, 1.027128753356e-06, 1.0997e+01, 2.7522e-01, 
DIAGNOSTIC,Iteration,metricValue,convergenceValue,ITERATION_TIME_INDEX,SINCE_LAST
 2DIAGNOSTIC,     1, -5.766001918552e-01, 1.797693134862e+308, 1.3842e+01, 2.8451e+00, 
 2DIAGNOSTIC,     2, -5.768520724865e-01, 1.797693134862e+308, 1.5539e+01, 1.6968e+00, 
 2DIAGNOSTIC,     3, -5.770477222615e-01, 1.797693134862e+308, 1.7315e+01, 1.7755e+00, 
 2DIAGNOSTIC,     4, -5.772780610974e-01, 1.797693134862e+308, 1.9044e+01, 1.7299e+00, 
 2DIAGNOSTIC,     5, -5.774115385533e-01, 1.797693134862e+308, 2.0927e+01, 1.8828e+00, 
 2DIAGNOSTIC,     6, -5.776400579355e-01, 1.797693134862e+308, 2.2791e+01, 1.8636e+00, 
 2DIAGNOSTIC,     7, -5.777739945242e-01, 1.797693134862e+308, 2.6301e+01, 3.5098e+00, 
 2DIAGNOSTIC,     8, -5.777738689721e-01, 1.797693134862e+308, 2.8186e+01, 1.8858e+00, 
 2DIAGNOSTIC,     9, -5.777732544026e-01, 1.797693134862e+308, 3.1234e+01, 3.0473e+00, 
 2DIAGNOSTIC,    10, -5.777734968158e-01, 1.388982219594e-04, 3.3140e+01, 1.9061e+00, 
 2DIAGNOSTIC,    11, -5.777732514195e-01, 9.659750443518e-05, 3.5034e+01, 1.8939e+00, 
 2DIAGNOSTIC,    12, -5.777731371786e-01, 6.312066404890e-05, 3.6689e+01, 1.6556e+00, 
 2DIAGNOSTIC,    13, -5.777730489967e-01, 3.667400841438e-05, 3.8579e+01, 1.8900e+00, 
 2DIAGNOSTIC,    14, -5.777731126317e-01, 1.903727359651e-05, 4.0470e+01, 1.8909e+00, 
 2DIAGNOSTIC,    15, -5.777731882034e-01, 6.442065299442e-06, 4.2344e+01, 1.8740e+00, 
 2DIAGNOSTIC,    16, -5.777731114975e-01, 1.933419723807e-06, 4.4291e+01, 1.9466e+00, 
 2DIAGNOSTIC,    17, -5.777728970208e-01, 1.831578664895e-06, 4.6092e+01, 1.8008e+00, 
 2DIAGNOSTIC,    18, -5.777731995120e-01, 1.750293079347e-06, 4.8327e+01, 2.2355e+00, 
 2DIAGNOSTIC,    19, -5.777732418269e-01, 1.663719537290e-06, 5.0007e+01, 1.6794e+00, 
 2DIAGNOSTIC,    20, -5.777727057280e-01, 1.579657225463e-06, 5.2008e+01, 2.0015e+00, 
 2DIAGNOSTIC,    21, -5.777729592431e-01, 1.505457250937e-06, 5.3907e+01, 1.8987e+00, 
 2DIAGNOSTIC,    22, -5.777724529257e-01, 1.424910615805e-06, 5.5823e+01, 1.9166e+00, 
 2DIAGNOSTIC,    23, -5.777720980541e-01, 1.343943289961e-06, 5.7548e+01, 1.7243e+00, 
 2DIAGNOSTIC,    24, -5.777719638220e-01, 1.272015846522e-06, 5.9573e+01, 2.0251e+00, 
 2DIAGNOSTIC,    25, -5.777720405100e-01, 1.213963379265e-06, 6.1656e+01, 2.0828e+00, 
 2DIAGNOSTIC,    26, -5.777719303228e-01, 1.162378368599e-06, 6.3604e+01, 1.9481e+00, 
 2DIAGNOSTIC,    27, -5.777716632910e-01, 1.111512084408e-06, 6.5641e+01, 2.0370e+00, 
 2DIAGNOSTIC,    28, -5.777716903474e-01, 1.076600744311e-06, 6.7312e+01, 1.6714e+00, 
 2DIAGNOSTIC,    29, -5.777715841216e-01, 1.048785289899e-06, 6.9074e+01, 1.7620e+00, 
 2DIAGNOSTIC,    30, -5.777715092408e-01, 1.017039874866e-06, 7.0741e+01, 1.6670e+00, 
  Elapsed time (stage 0): 7.1830e+01


Total elapsed time: 7.1833e+01
Info [verificarlo]: loaded backend libinterflop_ieee.so
Info [interflop-ieee]: load backend with:
Info [interflop-ieee]: debug = false
Info [interflop-ieee]: debug-binary = false
Info [interflop-ieee]: no-backend-name = false
Info [interflop-ieee]: print-new-line = false
Info [interflop-ieee]: print-subnormal-normalized = false
Info [interflop-ieee]: count-op = false
All_Command_lines_OK
Using double precision for computations.
=============================================================================
The composite transform comprises the following transforms (in order): 
  1. /home/mdugre/scratch/mri-registration-rp/datasets/ds004513/derivatives/mri-registration-rp/0100/antsRegistration-r8-p9/sub-s007/affine_Composite.h5[0] (type = Euler3DTransform)
  2. /home/mdugre/scratch/mri-registration-rp/datasets/ds004513/derivatives/mri-registration-rp/0100/antsRegistration-r8-p9/sub-s007/affine_Composite.h5[1] (type = Euler3DTransform)
  3. /home/mdugre/scratch/mri-registration-rp/datasets/ds004513/derivatives/mri-registration-rp/0100/antsRegistration-r8-p9/sub-s007/affine_Composite.h5[2] (type = Euler3DTransform)
  4. /home/mdugre/scratch/mri-registration-rp/datasets/ds004513/derivatives/mri-registration-rp/0100/antsRegistration-r8-p9/sub-s007/affine_Composite.h5[3] (type = AffineTransform)
=============================================================================
  number of levels = 4
  fixed image: /templateflow/tpl-MNI152NLin2009cAsym/tpl-MNI152NLin2009cAsym_res-01_desc-brain_T1w.nii.gz
  moving image: /home/mdugre/scratch/mri-registration-rp/datasets/ds004513/derivatives/mri-registration-rp/antsBrainExtraction/sub-s007/BrainExtractionBrain.nii.gz
Dimension = 3
Number of stages = 1
Use histogram matching = false
Winsorize image intensities = true
  Lower quantile = 0.005
  Upper quantile = 0.995


Stage 1 State
   Image metric = CC
     Fixed image = Image (0x3a69a40)
  RTTI typeinfo:   itk::Image<double, 3u>
  Reference Count: 2
  Modified Time: 1608
  Debug: Off
  Object Name: 
  Observers: 
    none
  Source: (none)
  Source output name: (none)
  Release Data: Off
  Data Released: False
  Global Release Data: Off
  PipelineMTime: 0
  UpdateMTime: 1217
  RealTimeStamp: 0 seconds 
  LargestPossibleRegion: 
    Dimension: 3
    Index: [0, 0, 0]
    Size: [193, 229, 193]
  BufferedRegion: 
    Dimension: 3
    Index: [0, 0, 0]
    Size: [193, 229, 193]
  RequestedRegion: 
    Dimension: 3
    Index: [0, 0, 0]
    Size: [193, 229, 193]
  Spacing: [1, 1, 1]
  Origin: [96, 132, -78]
  Direction: 
-1 0 0
0 -1 0
0 0 1

  IndexToPointMatrix: 
-1 0 0
0 -1 0
0 0 1

  PointToIndexMatrix: 
-1 0 0
0 -1 0
0 0 1

  Inverse Direction: 
-1 0 0
0 -1 0
0 0 1

  PixelContainer: 
    ImportImageContainer (0x3b38780)
      RTTI typeinfo:   itk::ImportImageContainer<unsigned long, double>
      Reference Count: 1
      Modified Time: 1214
      Debug: Off
      Object Name: 
      Observers: 
        none
      Pointer: 0x14f9b1a14010
      Container manages memory: true
      Size: 8530021
      Capacity: 8530021

     Moving image = Image (0x3b3a390)
  RTTI typeinfo:   itk::Image<double, 3u>
  Reference Count: 2
  Modified Time: 1609
  Debug: Off
  Object Name: 
  Observers: 
    none
  Source: (none)
  Source output name: (none)
  Release Data: Off
  Data Released: False
  Global Release Data: Off
  PipelineMTime: 0
  UpdateMTime: 1606
  RealTimeStamp: 0 seconds 
  LargestPossibleRegion: 
    Dimension: 3
    Index: [0, 0, 0]
    Size: [176, 240, 256]
  BufferedRegion: 
    Dimension: 3
    Index: [0, 0, 0]
    Size: [176, 240, 256]
  RequestedRegion: 
    Dimension: 3
    Index: [0, 0, 0]
    Size: [176, 240, 256]
  Spacing: [1, 1, 1]
  Origin: [93.4772, 83.7926, -132.68]
  Direction: 
-0.997185 -0.0749788 0
0.0749788 -0.997185 0
0 0 1

  IndexToPointMatrix: 
-0.997185 -0.0749788 0
0.0749787 -0.997185 0
0 0 1

  PointToIndexMatrix: 
-0.997185 0.0749788 0
-0.0749788 -0.997185 0
0 0 1

  Inverse Direction: 
-0.997185 0.0749788 0
-0.0749788 -0.997185 0
0 0 1

  PixelContainer: 
    ImportImageContainer (0x3aef6f0)
      RTTI typeinfo:   itk::ImportImageContainer<unsigned long, double>
      Reference Count: 1
      Modified Time: 1603
      Debug: Off
      Object Name: 
      Observers: 
        none
      Pointer: 0x14f9ac793010
      Container manages memory: true
      Size: 10813440
      Capacity: 10813440

     Weighting = 1
     Sampling strategy = none
     Number of bins = 32
     Radius = 4
     Sampling percentage  = 1
   Transform = SyN
     Gradient step = 0.1
     Update field sigma (voxel space) = 3
     Total field sigma (voxel space) = 0
     Update field time sigma = 0
     Total field time sigma  = 0
     Number of time indices = 0
     Number of time point samples = 0
Registration using 1 total stages.

Stage 0
  iterations = 100x70x50x20
  convergence threshold = 1e-06
  convergence window size = 10
  number of levels = 4
  using the CC metric (radius = 4, weight = 1, use gradient filter = 0)
  preprocessing:  winsorizing the image intensities
  Shrink factors (level 1 out of 4): [8, 8, 8]
  Shrink factors (level 2 out of 4): [4, 4, 4]
  Shrink factors (level 3 out of 4): [2, 2, 2]
  Shrink factors (level 4 out of 4): [1, 1, 1]
  smoothing sigmas per level: [3, 2, 1, 0]
  Using default NONE metricSamplingStrategy 

*** Running SyN registration (varianceForUpdateField = 3, varianceForTotalField = 0) ***

XXDIAGNOSTIC,Iteration,metricValue,convergenceValue,ITERATION_TIME_INDEX,SINCE_LAST
 1DIAGNOSTIC,     1, -9.297344047740e-01, 1.797693134862e+308, 1.0964e+00, 1.0964e+00, 
 1DIAGNOSTIC,     2, -9.398177273056e-01, 1.797693134862e+308, 1.4418e+00, 3.4541e-01, 
 1DIAGNOSTIC,     3, -9.467815196052e-01, 1.797693134862e+308, 1.7748e+00, 3.3300e-01, 
 1DIAGNOSTIC,     4, -9.504933185687e-01, 1.797693134862e+308, 2.1128e+00, 3.3800e-01, 
 1DIAGNOSTIC,     5, -9.525769436696e-01, 1.797693134862e+308, 2.4580e+00, 3.4525e-01, 
 1DIAGNOSTIC,     6, -9.544477296902e-01, 1.797693134862e+308, 2.7992e+00, 3.4115e-01, 
 1DIAGNOSTIC,     7, -9.564013473562e-01, 1.797693134862e+308, 3.1469e+00, 3.4773e-01, 
 1DIAGNOSTIC,     8, -9.585243242391e-01, 1.797693134862e+308, 3.4860e+00, 3.3911e-01, 
 1DIAGNOSTIC,     9, -9.608627147903e-01, 1.797693134862e+308, 3.8290e+00, 3.4296e-01, 
 1DIAGNOSTIC,    10, -9.634532709963e-01, 1.897767985069e-03, 4.1626e+00, 3.3360e-01, 
 1DIAGNOSTIC,    11, -9.659617287768e-01, 1.388497094452e-03, 4.4935e+00, 3.3093e-01, 
 1DIAGNOSTIC,    12, -9.674533278462e-01, 1.124132360039e-03, 4.8338e+00, 3.4027e-01, 
 1DIAGNOSTIC,    13, -9.674209955110e-01, 9.568499450850e-04, 5.1816e+00, 3.4788e-01, 
 1DIAGNOSTIC,    14, -9.679317219716e-01, 8.167456652385e-04, 5.5223e+00, 3.4069e-01, 
 1DIAGNOSTIC,    15, -9.678757494423e-01, 6.604602911336e-04, 5.8665e+00, 3.4420e-01, 
 1DIAGNOSTIC,    16, -9.681490138809e-01, 5.025806711070e-04, 6.2048e+00, 3.3824e-01, 
 1DIAGNOSTIC,    17, -9.681881325729e-01, 3.517564157395e-04, 6.5331e+00, 3.2834e-01, 
 1DIAGNOSTIC,    18, -9.684163521605e-01, 2.242716553137e-04, 6.8685e+00, 3.3539e-01, 
 1DIAGNOSTIC,    19, -9.684380286840e-01, 1.260771613501e-04, 7.1966e+00, 3.2807e-01, 
 1DIAGNOSTIC,    20, -9.686090410821e-01, 6.634045940808e-05, 7.5426e+00, 3.4605e-01, 
 1DIAGNOSTIC,    21, -9.686393954705e-01, 4.153921648786e-05, 7.8887e+00, 3.4606e-01, 
 1DIAGNOSTIC,    22, -9.688074044234e-01, 3.767078521898e-05, 8.2353e+00, 3.4664e-01, 
 1DIAGNOSTIC,    23, -9.688389679009e-01, 3.053133569364e-05, 8.5695e+00, 3.3421e-01, 
 1DIAGNOSTIC,    24, -9.689971859076e-01, 2.956839107121e-05, 8.9001e+00, 3.3054e-01, 
 1DIAGNOSTIC,    25, -9.689781943948e-01, 2.505037070305e-05, 9.2419e+00, 3.4185e-01, 
 1DIAGNOSTIC,    26, -9.691277620726e-01, 2.348942879994e-05, 9.5808e+00, 3.3886e-01, 
 1DIAGNOSTIC,    27, -9.691489131251e-01, 2.051572653417e-05, 9.9187e+00, 3.3790e-01, 
 1DIAGNOSTIC,    28, -9.692843863542e-01, 1.978075361297e-05, 1.0266e+01, 3.4782e-01, 
 1DIAGNOSTIC,    29, -9.693059495526e-01, 1.771945357259e-05, 1.0598e+01, 3.3173e-01, 
 1DIAGNOSTIC,    30, -9.694352548025e-01, 1.720254843713e-05, 1.0935e+01, 3.3700e-01, 
 1DIAGNOSTIC,    31, -9.694947361530e-01, 1.599399237473e-05, 1.1264e+01, 3.2920e-01, 
 1DIAGNOSTIC,    32, -9.696114551436e-01, 1.606466367968e-05, 1.1608e+01, 3.4377e-01, 
 1DIAGNOSTIC,    33, -9.696202811707e-01, 1.501628543424e-05, 1.1949e+01, 3.4098e-01, 
 1DIAGNOSTIC,    34, -9.697260643708e-01, 1.501691478483e-05, 1.2293e+01, 3.4348e-01, 
 1DIAGNOSTIC,    35, -9.697294371693e-01, 1.350380899715e-05, 1.2622e+01, 3.2943e-01, 
 1DIAGNOSTIC,    36, -9.698309949059e-01, 1.294134276192e-05, 1.2970e+01, 3.4759e-01, 
 1DIAGNOSTIC,    37, -9.698287579826e-01, 1.137442546403e-05, 1.3307e+01, 3.3706e-01, 
 1DIAGNOSTIC,    38, -9.699211950438e-01, 1.067506985978e-05, 1.3644e+01, 3.3773e-01, 
 1DIAGNOSTIC,    39, -9.699108100470e-01, 9.129528310631e-06, 1.3990e+01, 3.4586e-01, 
 1DIAGNOSTIC,    40, -9.699955215546e-01, 8.448759120629e-06, 1.4326e+01, 3.3570e-01, 
 1DIAGNOSTIC,    41, -9.699797652710e-01, 7.355054580077e-06, 1.4671e+01, 3.4463e-01, 
 1DIAGNOSTIC,    42, -9.700597462385e-01, 7.077450990618e-06, 1.5000e+01, 3.2982e-01, 
 1DIAGNOSTIC,    43, -9.700393950334e-01, 6.103518233821e-06, 1.5338e+01, 3.3801e-01, 
 1DIAGNOSTIC,    44, -9.701173711024e-01, 5.904413186691e-06, 1.5685e+01, 3.4607e-01, 
 1DIAGNOSTIC,    45, -9.700931244306e-01, 5.056730057854e-06, 1.6038e+01, 3.5364e-01, 
 1DIAGNOSTIC,    46, -9.701708025395e-01, 4.990051611552e-06, 1.6376e+01, 3.3744e-01, 
 1DIAGNOSTIC,    47, -9.701427105809e-01, 4.300996530801e-06, 1.6713e+01, 3.3726e-01, 
 1DIAGNOSTIC,    48, -9.702182350191e-01, 4.337345477539e-06, 1.7069e+01, 3.5585e-01, 
 1DIAGNOSTIC,    49, -9.701860333276e-01, 3.742439311998e-06, 1.7396e+01, 3.2685e-01, 
 1DIAGNOSTIC,    50, -9.702601939312e-01, 3.823866150207e-06, 1.7723e+01, 3.2727e-01, 
 1DIAGNOSTIC,    51, -9.702234593590e-01, 3.272713603265e-06, 1.8069e+01, 3.4640e-01, 
 1DIAGNOSTIC,    52, -9.702955863083e-01, 3.363640290736e-06, 1.8408e+01, 3.3881e-01, 
 1DIAGNOSTIC,    53, -9.702558140471e-01, 2.833515726389e-06, 1.8749e+01, 3.4129e-01, 
 1DIAGNOSTIC,    54, -9.703256206674e-01, 2.928124862019e-06, 1.9085e+01, 3.3575e-01, 
 1DIAGNOSTIC,    55, -9.702838344886e-01, 2.422317830850e-06, 1.9424e+01, 3.3877e-01, 
 1DIAGNOSTIC,    56, -9.703516132157e-01, 2.535762436900e-06, 1.9763e+01, 3.3955e-01, 
 1DIAGNOSTIC,    57, -9.703078219965e-01, 2.066956546344e-06, 2.0101e+01, 3.3798e-01, 
 1DIAGNOSTIC,    58, -9.703742188877e-01, 2.203186645448e-06, 2.0455e+01, 3.5361e-01, 
 1DIAGNOSTIC,    59, -9.703291836913e-01, 1.773016660107e-06, 2.0799e+01, 3.4406e-01, 
 1DIAGNOSTIC,    60, -9.703943434487e-01, 1.935549780896e-06, 2.1143e+01, 3.4405e-01, 
 1DIAGNOSTIC,    61, -9.703486651485e-01, 1.543314385219e-06, 2.1488e+01, 3.4443e-01, 
 1DIAGNOSTIC,    62, -9.704165078519e-01, 1.743192512886e-06, 2.1817e+01, 3.2949e-01, 
 1DIAGNOSTIC,    63, -9.703706168983e-01, 1.401825826142e-06, 2.2148e+01, 3.3082e-01, 
 1DIAGNOSTIC,    64, -9.704322328934e-01, 1.602298946784e-06, 2.2478e+01, 3.3028e-01, 
 1DIAGNOSTIC,    65, -9.703858179502e-01, 1.276220102223e-06, 2.2814e+01, 3.3572e-01, 
 1DIAGNOSTIC,    66, -9.704460301283e-01, 1.467511705579e-06, 2.3165e+01, 3.5100e-01, 
 1DIAGNOSTIC,    67, -9.704425720310e-01, 1.335800714465e-06, 2.3494e+01, 3.2929e-01, 
 1DIAGNOSTIC,    68, -9.705015644815e-01, 1.674475787403e-06, 2.3832e+01, 3.3789e-01, 
 1DIAGNOSTIC,    69, -9.704554236654e-01, 1.487038544710e-06, 2.4168e+01, 3.3595e-01, 
 1DIAGNOSTIC,    70, -9.704693189063e-01, 1.553590289803e-06, 2.4496e+01, 3.2849e-01, 
 1DIAGNOSTIC,    71, -9.704225943258e-01, 1.120358606454e-06, 2.4831e+01, 3.3486e-01, 
 1DIAGNOSTIC,    72, -9.704789080454e-01, 1.148063251733e-06, 2.5171e+01, 3.3928e-01, 
 1DIAGNOSTIC,    73, -9.704322187732e-01, 7.178323764567e-07, 2.5521e+01, 3.5022e-01, 
XXDIAGNOSTIC,Iteration,metricValue,convergenceValue,ITERATION_TIME_INDEX,SINCE_LAST
 1DIAGNOSTIC,     1, -9.119516206744e-01, 1.797693134862e+308, 2.8518e+01, 2.9972e+00, 
 1DIAGNOSTIC,     2, -9.151708005348e-01, 1.797693134862e+308, 3.0748e+01, 2.2302e+00, 
 1DIAGNOSTIC,     3, -9.185976438627e-01, 1.797693134862e+308, 3.2992e+01, 2.2443e+00, 
 1DIAGNOSTIC,     4, -9.217170201033e-01, 1.797693134862e+308, 3.5232e+01, 2.2396e+00, 
 1DIAGNOSTIC,     5, -9.243999777271e-01, 1.797693134862e+308, 3.7587e+01, 2.3550e+00, 
 1DIAGNOSTIC,     6, -9.265854881866e-01, 1.797693134862e+308, 3.9864e+01, 2.2770e+00, 
 1DIAGNOSTIC,     7, -9.284351242374e-01, 1.797693134862e+308, 4.2109e+01, 2.2454e+00, 
 1DIAGNOSTIC,     8, -9.300314717719e-01, 1.797693134862e+308, 4.4351e+01, 2.2415e+00, 
 1DIAGNOSTIC,     9, -9.314580943870e-01, 1.797693134862e+308, 4.6599e+01, 2.2479e+00, 
 1DIAGNOSTIC,    10, -9.327612019445e-01, 1.435241310047e-03, 4.8847e+01, 2.2480e+00, 
 1DIAGNOSTIC,    11, -9.339919200661e-01, 1.147223889765e-03, 5.1101e+01, 2.2541e+00, 
 1DIAGNOSTIC,    12, -9.351668275749e-01, 9.159357193056e-04, 5.3360e+01, 2.2590e+00, 
 1DIAGNOSTIC,    13, -9.362832692893e-01, 7.439184671183e-04, 5.5668e+01, 2.3079e+00, 
 1DIAGNOSTIC,    14, -9.373429683230e-01, 6.196880625514e-04, 5.7919e+01, 2.2516e+00, 
 1DIAGNOSTIC,    15, -9.383409334453e-01, 5.300731842022e-04, 6.0161e+01, 2.2419e+00, 
 1DIAGNOSTIC,    16, -9.391854035555e-01, 4.605878241014e-04, 6.2412e+01, 2.2511e+00, 
 1DIAGNOSTIC,    17, -9.399067287455e-01, 4.028441551727e-04, 6.4669e+01, 2.2566e+00, 
 1DIAGNOSTIC,    18, -9.405269004098e-01, 3.517315902278e-04, 6.6948e+01, 2.2791e+00, 
 1DIAGNOSTIC,    19, -9.407461625562e-01, 2.997041061872e-04, 6.9304e+01, 2.3561e+00, 
 1DIAGNOSTIC,    20, -9.409650175686e-01, 2.482657371631e-04, 7.1578e+01, 2.2735e+00, 
 1DIAGNOSTIC,    21, -9.411832007048e-01, 1.996047791347e-04, 7.3851e+01, 2.2733e+00, 
 1DIAGNOSTIC,    22, -9.413964613919e-01, 1.558768781896e-04, 7.6115e+01, 2.2641e+00, 
 1DIAGNOSTIC,    23, -9.415966980610e-01, 1.187479991757e-04, 7.8375e+01, 2.2594e+00, 
 1DIAGNOSTIC,    24, -9.417748582618e-01, 8.929194569183e-05, 8.0699e+01, 2.3249e+00, 
 1DIAGNOSTIC,    25, -9.419451759588e-01, 6.806756064261e-05, 8.3016e+01, 2.3166e+00, 
 1DIAGNOSTIC,    26, -9.420947750634e-01, 5.368172993600e-05, 8.5288e+01, 2.2725e+00, 
 1DIAGNOSTIC,    27, -9.422380382744e-01, 4.499588861390e-05, 8.7545e+01, 2.2564e+00, 
 1DIAGNOSTIC,    28, -9.423683061258e-01, 4.091000971425e-05, 8.9839e+01, 2.2943e+00, 
 1DIAGNOSTIC,    29, -9.424905381781e-01, 3.689181812137e-05, 9.2068e+01, 2.2286e+00, 
 1DIAGNOSTIC,    30, -9.426016533600e-01, 3.306323280401e-05, 9.4361e+01, 2.2935e+00, 
 1DIAGNOSTIC,    31, -9.427052451714e-01, 2.957078903149e-05, 9.6619e+01, 2.2575e+00, 
 1DIAGNOSTIC,    32, -9.427940876953e-01, 2.642651934204e-05, 9.8934e+01, 2.3148e+00, 
 1DIAGNOSTIC,    33, -9.428757201510e-01, 2.362786559737e-05, 1.0119e+02, 2.2591e+00, 
 1DIAGNOSTIC,    34, -9.429556262392e-01, 2.112055718744e-05, 1.0346e+02, 2.2679e+00, 
 1DIAGNOSTIC,    35, -9.430287924499e-01, 1.892698929989e-05, 1.0573e+02, 2.2717e+00, 
 1DIAGNOSTIC,    36, -9.430952504216e-01, 1.694175753880e-05, 1.0796e+02, 2.2230e+00, 
 1DIAGNOSTIC,    37, -9.431548131618e-01, 1.518177436907e-05, 1.1018e+02, 2.2250e+00, 
 1DIAGNOSTIC,    38, -9.432085632757e-01, 1.360392184096e-05, 1.1243e+02, 2.2508e+00, 
 1DIAGNOSTIC,    39, -9.432546590402e-01, 1.218438283758e-05, 1.1472e+02, 2.2878e+00, 
 1DIAGNOSTIC,    40, -9.432919434615e-01, 1.086271476471e-05, 1.1697e+02, 2.2547e+00, 
 1DIAGNOSTIC,    41, -9.433235275522e-01, 9.634706176220e-06, 1.1925e+02, 2.2770e+00, 
 1DIAGNOSTIC,    42, -9.433558251525e-01, 8.485292789462e-06, 1.2152e+02, 2.2661e+00, 
 1DIAGNOSTIC,    43, -9.433821939532e-01, 7.402493687199e-06, 1.2379e+02, 2.2708e+00, 
 1DIAGNOSTIC,    44, -9.434070312672e-01, 6.445659569199e-06, 1.2607e+02, 2.2780e+00, 
 1DIAGNOSTIC,    45, -9.434259983575e-01, 5.598039015009e-06, 1.2834e+02, 2.2767e+00, 
 1DIAGNOSTIC,    46, -9.434497403857e-01, 4.908235480779e-06, 1.3061e+02, 2.2715e+00, 
 1DIAGNOSTIC,    47, -9.434689919348e-01, 4.345273746296e-06, 1.3288e+02, 2.2671e+00, 
 1DIAGNOSTIC,    48, -9.434846405410e-01, 3.886943442912e-06, 1.3515e+02, 2.2647e+00, 
 1DIAGNOSTIC,    49, -9.434994271164e-01, 3.511759168229e-06, 1.3742e+02, 2.2768e+00, 
 1DIAGNOSTIC,    50, -9.435141486841e-01, 3.189663000083e-06, 1.3976e+02, 2.3371e+00, 
 1DIAGNOSTIC,    51, -9.435250369861e-01, 2.883664075925e-06, 1.4202e+02, 2.2647e+00, 
 1DIAGNOSTIC,    52, -9.435242749063e-01, 2.553742902919e-06, 1.4428e+02, 2.2572e+00, 
 1DIAGNOSTIC,    53, -9.435271701187e-01, 2.216976710621e-06, 1.4654e+02, 2.2550e+00, 
 1DIAGNOSTIC,    54, -9.435338758094e-01, 1.913495798114e-06, 1.4880e+02, 2.2635e+00, 
 1DIAGNOSTIC,    55, -9.435360713608e-01, 1.606834814379e-06, 1.5107e+02, 2.2730e+00, 
 1DIAGNOSTIC,    56, -9.435389426797e-01, 1.354973396272e-06, 1.5337e+02, 2.2957e+00, 
 1DIAGNOSTIC,    57, -9.435416864101e-01, 1.153389899661e-06, 1.5564e+02, 2.2753e+00, 
 1DIAGNOSTIC,    58, -9.435441362685e-01, 9.955216334415e-07, 1.5791e+02, 2.2687e+00, 
XXDIAGNOSTIC,Iteration,metricValue,convergenceValue,ITERATION_TIME_INDEX,SINCE_LAST
 1DIAGNOSTIC,     1, -8.905349143468e-01, 1.797693134862e+308, 1.7753e+02, 1.9614e+01, 
 1DIAGNOSTIC,     2, -8.927248105276e-01, 1.797693134862e+308, 1.9616e+02, 1.8638e+01, 
 1DIAGNOSTIC,     3, -8.952248920129e-01, 1.797693134862e+308, 2.1499e+02, 1.8825e+01, 
 1DIAGNOSTIC,     4, -8.978390942824e-01, 1.797693134862e+308, 2.3376e+02, 1.8770e+01, 
 1DIAGNOSTIC,     5, -9.001783578155e-01, 1.797693134862e+308, 2.5285e+02, 1.9088e+01, 
 1DIAGNOSTIC,     6, -9.021719526994e-01, 1.797693134862e+308, 2.7179e+02, 1.8942e+01, 
 1DIAGNOSTIC,     7, -9.042293391940e-01, 1.797693134862e+308, 2.9061e+02, 1.8817e+01, 
 1DIAGNOSTIC,     8, -9.061417059095e-01, 1.797693134862e+308, 3.0947e+02, 1.8866e+01, 
 1DIAGNOSTIC,     9, -9.078134222480e-01, 1.797693134862e+308, 3.2837e+02, 1.8902e+01, 
 1DIAGNOSTIC,    10, -9.092846885404e-01, 1.357268153459e-03, 3.4622e+02, 1.7843e+01, 
 1DIAGNOSTIC,    11, -9.106316033765e-01, 1.158347284119e-03, 3.6437e+02, 1.8157e+01, 
 1DIAGNOSTIC,    12, -9.118281421525e-01, 9.769744603242e-04, 3.8248e+02, 1.8101e+01, 
 1DIAGNOSTIC,    13, -9.129078918119e-01, 8.211374909218e-04, 4.0140e+02, 1.8925e+01, 
 1DIAGNOSTIC,    14, -9.138939279116e-01, 6.932788779345e-04, 4.1934e+02, 1.7945e+01, 
 1DIAGNOSTIC,    15, -9.146056670178e-01, 5.827864873073e-04, 4.3772e+02, 1.8370e+01, 
 1DIAGNOSTIC,    16, -9.152198437267e-01, 4.835515789759e-04, 4.5594e+02, 1.8220e+01, 
 1DIAGNOSTIC,    17, -9.157589686736e-01, 3.991040759094e-04, 4.7441e+02, 1.8477e+01, 
 1DIAGNOSTIC,    18, -9.162408977880e-01, 3.286158695432e-04, 4.9368e+02, 1.9266e+01, 
 1DIAGNOSTIC,    19, -9.166715811450e-01, 2.695720465135e-04, 5.1280e+02, 1.9120e+01, 
 1DIAGNOSTIC,    20, -9.170464549070e-01, 2.201657312519e-04, 5.3191e+02, 1.9106e+01, 
 1DIAGNOSTIC,    21, -9.173754629143e-01, 1.798702167539e-04, 5.5118e+02, 1.9275e+01, 
 1DIAGNOSTIC,    22, -9.176684693386e-01, 1.475463520608e-04, 5.7035e+02, 1.9168e+01, 
 1DIAGNOSTIC,    23, -9.179343908913e-01, 1.224239499541e-04, 5.8965e+02, 1.9304e+01, 
 1DIAGNOSTIC,    24, -9.181736699559e-01, 1.038573916354e-04, 6.0886e+02, 1.9211e+01, 
 1DIAGNOSTIC,    25, -9.183983710763e-01, 8.872860161421e-05, 6.2805e+02, 1.9191e+01, 
 1DIAGNOSTIC,    26, -9.186084118051e-01, 7.633450324115e-05, 6.4771e+02, 1.9652e+01, 
 1DIAGNOSTIC,    27, -9.188119610746e-01, 6.627781420884e-05, 6.6687e+02, 1.9164e+01, 
 1DIAGNOSTIC,    28, -9.190110165705e-01, 5.830336055544e-05, 6.8652e+02, 1.9651e+01, 
 1DIAGNOSTIC,    29, -9.192064436873e-01, 5.214042868264e-05, 7.0604e+02, 1.9523e+01, 
 1DIAGNOSTIC,    30, -9.194061113724e-01, 4.746918793163e-05, 7.2529e+02, 1.9248e+01, 
 1DIAGNOSTIC,    31, -9.196127022681e-01, 4.403212743649e-05, 7.4446e+02, 1.9172e+01, 
 1DIAGNOSTIC,    32, -9.197884948948e-01, 4.124307867475e-05, 7.6360e+02, 1.9135e+01, 
 1DIAGNOSTIC,    33, -9.198993488624e-01, 3.832071920436e-05, 7.8314e+02, 1.9541e+01, 
 1DIAGNOSTIC,    34, -9.199670474357e-01, 3.481159746373e-05, 8.0248e+02, 1.9342e+01, 
 1DIAGNOSTIC,    35, -9.200016273102e-01, 3.056859239113e-05, 8.2177e+02, 1.9293e+01, 
 1DIAGNOSTIC,    36, -9.200134934400e-01, 2.563318236005e-05, 8.4127e+02, 1.9492e+01, 
 1DIAGNOSTIC,    37, -9.200114310534e-01, 2.028200042540e-05, 8.6068e+02, 1.9411e+01, 
 1DIAGNOSTIC,    38, -9.200059660889e-01, 1.493654919987e-05, 8.7990e+02, 1.9220e+01, 
 1DIAGNOSTIC,    39, -9.199990831705e-01, 1.001514789427e-05, 8.9932e+02, 1.9424e+01, 
 1DIAGNOSTIC,    40, -9.199963226799e-01, 5.975119860023e-06, 9.1855e+02, 1.9227e+01, 
 1DIAGNOSTIC,    41, -9.200014291154e-01, 3.223374042495e-06, 9.3771e+02, 1.9165e+01, 
 1DIAGNOSTIC,    42, -9.200137284374e-01, 1.748061843530e-06, 9.5688e+02, 1.9170e+01, 
 1DIAGNOSTIC,    43, -9.200400541445e-01, 1.228735557378e-06, 9.7640e+02, 1.9517e+01, 
 1DIAGNOSTIC,    44, -9.200796505154e-01, 1.436304651305e-06, 9.9569e+02, 1.9286e+01, 
 1DIAGNOSTIC,    45, -9.201322376496e-01, 2.162048389542e-06, 1.0151e+03, 1.9403e+01, 
 1DIAGNOSTIC,    46, -9.202008741709e-01, 3.255598261934e-06, 1.0343e+03, 1.9189e+01, 
 1DIAGNOSTIC,    47, -9.202829035328e-01, 4.579634330489e-06, 1.0525e+03, 1.8198e+01, 
 1DIAGNOSTIC,    48, -9.203795919007e-01, 6.058589120360e-06, 1.0708e+03, 1.8330e+01, 
 1DIAGNOSTIC,    49, -9.204929950637e-01, 7.627576424869e-06, 1.0891e+03, 1.8282e+01, 
 1DIAGNOSTIC,    50, -9.206170192194e-01, 9.208451849634e-06, 1.1073e+03, 1.8241e+01, 
XXDIAGNOSTIC,Iteration,metricValue,convergenceValue,ITERATION_TIME_INDEX,SINCE_LAST
 1DIAGNOSTIC,     1, -8.763353943966e-01, 1.797693134862e+308, 1.2577e+03, 1.5041e+02, 
 1DIAGNOSTIC,     2, -8.775281937847e-01, 1.797693134862e+308, 1.4101e+03, 1.5239e+02, 
 1DIAGNOSTIC,     3, -8.790565792921e-01, 1.797693134862e+308, 1.5642e+03, 1.5402e+02, 
 1DIAGNOSTIC,     4, -8.805499338758e-01, 1.797693134862e+308, 1.7178e+03, 1.5368e+02, 
 1DIAGNOSTIC,     5, -8.819716484159e-01, 1.797693134862e+308, 1.8659e+03, 1.4811e+02, 
 1DIAGNOSTIC,     6, -8.832730065067e-01, 1.797693134862e+308, 2.0176e+03, 1.5168e+02, 
 1DIAGNOSTIC,     7, -8.845451663898e-01, 1.797693134862e+308, 2.1722e+03, 1.5456e+02, 
 1DIAGNOSTIC,     8, -8.857520355535e-01, 1.797693134862e+308, 2.3260e+03, 1.5385e+02, 
 1DIAGNOSTIC,     9, -8.869146913398e-01, 1.797693134862e+308, 2.4748e+03, 1.4876e+02, 
 1DIAGNOSTIC,    10, -8.880461669635e-01, 8.628990893238e-04, 2.6246e+03, 1.4975e+02, 
 1DIAGNOSTIC,    11, -8.890463402917e-01, 7.582688668387e-04, 2.7769e+03, 1.5231e+02, 
 1DIAGNOSTIC,    12, -8.899486167050e-01, 6.588097364578e-04, 2.9277e+03, 1.5082e+02, 
 1DIAGNOSTIC,    13, -8.908041020230e-01, 5.737259686090e-04, 3.0768e+03, 1.4914e+02, 
 1DIAGNOSTIC,    14, -8.915873722779e-01, 5.005470058236e-04, 3.2261e+03, 1.4931e+02, 
 1DIAGNOSTIC,    15, -8.922995108308e-01, 4.368097196438e-04, 3.3729e+03, 1.4673e+02, 
 1DIAGNOSTIC,    16, -8.929666555021e-01, 3.802326227573e-04, 3.5209e+03, 1.4799e+02, 
 1DIAGNOSTIC,    17, -8.936624497467e-01, 3.322575368364e-04, 3.6727e+03, 1.5184e+02, 
 1DIAGNOSTIC,    18, -8.942196804402e-01, 2.901232055766e-04, 3.8219e+03, 1.4922e+02, 
 1DIAGNOSTIC,    19, -8.949424608361e-01, 2.571756617787e-04, 3.9706e+03, 1.4867e+02, 
 1DIAGNOSTIC,    20, -8.954087322702e-01, 2.290158711419e-04, 4.1203e+03, 1.4976e+02, 
  Elapsed time (stage 0): 4121.53


Total elapsed time: 4121.53
