
##########################
# Experiment information #
##########################

EXPERIMENT_NAME: antsRegistration-r7-p13
VFC_BACKENDS: libinterflop_vprec.so --range-binary32=7 --precision-binary32=13 --range-binary64=7 --precision-binary64=13

SIF_IMG: /home/mdugre/projects/rrg-glatard/mdugre/containers/ants-vprec-no_metrics.simg

SUBJECT_ID: s026
INPUT_IMG: /home/mdugre/scratch/mri-registration-rp/datasets/ds004513/derivatives/mri-registration-rp/antsBrainExtraction/sub-s026/BrainExtractionBrain.nii.gz
OUTPUT_DIR: /home/mdugre/scratch/mri-registration-rp/datasets/ds004513/derivatives/mri-registration-rp/0100/antsRegistration-r7-p13/sub-s026

FIXED_IMG: /templateflow/tpl-MNI152NLin2009cAsym/tpl-MNI152NLin2009cAsym_res-01_desc-brain_T1w.nii.gz
DATA_DIR: /home/mdugre/scratch/mri-registration-rp/datasets/ds004513
TEMPLATEFLOW_DIR: /home/mdugre/projects/rrg-glatard/mdugre/templateflow
ITK_GLOBAL_DEFAULT_NUMBER_OF_THREADS: 16
##########################

Info [verificarlo]: loaded backend libinterflop_ieee.so
Info [interflop-ieee]: load backend with:
Info [interflop-ieee]: debug = false
Info [interflop-ieee]: debug-binary = false
Info [interflop-ieee]: no-backend-name = false
Info [interflop-ieee]: print-new-line = false
Info [interflop-ieee]: print-subnormal-normalized = false
Info [interflop-ieee]: count-op = false
All_Command_lines_OK
Using double precision for computations.
=============================================================================
The composite transform comprises the following transforms (in order): 
  1. Center of mass alignment using fixed image: /templateflow/tpl-MNI152NLin2009cAsym/tpl-MNI152NLin2009cAsym_res-01_desc-brain_T1w.nii.gz and moving image: /home/mdugre/scratch/mri-registration-rp/datasets/ds004513/derivatives/mri-registration-rp/antsBrainExtraction/sub-s026/BrainExtractionBrain.nii.gz (type = Euler3DTransform)
=============================================================================
  number of levels = 1
  fixed image: /templateflow/tpl-MNI152NLin2009cAsym/tpl-MNI152NLin2009cAsym_res-01_desc-brain_T1w.nii.gz
  moving image: /home/mdugre/scratch/mri-registration-rp/datasets/ds004513/derivatives/mri-registration-rp/antsBrainExtraction/sub-s026/BrainExtractionBrain.nii.gz
Dimension = 3
Number of stages = 1
Use histogram matching = false
Winsorize image intensities = true
  Lower quantile = 0.005
  Upper quantile = 0.995


Stage 1 State
   Image metric = MattesMI
     Fixed image = Image (0x4c9ae70)
  RTTI typeinfo:   itk::Image<double, 3u>
  Reference Count: 2
  Modified Time: 2334
  Debug: Off
  Object Name: 
  Observers: 
    none
  Source: (none)
  Source output name: (none)
  Release Data: Off
  Data Released: False
  Global Release Data: Off
  PipelineMTime: 0
  UpdateMTime: 1943
  RealTimeStamp: 0 seconds 
  LargestPossibleRegion: 
    Dimension: 3
    Index: [0, 0, 0]
    Size: [193, 229, 193]
  BufferedRegion: 
    Dimension: 3
    Index: [0, 0, 0]
    Size: [193, 229, 193]
  RequestedRegion: 
    Dimension: 3
    Index: [0, 0, 0]
    Size: [193, 229, 193]
  Spacing: [1, 1, 1]
  Origin: [96, 132, -78]
  Direction: 
-1 0 0
0 -1 0
0 0 1

  IndexToPointMatrix: 
-1 0 0
0 -1 0
0 0 1

  PointToIndexMatrix: 
-1 0 0
0 -1 0
0 0 1

  Inverse Direction: 
-1 0 0
0 -1 0
0 0 1

  PixelContainer: 
    ImportImageContainer (0x4ca3c60)
      RTTI typeinfo:   itk::ImportImageContainer<unsigned long, double>
      Reference Count: 1
      Modified Time: 1940
      Debug: Off
      Object Name: 
      Observers: 
        none
      Pointer: 0x14b369870010
      Container manages memory: true
      Size: 8530021
      Capacity: 8530021

     Moving image = Image (0x4d37ec0)
  RTTI typeinfo:   itk::Image<double, 3u>
  Reference Count: 2
  Modified Time: 2335
  Debug: Off
  Object Name: 
  Observers: 
    none
  Source: (none)
  Source output name: (none)
  Release Data: Off
  Data Released: False
  Global Release Data: Off
  PipelineMTime: 0
  UpdateMTime: 2332
  RealTimeStamp: 0 seconds 
  LargestPossibleRegion: 
    Dimension: 3
    Index: [0, 0, 0]
    Size: [160, 240, 256]
  BufferedRegion: 
    Dimension: 3
    Index: [0, 0, 0]
    Size: [160, 240, 256]
  RequestedRegion: 
    Dimension: 3
    Index: [0, 0, 0]
    Size: [160, 240, 256]
  Spacing: [1, 1, 1]
  Origin: [75.0981, 90.7039, -142.764]
  Direction: 
-0.998342 0.057564 0
-0.057564 -0.998342 0
0 0 1

  IndexToPointMatrix: 
-0.998345 0.057564 0
-0.0575642 -0.998342 0
0 0 1

  PointToIndexMatrix: 
-0.998339 -0.0575639 0
0.057564 -0.998342 0
0 0 1

  Inverse Direction: 
-0.998342 -0.057564 0
0.057564 -0.998342 0
0 0 1

  PixelContainer: 
    ImportImageContainer (0x4d35f90)
      RTTI typeinfo:   itk::ImportImageContainer<unsigned long, double>
      Reference Count: 1
      Modified Time: 2329
      Debug: Off
      Object Name: 
      Observers: 
        none
      Pointer: 0x14b364d6f010
      Container manages memory: true
      Size: 9830400
      Capacity: 9830400

     Weighting = 1
     Sampling strategy = regular
     Number of bins = 32
     Radius = 4
     Sampling percentage  = 0.25
   Transform = Rigid
     Gradient step = 0.1
     Update field sigma (voxel space) = 0
     Total field sigma (voxel space) = 0
     Update field time sigma = 0
     Total field time sigma  = 0
     Number of time indices = 0
     Number of time point samples = 0
Registration using 1 total stages.

Stage 0
  iterations = 0
  convergence threshold = 1e-06
  convergence window size = 10
  number of levels = 1
  using the Mattes MI metric (number of bins = 32, weight = 1, use gradient filter = 0)
  preprocessing:  winsorizing the image intensities
  Shrink factors (level 1 out of 1): [1, 1, 1]
  smoothing sigmas per level: [0]
  regular sampling (percentage = 0.25)

*** Running Euler3DTransform registration ***

  Elapsed time (stage 0): 1.15918


Total elapsed time: 1.16139
Info [verificarlo]: loaded backend libinterflop_vprec.so
Info [interflop-vprec]: load backend with: 
Info [interflop-vprec]: precision-binary32 = 13
Info [interflop-vprec]: range-binary32 = 7
Info [interflop-vprec]: precision-binary64 = 13
Info [interflop-vprec]: range-binary64 = 7
Info [interflop-vprec]: mode = ob
Info [interflop-vprec]: error-mode = rel
Info [interflop-vprec]: max-abs-error-exponent = -1022
Info [interflop-vprec]: daz = false
Info [interflop-vprec]: ftz = false
Info [interflop-vprec]: 	instrument = none
Info [interflop-vprec]: 	prec-input-file = (null)
Info [interflop-vprec]: 	prec-output-file = (null)
Info [interflop-vprec]: 	prec-log-file = (null)
All_Command_lines_OK
Using double precision for computations.
=============================================================================
The composite transform comprises the following transforms (in order): 
  1. /home/mdugre/scratch/mri-registration-rp/datasets/ds004513/derivatives/mri-registration-rp/0100/antsRegistration-r7-p13/sub-s026/align_Composite.h5[0] (type = Euler3DTransform)
  2. /home/mdugre/scratch/mri-registration-rp/datasets/ds004513/derivatives/mri-registration-rp/0100/antsRegistration-r7-p13/sub-s026/align_Composite.h5[1] (type = Euler3DTransform)
=============================================================================
  number of levels = 4
  fixed image: /templateflow/tpl-MNI152NLin2009cAsym/tpl-MNI152NLin2009cAsym_res-01_desc-brain_T1w.nii.gz
  moving image: /home/mdugre/scratch/mri-registration-rp/datasets/ds004513/derivatives/mri-registration-rp/antsBrainExtraction/sub-s026/BrainExtractionBrain.nii.gz
Dimension = 3
Number of stages = 1
Use histogram matching = false
Winsorize image intensities = true
  Lower quantile = 0.005
  Upper quantile = 0.995


Stage 1 State
   Image metric = MattesMI
     Fixed image = Image (0x4ce81e0)
  RTTI typeinfo:   itk::Image<double, 3u>
  Reference Count: 2
  Modified Time: 1578
  Debug: Off
  Object Name: 
  Observers: 
    none
  Source: (none)
  Source output name: (none)
  Release Data: Off
  Data Released: False
  Global Release Data: Off
  PipelineMTime: 0
  UpdateMTime: 1189
  RealTimeStamp: 0 seconds 
  LargestPossibleRegion: 
    Dimension: 3
    Index: [0, 0, 0]
    Size: [193, 229, 193]
  BufferedRegion: 
    Dimension: 3
    Index: [0, 0, 0]
    Size: [193, 229, 193]
  RequestedRegion: 
    Dimension: 3
    Index: [0, 0, 0]
    Size: [193, 229, 193]
  Spacing: [1, 1, 1]
  Origin: [96, 132, -78]
  Direction: 
-1 0 0
0 -1 0
0 0 1

  IndexToPointMatrix: 
-1 0 0
0 -1 0
0 0 1

  PointToIndexMatrix: 
-1 0 0
0 -1 0
0 0 1

  Inverse Direction: 
-1 0 0
0 -1 0
0 0 1

  PixelContainer: 
    ImportImageContainer (0x4da7680)
      RTTI typeinfo:   itk::ImportImageContainer<unsigned long, double>
      Reference Count: 1
      Modified Time: 1186
      Debug: Off
      Object Name: 
      Observers: 
        none
      Pointer: 0x14c37ad9d010
      Container manages memory: true
      Size: 8530021
      Capacity: 8530021

     Moving image = Image (0x4da3b20)
  RTTI typeinfo:   itk::Image<double, 3u>
  Reference Count: 2
  Modified Time: 1579
  Debug: Off
  Object Name: 
  Observers: 
    none
  Source: (none)
  Source output name: (none)
  Release Data: Off
  Data Released: False
  Global Release Data: Off
  PipelineMTime: 0
  UpdateMTime: 1576
  RealTimeStamp: 0 seconds 
  LargestPossibleRegion: 
    Dimension: 3
    Index: [0, 0, 0]
    Size: [160, 240, 256]
  BufferedRegion: 
    Dimension: 3
    Index: [0, 0, 0]
    Size: [160, 240, 256]
  RequestedRegion: 
    Dimension: 3
    Index: [0, 0, 0]
    Size: [160, 240, 256]
  Spacing: [1, 1, 1]
  Origin: [75.1016, 90.7031, -142.766]
  Direction: 
-0.998352 0.0575676 0
-0.0575676 -0.998352 0
0 0 1

  IndexToPointMatrix: 
-0.998352 0.0575676 0
-0.0575676 -0.998352 0
0 0 1

  PointToIndexMatrix: 
-0.998291 -0.0575676 0
0.0575676 -0.998352 0
0 0 1

  Inverse Direction: 
-0.998291 -0.0575676 0
0.0575676 -0.998352 0
0 0 1

  PixelContainer: 
    ImportImageContainer (0x4e0cd50)
      RTTI typeinfo:   itk::ImportImageContainer<unsigned long, double>
      Reference Count: 1
      Modified Time: 1573
      Debug: Off
      Object Name: 
      Observers: 
        none
      Pointer: 0x14c37629c010
      Container manages memory: true
      Size: 9830400
      Capacity: 9830400

     Weighting = 1
     Sampling strategy = regular
     Number of bins = 32
     Radius = 4
     Sampling percentage  = 0.25
   Transform = Rigid
     Gradient step = 0.1
     Update field sigma (voxel space) = 0
     Total field sigma (voxel space) = 0
     Update field time sigma = 0
     Total field time sigma  = 0
     Number of time indices = 0
     Number of time point samples = 0
Registration using 1 total stages.

Stage 0
  iterations = 1000x500x250x100
  convergence threshold = 1e-06
  convergence window size = 10
  number of levels = 4
  using the Mattes MI metric (number of bins = 32, weight = 1, use gradient filter = 0)
  preprocessing:  winsorizing the image intensities
  Shrink factors (level 1 out of 4): [8, 8, 8]
  Shrink factors (level 2 out of 4): [4, 4, 4]
  Shrink factors (level 3 out of 4): [2, 2, 2]
  Shrink factors (level 4 out of 4): [1, 1, 1]
  smoothing sigmas per level: [3, 2, 1, 0]
  regular sampling (percentage = 0.25)

*** Running Euler3DTransform registration ***

DIAGNOSTIC,Iteration,metricValue,convergenceValue,ITERATION_TIME_INDEX,SINCE_LAST
 2DIAGNOSTIC,     1, -4.825085649148e-01, 1.797693134862e+308, 0.0000e+00, 0.0000e+00, 
 2DIAGNOSTIC,     2, -4.843007583178e-01, 1.797693134862e+308, 0.0000e+00, 0.0000e+00, 
 2DIAGNOSTIC,     3, -4.874220359108e-01, 1.797693134862e+308, 0.0000e+00, 0.0000e+00, 
 2DIAGNOSTIC,     4, -4.941439958424e-01, 1.797693134862e+308, 0.0000e+00, 0.0000e+00, 
 2DIAGNOSTIC,     5, -5.008449588856e-01, 1.797693134862e+308, 0.0000e+00, 0.0000e+00, 
 2DIAGNOSTIC,     6, -5.123629343193e-01, 1.797693134862e+308, 0.0000e+00, 0.0000e+00, 
 2DIAGNOSTIC,     7, -5.420031029845e-01, 1.797693134862e+308, 0.0000e+00, 0.0000e+00, 
 2DIAGNOSTIC,     8, -5.424984871841e-01, 1.797693134862e+308, 0.0000e+00, 0.0000e+00, 
 2DIAGNOSTIC,     9, -5.429989386628e-01, 1.797693134862e+308, 0.0000e+00, 0.0000e+00, 
 2DIAGNOSTIC,    10, -5.440416982267e-01, 9.733410644261e-03, 0.0000e+00, 0.0000e+00, 
 2DIAGNOSTIC,    11, -5.456106966168e-01, 8.482520507698e-03, 0.0000e+00, 0.0000e+00, 
 2DIAGNOSTIC,    12, -5.615804983166e-01, 7.464790578855e-03, 0.0000e+00, 0.0000e+00, 
 2DIAGNOSTIC,    13, -5.755043722558e-01, 6.624621220615e-03, 0.0000e+00, 0.0000e+00, 
 2DIAGNOSTIC,    14, -5.960623968189e-01, 6.358342297991e-03, 0.0000e+00, 0.0000e+00, 
 2DIAGNOSTIC,    15, -6.299983280720e-01, 6.963642046511e-03, 0.0000e+00, 0.0000e+00, 
 2DIAGNOSTIC,    16, -6.358406378517e-01, 7.366985226569e-03, 0.0000e+00, 0.0000e+00, 
 2DIAGNOSTIC,    17, -6.378199920821e-01, 8.015130812049e-03, 0.0000e+00, 0.0000e+00, 
 2DIAGNOSTIC,    18, -6.383562830124e-01, 7.881948382205e-03, 0.0000e+00, 0.0000e+00, 
 2DIAGNOSTIC,    19, -6.386193180016e-01, 7.056170750625e-03, 0.0000e+00, 0.0000e+00, 
 2DIAGNOSTIC,    20, -6.389521701439e-01, 5.701506368673e-03, 0.0000e+00, 0.0000e+00, 
 2DIAGNOSTIC,    21, -6.413301874084e-01, 4.054415480312e-03, 0.0000e+00, 0.0000e+00, 
 2DIAGNOSTIC,    22, -6.416483848714e-01, 2.576410301769e-03, 0.0000e+00, 0.0000e+00, 
 2DIAGNOSTIC,    23, -6.416789682967e-01, 1.302795825362e-03, 0.0000e+00, 0.0000e+00, 
 2DIAGNOSTIC,    24, -6.418060605194e-01, 4.351605591549e-04, 0.0000e+00, 0.0000e+00, 
 2DIAGNOSTIC,    25, -6.417172028001e-01, 2.674076841351e-04, 0.0000e+00, 0.0000e+00, 
 2DIAGNOSTIC,    26, -6.418708010123e-01, 2.004584001501e-04, 0.0000e+00, 0.0000e+00, 
 2DIAGNOSTIC,    27, -6.419661757613e-01, 1.573770828997e-04, 0.0000e+00, 0.0000e+00, 
 2DIAGNOSTIC,    28, -6.421638867909e-01, 1.163142032505e-04, 0.0000e+00, 0.0000e+00, 
 2DIAGNOSTIC,    29, -6.423504762463e-01, 7.540007677901e-05, 0.0000e+00, 0.0000e+00, 
 2DIAGNOSTIC,    30, -6.422789633087e-01, 3.366020239560e-05, 0.0000e+00, 0.0000e+00, 
 2DIAGNOSTIC,    31, -6.422820510203e-01, 2.877471507776e-05, 0.0000e+00, 0.0000e+00, 
 2DIAGNOSTIC,    32, -6.422810111302e-01, 2.636607863593e-05, 0.0000e+00, 0.0000e+00, 
 2DIAGNOSTIC,    33, -6.422778912485e-01, 2.203263323530e-05, 0.0000e+00, 0.0000e+00, 
 2DIAGNOSTIC,    34, -6.422947233195e-01, 1.806607380524e-05, 0.0000e+00, 0.0000e+00, 
 2DIAGNOSTIC,    35, -6.422884512198e-01, 1.145084917003e-05, 0.0000e+00, 0.0000e+00, 
 2DIAGNOSTIC,    36, -6.422009620123e-01, 5.174324848402e-06, 0.0000e+00, 0.0000e+00, 
DIAGNOSTIC,Iteration,metricValue,convergenceValue,ITERATION_TIME_INDEX,SINCE_LAST
 2DIAGNOSTIC,     1, -5.221312698896e-01, 1.797693134862e+308, 0.0000e+00, 0.0000e+00, 
 2DIAGNOSTIC,     2, -5.226428186647e-01, 1.797693134862e+308, 0.0000e+00, 0.0000e+00, 
 2DIAGNOSTIC,     3, -5.234407501448e-01, 1.797693134862e+308, 0.0000e+00, 0.0000e+00, 
 2DIAGNOSTIC,     4, -5.247054056133e-01, 1.797693134862e+308, 0.0000e+00, 0.0000e+00, 
 2DIAGNOSTIC,     5, -5.260926812885e-01, 1.797693134862e+308, 0.0000e+00, 0.0000e+00, 
 2DIAGNOSTIC,     6, -5.274717048726e-01, 1.797693134862e+308, 0.0000e+00, 0.0000e+00, 
 2DIAGNOSTIC,     7, -5.296896051674e-01, 1.797693134862e+308, 0.0000e+00, 0.0000e+00, 
 2DIAGNOSTIC,     8, -5.307897312808e-01, 1.797693134862e+308, 0.0000e+00, 0.0000e+00, 
 2DIAGNOSTIC,     9, -5.322927744910e-01, 1.797693134862e+308, 0.0000e+00, 0.0000e+00, 
 2DIAGNOSTIC,    10, -5.347858034411e-01, 1.555802092715e-03, 0.0000e+00, 0.0000e+00, 
 2DIAGNOSTIC,    11, -5.365586999030e-01, 1.554683292783e-03, 0.0000e+00, 0.0000e+00, 
 2DIAGNOSTIC,    12, -5.381506753606e-01, 1.507417028881e-03, 0.0000e+00, 0.0000e+00, 
 2DIAGNOSTIC,    13, -5.393001725723e-01, 1.411490191381e-03, 0.0000e+00, 0.0000e+00, 
 2DIAGNOSTIC,    14, -5.402555126943e-01, 1.286100311506e-03, 0.0000e+00, 0.0000e+00, 
 2DIAGNOSTIC,    15, -5.412952769321e-01, 1.145799308192e-03, 0.0000e+00, 0.0000e+00, 
 2DIAGNOSTIC,    16, -5.417937492782e-01, 9.789173339254e-04, 0.0000e+00, 0.0000e+00, 
 2DIAGNOSTIC,    17, -5.419998124745e-01, 8.183916434316e-04, 0.0000e+00, 0.0000e+00, 
 2DIAGNOSTIC,    18, -5.425892455953e-01, 6.508035753352e-04, 0.0000e+00, 0.0000e+00, 
 2DIAGNOSTIC,    19, -5.428390103643e-01, 4.886928207661e-04, 0.0000e+00, 0.0000e+00, 
 2DIAGNOSTIC,    20, -5.428527397370e-01, 3.637089130848e-04, 0.0000e+00, 0.0000e+00, 
 2DIAGNOSTIC,    21, -5.429698711985e-01, 2.645621051065e-04, 0.0000e+00, 0.0000e+00, 
 2DIAGNOSTIC,    22, -5.429831194575e-01, 1.885539534912e-04, 0.0000e+00, 0.0000e+00, 
 2DIAGNOSTIC,    23, -5.429758647730e-01, 1.277632396524e-04, 0.0000e+00, 0.0000e+00, 
 2DIAGNOSTIC,    24, -5.429272288548e-01, 7.980305655045e-05, 0.0000e+00, 0.0000e+00, 
 2DIAGNOSTIC,    25, -5.429296684430e-01, 5.045630023156e-05, 0.0000e+00, 0.0000e+00, 
 2DIAGNOSTIC,    26, -5.428290667615e-01, 2.696204365417e-05, 0.0000e+00, 0.0000e+00, 
 2DIAGNOSTIC,    27, -5.428788176439e-01, 7.613749687573e-06, 0.0000e+00, 0.0000e+00, 
DIAGNOSTIC,Iteration,metricValue,convergenceValue,ITERATION_TIME_INDEX,SINCE_LAST
 2DIAGNOSTIC,     1, -4.640832420881e-01, 1.797693134862e+308, 0.0000e+00, 0.0000e+00, 
 2DIAGNOSTIC,     2, -4.641382544471e-01, 1.797693134862e+308, 0.0000e+00, 0.0000e+00, 
 2DIAGNOSTIC,     3, -4.641309161316e-01, 1.797693134862e+308, 0.0000e+00, 0.0000e+00, 
 2DIAGNOSTIC,     4, -4.641243017231e-01, 1.797693134862e+308, 0.0000e+00, 0.0000e+00, 
 2DIAGNOSTIC,     5, -4.641398635846e-01, 1.797693134862e+308, 0.0000e+00, 0.0000e+00, 
 2DIAGNOSTIC,     6, -4.641293190518e-01, 1.797693134862e+308, 0.0000e+00, 0.0000e+00, 
 2DIAGNOSTIC,     7, -4.641013669685e-01, 1.797693134862e+308, 0.0000e+00, 0.0000e+00, 
 2DIAGNOSTIC,     8, -4.640842479930e-01, 1.797693134862e+308, 0.0000e+00, 0.0000e+00, 
 2DIAGNOSTIC,     9, -4.640909094626e-01, 1.797693134862e+308, 0.0000e+00, 0.0000e+00, 
DIAGNOSTIC,Iteration,metricValue,convergenceValue,ITERATION_TIME_INDEX,SINCE_LAST
 2DIAGNOSTIC,     1, -4.229986181925e-01, 1.797693134862e+308, 0.0000e+00, 0.0000e+00, 
 2DIAGNOSTIC,     2, -4.231992542264e-01, 1.797693134862e+308, 0.0000e+00, 0.0000e+00, 
 2DIAGNOSTIC,     3, -4.233167864493e-01, 1.797693134862e+308, 0.0000e+00, 0.0000e+00, 
 2DIAGNOSTIC,     4, -4.233094074818e-01, 1.797693134862e+308, 0.0000e+00, 0.0000e+00, 
 2DIAGNOSTIC,     5, -4.233175932907e-01, 1.797693134862e+308, 0.0000e+00, 0.0000e+00, 
 2DIAGNOSTIC,     6, -4.233199088549e-01, 1.797693134862e+308, 0.0000e+00, 0.0000e+00, 
 2DIAGNOSTIC,     7, -4.233239342281e-01, 1.797693134862e+308, 0.0000e+00, 0.0000e+00, 
 2DIAGNOSTIC,     8, -4.233240408401e-01, 1.797693134862e+308, 0.0000e+00, 0.0000e+00, 
 2DIAGNOSTIC,     9, -4.233236022472e-01, 1.797693134862e+308, 0.0000e+00, 0.0000e+00, 
 2DIAGNOSTIC,    10, -4.233231391571e-01, 3.378846227091e-05, 0.0000e+00, 0.0000e+00, 
 2DIAGNOSTIC,    11, -4.233201016838e-01, 1.207749713708e-05, 0.0000e+00, 0.0000e+00, 
 2DIAGNOSTIC,    12, -4.233198358371e-01, 4.244034838952e-06, 0.0000e+00, 0.0000e+00, 
 2DIAGNOSTIC,    13, -4.233190060383e-01, 3.567477699140e-06, 0.0000e+00, 0.0000e+00, 
 2DIAGNOSTIC,    14, -4.233189935350e-01, 2.572584333782e-06, 0.0000e+00, 0.0000e+00, 
 2DIAGNOSTIC,    15, -4.233188023487e-01, 2.086101680968e-06, 0.0000e+00, 0.0000e+00, 
 2DIAGNOSTIC,    16, -4.233187720749e-01, 1.799201258507e-06, 0.0000e+00, 0.0000e+00, 
 2DIAGNOSTIC,    17, -4.233186829867e-01, 1.759331092345e-06, 0.0000e+00, 0.0000e+00, 
 2DIAGNOSTIC,    18, -4.233194791519e-01, 1.804940107354e-06, 0.0000e+00, 0.0000e+00, 
 2DIAGNOSTIC,    19, -4.233201367183e-01, 1.884404626097e-06, 0.0000e+00, 0.0000e+00, 
 2DIAGNOSTIC,    20, -4.233201367183e-01, 1.957256626710e-06, 0.0000e+00, 0.0000e+00, 
 2DIAGNOSTIC,    21, -4.233201245070e-01, 1.924801513849e-06, 0.0000e+00, 0.0000e+00, 
 2DIAGNOSTIC,    22, -4.233201053273e-01, 1.880413260186e-06, 0.0000e+00, 0.0000e+00, 
 2DIAGNOSTIC,    23, -4.233202185308e-01, 1.807623768613e-06, 0.0000e+00, 0.0000e+00, 
 2DIAGNOSTIC,    24, -4.233203393703e-01, 1.732317644901e-06, 0.0000e+00, 0.0000e+00, 
 2DIAGNOSTIC,    25, -4.233205317880e-01, 1.652510308162e-06, 0.0000e+00, 0.0000e+00, 
 2DIAGNOSTIC,    26, -4.233206016816e-01, 1.571037322533e-06, 0.0000e+00, 0.0000e+00, 
 2DIAGNOSTIC,    27, -4.233206016816e-01, 1.485734160166e-06, 0.0000e+00, 0.0000e+00, 
 2DIAGNOSTIC,    28, -4.233202086047e-01, 1.411259003298e-06, 0.0000e+00, 0.0000e+00, 
 2DIAGNOSTIC,    29, -4.233202086047e-01, 1.355008077242e-06, 0.0000e+00, 0.0000e+00, 
 2DIAGNOSTIC,    30, -4.233200564479e-01, 1.297409815165e-06, 0.0000e+00, 0.0000e+00, 
 2DIAGNOSTIC,    31, -4.233200564479e-01, 1.242945124713e-06, 0.0000e+00, 0.0000e+00, 
 2DIAGNOSTIC,    32, -4.233200564479e-01, 1.192387005272e-06, 0.0000e+00, 0.0000e+00, 
 2DIAGNOSTIC,    33, -4.233199643477e-01, 1.147379185711e-06, 0.0000e+00, 0.0000e+00, 
 2DIAGNOSTIC,    34, -4.233199643477e-01, 1.110163343570e-06, 0.0000e+00, 0.0000e+00, 
 2DIAGNOSTIC,    35, -4.233200372310e-01, 1.083037670102e-06, 0.0000e+00, 0.0000e+00, 
 2DIAGNOSTIC,    36, -4.233200372310e-01, 1.061066124287e-06, 0.0000e+00, 0.0000e+00, 
 2DIAGNOSTIC,    37, -4.233200372310e-01, 1.042112122335e-06, 0.0000e+00, 0.0000e+00, 
 2DIAGNOSTIC,    38, -4.233198741180e-01, 1.015023867318e-06, 0.0000e+00, 0.0000e+00, 
  Elapsed time (stage 0): 0.0000e+00


Total elapsed time: 0.0000e+00
Info [verificarlo]: loaded backend libinterflop_ieee.so
Info [interflop-ieee]: load backend with:
Info [interflop-ieee]: debug = false
Info [interflop-ieee]: debug-binary = false
Info [interflop-ieee]: no-backend-name = false
Info [interflop-ieee]: print-new-line = false
Info [interflop-ieee]: print-subnormal-normalized = false
Info [interflop-ieee]: count-op = false
All_Command_lines_OK
Using double precision for computations.
=============================================================================
The composite transform comprises the following transforms (in order): 
  1. /home/mdugre/scratch/mri-registration-rp/datasets/ds004513/derivatives/mri-registration-rp/0100/antsRegistration-r7-p13/sub-s026/rigid_Composite.h5[0] (type = Euler3DTransform)
  2. /home/mdugre/scratch/mri-registration-rp/datasets/ds004513/derivatives/mri-registration-rp/0100/antsRegistration-r7-p13/sub-s026/rigid_Composite.h5[1] (type = Euler3DTransform)
  3. /home/mdugre/scratch/mri-registration-rp/datasets/ds004513/derivatives/mri-registration-rp/0100/antsRegistration-r7-p13/sub-s026/rigid_Composite.h5[2] (type = Euler3DTransform)
=============================================================================
  number of levels = 4
  fixed image: /templateflow/tpl-MNI152NLin2009cAsym/tpl-MNI152NLin2009cAsym_res-01_desc-brain_T1w.nii.gz
  moving image: /home/mdugre/scratch/mri-registration-rp/datasets/ds004513/derivatives/mri-registration-rp/antsBrainExtraction/sub-s026/BrainExtractionBrain.nii.gz
Dimension = 3
Number of stages = 1
Use histogram matching = false
Winsorize image intensities = true
  Lower quantile = 0.005
  Upper quantile = 0.995


Stage 1 State
   Image metric = MattesMI
     Fixed image = Image (0x34917e0)
  RTTI typeinfo:   itk::Image<double, 3u>
  Reference Count: 2
  Modified Time: 1594
  Debug: Off
  Object Name: 
  Observers: 
    none
  Source: (none)
  Source output name: (none)
  Release Data: Off
  Data Released: False
  Global Release Data: Off
  PipelineMTime: 0
  UpdateMTime: 1203
  RealTimeStamp: 0 seconds 
  LargestPossibleRegion: 
    Dimension: 3
    Index: [0, 0, 0]
    Size: [193, 229, 193]
  BufferedRegion: 
    Dimension: 3
    Index: [0, 0, 0]
    Size: [193, 229, 193]
  RequestedRegion: 
    Dimension: 3
    Index: [0, 0, 0]
    Size: [193, 229, 193]
  Spacing: [1, 1, 1]
  Origin: [96, 132, -78]
  Direction: 
-1 0 0
0 -1 0
0 0 1

  IndexToPointMatrix: 
-1 0 0
0 -1 0
0 0 1

  PointToIndexMatrix: 
-1 0 0
0 -1 0
0 0 1

  Inverse Direction: 
-1 0 0
0 -1 0
0 0 1

  PixelContainer: 
    ImportImageContainer (0x3551a20)
      RTTI typeinfo:   itk::ImportImageContainer<unsigned long, double>
      Reference Count: 1
      Modified Time: 1200
      Debug: Off
      Object Name: 
      Observers: 
        none
      Pointer: 0x14e49a3e3010
      Container manages memory: true
      Size: 8530021
      Capacity: 8530021

     Moving image = Image (0x3506e20)
  RTTI typeinfo:   itk::Image<double, 3u>
  Reference Count: 2
  Modified Time: 1595
  Debug: Off
  Object Name: 
  Observers: 
    none
  Source: (none)
  Source output name: (none)
  Release Data: Off
  Data Released: False
  Global Release Data: Off
  PipelineMTime: 0
  UpdateMTime: 1592
  RealTimeStamp: 0 seconds 
  LargestPossibleRegion: 
    Dimension: 3
    Index: [0, 0, 0]
    Size: [160, 240, 256]
  BufferedRegion: 
    Dimension: 3
    Index: [0, 0, 0]
    Size: [160, 240, 256]
  RequestedRegion: 
    Dimension: 3
    Index: [0, 0, 0]
    Size: [160, 240, 256]
  Spacing: [1, 1, 1]
  Origin: [75.0981, 90.7039, -142.764]
  Direction: 
-0.998342 0.057564 0
-0.057564 -0.998342 0
0 0 1

  IndexToPointMatrix: 
-0.998345 0.057564 0
-0.0575642 -0.998342 0
0 0 1

  PointToIndexMatrix: 
-0.998339 -0.0575639 0
0.057564 -0.998342 0
0 0 1

  Inverse Direction: 
-0.998342 -0.057564 0
0.057564 -0.998342 0
0 0 1

  PixelContainer: 
    ImportImageContainer (0x35a0550)
      RTTI typeinfo:   itk::ImportImageContainer<unsigned long, double>
      Reference Count: 1
      Modified Time: 1589
      Debug: Off
      Object Name: 
      Observers: 
        none
      Pointer: 0x14e4958e2010
      Container manages memory: true
      Size: 9830400
      Capacity: 9830400

     Weighting = 1
     Sampling strategy = regular
     Number of bins = 32
     Radius = 4
     Sampling percentage  = 0.25
   Transform = Affine
     Gradient step = 0.1
     Update field sigma (voxel space) = 0
     Total field sigma (voxel space) = 0
     Update field time sigma = 0
     Total field time sigma  = 0
     Number of time indices = 0
     Number of time point samples = 0
Registration using 1 total stages.

Stage 0
  iterations = 1000x500x250x100
  convergence threshold = 1e-06
  convergence window size = 10
  number of levels = 4
  using the Mattes MI metric (number of bins = 32, weight = 1, use gradient filter = 0)
  preprocessing:  winsorizing the image intensities
  Shrink factors (level 1 out of 4): [8, 8, 8]
  Shrink factors (level 2 out of 4): [4, 4, 4]
  Shrink factors (level 3 out of 4): [2, 2, 2]
  Shrink factors (level 4 out of 4): [1, 1, 1]
  smoothing sigmas per level: [3, 2, 1, 0]
  regular sampling (percentage = 0.25)

*** Running AffineTransform registration ***

DIAGNOSTIC,Iteration,metricValue,convergenceValue,ITERATION_TIME_INDEX,SINCE_LAST
 2DIAGNOSTIC,     1, -6.505442910321e-01, 1.797693134862e+308, 8.0506e-01, 8.0506e-01, 
 2DIAGNOSTIC,     2, -6.529300433392e-01, 1.797693134862e+308, 8.1078e-01, 5.7211e-03, 
 2DIAGNOSTIC,     3, -6.565719891704e-01, 1.797693134862e+308, 8.1625e-01, 5.4650e-03, 
 2DIAGNOSTIC,     4, -6.632144017859e-01, 1.797693134862e+308, 8.2373e-01, 7.4801e-03, 
 2DIAGNOSTIC,     5, -6.751717679499e-01, 1.797693134862e+308, 8.2919e-01, 5.4672e-03, 
 2DIAGNOSTIC,     6, -6.952894026873e-01, 1.797693134862e+308, 8.3555e-01, 6.3579e-03, 
 2DIAGNOSTIC,     7, -7.299100114946e-01, 1.797693134862e+308, 8.4155e-01, 5.9988e-03, 
 2DIAGNOSTIC,     8, -8.678635591159e-01, 1.797693134862e+308, 8.4867e-01, 7.1189e-03, 
 2DIAGNOSTIC,     9, -8.788942420248e-01, 1.797693134862e+308, 8.5589e-01, 7.2241e-03, 
 2DIAGNOSTIC,    10, -8.947162533918e-01, 2.409794404107e-02, 8.6813e-01, 1.2234e-02, 
 2DIAGNOSTIC,    11, -8.976514366198e-01, 2.407598550342e-02, 8.7555e-01, 7.4260e-03, 
 2DIAGNOSTIC,    12, -9.069022211896e-01, 2.225054816260e-02, 8.8391e-01, 8.3549e-03, 
 2DIAGNOSTIC,    13, -9.141939639143e-01, 1.900633077399e-02, 8.9044e-01, 6.5351e-03, 
 2DIAGNOSTIC,    14, -9.191447764263e-01, 1.488099438524e-02, 8.9805e-01, 7.6070e-03, 
 2DIAGNOSTIC,    15, -9.314689976755e-01, 1.066096875649e-02, 9.0672e-01, 8.6660e-03, 
 2DIAGNOSTIC,    16, -9.360249113389e-01, 6.639354667988e-03, 9.1595e-01, 9.2390e-03, 
 2DIAGNOSTIC,    17, -9.361422707627e-01, 3.197541993214e-03, 9.2516e-01, 9.2030e-03, 
 2DIAGNOSTIC,    18, -9.360577750063e-01, 2.557931246217e-03, 9.3200e-01, 6.8460e-03, 
 2DIAGNOSTIC,    19, -9.357854992478e-01, 1.948378693360e-03, 9.3874e-01, 6.7341e-03, 
 2DIAGNOSTIC,    20, -9.356782967480e-01, 1.495137316956e-03, 9.4511e-01, 6.3682e-03, 
 2DIAGNOSTIC,    21, -9.354437143969e-01, 9.920969921531e-04, 9.5155e-01, 6.4440e-03, 
 2DIAGNOSTIC,    22, -9.354938077476e-01, 5.915160838466e-04, 9.5800e-01, 6.4502e-03, 
 2DIAGNOSTIC,    23, -9.352126774548e-01, 2.783318764420e-04, 9.6524e-01, 7.2379e-03, 
 2DIAGNOSTIC,    24, -9.350954844110e-01, 3.158310379672e-05, 9.7119e-01, 5.9519e-03, 
DIAGNOSTIC,Iteration,metricValue,convergenceValue,ITERATION_TIME_INDEX,SINCE_LAST
 2DIAGNOSTIC,     1, -7.709109760323e-01, 1.797693134862e+308, 1.7173e+00, 7.4612e-01, 
 2DIAGNOSTIC,     2, -7.719382379864e-01, 1.797693134862e+308, 1.7525e+00, 3.5180e-02, 
 2DIAGNOSTIC,     3, -7.728762387518e-01, 1.797693134862e+308, 1.7886e+00, 3.6127e-02, 
 2DIAGNOSTIC,     4, -7.736997965635e-01, 1.797693134862e+308, 1.8246e+00, 3.5963e-02, 
 2DIAGNOSTIC,     5, -7.743654326919e-01, 1.797693134862e+308, 1.8598e+00, 3.5189e-02, 
 2DIAGNOSTIC,     6, -7.748289471932e-01, 1.797693134862e+308, 1.8987e+00, 3.8962e-02, 
 2DIAGNOSTIC,     7, -7.751381992409e-01, 1.797693134862e+308, 1.9373e+00, 3.8540e-02, 
 2DIAGNOSTIC,     8, -7.755751080730e-01, 1.797693134862e+308, 1.9868e+00, 4.9566e-02, 
 2DIAGNOSTIC,     9, -7.757230173632e-01, 1.797693134862e+308, 2.0248e+00, 3.7949e-02, 
 2DIAGNOSTIC,    10, -7.757060642890e-01, 3.976785286695e-04, 2.0589e+00, 3.4092e-02, 
 2DIAGNOSTIC,    11, -7.757060508626e-01, 2.790898777655e-04, 2.0983e+00, 3.9376e-02, 
 2DIAGNOSTIC,    12, -7.757470694742e-01, 1.878309442160e-04, 2.1328e+00, 3.4509e-02, 
 2DIAGNOSTIC,    13, -7.757774021580e-01, 1.207284822902e-04, 2.1671e+00, 3.4370e-02, 
 2DIAGNOSTIC,    14, -7.758493376597e-01, 7.561724599639e-05, 2.2014e+00, 3.4248e-02, 
 2DIAGNOSTIC,    15, -7.760001500142e-01, 4.971301638614e-05, 2.2399e+00, 3.8544e-02, 
 2DIAGNOSTIC,    16, -7.761909981047e-01, 3.759393492209e-05, 2.2747e+00, 3.4792e-02, 
 2DIAGNOSTIC,    17, -7.763709783931e-01, 3.387263585961e-05, 2.3251e+00, 5.0423e-02, 
 2DIAGNOSTIC,    18, -7.763465539348e-01, 3.589680795715e-05, 2.3634e+00, 3.8276e-02, 
 2DIAGNOSTIC,    19, -7.763671567964e-01, 3.789890341865e-05, 2.3986e+00, 3.5171e-02, 
 2DIAGNOSTIC,    20, -7.764447536561e-01, 3.743743441884e-05, 2.4385e+00, 3.9939e-02, 
 2DIAGNOSTIC,    21, -7.768199447797e-01, 4.011746205306e-05, 2.4970e+00, 5.8509e-02, 
 2DIAGNOSTIC,    22, -7.768217019293e-01, 3.948480183069e-05, 2.5378e+00, 4.0737e-02, 
 2DIAGNOSTIC,    23, -7.768223877526e-01, 3.597483002364e-05, 2.5777e+00, 3.9964e-02, 
 2DIAGNOSTIC,    24, -7.768073332665e-01, 3.048353520405e-05, 2.6144e+00, 3.6665e-02, 
 2DIAGNOSTIC,    25, -7.767922721123e-01, 2.459652867969e-05, 2.6542e+00, 3.9758e-02, 
 2DIAGNOSTIC,    26, -7.767772474930e-01, 1.928633315124e-05, 2.6936e+00, 3.9451e-02, 
 2DIAGNOSTIC,    27, -7.767775472418e-01, 1.512651149321e-05, 2.7312e+00, 3.7554e-02, 
 2DIAGNOSTIC,    28, -7.767779700528e-01, 9.714194888731e-06, 2.7723e+00, 4.1170e-02, 
 2DIAGNOSTIC,    29, -7.767630864062e-01, 3.968150528146e-06, 2.8076e+00, 3.5267e-02, 
DIAGNOSTIC,Iteration,metricValue,convergenceValue,ITERATION_TIME_INDEX,SINCE_LAST
 2DIAGNOSTIC,     1, -6.569857055268e-01, 1.797693134862e+308, 3.9748e+00, 1.1672e+00, 
 2DIAGNOSTIC,     2, -6.574920059139e-01, 1.797693134862e+308, 4.2629e+00, 2.8806e-01, 
 2DIAGNOSTIC,     3, -6.579529153192e-01, 1.797693134862e+308, 4.5573e+00, 2.9437e-01, 
 2DIAGNOSTIC,     4, -6.586896206751e-01, 1.797693134862e+308, 4.9133e+00, 3.5606e-01, 
 2DIAGNOSTIC,     5, -6.599875446068e-01, 1.797693134862e+308, 5.3412e+00, 4.2793e-01, 
 2DIAGNOSTIC,     6, -6.599924609419e-01, 1.797693134862e+308, 5.7857e+00, 4.4445e-01, 
 2DIAGNOSTIC,     7, -6.599951979626e-01, 1.797693134862e+308, 6.2169e+00, 4.3118e-01, 
 2DIAGNOSTIC,     8, -6.599956770329e-01, 1.797693134862e+308, 6.5221e+00, 3.0518e-01, 
 2DIAGNOSTIC,     9, -6.599935109219e-01, 1.797693134862e+308, 6.8737e+00, 3.5165e-01, 
 2DIAGNOSTIC,    10, -6.599908134127e-01, 3.151579452889e-04, 7.2114e+00, 3.3766e-01, 
 2DIAGNOSTIC,    11, -6.599902287383e-01, 2.066467747688e-04, 7.5542e+00, 3.4285e-01, 
 2DIAGNOSTIC,    12, -6.599904976648e-01, 1.167731162122e-04, 7.8906e+00, 3.3636e-01, 
 2DIAGNOSTIC,    13, -6.599902910349e-01, 4.553268618054e-05, 8.1622e+00, 2.7161e-01, 
 2DIAGNOSTIC,    14, -6.599894844324e-01, 2.082035483547e-06, 8.5096e+00, 3.4745e-01, 
 2DIAGNOSTIC,    15, -6.599904816387e-01, 1.770400332529e-06, 8.8201e+00, 3.1050e-01, 
 2DIAGNOSTIC,    16, -6.599886550110e-01, 1.609753092421e-06, 9.0913e+00, 2.7118e-01, 
 2DIAGNOSTIC,    17, -6.599870469005e-01, 1.530755629246e-06, 9.3656e+00, 2.7424e-01, 
 2DIAGNOSTIC,    18, -6.599878963859e-01, 1.525506980939e-06, 9.6725e+00, 3.0694e-01, 
 2DIAGNOSTIC,    19, -6.599891718484e-01, 1.523398186057e-06, 1.0021e+01, 3.4886e-01, 
 2DIAGNOSTIC,    20, -6.599876627522e-01, 1.444069418918e-06, 1.0324e+01, 3.0245e-01, 
 2DIAGNOSTIC,    21, -6.599874743354e-01, 1.371861518891e-06, 1.0607e+01, 2.8349e-01, 
 2DIAGNOSTIC,    22, -6.599851729878e-01, 1.280852575024e-06, 1.0916e+01, 3.0870e-01, 
 2DIAGNOSTIC,    23, -6.599877935736e-01, 1.259091532931e-06, 1.1236e+01, 3.1984e-01, 
 2DIAGNOSTIC,    24, -6.599866989869e-01, 1.213088338878e-06, 1.1541e+01, 3.0552e-01, 
 2DIAGNOSTIC,    25, -6.599865959117e-01, 1.198406178501e-06, 1.1833e+01, 2.9133e-01, 
 2DIAGNOSTIC,    26, -6.599874503854e-01, 1.177873495635e-06, 1.2135e+01, 3.0242e-01, 
 2DIAGNOSTIC,    27, -6.599899054293e-01, 1.175970398344e-06, 1.2482e+01, 3.4675e-01, 
 2DIAGNOSTIC,    28, -6.599885780386e-01, 1.164789567555e-06, 1.2871e+01, 3.8911e-01, 
 2DIAGNOSTIC,    29, -6.599861673684e-01, 1.136251070934e-06, 1.3255e+01, 3.8405e-01, 
 2DIAGNOSTIC,    30, -6.599857572830e-01, 1.080047532458e-06, 1.3571e+01, 3.1572e-01, 
DIAGNOSTIC,Iteration,metricValue,convergenceValue,ITERATION_TIME_INDEX,SINCE_LAST
 2DIAGNOSTIC,     1, -5.844479853189e-01, 1.797693134862e+308, 1.6425e+01, 2.8541e+00, 
 2DIAGNOSTIC,     2, -5.846781279470e-01, 1.797693134862e+308, 1.8220e+01, 1.7955e+00, 
 2DIAGNOSTIC,     3, -5.849198256971e-01, 1.797693134862e+308, 1.9903e+01, 1.6825e+00, 
 2DIAGNOSTIC,     4, -5.851874387813e-01, 1.797693134862e+308, 2.1645e+01, 1.7420e+00, 
 2DIAGNOSTIC,     5, -5.852809846888e-01, 1.797693134862e+308, 2.4066e+01, 2.4211e+00, 
 2DIAGNOSTIC,     6, -5.853224248063e-01, 1.797693134862e+308, 2.6814e+01, 2.7481e+00, 
 2DIAGNOSTIC,     7, -5.853228945884e-01, 1.797693134862e+308, 2.8802e+01, 1.9876e+00, 
 2DIAGNOSTIC,     8, -5.853281718139e-01, 1.797693134862e+308, 3.1876e+01, 3.0746e+00, 
 2DIAGNOSTIC,     9, -5.853286733866e-01, 1.797693134862e+308, 3.4192e+01, 2.3162e+00, 
 2DIAGNOSTIC,    10, -5.853286315266e-01, 9.089353354597e-05, 3.6166e+01, 1.9739e+00, 
 2DIAGNOSTIC,    11, -5.853279654592e-01, 5.271069161125e-05, 3.8201e+01, 2.0349e+00, 
 2DIAGNOSTIC,    12, -5.853276311284e-01, 2.563387892177e-05, 4.0254e+01, 2.0533e+00, 
 2DIAGNOSTIC,    13, -5.853272159704e-01, 9.440644581096e-06, 4.2106e+01, 1.8520e+00, 
 2DIAGNOSTIC,    14, -5.853271122883e-01, 4.129986431081e-06, 4.3879e+01, 1.7726e+00, 
 2DIAGNOSTIC,    15, -5.853271998301e-01, 2.354022931958e-06, 4.5722e+01, 1.8426e+00, 
 2DIAGNOSTIC,    16, -5.853271673311e-01, 2.037487527681e-06, 4.7452e+01, 1.7307e+00, 
 2DIAGNOSTIC,    17, -5.853272179056e-01, 1.764677049862e-06, 4.9460e+01, 2.0082e+00, 
 2DIAGNOSTIC,    18, -5.853273497597e-01, 1.677529007857e-06, 5.1244e+01, 1.7840e+00, 
 2DIAGNOSTIC,    19, -5.853269449748e-01, 1.610042664350e-06, 5.3274e+01, 2.0294e+00, 
 2DIAGNOSTIC,    20, -5.853270925954e-01, 1.558383968148e-06, 5.5121e+01, 1.8475e+00, 
 2DIAGNOSTIC,    21, -5.853270398919e-01, 1.497949096541e-06, 5.6987e+01, 1.8661e+00, 
 2DIAGNOSTIC,    22, -5.853272640808e-01, 1.442338066523e-06, 5.9025e+01, 2.0371e+00, 
 2DIAGNOSTIC,    23, -5.853268364152e-01, 1.374081390032e-06, 6.1026e+01, 2.0018e+00, 
 2DIAGNOSTIC,    24, -5.853267577730e-01, 1.309044165690e-06, 6.2828e+01, 1.8021e+00, 
 2DIAGNOSTIC,    25, -5.853266583311e-01, 1.250606909808e-06, 6.4695e+01, 1.8661e+00, 
 2DIAGNOSTIC,    26, -5.853267528016e-01, 1.199664559366e-06, 6.6788e+01, 2.0930e+00, 
 2DIAGNOSTIC,    27, -5.853265512547e-01, 1.151797094319e-06, 6.8680e+01, 1.8922e+00, 
 2DIAGNOSTIC,    28, -5.853265780143e-01, 1.113024649169e-06, 7.0793e+01, 2.1136e+00, 
 2DIAGNOSTIC,    29, -5.853271411189e-01, 1.081774782280e-06, 7.2795e+01, 2.0012e+00, 
 2DIAGNOSTIC,    30, -5.853270705085e-01, 1.054970516647e-06, 7.4918e+01, 2.1232e+00, 
 2DIAGNOSTIC,    31, -5.853268514530e-01, 1.026094236502e-06, 7.6731e+01, 1.8131e+00, 
 2DIAGNOSTIC,    32, -5.853267547443e-01, 1.001385214937e-06, 7.8672e+01, 1.9407e+00, 
  Elapsed time (stage 0): 7.9801e+01


Total elapsed time: 7.9804e+01
Info [verificarlo]: loaded backend libinterflop_ieee.so
Info [interflop-ieee]: load backend with:
Info [interflop-ieee]: debug = false
Info [interflop-ieee]: debug-binary = false
Info [interflop-ieee]: no-backend-name = false
Info [interflop-ieee]: print-new-line = false
Info [interflop-ieee]: print-subnormal-normalized = false
Info [interflop-ieee]: count-op = false
All_Command_lines_OK
Using double precision for computations.
=============================================================================
The composite transform comprises the following transforms (in order): 
  1. /home/mdugre/scratch/mri-registration-rp/datasets/ds004513/derivatives/mri-registration-rp/0100/antsRegistration-r7-p13/sub-s026/affine_Composite.h5[0] (type = Euler3DTransform)
  2. /home/mdugre/scratch/mri-registration-rp/datasets/ds004513/derivatives/mri-registration-rp/0100/antsRegistration-r7-p13/sub-s026/affine_Composite.h5[1] (type = Euler3DTransform)
  3. /home/mdugre/scratch/mri-registration-rp/datasets/ds004513/derivatives/mri-registration-rp/0100/antsRegistration-r7-p13/sub-s026/affine_Composite.h5[2] (type = Euler3DTransform)
  4. /home/mdugre/scratch/mri-registration-rp/datasets/ds004513/derivatives/mri-registration-rp/0100/antsRegistration-r7-p13/sub-s026/affine_Composite.h5[3] (type = AffineTransform)
=============================================================================
  number of levels = 4
  fixed image: /templateflow/tpl-MNI152NLin2009cAsym/tpl-MNI152NLin2009cAsym_res-01_desc-brain_T1w.nii.gz
  moving image: /home/mdugre/scratch/mri-registration-rp/datasets/ds004513/derivatives/mri-registration-rp/antsBrainExtraction/sub-s026/BrainExtractionBrain.nii.gz
Dimension = 3
Number of stages = 1
Use histogram matching = false
Winsorize image intensities = true
  Lower quantile = 0.005
  Upper quantile = 0.995


Stage 1 State
   Image metric = CC
     Fixed image = Image (0x3c29a40)
  RTTI typeinfo:   itk::Image<double, 3u>
  Reference Count: 2
  Modified Time: 1608
  Debug: Off
  Object Name: 
  Observers: 
    none
  Source: (none)
  Source output name: (none)
  Release Data: Off
  Data Released: False
  Global Release Data: Off
  PipelineMTime: 0
  UpdateMTime: 1217
  RealTimeStamp: 0 seconds 
  LargestPossibleRegion: 
    Dimension: 3
    Index: [0, 0, 0]
    Size: [193, 229, 193]
  BufferedRegion: 
    Dimension: 3
    Index: [0, 0, 0]
    Size: [193, 229, 193]
  RequestedRegion: 
    Dimension: 3
    Index: [0, 0, 0]
    Size: [193, 229, 193]
  Spacing: [1, 1, 1]
  Origin: [96, 132, -78]
  Direction: 
-1 0 0
0 -1 0
0 0 1

  IndexToPointMatrix: 
-1 0 0
0 -1 0
0 0 1

  PointToIndexMatrix: 
-1 0 0
0 -1 0
0 0 1

  Inverse Direction: 
-1 0 0
0 -1 0
0 0 1

  PixelContainer: 
    ImportImageContainer (0x3cf8780)
      RTTI typeinfo:   itk::ImportImageContainer<unsigned long, double>
      Reference Count: 1
      Modified Time: 1214
      Debug: Off
      Object Name: 
      Observers: 
        none
      Pointer: 0x1497b5882010
      Container manages memory: true
      Size: 8530021
      Capacity: 8530021

     Moving image = Image (0x3cfa390)
  RTTI typeinfo:   itk::Image<double, 3u>
  Reference Count: 2
  Modified Time: 1609
  Debug: Off
  Object Name: 
  Observers: 
    none
  Source: (none)
  Source output name: (none)
  Release Data: Off
  Data Released: False
  Global Release Data: Off
  PipelineMTime: 0
  UpdateMTime: 1606
  RealTimeStamp: 0 seconds 
  LargestPossibleRegion: 
    Dimension: 3
    Index: [0, 0, 0]
    Size: [160, 240, 256]
  BufferedRegion: 
    Dimension: 3
    Index: [0, 0, 0]
    Size: [160, 240, 256]
  RequestedRegion: 
    Dimension: 3
    Index: [0, 0, 0]
    Size: [160, 240, 256]
  Spacing: [1, 1, 1]
  Origin: [75.0981, 90.7039, -142.764]
  Direction: 
-0.998342 0.057564 0
-0.057564 -0.998342 0
0 0 1

  IndexToPointMatrix: 
-0.998345 0.057564 0
-0.0575642 -0.998342 0
0 0 1

  PointToIndexMatrix: 
-0.998339 -0.0575639 0
0.057564 -0.998342 0
0 0 1

  Inverse Direction: 
-0.998342 -0.057564 0
0.057564 -0.998342 0
0 0 1

  PixelContainer: 
    ImportImageContainer (0x3caf6f0)
      RTTI typeinfo:   itk::ImportImageContainer<unsigned long, double>
      Reference Count: 1
      Modified Time: 1603
      Debug: Off
      Object Name: 
      Observers: 
        none
      Pointer: 0x1497b0d81010
      Container manages memory: true
      Size: 9830400
      Capacity: 9830400

     Weighting = 1
     Sampling strategy = none
     Number of bins = 32
     Radius = 4
     Sampling percentage  = 1
   Transform = SyN
     Gradient step = 0.1
     Update field sigma (voxel space) = 3
     Total field sigma (voxel space) = 0
     Update field time sigma = 0
     Total field time sigma  = 0
     Number of time indices = 0
     Number of time point samples = 0
Registration using 1 total stages.

Stage 0
  iterations = 100x70x50x20
  convergence threshold = 1e-06
  convergence window size = 10
  number of levels = 4
  using the CC metric (radius = 4, weight = 1, use gradient filter = 0)
  preprocessing:  winsorizing the image intensities
  Shrink factors (level 1 out of 4): [8, 8, 8]
  Shrink factors (level 2 out of 4): [4, 4, 4]
  Shrink factors (level 3 out of 4): [2, 2, 2]
  Shrink factors (level 4 out of 4): [1, 1, 1]
  smoothing sigmas per level: [3, 2, 1, 0]
  Using default NONE metricSamplingStrategy 

*** Running SyN registration (varianceForUpdateField = 3, varianceForTotalField = 0) ***

XXDIAGNOSTIC,Iteration,metricValue,convergenceValue,ITERATION_TIME_INDEX,SINCE_LAST
 1DIAGNOSTIC,     1, -9.309753972212e-01, 1.797693134862e+308, 1.0357e+00, 1.0357e+00, 
 1DIAGNOSTIC,     2, -9.366088387537e-01, 1.797693134862e+308, 1.3899e+00, 3.5419e-01, 
 1DIAGNOSTIC,     3, -9.409813432243e-01, 1.797693134862e+308, 1.7257e+00, 3.3577e-01, 
 1DIAGNOSTIC,     4, -9.443058986107e-01, 1.797693134862e+308, 2.0539e+00, 3.2823e-01, 
 1DIAGNOSTIC,     5, -9.473482043850e-01, 1.797693134862e+308, 2.3813e+00, 3.2741e-01, 
 1DIAGNOSTIC,     6, -9.516266567613e-01, 1.797693134862e+308, 2.7126e+00, 3.3127e-01, 
 1DIAGNOSTIC,     7, -9.571200455503e-01, 1.797693134862e+308, 3.0450e+00, 3.3240e-01, 
 1DIAGNOSTIC,     8, -9.615052105334e-01, 1.797693134862e+308, 3.4007e+00, 3.5570e-01, 
 1DIAGNOSTIC,     9, -9.657417608044e-01, 1.797693134862e+308, 3.7365e+00, 3.3581e-01, 
 1DIAGNOSTIC,    10, -9.672021704663e-01, 2.478704678816e-03, 4.0796e+00, 3.4312e-01, 
 1DIAGNOSTIC,    11, -9.673771988606e-01, 2.072359237553e-03, 4.4123e+00, 3.3275e-01, 
 1DIAGNOSTIC,    12, -9.693558972515e-01, 1.736314911855e-03, 4.7481e+00, 3.3573e-01, 
 1DIAGNOSTIC,    13, -9.698982984479e-01, 1.405963574206e-03, 5.0927e+00, 3.4463e-01, 
 1DIAGNOSTIC,    14, -9.701527529147e-01, 1.071576861092e-03, 5.4257e+00, 3.3297e-01, 
 1DIAGNOSTIC,    15, -9.700809679725e-01, 7.438233940087e-04, 5.7594e+00, 3.3373e-01, 
 1DIAGNOSTIC,    16, -9.706925310917e-01, 4.796229972398e-04, 6.1270e+00, 3.6756e-01, 
 1DIAGNOSTIC,    17, -9.706254791227e-01, 2.958721367616e-04, 6.4643e+00, 3.3736e-01, 
 1DIAGNOSTIC,    18, -9.712383113262e-01, 1.861092835553e-04, 6.8166e+00, 3.5230e-01, 
 1DIAGNOSTIC,    19, -9.711353435869e-01, 1.350587935572e-04, 7.1386e+00, 3.2199e-01, 
 1DIAGNOSTIC,    20, -9.715864818274e-01, 1.055873732473e-04, 7.4642e+00, 3.2554e-01, 
 1DIAGNOSTIC,    21, -9.714389244839e-01, 6.881562880446e-05, 7.7919e+00, 3.2777e-01, 
 1DIAGNOSTIC,    22, -9.718355730880e-01, 6.094034996514e-05, 8.1178e+00, 3.2582e-01, 
 1DIAGNOSTIC,    23, -9.716881908895e-01, 5.309503998636e-05, 8.4509e+00, 3.3311e-01, 
 1DIAGNOSTIC,    24, -9.720412312376e-01, 4.869760484268e-05, 8.7882e+00, 3.3738e-01, 
 1DIAGNOSTIC,    25, -9.718755959658e-01, 3.716524636672e-05, 9.1501e+00, 3.6189e-01, 
 1DIAGNOSTIC,    26, -9.722209522229e-01, 3.417048467605e-05, 9.4891e+00, 3.3901e-01, 
 1DIAGNOSTIC,    27, -9.720561152568e-01, 2.551170908859e-05, 9.8209e+00, 3.3175e-01, 
 1DIAGNOSTIC,    28, -9.723770754401e-01, 2.514391165263e-05, 1.0154e+01, 3.3324e-01, 
 1DIAGNOSTIC,    29, -9.722638683304e-01, 2.014955000936e-05, 1.0488e+01, 3.3364e-01, 
 1DIAGNOSTIC,    30, -9.725759287951e-01, 2.129928802663e-05, 1.0824e+01, 3.3616e-01, 
 1DIAGNOSTIC,    31, -9.724038299141e-01, 1.725947435027e-05, 1.1155e+01, 3.3062e-01, 
 1DIAGNOSTIC,    32, -9.726915701849e-01, 1.835628801997e-05, 1.1478e+01, 3.2369e-01, 
 1DIAGNOSTIC,    33, -9.725131656345e-01, 1.468946325343e-05, 1.1804e+01, 3.2552e-01, 
 1DIAGNOSTIC,    34, -9.727908151922e-01, 1.549962874089e-05, 1.2138e+01, 3.3466e-01, 
 1DIAGNOSTIC,    35, -9.726138619228e-01, 1.186213585947e-05, 1.2480e+01, 3.4167e-01, 
 1DIAGNOSTIC,    36, -9.728694724000e-01, 1.240614964427e-05, 1.2815e+01, 3.3462e-01, 
 1DIAGNOSTIC,    37, -9.726840321958e-01, 8.928221683177e-06, 1.3154e+01, 3.3951e-01, 
 1DIAGNOSTIC,    38, -9.729339047300e-01, 9.368414821739e-06, 1.3502e+01, 3.4777e-01, 
 1DIAGNOSTIC,    39, -9.727496513311e-01, 6.617637914482e-06, 1.3837e+01, 3.3512e-01, 
 1DIAGNOSTIC,    40, -9.729862698329e-01, 7.573094256311e-06, 1.4168e+01, 3.3071e-01, 
 1DIAGNOSTIC,    41, -9.727908863220e-01, 5.101333551010e-06, 1.4520e+01, 3.5250e-01, 
 1DIAGNOSTIC,    42, -9.730325670500e-01, 6.127303250756e-06, 1.4869e+01, 3.4820e-01, 
 1DIAGNOSTIC,    43, -9.728363031844e-01, 3.934586843023e-06, 1.5209e+01, 3.4010e-01, 
 1DIAGNOSTIC,    44, -9.730744736661e-01, 5.061440901375e-06, 1.5544e+01, 3.3532e-01, 
 1DIAGNOSTIC,    45, -9.728739326826e-01, 3.171373117811e-06, 1.5876e+01, 3.3174e-01, 
 1DIAGNOSTIC,    46, -9.731186567707e-01, 4.402769370523e-06, 1.6206e+01, 3.3054e-01, 
 1DIAGNOSTIC,    47, -9.729213637939e-01, 2.748674253986e-06, 1.6532e+01, 3.2604e-01, 
 1DIAGNOSTIC,    48, -9.731588712746e-01, 4.020790083794e-06, 1.6863e+01, 3.3066e-01, 
 1DIAGNOSTIC,    49, -9.729578967681e-01, 2.532705517821e-06, 1.7197e+01, 3.3405e-01, 
 1DIAGNOSTIC,    50, -9.731977066678e-01, 3.794934825260e-06, 1.7532e+01, 3.3501e-01, 
 1DIAGNOSTIC,    51, -9.729984645204e-01, 2.355071995520e-06, 1.7873e+01, 3.4070e-01, 
 1DIAGNOSTIC,    52, -9.732344477631e-01, 3.570499988094e-06, 1.8220e+01, 3.4774e-01, 
 1DIAGNOSTIC,    53, -9.730329464795e-01, 2.180660909009e-06, 1.8556e+01, 3.3509e-01, 
 1DIAGNOSTIC,    54, -9.732696425129e-01, 3.340427826827e-06, 1.8895e+01, 3.3911e-01, 
 1DIAGNOSTIC,    55, -9.730700100763e-01, 1.986484917314e-06, 1.9225e+01, 3.3046e-01, 
 1DIAGNOSTIC,    56, -9.733016081759e-01, 3.106159681701e-06, 1.9561e+01, 3.3613e-01, 
 1DIAGNOSTIC,    57, -9.730981127230e-01, 1.812304267330e-06, 1.9893e+01, 3.3210e-01, 
 1DIAGNOSTIC,    58, -9.733251401089e-01, 2.856107752962e-06, 2.0227e+01, 3.3321e-01, 
 1DIAGNOSTIC,    59, -9.731242928425e-01, 1.579149250610e-06, 2.0565e+01, 3.3851e-01, 
 1DIAGNOSTIC,    60, -9.733473227624e-01, 2.567519308615e-06, 2.0904e+01, 3.3851e-01, 
 1DIAGNOSTIC,    61, -9.731457206142e-01, 1.337913768714e-06, 2.1243e+01, 3.3986e-01, 
 1DIAGNOSTIC,    62, -9.733693552127e-01, 2.302700936097e-06, 2.1623e+01, 3.8008e-01, 
 1DIAGNOSTIC,    63, -9.731016091362e-01, 8.195499680008e-07, 2.1959e+01, 3.3535e-01, 
XXDIAGNOSTIC,Iteration,metricValue,convergenceValue,ITERATION_TIME_INDEX,SINCE_LAST
 1DIAGNOSTIC,     1, -9.126408676706e-01, 1.797693134862e+308, 2.4965e+01, 3.0058e+00, 
 1DIAGNOSTIC,     2, -9.159634836445e-01, 1.797693134862e+308, 2.7277e+01, 2.3124e+00, 
 1DIAGNOSTIC,     3, -9.198056348286e-01, 1.797693134862e+308, 2.9710e+01, 2.4330e+00, 
 1DIAGNOSTIC,     4, -9.227275413478e-01, 1.797693134862e+308, 3.2010e+01, 2.3004e+00, 
 1DIAGNOSTIC,     5, -9.254384497287e-01, 1.797693134862e+308, 3.4289e+01, 2.2791e+00, 
 1DIAGNOSTIC,     6, -9.276797819207e-01, 1.797693134862e+308, 3.6868e+01, 2.5782e+00, 
 1DIAGNOSTIC,     7, -9.296891794590e-01, 1.797693134862e+308, 3.9185e+01, 2.3177e+00, 
 1DIAGNOSTIC,     8, -9.312438146795e-01, 1.797693134862e+308, 4.1523e+01, 2.3380e+00, 
 1DIAGNOSTIC,     9, -9.322334364513e-01, 1.797693134862e+308, 4.3991e+01, 2.4672e+00, 
 1DIAGNOSTIC,    10, -9.330787985433e-01, 1.425773866114e-03, 4.6373e+01, 2.3821e+00, 
 1DIAGNOSTIC,    11, -9.337984080403e-01, 1.095357120500e-03, 4.8702e+01, 2.3298e+00, 
 1DIAGNOSTIC,    12, -9.344157729130e-01, 8.213605375777e-04, 5.0984e+01, 2.2819e+00, 
 1DIAGNOSTIC,    13, -9.349522485282e-01, 6.180794655867e-04, 5.3364e+01, 2.3796e+00, 
 1DIAGNOSTIC,    14, -9.354235751067e-01, 4.615417743814e-04, 5.5716e+01, 2.3524e+00, 
 1DIAGNOSTIC,    15, -9.358428268783e-01, 3.473499938248e-04, 5.8120e+01, 2.4037e+00, 
 1DIAGNOSTIC,    16, -9.362265173051e-01, 2.653700058307e-04, 6.0687e+01, 2.5667e+00, 
 1DIAGNOSTIC,    17, -9.364556655457e-01, 2.085627807503e-04, 6.3167e+01, 2.4797e+00, 
 1DIAGNOSTIC,    18, -9.366650721785e-01, 1.687371580313e-04, 6.5600e+01, 2.4334e+00, 
 1DIAGNOSTIC,    19, -9.368613896097e-01, 1.365151235487e-04, 6.8114e+01, 2.5142e+00, 
 1DIAGNOSTIC,    20, -9.370442922472e-01, 1.105021863038e-04, 7.0447e+01, 2.3333e+00, 
 1DIAGNOSTIC,    21, -9.372080703769e-01, 8.951343765194e-05, 7.2811e+01, 2.3636e+00, 
 1DIAGNOSTIC,    22, -9.373409567890e-01, 7.252797093687e-05, 7.5206e+01, 2.3952e+00, 
 1DIAGNOSTIC,    23, -9.374654249895e-01, 5.906853020490e-05, 7.7501e+01, 2.2946e+00, 
 1DIAGNOSTIC,    24, -9.375772076231e-01, 4.864654051601e-05, 7.9835e+01, 2.3343e+00, 
 1DIAGNOSTIC,    25, -9.376745605325e-01, 4.081700344206e-05, 8.2209e+01, 2.3737e+00, 
 1DIAGNOSTIC,    26, -9.377608845064e-01, 3.533865457744e-05, 8.4530e+01, 2.3206e+00, 
 1DIAGNOSTIC,    27, -9.378382175430e-01, 3.047792830467e-05, 8.6895e+01, 2.3659e+00, 
 1DIAGNOSTIC,    28, -9.379127520396e-01, 2.625822796976e-05, 8.9323e+01, 2.4279e+00, 
 1DIAGNOSTIC,    29, -9.379723291421e-01, 2.261056333078e-05, 9.1614e+01, 2.2909e+00, 
 1DIAGNOSTIC,    30, -9.380262240194e-01, 1.954854217970e-05, 9.3943e+01, 2.3284e+00, 
 1DIAGNOSTIC,    31, -9.380669341742e-01, 1.692355421173e-05, 9.6372e+01, 2.4289e+00, 
 1DIAGNOSTIC,    32, -9.380995754722e-01, 1.451340473262e-05, 9.8938e+01, 2.5660e+00, 
 1DIAGNOSTIC,    33, -9.381280143984e-01, 1.236133420317e-05, 1.0129e+02, 2.3493e+00, 
 1DIAGNOSTIC,    34, -9.381582870849e-01, 1.051163424026e-05, 1.0392e+02, 2.6298e+00, 
 1DIAGNOSTIC,    35, -9.381803709457e-01, 8.883683529456e-06, 1.0647e+02, 2.5497e+00, 
 1DIAGNOSTIC,    36, -9.381948603442e-01, 7.431294422249e-06, 1.0877e+02, 2.3006e+00, 
 1DIAGNOSTIC,    37, -9.382014314002e-01, 6.116990868030e-06, 1.1108e+02, 2.3174e+00, 
 1DIAGNOSTIC,    38, -9.382098350310e-01, 5.029963610622e-06, 1.1338e+02, 2.2914e+00, 
 1DIAGNOSTIC,    39, -9.382162017912e-01, 4.105255230598e-06, 1.1568e+02, 2.3038e+00, 
 1DIAGNOSTIC,    40, -9.382187411971e-01, 3.336597571631e-06, 1.1810e+02, 2.4207e+00, 
 1DIAGNOSTIC,    41, -9.382270404379e-01, 2.724756039827e-06, 1.2041e+02, 2.3126e+00, 
 1DIAGNOSTIC,    42, -9.382302452690e-01, 2.213189648211e-06, 1.2270e+02, 2.2885e+00, 
 1DIAGNOSTIC,    43, -9.382359153805e-01, 1.824413880160e-06, 1.2509e+02, 2.3902e+00, 
 1DIAGNOSTIC,    44, -9.382370678717e-01, 1.563820824235e-06, 1.2758e+02, 2.4843e+00, 
 1DIAGNOSTIC,    45, -9.382344682693e-01, 1.364963965744e-06, 1.2988e+02, 2.3067e+00, 
 1DIAGNOSTIC,    46, -9.382315594349e-01, 1.188868939135e-06, 1.3229e+02, 2.4107e+00, 
 1DIAGNOSTIC,    47, -9.382269577780e-01, 9.846503567744e-07, 1.3468e+02, 2.3834e+00, 
XXDIAGNOSTIC,Iteration,metricValue,convergenceValue,ITERATION_TIME_INDEX,SINCE_LAST
 1DIAGNOSTIC,     1, -8.908800040502e-01, 1.797693134862e+308, 1.5461e+02, 1.9933e+01, 
 1DIAGNOSTIC,     2, -8.933726201821e-01, 1.797693134862e+308, 1.7392e+02, 1.9314e+01, 
 1DIAGNOSTIC,     3, -8.965761215443e-01, 1.797693134862e+308, 1.9318e+02, 1.9254e+01, 
 1DIAGNOSTIC,     4, -8.992402504518e-01, 1.797693134862e+308, 2.1287e+02, 1.9691e+01, 
 1DIAGNOSTIC,     5, -9.018378850020e-01, 1.797693134862e+308, 2.3180e+02, 1.8934e+01, 
 1DIAGNOSTIC,     6, -9.040268310946e-01, 1.797693134862e+308, 2.5181e+02, 2.0004e+01, 
 1DIAGNOSTIC,     7, -9.059552739640e-01, 1.797693134862e+308, 2.7195e+02, 2.0138e+01, 
 1DIAGNOSTIC,     8, -9.077056836360e-01, 1.797693134862e+308, 2.9115e+02, 1.9207e+01, 
 1DIAGNOSTIC,     9, -9.091607440786e-01, 1.797693134862e+308, 3.1122e+02, 2.0066e+01, 
 1DIAGNOSTIC,    10, -9.106616055886e-01, 1.417546059653e-03, 3.3152e+02, 2.0303e+01, 
 1DIAGNOSTIC,    11, -9.119202148175e-01, 1.172666056720e-03, 3.5291e+02, 2.1384e+01, 
 1DIAGNOSTIC,    12, -9.131107873321e-01, 9.590663166519e-04, 3.7234e+02, 1.9437e+01, 
 1DIAGNOSTIC,    13, -9.141810312763e-01, 7.944796741593e-04, 3.9212e+02, 1.9780e+01, 
 1DIAGNOSTIC,    14, -9.151359990496e-01, 6.617675250727e-04, 4.1137e+02, 1.9252e+01, 
 1DIAGNOSTIC,    15, -9.159952156159e-01, 5.581631635411e-04, 4.3081e+02, 1.9432e+01, 
 1DIAGNOSTIC,    16, -9.167771844352e-01, 4.741394599895e-04, 4.4978e+02, 1.8976e+01, 
 1DIAGNOSTIC,    17, -9.174912313764e-01, 4.047261046672e-04, 4.6919e+02, 1.9403e+01, 
 1DIAGNOSTIC,    18, -9.181113999909e-01, 3.466751548564e-04, 4.8850e+02, 1.9313e+01, 
 1DIAGNOSTIC,    19, -9.186494266194e-01, 2.952034509740e-04, 5.0710e+02, 1.8603e+01, 
 1DIAGNOSTIC,    20, -9.191222613036e-01, 2.521861878539e-04, 5.2710e+02, 1.9999e+01, 
 1DIAGNOSTIC,    21, -9.195451850384e-01, 2.146730040231e-04, 5.4611e+02, 1.9009e+01, 
 1DIAGNOSTIC,    22, -9.199276137992e-01, 1.827577951758e-04, 5.6502e+02, 1.8914e+01, 
 1DIAGNOSTIC,    23, -9.202843614893e-01, 1.558195066185e-04, 5.8499e+02, 1.9964e+01, 
 1DIAGNOSTIC,    24, -9.206169570476e-01, 1.332174218298e-04, 6.0333e+02, 1.8341e+01, 
 1DIAGNOSTIC,    25, -9.209327440268e-01, 1.145430087513e-04, 6.2236e+02, 1.9033e+01, 
 1DIAGNOSTIC,    26, -9.212309262716e-01, 9.945716311397e-05, 6.4066e+02, 1.8294e+01, 
 1DIAGNOSTIC,    27, -9.215164756072e-01, 8.764669703224e-05, 6.5997e+02, 1.9310e+01, 
 1DIAGNOSTIC,    28, -9.217920536242e-01, 7.837940238342e-05, 6.8004e+02, 2.0077e+01, 
 1DIAGNOSTIC,    29, -9.220661162774e-01, 7.107887139619e-05, 6.9956e+02, 1.9516e+01, 
 1DIAGNOSTIC,    30, -9.223407748447e-01, 6.531549575924e-05, 7.1845e+02, 1.8890e+01, 
 1DIAGNOSTIC,    31, -9.226209015223e-01, 6.081868886285e-05, 7.3675e+02, 1.8299e+01, 
 1DIAGNOSTIC,    32, -9.229060733280e-01, 5.735147033487e-05, 7.5532e+02, 1.8570e+01, 
 1DIAGNOSTIC,    33, -9.231959767154e-01, 5.477208063839e-05, 7.7499e+02, 1.9670e+01, 
 1DIAGNOSTIC,    34, -9.234914025012e-01, 5.291061101482e-05, 7.9380e+02, 1.8808e+01, 
 1DIAGNOSTIC,    35, -9.237977910586e-01, 5.167660520028e-05, 8.1265e+02, 1.8854e+01, 
 1DIAGNOSTIC,    36, -9.241179277727e-01, 5.095556743112e-05, 8.3148e+02, 1.8827e+01, 
 1DIAGNOSTIC,    37, -9.244365627641e-01, 5.051736323515e-05, 8.5059e+02, 1.9112e+01, 
 1DIAGNOSTIC,    38, -9.247334870082e-01, 4.999319188261e-05, 8.7073e+02, 2.0139e+01, 
 1DIAGNOSTIC,    39, -9.250085065347e-01, 4.913176256364e-05, 8.8940e+02, 1.8670e+01, 
 1DIAGNOSTIC,    40, -9.252641375899e-01, 4.777203134252e-05, 9.0858e+02, 1.9183e+01, 
 1DIAGNOSTIC,    41, -9.255035616804e-01, 4.587847274449e-05, 9.2765e+02, 1.9067e+01, 
 1DIAGNOSTIC,    42, -9.257266472041e-01, 4.347493170334e-05, 9.4763e+02, 1.9981e+01, 
 1DIAGNOSTIC,    43, -9.259383928558e-01, 4.067830963744e-05, 9.6671e+02, 1.9084e+01, 
 1DIAGNOSTIC,    44, -9.261394164564e-01, 3.765026861444e-05, 9.8687e+02, 2.0158e+01, 
 1DIAGNOSTIC,    45, -9.263265718990e-01, 3.458397620721e-05, 1.0073e+03, 2.0407e+01, 
 1DIAGNOSTIC,    46, -9.265063597696e-01, 3.173690132068e-05, 1.0264e+03, 1.9089e+01, 
 1DIAGNOSTIC,    47, -9.266764981301e-01, 2.922317450781e-05, 1.0456e+03, 1.9192e+01, 
 1DIAGNOSTIC,    48, -9.268349878528e-01, 2.698438334715e-05, 1.0644e+03, 1.8799e+01, 
 1DIAGNOSTIC,    49, -9.269859155175e-01, 2.497582874758e-05, 1.0828e+03, 1.8412e+01, 
 1DIAGNOSTIC,    50, -9.271279189202e-01, 2.314932479543e-05, 1.1024e+03, 1.9656e+01, 
XXDIAGNOSTIC,Iteration,metricValue,convergenceValue,ITERATION_TIME_INDEX,SINCE_LAST
 1DIAGNOSTIC,     1, -8.823814344377e-01, 1.797693134862e+308, 1.2571e+03, 1.5469e+02, 
 1DIAGNOSTIC,     2, -8.836377231895e-01, 1.797693134862e+308, 1.4121e+03, 1.5495e+02, 
 1DIAGNOSTIC,     3, -8.852573416812e-01, 1.797693134862e+308, 1.5707e+03, 1.5859e+02, 
 1DIAGNOSTIC,     4, -8.869500090022e-01, 1.797693134862e+308, 1.7256e+03, 1.5496e+02, 
 1DIAGNOSTIC,     5, -8.885302295828e-01, 1.797693134862e+308, 1.8813e+03, 1.5569e+02, 
 1DIAGNOSTIC,     6, -8.898644406297e-01, 1.797693134862e+308, 2.0371e+03, 1.5584e+02, 
 1DIAGNOSTIC,     7, -8.911293389567e-01, 1.797693134862e+308, 2.1939e+03, 1.5675e+02, 
 1DIAGNOSTIC,     8, -8.923223444416e-01, 1.797693134862e+308, 2.3574e+03, 1.6353e+02, 
 1DIAGNOSTIC,     9, -8.934411621332e-01, 1.797693134862e+308, 2.5274e+03, 1.7003e+02, 
 1DIAGNOSTIC,    10, -8.944723397357e-01, 8.917293810355e-04, 2.6986e+03, 1.7113e+02, 
 1DIAGNOSTIC,    11, -8.954262191034e-01, 7.691108165544e-04, 2.8640e+03, 1.6547e+02, 
 1DIAGNOSTIC,    12, -8.963343316408e-01, 6.552027813524e-04, 3.0309e+03, 1.6689e+02, 
 1DIAGNOSTIC,    13, -8.971646427573e-01, 5.593103560714e-04, 3.1977e+03, 1.6674e+02, 
 1DIAGNOSTIC,    14, -8.978063394537e-01, 4.790677309254e-04, 3.3644e+03, 1.6676e+02, 
 1DIAGNOSTIC,    15, -8.984000886238e-01, 4.118058735706e-04, 3.5337e+03, 1.6925e+02, 
 1DIAGNOSTIC,    16, -8.989496859327e-01, 3.525109968864e-04, 3.7014e+03, 1.6772e+02, 
 1DIAGNOSTIC,    17, -8.994492750246e-01, 3.005843366397e-04, 3.8696e+03, 1.6819e+02, 
 1DIAGNOSTIC,    18, -8.999012760554e-01, 2.555841914785e-04, 4.0381e+03, 1.6847e+02, 
 1DIAGNOSTIC,    19, -9.003071341312e-01, 2.170830374737e-04, 4.2079e+03, 1.6979e+02, 
 1DIAGNOSTIC,    20, -9.006717537968e-01, 1.844012843563e-04, 4.3810e+03, 1.7311e+02, 
  Elapsed time (stage 0): 4382.29


Total elapsed time: 4382.3
