
##########################
# Experiment information #
##########################

EXPERIMENT_NAME: antsRegistration-r7-p16
VFC_BACKENDS: libinterflop_vprec.so --range-binary32=7 --precision-binary32=16 --range-binary64=7 --precision-binary64=16

SIF_IMG: /home/mdugre/projects/rrg-glatard/mdugre/containers/ants-vprec-no_metrics.simg

SUBJECT_ID: s029
INPUT_IMG: /home/mdugre/scratch/mri-registration-rp/datasets/ds004513/derivatives/mri-registration-rp/antsBrainExtraction/sub-s029/BrainExtractionBrain.nii.gz
OUTPUT_DIR: /home/mdugre/scratch/mri-registration-rp/datasets/ds004513/derivatives/mri-registration-rp/0100/antsRegistration-r7-p16/sub-s029

FIXED_IMG: /templateflow/tpl-MNI152NLin2009cAsym/tpl-MNI152NLin2009cAsym_res-01_desc-brain_T1w.nii.gz
DATA_DIR: /home/mdugre/scratch/mri-registration-rp/datasets/ds004513
TEMPLATEFLOW_DIR: /home/mdugre/projects/rrg-glatard/mdugre/templateflow
ITK_GLOBAL_DEFAULT_NUMBER_OF_THREADS: 16
##########################

Info [verificarlo]: loaded backend libinterflop_ieee.so
Info [interflop-ieee]: load backend with:
Info [interflop-ieee]: debug = false
Info [interflop-ieee]: debug-binary = false
Info [interflop-ieee]: no-backend-name = false
Info [interflop-ieee]: print-new-line = false
Info [interflop-ieee]: print-subnormal-normalized = false
Info [interflop-ieee]: count-op = false
All_Command_lines_OK
Using double precision for computations.
=============================================================================
The composite transform comprises the following transforms (in order): 
  1. Center of mass alignment using fixed image: /templateflow/tpl-MNI152NLin2009cAsym/tpl-MNI152NLin2009cAsym_res-01_desc-brain_T1w.nii.gz and moving image: /home/mdugre/scratch/mri-registration-rp/datasets/ds004513/derivatives/mri-registration-rp/antsBrainExtraction/sub-s029/BrainExtractionBrain.nii.gz (type = Euler3DTransform)
=============================================================================
  number of levels = 1
  fixed image: /templateflow/tpl-MNI152NLin2009cAsym/tpl-MNI152NLin2009cAsym_res-01_desc-brain_T1w.nii.gz
  moving image: /home/mdugre/scratch/mri-registration-rp/datasets/ds004513/derivatives/mri-registration-rp/antsBrainExtraction/sub-s029/BrainExtractionBrain.nii.gz
Dimension = 3
Number of stages = 1
Use histogram matching = false
Winsorize image intensities = true
  Lower quantile = 0.005
  Upper quantile = 0.995


Stage 1 State
   Image metric = MattesMI
     Fixed image = Image (0x432ce70)
  RTTI typeinfo:   itk::Image<double, 3u>
  Reference Count: 2
  Modified Time: 2330
  Debug: Off
  Object Name: 
  Observers: 
    none
  Source: (none)
  Source output name: (none)
  Release Data: Off
  Data Released: False
  Global Release Data: Off
  PipelineMTime: 0
  UpdateMTime: 1941
  RealTimeStamp: 0 seconds 
  LargestPossibleRegion: 
    Dimension: 3
    Index: [0, 0, 0]
    Size: [193, 229, 193]
  BufferedRegion: 
    Dimension: 3
    Index: [0, 0, 0]
    Size: [193, 229, 193]
  RequestedRegion: 
    Dimension: 3
    Index: [0, 0, 0]
    Size: [193, 229, 193]
  Spacing: [1, 1, 1]
  Origin: [96, 132, -78]
  Direction: 
-1 0 0
0 -1 0
0 0 1

  IndexToPointMatrix: 
-1 0 0
0 -1 0
0 0 1

  PointToIndexMatrix: 
-1 0 0
0 -1 0
0 0 1

  Inverse Direction: 
-1 0 0
0 -1 0
0 0 1

  PixelContainer: 
    ImportImageContainer (0x4335c60)
      RTTI typeinfo:   itk::ImportImageContainer<unsigned long, double>
      Reference Count: 1
      Modified Time: 1938
      Debug: Off
      Object Name: 
      Observers: 
        none
      Pointer: 0x14684957c010
      Container manages memory: true
      Size: 8530021
      Capacity: 8530021

     Moving image = Image (0x43ca030)
  RTTI typeinfo:   itk::Image<double, 3u>
  Reference Count: 2
  Modified Time: 2331
  Debug: Off
  Object Name: 
  Observers: 
    none
  Source: (none)
  Source output name: (none)
  Release Data: Off
  Data Released: False
  Global Release Data: Off
  PipelineMTime: 0
  UpdateMTime: 2328
  RealTimeStamp: 0 seconds 
  LargestPossibleRegion: 
    Dimension: 3
    Index: [0, 0, 0]
    Size: [160, 240, 256]
  BufferedRegion: 
    Dimension: 3
    Index: [0, 0, 0]
    Size: [160, 240, 256]
  RequestedRegion: 
    Dimension: 3
    Index: [0, 0, 0]
    Size: [160, 240, 256]
  Spacing: [1, 1, 1]
  Origin: [72.4486, 104.7, -127]
  Direction: 
-0.997053 0.076719 0
-0.076719 -0.997053 0
0 0 1

  IndexToPointMatrix: 
-0.997053 0.076719 0
-0.076719 -0.997053 0
0 0 1

  PointToIndexMatrix: 
-0.997053 -0.076719 0
0.076719 -0.997053 0
0 0 1

  Inverse Direction: 
-0.997053 -0.076719 0
0.076719 -0.997053 0
0 0 1

  PixelContainer: 
    ImportImageContainer (0x44c4e50)
      RTTI typeinfo:   itk::ImportImageContainer<unsigned long, double>
      Reference Count: 1
      Modified Time: 2325
      Debug: Off
      Object Name: 
      Observers: 
        none
      Pointer: 0x146844a7b010
      Container manages memory: true
      Size: 9830400
      Capacity: 9830400

     Weighting = 1
     Sampling strategy = regular
     Number of bins = 32
     Radius = 4
     Sampling percentage  = 0.25
   Transform = Rigid
     Gradient step = 0.1
     Update field sigma (voxel space) = 0
     Total field sigma (voxel space) = 0
     Update field time sigma = 0
     Total field time sigma  = 0
     Number of time indices = 0
     Number of time point samples = 0
Registration using 1 total stages.

Stage 0
  iterations = 0
  convergence threshold = 1e-06
  convergence window size = 10
  number of levels = 1
  using the Mattes MI metric (number of bins = 32, weight = 1, use gradient filter = 0)
  preprocessing:  winsorizing the image intensities
  Shrink factors (level 1 out of 1): [1, 1, 1]
  smoothing sigmas per level: [0]
  regular sampling (percentage = 0.25)

*** Running Euler3DTransform registration ***

  Elapsed time (stage 0): 1.1116


Total elapsed time: 1.11397
Info [verificarlo]: loaded backend libinterflop_vprec.so
Info [interflop-vprec]: load backend with: 
Info [interflop-vprec]: precision-binary32 = 16
Info [interflop-vprec]: range-binary32 = 7
Info [interflop-vprec]: precision-binary64 = 16
Info [interflop-vprec]: range-binary64 = 7
Info [interflop-vprec]: mode = ob
Info [interflop-vprec]: error-mode = rel
Info [interflop-vprec]: max-abs-error-exponent = -1022
Info [interflop-vprec]: daz = false
Info [interflop-vprec]: ftz = false
Info [interflop-vprec]: 	instrument = none
Info [interflop-vprec]: 	prec-input-file = (null)
Info [interflop-vprec]: 	prec-output-file = (null)
Info [interflop-vprec]: 	prec-log-file = (null)
All_Command_lines_OK
Using double precision for computations.
=============================================================================
The composite transform comprises the following transforms (in order): 
  1. /home/mdugre/scratch/mri-registration-rp/datasets/ds004513/derivatives/mri-registration-rp/0100/antsRegistration-r7-p16/sub-s029/align_Composite.h5[0] (type = Euler3DTransform)
  2. /home/mdugre/scratch/mri-registration-rp/datasets/ds004513/derivatives/mri-registration-rp/0100/antsRegistration-r7-p16/sub-s029/align_Composite.h5[1] (type = Euler3DTransform)
=============================================================================
  number of levels = 4
  fixed image: /templateflow/tpl-MNI152NLin2009cAsym/tpl-MNI152NLin2009cAsym_res-01_desc-brain_T1w.nii.gz
  moving image: /home/mdugre/scratch/mri-registration-rp/datasets/ds004513/derivatives/mri-registration-rp/antsBrainExtraction/sub-s029/BrainExtractionBrain.nii.gz
Dimension = 3
Number of stages = 1
Use histogram matching = false
Winsorize image intensities = true
  Lower quantile = 0.005
  Upper quantile = 0.995


Stage 1 State
   Image metric = MattesMI
     Fixed image = Image (0x37b01e0)
  RTTI typeinfo:   itk::Image<double, 3u>
  Reference Count: 2
  Modified Time: 1578
  Debug: Off
  Object Name: 
  Observers: 
    none
  Source: (none)
  Source output name: (none)
  Release Data: Off
  Data Released: False
  Global Release Data: Off
  PipelineMTime: 0
  UpdateMTime: 1189
  RealTimeStamp: 0 seconds 
  LargestPossibleRegion: 
    Dimension: 3
    Index: [0, 0, 0]
    Size: [193, 229, 193]
  BufferedRegion: 
    Dimension: 3
    Index: [0, 0, 0]
    Size: [193, 229, 193]
  RequestedRegion: 
    Dimension: 3
    Index: [0, 0, 0]
    Size: [193, 229, 193]
  Spacing: [1, 1, 1]
  Origin: [96, 132, -78]
  Direction: 
-1 0 0
0 -1 0
0 0 1

  IndexToPointMatrix: 
-1 0 0
0 -1 0
0 0 1

  PointToIndexMatrix: 
-1 0 0
0 -1 0
0 0 1

  Inverse Direction: 
-1 0 0
0 -1 0
0 0 1

  PixelContainer: 
    ImportImageContainer (0x386f680)
      RTTI typeinfo:   itk::ImportImageContainer<unsigned long, double>
      Reference Count: 1
      Modified Time: 1186
      Debug: Off
      Object Name: 
      Observers: 
        none
      Pointer: 0x1509bd38a010
      Container manages memory: true
      Size: 8530021
      Capacity: 8530021

     Moving image = Image (0x386bb20)
  RTTI typeinfo:   itk::Image<double, 3u>
  Reference Count: 2
  Modified Time: 1579
  Debug: Off
  Object Name: 
  Observers: 
    none
  Source: (none)
  Source output name: (none)
  Release Data: Off
  Data Released: False
  Global Release Data: Off
  PipelineMTime: 0
  UpdateMTime: 1576
  RealTimeStamp: 0 seconds 
  LargestPossibleRegion: 
    Dimension: 3
    Index: [0, 0, 0]
    Size: [160, 240, 256]
  BufferedRegion: 
    Dimension: 3
    Index: [0, 0, 0]
    Size: [160, 240, 256]
  RequestedRegion: 
    Dimension: 3
    Index: [0, 0, 0]
    Size: [160, 240, 256]
  Spacing: [1, 1, 1]
  Origin: [72.4482, 104.7, -127]
  Direction: 
-0.997055 0.0767193 0
-0.0767193 -0.997055 0
0 0 1

  IndexToPointMatrix: 
-0.997055 0.0767193 0
-0.0767193 -0.997055 0
0 0 1

  PointToIndexMatrix: 
-0.997055 -0.0767193 0
0.0767193 -0.997055 0
0 0 1

  Inverse Direction: 
-0.997055 -0.0767193 0
0.0767193 -0.997055 0
0 0 1

  PixelContainer: 
    ImportImageContainer (0x38d4d50)
      RTTI typeinfo:   itk::ImportImageContainer<unsigned long, double>
      Reference Count: 1
      Modified Time: 1573
      Debug: Off
      Object Name: 
      Observers: 
        none
      Pointer: 0x1509b8889010
      Container manages memory: true
      Size: 9830400
      Capacity: 9830400

     Weighting = 1
     Sampling strategy = regular
     Number of bins = 32
     Radius = 4
     Sampling percentage  = 0.25
   Transform = Rigid
     Gradient step = 0.1
     Update field sigma (voxel space) = 0
     Total field sigma (voxel space) = 0
     Update field time sigma = 0
     Total field time sigma  = 0
     Number of time indices = 0
     Number of time point samples = 0
Registration using 1 total stages.

Stage 0
  iterations = 1000x500x250x100
  convergence threshold = 1e-06
  convergence window size = 10
  number of levels = 4
  using the Mattes MI metric (number of bins = 32, weight = 1, use gradient filter = 0)
  preprocessing:  winsorizing the image intensities
  Shrink factors (level 1 out of 4): [8, 8, 8]
  Shrink factors (level 2 out of 4): [4, 4, 4]
  Shrink factors (level 3 out of 4): [2, 2, 2]
  Shrink factors (level 4 out of 4): [1, 1, 1]
  smoothing sigmas per level: [3, 2, 1, 0]
  regular sampling (percentage = 0.25)

*** Running Euler3DTransform registration ***

DIAGNOSTIC,Iteration,metricValue,convergenceValue,ITERATION_TIME_INDEX,SINCE_LAST
 2DIAGNOSTIC,     1, -5.057687885898e-01, 1.797693134862e+308, 0.0000e+00, 0.0000e+00, 
 2DIAGNOSTIC,     2, -5.068327755648e-01, 1.797693134862e+308, 0.0000e+00, 0.0000e+00, 
 2DIAGNOSTIC,     3, -5.084718905173e-01, 1.797693134862e+308, 0.0000e+00, 0.0000e+00, 
 2DIAGNOSTIC,     4, -5.101892036304e-01, 1.797693134862e+308, 0.0000e+00, 0.0000e+00, 
 2DIAGNOSTIC,     5, -5.111705095520e-01, 1.797693134862e+308, 0.0000e+00, 0.0000e+00, 
 2DIAGNOSTIC,     6, -5.117746026454e-01, 1.797693134862e+308, 0.0000e+00, 0.0000e+00, 
 2DIAGNOSTIC,     7, -5.131512394740e-01, 1.797693134862e+308, 0.0000e+00, 0.0000e+00, 
 2DIAGNOSTIC,     8, -5.218952284399e-01, 1.797693134862e+308, 0.0000e+00, 0.0000e+00, 
 2DIAGNOSTIC,     9, -5.322363314337e-01, 1.797693134862e+308, 0.0000e+00, 0.0000e+00, 
 2DIAGNOSTIC,    10, -5.336330705515e-01, 3.364204695593e-03, 0.0000e+00, 0.0000e+00, 
 2DIAGNOSTIC,    11, -5.339415199301e-01, 3.490102708626e-03, 0.0000e+00, 0.0000e+00, 
 2DIAGNOSTIC,    12, -5.342147154189e-01, 3.348413842587e-03, 0.0000e+00, 0.0000e+00, 
 2DIAGNOSTIC,    13, -5.355975211843e-01, 3.045776597552e-03, 0.0000e+00, 0.0000e+00, 
 2DIAGNOSTIC,    14, -5.362360848276e-01, 2.593885231905e-03, 0.0000e+00, 0.0000e+00, 
 2DIAGNOSTIC,    15, -5.369386290426e-01, 2.031613026062e-03, 0.0000e+00, 0.0000e+00, 
 2DIAGNOSTIC,    16, -5.379028594897e-01, 1.416732371247e-03, 0.0000e+00, 0.0000e+00, 
 2DIAGNOSTIC,    17, -5.384614011333e-01, 8.038559125644e-04, 0.0000e+00, 0.0000e+00, 
 2DIAGNOSTIC,    18, -5.397185304013e-01, 4.788370062162e-04, 0.0000e+00, 0.0000e+00, 
 2DIAGNOSTIC,    19, -5.400382166419e-01, 4.463284525804e-04, 0.0000e+00, 0.0000e+00, 
 2DIAGNOSTIC,    20, -5.401548725445e-01, 4.171284081549e-04, 0.0000e+00, 0.0000e+00, 
 2DIAGNOSTIC,    21, -5.401549384956e-01, 3.605347944220e-04, 0.0000e+00, 0.0000e+00, 
 2DIAGNOSTIC,    22, -5.401581769462e-01, 2.817191420400e-04, 0.0000e+00, 0.0000e+00, 
 2DIAGNOSTIC,    23, -5.400686784636e-01, 2.135821909604e-04, 0.0000e+00, 0.0000e+00, 
 2DIAGNOSTIC,    24, -5.400818095400e-01, 1.458064200853e-04, 0.0000e+00, 0.0000e+00, 
 2DIAGNOSTIC,    25, -5.400816684452e-01, 8.499427485294e-05, 0.0000e+00, 0.0000e+00, 
 2DIAGNOSTIC,    26, -5.400809289776e-01, 4.102800514855e-05, 0.0000e+00, 0.0000e+00, 
 2DIAGNOSTIC,    27, -5.400774272496e-01, 7.068328182487e-06, 0.0000e+00, 0.0000e+00, 
DIAGNOSTIC,Iteration,metricValue,convergenceValue,ITERATION_TIME_INDEX,SINCE_LAST
 2DIAGNOSTIC,     1, -4.477621212684e-01, 1.797693134862e+308, 0.0000e+00, 0.0000e+00, 
 2DIAGNOSTIC,     2, -4.479871927601e-01, 1.797693134862e+308, 0.0000e+00, 0.0000e+00, 
 2DIAGNOSTIC,     3, -4.482023755958e-01, 1.797693134862e+308, 0.0000e+00, 0.0000e+00, 
 2DIAGNOSTIC,     4, -4.485831704596e-01, 1.797693134862e+308, 0.0000e+00, 0.0000e+00, 
 2DIAGNOSTIC,     5, -4.490856098248e-01, 1.797693134862e+308, 0.0000e+00, 0.0000e+00, 
 2DIAGNOSTIC,     6, -4.500265793255e-01, 1.797693134862e+308, 0.0000e+00, 0.0000e+00, 
 2DIAGNOSTIC,     7, -4.510064096478e-01, 1.797693134862e+308, 0.0000e+00, 0.0000e+00, 
 2DIAGNOSTIC,     8, -4.521879824245e-01, 1.797693134862e+308, 0.0000e+00, 0.0000e+00, 
 2DIAGNOSTIC,     9, -4.523792337189e-01, 1.797693134862e+308, 0.0000e+00, 0.0000e+00, 
 2DIAGNOSTIC,    10, -4.525962398638e-01, 8.088467654138e-04, 0.0000e+00, 0.0000e+00, 
 2DIAGNOSTIC,    11, -4.527985507448e-01, 7.446034124775e-04, 0.0000e+00, 0.0000e+00, 
 2DIAGNOSTIC,    12, -4.528352455189e-01, 6.374642895063e-04, 0.0000e+00, 0.0000e+00, 
 2DIAGNOSTIC,    13, -4.528246774169e-01, 4.990878001742e-04, 0.0000e+00, 0.0000e+00, 
 2DIAGNOSTIC,    14, -4.528957208034e-01, 3.561999546318e-04, 0.0000e+00, 0.0000e+00, 
 2DIAGNOSTIC,    15, -4.528919869455e-01, 2.209895761947e-04, 0.0000e+00, 0.0000e+00, 
 2DIAGNOSTIC,    16, -4.529032049778e-01, 1.196176973535e-04, 0.0000e+00, 0.0000e+00, 
 2DIAGNOSTIC,    17, -4.528957255313e-01, 5.436210177404e-05, 0.0000e+00, 0.0000e+00, 
 2DIAGNOSTIC,    18, -4.528781349140e-01, 3.227904516806e-05, 0.0000e+00, 0.0000e+00, 
 2DIAGNOSTIC,    19, -4.528801322136e-01, 1.598165424165e-05, 0.0000e+00, 0.0000e+00, 
 2DIAGNOSTIC,    20, -4.528710643832e-01, 6.340885796027e-06, 0.0000e+00, 0.0000e+00, 
 2DIAGNOSTIC,    21, -4.528608528683e-01, 2.931171804631e-06, 0.0000e+00, 0.0000e+00, 
DIAGNOSTIC,Iteration,metricValue,convergenceValue,ITERATION_TIME_INDEX,SINCE_LAST
 2DIAGNOSTIC,     1, -3.897908810539e-01, 1.797693134862e+308, 0.0000e+00, 0.0000e+00, 
 2DIAGNOSTIC,     2, -3.898669367250e-01, 1.797693134862e+308, 0.0000e+00, 0.0000e+00, 
 2DIAGNOSTIC,     3, -3.899537492759e-01, 1.797693134862e+308, 0.0000e+00, 0.0000e+00, 
 2DIAGNOSTIC,     4, -3.900941584983e-01, 1.797693134862e+308, 0.0000e+00, 0.0000e+00, 
 2DIAGNOSTIC,     5, -3.905472427282e-01, 1.797693134862e+308, 0.0000e+00, 0.0000e+00, 
 2DIAGNOSTIC,     6, -3.916804012321e-01, 1.797693134862e+308, 0.0000e+00, 0.0000e+00, 
 2DIAGNOSTIC,     7, -3.923303556807e-01, 1.797693134862e+308, 0.0000e+00, 0.0000e+00, 
 2DIAGNOSTIC,     8, -3.926171924129e-01, 1.797693134862e+308, 0.0000e+00, 0.0000e+00, 
 2DIAGNOSTIC,     9, -3.932873925887e-01, 1.797693134862e+308, 0.0000e+00, 0.0000e+00, 
 2DIAGNOSTIC,    10, -3.938228788186e-01, 7.381045510041e-04, 0.0000e+00, 0.0000e+00, 
 2DIAGNOSTIC,    11, -3.939301629326e-01, 7.126908928810e-04, 0.0000e+00, 0.0000e+00, 
 2DIAGNOSTIC,    12, -3.939708809256e-01, 6.352535329495e-04, 0.0000e+00, 0.0000e+00, 
 2DIAGNOSTIC,    13, -3.939733521295e-01, 5.187323308487e-04, 0.0000e+00, 0.0000e+00, 
 2DIAGNOSTIC,    14, -3.939681882115e-01, 3.790105627646e-04, 0.0000e+00, 0.0000e+00, 
 2DIAGNOSTIC,    15, -3.939595136490e-01, 2.435807976376e-04, 0.0000e+00, 0.0000e+00, 
 2DIAGNOSTIC,    16, -3.939647119480e-01, 1.541860285670e-04, 0.0000e+00, 0.0000e+00, 
 2DIAGNOSTIC,    17, -3.939645508083e-01, 8.932545508523e-05, 0.0000e+00, 0.0000e+00, 
 2DIAGNOSTIC,    18, -3.939632207079e-01, 3.465094012069e-05, 0.0000e+00, 0.0000e+00, 
 2DIAGNOSTIC,    19, -3.939620382342e-01, 7.691792108251e-06, 0.0000e+00, 0.0000e+00, 
 2DIAGNOSTIC,    20, -3.939620094656e-01, 2.168802213383e-06, 0.0000e+00, 0.0000e+00, 
DIAGNOSTIC,Iteration,metricValue,convergenceValue,ITERATION_TIME_INDEX,SINCE_LAST
 2DIAGNOSTIC,     1, -3.613450543620e-01, 1.797693134862e+308, 0.0000e+00, 0.0000e+00, 
 2DIAGNOSTIC,     2, -3.614618879203e-01, 1.797693134862e+308, 0.0000e+00, 0.0000e+00, 
 2DIAGNOSTIC,     3, -3.615955642171e-01, 1.797693134862e+308, 0.0000e+00, 0.0000e+00, 
 2DIAGNOSTIC,     4, -3.616305221709e-01, 1.797693134862e+308, 0.0000e+00, 0.0000e+00, 
 2DIAGNOSTIC,     5, -3.617828530054e-01, 1.797693134862e+308, 0.0000e+00, 0.0000e+00, 
 2DIAGNOSTIC,     6, -3.622705670700e-01, 1.797693134862e+308, 0.0000e+00, 0.0000e+00, 
 2DIAGNOSTIC,     7, -3.636216936994e-01, 1.797693134862e+308, 0.0000e+00, 0.0000e+00, 
 2DIAGNOSTIC,     8, -3.639098733730e-01, 1.797693134862e+308, 0.0000e+00, 0.0000e+00, 
 2DIAGNOSTIC,     9, -3.641927147138e-01, 1.797693134862e+308, 0.0000e+00, 0.0000e+00, 
 2DIAGNOSTIC,    10, -3.644911454975e-01, 6.432236676858e-04, 0.0000e+00, 0.0000e+00, 
 2DIAGNOSTIC,    11, -3.647314928701e-01, 6.305656130546e-04, 0.0000e+00, 0.0000e+00, 
 2DIAGNOSTIC,    12, -3.647702372421e-01, 5.722662065580e-04, 0.0000e+00, 0.0000e+00, 
 2DIAGNOSTIC,    13, -3.647729283421e-01, 4.800415441714e-04, 0.0000e+00, 0.0000e+00, 
 2DIAGNOSTIC,    14, -3.647707957415e-01, 3.606831458632e-04, 0.0000e+00, 0.0000e+00, 
 2DIAGNOSTIC,    15, -3.647699937363e-01, 2.325295228113e-04, 0.0000e+00, 0.0000e+00, 
 2DIAGNOSTIC,    16, -3.647687459706e-01, 1.213495313963e-04, 0.0000e+00, 0.0000e+00, 
 2DIAGNOSTIC,    17, -3.647697002223e-01, 7.442022996600e-05, 0.0000e+00, 0.0000e+00, 
 2DIAGNOSTIC,    18, -3.647674676566e-01, 3.840279461023e-05, 0.0000e+00, 0.0000e+00, 
 2DIAGNOSTIC,    19, -3.647679999818e-01, 1.424659875080e-05, 0.0000e+00, 0.0000e+00, 
 2DIAGNOSTIC,    20, -3.647677077628e-01, 2.743924342845e-06, 0.0000e+00, 0.0000e+00, 
 2DIAGNOSTIC,    21, -3.647676787443e-01, 1.131649510787e-06, 0.0000e+00, 0.0000e+00, 
 2DIAGNOSTIC,    22, -3.647676787443e-01, 1.073263945786e-06, 0.0000e+00, 0.0000e+00, 
 2DIAGNOSTIC,    23, -3.647676740057e-01, 1.147380049887e-06, 0.0000e+00, 0.0000e+00, 
 2DIAGNOSTIC,    24, -3.647676740057e-01, 1.168111442088e-06, 0.0000e+00, 0.0000e+00, 
 2DIAGNOSTIC,    25, -3.647676740057e-01, 1.176694106216e-06, 0.0000e+00, 0.0000e+00, 
 2DIAGNOSTIC,    26, -3.647676832884e-01, 1.154469797107e-06, 0.0000e+00, 0.0000e+00, 
 2DIAGNOSTIC,    27, -3.647676832884e-01, 1.169276586374e-06, 0.0000e+00, 0.0000e+00, 
 2DIAGNOSTIC,    28, -3.647676832884e-01, 1.120474731331e-06, 0.0000e+00, 0.0000e+00, 
 2DIAGNOSTIC,    29, -3.647676832884e-01, 1.090485039712e-06, 0.0000e+00, 0.0000e+00, 
 2DIAGNOSTIC,    30, -3.647676832884e-01, 1.054946015745e-06, 0.0000e+00, 0.0000e+00, 
 2DIAGNOSTIC,    31, -3.647669932984e-01, 1.003542237671e-06, 0.0000e+00, 0.0000e+00, 
  Elapsed time (stage 0): 0.0000e+00


Total elapsed time: 0.0000e+00
Info [verificarlo]: loaded backend libinterflop_ieee.so
Info [interflop-ieee]: load backend with:
Info [interflop-ieee]: debug = false
Info [interflop-ieee]: debug-binary = false
Info [interflop-ieee]: no-backend-name = false
Info [interflop-ieee]: print-new-line = false
Info [interflop-ieee]: print-subnormal-normalized = false
Info [interflop-ieee]: count-op = false
All_Command_lines_OK
Using double precision for computations.
=============================================================================
The composite transform comprises the following transforms (in order): 
  1. /home/mdugre/scratch/mri-registration-rp/datasets/ds004513/derivatives/mri-registration-rp/0100/antsRegistration-r7-p16/sub-s029/rigid_Composite.h5[0] (type = Euler3DTransform)
  2. /home/mdugre/scratch/mri-registration-rp/datasets/ds004513/derivatives/mri-registration-rp/0100/antsRegistration-r7-p16/sub-s029/rigid_Composite.h5[1] (type = Euler3DTransform)
  3. /home/mdugre/scratch/mri-registration-rp/datasets/ds004513/derivatives/mri-registration-rp/0100/antsRegistration-r7-p16/sub-s029/rigid_Composite.h5[2] (type = Euler3DTransform)
=============================================================================
  number of levels = 4
  fixed image: /templateflow/tpl-MNI152NLin2009cAsym/tpl-MNI152NLin2009cAsym_res-01_desc-brain_T1w.nii.gz
  moving image: /home/mdugre/scratch/mri-registration-rp/datasets/ds004513/derivatives/mri-registration-rp/antsBrainExtraction/sub-s029/BrainExtractionBrain.nii.gz
Dimension = 3
Number of stages = 1
Use histogram matching = false
Winsorize image intensities = true
  Lower quantile = 0.005
  Upper quantile = 0.995


Stage 1 State
   Image metric = MattesMI
     Fixed image = Image (0x50637e0)
  RTTI typeinfo:   itk::Image<double, 3u>
  Reference Count: 2
  Modified Time: 1592
  Debug: Off
  Object Name: 
  Observers: 
    none
  Source: (none)
  Source output name: (none)
  Release Data: Off
  Data Released: False
  Global Release Data: Off
  PipelineMTime: 0
  UpdateMTime: 1203
  RealTimeStamp: 0 seconds 
  LargestPossibleRegion: 
    Dimension: 3
    Index: [0, 0, 0]
    Size: [193, 229, 193]
  BufferedRegion: 
    Dimension: 3
    Index: [0, 0, 0]
    Size: [193, 229, 193]
  RequestedRegion: 
    Dimension: 3
    Index: [0, 0, 0]
    Size: [193, 229, 193]
  Spacing: [1, 1, 1]
  Origin: [96, 132, -78]
  Direction: 
-1 0 0
0 -1 0
0 0 1

  IndexToPointMatrix: 
-1 0 0
0 -1 0
0 0 1

  PointToIndexMatrix: 
-1 0 0
0 -1 0
0 0 1

  Inverse Direction: 
-1 0 0
0 -1 0
0 0 1

  PixelContainer: 
    ImportImageContainer (0x512e880)
      RTTI typeinfo:   itk::ImportImageContainer<unsigned long, double>
      Reference Count: 1
      Modified Time: 1200
      Debug: Off
      Object Name: 
      Observers: 
        none
      Pointer: 0x1456faa6b010
      Container manages memory: true
      Size: 8530021
      Capacity: 8530021

     Moving image = Image (0x511f050)
  RTTI typeinfo:   itk::Image<double, 3u>
  Reference Count: 2
  Modified Time: 1593
  Debug: Off
  Object Name: 
  Observers: 
    none
  Source: (none)
  Source output name: (none)
  Release Data: Off
  Data Released: False
  Global Release Data: Off
  PipelineMTime: 0
  UpdateMTime: 1590
  RealTimeStamp: 0 seconds 
  LargestPossibleRegion: 
    Dimension: 3
    Index: [0, 0, 0]
    Size: [160, 240, 256]
  BufferedRegion: 
    Dimension: 3
    Index: [0, 0, 0]
    Size: [160, 240, 256]
  RequestedRegion: 
    Dimension: 3
    Index: [0, 0, 0]
    Size: [160, 240, 256]
  Spacing: [1, 1, 1]
  Origin: [72.4486, 104.7, -127]
  Direction: 
-0.997053 0.076719 0
-0.076719 -0.997053 0
0 0 1

  IndexToPointMatrix: 
-0.997053 0.076719 0
-0.076719 -0.997053 0
0 0 1

  PointToIndexMatrix: 
-0.997053 -0.076719 0
0.076719 -0.997053 0
0 0 1

  Inverse Direction: 
-0.997053 -0.076719 0
0.076719 -0.997053 0
0 0 1

  PixelContainer: 
    ImportImageContainer (0x51d2690)
      RTTI typeinfo:   itk::ImportImageContainer<unsigned long, double>
      Reference Count: 1
      Modified Time: 1587
      Debug: Off
      Object Name: 
      Observers: 
        none
      Pointer: 0x1456f5f6a010
      Container manages memory: true
      Size: 9830400
      Capacity: 9830400

     Weighting = 1
     Sampling strategy = regular
     Number of bins = 32
     Radius = 4
     Sampling percentage  = 0.25
   Transform = Affine
     Gradient step = 0.1
     Update field sigma (voxel space) = 0
     Total field sigma (voxel space) = 0
     Update field time sigma = 0
     Total field time sigma  = 0
     Number of time indices = 0
     Number of time point samples = 0
Registration using 1 total stages.

Stage 0
  iterations = 1000x500x250x100
  convergence threshold = 1e-06
  convergence window size = 10
  number of levels = 4
  using the Mattes MI metric (number of bins = 32, weight = 1, use gradient filter = 0)
  preprocessing:  winsorizing the image intensities
  Shrink factors (level 1 out of 4): [8, 8, 8]
  Shrink factors (level 2 out of 4): [4, 4, 4]
  Shrink factors (level 3 out of 4): [2, 2, 2]
  Shrink factors (level 4 out of 4): [1, 1, 1]
  smoothing sigmas per level: [3, 2, 1, 0]
  regular sampling (percentage = 0.25)

*** Running AffineTransform registration ***

DIAGNOSTIC,Iteration,metricValue,convergenceValue,ITERATION_TIME_INDEX,SINCE_LAST
 2DIAGNOSTIC,     1, -5.532989374749e-01, 1.797693134862e+308, 9.0296e-01, 9.0296e-01, 
 2DIAGNOSTIC,     2, -5.552467937867e-01, 1.797693134862e+308, 9.0920e-01, 6.2370e-03, 
 2DIAGNOSTIC,     3, -5.583894364761e-01, 1.797693134862e+308, 9.1480e-01, 5.6059e-03, 
 2DIAGNOSTIC,     4, -5.633218154415e-01, 1.797693134862e+308, 9.2037e-01, 5.5640e-03, 
 2DIAGNOSTIC,     5, -5.710207204052e-01, 1.797693134862e+308, 9.2658e-01, 6.2151e-03, 
 2DIAGNOSTIC,     6, -5.898605157460e-01, 1.797693134862e+308, 9.3364e-01, 7.0632e-03, 
 2DIAGNOSTIC,     7, -7.301592159074e-01, 1.797693134862e+308, 9.4246e-01, 8.8151e-03, 
 2DIAGNOSTIC,     8, -7.711689967153e-01, 1.797693134862e+308, 9.4953e-01, 7.0660e-03, 
 2DIAGNOSTIC,     9, -7.841918809759e-01, 1.797693134862e+308, 9.5557e-01, 6.0461e-03, 
 2DIAGNOSTIC,    10, -8.105700561269e-01, 3.013048832978e-02, 9.6185e-01, 6.2780e-03, 
 2DIAGNOSTIC,    11, -8.493260001177e-01, 3.045486557469e-02, 9.7122e-01, 9.3701e-03, 
 2DIAGNOSTIC,    12, -8.536694599678e-01, 2.813911243332e-02, 9.7887e-01, 7.6489e-03, 
 2DIAGNOSTIC,    13, -8.583026075238e-01, 2.399280569819e-02, 9.8578e-01, 6.9108e-03, 
 2DIAGNOSTIC,    14, -8.643731999539e-01, 1.879389175184e-02, 9.9379e-01, 8.0061e-03, 
 2DIAGNOSTIC,    15, -8.762151652653e-01, 1.326889269878e-02, 1.0047e+00, 1.0951e-02, 
 2DIAGNOSTIC,    16, -8.766526932658e-01, 7.738904775202e-03, 1.0109e+00, 6.1500e-03, 
 2DIAGNOSTIC,    17, -8.778628480835e-01, 5.470638191378e-03, 1.0173e+00, 6.3899e-03, 
 2DIAGNOSTIC,    18, -8.804485023789e-01, 3.934785304929e-03, 1.0241e+00, 6.8500e-03, 
 2DIAGNOSTIC,    19, -8.821155283168e-01, 2.509925951107e-03, 1.0302e+00, 6.1069e-03, 
 2DIAGNOSTIC,    20, -8.836278798729e-01, 1.518711384501e-03, 1.0363e+00, 6.1111e-03, 
 2DIAGNOSTIC,    21, -8.843070582354e-01, 1.193377063215e-03, 1.0431e+00, 6.7310e-03, 
 2DIAGNOSTIC,    22, -8.847614563167e-01, 8.740146055922e-04, 1.0506e+00, 7.5250e-03, 
 2DIAGNOSTIC,    23, -8.849781586876e-01, 5.815281010384e-04, 1.0576e+00, 6.9709e-03, 
 2DIAGNOSTIC,    24, -8.851131101522e-01, 3.515238628545e-04, 1.0648e+00, 7.2398e-03, 
 2DIAGNOSTIC,    25, -8.850015053673e-01, 2.797941859043e-04, 1.0735e+00, 8.7259e-03, 
 2DIAGNOSTIC,    26, -8.853325599313e-01, 1.990409303632e-04, 1.0798e+00, 6.2392e-03, 
 2DIAGNOSTIC,    27, -8.855591140489e-01, 1.248809972687e-04, 1.0858e+00, 6.0492e-03, 
 2DIAGNOSTIC,    28, -8.858940370594e-01, 8.191736382388e-05, 1.0919e+00, 6.1119e-03, 
 2DIAGNOSTIC,    29, -8.863387534005e-01, 6.017911685716e-05, 1.0982e+00, 6.2778e-03, 
 2DIAGNOSTIC,    30, -8.872140413235e-01, 6.252846032644e-05, 1.1045e+00, 6.3229e-03, 
 2DIAGNOSTIC,    31, -8.886067095969e-01, 8.221135509472e-05, 1.1110e+00, 6.4991e-03, 
 2DIAGNOSTIC,    32, -8.917625833101e-01, 1.322185792251e-04, 1.1198e+00, 8.7309e-03, 
 2DIAGNOSTIC,    33, -8.915058829473e-01, 1.653510439712e-04, 1.1261e+00, 6.3801e-03, 
 2DIAGNOSTIC,    34, -8.914075007108e-01, 1.818581111205e-04, 1.1336e+00, 7.4830e-03, 
 2DIAGNOSTIC,    35, -8.914650149010e-01, 1.799389212069e-04, 1.1407e+00, 7.0679e-03, 
 2DIAGNOSTIC,    36, -8.912620298838e-01, 1.620078732821e-04, 1.1475e+00, 6.8071e-03, 
 2DIAGNOSTIC,    37, -8.912307078973e-01, 1.312765429225e-04, 1.1534e+00, 5.9321e-03, 
 2DIAGNOSTIC,    38, -8.916750659087e-01, 9.713712989154e-05, 1.1598e+00, 6.3300e-03, 
 2DIAGNOSTIC,    39, -8.919204616341e-01, 6.212062451251e-05, 1.1668e+00, 7.0691e-03, 
 2DIAGNOSTIC,    40, -8.926186637167e-01, 3.667017695314e-05, 1.1755e+00, 8.6269e-03, 
 2DIAGNOSTIC,    41, -8.921202136389e-01, 1.580647215758e-05, 1.1828e+00, 7.3318e-03, 
 2DIAGNOSTIC,    42, -8.922792447565e-01, 2.197868002038e-05, 1.1889e+00, 6.1169e-03, 
 2DIAGNOSTIC,    43, -8.923137054094e-01, 2.399315811126e-05, 1.1958e+00, 6.8831e-03, 
 2DIAGNOSTIC,    44, -8.924791440596e-01, 2.405974336008e-05, 1.2026e+00, 6.8450e-03, 
 2DIAGNOSTIC,    45, -8.922016252672e-01, 2.023045722206e-05, 1.2088e+00, 6.2079e-03, 
 2DIAGNOSTIC,    46, -8.922309698255e-01, 1.362342985440e-05, 1.2150e+00, 6.1791e-03, 
 2DIAGNOSTIC,    47, -8.922717103045e-01, 6.148028791546e-06, 1.2218e+00, 6.7961e-03, 
 2DIAGNOSTIC,    48, -8.924327015739e-01, 2.678968840687e-06, 1.2296e+00, 7.7391e-03, 
DIAGNOSTIC,Iteration,metricValue,convergenceValue,ITERATION_TIME_INDEX,SINCE_LAST
 2DIAGNOSTIC,     1, -7.324466737351e-01, 1.797693134862e+308, 2.1021e+00, 8.7255e-01, 
 2DIAGNOSTIC,     2, -7.341622850972e-01, 1.797693134862e+308, 2.1439e+00, 4.1759e-02, 
 2DIAGNOSTIC,     3, -7.359892299256e-01, 1.797693134862e+308, 2.1947e+00, 5.0805e-02, 
 2DIAGNOSTIC,     4, -7.374266615372e-01, 1.797693134862e+308, 2.2398e+00, 4.5175e-02, 
 2DIAGNOSTIC,     5, -7.381378410338e-01, 1.797693134862e+308, 2.2813e+00, 4.1452e-02, 
 2DIAGNOSTIC,     6, -7.389315142376e-01, 1.797693134862e+308, 2.3321e+00, 5.0761e-02, 
 2DIAGNOSTIC,     7, -7.398499258724e-01, 1.797693134862e+308, 2.3995e+00, 6.7404e-02, 
 2DIAGNOSTIC,     8, -7.399825184573e-01, 1.797693134862e+308, 2.4562e+00, 5.6767e-02, 
 2DIAGNOSTIC,     9, -7.400193711279e-01, 1.797693134862e+308, 2.5099e+00, 5.3659e-02, 
 2DIAGNOSTIC,    10, -7.400394439272e-01, 6.494936365350e-04, 2.5638e+00, 5.3924e-02, 
 2DIAGNOSTIC,    11, -7.401042954945e-01, 4.340399368012e-04, 2.6212e+00, 5.7422e-02, 
 2DIAGNOSTIC,    12, -7.401015412147e-01, 2.695127784328e-04, 2.6667e+00, 4.5455e-02, 
 2DIAGNOSTIC,    13, -7.401359825778e-01, 1.606720480844e-04, 2.7125e+00, 4.5847e-02, 
 2DIAGNOSTIC,    14, -7.401364940858e-01, 9.266470603314e-05, 2.7768e+00, 6.4236e-02, 
 2DIAGNOSTIC,    15, -7.401203624222e-01, 4.307315099203e-05, 2.8209e+00, 4.4164e-02, 
 2DIAGNOSTIC,    16, -7.401391911744e-01, 1.489533940728e-05, 2.8663e+00, 4.5323e-02, 
 2DIAGNOSTIC,    17, -7.401530346670e-01, 9.857746915205e-06, 2.9115e+00, 4.5286e-02, 
 2DIAGNOSTIC,    18, -7.401644266528e-01, 7.704537627148e-06, 2.9589e+00, 4.7401e-02, 
 2DIAGNOSTIC,    19, -7.401999160666e-01, 6.697796387831e-06, 3.0063e+00, 4.7387e-02, 
 2DIAGNOSTIC,    20, -7.402070112160e-01, 5.813564178850e-06, 3.0559e+00, 4.9530e-02, 
 2DIAGNOSTIC,    21, -7.401613190381e-01, 4.982557196616e-06, 3.1148e+00, 5.8915e-02, 
 2DIAGNOSTIC,    22, -7.401784033940e-01, 4.160775493804e-06, 3.1593e+00, 4.4488e-02, 
 2DIAGNOSTIC,    23, -7.401785435278e-01, 3.714836967275e-06, 3.2039e+00, 4.4649e-02, 
 2DIAGNOSTIC,    24, -7.401788203714e-01, 3.095631822513e-06, 3.2595e+00, 5.5581e-02, 
 2DIAGNOSTIC,    25, -7.401789987456e-01, 2.114689321271e-06, 3.3922e+00, 1.3266e-01, 
 2DIAGNOSTIC,    26, -7.401789987293e-01, 1.423456946946e-06, 3.5354e+00, 1.4320e-01, 
DIAGNOSTIC,Iteration,metricValue,convergenceValue,ITERATION_TIME_INDEX,SINCE_LAST
 2DIAGNOSTIC,     1, -6.178847850192e-01, 1.797693134862e+308, 4.9147e+00, 1.3793e+00, 
 2DIAGNOSTIC,     2, -6.187837869292e-01, 1.797693134862e+308, 5.2865e+00, 3.7179e-01, 
 2DIAGNOSTIC,     3, -6.196822170630e-01, 1.797693134862e+308, 5.6833e+00, 3.9683e-01, 
 2DIAGNOSTIC,     4, -6.206435570286e-01, 1.797693134862e+308, 6.0480e+00, 3.6471e-01, 
 2DIAGNOSTIC,     5, -6.226941521324e-01, 1.797693134862e+308, 6.4309e+00, 3.8295e-01, 
 2DIAGNOSTIC,     6, -6.259552909283e-01, 1.797693134862e+308, 7.5084e+00, 1.0775e+00, 
 2DIAGNOSTIC,     7, -6.259572637253e-01, 1.797693134862e+308, 7.9255e+00, 4.1709e-01, 
 2DIAGNOSTIC,     8, -6.259487367450e-01, 1.797693134862e+308, 8.3226e+00, 3.9708e-01, 
 2DIAGNOSTIC,     9, -6.259447372414e-01, 1.797693134862e+308, 8.6867e+00, 3.6407e-01, 
 2DIAGNOSTIC,    10, -6.259420999588e-01, 9.947029493493e-04, 9.0659e+00, 3.7918e-01, 
 2DIAGNOSTIC,    11, -6.259375186999e-01, 7.435085039589e-04, 9.4791e+00, 4.1319e-01, 
 2DIAGNOSTIC,    12, -6.259370536962e-01, 5.023683654008e-04, 9.8685e+00, 3.8944e-01, 
 2DIAGNOSTIC,    13, -6.259329089511e-01, 2.864763908589e-04, 1.0239e+01, 3.7014e-01, 
 2DIAGNOSTIC,    14, -6.259339254932e-01, 1.064316431425e-04, 1.0604e+01, 3.6494e-01, 
DIAGNOSTIC,Iteration,metricValue,convergenceValue,ITERATION_TIME_INDEX,SINCE_LAST
 2DIAGNOSTIC,     1, -5.555537170510e-01, 1.797693134862e+308, 1.3766e+01, 3.1621e+00, 
 2DIAGNOSTIC,     2, -5.555828938893e-01, 1.797693134862e+308, 1.7023e+01, 3.2571e+00, 
 2DIAGNOSTIC,     3, -5.555842580649e-01, 1.797693134862e+308, 2.0608e+01, 3.5853e+00, 
 2DIAGNOSTIC,     4, -5.555847416908e-01, 1.797693134862e+308, 2.2820e+01, 2.2121e+00, 
 2DIAGNOSTIC,     5, -5.555842919907e-01, 1.797693134862e+308, 2.5025e+01, 2.2043e+00, 
 2DIAGNOSTIC,     6, -5.555842822604e-01, 1.797693134862e+308, 2.7228e+01, 2.2035e+00, 
 2DIAGNOSTIC,     7, -5.555841750436e-01, 1.797693134862e+308, 2.9080e+01, 1.8520e+00, 
 2DIAGNOSTIC,     8, -5.555843330598e-01, 1.797693134862e+308, 3.1215e+01, 2.1348e+00, 
 2DIAGNOSTIC,     9, -5.555844117186e-01, 1.797693134862e+308, 3.3365e+01, 2.1504e+00, 
 2DIAGNOSTIC,    10, -5.555842696689e-01, 4.800854637776e-06, 3.5461e+01, 2.0955e+00, 
 2DIAGNOSTIC,    11, -5.555844735948e-01, 2.955051291609e-06, 3.7510e+01, 2.0498e+00, 
 2DIAGNOSTIC,    12, -5.555845109580e-01, 2.654657673629e-06, 3.9600e+01, 2.0891e+00, 
 2DIAGNOSTIC,    13, -5.555844846267e-01, 2.451876075213e-06, 4.1440e+01, 1.8405e+00, 
 2DIAGNOSTIC,    14, -5.555845384981e-01, 2.297771722518e-06, 4.3478e+01, 2.0379e+00, 
 2DIAGNOSTIC,    15, -5.555847347634e-01, 2.153288083451e-06, 4.5869e+01, 2.3907e+00, 
 2DIAGNOSTIC,    16, -5.555844982496e-01, 2.015931768115e-06, 4.7925e+01, 2.0566e+00, 
 2DIAGNOSTIC,    17, -5.555844248781e-01, 1.886825830986e-06, 4.9899e+01, 1.9737e+00, 
 2DIAGNOSTIC,    18, -5.555843270713e-01, 1.772384986359e-06, 5.1958e+01, 2.0589e+00, 
 2DIAGNOSTIC,    19, -5.555842601119e-01, 1.669925703891e-06, 5.4110e+01, 2.1520e+00, 
 2DIAGNOSTIC,    20, -5.555841664175e-01, 1.571853107223e-06, 5.5911e+01, 1.8011e+00, 
 2DIAGNOSTIC,    21, -5.555841064432e-01, 1.488444866866e-06, 5.7742e+01, 1.8314e+00, 
 2DIAGNOSTIC,    22, -5.555842459376e-01, 1.419342011186e-06, 5.9686e+01, 1.9432e+00, 
 2DIAGNOSTIC,    23, -5.555840511113e-01, 1.353657267104e-06, 6.1442e+01, 1.7560e+00, 
 2DIAGNOSTIC,    24, -5.555840609517e-01, 1.297525744320e-06, 6.3359e+01, 1.9174e+00, 
 2DIAGNOSTIC,    25, -5.555837319086e-01, 1.245910039707e-06, 6.5250e+01, 1.8908e+00, 
 2DIAGNOSTIC,    26, -5.555836132579e-01, 1.193906530757e-06, 6.7261e+01, 2.0115e+00, 
 2DIAGNOSTIC,    27, -5.555837356408e-01, 1.149442102888e-06, 6.9225e+01, 1.9633e+00, 
 2DIAGNOSTIC,    28, -5.555836722104e-01, 1.107773776030e-06, 7.1067e+01, 1.8419e+00, 
 2DIAGNOSTIC,    29, -5.555836634199e-01, 1.070445808868e-06, 7.2816e+01, 1.7494e+00, 
 2DIAGNOSTIC,    30, -5.555837470612e-01, 1.038066489753e-06, 7.4779e+01, 1.9626e+00, 
 2DIAGNOSTIC,    31, -5.555839734970e-01, 1.012515934547e-06, 7.6718e+01, 1.9390e+00, 
  Elapsed time (stage 0): 7.7847e+01


Total elapsed time: 7.7849e+01
Info [verificarlo]: loaded backend libinterflop_ieee.so
Info [interflop-ieee]: load backend with:
Info [interflop-ieee]: debug = false
Info [interflop-ieee]: debug-binary = false
Info [interflop-ieee]: no-backend-name = false
Info [interflop-ieee]: print-new-line = false
Info [interflop-ieee]: print-subnormal-normalized = false
Info [interflop-ieee]: count-op = false
All_Command_lines_OK
Using double precision for computations.
=============================================================================
The composite transform comprises the following transforms (in order): 
  1. /home/mdugre/scratch/mri-registration-rp/datasets/ds004513/derivatives/mri-registration-rp/0100/antsRegistration-r7-p16/sub-s029/affine_Composite.h5[0] (type = Euler3DTransform)
  2. /home/mdugre/scratch/mri-registration-rp/datasets/ds004513/derivatives/mri-registration-rp/0100/antsRegistration-r7-p16/sub-s029/affine_Composite.h5[1] (type = Euler3DTransform)
  3. /home/mdugre/scratch/mri-registration-rp/datasets/ds004513/derivatives/mri-registration-rp/0100/antsRegistration-r7-p16/sub-s029/affine_Composite.h5[2] (type = Euler3DTransform)
  4. /home/mdugre/scratch/mri-registration-rp/datasets/ds004513/derivatives/mri-registration-rp/0100/antsRegistration-r7-p16/sub-s029/affine_Composite.h5[3] (type = AffineTransform)
=============================================================================
  number of levels = 4
  fixed image: /templateflow/tpl-MNI152NLin2009cAsym/tpl-MNI152NLin2009cAsym_res-01_desc-brain_T1w.nii.gz
  moving image: /home/mdugre/scratch/mri-registration-rp/datasets/ds004513/derivatives/mri-registration-rp/antsBrainExtraction/sub-s029/BrainExtractionBrain.nii.gz
Dimension = 3
Number of stages = 1
Use histogram matching = false
Winsorize image intensities = true
  Lower quantile = 0.005
  Upper quantile = 0.995


Stage 1 State
   Image metric = CC
     Fixed image = Image (0x3a3da40)
  RTTI typeinfo:   itk::Image<double, 3u>
  Reference Count: 2
  Modified Time: 1606
  Debug: Off
  Object Name: 
  Observers: 
    none
  Source: (none)
  Source output name: (none)
  Release Data: Off
  Data Released: False
  Global Release Data: Off
  PipelineMTime: 0
  UpdateMTime: 1217
  RealTimeStamp: 0 seconds 
  LargestPossibleRegion: 
    Dimension: 3
    Index: [0, 0, 0]
    Size: [193, 229, 193]
  BufferedRegion: 
    Dimension: 3
    Index: [0, 0, 0]
    Size: [193, 229, 193]
  RequestedRegion: 
    Dimension: 3
    Index: [0, 0, 0]
    Size: [193, 229, 193]
  Spacing: [1, 1, 1]
  Origin: [96, 132, -78]
  Direction: 
-1 0 0
0 -1 0
0 0 1

  IndexToPointMatrix: 
-1 0 0
0 -1 0
0 0 1

  PointToIndexMatrix: 
-1 0 0
0 -1 0
0 0 1

  Inverse Direction: 
-1 0 0
0 -1 0
0 0 1

  PixelContainer: 
    ImportImageContainer (0x3b0c780)
      RTTI typeinfo:   itk::ImportImageContainer<unsigned long, double>
      Reference Count: 1
      Modified Time: 1214
      Debug: Off
      Object Name: 
      Observers: 
        none
      Pointer: 0x14a8a0a3a010
      Container manages memory: true
      Size: 8530021
      Capacity: 8530021

     Moving image = Image (0x3b0e3b0)
  RTTI typeinfo:   itk::Image<double, 3u>
  Reference Count: 2
  Modified Time: 1607
  Debug: Off
  Object Name: 
  Observers: 
    none
  Source: (none)
  Source output name: (none)
  Release Data: Off
  Data Released: False
  Global Release Data: Off
  PipelineMTime: 0
  UpdateMTime: 1604
  RealTimeStamp: 0 seconds 
  LargestPossibleRegion: 
    Dimension: 3
    Index: [0, 0, 0]
    Size: [160, 240, 256]
  BufferedRegion: 
    Dimension: 3
    Index: [0, 0, 0]
    Size: [160, 240, 256]
  RequestedRegion: 
    Dimension: 3
    Index: [0, 0, 0]
    Size: [160, 240, 256]
  Spacing: [1, 1, 1]
  Origin: [72.4486, 104.7, -127]
  Direction: 
-0.997053 0.076719 0
-0.076719 -0.997053 0
0 0 1

  IndexToPointMatrix: 
-0.997053 0.076719 0
-0.076719 -0.997053 0
0 0 1

  PointToIndexMatrix: 
-0.997053 -0.076719 0
0.076719 -0.997053 0
0 0 1

  Inverse Direction: 
-0.997053 -0.076719 0
0.076719 -0.997053 0
0 0 1

  PixelContainer: 
    ImportImageContainer (0x3acb790)
      RTTI typeinfo:   itk::ImportImageContainer<unsigned long, double>
      Reference Count: 1
      Modified Time: 1601
      Debug: Off
      Object Name: 
      Observers: 
        none
      Pointer: 0x14a89bf39010
      Container manages memory: true
      Size: 9830400
      Capacity: 9830400

     Weighting = 1
     Sampling strategy = none
     Number of bins = 32
     Radius = 4
     Sampling percentage  = 1
   Transform = SyN
     Gradient step = 0.1
     Update field sigma (voxel space) = 3
     Total field sigma (voxel space) = 0
     Update field time sigma = 0
     Total field time sigma  = 0
     Number of time indices = 0
     Number of time point samples = 0
Registration using 1 total stages.

Stage 0
  iterations = 100x70x50x20
  convergence threshold = 1e-06
  convergence window size = 10
  number of levels = 4
  using the CC metric (radius = 4, weight = 1, use gradient filter = 0)
  preprocessing:  winsorizing the image intensities
  Shrink factors (level 1 out of 4): [8, 8, 8]
  Shrink factors (level 2 out of 4): [4, 4, 4]
  Shrink factors (level 3 out of 4): [2, 2, 2]
  Shrink factors (level 4 out of 4): [1, 1, 1]
  smoothing sigmas per level: [3, 2, 1, 0]
  Using default NONE metricSamplingStrategy 

*** Running SyN registration (varianceForUpdateField = 3, varianceForTotalField = 0) ***

XXDIAGNOSTIC,Iteration,metricValue,convergenceValue,ITERATION_TIME_INDEX,SINCE_LAST
 1DIAGNOSTIC,     1, -9.253639111205e-01, 1.797693134862e+308, 1.0471e+00, 1.0471e+00, 
 1DIAGNOSTIC,     2, -9.328101473599e-01, 1.797693134862e+308, 1.4068e+00, 3.5967e-01, 
 1DIAGNOSTIC,     3, -9.384835828754e-01, 1.797693134862e+308, 1.7502e+00, 3.4343e-01, 
 1DIAGNOSTIC,     4, -9.425427790099e-01, 1.797693134862e+308, 2.0824e+00, 3.3222e-01, 
 1DIAGNOSTIC,     5, -9.452526906164e-01, 1.797693134862e+308, 2.4248e+00, 3.4233e-01, 
 1DIAGNOSTIC,     6, -9.473582062846e-01, 1.797693134862e+308, 2.7648e+00, 3.4009e-01, 
 1DIAGNOSTIC,     7, -9.495741538590e-01, 1.797693134862e+308, 3.0894e+00, 3.2454e-01, 
 1DIAGNOSTIC,     8, -9.518520151542e-01, 1.797693134862e+308, 3.4170e+00, 3.2758e-01, 
 1DIAGNOSTIC,     9, -9.540529660326e-01, 1.797693134862e+308, 3.8114e+00, 3.9447e-01, 
 1DIAGNOSTIC,    10, -9.560880545855e-01, 1.878132060799e-03, 4.1683e+00, 3.5685e-01, 
 1DIAGNOSTIC,    11, -9.578826285246e-01, 1.423235630719e-03, 4.5101e+00, 3.4181e-01, 
 1DIAGNOSTIC,    12, -9.594281588355e-01, 1.139805769003e-03, 4.8497e+00, 3.3965e-01, 
 1DIAGNOSTIC,    13, -9.607958021827e-01, 9.581103453996e-04, 5.1891e+00, 3.3937e-01, 
 1DIAGNOSTIC,    14, -9.620596343669e-01, 8.285075040566e-04, 5.5595e+00, 3.7043e-01, 
 1DIAGNOSTIC,    15, -9.631919520975e-01, 7.168443165284e-04, 5.9290e+00, 3.6946e-01, 
 1DIAGNOSTIC,    16, -9.641551476126e-01, 6.104195415099e-04, 6.2739e+00, 3.4493e-01, 
 1DIAGNOSTIC,    17, -9.650962814540e-01, 5.155124755168e-04, 6.6182e+00, 3.4422e-01, 
 1DIAGNOSTIC,    18, -9.658791220873e-01, 4.339496541942e-04, 6.9620e+00, 3.4386e-01, 
 1DIAGNOSTIC,    19, -9.665845151353e-01, 3.660828979135e-04, 7.2974e+00, 3.3540e-01, 
 1DIAGNOSTIC,    20, -9.672248546957e-01, 3.106119240688e-04, 7.6418e+00, 3.4439e-01, 
 1DIAGNOSTIC,    21, -9.677657838256e-01, 2.644369709302e-04, 7.9783e+00, 3.3653e-01, 
 1DIAGNOSTIC,    22, -9.682377902281e-01, 2.249417482303e-04, 8.3245e+00, 3.4619e-01, 
 1DIAGNOSTIC,    23, -9.687027503017e-01, 1.914265535986e-04, 8.6611e+00, 3.3653e-01, 
 1DIAGNOSTIC,    24, -9.690697206922e-01, 1.628647059067e-04, 9.0057e+00, 3.4465e-01, 
 1DIAGNOSTIC,    25, -9.693942128113e-01, 1.385739818239e-04, 9.3500e+00, 3.4427e-01, 
 1DIAGNOSTIC,    26, -9.696811275332e-01, 1.173540624571e-04, 9.6945e+00, 3.4447e-01, 
 1DIAGNOSTIC,    27, -9.699355618641e-01, 9.978416482304e-05, 1.0039e+01, 3.4438e-01, 
 1DIAGNOSTIC,    28, -9.701598723603e-01, 8.471817548723e-05, 1.0386e+01, 3.4704e-01, 
 1DIAGNOSTIC,    29, -9.703607697251e-01, 7.195751655686e-05, 1.0745e+01, 3.5947e-01, 
 1DIAGNOSTIC,    30, -9.705432543243e-01, 6.140002197330e-05, 1.1100e+01, 3.5475e-01, 
 1DIAGNOSTIC,    31, -9.707069525284e-01, 5.247919816637e-05, 1.1472e+01, 3.7165e-01, 
 1DIAGNOSTIC,    32, -9.708548754149e-01, 4.490273326055e-05, 1.1823e+01, 3.5152e-01, 
 1DIAGNOSTIC,    33, -9.709308025675e-01, 3.842017997445e-05, 1.2159e+01, 3.3618e-01, 
 1DIAGNOSTIC,    34, -9.710554870548e-01, 3.301074269069e-05, 1.2502e+01, 3.4229e-01, 
 1DIAGNOSTIC,    35, -9.711602832448e-01, 2.844402353757e-05, 1.2848e+01, 3.4598e-01, 
 1DIAGNOSTIC,    36, -9.712650461501e-01, 2.468868179142e-05, 1.3196e+01, 3.4877e-01, 
 1DIAGNOSTIC,    37, -9.713617081455e-01, 2.164688515601e-05, 1.3556e+01, 3.5911e-01, 
 1DIAGNOSTIC,    38, -9.714504752933e-01, 1.920032908933e-05, 1.3905e+01, 3.4895e-01, 
 1DIAGNOSTIC,    39, -9.715321577086e-01, 1.724768255135e-05, 1.4276e+01, 3.7121e-01, 
 1DIAGNOSTIC,    40, -9.716062790751e-01, 1.569333295753e-05, 1.4620e+01, 3.4397e-01, 
 1DIAGNOSTIC,    41, -9.716747266175e-01, 1.444192773479e-05, 1.4956e+01, 3.3621e-01, 
 1DIAGNOSTIC,    42, -9.717918457505e-01, 1.380267860118e-05, 1.5305e+01, 3.4885e-01, 
 1DIAGNOSTIC,    43, -9.718491203352e-01, 1.283445490067e-05, 1.5678e+01, 3.7325e-01, 
 1DIAGNOSTIC,    44, -9.719005448708e-01, 1.192821734131e-05, 1.6033e+01, 3.5546e-01, 
 1DIAGNOSTIC,    45, -9.719477657053e-01, 1.098156937241e-05, 1.6380e+01, 3.4675e-01, 
 1DIAGNOSTIC,    46, -9.719909878307e-01, 1.003011413217e-05, 1.6714e+01, 3.3406e-01, 
 1DIAGNOSTIC,    47, -9.720321803138e-01, 9.074911636136e-06, 1.7049e+01, 3.3519e-01, 
 1DIAGNOSTIC,    48, -9.720708699815e-01, 8.128143583613e-06, 1.7407e+01, 3.5759e-01, 
 1DIAGNOSTIC,    49, -9.721073020429e-01, 7.213112966899e-06, 1.7764e+01, 3.5718e-01, 
 1DIAGNOSTIC,    50, -9.721416182973e-01, 6.341819848290e-06, 1.8109e+01, 3.4483e-01, 
 1DIAGNOSTIC,    51, -9.721750564717e-01, 5.531089774653e-06, 1.8452e+01, 3.4323e-01, 
 1DIAGNOSTIC,    52, -9.722064801593e-01, 5.116644391706e-06, 1.8797e+01, 3.4465e-01, 
 1DIAGNOSTIC,    53, -9.722853518110e-01, 5.037096181808e-06, 1.9132e+01, 3.3455e-01, 
 1DIAGNOSTIC,    54, -9.723153689509e-01, 4.966432794129e-06, 1.9482e+01, 3.5074e-01, 
 1DIAGNOSTIC,    55, -9.723439460069e-01, 4.882583434073e-06, 1.9825e+01, 3.4244e-01, 
 1DIAGNOSTIC,    56, -9.723709656837e-01, 4.757654256331e-06, 2.0167e+01, 3.4236e-01, 
 1DIAGNOSTIC,    57, -9.723969555680e-01, 4.576927190914e-06, 2.0543e+01, 3.7577e-01, 
 1DIAGNOSTIC,    58, -9.724206849843e-01, 4.325388464874e-06, 2.0880e+01, 3.3734e-01, 
 1DIAGNOSTIC,    59, -9.724434402685e-01, 4.010547868468e-06, 2.1225e+01, 3.4462e-01, 
 1DIAGNOSTIC,    60, -9.724646962658e-01, 3.645806089136e-06, 2.1589e+01, 3.6375e-01, 
 1DIAGNOSTIC,    61, -9.724853850811e-01, 3.254611895608e-06, 2.1946e+01, 3.5787e-01, 
 1DIAGNOSTIC,    62, -9.725042357277e-01, 2.842515991315e-06, 2.2285e+01, 3.3840e-01, 
 1DIAGNOSTIC,    63, -9.725237167756e-01, 2.676344942575e-06, 2.2647e+01, 3.6234e-01, 
 1DIAGNOSTIC,    64, -9.725419298453e-01, 2.525603226770e-06, 2.2997e+01, 3.4936e-01, 
 1DIAGNOSTIC,    65, -9.725598478012e-01, 2.392364636384e-06, 2.3362e+01, 3.6525e-01, 
 1DIAGNOSTIC,    66, -9.725776026931e-01, 2.277279342641e-06, 2.3714e+01, 3.5189e-01, 
 1DIAGNOSTIC,    67, -9.725955814423e-01, 2.183738428200e-06, 2.4065e+01, 3.5154e-01, 
 1DIAGNOSTIC,    68, -9.726123486701e-01, 2.101435242121e-06, 2.4428e+01, 3.6252e-01, 
 1DIAGNOSTIC,    69, -9.726292949450e-01, 2.031567061671e-06, 2.4778e+01, 3.5033e-01, 
 1DIAGNOSTIC,    70, -9.726447610539e-01, 1.964856529568e-06, 2.5148e+01, 3.6979e-01, 
 1DIAGNOSTIC,    71, -9.726605899959e-01, 1.904219096406e-06, 2.5492e+01, 3.4376e-01, 
 1DIAGNOSTIC,    72, -9.726746576184e-01, 1.837610661130e-06, 2.5836e+01, 3.4477e-01, 
 1DIAGNOSTIC,    73, -9.726883696774e-01, 1.770564872277e-06, 2.6208e+01, 3.7116e-01, 
 1DIAGNOSTIC,    74, -9.727003065452e-01, 1.695084216650e-06, 2.6576e+01, 3.6797e-01, 
 1DIAGNOSTIC,    75, -9.727128854558e-01, 1.617940296692e-06, 2.6975e+01, 3.9936e-01, 
 1DIAGNOSTIC,    76, -9.727238567888e-01, 1.537380680809e-06, 2.7323e+01, 3.4807e-01, 
 1DIAGNOSTIC,    77, -9.727354898391e-01, 1.462885972595e-06, 2.7681e+01, 3.5766e-01, 
 1DIAGNOSTIC,    78, -9.727456188658e-01, 1.389147899922e-06, 2.8058e+01, 3.7702e-01, 
 1DIAGNOSTIC,    79, -9.727565900561e-01, 1.325502519498e-06, 2.8433e+01, 3.7523e-01, 
 1DIAGNOSTIC,    80, -9.727665593376e-01, 1.266646126482e-06, 2.8787e+01, 3.5444e-01, 
 1DIAGNOSTIC,    81, -9.727780865608e-01, 1.223638848394e-06, 2.9138e+01, 3.5051e-01, 
 1DIAGNOSTIC,    82, -9.727873019587e-01, 1.183785929346e-06, 2.9491e+01, 3.5321e-01, 
 1DIAGNOSTIC,    83, -9.727977040424e-01, 1.152742818204e-06, 2.9840e+01, 3.4942e-01, 
 1DIAGNOSTIC,    84, -9.728057324633e-01, 1.117060355877e-06, 3.0179e+01, 3.3900e-01, 
 1DIAGNOSTIC,    85, -9.728152119662e-01, 1.086535042060e-06, 3.0512e+01, 3.3208e-01, 
 1DIAGNOSTIC,    86, -9.728225396193e-01, 1.049520009127e-06, 3.0843e+01, 3.3127e-01, 
 1DIAGNOSTIC,    87, -9.728319923388e-01, 1.018356543299e-06, 3.1198e+01, 3.5495e-01, 
 1DIAGNOSTIC,    88, -9.728392982299e-01, 9.822467715668e-07, 3.1551e+01, 3.5364e-01, 
XXDIAGNOSTIC,Iteration,metricValue,convergenceValue,ITERATION_TIME_INDEX,SINCE_LAST
 1DIAGNOSTIC,     1, -9.118612823531e-01, 1.797693134862e+308, 3.4604e+01, 3.0527e+00, 
 1DIAGNOSTIC,     2, -9.140214954318e-01, 1.797693134862e+308, 3.6815e+01, 2.2114e+00, 
 1DIAGNOSTIC,     3, -9.166566667002e-01, 1.797693134862e+308, 3.9038e+01, 2.2223e+00, 
 1DIAGNOSTIC,     4, -9.195283942826e-01, 1.797693134862e+308, 4.1255e+01, 2.2171e+00, 
 1DIAGNOSTIC,     5, -9.223129846147e-01, 1.797693134862e+308, 4.3588e+01, 2.3329e+00, 
 1DIAGNOSTIC,     6, -9.246201404110e-01, 1.797693134862e+308, 4.5928e+01, 2.3405e+00, 
 1DIAGNOSTIC,     7, -9.266593214676e-01, 1.797693134862e+308, 4.8477e+01, 2.5485e+00, 
 1DIAGNOSTIC,     8, -9.284404153050e-01, 1.797693134862e+308, 5.0964e+01, 2.4876e+00, 
 1DIAGNOSTIC,     9, -9.300550985960e-01, 1.797693134862e+308, 5.3636e+01, 2.6720e+00, 
 1DIAGNOSTIC,    10, -9.315355008865e-01, 1.409955385358e-03, 5.6057e+01, 2.4204e+00, 
 1DIAGNOSTIC,    11, -9.327958535335e-01, 1.188055578335e-03, 5.8322e+01, 2.2650e+00, 
 1DIAGNOSTIC,    12, -9.340399552419e-01, 9.834743272820e-04, 6.0562e+01, 2.2401e+00, 
 1DIAGNOSTIC,    13, -9.350493944108e-01, 8.070343727327e-04, 6.2818e+01, 2.2557e+00, 
 1DIAGNOSTIC,    14, -9.360769545706e-01, 6.673348437623e-04, 6.5178e+01, 2.3609e+00, 
 1DIAGNOSTIC,    15, -9.367410226499e-01, 5.553438809405e-04, 6.7376e+01, 2.1970e+00, 
 1DIAGNOSTIC,    16, -9.374715231708e-01, 4.643430813387e-04, 6.9560e+01, 2.1844e+00, 
 1DIAGNOSTIC,    17, -9.380801740879e-01, 3.887133065835e-04, 7.1829e+01, 2.2695e+00, 
 1DIAGNOSTIC,    18, -9.387582791772e-01, 3.271311175976e-04, 7.4251e+01, 2.4221e+00, 
 1DIAGNOSTIC,    19, -9.394015253841e-01, 2.778126681618e-04, 7.6651e+01, 2.3992e+00, 
 1DIAGNOSTIC,    20, -9.399440889708e-01, 2.383994608385e-04, 7.9102e+01, 2.4510e+00, 
 1DIAGNOSTIC,    21, -9.404103211637e-01, 2.055482983377e-04, 8.1704e+01, 2.6026e+00, 
 1DIAGNOSTIC,    22, -9.408043898924e-01, 1.791665949960e-04, 8.4379e+01, 2.6749e+00, 
 1DIAGNOSTIC,    23, -9.411507586251e-01, 1.561754286993e-04, 8.6592e+01, 2.2133e+00, 
 1DIAGNOSTIC,    24, -9.413498191849e-01, 1.360398813070e-04, 8.8946e+01, 2.3536e+00, 
 1DIAGNOSTIC,    25, -9.415072712257e-01, 1.147743758792e-04, 9.1430e+01, 2.4842e+00, 
 1DIAGNOSTIC,    26, -9.416281140897e-01, 9.439417852317e-05, 9.3907e+01, 2.4764e+00, 
 1DIAGNOSTIC,    27, -9.417236516783e-01, 7.459105897215e-05, 9.6325e+01, 2.4187e+00, 
 1DIAGNOSTIC,    28, -9.417955635634e-01, 5.733342328392e-05, 9.8796e+01, 2.4708e+00, 
 1DIAGNOSTIC,    29, -9.418482785154e-01, 4.319911039079e-05, 1.0114e+02, 2.3475e+00, 
 1DIAGNOSTIC,    30, -9.418819315735e-01, 3.182365127807e-05, 1.0334e+02, 2.1984e+00, 
 1DIAGNOSTIC,    31, -9.419171795589e-01, 2.314203882791e-05, 1.0573e+02, 2.3894e+00, 
 1DIAGNOSTIC,    32, -9.419430677203e-01, 1.683918130990e-05, 1.0826e+02, 2.5319e+00, 
 1DIAGNOSTIC,    33, -9.419634907453e-01, 1.276939115189e-05, 1.1070e+02, 2.4337e+00, 
 1DIAGNOSTIC,    34, -9.419838952794e-01, 9.761816505166e-06, 1.1318e+02, 2.4784e+00, 
 1DIAGNOSTIC,    35, -9.419847800772e-01, 7.448081366161e-06, 1.1600e+02, 2.8249e+00, 
 1DIAGNOSTIC,    36, -9.419916760935e-01, 5.710552373039e-06, 1.1877e+02, 2.7687e+00, 
 1DIAGNOSTIC,    37, -9.419918213934e-01, 4.383554486825e-06, 1.2144e+02, 2.6711e+00, 
 1DIAGNOSTIC,    38, -9.419914339955e-01, 3.356204065184e-06, 1.2397e+02, 2.5261e+00, 
 1DIAGNOSTIC,    39, -9.419877708347e-01, 2.521269614558e-06, 1.2649e+02, 2.5222e+00, 
 1DIAGNOSTIC,    40, -9.419786399527e-01, 1.749583222577e-06, 1.2909e+02, 2.6041e+00, 
 1DIAGNOSTIC,    41, -9.419691013965e-01, 1.115136142447e-06, 1.3186e+02, 2.7689e+00, 
 1DIAGNOSTIC,    42, -9.419551609175e-01, 5.637678621856e-07, 1.3421e+02, 2.3513e+00, 
XXDIAGNOSTIC,Iteration,metricValue,convergenceValue,ITERATION_TIME_INDEX,SINCE_LAST
 1DIAGNOSTIC,     1, -8.957085595228e-01, 1.797693134862e+308, 1.5278e+02, 1.8563e+01, 
 1DIAGNOSTIC,     2, -8.980646852790e-01, 1.797693134862e+308, 1.7302e+02, 2.0248e+01, 
 1DIAGNOSTIC,     3, -9.008185023995e-01, 1.797693134862e+308, 1.9364e+02, 2.0620e+01, 
 1DIAGNOSTIC,     4, -9.034616768892e-01, 1.797693134862e+308, 2.1301e+02, 1.9363e+01, 
 1DIAGNOSTIC,     5, -9.055886025334e-01, 1.797693134862e+308, 2.3073e+02, 1.7728e+01, 
 1DIAGNOSTIC,     6, -9.075256243025e-01, 1.797693134862e+308, 2.4937e+02, 1.8634e+01, 
 1DIAGNOSTIC,     7, -9.093124774030e-01, 1.797693134862e+308, 2.6958e+02, 2.0215e+01, 
 1DIAGNOSTIC,     8, -9.109628471282e-01, 1.797693134862e+308, 2.9024e+02, 2.0657e+01, 
 1DIAGNOSTIC,     9, -9.124138944337e-01, 1.797693134862e+308, 3.0895e+02, 1.8713e+01, 
 1DIAGNOSTIC,    10, -9.138192225562e-01, 1.284028593650e-03, 3.2946e+02, 2.0502e+01, 
 1DIAGNOSTIC,    11, -9.151528870280e-01, 1.072592884380e-03, 3.4970e+02, 2.0241e+01, 
 1DIAGNOSTIC,    12, -9.164169240307e-01, 8.938566213559e-04, 3.7017e+02, 2.0475e+01, 
 1DIAGNOSTIC,    13, -9.174496647034e-01, 7.522131270711e-04, 3.9020e+02, 2.0032e+01, 
 1DIAGNOSTIC,    14, -9.186426363123e-01, 6.477428921927e-04, 4.1010e+02, 1.9899e+01, 
 1DIAGNOSTIC,    15, -9.196256811648e-01, 5.623152073538e-04, 4.2905e+02, 1.8942e+01, 
 1DIAGNOSTIC,    16, -9.207406217727e-01, 4.951337184767e-04, 4.4883e+02, 1.9787e+01, 
 1DIAGNOSTIC,    17, -9.216252832130e-01, 4.388832052709e-04, 4.6684e+02, 1.8003e+01, 
 1DIAGNOSTIC,    18, -9.224514058468e-01, 3.910408881005e-04, 4.8590e+02, 1.9066e+01, 
 1DIAGNOSTIC,    19, -9.233892604140e-01, 3.509673999529e-04, 5.0411e+02, 1.8209e+01, 
 1DIAGNOSTIC,    20, -9.240640386532e-01, 3.143539627110e-04, 5.2233e+02, 1.8216e+01, 
 1DIAGNOSTIC,    21, -9.246885462120e-01, 2.807894013576e-04, 5.4225e+02, 1.9923e+01, 
 1DIAGNOSTIC,    22, -9.252723982440e-01, 2.501409583653e-04, 5.6155e+02, 1.9301e+01, 
 1DIAGNOSTIC,    23, -9.258193913899e-01, 2.199627588594e-04, 5.7973e+02, 1.8185e+01, 
 1DIAGNOSTIC,    24, -9.263215750167e-01, 1.935256174591e-04, 5.9772e+02, 1.7988e+01, 
 1DIAGNOSTIC,    25, -9.267798698740e-01, 1.687969025596e-04, 6.1575e+02, 1.8032e+01, 
 1DIAGNOSTIC,    26, -9.271984027890e-01, 1.483837346028e-04, 6.3437e+02, 1.8617e+01, 
 1DIAGNOSTIC,    27, -9.275692778124e-01, 1.299082996135e-04, 6.5370e+02, 1.9332e+01, 
 1DIAGNOSTIC,    28, -9.279018168861e-01, 1.132389450286e-04, 6.7217e+02, 1.8468e+01, 
 1DIAGNOSTIC,    29, -9.282032910190e-01, 1.002567737923e-04, 6.9038e+02, 1.8206e+01, 
 1DIAGNOSTIC,    30, -9.284784044158e-01, 8.846522697817e-05, 7.1100e+02, 2.0623e+01, 
 1DIAGNOSTIC,    31, -9.287331015046e-01, 7.784549430064e-05, 7.3077e+02, 1.9773e+01, 
 1DIAGNOSTIC,    32, -9.289715683675e-01, 6.847537264768e-05, 7.5007e+02, 1.9298e+01, 
 1DIAGNOSTIC,    33, -9.291941242465e-01, 6.040843680929e-05, 7.6825e+02, 1.8173e+01, 
 1DIAGNOSTIC,    34, -9.294076065858e-01, 5.361116034758e-05, 7.8704e+02, 1.8792e+01, 
 1DIAGNOSTIC,    35, -9.296073404701e-01, 4.794284272500e-05, 8.0589e+02, 1.8856e+01, 
 1DIAGNOSTIC,    36, -9.298009015013e-01, 4.331366121165e-05, 8.2460e+02, 1.8707e+01, 
 1DIAGNOSTIC,    37, -9.299860511917e-01, 3.948734130124e-05, 8.4275e+02, 1.8149e+01, 
 1DIAGNOSTIC,    38, -9.301660558255e-01, 3.630248175494e-05, 8.6249e+02, 1.9741e+01, 
 1DIAGNOSTIC,    39, -9.303414641282e-01, 3.363385080013e-05, 8.8082e+02, 1.8330e+01, 
 1DIAGNOSTIC,    40, -9.305154232520e-01, 3.139516073913e-05, 8.9953e+02, 1.8707e+01, 
 1DIAGNOSTIC,    41, -9.306853447957e-01, 2.950469034551e-05, 9.2160e+02, 2.2074e+01, 
 1DIAGNOSTIC,    42, -9.308491162025e-01, 2.788193276475e-05, 9.4220e+02, 2.0594e+01, 
 1DIAGNOSTIC,    43, -9.310088212628e-01, 2.645358725285e-05, 9.6053e+02, 1.8337e+01, 
 1DIAGNOSTIC,    44, -9.311676074801e-01, 2.521196375219e-05, 9.7945e+02, 1.8919e+01, 
 1DIAGNOSTIC,    45, -9.313245200295e-01, 2.409759098353e-05, 9.9709e+02, 1.7634e+01, 
 1DIAGNOSTIC,    46, -9.314813058179e-01, 2.311352973150e-05, 1.0158e+03, 1.8739e+01, 
 1DIAGNOSTIC,    47, -9.316371539294e-01, 2.223472759508e-05, 1.0337e+03, 1.7881e+01, 
 1DIAGNOSTIC,    48, -9.317873071816e-01, 2.142243941497e-05, 1.0519e+03, 1.8205e+01, 
 1DIAGNOSTIC,    49, -9.319286204810e-01, 2.062158710413e-05, 1.0734e+03, 2.1506e+01, 
 1DIAGNOSTIC,    50, -9.320576640954e-01, 1.978252523385e-05, 1.0938e+03, 2.0398e+01, 
XXDIAGNOSTIC,Iteration,metricValue,convergenceValue,ITERATION_TIME_INDEX,SINCE_LAST
 1DIAGNOSTIC,     1, -8.822786796142e-01, 1.797693134862e+308, 1.2560e+03, 1.6222e+02, 
 1DIAGNOSTIC,     2, -8.833228034251e-01, 1.797693134862e+308, 1.4188e+03, 1.6278e+02, 
 1DIAGNOSTIC,     3, -8.848205707494e-01, 1.797693134862e+308, 1.5731e+03, 1.5431e+02, 
 1DIAGNOSTIC,     4, -8.864752212523e-01, 1.797693134862e+308, 1.7459e+03, 1.7279e+02, 
 1DIAGNOSTIC,     5, -8.881451780548e-01, 1.797693134862e+308, 1.9020e+03, 1.5608e+02, 
 1DIAGNOSTIC,     6, -8.897773565952e-01, 1.797693134862e+308, 2.0580e+03, 1.5602e+02, 
 1DIAGNOSTIC,     7, -8.912816529478e-01, 1.797693134862e+308, 2.2098e+03, 1.5184e+02, 
 1DIAGNOSTIC,     8, -8.926492752815e-01, 1.797693134862e+308, 2.3656e+03, 1.5571e+02, 
 1DIAGNOSTIC,     9, -8.940233299912e-01, 1.797693134862e+308, 2.5141e+03, 1.4850e+02, 
 1DIAGNOSTIC,    10, -8.950978277926e-01, 9.681706305945e-04, 2.6675e+03, 1.5344e+02, 
 1DIAGNOSTIC,    11, -8.961069495138e-01, 8.573075218438e-04, 2.8269e+03, 1.5939e+02, 
 1DIAGNOSTIC,    12, -8.970084362473e-01, 7.395084675503e-04, 2.9845e+03, 1.5762e+02, 
 1DIAGNOSTIC,    13, -8.978197027572e-01, 6.293543889280e-04, 3.1467e+03, 1.6220e+02, 
 1DIAGNOSTIC,    14, -8.985471447092e-01, 5.316503517225e-04, 3.3130e+03, 1.6626e+02, 
 1DIAGNOSTIC,    15, -8.992167209165e-01, 4.478260845015e-04, 3.4728e+03, 1.5987e+02, 
 1DIAGNOSTIC,    16, -8.998330225927e-01, 3.779449514118e-04, 3.6290e+03, 1.5613e+02, 
 1DIAGNOSTIC,    17, -9.004163547010e-01, 3.203750273284e-04, 3.7859e+03, 1.5693e+02, 
 1DIAGNOSTIC,    18, -9.009542494657e-01, 2.730234540433e-04, 3.9440e+03, 1.5811e+02, 
 1DIAGNOSTIC,    19, -9.014796216439e-01, 2.370242051788e-04, 4.1036e+03, 1.5962e+02, 
 1DIAGNOSTIC,    20, -9.019869257822e-01, 2.076105896122e-04, 4.2670e+03, 1.6335e+02, 
  Elapsed time (stage 0): 4268.1


Total elapsed time: 4268.11
