
##########################
# Experiment information #
##########################

EXPERIMENT_NAME: antsRegistration-r7-p19
VFC_BACKENDS: libinterflop_vprec.so --range-binary32=7 --precision-binary32=19 --range-binary64=7 --precision-binary64=19

SIF_IMG: /home/mdugre/projects/rrg-glatard/mdugre/containers/ants-vprec-no_metrics.simg

SUBJECT_ID: s035
INPUT_IMG: /home/mdugre/scratch/mri-registration-rp/datasets/ds004513/derivatives/mri-registration-rp/antsBrainExtraction/sub-s035/BrainExtractionBrain.nii.gz
OUTPUT_DIR: /home/mdugre/scratch/mri-registration-rp/datasets/ds004513/derivatives/mri-registration-rp/0100/antsRegistration-r7-p19/sub-s035

FIXED_IMG: /templateflow/tpl-MNI152NLin2009cAsym/tpl-MNI152NLin2009cAsym_res-01_desc-brain_T1w.nii.gz
DATA_DIR: /home/mdugre/scratch/mri-registration-rp/datasets/ds004513
TEMPLATEFLOW_DIR: /home/mdugre/projects/rrg-glatard/mdugre/templateflow
ITK_GLOBAL_DEFAULT_NUMBER_OF_THREADS: 16
##########################

Info [verificarlo]: loaded backend libinterflop_ieee.so
Info [interflop-ieee]: load backend with:
Info [interflop-ieee]: debug = false
Info [interflop-ieee]: debug-binary = false
Info [interflop-ieee]: no-backend-name = false
Info [interflop-ieee]: print-new-line = false
Info [interflop-ieee]: print-subnormal-normalized = false
Info [interflop-ieee]: count-op = false
All_Command_lines_OK
Using double precision for computations.
=============================================================================
The composite transform comprises the following transforms (in order): 
  1. Center of mass alignment using fixed image: /templateflow/tpl-MNI152NLin2009cAsym/tpl-MNI152NLin2009cAsym_res-01_desc-brain_T1w.nii.gz and moving image: /home/mdugre/scratch/mri-registration-rp/datasets/ds004513/derivatives/mri-registration-rp/antsBrainExtraction/sub-s035/BrainExtractionBrain.nii.gz (type = Euler3DTransform)
=============================================================================
  number of levels = 1
  fixed image: /templateflow/tpl-MNI152NLin2009cAsym/tpl-MNI152NLin2009cAsym_res-01_desc-brain_T1w.nii.gz
  moving image: /home/mdugre/scratch/mri-registration-rp/datasets/ds004513/derivatives/mri-registration-rp/antsBrainExtraction/sub-s035/BrainExtractionBrain.nii.gz
Dimension = 3
Number of stages = 1
Use histogram matching = false
Winsorize image intensities = true
  Lower quantile = 0.005
  Upper quantile = 0.995


Stage 1 State
   Image metric = MattesMI
     Fixed image = Image (0x50a3e70)
  RTTI typeinfo:   itk::Image<double, 3u>
  Reference Count: 2
  Modified Time: 2330
  Debug: Off
  Object Name: 
  Observers: 
    none
  Source: (none)
  Source output name: (none)
  Release Data: Off
  Data Released: False
  Global Release Data: Off
  PipelineMTime: 0
  UpdateMTime: 1941
  RealTimeStamp: 0 seconds 
  LargestPossibleRegion: 
    Dimension: 3
    Index: [0, 0, 0]
    Size: [193, 229, 193]
  BufferedRegion: 
    Dimension: 3
    Index: [0, 0, 0]
    Size: [193, 229, 193]
  RequestedRegion: 
    Dimension: 3
    Index: [0, 0, 0]
    Size: [193, 229, 193]
  Spacing: [1, 1, 1]
  Origin: [96, 132, -78]
  Direction: 
-1 0 0
0 -1 0
0 0 1

  IndexToPointMatrix: 
-1 0 0
0 -1 0
0 0 1

  PointToIndexMatrix: 
-1 0 0
0 -1 0
0 0 1

  Inverse Direction: 
-1 0 0
0 -1 0
0 0 1

  PixelContainer: 
    ImportImageContainer (0x50acc60)
      RTTI typeinfo:   itk::ImportImageContainer<unsigned long, double>
      Reference Count: 1
      Modified Time: 1938
      Debug: Off
      Object Name: 
      Observers: 
        none
      Pointer: 0x14855917c010
      Container manages memory: true
      Size: 8530021
      Capacity: 8530021

     Moving image = Image (0x5140ec0)
  RTTI typeinfo:   itk::Image<double, 3u>
  Reference Count: 2
  Modified Time: 2331
  Debug: Off
  Object Name: 
  Observers: 
    none
  Source: (none)
  Source output name: (none)
  Release Data: Off
  Data Released: False
  Global Release Data: Off
  PipelineMTime: 0
  UpdateMTime: 2328
  RealTimeStamp: 0 seconds 
  LargestPossibleRegion: 
    Dimension: 3
    Index: [0, 0, 0]
    Size: [160, 240, 256]
  BufferedRegion: 
    Dimension: 3
    Index: [0, 0, 0]
    Size: [160, 240, 256]
  RequestedRegion: 
    Dimension: 3
    Index: [0, 0, 0]
    Size: [160, 240, 256]
  Spacing: [1, 1, 1]
  Origin: [98.6438, 87.6358, -117.989]
  Direction: 
-0.993515 -0.100993 -0.0522355
0.100854 -0.994887 0.00530255
-0.0525039 1.93537e-08 0.998621

  IndexToPointMatrix: 
-0.993515 -0.100993 -0.0522355
0.100854 -0.994887 0.00530255
-0.0525039 1.93537e-08 0.998621

  PointToIndexMatrix: 
-0.993515 0.100854 -0.0525039
-0.100993 -0.994887 1.93006e-08
-0.0522355 0.00530255 0.998621

  Inverse Direction: 
-0.993515 0.100854 -0.0525039
-0.100993 -0.994887 1.93006e-08
-0.0522355 0.00530255 0.998621

  PixelContainer: 
    ImportImageContainer (0x51d8610)
      RTTI typeinfo:   itk::ImportImageContainer<unsigned long, double>
      Reference Count: 1
      Modified Time: 2325
      Debug: Off
      Object Name: 
      Observers: 
        none
      Pointer: 0x14855467b010
      Container manages memory: true
      Size: 9830400
      Capacity: 9830400

     Weighting = 1
     Sampling strategy = regular
     Number of bins = 32
     Radius = 4
     Sampling percentage  = 0.25
   Transform = Rigid
     Gradient step = 0.1
     Update field sigma (voxel space) = 0
     Total field sigma (voxel space) = 0
     Update field time sigma = 0
     Total field time sigma  = 0
     Number of time indices = 0
     Number of time point samples = 0
Registration using 1 total stages.

Stage 0
  iterations = 0
  convergence threshold = 1e-06
  convergence window size = 10
  number of levels = 1
  using the Mattes MI metric (number of bins = 32, weight = 1, use gradient filter = 0)
  preprocessing:  winsorizing the image intensities
  Shrink factors (level 1 out of 1): [1, 1, 1]
  smoothing sigmas per level: [0]
  regular sampling (percentage = 0.25)

*** Running Euler3DTransform registration ***

  Elapsed time (stage 0): 1.08573


Total elapsed time: 1.08818
Info [verificarlo]: loaded backend libinterflop_vprec.so
Info [interflop-vprec]: load backend with: 
Info [interflop-vprec]: precision-binary32 = 19
Info [interflop-vprec]: range-binary32 = 7
Info [interflop-vprec]: precision-binary64 = 19
Info [interflop-vprec]: range-binary64 = 7
Info [interflop-vprec]: mode = ob
Info [interflop-vprec]: error-mode = rel
Info [interflop-vprec]: max-abs-error-exponent = -1022
Info [interflop-vprec]: daz = false
Info [interflop-vprec]: ftz = false
Info [interflop-vprec]: 	instrument = none
Info [interflop-vprec]: 	prec-input-file = (null)
Info [interflop-vprec]: 	prec-output-file = (null)
Info [interflop-vprec]: 	prec-log-file = (null)
All_Command_lines_OK
Using double precision for computations.
=============================================================================
The composite transform comprises the following transforms (in order): 
  1. /home/mdugre/scratch/mri-registration-rp/datasets/ds004513/derivatives/mri-registration-rp/0100/antsRegistration-r7-p19/sub-s035/align_Composite.h5[0] (type = Euler3DTransform)
  2. /home/mdugre/scratch/mri-registration-rp/datasets/ds004513/derivatives/mri-registration-rp/0100/antsRegistration-r7-p19/sub-s035/align_Composite.h5[1] (type = Euler3DTransform)
=============================================================================
  number of levels = 4
  fixed image: /templateflow/tpl-MNI152NLin2009cAsym/tpl-MNI152NLin2009cAsym_res-01_desc-brain_T1w.nii.gz
  moving image: /home/mdugre/scratch/mri-registration-rp/datasets/ds004513/derivatives/mri-registration-rp/antsBrainExtraction/sub-s035/BrainExtractionBrain.nii.gz
Dimension = 3
Number of stages = 1
Use histogram matching = false
Winsorize image intensities = true
  Lower quantile = 0.005
  Upper quantile = 0.995


Stage 1 State
   Image metric = MattesMI
     Fixed image = Image (0x4bfd1e0)
  RTTI typeinfo:   itk::Image<double, 3u>
  Reference Count: 2
  Modified Time: 1578
  Debug: Off
  Object Name: 
  Observers: 
    none
  Source: (none)
  Source output name: (none)
  Release Data: Off
  Data Released: False
  Global Release Data: Off
  PipelineMTime: 0
  UpdateMTime: 1189
  RealTimeStamp: 0 seconds 
  LargestPossibleRegion: 
    Dimension: 3
    Index: [0, 0, 0]
    Size: [193, 229, 193]
  BufferedRegion: 
    Dimension: 3
    Index: [0, 0, 0]
    Size: [193, 229, 193]
  RequestedRegion: 
    Dimension: 3
    Index: [0, 0, 0]
    Size: [193, 229, 193]
  Spacing: [1, 1, 1]
  Origin: [96, 132, -78]
  Direction: 
-1 0 0
0 -1 0
0 0 1

  IndexToPointMatrix: 
-1 0 0
0 -1 0
0 0 1

  PointToIndexMatrix: 
-1 0 0
0 -1 0
0 0 1

  Inverse Direction: 
-1 0 0
0 -1 0
0 0 1

  PixelContainer: 
    ImportImageContainer (0x4cbc680)
      RTTI typeinfo:   itk::ImportImageContainer<unsigned long, double>
      Reference Count: 1
      Modified Time: 1186
      Debug: Off
      Object Name: 
      Observers: 
        none
      Pointer: 0x1537cf09f010
      Container manages memory: true
      Size: 8530021
      Capacity: 8530021

     Moving image = Image (0x4cb8b20)
  RTTI typeinfo:   itk::Image<double, 3u>
  Reference Count: 2
  Modified Time: 1579
  Debug: Off
  Object Name: 
  Observers: 
    none
  Source: (none)
  Source output name: (none)
  Release Data: Off
  Data Released: False
  Global Release Data: Off
  PipelineMTime: 0
  UpdateMTime: 1576
  RealTimeStamp: 0 seconds 
  LargestPossibleRegion: 
    Dimension: 3
    Index: [0, 0, 0]
    Size: [160, 240, 256]
  BufferedRegion: 
    Dimension: 3
    Index: [0, 0, 0]
    Size: [160, 240, 256]
  RequestedRegion: 
    Dimension: 3
    Index: [0, 0, 0]
    Size: [160, 240, 256]
  Spacing: [1, 1, 1]
  Origin: [98.6438, 87.6359, -117.989]
  Direction: 
-0.993515 -0.100993 -0.0522355
0.100854 -0.994887 0.00530255
-0.0525039 1.93537e-08 0.998621

  IndexToPointMatrix: 
-0.993515 -0.100993 -0.0522355
0.100854 -0.994887 0.00530255
-0.0525039 1.93537e-08 0.998621

  PointToIndexMatrix: 
-0.993515 0.100854 -0.0525039
-0.100993 -0.994887 -2.00048e-06
-0.0522356 0.00530149 0.998621

  Inverse Direction: 
-0.993515 0.100854 -0.0525039
-0.100993 -0.994887 -2.00048e-06
-0.0522356 0.00530149 0.998621

  PixelContainer: 
    ImportImageContainer (0x4d21d50)
      RTTI typeinfo:   itk::ImportImageContainer<unsigned long, double>
      Reference Count: 1
      Modified Time: 1573
      Debug: Off
      Object Name: 
      Observers: 
        none
      Pointer: 0x1537ca59e010
      Container manages memory: true
      Size: 9830400
      Capacity: 9830400

     Weighting = 1
     Sampling strategy = regular
     Number of bins = 32
     Radius = 4
     Sampling percentage  = 0.25
   Transform = Rigid
     Gradient step = 0.1
     Update field sigma (voxel space) = 0
     Total field sigma (voxel space) = 0
     Update field time sigma = 0
     Total field time sigma  = 0
     Number of time indices = 0
     Number of time point samples = 0
Registration using 1 total stages.

Stage 0
  iterations = 1000x500x250x100
  convergence threshold = 1e-06
  convergence window size = 10
  number of levels = 4
  using the Mattes MI metric (number of bins = 32, weight = 1, use gradient filter = 0)
  preprocessing:  winsorizing the image intensities
  Shrink factors (level 1 out of 4): [8, 8, 8]
  Shrink factors (level 2 out of 4): [4, 4, 4]
  Shrink factors (level 3 out of 4): [2, 2, 2]
  Shrink factors (level 4 out of 4): [1, 1, 1]
  smoothing sigmas per level: [3, 2, 1, 0]
  regular sampling (percentage = 0.25)

*** Running Euler3DTransform registration ***

DIAGNOSTIC,Iteration,metricValue,convergenceValue,ITERATION_TIME_INDEX,SINCE_LAST
 2DIAGNOSTIC,     1, -5.238659408410e-01, 1.797693134862e+308, 0.0000e+00, 0.0000e+00, 
 2DIAGNOSTIC,     2, -5.258068814036e-01, 1.797693134862e+308, 0.0000e+00, 0.0000e+00, 
 2DIAGNOSTIC,     3, -5.278863227341e-01, 1.797693134862e+308, 0.0000e+00, 0.0000e+00, 
 2DIAGNOSTIC,     4, -5.301993987272e-01, 1.797693134862e+308, 0.0000e+00, 0.0000e+00, 
 2DIAGNOSTIC,     5, -5.344216874499e-01, 1.797693134862e+308, 0.0000e+00, 0.0000e+00, 
 2DIAGNOSTIC,     6, -5.400512253052e-01, 1.797693134862e+308, 0.0000e+00, 0.0000e+00, 
 2DIAGNOSTIC,     7, -5.492038593685e-01, 1.797693134862e+308, 0.0000e+00, 0.0000e+00, 
 2DIAGNOSTIC,     8, -5.543778405704e-01, 1.797693134862e+308, 0.0000e+00, 0.0000e+00, 
 2DIAGNOSTIC,     9, -5.605696894397e-01, 1.797693134862e+308, 0.0000e+00, 0.0000e+00, 
 2DIAGNOSTIC,    10, -5.617773433290e-01, 5.084028442822e-03, 0.0000e+00, 0.0000e+00, 
 2DIAGNOSTIC,    11, -5.647926137080e-01, 4.796669152656e-03, 0.0000e+00, 0.0000e+00, 
 2DIAGNOSTIC,    12, -5.655364732423e-01, 4.241209363692e-03, 0.0000e+00, 0.0000e+00, 
 2DIAGNOSTIC,    13, -5.666351393253e-01, 3.517849249759e-03, 0.0000e+00, 0.0000e+00, 
 2DIAGNOSTIC,    14, -5.878353906635e-01, 3.444209049289e-03, 0.0000e+00, 0.0000e+00, 
 2DIAGNOSTIC,    15, -6.081076437814e-01, 3.878743542397e-03, 0.0000e+00, 0.0000e+00, 
 2DIAGNOSTIC,    16, -6.177872939947e-01, 4.369480638290e-03, 0.0000e+00, 0.0000e+00, 
 2DIAGNOSTIC,    17, -6.219511336950e-01, 4.798754316857e-03, 0.0000e+00, 0.0000e+00, 
 2DIAGNOSTIC,    18, -6.392019622084e-01, 5.356180697118e-03, 0.0000e+00, 0.0000e+00, 
 2DIAGNOSTIC,    19, -6.552970505989e-01, 5.912960535082e-03, 0.0000e+00, 0.0000e+00, 
 2DIAGNOSTIC,    20, -6.588507900445e-01, 5.959566063558e-03, 0.0000e+00, 0.0000e+00, 
 2DIAGNOSTIC,    21, -6.571926121908e-01, 5.493101016841e-03, 0.0000e+00, 0.0000e+00, 
 2DIAGNOSTIC,    22, -6.612665129765e-01, 4.686653651579e-03, 0.0000e+00, 0.0000e+00, 
 2DIAGNOSTIC,    23, -6.643195898866e-01, 3.596602611960e-03, 0.0000e+00, 0.0000e+00, 
 2DIAGNOSTIC,    24, -6.647827644743e-01, 2.692824469715e-03, 0.0000e+00, 0.0000e+00, 
 2DIAGNOSTIC,    25, -6.656970891591e-01, 2.025887715970e-03, 0.0000e+00, 0.0000e+00, 
 2DIAGNOSTIC,    26, -6.663101241478e-01, 1.422805135476e-03, 0.0000e+00, 0.0000e+00, 
 2DIAGNOSTIC,    27, -6.665106725942e-01, 8.075022513661e-04, 0.0000e+00, 0.0000e+00, 
 2DIAGNOSTIC,    28, -6.665889244839e-01, 4.498942934317e-04, 0.0000e+00, 0.0000e+00, 
 2DIAGNOSTIC,    29, -6.679003368532e-01, 3.593491552235e-04, 0.0000e+00, 0.0000e+00, 
 2DIAGNOSTIC,    30, -6.694578188963e-01, 3.232373164295e-04, 0.0000e+00, 0.0000e+00, 
 2DIAGNOSTIC,    31, -6.695854507821e-01, 2.344608566445e-04, 0.0000e+00, 0.0000e+00, 
 2DIAGNOSTIC,    32, -6.696302644626e-01, 1.892945075240e-04, 0.0000e+00, 0.0000e+00, 
 2DIAGNOSTIC,    33, -6.701803816031e-01, 1.805131022416e-04, 0.0000e+00, 0.0000e+00, 
 2DIAGNOSTIC,    34, -6.718264658916e-01, 1.833033103740e-04, 0.0000e+00, 0.0000e+00, 
 2DIAGNOSTIC,    35, -6.737290901362e-01, 2.047420526137e-04, 0.0000e+00, 0.0000e+00, 
 2DIAGNOSTIC,    36, -6.741997955708e-01, 2.192194022796e-04, 0.0000e+00, 0.0000e+00, 
 2DIAGNOSTIC,    37, -6.743752584321e-01, 2.176941022206e-04, 0.0000e+00, 0.0000e+00, 
 2DIAGNOSTIC,    38, -6.750841887273e-01, 2.051576907895e-04, 0.0000e+00, 0.0000e+00, 
 2DIAGNOSTIC,    39, -6.753476072649e-01, 1.913384684857e-04, 0.0000e+00, 0.0000e+00, 
 2DIAGNOSTIC,    40, -6.756210785266e-01, 1.807184427222e-04, 0.0000e+00, 0.0000e+00, 
 2DIAGNOSTIC,    41, -6.762065760778e-01, 1.617211189928e-04, 0.0000e+00, 0.0000e+00, 
 2DIAGNOSTIC,    42, -6.763767631068e-01, 1.309024906971e-04, 0.0000e+00, 0.0000e+00, 
 2DIAGNOSTIC,    43, -6.767053180895e-01, 9.826158921564e-05, 0.0000e+00, 0.0000e+00, 
 2DIAGNOSTIC,    44, -6.771660647386e-01, 7.909679983586e-05, 0.0000e+00, 0.0000e+00, 
 2DIAGNOSTIC,    45, -6.773822987897e-01, 7.454249541669e-05, 0.0000e+00, 0.0000e+00, 
 2DIAGNOSTIC,    46, -6.786953545842e-01, 8.067964379107e-05, 0.0000e+00, 0.0000e+00, 
 2DIAGNOSTIC,    47, -6.811283084071e-01, 1.034730691902e-04, 0.0000e+00, 0.0000e+00, 
 2DIAGNOSTIC,    48, -6.816228820722e-01, 1.262087137517e-04, 0.0000e+00, 0.0000e+00, 
 2DIAGNOSTIC,    49, -6.821666341791e-01, 1.436042138732e-04, 0.0000e+00, 0.0000e+00, 
 2DIAGNOSTIC,    50, -6.823311800432e-01, 1.505966123954e-04, 0.0000e+00, 0.0000e+00, 
 2DIAGNOSTIC,    51, -6.835472536976e-01, 1.586255138692e-04, 0.0000e+00, 0.0000e+00, 
 2DIAGNOSTIC,    52, -6.841799522238e-01, 1.574761189146e-04, 0.0000e+00, 0.0000e+00, 
 2DIAGNOSTIC,    53, -6.842658564595e-01, 1.447586079687e-04, 0.0000e+00, 0.0000e+00, 
 2DIAGNOSTIC,    54, -6.844930016586e-01, 1.249308543300e-04, 0.0000e+00, 0.0000e+00, 
 2DIAGNOSTIC,    55, -6.847405853719e-01, 9.767311292001e-05, 0.0000e+00, 0.0000e+00, 
 2DIAGNOSTIC,    56, -6.849361023733e-01, 7.348663075354e-05, 0.0000e+00, 0.0000e+00, 
 2DIAGNOSTIC,    57, -6.853706252156e-01, 6.541757520076e-05, 0.0000e+00, 0.0000e+00, 
 2DIAGNOSTIC,    58, -6.857795837844e-01, 5.830175088792e-05, 0.0000e+00, 0.0000e+00, 
 2DIAGNOSTIC,    59, -6.860209935808e-01, 5.188909907349e-05, 0.0000e+00, 0.0000e+00, 
 2DIAGNOSTIC,    60, -6.861964833325e-01, 4.308847544403e-05, 0.0000e+00, 0.0000e+00, 
 2DIAGNOSTIC,    61, -6.860991384716e-01, 3.851400800749e-05, 0.0000e+00, 0.0000e+00, 
 2DIAGNOSTIC,    62, -6.861018537205e-01, 3.500084935534e-05, 0.0000e+00, 0.0000e+00, 
 2DIAGNOSTIC,    63, -6.861028483500e-01, 2.884478688625e-05, 0.0000e+00, 0.0000e+00, 
 2DIAGNOSTIC,    64, -6.861037561114e-01, 2.170358759387e-05, 0.0000e+00, 0.0000e+00, 
 2DIAGNOSTIC,    65, -6.861045969522e-01, 1.446109198061e-05, 0.0000e+00, 0.0000e+00, 
 2DIAGNOSTIC,    66, -6.861054007109e-01, 7.401328009766e-06, 0.0000e+00, 0.0000e+00, 
 2DIAGNOSTIC,    67, -6.861263780210e-01, 2.853582205437e-06, 0.0000e+00, 0.0000e+00, 
 2DIAGNOSTIC,    68, -6.862514215212e-01, 1.625160032406e-06, 0.0000e+00, 0.0000e+00, 
 2DIAGNOSTIC,    69, -6.862671679970e-01, 1.900678790894e-06, 0.0000e+00, 0.0000e+00, 
 2DIAGNOSTIC,    70, -6.862750868790e-01, 3.206919395371e-06, 0.0000e+00, 0.0000e+00, 
 2DIAGNOSTIC,    71, -6.863008793462e-01, 3.781396087442e-06, 0.0000e+00, 0.0000e+00, 
 2DIAGNOSTIC,    72, -6.863025954224e-01, 4.039658738048e-06, 0.0000e+00, 0.0000e+00, 
 2DIAGNOSTIC,    73, -6.863026120022e-01, 3.940850200654e-06, 0.0000e+00, 0.0000e+00, 
 2DIAGNOSTIC,    74, -6.863024463576e-01, 3.513545935308e-06, 0.0000e+00, 0.0000e+00, 
 2DIAGNOSTIC,    75, -6.863023732233e-01, 2.819245557735e-06, 0.0000e+00, 0.0000e+00, 
 2DIAGNOSTIC,    76, -6.863018901265e-01, 1.921113005057e-06, 0.0000e+00, 0.0000e+00, 
 2DIAGNOSTIC,    77, -6.863032795535e-01, 1.012175652050e-06, 0.0000e+00, 0.0000e+00, 
DIAGNOSTIC,Iteration,metricValue,convergenceValue,ITERATION_TIME_INDEX,SINCE_LAST
 2DIAGNOSTIC,     1, -5.579334118132e-01, 1.797693134862e+308, 0.0000e+00, 0.0000e+00, 
 2DIAGNOSTIC,     2, -5.583709763627e-01, 1.797693134862e+308, 0.0000e+00, 0.0000e+00, 
 2DIAGNOSTIC,     3, -5.588426360510e-01, 1.797693134862e+308, 0.0000e+00, 0.0000e+00, 
 2DIAGNOSTIC,     4, -5.596580830944e-01, 1.797693134862e+308, 0.0000e+00, 0.0000e+00, 
 2DIAGNOSTIC,     5, -5.605786841273e-01, 1.797693134862e+308, 0.0000e+00, 0.0000e+00, 
 2DIAGNOSTIC,     6, -5.609248870299e-01, 1.797693134862e+308, 0.0000e+00, 0.0000e+00, 
 2DIAGNOSTIC,     7, -5.627185218645e-01, 1.797693134862e+308, 0.0000e+00, 0.0000e+00, 
 2DIAGNOSTIC,     8, -5.641243893108e-01, 1.797693134862e+308, 0.0000e+00, 0.0000e+00, 
 2DIAGNOSTIC,     9, -5.643072942643e-01, 1.797693134862e+308, 0.0000e+00, 0.0000e+00, 
 2DIAGNOSTIC,    10, -5.660872242670e-01, 9.415447213704e-04, 0.0000e+00, 0.0000e+00, 
 2DIAGNOSTIC,    11, -5.664059255652e-01, 9.033354187534e-04, 0.0000e+00, 0.0000e+00, 
 2DIAGNOSTIC,    12, -5.664096922960e-01, 8.090220325042e-04, 0.0000e+00, 0.0000e+00, 
 2DIAGNOSTIC,    13, -5.664210720617e-01, 6.751299518803e-04, 0.0000e+00, 0.0000e+00, 
 2DIAGNOSTIC,    14, -5.664188007097e-01, 5.286397508746e-04, 0.0000e+00, 0.0000e+00, 
 2DIAGNOSTIC,    15, -5.664073501503e-01, 3.844615382401e-04, 0.0000e+00, 0.0000e+00, 
 2DIAGNOSTIC,    16, -5.664002190149e-01, 2.326930672638e-04, 0.0000e+00, 0.0000e+00, 
 2DIAGNOSTIC,    17, -5.663935152338e-01, 1.303567300898e-04, 0.0000e+00, 0.0000e+00, 
 2DIAGNOSTIC,    18, -5.664041964779e-01, 6.785898645559e-05, 0.0000e+00, 0.0000e+00, 
 2DIAGNOSTIC,    19, -5.664063081162e-01, 9.494399970368e-06, 0.0000e+00, 0.0000e+00, 
DIAGNOSTIC,Iteration,metricValue,convergenceValue,ITERATION_TIME_INDEX,SINCE_LAST
 2DIAGNOSTIC,     1, -5.040596609762e-01, 1.797693134862e+308, 0.0000e+00, 0.0000e+00, 
 2DIAGNOSTIC,     2, -5.041951040532e-01, 1.797693134862e+308, 0.0000e+00, 0.0000e+00, 
 2DIAGNOSTIC,     3, -5.042679747703e-01, 1.797693134862e+308, 0.0000e+00, 0.0000e+00, 
 2DIAGNOSTIC,     4, -5.043255828165e-01, 1.797693134862e+308, 0.0000e+00, 0.0000e+00, 
 2DIAGNOSTIC,     5, -5.043404120535e-01, 1.797693134862e+308, 0.0000e+00, 0.0000e+00, 
 2DIAGNOSTIC,     6, -5.043521047583e-01, 1.797693134862e+308, 0.0000e+00, 0.0000e+00, 
 2DIAGNOSTIC,     7, -5.043583359961e-01, 1.797693134862e+308, 0.0000e+00, 0.0000e+00, 
 2DIAGNOSTIC,     8, -5.043744937322e-01, 1.797693134862e+308, 0.0000e+00, 0.0000e+00, 
 2DIAGNOSTIC,     9, -5.043987249146e-01, 1.797693134862e+308, 0.0000e+00, 0.0000e+00, 
 2DIAGNOSTIC,    10, -5.044648765581e-01, 4.121928137968e-05, 0.0000e+00, 0.0000e+00, 
 2DIAGNOSTIC,    11, -5.044653342278e-01, 2.903976970357e-05, 0.0000e+00, 0.0000e+00, 
 2DIAGNOSTIC,    12, -5.045087488337e-01, 2.493597596837e-05, 0.0000e+00, 0.0000e+00, 
 2DIAGNOSTIC,    13, -5.045286074729e-01, 2.339130310690e-05, 0.0000e+00, 0.0000e+00, 
 2DIAGNOSTIC,    14, -5.045297125149e-01, 2.248995885021e-05, 0.0000e+00, 0.0000e+00, 
 2DIAGNOSTIC,    15, -5.045295488774e-01, 2.040267017497e-05, 0.0000e+00, 0.0000e+00, 
 2DIAGNOSTIC,    16, -5.045290935402e-01, 1.730693789229e-05, 0.0000e+00, 0.0000e+00, 
 2DIAGNOSTIC,    17, -5.045280020677e-01, 1.333945366876e-05, 0.0000e+00, 0.0000e+00, 
 2DIAGNOSTIC,    18, -5.045292254466e-01, 9.285605722741e-06, 0.0000e+00, 0.0000e+00, 
 2DIAGNOSTIC,    19, -5.045285337752e-01, 5.620081965960e-06, 0.0000e+00, 0.0000e+00, 
 2DIAGNOSTIC,    20, -5.045292928957e-01, 3.863173282381e-06, 0.0000e+00, 0.0000e+00, 
 2DIAGNOSTIC,    21, -5.045291796867e-01, 2.044372913339e-06, 0.0000e+00, 0.0000e+00, 
 2DIAGNOSTIC,    22, -5.045286313750e-01, 1.425115696500e-06, 0.0000e+00, 0.0000e+00, 
 2DIAGNOSTIC,    23, -5.045294231068e-01, 1.366521150591e-06, 0.0000e+00, 0.0000e+00, 
 2DIAGNOSTIC,    24, -5.045286329492e-01, 1.320380969227e-06, 0.0000e+00, 0.0000e+00, 
 2DIAGNOSTIC,    25, -5.045285954942e-01, 1.274331197065e-06, 0.0000e+00, 0.0000e+00, 
 2DIAGNOSTIC,    26, -5.045285429696e-01, 1.221229942956e-06, 0.0000e+00, 0.0000e+00, 
 2DIAGNOSTIC,    27, -5.045285344936e-01, 1.148292861720e-06, 0.0000e+00, 0.0000e+00, 
 2DIAGNOSTIC,    28, -5.045286025467e-01, 1.109463654850e-06, 0.0000e+00, 0.0000e+00, 
 2DIAGNOSTIC,    29, -5.045277151081e-01, 1.044417074693e-06, 0.0000e+00, 0.0000e+00, 
 2DIAGNOSTIC,    30, -5.045277033681e-01, 1.003198709389e-06, 0.0000e+00, 0.0000e+00, 
DIAGNOSTIC,Iteration,metricValue,convergenceValue,ITERATION_TIME_INDEX,SINCE_LAST
 2DIAGNOSTIC,     1, -4.672415333420e-01, 1.797693134862e+308, 0.0000e+00, 0.0000e+00, 
 2DIAGNOSTIC,     2, -4.673340248643e-01, 1.797693134862e+308, 0.0000e+00, 0.0000e+00, 
 2DIAGNOSTIC,     3, -4.673442018339e-01, 1.797693134862e+308, 0.0000e+00, 0.0000e+00, 
 2DIAGNOSTIC,     4, -4.673453693041e-01, 1.797693134862e+308, 0.0000e+00, 0.0000e+00, 
 2DIAGNOSTIC,     5, -4.673447290975e-01, 1.797693134862e+308, 0.0000e+00, 0.0000e+00, 
 2DIAGNOSTIC,     6, -4.673448810101e-01, 1.797693134862e+308, 0.0000e+00, 0.0000e+00, 
 2DIAGNOSTIC,     7, -4.673448284759e-01, 1.797693134862e+308, 0.0000e+00, 0.0000e+00, 
 2DIAGNOSTIC,     8, -4.673448256284e-01, 1.797693134862e+308, 0.0000e+00, 0.0000e+00, 
 2DIAGNOSTIC,     9, -4.673438689760e-01, 1.797693134862e+308, 0.0000e+00, 0.0000e+00, 
 2DIAGNOSTIC,    10, -4.673437889692e-01, 9.927502150925e-06, 0.0000e+00, 0.0000e+00, 
 2DIAGNOSTIC,    11, -4.673435401025e-01, 3.334440344324e-06, 0.0000e+00, 0.0000e+00, 
 2DIAGNOSTIC,    12, -4.673431813277e-01, 2.454057659834e-06, 0.0000e+00, 0.0000e+00, 
 2DIAGNOSTIC,    13, -4.673432258292e-01, 2.203102041409e-06, 0.0000e+00, 0.0000e+00, 
 2DIAGNOSTIC,    14, -4.673432537528e-01, 2.062646523013e-06, 0.0000e+00, 0.0000e+00, 
 2DIAGNOSTIC,    15, -4.673422691915e-01, 1.893437532471e-06, 0.0000e+00, 0.0000e+00, 
 2DIAGNOSTIC,    16, -4.673422594593e-01, 1.771927184688e-06, 0.0000e+00, 0.0000e+00, 
 2DIAGNOSTIC,    17, -4.673424567811e-01, 1.688723245720e-06, 0.0000e+00, 0.0000e+00, 
 2DIAGNOSTIC,    18, -4.673423261596e-01, 1.626711632861e-06, 0.0000e+00, 0.0000e+00, 
 2DIAGNOSTIC,    19, -4.673420665324e-01, 1.544984241937e-06, 0.0000e+00, 0.0000e+00, 
 2DIAGNOSTIC,    20, -4.673421755637e-01, 1.484813841907e-06, 0.0000e+00, 0.0000e+00, 
 2DIAGNOSTIC,    21, -4.673420952586e-01, 1.430487728375e-06, 0.0000e+00, 0.0000e+00, 
 2DIAGNOSTIC,    22, -4.673419197771e-01, 1.373279293913e-06, 0.0000e+00, 0.0000e+00, 
 2DIAGNOSTIC,    23, -4.673421253022e-01, 1.333989463642e-06, 0.0000e+00, 0.0000e+00, 
 2DIAGNOSTIC,    24, -4.673424548963e-01, 1.311975095203e-06, 0.0000e+00, 0.0000e+00, 
 2DIAGNOSTIC,    25, -4.673425886592e-01, 1.271733860969e-06, 0.0000e+00, 0.0000e+00, 
 2DIAGNOSTIC,    26, -4.673425730082e-01, 1.233605919110e-06, 0.0000e+00, 0.0000e+00, 
 2DIAGNOSTIC,    27, -4.673426051986e-01, 1.202502551326e-06, 0.0000e+00, 0.0000e+00, 
 2DIAGNOSTIC,    28, -4.673426772418e-01, 1.169867915436e-06, 0.0000e+00, 0.0000e+00, 
 2DIAGNOSTIC,    29, -4.673425203175e-01, 1.126956369897e-06, 0.0000e+00, 0.0000e+00, 
 2DIAGNOSTIC,    30, -4.673423418438e-01, 1.082515108747e-06, 0.0000e+00, 0.0000e+00, 
 2DIAGNOSTIC,    31, -4.673420491897e-01, 1.031603298660e-06, 0.0000e+00, 0.0000e+00, 
  Elapsed time (stage 0): 0.0000e+00


Total elapsed time: 0.0000e+00
Info [verificarlo]: loaded backend libinterflop_ieee.so
Info [interflop-ieee]: load backend with:
Info [interflop-ieee]: debug = false
Info [interflop-ieee]: debug-binary = false
Info [interflop-ieee]: no-backend-name = false
Info [interflop-ieee]: print-new-line = false
Info [interflop-ieee]: print-subnormal-normalized = false
Info [interflop-ieee]: count-op = false
All_Command_lines_OK
Using double precision for computations.
=============================================================================
The composite transform comprises the following transforms (in order): 
  1. /home/mdugre/scratch/mri-registration-rp/datasets/ds004513/derivatives/mri-registration-rp/0100/antsRegistration-r7-p19/sub-s035/rigid_Composite.h5[0] (type = Euler3DTransform)
  2. /home/mdugre/scratch/mri-registration-rp/datasets/ds004513/derivatives/mri-registration-rp/0100/antsRegistration-r7-p19/sub-s035/rigid_Composite.h5[1] (type = Euler3DTransform)
  3. /home/mdugre/scratch/mri-registration-rp/datasets/ds004513/derivatives/mri-registration-rp/0100/antsRegistration-r7-p19/sub-s035/rigid_Composite.h5[2] (type = Euler3DTransform)
=============================================================================
  number of levels = 4
  fixed image: /templateflow/tpl-MNI152NLin2009cAsym/tpl-MNI152NLin2009cAsym_res-01_desc-brain_T1w.nii.gz
  moving image: /home/mdugre/scratch/mri-registration-rp/datasets/ds004513/derivatives/mri-registration-rp/antsBrainExtraction/sub-s035/BrainExtractionBrain.nii.gz
Dimension = 3
Number of stages = 1
Use histogram matching = false
Winsorize image intensities = true
  Lower quantile = 0.005
  Upper quantile = 0.995


Stage 1 State
   Image metric = MattesMI
     Fixed image = Image (0x371f7e0)
  RTTI typeinfo:   itk::Image<double, 3u>
  Reference Count: 2
  Modified Time: 1592
  Debug: Off
  Object Name: 
  Observers: 
    none
  Source: (none)
  Source output name: (none)
  Release Data: Off
  Data Released: False
  Global Release Data: Off
  PipelineMTime: 0
  UpdateMTime: 1203
  RealTimeStamp: 0 seconds 
  LargestPossibleRegion: 
    Dimension: 3
    Index: [0, 0, 0]
    Size: [193, 229, 193]
  BufferedRegion: 
    Dimension: 3
    Index: [0, 0, 0]
    Size: [193, 229, 193]
  RequestedRegion: 
    Dimension: 3
    Index: [0, 0, 0]
    Size: [193, 229, 193]
  Spacing: [1, 1, 1]
  Origin: [96, 132, -78]
  Direction: 
-1 0 0
0 -1 0
0 0 1

  IndexToPointMatrix: 
-1 0 0
0 -1 0
0 0 1

  PointToIndexMatrix: 
-1 0 0
0 -1 0
0 0 1

  Inverse Direction: 
-1 0 0
0 -1 0
0 0 1

  PixelContainer: 
    ImportImageContainer (0x37ea880)
      RTTI typeinfo:   itk::ImportImageContainer<unsigned long, double>
      Reference Count: 1
      Modified Time: 1200
      Debug: Off
      Object Name: 
      Observers: 
        none
      Pointer: 0x146b4e5ca010
      Container manages memory: true
      Size: 8530021
      Capacity: 8530021

     Moving image = Image (0x37db050)
  RTTI typeinfo:   itk::Image<double, 3u>
  Reference Count: 2
  Modified Time: 1593
  Debug: Off
  Object Name: 
  Observers: 
    none
  Source: (none)
  Source output name: (none)
  Release Data: Off
  Data Released: False
  Global Release Data: Off
  PipelineMTime: 0
  UpdateMTime: 1590
  RealTimeStamp: 0 seconds 
  LargestPossibleRegion: 
    Dimension: 3
    Index: [0, 0, 0]
    Size: [160, 240, 256]
  BufferedRegion: 
    Dimension: 3
    Index: [0, 0, 0]
    Size: [160, 240, 256]
  RequestedRegion: 
    Dimension: 3
    Index: [0, 0, 0]
    Size: [160, 240, 256]
  Spacing: [1, 1, 1]
  Origin: [98.6438, 87.6358, -117.989]
  Direction: 
-0.993515 -0.100993 -0.0522355
0.100854 -0.994887 0.00530255
-0.0525039 1.93537e-08 0.998621

  IndexToPointMatrix: 
-0.993515 -0.100993 -0.0522355
0.100854 -0.994887 0.00530255
-0.0525039 1.93537e-08 0.998621

  PointToIndexMatrix: 
-0.993515 0.100854 -0.0525039
-0.100993 -0.994887 1.93006e-08
-0.0522355 0.00530255 0.998621

  Inverse Direction: 
-0.993515 0.100854 -0.0525039
-0.100993 -0.994887 1.93006e-08
-0.0522355 0.00530255 0.998621

  PixelContainer: 
    ImportImageContainer (0x388e690)
      RTTI typeinfo:   itk::ImportImageContainer<unsigned long, double>
      Reference Count: 1
      Modified Time: 1587
      Debug: Off
      Object Name: 
      Observers: 
        none
      Pointer: 0x146b49ac9010
      Container manages memory: true
      Size: 9830400
      Capacity: 9830400

     Weighting = 1
     Sampling strategy = regular
     Number of bins = 32
     Radius = 4
     Sampling percentage  = 0.25
   Transform = Affine
     Gradient step = 0.1
     Update field sigma (voxel space) = 0
     Total field sigma (voxel space) = 0
     Update field time sigma = 0
     Total field time sigma  = 0
     Number of time indices = 0
     Number of time point samples = 0
Registration using 1 total stages.

Stage 0
  iterations = 1000x500x250x100
  convergence threshold = 1e-06
  convergence window size = 10
  number of levels = 4
  using the Mattes MI metric (number of bins = 32, weight = 1, use gradient filter = 0)
  preprocessing:  winsorizing the image intensities
  Shrink factors (level 1 out of 4): [8, 8, 8]
  Shrink factors (level 2 out of 4): [4, 4, 4]
  Shrink factors (level 3 out of 4): [2, 2, 2]
  Shrink factors (level 4 out of 4): [1, 1, 1]
  smoothing sigmas per level: [3, 2, 1, 0]
  regular sampling (percentage = 0.25)

*** Running AffineTransform registration ***

DIAGNOSTIC,Iteration,metricValue,convergenceValue,ITERATION_TIME_INDEX,SINCE_LAST
 2DIAGNOSTIC,     1, -6.768573444834e-01, 1.797693134862e+308, 6.8166e-01, 6.8166e-01, 
 2DIAGNOSTIC,     2, -6.790584097991e-01, 1.797693134862e+308, 6.8599e-01, 4.3221e-03, 
 2DIAGNOSTIC,     3, -6.832098838749e-01, 1.797693134862e+308, 6.9056e-01, 4.5700e-03, 
 2DIAGNOSTIC,     4, -6.898116867951e-01, 1.797693134862e+308, 6.9534e-01, 4.7832e-03, 
 2DIAGNOSTIC,     5, -7.002363230149e-01, 1.797693134862e+308, 6.9969e-01, 4.3559e-03, 
 2DIAGNOSTIC,     6, -7.120274292059e-01, 1.797693134862e+308, 7.0409e-01, 4.3979e-03, 
 2DIAGNOSTIC,     7, -7.363172278720e-01, 1.797693134862e+308, 7.1189e-01, 7.7999e-03, 
 2DIAGNOSTIC,     8, -7.363053345113e-01, 1.797693134862e+308, 7.1685e-01, 4.9620e-03, 
 2DIAGNOSTIC,     9, -7.366193488392e-01, 1.797693134862e+308, 7.2178e-01, 4.9212e-03, 
 2DIAGNOSTIC,    10, -7.369605408857e-01, 6.873489816716e-03, 7.2649e-01, 4.7140e-03, 
 2DIAGNOSTIC,    11, -7.369276161115e-01, 5.761831803264e-03, 7.3156e-01, 5.0690e-03, 
 2DIAGNOSTIC,    12, -7.368689780218e-01, 4.387492124364e-03, 7.3709e-01, 5.5330e-03, 
 2DIAGNOSTIC,    13, -7.367031760711e-01, 2.959280283035e-03, 7.4163e-01, 4.5340e-03, 
 2DIAGNOSTIC,    14, -7.367251271463e-01, 1.667088631739e-03, 7.4681e-01, 5.1842e-03, 
 2DIAGNOSTIC,    15, -7.367200688812e-01, 6.734145505931e-04, 7.5235e-01, 5.5449e-03, 
 2DIAGNOSTIC,    16, -7.366099976887e-01, 1.684327264423e-05, 7.5750e-01, 5.1410e-03, 
DIAGNOSTIC,Iteration,metricValue,convergenceValue,ITERATION_TIME_INDEX,SINCE_LAST
 2DIAGNOSTIC,     1, -6.028805404370e-01, 1.797693134862e+308, 1.4548e+00, 6.9734e-01, 
 2DIAGNOSTIC,     2, -6.041954565483e-01, 1.797693134862e+308, 1.4892e+00, 3.4395e-02, 
 2DIAGNOSTIC,     3, -6.061037282161e-01, 1.797693134862e+308, 1.5298e+00, 4.0602e-02, 
 2DIAGNOSTIC,     4, -6.078986636096e-01, 1.797693134862e+308, 1.5701e+00, 4.0264e-02, 
 2DIAGNOSTIC,     5, -6.089065228645e-01, 1.797693134862e+308, 1.6131e+00, 4.3037e-02, 
 2DIAGNOSTIC,     6, -6.094356033079e-01, 1.797693134862e+308, 1.6518e+00, 3.8635e-02, 
 2DIAGNOSTIC,     7, -6.096999992206e-01, 1.797693134862e+308, 1.6945e+00, 4.2766e-02, 
 2DIAGNOSTIC,     8, -6.098588930371e-01, 1.797693134862e+308, 1.7289e+00, 3.4383e-02, 
 2DIAGNOSTIC,     9, -6.103337781460e-01, 1.797693134862e+308, 1.7672e+00, 3.8304e-02, 
 2DIAGNOSTIC,    10, -6.103870807013e-01, 7.714254617958e-04, 1.8198e+00, 5.2570e-02, 
 2DIAGNOSTIC,    11, -6.103409446922e-01, 5.163180316374e-04, 1.8580e+00, 3.8165e-02, 
 2DIAGNOSTIC,    12, -6.103452448642e-01, 3.086585751787e-04, 1.8990e+00, 4.0997e-02, 
 2DIAGNOSTIC,    13, -6.103189863530e-01, 1.717444022813e-04, 1.9473e+00, 4.8384e-02, 
 2DIAGNOSTIC,    14, -6.103145357941e-01, 9.789049993049e-05, 1.9853e+00, 3.8005e-02, 
 2DIAGNOSTIC,    15, -6.102984165704e-01, 5.567529747152e-05, 2.0236e+00, 3.8237e-02, 
 2DIAGNOSTIC,    16, -6.102927104400e-01, 2.918559278317e-05, 2.0576e+00, 3.4056e-02, 
 2DIAGNOSTIC,    17, -6.102994519803e-01, 1.081887157404e-05, 2.0955e+00, 3.7848e-02, 
DIAGNOSTIC,Iteration,metricValue,convergenceValue,ITERATION_TIME_INDEX,SINCE_LAST
 2DIAGNOSTIC,     1, -5.338639806245e-01, 1.797693134862e+308, 3.1861e+00, 1.0906e+00, 
 2DIAGNOSTIC,     2, -5.343028673283e-01, 1.797693134862e+308, 3.4619e+00, 2.7583e-01, 
 2DIAGNOSTIC,     3, -5.346600816578e-01, 1.797693134862e+308, 3.7376e+00, 2.7574e-01, 
 2DIAGNOSTIC,     4, -5.348680949987e-01, 1.797693134862e+308, 4.0216e+00, 2.8398e-01, 
 2DIAGNOSTIC,     5, -5.350511738935e-01, 1.797693134862e+308, 4.3145e+00, 2.9294e-01, 
 2DIAGNOSTIC,     6, -5.355524315378e-01, 1.797693134862e+308, 4.6368e+00, 3.2223e-01, 
 2DIAGNOSTIC,     7, -5.356230747095e-01, 1.797693134862e+308, 5.0025e+00, 3.6576e-01, 
 2DIAGNOSTIC,     8, -5.356377963290e-01, 1.797693134862e+308, 5.2498e+00, 2.4726e-01, 
 2DIAGNOSTIC,     9, -5.357739361670e-01, 1.797693134862e+308, 5.4971e+00, 2.4736e-01, 
 2DIAGNOSTIC,    10, -5.359613050565e-01, 2.424012626722e-04, 5.7447e+00, 2.4758e-01, 
 2DIAGNOSTIC,    11, -5.361754143513e-01, 1.926476451833e-04, 6.1167e+00, 3.7195e-01, 
 2DIAGNOSTIC,    12, -5.362117397043e-01, 1.547913197243e-04, 6.4364e+00, 3.1977e-01, 
 2DIAGNOSTIC,    13, -5.362105026598e-01, 1.238959243868e-04, 6.6978e+00, 2.6138e-01, 
 2DIAGNOSTIC,    14, -5.362066764681e-01, 9.424086463675e-05, 7.0382e+00, 3.4034e-01, 
 2DIAGNOSTIC,    15, -5.362084253771e-01, 6.608561742852e-05, 7.3214e+00, 2.8319e-01, 
 2DIAGNOSTIC,    16, -5.362061144330e-01, 5.199974501005e-05, 7.6195e+00, 2.9813e-01, 
 2DIAGNOSTIC,    17, -5.362068735283e-01, 3.728842492049e-05, 7.9542e+00, 3.3467e-01, 
 2DIAGNOSTIC,    18, -5.362061262621e-01, 2.140486905539e-05, 8.2483e+00, 2.9410e-01, 
 2DIAGNOSTIC,    19, -5.362044267424e-01, 9.070122958407e-06, 8.4840e+00, 2.3571e-01, 
 2DIAGNOSTIC,    20, -5.362039284115e-01, 2.089844045594e-06, 8.7278e+00, 2.4387e-01, 
 2DIAGNOSTIC,    21, -5.362047515546e-01, 1.130722141529e-06, 9.0532e+00, 3.2535e-01, 
 2DIAGNOSTIC,    22, -5.362072627031e-01, 1.230413350081e-06, 9.3562e+00, 3.0298e-01, 
 2DIAGNOSTIC,    23, -5.362065940519e-01, 1.298663842637e-06, 9.5971e+00, 2.4091e-01, 
 2DIAGNOSTIC,    24, -5.362061503797e-01, 1.275539890974e-06, 9.8607e+00, 2.6365e-01, 
 2DIAGNOSTIC,    25, -5.362068057735e-01, 1.312627165552e-06, 1.0134e+01, 2.7340e-01, 
 2DIAGNOSTIC,    26, -5.362052887213e-01, 1.262729810853e-06, 1.0468e+01, 3.3345e-01, 
 2DIAGNOSTIC,    27, -5.362046409451e-01, 1.214989910688e-06, 1.0747e+01, 2.7948e-01, 
 2DIAGNOSTIC,    28, -5.362062377872e-01, 1.184700028960e-06, 1.1031e+01, 2.8364e-01, 
 2DIAGNOSTIC,    29, -5.362059497268e-01, 1.115532086218e-06, 1.1267e+01, 2.3673e-01, 
 2DIAGNOSTIC,    30, -5.362047958354e-01, 1.020237284793e-06, 1.1565e+01, 2.9751e-01, 
DIAGNOSTIC,Iteration,metricValue,convergenceValue,ITERATION_TIME_INDEX,SINCE_LAST
 2DIAGNOSTIC,     1, -4.910072161759e-01, 1.797693134862e+308, 1.4574e+01, 3.0092e+00, 
 2DIAGNOSTIC,     2, -4.914405958035e-01, 1.797693134862e+308, 1.6332e+01, 1.7583e+00, 
 2DIAGNOSTIC,     3, -4.918246622932e-01, 1.797693134862e+308, 1.7945e+01, 1.6130e+00, 
 2DIAGNOSTIC,     4, -4.921221377612e-01, 1.797693134862e+308, 1.9584e+01, 1.6388e+00, 
 2DIAGNOSTIC,     5, -4.922777732509e-01, 1.797693134862e+308, 2.1566e+01, 1.9820e+00, 
 2DIAGNOSTIC,     6, -4.924950554977e-01, 1.797693134862e+308, 2.3674e+01, 2.1077e+00, 
 2DIAGNOSTIC,     7, -4.927332543458e-01, 1.797693134862e+308, 2.5652e+01, 1.9778e+00, 
 2DIAGNOSTIC,     8, -4.928230089986e-01, 1.797693134862e+308, 2.9470e+01, 3.8180e+00, 
 2DIAGNOSTIC,     9, -4.928229226319e-01, 1.797693134862e+308, 3.1397e+01, 1.9276e+00, 
 2DIAGNOSTIC,    10, -4.928227537913e-01, 2.367511143627e-04, 3.3248e+01, 1.8505e+00, 
 2DIAGNOSTIC,    11, -4.928223160471e-01, 1.624217061458e-04, 3.5734e+01, 2.4859e+00, 
 2DIAGNOSTIC,    12, -4.928225382948e-01, 1.065655080549e-04, 3.7872e+01, 2.1378e+00, 
 2DIAGNOSTIC,    13, -4.928223463243e-01, 6.672791909051e-05, 4.0082e+01, 2.2099e+00, 
 2DIAGNOSTIC,    14, -4.928223979333e-01, 3.908506404841e-05, 4.1972e+01, 1.8905e+00, 
 2DIAGNOSTIC,    15, -4.928220650284e-01, 1.767324557708e-05, 4.4098e+01, 2.1260e+00, 
 2DIAGNOSTIC,    16, -4.928219230153e-01, 5.139354658887e-06, 4.6352e+01, 2.2540e+00, 
 2DIAGNOSTIC,    17, -4.928217463052e-01, 1.783772711650e-06, 4.8320e+01, 1.9678e+00, 
 2DIAGNOSTIC,    18, -4.928216640344e-01, 1.684162928131e-06, 5.0126e+01, 1.8056e+00, 
 2DIAGNOSTIC,    19, -4.928214911475e-01, 1.595042395663e-06, 5.2199e+01, 2.0732e+00, 
 2DIAGNOSTIC,    20, -4.928215246025e-01, 1.518938168965e-06, 5.4220e+01, 2.0217e+00, 
 2DIAGNOSTIC,    21, -4.928214306521e-01, 1.442012946988e-06, 5.6020e+01, 1.7996e+00, 
 2DIAGNOSTIC,    22, -4.928213349029e-01, 1.382400175769e-06, 5.7833e+01, 1.8133e+00, 
 2DIAGNOSTIC,    23, -4.928212484224e-01, 1.326928764381e-06, 5.9691e+01, 1.8578e+00, 
 2DIAGNOSTIC,    24, -4.928211716368e-01, 1.280992107021e-06, 6.1564e+01, 1.8728e+00, 
 2DIAGNOSTIC,    25, -4.928211172078e-01, 1.234040182284e-06, 6.3424e+01, 1.8598e+00, 
 2DIAGNOSTIC,    26, -4.928212097348e-01, 1.193318534549e-06, 6.5319e+01, 1.8953e+00, 
 2DIAGNOSTIC,    27, -4.928213661130e-01, 1.158040674749e-06, 6.7262e+01, 1.9430e+00, 
 2DIAGNOSTIC,    28, -4.928212486611e-01, 1.123148430857e-06, 6.9093e+01, 1.8314e+00, 
 2DIAGNOSTIC,    29, -4.928212402799e-01, 1.088420821242e-06, 7.1212e+01, 2.1191e+00, 
 2DIAGNOSTIC,    30, -4.928212198909e-01, 1.057149524954e-06, 7.3236e+01, 2.0241e+00, 
 2DIAGNOSTIC,    31, -4.928211680365e-01, 1.025469372092e-06, 7.4837e+01, 1.6010e+00, 
  Elapsed time (stage 0): 7.5966e+01


Total elapsed time: 7.5968e+01
Info [verificarlo]: loaded backend libinterflop_ieee.so
Info [interflop-ieee]: load backend with:
Info [interflop-ieee]: debug = false
Info [interflop-ieee]: debug-binary = false
Info [interflop-ieee]: no-backend-name = false
Info [interflop-ieee]: print-new-line = false
Info [interflop-ieee]: print-subnormal-normalized = false
Info [interflop-ieee]: count-op = false
All_Command_lines_OK
Using double precision for computations.
=============================================================================
The composite transform comprises the following transforms (in order): 
  1. /home/mdugre/scratch/mri-registration-rp/datasets/ds004513/derivatives/mri-registration-rp/0100/antsRegistration-r7-p19/sub-s035/affine_Composite.h5[0] (type = Euler3DTransform)
  2. /home/mdugre/scratch/mri-registration-rp/datasets/ds004513/derivatives/mri-registration-rp/0100/antsRegistration-r7-p19/sub-s035/affine_Composite.h5[1] (type = Euler3DTransform)
  3. /home/mdugre/scratch/mri-registration-rp/datasets/ds004513/derivatives/mri-registration-rp/0100/antsRegistration-r7-p19/sub-s035/affine_Composite.h5[2] (type = Euler3DTransform)
  4. /home/mdugre/scratch/mri-registration-rp/datasets/ds004513/derivatives/mri-registration-rp/0100/antsRegistration-r7-p19/sub-s035/affine_Composite.h5[3] (type = AffineTransform)
=============================================================================
  number of levels = 4
  fixed image: /templateflow/tpl-MNI152NLin2009cAsym/tpl-MNI152NLin2009cAsym_res-01_desc-brain_T1w.nii.gz
  moving image: /home/mdugre/scratch/mri-registration-rp/datasets/ds004513/derivatives/mri-registration-rp/antsBrainExtraction/sub-s035/BrainExtractionBrain.nii.gz
Dimension = 3
Number of stages = 1
Use histogram matching = false
Winsorize image intensities = true
  Lower quantile = 0.005
  Upper quantile = 0.995


Stage 1 State
   Image metric = CC
     Fixed image = Image (0x3a6da40)
  RTTI typeinfo:   itk::Image<double, 3u>
  Reference Count: 2
  Modified Time: 1606
  Debug: Off
  Object Name: 
  Observers: 
    none
  Source: (none)
  Source output name: (none)
  Release Data: Off
  Data Released: False
  Global Release Data: Off
  PipelineMTime: 0
  UpdateMTime: 1217
  RealTimeStamp: 0 seconds 
  LargestPossibleRegion: 
    Dimension: 3
    Index: [0, 0, 0]
    Size: [193, 229, 193]
  BufferedRegion: 
    Dimension: 3
    Index: [0, 0, 0]
    Size: [193, 229, 193]
  RequestedRegion: 
    Dimension: 3
    Index: [0, 0, 0]
    Size: [193, 229, 193]
  Spacing: [1, 1, 1]
  Origin: [96, 132, -78]
  Direction: 
-1 0 0
0 -1 0
0 0 1

  IndexToPointMatrix: 
-1 0 0
0 -1 0
0 0 1

  PointToIndexMatrix: 
-1 0 0
0 -1 0
0 0 1

  Inverse Direction: 
-1 0 0
0 -1 0
0 0 1

  PixelContainer: 
    ImportImageContainer (0x3b3c780)
      RTTI typeinfo:   itk::ImportImageContainer<unsigned long, double>
      Reference Count: 1
      Modified Time: 1214
      Debug: Off
      Object Name: 
      Observers: 
        none
      Pointer: 0x14704b793010
      Container manages memory: true
      Size: 8530021
      Capacity: 8530021

     Moving image = Image (0x3b3e3b0)
  RTTI typeinfo:   itk::Image<double, 3u>
  Reference Count: 2
  Modified Time: 1607
  Debug: Off
  Object Name: 
  Observers: 
    none
  Source: (none)
  Source output name: (none)
  Release Data: Off
  Data Released: False
  Global Release Data: Off
  PipelineMTime: 0
  UpdateMTime: 1604
  RealTimeStamp: 0 seconds 
  LargestPossibleRegion: 
    Dimension: 3
    Index: [0, 0, 0]
    Size: [160, 240, 256]
  BufferedRegion: 
    Dimension: 3
    Index: [0, 0, 0]
    Size: [160, 240, 256]
  RequestedRegion: 
    Dimension: 3
    Index: [0, 0, 0]
    Size: [160, 240, 256]
  Spacing: [1, 1, 1]
  Origin: [98.6438, 87.6358, -117.989]
  Direction: 
-0.993515 -0.100993 -0.0522355
0.100854 -0.994887 0.00530255
-0.0525039 1.93537e-08 0.998621

  IndexToPointMatrix: 
-0.993515 -0.100993 -0.0522355
0.100854 -0.994887 0.00530255
-0.0525039 1.93537e-08 0.998621

  PointToIndexMatrix: 
-0.993515 0.100854 -0.0525039
-0.100993 -0.994887 1.93006e-08
-0.0522355 0.00530255 0.998621

  Inverse Direction: 
-0.993515 0.100854 -0.0525039
-0.100993 -0.994887 1.93006e-08
-0.0522355 0.00530255 0.998621

  PixelContainer: 
    ImportImageContainer (0x3afb790)
      RTTI typeinfo:   itk::ImportImageContainer<unsigned long, double>
      Reference Count: 1
      Modified Time: 1601
      Debug: Off
      Object Name: 
      Observers: 
        none
      Pointer: 0x147046c92010
      Container manages memory: true
      Size: 9830400
      Capacity: 9830400

     Weighting = 1
     Sampling strategy = none
     Number of bins = 32
     Radius = 4
     Sampling percentage  = 1
   Transform = SyN
     Gradient step = 0.1
     Update field sigma (voxel space) = 3
     Total field sigma (voxel space) = 0
     Update field time sigma = 0
     Total field time sigma  = 0
     Number of time indices = 0
     Number of time point samples = 0
Registration using 1 total stages.

Stage 0
  iterations = 100x70x50x20
  convergence threshold = 1e-06
  convergence window size = 10
  number of levels = 4
  using the CC metric (radius = 4, weight = 1, use gradient filter = 0)
  preprocessing:  winsorizing the image intensities
  Shrink factors (level 1 out of 4): [8, 8, 8]
  Shrink factors (level 2 out of 4): [4, 4, 4]
  Shrink factors (level 3 out of 4): [2, 2, 2]
  Shrink factors (level 4 out of 4): [1, 1, 1]
  smoothing sigmas per level: [3, 2, 1, 0]
  Using default NONE metricSamplingStrategy 

*** Running SyN registration (varianceForUpdateField = 3, varianceForTotalField = 0) ***

XXDIAGNOSTIC,Iteration,metricValue,convergenceValue,ITERATION_TIME_INDEX,SINCE_LAST
 1DIAGNOSTIC,     1, -8.500441716707e-01, 1.797693134862e+308, 1.0643e+00, 1.0643e+00, 
 1DIAGNOSTIC,     2, -8.625273305755e-01, 1.797693134862e+308, 1.3970e+00, 3.3273e-01, 
 1DIAGNOSTIC,     3, -8.737697000069e-01, 1.797693134862e+308, 1.7217e+00, 3.2464e-01, 
 1DIAGNOSTIC,     4, -8.835587348118e-01, 1.797693134862e+308, 2.0772e+00, 3.5557e-01, 
 1DIAGNOSTIC,     5, -8.907810789805e-01, 1.797693134862e+308, 2.4072e+00, 3.2993e-01, 
 1DIAGNOSTIC,     6, -8.971755048863e-01, 1.797693134862e+308, 2.7296e+00, 3.2248e-01, 
 1DIAGNOSTIC,     7, -9.025708465816e-01, 1.797693134862e+308, 3.0543e+00, 3.2463e-01, 
 1DIAGNOSTIC,     8, -9.071878803538e-01, 1.797693134862e+308, 3.3790e+00, 3.2477e-01, 
 1DIAGNOSTIC,     9, -9.107046050183e-01, 1.797693134862e+308, 3.7334e+00, 3.5433e-01, 
 1DIAGNOSTIC,    10, -9.135428664707e-01, 4.445468779591e-03, 4.0976e+00, 3.6427e-01, 
 1DIAGNOSTIC,    11, -9.160007768420e-01, 3.359397503846e-03, 4.4253e+00, 3.2762e-01, 
 1DIAGNOSTIC,    12, -9.181147200974e-01, 2.539712775620e-03, 4.7867e+00, 3.6140e-01, 
 1DIAGNOSTIC,    13, -9.199649809666e-01, 1.935431788723e-03, 5.1221e+00, 3.3548e-01, 
 1DIAGNOSTIC,    14, -9.216003933002e-01, 1.499958727339e-03, 5.4555e+00, 3.3339e-01, 
 1DIAGNOSTIC,    15, -9.231119503795e-01, 1.169215927194e-03, 5.7897e+00, 3.3418e-01, 
 1DIAGNOSTIC,    16, -9.244887659084e-01, 9.252606015366e-04, 6.1240e+00, 3.3423e-01, 
 1DIAGNOSTIC,    17, -9.257537712121e-01, 7.475178282779e-04, 6.4580e+00, 3.3406e-01, 
 1DIAGNOSTIC,    18, -9.269198682533e-01, 6.210554543901e-04, 6.7936e+00, 3.3564e-01, 
 1DIAGNOSTIC,    19, -9.280004336389e-01, 5.259964213590e-04, 7.1516e+00, 3.5792e-01, 
 1DIAGNOSTIC,    20, -9.290084632389e-01, 4.515543443066e-04, 7.4780e+00, 3.2646e-01, 
 1DIAGNOSTIC,    21, -9.299542175994e-01, 3.926289255812e-04, 7.8123e+00, 3.3426e-01, 
 1DIAGNOSTIC,    22, -9.308439095066e-01, 3.448894532144e-04, 8.1529e+00, 3.4060e-01, 
 1DIAGNOSTIC,    23, -9.316767108171e-01, 3.053083778670e-04, 8.4782e+00, 3.2536e-01, 
 1DIAGNOSTIC,    24, -9.324483323684e-01, 2.715526968282e-04, 8.8128e+00, 3.3460e-01, 
 1DIAGNOSTIC,    25, -9.331802323186e-01, 2.428502390132e-04, 9.1458e+00, 3.3291e-01, 
 1DIAGNOSTIC,    26, -9.338705139930e-01, 2.181656097506e-04, 9.4831e+00, 3.3736e-01, 
 1DIAGNOSTIC,    27, -9.345079189467e-01, 1.965891487607e-04, 9.8174e+00, 3.3428e-01, 
 1DIAGNOSTIC,    28, -9.351245436119e-01, 1.777324681813e-04, 1.0150e+01, 3.3285e-01, 
 1DIAGNOSTIC,    29, -9.357046322130e-01, 1.611145169457e-04, 1.0476e+01, 3.2580e-01, 
 1DIAGNOSTIC,    30, -9.362500220219e-01, 1.463875704242e-04, 1.0810e+01, 3.3401e-01, 
 1DIAGNOSTIC,    31, -9.367626585755e-01, 1.332997699196e-04, 1.1151e+01, 3.4050e-01, 
 1DIAGNOSTIC,    32, -9.372433229034e-01, 1.216365126076e-04, 1.1478e+01, 3.2763e-01, 
 1DIAGNOSTIC,    33, -9.376927844396e-01, 1.111525028982e-04, 1.1809e+01, 3.3070e-01, 
 1DIAGNOSTIC,    34, -9.381125399558e-01, 1.015567673992e-04, 1.2136e+01, 3.2667e-01, 
 1DIAGNOSTIC,    35, -9.385044211019e-01, 9.277733760060e-05, 1.2472e+01, 3.3631e-01, 
 1DIAGNOSTIC,    36, -9.388693711470e-01, 8.472100054158e-05, 1.2807e+01, 3.3548e-01, 
 1DIAGNOSTIC,    37, -9.392098068002e-01, 7.720034247645e-05, 1.3134e+01, 3.2662e-01, 
 1DIAGNOSTIC,    38, -9.395259182503e-01, 7.030543922186e-05, 1.3476e+01, 3.4221e-01, 
 1DIAGNOSTIC,    39, -9.398182022001e-01, 6.397481775992e-05, 1.3817e+01, 3.4083e-01, 
 1DIAGNOSTIC,    40, -9.400908880078e-01, 5.818022045102e-05, 1.4189e+01, 3.7241e-01, 
 1DIAGNOSTIC,    41, -9.403440029221e-01, 5.288964356789e-05, 1.4515e+01, 3.2568e-01, 
 1DIAGNOSTIC,    42, -9.406117724127e-01, 4.831069326548e-05, 1.4856e+01, 3.4061e-01, 
 1DIAGNOSTIC,    43, -9.407972375536e-01, 4.389208718487e-05, 1.5182e+01, 3.2650e-01, 
 1DIAGNOSTIC,    44, -9.410033858429e-01, 3.989225870685e-05, 1.5518e+01, 3.3582e-01, 
 1DIAGNOSTIC,    45, -9.411894137882e-01, 3.623442248419e-05, 1.5850e+01, 3.3231e-01, 
 1DIAGNOSTIC,    46, -9.413675527229e-01, 3.292545754709e-05, 1.6175e+01, 3.2495e-01, 
 1DIAGNOSTIC,    47, -9.415334707143e-01, 2.994576283727e-05, 1.6503e+01, 3.2817e-01, 
 1DIAGNOSTIC,    48, -9.416877524730e-01, 2.726942828541e-05, 1.6833e+01, 3.2906e-01, 
 1DIAGNOSTIC,    49, -9.418305205156e-01, 2.485553684301e-05, 1.7177e+01, 3.4410e-01, 
 1DIAGNOSTIC,    50, -9.419620512267e-01, 2.267364949703e-05, 1.7522e+01, 3.4512e-01, 
 1DIAGNOSTIC,    51, -9.420833462196e-01, 2.068608449867e-05, 1.7877e+01, 3.5575e-01, 
 1DIAGNOSTIC,    52, -9.421949533601e-01, 1.907293619081e-05, 1.8222e+01, 3.4451e-01, 
 1DIAGNOSTIC,    53, -9.422978327835e-01, 1.739737405662e-05, 1.8565e+01, 3.4250e-01, 
 1DIAGNOSTIC,    54, -9.423923831593e-01, 1.586180613395e-05, 1.8893e+01, 3.2814e-01, 
 1DIAGNOSTIC,    55, -9.424797673570e-01, 1.442304511982e-05, 1.9219e+01, 3.2629e-01, 
 1DIAGNOSTIC,    56, -9.425614193608e-01, 1.311255881839e-05, 1.9561e+01, 3.4226e-01, 
 1DIAGNOSTIC,    57, -9.426371263159e-01, 1.192756541088e-05, 1.9895e+01, 3.3387e-01, 
 1DIAGNOSTIC,    58, -9.427072854431e-01, 1.086329833918e-05, 2.0220e+01, 3.2497e-01, 
 1DIAGNOSTIC,    59, -9.427719342268e-01, 9.908574281091e-06, 2.0563e+01, 3.4272e-01, 
 1DIAGNOSTIC,    60, -9.428317982506e-01, 9.050903024804e-06, 2.0904e+01, 3.4102e-01, 
 1DIAGNOSTIC,    61, -9.429491889213e-01, 8.589961116200e-06, 2.1237e+01, 3.3325e-01, 
 1DIAGNOSTIC,    62, -9.429961623002e-01, 8.132672332305e-06, 2.1562e+01, 3.2523e-01, 
 1DIAGNOSTIC,    63, -9.430434236983e-01, 7.682054897325e-06, 2.1900e+01, 3.3824e-01, 
 1DIAGNOSTIC,    64, -9.431239908464e-01, 7.389150043519e-06, 2.2233e+01, 3.3280e-01, 
 1DIAGNOSTIC,    65, -9.431634184534e-01, 7.025344751038e-06, 2.2560e+01, 3.2694e-01, 
 1DIAGNOSTIC,    66, -9.431992164184e-01, 6.578675281477e-06, 2.2891e+01, 3.3125e-01, 
 1DIAGNOSTIC,    67, -9.432321186074e-01, 6.050373803534e-06, 2.3220e+01, 3.2860e-01, 
 1DIAGNOSTIC,    68, -9.432622360556e-01, 5.450381544335e-06, 2.3569e+01, 3.4926e-01, 
 1DIAGNOSTIC,    69, -9.432900967749e-01, 4.793312107810e-06, 2.3904e+01, 3.3486e-01, 
 1DIAGNOSTIC,    70, -9.432540951521e-01, 3.829228055394e-06, 2.4231e+01, 3.2709e-01, 
 1DIAGNOSTIC,    71, -9.432778555775e-01, 3.181730474058e-06, 2.4563e+01, 3.3135e-01, 
 1DIAGNOSTIC,    72, -9.432994534078e-01, 2.575201177874e-06, 2.4909e+01, 3.4605e-01, 
 1DIAGNOSTIC,    73, -9.433200760019e-01, 2.052118049940e-06, 2.5251e+01, 3.4189e-01, 
 1DIAGNOSTIC,    74, -9.433392079739e-01, 1.797044620345e-06, 2.5585e+01, 3.3403e-01, 
 1DIAGNOSTIC,    75, -9.433564148744e-01, 1.649326577048e-06, 2.5918e+01, 3.3375e-01, 
 1DIAGNOSTIC,    76, -9.433719742448e-01, 1.592479681295e-06, 2.6258e+01, 3.3950e-01, 
 1DIAGNOSTIC,    77, -9.433861126274e-01, 1.604524493800e-06, 2.6586e+01, 3.2853e-01, 
 1DIAGNOSTIC,    78, -9.433987518261e-01, 1.663967194605e-06, 2.6916e+01, 3.2943e-01, 
 1DIAGNOSTIC,    79, -9.434102780490e-01, 1.758076738950e-06, 2.7250e+01, 3.3412e-01, 
 1DIAGNOSTIC,    80, -9.434209771518e-01, 1.621197238713e-06, 2.7592e+01, 3.4184e-01, 
 1DIAGNOSTIC,    81, -9.434306271678e-01, 1.494305376123e-06, 2.7933e+01, 3.4127e-01, 
 1DIAGNOSTIC,    82, -9.434392953124e-01, 1.375701601884e-06, 2.8265e+01, 3.3224e-01, 
 1DIAGNOSTIC,    83, -9.434472133409e-01, 1.268531782079e-06, 2.8619e+01, 3.5381e-01, 
 1DIAGNOSTIC,    84, -9.434543786971e-01, 1.173095232567e-06, 2.8944e+01, 3.2493e-01, 
 1DIAGNOSTIC,    85, -9.434608814561e-01, 1.087529051673e-06, 2.9270e+01, 3.2623e-01, 
 1DIAGNOSTIC,    86, -9.434669469540e-01, 1.011113987336e-06, 2.9597e+01, 3.2695e-01, 
 1DIAGNOSTIC,    87, -9.434726222840e-01, 9.434499076092e-07, 2.9932e+01, 3.3450e-01, 
XXDIAGNOSTIC,Iteration,metricValue,convergenceValue,ITERATION_TIME_INDEX,SINCE_LAST
 1DIAGNOSTIC,     1, -8.625806794562e-01, 1.797693134862e+308, 3.2906e+01, 2.9744e+00, 
 1DIAGNOSTIC,     2, -8.657270293342e-01, 1.797693134862e+308, 3.5388e+01, 2.4820e+00, 
 1DIAGNOSTIC,     3, -8.699118505446e-01, 1.797693134862e+308, 3.7768e+01, 2.3801e+00, 
 1DIAGNOSTIC,     4, -8.735940011906e-01, 1.797693134862e+308, 4.0215e+01, 2.4464e+00, 
 1DIAGNOSTIC,     5, -8.771709413009e-01, 1.797693134862e+308, 4.2411e+01, 2.1960e+00, 
 1DIAGNOSTIC,     6, -8.802017225563e-01, 1.797693134862e+308, 4.4568e+01, 2.1572e+00, 
 1DIAGNOSTIC,     7, -8.826394915308e-01, 1.797693134862e+308, 4.6731e+01, 2.1631e+00, 
 1DIAGNOSTIC,     8, -8.849244224309e-01, 1.797693134862e+308, 4.8936e+01, 2.2052e+00, 
 1DIAGNOSTIC,     9, -8.869296715327e-01, 1.797693134862e+308, 5.1524e+01, 2.5882e+00, 
 1DIAGNOSTIC,    10, -8.887227889038e-01, 1.944772131184e-03, 5.3873e+01, 2.3489e+00, 
 1DIAGNOSTIC,    11, -8.903380402903e-01, 1.603845781457e-03, 5.6194e+01, 2.3206e+00, 
 1DIAGNOSTIC,    12, -8.916178028531e-01, 1.294212744383e-03, 5.8767e+01, 2.5728e+00, 
 1DIAGNOSTIC,    13, -8.928207454817e-01, 1.048602980865e-03, 6.0951e+01, 2.1847e+00, 
 1DIAGNOSTIC,    14, -8.941664686667e-01, 8.577470360676e-04, 6.3111e+01, 2.1594e+00, 
 1DIAGNOSTIC,    15, -8.952463616077e-01, 7.131503216578e-04, 6.5290e+01, 2.1793e+00, 
 1DIAGNOSTIC,    16, -8.963054612985e-01, 6.030643672767e-04, 6.7486e+01, 2.1961e+00, 
 1DIAGNOSTIC,    17, -8.973421641465e-01, 5.157414256985e-04, 6.9847e+01, 2.3605e+00, 
 1DIAGNOSTIC,    18, -8.983174025374e-01, 4.482777266253e-04, 7.2158e+01, 2.3114e+00, 
 1DIAGNOSTIC,    19, -8.992500883908e-01, 3.955914377585e-04, 7.4463e+01, 2.3050e+00, 
 1DIAGNOSTIC,    20, -9.001525628446e-01, 3.542885214994e-04, 7.6808e+01, 2.3451e+00, 
 1DIAGNOSTIC,    21, -9.010251011134e-01, 3.217103166720e-04, 7.8984e+01, 2.1755e+00, 
 1DIAGNOSTIC,    22, -9.018395875417e-01, 2.923698358148e-04, 8.1284e+01, 2.3004e+00, 
 1DIAGNOSTIC,    23, -9.026074985491e-01, 2.654034339952e-04, 8.3547e+01, 2.2629e+00, 
 1DIAGNOSTIC,    24, -9.033270043099e-01, 2.431962221474e-04, 8.5915e+01, 2.3683e+00, 
 1DIAGNOSTIC,    25, -9.039710230414e-01, 2.218390304673e-04, 8.8094e+01, 2.1788e+00, 
 1DIAGNOSTIC,    26, -9.045482382493e-01, 2.012480224776e-04, 9.0297e+01, 2.2031e+00, 
 1DIAGNOSTIC,    27, -9.050659424882e-01, 1.815194875371e-04, 9.2661e+01, 2.3641e+00, 
 1DIAGNOSTIC,    28, -9.055512077802e-01, 1.626514166059e-04, 9.5032e+01, 2.3706e+00, 
 1DIAGNOSTIC,    29, -9.059940079912e-01, 1.447792526508e-04, 9.7210e+01, 2.1777e+00, 
 1DIAGNOSTIC,    30, -9.064093744337e-01, 1.283515993584e-04, 9.9570e+01, 2.3608e+00, 
 1DIAGNOSTIC,    31, -9.067911800502e-01, 1.136831741510e-04, 1.0186e+02, 2.2872e+00, 
 1DIAGNOSTIC,    32, -9.071437057503e-01, 1.007381490358e-04, 1.0428e+02, 2.4207e+00, 
 1DIAGNOSTIC,    33, -9.074691258227e-01, 8.953610337712e-05, 1.0670e+02, 2.4189e+00, 
 1DIAGNOSTIC,    34, -9.077825146208e-01, 8.013641304318e-05, 1.0924e+02, 2.5388e+00, 
 1DIAGNOSTIC,    35, -9.080701461391e-01, 7.211102032112e-05, 1.1143e+02, 2.1922e+00, 
 1DIAGNOSTIC,    36, -9.083454622846e-01, 6.520155292921e-05, 1.1375e+02, 2.3253e+00, 
 1DIAGNOSTIC,    37, -9.086069844045e-01, 5.915593154893e-05, 1.1599e+02, 2.2362e+00, 
 1DIAGNOSTIC,    38, -9.088505249535e-01, 5.389586503978e-05, 1.1831e+02, 2.3243e+00, 
 1DIAGNOSTIC,    39, -9.090899363775e-01, 4.933549781082e-05, 1.2069e+02, 2.3732e+00, 
 1DIAGNOSTIC,    40, -9.093197723702e-01, 4.543233423270e-05, 1.2291e+02, 2.2240e+00, 
 1DIAGNOSTIC,    41, -9.095307836873e-01, 4.199033501639e-05, 1.2518e+02, 2.2719e+00, 
 1DIAGNOSTIC,    42, -9.097356333285e-01, 3.893692385197e-05, 1.2737e+02, 2.1835e+00, 
 1DIAGNOSTIC,    43, -9.099244922586e-01, 3.612196089756e-05, 1.2963e+02, 2.2596e+00, 
 1DIAGNOSTIC,    44, -9.101086905271e-01, 3.359455491322e-05, 1.3187e+02, 2.2418e+00, 
 1DIAGNOSTIC,    45, -9.102830243918e-01, 3.124665580371e-05, 1.3456e+02, 2.6948e+00, 
 1DIAGNOSTIC,    46, -9.104569451705e-01, 2.913417787506e-05, 1.3698e+02, 2.4156e+00, 
 1DIAGNOSTIC,    47, -9.106191411090e-01, 2.720886045808e-05, 1.3931e+02, 2.3272e+00, 
 1DIAGNOSTIC,    48, -9.107815444565e-01, 2.546710207487e-05, 1.4151e+02, 2.2039e+00, 
 1DIAGNOSTIC,    49, -9.109370954208e-01, 2.393829591109e-05, 1.4373e+02, 2.2199e+00, 
 1DIAGNOSTIC,    50, -9.110750010219e-01, 2.253598109462e-05, 1.4593e+02, 2.1989e+00, 
 1DIAGNOSTIC,    51, -9.112125320274e-01, 2.122421116928e-05, 1.4827e+02, 2.3400e+00, 
 1DIAGNOSTIC,    52, -9.113454781074e-01, 2.001606041931e-05, 1.5046e+02, 2.1962e+00, 
 1DIAGNOSTIC,    53, -9.114738178904e-01, 1.885857997818e-05, 1.5283e+02, 2.3623e+00, 
 1DIAGNOSTIC,    54, -9.116060577640e-01, 1.782084048355e-05, 1.5516e+02, 2.3353e+00, 
 1DIAGNOSTIC,    55, -9.117207220497e-01, 1.680416368575e-05, 1.5735e+02, 2.1888e+00, 
 1DIAGNOSTIC,    56, -9.118359170626e-01, 1.587867462116e-05, 1.5965e+02, 2.3019e+00, 
 1DIAGNOSTIC,    57, -9.119444419304e-01, 1.499495433838e-05, 1.6191e+02, 2.2528e+00, 
 1DIAGNOSTIC,    58, -9.120499626603e-01, 1.419326685956e-05, 1.6411e+02, 2.2087e+00, 
 1DIAGNOSTIC,    59, -9.121536195993e-01, 1.347716077503e-05, 1.6655e+02, 2.4376e+00, 
 1DIAGNOSTIC,    60, -9.122548004591e-01, 1.278235639568e-05, 1.6887e+02, 2.3141e+00, 
 1DIAGNOSTIC,    61, -9.123555279086e-01, 1.214962958520e-05, 1.7106e+02, 2.1938e+00, 
 1DIAGNOSTIC,    62, -9.124543951851e-01, 1.158348356798e-05, 1.7327e+02, 2.2079e+00, 
 1DIAGNOSTIC,    63, -9.125508839662e-01, 1.108004881449e-05, 1.7565e+02, 2.3866e+00, 
 1DIAGNOSTIC,    64, -9.126422297681e-01, 1.066321529831e-05, 1.7791e+02, 2.2533e+00, 
 1DIAGNOSTIC,    65, -9.127380442610e-01, 1.028865125217e-05, 1.8010e+02, 2.1963e+00, 
 1DIAGNOSTIC,    66, -9.128321393109e-01, 9.968454342146e-06, 1.8234e+02, 2.2359e+00, 
 1DIAGNOSTIC,    67, -9.129279346140e-01, 9.692854726833e-06, 1.8455e+02, 2.2063e+00, 
 1DIAGNOSTIC,    68, -9.130229484743e-01, 9.454789474967e-06, 1.8692e+02, 2.3771e+00, 
 1DIAGNOSTIC,    69, -9.131235723389e-01, 9.279340856113e-06, 1.8931e+02, 2.3892e+00, 
 1DIAGNOSTIC,    70, -9.132181877699e-01, 9.128119257698e-06, 1.9150e+02, 2.1919e+00, 
XXDIAGNOSTIC,Iteration,metricValue,convergenceValue,ITERATION_TIME_INDEX,SINCE_LAST
 1DIAGNOSTIC,     1, -8.550350669901e-01, 1.797693134862e+308, 2.1079e+02, 1.9288e+01, 
 1DIAGNOSTIC,     2, -8.571634414494e-01, 1.797693134862e+308, 2.2925e+02, 1.8461e+01, 
 1DIAGNOSTIC,     3, -8.596662857900e-01, 1.797693134862e+308, 2.4816e+02, 1.8911e+01, 
 1DIAGNOSTIC,     4, -8.621020940875e-01, 1.797693134862e+308, 2.6898e+02, 2.0816e+01, 
 1DIAGNOSTIC,     5, -8.643532027522e-01, 1.797693134862e+308, 2.8690e+02, 1.7923e+01, 
 1DIAGNOSTIC,     6, -8.664297878782e-01, 1.797693134862e+308, 3.0551e+02, 1.8605e+01, 
 1DIAGNOSTIC,     7, -8.682162851175e-01, 1.797693134862e+308, 3.2364e+02, 1.8133e+01, 
 1DIAGNOSTIC,     8, -8.697621381678e-01, 1.797693134862e+308, 3.4189e+02, 1.8246e+01, 
 1DIAGNOSTIC,     9, -8.711217770670e-01, 1.797693134862e+308, 3.5994e+02, 1.8049e+01, 
 1DIAGNOSTIC,    10, -8.723355003808e-01, 1.310809943705e-03, 3.7810e+02, 1.8160e+01, 
 1DIAGNOSTIC,    11, -8.733966870038e-01, 1.091249688249e-03, 3.9615e+02, 1.8051e+01, 
 1DIAGNOSTIC,    12, -8.743201071152e-01, 8.932809301105e-04, 4.1422e+02, 1.8072e+01, 
 1DIAGNOSTIC,    13, -8.751460827181e-01, 7.285601325127e-04, 4.3207e+02, 1.7852e+01, 
 1DIAGNOSTIC,    14, -8.758977546098e-01, 5.953236136438e-04, 4.4990e+02, 1.7833e+01, 
 1DIAGNOSTIC,    15, -8.765955906110e-01, 4.893991594614e-04, 4.6819e+02, 1.8281e+01, 
 1DIAGNOSTIC,    16, -8.772477887651e-01, 4.072728161438e-04, 4.8704e+02, 1.8853e+01, 
 1DIAGNOSTIC,    17, -8.778587983677e-01, 3.431563641356e-04, 5.0623e+02, 1.9197e+01, 
 1DIAGNOSTIC,    18, -8.784493336030e-01, 2.930330678873e-04, 5.2509e+02, 1.8859e+01, 
 1DIAGNOSTIC,    19, -8.790274573338e-01, 2.541446253407e-04, 5.4408e+02, 1.8984e+01, 
 1DIAGNOSTIC,    20, -8.796018085700e-01, 2.245468284602e-04, 5.6248e+02, 1.8405e+01, 
 1DIAGNOSTIC,    21, -8.801860694832e-01, 2.022830267753e-04, 5.8069e+02, 1.8209e+01, 
 1DIAGNOSTIC,    22, -8.807830575178e-01, 1.855826093276e-04, 5.9932e+02, 1.8629e+01, 
 1DIAGNOSTIC,    23, -8.813266199811e-01, 1.722834295028e-04, 6.1739e+02, 1.8066e+01, 
 1DIAGNOSTIC,    24, -8.818265618179e-01, 1.608722032342e-04, 6.3549e+02, 1.8101e+01, 
 1DIAGNOSTIC,    25, -8.822889114889e-01, 1.503380767122e-04, 6.5377e+02, 1.8277e+01, 
 1DIAGNOSTIC,    26, -8.827270600798e-01, 1.400868072163e-04, 6.7269e+02, 1.8927e+01, 
 1DIAGNOSTIC,    27, -8.831233941193e-01, 1.295003997323e-04, 6.9142e+02, 1.8728e+01, 
 1DIAGNOSTIC,    28, -8.834818980427e-01, 1.184629848331e-04, 7.0951e+02, 1.8089e+01, 
 1DIAGNOSTIC,    29, -8.838201182646e-01, 1.072754187505e-04, 7.2773e+02, 1.8219e+01, 
 1DIAGNOSTIC,    30, -8.841465994686e-01, 9.644522559035e-05, 7.4561e+02, 1.7878e+01, 
 1DIAGNOSTIC,    31, -8.844661851665e-01, 8.663611585745e-05, 7.6397e+02, 1.8362e+01, 
 1DIAGNOSTIC,    32, -8.847867407626e-01, 7.853268726515e-05, 7.8233e+02, 1.8361e+01, 
 1DIAGNOSTIC,    33, -8.851137663073e-01, 7.203501893523e-05, 8.0109e+02, 1.8763e+01, 
 1DIAGNOSTIC,    34, -8.854492741952e-01, 6.705641652376e-05, 8.1994e+02, 1.8844e+01, 
 1DIAGNOSTIC,    35, -8.857960212995e-01, 6.348808102476e-05, 8.3827e+02, 1.8333e+01, 
 1DIAGNOSTIC,    36, -8.861600821641e-01, 6.130846799731e-05, 8.5681e+02, 1.8540e+01, 
 1DIAGNOSTIC,    37, -8.865237049659e-01, 6.007495967097e-05, 8.7516e+02, 1.8347e+01, 
 1DIAGNOSTIC,    38, -8.868799062669e-01, 5.928909080105e-05, 8.9310e+02, 1.7947e+01, 
 1DIAGNOSTIC,    39, -8.872360404260e-01, 5.867412749428e-05, 9.1158e+02, 1.8476e+01, 
 1DIAGNOSTIC,    40, -8.875878358722e-01, 5.799846532096e-05, 9.3023e+02, 1.8646e+01, 
 1DIAGNOSTIC,    41, -8.879120399764e-01, 5.691610464961e-05, 9.4824e+02, 1.8014e+01, 
 1DIAGNOSTIC,    42, -8.882048727070e-01, 5.519513921171e-05, 9.6650e+02, 1.8255e+01, 
 1DIAGNOSTIC,    43, -8.884663698131e-01, 5.273302083370e-05, 9.8491e+02, 1.8417e+01, 
 1DIAGNOSTIC,    44, -8.887029538932e-01, 4.957129396244e-05, 1.0029e+03, 1.7954e+01, 
 1DIAGNOSTIC,    45, -8.889194394510e-01, 4.587546715835e-05, 1.0210e+03, 1.8099e+01, 
 1DIAGNOSTIC,    46, -8.891177310555e-01, 4.192363939655e-05, 1.0394e+03, 1.8453e+01, 
 1DIAGNOSTIC,    47, -8.893004367672e-01, 3.790913180452e-05, 1.0573e+03, 1.7901e+01, 
 1DIAGNOSTIC,    48, -8.894704844927e-01, 3.399971676555e-05, 1.0766e+03, 1.9311e+01, 
 1DIAGNOSTIC,    49, -8.896292043013e-01, 3.041028116711e-05, 1.0946e+03, 1.7972e+01, 
 1DIAGNOSTIC,    50, -8.897724523836e-01, 2.727228427957e-05, 1.1128e+03, 1.8149e+01, 
XXDIAGNOSTIC,Iteration,metricValue,convergenceValue,ITERATION_TIME_INDEX,SINCE_LAST
 1DIAGNOSTIC,     1, -8.502811933962e-01, 1.797693134862e+308, 1.2679e+03, 1.5517e+02, 
 1DIAGNOSTIC,     2, -8.514399040930e-01, 1.797693134862e+308, 1.4178e+03, 1.4986e+02, 
 1DIAGNOSTIC,     3, -8.529410639979e-01, 1.797693134862e+308, 1.5673e+03, 1.4954e+02, 
 1DIAGNOSTIC,     4, -8.543137009012e-01, 1.797693134862e+308, 1.7159e+03, 1.4856e+02, 
 1DIAGNOSTIC,     5, -8.554995776569e-01, 1.797693134862e+308, 1.8643e+03, 1.4838e+02, 
 1DIAGNOSTIC,     6, -8.566707652307e-01, 1.797693134862e+308, 2.0137e+03, 1.4948e+02, 
 1DIAGNOSTIC,     7, -8.576798634417e-01, 1.797693134862e+308, 2.1639e+03, 1.5020e+02, 
 1DIAGNOSTIC,     8, -8.586087117983e-01, 1.797693134862e+308, 2.3172e+03, 1.5328e+02, 
 1DIAGNOSTIC,     9, -8.594447225860e-01, 1.797693134862e+308, 2.4681e+03, 1.5084e+02, 
 1DIAGNOSTIC,    10, -8.601865132244e-01, 7.552238633517e-04, 2.6178e+03, 1.4975e+02, 
 1DIAGNOSTIC,    11, -8.608856066965e-01, 6.365040740195e-04, 2.7686e+03, 1.5075e+02, 
 1DIAGNOSTIC,    12, -8.614817296644e-01, 5.285594814334e-04, 2.9183e+03, 1.4973e+02, 
 1DIAGNOSTIC,    13, -8.620414598433e-01, 4.417567534610e-04, 3.0715e+03, 1.5321e+02, 
 1DIAGNOSTIC,    14, -8.626697612383e-01, 3.743909790795e-04, 3.2233e+03, 1.5180e+02, 
 1DIAGNOSTIC,    15, -8.631720712520e-01, 3.188020416208e-04, 3.3728e+03, 1.4953e+02, 
 1DIAGNOSTIC,    16, -8.636350135053e-01, 2.746049374413e-04, 3.5234e+03, 1.5056e+02, 
 1DIAGNOSTIC,    17, -8.640867452495e-01, 2.386760259674e-04, 3.6740e+03, 1.5062e+02, 
 1DIAGNOSTIC,    18, -8.645167975258e-01, 2.095634497884e-04, 3.8246e+03, 1.5063e+02, 
 1DIAGNOSTIC,    19, -8.649260593885e-01, 1.856656671659e-04, 3.9746e+03, 1.4996e+02, 
 1DIAGNOSTIC,    20, -8.653216236191e-01, 1.656273645465e-04, 4.1259e+03, 1.5130e+02, 
  Elapsed time (stage 0): 4127.06


Total elapsed time: 4127.06
