
##########################
# Experiment information #
##########################

EXPERIMENT_NAME: antsRegistration-r8-p17
VFC_BACKENDS: libinterflop_vprec.so --range-binary32=8 --precision-binary32=17 --range-binary64=8 --precision-binary64=17

SIF_IMG: /home/mdugre/projects/rrg-glatard/mdugre/containers/ants-vprec-no_metrics.simg

SUBJECT_ID: s003
INPUT_IMG: /home/mdugre/scratch/mri-registration-rp/datasets/ds004513/derivatives/mri-registration-rp/antsBrainExtraction/sub-s003/BrainExtractionBrain.nii.gz
OUTPUT_DIR: /home/mdugre/scratch/mri-registration-rp/datasets/ds004513/derivatives/mri-registration-rp/0100/antsRegistration-r8-p17/sub-s003

FIXED_IMG: /templateflow/tpl-MNI152NLin2009cAsym/tpl-MNI152NLin2009cAsym_res-01_desc-brain_T1w.nii.gz
DATA_DIR: /home/mdugre/scratch/mri-registration-rp/datasets/ds004513
TEMPLATEFLOW_DIR: /home/mdugre/projects/rrg-glatard/mdugre/templateflow
ITK_GLOBAL_DEFAULT_NUMBER_OF_THREADS: 16
##########################

Info [verificarlo]: loaded backend libinterflop_ieee.so
Info [interflop-ieee]: load backend with:
Info [interflop-ieee]: debug = false
Info [interflop-ieee]: debug-binary = false
Info [interflop-ieee]: no-backend-name = false
Info [interflop-ieee]: print-new-line = false
Info [interflop-ieee]: print-subnormal-normalized = false
Info [interflop-ieee]: count-op = false
All_Command_lines_OK
Using double precision for computations.
=============================================================================
The composite transform comprises the following transforms (in order): 
  1. Center of mass alignment using fixed image: /templateflow/tpl-MNI152NLin2009cAsym/tpl-MNI152NLin2009cAsym_res-01_desc-brain_T1w.nii.gz and moving image: /home/mdugre/scratch/mri-registration-rp/datasets/ds004513/derivatives/mri-registration-rp/antsBrainExtraction/sub-s003/BrainExtractionBrain.nii.gz (type = Euler3DTransform)
=============================================================================
  number of levels = 1
  fixed image: /templateflow/tpl-MNI152NLin2009cAsym/tpl-MNI152NLin2009cAsym_res-01_desc-brain_T1w.nii.gz
  moving image: /home/mdugre/scratch/mri-registration-rp/datasets/ds004513/derivatives/mri-registration-rp/antsBrainExtraction/sub-s003/BrainExtractionBrain.nii.gz
Dimension = 3
Number of stages = 1
Use histogram matching = false
Winsorize image intensities = true
  Lower quantile = 0.005
  Upper quantile = 0.995


Stage 1 State
   Image metric = MattesMI
     Fixed image = Image (0x34fbe70)
  RTTI typeinfo:   itk::Image<double, 3u>
  Reference Count: 2
  Modified Time: 2334
  Debug: Off
  Object Name: 
  Observers: 
    none
  Source: (none)
  Source output name: (none)
  Release Data: Off
  Data Released: False
  Global Release Data: Off
  PipelineMTime: 0
  UpdateMTime: 1943
  RealTimeStamp: 0 seconds 
  LargestPossibleRegion: 
    Dimension: 3
    Index: [0, 0, 0]
    Size: [193, 229, 193]
  BufferedRegion: 
    Dimension: 3
    Index: [0, 0, 0]
    Size: [193, 229, 193]
  RequestedRegion: 
    Dimension: 3
    Index: [0, 0, 0]
    Size: [193, 229, 193]
  Spacing: [1, 1, 1]
  Origin: [96, 132, -78]
  Direction: 
-1 0 0
0 -1 0
0 0 1

  IndexToPointMatrix: 
-1 0 0
0 -1 0
0 0 1

  PointToIndexMatrix: 
-1 0 0
0 -1 0
0 0 1

  Inverse Direction: 
-1 0 0
0 -1 0
0 0 1

  PixelContainer: 
    ImportImageContainer (0x3508140)
      RTTI typeinfo:   itk::ImportImageContainer<unsigned long, double>
      Reference Count: 1
      Modified Time: 1940
      Debug: Off
      Object Name: 
      Observers: 
        none
      Pointer: 0x15344b995010
      Container manages memory: true
      Size: 8530021
      Capacity: 8530021

     Moving image = Image (0x3505310)
  RTTI typeinfo:   itk::Image<double, 3u>
  Reference Count: 2
  Modified Time: 2335
  Debug: Off
  Object Name: 
  Observers: 
    none
  Source: (none)
  Source output name: (none)
  Release Data: Off
  Data Released: False
  Global Release Data: Off
  PipelineMTime: 0
  UpdateMTime: 2332
  RealTimeStamp: 0 seconds 
  LargestPossibleRegion: 
    Dimension: 3
    Index: [0, 0, 0]
    Size: [176, 240, 256]
  BufferedRegion: 
    Dimension: 3
    Index: [0, 0, 0]
    Size: [176, 240, 256]
  RequestedRegion: 
    Dimension: 3
    Index: [0, 0, 0]
    Size: [176, 240, 256]
  Spacing: [0.999999, 1, 1]
  Origin: [93.3499, 86.9368, -128.957]
  Direction: 
-0.999513 -0.0279216 -0.0139567
0.0279189 -0.99961 0.000389866
-0.0139622 2.01492e-08 0.999903

  IndexToPointMatrix: 
-0.999512 -0.0279216 -0.0139567
0.0279189 -0.99961 0.000389866
-0.0139621 2.01492e-08 0.999903

  PointToIndexMatrix: 
-0.999514 0.0279189 -0.0139622
-0.0279216 -0.99961 2.01716e-08
-0.0139567 0.000389866 0.999903

  Inverse Direction: 
-0.999513 0.0279189 -0.0139622
-0.0279216 -0.99961 2.01716e-08
-0.0139567 0.000389866 0.999903

  PixelContainer: 
    ImportImageContainer (0x3630610)
      RTTI typeinfo:   itk::ImportImageContainer<unsigned long, double>
      Reference Count: 1
      Modified Time: 2329
      Debug: Off
      Object Name: 
      Observers: 
        none
      Pointer: 0x153446714010
      Container manages memory: true
      Size: 10813440
      Capacity: 10813440

     Weighting = 1
     Sampling strategy = regular
     Number of bins = 32
     Radius = 4
     Sampling percentage  = 0.25
   Transform = Rigid
     Gradient step = 0.1
     Update field sigma (voxel space) = 0
     Total field sigma (voxel space) = 0
     Update field time sigma = 0
     Total field time sigma  = 0
     Number of time indices = 0
     Number of time point samples = 0
Registration using 1 total stages.

Stage 0
  iterations = 0
  convergence threshold = 1e-06
  convergence window size = 10
  number of levels = 1
  using the Mattes MI metric (number of bins = 32, weight = 1, use gradient filter = 0)
  preprocessing:  winsorizing the image intensities
  Shrink factors (level 1 out of 1): [1, 1, 1]
  smoothing sigmas per level: [0]
  regular sampling (percentage = 0.25)

*** Running Euler3DTransform registration ***

  Elapsed time (stage 0): 1.00631


Total elapsed time: 1.011
Info [verificarlo]: loaded backend libinterflop_vprec.so
Info [interflop-vprec]: load backend with: 
Info [interflop-vprec]: precision-binary32 = 17
Info [interflop-vprec]: range-binary32 = 8
Info [interflop-vprec]: precision-binary64 = 17
Info [interflop-vprec]: range-binary64 = 8
Info [interflop-vprec]: mode = ob
Info [interflop-vprec]: error-mode = rel
Info [interflop-vprec]: max-abs-error-exponent = -1022
Info [interflop-vprec]: daz = false
Info [interflop-vprec]: ftz = false
Info [interflop-vprec]: 	instrument = none
Info [interflop-vprec]: 	prec-input-file = (null)
Info [interflop-vprec]: 	prec-output-file = (null)
Info [interflop-vprec]: 	prec-log-file = (null)
All_Command_lines_OK
Using double precision for computations.
=============================================================================
The composite transform comprises the following transforms (in order): 
  1. /home/mdugre/scratch/mri-registration-rp/datasets/ds004513/derivatives/mri-registration-rp/0100/antsRegistration-r8-p17/sub-s003/align_Composite.h5[0] (type = Euler3DTransform)
  2. /home/mdugre/scratch/mri-registration-rp/datasets/ds004513/derivatives/mri-registration-rp/0100/antsRegistration-r8-p17/sub-s003/align_Composite.h5[1] (type = Euler3DTransform)
=============================================================================
  number of levels = 4
  fixed image: /templateflow/tpl-MNI152NLin2009cAsym/tpl-MNI152NLin2009cAsym_res-01_desc-brain_T1w.nii.gz
  moving image: /home/mdugre/scratch/mri-registration-rp/datasets/ds004513/derivatives/mri-registration-rp/antsBrainExtraction/sub-s003/BrainExtractionBrain.nii.gz
Dimension = 3
Number of stages = 1
Use histogram matching = false
Winsorize image intensities = true
  Lower quantile = 0.005
  Upper quantile = 0.995


Stage 1 State
   Image metric = MattesMI
     Fixed image = Image (0x437d1e0)
  RTTI typeinfo:   itk::Image<double, 3u>
  Reference Count: 2
  Modified Time: 1578
  Debug: Off
  Object Name: 
  Observers: 
    none
  Source: (none)
  Source output name: (none)
  Release Data: Off
  Data Released: False
  Global Release Data: Off
  PipelineMTime: 0
  UpdateMTime: 1189
  RealTimeStamp: 0 seconds 
  LargestPossibleRegion: 
    Dimension: 3
    Index: [0, 0, 0]
    Size: [193, 229, 193]
  BufferedRegion: 
    Dimension: 3
    Index: [0, 0, 0]
    Size: [193, 229, 193]
  RequestedRegion: 
    Dimension: 3
    Index: [0, 0, 0]
    Size: [193, 229, 193]
  Spacing: [1, 1, 1]
  Origin: [96, 132, -78]
  Direction: 
-1 0 0
0 -1 0
0 0 1

  IndexToPointMatrix: 
-1 0 0
0 -1 0
0 0 1

  PointToIndexMatrix: 
-1 0 0
0 -1 0
0 0 1

  Inverse Direction: 
-1 0 0
0 -1 0
0 0 1

  PixelContainer: 
    ImportImageContainer (0x443c680)
      RTTI typeinfo:   itk::ImportImageContainer<unsigned long, double>
      Reference Count: 1
      Modified Time: 1186
      Debug: Off
      Object Name: 
      Observers: 
        none
      Pointer: 0x149f4c8f4010
      Container manages memory: true
      Size: 8530021
      Capacity: 8530021

     Moving image = Image (0x4438b20)
  RTTI typeinfo:   itk::Image<double, 3u>
  Reference Count: 2
  Modified Time: 1579
  Debug: Off
  Object Name: 
  Observers: 
    none
  Source: (none)
  Source output name: (none)
  Release Data: Off
  Data Released: False
  Global Release Data: Off
  PipelineMTime: 0
  UpdateMTime: 1576
  RealTimeStamp: 0 seconds 
  LargestPossibleRegion: 
    Dimension: 3
    Index: [0, 0, 0]
    Size: [176, 240, 256]
  BufferedRegion: 
    Dimension: 3
    Index: [0, 0, 0]
    Size: [176, 240, 256]
  RequestedRegion: 
    Dimension: 3
    Index: [0, 0, 0]
    Size: [176, 240, 256]
  Spacing: [1, 1, 1]
  Origin: [93.3501, 86.937, -128.957]
  Direction: 
-0.999512 -0.0279216 -0.0139567
0.0279188 -0.999611 0.000389867
-0.0139621 2.01492e-08 0.999901

  IndexToPointMatrix: 
-0.999512 -0.0279216 -0.0139567
0.0279188 -0.999611 0.000389867
-0.0139621 2.01492e-08 0.999901

  PointToIndexMatrix: 
-0.999512 0.0279188 -0.0139621
-0.0279216 -0.999611 2.04891e-08
-0.0139567 0.000389865 0.999901

  Inverse Direction: 
-0.999512 0.0279188 -0.0139621
-0.0279216 -0.999611 2.04891e-08
-0.0139567 0.000389865 0.999901

  PixelContainer: 
    ImportImageContainer (0x44a1d50)
      RTTI typeinfo:   itk::ImportImageContainer<unsigned long, double>
      Reference Count: 1
      Modified Time: 1573
      Debug: Off
      Object Name: 
      Observers: 
        none
      Pointer: 0x149f47673010
      Container manages memory: true
      Size: 10813440
      Capacity: 10813440

     Weighting = 1
     Sampling strategy = regular
     Number of bins = 32
     Radius = 4
     Sampling percentage  = 0.25
   Transform = Rigid
     Gradient step = 0.1
     Update field sigma (voxel space) = 0
     Total field sigma (voxel space) = 0
     Update field time sigma = 0
     Total field time sigma  = 0
     Number of time indices = 0
     Number of time point samples = 0
Registration using 1 total stages.

Stage 0
  iterations = 1000x500x250x100
  convergence threshold = 1e-06
  convergence window size = 10
  number of levels = 4
  using the Mattes MI metric (number of bins = 32, weight = 1, use gradient filter = 0)
  preprocessing:  winsorizing the image intensities
  Shrink factors (level 1 out of 4): [8, 8, 8]
  Shrink factors (level 2 out of 4): [4, 4, 4]
  Shrink factors (level 3 out of 4): [2, 2, 2]
  Shrink factors (level 4 out of 4): [1, 1, 1]
  smoothing sigmas per level: [3, 2, 1, 0]
  regular sampling (percentage = 0.25)

*** Running Euler3DTransform registration ***

DIAGNOSTIC,Iteration,metricValue,convergenceValue,ITERATION_TIME_INDEX,SINCE_LAST
 2DIAGNOSTIC,     1, -4.871311932092e-01, 1.797693134862e+308, 0.0000e+00, 0.0000e+00, 
 2DIAGNOSTIC,     2, -4.888024946576e-01, 1.797693134862e+308, 0.0000e+00, 0.0000e+00, 
 2DIAGNOSTIC,     3, -4.919141399021e-01, 1.797693134862e+308, 0.0000e+00, 0.0000e+00, 
 2DIAGNOSTIC,     4, -5.018187784519e-01, 1.797693134862e+308, 0.0000e+00, 0.0000e+00, 
 2DIAGNOSTIC,     5, -5.195278698816e-01, 1.797693134862e+308, 0.0000e+00, 0.0000e+00, 
 2DIAGNOSTIC,     6, -5.242462626210e-01, 1.797693134862e+308, 0.0000e+00, 0.0000e+00, 
 2DIAGNOSTIC,     7, -5.355793816941e-01, 1.797693134862e+308, 0.0000e+00, 0.0000e+00, 
 2DIAGNOSTIC,     8, -5.561060826384e-01, 1.797693134862e+308, 0.0000e+00, 0.0000e+00, 
 2DIAGNOSTIC,     9, -5.606972624137e-01, 1.797693134862e+308, 0.0000e+00, 0.0000e+00, 
 2DIAGNOSTIC,    10, -5.619929646483e-01, 1.083707679828e-02, 0.0000e+00, 0.0000e+00, 
 2DIAGNOSTIC,    11, -5.696913315748e-01, 9.925046586339e-03, 0.0000e+00, 0.0000e+00, 
 2DIAGNOSTIC,    12, -5.720094422246e-01, 8.463198099738e-03, 0.0000e+00, 0.0000e+00, 
 2DIAGNOSTIC,    13, -5.831356624538e-01, 7.040138393658e-03, 0.0000e+00, 0.0000e+00, 
 2DIAGNOSTIC,    14, -5.860119144058e-01, 5.659803117664e-03, 0.0000e+00, 0.0000e+00, 
 2DIAGNOSTIC,    15, -5.886011399500e-01, 4.686192087886e-03, 0.0000e+00, 0.0000e+00, 
 2DIAGNOSTIC,    16, -5.994819366797e-01, 3.920481816004e-03, 0.0000e+00, 0.0000e+00, 
 2DIAGNOSTIC,    17, -6.033182762415e-01, 3.329412811588e-03, 0.0000e+00, 0.0000e+00, 
 2DIAGNOSTIC,    18, -6.049692253147e-01, 3.134617048962e-03, 0.0000e+00, 0.0000e+00, 
 2DIAGNOSTIC,    19, -6.144808519843e-01, 3.055433006406e-03, 0.0000e+00, 0.0000e+00, 
 2DIAGNOSTIC,    20, -6.154025288810e-01, 2.751390847781e-03, 0.0000e+00, 0.0000e+00, 
 2DIAGNOSTIC,    21, -6.153919405388e-01, 2.410212965758e-03, 0.0000e+00, 0.0000e+00, 
 2DIAGNOSTIC,    22, -6.154945832051e-01, 1.930198530015e-03, 0.0000e+00, 0.0000e+00, 
 2DIAGNOSTIC,    23, -6.154015169153e-01, 1.558196105443e-03, 0.0000e+00, 0.0000e+00, 
 2DIAGNOSTIC,    24, -6.154495990799e-01, 1.134412706890e-03, 0.0000e+00, 0.0000e+00, 
 2DIAGNOSTIC,    25, -6.154005125966e-01, 6.861070708280e-04, 0.0000e+00, 0.0000e+00, 
 2DIAGNOSTIC,    26, -6.155482032619e-01, 4.228785123159e-04, 0.0000e+00, 0.0000e+00, 
 2DIAGNOSTIC,    27, -6.153873237826e-01, 2.099249001333e-04, 0.0000e+00, 0.0000e+00, 
 2DIAGNOSTIC,    28, -6.158065295782e-01, 2.569177519878e-05, 0.0000e+00, 0.0000e+00, 
 2DIAGNOSTIC,    29, -6.157576854202e-01, 1.310964163229e-05, 0.0000e+00, 0.0000e+00, 
 2DIAGNOSTIC,    30, -6.157216933862e-01, 1.489283454817e-05, 0.0000e+00, 0.0000e+00, 
 2DIAGNOSTIC,    31, -6.158767952004e-01, 1.757860310274e-05, 0.0000e+00, 0.0000e+00, 
 2DIAGNOSTIC,    32, -6.159059145954e-01, 2.050403308512e-05, 0.0000e+00, 0.0000e+00, 
 2DIAGNOSTIC,    33, -6.158512674122e-01, 1.912918286916e-05, 0.0000e+00, 0.0000e+00, 
 2DIAGNOSTIC,    34, -6.157317112027e-01, 1.515939973694e-05, 0.0000e+00, 0.0000e+00, 
 2DIAGNOSTIC,    35, -6.157630163097e-01, 9.893615424014e-06, 0.0000e+00, 0.0000e+00, 
 2DIAGNOSTIC,    36, -6.157456311396e-01, 5.890906333985e-06, 0.0000e+00, 0.0000e+00, 
DIAGNOSTIC,Iteration,metricValue,convergenceValue,ITERATION_TIME_INDEX,SINCE_LAST
 2DIAGNOSTIC,     1, -4.918471631644e-01, 1.797693134862e+308, 0.0000e+00, 0.0000e+00, 
 2DIAGNOSTIC,     2, -4.928255097521e-01, 1.797693134862e+308, 0.0000e+00, 0.0000e+00, 
 2DIAGNOSTIC,     3, -4.941043264475e-01, 1.797693134862e+308, 0.0000e+00, 0.0000e+00, 
 2DIAGNOSTIC,     4, -4.959235947813e-01, 1.797693134862e+308, 0.0000e+00, 0.0000e+00, 
 2DIAGNOSTIC,     5, -4.987209531735e-01, 1.797693134862e+308, 0.0000e+00, 0.0000e+00, 
 2DIAGNOSTIC,     6, -5.032071757567e-01, 1.797693134862e+308, 0.0000e+00, 0.0000e+00, 
 2DIAGNOSTIC,     7, -5.075048404884e-01, 1.797693134862e+308, 0.0000e+00, 0.0000e+00, 
 2DIAGNOSTIC,     8, -5.114861535979e-01, 1.797693134862e+308, 0.0000e+00, 0.0000e+00, 
 2DIAGNOSTIC,     9, -5.141332737169e-01, 1.797693134862e+308, 0.0000e+00, 0.0000e+00, 
 2DIAGNOSTIC,    10, -5.186794088968e-01, 3.609083968157e-03, 0.0000e+00, 0.0000e+00, 
 2DIAGNOSTIC,    11, -5.210050437227e-01, 3.541915666257e-03, 0.0000e+00, 0.0000e+00, 
 2DIAGNOSTIC,    12, -5.229437406754e-01, 3.303364938923e-03, 0.0000e+00, 0.0000e+00, 
 2DIAGNOSTIC,    13, -5.231989161427e-01, 2.871729430968e-03, 0.0000e+00, 0.0000e+00, 
 2DIAGNOSTIC,    14, -5.249343995811e-01, 2.385693499696e-03, 0.0000e+00, 0.0000e+00, 
 2DIAGNOSTIC,    15, -5.255385274356e-01, 1.871028456431e-03, 0.0000e+00, 0.0000e+00, 
 2DIAGNOSTIC,    16, -5.276353338871e-01, 1.477035388391e-03, 0.0000e+00, 0.0000e+00, 
 2DIAGNOSTIC,    17, -5.293028612515e-01, 1.187458505728e-03, 0.0000e+00, 0.0000e+00, 
 2DIAGNOSTIC,    18, -5.296144432062e-01, 9.534631844671e-04, 0.0000e+00, 0.0000e+00, 
 2DIAGNOSTIC,    19, -5.296354125313e-01, 7.328105145885e-04, 0.0000e+00, 0.0000e+00, 
 2DIAGNOSTIC,    20, -5.296150959230e-01, 5.910934001891e-04, 0.0000e+00, 0.0000e+00, 
 2DIAGNOSTIC,    21, -5.296386014764e-01, 4.684717963306e-04, 0.0000e+00, 0.0000e+00, 
 2DIAGNOSTIC,    22, -5.296465813206e-01, 3.621340802466e-04, 0.0000e+00, 0.0000e+00, 
 2DIAGNOSTIC,    23, -5.296512584883e-01, 2.373053166561e-04, 0.0000e+00, 0.0000e+00, 
 2DIAGNOSTIC,    24, -5.296471719999e-01, 1.414718974749e-04, 0.0000e+00, 0.0000e+00, 
 2DIAGNOSTIC,    25, -5.296515049951e-01, 5.294484146643e-05, 0.0000e+00, 0.0000e+00, 
 2DIAGNOSTIC,    26, -5.296456856078e-01, 9.713363753522e-06, 0.0000e+00, 0.0000e+00, 
 2DIAGNOSTIC,    27, -5.296459573222e-01, 2.629673769010e-06, 0.0000e+00, 0.0000e+00, 
 2DIAGNOSTIC,    28, -5.296471427971e-01, 2.034097528227e-06, 0.0000e+00, 0.0000e+00, 
 2DIAGNOSTIC,    29, -5.296430286826e-01, 1.732031838522e-06, 0.0000e+00, 0.0000e+00, 
DIAGNOSTIC,Iteration,metricValue,convergenceValue,ITERATION_TIME_INDEX,SINCE_LAST
 2DIAGNOSTIC,     1, -4.668158433499e-01, 1.797693134862e+308, 0.0000e+00, 0.0000e+00, 
 2DIAGNOSTIC,     2, -4.669662191874e-01, 1.797693134862e+308, 0.0000e+00, 0.0000e+00, 
 2DIAGNOSTIC,     3, -4.671424103434e-01, 1.797693134862e+308, 0.0000e+00, 0.0000e+00, 
 2DIAGNOSTIC,     4, -4.673278665796e-01, 1.797693134862e+308, 0.0000e+00, 0.0000e+00, 
 2DIAGNOSTIC,     5, -4.676608020752e-01, 1.797693134862e+308, 0.0000e+00, 0.0000e+00, 
 2DIAGNOSTIC,     6, -4.689784229837e-01, 1.797693134862e+308, 0.0000e+00, 0.0000e+00, 
 2DIAGNOSTIC,     7, -4.696490561494e-01, 1.797693134862e+308, 0.0000e+00, 0.0000e+00, 
 2DIAGNOSTIC,     8, -4.706644105522e-01, 1.797693134862e+308, 0.0000e+00, 0.0000e+00, 
 2DIAGNOSTIC,     9, -4.731054983982e-01, 1.797693134862e+308, 0.0000e+00, 0.0000e+00, 
 2DIAGNOSTIC,    10, -4.735072216733e-01, 9.619834932665e-04, 0.0000e+00, 0.0000e+00, 
 2DIAGNOSTIC,    11, -4.747242063358e-01, 1.041888418520e-03, 0.0000e+00, 0.0000e+00, 
 2DIAGNOSTIC,    12, -4.775952681116e-01, 1.166503477823e-03, 0.0000e+00, 0.0000e+00, 
 2DIAGNOSTIC,    13, -4.779481801039e-01, 1.187979873543e-03, 0.0000e+00, 0.0000e+00, 
 2DIAGNOSTIC,    14, -4.783374650299e-01, 1.124113217585e-03, 0.0000e+00, 0.0000e+00, 
 2DIAGNOSTIC,    15, -4.784445137344e-01, 9.844610238767e-04, 0.0000e+00, 0.0000e+00, 
 2DIAGNOSTIC,    16, -4.785154385718e-01, 8.249754015746e-04, 0.0000e+00, 0.0000e+00, 
 2DIAGNOSTIC,    17, -4.785068137736e-01, 6.307109658771e-04, 0.0000e+00, 0.0000e+00, 
 2DIAGNOSTIC,    18, -4.785243438113e-01, 4.326799928560e-04, 0.0000e+00, 0.0000e+00, 
 2DIAGNOSTIC,    19, -4.785745775734e-01, 2.958853449960e-04, 0.0000e+00, 0.0000e+00, 
 2DIAGNOSTIC,    20, -4.787021077839e-01, 1.614863883151e-04, 0.0000e+00, 0.0000e+00, 
 2DIAGNOSTIC,    21, -4.787010268770e-01, 5.768830652949e-05, 0.0000e+00, 0.0000e+00, 
 2DIAGNOSTIC,    22, -4.787028910283e-01, 3.642818282059e-05, 0.0000e+00, 0.0000e+00, 
 2DIAGNOSTIC,    23, -4.787002665705e-01, 2.270296996145e-05, 0.0000e+00, 0.0000e+00, 
 2DIAGNOSTIC,    24, -4.786996486239e-01, 1.774364188512e-05, 0.0000e+00, 0.0000e+00, 
 2DIAGNOSTIC,    25, -4.786986057644e-01, 1.408247066697e-05, 0.0000e+00, 0.0000e+00, 
 2DIAGNOSTIC,    26, -4.786977069752e-01, 1.113116571631e-05, 0.0000e+00, 0.0000e+00, 
 2DIAGNOSTIC,    27, -4.786953837151e-01, 7.272502551066e-06, 0.0000e+00, 0.0000e+00, 
 2DIAGNOSTIC,    28, -4.786956107428e-01, 3.499483426546e-06, 0.0000e+00, 0.0000e+00, 
DIAGNOSTIC,Iteration,metricValue,convergenceValue,ITERATION_TIME_INDEX,SINCE_LAST
 2DIAGNOSTIC,     1, -4.448070477684e-01, 1.797693134862e+308, 0.0000e+00, 0.0000e+00, 
 2DIAGNOSTIC,     2, -4.448960328012e-01, 1.797693134862e+308, 0.0000e+00, 0.0000e+00, 
 2DIAGNOSTIC,     3, -4.449334251956e-01, 1.797693134862e+308, 0.0000e+00, 0.0000e+00, 
 2DIAGNOSTIC,     4, -4.449551113008e-01, 1.797693134862e+308, 0.0000e+00, 0.0000e+00, 
 2DIAGNOSTIC,     5, -4.449653824400e-01, 1.797693134862e+308, 0.0000e+00, 0.0000e+00, 
 2DIAGNOSTIC,     6, -4.449626696036e-01, 1.797693134862e+308, 0.0000e+00, 0.0000e+00, 
 2DIAGNOSTIC,     7, -4.449636243895e-01, 1.797693134862e+308, 0.0000e+00, 0.0000e+00, 
 2DIAGNOSTIC,     8, -4.449685179829e-01, 1.797693134862e+308, 0.0000e+00, 0.0000e+00, 
 2DIAGNOSTIC,     9, -4.449813583997e-01, 1.797693134862e+308, 0.0000e+00, 0.0000e+00, 
 2DIAGNOSTIC,    10, -4.450031201871e-01, 2.223432035062e-05, 0.0000e+00, 0.0000e+00, 
 2DIAGNOSTIC,    11, -4.450643628511e-01, 1.733748391416e-05, 0.0000e+00, 0.0000e+00, 
 2DIAGNOSTIC,    12, -4.451493796833e-01, 2.111666917511e-05, 0.0000e+00, 0.0000e+00, 
 2DIAGNOSTIC,    13, -4.451629132870e-01, 2.504758689095e-05, 0.0000e+00, 0.0000e+00, 
 2DIAGNOSTIC,    14, -4.451739851512e-01, 2.790215382920e-05, 0.0000e+00, 0.0000e+00, 
 2DIAGNOSTIC,    15, -4.452175457140e-01, 3.035808008693e-05, 0.0000e+00, 0.0000e+00, 
 2DIAGNOSTIC,    16, -4.453002634602e-01, 3.302530514739e-05, 0.0000e+00, 0.0000e+00, 
 2DIAGNOSTIC,    17, -4.453500093890e-01, 3.431097080183e-05, 0.0000e+00, 0.0000e+00, 
 2DIAGNOSTIC,    18, -4.453574022127e-01, 3.291205048496e-05, 0.0000e+00, 0.0000e+00, 
 2DIAGNOSTIC,    19, -4.453596859384e-01, 2.937653826220e-05, 0.0000e+00, 0.0000e+00, 
 2DIAGNOSTIC,    20, -4.453734604905e-01, 2.472932269768e-05, 0.0000e+00, 0.0000e+00, 
 2DIAGNOSTIC,    21, -4.453846190712e-01, 2.044520475089e-05, 0.0000e+00, 0.0000e+00, 
 2DIAGNOSTIC,    22, -4.453902624162e-01, 1.738886457052e-05, 0.0000e+00, 0.0000e+00, 
 2DIAGNOSTIC,    23, -4.453890388308e-01, 1.348711694321e-05, 0.0000e+00, 0.0000e+00, 
 2DIAGNOSTIC,    24, -4.453944620752e-01, 9.233012795491e-06, 0.0000e+00, 0.0000e+00, 
 2DIAGNOSTIC,    25, -4.453952996887e-01, 5.658179388142e-06, 0.0000e+00, 0.0000e+00, 
 2DIAGNOSTIC,    26, -4.453955756068e-01, 3.944990839423e-06, 0.0000e+00, 0.0000e+00, 
 2DIAGNOSTIC,    27, -4.453958799113e-01, 3.284769609362e-06, 0.0000e+00, 0.0000e+00, 
 2DIAGNOSTIC,    28, -4.453953231195e-01, 2.634017436762e-06, 0.0000e+00, 0.0000e+00, 
 2DIAGNOSTIC,    29, -4.453947477426e-01, 1.918145889068e-06, 0.0000e+00, 0.0000e+00, 
 2DIAGNOSTIC,    30, -4.453938980588e-01, 1.440208339205e-06, 0.0000e+00, 0.0000e+00, 
 2DIAGNOSTIC,    31, -4.453942226641e-01, 1.190865537293e-06, 0.0000e+00, 0.0000e+00, 
 2DIAGNOSTIC,    32, -4.453940642683e-01, 1.051631959091e-06, 0.0000e+00, 0.0000e+00, 
  Elapsed time (stage 0): 0.0000e+00


Total elapsed time: 0.0000e+00
Info [verificarlo]: loaded backend libinterflop_ieee.so
Info [interflop-ieee]: load backend with:
Info [interflop-ieee]: debug = false
Info [interflop-ieee]: debug-binary = false
Info [interflop-ieee]: no-backend-name = false
Info [interflop-ieee]: print-new-line = false
Info [interflop-ieee]: print-subnormal-normalized = false
Info [interflop-ieee]: count-op = false
All_Command_lines_OK
Using double precision for computations.
=============================================================================
The composite transform comprises the following transforms (in order): 
  1. /home/mdugre/scratch/mri-registration-rp/datasets/ds004513/derivatives/mri-registration-rp/0100/antsRegistration-r8-p17/sub-s003/rigid_Composite.h5[0] (type = Euler3DTransform)
  2. /home/mdugre/scratch/mri-registration-rp/datasets/ds004513/derivatives/mri-registration-rp/0100/antsRegistration-r8-p17/sub-s003/rigid_Composite.h5[1] (type = Euler3DTransform)
  3. /home/mdugre/scratch/mri-registration-rp/datasets/ds004513/derivatives/mri-registration-rp/0100/antsRegistration-r8-p17/sub-s003/rigid_Composite.h5[2] (type = Euler3DTransform)
=============================================================================
  number of levels = 4
  fixed image: /templateflow/tpl-MNI152NLin2009cAsym/tpl-MNI152NLin2009cAsym_res-01_desc-brain_T1w.nii.gz
  moving image: /home/mdugre/scratch/mri-registration-rp/datasets/ds004513/derivatives/mri-registration-rp/antsBrainExtraction/sub-s003/BrainExtractionBrain.nii.gz
Dimension = 3
Number of stages = 1
Use histogram matching = false
Winsorize image intensities = true
  Lower quantile = 0.005
  Upper quantile = 0.995


Stage 1 State
   Image metric = MattesMI
     Fixed image = Image (0x4fa77e0)
  RTTI typeinfo:   itk::Image<double, 3u>
  Reference Count: 2
  Modified Time: 1594
  Debug: Off
  Object Name: 
  Observers: 
    none
  Source: (none)
  Source output name: (none)
  Release Data: Off
  Data Released: False
  Global Release Data: Off
  PipelineMTime: 0
  UpdateMTime: 1203
  RealTimeStamp: 0 seconds 
  LargestPossibleRegion: 
    Dimension: 3
    Index: [0, 0, 0]
    Size: [193, 229, 193]
  BufferedRegion: 
    Dimension: 3
    Index: [0, 0, 0]
    Size: [193, 229, 193]
  RequestedRegion: 
    Dimension: 3
    Index: [0, 0, 0]
    Size: [193, 229, 193]
  Spacing: [1, 1, 1]
  Origin: [96, 132, -78]
  Direction: 
-1 0 0
0 -1 0
0 0 1

  IndexToPointMatrix: 
-1 0 0
0 -1 0
0 0 1

  PointToIndexMatrix: 
-1 0 0
0 -1 0
0 0 1

  Inverse Direction: 
-1 0 0
0 -1 0
0 0 1

  PixelContainer: 
    ImportImageContainer (0x5067a20)
      RTTI typeinfo:   itk::ImportImageContainer<unsigned long, double>
      Reference Count: 1
      Modified Time: 1200
      Debug: Off
      Object Name: 
      Observers: 
        none
      Pointer: 0x14f9d297c010
      Container manages memory: true
      Size: 8530021
      Capacity: 8530021

     Moving image = Image (0x501acf0)
  RTTI typeinfo:   itk::Image<double, 3u>
  Reference Count: 2
  Modified Time: 1595
  Debug: Off
  Object Name: 
  Observers: 
    none
  Source: (none)
  Source output name: (none)
  Release Data: Off
  Data Released: False
  Global Release Data: Off
  PipelineMTime: 0
  UpdateMTime: 1592
  RealTimeStamp: 0 seconds 
  LargestPossibleRegion: 
    Dimension: 3
    Index: [0, 0, 0]
    Size: [176, 240, 256]
  BufferedRegion: 
    Dimension: 3
    Index: [0, 0, 0]
    Size: [176, 240, 256]
  RequestedRegion: 
    Dimension: 3
    Index: [0, 0, 0]
    Size: [176, 240, 256]
  Spacing: [0.999999, 1, 1]
  Origin: [93.3499, 86.9368, -128.957]
  Direction: 
-0.999513 -0.0279216 -0.0139567
0.0279189 -0.99961 0.000389866
-0.0139622 2.01492e-08 0.999903

  IndexToPointMatrix: 
-0.999512 -0.0279216 -0.0139567
0.0279189 -0.99961 0.000389866
-0.0139621 2.01492e-08 0.999903

  PointToIndexMatrix: 
-0.999514 0.0279189 -0.0139622
-0.0279216 -0.99961 2.01716e-08
-0.0139567 0.000389866 0.999903

  Inverse Direction: 
-0.999513 0.0279189 -0.0139622
-0.0279216 -0.99961 2.01716e-08
-0.0139567 0.000389866 0.999903

  PixelContainer: 
    ImportImageContainer (0x5096550)
      RTTI typeinfo:   itk::ImportImageContainer<unsigned long, double>
      Reference Count: 1
      Modified Time: 1589
      Debug: Off
      Object Name: 
      Observers: 
        none
      Pointer: 0x14f9cd6fb010
      Container manages memory: true
      Size: 10813440
      Capacity: 10813440

     Weighting = 1
     Sampling strategy = regular
     Number of bins = 32
     Radius = 4
     Sampling percentage  = 0.25
   Transform = Affine
     Gradient step = 0.1
     Update field sigma (voxel space) = 0
     Total field sigma (voxel space) = 0
     Update field time sigma = 0
     Total field time sigma  = 0
     Number of time indices = 0
     Number of time point samples = 0
Registration using 1 total stages.

Stage 0
  iterations = 1000x500x250x100
  convergence threshold = 1e-06
  convergence window size = 10
  number of levels = 4
  using the Mattes MI metric (number of bins = 32, weight = 1, use gradient filter = 0)
  preprocessing:  winsorizing the image intensities
  Shrink factors (level 1 out of 4): [8, 8, 8]
  Shrink factors (level 2 out of 4): [4, 4, 4]
  Shrink factors (level 3 out of 4): [2, 2, 2]
  Shrink factors (level 4 out of 4): [1, 1, 1]
  smoothing sigmas per level: [3, 2, 1, 0]
  regular sampling (percentage = 0.25)

*** Running AffineTransform registration ***

DIAGNOSTIC,Iteration,metricValue,convergenceValue,ITERATION_TIME_INDEX,SINCE_LAST
 2DIAGNOSTIC,     1, -6.616782167866e-01, 1.797693134862e+308, 9.1069e-01, 9.1069e-01, 
 2DIAGNOSTIC,     2, -6.640783849452e-01, 1.797693134862e+308, 9.1543e-01, 4.7450e-03, 
 2DIAGNOSTIC,     3, -6.679393563910e-01, 1.797693134862e+308, 9.1991e-01, 4.4808e-03, 
 2DIAGNOSTIC,     4, -6.745550008980e-01, 1.797693134862e+308, 9.2415e-01, 4.2400e-03, 
 2DIAGNOSTIC,     5, -6.833141723165e-01, 1.797693134862e+308, 9.2849e-01, 4.3409e-03, 
 2DIAGNOSTIC,     6, -6.960831425487e-01, 1.797693134862e+308, 9.3281e-01, 4.3139e-03, 
 2DIAGNOSTIC,     7, -7.071196695933e-01, 1.797693134862e+308, 9.3824e-01, 5.4359e-03, 
 2DIAGNOSTIC,     8, -7.106467133814e-01, 1.797693134862e+308, 9.4332e-01, 5.0778e-03, 
 2DIAGNOSTIC,     9, -7.124748402262e-01, 1.797693134862e+308, 9.4888e-01, 5.5559e-03, 
 2DIAGNOSTIC,    10, -7.202513521273e-01, 6.107120554856e-03, 9.5427e-01, 5.3980e-03, 
 2DIAGNOSTIC,    11, -7.214820340178e-01, 5.385670367614e-03, 9.5937e-01, 5.0950e-03, 
 2DIAGNOSTIC,    12, -7.209744583444e-01, 4.371204573139e-03, 9.6478e-01, 5.4150e-03, 
 2DIAGNOSTIC,    13, -7.234866147264e-01, 3.329233398388e-03, 9.7118e-01, 6.3949e-03, 
 2DIAGNOSTIC,    14, -7.241725552213e-01, 2.350404540975e-03, 9.7634e-01, 5.1589e-03, 
 2DIAGNOSTIC,    15, -7.251941732176e-01, 1.548317572561e-03, 9.8115e-01, 4.8170e-03, 
 2DIAGNOSTIC,    16, -7.261503566962e-01, 1.048382014083e-03, 9.8620e-01, 5.0490e-03, 
 2DIAGNOSTIC,    17, -7.264629393779e-01, 7.834421334449e-04, 9.9216e-01, 5.9540e-03, 
 2DIAGNOSTIC,    18, -7.265396527665e-01, 5.582953249327e-04, 9.9886e-01, 6.7048e-03, 
 2DIAGNOSTIC,    19, -7.265892291864e-01, 3.410630017496e-04, 1.0039e+00, 5.0869e-03, 
 2DIAGNOSTIC,    20, -7.267496326413e-01, 2.737336945241e-04, 1.0089e+00, 4.9810e-03, 
 2DIAGNOSTIC,    21, -7.269448353904e-01, 2.155289749200e-04, 1.0139e+00, 4.9660e-03, 
 2DIAGNOSTIC,    22, -7.269783246211e-01, 1.330796417396e-04, 1.0195e+00, 5.6422e-03, 
 2DIAGNOSTIC,    23, -7.268974735624e-01, 8.816419419108e-05, 1.0248e+00, 5.2619e-03, 
 2DIAGNOSTIC,    24, -7.269227694312e-01, 5.066551900215e-05, 1.0300e+00, 5.2011e-03, 
 2DIAGNOSTIC,    25, -7.269614468284e-01, 2.812041778551e-05, 1.0349e+00, 4.9129e-03, 
 2DIAGNOSTIC,    26, -7.269186746007e-01, 1.864751744902e-05, 1.0404e+00, 5.4669e-03, 
 2DIAGNOSTIC,    27, -7.268480512729e-01, 1.185978384420e-05, 1.0466e+00, 6.2540e-03, 
 2DIAGNOSTIC,    28, -7.269585294951e-01, 7.326284197480e-06, 1.0517e+00, 5.0371e-03, 
 2DIAGNOSTIC,    29, -7.270822388549e-01, 4.818014323935e-06, 1.0574e+00, 5.6839e-03, 
 2DIAGNOSTIC,    30, -7.272049477104e-01, 5.748769175314e-06, 1.0629e+00, 5.5571e-03, 
 2DIAGNOSTIC,    31, -7.272323510770e-01, 9.022357209579e-06, 1.0698e+00, 6.8381e-03, 
 2DIAGNOSTIC,    32, -7.271399699550e-01, 1.068621557606e-05, 1.0748e+00, 5.0879e-03, 
 2DIAGNOSTIC,    33, -7.271467175963e-01, 1.046132460594e-05, 1.0798e+00, 4.9369e-03, 
 2DIAGNOSTIC,    34, -7.271589160603e-01, 9.711173785537e-06, 1.0859e+00, 6.0840e-03, 
 2DIAGNOSTIC,    35, -7.271709525430e-01, 8.722556767843e-06, 1.0908e+00, 4.9281e-03, 
 2DIAGNOSTIC,    36, -7.271831623581e-01, 6.763348689067e-06, 1.0962e+00, 5.4331e-03, 
 2DIAGNOSTIC,    37, -7.271350771539e-01, 3.099514446738e-06, 1.1011e+00, 4.9210e-03, 
DIAGNOSTIC,Iteration,metricValue,convergenceValue,ITERATION_TIME_INDEX,SINCE_LAST
 2DIAGNOSTIC,     1, -5.977204792353e-01, 1.797693134862e+308, 1.9239e+00, 8.2275e-01, 
 2DIAGNOSTIC,     2, -5.982192267090e-01, 1.797693134862e+308, 1.9594e+00, 3.5546e-02, 
 2DIAGNOSTIC,     3, -5.986921115131e-01, 1.797693134862e+308, 1.9920e+00, 3.2520e-02, 
 2DIAGNOSTIC,     4, -5.994461243436e-01, 1.797693134862e+308, 2.0238e+00, 3.1838e-02, 
 2DIAGNOSTIC,     5, -5.999121599645e-01, 1.797693134862e+308, 2.0564e+00, 3.2575e-02, 
 2DIAGNOSTIC,     6, -6.003249295188e-01, 1.797693134862e+308, 2.0923e+00, 3.5896e-02, 
 2DIAGNOSTIC,     7, -6.006761248620e-01, 1.797693134862e+308, 2.1603e+00, 6.8035e-02, 
 2DIAGNOSTIC,     8, -6.006843260174e-01, 1.797693134862e+308, 2.1919e+00, 3.1631e-02, 
 2DIAGNOSTIC,     9, -6.006829180848e-01, 1.797693134862e+308, 2.2278e+00, 3.5912e-02, 
 2DIAGNOSTIC,    10, -6.006895092780e-01, 3.426263636077e-04, 2.2612e+00, 3.3308e-02, 
 2DIAGNOSTIC,    11, -6.006908730543e-01, 2.399650870727e-04, 2.2947e+00, 3.3535e-02, 
 2DIAGNOSTIC,    12, -6.007073795400e-01, 1.533545595224e-04, 2.3313e+00, 3.6635e-02, 
 2DIAGNOSTIC,    13, -6.007318075557e-01, 8.419926771769e-05, 2.3651e+00, 3.3769e-02, 
 2DIAGNOSTIC,    14, -6.007550688042e-01, 4.370262881587e-05, 2.4009e+00, 3.5859e-02, 
 2DIAGNOSTIC,    15, -6.008088268566e-01, 2.100061916709e-05, 2.4351e+00, 3.4182e-02, 
 2DIAGNOSTIC,    16, -6.008476635996e-01, 1.245184954335e-05, 2.4657e+00, 3.0529e-02, 
 2DIAGNOSTIC,    17, -6.009054916117e-01, 1.532420187585e-05, 2.4961e+00, 3.0398e-02, 
 2DIAGNOSTIC,    18, -6.010084978586e-01, 1.954060725427e-05, 2.5289e+00, 3.2822e-02, 
 2DIAGNOSTIC,    19, -6.011212683512e-01, 2.438582833241e-05, 2.5601e+00, 3.1246e-02, 
 2DIAGNOSTIC,    20, -6.012619327775e-01, 3.008277091806e-05, 2.5905e+00, 3.0397e-02, 
 2DIAGNOSTIC,    21, -6.016074162527e-01, 4.035827309101e-05, 2.6483e+00, 5.7728e-02, 
 2DIAGNOSTIC,    22, -6.016127414442e-01, 4.638206213173e-05, 2.6790e+00, 3.0720e-02, 
 2DIAGNOSTIC,    23, -6.016080097050e-01, 4.817601364079e-05, 2.7128e+00, 3.3795e-02, 
 2DIAGNOSTIC,    24, -6.015923966337e-01, 4.564212117100e-05, 2.7451e+00, 3.2357e-02, 
 2DIAGNOSTIC,    25, -6.015869637758e-01, 4.002052192145e-05, 2.7759e+00, 3.0804e-02, 
 2DIAGNOSTIC,    26, -6.015919121292e-01, 3.189290045912e-05, 2.8095e+00, 3.3567e-02, 
 2DIAGNOSTIC,    27, -6.015945017791e-01, 2.251881098819e-05, 2.8432e+00, 3.3702e-02, 
 2DIAGNOSTIC,    28, -6.015894073122e-01, 1.352680313777e-05, 2.8765e+00, 3.3307e-02, 
 2DIAGNOSTIC,    29, -6.016054027574e-01, 6.099348595308e-06, 2.9098e+00, 3.3335e-02, 
 2DIAGNOSTIC,    30, -6.016261041472e-01, 1.077819564280e-06, 2.9448e+00, 3.4920e-02, 
 2DIAGNOSTIC,    31, -6.017239127762e-01, 3.128584915024e-06, 2.9766e+00, 3.1817e-02, 
 2DIAGNOSTIC,    32, -6.017412575738e-01, 5.150493071371e-06, 3.0109e+00, 3.4360e-02, 
 2DIAGNOSTIC,    33, -6.018184981485e-01, 7.716364478640e-06, 3.0485e+00, 3.7543e-02, 
 2DIAGNOSTIC,    34, -6.018234818639e-01, 9.335655675652e-06, 3.0849e+00, 3.6445e-02, 
 2DIAGNOSTIC,    35, -6.018384482053e-01, 1.019442188784e-05, 3.1194e+00, 3.4495e-02, 
 2DIAGNOSTIC,    36, -6.018604075655e-01, 1.046582798516e-05, 3.1522e+00, 3.2757e-02, 
 2DIAGNOSTIC,    37, -6.018867749596e-01, 1.017267181630e-05, 3.1869e+00, 3.4699e-02, 
 2DIAGNOSTIC,    38, -6.019027500509e-01, 9.140494737565e-06, 3.2258e+00, 3.8964e-02, 
 2DIAGNOSTIC,    39, -6.018811267756e-01, 7.309846119786e-06, 3.2608e+00, 3.4949e-02, 
 2DIAGNOSTIC,    40, -6.018843644229e-01, 5.229347642188e-06, 3.2960e+00, 3.5246e-02, 
 2DIAGNOSTIC,    41, -6.018982650287e-01, 4.114662191183e-06, 3.3347e+00, 3.8685e-02, 
 2DIAGNOSTIC,    42, -6.019011600024e-01, 2.926172773164e-06, 3.3742e+00, 3.9436e-02, 
 2DIAGNOSTIC,    43, -6.018947324070e-01, 2.367331015277e-06, 3.4085e+00, 3.4319e-02, 
 2DIAGNOSTIC,    44, -6.018947738673e-01, 1.743226538471e-06, 3.4475e+00, 3.8982e-02, 
 2DIAGNOSTIC,    45, -6.018881520284e-01, 1.135951798202e-06, 3.4861e+00, 3.8631e-02, 
DIAGNOSTIC,Iteration,metricValue,convergenceValue,ITERATION_TIME_INDEX,SINCE_LAST
 2DIAGNOSTIC,     1, -5.247825662516e-01, 1.797693134862e+308, 4.8675e+00, 1.3814e+00, 
 2DIAGNOSTIC,     2, -5.251062385916e-01, 1.797693134862e+308, 5.1742e+00, 3.0673e-01, 
 2DIAGNOSTIC,     3, -5.254643584874e-01, 1.797693134862e+308, 5.4514e+00, 2.7718e-01, 
 2DIAGNOSTIC,     4, -5.257715714896e-01, 1.797693134862e+308, 5.7906e+00, 3.3922e-01, 
 2DIAGNOSTIC,     5, -5.262015128154e-01, 1.797693134862e+308, 6.1217e+00, 3.3107e-01, 
 2DIAGNOSTIC,     6, -5.267982656648e-01, 1.797693134862e+308, 6.4556e+00, 3.3393e-01, 
 2DIAGNOSTIC,     7, -5.277043324756e-01, 1.797693134862e+308, 6.7899e+00, 3.3430e-01, 
 2DIAGNOSTIC,     8, -5.318286347180e-01, 1.797693134862e+308, 7.2056e+00, 4.1566e-01, 
 2DIAGNOSTIC,     9, -5.333001148238e-01, 1.797693134862e+308, 7.8432e+00, 6.3766e-01, 
 2DIAGNOSTIC,    10, -5.332981430373e-01, 1.141225735590e-03, 8.1793e+00, 3.3604e-01, 
 2DIAGNOSTIC,    11, -5.332955484920e-01, 1.131977908792e-03, 8.4990e+00, 3.1975e-01, 
 2DIAGNOSTIC,    12, -5.332899733748e-01, 1.036985216156e-03, 8.8133e+00, 3.1425e-01, 
 2DIAGNOSTIC,    13, -5.332902163393e-01, 8.752059102274e-04, 9.1302e+00, 3.1695e-01, 
 2DIAGNOSTIC,    14, -5.332904856474e-01, 6.680833059313e-04, 9.4673e+00, 3.3705e-01, 
 2DIAGNOSTIC,    15, -5.332887741555e-01, 4.453058265454e-04, 9.7974e+00, 3.3012e-01, 
 2DIAGNOSTIC,    16, -5.332870343349e-01, 2.314722590570e-04, 1.0167e+01, 3.6923e-01, 
 2DIAGNOSTIC,    17, -5.332861161940e-01, 4.719900391026e-05, 1.0539e+01, 3.7207e-01, 
DIAGNOSTIC,Iteration,metricValue,convergenceValue,ITERATION_TIME_INDEX,SINCE_LAST
 2DIAGNOSTIC,     1, -4.882092304716e-01, 1.797693134862e+308, 1.3596e+01, 3.0572e+00, 
 2DIAGNOSTIC,     2, -4.883490372918e-01, 1.797693134862e+308, 1.5797e+01, 2.2013e+00, 
 2DIAGNOSTIC,     3, -4.884794472826e-01, 1.797693134862e+308, 1.7754e+01, 1.9571e+00, 
 2DIAGNOSTIC,     4, -4.885964526465e-01, 1.797693134862e+308, 1.9588e+01, 1.8340e+00, 
 2DIAGNOSTIC,     5, -4.887066988303e-01, 1.797693134862e+308, 2.1569e+01, 1.9805e+00, 
 2DIAGNOSTIC,     6, -4.888084518268e-01, 1.797693134862e+308, 2.3416e+01, 1.8474e+00, 
 2DIAGNOSTIC,     7, -4.890395220007e-01, 1.797693134862e+308, 2.5811e+01, 2.3951e+00, 
 2DIAGNOSTIC,     8, -4.891406734759e-01, 1.797693134862e+308, 2.7697e+01, 1.8854e+00, 
 2DIAGNOSTIC,     9, -4.892590831823e-01, 1.797693134862e+308, 2.9611e+01, 1.9140e+00, 
 2DIAGNOSTIC,    10, -4.896511761783e-01, 1.732365633627e-04, 3.1341e+01, 1.7308e+00, 
 2DIAGNOSTIC,    11, -4.897807739300e-01, 1.699590485005e-04, 3.3344e+01, 2.0024e+00, 
 2DIAGNOSTIC,    12, -4.899198342137e-01, 1.656454446689e-04, 3.5693e+01, 2.3492e+00, 
 2DIAGNOSTIC,    13, -4.899861872208e-01, 1.561024221396e-04, 3.7698e+01, 2.0054e+00, 
 2DIAGNOSTIC,    14, -4.900939454545e-01, 1.432915198459e-04, 3.9643e+01, 1.9449e+00, 
 2DIAGNOSTIC,    15, -4.901640771464e-01, 1.260703636488e-04, 4.1489e+01, 1.8455e+00, 
 2DIAGNOSTIC,    16, -4.903214851802e-01, 1.087830397361e-04, 4.4009e+01, 2.5201e+00, 
 2DIAGNOSTIC,    17, -4.904087081552e-01, 9.457467217214e-05, 4.5874e+01, 1.8648e+00, 
 2DIAGNOSTIC,    18, -4.904388515763e-01, 7.768381528375e-05, 4.8023e+01, 2.1495e+00, 
 2DIAGNOSTIC,    19, -4.904542418072e-01, 5.941588904728e-05, 4.9645e+01, 1.6218e+00, 
 2DIAGNOSTIC,    20, -4.904724268226e-01, 4.947163091809e-05, 5.1760e+01, 2.1155e+00, 
 2DIAGNOSTIC,    21, -4.904773714116e-01, 3.961083661178e-05, 5.4566e+01, 2.8054e+00, 
 2DIAGNOSTIC,    22, -4.904774261015e-01, 3.072784025663e-05, 5.6370e+01, 1.8040e+00, 
 2DIAGNOSTIC,    23, -4.904774002895e-01, 2.154777101374e-05, 5.7923e+01, 1.5527e+00, 
 2DIAGNOSTIC,    24, -4.904778652032e-01, 1.388428299981e-05, 5.9682e+01, 1.7591e+00, 
 2DIAGNOSTIC,    25, -4.904775318887e-01, 7.197998178506e-06, 6.1892e+01, 2.2103e+00, 
 2DIAGNOSTIC,    26, -4.904777670965e-01, 3.943217379503e-06, 6.4784e+01, 2.8919e+00, 
 2DIAGNOSTIC,    27, -4.904778313007e-01, 2.541219708635e-06, 6.6646e+01, 1.8622e+00, 
 2DIAGNOSTIC,    28, -4.904777011838e-01, 1.730045940181e-06, 6.8858e+01, 2.2119e+00, 
 2DIAGNOSTIC,    29, -4.904776129841e-01, 1.215929024460e-06, 7.0769e+01, 1.9106e+00, 
 2DIAGNOSTIC,    30, -4.904773144925e-01, 1.068311292915e-06, 7.2341e+01, 1.5724e+00, 
 2DIAGNOSTIC,    31, -4.904772549816e-01, 1.021185757351e-06, 7.3926e+01, 1.5851e+00, 
  Elapsed time (stage 0): 7.4993e+01


Total elapsed time: 7.4998e+01
Info [verificarlo]: loaded backend libinterflop_ieee.so
Info [interflop-ieee]: load backend with:
Info [interflop-ieee]: debug = false
Info [interflop-ieee]: debug-binary = false
Info [interflop-ieee]: no-backend-name = false
Info [interflop-ieee]: print-new-line = false
Info [interflop-ieee]: print-subnormal-normalized = false
Info [interflop-ieee]: count-op = false
All_Command_lines_OK
Using double precision for computations.
=============================================================================
The composite transform comprises the following transforms (in order): 
  1. /home/mdugre/scratch/mri-registration-rp/datasets/ds004513/derivatives/mri-registration-rp/0100/antsRegistration-r8-p17/sub-s003/affine_Composite.h5[0] (type = Euler3DTransform)
  2. /home/mdugre/scratch/mri-registration-rp/datasets/ds004513/derivatives/mri-registration-rp/0100/antsRegistration-r8-p17/sub-s003/affine_Composite.h5[1] (type = Euler3DTransform)
  3. /home/mdugre/scratch/mri-registration-rp/datasets/ds004513/derivatives/mri-registration-rp/0100/antsRegistration-r8-p17/sub-s003/affine_Composite.h5[2] (type = Euler3DTransform)
  4. /home/mdugre/scratch/mri-registration-rp/datasets/ds004513/derivatives/mri-registration-rp/0100/antsRegistration-r8-p17/sub-s003/affine_Composite.h5[3] (type = AffineTransform)
=============================================================================
  number of levels = 4
  fixed image: /templateflow/tpl-MNI152NLin2009cAsym/tpl-MNI152NLin2009cAsym_res-01_desc-brain_T1w.nii.gz
  moving image: /home/mdugre/scratch/mri-registration-rp/datasets/ds004513/derivatives/mri-registration-rp/antsBrainExtraction/sub-s003/BrainExtractionBrain.nii.gz
Dimension = 3
Number of stages = 1
Use histogram matching = false
Winsorize image intensities = true
  Lower quantile = 0.005
  Upper quantile = 0.995


Stage 1 State
   Image metric = CC
     Fixed image = Image (0x502aa40)
  RTTI typeinfo:   itk::Image<double, 3u>
  Reference Count: 2
  Modified Time: 1608
  Debug: Off
  Object Name: 
  Observers: 
    none
  Source: (none)
  Source output name: (none)
  Release Data: Off
  Data Released: False
  Global Release Data: Off
  PipelineMTime: 0
  UpdateMTime: 1217
  RealTimeStamp: 0 seconds 
  LargestPossibleRegion: 
    Dimension: 3
    Index: [0, 0, 0]
    Size: [193, 229, 193]
  BufferedRegion: 
    Dimension: 3
    Index: [0, 0, 0]
    Size: [193, 229, 193]
  RequestedRegion: 
    Dimension: 3
    Index: [0, 0, 0]
    Size: [193, 229, 193]
  Spacing: [1, 1, 1]
  Origin: [96, 132, -78]
  Direction: 
-1 0 0
0 -1 0
0 0 1

  IndexToPointMatrix: 
-1 0 0
0 -1 0
0 0 1

  PointToIndexMatrix: 
-1 0 0
0 -1 0
0 0 1

  Inverse Direction: 
-1 0 0
0 -1 0
0 0 1

  PixelContainer: 
    ImportImageContainer (0x50f9780)
      RTTI typeinfo:   itk::ImportImageContainer<unsigned long, double>
      Reference Count: 1
      Modified Time: 1214
      Debug: Off
      Object Name: 
      Observers: 
        none
      Pointer: 0x148c5e878010
      Container manages memory: true
      Size: 8530021
      Capacity: 8530021

     Moving image = Image (0x50e63b0)
  RTTI typeinfo:   itk::Image<double, 3u>
  Reference Count: 2
  Modified Time: 1609
  Debug: Off
  Object Name: 
  Observers: 
    none
  Source: (none)
  Source output name: (none)
  Release Data: Off
  Data Released: False
  Global Release Data: Off
  PipelineMTime: 0
  UpdateMTime: 1606
  RealTimeStamp: 0 seconds 
  LargestPossibleRegion: 
    Dimension: 3
    Index: [0, 0, 0]
    Size: [176, 240, 256]
  BufferedRegion: 
    Dimension: 3
    Index: [0, 0, 0]
    Size: [176, 240, 256]
  RequestedRegion: 
    Dimension: 3
    Index: [0, 0, 0]
    Size: [176, 240, 256]
  Spacing: [0.999999, 1, 1]
  Origin: [93.3499, 86.9368, -128.957]
  Direction: 
-0.999513 -0.0279216 -0.0139567
0.0279189 -0.99961 0.000389866
-0.0139622 2.01492e-08 0.999903

  IndexToPointMatrix: 
-0.999512 -0.0279216 -0.0139567
0.0279189 -0.99961 0.000389866
-0.0139621 2.01492e-08 0.999903

  PointToIndexMatrix: 
-0.999514 0.0279189 -0.0139622
-0.0279216 -0.99961 2.01716e-08
-0.0139567 0.000389866 0.999903

  Inverse Direction: 
-0.999513 0.0279189 -0.0139622
-0.0279216 -0.99961 2.01716e-08
-0.0139567 0.000389866 0.999903

  PixelContainer: 
    ImportImageContainer (0x5142550)
      RTTI typeinfo:   itk::ImportImageContainer<unsigned long, double>
      Reference Count: 1
      Modified Time: 1603
      Debug: Off
      Object Name: 
      Observers: 
        none
      Pointer: 0x148c595f7010
      Container manages memory: true
      Size: 10813440
      Capacity: 10813440

     Weighting = 1
     Sampling strategy = none
     Number of bins = 32
     Radius = 4
     Sampling percentage  = 1
   Transform = SyN
     Gradient step = 0.1
     Update field sigma (voxel space) = 3
     Total field sigma (voxel space) = 0
     Update field time sigma = 0
     Total field time sigma  = 0
     Number of time indices = 0
     Number of time point samples = 0
Registration using 1 total stages.

Stage 0
  iterations = 100x70x50x20
  convergence threshold = 1e-06
  convergence window size = 10
  number of levels = 4
  using the CC metric (radius = 4, weight = 1, use gradient filter = 0)
  preprocessing:  winsorizing the image intensities
  Shrink factors (level 1 out of 4): [8, 8, 8]
  Shrink factors (level 2 out of 4): [4, 4, 4]
  Shrink factors (level 3 out of 4): [2, 2, 2]
  Shrink factors (level 4 out of 4): [1, 1, 1]
  smoothing sigmas per level: [3, 2, 1, 0]
  Using default NONE metricSamplingStrategy 

*** Running SyN registration (varianceForUpdateField = 3, varianceForTotalField = 0) ***

XXDIAGNOSTIC,Iteration,metricValue,convergenceValue,ITERATION_TIME_INDEX,SINCE_LAST
 1DIAGNOSTIC,     1, -8.478937678257e-01, 1.797693134862e+308, 1.3852e+00, 1.3852e+00, 
 1DIAGNOSTIC,     2, -8.630484283001e-01, 1.797693134862e+308, 1.7687e+00, 3.8343e-01, 
 1DIAGNOSTIC,     3, -8.769240892221e-01, 1.797693134862e+308, 2.0564e+00, 2.8771e-01, 
 1DIAGNOSTIC,     4, -8.888799614772e-01, 1.797693134862e+308, 2.3815e+00, 3.2514e-01, 
 1DIAGNOSTIC,     5, -8.980898146949e-01, 1.797693134862e+308, 2.6655e+00, 2.8399e-01, 
 1DIAGNOSTIC,     6, -9.059568729914e-01, 1.797693134862e+308, 2.9652e+00, 2.9971e-01, 
 1DIAGNOSTIC,     7, -9.122203791152e-01, 1.797693134862e+308, 3.3004e+00, 3.3516e-01, 
 1DIAGNOSTIC,     8, -9.177449492302e-01, 1.797693134862e+308, 3.6570e+00, 3.5661e-01, 
 1DIAGNOSTIC,     9, -9.223380191249e-01, 1.797693134862e+308, 3.9916e+00, 3.3464e-01, 
 1DIAGNOSTIC,    10, -9.262277202212e-01, 5.427274809697e-03, 4.3329e+00, 3.4122e-01, 
 1DIAGNOSTIC,    11, -9.292757104933e-01, 4.112937482048e-03, 4.6272e+00, 2.9436e-01, 
 1DIAGNOSTIC,    12, -9.315499986595e-01, 3.108255267299e-03, 4.9341e+00, 3.0684e-01, 
 1DIAGNOSTIC,    13, -9.334944643761e-01, 2.360480183307e-03, 5.2094e+00, 2.7531e-01, 
 1DIAGNOSTIC,    14, -9.350961323027e-01, 1.808997898228e-03, 5.4901e+00, 2.8070e-01, 
 1DIAGNOSTIC,    15, -9.365540254105e-01, 1.388109525775e-03, 5.8393e+00, 3.4927e-01, 
 1DIAGNOSTIC,    16, -9.378908344399e-01, 1.072033018297e-03, 6.1072e+00, 2.6788e-01, 
 1DIAGNOSTIC,    17, -9.390984130294e-01, 8.311176181513e-04, 6.4082e+00, 3.0097e-01, 
 1DIAGNOSTIC,    18, -9.402442958827e-01, 6.551753806060e-04, 6.7121e+00, 3.0396e-01, 
 1DIAGNOSTIC,    19, -9.413180783150e-01, 5.292261822208e-04, 6.9845e+00, 2.7237e-01, 
 1DIAGNOSTIC,    20, -9.422862997164e-01, 4.416393712270e-04, 7.3054e+00, 3.2085e-01, 
 1DIAGNOSTIC,    21, -9.432541222045e-01, 3.802447913267e-04, 7.6121e+00, 3.0677e-01, 
 1DIAGNOSTIC,    22, -9.441637624452e-01, 3.334460310831e-04, 7.9324e+00, 3.2029e-01, 
 1DIAGNOSTIC,    23, -9.450358592780e-01, 2.971803275253e-04, 8.2151e+00, 2.8265e-01, 
 1DIAGNOSTIC,    24, -9.458558446466e-01, 2.670609009775e-04, 8.4984e+00, 2.8335e-01, 
 1DIAGNOSTIC,    25, -9.466246057362e-01, 2.416007722137e-04, 8.7570e+00, 2.5852e-01, 
 1DIAGNOSTIC,    26, -9.473562289872e-01, 2.197705563405e-04, 9.0656e+00, 3.0869e-01, 
 1DIAGNOSTIC,    27, -9.480585031925e-01, 2.005078827846e-04, 9.4208e+00, 3.5520e-01, 
 1DIAGNOSTIC,    28, -9.487374250801e-01, 1.836425635266e-04, 9.7333e+00, 3.1247e-01, 
 1DIAGNOSTIC,    29, -9.493982239387e-01, 1.688965939785e-04, 1.0043e+01, 3.0935e-01, 
 1DIAGNOSTIC,    30, -9.500424609715e-01, 1.555812630104e-04, 1.0335e+01, 2.9216e-01, 
 1DIAGNOSTIC,    31, -9.506583678010e-01, 1.439967171844e-04, 1.0615e+01, 2.7983e-01, 
 1DIAGNOSTIC,    32, -9.512489503652e-01, 1.337943561400e-04, 1.0897e+01, 2.8230e-01, 
 1DIAGNOSTIC,    33, -9.518166078885e-01, 1.248241568474e-04, 1.1173e+01, 2.7574e-01, 
 1DIAGNOSTIC,    34, -9.523534567856e-01, 1.166944567961e-04, 1.1471e+01, 2.9848e-01, 
 1DIAGNOSTIC,    35, -9.528742303100e-01, 1.091677093100e-04, 1.1762e+01, 2.9096e-01, 
 1DIAGNOSTIC,    36, -9.533570995635e-01, 1.019523810997e-04, 1.2084e+01, 3.2227e-01, 
 1DIAGNOSTIC,    37, -9.538087552381e-01, 9.492421983917e-05, 1.2384e+01, 2.9997e-01, 
 1DIAGNOSTIC,    38, -9.542248279651e-01, 8.800096277991e-05, 1.2718e+01, 3.3387e-01, 
 1DIAGNOSTIC,    39, -9.546104706909e-01, 8.121431225972e-05, 1.2993e+01, 2.7428e-01, 
 1DIAGNOSTIC,    40, -9.549704036817e-01, 7.466344994760e-05, 1.3316e+01, 3.2331e-01, 
 1DIAGNOSTIC,    41, -9.553074169058e-01, 6.838119918770e-05, 1.3614e+01, 2.9861e-01, 
 1DIAGNOSTIC,    42, -9.556220082258e-01, 6.242892895107e-05, 1.3905e+01, 2.9020e-01, 
 1DIAGNOSTIC,    43, -9.559175213797e-01, 5.690162592378e-05, 1.4215e+01, 3.1069e-01, 
 1DIAGNOSTIC,    44, -9.561996873806e-01, 5.185204790643e-05, 1.4541e+01, 3.2606e-01, 
 1DIAGNOSTIC,    45, -9.563063968924e-01, 4.631516260938e-05, 1.4871e+01, 3.2963e-01, 
 1DIAGNOSTIC,    46, -9.565394625854e-01, 4.135761769950e-05, 1.5213e+01, 3.4211e-01, 
 1DIAGNOSTIC,    47, -9.567943279073e-01, 3.722345991218e-05, 1.5471e+01, 2.5742e-01, 
 1DIAGNOSTIC,    48, -9.570397307465e-01, 3.387697271858e-05, 1.5746e+01, 2.7542e-01, 
 1DIAGNOSTIC,    49, -9.572610048032e-01, 3.119862895483e-05, 1.6017e+01, 2.7111e-01, 
 1DIAGNOSTIC,    50, -9.574560209120e-01, 2.904302980989e-05, 1.6288e+01, 2.7052e-01, 
 1DIAGNOSTIC,    51, -9.576258425634e-01, 2.723237058969e-05, 1.6554e+01, 2.6686e-01, 
 1DIAGNOSTIC,    52, -9.577720593625e-01, 2.557719994317e-05, 1.6864e+01, 3.0921e-01, 
 1DIAGNOSTIC,    53, -9.578955991695e-01, 2.394013284763e-05, 1.7169e+01, 3.0486e-01, 
 1DIAGNOSTIC,    54, -9.580010172559e-01, 2.229519958461e-05, 1.7448e+01, 2.7980e-01, 
 1DIAGNOSTIC,    55, -9.580584444689e-01, 1.951187591942e-05, 1.7722e+01, 2.7404e-01, 
 1DIAGNOSTIC,    56, -9.581357752952e-01, 1.667108420604e-05, 1.8002e+01, 2.7966e-01, 
 1DIAGNOSTIC,    57, -9.582020139222e-01, 1.406453685144e-05, 1.8316e+01, 3.1370e-01, 
 1DIAGNOSTIC,    58, -9.583033096571e-01, 1.203652256935e-05, 1.8585e+01, 2.6877e-01, 
 1DIAGNOSTIC,    59, -9.583521930165e-01, 1.033553371528e-05, 1.8862e+01, 2.7739e-01, 
 1DIAGNOSTIC,    60, -9.583935918779e-01, 8.931824400940e-06, 1.9167e+01, 3.0498e-01, 
 1DIAGNOSTIC,    61, -9.584286763674e-01, 7.773460578699e-06, 1.9587e+01, 4.2025e-01, 
 1DIAGNOSTIC,    62, -9.584564435429e-01, 6.789427356452e-06, 1.9916e+01, 3.2844e-01, 
 1DIAGNOSTIC,    63, -9.584795857854e-01, 5.922590015341e-06, 2.0221e+01, 3.0579e-01, 
 1DIAGNOSTIC,    64, -9.584940641543e-01, 5.124177337956e-06, 2.0531e+01, 3.0977e-01, 
 1DIAGNOSTIC,    65, -9.585078845559e-01, 4.234428420364e-06, 2.0797e+01, 2.6632e-01, 
 1DIAGNOSTIC,    66, -9.585145765398e-01, 3.393375957284e-06, 2.1061e+01, 2.6378e-01, 
 1DIAGNOSTIC,    67, -9.585230495503e-01, 2.624724813112e-06, 2.1338e+01, 2.7628e-01, 
 1DIAGNOSTIC,    68, -9.585226093461e-01, 2.115947027554e-06, 2.1606e+01, 2.6886e-01, 
 1DIAGNOSTIC,    69, -9.585284424608e-01, 1.700878967940e-06, 2.1872e+01, 2.6548e-01, 
 1DIAGNOSTIC,    70, -9.585262089048e-01, 1.344808991138e-06, 2.2144e+01, 2.7244e-01, 
 1DIAGNOSTIC,    71, -9.585389443544e-01, 1.115087622084e-06, 2.2405e+01, 2.6110e-01, 
 1DIAGNOSTIC,    72, -9.585296313487e-01, 9.023168976701e-07, 2.2675e+01, 2.6916e-01, 
XXDIAGNOSTIC,Iteration,metricValue,convergenceValue,ITERATION_TIME_INDEX,SINCE_LAST
 1DIAGNOSTIC,     1, -8.840784229247e-01, 1.797693134862e+308, 2.5372e+01, 2.6971e+00, 
 1DIAGNOSTIC,     2, -8.874062535691e-01, 1.797693134862e+308, 2.7414e+01, 2.0427e+00, 
 1DIAGNOSTIC,     3, -8.909936200829e-01, 1.797693134862e+308, 2.9564e+01, 2.1496e+00, 
 1DIAGNOSTIC,     4, -8.940317518353e-01, 1.797693134862e+308, 3.1735e+01, 2.1712e+00, 
 1DIAGNOSTIC,     5, -8.964427125925e-01, 1.797693134862e+308, 3.3835e+01, 2.1003e+00, 
 1DIAGNOSTIC,     6, -8.984704753714e-01, 1.797693134862e+308, 3.5904e+01, 2.0688e+00, 
 1DIAGNOSTIC,     7, -9.001881425013e-01, 1.797693134862e+308, 3.7775e+01, 1.8703e+00, 
 1DIAGNOSTIC,     8, -9.016773720237e-01, 1.797693134862e+308, 3.9625e+01, 1.8503e+00, 
 1DIAGNOSTIC,     9, -9.029856487134e-01, 1.797693134862e+308, 4.1442e+01, 1.8171e+00, 
 1DIAGNOSTIC,    10, -9.039469966570e-01, 1.404821385738e-03, 4.3144e+01, 1.7024e+00, 
 1DIAGNOSTIC,    11, -9.048201102689e-01, 1.090301226380e-03, 4.5113e+01, 1.9690e+00, 
 1DIAGNOSTIC,    12, -9.056078457853e-01, 8.381325421191e-04, 4.6980e+01, 1.8664e+00, 
 1DIAGNOSTIC,    13, -9.063333766129e-01, 6.532282905254e-04, 4.8865e+01, 1.8850e+00, 
 1DIAGNOSTIC,    14, -9.070137338462e-01, 5.188324101475e-04, 5.0830e+01, 1.9647e+00, 
 1DIAGNOSTIC,    15, -9.076576478090e-01, 4.189674078549e-04, 5.2807e+01, 1.9775e+00, 
 1DIAGNOSTIC,    16, -9.082417327468e-01, 3.444421967906e-04, 5.4543e+01, 1.7356e+00, 
 1DIAGNOSTIC,    17, -9.087991275738e-01, 2.889521718172e-04, 5.6357e+01, 1.8139e+00, 
 1DIAGNOSTIC,    18, -9.093393352821e-01, 2.482442767191e-04, 5.8167e+01, 1.8105e+00, 
 1DIAGNOSTIC,    19, -9.098584989260e-01, 2.190160853206e-04, 5.9883e+01, 1.7159e+00, 
 1DIAGNOSTIC,    20, -9.103586347691e-01, 1.952801249798e-04, 6.2058e+01, 2.1751e+00, 
 1DIAGNOSTIC,    21, -9.108393914365e-01, 1.758471217991e-04, 6.4203e+01, 2.1454e+00, 
 1DIAGNOSTIC,    22, -9.112964019995e-01, 1.595222845320e-04, 6.6777e+01, 2.5738e+00, 
 1DIAGNOSTIC,    23, -9.117435817404e-01, 1.456909137516e-04, 6.9068e+01, 2.2904e+00, 
 1DIAGNOSTIC,    24, -9.121794913527e-01, 1.339403941030e-04, 7.1333e+01, 2.2655e+00, 
 1DIAGNOSTIC,    25, -9.125998297714e-01, 1.239107059691e-04, 7.3637e+01, 2.3042e+00, 
 1DIAGNOSTIC,    26, -9.130105999925e-01, 1.150078532971e-04, 7.5610e+01, 1.9727e+00, 
 1DIAGNOSTIC,    27, -9.134187791247e-01, 1.071543879547e-04, 7.7326e+01, 1.7157e+00, 
 1DIAGNOSTIC,    28, -9.138218454467e-01, 1.003227403228e-04, 7.9092e+01, 1.7656e+00, 
 1DIAGNOSTIC,    29, -9.142094451697e-01, 9.429328666161e-05, 8.0819e+01, 1.7275e+00, 
 1DIAGNOSTIC,    30, -9.145662947350e-01, 8.871260930288e-05, 8.2535e+01, 1.7165e+00, 
 1DIAGNOSTIC,    31, -9.148742095064e-01, 8.308588865721e-05, 8.4279e+01, 1.7432e+00, 
 1DIAGNOSTIC,    32, -9.151440072594e-01, 7.707819869886e-05, 8.6093e+01, 1.8148e+00, 
 1DIAGNOSTIC,    33, -9.153692002912e-01, 7.052986729619e-05, 8.7821e+01, 1.7273e+00, 
 1DIAGNOSTIC,    34, -9.155641299597e-01, 6.351049692598e-05, 8.9930e+01, 2.1094e+00, 
 1DIAGNOSTIC,    35, -9.157315604184e-01, 5.614885139443e-05, 9.2043e+01, 2.1131e+00, 
 1DIAGNOSTIC,    36, -9.158728915978e-01, 4.869390153428e-05, 9.4291e+01, 2.2480e+00, 
 1DIAGNOSTIC,    37, -9.159961637261e-01, 4.154128642824e-05, 9.6653e+01, 2.3617e+00, 
 1DIAGNOSTIC,    38, -9.161038855324e-01, 3.505163068187e-05, 9.8669e+01, 2.0163e+00, 
 1DIAGNOSTIC,    39, -9.162057410538e-01, 2.951757583496e-05, 1.0069e+02, 2.0250e+00, 
 1DIAGNOSTIC,    40, -9.162992978243e-01, 2.500703934471e-05, 1.0258e+02, 1.8811e+00, 
 1DIAGNOSTIC,    41, -9.163779644664e-01, 2.132119056229e-05, 1.0510e+02, 2.5205e+00, 
 1DIAGNOSTIC,    42, -9.164456377980e-01, 1.833659079561e-05, 1.0707e+02, 1.9727e+00, 
 1DIAGNOSTIC,    43, -9.165143842623e-01, 1.592681229431e-05, 1.0914e+02, 2.0739e+00, 
 1DIAGNOSTIC,    44, -9.165770530619e-01, 1.398300531908e-05, 1.1109e+02, 1.9510e+00, 
 1DIAGNOSTIC,    45, -9.166376155911e-01, 1.242262366061e-05, 1.1303e+02, 1.9371e+00, 
 1DIAGNOSTIC,    46, -9.166922158298e-01, 1.112572368146e-05, 1.1520e+02, 2.1659e+00, 
 1DIAGNOSTIC,    47, -9.167425037904e-01, 1.002814886427e-05, 1.1754e+02, 2.3461e+00, 
 1DIAGNOSTIC,    48, -9.167963876156e-01, 9.121048783253e-06, 1.1962e+02, 2.0730e+00, 
 1DIAGNOSTIC,    49, -9.168534758457e-01, 8.440731274911e-06, 1.2162e+02, 2.0019e+00, 
 1DIAGNOSTIC,    50, -9.169003228167e-01, 7.906595664197e-06, 1.2370e+02, 2.0837e+00, 
 1DIAGNOSTIC,    51, -9.169510937486e-01, 7.482277073378e-06, 1.2543e+02, 1.7299e+00, 
 1DIAGNOSTIC,    52, -9.170010702755e-01, 7.114876793057e-06, 1.2715e+02, 1.7179e+00, 
 1DIAGNOSTIC,    53, -9.170526244132e-01, 6.837511937960e-06, 1.2906e+02, 1.9065e+00, 
 1DIAGNOSTIC,    54, -9.171004976262e-01, 6.601783191645e-06, 1.3118e+02, 2.1262e+00, 
 1DIAGNOSTIC,    55, -9.171559982062e-01, 6.449594472692e-06, 1.3289e+02, 1.7045e+00, 
 1DIAGNOSTIC,    56, -9.172079808086e-01, 6.326372941224e-06, 1.3472e+02, 1.8351e+00, 
 1DIAGNOSTIC,    57, -9.172584492616e-01, 6.198797144932e-06, 1.3694e+02, 2.2196e+00, 
 1DIAGNOSTIC,    58, -9.172997750288e-01, 6.038582486635e-06, 1.3901e+02, 2.0646e+00, 
 1DIAGNOSTIC,    59, -9.173451146011e-01, 5.893491324200e-06, 1.4193e+02, 2.9232e+00, 
 1DIAGNOSTIC,    60, -9.173882541122e-01, 5.699792161265e-06, 1.4404e+02, 2.1098e+00, 
 1DIAGNOSTIC,    61, -9.174248593207e-01, 5.455566845405e-06, 1.4603e+02, 1.9940e+00, 
 1DIAGNOSTIC,    62, -9.174669810534e-01, 5.203159567733e-06, 1.4823e+02, 2.1934e+00, 
 1DIAGNOSTIC,    63, -9.175061762861e-01, 4.952118587351e-06, 1.5037e+02, 2.1402e+00, 
 1DIAGNOSTIC,    64, -9.175532902000e-01, 4.737889405478e-06, 1.5240e+02, 2.0310e+00, 
 1DIAGNOSTIC,    65, -9.175951910113e-01, 4.582556569700e-06, 1.5411e+02, 1.7110e+00, 
 1DIAGNOSTIC,    66, -9.176341194538e-01, 4.462048879234e-06, 1.5581e+02, 1.7051e+00, 
 1DIAGNOSTIC,    67, -9.176712163257e-01, 4.365824478946e-06, 1.5785e+02, 2.0375e+00, 
 1DIAGNOSTIC,    68, -9.177072809861e-01, 4.247522950154e-06, 1.6011e+02, 2.2625e+00, 
 1DIAGNOSTIC,    69, -9.177451505898e-01, 4.139255381704e-06, 1.6229e+02, 2.1733e+00, 
 1DIAGNOSTIC,    70, -9.177822368843e-01, 4.032582635188e-06, 1.6496e+02, 2.6770e+00, 
XXDIAGNOSTIC,Iteration,metricValue,convergenceValue,ITERATION_TIME_INDEX,SINCE_LAST
 1DIAGNOSTIC,     1, -8.591525746985e-01, 1.797693134862e+308, 1.8224e+02, 1.7276e+01, 
 1DIAGNOSTIC,     2, -8.619987655469e-01, 1.797693134862e+308, 1.9741e+02, 1.5167e+01, 
 1DIAGNOSTIC,     3, -8.650799390187e-01, 1.797693134862e+308, 2.1388e+02, 1.6471e+01, 
 1DIAGNOSTIC,     4, -8.681916323995e-01, 1.797693134862e+308, 2.2921e+02, 1.5331e+01, 
 1DIAGNOSTIC,     5, -8.707363432771e-01, 1.797693134862e+308, 2.4531e+02, 1.6104e+01, 
 1DIAGNOSTIC,     6, -8.729119628702e-01, 1.797693134862e+308, 2.6001e+02, 1.4698e+01, 
 1DIAGNOSTIC,     7, -8.748869265007e-01, 1.797693134862e+308, 2.7477e+02, 1.4760e+01, 
 1DIAGNOSTIC,     8, -8.767111319220e-01, 1.797693134862e+308, 2.8974e+02, 1.4973e+01, 
 1DIAGNOSTIC,     9, -8.784259711096e-01, 1.797693134862e+308, 3.0419e+02, 1.4450e+01, 
 1DIAGNOSTIC,    10, -8.800371535292e-01, 1.533448218714e-03, 3.1998e+02, 1.5784e+01, 
 1DIAGNOSTIC,    11, -8.815551695216e-01, 1.275047312895e-03, 3.3449e+02, 1.4512e+01, 
 1DIAGNOSTIC,    12, -8.829599997846e-01, 1.059975556996e-03, 3.4849e+02, 1.4003e+01, 
 1DIAGNOSTIC,    13, -8.842328496870e-01, 8.902578865262e-04, 3.6317e+02, 1.4682e+01, 
 1DIAGNOSTIC,    14, -8.854064464464e-01, 7.627263687363e-04, 3.7840e+02, 1.5228e+01, 
 1DIAGNOSTIC,    15, -8.864698597236e-01, 6.601513912218e-04, 3.9300e+02, 1.4597e+01, 
 1DIAGNOSTIC,    16, -8.872324609053e-01, 5.690177679008e-04, 4.0874e+02, 1.5738e+01, 
 1DIAGNOSTIC,    17, -8.879274429913e-01, 4.869074315428e-04, 4.2489e+02, 1.6149e+01, 
 1DIAGNOSTIC,    18, -8.885613574726e-01, 4.129475920838e-04, 4.3945e+02, 1.4564e+01, 
 1DIAGNOSTIC,    19, -8.891472496600e-01, 3.474522981212e-04, 4.5323e+02, 1.3781e+01, 
 1DIAGNOSTIC,    20, -8.896897609179e-01, 2.908370499905e-04, 4.6840e+02, 1.5169e+01, 
 1DIAGNOSTIC,    21, -8.901852454917e-01, 2.433822983554e-04, 4.8216e+02, 1.3760e+01, 
 1DIAGNOSTIC,    22, -8.906412036496e-01, 2.047538305990e-04, 4.9897e+02, 1.6814e+01, 
 1DIAGNOSTIC,    23, -8.910624037386e-01, 1.739843940231e-04, 5.1534e+02, 1.6367e+01, 
 1DIAGNOSTIC,    24, -8.914523922052e-01, 1.503577454770e-04, 5.3158e+02, 1.6242e+01, 
 1DIAGNOSTIC,    25, -8.918164049621e-01, 1.328797657847e-04, 5.4674e+02, 1.5158e+01, 
 1DIAGNOSTIC,    26, -8.921581557359e-01, 1.179145039043e-04, 5.6298e+02, 1.6239e+01, 
 1DIAGNOSTIC,    27, -8.924802856955e-01, 1.050759455025e-04, 5.7885e+02, 1.5869e+01, 
 1DIAGNOSTIC,    28, -8.927845833799e-01, 9.402954780476e-05, 5.9432e+02, 1.5474e+01, 
 1DIAGNOSTIC,    29, -8.930735164004e-01, 8.457655174506e-05, 6.0831e+02, 1.3985e+01, 
 1DIAGNOSTIC,    30, -8.933504299597e-01, 7.655430380518e-05, 6.2269e+02, 1.4378e+01, 
 1DIAGNOSTIC,    31, -8.936139926323e-01, 6.969209522399e-05, 6.3809e+02, 1.5405e+01, 
 1DIAGNOSTIC,    32, -8.938629066784e-01, 6.375577814199e-05, 6.5372e+02, 1.5625e+01, 
 1DIAGNOSTIC,    33, -8.941015808738e-01, 5.858298526324e-05, 6.7012e+02, 1.6402e+01, 
 1DIAGNOSTIC,    34, -8.943279740540e-01, 5.400415732281e-05, 6.8545e+02, 1.5333e+01, 
 1DIAGNOSTIC,    35, -8.945428205404e-01, 4.989671225005e-05, 6.9939e+02, 1.3938e+01, 
 1DIAGNOSTIC,    36, -8.947530366650e-01, 4.622717979112e-05, 7.1481e+02, 1.5419e+01, 
 1DIAGNOSTIC,    37, -8.949542508047e-01, 4.292941993884e-05, 7.2956e+02, 1.4752e+01, 
 1DIAGNOSTIC,    38, -8.951495241499e-01, 3.996983953250e-05, 7.4553e+02, 1.5970e+01, 
 1DIAGNOSTIC,    39, -8.953387225190e-01, 3.732078763929e-05, 7.5955e+02, 1.4018e+01, 
 1DIAGNOSTIC,    40, -8.955223880693e-01, 3.497383717430e-05, 7.7497e+02, 1.5424e+01, 
 1DIAGNOSTIC,    41, -8.957048410838e-01, 3.292858574933e-05, 7.9005e+02, 1.5072e+01, 
 1DIAGNOSTIC,    42, -8.958860496136e-01, 3.115504162095e-05, 8.0459e+02, 1.4543e+01, 
 1DIAGNOSTIC,    43, -8.960634201832e-01, 2.962453846912e-05, 8.1826e+02, 1.3668e+01, 
 1DIAGNOSTIC,    44, -8.962399589122e-01, 2.830368917124e-05, 8.3260e+02, 1.4344e+01, 
 1DIAGNOSTIC,    45, -8.964138678150e-01, 2.713874198033e-05, 8.4684e+02, 1.4235e+01, 
 1DIAGNOSTIC,    46, -8.965813051348e-01, 2.609373493058e-05, 8.6118e+02, 1.4345e+01, 
 1DIAGNOSTIC,    47, -8.967429004718e-01, 2.510404885288e-05, 8.7591e+02, 1.4729e+01, 
 1DIAGNOSTIC,    48, -8.968999928586e-01, 2.413898002725e-05, 8.9012e+02, 1.4208e+01, 
 1DIAGNOSTIC,    49, -8.970535168242e-01, 2.317660967012e-05, 9.0429e+02, 1.4169e+01, 
 1DIAGNOSTIC,    50, -8.972033730075e-01, 2.220231696715e-05, 9.1920e+02, 1.4918e+01, 
XXDIAGNOSTIC,Iteration,metricValue,convergenceValue,ITERATION_TIME_INDEX,SINCE_LAST
 1DIAGNOSTIC,     1, -8.541227540344e-01, 1.797693134862e+308, 1.0369e+03, 1.1770e+02, 
 1DIAGNOSTIC,     2, -8.552767000083e-01, 1.797693134862e+308, 1.1569e+03, 1.1997e+02, 
 1DIAGNOSTIC,     3, -8.566586768884e-01, 1.797693134862e+308, 1.2697e+03, 1.1280e+02, 
 1DIAGNOSTIC,     4, -8.579600789649e-01, 1.797693134862e+308, 1.3927e+03, 1.2300e+02, 
 1DIAGNOSTIC,     5, -8.592343219848e-01, 1.797693134862e+308, 1.5177e+03, 1.2505e+02, 
 1DIAGNOSTIC,     6, -8.604974013475e-01, 1.797693134862e+308, 1.6409e+03, 1.2320e+02, 
 1DIAGNOSTIC,     7, -8.615954373696e-01, 1.797693134862e+308, 1.7651e+03, 1.2416e+02, 
 1DIAGNOSTIC,     8, -8.626404996036e-01, 1.797693134862e+308, 1.8870e+03, 1.2194e+02, 
 1DIAGNOSTIC,     9, -8.635431312121e-01, 1.797693134862e+308, 2.0110e+03, 1.2401e+02, 
 1DIAGNOSTIC,    10, -8.645463859440e-01, 7.884541241091e-04, 2.1376e+03, 1.2654e+02, 
 1DIAGNOSTIC,    11, -8.653209019378e-01, 6.825674160284e-04, 2.2594e+03, 1.2187e+02, 
 1DIAGNOSTIC,    12, -8.661395008667e-01, 5.870484495090e-04, 2.3819e+03, 1.2252e+02, 
 1DIAGNOSTIC,    13, -8.668128287402e-01, 5.051110989991e-04, 2.4946e+03, 1.1266e+02, 
 1DIAGNOSTIC,    14, -8.674710163708e-01, 4.349247992889e-04, 2.6103e+03, 1.1568e+02, 
 1DIAGNOSTIC,    15, -8.680978336616e-01, 3.758638906695e-04, 2.7529e+03, 1.4261e+02, 
 1DIAGNOSTIC,    16, -8.686985050699e-01, 3.278766105640e-04, 2.8811e+03, 1.2823e+02, 
 1DIAGNOSTIC,    17, -8.692601672909e-01, 2.873300299133e-04, 3.0068e+03, 1.2568e+02, 
 1DIAGNOSTIC,    18, -8.697824322216e-01, 2.533174958705e-04, 3.1308e+03, 1.2394e+02, 
 1DIAGNOSTIC,    19, -8.702795211246e-01, 2.234956644998e-04, 3.2582e+03, 1.2750e+02, 
 1DIAGNOSTIC,    20, -8.707500239557e-01, 2.000566417247e-04, 3.3819e+03, 1.2366e+02, 
  Elapsed time (stage 0): 3383.16


Total elapsed time: 3383.17
