
##########################
# Experiment information #
##########################

EXPERIMENT_NAME: antsRegistration-r7-p20
VFC_BACKENDS: libinterflop_vprec.so --range-binary32=7 --precision-binary32=20 --range-binary64=7 --precision-binary64=20

SIF_IMG: /home/mdugre/projects/rrg-glatard/mdugre/containers/ants-vprec-no_metrics.simg

SUBJECT_ID: s020
INPUT_IMG: /home/mdugre/scratch/mri-registration-rp/datasets/ds004513/derivatives/mri-registration-rp/antsBrainExtraction/sub-s020/BrainExtractionBrain.nii.gz
OUTPUT_DIR: /home/mdugre/scratch/mri-registration-rp/datasets/ds004513/derivatives/mri-registration-rp/0100/antsRegistration-r7-p20/sub-s020

FIXED_IMG: /templateflow/tpl-MNI152NLin2009cAsym/tpl-MNI152NLin2009cAsym_res-01_desc-brain_T1w.nii.gz
DATA_DIR: /home/mdugre/scratch/mri-registration-rp/datasets/ds004513
TEMPLATEFLOW_DIR: /home/mdugre/projects/rrg-glatard/mdugre/templateflow
ITK_GLOBAL_DEFAULT_NUMBER_OF_THREADS: 16
##########################

Info [verificarlo]: loaded backend libinterflop_ieee.so
Info [interflop-ieee]: load backend with:
Info [interflop-ieee]: debug = false
Info [interflop-ieee]: debug-binary = false
Info [interflop-ieee]: no-backend-name = false
Info [interflop-ieee]: print-new-line = false
Info [interflop-ieee]: print-subnormal-normalized = false
Info [interflop-ieee]: count-op = false
All_Command_lines_OK
Using double precision for computations.
=============================================================================
The composite transform comprises the following transforms (in order): 
  1. Center of mass alignment using fixed image: /templateflow/tpl-MNI152NLin2009cAsym/tpl-MNI152NLin2009cAsym_res-01_desc-brain_T1w.nii.gz and moving image: /home/mdugre/scratch/mri-registration-rp/datasets/ds004513/derivatives/mri-registration-rp/antsBrainExtraction/sub-s020/BrainExtractionBrain.nii.gz (type = Euler3DTransform)
=============================================================================
  number of levels = 1
  fixed image: /templateflow/tpl-MNI152NLin2009cAsym/tpl-MNI152NLin2009cAsym_res-01_desc-brain_T1w.nii.gz
  moving image: /home/mdugre/scratch/mri-registration-rp/datasets/ds004513/derivatives/mri-registration-rp/antsBrainExtraction/sub-s020/BrainExtractionBrain.nii.gz
Dimension = 3
Number of stages = 1
Use histogram matching = false
Winsorize image intensities = true
  Lower quantile = 0.005
  Upper quantile = 0.995


Stage 1 State
   Image metric = MattesMI
     Fixed image = Image (0x3c78e70)
  RTTI typeinfo:   itk::Image<double, 3u>
  Reference Count: 2
  Modified Time: 2334
  Debug: Off
  Object Name: 
  Observers: 
    none
  Source: (none)
  Source output name: (none)
  Release Data: Off
  Data Released: False
  Global Release Data: Off
  PipelineMTime: 0
  UpdateMTime: 1943
  RealTimeStamp: 0 seconds 
  LargestPossibleRegion: 
    Dimension: 3
    Index: [0, 0, 0]
    Size: [193, 229, 193]
  BufferedRegion: 
    Dimension: 3
    Index: [0, 0, 0]
    Size: [193, 229, 193]
  RequestedRegion: 
    Dimension: 3
    Index: [0, 0, 0]
    Size: [193, 229, 193]
  Spacing: [1, 1, 1]
  Origin: [96, 132, -78]
  Direction: 
-1 0 0
0 -1 0
0 0 1

  IndexToPointMatrix: 
-1 0 0
0 -1 0
0 0 1

  PointToIndexMatrix: 
-1 0 0
0 -1 0
0 0 1

  Inverse Direction: 
-1 0 0
0 -1 0
0 0 1

  PixelContainer: 
    ImportImageContainer (0x3c81c60)
      RTTI typeinfo:   itk::ImportImageContainer<unsigned long, double>
      Reference Count: 1
      Modified Time: 1940
      Debug: Off
      Object Name: 
      Observers: 
        none
      Pointer: 0x1538fbd0e010
      Container manages memory: true
      Size: 8530021
      Capacity: 8530021

     Moving image = Image (0x3c84610)
  RTTI typeinfo:   itk::Image<double, 3u>
  Reference Count: 2
  Modified Time: 2335
  Debug: Off
  Object Name: 
  Observers: 
    none
  Source: (none)
  Source output name: (none)
  Release Data: Off
  Data Released: False
  Global Release Data: Off
  PipelineMTime: 0
  UpdateMTime: 2332
  RealTimeStamp: 0 seconds 
  LargestPossibleRegion: 
    Dimension: 3
    Index: [0, 0, 0]
    Size: [160, 240, 256]
  BufferedRegion: 
    Dimension: 3
    Index: [0, 0, 0]
    Size: [160, 240, 256]
  RequestedRegion: 
    Dimension: 3
    Index: [0, 0, 0]
    Size: [160, 240, 256]
  Spacing: [0.999995, 1, 1]
  Origin: [87.0906, 98.7205, -152.377]
  Direction: 
-0.996975 0.0261379 -0.0731913
-0.0260677 -0.999658 -0.00191374
-0.0732163 -2.46403e-08 0.997316

  IndexToPointMatrix: 
-0.996971 0.0261379 -0.0731913
-0.0260676 -0.999658 -0.00191374
-0.0732159 -2.46403e-08 0.997316

  PointToIndexMatrix: 
-0.99698 -0.0260679 -0.0732166
0.0261379 -0.999658 -2.46993e-08
-0.0731913 -0.00191374 0.997316

  Inverse Direction: 
-0.996975 -0.0260677 -0.0732163
0.0261379 -0.999658 -2.46993e-08
-0.0731913 -0.00191374 0.997316

  PixelContainer: 
    ImportImageContainer (0x3d1def0)
      RTTI typeinfo:   itk::ImportImageContainer<unsigned long, double>
      Reference Count: 1
      Modified Time: 2329
      Debug: Off
      Object Name: 
      Observers: 
        none
      Pointer: 0x1538f720d010
      Container manages memory: true
      Size: 9830400
      Capacity: 9830400

     Weighting = 1
     Sampling strategy = regular
     Number of bins = 32
     Radius = 4
     Sampling percentage  = 0.25
   Transform = Rigid
     Gradient step = 0.1
     Update field sigma (voxel space) = 0
     Total field sigma (voxel space) = 0
     Update field time sigma = 0
     Total field time sigma  = 0
     Number of time indices = 0
     Number of time point samples = 0
Registration using 1 total stages.

Stage 0
  iterations = 0
  convergence threshold = 1e-06
  convergence window size = 10
  number of levels = 1
  using the Mattes MI metric (number of bins = 32, weight = 1, use gradient filter = 0)
  preprocessing:  winsorizing the image intensities
  Shrink factors (level 1 out of 1): [1, 1, 1]
  smoothing sigmas per level: [0]
  regular sampling (percentage = 0.25)

*** Running Euler3DTransform registration ***

  Elapsed time (stage 0): 0.985408


Total elapsed time: 0.989336
Info [verificarlo]: loaded backend libinterflop_vprec.so
Info [interflop-vprec]: load backend with: 
Info [interflop-vprec]: precision-binary32 = 20
Info [interflop-vprec]: range-binary32 = 7
Info [interflop-vprec]: precision-binary64 = 20
Info [interflop-vprec]: range-binary64 = 7
Info [interflop-vprec]: mode = ob
Info [interflop-vprec]: error-mode = rel
Info [interflop-vprec]: max-abs-error-exponent = -1022
Info [interflop-vprec]: daz = false
Info [interflop-vprec]: ftz = false
Info [interflop-vprec]: 	instrument = none
Info [interflop-vprec]: 	prec-input-file = (null)
Info [interflop-vprec]: 	prec-output-file = (null)
Info [interflop-vprec]: 	prec-log-file = (null)
All_Command_lines_OK
Using double precision for computations.
=============================================================================
The composite transform comprises the following transforms (in order): 
  1. /home/mdugre/scratch/mri-registration-rp/datasets/ds004513/derivatives/mri-registration-rp/0100/antsRegistration-r7-p20/sub-s020/align_Composite.h5[0] (type = Euler3DTransform)
  2. /home/mdugre/scratch/mri-registration-rp/datasets/ds004513/derivatives/mri-registration-rp/0100/antsRegistration-r7-p20/sub-s020/align_Composite.h5[1] (type = Euler3DTransform)
=============================================================================
  number of levels = 4
  fixed image: /templateflow/tpl-MNI152NLin2009cAsym/tpl-MNI152NLin2009cAsym_res-01_desc-brain_T1w.nii.gz
  moving image: /home/mdugre/scratch/mri-registration-rp/datasets/ds004513/derivatives/mri-registration-rp/antsBrainExtraction/sub-s020/BrainExtractionBrain.nii.gz
Dimension = 3
Number of stages = 1
Use histogram matching = false
Winsorize image intensities = true
  Lower quantile = 0.005
  Upper quantile = 0.995


Stage 1 State
   Image metric = MattesMI
     Fixed image = Image (0x33881e0)
  RTTI typeinfo:   itk::Image<double, 3u>
  Reference Count: 2
  Modified Time: 1580
  Debug: Off
  Object Name: 
  Observers: 
    none
  Source: (none)
  Source output name: (none)
  Release Data: Off
  Data Released: False
  Global Release Data: Off
  PipelineMTime: 0
  UpdateMTime: 1189
  RealTimeStamp: 0 seconds 
  LargestPossibleRegion: 
    Dimension: 3
    Index: [0, 0, 0]
    Size: [193, 229, 193]
  BufferedRegion: 
    Dimension: 3
    Index: [0, 0, 0]
    Size: [193, 229, 193]
  RequestedRegion: 
    Dimension: 3
    Index: [0, 0, 0]
    Size: [193, 229, 193]
  Spacing: [1, 1, 1]
  Origin: [96, 132, -78]
  Direction: 
-1 0 0
0 -1 0
0 0 1

  IndexToPointMatrix: 
-1 0 0
0 -1 0
0 0 1

  PointToIndexMatrix: 
-1 0 0
0 -1 0
0 0 1

  Inverse Direction: 
-1 0 0
0 -1 0
0 0 1

  PixelContainer: 
    ImportImageContainer (0x3447680)
      RTTI typeinfo:   itk::ImportImageContainer<unsigned long, double>
      Reference Count: 1
      Modified Time: 1186
      Debug: Off
      Object Name: 
      Observers: 
        none
      Pointer: 0x1464298d6010
      Container manages memory: true
      Size: 8530021
      Capacity: 8530021

     Moving image = Image (0x3443b20)
  RTTI typeinfo:   itk::Image<double, 3u>
  Reference Count: 2
  Modified Time: 1581
  Debug: Off
  Object Name: 
  Observers: 
    none
  Source: (none)
  Source output name: (none)
  Release Data: Off
  Data Released: False
  Global Release Data: Off
  PipelineMTime: 0
  UpdateMTime: 1578
  RealTimeStamp: 0 seconds 
  LargestPossibleRegion: 
    Dimension: 3
    Index: [0, 0, 0]
    Size: [160, 240, 256]
  BufferedRegion: 
    Dimension: 3
    Index: [0, 0, 0]
    Size: [160, 240, 256]
  RequestedRegion: 
    Dimension: 3
    Index: [0, 0, 0]
    Size: [160, 240, 256]
  Spacing: [0.999995, 1, 1]
  Origin: [87.0906, 98.7205, -152.377]
  Direction: 
-0.996975 0.0261379 -0.0731913
-0.0260677 -0.999659 -0.00191374
-0.0732163 -2.46403e-08 0.997316

  IndexToPointMatrix: 
-0.996971 0.0261379 -0.0731913
-0.0260676 -0.999659 -0.00191374
-0.0732159 -2.46403e-08 0.997316

  PointToIndexMatrix: 
-0.99698 -0.0260679 -0.0732166
0.026138 -0.999658 -1.43051e-06
-0.0731913 -0.00191307 0.997317

  Inverse Direction: 
-0.996975 -0.0260677 -0.0732163
0.026138 -0.999658 -1.43051e-06
-0.0731913 -0.00191307 0.997317

  PixelContainer: 
    ImportImageContainer (0x34acd50)
      RTTI typeinfo:   itk::ImportImageContainer<unsigned long, double>
      Reference Count: 1
      Modified Time: 1575
      Debug: Off
      Object Name: 
      Observers: 
        none
      Pointer: 0x146424dd5010
      Container manages memory: true
      Size: 9830400
      Capacity: 9830400

     Weighting = 1
     Sampling strategy = regular
     Number of bins = 32
     Radius = 4
     Sampling percentage  = 0.25
   Transform = Rigid
     Gradient step = 0.1
     Update field sigma (voxel space) = 0
     Total field sigma (voxel space) = 0
     Update field time sigma = 0
     Total field time sigma  = 0
     Number of time indices = 0
     Number of time point samples = 0
Registration using 1 total stages.

Stage 0
  iterations = 1000x500x250x100
  convergence threshold = 1e-06
  convergence window size = 10
  number of levels = 4
  using the Mattes MI metric (number of bins = 32, weight = 1, use gradient filter = 0)
  preprocessing:  winsorizing the image intensities
  Shrink factors (level 1 out of 4): [8, 8, 8]
  Shrink factors (level 2 out of 4): [4, 4, 4]
  Shrink factors (level 3 out of 4): [2, 2, 2]
  Shrink factors (level 4 out of 4): [1, 1, 1]
  smoothing sigmas per level: [3, 2, 1, 0]
  regular sampling (percentage = 0.25)

*** Running Euler3DTransform registration ***

DIAGNOSTIC,Iteration,metricValue,convergenceValue,ITERATION_TIME_INDEX,SINCE_LAST
 2DIAGNOSTIC,     1, -3.791258825092e-01, 1.797693134862e+308, 0.0000e+00, 0.0000e+00, 
 2DIAGNOSTIC,     2, -3.803586996584e-01, 1.797693134862e+308, 0.0000e+00, 0.0000e+00, 
 2DIAGNOSTIC,     3, -3.828941752188e-01, 1.797693134862e+308, 0.0000e+00, 0.0000e+00, 
 2DIAGNOSTIC,     4, -3.876109553064e-01, 1.797693134862e+308, 0.0000e+00, 0.0000e+00, 
 2DIAGNOSTIC,     5, -3.904952254160e-01, 1.797693134862e+308, 0.0000e+00, 0.0000e+00, 
 2DIAGNOSTIC,     6, -3.911068750113e-01, 1.797693134862e+308, 0.0000e+00, 0.0000e+00, 
 2DIAGNOSTIC,     7, -3.914939859664e-01, 1.797693134862e+308, 0.0000e+00, 0.0000e+00, 
 2DIAGNOSTIC,     8, -3.925716831887e-01, 1.797693134862e+308, 0.0000e+00, 0.0000e+00, 
 2DIAGNOSTIC,     9, -3.981570750923e-01, 1.797693134862e+308, 0.0000e+00, 0.0000e+00, 
 2DIAGNOSTIC,    10, -4.082508201440e-01, 3.891266621380e-03, 0.0000e+00, 0.0000e+00, 
 2DIAGNOSTIC,    11, -4.252934883952e-01, 4.963061580427e-03, 0.0000e+00, 0.0000e+00, 
 2DIAGNOSTIC,    12, -4.359209369925e-01, 6.081571098098e-03, 0.0000e+00, 0.0000e+00, 
 2DIAGNOSTIC,    13, -4.476529464994e-01, 7.227791899476e-03, 0.0000e+00, 0.0000e+00, 
 2DIAGNOSTIC,    14, -4.480347676167e-01, 7.790613164997e-03, 0.0000e+00, 0.0000e+00, 
 2DIAGNOSTIC,    15, -4.484616160000e-01, 7.720956913332e-03, 0.0000e+00, 0.0000e+00, 
 2DIAGNOSTIC,    16, -4.488192098695e-01, 6.995263652089e-03, 0.0000e+00, 0.0000e+00, 
 2DIAGNOSTIC,    17, -4.524446453733e-01, 5.878645009376e-03, 0.0000e+00, 0.0000e+00, 
 2DIAGNOSTIC,    18, -4.539119614548e-01, 4.450043304041e-03, 0.0000e+00, 0.0000e+00, 
 2DIAGNOSTIC,    19, -4.544831767000e-01, 2.997535659288e-03, 0.0000e+00, 0.0000e+00, 
 2DIAGNOSTIC,    20, -4.550189023638e-01, 1.782335201071e-03, 0.0000e+00, 0.0000e+00, 
 2DIAGNOSTIC,    21, -4.552463054989e-01, 1.078001487936e-03, 0.0000e+00, 0.0000e+00, 
 2DIAGNOSTIC,    22, -4.555047793670e-01, 6.641665271677e-04, 0.0000e+00, 0.0000e+00, 
 2DIAGNOSTIC,    23, -4.559987029490e-01, 5.829800205151e-04, 0.0000e+00, 0.0000e+00, 
 2DIAGNOSTIC,    24, -4.560469039891e-01, 4.674524773052e-04, 0.0000e+00, 0.0000e+00, 
 2DIAGNOSTIC,    25, -4.561594373332e-01, 3.340189440486e-04, 0.0000e+00, 0.0000e+00, 
 2DIAGNOSTIC,    26, -4.575943744801e-01, 2.241736991096e-04, 0.0000e+00, 0.0000e+00, 
 2DIAGNOSTIC,    27, -4.578695932826e-01, 1.961466458723e-04, 0.0000e+00, 0.0000e+00, 
 2DIAGNOSTIC,    28, -4.579546984676e-01, 1.885034692996e-04, 0.0000e+00, 0.0000e+00, 
 2DIAGNOSTIC,    29, -4.581452822346e-01, 1.814061728120e-04, 0.0000e+00, 0.0000e+00, 
 2DIAGNOSTIC,    30, -4.582790503097e-01, 1.724462870464e-04, 0.0000e+00, 0.0000e+00, 
 2DIAGNOSTIC,    31, -4.583307912966e-01, 1.532735300850e-04, 0.0000e+00, 0.0000e+00, 
 2DIAGNOSTIC,    32, -4.582972923542e-01, 1.252027342697e-04, 0.0000e+00, 0.0000e+00, 
 2DIAGNOSTIC,    33, -4.583108787054e-01, 9.772511541922e-05, 0.0000e+00, 0.0000e+00, 
 2DIAGNOSTIC,    34, -4.583406625885e-01, 6.456679865342e-05, 0.0000e+00, 0.0000e+00, 
 2DIAGNOSTIC,    35, -4.584717434107e-01, 3.115480787877e-05, 0.0000e+00, 0.0000e+00, 
 2DIAGNOSTIC,    36, -4.585238922974e-01, 2.361495582152e-05, 0.0000e+00, 0.0000e+00, 
 2DIAGNOSTIC,    37, -4.586359035620e-01, 2.121328473037e-05, 0.0000e+00, 0.0000e+00, 
 2DIAGNOSTIC,    38, -4.587253963826e-01, 1.993742244517e-05, 0.0000e+00, 0.0000e+00, 
 2DIAGNOSTIC,    39, -4.588204075559e-01, 2.158560868983e-05, 0.0000e+00, 0.0000e+00, 
 2DIAGNOSTIC,    40, -4.588695500799e-01, 2.407401419103e-05, 0.0000e+00, 0.0000e+00, 
 2DIAGNOSTIC,    41, -4.592581529509e-01, 3.119373482152e-05, 0.0000e+00, 0.0000e+00, 
 2DIAGNOSTIC,    42, -4.592369974657e-01, 3.407589300933e-05, 0.0000e+00, 0.0000e+00, 
 2DIAGNOSTIC,    43, -4.594850032414e-01, 3.765446626516e-05, 0.0000e+00, 0.0000e+00, 
 2DIAGNOSTIC,    44, -4.597774813038e-01, 4.220523311232e-05, 0.0000e+00, 0.0000e+00, 
 2DIAGNOSTIC,    45, -4.604438764147e-01, 5.391436576096e-05, 0.0000e+00, 0.0000e+00, 
 2DIAGNOSTIC,    46, -4.612690210995e-01, 7.203436418635e-05, 0.0000e+00, 0.0000e+00, 
 2DIAGNOSTIC,    47, -4.631005573255e-01, 1.089576383174e-04, 0.0000e+00, 0.0000e+00, 
 2DIAGNOSTIC,    48, -4.637869718653e-01, 1.438659656241e-04, 0.0000e+00, 0.0000e+00, 
 2DIAGNOSTIC,    49, -4.639328002803e-01, 1.668690877770e-04, 0.0000e+00, 0.0000e+00, 
 2DIAGNOSTIC,    50, -4.650598490273e-01, 1.882242892486e-04, 0.0000e+00, 0.0000e+00, 
 2DIAGNOSTIC,    51, -4.659253444672e-01, 2.060599898922e-04, 0.0000e+00, 0.0000e+00, 
 2DIAGNOSTIC,    52, -4.686987986909e-01, 2.368920008796e-04, 0.0000e+00, 0.0000e+00, 
 2DIAGNOSTIC,    53, -4.858597038519e-01, 4.529705533686e-04, 0.0000e+00, 0.0000e+00, 
 2DIAGNOSTIC,    54, -5.075711776138e-01, 8.711200445313e-04, 0.0000e+00, 0.0000e+00, 
 2DIAGNOSTIC,    55, -5.125695932173e-01, 1.249442620448e-03, 0.0000e+00, 0.0000e+00, 
 2DIAGNOSTIC,    56, -5.127562807358e-01, 1.507806794512e-03, 0.0000e+00, 0.0000e+00, 
 2DIAGNOSTIC,    57, -5.131177124992e-01, 1.638936652033e-03, 0.0000e+00, 0.0000e+00, 
 2DIAGNOSTIC,    58, -5.134561652267e-01, 1.615843739115e-03, 0.0000e+00, 0.0000e+00, 
 2DIAGNOSTIC,    59, -5.150666852601e-01, 1.452774883193e-03, 0.0000e+00, 0.0000e+00, 
 2DIAGNOSTIC,    60, -5.158286888535e-01, 1.177182295126e-03, 0.0000e+00, 0.0000e+00, 
 2DIAGNOSTIC,    61, -5.160083142689e-01, 8.143928972146e-04, 0.0000e+00, 0.0000e+00, 
 2DIAGNOSTIC,    62, -5.167262194952e-01, 4.206615447456e-04, 0.0000e+00, 0.0000e+00, 
 2DIAGNOSTIC,    63, -5.167479570611e-01, 1.651736874237e-04, 0.0000e+00, 0.0000e+00, 
 2DIAGNOSTIC,    64, -5.167797158227e-01, 1.128905631606e-04, 0.0000e+00, 0.0000e+00, 
 2DIAGNOSTIC,    65, -5.167963135228e-01, 9.952325471465e-05, 0.0000e+00, 0.0000e+00, 
 2DIAGNOSTIC,    66, -5.168440492351e-01, 7.940880974693e-05, 0.0000e+00, 0.0000e+00, 
 2DIAGNOSTIC,    67, -5.170678964912e-01, 5.787080701417e-05, 0.0000e+00, 0.0000e+00, 
 2DIAGNOSTIC,    68, -5.171871242255e-01, 3.529755629642e-05, 0.0000e+00, 0.0000e+00, 
 2DIAGNOSTIC,    69, -5.174800397130e-01, 2.704522073462e-05, 0.0000e+00, 0.0000e+00, 
 2DIAGNOSTIC,    70, -5.175782717031e-01, 2.406787907918e-05, 0.0000e+00, 0.0000e+00, 
 2DIAGNOSTIC,    71, -5.175593266259e-01, 2.014374559567e-05, 0.0000e+00, 0.0000e+00, 
 2DIAGNOSTIC,    72, -5.175025086582e-01, 2.010071506772e-05, 0.0000e+00, 0.0000e+00, 
 2DIAGNOSTIC,    73, -5.173555391275e-01, 1.711235906295e-05, 0.0000e+00, 0.0000e+00, 
 2DIAGNOSTIC,    74, -5.173605202592e-01, 1.292561553170e-05, 0.0000e+00, 0.0000e+00, 
 2DIAGNOSTIC,    75, -5.173619001788e-01, 7.791552398776e-06, 0.0000e+00, 0.0000e+00, 
 2DIAGNOSTIC,    76, -5.173631101607e-01, 2.475184203805e-06, 0.0000e+00, 0.0000e+00, 
DIAGNOSTIC,Iteration,metricValue,convergenceValue,ITERATION_TIME_INDEX,SINCE_LAST
 2DIAGNOSTIC,     1, -4.115487389623e-01, 1.797693134862e+308, 0.0000e+00, 0.0000e+00, 
 2DIAGNOSTIC,     2, -4.123116693897e-01, 1.797693134862e+308, 0.0000e+00, 0.0000e+00, 
 2DIAGNOSTIC,     3, -4.134219390458e-01, 1.797693134862e+308, 0.0000e+00, 0.0000e+00, 
 2DIAGNOSTIC,     4, -4.153210138845e-01, 1.797693134862e+308, 0.0000e+00, 0.0000e+00, 
 2DIAGNOSTIC,     5, -4.174211302315e-01, 1.797693134862e+308, 0.0000e+00, 0.0000e+00, 
 2DIAGNOSTIC,     6, -4.188874611361e-01, 1.797693134862e+308, 0.0000e+00, 0.0000e+00, 
 2DIAGNOSTIC,     7, -4.196044030440e-01, 1.797693134862e+308, 0.0000e+00, 0.0000e+00, 
 2DIAGNOSTIC,     8, -4.215781525903e-01, 1.797693134862e+308, 0.0000e+00, 0.0000e+00, 
 2DIAGNOSTIC,     9, -4.221198203942e-01, 1.797693134862e+308, 0.0000e+00, 0.0000e+00, 
 2DIAGNOSTIC,    10, -4.226800984640e-01, 1.886748459560e-03, 0.0000e+00, 0.0000e+00, 
 2DIAGNOSTIC,    11, -4.228940506834e-01, 1.579354549984e-03, 0.0000e+00, 0.0000e+00, 
 2DIAGNOSTIC,    12, -4.234703179969e-01, 1.258747601122e-03, 0.0000e+00, 0.0000e+00, 
 2DIAGNOSTIC,    13, -4.235225357565e-01, 9.328704315560e-04, 0.0000e+00, 0.0000e+00, 
 2DIAGNOSTIC,    14, -4.236865220038e-01, 6.675243639512e-04, 0.0000e+00, 0.0000e+00, 
 2DIAGNOSTIC,    15, -4.236617089339e-01, 4.705968735922e-04, 0.0000e+00, 0.0000e+00, 
 2DIAGNOSTIC,    16, -4.237580722751e-01, 3.220388943453e-04, 0.0000e+00, 0.0000e+00, 
 2DIAGNOSTIC,    17, -4.237575745073e-01, 1.881178180198e-04, 0.0000e+00, 0.0000e+00, 
 2DIAGNOSTIC,    18, -4.237479433816e-01, 1.255061661032e-04, 0.0000e+00, 0.0000e+00, 
 2DIAGNOSTIC,    19, -4.237297709541e-01, 7.652396628145e-05, 0.0000e+00, 0.0000e+00, 
 2DIAGNOSTIC,    20, -4.237256364917e-01, 4.436904235403e-05, 0.0000e+00, 0.0000e+00, 
 2DIAGNOSTIC,    21, -4.237143693818e-01, 1.735357812108e-05, 0.0000e+00, 0.0000e+00, 
 2DIAGNOSTIC,    22, -4.237320664087e-01, 9.558852301229e-06, 0.0000e+00, 0.0000e+00, 
 2DIAGNOSTIC,    23, -4.237400697916e-01, 3.341561743114e-06, 0.0000e+00, 0.0000e+00, 
 2DIAGNOSTIC,    24, -4.237349941796e-01, 1.989065936098e-06, 0.0000e+00, 0.0000e+00, 
DIAGNOSTIC,Iteration,metricValue,convergenceValue,ITERATION_TIME_INDEX,SINCE_LAST
 2DIAGNOSTIC,     1, -3.615078551569e-01, 1.797693134862e+308, 0.0000e+00, 0.0000e+00, 
 2DIAGNOSTIC,     2, -3.615647513942e-01, 1.797693134862e+308, 0.0000e+00, 0.0000e+00, 
 2DIAGNOSTIC,     3, -3.615808989398e-01, 1.797693134862e+308, 0.0000e+00, 0.0000e+00, 
 2DIAGNOSTIC,     4, -3.615897817859e-01, 1.797693134862e+308, 0.0000e+00, 0.0000e+00, 
 2DIAGNOSTIC,     5, -3.616019287424e-01, 1.797693134862e+308, 0.0000e+00, 0.0000e+00, 
 2DIAGNOSTIC,     6, -3.616082672217e-01, 1.797693134862e+308, 0.0000e+00, 0.0000e+00, 
 2DIAGNOSTIC,     7, -3.616140477329e-01, 1.797693134862e+308, 0.0000e+00, 0.0000e+00, 
 2DIAGNOSTIC,     8, -3.616339661745e-01, 1.797693134862e+308, 0.0000e+00, 0.0000e+00, 
 2DIAGNOSTIC,     9, -3.617465984843e-01, 1.797693134862e+308, 0.0000e+00, 0.0000e+00, 
 2DIAGNOSTIC,    10, -3.618697265895e-01, 4.800596042599e-05, 0.0000e+00, 0.0000e+00, 
 2DIAGNOSTIC,    11, -3.618700119393e-01, 5.172978458221e-05, 0.0000e+00, 0.0000e+00, 
 2DIAGNOSTIC,    12, -3.618730855351e-01, 5.457468457673e-05, 0.0000e+00, 0.0000e+00, 
 2DIAGNOSTIC,    13, -3.618738974795e-01, 5.338751770378e-05, 0.0000e+00, 0.0000e+00, 
 2DIAGNOSTIC,    14, -3.618733373422e-01, 4.806482372072e-05, 0.0000e+00, 0.0000e+00, 
 2DIAGNOSTIC,    15, -3.618739314638e-01, 3.982330836583e-05, 0.0000e+00, 0.0000e+00, 
 2DIAGNOSTIC,    16, -3.618720624789e-01, 2.944452982367e-05, 0.0000e+00, 0.0000e+00, 
 2DIAGNOSTIC,    17, -3.618722823600e-01, 1.816604742961e-05, 0.0000e+00, 0.0000e+00, 
 2DIAGNOSTIC,    18, -3.618720329594e-01, 7.416671926837e-06, 0.0000e+00, 0.0000e+00, 
 2DIAGNOSTIC,    19, -3.618720456740e-01, 1.789238566266e-06, 0.0000e+00, 0.0000e+00, 
 2DIAGNOSTIC,    20, -3.618720656744e-01, 1.553316045018e-06, 0.0000e+00, 0.0000e+00, 
 2DIAGNOSTIC,    21, -3.618720625300e-01, 1.351582901064e-06, 0.0000e+00, 0.0000e+00, 
 2DIAGNOSTIC,    22, -3.618720625300e-01, 1.292697172910e-06, 0.0000e+00, 0.0000e+00, 
 2DIAGNOSTIC,    23, -3.618720600053e-01, 1.280849929182e-06, 0.0000e+00, 0.0000e+00, 
 2DIAGNOSTIC,    24, -3.618720617817e-01, 1.260190722760e-06, 0.0000e+00, 0.0000e+00, 
 2DIAGNOSTIC,    25, -3.618720613420e-01, 1.267641670119e-06, 0.0000e+00, 0.0000e+00, 
 2DIAGNOSTIC,    26, -3.618720611535e-01, 1.218261176925e-06, 0.0000e+00, 0.0000e+00, 
 2DIAGNOSTIC,    27, -3.618720562288e-01, 1.179551565263e-06, 0.0000e+00, 0.0000e+00, 
 2DIAGNOSTIC,    28, -3.618720588949e-01, 1.136594403379e-06, 0.0000e+00, 0.0000e+00, 
 2DIAGNOSTIC,    29, -3.618720596362e-01, 1.096934235362e-06, 0.0000e+00, 0.0000e+00, 
 2DIAGNOSTIC,    30, -3.618720613476e-01, 1.060520446301e-06, 0.0000e+00, 0.0000e+00, 
 2DIAGNOSTIC,    31, -3.618720626693e-01, 1.026428519360e-06, 0.0000e+00, 0.0000e+00, 
DIAGNOSTIC,Iteration,metricValue,convergenceValue,ITERATION_TIME_INDEX,SINCE_LAST
 2DIAGNOSTIC,     1, -3.322970946028e-01, 1.797693134862e+308, 0.0000e+00, 0.0000e+00, 
 2DIAGNOSTIC,     2, -3.324365185245e-01, 1.797693134862e+308, 0.0000e+00, 0.0000e+00, 
 2DIAGNOSTIC,     3, -3.324518379258e-01, 1.797693134862e+308, 0.0000e+00, 0.0000e+00, 
 2DIAGNOSTIC,     4, -3.324513065064e-01, 1.797693134862e+308, 0.0000e+00, 0.0000e+00, 
 2DIAGNOSTIC,     5, -3.324508756445e-01, 1.797693134862e+308, 0.0000e+00, 0.0000e+00, 
 2DIAGNOSTIC,     6, -3.324502618701e-01, 1.797693134862e+308, 0.0000e+00, 0.0000e+00, 
 2DIAGNOSTIC,     7, -3.324499245814e-01, 1.797693134862e+308, 0.0000e+00, 0.0000e+00, 
 2DIAGNOSTIC,     8, -3.324499986244e-01, 1.797693134862e+308, 0.0000e+00, 0.0000e+00, 
 2DIAGNOSTIC,     9, -3.324497884374e-01, 1.797693134862e+308, 0.0000e+00, 0.0000e+00, 
 2DIAGNOSTIC,    10, -3.324500034953e-01, 1.707109194343e-05, 0.0000e+00, 0.0000e+00, 
 2DIAGNOSTIC,    11, -3.324500026124e-01, 3.696782435697e-06, 0.0000e+00, 0.0000e+00, 
 2DIAGNOSTIC,    12, -3.324499533092e-01, 2.377369475157e-06, 0.0000e+00, 0.0000e+00, 
 2DIAGNOSTIC,    13, -3.324499527354e-01, 2.293485596938e-06, 0.0000e+00, 0.0000e+00, 
 2DIAGNOSTIC,    14, -3.324499529834e-01, 2.203203347859e-06, 0.0000e+00, 0.0000e+00, 
 2DIAGNOSTIC,    15, -3.324499542824e-01, 2.107436650786e-06, 0.0000e+00, 0.0000e+00, 
 2DIAGNOSTIC,    16, -3.324499054508e-01, 1.989828065971e-06, 0.0000e+00, 0.0000e+00, 
 2DIAGNOSTIC,    17, -3.324499054333e-01, 1.869021433093e-06, 0.0000e+00, 0.0000e+00, 
 2DIAGNOSTIC,    18, -3.324499045891e-01, 1.765732544019e-06, 0.0000e+00, 0.0000e+00, 
 2DIAGNOSTIC,    19, -3.324499062477e-01, 1.663748229887e-06, 0.0000e+00, 0.0000e+00, 
 2DIAGNOSTIC,    20, -3.324499056164e-01, 1.582104715368e-06, 0.0000e+00, 0.0000e+00, 
 2DIAGNOSTIC,    21, -3.324498567469e-01, 1.507108471306e-06, 0.0000e+00, 0.0000e+00, 
 2DIAGNOSTIC,    22, -3.324498482595e-01, 1.437484802636e-06, 0.0000e+00, 0.0000e+00, 
 2DIAGNOSTIC,    23, -3.324498477649e-01, 1.374642456281e-06, 0.0000e+00, 0.0000e+00, 
 2DIAGNOSTIC,    24, -3.324498477254e-01, 1.317797102898e-06, 0.0000e+00, 0.0000e+00, 
 2DIAGNOSTIC,    25, -3.324498494839e-01, 1.266387297985e-06, 0.0000e+00, 0.0000e+00, 
 2DIAGNOSTIC,    26, -3.324498496980e-01, 1.217943930848e-06, 0.0000e+00, 0.0000e+00, 
 2DIAGNOSTIC,    27, -3.324498496227e-01, 1.173634985412e-06, 0.0000e+00, 0.0000e+00, 
 2DIAGNOSTIC,    28, -3.324500021988e-01, 1.137542033784e-06, 0.0000e+00, 0.0000e+00, 
 2DIAGNOSTIC,    29, -3.324500021988e-01, 1.103714643437e-06, 0.0000e+00, 0.0000e+00, 
 2DIAGNOSTIC,    30, -3.324500017199e-01, 1.071569741447e-06, 0.0000e+00, 0.0000e+00, 
 2DIAGNOSTIC,    31, -3.324500019043e-01, 1.039182491551e-06, 0.0000e+00, 0.0000e+00, 
 2DIAGNOSTIC,    32, -3.324500021351e-01, 1.007361749975e-06, 0.0000e+00, 0.0000e+00, 
  Elapsed time (stage 0): 0.0000e+00


Total elapsed time: 0.0000e+00
Info [verificarlo]: loaded backend libinterflop_ieee.so
Info [interflop-ieee]: load backend with:
Info [interflop-ieee]: debug = false
Info [interflop-ieee]: debug-binary = false
Info [interflop-ieee]: no-backend-name = false
Info [interflop-ieee]: print-new-line = false
Info [interflop-ieee]: print-subnormal-normalized = false
Info [interflop-ieee]: count-op = false
All_Command_lines_OK
Using double precision for computations.
=============================================================================
The composite transform comprises the following transforms (in order): 
  1. /home/mdugre/scratch/mri-registration-rp/datasets/ds004513/derivatives/mri-registration-rp/0100/antsRegistration-r7-p20/sub-s020/rigid_Composite.h5[0] (type = Euler3DTransform)
  2. /home/mdugre/scratch/mri-registration-rp/datasets/ds004513/derivatives/mri-registration-rp/0100/antsRegistration-r7-p20/sub-s020/rigid_Composite.h5[1] (type = Euler3DTransform)
  3. /home/mdugre/scratch/mri-registration-rp/datasets/ds004513/derivatives/mri-registration-rp/0100/antsRegistration-r7-p20/sub-s020/rigid_Composite.h5[2] (type = Euler3DTransform)
=============================================================================
  number of levels = 4
  fixed image: /templateflow/tpl-MNI152NLin2009cAsym/tpl-MNI152NLin2009cAsym_res-01_desc-brain_T1w.nii.gz
  moving image: /home/mdugre/scratch/mri-registration-rp/datasets/ds004513/derivatives/mri-registration-rp/antsBrainExtraction/sub-s020/BrainExtractionBrain.nii.gz
Dimension = 3
Number of stages = 1
Use histogram matching = false
Winsorize image intensities = true
  Lower quantile = 0.005
  Upper quantile = 0.995


Stage 1 State
   Image metric = MattesMI
     Fixed image = Image (0x46d47e0)
  RTTI typeinfo:   itk::Image<double, 3u>
  Reference Count: 2
  Modified Time: 1594
  Debug: Off
  Object Name: 
  Observers: 
    none
  Source: (none)
  Source output name: (none)
  Release Data: Off
  Data Released: False
  Global Release Data: Off
  PipelineMTime: 0
  UpdateMTime: 1203
  RealTimeStamp: 0 seconds 
  LargestPossibleRegion: 
    Dimension: 3
    Index: [0, 0, 0]
    Size: [193, 229, 193]
  BufferedRegion: 
    Dimension: 3
    Index: [0, 0, 0]
    Size: [193, 229, 193]
  RequestedRegion: 
    Dimension: 3
    Index: [0, 0, 0]
    Size: [193, 229, 193]
  Spacing: [1, 1, 1]
  Origin: [96, 132, -78]
  Direction: 
-1 0 0
0 -1 0
0 0 1

  IndexToPointMatrix: 
-1 0 0
0 -1 0
0 0 1

  PointToIndexMatrix: 
-1 0 0
0 -1 0
0 0 1

  Inverse Direction: 
-1 0 0
0 -1 0
0 0 1

  PixelContainer: 
    ImportImageContainer (0x479f880)
      RTTI typeinfo:   itk::ImportImageContainer<unsigned long, double>
      Reference Count: 1
      Modified Time: 1200
      Debug: Off
      Object Name: 
      Observers: 
        none
      Pointer: 0x14ad6b125010
      Container manages memory: true
      Size: 8530021
      Capacity: 8530021

     Moving image = Image (0x4790050)
  RTTI typeinfo:   itk::Image<double, 3u>
  Reference Count: 2
  Modified Time: 1595
  Debug: Off
  Object Name: 
  Observers: 
    none
  Source: (none)
  Source output name: (none)
  Release Data: Off
  Data Released: False
  Global Release Data: Off
  PipelineMTime: 0
  UpdateMTime: 1592
  RealTimeStamp: 0 seconds 
  LargestPossibleRegion: 
    Dimension: 3
    Index: [0, 0, 0]
    Size: [160, 240, 256]
  BufferedRegion: 
    Dimension: 3
    Index: [0, 0, 0]
    Size: [160, 240, 256]
  RequestedRegion: 
    Dimension: 3
    Index: [0, 0, 0]
    Size: [160, 240, 256]
  Spacing: [0.999995, 1, 1]
  Origin: [87.0906, 98.7205, -152.377]
  Direction: 
-0.996975 0.0261379 -0.0731913
-0.0260677 -0.999658 -0.00191374
-0.0732163 -2.46403e-08 0.997316

  IndexToPointMatrix: 
-0.996971 0.0261379 -0.0731913
-0.0260676 -0.999658 -0.00191374
-0.0732159 -2.46403e-08 0.997316

  PointToIndexMatrix: 
-0.99698 -0.0260679 -0.0732166
0.0261379 -0.999658 -2.46993e-08
-0.0731913 -0.00191374 0.997316

  Inverse Direction: 
-0.996975 -0.0260677 -0.0732163
0.0261379 -0.999658 -2.46993e-08
-0.0731913 -0.00191374 0.997316

  PixelContainer: 
    ImportImageContainer (0x4843690)
      RTTI typeinfo:   itk::ImportImageContainer<unsigned long, double>
      Reference Count: 1
      Modified Time: 1589
      Debug: Off
      Object Name: 
      Observers: 
        none
      Pointer: 0x14ad66624010
      Container manages memory: true
      Size: 9830400
      Capacity: 9830400

     Weighting = 1
     Sampling strategy = regular
     Number of bins = 32
     Radius = 4
     Sampling percentage  = 0.25
   Transform = Affine
     Gradient step = 0.1
     Update field sigma (voxel space) = 0
     Total field sigma (voxel space) = 0
     Update field time sigma = 0
     Total field time sigma  = 0
     Number of time indices = 0
     Number of time point samples = 0
Registration using 1 total stages.

Stage 0
  iterations = 1000x500x250x100
  convergence threshold = 1e-06
  convergence window size = 10
  number of levels = 4
  using the Mattes MI metric (number of bins = 32, weight = 1, use gradient filter = 0)
  preprocessing:  winsorizing the image intensities
  Shrink factors (level 1 out of 4): [8, 8, 8]
  Shrink factors (level 2 out of 4): [4, 4, 4]
  Shrink factors (level 3 out of 4): [2, 2, 2]
  Shrink factors (level 4 out of 4): [1, 1, 1]
  smoothing sigmas per level: [3, 2, 1, 0]
  regular sampling (percentage = 0.25)

*** Running AffineTransform registration ***

DIAGNOSTIC,Iteration,metricValue,convergenceValue,ITERATION_TIME_INDEX,SINCE_LAST
 2DIAGNOSTIC,     1, -5.123200001568e-01, 1.797693134862e+308, 9.2727e-01, 9.2727e-01, 
 2DIAGNOSTIC,     2, -5.140362815829e-01, 1.797693134862e+308, 9.3258e-01, 5.3101e-03, 
 2DIAGNOSTIC,     3, -5.176010221342e-01, 1.797693134862e+308, 9.3821e-01, 5.6331e-03, 
 2DIAGNOSTIC,     4, -5.233289188887e-01, 1.797693134862e+308, 9.4342e-01, 5.2090e-03, 
 2DIAGNOSTIC,     5, -5.311486020902e-01, 1.797693134862e+308, 9.4816e-01, 4.7359e-03, 
 2DIAGNOSTIC,     6, -5.459622969595e-01, 1.797693134862e+308, 9.5255e-01, 4.3921e-03, 
 2DIAGNOSTIC,     7, -5.740711883379e-01, 1.797693134862e+308, 9.5724e-01, 4.6949e-03, 
 2DIAGNOSTIC,     8, -6.189610380503e-01, 1.797693134862e+308, 9.6316e-01, 5.9109e-03, 
 2DIAGNOSTIC,     9, -6.899264585602e-01, 1.797693134862e+308, 9.7265e-01, 9.4919e-03, 
 2DIAGNOSTIC,    10, -6.940831081300e-01, 2.149838540781e-02, 9.7779e-01, 5.1432e-03, 
 2DIAGNOSTIC,    11, -7.274180075582e-01, 2.336832397768e-02, 9.8436e-01, 6.5730e-03, 
 2DIAGNOSTIC,    12, -7.589879604474e-01, 2.400410954269e-02, 9.8923e-01, 4.8671e-03, 
 2DIAGNOSTIC,    13, -7.784108287055e-01, 2.310879340011e-02, 9.9461e-01, 5.3830e-03, 
 2DIAGNOSTIC,    14, -8.098919826276e-01, 2.142324780963e-02, 1.0004e+00, 5.8250e-03, 
 2DIAGNOSTIC,    15, -8.367072594377e-01, 1.907572066015e-02, 1.0061e+00, 5.6610e-03, 
 2DIAGNOSTIC,    16, -8.384813685865e-01, 1.583787556789e-02, 1.0119e+00, 5.7991e-03, 
 2DIAGNOSTIC,    17, -8.415017765928e-01, 1.241718183094e-02, 1.0179e+00, 5.9621e-03, 
 2DIAGNOSTIC,    18, -8.430516299465e-01, 9.386371155733e-03, 1.0239e+00, 5.9981e-03, 
 2DIAGNOSTIC,    19, -8.440644618959e-01, 7.465950503851e-03, 1.0291e+00, 5.2059e-03, 
 2DIAGNOSTIC,    20, -8.455824658625e-01, 5.193701494611e-03, 1.0347e+00, 5.6000e-03, 
 2DIAGNOSTIC,    21, -8.507073599079e-01, 3.441329500357e-03, 1.0412e+00, 6.4881e-03, 
 2DIAGNOSTIC,    22, -8.562644651678e-01, 2.242161162845e-03, 1.0473e+00, 6.1219e-03, 
 2DIAGNOSTIC,    23, -8.575486824931e-01, 1.307483985384e-03, 1.0550e+00, 7.7271e-03, 
 2DIAGNOSTIC,    24, -8.580033525867e-01, 8.597763333731e-04, 1.0627e+00, 7.7169e-03, 
 2DIAGNOSTIC,    25, -8.582417373693e-01, 7.995281768092e-04, 1.0690e+00, 6.3231e-03, 
 2DIAGNOSTIC,    26, -8.579579301212e-01, 6.903493223071e-04, 1.0772e+00, 8.1091e-03, 
 2DIAGNOSTIC,    27, -8.580259455624e-01, 5.688435258395e-04, 1.0828e+00, 5.6520e-03, 
 2DIAGNOSTIC,    28, -8.577218255082e-01, 4.216863828545e-04, 1.0898e+00, 6.9981e-03, 
 2DIAGNOSTIC,    29, -8.577579754024e-01, 2.619093669538e-04, 1.0964e+00, 6.6209e-03, 
 2DIAGNOSTIC,    30, -8.575118410182e-01, 1.051157013510e-04, 1.1020e+00, 5.6181e-03, 
 2DIAGNOSTIC,    31, -8.574163694538e-01, 9.916609556154e-06, 1.1085e+00, 6.4468e-03, 
DIAGNOSTIC,Iteration,metricValue,convergenceValue,ITERATION_TIME_INDEX,SINCE_LAST
 2DIAGNOSTIC,     1, -7.182833535503e-01, 1.797693134862e+308, 1.9399e+00, 8.3140e-01, 
 2DIAGNOSTIC,     2, -7.188192715577e-01, 1.797693134862e+308, 1.9759e+00, 3.6058e-02, 
 2DIAGNOSTIC,     3, -7.192801470933e-01, 1.797693134862e+308, 2.0238e+00, 4.7877e-02, 
 2DIAGNOSTIC,     4, -7.192820742336e-01, 1.797693134862e+308, 2.0649e+00, 4.1034e-02, 
 2DIAGNOSTIC,     5, -7.192349001030e-01, 1.797693134862e+308, 2.1077e+00, 4.2816e-02, 
 2DIAGNOSTIC,     6, -7.192402922473e-01, 1.797693134862e+308, 2.1530e+00, 4.5356e-02, 
 2DIAGNOSTIC,     7, -7.192376988527e-01, 1.797693134862e+308, 2.1932e+00, 4.0125e-02, 
 2DIAGNOSTIC,     8, -7.192180229740e-01, 1.797693134862e+308, 2.2331e+00, 3.9925e-02, 
 2DIAGNOSTIC,     9, -7.192143745214e-01, 1.797693134862e+308, 2.2718e+00, 3.8683e-02, 
 2DIAGNOSTIC,    10, -7.191991659343e-01, 5.051000537969e-05, 2.3096e+00, 3.7825e-02, 
 2DIAGNOSTIC,    11, -7.192102559828e-01, 1.239188172901e-05, 2.3512e+00, 4.1589e-02, 
DIAGNOSTIC,Iteration,metricValue,convergenceValue,ITERATION_TIME_INDEX,SINCE_LAST
 2DIAGNOSTIC,     1, -5.960617174917e-01, 1.797693134862e+308, 3.6404e+00, 1.2893e+00, 
 2DIAGNOSTIC,     2, -5.963721812341e-01, 1.797693134862e+308, 4.0258e+00, 3.8537e-01, 
 2DIAGNOSTIC,     3, -5.966109951259e-01, 1.797693134862e+308, 4.4232e+00, 3.9741e-01, 
 2DIAGNOSTIC,     4, -5.967879488341e-01, 1.797693134862e+308, 4.7988e+00, 3.7556e-01, 
 2DIAGNOSTIC,     5, -5.970267208291e-01, 1.797693134862e+308, 5.2413e+00, 4.4249e-01, 
 2DIAGNOSTIC,     6, -5.971411519028e-01, 1.797693134862e+308, 5.9194e+00, 6.7815e-01, 
 2DIAGNOSTIC,     7, -5.971547324468e-01, 1.797693134862e+308, 6.3159e+00, 3.9646e-01, 
 2DIAGNOSTIC,     8, -5.971708040107e-01, 1.797693134862e+308, 6.7180e+00, 4.0215e-01, 
 2DIAGNOSTIC,     9, -5.971944741241e-01, 1.797693134862e+308, 7.1370e+00, 4.1902e-01, 
 2DIAGNOSTIC,    10, -5.972167112402e-01, 1.201527786514e-04, 7.5081e+00, 3.7105e-01, 
 2DIAGNOSTIC,    11, -5.972371357514e-01, 7.860081870921e-05, 7.9160e+00, 4.0795e-01, 
 2DIAGNOSTIC,    12, -5.972353842201e-01, 4.938000488773e-05, 8.3358e+00, 4.1972e-01, 
 2DIAGNOSTIC,    13, -5.972334897772e-01, 2.911154229233e-05, 8.7939e+00, 4.5809e-01, 
 2DIAGNOSTIC,    14, -5.972336563704e-01, 1.515677906302e-05, 9.3038e+00, 5.0998e-01, 
 2DIAGNOSTIC,    15, -5.972331346326e-01, 9.339207655459e-06, 9.7873e+00, 4.8350e-01, 
 2DIAGNOSTIC,    16, -5.972321512086e-01, 6.955432786240e-06, 1.0229e+01, 4.4121e-01, 
 2DIAGNOSTIC,    17, -5.972326424064e-01, 4.793833991289e-06, 1.0636e+01, 4.0707e-01, 
 2DIAGNOSTIC,    18, -5.972317655959e-01, 3.002451310109e-06, 1.1048e+01, 4.1227e-01, 
 2DIAGNOSTIC,    19, -5.972364757663e-01, 1.986332205869e-06, 1.1495e+01, 4.4720e-01, 
 2DIAGNOSTIC,    20, -5.972386969989e-01, 1.606869785190e-06, 1.1936e+01, 4.4100e-01, 
 2DIAGNOSTIC,    21, -5.972378439246e-01, 1.706293746899e-06, 1.2377e+01, 4.4050e-01, 
 2DIAGNOSTIC,    22, -5.972436391970e-01, 1.870096641779e-06, 1.2827e+01, 4.5087e-01, 
 2DIAGNOSTIC,    23, -5.972465254782e-01, 1.996972381596e-06, 1.3269e+01, 4.4196e-01, 
 2DIAGNOSTIC,    24, -5.972433979929e-01, 1.995054145436e-06, 1.3699e+01, 4.2996e-01, 
 2DIAGNOSTIC,    25, -5.972472988883e-01, 1.998327514748e-06, 1.4136e+01, 4.3656e-01, 
 2DIAGNOSTIC,    26, -5.972464236725e-01, 1.897873911978e-06, 1.4638e+01, 5.0203e-01, 
 2DIAGNOSTIC,    27, -5.972464498235e-01, 1.751083774038e-06, 1.5075e+01, 4.3654e-01, 
 2DIAGNOSTIC,    28, -5.972463082166e-01, 1.541269019592e-06, 1.5502e+01, 4.2705e-01, 
 2DIAGNOSTIC,    29, -5.972445296600e-01, 1.356422904067e-06, 1.5931e+01, 4.2982e-01, 
 2DIAGNOSTIC,    30, -5.972427495469e-01, 1.168611650608e-06, 1.6350e+01, 4.1883e-01, 
DIAGNOSTIC,Iteration,metricValue,convergenceValue,ITERATION_TIME_INDEX,SINCE_LAST
 2DIAGNOSTIC,     1, -5.293280386302e-01, 1.797693134862e+308, 1.9807e+01, 3.4566e+00, 
 2DIAGNOSTIC,     2, -5.296639328916e-01, 1.797693134862e+308, 2.2144e+01, 2.3376e+00, 
 2DIAGNOSTIC,     3, -5.299790657843e-01, 1.797693134862e+308, 2.4369e+01, 2.2245e+00, 
 2DIAGNOSTIC,     4, -5.302927702724e-01, 1.797693134862e+308, 2.6451e+01, 2.0819e+00, 
 2DIAGNOSTIC,     5, -5.305281640614e-01, 1.797693134862e+308, 2.8471e+01, 2.0198e+00, 
 2DIAGNOSTIC,     6, -5.312048556645e-01, 1.797693134862e+308, 3.4416e+01, 5.9455e+00, 
 2DIAGNOSTIC,     7, -5.312049777807e-01, 1.797693134862e+308, 3.6776e+01, 2.3601e+00, 
 2DIAGNOSTIC,     8, -5.312046024639e-01, 1.797693134862e+308, 3.9041e+01, 2.2649e+00, 
 2DIAGNOSTIC,     9, -5.312043849963e-01, 1.797693134862e+308, 4.1149e+01, 2.1079e+00, 
 2DIAGNOSTIC,    10, -5.312042770942e-01, 2.506633960212e-04, 4.3185e+01, 2.0354e+00, 
 2DIAGNOSTIC,    11, -5.312042739126e-01, 1.765509404037e-04, 4.5266e+01, 2.0817e+00, 
 2DIAGNOSTIC,    12, -5.312041882212e-01, 1.140432885106e-04, 4.7788e+01, 2.5221e+00, 
 2DIAGNOSTIC,    13, -5.312040307952e-01, 6.428030113999e-05, 5.0250e+01, 2.4614e+00, 
 2DIAGNOSTIC,    14, -5.312040761701e-01, 2.807135255274e-05, 5.2910e+01, 2.6604e+00, 
 2DIAGNOSTIC,    15, -5.312037289041e-01, 2.036357428847e-06, 5.5217e+01, 2.3070e+00, 
 2DIAGNOSTIC,    16, -5.312035376381e-01, 1.904271858505e-06, 5.7367e+01, 2.1501e+00, 
 2DIAGNOSTIC,    17, -5.312036361683e-01, 1.802867704820e-06, 5.9510e+01, 2.1433e+00, 
 2DIAGNOSTIC,    18, -5.312035928441e-01, 1.706623295412e-06, 6.1417e+01, 1.9064e+00, 
 2DIAGNOSTIC,    19, -5.312036094461e-01, 1.620637080861e-06, 6.3441e+01, 2.0240e+00, 
 2DIAGNOSTIC,    20, -5.312037175110e-01, 1.548426253696e-06, 6.5272e+01, 1.8311e+00, 
 2DIAGNOSTIC,    21, -5.312037699054e-01, 1.488404241592e-06, 6.7296e+01, 2.0236e+00, 
 2DIAGNOSTIC,    22, -5.312036273434e-01, 1.430795548665e-06, 6.9385e+01, 2.0896e+00, 
 2DIAGNOSTIC,    23, -5.312037312327e-01, 1.378395594463e-06, 7.1443e+01, 2.0578e+00, 
 2DIAGNOSTIC,    24, -5.312035943605e-01, 1.328934591073e-06, 7.3879e+01, 2.4365e+00, 
 2DIAGNOSTIC,    25, -5.312034245645e-01, 1.272235671014e-06, 7.6184e+01, 2.3045e+00, 
 2DIAGNOSTIC,    26, -5.312033742818e-01, 1.215020609902e-06, 7.8655e+01, 2.4707e+00, 
 2DIAGNOSTIC,    27, -5.312033029094e-01, 1.163473935049e-06, 8.0975e+01, 2.3203e+00, 
 2DIAGNOSTIC,    28, -5.312032107053e-01, 1.114445261317e-06, 8.3140e+01, 2.1648e+00, 
 2DIAGNOSTIC,    29, -5.312031447439e-01, 1.069951648544e-06, 8.5255e+01, 2.1152e+00, 
 2DIAGNOSTIC,    30, -5.312032533358e-01, 1.034909580533e-06, 8.7600e+01, 2.3451e+00, 
 2DIAGNOSTIC,    31, -5.312031016600e-01, 1.002851279755e-06, 9.0022e+01, 2.4214e+00, 
  Elapsed time (stage 0): 9.1398e+01


Total elapsed time: 9.1402e+01
Info [verificarlo]: loaded backend libinterflop_ieee.so
Info [interflop-ieee]: load backend with:
Info [interflop-ieee]: debug = false
Info [interflop-ieee]: debug-binary = false
Info [interflop-ieee]: no-backend-name = false
Info [interflop-ieee]: print-new-line = false
Info [interflop-ieee]: print-subnormal-normalized = false
Info [interflop-ieee]: count-op = false
All_Command_lines_OK
Using double precision for computations.
=============================================================================
The composite transform comprises the following transforms (in order): 
  1. /home/mdugre/scratch/mri-registration-rp/datasets/ds004513/derivatives/mri-registration-rp/0100/antsRegistration-r7-p20/sub-s020/affine_Composite.h5[0] (type = Euler3DTransform)
  2. /home/mdugre/scratch/mri-registration-rp/datasets/ds004513/derivatives/mri-registration-rp/0100/antsRegistration-r7-p20/sub-s020/affine_Composite.h5[1] (type = Euler3DTransform)
  3. /home/mdugre/scratch/mri-registration-rp/datasets/ds004513/derivatives/mri-registration-rp/0100/antsRegistration-r7-p20/sub-s020/affine_Composite.h5[2] (type = Euler3DTransform)
  4. /home/mdugre/scratch/mri-registration-rp/datasets/ds004513/derivatives/mri-registration-rp/0100/antsRegistration-r7-p20/sub-s020/affine_Composite.h5[3] (type = AffineTransform)
=============================================================================
  number of levels = 4
  fixed image: /templateflow/tpl-MNI152NLin2009cAsym/tpl-MNI152NLin2009cAsym_res-01_desc-brain_T1w.nii.gz
  moving image: /home/mdugre/scratch/mri-registration-rp/datasets/ds004513/derivatives/mri-registration-rp/antsBrainExtraction/sub-s020/BrainExtractionBrain.nii.gz
Dimension = 3
Number of stages = 1
Use histogram matching = false
Winsorize image intensities = true
  Lower quantile = 0.005
  Upper quantile = 0.995


Stage 1 State
   Image metric = CC
     Fixed image = Image (0x4c47a40)
  RTTI typeinfo:   itk::Image<double, 3u>
  Reference Count: 2
  Modified Time: 1608
  Debug: Off
  Object Name: 
  Observers: 
    none
  Source: (none)
  Source output name: (none)
  Release Data: Off
  Data Released: False
  Global Release Data: Off
  PipelineMTime: 0
  UpdateMTime: 1217
  RealTimeStamp: 0 seconds 
  LargestPossibleRegion: 
    Dimension: 3
    Index: [0, 0, 0]
    Size: [193, 229, 193]
  BufferedRegion: 
    Dimension: 3
    Index: [0, 0, 0]
    Size: [193, 229, 193]
  RequestedRegion: 
    Dimension: 3
    Index: [0, 0, 0]
    Size: [193, 229, 193]
  Spacing: [1, 1, 1]
  Origin: [96, 132, -78]
  Direction: 
-1 0 0
0 -1 0
0 0 1

  IndexToPointMatrix: 
-1 0 0
0 -1 0
0 0 1

  PointToIndexMatrix: 
-1 0 0
0 -1 0
0 0 1

  Inverse Direction: 
-1 0 0
0 -1 0
0 0 1

  PixelContainer: 
    ImportImageContainer (0x4d16780)
      RTTI typeinfo:   itk::ImportImageContainer<unsigned long, double>
      Reference Count: 1
      Modified Time: 1214
      Debug: Off
      Object Name: 
      Observers: 
        none
      Pointer: 0x149b3a77e010
      Container manages memory: true
      Size: 8530021
      Capacity: 8530021

     Moving image = Image (0x4d183b0)
  RTTI typeinfo:   itk::Image<double, 3u>
  Reference Count: 2
  Modified Time: 1609
  Debug: Off
  Object Name: 
  Observers: 
    none
  Source: (none)
  Source output name: (none)
  Release Data: Off
  Data Released: False
  Global Release Data: Off
  PipelineMTime: 0
  UpdateMTime: 1606
  RealTimeStamp: 0 seconds 
  LargestPossibleRegion: 
    Dimension: 3
    Index: [0, 0, 0]
    Size: [160, 240, 256]
  BufferedRegion: 
    Dimension: 3
    Index: [0, 0, 0]
    Size: [160, 240, 256]
  RequestedRegion: 
    Dimension: 3
    Index: [0, 0, 0]
    Size: [160, 240, 256]
  Spacing: [0.999995, 1, 1]
  Origin: [87.0906, 98.7205, -152.377]
  Direction: 
-0.996975 0.0261379 -0.0731913
-0.0260677 -0.999658 -0.00191374
-0.0732163 -2.46403e-08 0.997316

  IndexToPointMatrix: 
-0.996971 0.0261379 -0.0731913
-0.0260676 -0.999658 -0.00191374
-0.0732159 -2.46403e-08 0.997316

  PointToIndexMatrix: 
-0.99698 -0.0260679 -0.0732166
0.0261379 -0.999658 -2.46993e-08
-0.0731913 -0.00191374 0.997316

  Inverse Direction: 
-0.996975 -0.0260677 -0.0732163
0.0261379 -0.999658 -2.46993e-08
-0.0731913 -0.00191374 0.997316

  PixelContainer: 
    ImportImageContainer (0x4cd5790)
      RTTI typeinfo:   itk::ImportImageContainer<unsigned long, double>
      Reference Count: 1
      Modified Time: 1603
      Debug: Off
      Object Name: 
      Observers: 
        none
      Pointer: 0x149b35c7d010
      Container manages memory: true
      Size: 9830400
      Capacity: 9830400

     Weighting = 1
     Sampling strategy = none
     Number of bins = 32
     Radius = 4
     Sampling percentage  = 1
   Transform = SyN
     Gradient step = 0.1
     Update field sigma (voxel space) = 3
     Total field sigma (voxel space) = 0
     Update field time sigma = 0
     Total field time sigma  = 0
     Number of time indices = 0
     Number of time point samples = 0
Registration using 1 total stages.

Stage 0
  iterations = 100x70x50x20
  convergence threshold = 1e-06
  convergence window size = 10
  number of levels = 4
  using the CC metric (radius = 4, weight = 1, use gradient filter = 0)
  preprocessing:  winsorizing the image intensities
  Shrink factors (level 1 out of 4): [8, 8, 8]
  Shrink factors (level 2 out of 4): [4, 4, 4]
  Shrink factors (level 3 out of 4): [2, 2, 2]
  Shrink factors (level 4 out of 4): [1, 1, 1]
  smoothing sigmas per level: [3, 2, 1, 0]
  Using default NONE metricSamplingStrategy 

*** Running SyN registration (varianceForUpdateField = 3, varianceForTotalField = 0) ***

XXDIAGNOSTIC,Iteration,metricValue,convergenceValue,ITERATION_TIME_INDEX,SINCE_LAST
 1DIAGNOSTIC,     1, -9.067332729095e-01, 1.797693134862e+308, 1.5854e+00, 1.5854e+00, 
 1DIAGNOSTIC,     2, -9.142006032883e-01, 1.797693134862e+308, 1.9536e+00, 3.6812e-01, 
 1DIAGNOSTIC,     3, -9.194501815553e-01, 1.797693134862e+308, 2.3265e+00, 3.7296e-01, 
 1DIAGNOSTIC,     4, -9.228731972158e-01, 1.797693134862e+308, 2.7071e+00, 3.8054e-01, 
 1DIAGNOSTIC,     5, -9.253269312852e-01, 1.797693134862e+308, 3.0603e+00, 3.5324e-01, 
 1DIAGNOSTIC,     6, -9.269641587677e-01, 1.797693134862e+308, 3.3973e+00, 3.3704e-01, 
 1DIAGNOSTIC,     7, -9.282272169959e-01, 1.797693134862e+308, 3.7538e+00, 3.5646e-01, 
 1DIAGNOSTIC,     8, -9.291665233023e-01, 1.797693134862e+308, 4.1003e+00, 3.4652e-01, 
 1DIAGNOSTIC,     9, -9.299055186734e-01, 1.797693134862e+308, 4.4549e+00, 3.5456e-01, 
 1DIAGNOSTIC,    10, -9.305523656509e-01, 1.453904119301e-03, 4.8230e+00, 3.6816e-01, 
 1DIAGNOSTIC,    11, -9.310675016187e-01, 9.397223780492e-04, 5.1781e+00, 3.5503e-01, 
 1DIAGNOSTIC,    12, -9.315263503697e-01, 6.284535131135e-04, 5.5672e+00, 3.8918e-01, 
 1DIAGNOSTIC,    13, -9.319341817668e-01, 4.411424301945e-04, 5.9815e+00, 4.1425e-01, 
 1DIAGNOSTIC,    14, -9.323161992751e-01, 3.233677145397e-04, 6.3655e+00, 3.8406e-01, 
 1DIAGNOSTIC,    15, -9.326665296048e-01, 2.488345063190e-04, 6.7084e+00, 3.4280e-01, 
 1DIAGNOSTIC,    16, -9.329802791559e-01, 1.979933621703e-04, 7.0532e+00, 3.4483e-01, 
 1DIAGNOSTIC,    17, -9.332775142242e-01, 1.629621294180e-04, 7.3901e+00, 3.3688e-01, 
 1DIAGNOSTIC,    18, -9.335572910914e-01, 1.374878412346e-04, 7.7741e+00, 3.8406e-01, 
 1DIAGNOSTIC,    19, -9.338264782991e-01, 1.181777770886e-04, 8.1105e+00, 3.3636e-01, 
 1DIAGNOSTIC,    20, -9.340852505009e-01, 1.036929043645e-04, 8.4252e+00, 3.1470e-01, 
 1DIAGNOSTIC,    21, -9.343324690299e-01, 9.206518308753e-05, 8.7331e+00, 3.0794e-01, 
 1DIAGNOSTIC,    22, -9.345678781641e-01, 8.259323204925e-05, 9.0777e+00, 3.4458e-01, 
 1DIAGNOSTIC,    23, -9.347917640646e-01, 7.465707327990e-05, 9.4013e+00, 3.2357e-01, 
 1DIAGNOSTIC,    24, -9.350058077917e-01, 6.802061538597e-05, 9.8423e+00, 4.4102e-01, 
 1DIAGNOSTIC,    25, -9.352102938604e-01, 6.236129789367e-05, 1.0194e+01, 3.5160e-01, 
 1DIAGNOSTIC,    26, -9.354026268284e-01, 5.727149831616e-05, 1.0547e+01, 3.5302e-01, 
 1DIAGNOSTIC,    27, -9.355839239193e-01, 5.263422628794e-05, 1.0912e+01, 3.6471e-01, 
 1DIAGNOSTIC,    28, -9.357554667280e-01, 4.834293522066e-05, 1.1209e+01, 2.9740e-01, 
 1DIAGNOSTIC,    29, -9.359177322692e-01, 4.438073652298e-05, 1.1580e+01, 3.7102e-01, 
 1DIAGNOSTIC,    30, -9.360480567640e-01, 4.050159516723e-05, 1.1909e+01, 3.2850e-01, 
 1DIAGNOSTIC,    31, -9.361943337052e-01, 3.697657807910e-05, 1.2241e+01, 3.3215e-01, 
 1DIAGNOSTIC,    32, -9.363341870560e-01, 3.380146789979e-05, 1.2570e+01, 3.2959e-01, 
 1DIAGNOSTIC,    33, -9.364682079390e-01, 3.097525644699e-05, 1.2963e+01, 3.9268e-01, 
 1DIAGNOSTIC,    34, -9.365923255444e-01, 2.846573260759e-05, 1.3293e+01, 3.2976e-01, 
 1DIAGNOSTIC,    35, -9.367174198472e-01, 2.632808633954e-05, 1.3635e+01, 3.4180e-01, 
 1DIAGNOSTIC,    36, -9.368387818435e-01, 2.451931763986e-05, 1.3953e+01, 3.1860e-01, 
 1DIAGNOSTIC,    37, -9.369487621975e-01, 2.292725042649e-05, 1.4295e+01, 3.4157e-01, 
 1DIAGNOSTIC,    38, -9.370606957046e-01, 2.156501933664e-05, 1.4632e+01, 3.3765e-01, 
 1DIAGNOSTIC,    39, -9.371680919318e-01, 2.038614324440e-05, 1.4995e+01, 3.6280e-01, 
 1DIAGNOSTIC,    40, -9.372712407632e-01, 1.915553833846e-05, 1.5351e+01, 3.5563e-01, 
 1DIAGNOSTIC,    41, -9.373702744555e-01, 1.803471632679e-05, 1.5783e+01, 4.3202e-01, 
 1DIAGNOSTIC,    42, -9.374654730784e-01, 1.700535382635e-05, 1.6139e+01, 3.5599e-01, 
 1DIAGNOSTIC,    43, -9.375569315478e-01, 1.605207213646e-05, 1.6506e+01, 3.6706e-01, 
 1DIAGNOSTIC,    44, -9.376451549172e-01, 1.513052638830e-05, 1.6844e+01, 3.3806e-01, 
 1DIAGNOSTIC,    45, -9.377304701664e-01, 1.427918721250e-05, 1.7175e+01, 3.3119e-01, 
 1DIAGNOSTIC,    46, -9.378134249395e-01, 1.350459242623e-05, 1.7555e+01, 3.7948e-01, 
 1DIAGNOSTIC,    47, -9.378889710905e-01, 1.272361249570e-05, 1.7881e+01, 3.2666e-01, 
 1DIAGNOSTIC,    48, -9.379662010070e-01, 1.200837288769e-05, 1.8262e+01, 3.8045e-01, 
 1DIAGNOSTIC,    49, -9.380413291926e-01, 1.135602253664e-05, 1.8629e+01, 3.6715e-01, 
 1DIAGNOSTIC,    50, -9.381139956379e-01, 1.076106940843e-05, 1.9012e+01, 3.8322e-01, 
 1DIAGNOSTIC,    51, -9.381839978144e-01, 1.021577732951e-05, 1.9504e+01, 4.9216e-01, 
 1DIAGNOSTIC,    52, -9.382510860202e-01, 9.710654039739e-06, 1.9870e+01, 3.6549e-01, 
 1DIAGNOSTIC,    53, -9.383115224642e-01, 9.213462258337e-06, 2.0258e+01, 3.8779e-01, 
 1DIAGNOSTIC,    54, -9.383738740347e-01, 8.746845105812e-06, 2.0639e+01, 3.8178e-01, 
 1DIAGNOSTIC,    55, -9.384339434028e-01, 8.308096844985e-06, 2.0942e+01, 3.0283e-01, 
 1DIAGNOSTIC,    56, -9.384919801252e-01, 7.899959205217e-06, 2.1206e+01, 2.6396e-01, 
 1DIAGNOSTIC,    57, -9.385478336588e-01, 7.494664216696e-06, 2.1479e+01, 2.7272e-01, 
 1DIAGNOSTIC,    58, -9.386015502616e-01, 7.115803929141e-06, 2.1739e+01, 2.5990e-01, 
 1DIAGNOSTIC,    59, -9.386314808907e-01, 6.652428342864e-06, 2.1991e+01, 2.5245e-01, 
 1DIAGNOSTIC,    60, -9.386814701436e-01, 6.233923295160e-06, 2.2246e+01, 2.5483e-01, 
 1DIAGNOSTIC,    61, -9.387291522346e-01, 5.858785642257e-06, 2.2508e+01, 2.6217e-01, 
 1DIAGNOSTIC,    62, -9.387748726651e-01, 5.527934494598e-06, 2.2770e+01, 2.6178e-01, 
 1DIAGNOSTIC,    63, -9.388185687538e-01, 5.221870164752e-06, 2.3041e+01, 2.7074e-01, 
 1DIAGNOSTIC,    64, -9.388606605708e-01, 4.963479579196e-06, 2.3331e+01, 2.9082e-01, 
 1DIAGNOSTIC,    65, -9.389010577426e-01, 4.747748329623e-06, 2.3723e+01, 3.9146e-01, 
 1DIAGNOSTIC,    66, -9.389398992397e-01, 4.567815361543e-06, 2.4019e+01, 2.9646e-01, 
 1DIAGNOSTIC,    67, -9.389776856128e-01, 4.418422574169e-06, 2.4306e+01, 2.8650e-01, 
 1DIAGNOSTIC,    68, -9.390141804415e-01, 4.294786983172e-06, 2.4613e+01, 3.0714e-01, 
 1DIAGNOSTIC,    69, -9.390493988070e-01, 4.088341499613e-06, 2.4880e+01, 2.6703e-01, 
 1DIAGNOSTIC,    70, -9.390834459352e-01, 3.898801017079e-06, 2.5144e+01, 2.6362e-01, 
 1DIAGNOSTIC,    71, -9.391163552775e-01, 3.723486328846e-06, 2.5401e+01, 2.5716e-01, 
 1DIAGNOSTIC,    72, -9.391482241249e-01, 3.560873334685e-06, 2.5654e+01, 2.5282e-01, 
 1DIAGNOSTIC,    73, -9.391792474773e-01, 3.409279626467e-06, 2.5913e+01, 2.5963e-01, 
 1DIAGNOSTIC,    74, -9.392093345782e-01, 3.267871452014e-06, 2.6167e+01, 2.5389e-01, 
 1DIAGNOSTIC,    75, -9.392385113153e-01, 3.135023581785e-06, 2.6429e+01, 2.6190e-01, 
 1DIAGNOSTIC,    76, -9.392667831648e-01, 3.009245755020e-06, 2.6695e+01, 2.6578e-01, 
 1DIAGNOSTIC,    77, -9.392942000970e-01, 2.890973806411e-06, 2.6956e+01, 2.6100e-01, 
 1DIAGNOSTIC,    78, -9.393208555959e-01, 2.779644939296e-06, 2.7218e+01, 2.6173e-01, 
 1DIAGNOSTIC,    79, -9.393468272636e-01, 2.674696082344e-06, 2.7484e+01, 2.6663e-01, 
 1DIAGNOSTIC,    80, -9.393721132199e-01, 2.575653420061e-06, 2.7746e+01, 2.6171e-01, 
 1DIAGNOSTIC,    81, -9.393968703470e-01, 2.482465270787e-06, 2.8003e+01, 2.5745e-01, 
 1DIAGNOSTIC,    82, -9.394210430324e-01, 2.394868716905e-06, 2.8269e+01, 2.6551e-01, 
 1DIAGNOSTIC,    83, -9.394447705750e-01, 2.313533462398e-06, 2.8627e+01, 3.5816e-01, 
 1DIAGNOSTIC,    84, -9.394678601755e-01, 2.237658250106e-06, 2.8966e+01, 3.3941e-01, 
 1DIAGNOSTIC,    85, -9.394901873353e-01, 2.165813845984e-06, 2.9276e+01, 3.0975e-01, 
 1DIAGNOSTIC,    86, -9.395117735129e-01, 2.096523657907e-06, 2.9648e+01, 3.7226e-01, 
 1DIAGNOSTIC,    87, -9.395326904639e-01, 2.028694257878e-06, 3.0008e+01, 3.5957e-01, 
 1DIAGNOSTIC,    88, -9.395530024877e-01, 1.961823052510e-06, 3.0331e+01, 3.2319e-01, 
 1DIAGNOSTIC,    89, -9.395727576567e-01, 1.895928290530e-06, 3.0673e+01, 3.4159e-01, 
 1DIAGNOSTIC,    90, -9.395919705360e-01, 1.831123039897e-06, 3.1005e+01, 3.3197e-01, 
 1DIAGNOSTIC,    91, -9.396107055554e-01, 1.768294669907e-06, 3.1310e+01, 3.0531e-01, 
 1DIAGNOSTIC,    92, -9.396289819440e-01, 1.708083200850e-06, 3.1613e+01, 3.0257e-01, 
 1DIAGNOSTIC,    93, -9.396468396034e-01, 1.651576378428e-06, 3.1921e+01, 3.0883e-01, 
 1DIAGNOSTIC,    94, -9.396644731367e-01, 1.599601553885e-06, 3.2187e+01, 2.6580e-01, 
 1DIAGNOSTIC,    95, -9.396816726494e-01, 1.551547225450e-06, 3.2489e+01, 3.0174e-01, 
 1DIAGNOSTIC,    96, -9.396984144105e-01, 1.506570131326e-06, 3.2754e+01, 2.6472e-01, 
 1DIAGNOSTIC,    97, -9.397147043577e-01, 1.463903153769e-06, 3.3037e+01, 2.8340e-01, 
 1DIAGNOSTIC,    98, -9.397306129449e-01, 1.423077450564e-06, 3.3364e+01, 3.2661e-01, 
 1DIAGNOSTIC,    99, -9.397462546897e-01, 1.384034928251e-06, 3.3659e+01, 2.9571e-01, 
 1DIAGNOSTIC,   100, -9.398109805403e-01, 1.496487761659e-06, 3.3937e+01, 2.7757e-01, 
XXDIAGNOSTIC,Iteration,metricValue,convergenceValue,ITERATION_TIME_INDEX,SINCE_LAST
 1DIAGNOSTIC,     1, -8.714633382007e-01, 1.797693134862e+308, 3.7387e+01, 3.4496e+00, 
 1DIAGNOSTIC,     2, -8.746999438934e-01, 1.797693134862e+308, 3.9816e+01, 2.4294e+00, 
 1DIAGNOSTIC,     3, -8.775343331202e-01, 1.797693134862e+308, 4.2523e+01, 2.7065e+00, 
 1DIAGNOSTIC,     4, -8.799561447581e-01, 1.797693134862e+308, 4.4979e+01, 2.4569e+00, 
 1DIAGNOSTIC,     5, -8.820235666393e-01, 1.797693134862e+308, 4.7538e+01, 2.5588e+00, 
 1DIAGNOSTIC,     6, -8.838018526716e-01, 1.797693134862e+308, 5.0073e+01, 2.5348e+00, 
 1DIAGNOSTIC,     7, -8.853363475540e-01, 1.797693134862e+308, 5.2577e+01, 2.5042e+00, 
 1DIAGNOSTIC,     8, -8.866512320581e-01, 1.797693134862e+308, 5.5117e+01, 2.5393e+00, 
 1DIAGNOSTIC,     9, -8.878022068733e-01, 1.797693134862e+308, 5.7917e+01, 2.8001e+00, 
 1DIAGNOSTIC,    10, -8.889249629506e-01, 1.231609301452e-03, 6.0296e+01, 2.3791e+00, 
 1DIAGNOSTIC,    11, -8.899111160841e-01, 9.714724700338e-04, 6.2569e+01, 2.2729e+00, 
 1DIAGNOSTIC,    12, -8.906104273691e-01, 7.723478428172e-04, 6.5130e+01, 2.5616e+00, 
 1DIAGNOSTIC,    13, -8.912310864194e-01, 6.191461067507e-04, 6.7752e+01, 2.6216e+00, 
 1DIAGNOSTIC,    14, -8.917881087001e-01, 4.995819918413e-04, 7.0293e+01, 2.5414e+00, 
 1DIAGNOSTIC,    15, -8.923144609753e-01, 4.054787654766e-04, 7.2915e+01, 2.6219e+00, 
 1DIAGNOSTIC,    16, -8.928020163870e-01, 3.310848432772e-04, 7.5295e+01, 2.3796e+00, 
 1DIAGNOSTIC,    17, -8.932233649675e-01, 2.717211903507e-04, 7.7412e+01, 2.1169e+00, 
 1DIAGNOSTIC,    18, -8.936297702295e-01, 2.244595888257e-04, 7.9724e+01, 2.3129e+00, 
 1DIAGNOSTIC,    19, -8.940048383167e-01, 1.869673865939e-04, 8.2511e+01, 2.7864e+00, 
 1DIAGNOSTIC,    20, -8.943516482945e-01, 1.592373665182e-04, 8.5005e+01, 2.4942e+00, 
 1DIAGNOSTIC,    21, -8.946626483430e-01, 1.390548508124e-04, 8.7556e+01, 2.5505e+00, 
 1DIAGNOSTIC,    22, -8.949556756950e-01, 1.221547165309e-04, 9.0193e+01, 2.6375e+00, 
 1DIAGNOSTIC,    23, -8.952186929447e-01, 1.075941274813e-04, 9.2711e+01, 2.5178e+00, 
 1DIAGNOSTIC,    24, -8.954562485525e-01, 9.475535777007e-05, 9.5199e+01, 2.4884e+00, 
 1DIAGNOSTIC,    25, -8.956793077462e-01, 8.364518466916e-05, 9.7223e+01, 2.0237e+00, 
 1DIAGNOSTIC,    26, -8.958826690784e-01, 7.404901461696e-05, 9.9510e+01, 2.2869e+00, 
 1DIAGNOSTIC,    27, -8.960776558673e-01, 6.551452732966e-05, 1.0185e+02, 2.3391e+00, 
 1DIAGNOSTIC,    28, -8.962637985746e-01, 5.820478180369e-05, 1.0424e+02, 2.3952e+00, 
 1DIAGNOSTIC,    29, -8.964292373853e-01, 5.189239004164e-05, 1.0657e+02, 2.3262e+00, 
 1DIAGNOSTIC,    30, -8.965852195888e-01, 4.649268718811e-05, 1.0886e+02, 2.2892e+00, 
 1DIAGNOSTIC,    31, -8.967412270674e-01, 4.189472155455e-05, 1.1130e+02, 2.4409e+00, 
 1DIAGNOSTIC,    32, -8.968984115936e-01, 3.814895560442e-05, 1.1373e+02, 2.4321e+00, 
 1DIAGNOSTIC,    33, -8.970315804380e-01, 3.488814259255e-05, 1.1608e+02, 2.3464e+00, 
 1DIAGNOSTIC,    34, -8.971533059432e-01, 3.193284057488e-05, 1.1849e+02, 2.4146e+00, 
 1DIAGNOSTIC,    35, -8.972710856717e-01, 2.927683028361e-05, 1.2081e+02, 2.3159e+00, 
 1DIAGNOSTIC,    36, -8.973792000439e-01, 2.679487216031e-05, 1.2306e+02, 2.2486e+00, 
 1DIAGNOSTIC,    37, -8.974958558996e-01, 2.463214450165e-05, 1.2507e+02, 2.0104e+00, 
 1DIAGNOSTIC,    38, -8.975845297776e-01, 2.259507567292e-05, 1.2714e+02, 2.0713e+00, 
 1DIAGNOSTIC,    39, -8.976736348954e-01, 2.065110060940e-05, 1.2932e+02, 2.1768e+00, 
 1DIAGNOSTIC,    40, -8.977637294530e-01, 1.885197663688e-05, 1.3153e+02, 2.2180e+00, 
 1DIAGNOSTIC,    41, -8.978451069546e-01, 1.723503105261e-05, 1.3350e+02, 1.9670e+00, 
 1DIAGNOSTIC,    42, -8.979311795671e-01, 1.594761518930e-05, 1.3554e+02, 2.0344e+00, 
 1DIAGNOSTIC,    43, -8.980107496242e-01, 1.482656601128e-05, 1.3782e+02, 2.2887e+00, 
 1DIAGNOSTIC,    44, -8.980755894807e-01, 1.374490008663e-05, 1.4040e+02, 2.5771e+00, 
 1DIAGNOSTIC,    45, -8.981394510488e-01, 1.273868123728e-05, 1.4275e+02, 2.3524e+00, 
 1DIAGNOSTIC,    46, -8.982065188536e-01, 1.182023950303e-05, 1.4494e+02, 2.1865e+00, 
 1DIAGNOSTIC,    47, -8.982621424287e-01, 1.102863737694e-05, 1.4714e+02, 2.1952e+00, 
 1DIAGNOSTIC,    48, -8.983089227346e-01, 1.016562894244e-05, 1.4942e+02, 2.2805e+00, 
 1DIAGNOSTIC,    49, -8.983743652337e-01, 9.422678093805e-06, 1.5114e+02, 1.7202e+00, 
 1DIAGNOSTIC,    50, -8.984289490101e-01, 8.777335840201e-06, 1.5297e+02, 1.8287e+00, 
 1DIAGNOSTIC,    51, -8.984716364076e-01, 8.138494326290e-06, 1.5463e+02, 1.6673e+00, 
 1DIAGNOSTIC,    52, -8.985147692016e-01, 7.586316758911e-06, 1.5625e+02, 1.6148e+00, 
 1DIAGNOSTIC,    53, -8.985539390063e-01, 7.092448720724e-06, 1.5809e+02, 1.8388e+00, 
 1DIAGNOSTIC,    54, -8.985916789546e-01, 6.589466021164e-06, 1.6019e+02, 2.1003e+00, 
 1DIAGNOSTIC,    55, -8.986280454756e-01, 6.098639213550e-06, 1.6222e+02, 2.0331e+00, 
 1DIAGNOSTIC,    56, -8.986705340119e-01, 5.711972245963e-06, 1.6451e+02, 2.2925e+00, 
 1DIAGNOSTIC,    57, -8.987003895893e-01, 5.317042668589e-06, 1.6675e+02, 2.2399e+00, 
 1DIAGNOSTIC,    58, -8.987353737566e-01, 4.920124595294e-06, 1.6861e+02, 1.8534e+00, 
 1DIAGNOSTIC,    59, -8.987707977924e-01, 4.653669149691e-06, 1.7052e+02, 1.9176e+00, 
 1DIAGNOSTIC,    60, -8.988051404615e-01, 4.466112597652e-06, 1.7251e+02, 1.9892e+00, 
 1DIAGNOSTIC,    61, -8.988382545762e-01, 4.295627195307e-06, 1.7442e+02, 1.9031e+00, 
 1DIAGNOSTIC,    62, -8.988642077602e-01, 4.117686229061e-06, 1.7637e+02, 1.9566e+00, 
 1DIAGNOSTIC,    63, -8.988953912315e-01, 3.950755532982e-06, 1.7831e+02, 1.9362e+00, 
 1DIAGNOSTIC,    64, -8.989250872095e-01, 3.787734858717e-06, 1.8025e+02, 1.9384e+00, 
 1DIAGNOSTIC,    65, -8.989472566919e-01, 3.593515277216e-06, 1.8225e+02, 2.0059e+00, 
 1DIAGNOSTIC,    66, -8.989644855684e-01, 3.391965455769e-06, 1.8415e+02, 1.8945e+00, 
 1DIAGNOSTIC,    67, -8.989853352096e-01, 3.154695205163e-06, 1.8609e+02, 1.9450e+00, 
 1DIAGNOSTIC,    68, -8.990011104750e-01, 2.899698078651e-06, 1.8807e+02, 1.9795e+00, 
 1DIAGNOSTIC,    69, -8.990230681785e-01, 2.678513441068e-06, 1.8995e+02, 1.8810e+00, 
 1DIAGNOSTIC,    70, -8.990400076576e-01, 2.479290410808e-06, 1.9197e+02, 2.0179e+00, 
XXDIAGNOSTIC,Iteration,metricValue,convergenceValue,ITERATION_TIME_INDEX,SINCE_LAST
 1DIAGNOSTIC,     1, -8.663260701518e-01, 1.797693134862e+308, 2.0874e+02, 1.6766e+01, 
 1DIAGNOSTIC,     2, -8.694651875157e-01, 1.797693134862e+308, 2.2589e+02, 1.7157e+01, 
 1DIAGNOSTIC,     3, -8.724719827758e-01, 1.797693134862e+308, 2.4286e+02, 1.6969e+01, 
 1DIAGNOSTIC,     4, -8.752628173604e-01, 1.797693134862e+308, 2.6092e+02, 1.8055e+01, 
 1DIAGNOSTIC,     5, -8.779401718394e-01, 1.797693134862e+308, 2.7781e+02, 1.6896e+01, 
 1DIAGNOSTIC,     6, -8.801040336702e-01, 1.797693134862e+308, 2.9409e+02, 1.6275e+01, 
 1DIAGNOSTIC,     7, -8.820753230899e-01, 1.797693134862e+308, 3.0850e+02, 1.4413e+01, 
 1DIAGNOSTIC,     8, -8.838773031473e-01, 1.797693134862e+308, 3.2485e+02, 1.6348e+01, 
 1DIAGNOSTIC,     9, -8.855319874065e-01, 1.797693134862e+308, 3.4110e+02, 1.6254e+01, 
 1DIAGNOSTIC,    10, -8.870559071929e-01, 1.502276596771e-03, 3.5622e+02, 1.5117e+01, 
 1DIAGNOSTIC,    11, -8.884742531197e-01, 1.239176880253e-03, 3.7170e+02, 1.5476e+01, 
 1DIAGNOSTIC,    12, -8.897912677143e-01, 1.028040522711e-03, 3.8772e+02, 1.6019e+01, 
 1DIAGNOSTIC,    13, -8.908762955150e-01, 8.574273845075e-04, 4.0582e+02, 1.8108e+01, 
 1DIAGNOSTIC,    14, -8.920475520538e-01, 7.238659275308e-04, 4.2235e+02, 1.6527e+01, 
 1DIAGNOSTIC,    15, -8.930091292798e-01, 6.196259059746e-04, 4.3888e+02, 1.6534e+01, 
 1DIAGNOSTIC,    16, -8.940446341187e-01, 5.355397605002e-04, 4.5421e+02, 1.5325e+01, 
 1DIAGNOSTIC,    17, -8.947869010492e-01, 4.629869846173e-04, 4.7035e+02, 1.6145e+01, 
 1DIAGNOSTIC,    18, -8.953991518129e-01, 3.986372650294e-04, 4.8748e+02, 1.7125e+01, 
 1DIAGNOSTIC,    19, -8.959750511478e-01, 3.416722797688e-04, 5.0375e+02, 1.6272e+01, 
 1DIAGNOSTIC,    20, -8.965174069350e-01, 2.915884568088e-04, 5.1971e+02, 1.5959e+01, 
 1DIAGNOSTIC,    21, -8.970208027914e-01, 2.482499449849e-04, 5.3608e+02, 1.6370e+01, 
 1DIAGNOSTIC,    22, -8.974936078088e-01, 2.116792956740e-04, 5.5149e+02, 1.5413e+01, 
 1DIAGNOSTIC,    23, -8.979436741851e-01, 1.797826319725e-04, 5.6690e+02, 1.5411e+01, 
 1DIAGNOSTIC,    24, -8.983733587522e-01, 1.550052520520e-04, 5.8233e+02, 1.5425e+01, 
 1DIAGNOSTIC,    25, -8.987884605394e-01, 1.351362625727e-04, 5.9746e+02, 1.5130e+01, 
 1DIAGNOSTIC,    26, -8.991940044699e-01, 1.217592881957e-04, 6.1177e+02, 1.4308e+01, 
 1DIAGNOSTIC,    27, -8.995841449793e-01, 1.112931178657e-04, 6.2505e+02, 1.3288e+01, 
 1DIAGNOSTIC,    28, -8.999639096621e-01, 1.023844230525e-04, 6.3819e+02, 1.3134e+01, 
 1DIAGNOSTIC,    29, -9.003365325704e-01, 9.485759179879e-05, 6.5230e+02, 1.4113e+01, 
 1DIAGNOSTIC,    30, -9.007030136930e-01, 8.853050484302e-05, 6.6639e+02, 1.4086e+01, 
 1DIAGNOSTIC,    31, -9.010643530269e-01, 8.313260321063e-05, 6.7980e+02, 1.3416e+01, 
 1DIAGNOSTIC,    32, -9.014201518858e-01, 7.845787962057e-05, 6.9353e+02, 1.3727e+01, 
 1DIAGNOSTIC,    33, -9.017530513344e-01, 7.419786281171e-05, 7.0968e+02, 1.6146e+01, 
 1DIAGNOSTIC,    34, -9.020625724099e-01, 7.008827443221e-05, 7.2539e+02, 1.5712e+01, 
 1DIAGNOSTIC,    35, -9.023560054071e-01, 6.602092243457e-05, 7.4026e+02, 1.4875e+01, 
 1DIAGNOSTIC,    36, -9.026336711824e-01, 6.196350239698e-05, 7.5504e+02, 1.4780e+01, 
 1DIAGNOSTIC,    37, -9.028947048564e-01, 5.785065163050e-05, 7.6860e+02, 1.3557e+01, 
 1DIAGNOSTIC,    38, -9.031407187054e-01, 5.370912836141e-05, 7.8366e+02, 1.5060e+01, 
 1DIAGNOSTIC,    39, -9.033775649707e-01, 4.966038456157e-05, 7.9805e+02, 1.4385e+01, 
 1DIAGNOSTIC,    40, -9.036012737515e-01, 4.579678254866e-05, 8.1175e+02, 1.3705e+01, 
 1DIAGNOSTIC,    41, -9.038157145996e-01, 4.224098733589e-05, 8.2625e+02, 1.4498e+01, 
 1DIAGNOSTIC,    42, -9.040206135043e-01, 3.909173602170e-05, 8.4058e+02, 1.4335e+01, 
 1DIAGNOSTIC,    43, -9.042168581101e-01, 3.629454746639e-05, 8.5464e+02, 1.4054e+01, 
 1DIAGNOSTIC,    44, -9.044077636222e-01, 3.379893003849e-05, 8.6898e+02, 1.4342e+01, 
 1DIAGNOSTIC,    45, -9.045860805029e-01, 3.154229499771e-05, 8.8204e+02, 1.3062e+01, 
 1DIAGNOSTIC,    46, -9.047575826855e-01, 2.949992159438e-05, 8.9502e+02, 1.2980e+01, 
 1DIAGNOSTIC,    47, -9.049238840587e-01, 2.764154245169e-05, 9.0869e+02, 1.3672e+01, 
 1DIAGNOSTIC,    48, -9.050816944841e-01, 2.591731183397e-05, 9.2378e+02, 1.5083e+01, 
 1DIAGNOSTIC,    49, -9.052321370710e-01, 2.432347502601e-05, 9.3842e+02, 1.4643e+01, 
 1DIAGNOSTIC,    50, -9.053772977313e-01, 2.283856665478e-05, 9.5315e+02, 1.4727e+01, 
XXDIAGNOSTIC,Iteration,metricValue,convergenceValue,ITERATION_TIME_INDEX,SINCE_LAST
 1DIAGNOSTIC,     1, -8.678943576289e-01, 1.797693134862e+308, 1.0834e+03, 1.3022e+02, 
 1DIAGNOSTIC,     2, -8.691723525556e-01, 1.797693134862e+308, 1.2026e+03, 1.1926e+02, 
 1DIAGNOSTIC,     3, -8.706344178819e-01, 1.797693134862e+308, 1.3261e+03, 1.2345e+02, 
 1DIAGNOSTIC,     4, -8.720026153000e-01, 1.797693134862e+308, 1.4614e+03, 1.3536e+02, 
 1DIAGNOSTIC,     5, -8.732819073179e-01, 1.797693134862e+308, 1.5959e+03, 1.3447e+02, 
 1DIAGNOSTIC,     6, -8.746327992837e-01, 1.797693134862e+308, 1.7180e+03, 1.2208e+02, 
 1DIAGNOSTIC,     7, -8.758707233300e-01, 1.797693134862e+308, 1.8493e+03, 1.3128e+02, 
 1DIAGNOSTIC,     8, -8.770621974760e-01, 1.797693134862e+308, 1.9909e+03, 1.4168e+02, 
 1DIAGNOSTIC,     9, -8.781860999425e-01, 1.797693134862e+308, 2.1202e+03, 1.2923e+02, 
 1DIAGNOSTIC,    10, -8.793216502922e-01, 8.437632469516e-04, 2.2467e+03, 1.2656e+02, 
 1DIAGNOSTIC,    11, -8.803083370003e-01, 7.426751664444e-04, 2.3776e+03, 1.3083e+02, 
 1DIAGNOSTIC,    12, -8.813524681138e-01, 6.541968939653e-04, 2.5158e+03, 1.3827e+02, 
 1DIAGNOSTIC,    13, -8.822535272075e-01, 5.788385331621e-04, 2.6563e+03, 1.4044e+02, 
 1DIAGNOSTIC,    14, -8.831892067730e-01, 5.147692646797e-04, 2.8062e+03, 1.4996e+02, 
 1DIAGNOSTIC,    15, -8.839634806845e-01, 4.562511805852e-04, 2.9476e+03, 1.4139e+02, 
 1DIAGNOSTIC,    16, -8.846068218629e-01, 4.033712067414e-04, 3.0967e+03, 1.4910e+02, 
 1DIAGNOSTIC,    17, -8.854057344673e-01, 3.582215284772e-04, 3.2405e+03, 1.4380e+02, 
 1DIAGNOSTIC,    18, -8.860033324260e-01, 3.168925328952e-04, 3.3633e+03, 1.2279e+02, 
 1DIAGNOSTIC,    19, -8.865572667460e-01, 2.789379695173e-04, 3.4814e+03, 1.1809e+02, 
 1DIAGNOSTIC,    20, -8.870899833817e-01, 2.457728410191e-04, 3.5973e+03, 1.1594e+02, 
  Elapsed time (stage 0): 3598.59


Total elapsed time: 3598.59
