
##########################
# Experiment information #
##########################

EXPERIMENT_NAME: antsRegistration-r7-p20
VFC_BACKENDS: libinterflop_vprec.so --range-binary32=7 --precision-binary32=20 --range-binary64=7 --precision-binary64=20

SIF_IMG: /home/mdugre/projects/rrg-glatard/mdugre/containers/ants-vprec-no_metrics.simg

SUBJECT_ID: s036
INPUT_IMG: /home/mdugre/scratch/mri-registration-rp/datasets/ds004513/derivatives/mri-registration-rp/antsBrainExtraction/sub-s036/BrainExtractionBrain.nii.gz
OUTPUT_DIR: /home/mdugre/scratch/mri-registration-rp/datasets/ds004513/derivatives/mri-registration-rp/0100/antsRegistration-r7-p20/sub-s036

FIXED_IMG: /templateflow/tpl-MNI152NLin2009cAsym/tpl-MNI152NLin2009cAsym_res-01_desc-brain_T1w.nii.gz
DATA_DIR: /home/mdugre/scratch/mri-registration-rp/datasets/ds004513
TEMPLATEFLOW_DIR: /home/mdugre/projects/rrg-glatard/mdugre/templateflow
ITK_GLOBAL_DEFAULT_NUMBER_OF_THREADS: 16
##########################

Info [verificarlo]: loaded backend libinterflop_ieee.so
Info [interflop-ieee]: load backend with:
Info [interflop-ieee]: debug = false
Info [interflop-ieee]: debug-binary = false
Info [interflop-ieee]: no-backend-name = false
Info [interflop-ieee]: print-new-line = false
Info [interflop-ieee]: print-subnormal-normalized = false
Info [interflop-ieee]: count-op = false
All_Command_lines_OK
Using double precision for computations.
=============================================================================
The composite transform comprises the following transforms (in order): 
  1. Center of mass alignment using fixed image: /templateflow/tpl-MNI152NLin2009cAsym/tpl-MNI152NLin2009cAsym_res-01_desc-brain_T1w.nii.gz and moving image: /home/mdugre/scratch/mri-registration-rp/datasets/ds004513/derivatives/mri-registration-rp/antsBrainExtraction/sub-s036/BrainExtractionBrain.nii.gz (type = Euler3DTransform)
=============================================================================
  number of levels = 1
  fixed image: /templateflow/tpl-MNI152NLin2009cAsym/tpl-MNI152NLin2009cAsym_res-01_desc-brain_T1w.nii.gz
  moving image: /home/mdugre/scratch/mri-registration-rp/datasets/ds004513/derivatives/mri-registration-rp/antsBrainExtraction/sub-s036/BrainExtractionBrain.nii.gz
Dimension = 3
Number of stages = 1
Use histogram matching = false
Winsorize image intensities = true
  Lower quantile = 0.005
  Upper quantile = 0.995


Stage 1 State
   Image metric = MattesMI
     Fixed image = Image (0x3309e70)
  RTTI typeinfo:   itk::Image<double, 3u>
  Reference Count: 2
  Modified Time: 2330
  Debug: Off
  Object Name: 
  Observers: 
    none
  Source: (none)
  Source output name: (none)
  Release Data: Off
  Data Released: False
  Global Release Data: Off
  PipelineMTime: 0
  UpdateMTime: 1941
  RealTimeStamp: 0 seconds 
  LargestPossibleRegion: 
    Dimension: 3
    Index: [0, 0, 0]
    Size: [193, 229, 193]
  BufferedRegion: 
    Dimension: 3
    Index: [0, 0, 0]
    Size: [193, 229, 193]
  RequestedRegion: 
    Dimension: 3
    Index: [0, 0, 0]
    Size: [193, 229, 193]
  Spacing: [1, 1, 1]
  Origin: [96, 132, -78]
  Direction: 
-1 0 0
0 -1 0
0 0 1

  IndexToPointMatrix: 
-1 0 0
0 -1 0
0 0 1

  PointToIndexMatrix: 
-1 0 0
0 -1 0
0 0 1

  Inverse Direction: 
-1 0 0
0 -1 0
0 0 1

  PixelContainer: 
    ImportImageContainer (0x3312c60)
      RTTI typeinfo:   itk::ImportImageContainer<unsigned long, double>
      Reference Count: 1
      Modified Time: 1938
      Debug: Off
      Object Name: 
      Observers: 
        none
      Pointer: 0x14e6e7887010
      Container manages memory: true
      Size: 8530021
      Capacity: 8530021

     Moving image = Image (0x33a7030)
  RTTI typeinfo:   itk::Image<double, 3u>
  Reference Count: 2
  Modified Time: 2331
  Debug: Off
  Object Name: 
  Observers: 
    none
  Source: (none)
  Source output name: (none)
  Release Data: Off
  Data Released: False
  Global Release Data: Off
  PipelineMTime: 0
  UpdateMTime: 2328
  RealTimeStamp: 0 seconds 
  LargestPossibleRegion: 
    Dimension: 3
    Index: [0, 0, 0]
    Size: [160, 240, 256]
  BufferedRegion: 
    Dimension: 3
    Index: [0, 0, 0]
    Size: [160, 240, 256]
  RequestedRegion: 
    Dimension: 3
    Index: [0, 0, 0]
    Size: [160, 240, 256]
  Spacing: [1, 1, 1]
  Origin: [79.8347, 99.8062, -127]
  Direction: 
-0.99945 -0.0331552 0
0.0331552 -0.99945 0
0 0 1

  IndexToPointMatrix: 
-0.99945 -0.0331552 0
0.0331552 -0.99945 0
0 0 1

  PointToIndexMatrix: 
-0.99945 0.0331552 0
-0.0331552 -0.99945 0
0 0 1

  Inverse Direction: 
-0.99945 0.0331552 0
-0.0331552 -0.99945 0
0 0 1

  PixelContainer: 
    ImportImageContainer (0x34a1e50)
      RTTI typeinfo:   itk::ImportImageContainer<unsigned long, double>
      Reference Count: 1
      Modified Time: 2325
      Debug: Off
      Object Name: 
      Observers: 
        none
      Pointer: 0x14e6e2d86010
      Container manages memory: true
      Size: 9830400
      Capacity: 9830400

     Weighting = 1
     Sampling strategy = regular
     Number of bins = 32
     Radius = 4
     Sampling percentage  = 0.25
   Transform = Rigid
     Gradient step = 0.1
     Update field sigma (voxel space) = 0
     Total field sigma (voxel space) = 0
     Update field time sigma = 0
     Total field time sigma  = 0
     Number of time indices = 0
     Number of time point samples = 0
Registration using 1 total stages.

Stage 0
  iterations = 0
  convergence threshold = 1e-06
  convergence window size = 10
  number of levels = 1
  using the Mattes MI metric (number of bins = 32, weight = 1, use gradient filter = 0)
  preprocessing:  winsorizing the image intensities
  Shrink factors (level 1 out of 1): [1, 1, 1]
  smoothing sigmas per level: [0]
  regular sampling (percentage = 0.25)

*** Running Euler3DTransform registration ***

  Elapsed time (stage 0): 1.10163


Total elapsed time: 1.10397
Info [verificarlo]: loaded backend libinterflop_vprec.so
Info [interflop-vprec]: load backend with: 
Info [interflop-vprec]: precision-binary32 = 20
Info [interflop-vprec]: range-binary32 = 7
Info [interflop-vprec]: precision-binary64 = 20
Info [interflop-vprec]: range-binary64 = 7
Info [interflop-vprec]: mode = ob
Info [interflop-vprec]: error-mode = rel
Info [interflop-vprec]: max-abs-error-exponent = -1022
Info [interflop-vprec]: daz = false
Info [interflop-vprec]: ftz = false
Info [interflop-vprec]: 	instrument = none
Info [interflop-vprec]: 	prec-input-file = (null)
Info [interflop-vprec]: 	prec-output-file = (null)
Info [interflop-vprec]: 	prec-log-file = (null)
All_Command_lines_OK
Using double precision for computations.
=============================================================================
The composite transform comprises the following transforms (in order): 
  1. /home/mdugre/scratch/mri-registration-rp/datasets/ds004513/derivatives/mri-registration-rp/0100/antsRegistration-r7-p20/sub-s036/align_Composite.h5[0] (type = Euler3DTransform)
  2. /home/mdugre/scratch/mri-registration-rp/datasets/ds004513/derivatives/mri-registration-rp/0100/antsRegistration-r7-p20/sub-s036/align_Composite.h5[1] (type = Euler3DTransform)
=============================================================================
  number of levels = 4
  fixed image: /templateflow/tpl-MNI152NLin2009cAsym/tpl-MNI152NLin2009cAsym_res-01_desc-brain_T1w.nii.gz
  moving image: /home/mdugre/scratch/mri-registration-rp/datasets/ds004513/derivatives/mri-registration-rp/antsBrainExtraction/sub-s036/BrainExtractionBrain.nii.gz
Dimension = 3
Number of stages = 1
Use histogram matching = false
Winsorize image intensities = true
  Lower quantile = 0.005
  Upper quantile = 0.995


Stage 1 State
   Image metric = MattesMI
     Fixed image = Image (0x50a51e0)
  RTTI typeinfo:   itk::Image<double, 3u>
  Reference Count: 2
  Modified Time: 1578
  Debug: Off
  Object Name: 
  Observers: 
    none
  Source: (none)
  Source output name: (none)
  Release Data: Off
  Data Released: False
  Global Release Data: Off
  PipelineMTime: 0
  UpdateMTime: 1189
  RealTimeStamp: 0 seconds 
  LargestPossibleRegion: 
    Dimension: 3
    Index: [0, 0, 0]
    Size: [193, 229, 193]
  BufferedRegion: 
    Dimension: 3
    Index: [0, 0, 0]
    Size: [193, 229, 193]
  RequestedRegion: 
    Dimension: 3
    Index: [0, 0, 0]
    Size: [193, 229, 193]
  Spacing: [1, 1, 1]
  Origin: [96, 132, -78]
  Direction: 
-1 0 0
0 -1 0
0 0 1

  IndexToPointMatrix: 
-1 0 0
0 -1 0
0 0 1

  PointToIndexMatrix: 
-1 0 0
0 -1 0
0 0 1

  Inverse Direction: 
-1 0 0
0 -1 0
0 0 1

  PixelContainer: 
    ImportImageContainer (0x5164680)
      RTTI typeinfo:   itk::ImportImageContainer<unsigned long, double>
      Reference Count: 1
      Modified Time: 1186
      Debug: Off
      Object Name: 
      Observers: 
        none
      Pointer: 0x150fd603f010
      Container manages memory: true
      Size: 8530021
      Capacity: 8530021

     Moving image = Image (0x5160b20)
  RTTI typeinfo:   itk::Image<double, 3u>
  Reference Count: 2
  Modified Time: 1579
  Debug: Off
  Object Name: 
  Observers: 
    none
  Source: (none)
  Source output name: (none)
  Release Data: Off
  Data Released: False
  Global Release Data: Off
  PipelineMTime: 0
  UpdateMTime: 1576
  RealTimeStamp: 0 seconds 
  LargestPossibleRegion: 
    Dimension: 3
    Index: [0, 0, 0]
    Size: [160, 240, 256]
  BufferedRegion: 
    Dimension: 3
    Index: [0, 0, 0]
    Size: [160, 240, 256]
  RequestedRegion: 
    Dimension: 3
    Index: [0, 0, 0]
    Size: [160, 240, 256]
  Spacing: [1, 1, 1]
  Origin: [79.8347, 99.8062, -127]
  Direction: 
-0.99945 -0.0331552 0
0.0331552 -0.99945 0
0 0 1

  IndexToPointMatrix: 
-0.99945 -0.0331552 0
0.0331552 -0.99945 0
0 0 1

  PointToIndexMatrix: 
-0.999451 0.0331552 0
-0.0331552 -0.99945 0
0 0 1

  Inverse Direction: 
-0.999451 0.0331552 0
-0.0331552 -0.99945 0
0 0 1

  PixelContainer: 
    ImportImageContainer (0x51c9d50)
      RTTI typeinfo:   itk::ImportImageContainer<unsigned long, double>
      Reference Count: 1
      Modified Time: 1573
      Debug: Off
      Object Name: 
      Observers: 
        none
      Pointer: 0x150fd153e010
      Container manages memory: true
      Size: 9830400
      Capacity: 9830400

     Weighting = 1
     Sampling strategy = regular
     Number of bins = 32
     Radius = 4
     Sampling percentage  = 0.25
   Transform = Rigid
     Gradient step = 0.1
     Update field sigma (voxel space) = 0
     Total field sigma (voxel space) = 0
     Update field time sigma = 0
     Total field time sigma  = 0
     Number of time indices = 0
     Number of time point samples = 0
Registration using 1 total stages.

Stage 0
  iterations = 1000x500x250x100
  convergence threshold = 1e-06
  convergence window size = 10
  number of levels = 4
  using the Mattes MI metric (number of bins = 32, weight = 1, use gradient filter = 0)
  preprocessing:  winsorizing the image intensities
  Shrink factors (level 1 out of 4): [8, 8, 8]
  Shrink factors (level 2 out of 4): [4, 4, 4]
  Shrink factors (level 3 out of 4): [2, 2, 2]
  Shrink factors (level 4 out of 4): [1, 1, 1]
  smoothing sigmas per level: [3, 2, 1, 0]
  regular sampling (percentage = 0.25)

*** Running Euler3DTransform registration ***

DIAGNOSTIC,Iteration,metricValue,convergenceValue,ITERATION_TIME_INDEX,SINCE_LAST
 2DIAGNOSTIC,     1, -5.134033402142e-01, 1.797693134862e+308, 1.0240e+03, 1.0240e+03, 
 2DIAGNOSTIC,     2, -5.146516474322e-01, 1.797693134862e+308, 1.0240e+03, 0.0000e+00, 
 2DIAGNOSTIC,     3, -5.161074841512e-01, 1.797693134862e+308, 1.0240e+03, 0.0000e+00, 
 2DIAGNOSTIC,     4, -5.181275979919e-01, 1.797693134862e+308, 1.0240e+03, 0.0000e+00, 
 2DIAGNOSTIC,     5, -5.195603587876e-01, 1.797693134862e+308, 1.0240e+03, 0.0000e+00, 
 2DIAGNOSTIC,     6, -5.233621775062e-01, 1.797693134862e+308, 1.0240e+03, 0.0000e+00, 
 2DIAGNOSTIC,     7, -5.386394276984e-01, 1.797693134862e+308, 1.0240e+03, 0.0000e+00, 
 2DIAGNOSTIC,     8, -5.437492488039e-01, 1.797693134862e+308, 1.0240e+03, 0.0000e+00, 
 2DIAGNOSTIC,     9, -5.467424658819e-01, 1.797693134862e+308, 1.0240e+03, 0.0000e+00, 
 2DIAGNOSTIC,    10, -5.487911449254e-01, 5.008003625786e-03, 1.0240e+03, 0.0000e+00, 
 2DIAGNOSTIC,    11, -5.509226899050e-01, 4.812674876586e-03, 1.0240e+03, 0.0000e+00, 
 2DIAGNOSTIC,    12, -5.510614633036e-01, 4.270697286641e-03, 1.0240e+03, 0.0000e+00, 
 2DIAGNOSTIC,    13, -5.516712609431e-01, 3.511647642833e-03, 1.0240e+03, 0.0000e+00, 
 2DIAGNOSTIC,    14, -5.517318008253e-01, 2.632842500754e-03, 1.0240e+03, 0.0000e+00, 
 2DIAGNOSTIC,    15, -5.517657137625e-01, 1.690816425870e-03, 1.0240e+03, 0.0000e+00, 
 2DIAGNOSTIC,    16, -5.517212624859e-01, 8.275245685221e-04, 1.0240e+03, 0.0000e+00, 
 2DIAGNOSTIC,    17, -5.518852184068e-01, 4.697783984467e-04, 1.0240e+03, 0.0000e+00, 
 2DIAGNOSTIC,    18, -5.519946671878e-01, 2.613542335207e-04, 1.0240e+03, 0.0000e+00, 
 2DIAGNOSTIC,    19, -5.519996482364e-01, 1.335126415376e-04, 1.0240e+03, 0.0000e+00, 
 2DIAGNOSTIC,    20, -5.520122240498e-01, 5.953203788000e-05, 1.0240e+03, 0.0000e+00, 
 2DIAGNOSTIC,    21, -5.521072081762e-01, 4.324787101079e-05, 1.0240e+03, 0.0000e+00, 
 2DIAGNOSTIC,    22, -5.521397720965e-01, 2.815690072526e-05, 1.0240e+03, 0.0000e+00, 
 2DIAGNOSTIC,    23, -5.527220044976e-01, 3.901142524057e-05, 1.0240e+03, 0.0000e+00, 
 2DIAGNOSTIC,    24, -5.531743129993e-01, 5.631563731974e-05, 1.0240e+03, 0.0000e+00, 
 2DIAGNOSTIC,    25, -5.533014930954e-01, 7.040638509389e-05, 1.0240e+03, 0.0000e+00, 
 2DIAGNOSTIC,    26, -5.531609711083e-01, 7.329972741559e-05, 1.0240e+03, 0.0000e+00, 
 2DIAGNOSTIC,    27, -5.531330992132e-01, 7.196398977792e-05, 1.0240e+03, 0.0000e+00, 
 2DIAGNOSTIC,    28, -5.535153783844e-01, 7.306712079249e-05, 1.0240e+03, 0.0000e+00, 
 2DIAGNOSTIC,    29, -5.537235717744e-01, 7.073880112218e-05, 1.0240e+03, 0.0000e+00, 
 2DIAGNOSTIC,    30, -5.540809776992e-01, 6.846195078828e-05, 1.0240e+03, 0.0000e+00, 
 2DIAGNOSTIC,    31, -5.541279612172e-01, 6.258439859833e-05, 1.0240e+03, 0.0000e+00, 
 2DIAGNOSTIC,    32, -5.544568645238e-01, 5.708851446044e-05, 1.0240e+03, 0.0000e+00, 
 2DIAGNOSTIC,    33, -5.548629076793e-01, 6.184594712691e-05, 1.0240e+03, 0.0000e+00, 
 2DIAGNOSTIC,    34, -5.555601185406e-01, 7.786197724732e-05, 1.0240e+03, 0.0000e+00, 
 2DIAGNOSTIC,    35, -5.563995110578e-01, 9.991564645554e-05, 1.0240e+03, 0.0000e+00, 
 2DIAGNOSTIC,    36, -5.578640725044e-01, 1.303883385951e-04, 1.0240e+03, 0.0000e+00, 
 2DIAGNOSTIC,    37, -5.659149771857e-01, 2.590889579371e-04, 1.0240e+03, 0.0000e+00, 
 2DIAGNOSTIC,    38, -5.705438129720e-01, 4.217268058730e-04, 1.0240e+03, 0.0000e+00, 
 2DIAGNOSTIC,    39, -5.718037790159e-01, 5.546747242407e-04, 1.0240e+03, 0.0000e+00, 
 2DIAGNOSTIC,    40, -5.727228305535e-01, 6.462230465281e-04, 1.0240e+03, 0.0000e+00, 
 2DIAGNOSTIC,    41, -5.732927122508e-01, 6.795226627954e-04, 1.0240e+03, 0.0000e+00, 
 2DIAGNOSTIC,    42, -5.810485723839e-01, 7.440441574504e-04, 1.0240e+03, 0.0000e+00, 
 2DIAGNOSTIC,    43, -5.838892681476e-01, 7.697662198757e-04, 1.0240e+03, 0.0000e+00, 
 2DIAGNOSTIC,    44, -5.844011926888e-01, 7.362076761484e-04, 1.0240e+03, 0.0000e+00, 
 2DIAGNOSTIC,    45, -5.844507044380e-01, 6.470522542684e-04, 1.0240e+03, 0.0000e+00, 
 2DIAGNOSTIC,    46, -5.845055219572e-01, 5.155742111462e-04, 1.0240e+03, 0.0000e+00, 
 2DIAGNOSTIC,    47, -5.844589798142e-01, 4.255920926793e-04, 1.0240e+03, 0.0000e+00, 
 2DIAGNOSTIC,    48, -5.849454163754e-01, 3.525706702011e-04, 1.0240e+03, 0.0000e+00, 
 2DIAGNOSTIC,    49, -5.854476703811e-01, 2.681999090293e-04, 1.0240e+03, 0.0000e+00, 
 2DIAGNOSTIC,    50, -5.854872010863e-01, 1.727164735387e-04, 1.0240e+03, 0.0000e+00, 
 2DIAGNOSTIC,    51, -5.854714601969e-01, 6.856393860704e-05, 1.0240e+03, 0.0000e+00, 
 2DIAGNOSTIC,    52, -5.853837465436e-01, 3.674765788061e-05, 1.0240e+03, 0.0000e+00, 
 2DIAGNOSTIC,    53, -5.854884226034e-01, 3.088143758387e-05, 1.0240e+03, 0.0000e+00, 
 2DIAGNOSTIC,    54, -5.854209592030e-01, 2.638240908196e-05, 1.0240e+03, 0.0000e+00, 
 2DIAGNOSTIC,    55, -5.854606261799e-01, 2.045518749920e-05, 1.0240e+03, 0.0000e+00, 
 2DIAGNOSTIC,    56, -5.854631243156e-01, 1.350690170395e-05, 1.0240e+03, 0.0000e+00, 
 2DIAGNOSTIC,    57, -5.854637300116e-01, 5.103887653370e-06, 1.0240e+03, 0.0000e+00, 
DIAGNOSTIC,Iteration,metricValue,convergenceValue,ITERATION_TIME_INDEX,SINCE_LAST
 2DIAGNOSTIC,     1, -4.770743501376e-01, 1.797693134862e+308, 1.0240e+03, 0.0000e+00, 
 2DIAGNOSTIC,     2, -4.773699361935e-01, 1.797693134862e+308, 1.0240e+03, 0.0000e+00, 
 2DIAGNOSTIC,     3, -4.778213190056e-01, 1.797693134862e+308, 1.0240e+03, 0.0000e+00, 
 2DIAGNOSTIC,     4, -4.783850950951e-01, 1.797693134862e+308, 1.0240e+03, 0.0000e+00, 
 2DIAGNOSTIC,     5, -4.792641786976e-01, 1.797693134862e+308, 1.0240e+03, 0.0000e+00, 
 2DIAGNOSTIC,     6, -4.801013303679e-01, 1.797693134862e+308, 1.0240e+03, 0.0000e+00, 
 2DIAGNOSTIC,     7, -4.803659529108e-01, 1.797693134862e+308, 1.0240e+03, 0.0000e+00, 
 2DIAGNOSTIC,     8, -4.803664282446e-01, 1.797693134862e+308, 1.0240e+03, 0.0000e+00, 
 2DIAGNOSTIC,     9, -4.804277656586e-01, 1.797693134862e+308, 1.0240e+03, 0.0000e+00, 
 2DIAGNOSTIC,    10, -4.806096481703e-01, 5.403503882910e-04, 1.0240e+03, 0.0000e+00, 
 2DIAGNOSTIC,    11, -4.806633776121e-01, 4.191388269930e-04, 1.0240e+03, 0.0000e+00, 
 2DIAGNOSTIC,    12, -4.806800618231e-01, 2.964043247748e-04, 1.0240e+03, 0.0000e+00, 
 2DIAGNOSTIC,    13, -4.806818652618e-01, 1.871970187588e-04, 1.0240e+03, 0.0000e+00, 
 2DIAGNOSTIC,    14, -4.806887618199e-01, 1.005171917222e-04, 1.0240e+03, 0.0000e+00, 
 2DIAGNOSTIC,    15, -4.806800872051e-01, 4.987643537084e-05, 1.0240e+03, 0.0000e+00, 
 2DIAGNOSTIC,    16, -4.806813383390e-01, 3.195141515940e-05, 1.0240e+03, 0.0000e+00, 
 2DIAGNOSTIC,    17, -4.807061914092e-01, 2.357848562606e-05, 1.0240e+03, 0.0000e+00, 
 2DIAGNOSTIC,    18, -4.807346523398e-01, 1.509647119075e-05, 1.0240e+03, 0.0000e+00, 
 2DIAGNOSTIC,    19, -4.807843775770e-01, 9.583689256451e-06, 1.0240e+03, 0.0000e+00, 
 2DIAGNOSTIC,    20, -4.807711511113e-01, 8.826917514047e-06, 1.0240e+03, 0.0000e+00, 
 2DIAGNOSTIC,    21, -4.807590891818e-01, 8.672049776365e-06, 1.0240e+03, 0.0000e+00, 
 2DIAGNOSTIC,    22, -4.807450493173e-01, 7.944058424345e-06, 1.0240e+03, 0.0000e+00, 
 2DIAGNOSTIC,    23, -4.807336588387e-01, 6.399188392195e-06, 1.0240e+03, 0.0000e+00, 
 2DIAGNOSTIC,    24, -4.807260734021e-01, 4.489702972600e-06, 1.0240e+03, 0.0000e+00, 
 2DIAGNOSTIC,    25, -4.807367665635e-01, 2.499666175694e-06, 1.0240e+03, 0.0000e+00, 
DIAGNOSTIC,Iteration,metricValue,convergenceValue,ITERATION_TIME_INDEX,SINCE_LAST
 2DIAGNOSTIC,     1, -4.125844960266e-01, 1.797693134862e+308, 1.0240e+03, 0.0000e+00, 
 2DIAGNOSTIC,     2, -4.126892098557e-01, 1.797693134862e+308, 1.0240e+03, 0.0000e+00, 
 2DIAGNOSTIC,     3, -4.127360829347e-01, 1.797693134862e+308, 1.0240e+03, 0.0000e+00, 
 2DIAGNOSTIC,     4, -4.127788281529e-01, 1.797693134862e+308, 1.0240e+03, 0.0000e+00, 
 2DIAGNOSTIC,     5, -4.128259222946e-01, 1.797693134862e+308, 1.0240e+03, 0.0000e+00, 
 2DIAGNOSTIC,     6, -4.128643138400e-01, 1.797693134862e+308, 1.0240e+03, 0.0000e+00, 
 2DIAGNOSTIC,     7, -4.128800184194e-01, 1.797693134862e+308, 1.0240e+03, 0.0000e+00, 
 2DIAGNOSTIC,     8, -4.129637769384e-01, 1.797693134862e+308, 1.0240e+03, 0.0000e+00, 
 2DIAGNOSTIC,     9, -4.129762222987e-01, 1.797693134862e+308, 1.0240e+03, 0.0000e+00, 
 2DIAGNOSTIC,    10, -4.129716109106e-01, 6.178980078497e-05, 1.0240e+03, 0.0000e+00, 
 2DIAGNOSTIC,    11, -4.129755567790e-01, 4.655423216528e-05, 1.0240e+03, 0.0000e+00, 
 2DIAGNOSTIC,    12, -4.129757757332e-01, 3.592058418199e-05, 1.0240e+03, 0.0000e+00, 
 2DIAGNOSTIC,    13, -4.129752977888e-01, 2.629243803552e-05, 1.0240e+03, 0.0000e+00, 
 2DIAGNOSTIC,    14, -4.129755999151e-01, 1.793896365858e-05, 1.0240e+03, 0.0000e+00, 
 2DIAGNOSTIC,    15, -4.129757683499e-01, 1.145939666615e-05, 1.0240e+03, 0.0000e+00, 
 2DIAGNOSTIC,    16, -4.129758032100e-01, 6.617125458117e-06, 1.0240e+03, 0.0000e+00, 
 2DIAGNOSTIC,    17, -4.129758607058e-01, 2.462120423319e-06, 1.0240e+03, 0.0000e+00, 
 2DIAGNOSTIC,    18, -4.129750417514e-01, 1.873019281791e-06, 1.0240e+03, 0.0000e+00, 
 2DIAGNOSTIC,    19, -4.129751642329e-01, 1.798894710442e-06, 1.0240e+03, 0.0000e+00, 
 2DIAGNOSTIC,    20, -4.129753239597e-01, 1.562796229926e-06, 1.0240e+03, 0.0000e+00, 
 2DIAGNOSTIC,    21, -4.129752470063e-01, 1.477806805338e-06, 1.0240e+03, 0.0000e+00, 
 2DIAGNOSTIC,    22, -4.129752148420e-01, 1.410764642440e-06, 1.0240e+03, 0.0000e+00, 
 2DIAGNOSTIC,    23, -4.129752133801e-01, 1.338823305004e-06, 1.0240e+03, 0.0000e+00, 
 2DIAGNOSTIC,    24, -4.129752083210e-01, 1.285446382532e-06, 1.0240e+03, 0.0000e+00, 
 2DIAGNOSTIC,    25, -4.129752079778e-01, 1.244290318968e-06, 1.0240e+03, 0.0000e+00, 
 2DIAGNOSTIC,    26, -4.129752074106e-01, 1.209652485290e-06, 1.0240e+03, 0.0000e+00, 
 2DIAGNOSTIC,    27, -4.129752074106e-01, 1.181100523502e-06, 1.0240e+03, 0.0000e+00, 
 2DIAGNOSTIC,    28, -4.129752041352e-01, 1.134061075492e-06, 1.0240e+03, 0.0000e+00, 
 2DIAGNOSTIC,    29, -4.129752041352e-01, 1.093251744737e-06, 1.0240e+03, 0.0000e+00, 
 2DIAGNOSTIC,    30, -4.129752037547e-01, 1.059231155641e-06, 1.0240e+03, 0.0000e+00, 
 2DIAGNOSTIC,    31, -4.129752023366e-01, 1.025812667838e-06, 1.0240e+03, 0.0000e+00, 
DIAGNOSTIC,Iteration,metricValue,convergenceValue,ITERATION_TIME_INDEX,SINCE_LAST
 2DIAGNOSTIC,     1, -3.800369514759e-01, 1.797693134862e+308, 1.0240e+03, 0.0000e+00, 
 2DIAGNOSTIC,     2, -3.800663013168e-01, 1.797693134862e+308, 1.0240e+03, 0.0000e+00, 
 2DIAGNOSTIC,     3, -3.800660100411e-01, 1.797693134862e+308, 1.0240e+03, 0.0000e+00, 
 2DIAGNOSTIC,     4, -3.800659905297e-01, 1.797693134862e+308, 1.0240e+03, 0.0000e+00, 
 2DIAGNOSTIC,     5, -3.800659381781e-01, 1.797693134862e+308, 1.0240e+03, 0.0000e+00, 
 2DIAGNOSTIC,     6, -3.800658520917e-01, 1.797693134862e+308, 1.0240e+03, 0.0000e+00, 
 2DIAGNOSTIC,     7, -3.800658506623e-01, 1.797693134862e+308, 1.0240e+03, 0.0000e+00, 
 2DIAGNOSTIC,     8, -3.800658400751e-01, 1.797693134862e+308, 1.0240e+03, 0.0000e+00, 
 2DIAGNOSTIC,     9, -3.800658400751e-01, 1.797693134862e+308, 1.0240e+03, 0.0000e+00, 
 2DIAGNOSTIC,    10, -3.800658400751e-01, 5.296725801809e-06, 1.0240e+03, 0.0000e+00, 
 2DIAGNOSTIC,    11, -3.800658400751e-01, 2.840456126876e-06, 1.0240e+03, 0.0000e+00, 
 2DIAGNOSTIC,    12, -3.800658400751e-01, 2.627663629823e-06, 1.0240e+03, 0.0000e+00, 
 2DIAGNOSTIC,    13, -3.800658221716e-01, 2.431874348785e-06, 1.0240e+03, 0.0000e+00, 
 2DIAGNOSTIC,    14, -3.800658221716e-01, 2.264463153795e-06, 1.0240e+03, 0.0000e+00, 
 2DIAGNOSTIC,    15, -3.800658221716e-01, 2.117595934298e-06, 1.0240e+03, 0.0000e+00, 
 2DIAGNOSTIC,    16, -3.800658221716e-01, 1.985354101550e-06, 1.0240e+03, 0.0000e+00, 
 2DIAGNOSTIC,    17, -3.800658221716e-01, 1.868903572559e-06, 1.0240e+03, 0.0000e+00, 
 2DIAGNOSTIC,    18, -3.800658634513e-01, 1.766912973281e-06, 1.0240e+03, 0.0000e+00, 
 2DIAGNOSTIC,    19, -3.800658634513e-01, 1.675665256613e-06, 1.0240e+03, 0.0000e+00, 
 2DIAGNOSTIC,    20, -3.800658634513e-01, 1.593435838741e-06, 1.0240e+03, 0.0000e+00, 
 2DIAGNOSTIC,    21, -3.800658634513e-01, 1.518800574578e-06, 1.0240e+03, 0.0000e+00, 
 2DIAGNOSTIC,    22, -3.800658634513e-01, 1.450604481687e-06, 1.0240e+03, 0.0000e+00, 
 2DIAGNOSTIC,    23, -3.800658495093e-01, 1.386859386825e-06, 1.0240e+03, 0.0000e+00, 
 2DIAGNOSTIC,    24, -3.800658495093e-01, 1.328093699737e-06, 1.0240e+03, 0.0000e+00, 
 2DIAGNOSTIC,    25, -3.800658495093e-01, 1.273809720537e-06, 1.0240e+03, 0.0000e+00, 
 2DIAGNOSTIC,    26, -3.800658495093e-01, 1.223592679983e-06, 1.0240e+03, 0.0000e+00, 
 2DIAGNOSTIC,    27, -3.800658495093e-01, 1.177067179253e-06, 1.0240e+03, 0.0000e+00, 
 2DIAGNOSTIC,    28, -3.800658323466e-01, 1.134632163044e-06, 1.0240e+03, 0.0000e+00, 
 2DIAGNOSTIC,    29, -3.800658323466e-01, 1.095287990055e-06, 1.0240e+03, 0.0000e+00, 
 2DIAGNOSTIC,    30, -3.800658323466e-01, 1.058721903799e-06, 1.0240e+03, 0.0000e+00, 
 2DIAGNOSTIC,    31, -3.800658323466e-01, 1.024670062903e-06, 1.0240e+03, 0.0000e+00, 
  Elapsed time (stage 0): 1.0240e+03


Total elapsed time: 1.0240e+03
Info [verificarlo]: loaded backend libinterflop_ieee.so
Info [interflop-ieee]: load backend with:
Info [interflop-ieee]: debug = false
Info [interflop-ieee]: debug-binary = false
Info [interflop-ieee]: no-backend-name = false
Info [interflop-ieee]: print-new-line = false
Info [interflop-ieee]: print-subnormal-normalized = false
Info [interflop-ieee]: count-op = false
All_Command_lines_OK
Using double precision for computations.
=============================================================================
The composite transform comprises the following transforms (in order): 
  1. /home/mdugre/scratch/mri-registration-rp/datasets/ds004513/derivatives/mri-registration-rp/0100/antsRegistration-r7-p20/sub-s036/rigid_Composite.h5[0] (type = Euler3DTransform)
  2. /home/mdugre/scratch/mri-registration-rp/datasets/ds004513/derivatives/mri-registration-rp/0100/antsRegistration-r7-p20/sub-s036/rigid_Composite.h5[1] (type = Euler3DTransform)
  3. /home/mdugre/scratch/mri-registration-rp/datasets/ds004513/derivatives/mri-registration-rp/0100/antsRegistration-r7-p20/sub-s036/rigid_Composite.h5[2] (type = Euler3DTransform)
=============================================================================
  number of levels = 4
  fixed image: /templateflow/tpl-MNI152NLin2009cAsym/tpl-MNI152NLin2009cAsym_res-01_desc-brain_T1w.nii.gz
  moving image: /home/mdugre/scratch/mri-registration-rp/datasets/ds004513/derivatives/mri-registration-rp/antsBrainExtraction/sub-s036/BrainExtractionBrain.nii.gz
Dimension = 3
Number of stages = 1
Use histogram matching = false
Winsorize image intensities = true
  Lower quantile = 0.005
  Upper quantile = 0.995


Stage 1 State
   Image metric = MattesMI
     Fixed image = Image (0x4a407e0)
  RTTI typeinfo:   itk::Image<double, 3u>
  Reference Count: 2
  Modified Time: 1592
  Debug: Off
  Object Name: 
  Observers: 
    none
  Source: (none)
  Source output name: (none)
  Release Data: Off
  Data Released: False
  Global Release Data: Off
  PipelineMTime: 0
  UpdateMTime: 1203
  RealTimeStamp: 0 seconds 
  LargestPossibleRegion: 
    Dimension: 3
    Index: [0, 0, 0]
    Size: [193, 229, 193]
  BufferedRegion: 
    Dimension: 3
    Index: [0, 0, 0]
    Size: [193, 229, 193]
  RequestedRegion: 
    Dimension: 3
    Index: [0, 0, 0]
    Size: [193, 229, 193]
  Spacing: [1, 1, 1]
  Origin: [96, 132, -78]
  Direction: 
-1 0 0
0 -1 0
0 0 1

  IndexToPointMatrix: 
-1 0 0
0 -1 0
0 0 1

  PointToIndexMatrix: 
-1 0 0
0 -1 0
0 0 1

  Inverse Direction: 
-1 0 0
0 -1 0
0 0 1

  PixelContainer: 
    ImportImageContainer (0x4b0b880)
      RTTI typeinfo:   itk::ImportImageContainer<unsigned long, double>
      Reference Count: 1
      Modified Time: 1200
      Debug: Off
      Object Name: 
      Observers: 
        none
      Pointer: 0x1548a3249010
      Container manages memory: true
      Size: 8530021
      Capacity: 8530021

     Moving image = Image (0x4afc050)
  RTTI typeinfo:   itk::Image<double, 3u>
  Reference Count: 2
  Modified Time: 1593
  Debug: Off
  Object Name: 
  Observers: 
    none
  Source: (none)
  Source output name: (none)
  Release Data: Off
  Data Released: False
  Global Release Data: Off
  PipelineMTime: 0
  UpdateMTime: 1590
  RealTimeStamp: 0 seconds 
  LargestPossibleRegion: 
    Dimension: 3
    Index: [0, 0, 0]
    Size: [160, 240, 256]
  BufferedRegion: 
    Dimension: 3
    Index: [0, 0, 0]
    Size: [160, 240, 256]
  RequestedRegion: 
    Dimension: 3
    Index: [0, 0, 0]
    Size: [160, 240, 256]
  Spacing: [1, 1, 1]
  Origin: [79.8347, 99.8062, -127]
  Direction: 
-0.99945 -0.0331552 0
0.0331552 -0.99945 0
0 0 1

  IndexToPointMatrix: 
-0.99945 -0.0331552 0
0.0331552 -0.99945 0
0 0 1

  PointToIndexMatrix: 
-0.99945 0.0331552 0
-0.0331552 -0.99945 0
0 0 1

  Inverse Direction: 
-0.99945 0.0331552 0
-0.0331552 -0.99945 0
0 0 1

  PixelContainer: 
    ImportImageContainer (0x4baf690)
      RTTI typeinfo:   itk::ImportImageContainer<unsigned long, double>
      Reference Count: 1
      Modified Time: 1587
      Debug: Off
      Object Name: 
      Observers: 
        none
      Pointer: 0x15489e748010
      Container manages memory: true
      Size: 9830400
      Capacity: 9830400

     Weighting = 1
     Sampling strategy = regular
     Number of bins = 32
     Radius = 4
     Sampling percentage  = 0.25
   Transform = Affine
     Gradient step = 0.1
     Update field sigma (voxel space) = 0
     Total field sigma (voxel space) = 0
     Update field time sigma = 0
     Total field time sigma  = 0
     Number of time indices = 0
     Number of time point samples = 0
Registration using 1 total stages.

Stage 0
  iterations = 1000x500x250x100
  convergence threshold = 1e-06
  convergence window size = 10
  number of levels = 4
  using the Mattes MI metric (number of bins = 32, weight = 1, use gradient filter = 0)
  preprocessing:  winsorizing the image intensities
  Shrink factors (level 1 out of 4): [8, 8, 8]
  Shrink factors (level 2 out of 4): [4, 4, 4]
  Shrink factors (level 3 out of 4): [2, 2, 2]
  Shrink factors (level 4 out of 4): [1, 1, 1]
  smoothing sigmas per level: [3, 2, 1, 0]
  regular sampling (percentage = 0.25)

*** Running AffineTransform registration ***

DIAGNOSTIC,Iteration,metricValue,convergenceValue,ITERATION_TIME_INDEX,SINCE_LAST
 2DIAGNOSTIC,     1, -5.809223287075e-01, 1.797693134862e+308, 7.5227e-01, 7.5227e-01, 
 2DIAGNOSTIC,     2, -5.828201458984e-01, 1.797693134862e+308, 7.5747e-01, 5.2021e-03, 
 2DIAGNOSTIC,     3, -5.859973102500e-01, 1.797693134862e+308, 7.6309e-01, 5.6121e-03, 
 2DIAGNOSTIC,     4, -5.922850591944e-01, 1.797693134862e+308, 7.6770e-01, 4.6120e-03, 
 2DIAGNOSTIC,     5, -6.052122359142e-01, 1.797693134862e+308, 7.7237e-01, 4.6740e-03, 
 2DIAGNOSTIC,     6, -6.302861543085e-01, 1.797693134862e+308, 7.7751e-01, 5.1408e-03, 
 2DIAGNOSTIC,     7, -6.566284014407e-01, 1.797693134862e+308, 7.8268e-01, 5.1680e-03, 
 2DIAGNOSTIC,     8, -7.239476051586e-01, 1.797693134862e+308, 7.8803e-01, 5.3480e-03, 
 2DIAGNOSTIC,     9, -7.991750575593e-01, 1.797693134862e+308, 7.9510e-01, 7.0732e-03, 
 2DIAGNOSTIC,    10, -8.543034029650e-01, 2.551252187994e-02, 8.0110e-01, 6.0000e-03, 
 2DIAGNOSTIC,    11, -8.653063768169e-01, 2.744455230321e-02, 8.0697e-01, 5.8720e-03, 
 2DIAGNOSTIC,    12, -8.847568398443e-01, 2.726710077614e-02, 8.1285e-01, 5.8749e-03, 
 2DIAGNOSTIC,    13, -9.134666479003e-01, 2.559235237835e-02, 8.1863e-01, 5.7809e-03, 
 2DIAGNOSTIC,    14, -9.181963945458e-01, 2.218678849071e-02, 8.2444e-01, 5.8131e-03, 
 2DIAGNOSTIC,    15, -9.195035369247e-01, 1.771467643635e-02, 8.3104e-01, 6.5970e-03, 
 2DIAGNOSTIC,    16, -9.232113031272e-01, 1.303260265380e-02, 8.3692e-01, 5.8792e-03, 
 2DIAGNOSTIC,    17, -9.243638068964e-01, 8.422624978647e-03, 8.4233e-01, 5.4140e-03, 
 2DIAGNOSTIC,    18, -9.267979492033e-01, 5.046583116993e-03, 8.4798e-01, 5.6489e-03, 
 2DIAGNOSTIC,    19, -9.319988282271e-01, 3.147036116239e-03, 8.5475e-01, 6.7651e-03, 
 2DIAGNOSTIC,    20, -9.335577730763e-01, 2.209684463465e-03, 8.6174e-01, 6.9890e-03, 
 2DIAGNOSTIC,    21, -9.339714372037e-01, 1.365233256836e-03, 8.6744e-01, 5.7080e-03, 
 2DIAGNOSTIC,    22, -9.343569164360e-01, 7.927026570596e-04, 8.7254e-01, 5.0991e-03, 
 2DIAGNOSTIC,    23, -9.347671044503e-01, 6.487572975637e-04, 8.7771e-01, 5.1680e-03, 
 2DIAGNOSTIC,    24, -9.351681966976e-01, 5.320360184368e-04, 8.8286e-01, 5.1460e-03, 
 2DIAGNOSTIC,    25, -9.356096048570e-01, 3.994097639829e-04, 8.8759e-01, 4.7340e-03, 
 2DIAGNOSTIC,    26, -9.362144768890e-01, 2.994223600324e-04, 8.9464e-01, 7.0529e-03, 
 2DIAGNOSTIC,    27, -9.365036467249e-01, 1.983167787587e-04, 8.9968e-01, 5.0330e-03, 
 2DIAGNOSTIC,    28, -9.366094112286e-01, 1.163794792590e-04, 9.0537e-01, 5.6951e-03, 
 2DIAGNOSTIC,    29, -9.378449941856e-01, 1.052518527672e-04, 9.1113e-01, 5.7600e-03, 
 2DIAGNOSTIC,    30, -9.382690561324e-01, 1.071369861708e-04, 9.1698e-01, 5.8489e-03, 
 2DIAGNOSTIC,    31, -9.380517874571e-01, 1.009520512861e-04, 9.2271e-01, 5.7271e-03, 
 2DIAGNOSTIC,    32, -9.385779365691e-01, 9.562660991858e-05, 9.2845e-01, 5.7421e-03, 
 2DIAGNOSTIC,    33, -9.386881728903e-01, 8.687163608390e-05, 9.3417e-01, 5.7170e-03, 
 2DIAGNOSTIC,    34, -9.384222221477e-01, 7.166281991459e-05, 9.3977e-01, 5.6021e-03, 
 2DIAGNOSTIC,    35, -9.383072858621e-01, 5.378070562501e-05, 9.4486e-01, 5.0871e-03, 
 2DIAGNOSTIC,    36, -9.380161678790e-01, 3.502583297743e-05, 9.5050e-01, 5.6438e-03, 
 2DIAGNOSTIC,    37, -9.380403679200e-01, 1.707630265938e-05, 9.5581e-01, 5.3101e-03, 
DIAGNOSTIC,Iteration,metricValue,convergenceValue,ITERATION_TIME_INDEX,SINCE_LAST
 2DIAGNOSTIC,     1, -7.562948796950e-01, 1.797693134862e+308, 1.6741e+00, 7.1825e-01, 
 2DIAGNOSTIC,     2, -7.570800258486e-01, 1.797693134862e+308, 1.7121e+00, 3.8021e-02, 
 2DIAGNOSTIC,     3, -7.578689434888e-01, 1.797693134862e+308, 1.7501e+00, 3.8015e-02, 
 2DIAGNOSTIC,     4, -7.584680364102e-01, 1.797693134862e+308, 1.7862e+00, 3.6116e-02, 
 2DIAGNOSTIC,     5, -7.589917117023e-01, 1.797693134862e+308, 1.8256e+00, 3.9400e-02, 
 2DIAGNOSTIC,     6, -7.596348130638e-01, 1.797693134862e+308, 1.8876e+00, 6.2025e-02, 
 2DIAGNOSTIC,     7, -7.596769235947e-01, 1.797693134862e+308, 1.9210e+00, 3.3377e-02, 
 2DIAGNOSTIC,     8, -7.596955918639e-01, 1.797693134862e+308, 1.9634e+00, 4.2352e-02, 
 2DIAGNOSTIC,     9, -7.597227445433e-01, 1.797693134862e+308, 2.0013e+00, 3.7960e-02, 
 2DIAGNOSTIC,    10, -7.597203060917e-01, 2.911419254947e-04, 2.0423e+00, 4.0947e-02, 
 2DIAGNOSTIC,    11, -7.597150911637e-01, 1.891097477816e-04, 2.0837e+00, 4.1440e-02, 
 2DIAGNOSTIC,    12, -7.597120381101e-01, 1.115187781363e-04, 2.1249e+00, 4.1237e-02, 
 2DIAGNOSTIC,    13, -7.597170711891e-01, 5.889099762298e-05, 2.1649e+00, 3.9967e-02, 
 2DIAGNOSTIC,    14, -7.597366319280e-01, 2.501237222846e-05, 2.1986e+00, 3.3713e-02, 
 2DIAGNOSTIC,    15, -7.597228035679e-01, 5.851167574761e-06, 2.2409e+00, 4.2284e-02, 
 2DIAGNOSTIC,    16, -7.597280421180e-01, 3.923279186094e-06, 2.2815e+00, 4.0573e-02, 
 2DIAGNOSTIC,    17, -7.597110908912e-01, 2.594234602075e-06, 2.3185e+00, 3.7018e-02, 
 2DIAGNOSTIC,    18, -7.597157188665e-01, 1.815901708287e-06, 2.3544e+00, 3.5874e-02, 
 2DIAGNOSTIC,    19, -7.597444610949e-01, 2.204805106064e-06, 2.3972e+00, 4.2827e-02, 
 2DIAGNOSTIC,    20, -7.597791661762e-01, 3.096258638480e-06, 2.4352e+00, 3.7981e-02, 
 2DIAGNOSTIC,    21, -7.597410418324e-01, 2.988733429764e-06, 2.4766e+00, 4.1422e-02, 
 2DIAGNOSTIC,    22, -7.597586344331e-01, 3.036414733891e-06, 2.5170e+00, 4.0430e-02, 
 2DIAGNOSTIC,    23, -7.597733471552e-01, 3.233660539052e-06, 2.5670e+00, 4.9989e-02, 
 2DIAGNOSTIC,    24, -7.597663037577e-01, 3.416332285969e-06, 2.6078e+00, 4.0750e-02, 
 2DIAGNOSTIC,    25, -7.597562345770e-01, 3.027892668948e-06, 2.6479e+00, 4.0127e-02, 
 2DIAGNOSTIC,    26, -7.597467382167e-01, 2.470373461912e-06, 2.6853e+00, 3.7379e-02, 
 2DIAGNOSTIC,    27, -7.597403026791e-01, 1.521012415559e-06, 2.7272e+00, 4.1896e-02, 
DIAGNOSTIC,Iteration,metricValue,convergenceValue,ITERATION_TIME_INDEX,SINCE_LAST
 2DIAGNOSTIC,     1, -6.390278336568e-01, 1.797693134862e+308, 3.9303e+00, 1.2032e+00, 
 2DIAGNOSTIC,     2, -6.399391852785e-01, 1.797693134862e+308, 4.2396e+00, 3.0922e-01, 
 2DIAGNOSTIC,     3, -6.408997263268e-01, 1.797693134862e+308, 4.5394e+00, 2.9989e-01, 
 2DIAGNOSTIC,     4, -6.427667969216e-01, 1.797693134862e+308, 4.8610e+00, 3.2157e-01, 
 2DIAGNOSTIC,     5, -6.430042386978e-01, 1.797693134862e+308, 5.2682e+00, 4.0723e-01, 
 2DIAGNOSTIC,     6, -6.431462361979e-01, 1.797693134862e+308, 5.6413e+00, 3.7305e-01, 
 2DIAGNOSTIC,     7, -6.432772295017e-01, 1.797693134862e+308, 5.9592e+00, 3.1794e-01, 
 2DIAGNOSTIC,     8, -6.439578929181e-01, 1.797693134862e+308, 6.2668e+00, 3.0756e-01, 
 2DIAGNOSTIC,     9, -6.444522042764e-01, 1.797693134862e+308, 6.9147e+00, 6.4794e-01, 
 2DIAGNOSTIC,    10, -6.444520624801e-01, 5.240966180557e-04, 7.2633e+00, 3.4857e-01, 
 2DIAGNOSTIC,    11, -6.444506845664e-01, 3.753727124321e-04, 7.6401e+00, 3.7675e-01, 
 2DIAGNOSTIC,    12, -6.444500577056e-01, 2.517242059545e-04, 7.9834e+00, 3.4330e-01, 
 2DIAGNOSTIC,    13, -6.444491403621e-01, 1.551744261030e-04, 8.4137e+00, 4.3032e-01, 
 2DIAGNOSTIC,    14, -6.444478763744e-01, 1.170431437159e-04, 8.6965e+00, 2.8288e-01, 
 2DIAGNOSTIC,    15, -6.444452944501e-01, 8.064901697576e-05, 8.9807e+00, 2.8419e-01, 
 2DIAGNOSTIC,    16, -6.444429166376e-01, 4.581610354874e-05, 9.3039e+00, 3.2320e-01, 
 2DIAGNOSTIC,    17, -6.444423258177e-01, 1.409178973836e-05, 9.6038e+00, 2.9988e-01, 
 2DIAGNOSTIC,    18, -6.444423234015e-01, 1.125396292184e-06, 9.9354e+00, 3.3154e-01, 
DIAGNOSTIC,Iteration,metricValue,convergenceValue,ITERATION_TIME_INDEX,SINCE_LAST
 2DIAGNOSTIC,     1, -5.716400804044e-01, 1.797693134862e+308, 1.3003e+01, 3.0676e+00, 
 2DIAGNOSTIC,     2, -5.720474532681e-01, 1.797693134862e+308, 1.4882e+01, 1.8791e+00, 
 2DIAGNOSTIC,     3, -5.724388842775e-01, 1.797693134862e+308, 1.6698e+01, 1.8163e+00, 
 2DIAGNOSTIC,     4, -5.727342731547e-01, 1.797693134862e+308, 1.8750e+01, 2.0515e+00, 
 2DIAGNOSTIC,     5, -5.728732109117e-01, 1.797693134862e+308, 2.1353e+01, 2.6037e+00, 
 2DIAGNOSTIC,     6, -5.728950245788e-01, 1.797693134862e+308, 2.3507e+01, 2.1537e+00, 
 2DIAGNOSTIC,     7, -5.728956808680e-01, 1.797693134862e+308, 2.5539e+01, 2.0319e+00, 
 2DIAGNOSTIC,     8, -5.728963987961e-01, 1.797693134862e+308, 2.8017e+01, 2.4781e+00, 
 2DIAGNOSTIC,     9, -5.728958213801e-01, 1.797693134862e+308, 3.0046e+01, 2.0286e+00, 
 2DIAGNOSTIC,    10, -5.728955984992e-01, 1.221442270879e-04, 3.2461e+01, 2.4150e+00, 
 2DIAGNOSTIC,    11, -5.728951771599e-01, 6.475377309145e-05, 3.4677e+01, 2.2162e+00, 
 2DIAGNOSTIC,    12, -5.728951067192e-01, 2.800361327815e-05, 3.7059e+01, 2.3823e+00, 
 2DIAGNOSTIC,    13, -5.728949874115e-01, 9.312241259427e-06, 3.9042e+01, 1.9825e+00, 
 2DIAGNOSTIC,    14, -5.728948569297e-01, 3.003252520589e-06, 4.0857e+01, 1.8147e+00, 
 2DIAGNOSTIC,    15, -5.728947402915e-01, 2.041990888879e-06, 4.2830e+01, 1.9734e+00, 
 2DIAGNOSTIC,    16, -5.728944690476e-01, 1.875983889940e-06, 4.4632e+01, 1.8024e+00, 
 2DIAGNOSTIC,    17, -5.728945188430e-01, 1.759808159453e-06, 4.6554e+01, 1.9214e+00, 
 2DIAGNOSTIC,    18, -5.728943008438e-01, 1.680750525826e-06, 4.8444e+01, 1.8900e+00, 
 2DIAGNOSTIC,    19, -5.728941371659e-01, 1.598865858772e-06, 5.0465e+01, 2.0210e+00, 
 2DIAGNOSTIC,    20, -5.728940724229e-01, 1.525463340826e-06, 5.2448e+01, 1.9836e+00, 
 2DIAGNOSTIC,    21, -5.728941712645e-01, 1.457516862167e-06, 5.4308e+01, 1.8597e+00, 
 2DIAGNOSTIC,    22, -5.728941822563e-01, 1.399664232134e-06, 5.6524e+01, 2.2160e+00, 
 2DIAGNOSTIC,    23, -5.728940945840e-01, 1.346773359029e-06, 5.8342e+01, 1.8177e+00, 
 2DIAGNOSTIC,    24, -5.728939036965e-01, 1.295258565008e-06, 6.0357e+01, 2.0147e+00, 
 2DIAGNOSTIC,    25, -5.728938823963e-01, 1.248197432462e-06, 6.2127e+01, 1.7706e+00, 
 2DIAGNOSTIC,    26, -5.728940885273e-01, 1.205597149029e-06, 6.4127e+01, 1.9997e+00, 
 2DIAGNOSTIC,    27, -5.728943671905e-01, 1.173777190312e-06, 6.6182e+01, 2.0551e+00, 
 2DIAGNOSTIC,    28, -5.728947008260e-01, 1.146743700449e-06, 6.8247e+01, 2.0647e+00, 
 2DIAGNOSTIC,    29, -5.728948155786e-01, 1.119816798803e-06, 7.0029e+01, 1.7828e+00, 
 2DIAGNOSTIC,    30, -5.728948591947e-01, 1.092209406466e-06, 7.2117e+01, 2.0881e+00, 
 2DIAGNOSTIC,    31, -5.728950944461e-01, 1.068675198501e-06, 7.4106e+01, 1.9890e+00, 
 2DIAGNOSTIC,    32, -5.728947259688e-01, 1.036879020741e-06, 7.6052e+01, 1.9456e+00, 
  Elapsed time (stage 0): 7.7174e+01


Total elapsed time: 7.7177e+01
Info [verificarlo]: loaded backend libinterflop_ieee.so
Info [interflop-ieee]: load backend with:
Info [interflop-ieee]: debug = false
Info [interflop-ieee]: debug-binary = false
Info [interflop-ieee]: no-backend-name = false
Info [interflop-ieee]: print-new-line = false
Info [interflop-ieee]: print-subnormal-normalized = false
Info [interflop-ieee]: count-op = false
All_Command_lines_OK
Using double precision for computations.
=============================================================================
The composite transform comprises the following transforms (in order): 
  1. /home/mdugre/scratch/mri-registration-rp/datasets/ds004513/derivatives/mri-registration-rp/0100/antsRegistration-r7-p20/sub-s036/affine_Composite.h5[0] (type = Euler3DTransform)
  2. /home/mdugre/scratch/mri-registration-rp/datasets/ds004513/derivatives/mri-registration-rp/0100/antsRegistration-r7-p20/sub-s036/affine_Composite.h5[1] (type = Euler3DTransform)
  3. /home/mdugre/scratch/mri-registration-rp/datasets/ds004513/derivatives/mri-registration-rp/0100/antsRegistration-r7-p20/sub-s036/affine_Composite.h5[2] (type = Euler3DTransform)
  4. /home/mdugre/scratch/mri-registration-rp/datasets/ds004513/derivatives/mri-registration-rp/0100/antsRegistration-r7-p20/sub-s036/affine_Composite.h5[3] (type = AffineTransform)
=============================================================================
  number of levels = 4
  fixed image: /templateflow/tpl-MNI152NLin2009cAsym/tpl-MNI152NLin2009cAsym_res-01_desc-brain_T1w.nii.gz
  moving image: /home/mdugre/scratch/mri-registration-rp/datasets/ds004513/derivatives/mri-registration-rp/antsBrainExtraction/sub-s036/BrainExtractionBrain.nii.gz
Dimension = 3
Number of stages = 1
Use histogram matching = false
Winsorize image intensities = true
  Lower quantile = 0.005
  Upper quantile = 0.995


Stage 1 State
   Image metric = CC
     Fixed image = Image (0x4a7ca40)
  RTTI typeinfo:   itk::Image<double, 3u>
  Reference Count: 2
  Modified Time: 1606
  Debug: Off
  Object Name: 
  Observers: 
    none
  Source: (none)
  Source output name: (none)
  Release Data: Off
  Data Released: False
  Global Release Data: Off
  PipelineMTime: 0
  UpdateMTime: 1217
  RealTimeStamp: 0 seconds 
  LargestPossibleRegion: 
    Dimension: 3
    Index: [0, 0, 0]
    Size: [193, 229, 193]
  BufferedRegion: 
    Dimension: 3
    Index: [0, 0, 0]
    Size: [193, 229, 193]
  RequestedRegion: 
    Dimension: 3
    Index: [0, 0, 0]
    Size: [193, 229, 193]
  Spacing: [1, 1, 1]
  Origin: [96, 132, -78]
  Direction: 
-1 0 0
0 -1 0
0 0 1

  IndexToPointMatrix: 
-1 0 0
0 -1 0
0 0 1

  PointToIndexMatrix: 
-1 0 0
0 -1 0
0 0 1

  Inverse Direction: 
-1 0 0
0 -1 0
0 0 1

  PixelContainer: 
    ImportImageContainer (0x4b4b780)
      RTTI typeinfo:   itk::ImportImageContainer<unsigned long, double>
      Reference Count: 1
      Modified Time: 1214
      Debug: Off
      Object Name: 
      Observers: 
        none
      Pointer: 0x14cb27c84010
      Container manages memory: true
      Size: 8530021
      Capacity: 8530021

     Moving image = Image (0x4b4d3b0)
  RTTI typeinfo:   itk::Image<double, 3u>
  Reference Count: 2
  Modified Time: 1607
  Debug: Off
  Object Name: 
  Observers: 
    none
  Source: (none)
  Source output name: (none)
  Release Data: Off
  Data Released: False
  Global Release Data: Off
  PipelineMTime: 0
  UpdateMTime: 1604
  RealTimeStamp: 0 seconds 
  LargestPossibleRegion: 
    Dimension: 3
    Index: [0, 0, 0]
    Size: [160, 240, 256]
  BufferedRegion: 
    Dimension: 3
    Index: [0, 0, 0]
    Size: [160, 240, 256]
  RequestedRegion: 
    Dimension: 3
    Index: [0, 0, 0]
    Size: [160, 240, 256]
  Spacing: [1, 1, 1]
  Origin: [79.8347, 99.8062, -127]
  Direction: 
-0.99945 -0.0331552 0
0.0331552 -0.99945 0
0 0 1

  IndexToPointMatrix: 
-0.99945 -0.0331552 0
0.0331552 -0.99945 0
0 0 1

  PointToIndexMatrix: 
-0.99945 0.0331552 0
-0.0331552 -0.99945 0
0 0 1

  Inverse Direction: 
-0.99945 0.0331552 0
-0.0331552 -0.99945 0
0 0 1

  PixelContainer: 
    ImportImageContainer (0x4b0a790)
      RTTI typeinfo:   itk::ImportImageContainer<unsigned long, double>
      Reference Count: 1
      Modified Time: 1601
      Debug: Off
      Object Name: 
      Observers: 
        none
      Pointer: 0x14cb23183010
      Container manages memory: true
      Size: 9830400
      Capacity: 9830400

     Weighting = 1
     Sampling strategy = none
     Number of bins = 32
     Radius = 4
     Sampling percentage  = 1
   Transform = SyN
     Gradient step = 0.1
     Update field sigma (voxel space) = 3
     Total field sigma (voxel space) = 0
     Update field time sigma = 0
     Total field time sigma  = 0
     Number of time indices = 0
     Number of time point samples = 0
Registration using 1 total stages.

Stage 0
  iterations = 100x70x50x20
  convergence threshold = 1e-06
  convergence window size = 10
  number of levels = 4
  using the CC metric (radius = 4, weight = 1, use gradient filter = 0)
  preprocessing:  winsorizing the image intensities
  Shrink factors (level 1 out of 4): [8, 8, 8]
  Shrink factors (level 2 out of 4): [4, 4, 4]
  Shrink factors (level 3 out of 4): [2, 2, 2]
  Shrink factors (level 4 out of 4): [1, 1, 1]
  smoothing sigmas per level: [3, 2, 1, 0]
  Using default NONE metricSamplingStrategy 

*** Running SyN registration (varianceForUpdateField = 3, varianceForTotalField = 0) ***

XXDIAGNOSTIC,Iteration,metricValue,convergenceValue,ITERATION_TIME_INDEX,SINCE_LAST
 1DIAGNOSTIC,     1, -9.348813895601e-01, 1.797693134862e+308, 1.1109e+00, 1.1109e+00, 
 1DIAGNOSTIC,     2, -9.429138270948e-01, 1.797693134862e+308, 1.4510e+00, 3.4014e-01, 
 1DIAGNOSTIC,     3, -9.478880470050e-01, 1.797693134862e+308, 1.8132e+00, 3.6219e-01, 
 1DIAGNOSTIC,     4, -9.505721350671e-01, 1.797693134862e+308, 2.1504e+00, 3.3715e-01, 
 1DIAGNOSTIC,     5, -9.526110579536e-01, 1.797693134862e+308, 2.4943e+00, 3.4394e-01, 
 1DIAGNOSTIC,     6, -9.553518113934e-01, 1.797693134862e+308, 2.8575e+00, 3.6318e-01, 
 1DIAGNOSTIC,     7, -9.583709633471e-01, 1.797693134862e+308, 3.1850e+00, 3.2750e-01, 
 1DIAGNOSTIC,     8, -9.612703490756e-01, 1.797693134862e+308, 3.5373e+00, 3.5231e-01, 
 1DIAGNOSTIC,     9, -9.640031828673e-01, 1.797693134862e+308, 3.8731e+00, 3.3583e-01, 
 1DIAGNOSTIC,    10, -9.664063592268e-01, 1.894229604114e-03, 4.2146e+00, 3.4145e-01, 
 1DIAGNOSTIC,    11, -9.684013730647e-01, 1.508467630144e-03, 4.5563e+00, 3.4167e-01, 
 1DIAGNOSTIC,    12, -9.701115920640e-01, 1.290909329223e-03, 4.8947e+00, 3.3845e-01, 
 1DIAGNOSTIC,    13, -9.715551211515e-01, 1.136086274817e-03, 5.2413e+00, 3.4657e-01, 
 1DIAGNOSTIC,    14, -9.726200619382e-01, 9.795322956540e-04, 5.6083e+00, 3.6706e-01, 
 1DIAGNOSTIC,    15, -9.735229797885e-01, 8.123089664308e-04, 5.9526e+00, 3.4426e-01, 
 1DIAGNOSTIC,    16, -9.740867867670e-01, 6.523133854841e-04, 6.2948e+00, 3.4225e-01, 
 1DIAGNOSTIC,    17, -9.744196777656e-01, 5.091688812209e-04, 6.6272e+00, 3.3235e-01, 
 1DIAGNOSTIC,    18, -9.742865385389e-01, 3.800723150294e-04, 6.9541e+00, 3.2689e-01, 
 1DIAGNOSTIC,    19, -9.744345090736e-01, 2.740537251032e-04, 7.2959e+00, 3.4178e-01, 
 1DIAGNOSTIC,    20, -9.742481955318e-01, 1.856662867085e-04, 7.6336e+00, 3.3773e-01, 
 1DIAGNOSTIC,    21, -9.744297598632e-01, 1.188908106779e-04, 7.9644e+00, 3.3085e-01, 
 1DIAGNOSTIC,    22, -9.742636536494e-01, 6.763966507235e-05, 8.2949e+00, 3.3042e-01, 
 1DIAGNOSTIC,    23, -9.744388736837e-01, 3.535992592505e-05, 8.6376e+00, 3.4273e-01, 
 1DIAGNOSTIC,    24, -9.742653115340e-01, 1.331997780227e-05, 8.9947e+00, 3.5713e-01, 
 1DIAGNOSTIC,    25, -9.744688505262e-01, 4.870002469251e-06, 9.3242e+00, 3.2951e-01, 
 1DIAGNOSTIC,    26, -9.743084481396e-01, 1.129396301994e-06, 9.6598e+00, 3.3561e-01, 
 1DIAGNOSTIC,    27, -9.745100960910e-01, 3.592380654498e-06, 9.9928e+00, 3.3298e-01, 
 1DIAGNOSTIC,    28, -9.743493065236e-01, 2.463214077271e-06, 1.0326e+01, 3.3269e-01, 
 1DIAGNOSTIC,    29, -9.745517875748e-01, 4.950112390420e-06, 1.0660e+01, 3.3443e-01, 
 1DIAGNOSTIC,    30, -9.743931594204e-01, 3.419280882759e-06, 1.0988e+01, 3.2803e-01, 
 1DIAGNOSTIC,    31, -9.745892963909e-01, 5.436769524345e-06, 1.1321e+01, 3.3349e-01, 
 1DIAGNOSTIC,    32, -9.744273310288e-01, 3.804323898134e-06, 1.1654e+01, 3.3263e-01, 
 1DIAGNOSTIC,    33, -9.746201592330e-01, 5.374387766099e-06, 1.1989e+01, 3.3441e-01, 
 1DIAGNOSTIC,    34, -9.744554673164e-01, 3.417181116877e-06, 1.2326e+01, 3.3784e-01, 
 1DIAGNOSTIC,    35, -9.746480630921e-01, 4.744241404082e-06, 1.2654e+01, 3.2792e-01, 
 1DIAGNOSTIC,    36, -9.744812035460e-01, 2.875800100343e-06, 1.2985e+01, 3.3041e-01, 
 1DIAGNOSTIC,    37, -9.746759359780e-01, 4.144706422040e-06, 1.3325e+01, 3.4046e-01, 
 1DIAGNOSTIC,    38, -9.745067894475e-01, 2.401418442134e-06, 1.3652e+01, 3.2692e-01, 
 1DIAGNOSTIC,    39, -9.746208010584e-01, 3.056260797978e-06, 1.3985e+01, 3.3330e-01, 
 1DIAGNOSTIC,    40, -9.744134689337e-01, 7.182887600508e-07, 1.4321e+01, 3.3520e-01, 
XXDIAGNOSTIC,Iteration,metricValue,convergenceValue,ITERATION_TIME_INDEX,SINCE_LAST
 1DIAGNOSTIC,     1, -9.160629471061e-01, 1.797693134862e+308, 1.7335e+01, 3.0142e+00, 
 1DIAGNOSTIC,     2, -9.198331940261e-01, 1.797693134862e+308, 1.9712e+01, 2.3769e+00, 
 1DIAGNOSTIC,     3, -9.234756050977e-01, 1.797693134862e+308, 2.2119e+01, 2.4076e+00, 
 1DIAGNOSTIC,     4, -9.265318918376e-01, 1.797693134862e+308, 2.4500e+01, 2.3803e+00, 
 1DIAGNOSTIC,     5, -9.291366681059e-01, 1.797693134862e+308, 2.6805e+01, 2.3054e+00, 
 1DIAGNOSTIC,     6, -9.311047924573e-01, 1.797693134862e+308, 2.9120e+01, 2.3148e+00, 
 1DIAGNOSTIC,     7, -9.328413719708e-01, 1.797693134862e+308, 3.1437e+01, 2.3174e+00, 
 1DIAGNOSTIC,     8, -9.344017267265e-01, 1.797693134862e+308, 3.3768e+01, 2.3307e+00, 
 1DIAGNOSTIC,     9, -9.358393553414e-01, 1.797693134862e+308, 3.6172e+01, 2.4039e+00, 
 1DIAGNOSTIC,    10, -9.371716917011e-01, 1.412048286755e-03, 3.8479e+01, 2.3074e+00, 
 1DIAGNOSTIC,    11, -9.383149047538e-01, 1.107148745523e-03, 4.0896e+01, 2.4164e+00, 
 1DIAGNOSTIC,    12, -9.392831158559e-01, 8.735877752332e-04, 4.3221e+01, 2.3253e+00, 
 1DIAGNOSTIC,    13, -9.401393233538e-01, 7.020046578111e-04, 4.5579e+01, 2.3581e+00, 
 1DIAGNOSTIC,    14, -9.409108101046e-01, 5.738938352808e-04, 4.7938e+01, 2.3585e+00, 
 1DIAGNOSTIC,    15, -9.413797428061e-01, 4.725390984511e-04, 5.0264e+01, 2.3266e+00, 
 1DIAGNOSTIC,    16, -9.417887805768e-01, 3.856167127278e-04, 5.2601e+01, 2.3371e+00, 
 1DIAGNOSTIC,    17, -9.421338245358e-01, 3.105746522684e-04, 5.4919e+01, 2.3175e+00, 
 1DIAGNOSTIC,    18, -9.424294835466e-01, 2.463922396095e-04, 5.7266e+01, 2.3468e+00, 
 1DIAGNOSTIC,    19, -9.426837626836e-01, 1.930580426738e-04, 5.9627e+01, 2.3611e+00, 
 1DIAGNOSTIC,    20, -9.427933675360e-01, 1.489756509684e-04, 6.1954e+01, 2.3276e+00, 
 1DIAGNOSTIC,    21, -9.429957781848e-01, 1.147263674295e-04, 6.4336e+01, 2.3819e+00, 
 1DIAGNOSTIC,    22, -9.431756689477e-01, 8.867446643899e-05, 6.6858e+01, 2.5215e+00, 
 1DIAGNOSTIC,    23, -9.433394774608e-01, 6.997658707190e-05, 6.9217e+01, 2.3588e+00, 
 1DIAGNOSTIC,    24, -9.434975369689e-01, 5.807780820295e-05, 7.1549e+01, 2.3330e+00, 
 1DIAGNOSTIC,    25, -9.436679742433e-01, 4.949961572988e-05, 7.4012e+01, 2.4628e+00, 
 1DIAGNOSTIC,    26, -9.437042474699e-01, 4.216652838761e-05, 7.6417e+01, 2.4048e+00, 
 1DIAGNOSTIC,    27, -9.437697426317e-01, 3.608713204246e-05, 7.8762e+01, 2.3452e+00, 
 1DIAGNOSTIC,    28, -9.438525542455e-01, 3.119399703953e-05, 8.1143e+01, 2.3808e+00, 
 1DIAGNOSTIC,    29, -9.439618163634e-01, 2.757505899053e-05, 8.3437e+01, 2.2940e+00, 
 1DIAGNOSTIC,    30, -9.440847897260e-01, 2.398906381869e-05, 8.5735e+01, 2.2982e+00, 
 1DIAGNOSTIC,    31, -9.442245904157e-01, 2.178230992791e-05, 8.8019e+01, 2.2833e+00, 
 1DIAGNOSTIC,    32, -9.443872644816e-01, 2.096950057314e-05, 9.0497e+01, 2.4780e+00, 
 1DIAGNOSTIC,    33, -9.445613130553e-01, 2.136812174754e-05, 9.2807e+01, 2.3105e+00, 
 1DIAGNOSTIC,    34, -9.447277663770e-01, 2.263688972742e-05, 9.5302e+01, 2.4944e+00, 
 1DIAGNOSTIC,    35, -9.448808156410e-01, 2.455290333451e-05, 9.7577e+01, 2.2749e+00, 
 1DIAGNOSTIC,    36, -9.450274107025e-01, 2.563428676865e-05, 9.9846e+01, 2.2694e+00, 
 1DIAGNOSTIC,    37, -9.451636874833e-01, 2.593108278841e-05, 1.0211e+02, 2.2688e+00, 
 1DIAGNOSTIC,    38, -9.452835771373e-01, 2.541385458775e-05, 1.0439e+02, 2.2790e+00, 
 1DIAGNOSTIC,    39, -9.453770282638e-01, 2.413391634117e-05, 1.0674e+02, 2.3436e+00, 
 1DIAGNOSTIC,    40, -9.454598316067e-01, 2.223643889697e-05, 1.0899e+02, 2.2495e+00, 
 1DIAGNOSTIC,    41, -9.455236668955e-01, 1.986889496241e-05, 1.1127e+02, 2.2860e+00, 
 1DIAGNOSTIC,    42, -9.455770785615e-01, 1.732582996042e-05, 1.1361e+02, 2.3337e+00, 
 1DIAGNOSTIC,    43, -9.456186349521e-01, 1.481551154903e-05, 1.1590e+02, 2.2893e+00, 
 1DIAGNOSTIC,    44, -9.456554487019e-01, 1.245618680455e-05, 1.1818e+02, 2.2840e+00, 
 1DIAGNOSTIC,    45, -9.456874829638e-01, 1.030861089237e-05, 1.2046e+02, 2.2829e+00, 
 1DIAGNOSTIC,    46, -9.457068975252e-01, 8.412114328515e-06, 1.2272e+02, 2.2548e+00, 
 1DIAGNOSTIC,    47, -9.457213519324e-01, 6.815502049274e-06, 1.2497e+02, 2.2573e+00, 
 1DIAGNOSTIC,    48, -9.457312798527e-01, 5.507029771562e-06, 1.2731e+02, 2.3398e+00, 
 1DIAGNOSTIC,    49, -9.457377183034e-01, 4.395583340571e-06, 1.2957e+02, 2.2560e+00, 
 1DIAGNOSTIC,    50, -9.457384265817e-01, 3.468055663224e-06, 1.3190e+02, 2.3245e+00, 
 1DIAGNOSTIC,    51, -9.457396811048e-01, 2.687156357973e-06, 1.3430e+02, 2.4054e+00, 
 1DIAGNOSTIC,    52, -9.457387976230e-01, 2.041001890538e-06, 1.3655e+02, 2.2484e+00, 
 1DIAGNOSTIC,    53, -9.457376276442e-01, 1.509506492331e-06, 1.3882e+02, 2.2688e+00, 
 1DIAGNOSTIC,    54, -9.457330883939e-01, 1.088172738035e-06, 1.4117e+02, 2.3521e+00, 
 1DIAGNOSTIC,    55, -9.457273030592e-01, 7.778087818371e-07, 1.4343e+02, 2.2632e+00, 
XXDIAGNOSTIC,Iteration,metricValue,convergenceValue,ITERATION_TIME_INDEX,SINCE_LAST
 1DIAGNOSTIC,     1, -9.007530112929e-01, 1.797693134862e+308, 1.6296e+02, 1.9526e+01, 
 1DIAGNOSTIC,     2, -9.029506847110e-01, 1.797693134862e+308, 1.8115e+02, 1.8186e+01, 
 1DIAGNOSTIC,     3, -9.055340555897e-01, 1.797693134862e+308, 1.9945e+02, 1.8307e+01, 
 1DIAGNOSTIC,     4, -9.079617493012e-01, 1.797693134862e+308, 2.1778e+02, 1.8326e+01, 
 1DIAGNOSTIC,     5, -9.101372769072e-01, 1.797693134862e+308, 2.3611e+02, 1.8332e+01, 
 1DIAGNOSTIC,     6, -9.120559644430e-01, 1.797693134862e+308, 2.5467e+02, 1.8562e+01, 
 1DIAGNOSTIC,     7, -9.136772745525e-01, 1.797693134862e+308, 2.7276e+02, 1.8087e+01, 
 1DIAGNOSTIC,     8, -9.150551522395e-01, 1.797693134862e+308, 2.9089e+02, 1.8136e+01, 
 1DIAGNOSTIC,     9, -9.162494168968e-01, 1.797693134862e+308, 3.0926e+02, 1.8371e+01, 
 1DIAGNOSTIC,    10, -9.173075165798e-01, 1.184856101699e-03, 3.2835e+02, 1.9088e+01, 
 1DIAGNOSTIC,    11, -9.182744461795e-01, 9.670516738933e-04, 3.4667e+02, 1.8313e+01, 
 1DIAGNOSTIC,    12, -9.191840658554e-01, 7.789414129354e-04, 3.6473e+02, 1.8069e+01, 
 1DIAGNOSTIC,    13, -9.199001071977e-01, 6.279550290097e-04, 3.8278e+02, 1.8041e+01, 
 1DIAGNOSTIC,    14, -9.206409147713e-01, 5.115688753257e-04, 4.0076e+02, 1.7984e+01, 
 1DIAGNOSTIC,    15, -9.213270348902e-01, 4.229377215681e-04, 4.1988e+02, 1.9123e+01, 
 1DIAGNOSTIC,    16, -9.218893995807e-01, 3.544735087857e-04, 4.3861e+02, 1.8730e+01, 
 1DIAGNOSTIC,    17, -9.225572095847e-01, 3.030747062413e-04, 4.5675e+02, 1.8137e+01, 
 1DIAGNOSTIC,    18, -9.231092988074e-01, 2.624891184808e-04, 4.7468e+02, 1.7930e+01, 
 1DIAGNOSTIC,    19, -9.236628457933e-01, 2.302887761215e-04, 4.9273e+02, 1.8050e+01, 
 1DIAGNOSTIC,    20, -9.243196951601e-01, 2.063983373291e-04, 5.1078e+02, 1.8050e+01, 
 1DIAGNOSTIC,    21, -9.248351204321e-01, 1.872836243163e-04, 5.2996e+02, 1.9185e+01, 
 1DIAGNOSTIC,    22, -9.253390487867e-01, 1.723100180643e-04, 5.4864e+02, 1.8674e+01, 
 1DIAGNOSTIC,    23, -9.258449876451e-01, 1.589284456474e-04, 5.6673e+02, 1.8096e+01, 
 1DIAGNOSTIC,    24, -9.263569148051e-01, 1.478723384504e-04, 5.8485e+02, 1.8118e+01, 
 1DIAGNOSTIC,    25, -9.268494200819e-01, 1.383703723348e-04, 6.0288e+02, 1.8024e+01, 
 1DIAGNOSTIC,    26, -9.273243596489e-01, 1.288714443015e-04, 6.2090e+02, 1.8028e+01, 
 1DIAGNOSTIC,    27, -9.277832001688e-01, 1.208580634397e-04, 6.3902e+02, 1.8113e+01, 
 1DIAGNOSTIC,    28, -9.282200777353e-01, 1.129371492654e-04, 6.5742e+02, 1.8398e+01, 
 1DIAGNOSTIC,    29, -9.286345849232e-01, 1.051622198221e-04, 6.7616e+02, 1.8746e+01, 
 1DIAGNOSTIC,    30, -9.290201272439e-01, 9.869361698096e-05, 6.9674e+02, 2.0580e+01, 
 1DIAGNOSTIC,    31, -9.293833573407e-01, 9.205992695515e-05, 7.1785e+02, 2.1107e+01, 
 1DIAGNOSTIC,    32, -9.297211487076e-01, 8.524475522005e-05, 7.3817e+02, 2.0324e+01, 
 1DIAGNOSTIC,    33, -9.300326641404e-01, 7.840689069583e-05, 7.5787e+02, 1.9697e+01, 
 1DIAGNOSTIC,    34, -9.303101842984e-01, 7.170234267714e-05, 7.7667e+02, 1.8804e+01, 
 1DIAGNOSTIC,    35, -9.305603370238e-01, 6.513036132759e-05, 7.9643e+02, 1.9758e+01, 
 1DIAGNOSTIC,    36, -9.307862782483e-01, 5.875312132123e-05, 8.1670e+02, 2.0271e+01, 
 1DIAGNOSTIC,    37, -9.309944746146e-01, 5.270819855869e-05, 8.3469e+02, 1.7989e+01, 
 1DIAGNOSTIC,    38, -9.311850943485e-01, 4.707424532924e-05, 8.5348e+02, 1.8784e+01, 
 1DIAGNOSTIC,    39, -9.313637221654e-01, 4.195765058870e-05, 8.7383e+02, 2.0350e+01, 
 1DIAGNOSTIC,    40, -9.315347719764e-01, 3.741270786059e-05, 8.9842e+02, 2.4591e+01, 
 1DIAGNOSTIC,    41, -9.317023012405e-01, 3.353736360252e-05, 9.2354e+02, 2.5127e+01, 
 1DIAGNOSTIC,    42, -9.318627198750e-01, 3.032791249490e-05, 9.4407e+02, 2.0528e+01, 
 1DIAGNOSTIC,    43, -9.320173553482e-01, 2.774244990416e-05, 9.6249e+02, 1.8417e+01, 
 1DIAGNOSTIC,    44, -9.321655236812e-01, 2.563765295447e-05, 9.8083e+02, 1.8339e+01, 
 1DIAGNOSTIC,    45, -9.322823874501e-01, 2.372291176620e-05, 9.9909e+02, 1.8262e+01, 
 1DIAGNOSTIC,    46, -9.323778320269e-01, 2.181493726543e-05, 1.0178e+03, 1.8678e+01, 
 1DIAGNOSTIC,    47, -9.324529611082e-01, 1.980038655614e-05, 1.0368e+03, 1.8997e+01, 
 1DIAGNOSTIC,    48, -9.325116189187e-01, 1.761686914021e-05, 1.0553e+03, 1.8562e+01, 
 1DIAGNOSTIC,    49, -9.325604235700e-01, 1.530819457887e-05, 1.0736e+03, 1.8286e+01, 
 1DIAGNOSTIC,    50, -9.325922887952e-01, 1.291956199168e-05, 1.0920e+03, 1.8402e+01, 
XXDIAGNOSTIC,Iteration,metricValue,convergenceValue,ITERATION_TIME_INDEX,SINCE_LAST
 1DIAGNOSTIC,     1, -8.841442812095e-01, 1.797693134862e+308, 1.2873e+03, 1.9529e+02, 
 1DIAGNOSTIC,     2, -8.852321452662e-01, 1.797693134862e+308, 1.4830e+03, 1.9571e+02, 
 1DIAGNOSTIC,     3, -8.865706334966e-01, 1.797693134862e+308, 1.6455e+03, 1.6249e+02, 
 1DIAGNOSTIC,     4, -8.878441783903e-01, 1.797693134862e+308, 1.7970e+03, 1.5147e+02, 
 1DIAGNOSTIC,     5, -8.889199115348e-01, 1.797693134862e+308, 1.9568e+03, 1.5985e+02, 
 1DIAGNOSTIC,     6, -8.899337336864e-01, 1.797693134862e+308, 2.1393e+03, 1.8248e+02, 
 1DIAGNOSTIC,     7, -8.908571083753e-01, 1.797693134862e+308, 2.2908e+03, 1.5145e+02, 
 1DIAGNOSTIC,     8, -8.916877806310e-01, 1.797693134862e+308, 2.4797e+03, 1.8897e+02, 
 1DIAGNOSTIC,     9, -8.924581094214e-01, 1.797693134862e+308, 2.6329e+03, 1.5319e+02, 
 1DIAGNOSTIC,    10, -8.931448072640e-01, 6.578628592261e-04, 2.8008e+03, 1.6787e+02, 
 1DIAGNOSTIC,    11, -8.938159775052e-01, 5.551077405428e-04, 2.9625e+03, 1.6167e+02, 
 1DIAGNOSTIC,    12, -8.944553712056e-01, 4.653028495218e-04, 3.1162e+03, 1.5373e+02, 
 1DIAGNOSTIC,    13, -8.950714123041e-01, 3.949501920265e-04, 3.2707e+03, 1.5456e+02, 
 1DIAGNOSTIC,    14, -8.956749999343e-01, 3.413459663466e-04, 3.4243e+03, 1.5352e+02, 
 1DIAGNOSTIC,    15, -8.962729708318e-01, 2.991170970991e-04, 3.5837e+03, 1.5943e+02, 
 1DIAGNOSTIC,    16, -8.967919459806e-01, 2.651073953396e-04, 3.7425e+03, 1.5879e+02, 
 1DIAGNOSTIC,    17, -8.973086883526e-01, 2.375841261917e-04, 3.8993e+03, 1.5679e+02, 
 1DIAGNOSTIC,    18, -8.978366499426e-01, 2.151138771986e-04, 4.0529e+03, 1.5365e+02, 
 1DIAGNOSTIC,    19, -8.983791533022e-01, 1.969855842296e-04, 4.2165e+03, 1.6354e+02, 
 1DIAGNOSTIC,    20, -8.989336490851e-01, 1.820273097598e-04, 4.3763e+03, 1.5985e+02, 
  Elapsed time (stage 0): 4377.61


Total elapsed time: 4377.61
