
##########################
# Experiment information #
##########################

EXPERIMENT_NAME: antsRegistration-r7-p12
VFC_BACKENDS: libinterflop_vprec.so --range-binary32=7 --precision-binary32=12 --range-binary64=7 --precision-binary64=12

SIF_IMG: /home/mdugre/projects/rrg-glatard/mdugre/containers/ants-vprec-no_metrics.simg

SUBJECT_ID: s014
INPUT_IMG: /home/mdugre/scratch/mri-registration-rp/datasets/ds004513/derivatives/mri-registration-rp/antsBrainExtraction/sub-s014/BrainExtractionBrain.nii.gz
OUTPUT_DIR: /home/mdugre/scratch/mri-registration-rp/datasets/ds004513/derivatives/mri-registration-rp/0100/antsRegistration-r7-p12/sub-s014

FIXED_IMG: /templateflow/tpl-MNI152NLin2009cAsym/tpl-MNI152NLin2009cAsym_res-01_desc-brain_T1w.nii.gz
DATA_DIR: /home/mdugre/scratch/mri-registration-rp/datasets/ds004513
TEMPLATEFLOW_DIR: /home/mdugre/projects/rrg-glatard/mdugre/templateflow
ITK_GLOBAL_DEFAULT_NUMBER_OF_THREADS: 16
##########################

Info [verificarlo]: loaded backend libinterflop_ieee.so
Info [interflop-ieee]: load backend with:
Info [interflop-ieee]: debug = false
Info [interflop-ieee]: debug-binary = false
Info [interflop-ieee]: no-backend-name = false
Info [interflop-ieee]: print-new-line = false
Info [interflop-ieee]: print-subnormal-normalized = false
Info [interflop-ieee]: count-op = false
All_Command_lines_OK
Using double precision for computations.
=============================================================================
The composite transform comprises the following transforms (in order): 
  1. Center of mass alignment using fixed image: /templateflow/tpl-MNI152NLin2009cAsym/tpl-MNI152NLin2009cAsym_res-01_desc-brain_T1w.nii.gz and moving image: /home/mdugre/scratch/mri-registration-rp/datasets/ds004513/derivatives/mri-registration-rp/antsBrainExtraction/sub-s014/BrainExtractionBrain.nii.gz (type = Euler3DTransform)
=============================================================================
  number of levels = 1
  fixed image: /templateflow/tpl-MNI152NLin2009cAsym/tpl-MNI152NLin2009cAsym_res-01_desc-brain_T1w.nii.gz
  moving image: /home/mdugre/scratch/mri-registration-rp/datasets/ds004513/derivatives/mri-registration-rp/antsBrainExtraction/sub-s014/BrainExtractionBrain.nii.gz
Dimension = 3
Number of stages = 1
Use histogram matching = false
Winsorize image intensities = true
  Lower quantile = 0.005
  Upper quantile = 0.995


Stage 1 State
   Image metric = MattesMI
     Fixed image = Image (0x4fcde70)
  RTTI typeinfo:   itk::Image<double, 3u>
  Reference Count: 2
  Modified Time: 2334
  Debug: Off
  Object Name: 
  Observers: 
    none
  Source: (none)
  Source output name: (none)
  Release Data: Off
  Data Released: False
  Global Release Data: Off
  PipelineMTime: 0
  UpdateMTime: 1943
  RealTimeStamp: 0 seconds 
  LargestPossibleRegion: 
    Dimension: 3
    Index: [0, 0, 0]
    Size: [193, 229, 193]
  BufferedRegion: 
    Dimension: 3
    Index: [0, 0, 0]
    Size: [193, 229, 193]
  RequestedRegion: 
    Dimension: 3
    Index: [0, 0, 0]
    Size: [193, 229, 193]
  Spacing: [1, 1, 1]
  Origin: [96, 132, -78]
  Direction: 
-1 0 0
0 -1 0
0 0 1

  IndexToPointMatrix: 
-1 0 0
0 -1 0
0 0 1

  PointToIndexMatrix: 
-1 0 0
0 -1 0
0 0 1

  Inverse Direction: 
-1 0 0
0 -1 0
0 0 1

  PixelContainer: 
    ImportImageContainer (0x4fda140)
      RTTI typeinfo:   itk::ImportImageContainer<unsigned long, double>
      Reference Count: 1
      Modified Time: 1940
      Debug: Off
      Object Name: 
      Observers: 
        none
      Pointer: 0x149ce7526010
      Container manages memory: true
      Size: 8530021
      Capacity: 8530021

     Moving image = Image (0x4fd7310)
  RTTI typeinfo:   itk::Image<double, 3u>
  Reference Count: 2
  Modified Time: 2335
  Debug: Off
  Object Name: 
  Observers: 
    none
  Source: (none)
  Source output name: (none)
  Release Data: Off
  Data Released: False
  Global Release Data: Off
  PipelineMTime: 0
  UpdateMTime: 2332
  RealTimeStamp: 0 seconds 
  LargestPossibleRegion: 
    Dimension: 3
    Index: [0, 0, 0]
    Size: [160, 240, 256]
  BufferedRegion: 
    Dimension: 3
    Index: [0, 0, 0]
    Size: [160, 240, 256]
  RequestedRegion: 
    Dimension: 3
    Index: [0, 0, 0]
    Size: [160, 240, 256]
  Spacing: [0.999999, 1, 1]
  Origin: [84.1637, 106.709, -120.531]
  Direction: 
-0.999619 -0.0226874 -0.0157033
0.0226846 -0.999743 0.00035635
-0.0157073 -7.8229e-09 0.999877

  IndexToPointMatrix: 
-0.999619 -0.0226874 -0.0157033
0.0226845 -0.999743 0.00035635
-0.0157073 -7.8229e-09 0.999877

  PointToIndexMatrix: 
-0.99962 0.0226846 -0.0157073
-0.0226874 -0.999743 -7.83127e-09
-0.0157033 0.00035635 0.999877

  Inverse Direction: 
-0.999619 0.0226846 -0.0157073
-0.0226874 -0.999743 -7.83127e-09
-0.0157033 0.00035635 0.999877

  PixelContainer: 
    ImportImageContainer (0x5102610)
      RTTI typeinfo:   itk::ImportImageContainer<unsigned long, double>
      Reference Count: 1
      Modified Time: 2329
      Debug: Off
      Object Name: 
      Observers: 
        none
      Pointer: 0x149ce2a25010
      Container manages memory: true
      Size: 9830400
      Capacity: 9830400

     Weighting = 1
     Sampling strategy = regular
     Number of bins = 32
     Radius = 4
     Sampling percentage  = 0.25
   Transform = Rigid
     Gradient step = 0.1
     Update field sigma (voxel space) = 0
     Total field sigma (voxel space) = 0
     Update field time sigma = 0
     Total field time sigma  = 0
     Number of time indices = 0
     Number of time point samples = 0
Registration using 1 total stages.

Stage 0
  iterations = 0
  convergence threshold = 1e-06
  convergence window size = 10
  number of levels = 1
  using the Mattes MI metric (number of bins = 32, weight = 1, use gradient filter = 0)
  preprocessing:  winsorizing the image intensities
  Shrink factors (level 1 out of 1): [1, 1, 1]
  smoothing sigmas per level: [0]
  regular sampling (percentage = 0.25)

*** Running Euler3DTransform registration ***

  Elapsed time (stage 0): 1.13737


Total elapsed time: 1.14239
Info [verificarlo]: loaded backend libinterflop_vprec.so
Info [interflop-vprec]: load backend with: 
Info [interflop-vprec]: precision-binary32 = 12
Info [interflop-vprec]: range-binary32 = 7
Info [interflop-vprec]: precision-binary64 = 12
Info [interflop-vprec]: range-binary64 = 7
Info [interflop-vprec]: mode = ob
Info [interflop-vprec]: error-mode = rel
Info [interflop-vprec]: max-abs-error-exponent = -1022
Info [interflop-vprec]: daz = false
Info [interflop-vprec]: ftz = false
Info [interflop-vprec]: 	instrument = none
Info [interflop-vprec]: 	prec-input-file = (null)
Info [interflop-vprec]: 	prec-output-file = (null)
Info [interflop-vprec]: 	prec-log-file = (null)
All_Command_lines_OK
Using double precision for computations.
=============================================================================
The composite transform comprises the following transforms (in order): 
  1. /home/mdugre/scratch/mri-registration-rp/datasets/ds004513/derivatives/mri-registration-rp/0100/antsRegistration-r7-p12/sub-s014/align_Composite.h5[0] (type = Euler3DTransform)
  2. /home/mdugre/scratch/mri-registration-rp/datasets/ds004513/derivatives/mri-registration-rp/0100/antsRegistration-r7-p12/sub-s014/align_Composite.h5[1] (type = Euler3DTransform)
=============================================================================
  number of levels = 4
  fixed image: /templateflow/tpl-MNI152NLin2009cAsym/tpl-MNI152NLin2009cAsym_res-01_desc-brain_T1w.nii.gz
  moving image: /home/mdugre/scratch/mri-registration-rp/datasets/ds004513/derivatives/mri-registration-rp/antsBrainExtraction/sub-s014/BrainExtractionBrain.nii.gz
Dimension = 3
Number of stages = 1
Use histogram matching = false
Winsorize image intensities = true
  Lower quantile = 0.005
  Upper quantile = 0.995


Stage 1 State
   Image metric = MattesMI
     Fixed image = Image (0x3af11e0)
  RTTI typeinfo:   itk::Image<double, 3u>
  Reference Count: 2
  Modified Time: 1578
  Debug: Off
  Object Name: 
  Observers: 
    none
  Source: (none)
  Source output name: (none)
  Release Data: Off
  Data Released: False
  Global Release Data: Off
  PipelineMTime: 0
  UpdateMTime: 1189
  RealTimeStamp: 0 seconds 
  LargestPossibleRegion: 
    Dimension: 3
    Index: [0, 0, 0]
    Size: [193, 229, 193]
  BufferedRegion: 
    Dimension: 3
    Index: [0, 0, 0]
    Size: [193, 229, 193]
  RequestedRegion: 
    Dimension: 3
    Index: [0, 0, 0]
    Size: [193, 229, 193]
  Spacing: [1, 1, 1]
  Origin: [96, 132, -78]
  Direction: 
-1 0 0
0 -1 0
0 0 1

  IndexToPointMatrix: 
-1 0 0
0 -1 0
0 0 1

  PointToIndexMatrix: 
-1 0 0
0 -1 0
0 0 1

  Inverse Direction: 
-1 0 0
0 -1 0
0 0 1

  PixelContainer: 
    ImportImageContainer (0x3bb0680)
      RTTI typeinfo:   itk::ImportImageContainer<unsigned long, double>
      Reference Count: 1
      Modified Time: 1186
      Debug: Off
      Object Name: 
      Observers: 
        none
      Pointer: 0x14a2896d6010
      Container manages memory: true
      Size: 8530021
      Capacity: 8530021

     Moving image = Image (0x3bacb20)
  RTTI typeinfo:   itk::Image<double, 3u>
  Reference Count: 2
  Modified Time: 1579
  Debug: Off
  Object Name: 
  Observers: 
    none
  Source: (none)
  Source output name: (none)
  Release Data: Off
  Data Released: False
  Global Release Data: Off
  PipelineMTime: 0
  UpdateMTime: 1576
  RealTimeStamp: 0 seconds 
  LargestPossibleRegion: 
    Dimension: 3
    Index: [0, 0, 0]
    Size: [160, 240, 256]
  BufferedRegion: 
    Dimension: 3
    Index: [0, 0, 0]
    Size: [160, 240, 256]
  RequestedRegion: 
    Dimension: 3
    Index: [0, 0, 0]
    Size: [160, 240, 256]
  Spacing: [1, 1, 1]
  Origin: [84.1562, 106.703, -120.531]
  Direction: 
-0.999634 -0.022686 -0.0157051
0.0226898 -0.999756 0.000356376
-0.0157127 -2.98023e-08 0.999878

  IndexToPointMatrix: 
-0.999634 -0.022686 -0.0157051
0.0226898 -0.999756 0.000356376
-0.0157127 -2.98023e-08 0.999878

  PointToIndexMatrix: 
-0.999512 0.0226898 -0.0157127
-0.022686 -0.999512 -0.000183105
-0.0157089 0.000427246 0.999878

  Inverse Direction: 
-0.999512 0.0226898 -0.0157127
-0.022686 -0.999512 -0.000183105
-0.0157089 0.000427246 0.999878

  PixelContainer: 
    ImportImageContainer (0x3c15d50)
      RTTI typeinfo:   itk::ImportImageContainer<unsigned long, double>
      Reference Count: 1
      Modified Time: 1573
      Debug: Off
      Object Name: 
      Observers: 
        none
      Pointer: 0x14a284bd5010
      Container manages memory: true
      Size: 9830400
      Capacity: 9830400

     Weighting = 1
     Sampling strategy = regular
     Number of bins = 32
     Radius = 4
     Sampling percentage  = 0.25
   Transform = Rigid
     Gradient step = 0.1
     Update field sigma (voxel space) = 0
     Total field sigma (voxel space) = 0
     Update field time sigma = 0
     Total field time sigma  = 0
     Number of time indices = 0
     Number of time point samples = 0
Registration using 1 total stages.

Stage 0
  iterations = 1000x500x250x100
  convergence threshold = 1e-06
  convergence window size = 10
  number of levels = 4
  using the Mattes MI metric (number of bins = 32, weight = 1, use gradient filter = 0)
  preprocessing:  winsorizing the image intensities
  Shrink factors (level 1 out of 4): [8, 8, 8]
  Shrink factors (level 2 out of 4): [4, 4, 4]
  Shrink factors (level 3 out of 4): [2, 2, 2]
  Shrink factors (level 4 out of 4): [1, 1, 1]
  smoothing sigmas per level: [3, 2, 1, 0]
  regular sampling (percentage = 0.25)

*** Running Euler3DTransform registration ***

DIAGNOSTIC,Iteration,metricValue,convergenceValue,ITERATION_TIME_INDEX,SINCE_LAST
 2DIAGNOSTIC,     1, -4.780413297750e-01, 1.797693134862e+308, 0.0000e+00, 0.0000e+00, 
 2DIAGNOSTIC,     2, -4.790234076295e-01, 1.797693134862e+308, 0.0000e+00, 0.0000e+00, 
 2DIAGNOSTIC,     3, -4.811905827533e-01, 1.797693134862e+308, 0.0000e+00, 0.0000e+00, 
 2DIAGNOSTIC,     4, -4.851153052285e-01, 1.797693134862e+308, 0.0000e+00, 0.0000e+00, 
 2DIAGNOSTIC,     5, -4.895873560670e-01, 1.797693134862e+308, 0.0000e+00, 0.0000e+00, 
 2DIAGNOSTIC,     6, -4.946040902790e-01, 1.797693134862e+308, 0.0000e+00, 0.0000e+00, 
 2DIAGNOSTIC,     7, -5.021570921791e-01, 1.797693134862e+308, 0.0000e+00, 0.0000e+00, 
 2DIAGNOSTIC,     8, -5.084162550777e-01, 1.797693134862e+308, 0.0000e+00, 0.0000e+00, 
 2DIAGNOSTIC,     9, -5.109578108998e-01, 1.797693134862e+308, 0.0000e+00, 0.0000e+00, 
 2DIAGNOSTIC,    10, -5.219738116981e-01, 5.728786555447e-03, 0.0000e+00, 0.0000e+00, 
 2DIAGNOSTIC,    11, -5.237732820213e-01, 5.639090627534e-03, 0.0000e+00, 0.0000e+00, 
 2DIAGNOSTIC,    12, -5.247108162785e-01, 5.152642418803e-03, 0.0000e+00, 0.0000e+00, 
 2DIAGNOSTIC,    13, -5.253500301286e-01, 4.405419609730e-03, 0.0000e+00, 0.0000e+00, 
 2DIAGNOSTIC,    14, -5.258892563674e-01, 3.549476525608e-03, 0.0000e+00, 0.0000e+00, 
 2DIAGNOSTIC,    15, -5.259121431342e-01, 2.652698005781e-03, 0.0000e+00, 0.0000e+00, 
 2DIAGNOSTIC,    16, -5.259838932755e-01, 1.802851838194e-03, 0.0000e+00, 0.0000e+00, 
 2DIAGNOSTIC,    17, -5.259885765584e-01, 1.140582335867e-03, 0.0000e+00, 0.0000e+00, 
 2DIAGNOSTIC,    18, -5.259359375679e-01, 6.444699732403e-04, 0.0000e+00, 0.0000e+00, 
 2DIAGNOSTIC,    19, -5.259164872979e-01, 2.084609954058e-04, 0.0000e+00, 0.0000e+00, 
 2DIAGNOSTIC,    20, -5.259218874293e-01, 1.042326459268e-04, 0.0000e+00, 0.0000e+00, 
 2DIAGNOSTIC,    21, -5.259305295819e-01, 4.824749042284e-05, 0.0000e+00, 0.0000e+00, 
 2DIAGNOSTIC,    22, -5.259305295819e-01, 1.653358248235e-05, 0.0000e+00, 0.0000e+00, 
 2DIAGNOSTIC,    23, -5.259305295819e-01, 1.380145355036e-06, 0.0000e+00, 0.0000e+00, 
DIAGNOSTIC,Iteration,metricValue,convergenceValue,ITERATION_TIME_INDEX,SINCE_LAST
 2DIAGNOSTIC,     1, -4.340510907655e-01, 1.797693134862e+308, 0.0000e+00, 0.0000e+00, 
 2DIAGNOSTIC,     2, -4.342727896255e-01, 1.797693134862e+308, 0.0000e+00, 0.0000e+00, 
 2DIAGNOSTIC,     3, -4.346595422455e-01, 1.797693134862e+308, 0.0000e+00, 0.0000e+00, 
 2DIAGNOSTIC,     4, -4.353952845331e-01, 1.797693134862e+308, 0.0000e+00, 0.0000e+00, 
 2DIAGNOSTIC,     5, -4.363408583341e-01, 1.797693134862e+308, 0.0000e+00, 0.0000e+00, 
 2DIAGNOSTIC,     6, -4.378232526305e-01, 1.797693134862e+308, 0.0000e+00, 0.0000e+00, 
 2DIAGNOSTIC,     7, -4.403535565793e-01, 1.797693134862e+308, 0.0000e+00, 0.0000e+00, 
 2DIAGNOSTIC,     8, -4.421037074347e-01, 1.797693134862e+308, 0.0000e+00, 0.0000e+00, 
 2DIAGNOSTIC,     9, -4.443370760260e-01, 1.797693134862e+308, 0.0000e+00, 0.0000e+00, 
 2DIAGNOSTIC,    10, -4.445602325574e-01, 1.759975979978e-03, 0.0000e+00, 0.0000e+00, 
 2DIAGNOSTIC,    11, -4.448013376758e-01, 1.684802181954e-03, 0.0000e+00, 0.0000e+00, 
 2DIAGNOSTIC,    12, -4.451994852796e-01, 1.504510201280e-03, 0.0000e+00, 0.0000e+00, 
 2DIAGNOSTIC,    13, -4.455612440983e-01, 1.252113761901e-03, 0.0000e+00, 0.0000e+00, 
 2DIAGNOSTIC,    14, -4.461267645422e-01, 9.820712227962e-04, 0.0000e+00, 0.0000e+00, 
 2DIAGNOSTIC,    15, -4.462441375708e-01, 7.047445500728e-04, 0.0000e+00, 0.0000e+00, 
 2DIAGNOSTIC,    16, -4.463474894426e-01, 4.615057989281e-04, 0.0000e+00, 0.0000e+00, 
 2DIAGNOSTIC,    17, -4.462445289678e-01, 2.961104677688e-04, 0.0000e+00, 0.0000e+00, 
 2DIAGNOSTIC,    18, -4.462797032848e-01, 1.837925705446e-04, 0.0000e+00, 0.0000e+00, 
 2DIAGNOSTIC,    19, -4.462253625855e-01, 1.400446357657e-04, 0.0000e+00, 0.0000e+00, 
 2DIAGNOSTIC,    20, -4.462642255712e-01, 9.630304418704e-05, 0.0000e+00, 0.0000e+00, 
 2DIAGNOSTIC,    21, -4.463278399399e-01, 5.727544004980e-05, 0.0000e+00, 0.0000e+00, 
 2DIAGNOSTIC,    22, -4.463135126717e-01, 2.778150101985e-05, 0.0000e+00, 0.0000e+00, 
 2DIAGNOSTIC,    23, -4.463422405677e-01, 9.024875526148e-06, 0.0000e+00, 0.0000e+00, 
 2DIAGNOSTIC,    24, -4.463384194754e-01, 6.093588810673e-06, 0.0000e+00, 0.0000e+00, 
 2DIAGNOSTIC,    25, -4.463882655033e-01, 7.165215492738e-06, 0.0000e+00, 0.0000e+00, 
 2DIAGNOSTIC,    26, -4.464000198044e-01, 1.047446199641e-05, 0.0000e+00, 0.0000e+00, 
 2DIAGNOSTIC,    27, -4.464011551190e-01, 1.025148398399e-05, 0.0000e+00, 0.0000e+00, 
 2DIAGNOSTIC,    28, -4.463458648311e-01, 8.835307167873e-06, 0.0000e+00, 0.0000e+00, 
 2DIAGNOSTIC,    29, -4.463449405887e-01, 5.614956030194e-06, 0.0000e+00, 0.0000e+00, 
 2DIAGNOSTIC,    30, -4.463445978640e-01, 2.965218234272e-06, 0.0000e+00, 0.0000e+00, 
 2DIAGNOSTIC,    31, -4.463424986056e-01, 1.588825319254e-06, 0.0000e+00, 0.0000e+00, 
DIAGNOSTIC,Iteration,metricValue,convergenceValue,ITERATION_TIME_INDEX,SINCE_LAST
 2DIAGNOSTIC,     1, -3.906979513244e-01, 1.797693134862e+308, 0.0000e+00, 0.0000e+00, 
 2DIAGNOSTIC,     2, -3.908038880719e-01, 1.797693134862e+308, 0.0000e+00, 0.0000e+00, 
 2DIAGNOSTIC,     3, -3.907648679061e-01, 1.797693134862e+308, 0.0000e+00, 0.0000e+00, 
 2DIAGNOSTIC,     4, -3.907416104115e-01, 1.797693134862e+308, 0.0000e+00, 0.0000e+00, 
 2DIAGNOSTIC,     5, -3.908121055890e-01, 1.797693134862e+308, 0.0000e+00, 0.0000e+00, 
 2DIAGNOSTIC,     6, -3.907992322548e-01, 1.797693134862e+308, 0.0000e+00, 0.0000e+00, 
 2DIAGNOSTIC,     7, -3.908150128694e-01, 1.797693134862e+308, 0.0000e+00, 0.0000e+00, 
 2DIAGNOSTIC,     8, -3.908193119601e-01, 1.797693134862e+308, 0.0000e+00, 0.0000e+00, 
 2DIAGNOSTIC,     9, -3.907910905274e-01, 1.797693134862e+308, 0.0000e+00, 0.0000e+00, 
 2DIAGNOSTIC,    10, -3.907721044953e-01, 1.357262579535e-05, 0.0000e+00, 0.0000e+00, 
 2DIAGNOSTIC,    11, -3.907957936760e-01, 6.098017153636e-06, 0.0000e+00, 0.0000e+00, 
 2DIAGNOSTIC,    12, -3.908331874190e-01, 8.348139437148e-06, 0.0000e+00, 0.0000e+00, 
 2DIAGNOSTIC,    13, -3.908299929486e-01, 7.439184806571e-06, 0.0000e+00, 0.0000e+00, 
 2DIAGNOSTIC,    14, -3.908376364909e-01, 5.419969546464e-06, 0.0000e+00, 0.0000e+00, 
 2DIAGNOSTIC,    15, -3.908637265737e-01, 8.174293955152e-06, 0.0000e+00, 0.0000e+00, 
 2DIAGNOSTIC,    16, -3.908632623702e-01, 9.373109188263e-06, 0.0000e+00, 0.0000e+00, 
 2DIAGNOSTIC,    17, -3.908634239745e-01, 1.042907565752e-05, 0.0000e+00, 0.0000e+00, 
 2DIAGNOSTIC,    18, -3.908633654409e-01, 1.083710352004e-05, 0.0000e+00, 0.0000e+00, 
 2DIAGNOSTIC,    19, -3.908575321355e-01, 9.140690200804e-06, 0.0000e+00, 0.0000e+00, 
 2DIAGNOSTIC,    20, -3.908581294355e-01, 6.264545251183e-06, 0.0000e+00, 0.0000e+00, 
 2DIAGNOSTIC,    21, -3.908578632038e-01, 4.030024507898e-06, 0.0000e+00, 0.0000e+00, 
 2DIAGNOSTIC,    22, -3.908565294807e-01, 3.004066596701e-06, 0.0000e+00, 0.0000e+00, 
 2DIAGNOSTIC,    23, -3.908565133853e-01, 1.854491316816e-06, 0.0000e+00, 0.0000e+00, 
 2DIAGNOSTIC,    24, -3.908568670897e-01, 1.006700720153e-06, 0.0000e+00, 0.0000e+00, 
 2DIAGNOSTIC,    25, -3.908567715095e-01, 1.039822159328e-06, 0.0000e+00, 0.0000e+00, 
 2DIAGNOSTIC,    26, -3.908572241120e-01, 1.115657705934e-06, 0.0000e+00, 0.0000e+00, 
 2DIAGNOSTIC,    27, -3.908609105860e-01, 1.323630092039e-06, 0.0000e+00, 0.0000e+00, 
 2DIAGNOSTIC,    28, -3.908607756678e-01, 1.524140630343e-06, 0.0000e+00, 0.0000e+00, 
 2DIAGNOSTIC,    29, -3.908608272859e-01, 1.552815633570e-06, 0.0000e+00, 0.0000e+00, 
 2DIAGNOSTIC,    30, -3.908621158030e-01, 1.605942487500e-06, 0.0000e+00, 0.0000e+00, 
 2DIAGNOSTIC,    31, -3.908615630757e-01, 1.606320875772e-06, 0.0000e+00, 0.0000e+00, 
 2DIAGNOSTIC,    32, -3.908618436106e-01, 1.548355540407e-06, 0.0000e+00, 0.0000e+00, 
 2DIAGNOSTIC,    33, -3.908619505544e-01, 1.463697655579e-06, 0.0000e+00, 0.0000e+00, 
 2DIAGNOSTIC,    34, -3.908634677273e-01, 1.397717360754e-06, 0.0000e+00, 0.0000e+00, 
 2DIAGNOSTIC,    35, -3.908671252248e-01, 1.384419837391e-06, 0.0000e+00, 0.0000e+00, 
 2DIAGNOSTIC,    36, -3.908677068279e-01, 1.362602598167e-06, 0.0000e+00, 0.0000e+00, 
 2DIAGNOSTIC,    37, -3.908677001116e-01, 1.388516206607e-06, 0.0000e+00, 0.0000e+00, 
 2DIAGNOSTIC,    38, -3.908664073107e-01, 1.354461682434e-06, 0.0000e+00, 0.0000e+00, 
 2DIAGNOSTIC,    39, -3.908665109042e-01, 1.292546500480e-06, 0.0000e+00, 0.0000e+00, 
 2DIAGNOSTIC,    40, -3.908664865113e-01, 1.226984106460e-06, 0.0000e+00, 0.0000e+00, 
 2DIAGNOSTIC,    41, -3.908665439526e-01, 1.130760622688e-06, 0.0000e+00, 0.0000e+00, 
 2DIAGNOSTIC,    42, -3.908664318529e-01, 1.025651591175e-06, 0.0000e+00, 0.0000e+00, 
 2DIAGNOSTIC,    43, -3.908801074392e-01, 1.149245498877e-06, 0.0000e+00, 0.0000e+00, 
 2DIAGNOSTIC,    44, -3.908804491916e-01, 1.266208872988e-06, 0.0000e+00, 0.0000e+00, 
 2DIAGNOSTIC,    45, -3.908803760366e-01, 1.400894597454e-06, 0.0000e+00, 0.0000e+00, 
 2DIAGNOSTIC,    46, -3.908769137052e-01, 1.435924290208e-06, 0.0000e+00, 0.0000e+00, 
 2DIAGNOSTIC,    47, -3.908771530383e-01, 1.417661138828e-06, 0.0000e+00, 0.0000e+00, 
 2DIAGNOSTIC,    48, -3.908769806967e-01, 1.316874332257e-06, 0.0000e+00, 0.0000e+00, 
 2DIAGNOSTIC,    49, -3.908770484514e-01, 1.172352416562e-06, 0.0000e+00, 0.0000e+00, 
DIAGNOSTIC,Iteration,metricValue,convergenceValue,ITERATION_TIME_INDEX,SINCE_LAST
 2DIAGNOSTIC,     1, -3.633129307446e-01, 1.797693134862e+308, 0.0000e+00, 0.0000e+00, 
 2DIAGNOSTIC,     2, -3.633457587752e-01, 1.797693134862e+308, 0.0000e+00, 0.0000e+00, 
 2DIAGNOSTIC,     3, -3.633844390243e-01, 1.797693134862e+308, 0.0000e+00, 0.0000e+00, 
 2DIAGNOSTIC,     4, -3.634145217431e-01, 1.797693134862e+308, 0.0000e+00, 0.0000e+00, 
 2DIAGNOSTIC,     5, -3.634413775822e-01, 1.797693134862e+308, 0.0000e+00, 0.0000e+00, 
 2DIAGNOSTIC,     6, -3.634379876023e-01, 1.797693134862e+308, 0.0000e+00, 0.0000e+00, 
 2DIAGNOSTIC,     7, -3.633988086875e-01, 1.797693134862e+308, 0.0000e+00, 0.0000e+00, 
 2DIAGNOSTIC,     8, -3.634351071112e-01, 1.797693134862e+308, 0.0000e+00, 0.0000e+00, 
 2DIAGNOSTIC,     9, -3.634330343782e-01, 1.797693134862e+308, 0.0000e+00, 0.0000e+00, 
 2DIAGNOSTIC,    10, -3.634237295723e-01, 2.066864830315e-05, 0.0000e+00, 0.0000e+00, 
 2DIAGNOSTIC,    11, -3.634136333226e-01, 1.104479470669e-05, 0.0000e+00, 0.0000e+00, 
 2DIAGNOSTIC,    12, -3.634987866110e-01, 1.006300233508e-05, 0.0000e+00, 0.0000e+00, 
 2DIAGNOSTIC,    13, -3.635591059702e-01, 1.434478324421e-05, 0.0000e+00, 0.0000e+00, 
 2DIAGNOSTIC,    14, -3.636009029652e-01, 2.086482059643e-05, 0.0000e+00, 0.0000e+00, 
 2DIAGNOSTIC,    15, -3.636385902571e-01, 2.829693481828e-05, 0.0000e+00, 0.0000e+00, 
 2DIAGNOSTIC,    16, -3.636433231102e-01, 3.259617883733e-05, 0.0000e+00, 0.0000e+00, 
 2DIAGNOSTIC,    17, -3.636192824864e-01, 3.061954245114e-05, 0.0000e+00, 0.0000e+00, 
 2DIAGNOSTIC,    18, -3.635993484776e-01, 2.694029985760e-05, 0.0000e+00, 0.0000e+00, 
 2DIAGNOSTIC,    19, -3.636521599165e-01, 2.347270425414e-05, 0.0000e+00, 0.0000e+00, 
 2DIAGNOSTIC,    20, -3.636289170631e-01, 1.706282115321e-05, 0.0000e+00, 0.0000e+00, 
 2DIAGNOSTIC,    21, -3.636833710859e-01, 1.149908867561e-05, 0.0000e+00, 0.0000e+00, 
 2DIAGNOSTIC,    22, -3.636629057292e-01, 7.798915941444e-06, 0.0000e+00, 0.0000e+00, 
 2DIAGNOSTIC,    23, -3.637100894953e-01, 7.524406841569e-06, 0.0000e+00, 0.0000e+00, 
 2DIAGNOSTIC,    24, -3.637455764658e-01, 9.150131021589e-06, 0.0000e+00, 0.0000e+00, 
 2DIAGNOSTIC,    25, -3.637669491620e-01, 1.173685531011e-05, 0.0000e+00, 0.0000e+00, 
 2DIAGNOSTIC,    26, -3.638142768389e-01, 1.476592539215e-05, 0.0000e+00, 0.0000e+00, 
 2DIAGNOSTIC,    27, -3.638489995373e-01, 1.663724400033e-05, 0.0000e+00, 0.0000e+00, 
 2DIAGNOSTIC,    28, -3.638161327006e-01, 1.541587818291e-05, 0.0000e+00, 0.0000e+00, 
 2DIAGNOSTIC,    29, -3.638841518945e-01, 1.627147895829e-05, 0.0000e+00, 0.0000e+00, 
 2DIAGNOSTIC,    30, -3.638736193122e-01, 1.468702233415e-05, 0.0000e+00, 0.0000e+00, 
 2DIAGNOSTIC,    31, -3.639087477830e-01, 1.422882865774e-05, 0.0000e+00, 0.0000e+00, 
 2DIAGNOSTIC,    32, -3.639306769762e-01, 1.257498274177e-05, 0.0000e+00, 0.0000e+00, 
 2DIAGNOSTIC,    33, -3.639418573894e-01, 1.132128867180e-05, 0.0000e+00, 0.0000e+00, 
 2DIAGNOSTIC,    34, -3.639127577072e-01, 9.326457384166e-06, 0.0000e+00, 0.0000e+00, 
 2DIAGNOSTIC,    35, -3.639703570699e-01, 8.423211218425e-06, 0.0000e+00, 0.0000e+00, 
 2DIAGNOSTIC,    36, -3.639942648747e-01, 8.361609247189e-06, 0.0000e+00, 0.0000e+00, 
 2DIAGNOSTIC,    37, -3.639672495572e-01, 7.785425968757e-06, 0.0000e+00, 0.0000e+00, 
 2DIAGNOSTIC,    38, -3.640325236668e-01, 7.271062409112e-06, 0.0000e+00, 0.0000e+00, 
 2DIAGNOSTIC,    39, -3.640595797519e-01, 8.082640469323e-06, 0.0000e+00, 0.0000e+00, 
 2DIAGNOSTIC,    40, -3.640975839529e-01, 8.676549913541e-06, 0.0000e+00, 0.0000e+00, 
 2DIAGNOSTIC,    41, -3.641389570778e-01, 9.941496619519e-06, 0.0000e+00, 0.0000e+00, 
 2DIAGNOSTIC,    42, -3.641346447244e-01, 1.061678385476e-05, 0.0000e+00, 0.0000e+00, 
 2DIAGNOSTIC,    43, -3.641485210189e-01, 1.082732245145e-05, 0.0000e+00, 0.0000e+00, 
 2DIAGNOSTIC,    44, -3.641478997399e-01, 9.508755910739e-06, 0.0000e+00, 0.0000e+00, 
 2DIAGNOSTIC,    45, -3.641720745667e-01, 8.830877082717e-06, 0.0000e+00, 0.0000e+00, 
 2DIAGNOSTIC,    46, -3.642093126090e-01, 8.470562633717e-06, 0.0000e+00, 0.0000e+00, 
 2DIAGNOSTIC,    47, -3.642215124163e-01, 7.118489005802e-06, 0.0000e+00, 0.0000e+00, 
 2DIAGNOSTIC,    48, -3.642350452529e-01, 6.513137841981e-06, 0.0000e+00, 0.0000e+00, 
 2DIAGNOSTIC,    49, -3.642525776920e-01, 6.089997098068e-06, 0.0000e+00, 0.0000e+00, 
 2DIAGNOSTIC,    50, -3.642667301758e-01, 5.964359707511e-06, 0.0000e+00, 0.0000e+00, 
 2DIAGNOSTIC,    51, -3.641951260353e-01, 4.876161151437e-06, 0.0000e+00, 0.0000e+00, 
 2DIAGNOSTIC,    52, -3.642666209144e-01, 4.475684464933e-06, 0.0000e+00, 0.0000e+00, 
 2DIAGNOSTIC,    53, -3.642996484221e-01, 4.392749903801e-06, 0.0000e+00, 0.0000e+00, 
 2DIAGNOSTIC,    54, -3.642726850252e-01, 3.538074202992e-06, 0.0000e+00, 0.0000e+00, 
 2DIAGNOSTIC,    55, -3.642826841477e-01, 2.951741863280e-06, 0.0000e+00, 0.0000e+00, 
 2DIAGNOSTIC,    56, -3.642543507907e-01, 2.307390347817e-06, 0.0000e+00, 0.0000e+00, 
 2DIAGNOSTIC,    57, -3.642802222805e-01, 2.045238810752e-06, 0.0000e+00, 0.0000e+00, 
 2DIAGNOSTIC,    58, -3.642901364741e-01, 1.934508657955e-06, 0.0000e+00, 0.0000e+00, 
 2DIAGNOSTIC,    59, -3.642533518300e-01, 1.447678869927e-06, 0.0000e+00, 0.0000e+00, 
 2DIAGNOSTIC,    60, -3.643191137842e-01, 2.007513959800e-06, 0.0000e+00, 0.0000e+00, 
 2DIAGNOSTIC,    61, -3.643255384172e-01, 1.533432533979e-06, 0.0000e+00, 0.0000e+00, 
 2DIAGNOSTIC,    62, -3.643301776128e-01, 1.928969778527e-06, 0.0000e+00, 0.0000e+00, 
 2DIAGNOSTIC,    63, -3.643771643844e-01, 3.194760615711e-06, 0.0000e+00, 0.0000e+00, 
 2DIAGNOSTIC,    64, -3.643805718273e-01, 3.872254090220e-06, 0.0000e+00, 0.0000e+00, 
 2DIAGNOSTIC,    65, -3.644106882082e-01, 4.706404501176e-06, 0.0000e+00, 0.0000e+00, 
 2DIAGNOSTIC,    66, -3.644208956765e-01, 4.885377742531e-06, 0.0000e+00, 0.0000e+00, 
 2DIAGNOSTIC,    67, -3.644479645595e-01, 5.264149403963e-06, 0.0000e+00, 0.0000e+00, 
 2DIAGNOSTIC,    68, -3.644669126156e-01, 5.522871814405e-06, 0.0000e+00, 0.0000e+00, 
 2DIAGNOSTIC,    69, -3.644410859681e-01, 4.564037162822e-06, 0.0000e+00, 0.0000e+00, 
 2DIAGNOSTIC,    70, -3.644287607566e-01, 3.859489445842e-06, 0.0000e+00, 0.0000e+00, 
 2DIAGNOSTIC,    71, -3.644599081028e-01, 3.274245018432e-06, 0.0000e+00, 0.0000e+00, 
 2DIAGNOSTIC,    72, -3.645047403692e-01, 2.947909638272e-06, 0.0000e+00, 0.0000e+00, 
 2DIAGNOSTIC,    73, -3.645054436056e-01, 2.897612729355e-06, 0.0000e+00, 0.0000e+00, 
 2DIAGNOSTIC,    74, -3.645032952002e-01, 2.645635697275e-06, 0.0000e+00, 0.0000e+00, 
 2DIAGNOSTIC,    75, -3.645031810174e-01, 2.521824044404e-06, 0.0000e+00, 0.0000e+00, 
 2DIAGNOSTIC,    76, -3.645031051158e-01, 2.295211875412e-06, 0.0000e+00, 0.0000e+00, 
 2DIAGNOSTIC,    77, -3.644523585519e-01, 1.642240843718e-06, 0.0000e+00, 0.0000e+00, 
 2DIAGNOSTIC,    78, -3.644533492103e-01, 1.119428824772e-06, 0.0000e+00, 0.0000e+00, 
  Elapsed time (stage 0): 0.0000e+00


Total elapsed time: 0.0000e+00
Info [verificarlo]: loaded backend libinterflop_ieee.so
Info [interflop-ieee]: load backend with:
Info [interflop-ieee]: debug = false
Info [interflop-ieee]: debug-binary = false
Info [interflop-ieee]: no-backend-name = false
Info [interflop-ieee]: print-new-line = false
Info [interflop-ieee]: print-subnormal-normalized = false
Info [interflop-ieee]: count-op = false
All_Command_lines_OK
Using double precision for computations.
=============================================================================
The composite transform comprises the following transforms (in order): 
  1. /home/mdugre/scratch/mri-registration-rp/datasets/ds004513/derivatives/mri-registration-rp/0100/antsRegistration-r7-p12/sub-s014/rigid_Composite.h5[0] (type = Euler3DTransform)
  2. /home/mdugre/scratch/mri-registration-rp/datasets/ds004513/derivatives/mri-registration-rp/0100/antsRegistration-r7-p12/sub-s014/rigid_Composite.h5[1] (type = Euler3DTransform)
  3. /home/mdugre/scratch/mri-registration-rp/datasets/ds004513/derivatives/mri-registration-rp/0100/antsRegistration-r7-p12/sub-s014/rigid_Composite.h5[2] (type = Euler3DTransform)
=============================================================================
  number of levels = 4
  fixed image: /templateflow/tpl-MNI152NLin2009cAsym/tpl-MNI152NLin2009cAsym_res-01_desc-brain_T1w.nii.gz
  moving image: /home/mdugre/scratch/mri-registration-rp/datasets/ds004513/derivatives/mri-registration-rp/antsBrainExtraction/sub-s014/BrainExtractionBrain.nii.gz
Dimension = 3
Number of stages = 1
Use histogram matching = false
Winsorize image intensities = true
  Lower quantile = 0.005
  Upper quantile = 0.995


Stage 1 State
   Image metric = MattesMI
     Fixed image = Image (0x51137e0)
  RTTI typeinfo:   itk::Image<double, 3u>
  Reference Count: 2
  Modified Time: 1594
  Debug: Off
  Object Name: 
  Observers: 
    none
  Source: (none)
  Source output name: (none)
  Release Data: Off
  Data Released: False
  Global Release Data: Off
  PipelineMTime: 0
  UpdateMTime: 1203
  RealTimeStamp: 0 seconds 
  LargestPossibleRegion: 
    Dimension: 3
    Index: [0, 0, 0]
    Size: [193, 229, 193]
  BufferedRegion: 
    Dimension: 3
    Index: [0, 0, 0]
    Size: [193, 229, 193]
  RequestedRegion: 
    Dimension: 3
    Index: [0, 0, 0]
    Size: [193, 229, 193]
  Spacing: [1, 1, 1]
  Origin: [96, 132, -78]
  Direction: 
-1 0 0
0 -1 0
0 0 1

  IndexToPointMatrix: 
-1 0 0
0 -1 0
0 0 1

  PointToIndexMatrix: 
-1 0 0
0 -1 0
0 0 1

  Inverse Direction: 
-1 0 0
0 -1 0
0 0 1

  PixelContainer: 
    ImportImageContainer (0x51d3a20)
      RTTI typeinfo:   itk::ImportImageContainer<unsigned long, double>
      Reference Count: 1
      Modified Time: 1200
      Debug: Off
      Object Name: 
      Observers: 
        none
      Pointer: 0x146de80b0010
      Container manages memory: true
      Size: 8530021
      Capacity: 8530021

     Moving image = Image (0x5188e20)
  RTTI typeinfo:   itk::Image<double, 3u>
  Reference Count: 2
  Modified Time: 1595
  Debug: Off
  Object Name: 
  Observers: 
    none
  Source: (none)
  Source output name: (none)
  Release Data: Off
  Data Released: False
  Global Release Data: Off
  PipelineMTime: 0
  UpdateMTime: 1592
  RealTimeStamp: 0 seconds 
  LargestPossibleRegion: 
    Dimension: 3
    Index: [0, 0, 0]
    Size: [160, 240, 256]
  BufferedRegion: 
    Dimension: 3
    Index: [0, 0, 0]
    Size: [160, 240, 256]
  RequestedRegion: 
    Dimension: 3
    Index: [0, 0, 0]
    Size: [160, 240, 256]
  Spacing: [0.999999, 1, 1]
  Origin: [84.1637, 106.709, -120.531]
  Direction: 
-0.999619 -0.0226874 -0.0157033
0.0226846 -0.999743 0.00035635
-0.0157073 -7.8229e-09 0.999877

  IndexToPointMatrix: 
-0.999619 -0.0226874 -0.0157033
0.0226845 -0.999743 0.00035635
-0.0157073 -7.8229e-09 0.999877

  PointToIndexMatrix: 
-0.99962 0.0226846 -0.0157073
-0.0226874 -0.999743 -7.83127e-09
-0.0157033 0.00035635 0.999877

  Inverse Direction: 
-0.999619 0.0226846 -0.0157073
-0.0226874 -0.999743 -7.83127e-09
-0.0157033 0.00035635 0.999877

  PixelContainer: 
    ImportImageContainer (0x5222550)
      RTTI typeinfo:   itk::ImportImageContainer<unsigned long, double>
      Reference Count: 1
      Modified Time: 1589
      Debug: Off
      Object Name: 
      Observers: 
        none
      Pointer: 0x146de35af010
      Container manages memory: true
      Size: 9830400
      Capacity: 9830400

     Weighting = 1
     Sampling strategy = regular
     Number of bins = 32
     Radius = 4
     Sampling percentage  = 0.25
   Transform = Affine
     Gradient step = 0.1
     Update field sigma (voxel space) = 0
     Total field sigma (voxel space) = 0
     Update field time sigma = 0
     Total field time sigma  = 0
     Number of time indices = 0
     Number of time point samples = 0
Registration using 1 total stages.

Stage 0
  iterations = 1000x500x250x100
  convergence threshold = 1e-06
  convergence window size = 10
  number of levels = 4
  using the Mattes MI metric (number of bins = 32, weight = 1, use gradient filter = 0)
  preprocessing:  winsorizing the image intensities
  Shrink factors (level 1 out of 4): [8, 8, 8]
  Shrink factors (level 2 out of 4): [4, 4, 4]
  Shrink factors (level 3 out of 4): [2, 2, 2]
  Shrink factors (level 4 out of 4): [1, 1, 1]
  smoothing sigmas per level: [3, 2, 1, 0]
  regular sampling (percentage = 0.25)

*** Running AffineTransform registration ***

DIAGNOSTIC,Iteration,metricValue,convergenceValue,ITERATION_TIME_INDEX,SINCE_LAST
 2DIAGNOSTIC,     1, -5.295494716115e-01, 1.797693134862e+308, 7.4526e-01, 7.4526e-01, 
 2DIAGNOSTIC,     2, -5.314112693551e-01, 1.797693134862e+308, 7.5089e-01, 5.6329e-03, 
 2DIAGNOSTIC,     3, -5.346551343418e-01, 1.797693134862e+308, 7.5617e-01, 5.2760e-03, 
 2DIAGNOSTIC,     4, -5.411554126413e-01, 1.797693134862e+308, 7.6118e-01, 5.0189e-03, 
 2DIAGNOSTIC,     5, -5.551726780641e-01, 1.797693134862e+308, 7.6625e-01, 5.0671e-03, 
 2DIAGNOSTIC,     6, -5.730720417981e-01, 1.797693134862e+308, 7.7136e-01, 5.1091e-03, 
 2DIAGNOSTIC,     7, -6.011706227333e-01, 1.797693134862e+308, 7.7659e-01, 5.2259e-03, 
 2DIAGNOSTIC,     8, -6.486384864993e-01, 1.797693134862e+308, 7.8256e-01, 5.9750e-03, 
 2DIAGNOSTIC,     9, -6.819712036040e-01, 1.797693134862e+308, 7.9055e-01, 7.9870e-03, 
 2DIAGNOSTIC,    10, -6.921234197903e-01, 1.955447229746e-02, 7.9608e-01, 5.5311e-03, 
 2DIAGNOSTIC,    11, -7.186113794511e-01, 2.030126795418e-02, 8.0160e-01, 5.5180e-03, 
 2DIAGNOSTIC,    12, -7.474562421561e-01, 2.019932155343e-02, 8.0717e-01, 5.5690e-03, 
 2DIAGNOSTIC,    13, -7.687300979895e-01, 1.909427292678e-02, 8.1343e-01, 6.2590e-03, 
 2DIAGNOSTIC,    14, -7.811260391063e-01, 1.704371521166e-02, 8.2240e-01, 8.9729e-03, 
 2DIAGNOSTIC,    15, -7.824727258567e-01, 1.425715881909e-02, 8.2789e-01, 5.4960e-03, 
 2DIAGNOSTIC,    16, -7.866046353719e-01, 1.119536329522e-02, 8.3350e-01, 5.6081e-03, 
 2DIAGNOSTIC,    17, -7.898749520855e-01, 8.297964624639e-03, 8.3900e-01, 5.4991e-03, 
 2DIAGNOSTIC,    18, -7.946332941743e-01, 6.228886816389e-03, 8.4446e-01, 5.4569e-03, 
 2DIAGNOSTIC,    19, -7.986732093276e-01, 4.673024517569e-03, 8.5202e-01, 7.5591e-03, 
 2DIAGNOSTIC,    20, -8.015183232910e-01, 3.135607757423e-03, 8.5814e-01, 6.1259e-03, 
 2DIAGNOSTIC,    21, -8.019367570007e-01, 1.999796196955e-03, 8.6427e-01, 6.1228e-03, 
 2DIAGNOSTIC,    22, -8.020660206231e-01, 1.329525076022e-03, 8.7038e-01, 6.1090e-03, 
 2DIAGNOSTIC,    23, -8.026586022525e-01, 9.837274990449e-04, 8.7667e-01, 6.2900e-03, 
 2DIAGNOSTIC,    24, -8.026498473143e-01, 7.873696492160e-04, 8.8300e-01, 6.3319e-03, 
 2DIAGNOSTIC,    25, -8.050869566315e-01, 5.953349229766e-04, 8.9282e-01, 9.8221e-03, 
 2DIAGNOSTIC,    26, -8.057049939075e-01, 4.367650914622e-04, 8.9846e-01, 5.6391e-03, 
 2DIAGNOSTIC,    27, -8.068580659710e-01, 3.152817415064e-04, 9.0411e-01, 5.6481e-03, 
 2DIAGNOSTIC,    28, -8.084935957406e-01, 2.634947618421e-04, 9.0960e-01, 5.4951e-03, 
 2DIAGNOSTIC,    29, -8.108172464646e-01, 2.760744600866e-04, 9.1503e-01, 5.4259e-03, 
 2DIAGNOSTIC,    30, -8.137773201255e-01, 3.368200969410e-04, 9.2041e-01, 5.3852e-03, 
 2DIAGNOSTIC,    31, -8.181048309560e-01, 4.206742303556e-04, 9.2585e-01, 5.4400e-03, 
 2DIAGNOSTIC,    32, -8.239994079848e-01, 5.315478165121e-04, 9.3128e-01, 5.4269e-03, 
 2DIAGNOSTIC,    33, -8.336506635273e-01, 7.040328437065e-04, 9.3678e-01, 5.5008e-03, 
 2DIAGNOSTIC,    34, -8.373160483271e-01, 8.372937512215e-04, 9.4661e-01, 9.8300e-03, 
 2DIAGNOSTIC,    35, -8.381916861580e-01, 9.197512348813e-04, 9.5375e-01, 7.1390e-03, 
 2DIAGNOSTIC,    36, -8.381676301254e-01, 9.173167984589e-04, 9.5986e-01, 6.1109e-03, 
 2DIAGNOSTIC,    37, -8.381255996687e-01, 8.390590230097e-04, 9.6592e-01, 6.0561e-03, 
 2DIAGNOSTIC,    38, -8.379691545797e-01, 6.992381795316e-04, 9.7132e-01, 5.4052e-03, 
 2DIAGNOSTIC,    39, -8.380986624165e-01, 5.246127996867e-04, 9.7735e-01, 6.0251e-03, 
 2DIAGNOSTIC,    40, -8.382221408427e-01, 3.397380091608e-04, 9.8268e-01, 5.3310e-03, 
 2DIAGNOSTIC,    41, -8.382384404505e-01, 1.726016284768e-04, 9.8866e-01, 5.9800e-03, 
 2DIAGNOSTIC,    42, -8.383139448042e-01, 4.948746989326e-05, 9.9398e-01, 5.3260e-03, 
 2DIAGNOSTIC,    43, -8.383056715931e-01, 1.139814923495e-05, 9.9936e-01, 5.3761e-03, 
 2DIAGNOSTIC,    44, -8.386313635816e-01, 7.930894752445e-06, 1.0047e+00, 5.3129e-03, 
 2DIAGNOSTIC,    45, -8.390738017203e-01, 1.477979746601e-05, 1.0100e+00, 5.3129e-03, 
 2DIAGNOSTIC,    46, -8.396782680243e-01, 2.459602329629e-05, 1.0153e+00, 5.3329e-03, 
 2DIAGNOSTIC,    47, -8.407896720272e-01, 4.013404251258e-05, 1.0213e+00, 6.0170e-03, 
 2DIAGNOSTIC,    48, -8.420321181847e-01, 5.942801109824e-05, 1.0274e+00, 6.0470e-03, 
 2DIAGNOSTIC,    49, -8.421935234340e-01, 7.427978505715e-05, 1.0352e+00, 7.8621e-03, 
 2DIAGNOSTIC,    50, -8.422311262172e-01, 8.276444955750e-05, 1.0406e+00, 5.3751e-03, 
 2DIAGNOSTIC,    51, -8.422923957223e-01, 8.364949115621e-05, 1.0460e+00, 5.3821e-03, 
 2DIAGNOSTIC,    52, -8.423537270008e-01, 7.742883338516e-05, 1.0520e+00, 5.9590e-03, 
 2DIAGNOSTIC,    53, -8.423833039656e-01, 6.411671677847e-05, 1.0579e+00, 5.9381e-03, 
 2DIAGNOSTIC,    54, -8.424248093450e-01, 4.779433741238e-05, 1.0642e+00, 6.2590e-03, 
 2DIAGNOSTIC,    55, -8.423218155658e-01, 2.995614734961e-05, 1.0696e+00, 5.4021e-03, 
 2DIAGNOSTIC,    56, -8.424748464720e-01, 1.486613472133e-05, 1.0750e+00, 5.4111e-03, 
 2DIAGNOSTIC,    57, -8.424934210671e-01, 5.969719692554e-06, 1.0809e+00, 5.9631e-03, 
 2DIAGNOSTIC,    58, -8.423720150212e-01, 3.911140244027e-06, 1.0862e+00, 5.3041e-03, 
 2DIAGNOSTIC,    59, -8.424067495928e-01, 2.859669139477e-06, 1.0935e+00, 7.2589e-03, 
 2DIAGNOSTIC,    60, -8.424405016684e-01, 2.049533483053e-06, 1.0988e+00, 5.3298e-03, 
 2DIAGNOSTIC,    61, -8.424767337495e-01, 1.673755636450e-06, 1.1054e+00, 6.5930e-03, 
DIAGNOSTIC,Iteration,metricValue,convergenceValue,ITERATION_TIME_INDEX,SINCE_LAST
 2DIAGNOSTIC,     1, -6.884641532143e-01, 1.797693134862e+308, 1.8244e+00, 7.1902e-01, 
 2DIAGNOSTIC,     2, -6.891340437065e-01, 1.797693134862e+308, 1.8638e+00, 3.9331e-02, 
 2DIAGNOSTIC,     3, -6.896647947416e-01, 1.797693134862e+308, 1.9033e+00, 3.9569e-02, 
 2DIAGNOSTIC,     4, -6.901254417771e-01, 1.797693134862e+308, 1.9427e+00, 3.9370e-02, 
 2DIAGNOSTIC,     5, -6.911231786799e-01, 1.797693134862e+308, 1.9809e+00, 3.8205e-02, 
 2DIAGNOSTIC,     6, -6.932109625802e-01, 1.797693134862e+308, 2.0281e+00, 4.7233e-02, 
 2DIAGNOSTIC,     7, -6.934392688465e-01, 1.797693134862e+308, 2.0832e+00, 5.5059e-02, 
 2DIAGNOSTIC,     8, -6.934523301733e-01, 1.797693134862e+308, 2.1208e+00, 3.7632e-02, 
 2DIAGNOSTIC,     9, -6.935195144341e-01, 1.797693134862e+308, 2.1636e+00, 4.2754e-02, 
 2DIAGNOSTIC,    10, -6.935505028097e-01, 5.567033706203e-04, 2.2058e+00, 4.2193e-02, 
 2DIAGNOSTIC,    11, -6.935705798166e-01, 4.264201880025e-04, 2.2430e+00, 3.7182e-02, 
 2DIAGNOSTIC,    12, -6.935858356014e-01, 3.032438707161e-04, 2.2814e+00, 3.8423e-02, 
 2DIAGNOSTIC,    13, -6.936476433251e-01, 1.916497469295e-04, 2.3235e+00, 4.2151e-02, 
 2DIAGNOSTIC,    14, -6.936771756356e-01, 9.316037819872e-05, 2.3695e+00, 4.5980e-02, 
 2DIAGNOSTIC,    15, -6.936410036906e-01, 2.427561722219e-05, 2.4133e+00, 4.3771e-02, 
 2DIAGNOSTIC,    16, -6.936485392459e-01, 1.565806162819e-05, 2.4520e+00, 3.8665e-02, 
 2DIAGNOSTIC,    17, -6.936473984470e-01, 1.228797072704e-05, 2.4981e+00, 4.6171e-02, 
 2DIAGNOSTIC,    18, -6.936542178050e-01, 8.718151538037e-06, 2.5422e+00, 4.4084e-02, 
 2DIAGNOSTIC,    19, -6.936478890162e-01, 6.172066301165e-06, 2.5888e+00, 4.6541e-02, 
 2DIAGNOSTIC,    20, -6.936428482013e-01, 4.022995825609e-06, 2.6354e+00, 4.6622e-02, 
 2DIAGNOSTIC,    21, -6.936392594249e-01, 2.193878806539e-06, 2.6841e+00, 4.8721e-02, 
DIAGNOSTIC,Iteration,metricValue,convergenceValue,ITERATION_TIME_INDEX,SINCE_LAST
 2DIAGNOSTIC,     1, -5.885034113497e-01, 1.797693134862e+308, 3.9107e+00, 1.2266e+00, 
 2DIAGNOSTIC,     2, -5.891651811956e-01, 1.797693134862e+308, 4.2370e+00, 3.2625e-01, 
 2DIAGNOSTIC,     3, -5.898765634001e-01, 1.797693134862e+308, 4.5550e+00, 3.1804e-01, 
 2DIAGNOSTIC,     4, -5.907548089299e-01, 1.797693134862e+308, 4.8503e+00, 2.9528e-01, 
 2DIAGNOSTIC,     5, -5.918525559586e-01, 1.797693134862e+308, 5.1933e+00, 3.4300e-01, 
 2DIAGNOSTIC,     6, -5.938162630917e-01, 1.797693134862e+308, 5.7250e+00, 5.3173e-01, 
 2DIAGNOSTIC,     7, -5.938209612297e-01, 1.797693134862e+308, 6.0930e+00, 3.6805e-01, 
 2DIAGNOSTIC,     8, -5.938100966777e-01, 1.797693134862e+308, 6.4785e+00, 3.8543e-01, 
 2DIAGNOSTIC,     9, -5.938108718137e-01, 1.797693134862e+308, 6.8086e+00, 3.3017e-01, 
 2DIAGNOSTIC,    10, -5.938059138980e-01, 6.695676064561e-04, 7.2176e+00, 4.0895e-01, 
 2DIAGNOSTIC,    11, -5.938073688224e-01, 4.888041085708e-04, 7.6185e+00, 4.0088e-01, 
 2DIAGNOSTIC,    12, -5.938065326435e-01, 3.211450059997e-04, 8.0677e+00, 4.4918e-01, 
 2DIAGNOSTIC,    13, -5.938050758110e-01, 1.775392156446e-04, 8.4412e+00, 3.7354e-01, 
 2DIAGNOSTIC,    14, -5.938038074526e-01, 6.838354036372e-05, 8.8964e+00, 4.5519e-01, 
 2DIAGNOSTIC,    15, -5.938031184260e-01, 1.055908250849e-06, 9.2602e+00, 3.6377e-01, 
 2DIAGNOSTIC,    16, -5.938013027127e-01, 1.055556483720e-06, 9.5522e+00, 2.9199e-01, 
 2DIAGNOSTIC,    17, -5.938011591178e-01, 1.277740522908e-06, 9.8757e+00, 3.2359e-01, 
 2DIAGNOSTIC,    18, -5.938024495489e-01, 1.273842828060e-06, 1.0212e+01, 3.3607e-01, 
 2DIAGNOSTIC,    19, -5.938020516673e-01, 1.328588104962e-06, 1.0547e+01, 3.3553e-01, 
 2DIAGNOSTIC,    20, -5.938002042727e-01, 1.246441219925e-06, 1.0901e+01, 3.5383e-01, 
 2DIAGNOSTIC,    21, -5.937995856351e-01, 1.225524229528e-06, 1.1326e+01, 4.2490e-01, 
 2DIAGNOSTIC,    22, -5.937985070662e-01, 1.192199674614e-06, 1.1723e+01, 3.9725e-01, 
 2DIAGNOSTIC,    23, -5.937973887456e-01, 1.131462367000e-06, 1.2084e+01, 3.6036e-01, 
 2DIAGNOSTIC,    24, -5.937963469533e-01, 1.053686266010e-06, 1.2505e+01, 4.2154e-01, 
DIAGNOSTIC,Iteration,metricValue,convergenceValue,ITERATION_TIME_INDEX,SINCE_LAST
 2DIAGNOSTIC,     1, -5.278233069191e-01, 1.797693134862e+308, 1.6380e+01, 3.8752e+00, 
 2DIAGNOSTIC,     2, -5.278988712349e-01, 1.797693134862e+308, 1.9563e+01, 3.1830e+00, 
 2DIAGNOSTIC,     3, -5.279026400616e-01, 1.797693134862e+308, 2.2686e+01, 3.1226e+00, 
 2DIAGNOSTIC,     4, -5.279016770901e-01, 1.797693134862e+308, 2.5769e+01, 3.0831e+00, 
 2DIAGNOSTIC,     5, -5.279012954415e-01, 1.797693134862e+308, 2.7910e+01, 2.1413e+00, 
 2DIAGNOSTIC,     6, -5.279007870222e-01, 1.797693134862e+308, 3.0194e+01, 2.2831e+00, 
 2DIAGNOSTIC,     7, -5.279002272897e-01, 1.797693134862e+308, 3.2424e+01, 2.2300e+00, 
 2DIAGNOSTIC,     8, -5.279006668026e-01, 1.797693134862e+308, 3.4492e+01, 2.0689e+00, 
 2DIAGNOSTIC,     9, -5.279004630425e-01, 1.797693134862e+308, 3.6545e+01, 2.0528e+00, 
 2DIAGNOSTIC,    10, -5.279001484691e-01, 7.277383225229e-06, 3.8811e+01, 2.2656e+00, 
 2DIAGNOSTIC,    11, -5.279000156111e-01, 2.780718043507e-06, 4.2418e+01, 3.6070e+00, 
 2DIAGNOSTIC,    12, -5.279002106904e-01, 2.437085282914e-06, 4.4754e+01, 2.3366e+00, 
 2DIAGNOSTIC,    13, -5.279000352639e-01, 2.314351722391e-06, 4.7256e+01, 2.5014e+00, 
 2DIAGNOSTIC,    14, -5.279000208324e-01, 2.183755910115e-06, 4.9519e+01, 2.2634e+00, 
 2DIAGNOSTIC,    15, -5.278998268256e-01, 2.058809889766e-06, 5.1666e+01, 2.1469e+00, 
 2DIAGNOSTIC,    16, -5.278996756257e-01, 1.933742344473e-06, 5.3913e+01, 2.2466e+00, 
 2DIAGNOSTIC,    17, -5.278997802621e-01, 1.813331945211e-06, 5.6079e+01, 2.1664e+00, 
 2DIAGNOSTIC,    18, -5.278997013160e-01, 1.722256065928e-06, 5.8553e+01, 2.4738e+00, 
 2DIAGNOSTIC,    19, -5.278997719652e-01, 1.641539456261e-06, 6.0726e+01, 2.1731e+00, 
 2DIAGNOSTIC,    20, -5.278996896484e-01, 1.561406976006e-06, 6.3102e+01, 2.3759e+00, 
 2DIAGNOSTIC,    21, -5.278995952826e-01, 1.485711146137e-06, 6.5288e+01, 2.1864e+00, 
 2DIAGNOSTIC,    22, -5.278995241141e-01, 1.422731538032e-06, 6.7791e+01, 2.5029e+00, 
 2DIAGNOSTIC,    23, -5.278995741732e-01, 1.364365301258e-06, 7.0274e+01, 2.4828e+00, 
 2DIAGNOSTIC,    24, -5.278995308500e-01, 1.311341898604e-06, 7.2936e+01, 2.6618e+00, 
 2DIAGNOSTIC,    25, -5.278993957020e-01, 1.256933391182e-06, 7.5767e+01, 2.8316e+00, 
 2DIAGNOSTIC,    26, -5.278991325374e-01, 1.199658161373e-06, 7.8131e+01, 2.3632e+00, 
 2DIAGNOSTIC,    27, -5.278991481837e-01, 1.151432421617e-06, 8.0701e+01, 2.5705e+00, 
 2DIAGNOSTIC,    28, -5.278990984954e-01, 1.106490607701e-06, 8.3508e+01, 2.8071e+00, 
 2DIAGNOSTIC,    29, -5.278990210749e-01, 1.067287327898e-06, 8.5709e+01, 2.2012e+00, 
 2DIAGNOSTIC,    30, -5.278988506327e-01, 1.029104516548e-06, 8.7760e+01, 2.0511e+00, 
  Elapsed time (stage 0): 8.8996e+01


Total elapsed time: 8.9008e+01
Info [verificarlo]: loaded backend libinterflop_ieee.so
Info [interflop-ieee]: load backend with:
Info [interflop-ieee]: debug = false
Info [interflop-ieee]: debug-binary = false
Info [interflop-ieee]: no-backend-name = false
Info [interflop-ieee]: print-new-line = false
Info [interflop-ieee]: print-subnormal-normalized = false
Info [interflop-ieee]: count-op = false
All_Command_lines_OK
Using double precision for computations.
=============================================================================
The composite transform comprises the following transforms (in order): 
  1. /home/mdugre/scratch/mri-registration-rp/datasets/ds004513/derivatives/mri-registration-rp/0100/antsRegistration-r7-p12/sub-s014/affine_Composite.h5[0] (type = Euler3DTransform)
  2. /home/mdugre/scratch/mri-registration-rp/datasets/ds004513/derivatives/mri-registration-rp/0100/antsRegistration-r7-p12/sub-s014/affine_Composite.h5[1] (type = Euler3DTransform)
  3. /home/mdugre/scratch/mri-registration-rp/datasets/ds004513/derivatives/mri-registration-rp/0100/antsRegistration-r7-p12/sub-s014/affine_Composite.h5[2] (type = Euler3DTransform)
  4. /home/mdugre/scratch/mri-registration-rp/datasets/ds004513/derivatives/mri-registration-rp/0100/antsRegistration-r7-p12/sub-s014/affine_Composite.h5[3] (type = AffineTransform)
=============================================================================
  number of levels = 4
  fixed image: /templateflow/tpl-MNI152NLin2009cAsym/tpl-MNI152NLin2009cAsym_res-01_desc-brain_T1w.nii.gz
  moving image: /home/mdugre/scratch/mri-registration-rp/datasets/ds004513/derivatives/mri-registration-rp/antsBrainExtraction/sub-s014/BrainExtractionBrain.nii.gz
Dimension = 3
Number of stages = 1
Use histogram matching = false
Winsorize image intensities = true
  Lower quantile = 0.005
  Upper quantile = 0.995


Stage 1 State
   Image metric = CC
     Fixed image = Image (0x457da40)
  RTTI typeinfo:   itk::Image<double, 3u>
  Reference Count: 2
  Modified Time: 1608
  Debug: Off
  Object Name: 
  Observers: 
    none
  Source: (none)
  Source output name: (none)
  Release Data: Off
  Data Released: False
  Global Release Data: Off
  PipelineMTime: 0
  UpdateMTime: 1217
  RealTimeStamp: 0 seconds 
  LargestPossibleRegion: 
    Dimension: 3
    Index: [0, 0, 0]
    Size: [193, 229, 193]
  BufferedRegion: 
    Dimension: 3
    Index: [0, 0, 0]
    Size: [193, 229, 193]
  RequestedRegion: 
    Dimension: 3
    Index: [0, 0, 0]
    Size: [193, 229, 193]
  Spacing: [1, 1, 1]
  Origin: [96, 132, -78]
  Direction: 
-1 0 0
0 -1 0
0 0 1

  IndexToPointMatrix: 
-1 0 0
0 -1 0
0 0 1

  PointToIndexMatrix: 
-1 0 0
0 -1 0
0 0 1

  Inverse Direction: 
-1 0 0
0 -1 0
0 0 1

  PixelContainer: 
    ImportImageContainer (0x464c780)
      RTTI typeinfo:   itk::ImportImageContainer<unsigned long, double>
      Reference Count: 1
      Modified Time: 1214
      Debug: Off
      Object Name: 
      Observers: 
        none
      Pointer: 0x1511653ec010
      Container manages memory: true
      Size: 8530021
      Capacity: 8530021

     Moving image = Image (0x464e390)
  RTTI typeinfo:   itk::Image<double, 3u>
  Reference Count: 2
  Modified Time: 1609
  Debug: Off
  Object Name: 
  Observers: 
    none
  Source: (none)
  Source output name: (none)
  Release Data: Off
  Data Released: False
  Global Release Data: Off
  PipelineMTime: 0
  UpdateMTime: 1606
  RealTimeStamp: 0 seconds 
  LargestPossibleRegion: 
    Dimension: 3
    Index: [0, 0, 0]
    Size: [160, 240, 256]
  BufferedRegion: 
    Dimension: 3
    Index: [0, 0, 0]
    Size: [160, 240, 256]
  RequestedRegion: 
    Dimension: 3
    Index: [0, 0, 0]
    Size: [160, 240, 256]
  Spacing: [0.999999, 1, 1]
  Origin: [84.1637, 106.709, -120.531]
  Direction: 
-0.999619 -0.0226874 -0.0157033
0.0226846 -0.999743 0.00035635
-0.0157073 -7.8229e-09 0.999877

  IndexToPointMatrix: 
-0.999619 -0.0226874 -0.0157033
0.0226845 -0.999743 0.00035635
-0.0157073 -7.8229e-09 0.999877

  PointToIndexMatrix: 
-0.99962 0.0226846 -0.0157073
-0.0226874 -0.999743 -7.83127e-09
-0.0157033 0.00035635 0.999877

  Inverse Direction: 
-0.999619 0.0226846 -0.0157073
-0.0226874 -0.999743 -7.83127e-09
-0.0157033 0.00035635 0.999877

  PixelContainer: 
    ImportImageContainer (0x46036f0)
      RTTI typeinfo:   itk::ImportImageContainer<unsigned long, double>
      Reference Count: 1
      Modified Time: 1603
      Debug: Off
      Object Name: 
      Observers: 
        none
      Pointer: 0x1511608eb010
      Container manages memory: true
      Size: 9830400
      Capacity: 9830400

     Weighting = 1
     Sampling strategy = none
     Number of bins = 32
     Radius = 4
     Sampling percentage  = 1
   Transform = SyN
     Gradient step = 0.1
     Update field sigma (voxel space) = 3
     Total field sigma (voxel space) = 0
     Update field time sigma = 0
     Total field time sigma  = 0
     Number of time indices = 0
     Number of time point samples = 0
Registration using 1 total stages.

Stage 0
  iterations = 100x70x50x20
  convergence threshold = 1e-06
  convergence window size = 10
  number of levels = 4
  using the CC metric (radius = 4, weight = 1, use gradient filter = 0)
  preprocessing:  winsorizing the image intensities
  Shrink factors (level 1 out of 4): [8, 8, 8]
  Shrink factors (level 2 out of 4): [4, 4, 4]
  Shrink factors (level 3 out of 4): [2, 2, 2]
  Shrink factors (level 4 out of 4): [1, 1, 1]
  smoothing sigmas per level: [3, 2, 1, 0]
  Using default NONE metricSamplingStrategy 

*** Running SyN registration (varianceForUpdateField = 3, varianceForTotalField = 0) ***

XXDIAGNOSTIC,Iteration,metricValue,convergenceValue,ITERATION_TIME_INDEX,SINCE_LAST
 1DIAGNOSTIC,     1, -9.017827460131e-01, 1.797693134862e+308, 1.1154e+00, 1.1154e+00, 
 1DIAGNOSTIC,     2, -9.061973119589e-01, 1.797693134862e+308, 1.4675e+00, 3.5204e-01, 
 1DIAGNOSTIC,     3, -9.097503698162e-01, 1.797693134862e+308, 1.8204e+00, 3.5295e-01, 
 1DIAGNOSTIC,     4, -9.119794512849e-01, 1.797693134862e+308, 2.1519e+00, 3.3154e-01, 
 1DIAGNOSTIC,     5, -9.136869848857e-01, 1.797693134862e+308, 2.4927e+00, 3.4072e-01, 
 1DIAGNOSTIC,     6, -9.150343610190e-01, 1.797693134862e+308, 2.8211e+00, 3.2840e-01, 
 1DIAGNOSTIC,     7, -9.161309589504e-01, 1.797693134862e+308, 3.1593e+00, 3.3829e-01, 
 1DIAGNOSTIC,     8, -9.169630281757e-01, 1.797693134862e+308, 3.4999e+00, 3.4052e-01, 
 1DIAGNOSTIC,     9, -9.176875535479e-01, 1.797693134862e+308, 3.9080e+00, 4.0814e-01, 
 1DIAGNOSTIC,    10, -9.183232135086e-01, 1.055734186869e-03, 4.3383e+00, 4.3025e-01, 
 1DIAGNOSTIC,    11, -9.188899734356e-01, 7.356062705636e-04, 4.8087e+00, 4.7045e-01, 
 1DIAGNOSTIC,    12, -9.193949169684e-01, 5.291221992485e-04, 5.2616e+00, 4.5288e-01, 
 1DIAGNOSTIC,    13, -9.198448131445e-01, 4.018338535223e-04, 5.7339e+00, 4.7234e-01, 
 1DIAGNOSTIC,    14, -9.202561487821e-01, 3.144968071296e-04, 6.1801e+00, 4.4616e-01, 
 1DIAGNOSTIC,    15, -9.206310772246e-01, 2.529617128356e-04, 6.6548e+00, 4.7472e-01, 
 1DIAGNOSTIC,    16, -9.209760788569e-01, 2.085778674091e-04, 7.1020e+00, 4.4717e-01, 
 1DIAGNOSTIC,    17, -9.212842018661e-01, 1.757866543217e-04, 7.4670e+00, 3.6503e-01, 
 1DIAGNOSTIC,    18, -9.215766130190e-01, 1.497452174822e-04, 7.8705e+00, 4.0350e-01, 
 1DIAGNOSTIC,    19, -9.218400344853e-01, 1.286771351274e-04, 8.2952e+00, 4.2473e-01, 
 1DIAGNOSTIC,    20, -9.220760179557e-01, 1.112704408467e-04, 8.7845e+00, 4.8930e-01, 
 1DIAGNOSTIC,    21, -9.223113134283e-01, 9.701245793798e-05, 9.2306e+00, 4.4608e-01, 
 1DIAGNOSTIC,    22, -9.225112146972e-01, 8.494389409674e-05, 9.6846e+00, 4.5392e-01, 
 1DIAGNOSTIC,    23, -9.227092333471e-01, 7.474206522516e-05, 1.0200e+01, 5.1504e-01, 
 1DIAGNOSTIC,    24, -9.228844443562e-01, 6.599333574538e-05, 1.0690e+01, 4.9064e-01, 
 1DIAGNOSTIC,    25, -9.230669485571e-01, 5.869904317814e-05, 1.1154e+01, 4.6404e-01, 
 1DIAGNOSTIC,    26, -9.232377580426e-01, 5.263296449601e-05, 1.1633e+01, 4.7842e-01, 
 1DIAGNOSTIC,    27, -9.233937865940e-01, 4.742694877662e-05, 1.2083e+01, 4.5015e-01, 
 1DIAGNOSTIC,    28, -9.235201627071e-01, 4.280591179937e-05, 1.2592e+01, 5.0889e-01, 
 1DIAGNOSTIC,    29, -9.236630878025e-01, 3.886302616623e-05, 1.3095e+01, 5.0307e-01, 
 1DIAGNOSTIC,    30, -9.237977546965e-01, 3.537913147859e-05, 1.3537e+01, 4.4261e-01, 
 1DIAGNOSTIC,    31, -9.239247481461e-01, 3.244066383858e-05, 1.3939e+01, 4.0152e-01, 
 1DIAGNOSTIC,    32, -9.240379226808e-01, 2.969715426063e-05, 1.4362e+01, 4.2322e-01, 
 1DIAGNOSTIC,    33, -9.241475255517e-01, 2.725463192483e-05, 1.4827e+01, 4.6444e-01, 
 1DIAGNOSTIC,    34, -9.242520206820e-01, 2.497030318348e-05, 1.5264e+01, 4.3789e-01, 
 1DIAGNOSTIC,    35, -9.243523600391e-01, 2.299572632272e-05, 1.5749e+01, 4.8460e-01, 
 1DIAGNOSTIC,    36, -9.244487861620e-01, 2.129528488846e-05, 1.6199e+01, 4.5026e-01, 
 1DIAGNOSTIC,    37, -9.245401546733e-01, 1.979148671288e-05, 1.6639e+01, 4.3942e-01, 
 1DIAGNOSTIC,    38, -9.246280529681e-01, 1.828322039569e-05, 1.7119e+01, 4.8002e-01, 
 1DIAGNOSTIC,    39, -9.247119300021e-01, 1.696399151530e-05, 1.7587e+01, 4.6830e-01, 
 1DIAGNOSTIC,    40, -9.247920612534e-01, 1.580845409239e-05, 1.8009e+01, 4.2221e-01, 
 1DIAGNOSTIC,    41, -9.248682819120e-01, 1.478973898112e-05, 1.8439e+01, 4.2989e-01, 
 1DIAGNOSTIC,    42, -9.249406799158e-01, 1.382925576169e-05, 1.8828e+01, 3.8835e-01, 
 1DIAGNOSTIC,    43, -9.249817746352e-01, 1.273141265526e-05, 1.9258e+01, 4.3061e-01, 
 1DIAGNOSTIC,    44, -9.250473299662e-01, 1.172154077999e-05, 1.9660e+01, 4.0209e-01, 
 1DIAGNOSTIC,    45, -9.251096346418e-01, 1.080451886257e-05, 2.0009e+01, 3.4867e-01, 
 1DIAGNOSTIC,    46, -9.251686522992e-01, 9.988726225055e-06, 2.0380e+01, 3.7127e-01, 
 1DIAGNOSTIC,    47, -9.252246282587e-01, 9.274208493469e-06, 2.0760e+01, 3.7950e-01, 
 1DIAGNOSTIC,    48, -9.252776425786e-01, 8.664145975348e-06, 2.1154e+01, 3.9389e-01, 
 1DIAGNOSTIC,    49, -9.253276151374e-01, 8.145673433036e-06, 2.1511e+01, 3.5753e-01, 
 1DIAGNOSTIC,    50, -9.253748207753e-01, 7.702876738042e-06, 2.1840e+01, 3.2862e-01, 
 1DIAGNOSTIC,    51, -9.254195220681e-01, 7.320491384202e-06, 2.2183e+01, 3.4372e-01, 
 1DIAGNOSTIC,    52, -9.254619504115e-01, 6.988127914678e-06, 2.2569e+01, 3.8606e-01, 
 1DIAGNOSTIC,    53, -9.255024629753e-01, 6.523692266294e-06, 2.2969e+01, 3.9914e-01, 
 1DIAGNOSTIC,    54, -9.255409520599e-01, 6.094937496311e-06, 2.3381e+01, 4.1268e-01, 
 1DIAGNOSTIC,    55, -9.255779117168e-01, 5.703050247430e-06, 2.3799e+01, 4.1776e-01, 
 1DIAGNOSTIC,    56, -9.256128629369e-01, 5.344127779632e-06, 2.4234e+01, 4.3495e-01, 
 1DIAGNOSTIC,    57, -9.256460223281e-01, 5.015293061742e-06, 2.4671e+01, 4.3704e-01, 
 1DIAGNOSTIC,    58, -9.256774100683e-01, 4.712721420764e-06, 2.5127e+01, 4.5579e-01, 
 1DIAGNOSTIC,    59, -9.257072460096e-01, 4.432105355997e-06, 2.5546e+01, 4.1964e-01, 
 1DIAGNOSTIC,    60, -9.257355355519e-01, 4.169705210496e-06, 2.5924e+01, 3.7758e-01, 
 1DIAGNOSTIC,    61, -9.258227293556e-01, 4.227985599421e-06, 2.6270e+01, 3.4574e-01, 
 1DIAGNOSTIC,    62, -9.258464621102e-01, 4.244034836842e-06, 2.6614e+01, 3.4463e-01, 
 1DIAGNOSTIC,    63, -9.258751215100e-01, 4.238933733157e-06, 2.6970e+01, 3.5530e-01, 
 1DIAGNOSTIC,    64, -9.258982442491e-01, 4.171658451565e-06, 2.7314e+01, 3.4464e-01, 
 1DIAGNOSTIC,    65, -9.259205617208e-01, 4.029358079985e-06, 2.7696e+01, 3.8209e-01, 
 1DIAGNOSTIC,    66, -9.259418471751e-01, 3.805461562985e-06, 2.8070e+01, 3.7404e-01, 
 1DIAGNOSTIC,    67, -9.259621805387e-01, 3.510211136676e-06, 2.8433e+01, 3.6269e-01, 
 1DIAGNOSTIC,    68, -9.259815755337e-01, 3.162725227948e-06, 2.8799e+01, 3.6627e-01, 
 1DIAGNOSTIC,    69, -9.259999344003e-01, 2.781318149020e-06, 2.9175e+01, 3.7527e-01, 
 1DIAGNOSTIC,    70, -9.260175830632e-01, 2.379586288790e-06, 2.9568e+01, 3.9370e-01, 
 1DIAGNOSTIC,    71, -9.260345080251e-01, 2.253566077894e-06, 2.9961e+01, 3.9303e-01, 
 1DIAGNOSTIC,    72, -9.260507648901e-01, 2.125395952575e-06, 3.0311e+01, 3.4996e-01, 
 1DIAGNOSTIC,    73, -9.260664734078e-01, 2.023625805888e-06, 3.0681e+01, 3.6916e-01, 
 1DIAGNOSTIC,    74, -9.260816405453e-01, 1.928943907556e-06, 3.1035e+01, 3.5433e-01, 
 1DIAGNOSTIC,    75, -9.260962601445e-01, 1.842079297943e-06, 3.1382e+01, 3.4681e-01, 
 1DIAGNOSTIC,    76, -9.261101500056e-01, 1.761544225062e-06, 3.1742e+01, 3.5989e-01, 
 1DIAGNOSTIC,    77, -9.261233223646e-01, 1.685938080063e-06, 3.2143e+01, 4.0182e-01, 
 1DIAGNOSTIC,    78, -9.261588345162e-01, 1.704750471917e-06, 3.2496e+01, 3.5275e-01, 
 1DIAGNOSTIC,    79, -9.261709268864e-01, 1.712630686969e-06, 3.2847e+01, 3.5102e-01, 
 1DIAGNOSTIC,    80, -9.261787945723e-01, 1.691780574953e-06, 3.3186e+01, 3.3845e-01, 
 1DIAGNOSTIC,    81, -9.261870123964e-01, 1.642637466196e-06, 3.3544e+01, 3.5846e-01, 
 1DIAGNOSTIC,    82, -9.261951198058e-01, 1.564119068199e-06, 3.3904e+01, 3.6015e-01, 
 1DIAGNOSTIC,    83, -9.262032584728e-01, 1.459718775226e-06, 3.4285e+01, 3.8038e-01, 
 1DIAGNOSTIC,    84, -9.262106900304e-01, 1.335244142385e-06, 3.4632e+01, 3.4760e-01, 
 1DIAGNOSTIC,    85, -9.262187297497e-01, 1.203976906615e-06, 3.4979e+01, 3.4671e-01, 
 1DIAGNOSTIC,    86, -9.262266004646e-01, 1.073721195380e-06, 3.5313e+01, 3.3438e-01, 
 1DIAGNOSTIC,    87, -9.262343423976e-01, 9.491773337450e-07, 3.5671e+01, 3.5738e-01, 
XXDIAGNOSTIC,Iteration,metricValue,convergenceValue,ITERATION_TIME_INDEX,SINCE_LAST
 1DIAGNOSTIC,     1, -8.414409634274e-01, 1.797693134862e+308, 3.8828e+01, 3.1570e+00, 
 1DIAGNOSTIC,     2, -8.458460502663e-01, 1.797693134862e+308, 4.1434e+01, 2.6061e+00, 
 1DIAGNOSTIC,     3, -8.495069560091e-01, 1.797693134862e+308, 4.4134e+01, 2.6999e+00, 
 1DIAGNOSTIC,     4, -8.527525856160e-01, 1.797693134862e+308, 4.6492e+01, 2.3583e+00, 
 1DIAGNOSTIC,     5, -8.554852979459e-01, 1.797693134862e+308, 4.9105e+01, 2.6128e+00, 
 1DIAGNOSTIC,     6, -8.579447413392e-01, 1.797693134862e+308, 5.1361e+01, 2.2565e+00, 
 1DIAGNOSTIC,     7, -8.601858961226e-01, 1.797693134862e+308, 5.3986e+01, 2.6251e+00, 
 1DIAGNOSTIC,     8, -8.622015696588e-01, 1.797693134862e+308, 5.6540e+01, 2.5534e+00, 
 1DIAGNOSTIC,     9, -8.640011719137e-01, 1.797693134862e+308, 5.9256e+01, 2.7164e+00, 
 1DIAGNOSTIC,    10, -8.656486811051e-01, 1.759193363366e-03, 6.1657e+01, 2.4012e+00, 
 1DIAGNOSTIC,    11, -8.671749464576e-01, 1.415590950955e-03, 6.3999e+01, 2.3420e+00, 
 1DIAGNOSTIC,    12, -8.684657501505e-01, 1.158609631522e-03, 6.6524e+01, 2.5248e+00, 
 1DIAGNOSTIC,    13, -8.698256136526e-01, 9.635633211849e-04, 6.9050e+01, 2.5257e+00, 
 1DIAGNOSTIC,    14, -8.709959371958e-01, 8.124607183283e-04, 7.1489e+01, 2.4396e+00, 
 1DIAGNOSTIC,    15, -8.722600585396e-01, 6.947986009183e-04, 7.3736e+01, 2.2462e+00, 
 1DIAGNOSTIC,    16, -8.733305806193e-01, 6.003771693152e-04, 7.6234e+01, 2.4987e+00, 
 1DIAGNOSTIC,    17, -8.744878154371e-01, 5.273165662504e-04, 7.9384e+01, 3.1497e+00, 
 1DIAGNOSTIC,    18, -8.753744727530e-01, 4.663802448577e-04, 8.2085e+01, 2.7014e+00, 
 1DIAGNOSTIC,    19, -8.763677018016e-01, 4.167526068809e-04, 8.4594e+01, 2.5090e+00, 
 1DIAGNOSTIC,    20, -8.771804549254e-01, 3.734968410284e-04, 8.7224e+01, 2.6296e+00, 
 1DIAGNOSTIC,    21, -8.779532050631e-01, 3.353723995199e-04, 8.9481e+01, 2.2572e+00, 
 1DIAGNOSTIC,    22, -8.787988613144e-01, 3.010922280574e-04, 9.1677e+01, 2.1958e+00, 
 1DIAGNOSTIC,    23, -8.795213543903e-01, 2.711640276866e-04, 9.3927e+01, 2.2505e+00, 
 1DIAGNOSTIC,    24, -8.803100780198e-01, 2.449114599605e-04, 9.6136e+01, 2.2085e+00, 
 1DIAGNOSTIC,    25, -8.809358808598e-01, 2.224082585993e-04, 9.8630e+01, 2.4943e+00, 
 1DIAGNOSTIC,    26, -8.815887838276e-01, 2.023054895051e-04, 1.0112e+02, 2.4868e+00, 
 1DIAGNOSTIC,    27, -8.821780185635e-01, 1.857346605581e-04, 1.0351e+02, 2.3906e+00, 
 1DIAGNOSTIC,    28, -8.827255995942e-01, 1.694527741864e-04, 1.0571e+02, 2.2005e+00, 
 1DIAGNOSTIC,    29, -8.832174740367e-01, 1.549807309875e-04, 1.0793e+02, 2.2197e+00, 
 1DIAGNOSTIC,    30, -8.836621587853e-01, 1.404894006566e-04, 1.1014e+02, 2.2142e+00, 
 1DIAGNOSTIC,    31, -8.840737228726e-01, 1.260634909404e-04, 1.1235e+02, 2.2086e+00, 
 1DIAGNOSTIC,    32, -8.844558446859e-01, 1.130943821443e-04, 1.1456e+02, 2.2083e+00, 
 1DIAGNOSTIC,    33, -8.848155507447e-01, 1.008332956389e-04, 1.1700e+02, 2.4455e+00, 
 1DIAGNOSTIC,    34, -8.851449121319e-01, 9.044253996213e-05, 1.1922e+02, 2.2124e+00, 
 1DIAGNOSTIC,    35, -8.854416696985e-01, 8.063047051511e-05, 1.2144e+02, 2.2220e+00, 
 1DIAGNOSTIC,    36, -8.857241194462e-01, 7.216075467362e-05, 1.2369e+02, 2.2534e+00, 
 1DIAGNOSTIC,    37, -8.859900742943e-01, 6.480676729486e-05, 1.2596e+02, 2.2682e+00, 
 1DIAGNOSTIC,    38, -8.862350786226e-01, 5.846196350619e-05, 1.2818e+02, 2.2155e+00, 
 1DIAGNOSTIC,    39, -8.864738356409e-01, 5.298163718450e-05, 1.3047e+02, 2.2970e+00, 
 1DIAGNOSTIC,    40, -8.866881935427e-01, 4.810028136812e-05, 1.3268e+02, 2.2028e+00, 
 1DIAGNOSTIC,    41, -8.868883846090e-01, 4.374215456453e-05, 1.3544e+02, 2.7668e+00, 
 1DIAGNOSTIC,    42, -8.870822393171e-01, 3.989616055486e-05, 1.3811e+02, 2.6691e+00, 
 1DIAGNOSTIC,    43, -8.872600715932e-01, 3.650430022108e-05, 1.4055e+02, 2.4428e+00, 
 1DIAGNOSTIC,    44, -8.874505745666e-01, 3.364570935235e-05, 1.4292e+02, 2.3693e+00, 
 1DIAGNOSTIC,    45, -8.875976177377e-01, 3.092620046205e-05, 1.4536e+02, 2.4317e+00, 
 1DIAGNOSTIC,    46, -8.877448571257e-01, 2.843597771890e-05, 1.4799e+02, 2.6339e+00, 
 1DIAGNOSTIC,    47, -8.877895109884e-01, 2.551130800802e-05, 1.5032e+02, 2.3337e+00, 
 1DIAGNOSTIC,    48, -8.879288195086e-01, 2.291354192194e-05, 1.5253e+02, 2.2081e+00, 
 1DIAGNOSTIC,    49, -8.880670939644e-01, 2.074827971515e-05, 1.5486e+02, 2.3317e+00, 
 1DIAGNOSTIC,    50, -8.881016844333e-01, 1.832235326949e-05, 1.5707e+02, 2.2049e+00, 
 1DIAGNOSTIC,    51, -8.882299018775e-01, 1.638190813808e-05, 1.5983e+02, 2.7661e+00, 
 1DIAGNOSTIC,    52, -8.883572123514e-01, 1.498802527286e-05, 1.6234e+02, 2.5041e+00, 
 1DIAGNOSTIC,    53, -8.883809183682e-01, 1.346513695801e-05, 1.6507e+02, 2.7367e+00, 
 1DIAGNOSTIC,    54, -8.885033264379e-01, 1.263189609806e-05, 1.6776e+02, 2.6824e+00, 
 1DIAGNOSTIC,    55, -8.886109179812e-01, 1.214878529277e-05, 1.7029e+02, 2.5355e+00, 
 1DIAGNOSTIC,    56, -8.886170362705e-01, 1.145155730605e-05, 1.7287e+02, 2.5768e+00, 
 1DIAGNOSTIC,    57, -8.887304427919e-01, 1.062398301997e-05, 1.7553e+02, 2.6618e+00, 
 1DIAGNOSTIC,    58, -8.888434646614e-01, 1.024306247168e-05, 1.7827e+02, 2.7416e+00, 
 1DIAGNOSTIC,    59, -8.888387932490e-01, 9.667302142517e-06, 1.8125e+02, 2.9723e+00, 
 1DIAGNOSTIC,    60, -8.888543223970e-01, 8.500180962330e-06, 1.8378e+02, 2.5369e+00, 
 1DIAGNOSTIC,    61, -8.889624382074e-01, 7.853777036861e-06, 1.8624e+02, 2.4554e+00, 
 1DIAGNOSTIC,    62, -8.890676921262e-01, 7.722044209634e-06, 1.8915e+02, 2.9103e+00, 
 1DIAGNOSTIC,    63, -8.890642374034e-01, 6.975030325238e-06, 1.9193e+02, 2.7843e+00, 
 1DIAGNOSTIC,    64, -8.890690128763e-01, 6.279637525603e-06, 1.9495e+02, 3.0221e+00, 
 1DIAGNOSTIC,    65, -8.891710715849e-01, 6.111596574793e-06, 1.9785e+02, 2.8920e+00, 
 1DIAGNOSTIC,    66, -8.892746381130e-01, 5.909697235299e-06, 2.0049e+02, 2.6469e+00, 
 1DIAGNOSTIC,    67, -8.892639770324e-01, 5.653892210560e-06, 2.0334e+02, 2.8509e+00, 
 1DIAGNOSTIC,    68, -8.892800011678e-01, 5.543710698403e-06, 2.0617e+02, 2.8230e+00, 
 1DIAGNOSTIC,    69, -8.893751177836e-01, 5.386491909471e-06, 2.0889e+02, 2.7266e+00, 
 1DIAGNOSTIC,    70, -8.894695958529e-01, 5.235987005645e-06, 2.1163e+02, 2.7352e+00, 
XXDIAGNOSTIC,Iteration,metricValue,convergenceValue,ITERATION_TIME_INDEX,SINCE_LAST
 1DIAGNOSTIC,     1, -8.498926095283e-01, 1.797693134862e+308, 2.3425e+02, 2.2626e+01, 
 1DIAGNOSTIC,     2, -8.532128224009e-01, 1.797693134862e+308, 2.5610e+02, 2.1841e+01, 
 1DIAGNOSTIC,     3, -8.566437905699e-01, 1.797693134862e+308, 2.7639e+02, 2.0293e+01, 
 1DIAGNOSTIC,     4, -8.599279078031e-01, 1.797693134862e+308, 2.9943e+02, 2.3038e+01, 
 1DIAGNOSTIC,     5, -8.629954759760e-01, 1.797693134862e+308, 3.2355e+02, 2.4119e+01, 
 1DIAGNOSTIC,     6, -8.658639084309e-01, 1.797693134862e+308, 3.4688e+02, 2.3329e+01, 
 1DIAGNOSTIC,     7, -8.684929781655e-01, 1.797693134862e+308, 3.7012e+02, 2.3243e+01, 
 1DIAGNOSTIC,     8, -8.708453626062e-01, 1.797693134862e+308, 3.9385e+02, 2.3733e+01, 
 1DIAGNOSTIC,     9, -8.728392939225e-01, 1.797693134862e+308, 4.1543e+02, 2.1578e+01, 
 1DIAGNOSTIC,    10, -8.746449313745e-01, 1.857520800495e-03, 4.3975e+02, 2.4318e+01, 
 1DIAGNOSTIC,    11, -8.763039142600e-01, 1.556107026798e-03, 4.6222e+02, 2.2471e+01, 
 1DIAGNOSTIC,    12, -8.778114356553e-01, 1.296527942098e-03, 4.8697e+02, 2.4749e+01, 
 1DIAGNOSTIC,    13, -8.790963492678e-01, 1.077985070938e-03, 5.0748e+02, 2.0508e+01, 
 1DIAGNOSTIC,    14, -8.803265936363e-01, 8.978112947820e-04, 5.3225e+02, 2.4772e+01, 
 1DIAGNOSTIC,    15, -8.815739836989e-01, 7.532346169523e-04, 5.5566e+02, 2.3415e+01, 
 1DIAGNOSTIC,    16, -8.823802580183e-01, 6.320813128154e-04, 5.7997e+02, 2.4312e+01, 
 1DIAGNOSTIC,    17, -8.834436526361e-01, 5.375770389968e-04, 6.0696e+02, 2.6988e+01, 
 1DIAGNOSTIC,    18, -8.840961840898e-01, 4.579864336419e-04, 6.3594e+02, 2.8980e+01, 
 1DIAGNOSTIC,    19, -8.847021349759e-01, 3.887264152871e-04, 6.6387e+02, 2.7928e+01, 
 1DIAGNOSTIC,    20, -8.852697726451e-01, 3.287176645488e-04, 6.8745e+02, 2.3581e+01, 
 1DIAGNOSTIC,    21, -8.858126309577e-01, 2.777351976572e-04, 7.1087e+02, 2.3415e+01, 
 1DIAGNOSTIC,    22, -8.863235454616e-01, 2.351640344505e-04, 7.3289e+02, 2.2027e+01, 
 1DIAGNOSTIC,    23, -8.867992544232e-01, 1.990450272158e-04, 7.5466e+02, 2.1769e+01, 
 1DIAGNOSTIC,    24, -8.872471003829e-01, 1.698729940697e-04, 7.7313e+02, 1.8463e+01, 
 1DIAGNOSTIC,    25, -8.876748981987e-01, 1.488431654990e-04, 7.9413e+02, 2.1006e+01, 
 1DIAGNOSTIC,    26, -8.880740884231e-01, 1.303124952264e-04, 8.1585e+02, 2.1721e+01, 
 1DIAGNOSTIC,    27, -8.884465394887e-01, 1.181040392923e-04, 8.3724e+02, 2.1385e+01, 
 1DIAGNOSTIC,    28, -8.887956200188e-01, 1.072106287648e-04, 8.5906e+02, 2.1822e+01, 
 1DIAGNOSTIC,    29, -8.891216654427e-01, 9.735126904974e-05, 8.8019e+02, 2.1128e+01, 
 1DIAGNOSTIC,    30, -8.894321959458e-01, 8.842088679347e-05, 9.0400e+02, 2.3816e+01, 
 1DIAGNOSTIC,    31, -8.897296569580e-01, 8.047239640964e-05, 9.2579e+02, 2.1786e+01, 
 1DIAGNOSTIC,    32, -8.900194922382e-01, 7.349998890006e-05, 9.4753e+02, 2.1743e+01, 
 1DIAGNOSTIC,    33, -8.903017447205e-01, 6.741886507001e-05, 9.6864e+02, 2.1105e+01, 
 1DIAGNOSTIC,    34, -8.905745601816e-01, 6.216015897641e-05, 9.8950e+02, 2.0862e+01, 
 1DIAGNOSTIC,    35, -8.908422399505e-01, 5.773405908861e-05, 1.0092e+03, 1.9705e+01, 
 1DIAGNOSTIC,    36, -8.911067720614e-01, 5.403814440184e-05, 1.0293e+03, 2.0127e+01, 
 1DIAGNOSTIC,    37, -8.913613106761e-01, 5.089098567656e-05, 1.0518e+03, 2.2423e+01, 
 1DIAGNOSTIC,    38, -8.916109010534e-01, 4.817227472050e-05, 1.0730e+03, 2.1233e+01, 
 1DIAGNOSTIC,    39, -8.918548969167e-01, 4.574443574691e-05, 1.0943e+03, 2.1300e+01, 
 1DIAGNOSTIC,    40, -8.920980825853e-01, 4.356785465433e-05, 1.1148e+03, 2.0465e+01, 
 1DIAGNOSTIC,    41, -8.923349365530e-01, 4.156821457381e-05, 1.1359e+03, 2.1108e+01, 
 1DIAGNOSTIC,    42, -8.925678300597e-01, 3.973430206056e-05, 1.1561e+03, 2.0274e+01, 
 1DIAGNOSTIC,    43, -8.928018821004e-01, 3.808817451569e-05, 1.1781e+03, 2.1930e+01, 
 1DIAGNOSTIC,    44, -8.930155816764e-01, 3.646579107020e-05, 1.1975e+03, 1.9407e+01, 
 1DIAGNOSTIC,    45, -8.932094172104e-01, 3.476140371488e-05, 1.2181e+03, 2.0632e+01, 
 1DIAGNOSTIC,    46, -8.933858346435e-01, 3.292528167318e-05, 1.2407e+03, 2.2609e+01, 
 1DIAGNOSTIC,    47, -8.935518127629e-01, 3.092903820281e-05, 1.2611e+03, 2.0397e+01, 
 1DIAGNOSTIC,    48, -8.937003347142e-01, 2.875508314709e-05, 1.2848e+03, 2.3658e+01, 
 1DIAGNOSTIC,    49, -8.938467312145e-01, 2.651207183618e-05, 1.3084e+03, 2.3667e+01, 
 1DIAGNOSTIC,    50, -8.939798516225e-01, 2.427364077917e-05, 1.3311e+03, 2.2640e+01, 
XXDIAGNOSTIC,Iteration,metricValue,convergenceValue,ITERATION_TIME_INDEX,SINCE_LAST
 1DIAGNOSTIC,     1, -8.677361865048e-01, 1.797693134862e+308, 1.5363e+03, 2.0524e+02, 
 1DIAGNOSTIC,     2, -8.687756602354e-01, 1.797693134862e+308, 1.7431e+03, 2.0676e+02, 
 1DIAGNOSTIC,     3, -8.702019694297e-01, 1.797693134862e+308, 1.9092e+03, 1.6616e+02, 
 1DIAGNOSTIC,     4, -8.715677934173e-01, 1.797693134862e+308, 2.1099e+03, 2.0069e+02, 
 1DIAGNOSTIC,     5, -8.728620070352e-01, 1.797693134862e+308, 2.3122e+03, 2.0231e+02, 
 1DIAGNOSTIC,     6, -8.741457394627e-01, 1.797693134862e+308, 2.5140e+03, 2.0175e+02, 
 1DIAGNOSTIC,     7, -8.753876373200e-01, 1.797693134862e+308, 2.6952e+03, 1.8127e+02, 
 1DIAGNOSTIC,     8, -8.764397882416e-01, 1.797693134862e+308, 2.8742e+03, 1.7896e+02, 
 1DIAGNOSTIC,     9, -8.775922325112e-01, 1.797693134862e+308, 3.0570e+03, 1.8278e+02, 
 1DIAGNOSTIC,    10, -8.786000688710e-01, 8.148442447014e-04, 3.2664e+03, 2.0937e+02, 
 1DIAGNOSTIC,    11, -8.796082072380e-01, 7.205789481475e-04, 3.4771e+03, 2.1074e+02, 
 1DIAGNOSTIC,    12, -8.805346697823e-01, 6.301597848353e-04, 3.6621e+03, 1.8503e+02, 
 1DIAGNOSTIC,    13, -8.813464214922e-01, 5.523152043694e-04, 3.8577e+03, 1.9558e+02, 
 1DIAGNOSTIC,    14, -8.821337702655e-01, 4.850873252324e-04, 4.0598e+03, 2.0205e+02, 
 1DIAGNOSTIC,    15, -8.828799624144e-01, 4.263492271324e-04, 4.2676e+03, 2.0782e+02, 
 1DIAGNOSTIC,    16, -8.836097208483e-01, 3.763664058141e-04, 4.4543e+03, 1.8669e+02, 
 1DIAGNOSTIC,    17, -8.842836727428e-01, 3.339648079952e-04, 4.6499e+03, 1.9558e+02, 
 1DIAGNOSTIC,    18, -8.849533947137e-01, 2.962114908521e-04, 4.8549e+03, 2.0507e+02, 
 1DIAGNOSTIC,    19, -8.855940764316e-01, 2.654004395100e-04, 5.0534e+03, 1.9848e+02, 
 1DIAGNOSTIC,    20, -8.862037445914e-01, 2.390099132978e-04, 5.2444e+03, 1.9103e+02, 
  Elapsed time (stage 0): 5245.97


Total elapsed time: 5245.98
