
##########################
# Experiment information #
##########################

EXPERIMENT_NAME: antsRegistration-r8-p15
VFC_BACKENDS: libinterflop_vprec.so --range-binary32=8 --precision-binary32=15 --range-binary64=8 --precision-binary64=15

SIF_IMG: /home/mdugre/projects/rrg-glatard/mdugre/containers/ants-vprec-no_metrics.simg

SUBJECT_ID: s030
INPUT_IMG: /home/mdugre/scratch/mri-registration-rp/datasets/ds004513/derivatives/mri-registration-rp/antsBrainExtraction/sub-s030/BrainExtractionBrain.nii.gz
OUTPUT_DIR: /home/mdugre/scratch/mri-registration-rp/datasets/ds004513/derivatives/mri-registration-rp/0100/antsRegistration-r8-p15/sub-s030

FIXED_IMG: /templateflow/tpl-MNI152NLin2009cAsym/tpl-MNI152NLin2009cAsym_res-01_desc-brain_T1w.nii.gz
DATA_DIR: /home/mdugre/scratch/mri-registration-rp/datasets/ds004513
TEMPLATEFLOW_DIR: /home/mdugre/projects/rrg-glatard/mdugre/templateflow
ITK_GLOBAL_DEFAULT_NUMBER_OF_THREADS: 16
##########################

Info [verificarlo]: loaded backend libinterflop_ieee.so
Info [interflop-ieee]: load backend with:
Info [interflop-ieee]: debug = false
Info [interflop-ieee]: debug-binary = false
Info [interflop-ieee]: no-backend-name = false
Info [interflop-ieee]: print-new-line = false
Info [interflop-ieee]: print-subnormal-normalized = false
Info [interflop-ieee]: count-op = false
All_Command_lines_OK
Using double precision for computations.
=============================================================================
The composite transform comprises the following transforms (in order): 
  1. Center of mass alignment using fixed image: /templateflow/tpl-MNI152NLin2009cAsym/tpl-MNI152NLin2009cAsym_res-01_desc-brain_T1w.nii.gz and moving image: /home/mdugre/scratch/mri-registration-rp/datasets/ds004513/derivatives/mri-registration-rp/antsBrainExtraction/sub-s030/BrainExtractionBrain.nii.gz (type = Euler3DTransform)
=============================================================================
  number of levels = 1
  fixed image: /templateflow/tpl-MNI152NLin2009cAsym/tpl-MNI152NLin2009cAsym_res-01_desc-brain_T1w.nii.gz
  moving image: /home/mdugre/scratch/mri-registration-rp/datasets/ds004513/derivatives/mri-registration-rp/antsBrainExtraction/sub-s030/BrainExtractionBrain.nii.gz
Dimension = 3
Number of stages = 1
Use histogram matching = false
Winsorize image intensities = true
  Lower quantile = 0.005
  Upper quantile = 0.995


Stage 1 State
   Image metric = MattesMI
     Fixed image = Image (0x3e44e70)
  RTTI typeinfo:   itk::Image<double, 3u>
  Reference Count: 2
  Modified Time: 2330
  Debug: Off
  Object Name: 
  Observers: 
    none
  Source: (none)
  Source output name: (none)
  Release Data: Off
  Data Released: False
  Global Release Data: Off
  PipelineMTime: 0
  UpdateMTime: 1941
  RealTimeStamp: 0 seconds 
  LargestPossibleRegion: 
    Dimension: 3
    Index: [0, 0, 0]
    Size: [193, 229, 193]
  BufferedRegion: 
    Dimension: 3
    Index: [0, 0, 0]
    Size: [193, 229, 193]
  RequestedRegion: 
    Dimension: 3
    Index: [0, 0, 0]
    Size: [193, 229, 193]
  Spacing: [1, 1, 1]
  Origin: [96, 132, -78]
  Direction: 
-1 0 0
0 -1 0
0 0 1

  IndexToPointMatrix: 
-1 0 0
0 -1 0
0 0 1

  PointToIndexMatrix: 
-1 0 0
0 -1 0
0 0 1

  Inverse Direction: 
-1 0 0
0 -1 0
0 0 1

  PixelContainer: 
    ImportImageContainer (0x3e4dc60)
      RTTI typeinfo:   itk::ImportImageContainer<unsigned long, double>
      Reference Count: 1
      Modified Time: 1938
      Debug: Off
      Object Name: 
      Observers: 
        none
      Pointer: 0x15278c601010
      Container manages memory: true
      Size: 8530021
      Capacity: 8530021

     Moving image = Image (0x3ee2030)
  RTTI typeinfo:   itk::Image<double, 3u>
  Reference Count: 2
  Modified Time: 2331
  Debug: Off
  Object Name: 
  Observers: 
    none
  Source: (none)
  Source output name: (none)
  Release Data: Off
  Data Released: False
  Global Release Data: Off
  PipelineMTime: 0
  UpdateMTime: 2328
  RealTimeStamp: 0 seconds 
  LargestPossibleRegion: 
    Dimension: 3
    Index: [0, 0, 0]
    Size: [160, 240, 256]
  BufferedRegion: 
    Dimension: 3
    Index: [0, 0, 0]
    Size: [160, 240, 256]
  RequestedRegion: 
    Dimension: 3
    Index: [0, 0, 0]
    Size: [160, 240, 256]
  Spacing: [1, 1, 1]
  Origin: [74.5645, 103.784, -122.692]
  Direction: 
-0.99889 0.0471064 0
-0.0471064 -0.99889 0
0 0 1

  IndexToPointMatrix: 
-0.99889 0.0471064 0
-0.0471064 -0.99889 0
0 0 1

  PointToIndexMatrix: 
-0.99889 -0.0471064 0
0.0471064 -0.99889 0
0 0 1

  Inverse Direction: 
-0.99889 -0.0471064 0
0.0471064 -0.99889 0
0 0 1

  PixelContainer: 
    ImportImageContainer (0x3fdce50)
      RTTI typeinfo:   itk::ImportImageContainer<unsigned long, double>
      Reference Count: 1
      Modified Time: 2325
      Debug: Off
      Object Name: 
      Observers: 
        none
      Pointer: 0x152787b00010
      Container manages memory: true
      Size: 9830400
      Capacity: 9830400

     Weighting = 1
     Sampling strategy = regular
     Number of bins = 32
     Radius = 4
     Sampling percentage  = 0.25
   Transform = Rigid
     Gradient step = 0.1
     Update field sigma (voxel space) = 0
     Total field sigma (voxel space) = 0
     Update field time sigma = 0
     Total field time sigma  = 0
     Number of time indices = 0
     Number of time point samples = 0
Registration using 1 total stages.

Stage 0
  iterations = 0
  convergence threshold = 1e-06
  convergence window size = 10
  number of levels = 1
  using the Mattes MI metric (number of bins = 32, weight = 1, use gradient filter = 0)
  preprocessing:  winsorizing the image intensities
  Shrink factors (level 1 out of 1): [1, 1, 1]
  smoothing sigmas per level: [0]
  regular sampling (percentage = 0.25)

*** Running Euler3DTransform registration ***

  Elapsed time (stage 0): 1.14773


Total elapsed time: 1.15018
Info [verificarlo]: loaded backend libinterflop_vprec.so
Info [interflop-vprec]: load backend with: 
Info [interflop-vprec]: precision-binary32 = 15
Info [interflop-vprec]: range-binary32 = 8
Info [interflop-vprec]: precision-binary64 = 15
Info [interflop-vprec]: range-binary64 = 8
Info [interflop-vprec]: mode = ob
Info [interflop-vprec]: error-mode = rel
Info [interflop-vprec]: max-abs-error-exponent = -1022
Info [interflop-vprec]: daz = false
Info [interflop-vprec]: ftz = false
Info [interflop-vprec]: 	instrument = none
Info [interflop-vprec]: 	prec-input-file = (null)
Info [interflop-vprec]: 	prec-output-file = (null)
Info [interflop-vprec]: 	prec-log-file = (null)
All_Command_lines_OK
Using double precision for computations.
=============================================================================
The composite transform comprises the following transforms (in order): 
  1. /home/mdugre/scratch/mri-registration-rp/datasets/ds004513/derivatives/mri-registration-rp/0100/antsRegistration-r8-p15/sub-s030/align_Composite.h5[0] (type = Euler3DTransform)
  2. /home/mdugre/scratch/mri-registration-rp/datasets/ds004513/derivatives/mri-registration-rp/0100/antsRegistration-r8-p15/sub-s030/align_Composite.h5[1] (type = Euler3DTransform)
=============================================================================
  number of levels = 4
  fixed image: /templateflow/tpl-MNI152NLin2009cAsym/tpl-MNI152NLin2009cAsym_res-01_desc-brain_T1w.nii.gz
  moving image: /home/mdugre/scratch/mri-registration-rp/datasets/ds004513/derivatives/mri-registration-rp/antsBrainExtraction/sub-s030/BrainExtractionBrain.nii.gz
Dimension = 3
Number of stages = 1
Use histogram matching = false
Winsorize image intensities = true
  Lower quantile = 0.005
  Upper quantile = 0.995


Stage 1 State
   Image metric = MattesMI
     Fixed image = Image (0x4e301e0)
  RTTI typeinfo:   itk::Image<double, 3u>
  Reference Count: 2
  Modified Time: 1578
  Debug: Off
  Object Name: 
  Observers: 
    none
  Source: (none)
  Source output name: (none)
  Release Data: Off
  Data Released: False
  Global Release Data: Off
  PipelineMTime: 0
  UpdateMTime: 1189
  RealTimeStamp: 0 seconds 
  LargestPossibleRegion: 
    Dimension: 3
    Index: [0, 0, 0]
    Size: [193, 229, 193]
  BufferedRegion: 
    Dimension: 3
    Index: [0, 0, 0]
    Size: [193, 229, 193]
  RequestedRegion: 
    Dimension: 3
    Index: [0, 0, 0]
    Size: [193, 229, 193]
  Spacing: [1, 1, 1]
  Origin: [96, 132, -78]
  Direction: 
-1 0 0
0 -1 0
0 0 1

  IndexToPointMatrix: 
-1 0 0
0 -1 0
0 0 1

  PointToIndexMatrix: 
-1 0 0
0 -1 0
0 0 1

  Inverse Direction: 
-1 0 0
0 -1 0
0 0 1

  PixelContainer: 
    ImportImageContainer (0x4eef680)
      RTTI typeinfo:   itk::ImportImageContainer<unsigned long, double>
      Reference Count: 1
      Modified Time: 1186
      Debug: Off
      Object Name: 
      Observers: 
        none
      Pointer: 0x148ded009010
      Container manages memory: true
      Size: 8530021
      Capacity: 8530021

     Moving image = Image (0x4eebb20)
  RTTI typeinfo:   itk::Image<double, 3u>
  Reference Count: 2
  Modified Time: 1579
  Debug: Off
  Object Name: 
  Observers: 
    none
  Source: (none)
  Source output name: (none)
  Release Data: Off
  Data Released: False
  Global Release Data: Off
  PipelineMTime: 0
  UpdateMTime: 1576
  RealTimeStamp: 0 seconds 
  LargestPossibleRegion: 
    Dimension: 3
    Index: [0, 0, 0]
    Size: [160, 240, 256]
  BufferedRegion: 
    Dimension: 3
    Index: [0, 0, 0]
    Size: [160, 240, 256]
  RequestedRegion: 
    Dimension: 3
    Index: [0, 0, 0]
    Size: [160, 240, 256]
  Spacing: [1, 1, 1]
  Origin: [74.5645, 103.783, -122.691]
  Direction: 
-0.998886 0.0471058 0
-0.0471058 -0.998886 0
0 0 1

  IndexToPointMatrix: 
-0.998886 0.0471058 0
-0.0471058 -0.998886 0
0 0 1

  PointToIndexMatrix: 
-0.998901 -0.0471058 0
0.0471058 -0.998886 0
0 0 1

  Inverse Direction: 
-0.998901 -0.0471058 0
0.0471058 -0.998886 0
0 0 1

  PixelContainer: 
    ImportImageContainer (0x4f54d50)
      RTTI typeinfo:   itk::ImportImageContainer<unsigned long, double>
      Reference Count: 1
      Modified Time: 1573
      Debug: Off
      Object Name: 
      Observers: 
        none
      Pointer: 0x148de8508010
      Container manages memory: true
      Size: 9830400
      Capacity: 9830400

     Weighting = 1
     Sampling strategy = regular
     Number of bins = 32
     Radius = 4
     Sampling percentage  = 0.25
   Transform = Rigid
     Gradient step = 0.1
     Update field sigma (voxel space) = 0
     Total field sigma (voxel space) = 0
     Update field time sigma = 0
     Total field time sigma  = 0
     Number of time indices = 0
     Number of time point samples = 0
Registration using 1 total stages.

Stage 0
  iterations = 1000x500x250x100
  convergence threshold = 1e-06
  convergence window size = 10
  number of levels = 4
  using the Mattes MI metric (number of bins = 32, weight = 1, use gradient filter = 0)
  preprocessing:  winsorizing the image intensities
  Shrink factors (level 1 out of 4): [8, 8, 8]
  Shrink factors (level 2 out of 4): [4, 4, 4]
  Shrink factors (level 3 out of 4): [2, 2, 2]
  Shrink factors (level 4 out of 4): [1, 1, 1]
  smoothing sigmas per level: [3, 2, 1, 0]
  regular sampling (percentage = 0.25)

*** Running Euler3DTransform registration ***

DIAGNOSTIC,Iteration,metricValue,convergenceValue,ITERATION_TIME_INDEX,SINCE_LAST
 2DIAGNOSTIC,     1, -5.882053395638e-01, 1.797693134862e+308, 0.0000e+00, 0.0000e+00, 
 2DIAGNOSTIC,     2, -5.890286239830e-01, 1.797693134862e+308, 0.0000e+00, 0.0000e+00, 
 2DIAGNOSTIC,     3, -5.920996534534e-01, 1.797693134862e+308, 0.0000e+00, 0.0000e+00, 
 2DIAGNOSTIC,     4, -5.957614400686e-01, 1.797693134862e+308, 0.0000e+00, 0.0000e+00, 
 2DIAGNOSTIC,     5, -5.962348056886e-01, 1.797693134862e+308, 0.0000e+00, 0.0000e+00, 
 2DIAGNOSTIC,     6, -5.970162710043e-01, 1.797693134862e+308, 0.0000e+00, 0.0000e+00, 
 2DIAGNOSTIC,     7, -5.972762859505e-01, 1.797693134862e+308, 0.0000e+00, 0.0000e+00, 
 2DIAGNOSTIC,     8, -5.981473598176e-01, 1.797693134862e+308, 0.0000e+00, 0.0000e+00, 
 2DIAGNOSTIC,     9, -5.994768655262e-01, 1.797693134862e+308, 0.0000e+00, 0.0000e+00, 
 2DIAGNOSTIC,    10, -6.010020709466e-01, 1.292505081646e-03, 0.0000e+00, 0.0000e+00, 
 2DIAGNOSTIC,    11, -6.025655478436e-01, 1.080594714567e-03, 0.0000e+00, 0.0000e+00, 
 2DIAGNOSTIC,    12, -6.026127972457e-01, 8.403398106576e-04, 0.0000e+00, 0.0000e+00, 
 2DIAGNOSTIC,    13, -6.026183109077e-01, 6.721027006366e-04, 0.0000e+00, 0.0000e+00, 
 2DIAGNOSTIC,    14, -6.028267073182e-01, 5.986386952111e-04, 0.0000e+00, 0.0000e+00, 
 2DIAGNOSTIC,    15, -6.029495360608e-01, 4.980595245531e-04, 0.0000e+00, 0.0000e+00, 
 2DIAGNOSTIC,    16, -6.032876647054e-01, 3.976950704125e-04, 0.0000e+00, 0.0000e+00, 
 2DIAGNOSTIC,    17, -6.032852543044e-01, 2.801559065773e-04, 0.0000e+00, 0.0000e+00, 
 2DIAGNOSTIC,    18, -6.033596151876e-01, 1.753081728737e-04, 0.0000e+00, 0.0000e+00, 
 2DIAGNOSTIC,    19, -6.034550101866e-01, 1.004780579319e-04, 0.0000e+00, 0.0000e+00, 
 2DIAGNOSTIC,    20, -6.035747529190e-01, 6.183592994625e-05, 0.0000e+00, 0.0000e+00, 
 2DIAGNOSTIC,    21, -6.039014690619e-01, 6.385837338986e-05, 0.0000e+00, 0.0000e+00, 
 2DIAGNOSTIC,    22, -6.041215353861e-01, 6.556960030756e-05, 0.0000e+00, 0.0000e+00, 
 2DIAGNOSTIC,    23, -6.041152843462e-01, 6.110806782387e-05, 0.0000e+00, 0.0000e+00, 
 2DIAGNOSTIC,    24, -6.041515245015e-01, 5.638649207160e-05, 0.0000e+00, 0.0000e+00, 
 2DIAGNOSTIC,    25, -6.041436477210e-01, 4.888017485591e-05, 0.0000e+00, 0.0000e+00, 
 2DIAGNOSTIC,    26, -6.042736920359e-01, 4.594373542034e-05, 0.0000e+00, 0.0000e+00, 
 2DIAGNOSTIC,    27, -6.051779627562e-01, 5.470282545536e-05, 0.0000e+00, 0.0000e+00, 
 2DIAGNOSTIC,    28, -6.068890052089e-01, 8.759237887991e-05, 0.0000e+00, 0.0000e+00, 
 2DIAGNOSTIC,    29, -6.069210882103e-01, 1.115879331302e-04, 0.0000e+00, 0.0000e+00, 
 2DIAGNOSTIC,    30, -6.068656006074e-01, 1.249728270329e-04, 0.0000e+00, 0.0000e+00, 
 2DIAGNOSTIC,    31, -6.066964829516e-01, 1.284542662352e-04, 0.0000e+00, 0.0000e+00, 
 2DIAGNOSTIC,    32, -6.066500167848e-01, 1.219645913597e-04, 0.0000e+00, 0.0000e+00, 
 2DIAGNOSTIC,    33, -6.066865480320e-01, 1.043681832064e-04, 0.0000e+00, 0.0000e+00, 
 2DIAGNOSTIC,    34, -6.067102981743e-01, 7.891615386245e-05, 0.0000e+00, 0.0000e+00, 
 2DIAGNOSTIC,    35, -6.067076935498e-01, 4.786701011188e-05, 0.0000e+00, 0.0000e+00, 
 2DIAGNOSTIC,    36, -6.067345428324e-01, 1.614738682401e-05, 0.0000e+00, 0.0000e+00, 
DIAGNOSTIC,Iteration,metricValue,convergenceValue,ITERATION_TIME_INDEX,SINCE_LAST
 2DIAGNOSTIC,     1, -5.043030920983e-01, 1.797693134862e+308, 0.0000e+00, 0.0000e+00, 
 2DIAGNOSTIC,     2, -5.046556250054e-01, 1.797693134862e+308, 0.0000e+00, 0.0000e+00, 
 2DIAGNOSTIC,     3, -5.050968999801e-01, 1.797693134862e+308, 0.0000e+00, 0.0000e+00, 
 2DIAGNOSTIC,     4, -5.060093255043e-01, 1.797693134862e+308, 0.0000e+00, 0.0000e+00, 
 2DIAGNOSTIC,     5, -5.072129679801e-01, 1.797693134862e+308, 0.0000e+00, 0.0000e+00, 
 2DIAGNOSTIC,     6, -5.081834616681e-01, 1.797693134862e+308, 0.0000e+00, 0.0000e+00, 
 2DIAGNOSTIC,     7, -5.096036172969e-01, 1.797693134862e+308, 0.0000e+00, 0.0000e+00, 
 2DIAGNOSTIC,     8, -5.098286048995e-01, 1.797693134862e+308, 0.0000e+00, 0.0000e+00, 
 2DIAGNOSTIC,     9, -5.098800632128e-01, 1.797693134862e+308, 0.0000e+00, 0.0000e+00, 
 2DIAGNOSTIC,    10, -5.100028019755e-01, 8.672325412060e-04, 0.0000e+00, 0.0000e+00, 
 2DIAGNOSTIC,    11, -5.099612012783e-01, 7.035976069018e-04, 0.0000e+00, 0.0000e+00, 
 2DIAGNOSTIC,    12, -5.101524886953e-01, 5.295781413433e-04, 0.0000e+00, 0.0000e+00, 
 2DIAGNOSTIC,    13, -5.101872611088e-01, 3.549864690514e-04, 0.0000e+00, 0.0000e+00, 
 2DIAGNOSTIC,    14, -5.102255915736e-01, 2.113652972701e-04, 0.0000e+00, 0.0000e+00, 
 2DIAGNOSTIC,    15, -5.101968577897e-01, 1.114349403665e-04, 0.0000e+00, 0.0000e+00, 
 2DIAGNOSTIC,    16, -5.101938936466e-01, 4.657847988962e-05, 0.0000e+00, 0.0000e+00, 
 2DIAGNOSTIC,    17, -5.101727123326e-01, 3.105391431627e-05, 0.0000e+00, 0.0000e+00, 
 2DIAGNOSTIC,    18, -5.101946252486e-01, 2.217745342901e-05, 0.0000e+00, 0.0000e+00, 
 2DIAGNOSTIC,    19, -5.101946304741e-01, 1.379837574985e-05, 0.0000e+00, 0.0000e+00, 
 2DIAGNOSTIC,    20, -5.101947980405e-01, 8.697825303591e-06, 0.0000e+00, 0.0000e+00, 
 2DIAGNOSTIC,    21, -5.101947980405e-01, 2.224064228999e-06, 0.0000e+00, 0.0000e+00, 
 2DIAGNOSTIC,    22, -5.101945301715e-01, 1.114644057013e-06, 0.0000e+00, 0.0000e+00, 
DIAGNOSTIC,Iteration,metricValue,convergenceValue,ITERATION_TIME_INDEX,SINCE_LAST
 2DIAGNOSTIC,     1, -4.361132677207e-01, 1.797693134862e+308, 0.0000e+00, 0.0000e+00, 
 2DIAGNOSTIC,     2, -4.362295028018e-01, 1.797693134862e+308, 0.0000e+00, 0.0000e+00, 
 2DIAGNOSTIC,     3, -4.363081683093e-01, 1.797693134862e+308, 0.0000e+00, 0.0000e+00, 
 2DIAGNOSTIC,     4, -4.363241172596e-01, 1.797693134862e+308, 0.0000e+00, 0.0000e+00, 
 2DIAGNOSTIC,     5, -4.363142972272e-01, 1.797693134862e+308, 0.0000e+00, 0.0000e+00, 
 2DIAGNOSTIC,     6, -4.363132058545e-01, 1.797693134862e+308, 0.0000e+00, 0.0000e+00, 
 2DIAGNOSTIC,     7, -4.363010588738e-01, 1.797693134862e+308, 0.0000e+00, 0.0000e+00, 
 2DIAGNOSTIC,     8, -4.363039699496e-01, 1.797693134862e+308, 0.0000e+00, 0.0000e+00, 
 2DIAGNOSTIC,     9, -4.362985665468e-01, 1.797693134862e+308, 0.0000e+00, 0.0000e+00, 
 2DIAGNOSTIC,    10, -4.362966599243e-01, 1.837160983688e-05, 0.0000e+00, 0.0000e+00, 
 2DIAGNOSTIC,    11, -4.363003478456e-01, 5.223639219537e-06, 0.0000e+00, 0.0000e+00, 
DIAGNOSTIC,Iteration,metricValue,convergenceValue,ITERATION_TIME_INDEX,SINCE_LAST
 2DIAGNOSTIC,     1, -3.970891071766e-01, 1.797693134862e+308, 0.0000e+00, 0.0000e+00, 
 2DIAGNOSTIC,     2, -3.971054778043e-01, 1.797693134862e+308, 0.0000e+00, 0.0000e+00, 
 2DIAGNOSTIC,     3, -3.972014956197e-01, 1.797693134862e+308, 0.0000e+00, 0.0000e+00, 
 2DIAGNOSTIC,     4, -3.972060620985e-01, 1.797693134862e+308, 0.0000e+00, 0.0000e+00, 
 2DIAGNOSTIC,     5, -3.972069129225e-01, 1.797693134862e+308, 0.0000e+00, 0.0000e+00, 
 2DIAGNOSTIC,     6, -3.972051599255e-01, 1.797693134862e+308, 0.0000e+00, 0.0000e+00, 
 2DIAGNOSTIC,     7, -3.972045997233e-01, 1.797693134862e+308, 0.0000e+00, 0.0000e+00, 
 2DIAGNOSTIC,     8, -3.972002762349e-01, 1.797693134862e+308, 0.0000e+00, 0.0000e+00, 
 2DIAGNOSTIC,     9, -3.972003511260e-01, 1.797693134862e+308, 0.0000e+00, 0.0000e+00, 
 2DIAGNOSTIC,    10, -3.972003511260e-01, 1.715899123135e-05, 0.0000e+00, 0.0000e+00, 
 2DIAGNOSTIC,    11, -3.972003511260e-01, 8.728647656317e-06, 0.0000e+00, 0.0000e+00, 
 2DIAGNOSTIC,    12, -3.972001766279e-01, 2.005532365623e-06, 0.0000e+00, 0.0000e+00, 
 2DIAGNOSTIC,    13, -3.972001766279e-01, 1.672779150572e-06, 0.0000e+00, 0.0000e+00, 
 2DIAGNOSTIC,    14, -3.972001766279e-01, 1.704403815403e-06, 0.0000e+00, 0.0000e+00, 
 2DIAGNOSTIC,    15, -3.972001766279e-01, 1.837036311542e-06, 0.0000e+00, 0.0000e+00, 
 2DIAGNOSTIC,    16, -3.972001766279e-01, 1.912526220227e-06, 0.0000e+00, 0.0000e+00, 
 2DIAGNOSTIC,    17, -3.972001766279e-01, 1.980464426059e-06, 0.0000e+00, 0.0000e+00, 
 2DIAGNOSTIC,    18, -3.972001766279e-01, 1.870695863854e-06, 0.0000e+00, 0.0000e+00, 
 2DIAGNOSTIC,    19, -3.972001766279e-01, 1.776851124638e-06, 0.0000e+00, 0.0000e+00, 
 2DIAGNOSTIC,    20, -3.972001766279e-01, 1.693459914638e-06, 0.0000e+00, 0.0000e+00, 
 2DIAGNOSTIC,    21, -3.972001766279e-01, 1.618763040785e-06, 0.0000e+00, 0.0000e+00, 
 2DIAGNOSTIC,    22, -3.972001451306e-01, 1.544156972365e-06, 0.0000e+00, 0.0000e+00, 
 2DIAGNOSTIC,    23, -3.972001451306e-01, 1.476162377272e-06, 0.0000e+00, 0.0000e+00, 
 2DIAGNOSTIC,    24, -3.972001451306e-01, 1.413994887046e-06, 0.0000e+00, 0.0000e+00, 
 2DIAGNOSTIC,    25, -3.972001451306e-01, 1.357013320144e-06, 0.0000e+00, 0.0000e+00, 
 2DIAGNOSTIC,    26, -3.972001451306e-01, 1.304676263560e-06, 0.0000e+00, 0.0000e+00, 
 2DIAGNOSTIC,    27, -3.972001678536e-01, 1.257094263116e-06, 0.0000e+00, 0.0000e+00, 
 2DIAGNOSTIC,    28, -3.972001678536e-01, 1.213080204440e-06, 0.0000e+00, 0.0000e+00, 
 2DIAGNOSTIC,    29, -3.972001678536e-01, 1.172188778258e-06, 0.0000e+00, 0.0000e+00, 
 2DIAGNOSTIC,    30, -3.972001678536e-01, 1.134024393945e-06, 0.0000e+00, 0.0000e+00, 
 2DIAGNOSTIC,    31, -3.972001678536e-01, 1.098256167086e-06, 0.0000e+00, 0.0000e+00, 
 2DIAGNOSTIC,    32, -3.972001678536e-01, 1.063851178013e-06, 0.0000e+00, 0.0000e+00, 
 2DIAGNOSTIC,    33, -3.972000791785e-01, 1.029460218245e-06, 0.0000e+00, 0.0000e+00, 
  Elapsed time (stage 0): 0.0000e+00


Total elapsed time: 0.0000e+00
Info [verificarlo]: loaded backend libinterflop_ieee.so
Info [interflop-ieee]: load backend with:
Info [interflop-ieee]: debug = false
Info [interflop-ieee]: debug-binary = false
Info [interflop-ieee]: no-backend-name = false
Info [interflop-ieee]: print-new-line = false
Info [interflop-ieee]: print-subnormal-normalized = false
Info [interflop-ieee]: count-op = false
All_Command_lines_OK
Using double precision for computations.
=============================================================================
The composite transform comprises the following transforms (in order): 
  1. /home/mdugre/scratch/mri-registration-rp/datasets/ds004513/derivatives/mri-registration-rp/0100/antsRegistration-r8-p15/sub-s030/rigid_Composite.h5[0] (type = Euler3DTransform)
  2. /home/mdugre/scratch/mri-registration-rp/datasets/ds004513/derivatives/mri-registration-rp/0100/antsRegistration-r8-p15/sub-s030/rigid_Composite.h5[1] (type = Euler3DTransform)
  3. /home/mdugre/scratch/mri-registration-rp/datasets/ds004513/derivatives/mri-registration-rp/0100/antsRegistration-r8-p15/sub-s030/rigid_Composite.h5[2] (type = Euler3DTransform)
=============================================================================
  number of levels = 4
  fixed image: /templateflow/tpl-MNI152NLin2009cAsym/tpl-MNI152NLin2009cAsym_res-01_desc-brain_T1w.nii.gz
  moving image: /home/mdugre/scratch/mri-registration-rp/datasets/ds004513/derivatives/mri-registration-rp/antsBrainExtraction/sub-s030/BrainExtractionBrain.nii.gz
Dimension = 3
Number of stages = 1
Use histogram matching = false
Winsorize image intensities = true
  Lower quantile = 0.005
  Upper quantile = 0.995


Stage 1 State
   Image metric = MattesMI
     Fixed image = Image (0x3f387e0)
  RTTI typeinfo:   itk::Image<double, 3u>
  Reference Count: 2
  Modified Time: 1592
  Debug: Off
  Object Name: 
  Observers: 
    none
  Source: (none)
  Source output name: (none)
  Release Data: Off
  Data Released: False
  Global Release Data: Off
  PipelineMTime: 0
  UpdateMTime: 1203
  RealTimeStamp: 0 seconds 
  LargestPossibleRegion: 
    Dimension: 3
    Index: [0, 0, 0]
    Size: [193, 229, 193]
  BufferedRegion: 
    Dimension: 3
    Index: [0, 0, 0]
    Size: [193, 229, 193]
  RequestedRegion: 
    Dimension: 3
    Index: [0, 0, 0]
    Size: [193, 229, 193]
  Spacing: [1, 1, 1]
  Origin: [96, 132, -78]
  Direction: 
-1 0 0
0 -1 0
0 0 1

  IndexToPointMatrix: 
-1 0 0
0 -1 0
0 0 1

  PointToIndexMatrix: 
-1 0 0
0 -1 0
0 0 1

  Inverse Direction: 
-1 0 0
0 -1 0
0 0 1

  PixelContainer: 
    ImportImageContainer (0x3ff8a20)
      RTTI typeinfo:   itk::ImportImageContainer<unsigned long, double>
      Reference Count: 1
      Modified Time: 1200
      Debug: Off
      Object Name: 
      Observers: 
        none
      Pointer: 0x146f6b234010
      Container manages memory: true
      Size: 8530021
      Capacity: 8530021

     Moving image = Image (0x3fabcf0)
  RTTI typeinfo:   itk::Image<double, 3u>
  Reference Count: 2
  Modified Time: 1593
  Debug: Off
  Object Name: 
  Observers: 
    none
  Source: (none)
  Source output name: (none)
  Release Data: Off
  Data Released: False
  Global Release Data: Off
  PipelineMTime: 0
  UpdateMTime: 1590
  RealTimeStamp: 0 seconds 
  LargestPossibleRegion: 
    Dimension: 3
    Index: [0, 0, 0]
    Size: [160, 240, 256]
  BufferedRegion: 
    Dimension: 3
    Index: [0, 0, 0]
    Size: [160, 240, 256]
  RequestedRegion: 
    Dimension: 3
    Index: [0, 0, 0]
    Size: [160, 240, 256]
  Spacing: [1, 1, 1]
  Origin: [74.5645, 103.784, -122.692]
  Direction: 
-0.99889 0.0471064 0
-0.0471064 -0.99889 0
0 0 1

  IndexToPointMatrix: 
-0.99889 0.0471064 0
-0.0471064 -0.99889 0
0 0 1

  PointToIndexMatrix: 
-0.99889 -0.0471064 0
0.0471064 -0.99889 0
0 0 1

  Inverse Direction: 
-0.99889 -0.0471064 0
0.0471064 -0.99889 0
0 0 1

  PixelContainer: 
    ImportImageContainer (0x4027550)
      RTTI typeinfo:   itk::ImportImageContainer<unsigned long, double>
      Reference Count: 1
      Modified Time: 1587
      Debug: Off
      Object Name: 
      Observers: 
        none
      Pointer: 0x146f66733010
      Container manages memory: true
      Size: 9830400
      Capacity: 9830400

     Weighting = 1
     Sampling strategy = regular
     Number of bins = 32
     Radius = 4
     Sampling percentage  = 0.25
   Transform = Affine
     Gradient step = 0.1
     Update field sigma (voxel space) = 0
     Total field sigma (voxel space) = 0
     Update field time sigma = 0
     Total field time sigma  = 0
     Number of time indices = 0
     Number of time point samples = 0
Registration using 1 total stages.

Stage 0
  iterations = 1000x500x250x100
  convergence threshold = 1e-06
  convergence window size = 10
  number of levels = 4
  using the Mattes MI metric (number of bins = 32, weight = 1, use gradient filter = 0)
  preprocessing:  winsorizing the image intensities
  Shrink factors (level 1 out of 4): [8, 8, 8]
  Shrink factors (level 2 out of 4): [4, 4, 4]
  Shrink factors (level 3 out of 4): [2, 2, 2]
  Shrink factors (level 4 out of 4): [1, 1, 1]
  smoothing sigmas per level: [3, 2, 1, 0]
  regular sampling (percentage = 0.25)

*** Running AffineTransform registration ***

DIAGNOSTIC,Iteration,metricValue,convergenceValue,ITERATION_TIME_INDEX,SINCE_LAST
 2DIAGNOSTIC,     1, -6.022858416818e-01, 1.797693134862e+308, 8.1425e-01, 8.1425e-01, 
 2DIAGNOSTIC,     2, -6.046591007243e-01, 1.797693134862e+308, 8.1970e-01, 5.4460e-03, 
 2DIAGNOSTIC,     3, -6.088513873375e-01, 1.797693134862e+308, 8.2461e-01, 4.9121e-03, 
 2DIAGNOSTIC,     4, -6.157532345990e-01, 1.797693134862e+308, 8.2999e-01, 5.3849e-03, 
 2DIAGNOSTIC,     5, -6.271827656193e-01, 1.797693134862e+308, 8.3567e-01, 5.6760e-03, 
 2DIAGNOSTIC,     6, -6.499181203595e-01, 1.797693134862e+308, 8.4109e-01, 5.4231e-03, 
 2DIAGNOSTIC,     7, -6.992896977127e-01, 1.797693134862e+308, 8.4616e-01, 5.0700e-03, 
 2DIAGNOSTIC,     8, -7.535801859220e-01, 1.797693134862e+308, 8.5303e-01, 6.8719e-03, 
 2DIAGNOSTIC,     9, -8.176490494683e-01, 1.797693134862e+308, 8.6315e-01, 1.0116e-02, 
 2DIAGNOSTIC,    10, -8.211420818613e-01, 2.296018911904e-02, 8.6885e-01, 5.6961e-03, 
 2DIAGNOSTIC,    11, -8.316008001043e-01, 2.314088034233e-02, 8.7424e-01, 5.3959e-03, 
 2DIAGNOSTIC,    12, -8.476800512540e-01, 2.181716810662e-02, 8.7965e-01, 5.4040e-03, 
 2DIAGNOSTIC,    13, -8.687865328763e-01, 1.948111495461e-02, 8.8504e-01, 5.3880e-03, 
 2DIAGNOSTIC,    14, -8.834526189954e-01, 1.635369184961e-02, 8.9049e-01, 5.4550e-03, 
 2DIAGNOSTIC,    15, -8.915958289963e-01, 1.275725342135e-02, 8.9635e-01, 5.8649e-03, 
 2DIAGNOSTIC,    16, -8.978067963578e-01, 9.227086601674e-03, 9.0254e-01, 6.1860e-03, 
 2DIAGNOSTIC,    17, -9.030495266142e-01, 6.525712759298e-03, 9.1182e-01, 9.2781e-03, 
 2DIAGNOSTIC,    18, -9.031856068702e-01, 4.657506067994e-03, 9.1803e-01, 6.2139e-03, 
 2DIAGNOSTIC,    19, -9.031695035358e-01, 3.828526982716e-03, 9.2467e-01, 6.6409e-03, 
 2DIAGNOSTIC,    20, -9.032357389528e-01, 2.809344073030e-03, 9.3080e-01, 6.1300e-03, 
 2DIAGNOSTIC,    21, -9.031683598212e-01, 1.818367679470e-03, 9.3688e-01, 6.0771e-03, 
 2DIAGNOSTIC,    22, -9.029673682700e-01, 1.013698114676e-03, 9.4288e-01, 5.9950e-03, 
 2DIAGNOSTIC,    23, -9.029654121152e-01, 5.174559500470e-04, 9.4831e-01, 5.4312e-03, 
 2DIAGNOSTIC,    24, -9.027480829572e-01, 2.319173231181e-04, 9.5426e-01, 5.9569e-03, 
 2DIAGNOSTIC,    25, -9.027349811452e-01, 6.355842823255e-05, 9.5966e-01, 5.3968e-03, 
DIAGNOSTIC,Iteration,metricValue,convergenceValue,ITERATION_TIME_INDEX,SINCE_LAST
 2DIAGNOSTIC,     1, -7.457412065989e-01, 1.797693134862e+308, 1.6366e+00, 6.7696e-01, 
 2DIAGNOSTIC,     2, -7.465411892225e-01, 1.797693134862e+308, 1.6800e+00, 4.3394e-02, 
 2DIAGNOSTIC,     3, -7.471145975887e-01, 1.797693134862e+308, 1.7293e+00, 4.9253e-02, 
 2DIAGNOSTIC,     4, -7.474524920793e-01, 1.797693134862e+308, 1.7815e+00, 5.2184e-02, 
 2DIAGNOSTIC,     5, -7.478053339318e-01, 1.797693134862e+308, 1.8377e+00, 5.6201e-02, 
 2DIAGNOSTIC,     6, -7.482664597760e-01, 1.797693134862e+308, 1.8854e+00, 4.7715e-02, 
 2DIAGNOSTIC,     7, -7.483240792600e-01, 1.797693134862e+308, 1.9288e+00, 4.3443e-02, 
 2DIAGNOSTIC,     8, -7.483639474804e-01, 1.797693134862e+308, 1.9761e+00, 4.7316e-02, 
 2DIAGNOSTIC,     9, -7.483765651570e-01, 1.797693134862e+308, 2.0227e+00, 4.6567e-02, 
 2DIAGNOSTIC,    10, -7.483719762472e-01, 2.158513381283e-04, 2.0660e+00, 4.3284e-02, 
 2DIAGNOSTIC,    11, -7.483815492845e-01, 1.362054112691e-04, 2.1044e+00, 3.8420e-02, 
 2DIAGNOSTIC,    12, -7.483635076987e-01, 8.235565609839e-05, 2.1433e+00, 3.8901e-02, 
 2DIAGNOSTIC,    13, -7.483731347326e-01, 4.669571397133e-05, 2.1908e+00, 4.7483e-02, 
 2DIAGNOSTIC,    14, -7.483638064782e-01, 2.091737188893e-05, 2.2440e+00, 5.3266e-02, 
 2DIAGNOSTIC,    15, -7.483644216044e-01, 5.532239880590e-06, 2.2879e+00, 4.3807e-02, 
 2DIAGNOSTIC,    16, -7.483654140200e-01, 2.710077785559e-06, 2.3309e+00, 4.3038e-02, 
 2DIAGNOSTIC,    17, -7.483660680338e-01, 1.433818302435e-06, 2.3773e+00, 4.6369e-02, 
DIAGNOSTIC,Iteration,metricValue,convergenceValue,ITERATION_TIME_INDEX,SINCE_LAST
 2DIAGNOSTIC,     1, -6.226418641291e-01, 1.797693134862e+308, 3.5724e+00, 1.1952e+00, 
 2DIAGNOSTIC,     2, -6.234491371233e-01, 1.797693134862e+308, 3.9061e+00, 3.3371e-01, 
 2DIAGNOSTIC,     3, -6.242017611109e-01, 1.797693134862e+308, 4.2239e+00, 3.1778e-01, 
 2DIAGNOSTIC,     4, -6.251812434913e-01, 1.797693134862e+308, 4.5585e+00, 3.3458e-01, 
 2DIAGNOSTIC,     5, -6.263195603854e-01, 1.797693134862e+308, 4.8610e+00, 3.0248e-01, 
 2DIAGNOSTIC,     6, -6.265030108537e-01, 1.797693134862e+308, 5.2626e+00, 4.0159e-01, 
 2DIAGNOSTIC,     7, -6.267301028266e-01, 1.797693134862e+308, 5.6737e+00, 4.1112e-01, 
 2DIAGNOSTIC,     8, -6.267315536377e-01, 1.797693134862e+308, 6.0894e+00, 4.1570e-01, 
 2DIAGNOSTIC,     9, -6.267337859539e-01, 1.797693134862e+308, 6.4663e+00, 3.7695e-01, 
 2DIAGNOSTIC,    10, -6.267348940656e-01, 4.344619460906e-04, 6.9291e+00, 4.6275e-01, 
 2DIAGNOSTIC,    11, -6.267316341787e-01, 2.843569919362e-04, 7.3065e+00, 3.7745e-01, 
 2DIAGNOSTIC,    12, -6.267308723379e-01, 1.647707791912e-04, 7.6538e+00, 3.4722e-01, 
 2DIAGNOSTIC,    13, -6.267288496964e-01, 7.476793282252e-05, 7.9522e+00, 2.9845e-01, 
 2DIAGNOSTIC,    14, -6.267286662350e-01, 2.196851708264e-05, 8.3145e+00, 3.6235e-01, 
 2DIAGNOSTIC,    15, -6.267294115555e-01, 8.823819226247e-06, 8.6729e+00, 3.5836e-01, 
 2DIAGNOSTIC,    16, -6.267285857403e-01, 1.708722626739e-06, 8.9898e+00, 3.1687e-01, 
 2DIAGNOSTIC,    17, -6.267267507185e-01, 1.474977080453e-06, 9.3274e+00, 3.3762e-01, 
 2DIAGNOSTIC,    18, -6.267259551104e-01, 1.320260834312e-06, 9.6182e+00, 2.9083e-01, 
 2DIAGNOSTIC,    19, -6.267241757722e-01, 1.232149270482e-06, 9.9322e+00, 3.1399e-01, 
 2DIAGNOSTIC,    20, -6.267216349521e-01, 1.162800479813e-06, 1.0252e+01, 3.1941e-01, 
 2DIAGNOSTIC,    21, -6.267227694817e-01, 1.095203355950e-06, 1.0656e+01, 4.0479e-01, 
 2DIAGNOSTIC,    22, -6.267237091161e-01, 1.076991745820e-06, 1.1062e+01, 4.0561e-01, 
 2DIAGNOSTIC,    23, -6.267220644335e-01, 1.022102070404e-06, 1.1400e+01, 3.3750e-01, 
DIAGNOSTIC,Iteration,metricValue,convergenceValue,ITERATION_TIME_INDEX,SINCE_LAST
 2DIAGNOSTIC,     1, -5.529263520008e-01, 1.797693134862e+308, 1.4585e+01, 3.1852e+00, 
 2DIAGNOSTIC,     2, -5.533106933516e-01, 1.797693134862e+308, 1.6663e+01, 2.0784e+00, 
 2DIAGNOSTIC,     3, -5.538291929586e-01, 1.797693134862e+308, 1.8800e+01, 2.1371e+00, 
 2DIAGNOSTIC,     4, -5.546689755789e-01, 1.797693134862e+308, 2.0555e+01, 1.7546e+00, 
 2DIAGNOSTIC,     5, -5.554519790667e-01, 1.797693134862e+308, 2.3192e+01, 2.6376e+00, 
 2DIAGNOSTIC,     6, -5.554512916799e-01, 1.797693134862e+308, 2.6597e+01, 3.4051e+00, 
 2DIAGNOSTIC,     7, -5.554506484214e-01, 1.797693134862e+308, 2.9011e+01, 2.4134e+00, 
 2DIAGNOSTIC,     8, -5.554508232956e-01, 1.797693134862e+308, 3.1898e+01, 2.8869e+00, 
 2DIAGNOSTIC,     9, -5.554506868623e-01, 1.797693134862e+308, 3.4178e+01, 2.2802e+00, 
 2DIAGNOSTIC,    10, -5.554504817867e-01, 3.053027143178e-04, 3.5916e+01, 1.7377e+00, 
 2DIAGNOSTIC,    11, -5.554503334438e-01, 1.940268533681e-04, 3.7923e+01, 2.0071e+00, 
 2DIAGNOSTIC,    12, -5.554502807898e-01, 1.009271426197e-04, 4.0179e+01, 2.2567e+00, 
 2DIAGNOSTIC,    13, -5.554499852979e-01, 3.313079272006e-05, 4.2909e+01, 2.7292e+00, 
 2DIAGNOSTIC,    14, -5.554499105506e-01, 2.137741961367e-06, 4.4746e+01, 1.8377e+00, 
 2DIAGNOSTIC,    15, -5.554495960462e-01, 2.015166311944e-06, 4.6756e+01, 2.0094e+00, 
 2DIAGNOSTIC,    16, -5.554491874818e-01, 1.883490463692e-06, 4.8821e+01, 2.0650e+00, 
 2DIAGNOSTIC,    17, -5.554492096223e-01, 1.758362756059e-06, 5.1012e+01, 2.1916e+00, 
 2DIAGNOSTIC,    18, -5.554488856699e-01, 1.653281501222e-06, 5.2995e+01, 1.9828e+00, 
 2DIAGNOSTIC,    19, -5.554487790834e-01, 1.563653611501e-06, 5.5019e+01, 2.0242e+00, 
 2DIAGNOSTIC,    20, -5.554490841768e-01, 1.496069939412e-06, 5.6887e+01, 1.8681e+00, 
 2DIAGNOSTIC,    21, -5.554494554531e-01, 1.448993943685e-06, 5.8903e+01, 2.0155e+00, 
 2DIAGNOSTIC,    22, -5.554498929129e-01, 1.421290583059e-06, 6.1436e+01, 2.5329e+00, 
 2DIAGNOSTIC,    23, -5.554496646494e-01, 1.386595987425e-06, 6.3642e+01, 2.2057e+00, 
 2DIAGNOSTIC,    24, -5.554496321549e-01, 1.352760434052e-06, 6.5824e+01, 2.1827e+00, 
 2DIAGNOSTIC,    25, -5.554495694175e-01, 1.311526378521e-06, 6.8062e+01, 2.2376e+00, 
 2DIAGNOSTIC,    26, -5.554494268076e-01, 1.258646576872e-06, 6.9923e+01, 1.8610e+00, 
 2DIAGNOSTIC,    27, -5.554490243294e-01, 1.199365827570e-06, 7.2020e+01, 2.0970e+00, 
 2DIAGNOSTIC,    28, -5.554489825851e-01, 1.136122986460e-06, 7.4134e+01, 2.1139e+00, 
 2DIAGNOSTIC,    29, -5.554490841997e-01, 1.077173271490e-06, 7.6309e+01, 2.1754e+00, 
 2DIAGNOSTIC,    30, -5.554491564675e-01, 1.030208112637e-06, 7.8377e+01, 2.0682e+00, 
  Elapsed time (stage 0): 7.9522e+01


Total elapsed time: 7.9525e+01
Info [verificarlo]: loaded backend libinterflop_ieee.so
Info [interflop-ieee]: load backend with:
Info [interflop-ieee]: debug = false
Info [interflop-ieee]: debug-binary = false
Info [interflop-ieee]: no-backend-name = false
Info [interflop-ieee]: print-new-line = false
Info [interflop-ieee]: print-subnormal-normalized = false
Info [interflop-ieee]: count-op = false
All_Command_lines_OK
Using double precision for computations.
=============================================================================
The composite transform comprises the following transforms (in order): 
  1. /home/mdugre/scratch/mri-registration-rp/datasets/ds004513/derivatives/mri-registration-rp/0100/antsRegistration-r8-p15/sub-s030/affine_Composite.h5[0] (type = Euler3DTransform)
  2. /home/mdugre/scratch/mri-registration-rp/datasets/ds004513/derivatives/mri-registration-rp/0100/antsRegistration-r8-p15/sub-s030/affine_Composite.h5[1] (type = Euler3DTransform)
  3. /home/mdugre/scratch/mri-registration-rp/datasets/ds004513/derivatives/mri-registration-rp/0100/antsRegistration-r8-p15/sub-s030/affine_Composite.h5[2] (type = Euler3DTransform)
  4. /home/mdugre/scratch/mri-registration-rp/datasets/ds004513/derivatives/mri-registration-rp/0100/antsRegistration-r8-p15/sub-s030/affine_Composite.h5[3] (type = AffineTransform)
=============================================================================
  number of levels = 4
  fixed image: /templateflow/tpl-MNI152NLin2009cAsym/tpl-MNI152NLin2009cAsym_res-01_desc-brain_T1w.nii.gz
  moving image: /home/mdugre/scratch/mri-registration-rp/datasets/ds004513/derivatives/mri-registration-rp/antsBrainExtraction/sub-s030/BrainExtractionBrain.nii.gz
Dimension = 3
Number of stages = 1
Use histogram matching = false
Winsorize image intensities = true
  Lower quantile = 0.005
  Upper quantile = 0.995


Stage 1 State
   Image metric = CC
     Fixed image = Image (0x48b2a40)
  RTTI typeinfo:   itk::Image<double, 3u>
  Reference Count: 2
  Modified Time: 1606
  Debug: Off
  Object Name: 
  Observers: 
    none
  Source: (none)
  Source output name: (none)
  Release Data: Off
  Data Released: False
  Global Release Data: Off
  PipelineMTime: 0
  UpdateMTime: 1217
  RealTimeStamp: 0 seconds 
  LargestPossibleRegion: 
    Dimension: 3
    Index: [0, 0, 0]
    Size: [193, 229, 193]
  BufferedRegion: 
    Dimension: 3
    Index: [0, 0, 0]
    Size: [193, 229, 193]
  RequestedRegion: 
    Dimension: 3
    Index: [0, 0, 0]
    Size: [193, 229, 193]
  Spacing: [1, 1, 1]
  Origin: [96, 132, -78]
  Direction: 
-1 0 0
0 -1 0
0 0 1

  IndexToPointMatrix: 
-1 0 0
0 -1 0
0 0 1

  PointToIndexMatrix: 
-1 0 0
0 -1 0
0 0 1

  Inverse Direction: 
-1 0 0
0 -1 0
0 0 1

  PixelContainer: 
    ImportImageContainer (0x4981780)
      RTTI typeinfo:   itk::ImportImageContainer<unsigned long, double>
      Reference Count: 1
      Modified Time: 1214
      Debug: Off
      Object Name: 
      Observers: 
        none
      Pointer: 0x146739871010
      Container manages memory: true
      Size: 8530021
      Capacity: 8530021

     Moving image = Image (0x496e3b0)
  RTTI typeinfo:   itk::Image<double, 3u>
  Reference Count: 2
  Modified Time: 1607
  Debug: Off
  Object Name: 
  Observers: 
    none
  Source: (none)
  Source output name: (none)
  Release Data: Off
  Data Released: False
  Global Release Data: Off
  PipelineMTime: 0
  UpdateMTime: 1604
  RealTimeStamp: 0 seconds 
  LargestPossibleRegion: 
    Dimension: 3
    Index: [0, 0, 0]
    Size: [160, 240, 256]
  BufferedRegion: 
    Dimension: 3
    Index: [0, 0, 0]
    Size: [160, 240, 256]
  RequestedRegion: 
    Dimension: 3
    Index: [0, 0, 0]
    Size: [160, 240, 256]
  Spacing: [1, 1, 1]
  Origin: [74.5645, 103.784, -122.692]
  Direction: 
-0.99889 0.0471064 0
-0.0471064 -0.99889 0
0 0 1

  IndexToPointMatrix: 
-0.99889 0.0471064 0
-0.0471064 -0.99889 0
0 0 1

  PointToIndexMatrix: 
-0.99889 -0.0471064 0
0.0471064 -0.99889 0
0 0 1

  Inverse Direction: 
-0.99889 -0.0471064 0
0.0471064 -0.99889 0
0 0 1

  PixelContainer: 
    ImportImageContainer (0x49ca550)
      RTTI typeinfo:   itk::ImportImageContainer<unsigned long, double>
      Reference Count: 1
      Modified Time: 1601
      Debug: Off
      Object Name: 
      Observers: 
        none
      Pointer: 0x146734d70010
      Container manages memory: true
      Size: 9830400
      Capacity: 9830400

     Weighting = 1
     Sampling strategy = none
     Number of bins = 32
     Radius = 4
     Sampling percentage  = 1
   Transform = SyN
     Gradient step = 0.1
     Update field sigma (voxel space) = 3
     Total field sigma (voxel space) = 0
     Update field time sigma = 0
     Total field time sigma  = 0
     Number of time indices = 0
     Number of time point samples = 0
Registration using 1 total stages.

Stage 0
  iterations = 100x70x50x20
  convergence threshold = 1e-06
  convergence window size = 10
  number of levels = 4
  using the CC metric (radius = 4, weight = 1, use gradient filter = 0)
  preprocessing:  winsorizing the image intensities
  Shrink factors (level 1 out of 4): [8, 8, 8]
  Shrink factors (level 2 out of 4): [4, 4, 4]
  Shrink factors (level 3 out of 4): [2, 2, 2]
  Shrink factors (level 4 out of 4): [1, 1, 1]
  smoothing sigmas per level: [3, 2, 1, 0]
  Using default NONE metricSamplingStrategy 

*** Running SyN registration (varianceForUpdateField = 3, varianceForTotalField = 0) ***

XXDIAGNOSTIC,Iteration,metricValue,convergenceValue,ITERATION_TIME_INDEX,SINCE_LAST
 1DIAGNOSTIC,     1, -9.365830369883e-01, 1.797693134862e+308, 1.2630e+00, 1.2630e+00, 
 1DIAGNOSTIC,     2, -9.466663024842e-01, 1.797693134862e+308, 1.5955e+00, 3.3245e-01, 
 1DIAGNOSTIC,     3, -9.533765980370e-01, 1.797693134862e+308, 1.9252e+00, 3.2970e-01, 
 1DIAGNOSTIC,     4, -9.573657740186e-01, 1.797693134862e+308, 2.2508e+00, 3.2567e-01, 
 1DIAGNOSTIC,     5, -9.600979063596e-01, 1.797693134862e+308, 2.5935e+00, 3.4264e-01, 
 1DIAGNOSTIC,     6, -9.632356720193e-01, 1.797693134862e+308, 2.9234e+00, 3.2991e-01, 
 1DIAGNOSTIC,     7, -9.663163026141e-01, 1.797693134862e+308, 3.2506e+00, 3.2723e-01, 
 1DIAGNOSTIC,     8, -9.686697375394e-01, 1.797693134862e+308, 3.5768e+00, 3.2618e-01, 
 1DIAGNOSTIC,     9, -9.707062564562e-01, 1.797693134862e+308, 3.9130e+00, 3.3618e-01, 
 1DIAGNOSTIC,    10, -9.723751161945e-01, 2.142531164842e-03, 4.2392e+00, 3.2623e-01, 
 1DIAGNOSTIC,    11, -9.730708444562e-01, 1.532505648848e-03, 4.5807e+00, 3.4147e-01, 
 1DIAGNOSTIC,    12, -9.732478960824e-01, 1.137560674062e-03, 4.9153e+00, 3.3464e-01, 
 1DIAGNOSTIC,    13, -9.739370886489e-01, 8.683250278955e-04, 5.2457e+00, 3.3045e-01, 
 1DIAGNOSTIC,    14, -9.740404529030e-01, 6.446391014138e-04, 5.5720e+00, 3.2624e-01, 
 1DIAGNOSTIC,    15, -9.746432943806e-01, 4.571160128791e-04, 5.8986e+00, 3.2664e-01, 
 1DIAGNOSTIC,    16, -9.746627124958e-01, 3.087702313151e-04, 6.2330e+00, 3.3440e-01, 
 1DIAGNOSTIC,    17, -9.751455324616e-01, 2.112455042722e-04, 6.5769e+00, 3.4387e-01, 
 1DIAGNOSTIC,    18, -9.751166098934e-01, 1.426121377691e-04, 6.9228e+00, 3.4594e-01, 
 1DIAGNOSTIC,    19, -9.755194029896e-01, 1.054115420063e-04, 7.2822e+00, 3.5935e-01, 
 1DIAGNOSTIC,    20, -9.753898487013e-01, 8.463938859016e-05, 7.6252e+00, 3.4299e-01, 
 1DIAGNOSTIC,    21, -9.757136454692e-01, 7.251146275272e-05, 7.9650e+00, 3.3983e-01, 
 1DIAGNOSTIC,    22, -9.756540325018e-01, 5.615681848523e-05, 8.2984e+00, 3.3335e-01, 
 1DIAGNOSTIC,    23, -9.759727363406e-01, 4.905016657953e-05, 8.6232e+00, 3.2488e-01, 
 1DIAGNOSTIC,    24, -9.758797895265e-01, 3.795842591362e-05, 8.9492e+00, 3.2596e-01, 
 1DIAGNOSTIC,    25, -9.761635614562e-01, 3.484098203355e-05, 9.2739e+00, 3.2467e-01, 
 1DIAGNOSTIC,    26, -9.761104046438e-01, 2.824403216570e-05, 9.6091e+00, 3.3525e-01, 
 1DIAGNOSTIC,    27, -9.763736441765e-01, 2.775755184404e-05, 9.9418e+00, 3.3265e-01, 
 1DIAGNOSTIC,    28, -9.762558584812e-01, 2.309543760505e-05, 1.0269e+01, 3.2728e-01, 
 1DIAGNOSTIC,    29, -9.764996996090e-01, 2.333594547185e-05, 1.0601e+01, 3.3158e-01, 
 1DIAGNOSTIC,    30, -9.763729946731e-01, 1.882776508157e-05, 1.0928e+01, 3.2750e-01, 
 1DIAGNOSTIC,    31, -9.766043673806e-01, 1.824812945093e-05, 1.1270e+01, 3.4156e-01, 
 1DIAGNOSTIC,    32, -9.764735638499e-01, 1.420695794773e-05, 1.1605e+01, 3.3565e-01, 
 1DIAGNOSTIC,    33, -9.766941767182e-01, 1.403155485995e-05, 1.1945e+01, 3.3938e-01, 
 1DIAGNOSTIC,    34, -9.765584129943e-01, 1.055597335461e-05, 1.2276e+01, 3.3087e-01, 
 1DIAGNOSTIC,    35, -9.768030194884e-01, 1.084837626114e-05, 1.2608e+01, 3.3279e-01, 
 1DIAGNOSTIC,    36, -9.767222332759e-01, 8.985703835319e-06, 1.2942e+01, 3.3411e-01, 
 1DIAGNOSTIC,    37, -9.769266743806e-01, 1.021395719255e-05, 1.3268e+01, 3.2535e-01, 
 1DIAGNOSTIC,    38, -9.767847898755e-01, 8.408476294658e-06, 1.3620e+01, 3.5182e-01, 
 1DIAGNOSTIC,    39, -9.769826954306e-01, 9.363526578134e-06, 1.3953e+01, 3.3370e-01, 
 1DIAGNOSTIC,    40, -9.768376905329e-01, 7.381747545297e-06, 1.4278e+01, 3.2505e-01, 
 1DIAGNOSTIC,    41, -9.770273609673e-01, 7.929892099627e-06, 1.4612e+01, 3.3318e-01, 
 1DIAGNOSTIC,    42, -9.768808543761e-01, 5.765268996542e-06, 1.4938e+01, 3.2636e-01, 
 1DIAGNOSTIC,    43, -9.770655710456e-01, 6.051199991378e-06, 1.5270e+01, 3.3232e-01, 
 1DIAGNOSTIC,    44, -9.769178204369e-01, 3.860915342404e-06, 1.5598e+01, 3.2812e-01, 
 1DIAGNOSTIC,    45, -9.770977127991e-01, 4.274880741548e-06, 1.5942e+01, 3.4393e-01, 
 1DIAGNOSTIC,    46, -9.769488653801e-01, 2.804878527583e-06, 1.6284e+01, 3.4183e-01, 
 1DIAGNOSTIC,    47, -9.771241609013e-01, 3.613882284509e-06, 1.6616e+01, 3.3193e-01, 
 1DIAGNOSTIC,    48, -9.769758021121e-01, 2.278962960185e-06, 1.6949e+01, 3.3248e-01, 
 1DIAGNOSTIC,    49, -9.771489374424e-01, 3.110984311747e-06, 1.7273e+01, 3.2402e-01, 
 1DIAGNOSTIC,    50, -9.770000558775e-01, 1.898292737262e-06, 1.7604e+01, 3.3184e-01, 
 1DIAGNOSTIC,    51, -9.771698326315e-01, 2.723776604922e-06, 1.7947e+01, 3.4296e-01, 
 1DIAGNOSTIC,    52, -9.770203850619e-01, 1.598579078228e-06, 1.8272e+01, 3.2471e-01, 
 1DIAGNOSTIC,    53, -9.771868582002e-01, 2.406919252813e-06, 1.8606e+01, 3.3430e-01, 
 1DIAGNOSTIC,    54, -9.770376647438e-01, 1.353562831114e-06, 1.8933e+01, 3.2649e-01, 
 1DIAGNOSTIC,    55, -9.772468898852e-01, 2.379502490272e-06, 1.9260e+01, 3.2667e-01, 
 1DIAGNOSTIC,    56, -9.770982588603e-01, 1.588316660101e-06, 1.9585e+01, 3.2527e-01, 
 1DIAGNOSTIC,    57, -9.772598682374e-01, 2.501763230502e-06, 1.9923e+01, 3.3803e-01, 
 1DIAGNOSTIC,    58, -9.771119729937e-01, 1.661926940046e-06, 2.0256e+01, 3.3305e-01, 
 1DIAGNOSTIC,    59, -9.772719005252e-01, 2.435171565195e-06, 2.0588e+01, 3.3177e-01, 
 1DIAGNOSTIC,    60, -9.771247922378e-01, 1.511142762964e-06, 2.0936e+01, 3.4811e-01, 
 1DIAGNOSTIC,    61, -9.772839541747e-01, 2.139104779770e-06, 2.1301e+01, 3.6568e-01, 
 1DIAGNOSTIC,    62, -9.771381455634e-01, 1.161202170707e-06, 2.1666e+01, 3.6477e-01, 
 1DIAGNOSTIC,    63, -9.772954877870e-01, 1.695841314167e-06, 2.2008e+01, 3.4197e-01, 
 1DIAGNOSTIC,    64, -9.771505765307e-01, 7.105240754021e-07, 2.2355e+01, 3.4680e-01, 
XXDIAGNOSTIC,Iteration,metricValue,convergenceValue,ITERATION_TIME_INDEX,SINCE_LAST
 1DIAGNOSTIC,     1, -9.193484634224e-01, 1.797693134862e+308, 2.5574e+01, 3.2194e+00, 
 1DIAGNOSTIC,     2, -9.219621691993e-01, 1.797693134862e+308, 2.7866e+01, 2.2916e+00, 
 1DIAGNOSTIC,     3, -9.246095353759e-01, 1.797693134862e+308, 3.0176e+01, 2.3100e+00, 
 1DIAGNOSTIC,     4, -9.267685423827e-01, 1.797693134862e+308, 3.2564e+01, 2.3878e+00, 
 1DIAGNOSTIC,     5, -9.286621205694e-01, 1.797693134862e+308, 3.4831e+01, 2.2668e+00, 
 1DIAGNOSTIC,     6, -9.302453124344e-01, 1.797693134862e+308, 3.7026e+01, 2.1954e+00, 
 1DIAGNOSTIC,     7, -9.316304781707e-01, 1.797693134862e+308, 3.9422e+01, 2.3963e+00, 
 1DIAGNOSTIC,     8, -9.328645228488e-01, 1.797693134862e+308, 4.1917e+01, 2.4946e+00, 
 1DIAGNOSTIC,     9, -9.338298693932e-01, 1.797693134862e+308, 4.4125e+01, 2.2086e+00, 
 1DIAGNOSTIC,    10, -9.346921521205e-01, 1.045134629048e-03, 4.6340e+01, 2.2144e+00, 
 1DIAGNOSTIC,    11, -9.354594884601e-01, 8.219855856654e-04, 4.8625e+01, 2.2851e+00, 
 1DIAGNOSTIC,    12, -9.361581528377e-01, 6.459667411843e-04, 5.1012e+01, 2.3871e+00, 
 1DIAGNOSTIC,    13, -9.367978668958e-01, 5.154468651339e-04, 5.3233e+01, 2.2213e+00, 
 1DIAGNOSTIC,    14, -9.373747452747e-01, 4.160364346576e-04, 5.5910e+01, 2.6767e+00, 
 1DIAGNOSTIC,    15, -9.379047848111e-01, 3.409648876015e-04, 5.8324e+01, 2.4140e+00, 
 1DIAGNOSTIC,    16, -9.383884249890e-01, 2.831908098158e-04, 6.0553e+01, 2.2288e+00, 
 1DIAGNOSTIC,    17, -9.388301781600e-01, 2.387011793236e-04, 6.3011e+01, 2.4577e+00, 
 1DIAGNOSTIC,    18, -9.392338927164e-01, 2.047331899967e-04, 6.5335e+01, 2.3246e+00, 
 1DIAGNOSTIC,    19, -9.395981928653e-01, 1.766172825733e-04, 6.7537e+01, 2.2015e+00, 
 1DIAGNOSTIC,    20, -9.399254695211e-01, 1.529743149979e-04, 6.9743e+01, 2.2057e+00, 
 1DIAGNOSTIC,    21, -9.402210023540e-01, 1.327182591099e-04, 7.1941e+01, 2.1988e+00, 
 1DIAGNOSTIC,    22, -9.404850224587e-01, 1.152192119452e-04, 7.4174e+01, 2.2325e+00, 
 1DIAGNOSTIC,    23, -9.407242819201e-01, 1.000948805787e-04, 7.6723e+01, 2.5489e+00, 
 1DIAGNOSTIC,    24, -9.409388000586e-01, 8.689266753649e-05, 7.9288e+01, 2.5649e+00, 
 1DIAGNOSTIC,    25, -9.411339869919e-01, 7.543326288687e-05, 8.1493e+01, 2.2059e+00, 
 1DIAGNOSTIC,    26, -9.413100206685e-01, 6.550534655238e-05, 8.3964e+01, 2.4705e+00, 
 1DIAGNOSTIC,    27, -9.414735532114e-01, 5.699308273779e-05, 8.6178e+01, 2.2143e+00, 
 1DIAGNOSTIC,    28, -9.416165807368e-01, 4.968776149199e-05, 8.8630e+01, 2.4522e+00, 
 1DIAGNOSTIC,    29, -9.417451908212e-01, 4.340548472802e-05, 9.0837e+01, 2.2065e+00, 
 1DIAGNOSTIC,    30, -9.418611075823e-01, 3.797687432758e-05, 9.3056e+01, 2.2192e+00, 
 1DIAGNOSTIC,    31, -9.419706116785e-01, 3.332602501840e-05, 9.5302e+01, 2.2461e+00, 
 1DIAGNOSTIC,    32, -9.420587254473e-01, 2.920402631300e-05, 9.7506e+01, 2.2042e+00, 
 1DIAGNOSTIC,    33, -9.421409159664e-01, 2.558051951707e-05, 9.9787e+01, 2.2810e+00, 
 1DIAGNOSTIC,    34, -9.422157189709e-01, 2.238661751228e-05, 1.0201e+02, 2.2257e+00, 
 1DIAGNOSTIC,    35, -9.422820573467e-01, 1.957717955300e-05, 1.0420e+02, 2.1825e+00, 
 1DIAGNOSTIC,    36, -9.423370711345e-01, 1.707057814657e-05, 1.0660e+02, 2.4074e+00, 
 1DIAGNOSTIC,    37, -9.423856707387e-01, 1.487942955544e-05, 1.0881e+02, 2.2036e+00, 
 1DIAGNOSTIC,    38, -9.424303483271e-01, 1.295042248724e-05, 1.1110e+02, 2.2958e+00, 
 1DIAGNOSTIC,    39, -9.424688741789e-01, 1.124942269884e-05, 1.1346e+02, 2.3538e+00, 
 1DIAGNOSTIC,    40, -9.425052027441e-01, 9.777258843623e-06, 1.1584e+02, 2.3798e+00, 
 1DIAGNOSTIC,    41, -9.425311070180e-01, 8.510507192274e-06, 1.1818e+02, 2.3444e+00, 
 1DIAGNOSTIC,    42, -9.425561315134e-01, 7.373786765866e-06, 1.2060e+02, 2.4210e+00, 
 1DIAGNOSTIC,    43, -9.425743213723e-01, 6.356516723795e-06, 1.2291e+02, 2.3049e+00, 
 1DIAGNOSTIC,    44, -9.425891475575e-01, 5.458220713107e-06, 1.2554e+02, 2.6332e+00, 
 1DIAGNOSTIC,    45, -9.426001176045e-01, 4.661899364794e-06, 1.2803e+02, 2.4941e+00, 
 1DIAGNOSTIC,    46, -9.426077081126e-01, 3.929761064617e-06, 1.3057e+02, 2.5313e+00, 
 1DIAGNOSTIC,    47, -9.426114450284e-01, 3.252351180285e-06, 1.3282e+02, 2.2592e+00, 
 1DIAGNOSTIC,    48, -9.426125189080e-01, 2.642254393979e-06, 1.3511e+02, 2.2875e+00, 
 1DIAGNOSTIC,    49, -9.426109907799e-01, 2.093124374106e-06, 1.3747e+02, 2.3545e+00, 
 1DIAGNOSTIC,    50, -9.426072349426e-01, 1.623424130549e-06, 1.3984e+02, 2.3776e+00, 
 1DIAGNOSTIC,    51, -9.425996471686e-01, 1.184603121828e-06, 1.4204e+02, 2.1959e+00, 
 1DIAGNOSTIC,    52, -9.425950739186e-01, 8.276139013066e-07, 1.4424e+02, 2.1998e+00, 
XXDIAGNOSTIC,Iteration,metricValue,convergenceValue,ITERATION_TIME_INDEX,SINCE_LAST
 1DIAGNOSTIC,     1, -8.914826970680e-01, 1.797693134862e+308, 1.6455e+02, 2.0307e+01, 
 1DIAGNOSTIC,     2, -8.926266504662e-01, 1.797693134862e+308, 1.8240e+02, 1.7855e+01, 
 1DIAGNOSTIC,     3, -8.944363500672e-01, 1.797693134862e+308, 2.0105e+02, 1.8648e+01, 
 1DIAGNOSTIC,     4, -8.962717392471e-01, 1.797693134862e+308, 2.2141e+02, 2.0363e+01, 
 1DIAGNOSTIC,     5, -8.980388181833e-01, 1.797693134862e+308, 2.4035e+02, 1.8938e+01, 
 1DIAGNOSTIC,     6, -8.999254505645e-01, 1.797693134862e+308, 2.5852e+02, 1.8165e+01, 
 1DIAGNOSTIC,     7, -9.019158120432e-01, 1.797693134862e+308, 2.7691e+02, 1.8395e+01, 
 1DIAGNOSTIC,     8, -9.036599163681e-01, 1.797693134862e+308, 2.9625e+02, 1.9344e+01, 
 1DIAGNOSTIC,     9, -9.052684668468e-01, 1.797693134862e+308, 3.1589e+02, 1.9634e+01, 
 1DIAGNOSTIC,    10, -9.067588034749e-01, 1.133101303389e-03, 3.3395e+02, 1.8063e+01, 
 1DIAGNOSTIC,    11, -9.081212672976e-01, 1.023027150324e-03, 3.5333e+02, 1.9379e+01, 
 1DIAGNOSTIC,    12, -9.093764221696e-01, 9.019145815457e-04, 3.7164e+02, 1.8307e+01, 
 1DIAGNOSTIC,    13, -9.105434072335e-01, 7.896508281580e-04, 3.8981e+02, 1.8172e+01, 
 1DIAGNOSTIC,    14, -9.116410127257e-01, 6.873801987516e-04, 4.0817e+02, 1.8362e+01, 
 1DIAGNOSTIC,    15, -9.125108937192e-01, 5.909525500218e-04, 4.2780e+02, 1.9627e+01, 
 1DIAGNOSTIC,    16, -9.134835693953e-01, 5.082208328851e-04, 4.4680e+02, 1.8999e+01, 
 1DIAGNOSTIC,    17, -9.142445683939e-01, 4.389321238010e-04, 4.6526e+02, 1.8465e+01, 
 1DIAGNOSTIC,    18, -9.149650114795e-01, 3.795403031977e-04, 4.8326e+02, 1.8001e+01, 
 1DIAGNOSTIC,    19, -9.156386350589e-01, 3.287229461167e-04, 5.0155e+02, 1.8291e+01, 
 1DIAGNOSTIC,    20, -9.162719338704e-01, 2.855745981023e-04, 5.2044e+02, 1.8887e+01, 
 1DIAGNOSTIC,    21, -9.168676024823e-01, 2.490017661505e-04, 5.3912e+02, 1.8683e+01, 
 1DIAGNOSTIC,    22, -9.174342372291e-01, 2.183048685163e-04, 5.5765e+02, 1.8528e+01, 
 1DIAGNOSTIC,    23, -9.179790944183e-01, 1.930455801750e-04, 5.7682e+02, 1.9163e+01, 
 1DIAGNOSTIC,    24, -9.185097930451e-01, 1.729820669728e-04, 5.9614e+02, 1.9320e+01, 
 1DIAGNOSTIC,    25, -9.190176029195e-01, 1.553991762416e-04, 6.1430e+02, 1.8163e+01, 
 1DIAGNOSTIC,    26, -9.195070296831e-01, 1.420892378641e-04, 6.3248e+02, 1.8185e+01, 
 1DIAGNOSTIC,    27, -9.199801389589e-01, 1.306247059943e-04, 6.5124e+02, 1.8759e+01, 
 1DIAGNOSTIC,    28, -9.204285138181e-01, 1.206637706392e-04, 6.6984e+02, 1.8599e+01, 
 1DIAGNOSTIC,    29, -9.208535674923e-01, 1.117980911652e-04, 6.8946e+02, 1.9617e+01, 
 1DIAGNOSTIC,    30, -9.212539309885e-01, 1.036910329865e-04, 7.0770e+02, 1.8236e+01, 
 1DIAGNOSTIC,    31, -9.216327976086e-01, 9.609203058468e-05, 7.2568e+02, 1.7989e+01, 
 1DIAGNOSTIC,    32, -9.219959986175e-01, 8.892109702169e-05, 7.4516e+02, 1.9472e+01, 
 1DIAGNOSTIC,    33, -9.223449876547e-01, 8.219260134164e-05, 7.6445e+02, 1.9289e+01, 
 1DIAGNOSTIC,    34, -9.226855087673e-01, 7.604527397664e-05, 7.8348e+02, 1.9035e+01, 
 1DIAGNOSTIC,    35, -9.230114640533e-01, 7.044994622890e-05, 8.0197e+02, 1.8492e+01, 
 1DIAGNOSTIC,    36, -9.233129065691e-01, 6.531537154515e-05, 8.2111e+02, 1.9136e+01, 
 1DIAGNOSTIC,    37, -9.235953555320e-01, 6.061367106657e-05, 8.4025e+02, 1.9138e+01, 
 1DIAGNOSTIC,    38, -9.238636940483e-01, 5.627272528853e-05, 8.5969e+02, 1.9440e+01, 
 1DIAGNOSTIC,    39, -9.241195923118e-01, 5.224078253958e-05, 8.7783e+02, 1.8143e+01, 
 1DIAGNOSTIC,    40, -9.243606921519e-01, 4.843602270896e-05, 8.9961e+02, 2.1777e+01, 
 1DIAGNOSTIC,    41, -9.245823287601e-01, 4.477341140165e-05, 9.2037e+02, 2.0767e+01, 
 1DIAGNOSTIC,    42, -9.247952808329e-01, 4.130327219710e-05, 9.3879e+02, 1.8422e+01, 
 1DIAGNOSTIC,    43, -9.249985568133e-01, 3.806637228808e-05, 9.5823e+02, 1.9433e+01, 
 1DIAGNOSTIC,    44, -9.251944203163e-01, 3.515090636446e-05, 9.7831e+02, 2.0082e+01, 
 1DIAGNOSTIC,    45, -9.253879816939e-01, 3.261779902327e-05, 9.9676e+02, 1.8455e+01, 
 1DIAGNOSTIC,    46, -9.255847828347e-01, 3.046771785712e-05, 1.0186e+03, 2.1826e+01, 
 1DIAGNOSTIC,    47, -9.257824450488e-01, 2.869349918538e-05, 1.0377e+03, 1.9062e+01, 
 1DIAGNOSTIC,    48, -9.259853136670e-01, 2.732132923880e-05, 1.0557e+03, 1.8096e+01, 
 1DIAGNOSTIC,    49, -9.261932811430e-01, 2.635420534920e-05, 1.0738e+03, 1.8031e+01, 
 1DIAGNOSTIC,    50, -9.264082172747e-01, 2.575936040378e-05, 1.0916e+03, 1.7826e+01, 
XXDIAGNOSTIC,Iteration,metricValue,convergenceValue,ITERATION_TIME_INDEX,SINCE_LAST
 1DIAGNOSTIC,     1, -8.758656046483e-01, 1.797693134862e+308, 1.2889e+03, 1.9730e+02, 
 1DIAGNOSTIC,     2, -8.770496051526e-01, 1.797693134862e+308, 1.4952e+03, 2.0627e+02, 
 1DIAGNOSTIC,     3, -8.785692410344e-01, 1.797693134862e+308, 1.7046e+03, 2.0944e+02, 
 1DIAGNOSTIC,     4, -8.800000306444e-01, 1.797693134862e+308, 1.8827e+03, 1.7811e+02, 
 1DIAGNOSTIC,     5, -8.816441302380e-01, 1.797693134862e+308, 2.0523e+03, 1.6961e+02, 
 1DIAGNOSTIC,     6, -8.830109725396e-01, 1.797693134862e+308, 2.2566e+03, 2.0430e+02, 
 1DIAGNOSTIC,     7, -8.843774105061e-01, 1.797693134862e+308, 2.4573e+03, 2.0061e+02, 
 1DIAGNOSTIC,     8, -8.855329847343e-01, 1.797693134862e+308, 2.6291e+03, 1.7182e+02, 
 1DIAGNOSTIC,     9, -8.866246371446e-01, 1.797693134862e+308, 2.8211e+03, 1.9198e+02, 
 1DIAGNOSTIC,    10, -8.875900511421e-01, 8.811749827489e-04, 2.9995e+03, 1.7845e+02, 
 1DIAGNOSTIC,    11, -8.885177769907e-01, 7.652146792475e-04, 3.1735e+03, 1.7396e+02, 
 1DIAGNOSTIC,    12, -8.893503836764e-01, 6.536353204029e-04, 3.3291e+03, 1.5565e+02, 
 1DIAGNOSTIC,    13, -8.901021975259e-01, 5.561405724116e-04, 3.5042e+03, 1.7505e+02, 
 1DIAGNOSTIC,    14, -8.908034056347e-01, 4.706126454652e-04, 3.6682e+03, 1.6406e+02, 
 1DIAGNOSTIC,    15, -8.914742149756e-01, 4.028532871296e-04, 3.8645e+03, 1.9628e+02, 
 1DIAGNOSTIC,    16, -8.921070814015e-01, 3.464419487629e-04, 4.0481e+03, 1.8355e+02, 
 1DIAGNOSTIC,    17, -8.927090374502e-01, 3.017312787780e-04, 4.2085e+03, 1.6045e+02, 
 1DIAGNOSTIC,    18, -8.932790324275e-01, 2.646940314339e-04, 4.3807e+03, 1.7217e+02, 
 1DIAGNOSTIC,    19, -8.938252054761e-01, 2.345454635370e-04, 4.5442e+03, 1.6357e+02, 
 1DIAGNOSTIC,    20, -8.943476766221e-01, 2.093282985974e-04, 4.7059e+03, 1.6165e+02, 
  Elapsed time (stage 0): 4707.09


Total elapsed time: 4707.1
