
##########################
# Experiment information #
##########################

EXPERIMENT_NAME: antsRegistration-r8-p14
VFC_BACKENDS: libinterflop_vprec.so --range-binary32=8 --precision-binary32=14 --range-binary64=8 --precision-binary64=14

SIF_IMG: /home/mdugre/projects/rrg-glatard/mdugre/containers/ants-vprec-no_metrics.simg

SUBJECT_ID: s035
INPUT_IMG: /home/mdugre/scratch/mri-registration-rp/datasets/ds004513/derivatives/mri-registration-rp/antsBrainExtraction/sub-s035/BrainExtractionBrain.nii.gz
OUTPUT_DIR: /home/mdugre/scratch/mri-registration-rp/datasets/ds004513/derivatives/mri-registration-rp/0100/antsRegistration-r8-p14/sub-s035

FIXED_IMG: /templateflow/tpl-MNI152NLin2009cAsym/tpl-MNI152NLin2009cAsym_res-01_desc-brain_T1w.nii.gz
DATA_DIR: /home/mdugre/scratch/mri-registration-rp/datasets/ds004513
TEMPLATEFLOW_DIR: /home/mdugre/projects/rrg-glatard/mdugre/templateflow
ITK_GLOBAL_DEFAULT_NUMBER_OF_THREADS: 16
##########################

Info [verificarlo]: loaded backend libinterflop_ieee.so
Info [interflop-ieee]: load backend with:
Info [interflop-ieee]: debug = false
Info [interflop-ieee]: debug-binary = false
Info [interflop-ieee]: no-backend-name = false
Info [interflop-ieee]: print-new-line = false
Info [interflop-ieee]: print-subnormal-normalized = false
Info [interflop-ieee]: count-op = false
All_Command_lines_OK
Using double precision for computations.
=============================================================================
The composite transform comprises the following transforms (in order): 
  1. Center of mass alignment using fixed image: /templateflow/tpl-MNI152NLin2009cAsym/tpl-MNI152NLin2009cAsym_res-01_desc-brain_T1w.nii.gz and moving image: /home/mdugre/scratch/mri-registration-rp/datasets/ds004513/derivatives/mri-registration-rp/antsBrainExtraction/sub-s035/BrainExtractionBrain.nii.gz (type = Euler3DTransform)
=============================================================================
  number of levels = 1
  fixed image: /templateflow/tpl-MNI152NLin2009cAsym/tpl-MNI152NLin2009cAsym_res-01_desc-brain_T1w.nii.gz
  moving image: /home/mdugre/scratch/mri-registration-rp/datasets/ds004513/derivatives/mri-registration-rp/antsBrainExtraction/sub-s035/BrainExtractionBrain.nii.gz
Dimension = 3
Number of stages = 1
Use histogram matching = false
Winsorize image intensities = true
  Lower quantile = 0.005
  Upper quantile = 0.995


Stage 1 State
   Image metric = MattesMI
     Fixed image = Image (0x43dee70)
  RTTI typeinfo:   itk::Image<double, 3u>
  Reference Count: 2
  Modified Time: 2330
  Debug: Off
  Object Name: 
  Observers: 
    none
  Source: (none)
  Source output name: (none)
  Release Data: Off
  Data Released: False
  Global Release Data: Off
  PipelineMTime: 0
  UpdateMTime: 1941
  RealTimeStamp: 0 seconds 
  LargestPossibleRegion: 
    Dimension: 3
    Index: [0, 0, 0]
    Size: [193, 229, 193]
  BufferedRegion: 
    Dimension: 3
    Index: [0, 0, 0]
    Size: [193, 229, 193]
  RequestedRegion: 
    Dimension: 3
    Index: [0, 0, 0]
    Size: [193, 229, 193]
  Spacing: [1, 1, 1]
  Origin: [96, 132, -78]
  Direction: 
-1 0 0
0 -1 0
0 0 1

  IndexToPointMatrix: 
-1 0 0
0 -1 0
0 0 1

  PointToIndexMatrix: 
-1 0 0
0 -1 0
0 0 1

  Inverse Direction: 
-1 0 0
0 -1 0
0 0 1

  PixelContainer: 
    ImportImageContainer (0x43e7c60)
      RTTI typeinfo:   itk::ImportImageContainer<unsigned long, double>
      Reference Count: 1
      Modified Time: 1938
      Debug: Off
      Object Name: 
      Observers: 
        none
      Pointer: 0x14ba96784010
      Container manages memory: true
      Size: 8530021
      Capacity: 8530021

     Moving image = Image (0x447bec0)
  RTTI typeinfo:   itk::Image<double, 3u>
  Reference Count: 2
  Modified Time: 2331
  Debug: Off
  Object Name: 
  Observers: 
    none
  Source: (none)
  Source output name: (none)
  Release Data: Off
  Data Released: False
  Global Release Data: Off
  PipelineMTime: 0
  UpdateMTime: 2328
  RealTimeStamp: 0 seconds 
  LargestPossibleRegion: 
    Dimension: 3
    Index: [0, 0, 0]
    Size: [160, 240, 256]
  BufferedRegion: 
    Dimension: 3
    Index: [0, 0, 0]
    Size: [160, 240, 256]
  RequestedRegion: 
    Dimension: 3
    Index: [0, 0, 0]
    Size: [160, 240, 256]
  Spacing: [1, 1, 1]
  Origin: [98.6438, 87.6358, -117.989]
  Direction: 
-0.993515 -0.100993 -0.0522355
0.100854 -0.994887 0.00530255
-0.0525039 1.93537e-08 0.998621

  IndexToPointMatrix: 
-0.993515 -0.100993 -0.0522355
0.100854 -0.994887 0.00530255
-0.0525039 1.93537e-08 0.998621

  PointToIndexMatrix: 
-0.993515 0.100854 -0.0525039
-0.100993 -0.994887 1.93006e-08
-0.0522355 0.00530255 0.998621

  Inverse Direction: 
-0.993515 0.100854 -0.0525039
-0.100993 -0.994887 1.93006e-08
-0.0522355 0.00530255 0.998621

  PixelContainer: 
    ImportImageContainer (0x4513610)
      RTTI typeinfo:   itk::ImportImageContainer<unsigned long, double>
      Reference Count: 1
      Modified Time: 2325
      Debug: Off
      Object Name: 
      Observers: 
        none
      Pointer: 0x14ba91c83010
      Container manages memory: true
      Size: 9830400
      Capacity: 9830400

     Weighting = 1
     Sampling strategy = regular
     Number of bins = 32
     Radius = 4
     Sampling percentage  = 0.25
   Transform = Rigid
     Gradient step = 0.1
     Update field sigma (voxel space) = 0
     Total field sigma (voxel space) = 0
     Update field time sigma = 0
     Total field time sigma  = 0
     Number of time indices = 0
     Number of time point samples = 0
Registration using 1 total stages.

Stage 0
  iterations = 0
  convergence threshold = 1e-06
  convergence window size = 10
  number of levels = 1
  using the Mattes MI metric (number of bins = 32, weight = 1, use gradient filter = 0)
  preprocessing:  winsorizing the image intensities
  Shrink factors (level 1 out of 1): [1, 1, 1]
  smoothing sigmas per level: [0]
  regular sampling (percentage = 0.25)

*** Running Euler3DTransform registration ***

  Elapsed time (stage 0): 1.15093


Total elapsed time: 1.15613
Info [verificarlo]: loaded backend libinterflop_vprec.so
Info [interflop-vprec]: load backend with: 
Info [interflop-vprec]: precision-binary32 = 14
Info [interflop-vprec]: range-binary32 = 8
Info [interflop-vprec]: precision-binary64 = 14
Info [interflop-vprec]: range-binary64 = 8
Info [interflop-vprec]: mode = ob
Info [interflop-vprec]: error-mode = rel
Info [interflop-vprec]: max-abs-error-exponent = -1022
Info [interflop-vprec]: daz = false
Info [interflop-vprec]: ftz = false
Info [interflop-vprec]: 	instrument = none
Info [interflop-vprec]: 	prec-input-file = (null)
Info [interflop-vprec]: 	prec-output-file = (null)
Info [interflop-vprec]: 	prec-log-file = (null)
All_Command_lines_OK
Using double precision for computations.
=============================================================================
The composite transform comprises the following transforms (in order): 
  1. /home/mdugre/scratch/mri-registration-rp/datasets/ds004513/derivatives/mri-registration-rp/0100/antsRegistration-r8-p14/sub-s035/align_Composite.h5[0] (type = Euler3DTransform)
  2. /home/mdugre/scratch/mri-registration-rp/datasets/ds004513/derivatives/mri-registration-rp/0100/antsRegistration-r8-p14/sub-s035/align_Composite.h5[1] (type = Euler3DTransform)
=============================================================================
  number of levels = 4
  fixed image: /templateflow/tpl-MNI152NLin2009cAsym/tpl-MNI152NLin2009cAsym_res-01_desc-brain_T1w.nii.gz
  moving image: /home/mdugre/scratch/mri-registration-rp/datasets/ds004513/derivatives/mri-registration-rp/antsBrainExtraction/sub-s035/BrainExtractionBrain.nii.gz
Dimension = 3
Number of stages = 1
Use histogram matching = false
Winsorize image intensities = true
  Lower quantile = 0.005
  Upper quantile = 0.995


Stage 1 State
   Image metric = MattesMI
     Fixed image = Image (0x40c21e0)
  RTTI typeinfo:   itk::Image<double, 3u>
  Reference Count: 2
  Modified Time: 1578
  Debug: Off
  Object Name: 
  Observers: 
    none
  Source: (none)
  Source output name: (none)
  Release Data: Off
  Data Released: False
  Global Release Data: Off
  PipelineMTime: 0
  UpdateMTime: 1189
  RealTimeStamp: 0 seconds 
  LargestPossibleRegion: 
    Dimension: 3
    Index: [0, 0, 0]
    Size: [193, 229, 193]
  BufferedRegion: 
    Dimension: 3
    Index: [0, 0, 0]
    Size: [193, 229, 193]
  RequestedRegion: 
    Dimension: 3
    Index: [0, 0, 0]
    Size: [193, 229, 193]
  Spacing: [1, 1, 1]
  Origin: [96, 132, -78]
  Direction: 
-1 0 0
0 -1 0
0 0 1

  IndexToPointMatrix: 
-1 0 0
0 -1 0
0 0 1

  PointToIndexMatrix: 
-1 0 0
0 -1 0
0 0 1

  Inverse Direction: 
-1 0 0
0 -1 0
0 0 1

  PixelContainer: 
    ImportImageContainer (0x4181680)
      RTTI typeinfo:   itk::ImportImageContainer<unsigned long, double>
      Reference Count: 1
      Modified Time: 1186
      Debug: Off
      Object Name: 
      Observers: 
        none
      Pointer: 0x146d7a66b010
      Container manages memory: true
      Size: 8530021
      Capacity: 8530021

     Moving image = Image (0x417db20)
  RTTI typeinfo:   itk::Image<double, 3u>
  Reference Count: 2
  Modified Time: 1579
  Debug: Off
  Object Name: 
  Observers: 
    none
  Source: (none)
  Source output name: (none)
  Release Data: Off
  Data Released: False
  Global Release Data: Off
  PipelineMTime: 0
  UpdateMTime: 1576
  RealTimeStamp: 0 seconds 
  LargestPossibleRegion: 
    Dimension: 3
    Index: [0, 0, 0]
    Size: [160, 240, 256]
  BufferedRegion: 
    Dimension: 3
    Index: [0, 0, 0]
    Size: [160, 240, 256]
  RequestedRegion: 
    Dimension: 3
    Index: [0, 0, 0]
    Size: [160, 240, 256]
  Spacing: [1, 1, 1]
  Origin: [98.6445, 87.6367, -117.988]
  Direction: 
-0.99353 -0.100986 -0.0522366
0.100857 -0.994873 0.00530243
-0.0525055 1.19206e-07 0.998627

  IndexToPointMatrix: 
-0.99353 -0.100986 -0.0522366
0.100857 -0.994873 0.00530243
-0.0525055 1.19206e-07 0.998627

  PointToIndexMatrix: 
-0.99353 0.100857 -0.0525055
-0.101002 -0.994965 3.05176e-05
-0.0522385 0.00531006 0.998627

  Inverse Direction: 
-0.99353 0.100857 -0.0525055
-0.101002 -0.994965 3.05176e-05
-0.0522385 0.00531006 0.998627

  PixelContainer: 
    ImportImageContainer (0x41e6d50)
      RTTI typeinfo:   itk::ImportImageContainer<unsigned long, double>
      Reference Count: 1
      Modified Time: 1573
      Debug: Off
      Object Name: 
      Observers: 
        none
      Pointer: 0x146d75b6a010
      Container manages memory: true
      Size: 9830400
      Capacity: 9830400

     Weighting = 1
     Sampling strategy = regular
     Number of bins = 32
     Radius = 4
     Sampling percentage  = 0.25
   Transform = Rigid
     Gradient step = 0.1
     Update field sigma (voxel space) = 0
     Total field sigma (voxel space) = 0
     Update field time sigma = 0
     Total field time sigma  = 0
     Number of time indices = 0
     Number of time point samples = 0
Registration using 1 total stages.

Stage 0
  iterations = 1000x500x250x100
  convergence threshold = 1e-06
  convergence window size = 10
  number of levels = 4
  using the Mattes MI metric (number of bins = 32, weight = 1, use gradient filter = 0)
  preprocessing:  winsorizing the image intensities
  Shrink factors (level 1 out of 4): [8, 8, 8]
  Shrink factors (level 2 out of 4): [4, 4, 4]
  Shrink factors (level 3 out of 4): [2, 2, 2]
  Shrink factors (level 4 out of 4): [1, 1, 1]
  smoothing sigmas per level: [3, 2, 1, 0]
  regular sampling (percentage = 0.25)

*** Running Euler3DTransform registration ***

DIAGNOSTIC,Iteration,metricValue,convergenceValue,ITERATION_TIME_INDEX,SINCE_LAST
 2DIAGNOSTIC,     1, -5.238964374700e-01, 1.797693134862e+308, 0.0000e+00, 0.0000e+00, 
 2DIAGNOSTIC,     2, -5.254220627801e-01, 1.797693134862e+308, 0.0000e+00, 0.0000e+00, 
 2DIAGNOSTIC,     3, -5.271322439938e-01, 1.797693134862e+308, 0.0000e+00, 0.0000e+00, 
 2DIAGNOSTIC,     4, -5.293390673732e-01, 1.797693134862e+308, 0.0000e+00, 0.0000e+00, 
 2DIAGNOSTIC,     5, -5.342115833094e-01, 1.797693134862e+308, 0.0000e+00, 0.0000e+00, 
 2DIAGNOSTIC,     6, -5.395551891693e-01, 1.797693134862e+308, 0.0000e+00, 0.0000e+00, 
 2DIAGNOSTIC,     7, -5.492527771089e-01, 1.797693134862e+308, 0.0000e+00, 0.0000e+00, 
 2DIAGNOSTIC,     8, -5.578276701331e-01, 1.797693134862e+308, 0.0000e+00, 0.0000e+00, 
 2DIAGNOSTIC,     9, -5.654933655240e-01, 1.797693134862e+308, 0.0000e+00, 0.0000e+00, 
 2DIAGNOSTIC,    10, -5.683161718124e-01, 5.831252505563e-03, 0.0000e+00, 0.0000e+00, 
 2DIAGNOSTIC,    11, -5.703334249669e-01, 5.643569259982e-03, 0.0000e+00, 0.0000e+00, 
 2DIAGNOSTIC,    12, -5.719289946284e-01, 5.116184043043e-03, 0.0000e+00, 0.0000e+00, 
 2DIAGNOSTIC,    13, -5.739747154633e-01, 4.357532916641e-03, 0.0000e+00, 0.0000e+00, 
 2DIAGNOSTIC,    14, -5.754337699151e-01, 3.448478548997e-03, 0.0000e+00, 0.0000e+00, 
 2DIAGNOSTIC,    15, -5.778103547865e-01, 2.600790077568e-03, 0.0000e+00, 0.0000e+00, 
 2DIAGNOSTIC,    16, -5.825482490499e-01, 1.944240225942e-03, 0.0000e+00, 0.0000e+00, 
 2DIAGNOSTIC,    17, -5.853461970606e-01, 1.558456158355e-03, 0.0000e+00, 0.0000e+00, 
 2DIAGNOSTIC,    18, -5.880206623355e-01, 1.387042958571e-03, 0.0000e+00, 0.0000e+00, 
 2DIAGNOSTIC,    19, -5.897114882291e-01, 1.355427462214e-03, 0.0000e+00, 0.0000e+00, 
 2DIAGNOSTIC,    20, -5.965172144762e-01, 1.443577321354e-03, 0.0000e+00, 0.0000e+00, 
 2DIAGNOSTIC,    21, -5.972390792124e-01, 1.449159093739e-03, 0.0000e+00, 0.0000e+00, 
 2DIAGNOSTIC,    22, -5.973804229842e-01, 1.359375501139e-03, 0.0000e+00, 0.0000e+00, 
 2DIAGNOSTIC,    23, -5.977321402419e-01, 1.205942434002e-03, 0.0000e+00, 0.0000e+00, 
 2DIAGNOSTIC,    24, -5.982651733195e-01, 9.942910447613e-04, 0.0000e+00, 0.0000e+00, 
 2DIAGNOSTIC,    25, -5.988741463096e-01, 7.632214184040e-04, 0.0000e+00, 0.0000e+00, 
 2DIAGNOSTIC,    26, -5.992235597811e-01, 5.756209393475e-04, 0.0000e+00, 0.0000e+00, 
 2DIAGNOSTIC,    27, -5.996945911324e-01, 4.098343919971e-04, 0.0000e+00, 0.0000e+00, 
 2DIAGNOSTIC,    28, -6.001090156347e-01, 2.734369425287e-04, 0.0000e+00, 0.0000e+00, 
 2DIAGNOSTIC,    29, -6.004831320384e-01, 1.531441863901e-04, 0.0000e+00, 0.0000e+00, 
 2DIAGNOSTIC,    30, -6.007653912860e-01, 1.434446176258e-04, 0.0000e+00, 0.0000e+00, 
 2DIAGNOSTIC,    31, -6.043710551128e-01, 1.899400371916e-04, 0.0000e+00, 0.0000e+00, 
 2DIAGNOSTIC,    32, -6.150353787469e-01, 3.804006298037e-04, 0.0000e+00, 0.0000e+00, 
 2DIAGNOSTIC,    33, -6.312756740649e-01, 7.654301046797e-04, 0.0000e+00, 0.0000e+00, 
 2DIAGNOSTIC,    34, -6.325101300768e-01, 1.074621686166e-03, 0.0000e+00, 0.0000e+00, 
 2DIAGNOSTIC,    35, -6.388926336403e-01, 1.364522078756e-03, 0.0000e+00, 0.0000e+00, 
 2DIAGNOSTIC,    36, -6.469269259893e-01, 1.620279169554e-03, 0.0000e+00, 0.0000e+00, 
 2DIAGNOSTIC,    37, -6.506476429647e-01, 1.756708473118e-03, 0.0000e+00, 0.0000e+00, 
 2DIAGNOSTIC,    38, -6.515787375998e-01, 1.733322031826e-03, 0.0000e+00, 0.0000e+00, 
 2DIAGNOSTIC,    39, -6.525805025671e-01, 1.566712430251e-03, 0.0000e+00, 0.0000e+00, 
 2DIAGNOSTIC,    40, -6.535349918151e-01, 1.277526244167e-03, 0.0000e+00, 0.0000e+00, 
 2DIAGNOSTIC,    41, -6.550372918085e-01, 9.391213230779e-04, 0.0000e+00, 0.0000e+00, 
 2DIAGNOSTIC,    42, -6.598540348599e-01, 7.004145513091e-04, 0.0000e+00, 0.0000e+00, 
 2DIAGNOSTIC,    43, -6.626789780712e-01, 6.195544435762e-04, 0.0000e+00, 0.0000e+00, 
 2DIAGNOSTIC,    44, -6.642118614868e-01, 5.132044042791e-04, 0.0000e+00, 0.0000e+00, 
 2DIAGNOSTIC,    45, -6.645139845395e-01, 4.324794040234e-04, 0.0000e+00, 0.0000e+00, 
 2DIAGNOSTIC,    46, -6.653570342750e-01, 4.052074066750e-04, 0.0000e+00, 0.0000e+00, 
 2DIAGNOSTIC,    47, -6.662408825577e-01, 3.859956721591e-04, 0.0000e+00, 0.0000e+00, 
 2DIAGNOSTIC,    48, -6.674564028115e-01, 3.512101276852e-04, 0.0000e+00, 0.0000e+00, 
 2DIAGNOSTIC,    49, -6.686702321377e-01, 3.059662808619e-04, 0.0000e+00, 0.0000e+00, 
 2DIAGNOSTIC,    50, -6.697613031828e-01, 2.531224885944e-04, 0.0000e+00, 0.0000e+00, 
 2DIAGNOSTIC,    51, -6.729406437039e-01, 2.205574356713e-04, 0.0000e+00, 0.0000e+00, 
 2DIAGNOSTIC,    52, -6.755490744271e-01, 2.338678918070e-04, 0.0000e+00, 0.0000e+00, 
 2DIAGNOSTIC,    53, -6.765863543700e-01, 2.576465263330e-04, 0.0000e+00, 0.0000e+00, 
 2DIAGNOSTIC,    54, -6.769449962248e-01, 2.724856048135e-04, 0.0000e+00, 0.0000e+00, 
 2DIAGNOSTIC,    55, -6.771988614502e-01, 2.655014889644e-04, 0.0000e+00, 0.0000e+00, 
 2DIAGNOSTIC,    56, -6.775956198330e-01, 2.432942653058e-04, 0.0000e+00, 0.0000e+00, 
 2DIAGNOSTIC,    57, -6.778729905643e-01, 2.075738449150e-04, 0.0000e+00, 0.0000e+00, 
 2DIAGNOSTIC,    58, -6.780261321428e-01, 1.642768847731e-04, 0.0000e+00, 0.0000e+00, 
 2DIAGNOSTIC,    59, -6.782195124850e-01, 1.182318573555e-04, 0.0000e+00, 0.0000e+00, 
 2DIAGNOSTIC,    60, -6.783742575825e-01, 7.176242858829e-05, 0.0000e+00, 0.0000e+00, 
 2DIAGNOSTIC,    61, -6.789579437886e-01, 4.801053377619e-05, 0.0000e+00, 0.0000e+00, 
 2DIAGNOSTIC,    62, -6.824983794100e-01, 6.578085955809e-05, 0.0000e+00, 0.0000e+00, 
 2DIAGNOSTIC,    63, -6.830739025673e-01, 8.768801295410e-05, 0.0000e+00, 0.0000e+00, 
 2DIAGNOSTIC,    64, -6.836042056749e-01, 1.070551458440e-04, 0.0000e+00, 0.0000e+00, 
 2DIAGNOSTIC,    65, -6.843936583901e-01, 1.231233866207e-04, 0.0000e+00, 0.0000e+00, 
 2DIAGNOSTIC,    66, -6.849464622736e-01, 1.331920223502e-04, 0.0000e+00, 0.0000e+00, 
 2DIAGNOSTIC,    67, -6.852231417718e-01, 1.335132645594e-04, 0.0000e+00, 0.0000e+00, 
 2DIAGNOSTIC,    68, -6.855905374025e-01, 1.244516572528e-04, 0.0000e+00, 0.0000e+00, 
 2DIAGNOSTIC,    69, -6.856141216016e-01, 1.054882453051e-04, 0.0000e+00, 0.0000e+00, 
 2DIAGNOSTIC,    70, -6.858739253547e-01, 7.986132372858e-05, 0.0000e+00, 0.0000e+00, 
 2DIAGNOSTIC,    71, -6.861118458302e-01, 5.197775073242e-05, 0.0000e+00, 0.0000e+00, 
 2DIAGNOSTIC,    72, -6.861319399117e-01, 4.229817096599e-05, 0.0000e+00, 0.0000e+00, 
 2DIAGNOSTIC,    73, -6.861657694093e-01, 3.266274313499e-05, 0.0000e+00, 0.0000e+00, 
 2DIAGNOSTIC,    74, -6.861874326283e-01, 2.350419701745e-05, 0.0000e+00, 0.0000e+00, 
 2DIAGNOSTIC,    75, -6.862021959564e-01, 1.715035620468e-05, 0.0000e+00, 0.0000e+00, 
 2DIAGNOSTIC,    76, -6.862291335045e-01, 1.275416849151e-05, 0.0000e+00, 0.0000e+00, 
 2DIAGNOSTIC,    77, -6.862802288124e-01, 9.162269256022e-06, 0.0000e+00, 0.0000e+00, 
 2DIAGNOSTIC,    78, -6.862652054434e-01, 6.882958102051e-06, 0.0000e+00, 0.0000e+00, 
 2DIAGNOSTIC,    79, -6.862610534220e-01, 4.132705223509e-06, 0.0000e+00, 0.0000e+00, 
 2DIAGNOSTIC,    80, -6.862757286578e-01, 2.602944594169e-06, 0.0000e+00, 0.0000e+00, 
 2DIAGNOSTIC,    81, -6.862658909658e-01, 2.155152539764e-06, 0.0000e+00, 0.0000e+00, 
 2DIAGNOSTIC,    82, -6.862628671349e-01, 1.636385960934e-06, 0.0000e+00, 0.0000e+00, 
 2DIAGNOSTIC,    83, -6.862682213571e-01, 1.222643636950e-06, 0.0000e+00, 0.0000e+00, 
DIAGNOSTIC,Iteration,metricValue,convergenceValue,ITERATION_TIME_INDEX,SINCE_LAST
 2DIAGNOSTIC,     1, -5.609441518549e-01, 1.797693134862e+308, 0.0000e+00, 0.0000e+00, 
 2DIAGNOSTIC,     2, -5.611591103668e-01, 1.797693134862e+308, 0.0000e+00, 0.0000e+00, 
 2DIAGNOSTIC,     3, -5.615457616464e-01, 1.797693134862e+308, 0.0000e+00, 0.0000e+00, 
 2DIAGNOSTIC,     4, -5.619364372602e-01, 1.797693134862e+308, 0.0000e+00, 0.0000e+00, 
 2DIAGNOSTIC,     5, -5.624201469957e-01, 1.797693134862e+308, 0.0000e+00, 0.0000e+00, 
 2DIAGNOSTIC,     6, -5.627747364811e-01, 1.797693134862e+308, 0.0000e+00, 0.0000e+00, 
 2DIAGNOSTIC,     7, -5.630782261339e-01, 1.797693134862e+308, 0.0000e+00, 0.0000e+00, 
 2DIAGNOSTIC,     8, -5.632138149743e-01, 1.797693134862e+308, 0.0000e+00, 0.0000e+00, 
 2DIAGNOSTIC,     9, -5.632994799282e-01, 1.797693134862e+308, 0.0000e+00, 0.0000e+00, 
 2DIAGNOSTIC,    10, -5.632910527652e-01, 3.051053173099e-04, 0.0000e+00, 0.0000e+00, 
 2DIAGNOSTIC,    11, -5.633248840951e-01, 2.354616701256e-04, 0.0000e+00, 0.0000e+00, 
 2DIAGNOSTIC,    12, -5.633469129260e-01, 1.663312192303e-04, 0.0000e+00, 0.0000e+00, 
 2DIAGNOSTIC,    13, -5.633917016613e-01, 1.096744615955e-04, 0.0000e+00, 0.0000e+00, 
 2DIAGNOSTIC,    14, -5.633733626895e-01, 6.454561393042e-05, 0.0000e+00, 0.0000e+00, 
 2DIAGNOSTIC,    15, -5.633891515273e-01, 3.645097091078e-05, 0.0000e+00, 0.0000e+00, 
 2DIAGNOSTIC,    16, -5.634024908750e-01, 2.012483235354e-05, 0.0000e+00, 0.0000e+00, 
 2DIAGNOSTIC,    17, -5.634119246127e-01, 1.320903326180e-05, 0.0000e+00, 0.0000e+00, 
 2DIAGNOSTIC,    18, -5.633808468055e-01, 8.858851489872e-06, 0.0000e+00, 0.0000e+00, 
 2DIAGNOSTIC,    19, -5.633797527562e-01, 6.604966728330e-06, 0.0000e+00, 0.0000e+00, 
 2DIAGNOSTIC,    20, -5.633797527562e-01, 3.882151655227e-06, 0.0000e+00, 0.0000e+00, 
 2DIAGNOSTIC,    21, -5.633747695162e-01, 1.856819040261e-06, 0.0000e+00, 0.0000e+00, 
DIAGNOSTIC,Iteration,metricValue,convergenceValue,ITERATION_TIME_INDEX,SINCE_LAST
 2DIAGNOSTIC,     1, -5.010055859989e-01, 1.797693134862e+308, 0.0000e+00, 0.0000e+00, 
 2DIAGNOSTIC,     2, -5.012218810420e-01, 1.797693134862e+308, 0.0000e+00, 0.0000e+00, 
 2DIAGNOSTIC,     3, -5.014047872494e-01, 1.797693134862e+308, 0.0000e+00, 0.0000e+00, 
 2DIAGNOSTIC,     4, -5.016359153041e-01, 1.797693134862e+308, 0.0000e+00, 0.0000e+00, 
 2DIAGNOSTIC,     5, -5.018551904617e-01, 1.797693134862e+308, 0.0000e+00, 0.0000e+00, 
 2DIAGNOSTIC,     6, -5.021708902048e-01, 1.797693134862e+308, 0.0000e+00, 0.0000e+00, 
 2DIAGNOSTIC,     7, -5.027394754933e-01, 1.797693134862e+308, 0.0000e+00, 0.0000e+00, 
 2DIAGNOSTIC,     8, -5.036930698127e-01, 1.797693134862e+308, 0.0000e+00, 0.0000e+00, 
 2DIAGNOSTIC,     9, -5.041214896979e-01, 1.797693134862e+308, 0.0000e+00, 0.0000e+00, 
 2DIAGNOSTIC,    10, -5.042078108909e-01, 4.503435222417e-04, 0.0000e+00, 0.0000e+00, 
 2DIAGNOSTIC,    11, -5.042932836595e-01, 4.250928226537e-04, 0.0000e+00, 0.0000e+00, 
 2DIAGNOSTIC,    12, -5.043274894918e-01, 3.776348979029e-04, 0.0000e+00, 0.0000e+00, 
 2DIAGNOSTIC,    13, -5.043197238312e-01, 3.104979804835e-04, 0.0000e+00, 0.0000e+00, 
 2DIAGNOSTIC,    14, -5.043254611143e-01, 2.344527461611e-04, 0.0000e+00, 0.0000e+00, 
 2DIAGNOSTIC,    15, -5.043267789170e-01, 1.560577925501e-04, 0.0000e+00, 0.0000e+00, 
 2DIAGNOSTIC,    16, -5.043472412021e-01, 8.523022797330e-05, 0.0000e+00, 0.0000e+00, 
 2DIAGNOSTIC,    17, -5.043674305536e-01, 3.390334035978e-05, 0.0000e+00, 0.0000e+00, 
 2DIAGNOSTIC,    18, -5.044094063835e-01, 1.623471250759e-05, 0.0000e+00, 0.0000e+00, 
 2DIAGNOSTIC,    19, -5.044493489018e-01, 1.294809375714e-05, 0.0000e+00, 0.0000e+00, 
 2DIAGNOSTIC,    20, -5.044558135414e-01, 1.147636689657e-05, 0.0000e+00, 0.0000e+00, 
 2DIAGNOSTIC,    21, -5.044588065126e-01, 1.157856925752e-05, 0.0000e+00, 0.0000e+00, 
 2DIAGNOSTIC,    22, -5.044661609932e-01, 1.179616399715e-05, 0.0000e+00, 0.0000e+00, 
 2DIAGNOSTIC,    23, -5.044621068459e-01, 1.070497390791e-05, 0.0000e+00, 0.0000e+00, 
 2DIAGNOSTIC,    24, -5.044609438617e-01, 8.926270779724e-06, 0.0000e+00, 0.0000e+00, 
 2DIAGNOSTIC,    25, -5.044609019723e-01, 6.598669317820e-06, 0.0000e+00, 0.0000e+00, 
 2DIAGNOSTIC,    26, -5.044605879374e-01, 4.385324173503e-06, 0.0000e+00, 0.0000e+00, 
 2DIAGNOSTIC,    27, -5.044601264897e-01, 2.425344443759e-06, 0.0000e+00, 0.0000e+00, 
 2DIAGNOSTIC,    28, -5.044601191092e-01, 1.304860899984e-06, 0.0000e+00, 0.0000e+00, 
 2DIAGNOSTIC,    29, -5.044603199424e-01, 1.017702080885e-06, 0.0000e+00, 0.0000e+00, 
DIAGNOSTIC,Iteration,metricValue,convergenceValue,ITERATION_TIME_INDEX,SINCE_LAST
 2DIAGNOSTIC,     1, -4.671792944104e-01, 1.797693134862e+308, 0.0000e+00, 0.0000e+00, 
 2DIAGNOSTIC,     2, -4.672755505369e-01, 1.797693134862e+308, 0.0000e+00, 0.0000e+00, 
 2DIAGNOSTIC,     3, -4.672993649895e-01, 1.797693134862e+308, 0.0000e+00, 0.0000e+00, 
 2DIAGNOSTIC,     4, -4.672932026083e-01, 1.797693134862e+308, 0.0000e+00, 0.0000e+00, 
 2DIAGNOSTIC,     5, -4.672990868308e-01, 1.797693134862e+308, 0.0000e+00, 0.0000e+00, 
 2DIAGNOSTIC,     6, -4.672960837107e-01, 1.797693134862e+308, 0.0000e+00, 0.0000e+00, 
 2DIAGNOSTIC,     7, -4.672782939676e-01, 1.797693134862e+308, 0.0000e+00, 0.0000e+00, 
 2DIAGNOSTIC,     8, -4.672812599803e-01, 1.797693134862e+308, 0.0000e+00, 0.0000e+00, 
 2DIAGNOSTIC,     9, -4.672770822887e-01, 1.797693134862e+308, 0.0000e+00, 0.0000e+00, 
 2DIAGNOSTIC,    10, -4.672872667366e-01, 8.329537964452e-06, 0.0000e+00, 0.0000e+00, 
 2DIAGNOSTIC,    11, -4.672896073564e-01, 1.587620052673e-06, 0.0000e+00, 0.0000e+00, 
  Elapsed time (stage 0): 0.0000e+00


Total elapsed time: 0.0000e+00
Info [verificarlo]: loaded backend libinterflop_ieee.so
Info [interflop-ieee]: load backend with:
Info [interflop-ieee]: debug = false
Info [interflop-ieee]: debug-binary = false
Info [interflop-ieee]: no-backend-name = false
Info [interflop-ieee]: print-new-line = false
Info [interflop-ieee]: print-subnormal-normalized = false
Info [interflop-ieee]: count-op = false
All_Command_lines_OK
Using double precision for computations.
=============================================================================
The composite transform comprises the following transforms (in order): 
  1. /home/mdugre/scratch/mri-registration-rp/datasets/ds004513/derivatives/mri-registration-rp/0100/antsRegistration-r8-p14/sub-s035/rigid_Composite.h5[0] (type = Euler3DTransform)
  2. /home/mdugre/scratch/mri-registration-rp/datasets/ds004513/derivatives/mri-registration-rp/0100/antsRegistration-r8-p14/sub-s035/rigid_Composite.h5[1] (type = Euler3DTransform)
  3. /home/mdugre/scratch/mri-registration-rp/datasets/ds004513/derivatives/mri-registration-rp/0100/antsRegistration-r8-p14/sub-s035/rigid_Composite.h5[2] (type = Euler3DTransform)
=============================================================================
  number of levels = 4
  fixed image: /templateflow/tpl-MNI152NLin2009cAsym/tpl-MNI152NLin2009cAsym_res-01_desc-brain_T1w.nii.gz
  moving image: /home/mdugre/scratch/mri-registration-rp/datasets/ds004513/derivatives/mri-registration-rp/antsBrainExtraction/sub-s035/BrainExtractionBrain.nii.gz
Dimension = 3
Number of stages = 1
Use histogram matching = false
Winsorize image intensities = true
  Lower quantile = 0.005
  Upper quantile = 0.995


Stage 1 State
   Image metric = MattesMI
     Fixed image = Image (0x35c57e0)
  RTTI typeinfo:   itk::Image<double, 3u>
  Reference Count: 2
  Modified Time: 1592
  Debug: Off
  Object Name: 
  Observers: 
    none
  Source: (none)
  Source output name: (none)
  Release Data: Off
  Data Released: False
  Global Release Data: Off
  PipelineMTime: 0
  UpdateMTime: 1203
  RealTimeStamp: 0 seconds 
  LargestPossibleRegion: 
    Dimension: 3
    Index: [0, 0, 0]
    Size: [193, 229, 193]
  BufferedRegion: 
    Dimension: 3
    Index: [0, 0, 0]
    Size: [193, 229, 193]
  RequestedRegion: 
    Dimension: 3
    Index: [0, 0, 0]
    Size: [193, 229, 193]
  Spacing: [1, 1, 1]
  Origin: [96, 132, -78]
  Direction: 
-1 0 0
0 -1 0
0 0 1

  IndexToPointMatrix: 
-1 0 0
0 -1 0
0 0 1

  PointToIndexMatrix: 
-1 0 0
0 -1 0
0 0 1

  Inverse Direction: 
-1 0 0
0 -1 0
0 0 1

  PixelContainer: 
    ImportImageContainer (0x3685a20)
      RTTI typeinfo:   itk::ImportImageContainer<unsigned long, double>
      Reference Count: 1
      Modified Time: 1200
      Debug: Off
      Object Name: 
      Observers: 
        none
      Pointer: 0x1470cdc42010
      Container manages memory: true
      Size: 8530021
      Capacity: 8530021

     Moving image = Image (0x3638cf0)
  RTTI typeinfo:   itk::Image<double, 3u>
  Reference Count: 2
  Modified Time: 1593
  Debug: Off
  Object Name: 
  Observers: 
    none
  Source: (none)
  Source output name: (none)
  Release Data: Off
  Data Released: False
  Global Release Data: Off
  PipelineMTime: 0
  UpdateMTime: 1590
  RealTimeStamp: 0 seconds 
  LargestPossibleRegion: 
    Dimension: 3
    Index: [0, 0, 0]
    Size: [160, 240, 256]
  BufferedRegion: 
    Dimension: 3
    Index: [0, 0, 0]
    Size: [160, 240, 256]
  RequestedRegion: 
    Dimension: 3
    Index: [0, 0, 0]
    Size: [160, 240, 256]
  Spacing: [1, 1, 1]
  Origin: [98.6438, 87.6358, -117.989]
  Direction: 
-0.993515 -0.100993 -0.0522355
0.100854 -0.994887 0.00530255
-0.0525039 1.93537e-08 0.998621

  IndexToPointMatrix: 
-0.993515 -0.100993 -0.0522355
0.100854 -0.994887 0.00530255
-0.0525039 1.93537e-08 0.998621

  PointToIndexMatrix: 
-0.993515 0.100854 -0.0525039
-0.100993 -0.994887 1.93006e-08
-0.0522355 0.00530255 0.998621

  Inverse Direction: 
-0.993515 0.100854 -0.0525039
-0.100993 -0.994887 1.93006e-08
-0.0522355 0.00530255 0.998621

  PixelContainer: 
    ImportImageContainer (0x36b4550)
      RTTI typeinfo:   itk::ImportImageContainer<unsigned long, double>
      Reference Count: 1
      Modified Time: 1587
      Debug: Off
      Object Name: 
      Observers: 
        none
      Pointer: 0x1470c9141010
      Container manages memory: true
      Size: 9830400
      Capacity: 9830400

     Weighting = 1
     Sampling strategy = regular
     Number of bins = 32
     Radius = 4
     Sampling percentage  = 0.25
   Transform = Affine
     Gradient step = 0.1
     Update field sigma (voxel space) = 0
     Total field sigma (voxel space) = 0
     Update field time sigma = 0
     Total field time sigma  = 0
     Number of time indices = 0
     Number of time point samples = 0
Registration using 1 total stages.

Stage 0
  iterations = 1000x500x250x100
  convergence threshold = 1e-06
  convergence window size = 10
  number of levels = 4
  using the Mattes MI metric (number of bins = 32, weight = 1, use gradient filter = 0)
  preprocessing:  winsorizing the image intensities
  Shrink factors (level 1 out of 4): [8, 8, 8]
  Shrink factors (level 2 out of 4): [4, 4, 4]
  Shrink factors (level 3 out of 4): [2, 2, 2]
  Shrink factors (level 4 out of 4): [1, 1, 1]
  smoothing sigmas per level: [3, 2, 1, 0]
  regular sampling (percentage = 0.25)

*** Running AffineTransform registration ***

DIAGNOSTIC,Iteration,metricValue,convergenceValue,ITERATION_TIME_INDEX,SINCE_LAST
 2DIAGNOSTIC,     1, -6.770692128956e-01, 1.797693134862e+308, 8.1247e-01, 8.1247e-01, 
 2DIAGNOSTIC,     2, -6.793395835413e-01, 1.797693134862e+308, 8.1789e-01, 5.4159e-03, 
 2DIAGNOSTIC,     3, -6.835051431335e-01, 1.797693134862e+308, 8.2337e-01, 5.4860e-03, 
 2DIAGNOSTIC,     4, -6.903524041052e-01, 1.797693134862e+308, 8.2860e-01, 5.2299e-03, 
 2DIAGNOSTIC,     5, -7.003120021718e-01, 1.797693134862e+308, 8.3380e-01, 5.1980e-03, 
 2DIAGNOSTIC,     6, -7.120674742392e-01, 1.797693134862e+308, 8.3976e-01, 5.9621e-03, 
 2DIAGNOSTIC,     7, -7.363214120254e-01, 1.797693134862e+308, 8.4934e-01, 9.5758e-03, 
 2DIAGNOSTIC,     8, -7.366626034670e-01, 1.797693134862e+308, 8.5453e-01, 5.1939e-03, 
 2DIAGNOSTIC,     9, -7.372747056644e-01, 1.797693134862e+308, 8.6020e-01, 5.6651e-03, 
 2DIAGNOSTIC,    10, -7.377861189466e-01, 6.899477320673e-03, 8.6715e-01, 6.9542e-03, 
 2DIAGNOSTIC,    11, -7.382334276151e-01, 5.819944193561e-03, 8.7250e-01, 5.3511e-03, 
 2DIAGNOSTIC,    12, -7.388104583971e-01, 4.489857341527e-03, 8.7801e-01, 5.5020e-03, 
 2DIAGNOSTIC,    13, -7.393738460192e-01, 3.111522708657e-03, 8.8344e-01, 5.4300e-03, 
 2DIAGNOSTIC,    14, -7.402827081379e-01, 1.880270540542e-03, 8.8947e-01, 6.0310e-03, 
 2DIAGNOSTIC,    15, -7.427629279547e-01, 9.728079934641e-04, 8.9750e-01, 8.0290e-03, 
 2DIAGNOSTIC,    16, -7.422658535127e-01, 3.525337401025e-04, 9.0416e-01, 6.6669e-03, 
 2DIAGNOSTIC,    17, -7.423699447192e-01, 3.402425752657e-04, 9.1049e-01, 6.3260e-03, 
 2DIAGNOSTIC,    18, -7.425744802524e-01, 3.103258669300e-04, 9.1660e-01, 6.1140e-03, 
 2DIAGNOSTIC,    19, -7.426167029925e-01, 2.677909460091e-04, 9.2260e-01, 5.9960e-03, 
 2DIAGNOSTIC,    20, -7.425963145911e-01, 2.138146383683e-04, 9.2821e-01, 5.6140e-03, 
 2DIAGNOSTIC,    21, -7.426281092623e-01, 1.544361634775e-04, 9.3388e-01, 5.6641e-03, 
 2DIAGNOSTIC,    22, -7.428433941566e-01, 1.010038638127e-04, 9.3970e-01, 5.8272e-03, 
 2DIAGNOSTIC,    23, -7.431631682166e-01, 5.777028815833e-05, 9.4516e-01, 5.4591e-03, 
 2DIAGNOSTIC,    24, -7.436503927216e-01, 3.429327922171e-05, 9.5055e-01, 5.3859e-03, 
 2DIAGNOSTIC,    25, -7.442934468333e-01, 5.855568689565e-05, 9.5603e-01, 5.4860e-03, 
 2DIAGNOSTIC,    26, -7.451005993819e-01, 8.004999335657e-05, 9.6181e-01, 5.7800e-03, 
 2DIAGNOSTIC,    27, -7.456689572362e-01, 1.019358833814e-04, 9.7090e-01, 9.0890e-03, 
 2DIAGNOSTIC,    28, -7.454301235479e-01, 1.121871231801e-04, 9.7694e-01, 6.0382e-03, 
 2DIAGNOSTIC,    29, -7.451307329072e-01, 1.080542598844e-04, 9.8295e-01, 6.0039e-03, 
 2DIAGNOSTIC,    30, -7.451468418402e-01, 9.412111788556e-05, 9.8908e-01, 6.1369e-03, 
 2DIAGNOSTIC,    31, -7.450608563113e-01, 7.136588658133e-05, 9.9514e-01, 6.0530e-03, 
 2DIAGNOSTIC,    32, -7.448697529851e-01, 4.360949514377e-05, 1.0006e+00, 5.4650e-03, 
 2DIAGNOSTIC,    33, -7.449065065733e-01, 1.788750148068e-05, 1.0062e+00, 5.5590e-03, 
DIAGNOSTIC,Iteration,metricValue,convergenceValue,ITERATION_TIME_INDEX,SINCE_LAST
 2DIAGNOSTIC,     1, -6.098742092506e-01, 1.797693134862e+308, 1.7868e+00, 7.8062e-01, 
 2DIAGNOSTIC,     2, -6.103550355550e-01, 1.797693134862e+308, 1.8225e+00, 3.5676e-02, 
 2DIAGNOSTIC,     3, -6.111441821639e-01, 1.797693134862e+308, 1.8561e+00, 3.3604e-02, 
 2DIAGNOSTIC,     4, -6.120154733087e-01, 1.797693134862e+308, 1.8923e+00, 3.6231e-02, 
 2DIAGNOSTIC,     5, -6.126564118723e-01, 1.797693134862e+308, 1.9307e+00, 3.8362e-02, 
 2DIAGNOSTIC,     6, -6.128788077262e-01, 1.797693134862e+308, 1.9765e+00, 4.5822e-02, 
 2DIAGNOSTIC,     7, -6.128975197093e-01, 1.797693134862e+308, 2.0144e+00, 3.7959e-02, 
 2DIAGNOSTIC,     8, -6.128545380501e-01, 1.797693134862e+308, 2.0600e+00, 4.5549e-02, 
 2DIAGNOSTIC,     9, -6.128273094466e-01, 1.797693134862e+308, 2.1041e+00, 4.4145e-02, 
 2DIAGNOSTIC,    10, -6.128075505861e-01, 3.162866229146e-04, 2.1600e+00, 5.5875e-02, 
 2DIAGNOSTIC,    11, -6.128115627189e-01, 1.960179946356e-04, 2.2053e+00, 4.5305e-02, 
 2DIAGNOSTIC,    12, -6.128131248576e-01, 9.703046806010e-05, 2.2575e+00, 5.2176e-02, 
 2DIAGNOSTIC,    13, -6.128119331372e-01, 3.243313742277e-05, 2.2945e+00, 3.7063e-02, 
 2DIAGNOSTIC,    14, -6.128106654098e-01, 2.713415473782e-06, 2.3348e+00, 4.0255e-02, 
DIAGNOSTIC,Iteration,metricValue,convergenceValue,ITERATION_TIME_INDEX,SINCE_LAST
 2DIAGNOSTIC,     1, -5.360694162126e-01, 1.797693134862e+308, 3.3829e+00, 1.0481e+00, 
 2DIAGNOSTIC,     2, -5.363254861727e-01, 1.797693134862e+308, 3.6475e+00, 2.6454e-01, 
 2DIAGNOSTIC,     3, -5.365010255408e-01, 1.797693134862e+308, 3.9614e+00, 3.1398e-01, 
 2DIAGNOSTIC,     4, -5.365608407731e-01, 1.797693134862e+308, 4.4554e+00, 4.9399e-01, 
 2DIAGNOSTIC,     5, -5.365565434423e-01, 1.797693134862e+308, 4.8736e+00, 4.1817e-01, 
 2DIAGNOSTIC,     6, -5.365554175452e-01, 1.797693134862e+308, 5.2428e+00, 3.6922e-01, 
 2DIAGNOSTIC,     7, -5.365526303599e-01, 1.797693134862e+308, 5.6020e+00, 3.5918e-01, 
 2DIAGNOSTIC,     8, -5.365509354374e-01, 1.797693134862e+308, 5.8974e+00, 2.9540e-01, 
 2DIAGNOSTIC,     9, -5.365502346477e-01, 1.797693134862e+308, 6.1608e+00, 2.6338e-01, 
 2DIAGNOSTIC,    10, -5.365497361600e-01, 4.067196641752e-05, 6.4161e+00, 2.5536e-01, 
 2DIAGNOSTIC,    11, -5.365475920757e-01, 1.513112680974e-05, 6.7370e+00, 3.2086e-01, 
 2DIAGNOSTIC,    12, -5.365477909269e-01, 3.874564034265e-06, 7.0442e+00, 3.0721e-01, 
 2DIAGNOSTIC,    13, -5.365476715826e-01, 1.315250309011e-06, 7.3497e+00, 3.0551e-01, 
 2DIAGNOSTIC,    14, -5.365475508095e-01, 1.485287436154e-06, 7.6809e+00, 3.3115e-01, 
 2DIAGNOSTIC,    15, -5.365473237426e-01, 1.544557088839e-06, 8.0113e+00, 3.3046e-01, 
 2DIAGNOSTIC,    16, -5.365470953617e-01, 1.607353707161e-06, 8.3439e+00, 3.3258e-01, 
 2DIAGNOSTIC,    17, -5.365465949204e-01, 1.596600228949e-06, 8.6762e+00, 3.3226e-01, 
 2DIAGNOSTIC,    18, -5.365440474658e-01, 1.487237472751e-06, 8.9680e+00, 2.9180e-01, 
 2DIAGNOSTIC,    19, -5.365437878387e-01, 1.390187203992e-06, 9.3146e+00, 3.4663e-01, 
 2DIAGNOSTIC,    20, -5.365434409960e-01, 1.307800100492e-06, 9.6559e+00, 3.4126e-01, 
 2DIAGNOSTIC,    21, -5.365440907077e-01, 1.220967134022e-06, 9.9254e+00, 2.6953e-01, 
 2DIAGNOSTIC,    22, -5.365441935687e-01, 1.176495659415e-06, 1.0240e+01, 3.1492e-01, 
 2DIAGNOSTIC,    23, -5.365442970128e-01, 1.161707619740e-06, 1.0528e+01, 2.8722e-01, 
 2DIAGNOSTIC,    24, -5.365451606925e-01, 1.185738542207e-06, 1.0853e+01, 3.2557e-01, 
 2DIAGNOSTIC,    25, -5.365433916145e-01, 1.177435840091e-06, 1.1171e+01, 3.1806e-01, 
 2DIAGNOSTIC,    26, -5.365403569450e-01, 1.112882432847e-06, 1.1500e+01, 3.2924e-01, 
 2DIAGNOSTIC,    27, -5.365401283295e-01, 1.051959989298e-06, 1.1878e+01, 3.7781e-01, 
DIAGNOSTIC,Iteration,metricValue,convergenceValue,ITERATION_TIME_INDEX,SINCE_LAST
 2DIAGNOSTIC,     1, -4.920948173339e-01, 1.797693134862e+308, 1.4791e+01, 2.9130e+00, 
 2DIAGNOSTIC,     2, -4.922847453643e-01, 1.797693134862e+308, 1.6591e+01, 1.7995e+00, 
 2DIAGNOSTIC,     3, -4.924544733915e-01, 1.797693134862e+308, 1.8218e+01, 1.6274e+00, 
 2DIAGNOSTIC,     4, -4.925501373540e-01, 1.797693134862e+308, 2.0074e+01, 1.8562e+00, 
 2DIAGNOSTIC,     5, -4.925652095825e-01, 1.797693134862e+308, 2.4944e+01, 4.8700e+00, 
 2DIAGNOSTIC,     6, -4.925652698254e-01, 1.797693134862e+308, 2.6968e+01, 2.0236e+00, 
 2DIAGNOSTIC,     7, -4.925651234206e-01, 1.797693134862e+308, 2.9022e+01, 2.0543e+00, 
 2DIAGNOSTIC,     8, -4.925650859948e-01, 1.797693134862e+308, 3.1038e+01, 2.0156e+00, 
 2DIAGNOSTIC,     9, -4.925649531200e-01, 1.797693134862e+308, 3.3049e+01, 2.0107e+00, 
 2DIAGNOSTIC,    10, -4.925649191446e-01, 4.932397437035e-05, 3.4902e+01, 1.8531e+00, 
 2DIAGNOSTIC,    11, -4.925649370878e-01, 2.319497370012e-05, 3.6960e+01, 2.0586e+00, 
 2DIAGNOSTIC,    12, -4.925647612478e-01, 8.559505501229e-06, 3.9054e+01, 2.0934e+00, 
 2DIAGNOSTIC,    13, -4.925647499135e-01, 3.062949776728e-06, 4.1343e+01, 2.2897e+00, 
 2DIAGNOSTIC,    14, -4.925646798772e-01, 2.218291332484e-06, 4.3404e+01, 2.0605e+00, 
 2DIAGNOSTIC,    15, -4.925646173075e-01, 2.068492911650e-06, 4.5233e+01, 1.8293e+00, 
 2DIAGNOSTIC,    16, -4.925645867131e-01, 1.943399647014e-06, 4.6931e+01, 1.6979e+00, 
 2DIAGNOSTIC,    17, -4.925646800203e-01, 1.835387885098e-06, 4.8521e+01, 1.5904e+00, 
 2DIAGNOSTIC,    18, -4.925646194925e-01, 1.739586332865e-06, 5.0925e+01, 2.4036e+00, 
 2DIAGNOSTIC,    19, -4.925646522082e-01, 1.653469631165e-06, 5.2756e+01, 1.8307e+00, 
 2DIAGNOSTIC,    20, -4.925644668859e-01, 1.571535607217e-06, 5.4761e+01, 2.0056e+00, 
 2DIAGNOSTIC,    21, -4.925643789959e-01, 1.497506705590e-06, 5.6572e+01, 1.8112e+00, 
 2DIAGNOSTIC,    22, -4.925643056846e-01, 1.425244560677e-06, 5.8426e+01, 1.8536e+00, 
 2DIAGNOSTIC,    23, -4.925643287498e-01, 1.361487678021e-06, 6.0275e+01, 1.8485e+00, 
 2DIAGNOSTIC,    24, -4.925641497046e-01, 1.299094228996e-06, 6.1897e+01, 1.6223e+00, 
 2DIAGNOSTIC,    25, -4.925642156731e-01, 1.244448897826e-06, 6.3580e+01, 1.6827e+00, 
 2DIAGNOSTIC,    26, -4.925643272382e-01, 1.198350616953e-06, 6.5383e+01, 1.8035e+00, 
 2DIAGNOSTIC,    27, -4.925644387501e-01, 1.162316225579e-06, 6.7467e+01, 2.0845e+00, 
 2DIAGNOSTIC,    28, -4.925643189616e-01, 1.126540970883e-06, 6.9481e+01, 2.0134e+00, 
 2DIAGNOSTIC,    29, -4.925640783925e-01, 1.090249418356e-06, 7.1401e+01, 1.9199e+00, 
 2DIAGNOSTIC,    30, -4.925639466684e-01, 1.051075575111e-06, 7.3388e+01, 1.9877e+00, 
 2DIAGNOSTIC,    31, -4.925638933191e-01, 1.012604502033e-06, 7.5244e+01, 1.8560e+00, 
  Elapsed time (stage 0): 7.6401e+01


Total elapsed time: 7.6406e+01
Info [verificarlo]: loaded backend libinterflop_ieee.so
Info [interflop-ieee]: load backend with:
Info [interflop-ieee]: debug = false
Info [interflop-ieee]: debug-binary = false
Info [interflop-ieee]: no-backend-name = false
Info [interflop-ieee]: print-new-line = false
Info [interflop-ieee]: print-subnormal-normalized = false
Info [interflop-ieee]: count-op = false
All_Command_lines_OK
Using double precision for computations.
=============================================================================
The composite transform comprises the following transforms (in order): 
  1. /home/mdugre/scratch/mri-registration-rp/datasets/ds004513/derivatives/mri-registration-rp/0100/antsRegistration-r8-p14/sub-s035/affine_Composite.h5[0] (type = Euler3DTransform)
  2. /home/mdugre/scratch/mri-registration-rp/datasets/ds004513/derivatives/mri-registration-rp/0100/antsRegistration-r8-p14/sub-s035/affine_Composite.h5[1] (type = Euler3DTransform)
  3. /home/mdugre/scratch/mri-registration-rp/datasets/ds004513/derivatives/mri-registration-rp/0100/antsRegistration-r8-p14/sub-s035/affine_Composite.h5[2] (type = Euler3DTransform)
  4. /home/mdugre/scratch/mri-registration-rp/datasets/ds004513/derivatives/mri-registration-rp/0100/antsRegistration-r8-p14/sub-s035/affine_Composite.h5[3] (type = AffineTransform)
=============================================================================
  number of levels = 4
  fixed image: /templateflow/tpl-MNI152NLin2009cAsym/tpl-MNI152NLin2009cAsym_res-01_desc-brain_T1w.nii.gz
  moving image: /home/mdugre/scratch/mri-registration-rp/datasets/ds004513/derivatives/mri-registration-rp/antsBrainExtraction/sub-s035/BrainExtractionBrain.nii.gz
Dimension = 3
Number of stages = 1
Use histogram matching = false
Winsorize image intensities = true
  Lower quantile = 0.005
  Upper quantile = 0.995


Stage 1 State
   Image metric = CC
     Fixed image = Image (0x4b6da40)
  RTTI typeinfo:   itk::Image<double, 3u>
  Reference Count: 2
  Modified Time: 1606
  Debug: Off
  Object Name: 
  Observers: 
    none
  Source: (none)
  Source output name: (none)
  Release Data: Off
  Data Released: False
  Global Release Data: Off
  PipelineMTime: 0
  UpdateMTime: 1217
  RealTimeStamp: 0 seconds 
  LargestPossibleRegion: 
    Dimension: 3
    Index: [0, 0, 0]
    Size: [193, 229, 193]
  BufferedRegion: 
    Dimension: 3
    Index: [0, 0, 0]
    Size: [193, 229, 193]
  RequestedRegion: 
    Dimension: 3
    Index: [0, 0, 0]
    Size: [193, 229, 193]
  Spacing: [1, 1, 1]
  Origin: [96, 132, -78]
  Direction: 
-1 0 0
0 -1 0
0 0 1

  IndexToPointMatrix: 
-1 0 0
0 -1 0
0 0 1

  PointToIndexMatrix: 
-1 0 0
0 -1 0
0 0 1

  Inverse Direction: 
-1 0 0
0 -1 0
0 0 1

  PixelContainer: 
    ImportImageContainer (0x4c3c780)
      RTTI typeinfo:   itk::ImportImageContainer<unsigned long, double>
      Reference Count: 1
      Modified Time: 1214
      Debug: Off
      Object Name: 
      Observers: 
        none
      Pointer: 0x1504756fd010
      Container manages memory: true
      Size: 8530021
      Capacity: 8530021

     Moving image = Image (0x4c293b0)
  RTTI typeinfo:   itk::Image<double, 3u>
  Reference Count: 2
  Modified Time: 1607
  Debug: Off
  Object Name: 
  Observers: 
    none
  Source: (none)
  Source output name: (none)
  Release Data: Off
  Data Released: False
  Global Release Data: Off
  PipelineMTime: 0
  UpdateMTime: 1604
  RealTimeStamp: 0 seconds 
  LargestPossibleRegion: 
    Dimension: 3
    Index: [0, 0, 0]
    Size: [160, 240, 256]
  BufferedRegion: 
    Dimension: 3
    Index: [0, 0, 0]
    Size: [160, 240, 256]
  RequestedRegion: 
    Dimension: 3
    Index: [0, 0, 0]
    Size: [160, 240, 256]
  Spacing: [1, 1, 1]
  Origin: [98.6438, 87.6358, -117.989]
  Direction: 
-0.993515 -0.100993 -0.0522355
0.100854 -0.994887 0.00530255
-0.0525039 1.93537e-08 0.998621

  IndexToPointMatrix: 
-0.993515 -0.100993 -0.0522355
0.100854 -0.994887 0.00530255
-0.0525039 1.93537e-08 0.998621

  PointToIndexMatrix: 
-0.993515 0.100854 -0.0525039
-0.100993 -0.994887 1.93006e-08
-0.0522355 0.00530255 0.998621

  Inverse Direction: 
-0.993515 0.100854 -0.0525039
-0.100993 -0.994887 1.93006e-08
-0.0522355 0.00530255 0.998621

  PixelContainer: 
    ImportImageContainer (0x4c85550)
      RTTI typeinfo:   itk::ImportImageContainer<unsigned long, double>
      Reference Count: 1
      Modified Time: 1601
      Debug: Off
      Object Name: 
      Observers: 
        none
      Pointer: 0x150470bfc010
      Container manages memory: true
      Size: 9830400
      Capacity: 9830400

     Weighting = 1
     Sampling strategy = none
     Number of bins = 32
     Radius = 4
     Sampling percentage  = 1
   Transform = SyN
     Gradient step = 0.1
     Update field sigma (voxel space) = 3
     Total field sigma (voxel space) = 0
     Update field time sigma = 0
     Total field time sigma  = 0
     Number of time indices = 0
     Number of time point samples = 0
Registration using 1 total stages.

Stage 0
  iterations = 100x70x50x20
  convergence threshold = 1e-06
  convergence window size = 10
  number of levels = 4
  using the CC metric (radius = 4, weight = 1, use gradient filter = 0)
  preprocessing:  winsorizing the image intensities
  Shrink factors (level 1 out of 4): [8, 8, 8]
  Shrink factors (level 2 out of 4): [4, 4, 4]
  Shrink factors (level 3 out of 4): [2, 2, 2]
  Shrink factors (level 4 out of 4): [1, 1, 1]
  smoothing sigmas per level: [3, 2, 1, 0]
  Using default NONE metricSamplingStrategy 

*** Running SyN registration (varianceForUpdateField = 3, varianceForTotalField = 0) ***

XXDIAGNOSTIC,Iteration,metricValue,convergenceValue,ITERATION_TIME_INDEX,SINCE_LAST
 1DIAGNOSTIC,     1, -8.503994223740e-01, 1.797693134862e+308, 9.9725e-01, 9.9725e-01, 
 1DIAGNOSTIC,     2, -8.640213355411e-01, 1.797693134862e+308, 1.3479e+00, 3.5065e-01, 
 1DIAGNOSTIC,     3, -8.761733176299e-01, 1.797693134862e+308, 1.6777e+00, 3.2983e-01, 
 1DIAGNOSTIC,     4, -8.864209045744e-01, 1.797693134862e+308, 2.0299e+00, 3.5214e-01, 
 1DIAGNOSTIC,     5, -8.950662068732e-01, 1.797693134862e+308, 2.3713e+00, 3.4139e-01, 
 1DIAGNOSTIC,     6, -9.014506477442e-01, 1.797693134862e+308, 2.6949e+00, 3.2363e-01, 
 1DIAGNOSTIC,     7, -9.071484510790e-01, 1.797693134862e+308, 3.0346e+00, 3.3968e-01, 
 1DIAGNOSTIC,     8, -9.121426314146e-01, 1.797693134862e+308, 3.3735e+00, 3.3893e-01, 
 1DIAGNOSTIC,     9, -9.165402627733e-01, 1.797693134862e+308, 3.7160e+00, 3.4254e-01, 
 1DIAGNOSTIC,    10, -9.198601891296e-01, 4.819819298637e-03, 4.1346e+00, 4.1858e-01, 
 1DIAGNOSTIC,    11, -9.222895528366e-01, 3.652185770637e-03, 4.5055e+00, 3.7093e-01, 
 1DIAGNOSTIC,    12, -9.245170442300e-01, 2.770832095354e-03, 4.8779e+00, 3.7236e-01, 
 1DIAGNOSTIC,    13, -9.263896945672e-01, 2.115143959932e-03, 5.2181e+00, 3.4020e-01, 
 1DIAGNOSTIC,    14, -9.281522088111e-01, 1.630380959562e-03, 5.5441e+00, 3.2604e-01, 
 1DIAGNOSTIC,    15, -9.298116084816e-01, 1.277257663602e-03, 5.9402e+00, 3.9602e-01, 
 1DIAGNOSTIC,    16, -9.313443481896e-01, 1.006167701365e-03, 6.2719e+00, 3.3169e-01, 
 1DIAGNOSTIC,    17, -9.327754336699e-01, 8.052577016094e-04, 6.6073e+00, 3.3546e-01, 
 1DIAGNOSTIC,    18, -9.341318199413e-01, 6.619126753045e-04, 6.9391e+00, 3.3176e-01, 
 1DIAGNOSTIC,    19, -9.352637987155e-01, 5.626801290227e-04, 7.2845e+00, 3.4540e-01, 
 1DIAGNOSTIC,    20, -9.364759445734e-01, 4.914931504884e-04, 7.6338e+00, 3.4929e-01, 
 1DIAGNOSTIC,    21, -9.374977284292e-01, 4.321124012256e-04, 7.9762e+00, 3.4244e-01, 
 1DIAGNOSTIC,    22, -9.386067645105e-01, 3.847444931139e-04, 8.3384e+00, 3.6225e-01, 
 1DIAGNOSTIC,    23, -9.395332219386e-01, 3.430615185019e-04, 8.6674e+00, 3.2895e-01, 
 1DIAGNOSTIC,    24, -9.405697866333e-01, 3.087194315213e-04, 9.0200e+00, 3.5262e-01, 
 1DIAGNOSTIC,    25, -9.414095358350e-01, 2.789175881833e-04, 9.3792e+00, 3.5917e-01, 
 1DIAGNOSTIC,    26, -9.423368147646e-01, 2.543227461525e-04, 9.7658e+00, 3.8658e-01, 
 1DIAGNOSTIC,    27, -9.430639814319e-01, 2.321408274937e-04, 1.0098e+01, 3.3266e-01, 
 1DIAGNOSTIC,    28, -9.438195463316e-01, 2.128896104991e-04, 1.0435e+01, 3.3662e-01, 
 1DIAGNOSTIC,    29, -9.445442408627e-01, 1.944995494673e-04, 1.0765e+01, 3.2982e-01, 
 1DIAGNOSTIC,    30, -9.452442075954e-01, 1.785217496154e-04, 1.1110e+01, 3.4489e-01, 
 1DIAGNOSTIC,    31, -9.459275564380e-01, 1.635224064702e-04, 1.1451e+01, 3.4152e-01, 
 1DIAGNOSTIC,    32, -9.465982060993e-01, 1.510443842101e-04, 1.1792e+01, 3.4119e-01, 
 1DIAGNOSTIC,    33, -9.472594236381e-01, 1.397128877219e-04, 1.2118e+01, 3.2527e-01, 
 1DIAGNOSTIC,    34, -9.478562494115e-01, 1.305026817021e-04, 1.2459e+01, 3.4133e-01, 
 1DIAGNOSTIC,    35, -9.484587267556e-01, 1.220042268535e-04, 1.2792e+01, 3.3328e-01, 
 1DIAGNOSTIC,    36, -9.490213443292e-01, 1.150501325333e-04, 1.3136e+01, 3.4380e-01, 
 1DIAGNOSTIC,    37, -9.495478533509e-01, 1.078760168984e-04, 1.3487e+01, 3.5089e-01, 
 1DIAGNOSTIC,    38, -9.500386823384e-01, 1.008323020735e-04, 1.3822e+01, 3.3521e-01, 
 1DIAGNOSTIC,    39, -9.504896637370e-01, 9.375800409893e-05, 1.4165e+01, 3.4277e-01, 
 1DIAGNOSTIC,    40, -9.508924311483e-01, 8.652390899000e-05, 1.4495e+01, 3.2999e-01, 
 1DIAGNOSTIC,    41, -9.512395237358e-01, 7.906611176059e-05, 1.4841e+01, 3.4625e-01, 
 1DIAGNOSTIC,    42, -9.515982657756e-01, 7.190512152620e-05, 1.5176e+01, 3.3500e-01, 
 1DIAGNOSTIC,    43, -9.518520928749e-01, 6.470977519362e-05, 1.5508e+01, 3.3177e-01, 
 1DIAGNOSTIC,    44, -9.520663881198e-01, 5.729897083567e-05, 1.5847e+01, 3.3885e-01, 
 1DIAGNOSTIC,    45, -9.522429801983e-01, 5.004389556024e-05, 1.6172e+01, 3.2515e-01, 
 1DIAGNOSTIC,    46, -9.523908023976e-01, 4.304786021818e-05, 1.6506e+01, 3.3410e-01, 
 1DIAGNOSTIC,    47, -9.524937860135e-01, 3.633108189405e-05, 1.6839e+01, 3.3324e-01, 
 1DIAGNOSTIC,    48, -9.525982102836e-01, 3.022346003453e-05, 1.7165e+01, 3.2575e-01, 
 1DIAGNOSTIC,    49, -9.526863617530e-01, 2.485541997454e-05, 1.7491e+01, 3.2590e-01, 
 1DIAGNOSTIC,    50, -9.527618999930e-01, 2.026922973997e-05, 1.7825e+01, 3.3355e-01, 
 1DIAGNOSTIC,    51, -9.528274896615e-01, 1.640966601563e-05, 1.8158e+01, 3.3334e-01, 
 1DIAGNOSTIC,    52, -9.528842430575e-01, 1.359713293205e-05, 1.8509e+01, 3.5097e-01, 
 1DIAGNOSTIC,    53, -9.529319546347e-01, 1.135797383564e-05, 1.8842e+01, 3.3353e-01, 
 1DIAGNOSTIC,    54, -9.529725338179e-01, 9.588442701779e-06, 1.9175e+01, 3.3299e-01, 
 1DIAGNOSTIC,    55, -9.530068850397e-01, 8.172060330405e-06, 1.9509e+01, 3.3339e-01, 
 1DIAGNOSTIC,    56, -9.530367909546e-01, 7.034944476819e-06, 1.9850e+01, 3.4126e-01, 
 1DIAGNOSTIC,    57, -9.530629460729e-01, 5.996584389406e-06, 2.0185e+01, 3.3533e-01, 
 1DIAGNOSTIC,    58, -9.530861565509e-01, 5.133269274281e-06, 2.0527e+01, 3.4187e-01, 
 1DIAGNOSTIC,    59, -9.531067227632e-01, 4.412709737011e-06, 2.0860e+01, 3.3315e-01, 
 1DIAGNOSTIC,    60, -9.531259872135e-01, 3.818826943506e-06, 2.1191e+01, 3.3078e-01, 
 1DIAGNOSTIC,    61, -9.531420837369e-01, 3.330450601486e-06, 2.1525e+01, 3.3332e-01, 
 1DIAGNOSTIC,    62, -9.531563119980e-01, 2.931827705190e-06, 2.1858e+01, 3.3324e-01, 
 1DIAGNOSTIC,    63, -9.531677832696e-01, 2.595523428562e-06, 2.2192e+01, 3.3399e-01, 
 1DIAGNOSTIC,    64, -9.531763631852e-01, 2.299515294051e-06, 2.2518e+01, 3.2592e-01, 
 1DIAGNOSTIC,    65, -9.531838653235e-01, 2.032831278254e-06, 2.2864e+01, 3.4682e-01, 
 1DIAGNOSTIC,    66, -9.531901796324e-01, 1.790684075111e-06, 2.3190e+01, 3.2564e-01, 
 1DIAGNOSTIC,    67, -9.531942139087e-01, 1.565267864538e-06, 2.3558e+01, 3.6740e-01, 
 1DIAGNOSTIC,    68, -9.531972011853e-01, 1.357631124230e-06, 2.3888e+01, 3.3035e-01, 
 1DIAGNOSTIC,    69, -9.531995474962e-01, 1.170395573725e-06, 2.4221e+01, 3.3284e-01, 
 1DIAGNOSTIC,    70, -9.531995241277e-01, 1.003028699001e-06, 2.4556e+01, 3.3511e-01, 
 1DIAGNOSTIC,    71, -9.531969128978e-01, 8.448506660010e-07, 2.4883e+01, 3.2707e-01, 
XXDIAGNOSTIC,Iteration,metricValue,convergenceValue,ITERATION_TIME_INDEX,SINCE_LAST
 1DIAGNOSTIC,     1, -8.754558330341e-01, 1.797693134862e+308, 2.7743e+01, 2.8600e+00, 
 1DIAGNOSTIC,     2, -8.776794893553e-01, 1.797693134862e+308, 2.9900e+01, 2.1574e+00, 
 1DIAGNOSTIC,     3, -8.818344214821e-01, 1.797693134862e+308, 3.2076e+01, 2.1757e+00, 
 1DIAGNOSTIC,     4, -8.856909948235e-01, 1.797693134862e+308, 3.4358e+01, 2.2820e+00, 
 1DIAGNOSTIC,     5, -8.887994982459e-01, 1.797693134862e+308, 3.6533e+01, 2.1753e+00, 
 1DIAGNOSTIC,     6, -8.914128037233e-01, 1.797693134862e+308, 3.8719e+01, 2.1853e+00, 
 1DIAGNOSTIC,     7, -8.934588858443e-01, 1.797693134862e+308, 4.0945e+01, 2.2266e+00, 
 1DIAGNOSTIC,     8, -8.952483127270e-01, 1.797693134862e+308, 4.3420e+01, 2.4751e+00, 
 1DIAGNOSTIC,     9, -8.968448059325e-01, 1.797693134862e+308, 4.5612e+01, 2.1922e+00, 
 1DIAGNOSTIC,    10, -8.982566560474e-01, 1.699227179542e-03, 4.7892e+01, 2.2797e+00, 
 1DIAGNOSTIC,    11, -8.995143498636e-01, 1.378641924131e-03, 5.0403e+01, 2.5109e+00, 
 1DIAGNOSTIC,    12, -9.006521624283e-01, 1.076354725846e-03, 5.2590e+01, 2.1871e+00, 
 1DIAGNOSTIC,    13, -9.016905599500e-01, 8.498455887964e-04, 5.4775e+01, 2.1845e+00, 
 1DIAGNOSTIC,    14, -9.026534940595e-01, 6.874374974595e-04, 5.7253e+01, 2.4784e+00, 
 1DIAGNOSTIC,    15, -9.035480026768e-01, 5.682324294231e-04, 5.9531e+01, 2.2775e+00, 
 1DIAGNOSTIC,    16, -9.043599723865e-01, 4.795154472611e-04, 6.1712e+01, 2.1817e+00, 
 1DIAGNOSTIC,    17, -9.051040352085e-01, 4.089417141203e-04, 6.3913e+01, 2.2003e+00, 
 1DIAGNOSTIC,    18, -9.057969618973e-01, 3.519663238170e-04, 6.6193e+01, 2.2805e+00, 
 1DIAGNOSTIC,    19, -9.064547601608e-01, 3.058071617700e-04, 6.8404e+01, 2.2111e+00, 
 1DIAGNOSTIC,    20, -9.070480252014e-01, 2.674606771251e-04, 7.0589e+01, 2.1850e+00, 
 1DIAGNOSTIC,    21, -9.075825887328e-01, 2.347713546067e-04, 7.2870e+01, 2.2815e+00, 
 1DIAGNOSTIC,    22, -9.080681743292e-01, 2.064182984589e-04, 7.5214e+01, 2.3433e+00, 
 1DIAGNOSTIC,    23, -9.085191233156e-01, 1.816398302824e-04, 7.7761e+01, 2.5473e+00, 
 1DIAGNOSTIC,    24, -9.089386927921e-01, 1.600518750114e-04, 8.0055e+01, 2.2934e+00, 
 1DIAGNOSTIC,    25, -9.093294497348e-01, 1.413688860775e-04, 8.2514e+01, 2.4593e+00, 
 1DIAGNOSTIC,    26, -9.096764981650e-01, 1.248902713277e-04, 8.5021e+01, 2.5075e+00, 
 1DIAGNOSTIC,    27, -9.099923857204e-01, 1.102614443373e-04, 8.7277e+01, 2.2559e+00, 
 1DIAGNOSTIC,    28, -9.102626978066e-01, 9.713034197974e-05, 8.9549e+01, 2.2714e+00, 
 1DIAGNOSTIC,    29, -9.104979694747e-01, 8.545489749499e-05, 9.2030e+01, 2.4814e+00, 
 1DIAGNOSTIC,    30, -9.107037162428e-01, 7.489522199348e-05, 9.4342e+01, 2.3118e+00, 
 1DIAGNOSTIC,    31, -9.108913277935e-01, 6.529846509131e-05, 9.6546e+01, 2.2043e+00, 
 1DIAGNOSTIC,    32, -9.110500001786e-01, 5.648927034935e-05, 9.9070e+01, 2.5242e+00, 
 1DIAGNOSTIC,    33, -9.112003354657e-01, 4.863397614945e-05, 1.0129e+02, 2.2238e+00, 
 1DIAGNOSTIC,    34, -9.113184640286e-01, 4.164199551823e-05, 1.0368e+02, 2.3895e+00, 
 1DIAGNOSTIC,    35, -9.114162218066e-01, 3.553342449990e-05, 1.0610e+02, 2.4213e+00, 
 1DIAGNOSTIC,    36, -9.114983510077e-01, 3.018438991552e-05, 1.0836e+02, 2.2589e+00, 
 1DIAGNOSTIC,    37, -9.115634826737e-01, 2.554264087245e-05, 1.1058e+02, 2.2137e+00, 
 1DIAGNOSTIC,    38, -9.116060455109e-01, 2.135652957407e-05, 1.1290e+02, 2.3272e+00, 
 1DIAGNOSTIC,    39, -9.116405391244e-01, 1.758500600021e-05, 1.1511e+02, 2.2087e+00, 
 1DIAGNOSTIC,    40, -9.116730724277e-01, 1.425780720144e-05, 1.1731e+02, 2.1950e+00, 
 1DIAGNOSTIC,    41, -9.116913713372e-01, 1.137041028457e-05, 1.1950e+02, 2.1892e+00, 
 1DIAGNOSTIC,    42, -9.117033990590e-01, 8.871102808887e-06, 1.2182e+02, 2.3237e+00, 
 1DIAGNOSTIC,    43, -9.117126974780e-01, 6.870685998826e-06, 1.2412e+02, 2.3027e+00, 
 1DIAGNOSTIC,    44, -9.117197870658e-01, 5.261083137541e-06, 1.2649e+02, 2.3707e+00, 
 1DIAGNOSTIC,    45, -9.117265332248e-01, 4.009630482419e-06, 1.2891e+02, 2.4153e+00, 
 1DIAGNOSTIC,    46, -9.117340297466e-01, 3.101585597711e-06, 1.3109e+02, 2.1813e+00, 
 1DIAGNOSTIC,    47, -9.117530014624e-01, 2.560619400512e-06, 1.3340e+02, 2.3054e+00, 
 1DIAGNOSTIC,    48, -9.117601007683e-01, 2.181848556253e-06, 1.3565e+02, 2.2545e+00, 
 1DIAGNOSTIC,    49, -9.117637544415e-01, 1.914645783772e-06, 1.3787e+02, 2.2152e+00, 
 1DIAGNOSTIC,    50, -9.117656499050e-01, 1.752995349404e-06, 1.4004e+02, 2.1754e+00, 
 1DIAGNOSTIC,    51, -9.117679958766e-01, 1.616780002857e-06, 1.4224e+02, 2.1957e+00, 
 1DIAGNOSTIC,    52, -9.117636470360e-01, 1.434796619439e-06, 1.4443e+02, 2.1944e+00, 
 1DIAGNOSTIC,    53, -9.117697769824e-01, 1.272438200282e-06, 1.4663e+02, 2.2032e+00, 
 1DIAGNOSTIC,    54, -9.117604520727e-01, 1.038568173971e-06, 1.4892e+02, 2.2862e+00, 
 1DIAGNOSTIC,    55, -9.117576977879e-01, 7.952405748565e-07, 1.5125e+02, 2.3319e+00, 
XXDIAGNOSTIC,Iteration,metricValue,convergenceValue,ITERATION_TIME_INDEX,SINCE_LAST
 1DIAGNOSTIC,     1, -8.543090235232e-01, 1.797693134862e+308, 1.7281e+02, 2.1555e+01, 
 1DIAGNOSTIC,     2, -8.567685886629e-01, 1.797693134862e+308, 1.9092e+02, 1.8113e+01, 
 1DIAGNOSTIC,     3, -8.594489657941e-01, 1.797693134862e+308, 2.0860e+02, 1.7679e+01, 
 1DIAGNOSTIC,     4, -8.619697104013e-01, 1.797693134862e+308, 2.2700e+02, 1.8396e+01, 
 1DIAGNOSTIC,     5, -8.642335929174e-01, 1.797693134862e+308, 2.4498e+02, 1.7985e+01, 
 1DIAGNOSTIC,     6, -8.663021492023e-01, 1.797693134862e+308, 2.6454e+02, 1.9562e+01, 
 1DIAGNOSTIC,     7, -8.680859393670e-01, 1.797693134862e+308, 2.8364e+02, 1.9100e+01, 
 1DIAGNOSTIC,     8, -8.695854729989e-01, 1.797693134862e+308, 3.0216e+02, 1.8514e+01, 
 1DIAGNOSTIC,     9, -8.709641750913e-01, 1.797693134862e+308, 3.2025e+02, 1.8094e+01, 
 1DIAGNOSTIC,    10, -8.721852924645e-01, 1.337837123526e-03, 3.3919e+02, 1.8935e+01, 
 1DIAGNOSTIC,    11, -8.732852356947e-01, 1.100405853456e-03, 3.5755e+02, 1.8362e+01, 
 1DIAGNOSTIC,    12, -8.742604690367e-01, 8.971288078268e-04, 3.7691e+02, 1.9365e+01, 
 1DIAGNOSTIC,    13, -8.751425648472e-01, 7.334265481717e-04, 3.9513e+02, 1.8221e+01, 
 1DIAGNOSTIC,    14, -8.759415415611e-01, 6.037095680389e-04, 4.1404e+02, 1.8905e+01, 
 1DIAGNOSTIC,    15, -8.766822253256e-01, 5.012789127034e-04, 4.3358e+02, 1.9537e+01, 
 1DIAGNOSTIC,    16, -8.773798468111e-01, 4.218768694034e-04, 4.5154e+02, 1.7969e+01, 
 1DIAGNOSTIC,    17, -8.780377364244e-01, 3.596838836951e-04, 4.6991e+02, 1.8367e+01, 
 1DIAGNOSTIC,    18, -8.786568296415e-01, 3.094036875778e-04, 4.8781e+02, 1.7901e+01, 
 1DIAGNOSTIC,    19, -8.792319096342e-01, 2.691465901626e-04, 5.0842e+02, 2.0603e+01, 
 1DIAGNOSTIC,    20, -8.797716675755e-01, 2.364942625665e-04, 5.2798e+02, 1.9569e+01, 
 1DIAGNOSTIC,    21, -8.802720776528e-01, 2.096646373261e-04, 5.4802e+02, 2.0032e+01, 
 1DIAGNOSTIC,    22, -8.807419420839e-01, 1.870234623537e-04, 5.6767e+02, 1.9651e+01, 
 1DIAGNOSTIC,    23, -8.811843262900e-01, 1.675532029561e-04, 5.8905e+02, 2.1381e+01, 
 1DIAGNOSTIC,    24, -8.816110343701e-01, 1.505857389751e-04, 6.0815e+02, 1.9097e+01, 
 1DIAGNOSTIC,    25, -8.820266360886e-01, 1.358536192714e-04, 6.2635e+02, 1.8206e+01, 
 1DIAGNOSTIC,    26, -8.824304710454e-01, 1.232302913337e-04, 6.4458e+02, 1.8226e+01, 
 1DIAGNOSTIC,    27, -8.828250208511e-01, 1.125890503516e-04, 6.6425e+02, 1.9669e+01, 
 1DIAGNOSTIC,    28, -8.832149575166e-01, 1.037890326295e-04, 6.8349e+02, 1.9244e+01, 
 1DIAGNOSTIC,    29, -8.835995889952e-01, 9.653553458467e-05, 7.0148e+02, 1.7991e+01, 
 1DIAGNOSTIC,    30, -8.839813526136e-01, 9.060851936691e-05, 7.1933e+02, 1.7848e+01, 
 1DIAGNOSTIC,    31, -8.843601329179e-01, 8.569328899593e-05, 7.3738e+02, 1.8051e+01, 
 1DIAGNOSTIC,    32, -8.847323419117e-01, 8.150933432261e-05, 7.5539e+02, 1.8005e+01, 
 1DIAGNOSTIC,    33, -8.851082040526e-01, 7.789880549881e-05, 7.7321e+02, 1.7821e+01, 
 1DIAGNOSTIC,    34, -8.854755506473e-01, 7.468463122265e-05, 7.9179e+02, 1.8586e+01, 
 1DIAGNOSTIC,    35, -8.858282620654e-01, 7.168309482135e-05, 8.0975e+02, 1.7959e+01, 
 1DIAGNOSTIC,    36, -8.861457589517e-01, 6.853871990937e-05, 8.2901e+02, 1.9262e+01, 
 1DIAGNOSTIC,    37, -8.864155078583e-01, 6.487844247826e-05, 8.4838e+02, 1.9367e+01, 
 1DIAGNOSTIC,    38, -8.866485870534e-01, 6.056818037131e-05, 8.6795e+02, 1.9572e+01, 
 1DIAGNOSTIC,    39, -8.868555781786e-01, 5.564417866263e-05, 8.8772e+02, 1.9768e+01, 
 1DIAGNOSTIC,    40, -8.870415061758e-01, 5.027907565914e-05, 9.0600e+02, 1.8278e+01, 
 1DIAGNOSTIC,    41, -8.872170565595e-01, 4.478257698679e-05, 9.2555e+02, 1.9553e+01, 
 1DIAGNOSTIC,    42, -8.873898743124e-01, 3.950079833281e-05, 9.4366e+02, 1.8104e+01, 
 1DIAGNOSTIC,    43, -8.875630265702e-01, 3.485023666896e-05, 9.6205e+02, 1.8397e+01, 
 1DIAGNOSTIC,    44, -8.877404698624e-01, 3.110961265659e-05, 9.8200e+02, 1.9945e+01, 
 1DIAGNOSTIC,    45, -8.879263589102e-01, 2.845548498382e-05, 1.0004e+03, 1.8374e+01, 
 1DIAGNOSTIC,    46, -8.881196545547e-01, 2.681190789380e-05, 1.0206e+03, 2.0237e+01, 
 1DIAGNOSTIC,    47, -8.883205919704e-01, 2.593825526071e-05, 1.0387e+03, 1.8085e+01, 
 1DIAGNOSTIC,    48, -8.885220579411e-01, 2.557310779187e-05, 1.0569e+03, 1.8182e+01, 
 1DIAGNOSTIC,    49, -8.887292383702e-01, 2.553675273784e-05, 1.0758e+03, 1.8974e+01, 
 1DIAGNOSTIC,    50, -8.889417117186e-01, 2.566059701523e-05, 1.0950e+03, 1.9156e+01, 
XXDIAGNOSTIC,Iteration,metricValue,convergenceValue,ITERATION_TIME_INDEX,SINCE_LAST
 1DIAGNOSTIC,     1, -8.499814402091e-01, 1.797693134862e+308, 1.2527e+03, 1.5771e+02, 
 1DIAGNOSTIC,     2, -8.511072521346e-01, 1.797693134862e+308, 1.4057e+03, 1.5302e+02, 
 1DIAGNOSTIC,     3, -8.524402504020e-01, 1.797693134862e+308, 1.5635e+03, 1.5779e+02, 
 1DIAGNOSTIC,     4, -8.537526198261e-01, 1.797693134862e+308, 1.7114e+03, 1.4792e+02, 
 1DIAGNOSTIC,     5, -8.550228392559e-01, 1.797693134862e+308, 1.8579e+03, 1.4643e+02, 
 1DIAGNOSTIC,     6, -8.562202631801e-01, 1.797693134862e+308, 2.0065e+03, 1.4865e+02, 
 1DIAGNOSTIC,     7, -8.573264791163e-01, 1.797693134862e+308, 2.1598e+03, 1.5332e+02, 
 1DIAGNOSTIC,     8, -8.582612429065e-01, 1.797693134862e+308, 2.3158e+03, 1.5600e+02, 
 1DIAGNOSTIC,     9, -8.591415521137e-01, 1.797693134862e+308, 2.4704e+03, 1.5452e+02, 
 1DIAGNOSTIC,    10, -8.599413817171e-01, 7.651781854620e-04, 2.6237e+03, 1.5334e+02, 
 1DIAGNOSTIC,    11, -8.606296727442e-01, 6.536154145023e-04, 2.7780e+03, 1.5434e+02, 
 1DIAGNOSTIC,    12, -8.612599744327e-01, 5.503017340677e-04, 2.9356e+03, 1.5757e+02, 
 1DIAGNOSTIC,    13, -8.618481551341e-01, 4.619688249335e-04, 3.0886e+03, 1.5303e+02, 
 1DIAGNOSTIC,    14, -8.623932417846e-01, 3.880328968945e-04, 3.2442e+03, 1.5552e+02, 
 1DIAGNOSTIC,    15, -8.629028820313e-01, 3.276100247390e-04, 3.3963e+03, 1.5214e+02, 
 1DIAGNOSTIC,    16, -8.633864813810e-01, 2.793034806635e-04, 3.5461e+03, 1.4982e+02, 
 1DIAGNOSTIC,    17, -8.638425848139e-01, 2.412843480496e-04, 3.6984e+03, 1.5226e+02, 
 1DIAGNOSTIC,    18, -8.642738923144e-01, 2.102013409424e-04, 3.8463e+03, 1.4789e+02, 
 1DIAGNOSTIC,    19, -8.647020669335e-01, 1.855985235476e-04, 3.9952e+03, 1.4894e+02, 
 1DIAGNOSTIC,    20, -8.651043703882e-01, 1.660248171409e-04, 4.1448e+03, 1.4963e+02, 
  Elapsed time (stage 0): 4146.24


Total elapsed time: 4146.25
