
##########################
# Experiment information #
##########################

EXPERIMENT_NAME: antsRegistration-r8-p17
VFC_BACKENDS: libinterflop_vprec.so --range-binary32=8 --precision-binary32=17 --range-binary64=8 --precision-binary64=17

SIF_IMG: /home/mdugre/projects/rrg-glatard/mdugre/containers/ants-vprec-no_metrics.simg

SUBJECT_ID: s003
INPUT_IMG: /home/mdugre/scratch/mri-registration-rp/datasets/ds004513/derivatives/mri-registration-rp/antsBrainExtraction/sub-s003/BrainExtractionBrain.nii.gz
OUTPUT_DIR: /home/mdugre/scratch/mri-registration-rp/datasets/ds004513/derivatives/mri-registration-rp/0001/antsRegistration-r8-p17/sub-s003

FIXED_IMG: /templateflow/tpl-MNI152NLin2009cAsym/tpl-MNI152NLin2009cAsym_res-01_desc-brain_T1w.nii.gz
DATA_DIR: /home/mdugre/scratch/mri-registration-rp/datasets/ds004513
TEMPLATEFLOW_DIR: /home/mdugre/projects/rrg-glatard/mdugre/templateflow
ITK_GLOBAL_DEFAULT_NUMBER_OF_THREADS: 16
##########################

Info [verificarlo]: loaded backend libinterflop_ieee.so
Info [interflop-ieee]: load backend with:
Info [interflop-ieee]: debug = false
Info [interflop-ieee]: debug-binary = false
Info [interflop-ieee]: no-backend-name = false
Info [interflop-ieee]: print-new-line = false
Info [interflop-ieee]: print-subnormal-normalized = false
Info [interflop-ieee]: count-op = false
All_Command_lines_OK
Using double precision for computations.
=============================================================================
The composite transform comprises the following transforms (in order): 
  1. Center of mass alignment using fixed image: /templateflow/tpl-MNI152NLin2009cAsym/tpl-MNI152NLin2009cAsym_res-01_desc-brain_T1w.nii.gz and moving image: /home/mdugre/scratch/mri-registration-rp/datasets/ds004513/derivatives/mri-registration-rp/antsBrainExtraction/sub-s003/BrainExtractionBrain.nii.gz (type = Euler3DTransform)
=============================================================================
  number of levels = 1
  fixed image: /templateflow/tpl-MNI152NLin2009cAsym/tpl-MNI152NLin2009cAsym_res-01_desc-brain_T1w.nii.gz
  moving image: /home/mdugre/scratch/mri-registration-rp/datasets/ds004513/derivatives/mri-registration-rp/antsBrainExtraction/sub-s003/BrainExtractionBrain.nii.gz
Dimension = 3
Number of stages = 1
Use histogram matching = false
Winsorize image intensities = true
  Lower quantile = 0.005
  Upper quantile = 0.995


Stage 1 State
   Image metric = MattesMI
     Fixed image = Image (0x37c6e70)
  RTTI typeinfo:   itk::Image<double, 3u>
  Reference Count: 2
  Modified Time: 2334
  Debug: Off
  Object Name: 
  Observers: 
    none
  Source: (none)
  Source output name: (none)
  Release Data: Off
  Data Released: False
  Global Release Data: Off
  PipelineMTime: 0
  UpdateMTime: 1943
  RealTimeStamp: 0 seconds 
  LargestPossibleRegion: 
    Dimension: 3
    Index: [0, 0, 0]
    Size: [193, 229, 193]
  BufferedRegion: 
    Dimension: 3
    Index: [0, 0, 0]
    Size: [193, 229, 193]
  RequestedRegion: 
    Dimension: 3
    Index: [0, 0, 0]
    Size: [193, 229, 193]
  Spacing: [1, 1, 1]
  Origin: [96, 132, -78]
  Direction: 
-1 0 0
0 -1 0
0 0 1

  IndexToPointMatrix: 
-1 0 0
0 -1 0
0 0 1

  PointToIndexMatrix: 
-1 0 0
0 -1 0
0 0 1

  Inverse Direction: 
-1 0 0
0 -1 0
0 0 1

  PixelContainer: 
    ImportImageContainer (0x37d3140)
      RTTI typeinfo:   itk::ImportImageContainer<unsigned long, double>
      Reference Count: 1
      Modified Time: 1940
      Debug: Off
      Object Name: 
      Observers: 
        none
      Pointer: 0x14f6d6c5a010
      Container manages memory: true
      Size: 8530021
      Capacity: 8530021

     Moving image = Image (0x37d0310)
  RTTI typeinfo:   itk::Image<double, 3u>
  Reference Count: 2
  Modified Time: 2335
  Debug: Off
  Object Name: 
  Observers: 
    none
  Source: (none)
  Source output name: (none)
  Release Data: Off
  Data Released: False
  Global Release Data: Off
  PipelineMTime: 0
  UpdateMTime: 2332
  RealTimeStamp: 0 seconds 
  LargestPossibleRegion: 
    Dimension: 3
    Index: [0, 0, 0]
    Size: [176, 240, 256]
  BufferedRegion: 
    Dimension: 3
    Index: [0, 0, 0]
    Size: [176, 240, 256]
  RequestedRegion: 
    Dimension: 3
    Index: [0, 0, 0]
    Size: [176, 240, 256]
  Spacing: [0.999999, 1, 1]
  Origin: [93.3499, 86.9368, -128.957]
  Direction: 
-0.999513 -0.0279216 -0.0139567
0.0279189 -0.99961 0.000389866
-0.0139622 2.01492e-08 0.999903

  IndexToPointMatrix: 
-0.999512 -0.0279216 -0.0139567
0.0279189 -0.99961 0.000389866
-0.0139621 2.01492e-08 0.999903

  PointToIndexMatrix: 
-0.999514 0.0279189 -0.0139622
-0.0279216 -0.99961 2.01716e-08
-0.0139567 0.000389866 0.999903

  Inverse Direction: 
-0.999513 0.0279189 -0.0139622
-0.0279216 -0.99961 2.01716e-08
-0.0139567 0.000389866 0.999903

  PixelContainer: 
    ImportImageContainer (0x38fb610)
      RTTI typeinfo:   itk::ImportImageContainer<unsigned long, double>
      Reference Count: 1
      Modified Time: 2329
      Debug: Off
      Object Name: 
      Observers: 
        none
      Pointer: 0x14f6d19d9010
      Container manages memory: true
      Size: 10813440
      Capacity: 10813440

     Weighting = 1
     Sampling strategy = regular
     Number of bins = 32
     Radius = 4
     Sampling percentage  = 0.25
   Transform = Rigid
     Gradient step = 0.1
     Update field sigma (voxel space) = 0
     Total field sigma (voxel space) = 0
     Update field time sigma = 0
     Total field time sigma  = 0
     Number of time indices = 0
     Number of time point samples = 0
Registration using 1 total stages.

Stage 0
  iterations = 0
  convergence threshold = 1e-06
  convergence window size = 10
  number of levels = 1
  using the Mattes MI metric (number of bins = 32, weight = 1, use gradient filter = 0)
  preprocessing:  winsorizing the image intensities
  Shrink factors (level 1 out of 1): [1, 1, 1]
  smoothing sigmas per level: [0]
  regular sampling (percentage = 0.25)

*** Running Euler3DTransform registration ***

  Elapsed time (stage 0): 1.14788


Total elapsed time: 1.15012
Info [verificarlo]: loaded backend libinterflop_ieee.so
Info [interflop-ieee]: load backend with:
Info [interflop-ieee]: debug = false
Info [interflop-ieee]: debug-binary = false
Info [interflop-ieee]: no-backend-name = false
Info [interflop-ieee]: print-new-line = false
Info [interflop-ieee]: print-subnormal-normalized = false
Info [interflop-ieee]: count-op = false
All_Command_lines_OK
Using double precision for computations.
=============================================================================
The composite transform comprises the following transforms (in order): 
  1. /home/mdugre/scratch/mri-registration-rp/datasets/ds004513/derivatives/mri-registration-rp/0001/antsRegistration-r8-p17/sub-s003/align_Composite.h5[0] (type = Euler3DTransform)
  2. /home/mdugre/scratch/mri-registration-rp/datasets/ds004513/derivatives/mri-registration-rp/0001/antsRegistration-r8-p17/sub-s003/align_Composite.h5[1] (type = Euler3DTransform)
=============================================================================
  number of levels = 4
  fixed image: /templateflow/tpl-MNI152NLin2009cAsym/tpl-MNI152NLin2009cAsym_res-01_desc-brain_T1w.nii.gz
  moving image: /home/mdugre/scratch/mri-registration-rp/datasets/ds004513/derivatives/mri-registration-rp/antsBrainExtraction/sub-s003/BrainExtractionBrain.nii.gz
Dimension = 3
Number of stages = 1
Use histogram matching = false
Winsorize image intensities = true
  Lower quantile = 0.005
  Upper quantile = 0.995


Stage 1 State
   Image metric = MattesMI
     Fixed image = Image (0x5040530)
  RTTI typeinfo:   itk::Image<double, 3u>
  Reference Count: 2
  Modified Time: 1580
  Debug: Off
  Object Name: 
  Observers: 
    none
  Source: (none)
  Source output name: (none)
  Release Data: Off
  Data Released: False
  Global Release Data: Off
  PipelineMTime: 0
  UpdateMTime: 1189
  RealTimeStamp: 0 seconds 
  LargestPossibleRegion: 
    Dimension: 3
    Index: [0, 0, 0]
    Size: [193, 229, 193]
  BufferedRegion: 
    Dimension: 3
    Index: [0, 0, 0]
    Size: [193, 229, 193]
  RequestedRegion: 
    Dimension: 3
    Index: [0, 0, 0]
    Size: [193, 229, 193]
  Spacing: [1, 1, 1]
  Origin: [96, 132, -78]
  Direction: 
-1 0 0
0 -1 0
0 0 1

  IndexToPointMatrix: 
-1 0 0
0 -1 0
0 0 1

  PointToIndexMatrix: 
-1 0 0
0 -1 0
0 0 1

  Inverse Direction: 
-1 0 0
0 -1 0
0 0 1

  PixelContainer: 
    ImportImageContainer (0x50fed60)
      RTTI typeinfo:   itk::ImportImageContainer<unsigned long, double>
      Reference Count: 1
      Modified Time: 1186
      Debug: Off
      Object Name: 
      Observers: 
        none
      Pointer: 0x14a39c98d010
      Container manages memory: true
      Size: 8530021
      Capacity: 8530021

     Moving image = Image (0x50f0f60)
  RTTI typeinfo:   itk::Image<double, 3u>
  Reference Count: 2
  Modified Time: 1581
  Debug: Off
  Object Name: 
  Observers: 
    none
  Source: (none)
  Source output name: (none)
  Release Data: Off
  Data Released: False
  Global Release Data: Off
  PipelineMTime: 0
  UpdateMTime: 1578
  RealTimeStamp: 0 seconds 
  LargestPossibleRegion: 
    Dimension: 3
    Index: [0, 0, 0]
    Size: [176, 240, 256]
  BufferedRegion: 
    Dimension: 3
    Index: [0, 0, 0]
    Size: [176, 240, 256]
  RequestedRegion: 
    Dimension: 3
    Index: [0, 0, 0]
    Size: [176, 240, 256]
  Spacing: [0.999999, 1, 1]
  Origin: [93.3499, 86.9368, -128.957]
  Direction: 
-0.999513 -0.0279216 -0.0139567
0.0279189 -0.99961 0.000389866
-0.0139622 2.01492e-08 0.999903

  IndexToPointMatrix: 
-0.999512 -0.0279216 -0.0139567
0.0279189 -0.99961 0.000389866
-0.0139621 2.01492e-08 0.999903

  PointToIndexMatrix: 
-0.999514 0.0279189 -0.0139622
-0.0279216 -0.99961 2.01716e-08
-0.0139567 0.000389866 0.999903

  Inverse Direction: 
-0.999513 0.0279189 -0.0139622
-0.0279216 -0.99961 2.01716e-08
-0.0139567 0.000389866 0.999903

  PixelContainer: 
    ImportImageContainer (0x50e26d0)
      RTTI typeinfo:   itk::ImportImageContainer<unsigned long, double>
      Reference Count: 1
      Modified Time: 1575
      Debug: Off
      Object Name: 
      Observers: 
        none
      Pointer: 0x14a39770c010
      Container manages memory: true
      Size: 10813440
      Capacity: 10813440

     Weighting = 1
     Sampling strategy = regular
     Number of bins = 32
     Radius = 4
     Sampling percentage  = 0.25
   Transform = Rigid
     Gradient step = 0.1
     Update field sigma (voxel space) = 0
     Total field sigma (voxel space) = 0
     Update field time sigma = 0
     Total field time sigma  = 0
     Number of time indices = 0
     Number of time point samples = 0
Registration using 1 total stages.

Stage 0
  iterations = 1000x500x250x100
  convergence threshold = 1e-06
  convergence window size = 10
  number of levels = 4
  using the Mattes MI metric (number of bins = 32, weight = 1, use gradient filter = 0)
  preprocessing:  winsorizing the image intensities
  Shrink factors (level 1 out of 4): [8, 8, 8]
  Shrink factors (level 2 out of 4): [4, 4, 4]
  Shrink factors (level 3 out of 4): [2, 2, 2]
  Shrink factors (level 4 out of 4): [1, 1, 1]
  smoothing sigmas per level: [3, 2, 1, 0]
  regular sampling (percentage = 0.25)

*** Running Euler3DTransform registration ***

DIAGNOSTIC,Iteration,metricValue,convergenceValue,ITERATION_TIME_INDEX,SINCE_LAST
 2DIAGNOSTIC,     1, -4.871187133941e-01, 1.797693134862e+308, 8.5556e-01, 8.5556e-01, 
 2DIAGNOSTIC,     2, -4.887966556740e-01, 1.797693134862e+308, 8.6069e-01, 5.1370e-03, 
 2DIAGNOSTIC,     3, -4.919242839642e-01, 1.797693134862e+308, 8.6622e-01, 5.5280e-03, 
 2DIAGNOSTIC,     4, -5.019092629522e-01, 1.797693134862e+308, 8.7093e-01, 4.7112e-03, 
 2DIAGNOSTIC,     5, -5.198319788477e-01, 1.797693134862e+308, 8.7619e-01, 5.2540e-03, 
 2DIAGNOSTIC,     6, -5.251449584180e-01, 1.797693134862e+308, 8.8141e-01, 5.2271e-03, 
 2DIAGNOSTIC,     7, -5.365118080768e-01, 1.797693134862e+308, 8.8621e-01, 4.7939e-03, 
 2DIAGNOSTIC,     8, -5.564319077261e-01, 1.797693134862e+308, 8.9366e-01, 7.4561e-03, 
 2DIAGNOSTIC,     9, -5.572786469687e-01, 1.797693134862e+308, 8.9818e-01, 4.5159e-03, 
 2DIAGNOSTIC,    10, -5.597886110608e-01, 1.060089541986e-02, 9.0352e-01, 5.3449e-03, 
 2DIAGNOSTIC,    11, -5.645450860914e-01, 9.471656029002e-03, 9.0831e-01, 4.7829e-03, 
 2DIAGNOSTIC,    12, -5.675342641672e-01, 7.901754414630e-03, 9.1365e-01, 5.3480e-03, 
 2DIAGNOSTIC,    13, -5.685174641935e-01, 6.033280802479e-03, 9.1896e-01, 5.3020e-03, 
 2DIAGNOSTIC,    14, -5.693412095342e-01, 4.302087948769e-03, 9.2491e-01, 5.9519e-03, 
 2DIAGNOSTIC,    15, -5.718972801998e-01, 3.155204981954e-03, 9.3009e-01, 5.1789e-03, 
 2DIAGNOSTIC,    16, -5.734788767073e-01, 2.091398053252e-03, 9.3494e-01, 4.8561e-03, 
 2DIAGNOSTIC,    17, -5.737823402463e-01, 1.310029424174e-03, 9.3972e-01, 4.7779e-03, 
 2DIAGNOSTIC,    18, -5.749452616696e-01, 1.114936190120e-03, 9.4471e-01, 4.9899e-03, 
 2DIAGNOSTIC,    19, -5.774392255370e-01, 9.301256922513e-04, 9.5215e-01, 7.4391e-03, 
 2DIAGNOSTIC,    20, -5.782944999901e-01, 7.612328990649e-04, 9.5774e-01, 5.5940e-03, 
 2DIAGNOSTIC,    21, -5.788863756122e-01, 6.687985512895e-04, 9.6271e-01, 4.9620e-03, 
 2DIAGNOSTIC,    22, -5.857337702753e-01, 7.546209623922e-04, 9.6771e-01, 5.0092e-03, 
 2DIAGNOSTIC,    23, -6.028589200973e-01, 1.162232409058e-03, 9.7325e-01, 5.5349e-03, 
 2DIAGNOSTIC,    24, -6.086613839295e-01, 1.554691249293e-03, 9.7999e-01, 6.7389e-03, 
 2DIAGNOSTIC,    25, -6.127624309655e-01, 1.904928867724e-03, 9.8536e-01, 5.3668e-03, 
 2DIAGNOSTIC,    26, -6.171330102927e-01, 2.167612430671e-03, 9.9062e-01, 5.2669e-03, 
 2DIAGNOSTIC,    27, -6.180829716125e-01, 2.226134250790e-03, 9.9535e-01, 4.7238e-03, 
 2DIAGNOSTIC,    28, -6.204355230055e-01, 2.128618126388e-03, 1.0007e+00, 5.3151e-03, 
 2DIAGNOSTIC,    29, -6.216541945970e-01, 1.901236650504e-03, 1.0058e+00, 5.1560e-03, 
 2DIAGNOSTIC,    30, -6.252686886790e-01, 1.589741148920e-03, 1.0118e+00, 5.9371e-03, 
 2DIAGNOSTIC,    31, -6.305777170401e-01, 1.244380916980e-03, 1.0167e+00, 4.9231e-03, 
 2DIAGNOSTIC,    32, -6.437126657841e-01, 1.107471259908e-03, 1.0229e+00, 6.2289e-03, 
 2DIAGNOSTIC,    33, -6.470257701654e-01, 1.176383070065e-03, 1.0279e+00, 4.9751e-03, 
 2DIAGNOSTIC,    34, -6.489212527830e-01, 1.241889782214e-03, 1.0356e+00, 7.6802e-03, 
 2DIAGNOSTIC,    35, -6.509315224554e-01, 1.271881059488e-03, 1.0402e+00, 4.6711e-03, 
 2DIAGNOSTIC,    36, -6.520047958202e-01, 1.251974187172e-03, 1.0448e+00, 4.6091e-03, 
 2DIAGNOSTIC,    37, -6.528674744343e-01, 1.135509476551e-03, 1.0494e+00, 4.5800e-03, 
 2DIAGNOSTIC,    38, -6.532433149206e-01, 9.531145858112e-04, 1.0541e+00, 4.6408e-03, 
 2DIAGNOSTIC,    39, -6.541855086660e-01, 7.192244685467e-04, 1.0604e+00, 6.3250e-03, 
 2DIAGNOSTIC,    40, -6.542272881786e-01, 4.742901292173e-04, 1.0653e+00, 4.8950e-03, 
 2DIAGNOSTIC,    41, -6.546749902973e-01, 2.614791087734e-04, 1.0699e+00, 4.5762e-03, 
 2DIAGNOSTIC,    42, -6.552201534108e-01, 1.909862834451e-04, 1.0764e+00, 6.5830e-03, 
 2DIAGNOSTIC,    43, -6.554118131803e-01, 1.446815743041e-04, 1.0816e+00, 5.1270e-03, 
 2DIAGNOSTIC,    44, -6.553653956279e-01, 1.066483845830e-04, 1.0862e+00, 4.5891e-03, 
 2DIAGNOSTIC,    45, -6.555146606023e-01, 8.319469535945e-05, 1.0907e+00, 4.5750e-03, 
 2DIAGNOSTIC,    46, -6.555934452540e-01, 6.474856479301e-05, 1.0959e+00, 5.1260e-03, 
 2DIAGNOSTIC,    47, -6.557588175973e-01, 5.132643266276e-05, 1.1011e+00, 5.2550e-03, 
 2DIAGNOSTIC,    48, -6.557398153990e-01, 3.695296043265e-05, 1.1058e+00, 4.6411e-03, 
 2DIAGNOSTIC,    49, -6.557031701253e-01, 2.866127984801e-05, 1.1120e+00, 6.2129e-03, 
 2DIAGNOSTIC,    50, -6.556362675795e-01, 1.779782231331e-05, 1.1170e+00, 5.0659e-03, 
 2DIAGNOSTIC,    51, -6.556521995855e-01, 9.905186866891e-06, 1.1221e+00, 5.0979e-03, 
 2DIAGNOSTIC,    52, -6.557392184836e-01, 7.105615747866e-06, 1.1273e+00, 5.1510e-03, 
 2DIAGNOSTIC,    53, -6.559474290139e-01, 7.357465100308e-06, 1.1319e+00, 4.5910e-03, 
 2DIAGNOSTIC,    54, -6.559606170488e-01, 6.629860431380e-06, 1.1370e+00, 5.1320e-03, 
 2DIAGNOSTIC,    55, -6.558854999309e-01, 6.023699075583e-06, 1.1415e+00, 4.5378e-03, 
 2DIAGNOSTIC,    56, -6.558136890747e-01, 4.979584901640e-06, 1.1466e+00, 5.0540e-03, 
 2DIAGNOSTIC,    57, -6.556776141334e-01, 3.780333918228e-06, 1.1517e+00, 5.0790e-03, 
 2DIAGNOSTIC,    58, -6.558036263077e-01, 3.168639961339e-06, 1.1569e+00, 5.2571e-03, 
DIAGNOSTIC,Iteration,metricValue,convergenceValue,ITERATION_TIME_INDEX,SINCE_LAST
 2DIAGNOSTIC,     1, -5.251708899032e-01, 1.797693134862e+308, 1.9984e+00, 8.4149e-01, 
 2DIAGNOSTIC,     2, -5.257921847122e-01, 1.797693134862e+308, 2.0326e+00, 3.4217e-02, 
 2DIAGNOSTIC,     3, -5.265560799150e-01, 1.797693134862e+308, 2.0646e+00, 3.1928e-02, 
 2DIAGNOSTIC,     4, -5.273225056396e-01, 1.797693134862e+308, 2.0966e+00, 3.2021e-02, 
 2DIAGNOSTIC,     5, -5.278495323469e-01, 1.797693134862e+308, 2.1283e+00, 3.1739e-02, 
 2DIAGNOSTIC,     6, -5.281787457502e-01, 1.797693134862e+308, 2.1603e+00, 3.1938e-02, 
 2DIAGNOSTIC,     7, -5.295024239733e-01, 1.797693134862e+308, 2.1924e+00, 3.2157e-02, 
 2DIAGNOSTIC,     8, -5.309956515483e-01, 1.797693134862e+308, 2.2442e+00, 5.1797e-02, 
 2DIAGNOSTIC,     9, -5.314377866899e-01, 1.797693134862e+308, 2.2757e+00, 3.1457e-02, 
 2DIAGNOSTIC,    10, -5.315068000680e-01, 8.345262240089e-04, 2.3104e+00, 3.4762e-02, 
 2DIAGNOSTIC,    11, -5.317666985323e-01, 7.298458864068e-04, 2.3432e+00, 3.2746e-02, 
 2DIAGNOSTIC,    12, -5.329445680293e-01, 6.565223213434e-04, 2.3869e+00, 4.3673e-02, 
 2DIAGNOSTIC,    13, -5.336111163939e-01, 5.916135557284e-04, 2.4226e+00, 3.5731e-02, 
 2DIAGNOSTIC,    14, -5.337362500223e-01, 5.165867519819e-04, 2.4602e+00, 3.7650e-02, 
 2DIAGNOSTIC,    15, -5.339193854907e-01, 4.318955497039e-04, 2.4955e+00, 3.5269e-02, 
 2DIAGNOSTIC,    16, -5.339788403652e-01, 3.309973462605e-04, 2.5284e+00, 3.2859e-02, 
 2DIAGNOSTIC,    17, -5.339828404076e-01, 2.518121361435e-04, 2.5575e+00, 2.9105e-02, 
 2DIAGNOSTIC,    18, -5.340126151062e-01, 2.031135270667e-04, 2.5876e+00, 3.0124e-02, 
 2DIAGNOSTIC,    19, -5.340322046749e-01, 1.543597200478e-04, 2.6169e+00, 2.9305e-02, 
 2DIAGNOSTIC,    20, -5.340853904564e-01, 9.996220420341e-05, 2.6501e+00, 3.3183e-02, 
 2DIAGNOSTIC,    21, -5.341287666865e-01, 4.867244899167e-05, 2.6871e+00, 3.7006e-02, 
 2DIAGNOSTIC,    22, -5.340895831641e-01, 2.498428708355e-05, 2.7202e+00, 3.3060e-02, 
 2DIAGNOSTIC,    23, -5.340898947867e-01, 1.670657046866e-05, 2.7496e+00, 2.9489e-02, 
 2DIAGNOSTIC,    24, -5.342243963542e-01, 1.336182558055e-05, 2.7795e+00, 2.9897e-02, 
 2DIAGNOSTIC,    25, -5.345529442089e-01, 1.995219134104e-05, 2.8237e+00, 4.4146e-02, 
 2DIAGNOSTIC,    26, -5.348396476635e-01, 3.122757559806e-05, 2.8573e+00, 3.3600e-02, 
 2DIAGNOSTIC,    27, -5.349713567423e-01, 4.149759044628e-05, 2.8864e+00, 2.9095e-02, 
 2DIAGNOSTIC,    28, -5.351852083047e-01, 5.197987163014e-05, 2.9197e+00, 3.3308e-02, 
 2DIAGNOSTIC,    29, -5.355767733139e-01, 6.441311752241e-05, 2.9634e+00, 4.3744e-02, 
 2DIAGNOSTIC,    30, -5.361739399439e-01, 8.132702806277e-05, 3.0030e+00, 3.9556e-02, 
 2DIAGNOSTIC,    31, -5.363268828921e-01, 9.271735715020e-05, 3.0354e+00, 3.2436e-02, 
 2DIAGNOSTIC,    32, -5.364246580753e-01, 9.588267704895e-05, 3.0655e+00, 3.0104e-02, 
 2DIAGNOSTIC,    33, -5.364732708206e-01, 9.077699843506e-05, 3.0947e+00, 2.9127e-02, 
 2DIAGNOSTIC,    34, -5.365599418581e-01, 8.074362309442e-05, 3.1237e+00, 2.9024e-02, 
 2DIAGNOSTIC,    35, -5.367824557668e-01, 7.186558537792e-05, 3.1603e+00, 3.6642e-02, 
 2DIAGNOSTIC,    36, -5.368535418507e-01, 6.197065769591e-05, 3.2043e+00, 4.3951e-02, 
 2DIAGNOSTIC,    37, -5.368534838741e-01, 4.881430189985e-05, 3.2338e+00, 2.9556e-02, 
 2DIAGNOSTIC,    38, -5.369271992054e-01, 3.584303467661e-05, 3.2672e+00, 3.3410e-02, 
 2DIAGNOSTIC,    39, -5.370205217023e-01, 2.659820898565e-05, 3.2954e+00, 2.8148e-02, 
 2DIAGNOSTIC,    40, -5.370539180698e-01, 2.364675862664e-05, 3.3286e+00, 3.3251e-02, 
 2DIAGNOSTIC,    41, -5.370768642311e-01, 2.092678208818e-05, 3.3611e+00, 3.2451e-02, 
 2DIAGNOSTIC,    42, -5.370815715232e-01, 1.776434603056e-05, 3.3906e+00, 2.9464e-02, 
 2DIAGNOSTIC,    43, -5.371200574572e-01, 1.421010114367e-05, 3.4200e+00, 2.9486e-02, 
 2DIAGNOSTIC,    44, -5.371389247919e-01, 1.070977007457e-05, 3.4622e+00, 4.2168e-02, 
 2DIAGNOSTIC,    45, -5.371494781080e-01, 9.147245403986e-06, 3.5555e+00, 9.3271e-02, 
 2DIAGNOSTIC,    46, -5.371494780569e-01, 7.696813350676e-06, 3.5844e+00, 2.8872e-02, 
 2DIAGNOSTIC,    47, -5.371494782556e-01, 5.634038593102e-06, 3.6139e+00, 2.9519e-02, 
 2DIAGNOSTIC,    48, -5.371494785915e-01, 3.973391035080e-06, 3.6424e+00, 2.8527e-02, 
 2DIAGNOSTIC,    49, -5.371494791594e-01, 3.065594438818e-06, 3.6713e+00, 2.8922e-02, 
 2DIAGNOSTIC,    50, -5.371494801194e-01, 2.316106801670e-06, 3.7000e+00, 2.8705e-02, 
 2DIAGNOSTIC,    51, -5.371494817418e-01, 1.681058375235e-06, 3.7299e+00, 2.9833e-02, 
 2DIAGNOSTIC,    52, -5.371494844827e-01, 1.010455746481e-06, 3.7591e+00, 2.9265e-02, 
DIAGNOSTIC,Iteration,metricValue,convergenceValue,ITERATION_TIME_INDEX,SINCE_LAST
 2DIAGNOSTIC,     1, -4.770539112576e-01, 1.797693134862e+308, 4.8581e+00, 1.0990e+00, 
 2DIAGNOSTIC,     2, -4.772520074334e-01, 1.797693134862e+308, 5.1121e+00, 2.5407e-01, 
 2DIAGNOSTIC,     3, -4.774084027142e-01, 1.797693134862e+308, 5.3958e+00, 2.8370e-01, 
 2DIAGNOSTIC,     4, -4.774707354133e-01, 1.797693134862e+308, 5.6904e+00, 2.9451e-01, 
 2DIAGNOSTIC,     5, -4.774953506244e-01, 1.797693134862e+308, 5.9708e+00, 2.8042e-01, 
 2DIAGNOSTIC,     6, -4.775079538788e-01, 1.797693134862e+308, 6.2263e+00, 2.5554e-01, 
 2DIAGNOSTIC,     7, -4.775457463958e-01, 1.797693134862e+308, 6.4747e+00, 2.4842e-01, 
 2DIAGNOSTIC,     8, -4.777115062041e-01, 1.797693134862e+308, 6.7285e+00, 2.5377e-01, 
 2DIAGNOSTIC,     9, -4.781536284557e-01, 1.797693134862e+308, 7.0683e+00, 3.3979e-01, 
 2DIAGNOSTIC,    10, -4.782305319637e-01, 1.349456072674e-04, 7.3252e+00, 2.5694e-01, 
 2DIAGNOSTIC,    11, -4.782562041261e-01, 1.277969894122e-04, 7.5861e+00, 2.6088e-01, 
 2DIAGNOSTIC,    12, -4.783394054349e-01, 1.247246330032e-04, 7.8192e+00, 2.3307e-01, 
 2DIAGNOSTIC,    13, -4.787576324941e-01, 1.370831319365e-04, 8.1945e+00, 3.7536e-01, 
 2DIAGNOSTIC,    14, -4.788124268947e-01, 1.396201608332e-04, 8.4327e+00, 2.3821e-01, 
 2DIAGNOSTIC,    15, -4.788883241919e-01, 1.334456230344e-04, 8.7239e+00, 2.9115e-01, 
 2DIAGNOSTIC,    16, -4.788972021021e-01, 1.172623217234e-04, 8.9915e+00, 2.6760e-01, 
 2DIAGNOSTIC,    17, -4.788914319128e-01, 9.350635454788e-05, 9.2599e+00, 2.6843e-01, 
 2DIAGNOSTIC,    18, -4.788882602433e-01, 6.872531631741e-05, 9.5192e+00, 2.5927e-01, 
 2DIAGNOSTIC,    19, -4.788874577418e-01, 5.406109335906e-05, 9.7884e+00, 2.6919e-01, 
 2DIAGNOSTIC,    20, -4.788845309061e-01, 3.835888575097e-05, 1.0080e+01, 2.9163e-01, 
 2DIAGNOSTIC,    21, -4.788825922623e-01, 2.149060815044e-05, 1.0348e+01, 2.6762e-01, 
 2DIAGNOSTIC,    22, -4.788813389654e-01, 6.236295578319e-06, 1.0693e+01, 3.4501e-01, 
 2DIAGNOSTIC,    23, -4.788798900742e-01, 2.618527990828e-06, 1.0987e+01, 2.9451e-01, 
DIAGNOSTIC,Iteration,metricValue,convergenceValue,ITERATION_TIME_INDEX,SINCE_LAST
 2DIAGNOSTIC,     1, -4.453325830599e-01, 1.797693134862e+308, 1.3460e+01, 2.4723e+00, 
 2DIAGNOSTIC,     2, -4.453829512253e-01, 1.797693134862e+308, 1.5174e+01, 1.7149e+00, 
 2DIAGNOSTIC,     3, -4.454000007032e-01, 1.797693134862e+308, 1.7447e+01, 2.2726e+00, 
 2DIAGNOSTIC,     4, -4.453993771638e-01, 1.797693134862e+308, 1.9798e+01, 2.3505e+00, 
 2DIAGNOSTIC,     5, -4.453998948730e-01, 1.797693134862e+308, 2.1822e+01, 2.0247e+00, 
 2DIAGNOSTIC,     6, -4.453998078646e-01, 1.797693134862e+308, 2.3560e+01, 1.7375e+00, 
 2DIAGNOSTIC,     7, -4.453997554195e-01, 1.797693134862e+308, 2.4906e+01, 1.3465e+00, 
 2DIAGNOSTIC,     8, -4.453996393824e-01, 1.797693134862e+308, 2.6597e+01, 1.6907e+00, 
 2DIAGNOSTIC,     9, -4.453995752092e-01, 1.797693134862e+308, 2.8236e+01, 1.6388e+00, 
 2DIAGNOSTIC,    10, -4.453993325161e-01, 8.361197843129e-06, 2.9784e+01, 1.5479e+00, 
 2DIAGNOSTIC,    11, -4.453992799681e-01, 3.805886510957e-06, 3.1176e+01, 1.3922e+00, 
 2DIAGNOSTIC,    12, -4.453992513928e-01, 2.578712719067e-06, 3.2529e+01, 1.3533e+00, 
 2DIAGNOSTIC,    13, -4.453992632455e-01, 2.385363481863e-06, 3.4542e+01, 2.0130e+00, 
 2DIAGNOSTIC,    14, -4.453991926630e-01, 2.192869489145e-06, 3.6079e+01, 1.5371e+00, 
 2DIAGNOSTIC,    15, -4.453991220675e-01, 2.052565334726e-06, 3.7594e+01, 1.5144e+00, 
 2DIAGNOSTIC,    16, -4.453990547080e-01, 1.929982669291e-06, 3.8977e+01, 1.3840e+00, 
 2DIAGNOSTIC,    17, -4.453989911975e-01, 1.822791803725e-06, 4.0449e+01, 1.4717e+00, 
 2DIAGNOSTIC,    18, -4.453988564203e-01, 1.723023154328e-06, 4.1815e+01, 1.3654e+00, 
 2DIAGNOSTIC,    19, -4.453989257681e-01, 1.638338301621e-06, 4.3434e+01, 1.6199e+00, 
 2DIAGNOSTIC,    20, -4.453988188915e-01, 1.554253131149e-06, 4.5079e+01, 1.6445e+00, 
 2DIAGNOSTIC,    21, -4.453989362048e-01, 1.483617077760e-06, 4.7029e+01, 1.9496e+00, 
 2DIAGNOSTIC,    22, -4.453989759034e-01, 1.422517195523e-06, 4.8608e+01, 1.5798e+00, 
 2DIAGNOSTIC,    23, -4.453987518755e-01, 1.363057308627e-06, 5.0036e+01, 1.4279e+00, 
 2DIAGNOSTIC,    24, -4.453987310670e-01, 1.308228361370e-06, 5.2027e+01, 1.9911e+00, 
 2DIAGNOSTIC,    25, -4.453987536239e-01, 1.258138696225e-06, 5.3710e+01, 1.6832e+00, 
 2DIAGNOSTIC,    26, -4.453986102427e-01, 1.207950573401e-06, 5.5216e+01, 1.5056e+00, 
 2DIAGNOSTIC,    27, -4.453985774454e-01, 1.160824402463e-06, 5.6935e+01, 1.7194e+00, 
 2DIAGNOSTIC,    28, -4.453986567426e-01, 1.117478115688e-06, 5.8354e+01, 1.4185e+00, 
 2DIAGNOSTIC,    29, -4.453987016956e-01, 1.081419762142e-06, 5.9847e+01, 1.4935e+00, 
 2DIAGNOSTIC,    30, -4.453984869798e-01, 1.042236445196e-06, 6.1728e+01, 1.8807e+00, 
 2DIAGNOSTIC,    31, -4.453984343487e-01, 1.008754553958e-06, 6.3280e+01, 1.5524e+00, 
  Elapsed time (stage 0): 6.4238e+01


Total elapsed time: 6.4241e+01
Info [verificarlo]: loaded backend libinterflop_ieee.so
Info [interflop-ieee]: load backend with:
Info [interflop-ieee]: debug = false
Info [interflop-ieee]: debug-binary = false
Info [interflop-ieee]: no-backend-name = false
Info [interflop-ieee]: print-new-line = false
Info [interflop-ieee]: print-subnormal-normalized = false
Info [interflop-ieee]: count-op = false
All_Command_lines_OK
Using double precision for computations.
=============================================================================
The composite transform comprises the following transforms (in order): 
  1. /home/mdugre/scratch/mri-registration-rp/datasets/ds004513/derivatives/mri-registration-rp/0001/antsRegistration-r8-p17/sub-s003/rigid_Composite.h5[0] (type = Euler3DTransform)
  2. /home/mdugre/scratch/mri-registration-rp/datasets/ds004513/derivatives/mri-registration-rp/0001/antsRegistration-r8-p17/sub-s003/rigid_Composite.h5[1] (type = Euler3DTransform)
  3. /home/mdugre/scratch/mri-registration-rp/datasets/ds004513/derivatives/mri-registration-rp/0001/antsRegistration-r8-p17/sub-s003/rigid_Composite.h5[2] (type = Euler3DTransform)
=============================================================================
  number of levels = 4
  fixed image: /templateflow/tpl-MNI152NLin2009cAsym/tpl-MNI152NLin2009cAsym_res-01_desc-brain_T1w.nii.gz
  moving image: /home/mdugre/scratch/mri-registration-rp/datasets/ds004513/derivatives/mri-registration-rp/antsBrainExtraction/sub-s003/BrainExtractionBrain.nii.gz
Dimension = 3
Number of stages = 1
Use histogram matching = false
Winsorize image intensities = true
  Lower quantile = 0.005
  Upper quantile = 0.995


Stage 1 State
   Image metric = MattesMI
     Fixed image = Image (0x40087e0)
  RTTI typeinfo:   itk::Image<double, 3u>
  Reference Count: 2
  Modified Time: 1594
  Debug: Off
  Object Name: 
  Observers: 
    none
  Source: (none)
  Source output name: (none)
  Release Data: Off
  Data Released: False
  Global Release Data: Off
  PipelineMTime: 0
  UpdateMTime: 1203
  RealTimeStamp: 0 seconds 
  LargestPossibleRegion: 
    Dimension: 3
    Index: [0, 0, 0]
    Size: [193, 229, 193]
  BufferedRegion: 
    Dimension: 3
    Index: [0, 0, 0]
    Size: [193, 229, 193]
  RequestedRegion: 
    Dimension: 3
    Index: [0, 0, 0]
    Size: [193, 229, 193]
  Spacing: [1, 1, 1]
  Origin: [96, 132, -78]
  Direction: 
-1 0 0
0 -1 0
0 0 1

  IndexToPointMatrix: 
-1 0 0
0 -1 0
0 0 1

  PointToIndexMatrix: 
-1 0 0
0 -1 0
0 0 1

  Inverse Direction: 
-1 0 0
0 -1 0
0 0 1

  PixelContainer: 
    ImportImageContainer (0x40c8a20)
      RTTI typeinfo:   itk::ImportImageContainer<unsigned long, double>
      Reference Count: 1
      Modified Time: 1200
      Debug: Off
      Object Name: 
      Observers: 
        none
      Pointer: 0x14cd471fc010
      Container manages memory: true
      Size: 8530021
      Capacity: 8530021

     Moving image = Image (0x40c3d70)
  RTTI typeinfo:   itk::Image<double, 3u>
  Reference Count: 2
  Modified Time: 1595
  Debug: Off
  Object Name: 
  Observers: 
    none
  Source: (none)
  Source output name: (none)
  Release Data: Off
  Data Released: False
  Global Release Data: Off
  PipelineMTime: 0
  UpdateMTime: 1592
  RealTimeStamp: 0 seconds 
  LargestPossibleRegion: 
    Dimension: 3
    Index: [0, 0, 0]
    Size: [176, 240, 256]
  BufferedRegion: 
    Dimension: 3
    Index: [0, 0, 0]
    Size: [176, 240, 256]
  RequestedRegion: 
    Dimension: 3
    Index: [0, 0, 0]
    Size: [176, 240, 256]
  Spacing: [0.999999, 1, 1]
  Origin: [93.3499, 86.9368, -128.957]
  Direction: 
-0.999513 -0.0279216 -0.0139567
0.0279189 -0.99961 0.000389866
-0.0139622 2.01492e-08 0.999903

  IndexToPointMatrix: 
-0.999512 -0.0279216 -0.0139567
0.0279189 -0.99961 0.000389866
-0.0139621 2.01492e-08 0.999903

  PointToIndexMatrix: 
-0.999514 0.0279189 -0.0139622
-0.0279216 -0.99961 2.01716e-08
-0.0139567 0.000389866 0.999903

  Inverse Direction: 
-0.999513 0.0279189 -0.0139622
-0.0279216 -0.99961 2.01716e-08
-0.0139567 0.000389866 0.999903

  PixelContainer: 
    ImportImageContainer (0x407bc90)
      RTTI typeinfo:   itk::ImportImageContainer<unsigned long, double>
      Reference Count: 1
      Modified Time: 1589
      Debug: Off
      Object Name: 
      Observers: 
        none
      Pointer: 0x14cd41f7b010
      Container manages memory: true
      Size: 10813440
      Capacity: 10813440

     Weighting = 1
     Sampling strategy = regular
     Number of bins = 32
     Radius = 4
     Sampling percentage  = 0.25
   Transform = Affine
     Gradient step = 0.1
     Update field sigma (voxel space) = 0
     Total field sigma (voxel space) = 0
     Update field time sigma = 0
     Total field time sigma  = 0
     Number of time indices = 0
     Number of time point samples = 0
Registration using 1 total stages.

Stage 0
  iterations = 1000x500x250x100
  convergence threshold = 1e-06
  convergence window size = 10
  number of levels = 4
  using the Mattes MI metric (number of bins = 32, weight = 1, use gradient filter = 0)
  preprocessing:  winsorizing the image intensities
  Shrink factors (level 1 out of 4): [8, 8, 8]
  Shrink factors (level 2 out of 4): [4, 4, 4]
  Shrink factors (level 3 out of 4): [2, 2, 2]
  Shrink factors (level 4 out of 4): [1, 1, 1]
  smoothing sigmas per level: [3, 2, 1, 0]
  regular sampling (percentage = 0.25)

*** Running AffineTransform registration ***

DIAGNOSTIC,Iteration,metricValue,convergenceValue,ITERATION_TIME_INDEX,SINCE_LAST
 2DIAGNOSTIC,     1, -6.607389689104e-01, 1.797693134862e+308, 9.6464e-01, 9.6464e-01, 
 2DIAGNOSTIC,     2, -6.632399140191e-01, 1.797693134862e+308, 9.6923e-01, 4.5891e-03, 
 2DIAGNOSTIC,     3, -6.669817631974e-01, 1.797693134862e+308, 9.7430e-01, 5.0731e-03, 
 2DIAGNOSTIC,     4, -6.728263696337e-01, 1.797693134862e+308, 9.7873e-01, 4.4310e-03, 
 2DIAGNOSTIC,     5, -6.808249145530e-01, 1.797693134862e+308, 9.8316e-01, 4.4291e-03, 
 2DIAGNOSTIC,     6, -6.933516734466e-01, 1.797693134862e+308, 9.8765e-01, 4.4889e-03, 
 2DIAGNOSTIC,     7, -7.140479294296e-01, 1.797693134862e+308, 9.9515e-01, 7.4990e-03, 
 2DIAGNOSTIC,     8, -7.194088261467e-01, 1.797693134862e+308, 9.9972e-01, 4.5710e-03, 
 2DIAGNOSTIC,     9, -7.202665378583e-01, 1.797693134862e+308, 1.0049e+00, 5.1520e-03, 
 2DIAGNOSTIC,    10, -7.214742338951e-01, 6.937767748925e-03, 1.0115e+00, 6.6671e-03, 
 2DIAGNOSTIC,    11, -7.215656697201e-01, 5.984077848075e-03, 1.0183e+00, 6.7971e-03, 
 2DIAGNOSTIC,    12, -7.215663197936e-01, 4.735556429707e-03, 1.0238e+00, 5.4600e-03, 
 2DIAGNOSTIC,    13, -7.215400916297e-01, 3.375161576088e-03, 1.0286e+00, 4.8220e-03, 
 2DIAGNOSTIC,    14, -7.215636002031e-01, 2.086132234292e-03, 1.0351e+00, 6.4650e-03, 
 2DIAGNOSTIC,    15, -7.216047756117e-01, 9.999720292777e-04, 1.0403e+00, 5.2469e-03, 
 2DIAGNOSTIC,    16, -7.214641373191e-01, 2.618238358203e-04, 1.0459e+00, 5.5630e-03, 
 2DIAGNOSTIC,    17, -7.211176400711e-01, 6.941773575583e-05, 1.0513e+00, 5.3880e-03, 
 2DIAGNOSTIC,    18, -7.211914721099e-01, 1.444546562545e-05, 1.0566e+00, 5.3241e-03, 
DIAGNOSTIC,Iteration,metricValue,convergenceValue,ITERATION_TIME_INDEX,SINCE_LAST
 2DIAGNOSTIC,     1, -5.939626659801e-01, 1.797693134862e+308, 1.8444e+00, 7.8779e-01, 
 2DIAGNOSTIC,     2, -5.942791690777e-01, 1.797693134862e+308, 1.8894e+00, 4.4962e-02, 
 2DIAGNOSTIC,     3, -5.946068662398e-01, 1.797693134862e+308, 1.9285e+00, 3.9097e-02, 
 2DIAGNOSTIC,     4, -5.946958953426e-01, 1.797693134862e+308, 1.9679e+00, 3.9441e-02, 
 2DIAGNOSTIC,     5, -5.947392147578e-01, 1.797693134862e+308, 2.0098e+00, 4.1913e-02, 
 2DIAGNOSTIC,     6, -5.947570025942e-01, 1.797693134862e+308, 2.0515e+00, 4.1677e-02, 
 2DIAGNOSTIC,     7, -5.947392296724e-01, 1.797693134862e+308, 2.0892e+00, 3.7700e-02, 
 2DIAGNOSTIC,     8, -5.947305083945e-01, 1.797693134862e+308, 2.1275e+00, 3.8352e-02, 
 2DIAGNOSTIC,     9, -5.947196369694e-01, 1.797693134862e+308, 2.1698e+00, 4.2269e-02, 
 2DIAGNOSTIC,    10, -5.947037601192e-01, 6.225399616445e-05, 2.2091e+00, 3.9328e-02, 
 2DIAGNOSTIC,    11, -5.946857598536e-01, 2.465818182822e-05, 2.2472e+00, 3.8022e-02, 
 2DIAGNOSTIC,    12, -5.946944995007e-01, 4.045427640431e-06, 2.3026e+00, 5.5412e-02, 
DIAGNOSTIC,Iteration,metricValue,convergenceValue,ITERATION_TIME_INDEX,SINCE_LAST
 2DIAGNOSTIC,     1, -5.235360562922e-01, 1.797693134862e+308, 3.4508e+00, 1.1483e+00, 
 2DIAGNOSTIC,     2, -5.237040687971e-01, 1.797693134862e+308, 3.7589e+00, 3.0811e-01, 
 2DIAGNOSTIC,     3, -5.237970955749e-01, 1.797693134862e+308, 4.1270e+00, 3.6810e-01, 
 2DIAGNOSTIC,     4, -5.238287154978e-01, 1.797693134862e+308, 4.4705e+00, 3.4350e-01, 
 2DIAGNOSTIC,     5, -5.238105808550e-01, 1.797693134862e+308, 4.8181e+00, 3.4755e-01, 
 2DIAGNOSTIC,     6, -5.238304860352e-01, 1.797693134862e+308, 5.1396e+00, 3.2151e-01, 
 2DIAGNOSTIC,     7, -5.238889286158e-01, 1.797693134862e+308, 5.4709e+00, 3.3133e-01, 
 2DIAGNOSTIC,     8, -5.240084485673e-01, 1.797693134862e+308, 5.8083e+00, 3.3737e-01, 
 2DIAGNOSTIC,     9, -5.242228228993e-01, 1.797693134862e+308, 6.1288e+00, 3.2046e-01, 
 2DIAGNOSTIC,    10, -5.247992902057e-01, 1.060377531445e-04, 6.4586e+00, 3.2984e-01, 
 2DIAGNOSTIC,    11, -5.257528056724e-01, 1.657173689521e-04, 6.7917e+00, 3.3311e-01, 
 2DIAGNOSTIC,    12, -5.265453350828e-01, 2.432441273135e-04, 7.1651e+00, 3.7343e-01, 
 2DIAGNOSTIC,    13, -5.267743847771e-01, 3.002613483460e-04, 7.4422e+00, 2.7709e-01, 
 2DIAGNOSTIC,    14, -5.275629435362e-01, 3.542975400688e-04, 7.7328e+00, 2.9055e-01, 
 2DIAGNOSTIC,    15, -5.286757443969e-01, 4.077386976745e-04, 8.0056e+00, 2.7286e-01, 
 2DIAGNOSTIC,    16, -5.324390188930e-01, 5.437418256730e-04, 8.4642e+00, 4.5858e-01, 
 2DIAGNOSTIC,    17, -5.326771832361e-01, 6.202423746467e-04, 8.7515e+00, 2.8732e-01, 
 2DIAGNOSTIC,    18, -5.333236778828e-01, 6.558896307075e-04, 9.0275e+00, 2.7602e-01, 
 2DIAGNOSTIC,    19, -5.335666032668e-01, 6.411399319207e-04, 9.6669e+00, 6.3931e-01, 
 2DIAGNOSTIC,    20, -5.335556811999e-01, 5.825323047969e-04, 1.0094e+01, 4.2707e-01, 
 2DIAGNOSTIC,    21, -5.335563063262e-01, 4.983869766760e-04, 1.0508e+01, 4.1412e-01, 
 2DIAGNOSTIC,    22, -5.335576522993e-01, 3.951548495122e-04, 1.0994e+01, 4.8636e-01, 
 2DIAGNOSTIC,    23, -5.335574674725e-01, 2.704560451897e-04, 1.1382e+01, 3.8741e-01, 
 2DIAGNOSTIC,    24, -5.335564443463e-01, 1.489497800257e-04, 1.1824e+01, 4.4250e-01, 
 2DIAGNOSTIC,    25, -5.335558356251e-01, 4.528857261575e-05, 1.2211e+01, 3.8631e-01, 
 2DIAGNOSTIC,    26, -5.335550910320e-01, 2.346086509872e-05, 1.2600e+01, 3.8974e-01, 
 2DIAGNOSTIC,    27, -5.335542115143e-01, 5.581354639891e-06, 1.2946e+01, 3.4603e-01, 
DIAGNOSTIC,Iteration,metricValue,convergenceValue,ITERATION_TIME_INDEX,SINCE_LAST
 2DIAGNOSTIC,     1, -4.889543286808e-01, 1.797693134862e+308, 1.6351e+01, 3.4045e+00, 
 2DIAGNOSTIC,     2, -4.891027408443e-01, 1.797693134862e+308, 1.8461e+01, 2.1100e+00, 
 2DIAGNOSTIC,     3, -4.892513917214e-01, 1.797693134862e+308, 2.0586e+01, 2.1251e+00, 
 2DIAGNOSTIC,     4, -4.892993187346e-01, 1.797693134862e+308, 2.2953e+01, 2.3666e+00, 
 2DIAGNOSTIC,     5, -4.892994123872e-01, 1.797693134862e+308, 2.5810e+01, 2.8579e+00, 
 2DIAGNOSTIC,     6, -4.893009062047e-01, 1.797693134862e+308, 2.7613e+01, 1.8028e+00, 
 2DIAGNOSTIC,     7, -4.893002189545e-01, 1.797693134862e+308, 2.9857e+01, 2.2441e+00, 
 2DIAGNOSTIC,     8, -4.893001439783e-01, 1.797693134862e+308, 3.3171e+01, 3.3137e+00, 
 2DIAGNOSTIC,     9, -4.893002454936e-01, 1.797693134862e+308, 3.5886e+01, 2.7147e+00, 
 2DIAGNOSTIC,    10, -4.893000196678e-01, 3.531319932257e-05, 3.8000e+01, 2.1148e+00, 
 2DIAGNOSTIC,    11, -4.892994934318e-01, 1.557234599792e-05, 4.0109e+01, 2.1086e+00, 
 2DIAGNOSTIC,    12, -4.892994869926e-01, 4.991853931310e-06, 4.2753e+01, 2.6439e+00, 
 2DIAGNOSTIC,    13, -4.892992326084e-01, 2.398466298861e-06, 4.4854e+01, 2.1009e+00, 
 2DIAGNOSTIC,    14, -4.892992407703e-01, 2.169077831182e-06, 4.6681e+01, 1.8276e+00, 
 2DIAGNOSTIC,    15, -4.892990534825e-01, 1.974127772850e-06, 4.8729e+01, 2.0481e+00, 
 2DIAGNOSTIC,    16, -4.892988497041e-01, 1.864981843958e-06, 5.0620e+01, 1.8903e+00, 
 2DIAGNOSTIC,    17, -4.892988493452e-01, 1.756751720212e-06, 5.2477e+01, 1.8576e+00, 
 2DIAGNOSTIC,    18, -4.892988105144e-01, 1.666959529453e-06, 5.4689e+01, 2.2112e+00, 
 2DIAGNOSTIC,    19, -4.892987295399e-01, 1.596528915175e-06, 5.6532e+01, 1.8432e+00, 
 2DIAGNOSTIC,    20, -4.892986485625e-01, 1.531941003954e-06, 5.8263e+01, 1.7315e+00, 
 2DIAGNOSTIC,    21, -4.892984779570e-01, 1.459751049364e-06, 6.0130e+01, 1.8666e+00, 
 2DIAGNOSTIC,    22, -4.892984163097e-01, 1.397677406256e-06, 6.2353e+01, 2.2235e+00, 
 2DIAGNOSTIC,    23, -4.892983546494e-01, 1.337376071678e-06, 6.4318e+01, 1.9644e+00, 
 2DIAGNOSTIC,    24, -4.892984346008e-01, 1.288591494071e-06, 6.6202e+01, 1.8837e+00, 
 2DIAGNOSTIC,    25, -4.892983772619e-01, 1.241570683208e-06, 6.8218e+01, 2.0160e+00, 
 2DIAGNOSTIC,    26, -4.892983297452e-01, 1.195529844886e-06, 7.0113e+01, 1.8957e+00, 
 2DIAGNOSTIC,    27, -4.892984338130e-01, 1.157824608071e-06, 7.2038e+01, 1.9248e+00, 
 2DIAGNOSTIC,    28, -4.892983397991e-01, 1.121875650642e-06, 7.4078e+01, 2.0399e+00, 
 2DIAGNOSTIC,    29, -4.892982693413e-01, 1.086748325461e-06, 7.6167e+01, 2.0885e+00, 
 2DIAGNOSTIC,    30, -4.892982688629e-01, 1.053476350897e-06, 7.8039e+01, 1.8723e+00, 
 2DIAGNOSTIC,    31, -4.892982555240e-01, 1.019568009047e-06, 7.9916e+01, 1.8768e+00, 
  Elapsed time (stage 0): 8.1106e+01


Total elapsed time: 8.1109e+01
Info [verificarlo]: loaded backend libinterflop_vprec.so
Info [interflop-vprec]: load backend with: 
Info [interflop-vprec]: precision-binary32 = 17
Info [interflop-vprec]: range-binary32 = 8
Info [interflop-vprec]: precision-binary64 = 17
Info [interflop-vprec]: range-binary64 = 8
Info [interflop-vprec]: mode = ob
Info [interflop-vprec]: error-mode = rel
Info [interflop-vprec]: max-abs-error-exponent = -1022
Info [interflop-vprec]: daz = false
Info [interflop-vprec]: ftz = false
Info [interflop-vprec]: 	instrument = none
Info [interflop-vprec]: 	prec-input-file = (null)
Info [interflop-vprec]: 	prec-output-file = (null)
Info [interflop-vprec]: 	prec-log-file = (null)
All_Command_lines_OK
Using double precision for computations.
=============================================================================
The composite transform comprises the following transforms (in order): 
  1. /home/mdugre/scratch/mri-registration-rp/datasets/ds004513/derivatives/mri-registration-rp/0001/antsRegistration-r8-p17/sub-s003/affine_Composite.h5[0] (type = Euler3DTransform)
  2. /home/mdugre/scratch/mri-registration-rp/datasets/ds004513/derivatives/mri-registration-rp/0001/antsRegistration-r8-p17/sub-s003/affine_Composite.h5[1] (type = Euler3DTransform)
  3. /home/mdugre/scratch/mri-registration-rp/datasets/ds004513/derivatives/mri-registration-rp/0001/antsRegistration-r8-p17/sub-s003/affine_Composite.h5[2] (type = Euler3DTransform)
  4. /home/mdugre/scratch/mri-registration-rp/datasets/ds004513/derivatives/mri-registration-rp/0001/antsRegistration-r8-p17/sub-s003/affine_Composite.h5[3] (type = AffineTransform)
=============================================================================
  number of levels = 4
  fixed image: /templateflow/tpl-MNI152NLin2009cAsym/tpl-MNI152NLin2009cAsym_res-01_desc-brain_T1w.nii.gz
  moving image: /home/mdugre/scratch/mri-registration-rp/datasets/ds004513/derivatives/mri-registration-rp/antsBrainExtraction/sub-s003/BrainExtractionBrain.nii.gz
Dimension = 3
Number of stages = 1
Use histogram matching = false
Winsorize image intensities = true
  Lower quantile = 0.005
  Upper quantile = 0.995


Stage 1 State
   Image metric = CC
     Fixed image = Image (0x42b46f0)
  RTTI typeinfo:   itk::Image<double, 3u>
  Reference Count: 2
  Modified Time: 1606
  Debug: Off
  Object Name: 
  Observers: 
    none
  Source: (none)
  Source output name: (none)
  Release Data: Off
  Data Released: False
  Global Release Data: Off
  PipelineMTime: 0
  UpdateMTime: 1217
  RealTimeStamp: 0 seconds 
  LargestPossibleRegion: 
    Dimension: 3
    Index: [0, 0, 0]
    Size: [193, 229, 193]
  BufferedRegion: 
    Dimension: 3
    Index: [0, 0, 0]
    Size: [193, 229, 193]
  RequestedRegion: 
    Dimension: 3
    Index: [0, 0, 0]
    Size: [193, 229, 193]
  Spacing: [1, 1, 1]
  Origin: [96, 132, -78]
  Direction: 
-1 0 0
0 -1 0
0 0 1

  IndexToPointMatrix: 
-1 0 0
0 -1 0
0 0 1

  PointToIndexMatrix: 
-1 0 0
0 -1 0
0 0 1

  Inverse Direction: 
-1 0 0
0 -1 0
0 0 1

  PixelContainer: 
    ImportImageContainer (0x43828b0)
      RTTI typeinfo:   itk::ImportImageContainer<unsigned long, double>
      Reference Count: 1
      Modified Time: 1214
      Debug: Off
      Object Name: 
      Observers: 
        none
      Pointer: 0x14777aa07010
      Container manages memory: true
      Size: 8530021
      Capacity: 8530021

     Moving image = Image (0x436ffc0)
  RTTI typeinfo:   itk::Image<double, 3u>
  Reference Count: 2
  Modified Time: 1607
  Debug: Off
  Object Name: 
  Observers: 
    none
  Source: (none)
  Source output name: (none)
  Release Data: Off
  Data Released: False
  Global Release Data: Off
  PipelineMTime: 0
  UpdateMTime: 1604
  RealTimeStamp: 0 seconds 
  LargestPossibleRegion: 
    Dimension: 3
    Index: [0, 0, 0]
    Size: [176, 240, 256]
  BufferedRegion: 
    Dimension: 3
    Index: [0, 0, 0]
    Size: [176, 240, 256]
  RequestedRegion: 
    Dimension: 3
    Index: [0, 0, 0]
    Size: [176, 240, 256]
  Spacing: [1, 1, 1]
  Origin: [93.3501, 86.937, -128.957]
  Direction: 
-0.999512 -0.0279216 -0.0139567
0.0279188 -0.999611 0.000389867
-0.0139621 2.01492e-08 0.999901

  IndexToPointMatrix: 
-0.999512 -0.0279216 -0.0139567
0.0279188 -0.999611 0.000389867
-0.0139621 2.01492e-08 0.999901

  PointToIndexMatrix: 
-0.999512 0.0279188 -0.0139621
-0.0279216 -0.999611 2.04891e-08
-0.0139567 0.000389865 0.999901

  Inverse Direction: 
-0.999512 0.0279188 -0.0139621
-0.0279216 -0.999611 2.04891e-08
-0.0139567 0.000389865 0.999901

  PixelContainer: 
    ImportImageContainer (0x4342430)
      RTTI typeinfo:   itk::ImportImageContainer<unsigned long, double>
      Reference Count: 1
      Modified Time: 1601
      Debug: Off
      Object Name: 
      Observers: 
        none
      Pointer: 0x147775786010
      Container manages memory: true
      Size: 10813440
      Capacity: 10813440

     Weighting = 1
     Sampling strategy = none
     Number of bins = 32
     Radius = 4
     Sampling percentage  = 1
   Transform = SyN
     Gradient step = 0.1
     Update field sigma (voxel space) = 3
     Total field sigma (voxel space) = 0
     Update field time sigma = 0
     Total field time sigma  = 0
     Number of time indices = 0
     Number of time point samples = 0
Registration using 1 total stages.

Stage 0
  iterations = 100x70x50x20
  convergence threshold = 1e-06
  convergence window size = 10
  number of levels = 4
  using the CC metric (radius = 4, weight = 1, use gradient filter = 0)
  preprocessing:  winsorizing the image intensities
  Shrink factors (level 1 out of 4): [8, 8, 8]
  Shrink factors (level 2 out of 4): [4, 4, 4]
  Shrink factors (level 3 out of 4): [2, 2, 2]
  Shrink factors (level 4 out of 4): [1, 1, 1]
  smoothing sigmas per level: [3, 2, 1, 0]
  Using default NONE metricSamplingStrategy 

*** Running SyN registration (varianceForUpdateField = 3, varianceForTotalField = 0) ***

XXDIAGNOSTIC,Iteration,metricValue,convergenceValue,ITERATION_TIME_INDEX,SINCE_LAST
 1DIAGNOSTIC,     1, -8.466720581055e-01, 1.797693134862e+308, 0.0000e+00, 0.0000e+00, 
 1DIAGNOSTIC,     2, -8.606071472168e-01, 1.797693134862e+308, 0.0000e+00, 0.0000e+00, 
 1DIAGNOSTIC,     3, -8.732833862305e-01, 1.797693134862e+308, 0.0000e+00, 0.0000e+00, 
 1DIAGNOSTIC,     4, -8.836097717285e-01, 1.797693134862e+308, 0.0000e+00, 0.0000e+00, 
 1DIAGNOSTIC,     5, -8.926200866699e-01, 1.797693134862e+308, 0.0000e+00, 0.0000e+00, 
 1DIAGNOSTIC,     6, -8.997497558594e-01, 1.797693134862e+308, 0.0000e+00, 0.0000e+00, 
 1DIAGNOSTIC,     7, -9.058723449707e-01, 1.797693134862e+308, 0.0000e+00, 0.0000e+00, 
 1DIAGNOSTIC,     8, -9.109306335449e-01, 1.797693134862e+308, 0.0000e+00, 0.0000e+00, 
 1DIAGNOSTIC,     9, -9.147758483887e-01, 1.797693134862e+308, 0.0000e+00, 0.0000e+00, 
 1DIAGNOSTIC,    10, -9.179534912109e-01, 5.000790081206e-03, 0.0000e+00, 0.0000e+00, 
 1DIAGNOSTIC,    11, -9.206390380859e-01, 3.777162394063e-03, 0.0000e+00, 0.0000e+00, 
 1DIAGNOSTIC,    12, -9.229278564453e-01, 2.848306034881e-03, 0.0000e+00, 0.0000e+00, 
 1DIAGNOSTIC,    13, -9.251289367676e-01, 2.167560022754e-03, 0.0000e+00, 0.0000e+00, 
 1DIAGNOSTIC,    14, -9.268493652344e-01, 1.658448654644e-03, 0.0000e+00, 0.0000e+00, 
 1DIAGNOSTIC,    15, -9.283752441406e-01, 1.287054150167e-03, 0.0000e+00, 0.0000e+00, 
 1DIAGNOSTIC,    16, -9.297370910645e-01, 1.010504608538e-03, 0.0000e+00, 0.0000e+00, 
 1DIAGNOSTIC,    17, -9.309654235840e-01, 8.085943330204e-04, 0.0000e+00, 0.0000e+00, 
 1DIAGNOSTIC,    18, -9.320755004883e-01, 6.613832199674e-04, 0.0000e+00, 0.0000e+00, 
 1DIAGNOSTIC,    19, -9.330940246582e-01, 5.481475070281e-04, 0.0000e+00, 0.0000e+00, 
 1DIAGNOSTIC,    20, -9.340286254883e-01, 4.593243072695e-04, 0.0000e+00, 0.0000e+00, 
 1DIAGNOSTIC,    21, -9.348907470703e-01, 3.886933884890e-04, 0.0000e+00, 0.0000e+00, 
 1DIAGNOSTIC,    22, -9.356918334961e-01, 3.316782575701e-04, 0.0000e+00, 0.0000e+00, 
 1DIAGNOSTIC,    23, -9.364356994629e-01, 2.882882634203e-04, 0.0000e+00, 0.0000e+00, 
 1DIAGNOSTIC,    24, -9.371299743652e-01, 2.526352789727e-04, 0.0000e+00, 0.0000e+00, 
 1DIAGNOSTIC,    25, -9.377784729004e-01, 2.230112136382e-04, 0.0000e+00, 0.0000e+00, 
 1DIAGNOSTIC,    26, -9.383850097656e-01, 1.980872875765e-04, 0.0000e+00, 0.0000e+00, 
 1DIAGNOSTIC,    27, -9.389495849609e-01, 1.768605050133e-04, 0.0000e+00, 0.0000e+00, 
 1DIAGNOSTIC,    28, -9.394683837891e-01, 1.584240895104e-04, 0.0000e+00, 0.0000e+00, 
 1DIAGNOSTIC,    29, -9.399719238281e-01, 1.424933684492e-04, 0.0000e+00, 0.0000e+00, 
 1DIAGNOSTIC,    30, -9.404449462891e-01, 1.286176172639e-04, 0.0000e+00, 0.0000e+00, 
 1DIAGNOSTIC,    31, -9.408912658691e-01, 1.164705998560e-04, 0.0000e+00, 0.0000e+00, 
 1DIAGNOSTIC,    32, -9.412651062012e-01, 1.053616471609e-04, 0.0000e+00, 0.0000e+00, 
 1DIAGNOSTIC,    33, -9.416618347168e-01, 9.559646055295e-05, 0.0000e+00, 0.0000e+00, 
 1DIAGNOSTIC,    34, -9.420318603516e-01, 8.696740110795e-05, 0.0000e+00, 0.0000e+00, 
 1DIAGNOSTIC,    35, -9.423828125000e-01, 7.935510165769e-05, 0.0000e+00, 0.0000e+00, 
 1DIAGNOSTIC,    36, -9.427108764648e-01, 7.261642173402e-05, 0.0000e+00, 0.0000e+00, 
 1DIAGNOSTIC,    37, -9.430198669434e-01, 6.661375458010e-05, 0.0000e+00, 0.0000e+00, 
 1DIAGNOSTIC,    38, -9.433174133301e-01, 6.120193597725e-05, 0.0000e+00, 0.0000e+00, 
 1DIAGNOSTIC,    39, -9.435920715332e-01, 5.637535613934e-05, 0.0000e+00, 0.0000e+00, 
 1DIAGNOSTIC,    40, -9.438476562500e-01, 5.202330245186e-05, 0.0000e+00, 0.0000e+00, 
 1DIAGNOSTIC,    41, -9.440917968750e-01, 4.812159131175e-05, 0.0000e+00, 0.0000e+00, 
 1DIAGNOSTIC,    42, -9.443206787109e-01, 4.423688861451e-05, 0.0000e+00, 0.0000e+00, 
 1DIAGNOSTIC,    43, -9.445381164551e-01, 4.071269268739e-05, 0.0000e+00, 0.0000e+00, 
 1DIAGNOSTIC,    44, -9.447402954102e-01, 3.747093571355e-05, 0.0000e+00, 0.0000e+00, 
 1DIAGNOSTIC,    45, -9.449310302734e-01, 3.450935983979e-05, 0.0000e+00, 0.0000e+00, 
 1DIAGNOSTIC,    46, -9.451103210449e-01, 3.178487703293e-05, 0.0000e+00, 0.0000e+00, 
 1DIAGNOSTIC,    47, -9.452819824219e-01, 2.929581247906e-05, 0.0000e+00, 0.0000e+00, 
 1DIAGNOSTIC,    48, -9.454460144043e-01, 2.708070680955e-05, 0.0000e+00, 0.0000e+00, 
 1DIAGNOSTIC,    49, -9.456024169922e-01, 2.508728095874e-05, 0.0000e+00, 0.0000e+00, 
 1DIAGNOSTIC,    50, -9.457511901855e-01, 2.327725660936e-05, 0.0000e+00, 0.0000e+00, 
 1DIAGNOSTIC,    51, -9.458885192871e-01, 2.162886606960e-05, 0.0000e+00, 0.0000e+00, 
 1DIAGNOSTIC,    52, -9.460220336914e-01, 2.013560233433e-05, 0.0000e+00, 0.0000e+00, 
 1DIAGNOSTIC,    53, -9.461479187012e-01, 1.878204899132e-05, 0.0000e+00, 0.0000e+00, 
 1DIAGNOSTIC,    54, -9.462699890137e-01, 1.754655307270e-05, 0.0000e+00, 0.0000e+00, 
 1DIAGNOSTIC,    55, -9.463806152344e-01, 1.638160127129e-05, 0.0000e+00, 0.0000e+00, 
 1DIAGNOSTIC,    56, -9.464874267578e-01, 1.528303546145e-05, 0.0000e+00, 0.0000e+00, 
 1DIAGNOSTIC,    57, -9.465904235840e-01, 1.426324333292e-05, 0.0000e+00, 0.0000e+00, 
 1DIAGNOSTIC,    58, -9.467010498047e-01, 1.338976048671e-05, 0.0000e+00, 0.0000e+00, 
 1DIAGNOSTIC,    59, -9.467926025391e-01, 1.257601132907e-05, 0.0000e+00, 0.0000e+00, 
 1DIAGNOSTIC,    60, -9.468803405762e-01, 1.182171766321e-05, 0.0000e+00, 0.0000e+00, 
 1DIAGNOSTIC,    61, -9.469642639160e-01, 1.110011083732e-05, 0.0000e+00, 0.0000e+00, 
 1DIAGNOSTIC,    62, -9.470405578613e-01, 1.040276752196e-05, 0.0000e+00, 0.0000e+00, 
 1DIAGNOSTIC,    63, -9.471130371094e-01, 9.722655598850e-06, 0.0000e+00, 0.0000e+00, 
 1DIAGNOSTIC,    64, -9.471855163574e-01, 9.092422356100e-06, 0.0000e+00, 0.0000e+00, 
 1DIAGNOSTIC,    65, -9.472541809082e-01, 8.484843078825e-06, 0.0000e+00, 0.0000e+00, 
 1DIAGNOSTIC,    66, -9.473152160645e-01, 7.891115703068e-06, 0.0000e+00, 0.0000e+00, 
 1DIAGNOSTIC,    67, -9.473762512207e-01, 7.337078996930e-06, 0.0000e+00, 0.0000e+00, 
 1DIAGNOSTIC,    68, -9.474296569824e-01, 6.864520294084e-06, 0.0000e+00, 0.0000e+00, 
 1DIAGNOSTIC,    69, -9.474830627441e-01, 6.420979434296e-06, 0.0000e+00, 0.0000e+00, 
 1DIAGNOSTIC,    70, -9.475288391113e-01, 5.988289055387e-06, 0.0000e+00, 0.0000e+00, 
 1DIAGNOSTIC,    71, -9.474334716797e-01, 4.979390881439e-06, 0.0000e+00, 0.0000e+00, 
 1DIAGNOSTIC,    72, -9.474754333496e-01, 4.072671052433e-06, 0.0000e+00, 0.0000e+00, 
 1DIAGNOSTIC,    73, -9.475173950195e-01, 3.304543837266e-06, 0.0000e+00, 0.0000e+00, 
 1DIAGNOSTIC,    74, -9.475555419922e-01, 2.719942142940e-06, 0.0000e+00, 0.0000e+00, 
 1DIAGNOSTIC,    75, -9.475898742676e-01, 2.345120215727e-06, 0.0000e+00, 0.0000e+00, 
 1DIAGNOSTIC,    76, -9.476203918457e-01, 2.165999780174e-06, 0.0000e+00, 0.0000e+00, 
 1DIAGNOSTIC,    77, -9.476509094238e-01, 2.182456982780e-06, 0.0000e+00, 0.0000e+00, 
 1DIAGNOSTIC,    78, -9.476737976074e-01, 2.311391815614e-06, 0.0000e+00, 0.0000e+00, 
 1DIAGNOSTIC,    79, -9.477005004883e-01, 2.551772593874e-06, 0.0000e+00, 0.0000e+00, 
 1DIAGNOSTIC,    80, -9.477233886719e-01, 2.851087339788e-06, 0.0000e+00, 0.0000e+00, 
 1DIAGNOSTIC,    81, -9.477462768555e-01, 2.631318022190e-06, 0.0000e+00, 0.0000e+00, 
 1DIAGNOSTIC,    82, -9.477691650391e-01, 2.437827284537e-06, 0.0000e+00, 0.0000e+00, 
 1DIAGNOSTIC,    83, -9.477844238281e-01, 2.257500208710e-06, 0.0000e+00, 0.0000e+00, 
 1DIAGNOSTIC,    84, -9.478073120117e-01, 2.119138758557e-06, 0.0000e+00, 0.0000e+00, 
 1DIAGNOSTIC,    85, -9.478225708008e-01, 1.990143714249e-06, 0.0000e+00, 0.0000e+00, 
 1DIAGNOSTIC,    86, -9.478378295898e-01, 1.867355123392e-06, 0.0000e+00, 0.0000e+00, 
 1DIAGNOSTIC,    87, -9.478569030762e-01, 1.774387407833e-06, 0.0000e+00, 0.0000e+00, 
 1DIAGNOSTIC,    88, -9.478721618652e-01, 1.676652535348e-06, 0.0000e+00, 0.0000e+00, 
 1DIAGNOSTIC,    89, -9.478836059570e-01, 1.582451133552e-06, 0.0000e+00, 0.0000e+00, 
 1DIAGNOSTIC,    90, -9.478988647461e-01, 1.499271424125e-06, 0.0000e+00, 0.0000e+00, 
 1DIAGNOSTIC,    91, -9.479103088379e-01, 1.419791672711e-06, 0.0000e+00, 0.0000e+00, 
 1DIAGNOSTIC,    92, -9.479217529297e-01, 1.350722712219e-06, 0.0000e+00, 0.0000e+00, 
 1DIAGNOSTIC,    93, -9.479293823242e-01, 1.258839120704e-06, 0.0000e+00, 0.0000e+00, 
 1DIAGNOSTIC,    94, -9.479141235352e-01, 1.104405743843e-06, 0.0000e+00, 0.0000e+00, 
 1DIAGNOSTIC,    95, -9.479217529297e-01, 9.535135791789e-07, 0.0000e+00, 0.0000e+00, 
XXDIAGNOSTIC,Iteration,metricValue,convergenceValue,ITERATION_TIME_INDEX,SINCE_LAST
 1DIAGNOSTIC,     1, -8.643112182617e-01, 1.797693134862e+308, 0.0000e+00, 0.0000e+00, 
 1DIAGNOSTIC,     2, -8.676719665527e-01, 1.797693134862e+308, 0.0000e+00, 0.0000e+00, 
 1DIAGNOSTIC,     3, -8.720016479492e-01, 1.797693134862e+308, 0.0000e+00, 0.0000e+00, 
 1DIAGNOSTIC,     4, -8.759231567383e-01, 1.797693134862e+308, 0.0000e+00, 0.0000e+00, 
 1DIAGNOSTIC,     5, -8.792648315430e-01, 1.797693134862e+308, 0.0000e+00, 0.0000e+00, 
 1DIAGNOSTIC,     6, -8.821067810059e-01, 1.797693134862e+308, 0.0000e+00, 0.0000e+00, 
 1DIAGNOSTIC,     7, -8.844261169434e-01, 1.797693134862e+308, 0.0000e+00, 0.0000e+00, 
 1DIAGNOSTIC,     8, -8.864631652832e-01, 1.797693134862e+308, 0.0000e+00, 0.0000e+00, 
 1DIAGNOSTIC,     9, -8.882827758789e-01, 1.797693134862e+308, 0.0000e+00, 0.0000e+00, 
 1DIAGNOSTIC,    10, -8.900680541992e-01, 1.889858258809e-03, 0.0000e+00, 0.0000e+00, 
 1DIAGNOSTIC,    11, -8.915328979492e-01, 1.531211270280e-03, 0.0000e+00, 0.0000e+00, 
 1DIAGNOSTIC,    12, -8.926734924316e-01, 1.215119418495e-03, 0.0000e+00, 0.0000e+00, 
 1DIAGNOSTIC,    13, -8.937454223633e-01, 9.711293842638e-04, 0.0000e+00, 0.0000e+00, 
 1DIAGNOSTIC,    14, -8.947372436523e-01, 7.859897808045e-04, 0.0000e+00, 0.0000e+00, 
 1DIAGNOSTIC,    15, -8.956642150879e-01, 6.445358076229e-04, 0.0000e+00, 0.0000e+00, 
 1DIAGNOSTIC,    16, -8.965377807617e-01, 5.357873056981e-04, 0.0000e+00, 0.0000e+00, 
 1DIAGNOSTIC,    17, -8.973541259766e-01, 4.494348914673e-04, 0.0000e+00, 0.0000e+00, 
 1DIAGNOSTIC,    18, -8.981323242188e-01, 3.810835239594e-04, 0.0000e+00, 0.0000e+00, 
 1DIAGNOSTIC,    19, -8.988800048828e-01, 3.275540867669e-04, 0.0000e+00, 0.0000e+00, 
 1DIAGNOSTIC,    20, -8.995933532715e-01, 2.886694204935e-04, 0.0000e+00, 0.0000e+00, 
 1DIAGNOSTIC,    21, -9.002494812012e-01, 2.587646875199e-04, 0.0000e+00, 0.0000e+00, 
 1DIAGNOSTIC,    22, -9.008979797363e-01, 2.332969440620e-04, 0.0000e+00, 0.0000e+00, 
 1DIAGNOSTIC,    23, -9.015235900879e-01, 2.116849216141e-04, 0.0000e+00, 0.0000e+00, 
 1DIAGNOSTIC,    24, -9.021148681641e-01, 1.929900591912e-04, 0.0000e+00, 0.0000e+00, 
 1DIAGNOSTIC,    25, -9.027023315430e-01, 1.769194981898e-04, 0.0000e+00, 0.0000e+00, 
 1DIAGNOSTIC,    26, -9.032592773438e-01, 1.629267625194e-04, 0.0000e+00, 0.0000e+00, 
 1DIAGNOSTIC,    27, -9.037895202637e-01, 1.504658314110e-04, 0.0000e+00, 0.0000e+00, 
 1DIAGNOSTIC,    28, -9.043045043945e-01, 1.393658785263e-04, 0.0000e+00, 0.0000e+00, 
 1DIAGNOSTIC,    29, -9.047966003418e-01, 1.294368911786e-04, 0.0000e+00, 0.0000e+00, 
 1DIAGNOSTIC,    30, -9.052734375000e-01, 1.205284182902e-04, 0.0000e+00, 0.0000e+00, 
 1DIAGNOSTIC,    31, -9.057312011719e-01, 1.121857840004e-04, 0.0000e+00, 0.0000e+00, 
 1DIAGNOSTIC,    32, -9.061660766602e-01, 1.044769372967e-04, 0.0000e+00, 0.0000e+00, 
 1DIAGNOSTIC,    33, -9.065895080566e-01, 9.741707124283e-05, 0.0000e+00, 0.0000e+00, 
 1DIAGNOSTIC,    34, -9.070014953613e-01, 9.088160393160e-05, 0.0000e+00, 0.0000e+00, 
 1DIAGNOSTIC,    35, -9.073867797852e-01, 8.489792139405e-05, 0.0000e+00, 0.0000e+00, 
 1DIAGNOSTIC,    36, -9.077491760254e-01, 7.927688230041e-05, 0.0000e+00, 0.0000e+00, 
 1DIAGNOSTIC,    37, -9.080810546875e-01, 7.381005737325e-05, 0.0000e+00, 0.0000e+00, 
 1DIAGNOSTIC,    38, -9.084053039551e-01, 6.861314935936e-05, 0.0000e+00, 0.0000e+00, 
 1DIAGNOSTIC,    39, -9.087104797363e-01, 6.362861295827e-05, 0.0000e+00, 0.0000e+00, 
 1DIAGNOSTIC,    40, -9.089965820312e-01, 5.887835371134e-05, 0.0000e+00, 0.0000e+00, 
 1DIAGNOSTIC,    41, -9.092712402344e-01, 5.441717538828e-05, 0.0000e+00, 0.0000e+00, 
 1DIAGNOSTIC,    42, -9.095458984375e-01, 5.033970775445e-05, 0.0000e+00, 0.0000e+00, 
 1DIAGNOSTIC,    43, -9.098014831543e-01, 4.665440884407e-05, 0.0000e+00, 0.0000e+00, 
 1DIAGNOSTIC,    44, -9.100570678711e-01, 4.349620597328e-05, 0.0000e+00, 0.0000e+00, 
 1DIAGNOSTIC,    45, -9.103012084961e-01, 4.076300449445e-05, 0.0000e+00, 0.0000e+00, 
 1DIAGNOSTIC,    46, -9.105377197266e-01, 3.838973219750e-05, 0.0000e+00, 0.0000e+00, 
 1DIAGNOSTIC,    47, -9.107666015625e-01, 3.623669435182e-05, 0.0000e+00, 0.0000e+00, 
 1DIAGNOSTIC,    48, -9.109954833984e-01, 3.436916829032e-05, 0.0000e+00, 0.0000e+00, 
 1DIAGNOSTIC,    49, -9.112205505371e-01, 3.272936581285e-05, 0.0000e+00, 0.0000e+00, 
 1DIAGNOSTIC,    50, -9.114456176758e-01, 3.127332078652e-05, 0.0000e+00, 0.0000e+00, 
 1DIAGNOSTIC,    51, -9.116554260254e-01, 2.990018429169e-05, 0.0000e+00, 0.0000e+00, 
 1DIAGNOSTIC,    52, -9.118652343750e-01, 2.868264268975e-05, 0.0000e+00, 0.0000e+00, 
 1DIAGNOSTIC,    53, -9.120712280273e-01, 2.753390401234e-05, 0.0000e+00, 0.0000e+00, 
 1DIAGNOSTIC,    54, -9.122734069824e-01, 2.648564159888e-05, 0.0000e+00, 0.0000e+00, 
 1DIAGNOSTIC,    55, -9.124755859375e-01, 2.551917405374e-05, 0.0000e+00, 0.0000e+00, 
 1DIAGNOSTIC,    56, -9.126739501953e-01, 2.461326472731e-05, 0.0000e+00, 0.0000e+00, 
 1DIAGNOSTIC,    57, -9.128684997559e-01, 2.374442680803e-05, 0.0000e+00, 0.0000e+00, 
 1DIAGNOSTIC,    58, -9.130592346191e-01, 2.293144964851e-05, 0.0000e+00, 0.0000e+00, 
 1DIAGNOSTIC,    59, -9.132423400879e-01, 2.214802043809e-05, 0.0000e+00, 0.0000e+00, 
 1DIAGNOSTIC,    60, -9.134292602539e-01, 2.145286822699e-05, 0.0000e+00, 0.0000e+00, 
 1DIAGNOSTIC,    61, -9.136047363281e-01, 2.073299629244e-05, 0.0000e+00, 0.0000e+00, 
 1DIAGNOSTIC,    62, -9.137878417969e-01, 2.006544621975e-05, 0.0000e+00, 0.0000e+00, 
 1DIAGNOSTIC,    63, -9.139595031738e-01, 1.940233607139e-05, 0.0000e+00, 0.0000e+00, 
 1DIAGNOSTIC,    64, -9.141273498535e-01, 1.873993008788e-05, 0.0000e+00, 0.0000e+00, 
 1DIAGNOSTIC,    65, -9.142913818359e-01, 1.809443696849e-05, 0.0000e+00, 0.0000e+00, 
 1DIAGNOSTIC,    66, -9.144515991211e-01, 1.746256176125e-05, 0.0000e+00, 0.0000e+00, 
 1DIAGNOSTIC,    67, -9.146118164062e-01, 1.686006533510e-05, 0.0000e+00, 0.0000e+00, 
 1DIAGNOSTIC,    68, -9.147644042969e-01, 1.626597356512e-05, 0.0000e+00, 0.0000e+00, 
 1DIAGNOSTIC,    69, -9.149055480957e-01, 1.562668983724e-05, 0.0000e+00, 0.0000e+00, 
 1DIAGNOSTIC,    70, -9.150428771973e-01, 1.498531888926e-05, 0.0000e+00, 0.0000e+00, 
XXDIAGNOSTIC,Iteration,metricValue,convergenceValue,ITERATION_TIME_INDEX,SINCE_LAST
 1DIAGNOSTIC,     1, -8.565902709961e-01, 1.797693134862e+308, 0.0000e+00, 0.0000e+00, 
 1DIAGNOSTIC,     2, -8.593978881836e-01, 1.797693134862e+308, 0.0000e+00, 0.0000e+00, 
 1DIAGNOSTIC,     3, -8.624343872070e-01, 1.797693134862e+308, 0.0000e+00, 0.0000e+00, 
 1DIAGNOSTIC,     4, -8.652763366699e-01, 1.797693134862e+308, 0.0000e+00, 0.0000e+00, 
 1DIAGNOSTIC,     5, -8.677368164062e-01, 1.797693134862e+308, 0.0000e+00, 0.0000e+00, 
 1DIAGNOSTIC,     6, -8.700714111328e-01, 1.797693134862e+308, 0.0000e+00, 0.0000e+00, 
 1DIAGNOSTIC,     7, -8.720245361328e-01, 1.797693134862e+308, 0.0000e+00, 0.0000e+00, 
 1DIAGNOSTIC,     8, -8.739356994629e-01, 1.797693134862e+308, 8.1920e+03, 8.1920e+03, 
 1DIAGNOSTIC,     9, -8.755722045898e-01, 1.797693134862e+308, 8.1920e+03, 0.0000e+00, 
 1DIAGNOSTIC,    10, -8.772163391113e-01, 1.521314550334e-03, 8.1920e+03, 0.0000e+00, 
 1DIAGNOSTIC,    11, -8.786163330078e-01, 1.268804960326e-03, 8.1920e+03, 0.0000e+00, 
 1DIAGNOSTIC,    12, -8.797721862793e-01, 1.051709415110e-03, 8.1920e+03, 0.0000e+00, 
 1DIAGNOSTIC,    13, -8.810844421387e-01, 8.815929879646e-04, 8.1920e+03, 0.0000e+00, 
 1DIAGNOSTIC,    14, -8.821182250977e-01, 7.452624430800e-04, 8.1920e+03, 0.0000e+00, 
 1DIAGNOSTIC,    15, -8.830490112305e-01, 6.321522124432e-04, 8.1920e+03, 0.0000e+00, 
 1DIAGNOSTIC,    16, -8.838882446289e-01, 5.394832226670e-04, 8.1920e+03, 0.0000e+00, 
 1DIAGNOSTIC,    17, -8.846435546875e-01, 4.595515279316e-04, 8.1920e+03, 0.0000e+00, 
 1DIAGNOSTIC,    18, -8.853263854980e-01, 3.926219254882e-04, 8.1920e+03, 0.0000e+00, 
 1DIAGNOSTIC,    19, -8.859481811523e-01, 3.346393841503e-04, 8.1920e+03, 0.0000e+00, 
 1DIAGNOSTIC,    20, -8.865165710449e-01, 2.871016314510e-04, 8.1920e+03, 0.0000e+00, 
 1DIAGNOSTIC,    21, -8.870315551758e-01, 2.468520459455e-04, 8.1920e+03, 0.0000e+00, 
 1DIAGNOSTIC,    22, -8.875122070312e-01, 2.111370853194e-04, 8.1920e+03, 0.0000e+00, 
 1DIAGNOSTIC,    23, -8.879585266113e-01, 1.834498034948e-04, 8.1920e+03, 0.0000e+00, 
 1DIAGNOSTIC,    24, -8.883743286133e-01, 1.603534963865e-04, 8.1920e+03, 0.0000e+00, 
 1DIAGNOSTIC,    25, -8.887634277344e-01, 1.410760338343e-04, 8.1920e+03, 0.0000e+00, 
 1DIAGNOSTIC,    26, -8.891334533691e-01, 1.250180375914e-04, 8.1920e+03, 0.0000e+00, 
 1DIAGNOSTIC,    27, -8.894844055176e-01, 1.115929553686e-04, 8.1920e+03, 0.0000e+00, 
 1DIAGNOSTIC,    28, -8.898200988770e-01, 1.003379731728e-04, 8.1920e+03, 0.0000e+00, 
 1DIAGNOSTIC,    29, -8.901405334473e-01, 9.086905071484e-05, 8.1920e+03, 0.0000e+00, 
 1DIAGNOSTIC,    30, -8.904457092285e-01, 8.284302295190e-05, 8.1920e+03, 0.0000e+00, 
 1DIAGNOSTIC,    31, -8.907470703125e-01, 7.599844000947e-05, 8.1920e+03, 0.0000e+00, 
 1DIAGNOSTIC,    32, -8.910331726074e-01, 7.011877566349e-05, 8.1920e+03, 0.0000e+00, 
 1DIAGNOSTIC,    33, -8.913116455078e-01, 6.504251748892e-05, 8.1920e+03, 0.0000e+00, 
 1DIAGNOSTIC,    34, -8.915786743164e-01, 6.058331468216e-05, 8.1920e+03, 0.0000e+00, 
 1DIAGNOSTIC,    35, -8.918418884277e-01, 5.665001810954e-05, 8.1920e+03, 0.0000e+00, 
 1DIAGNOSTIC,    36, -8.920974731445e-01, 5.316812149666e-05, 8.1920e+03, 0.0000e+00, 
 1DIAGNOSTIC,    37, -8.923416137695e-01, 5.001737817983e-05, 8.1920e+03, 0.0000e+00, 
 1DIAGNOSTIC,    38, -8.925704956055e-01, 4.707944900243e-05, 8.1920e+03, 0.0000e+00, 
 1DIAGNOSTIC,    39, -8.927841186523e-01, 4.424358408725e-05, 8.1920e+03, 0.0000e+00, 
 1DIAGNOSTIC,    40, -8.929862976074e-01, 4.144125383142e-05, 8.1920e+03, 0.0000e+00, 
 1DIAGNOSTIC,    41, -8.931732177734e-01, 3.868287978892e-05, 8.1920e+03, 0.0000e+00, 
 1DIAGNOSTIC,    42, -8.933486938477e-01, 3.592923450655e-05, 8.1920e+03, 0.0000e+00, 
 1DIAGNOSTIC,    43, -8.935165405273e-01, 3.324351549747e-05, 8.1920e+03, 0.0000e+00, 
 1DIAGNOSTIC,    44, -8.936767578125e-01, 3.065779487287e-05, 8.1920e+03, 0.0000e+00, 
 1DIAGNOSTIC,    45, -8.938255310059e-01, 2.823116142317e-05, 8.1920e+03, 0.0000e+00, 
 1DIAGNOSTIC,    46, -8.939704895020e-01, 2.604191957015e-05, 8.1920e+03, 0.0000e+00, 
 1DIAGNOSTIC,    47, -8.941040039062e-01, 2.406981039186e-05, 8.1920e+03, 0.0000e+00, 
 1DIAGNOSTIC,    48, -8.942375183105e-01, 2.233656190243e-05, 8.1920e+03, 0.0000e+00, 
 1DIAGNOSTIC,    49, -8.943672180176e-01, 2.081962915974e-05, 8.1920e+03, 0.0000e+00, 
 1DIAGNOSTIC,    50, -8.944892883301e-01, 1.948681463486e-05, 8.1920e+03, 0.0000e+00, 
XXDIAGNOSTIC,Iteration,metricValue,convergenceValue,ITERATION_TIME_INDEX,SINCE_LAST
 1DIAGNOSTIC,     1, -8.526039123535e-01, 1.797693134862e+308, 8.1920e+03, 0.0000e+00, 
 1DIAGNOSTIC,     2, -8.535308837891e-01, 1.797693134862e+308, 8.1920e+03, 0.0000e+00, 
 1DIAGNOSTIC,     3, -8.549957275391e-01, 1.797693134862e+308, 8.1920e+03, 0.0000e+00, 
 1DIAGNOSTIC,     4, -8.564491271973e-01, 1.797693134862e+308, 8.1920e+03, 0.0000e+00, 
 1DIAGNOSTIC,     5, -8.578376770020e-01, 1.797693134862e+308, 8.1920e+03, 0.0000e+00, 
 1DIAGNOSTIC,     6, -8.591003417969e-01, 1.797693134862e+308, 8.1920e+03, 0.0000e+00, 
 1DIAGNOSTIC,     7, -8.603210449219e-01, 1.797693134862e+308, 8.1920e+03, 0.0000e+00, 
 1DIAGNOSTIC,     8, -8.613662719727e-01, 1.797693134862e+308, 8.1920e+03, 0.0000e+00, 
 1DIAGNOSTIC,     9, -8.624153137207e-01, 1.797693134862e+308, 8.1920e+03, 0.0000e+00, 
 1DIAGNOSTIC,    10, -8.633918762207e-01, 8.323467035753e-04, 8.1920e+03, 0.0000e+00, 
 1DIAGNOSTIC,    11, -8.641357421875e-01, 7.242919464605e-04, 1.6384e+04, 8.1920e+03, 
 1DIAGNOSTIC,    12, -8.648910522461e-01, 6.153778635217e-04, 1.6384e+04, 0.0000e+00, 
 1DIAGNOSTIC,    13, -8.655014038086e-01, 5.200759899777e-04, 1.6384e+04, 0.0000e+00, 
 1DIAGNOSTIC,    14, -8.660621643066e-01, 4.383769394937e-04, 1.6384e+04, 0.0000e+00, 
 1DIAGNOSTIC,    15, -8.665695190430e-01, 3.690419470277e-04, 1.6384e+04, 0.0000e+00, 
 1DIAGNOSTIC,    16, -8.670616149902e-01, 3.105305663714e-04, 1.6384e+04, 0.0000e+00, 
 1DIAGNOSTIC,    17, -8.675117492676e-01, 2.626248058332e-04, 1.6384e+04, 0.0000e+00, 
 1DIAGNOSTIC,    18, -8.679008483887e-01, 2.219045425598e-04, 1.6384e+04, 0.0000e+00, 
 1DIAGNOSTIC,    19, -8.682441711426e-01, 1.889491289431e-04, 1.6384e+04, 0.0000e+00, 
 1DIAGNOSTIC,    20, -8.685607910156e-01, 1.630129593661e-04, 1.6384e+04, 0.0000e+00, 
  Elapsed time (stage 0): 16384


Total elapsed time: 16384
