
##########################
# Experiment information #
##########################

EXPERIMENT_NAME: antsRegistration-r7-p11
VFC_BACKENDS: libinterflop_vprec.so --range-binary32=7 --precision-binary32=11 --range-binary64=7 --precision-binary64=11

SIF_IMG: /home/mdugre/projects/rrg-glatard/mdugre/containers/ants-vprec-no_metrics.simg

SUBJECT_ID: s028
INPUT_IMG: /home/mdugre/scratch/mri-registration-rp/datasets/ds004513/derivatives/mri-registration-rp/antsBrainExtraction/sub-s028/BrainExtractionBrain.nii.gz
OUTPUT_DIR: /home/mdugre/scratch/mri-registration-rp/datasets/ds004513/derivatives/mri-registration-rp/0001/antsRegistration-r7-p11/sub-s028

FIXED_IMG: /templateflow/tpl-MNI152NLin2009cAsym/tpl-MNI152NLin2009cAsym_res-01_desc-brain_T1w.nii.gz
DATA_DIR: /home/mdugre/scratch/mri-registration-rp/datasets/ds004513
TEMPLATEFLOW_DIR: /home/mdugre/projects/rrg-glatard/mdugre/templateflow
ITK_GLOBAL_DEFAULT_NUMBER_OF_THREADS: 16
##########################

Info [verificarlo]: loaded backend libinterflop_ieee.so
Info [interflop-ieee]: load backend with:
Info [interflop-ieee]: debug = false
Info [interflop-ieee]: debug-binary = false
Info [interflop-ieee]: no-backend-name = false
Info [interflop-ieee]: print-new-line = false
Info [interflop-ieee]: print-subnormal-normalized = false
Info [interflop-ieee]: count-op = false
All_Command_lines_OK
Using double precision for computations.
=============================================================================
The composite transform comprises the following transforms (in order): 
  1. Center of mass alignment using fixed image: /templateflow/tpl-MNI152NLin2009cAsym/tpl-MNI152NLin2009cAsym_res-01_desc-brain_T1w.nii.gz and moving image: /home/mdugre/scratch/mri-registration-rp/datasets/ds004513/derivatives/mri-registration-rp/antsBrainExtraction/sub-s028/BrainExtractionBrain.nii.gz (type = Euler3DTransform)
=============================================================================
  number of levels = 1
  fixed image: /templateflow/tpl-MNI152NLin2009cAsym/tpl-MNI152NLin2009cAsym_res-01_desc-brain_T1w.nii.gz
  moving image: /home/mdugre/scratch/mri-registration-rp/datasets/ds004513/derivatives/mri-registration-rp/antsBrainExtraction/sub-s028/BrainExtractionBrain.nii.gz
Dimension = 3
Number of stages = 1
Use histogram matching = false
Winsorize image intensities = true
  Lower quantile = 0.005
  Upper quantile = 0.995


Stage 1 State
   Image metric = MattesMI
     Fixed image = Image (0x5200e70)
  RTTI typeinfo:   itk::Image<double, 3u>
  Reference Count: 2
  Modified Time: 2330
  Debug: Off
  Object Name: 
  Observers: 
    none
  Source: (none)
  Source output name: (none)
  Release Data: Off
  Data Released: False
  Global Release Data: Off
  PipelineMTime: 0
  UpdateMTime: 1941
  RealTimeStamp: 0 seconds 
  LargestPossibleRegion: 
    Dimension: 3
    Index: [0, 0, 0]
    Size: [193, 229, 193]
  BufferedRegion: 
    Dimension: 3
    Index: [0, 0, 0]
    Size: [193, 229, 193]
  RequestedRegion: 
    Dimension: 3
    Index: [0, 0, 0]
    Size: [193, 229, 193]
  Spacing: [1, 1, 1]
  Origin: [96, 132, -78]
  Direction: 
-1 0 0
0 -1 0
0 0 1

  IndexToPointMatrix: 
-1 0 0
0 -1 0
0 0 1

  PointToIndexMatrix: 
-1 0 0
0 -1 0
0 0 1

  Inverse Direction: 
-1 0 0
0 -1 0
0 0 1

  PixelContainer: 
    ImportImageContainer (0x5209c60)
      RTTI typeinfo:   itk::ImportImageContainer<unsigned long, double>
      Reference Count: 1
      Modified Time: 1938
      Debug: Off
      Object Name: 
      Observers: 
        none
      Pointer: 0x14bd65188010
      Container manages memory: true
      Size: 8530021
      Capacity: 8530021

     Moving image = Image (0x529e030)
  RTTI typeinfo:   itk::Image<double, 3u>
  Reference Count: 2
  Modified Time: 2331
  Debug: Off
  Object Name: 
  Observers: 
    none
  Source: (none)
  Source output name: (none)
  Release Data: Off
  Data Released: False
  Global Release Data: Off
  PipelineMTime: 0
  UpdateMTime: 2328
  RealTimeStamp: 0 seconds 
  LargestPossibleRegion: 
    Dimension: 3
    Index: [0, 0, 0]
    Size: [160, 240, 256]
  BufferedRegion: 
    Dimension: 3
    Index: [0, 0, 0]
    Size: [160, 240, 256]
  RequestedRegion: 
    Dimension: 3
    Index: [0, 0, 0]
    Size: [160, 240, 256]
  Spacing: [1, 1, 1]
  Origin: [89.0741, 91.3517, -127]
  Direction: 
-0.99863 -0.052336 0
0.052336 -0.99863 0
0 0 1

  IndexToPointMatrix: 
-0.99863 -0.052336 0
0.052336 -0.99863 0
0 0 1

  PointToIndexMatrix: 
-0.99863 0.052336 0
-0.052336 -0.99863 0
0 0 1

  Inverse Direction: 
-0.99863 0.052336 0
-0.052336 -0.99863 0
0 0 1

  PixelContainer: 
    ImportImageContainer (0x5398e50)
      RTTI typeinfo:   itk::ImportImageContainer<unsigned long, double>
      Reference Count: 1
      Modified Time: 2325
      Debug: Off
      Object Name: 
      Observers: 
        none
      Pointer: 0x14bd60687010
      Container manages memory: true
      Size: 9830400
      Capacity: 9830400

     Weighting = 1
     Sampling strategy = regular
     Number of bins = 32
     Radius = 4
     Sampling percentage  = 0.25
   Transform = Rigid
     Gradient step = 0.1
     Update field sigma (voxel space) = 0
     Total field sigma (voxel space) = 0
     Update field time sigma = 0
     Total field time sigma  = 0
     Number of time indices = 0
     Number of time point samples = 0
Registration using 1 total stages.

Stage 0
  iterations = 0
  convergence threshold = 1e-06
  convergence window size = 10
  number of levels = 1
  using the Mattes MI metric (number of bins = 32, weight = 1, use gradient filter = 0)
  preprocessing:  winsorizing the image intensities
  Shrink factors (level 1 out of 1): [1, 1, 1]
  smoothing sigmas per level: [0]
  regular sampling (percentage = 0.25)

*** Running Euler3DTransform registration ***

  Elapsed time (stage 0): 1.11038


Total elapsed time: 1.11493
Info [verificarlo]: loaded backend libinterflop_ieee.so
Info [interflop-ieee]: load backend with:
Info [interflop-ieee]: debug = false
Info [interflop-ieee]: debug-binary = false
Info [interflop-ieee]: no-backend-name = false
Info [interflop-ieee]: print-new-line = false
Info [interflop-ieee]: print-subnormal-normalized = false
Info [interflop-ieee]: count-op = false
All_Command_lines_OK
Using double precision for computations.
=============================================================================
The composite transform comprises the following transforms (in order): 
  1. /home/mdugre/scratch/mri-registration-rp/datasets/ds004513/derivatives/mri-registration-rp/0001/antsRegistration-r7-p11/sub-s028/align_Composite.h5[0] (type = Euler3DTransform)
  2. /home/mdugre/scratch/mri-registration-rp/datasets/ds004513/derivatives/mri-registration-rp/0001/antsRegistration-r7-p11/sub-s028/align_Composite.h5[1] (type = Euler3DTransform)
=============================================================================
  number of levels = 4
  fixed image: /templateflow/tpl-MNI152NLin2009cAsym/tpl-MNI152NLin2009cAsym_res-01_desc-brain_T1w.nii.gz
  moving image: /home/mdugre/scratch/mri-registration-rp/datasets/ds004513/derivatives/mri-registration-rp/antsBrainExtraction/sub-s028/BrainExtractionBrain.nii.gz
Dimension = 3
Number of stages = 1
Use histogram matching = false
Winsorize image intensities = true
  Lower quantile = 0.005
  Upper quantile = 0.995


Stage 1 State
   Image metric = MattesMI
     Fixed image = Image (0x3ca5530)
  RTTI typeinfo:   itk::Image<double, 3u>
  Reference Count: 2
  Modified Time: 1578
  Debug: Off
  Object Name: 
  Observers: 
    none
  Source: (none)
  Source output name: (none)
  Release Data: Off
  Data Released: False
  Global Release Data: Off
  PipelineMTime: 0
  UpdateMTime: 1189
  RealTimeStamp: 0 seconds 
  LargestPossibleRegion: 
    Dimension: 3
    Index: [0, 0, 0]
    Size: [193, 229, 193]
  BufferedRegion: 
    Dimension: 3
    Index: [0, 0, 0]
    Size: [193, 229, 193]
  RequestedRegion: 
    Dimension: 3
    Index: [0, 0, 0]
    Size: [193, 229, 193]
  Spacing: [1, 1, 1]
  Origin: [96, 132, -78]
  Direction: 
-1 0 0
0 -1 0
0 0 1

  IndexToPointMatrix: 
-1 0 0
0 -1 0
0 0 1

  PointToIndexMatrix: 
-1 0 0
0 -1 0
0 0 1

  Inverse Direction: 
-1 0 0
0 -1 0
0 0 1

  PixelContainer: 
    ImportImageContainer (0x3d63d60)
      RTTI typeinfo:   itk::ImportImageContainer<unsigned long, double>
      Reference Count: 1
      Modified Time: 1186
      Debug: Off
      Object Name: 
      Observers: 
        none
      Pointer: 0x153cc331e010
      Container manages memory: true
      Size: 8530021
      Capacity: 8530021

     Moving image = Image (0x3d55f60)
  RTTI typeinfo:   itk::Image<double, 3u>
  Reference Count: 2
  Modified Time: 1579
  Debug: Off
  Object Name: 
  Observers: 
    none
  Source: (none)
  Source output name: (none)
  Release Data: Off
  Data Released: False
  Global Release Data: Off
  PipelineMTime: 0
  UpdateMTime: 1576
  RealTimeStamp: 0 seconds 
  LargestPossibleRegion: 
    Dimension: 3
    Index: [0, 0, 0]
    Size: [160, 240, 256]
  BufferedRegion: 
    Dimension: 3
    Index: [0, 0, 0]
    Size: [160, 240, 256]
  RequestedRegion: 
    Dimension: 3
    Index: [0, 0, 0]
    Size: [160, 240, 256]
  Spacing: [1, 1, 1]
  Origin: [89.0741, 91.3517, -127]
  Direction: 
-0.99863 -0.052336 0
0.052336 -0.99863 0
0 0 1

  IndexToPointMatrix: 
-0.99863 -0.052336 0
0.052336 -0.99863 0
0 0 1

  PointToIndexMatrix: 
-0.99863 0.052336 0
-0.052336 -0.99863 0
0 0 1

  Inverse Direction: 
-0.99863 0.052336 0
-0.052336 -0.99863 0
0 0 1

  PixelContainer: 
    ImportImageContainer (0x3d476d0)
      RTTI typeinfo:   itk::ImportImageContainer<unsigned long, double>
      Reference Count: 1
      Modified Time: 1573
      Debug: Off
      Object Name: 
      Observers: 
        none
      Pointer: 0x153cbe81d010
      Container manages memory: true
      Size: 9830400
      Capacity: 9830400

     Weighting = 1
     Sampling strategy = regular
     Number of bins = 32
     Radius = 4
     Sampling percentage  = 0.25
   Transform = Rigid
     Gradient step = 0.1
     Update field sigma (voxel space) = 0
     Total field sigma (voxel space) = 0
     Update field time sigma = 0
     Total field time sigma  = 0
     Number of time indices = 0
     Number of time point samples = 0
Registration using 1 total stages.

Stage 0
  iterations = 1000x500x250x100
  convergence threshold = 1e-06
  convergence window size = 10
  number of levels = 4
  using the Mattes MI metric (number of bins = 32, weight = 1, use gradient filter = 0)
  preprocessing:  winsorizing the image intensities
  Shrink factors (level 1 out of 4): [8, 8, 8]
  Shrink factors (level 2 out of 4): [4, 4, 4]
  Shrink factors (level 3 out of 4): [2, 2, 2]
  Shrink factors (level 4 out of 4): [1, 1, 1]
  smoothing sigmas per level: [3, 2, 1, 0]
  regular sampling (percentage = 0.25)

*** Running Euler3DTransform registration ***

DIAGNOSTIC,Iteration,metricValue,convergenceValue,ITERATION_TIME_INDEX,SINCE_LAST
 2DIAGNOSTIC,     1, -5.665438577121e-01, 1.797693134862e+308, 6.9517e-01, 6.9517e-01, 
 2DIAGNOSTIC,     2, -5.679362104552e-01, 1.797693134862e+308, 6.9988e-01, 4.7102e-03, 
 2DIAGNOSTIC,     3, -5.701661751558e-01, 1.797693134862e+308, 7.0466e-01, 4.7810e-03, 
 2DIAGNOSTIC,     4, -5.751277349132e-01, 1.797693134862e+308, 7.0972e-01, 5.0671e-03, 
 2DIAGNOSTIC,     5, -5.843883607152e-01, 1.797693134862e+308, 7.1386e-01, 4.1411e-03, 
 2DIAGNOSTIC,     6, -5.972365054645e-01, 1.797693134862e+308, 7.1807e-01, 4.2059e-03, 
 2DIAGNOSTIC,     7, -6.120476262340e-01, 1.797693134862e+308, 7.2283e-01, 4.7569e-03, 
 2DIAGNOSTIC,     8, -6.211105928461e-01, 1.797693134862e+308, 7.3155e-01, 8.7271e-03, 
 2DIAGNOSTIC,     9, -6.213084107243e-01, 1.797693134862e+308, 7.3590e-01, 4.3421e-03, 
 2DIAGNOSTIC,    10, -6.217113371076e-01, 7.514467796495e-03, 7.4046e-01, 4.5671e-03, 
 2DIAGNOSTIC,    11, -6.222947563771e-01, 6.562568466451e-03, 7.4489e-01, 4.4231e-03, 
 2DIAGNOSTIC,    12, -6.227697010007e-01, 5.255461225973e-03, 7.4927e-01, 4.3800e-03, 
 2DIAGNOSTIC,    13, -6.234083608885e-01, 3.787170373486e-03, 7.5413e-01, 4.8678e-03, 
 2DIAGNOSTIC,    14, -6.241104307961e-01, 2.386996232818e-03, 7.5860e-01, 4.4699e-03, 
 2DIAGNOSTIC,    15, -6.251286949098e-01, 1.283406907863e-03, 7.6311e-01, 4.5040e-03, 
 2DIAGNOSTIC,    16, -6.283485527841e-01, 6.667849164871e-04, 7.6776e-01, 4.6561e-03, 
 2DIAGNOSTIC,    17, -6.386979001660e-01, 7.477909769660e-04, 7.7451e-01, 6.7480e-03, 
 2DIAGNOSTIC,    18, -6.422081425636e-01, 1.069912470877e-03, 7.7997e-01, 5.4531e-03, 
 2DIAGNOSTIC,    19, -6.445546029364e-01, 1.321241764047e-03, 7.8471e-01, 4.7400e-03, 
 2DIAGNOSTIC,    20, -6.479183299610e-01, 1.513380541532e-03, 7.8971e-01, 5.0020e-03, 
 2DIAGNOSTIC,    21, -6.624222035582e-01, 1.873682315969e-03, 7.9685e-01, 7.1471e-03, 
 2DIAGNOSTIC,    22, -6.636851548308e-01, 2.049754970307e-03, 8.0212e-01, 5.2681e-03, 
 2DIAGNOSTIC,    23, -6.640827682011e-01, 2.041639955641e-03, 8.0687e-01, 4.7498e-03, 
 2DIAGNOSTIC,    24, -6.643332124157e-01, 1.868431927840e-03, 8.1260e-01, 5.7240e-03, 
 2DIAGNOSTIC,    25, -6.647441030908e-01, 1.560977264768e-03, 8.1767e-01, 5.0750e-03, 
 2DIAGNOSTIC,    26, -6.663585443806e-01, 1.208448752920e-03, 8.2215e-01, 4.4801e-03, 
 2DIAGNOSTIC,    27, -6.675588410264e-01, 9.621228891102e-04, 8.2662e-01, 4.4670e-03, 
 2DIAGNOSTIC,    28, -6.699386172070e-01, 7.422805287908e-04, 8.3365e-01, 7.0312e-03, 
 2DIAGNOSTIC,    29, -6.706916835220e-01, 5.180026450904e-04, 8.3859e-01, 4.9400e-03, 
 2DIAGNOSTIC,    30, -6.717044926824e-01, 3.208508597295e-04, 8.4326e-01, 4.6699e-03, 
 2DIAGNOSTIC,    31, -6.736094785842e-01, 3.443814028690e-04, 8.4819e-01, 4.9310e-03, 
 2DIAGNOSTIC,    32, -6.768829321908e-01, 3.964866707525e-04, 8.5635e-01, 8.1620e-03, 
 2DIAGNOSTIC,    33, -6.772725215888e-01, 4.174151442378e-04, 8.6106e-01, 4.7050e-03, 
 2DIAGNOSTIC,    34, -6.782689647294e-01, 4.147481888970e-04, 8.6563e-01, 4.5762e-03, 
 2DIAGNOSTIC,    35, -6.790973139807e-01, 3.888972787689e-04, 8.7025e-01, 4.6201e-03, 
 2DIAGNOSTIC,    36, -6.796280362068e-01, 3.536821121091e-04, 8.7442e-01, 4.1621e-03, 
 2DIAGNOSTIC,    37, -6.806612188120e-01, 3.126376017811e-04, 8.7921e-01, 4.7951e-03, 
 2DIAGNOSTIC,    38, -6.831640786998e-01, 3.010857673825e-04, 8.8511e-01, 5.9001e-03, 
 2DIAGNOSTIC,    39, -6.837256422907e-01, 2.762415696527e-04, 8.8929e-01, 4.1740e-03, 
 2DIAGNOSTIC,    40, -6.838944844697e-01, 2.395816325908e-04, 8.9347e-01, 4.1811e-03, 
 2DIAGNOSTIC,    41, -6.841709374898e-01, 2.050565051449e-04, 8.9884e-01, 5.3740e-03, 
 2DIAGNOSTIC,    42, -6.842756285690e-01, 1.881296054909e-04, 9.0368e-01, 4.8361e-03, 
 2DIAGNOSTIC,    43, -6.843516553942e-01, 1.583661416163e-04, 9.0791e-01, 4.2360e-03, 
 2DIAGNOSTIC,    44, -6.848013316619e-01, 1.292681452876e-04, 9.1267e-01, 4.7541e-03, 
 2DIAGNOSTIC,    45, -6.848687908145e-01, 9.821285866143e-05, 9.1792e-01, 5.2490e-03, 
 2DIAGNOSTIC,    46, -6.848813389159e-01, 6.452911274876e-05, 9.2212e-01, 4.2040e-03, 
 2DIAGNOSTIC,    47, -6.850988835731e-01, 3.737112387843e-05, 9.2688e-01, 4.7631e-03, 
 2DIAGNOSTIC,    48, -6.851351947636e-01, 3.086880436411e-05, 9.3161e-01, 4.7240e-03, 
 2DIAGNOSTIC,    49, -6.851653703340e-01, 2.697862096317e-05, 9.3582e-01, 4.2100e-03, 
 2DIAGNOSTIC,    50, -6.852583123767e-01, 2.297345890540e-05, 9.4007e-01, 4.2531e-03, 
 2DIAGNOSTIC,    51, -6.853875159573e-01, 2.048305841197e-05, 9.4535e-01, 5.2800e-03, 
 2DIAGNOSTIC,    52, -6.855692385843e-01, 1.857804724871e-05, 9.4961e-01, 4.2620e-03, 
 2DIAGNOSTIC,    53, -6.856961499103e-01, 1.656694890133e-05, 9.5391e-01, 4.2951e-03, 
 2DIAGNOSTIC,    54, -6.864704170550e-01, 2.296789967824e-05, 9.6086e-01, 6.9551e-03, 
 2DIAGNOSTIC,    55, -6.866247813172e-01, 2.859754543691e-05, 9.6515e-01, 4.2892e-03, 
 2DIAGNOSTIC,    56, -6.868645215642e-01, 3.327213956257e-05, 9.6947e-01, 4.3190e-03, 
 2DIAGNOSTIC,    57, -6.870302982570e-01, 3.758610754531e-05, 9.7369e-01, 4.2191e-03, 
 2DIAGNOSTIC,    58, -6.873096332440e-01, 4.052690399872e-05, 9.7842e-01, 4.7288e-03, 
 2DIAGNOSTIC,    59, -6.880609781910e-01, 4.515115706966e-05, 9.8731e-01, 8.8871e-03, 
 2DIAGNOSTIC,    60, -6.881346010047e-01, 4.637585604831e-05, 9.9156e-01, 4.2500e-03, 
 2DIAGNOSTIC,    61, -6.881664218990e-01, 4.440165830323e-05, 9.9574e-01, 4.1840e-03, 
 2DIAGNOSTIC,    62, -6.882196942024e-01, 4.002230599751e-05, 1.0005e+00, 4.7460e-03, 
 2DIAGNOSTIC,    63, -6.883166230312e-01, 3.335477525679e-05, 1.0063e+00, 5.8632e-03, 
 2DIAGNOSTIC,    64, -6.883388210240e-01, 2.901462073245e-05, 1.0105e+00, 4.1959e-03, 
 2DIAGNOSTIC,    65, -6.882439369515e-01, 2.244502738478e-05, 1.0148e+00, 4.2219e-03, 
 2DIAGNOSTIC,    66, -6.882521180143e-01, 1.568288942337e-05, 1.0196e+00, 4.8800e-03, 
 2DIAGNOSTIC,    67, -6.882611076293e-01, 8.790816617837e-06, 1.0246e+00, 4.9229e-03, 
 2DIAGNOSTIC,    68, -6.881695697237e-01, 2.348197208353e-06, 1.0288e+00, 4.2360e-03, 
DIAGNOSTIC,Iteration,metricValue,convergenceValue,ITERATION_TIME_INDEX,SINCE_LAST
 2DIAGNOSTIC,     1, -5.578321276644e-01, 1.797693134862e+308, 1.7843e+00, 7.5553e-01, 
 2DIAGNOSTIC,     2, -5.580024939509e-01, 1.797693134862e+308, 1.8163e+00, 3.1963e-02, 
 2DIAGNOSTIC,     3, -5.580991958533e-01, 1.797693134862e+308, 1.8473e+00, 3.0967e-02, 
 2DIAGNOSTIC,     4, -5.582871815095e-01, 1.797693134862e+308, 1.8773e+00, 3.0068e-02, 
 2DIAGNOSTIC,     5, -5.586128306928e-01, 1.797693134862e+308, 1.9077e+00, 3.0408e-02, 
 2DIAGNOSTIC,     6, -5.589521461674e-01, 1.797693134862e+308, 1.9380e+00, 3.0240e-02, 
 2DIAGNOSTIC,     7, -5.594990818434e-01, 1.797693134862e+308, 1.9726e+00, 3.4624e-02, 
 2DIAGNOSTIC,     8, -5.606921890632e-01, 1.797693134862e+308, 2.0115e+00, 3.8868e-02, 
 2DIAGNOSTIC,     9, -5.645397586170e-01, 1.797693134862e+308, 2.0558e+00, 4.4320e-02, 
 2DIAGNOSTIC,    10, -5.655271340958e-01, 8.074911619755e-04, 2.0835e+00, 2.7696e-02, 
 2DIAGNOSTIC,    11, -5.659429101906e-01, 9.192673385735e-04, 2.1269e+00, 4.3392e-02, 
 2DIAGNOSTIC,    12, -5.662262400282e-01, 9.514828977381e-04, 2.1616e+00, 3.4731e-02, 
 2DIAGNOSTIC,    13, -5.670553130833e-01, 9.282723484759e-04, 2.1890e+00, 2.7373e-02, 
 2DIAGNOSTIC,    14, -5.673850919169e-01, 8.400529115114e-04, 2.2216e+00, 3.2570e-02, 
 2DIAGNOSTIC,    15, -5.676604814211e-01, 7.071233057993e-04, 2.2515e+00, 2.9992e-02, 
 2DIAGNOSTIC,    16, -5.678747935596e-01, 5.456862555207e-04, 2.2907e+00, 3.9191e-02, 
 2DIAGNOSTIC,    17, -5.683134307929e-01, 3.832696959074e-04, 2.3657e+00, 7.5004e-02, 
 2DIAGNOSTIC,    18, -5.683588416589e-01, 2.353845616304e-04, 2.4031e+00, 3.7397e-02, 
 2DIAGNOSTIC,    19, -5.684117686760e-01, 1.845402499384e-04, 2.4400e+00, 3.6885e-02, 
 2DIAGNOSTIC,    20, -5.684524746590e-01, 1.478644314112e-04, 2.4720e+00, 3.1939e-02, 
 2DIAGNOSTIC,    21, -5.685192824386e-01, 1.126962921400e-04, 2.5025e+00, 3.0503e-02, 
 2DIAGNOSTIC,    22, -5.686680962474e-01, 7.971208571884e-05, 2.5332e+00, 3.0712e-02, 
 2DIAGNOSTIC,    23, -5.688404289808e-01, 6.404546685872e-05, 2.5661e+00, 3.2891e-02, 
 2DIAGNOSTIC,    24, -5.691364540671e-01, 5.691739467041e-05, 2.5968e+00, 3.0752e-02, 
 2DIAGNOSTIC,    25, -5.695270915936e-01, 5.844524896572e-05, 2.6275e+00, 3.0690e-02, 
 2DIAGNOSTIC,    26, -5.697988149060e-01, 6.353754699592e-05, 2.6585e+00, 3.1013e-02, 
 2DIAGNOSTIC,    27, -5.700144116370e-01, 7.453561064014e-05, 2.6889e+00, 3.0355e-02, 
 2DIAGNOSTIC,    28, -5.704046410822e-01, 8.562558935720e-05, 2.7271e+00, 3.8264e-02, 
 2DIAGNOSTIC,    29, -5.704966919461e-01, 9.032075660504e-05, 2.7579e+00, 3.0746e-02, 
 2DIAGNOSTIC,    30, -5.707442886799e-01, 9.108591897389e-05, 2.7904e+00, 3.2477e-02, 
 2DIAGNOSTIC,    31, -5.714364568559e-01, 9.551262783032e-05, 2.8478e+00, 5.7445e-02, 
 2DIAGNOSTIC,    32, -5.715166248941e-01, 9.404442607797e-05, 2.8796e+00, 3.1785e-02, 
 2DIAGNOSTIC,    33, -5.715498783749e-01, 8.701573250289e-05, 2.9079e+00, 2.8297e-02, 
 2DIAGNOSTIC,    34, -5.716182488119e-01, 7.765845537088e-05, 2.9357e+00, 2.7825e-02, 
 2DIAGNOSTIC,    35, -5.717285429967e-01, 6.864338908510e-05, 2.9641e+00, 2.8401e-02, 
 2DIAGNOSTIC,    36, -5.719387396701e-01, 6.020302537823e-05, 2.9931e+00, 2.9001e-02, 
 2DIAGNOSTIC,    37, -5.720167346292e-01, 5.037227517526e-05, 3.0279e+00, 3.4807e-02, 
 2DIAGNOSTIC,    38, -5.720990858754e-01, 4.274976673549e-05, 3.0647e+00, 3.6750e-02, 
 2DIAGNOSTIC,    39, -5.722643909949e-01, 3.487212749046e-05, 3.1049e+00, 4.0254e-02, 
 2DIAGNOSTIC,    40, -5.723834169214e-01, 2.844021434676e-05, 3.1579e+00, 5.2978e-02, 
 2DIAGNOSTIC,    41, -5.723976230067e-01, 2.825553939205e-05, 3.1972e+00, 3.9293e-02, 
 2DIAGNOSTIC,    42, -5.723990382601e-01, 2.646526659160e-05, 3.2392e+00, 4.2021e-02, 
 2DIAGNOSTIC,    43, -5.724120754239e-01, 2.287278398163e-05, 3.2801e+00, 4.0836e-02, 
 2DIAGNOSTIC,    44, -5.724034198841e-01, 1.797518242628e-05, 3.3107e+00, 3.0611e-02, 
 2DIAGNOSTIC,    45, -5.723955460094e-01, 1.272030474894e-05, 3.3435e+00, 3.2812e-02, 
 2DIAGNOSTIC,    46, -5.723988507968e-01, 8.881451995606e-06, 3.3790e+00, 3.5491e-02, 
 2DIAGNOSTIC,    47, -5.723909348995e-01, 5.181734809585e-06, 3.4113e+00, 3.2374e-02, 
 2DIAGNOSTIC,    48, -5.723743682985e-01, 1.859452337084e-06, 3.4395e+00, 2.8138e-02, 
DIAGNOSTIC,Iteration,metricValue,convergenceValue,ITERATION_TIME_INDEX,SINCE_LAST
 2DIAGNOSTIC,     1, -5.027627089617e-01, 1.797693134862e+308, 4.5019e+00, 1.0625e+00, 
 2DIAGNOSTIC,     2, -5.029350059388e-01, 1.797693134862e+308, 4.7589e+00, 2.5699e-01, 
 2DIAGNOSTIC,     3, -5.031500947972e-01, 1.797693134862e+308, 5.0006e+00, 2.4168e-01, 
 2DIAGNOSTIC,     4, -5.032417332091e-01, 1.797693134862e+308, 5.2379e+00, 2.3729e-01, 
 2DIAGNOSTIC,     5, -5.033667544070e-01, 1.797693134862e+308, 5.4691e+00, 2.3123e-01, 
 2DIAGNOSTIC,     6, -5.036379794349e-01, 1.797693134862e+308, 5.6984e+00, 2.2927e-01, 
 2DIAGNOSTIC,     7, -5.040659879651e-01, 1.797693134862e+308, 5.9310e+00, 2.3262e-01, 
 2DIAGNOSTIC,     8, -5.062444160453e-01, 1.797693134862e+308, 6.2926e+00, 3.6156e-01, 
 2DIAGNOSTIC,     9, -5.077368157965e-01, 1.797693134862e+308, 6.6078e+00, 3.1525e-01, 
 2DIAGNOSTIC,    10, -5.080137743769e-01, 6.818936295836e-04, 6.8765e+00, 2.6862e-01, 
 2DIAGNOSTIC,    11, -5.080799143991e-01, 7.175635707446e-04, 7.1249e+00, 2.4843e-01, 
 2DIAGNOSTIC,    12, -5.082892747175e-01, 7.013751925128e-04, 7.3658e+00, 2.4096e-01, 
 2DIAGNOSTIC,    13, -5.088115694260e-01, 6.546926947240e-04, 7.6795e+00, 3.1371e-01, 
 2DIAGNOSTIC,    14, -5.088774359180e-01, 5.602574932216e-04, 7.9357e+00, 2.5619e-01, 
 2DIAGNOSTIC,    15, -5.089648927004e-01, 4.366547614124e-04, 8.1584e+00, 2.2271e-01, 
 2DIAGNOSTIC,    16, -5.094474946191e-01, 3.166802864118e-04, 8.4815e+00, 3.2309e-01, 
 2DIAGNOSTIC,    17, -5.095362160765e-01, 1.971152163436e-04, 9.0731e+00, 5.9158e-01, 
 2DIAGNOSTIC,    18, -5.095388641372e-01, 1.395232522623e-04, 9.3749e+00, 3.0181e-01, 
 2DIAGNOSTIC,    19, -5.095398872420e-01, 1.194113146624e-04, 9.6614e+00, 2.8648e-01, 
 2DIAGNOSTIC,    20, -5.095386110231e-01, 9.831287172798e-05, 9.8945e+00, 2.3304e-01, 
 2DIAGNOSTIC,    21, -5.095400196467e-01, 7.183431009426e-05, 1.0172e+01, 2.7716e-01, 
 2DIAGNOSTIC,    22, -5.095416671125e-01, 4.617685303847e-05, 1.0525e+01, 3.5336e-01, 
 2DIAGNOSTIC,    23, -5.095416373931e-01, 3.146366846907e-05, 1.0798e+01, 2.7328e-01, 
 2DIAGNOSTIC,    24, -5.095413080788e-01, 1.680514567097e-05, 1.1013e+01, 2.1450e-01, 
 2DIAGNOSTIC,    25, -5.095413567396e-01, 3.548314623757e-06, 1.1263e+01, 2.5049e-01, 
 2DIAGNOSTIC,    26, -5.095410567132e-01, 1.437535288418e-06, 1.1520e+01, 2.5704e-01, 
 2DIAGNOSTIC,    27, -5.095409837771e-01, 1.300396472372e-06, 1.1755e+01, 2.3500e-01, 
 2DIAGNOSTIC,    28, -5.095405900908e-01, 1.206552256779e-06, 1.2029e+01, 2.7356e-01, 
 2DIAGNOSTIC,    29, -5.095408143716e-01, 1.138810430866e-06, 1.2308e+01, 2.7942e-01, 
 2DIAGNOSTIC,    30, -5.095404415262e-01, 1.040661323247e-06, 1.2542e+01, 2.3360e-01, 
DIAGNOSTIC,Iteration,metricValue,convergenceValue,ITERATION_TIME_INDEX,SINCE_LAST
 2DIAGNOSTIC,     1, -4.705256076576e-01, 1.797693134862e+308, 1.4984e+01, 2.4421e+00, 
 2DIAGNOSTIC,     2, -4.705424039998e-01, 1.797693134862e+308, 1.6656e+01, 1.6719e+00, 
 2DIAGNOSTIC,     3, -4.705527410022e-01, 1.797693134862e+308, 1.8181e+01, 1.5254e+00, 
 2DIAGNOSTIC,     4, -4.705552236715e-01, 1.797693134862e+308, 2.0380e+01, 2.1984e+00, 
 2DIAGNOSTIC,     5, -4.705549061412e-01, 1.797693134862e+308, 2.1965e+01, 1.5856e+00, 
 2DIAGNOSTIC,     6, -4.705547925030e-01, 1.797693134862e+308, 2.3451e+01, 1.4853e+00, 
 2DIAGNOSTIC,     7, -4.705547096685e-01, 1.797693134862e+308, 2.4998e+01, 1.5476e+00, 
 2DIAGNOSTIC,     8, -4.705538174359e-01, 1.797693134862e+308, 2.7437e+01, 2.4385e+00, 
 2DIAGNOSTIC,     9, -4.705538831574e-01, 1.797693134862e+308, 2.8927e+01, 1.4901e+00, 
 2DIAGNOSTIC,    10, -4.705539314752e-01, 5.527439365619e-06, 3.0529e+01, 1.6023e+00, 
 2DIAGNOSTIC,    11, -4.705538818883e-01, 3.498825247833e-06, 3.2182e+01, 1.6527e+00, 
 2DIAGNOSTIC,    12, -4.705535380348e-01, 2.568732978867e-06, 3.3661e+01, 1.4789e+00, 
 2DIAGNOSTIC,    13, -4.705534222619e-01, 2.261632448000e-06, 3.5278e+01, 1.6173e+00, 
 2DIAGNOSTIC,    14, -4.705532845881e-01, 2.116697131502e-06, 3.6770e+01, 1.4915e+00, 
 2DIAGNOSTIC,    15, -4.705533421180e-01, 1.994155524293e-06, 3.8240e+01, 1.4704e+00, 
 2DIAGNOSTIC,    16, -4.705530186057e-01, 1.881633391404e-06, 3.9777e+01, 1.5366e+00, 
 2DIAGNOSTIC,    17, -4.705530868300e-01, 1.793101080866e-06, 4.1370e+01, 1.5929e+00, 
 2DIAGNOSTIC,    18, -4.705531671138e-01, 1.694264057939e-06, 4.2837e+01, 1.4672e+00, 
 2DIAGNOSTIC,    19, -4.705530294610e-01, 1.609930415244e-06, 4.4319e+01, 1.4827e+00, 
 2DIAGNOSTIC,    20, -4.705529829335e-01, 1.540123099317e-06, 4.5865e+01, 1.5452e+00, 
 2DIAGNOSTIC,    21, -4.705528606446e-01, 1.477064310008e-06, 4.7280e+01, 1.4150e+00, 
 2DIAGNOSTIC,    22, -4.705528887782e-01, 1.414673935864e-06, 4.9017e+01, 1.7370e+00, 
 2DIAGNOSTIC,    23, -4.705529385506e-01, 1.358772913351e-06, 5.0539e+01, 1.5221e+00, 
 2DIAGNOSTIC,    24, -4.705528998062e-01, 1.305231724515e-06, 5.2030e+01, 1.4912e+00, 
 2DIAGNOSTIC,    25, -4.705528553213e-01, 1.258555034515e-06, 5.3512e+01, 1.4820e+00, 
 2DIAGNOSTIC,    26, -4.705528210661e-01, 1.208471819808e-06, 5.5163e+01, 1.6514e+00, 
 2DIAGNOSTIC,    27, -4.705527186596e-01, 1.162631438810e-06, 5.6525e+01, 1.3617e+00, 
 2DIAGNOSTIC,    28, -4.705529763727e-01, 1.128871017567e-06, 5.7984e+01, 1.4592e+00, 
 2DIAGNOSTIC,    29, -4.705528731630e-01, 1.092931453249e-06, 5.9725e+01, 1.7407e+00, 
 2DIAGNOSTIC,    30, -4.705529481682e-01, 1.060538705779e-06, 6.1029e+01, 1.3039e+00, 
 2DIAGNOSTIC,    31, -4.705526820840e-01, 1.022671133895e-06, 6.2721e+01, 1.6916e+00, 
  Elapsed time (stage 0): 6.3635e+01


Total elapsed time: 6.3643e+01
Info [verificarlo]: loaded backend libinterflop_ieee.so
Info [interflop-ieee]: load backend with:
Info [interflop-ieee]: debug = false
Info [interflop-ieee]: debug-binary = false
Info [interflop-ieee]: no-backend-name = false
Info [interflop-ieee]: print-new-line = false
Info [interflop-ieee]: print-subnormal-normalized = false
Info [interflop-ieee]: count-op = false
All_Command_lines_OK
Using double precision for computations.
=============================================================================
The composite transform comprises the following transforms (in order): 
  1. /home/mdugre/scratch/mri-registration-rp/datasets/ds004513/derivatives/mri-registration-rp/0001/antsRegistration-r7-p11/sub-s028/rigid_Composite.h5[0] (type = Euler3DTransform)
  2. /home/mdugre/scratch/mri-registration-rp/datasets/ds004513/derivatives/mri-registration-rp/0001/antsRegistration-r7-p11/sub-s028/rigid_Composite.h5[1] (type = Euler3DTransform)
  3. /home/mdugre/scratch/mri-registration-rp/datasets/ds004513/derivatives/mri-registration-rp/0001/antsRegistration-r7-p11/sub-s028/rigid_Composite.h5[2] (type = Euler3DTransform)
=============================================================================
  number of levels = 4
  fixed image: /templateflow/tpl-MNI152NLin2009cAsym/tpl-MNI152NLin2009cAsym_res-01_desc-brain_T1w.nii.gz
  moving image: /home/mdugre/scratch/mri-registration-rp/datasets/ds004513/derivatives/mri-registration-rp/antsBrainExtraction/sub-s028/BrainExtractionBrain.nii.gz
Dimension = 3
Number of stages = 1
Use histogram matching = false
Winsorize image intensities = true
  Lower quantile = 0.005
  Upper quantile = 0.995


Stage 1 State
   Image metric = MattesMI
     Fixed image = Image (0x39b57e0)
  RTTI typeinfo:   itk::Image<double, 3u>
  Reference Count: 2
  Modified Time: 1592
  Debug: Off
  Object Name: 
  Observers: 
    none
  Source: (none)
  Source output name: (none)
  Release Data: Off
  Data Released: False
  Global Release Data: Off
  PipelineMTime: 0
  UpdateMTime: 1203
  RealTimeStamp: 0 seconds 
  LargestPossibleRegion: 
    Dimension: 3
    Index: [0, 0, 0]
    Size: [193, 229, 193]
  BufferedRegion: 
    Dimension: 3
    Index: [0, 0, 0]
    Size: [193, 229, 193]
  RequestedRegion: 
    Dimension: 3
    Index: [0, 0, 0]
    Size: [193, 229, 193]
  Spacing: [1, 1, 1]
  Origin: [96, 132, -78]
  Direction: 
-1 0 0
0 -1 0
0 0 1

  IndexToPointMatrix: 
-1 0 0
0 -1 0
0 0 1

  PointToIndexMatrix: 
-1 0 0
0 -1 0
0 0 1

  Inverse Direction: 
-1 0 0
0 -1 0
0 0 1

  PixelContainer: 
    ImportImageContainer (0x3a75a20)
      RTTI typeinfo:   itk::ImportImageContainer<unsigned long, double>
      Reference Count: 1
      Modified Time: 1200
      Debug: Off
      Object Name: 
      Observers: 
        none
      Pointer: 0x14798507d010
      Container manages memory: true
      Size: 8530021
      Capacity: 8530021

     Moving image = Image (0x3a70d70)
  RTTI typeinfo:   itk::Image<double, 3u>
  Reference Count: 2
  Modified Time: 1593
  Debug: Off
  Object Name: 
  Observers: 
    none
  Source: (none)
  Source output name: (none)
  Release Data: Off
  Data Released: False
  Global Release Data: Off
  PipelineMTime: 0
  UpdateMTime: 1590
  RealTimeStamp: 0 seconds 
  LargestPossibleRegion: 
    Dimension: 3
    Index: [0, 0, 0]
    Size: [160, 240, 256]
  BufferedRegion: 
    Dimension: 3
    Index: [0, 0, 0]
    Size: [160, 240, 256]
  RequestedRegion: 
    Dimension: 3
    Index: [0, 0, 0]
    Size: [160, 240, 256]
  Spacing: [1, 1, 1]
  Origin: [89.0741, 91.3517, -127]
  Direction: 
-0.99863 -0.052336 0
0.052336 -0.99863 0
0 0 1

  IndexToPointMatrix: 
-0.99863 -0.052336 0
0.052336 -0.99863 0
0 0 1

  PointToIndexMatrix: 
-0.99863 0.052336 0
-0.052336 -0.99863 0
0 0 1

  Inverse Direction: 
-0.99863 0.052336 0
-0.052336 -0.99863 0
0 0 1

  PixelContainer: 
    ImportImageContainer (0x3a28c90)
      RTTI typeinfo:   itk::ImportImageContainer<unsigned long, double>
      Reference Count: 1
      Modified Time: 1587
      Debug: Off
      Object Name: 
      Observers: 
        none
      Pointer: 0x14798057c010
      Container manages memory: true
      Size: 9830400
      Capacity: 9830400

     Weighting = 1
     Sampling strategy = regular
     Number of bins = 32
     Radius = 4
     Sampling percentage  = 0.25
   Transform = Affine
     Gradient step = 0.1
     Update field sigma (voxel space) = 0
     Total field sigma (voxel space) = 0
     Update field time sigma = 0
     Total field time sigma  = 0
     Number of time indices = 0
     Number of time point samples = 0
Registration using 1 total stages.

Stage 0
  iterations = 1000x500x250x100
  convergence threshold = 1e-06
  convergence window size = 10
  number of levels = 4
  using the Mattes MI metric (number of bins = 32, weight = 1, use gradient filter = 0)
  preprocessing:  winsorizing the image intensities
  Shrink factors (level 1 out of 4): [8, 8, 8]
  Shrink factors (level 2 out of 4): [4, 4, 4]
  Shrink factors (level 3 out of 4): [2, 2, 2]
  Shrink factors (level 4 out of 4): [1, 1, 1]
  smoothing sigmas per level: [3, 2, 1, 0]
  regular sampling (percentage = 0.25)

*** Running AffineTransform registration ***

DIAGNOSTIC,Iteration,metricValue,convergenceValue,ITERATION_TIME_INDEX,SINCE_LAST
 2DIAGNOSTIC,     1, -6.825268058033e-01, 1.797693134862e+308, 7.6473e-01, 7.6473e-01, 
 2DIAGNOSTIC,     2, -6.842629830100e-01, 1.797693134862e+308, 7.7076e-01, 6.0260e-03, 
 2DIAGNOSTIC,     3, -6.870728557696e-01, 1.797693134862e+308, 7.7674e-01, 5.9822e-03, 
 2DIAGNOSTIC,     4, -6.919039896205e-01, 1.797693134862e+308, 7.8275e-01, 6.0139e-03, 
 2DIAGNOSTIC,     5, -7.008683661909e-01, 1.797693134862e+308, 7.8832e-01, 5.5640e-03, 
 2DIAGNOSTIC,     6, -7.777532861165e-01, 1.797693134862e+308, 7.9505e-01, 6.7370e-03, 
 2DIAGNOSTIC,     7, -7.931028503677e-01, 1.797693134862e+308, 8.0290e-01, 7.8478e-03, 
 2DIAGNOSTIC,     8, -7.955536940921e-01, 1.797693134862e+308, 8.1121e-01, 8.3060e-03, 
 2DIAGNOSTIC,     9, -7.967750387249e-01, 1.797693134862e+308, 8.1903e-01, 7.8201e-03, 
 2DIAGNOSTIC,    10, -7.976781033161e-01, 1.341501223006e-02, 8.2652e-01, 7.4942e-03, 
 2DIAGNOSTIC,    11, -7.975647406582e-01, 1.144384119574e-02, 8.3288e-01, 6.3550e-03, 
 2DIAGNOSTIC,    12, -7.974877515393e-01, 8.841843412086e-03, 8.3957e-01, 6.6919e-03, 
 2DIAGNOSTIC,    13, -7.975752204333e-01, 5.985994155529e-03, 8.4789e-01, 8.3179e-03, 
 2DIAGNOSTIC,    14, -7.975567218033e-01, 3.171503324599e-03, 8.5573e-01, 7.8409e-03, 
 2DIAGNOSTIC,    15, -7.974976115817e-01, 6.349468142524e-04, 8.6261e-01, 6.8860e-03, 
 2DIAGNOSTIC,    16, -7.973519396242e-01, 1.520903239595e-04, 8.6972e-01, 7.1049e-03, 
 2DIAGNOSTIC,    17, -7.974500370952e-01, 5.192992595542e-05, 8.7816e-01, 8.4410e-03, 
 2DIAGNOSTIC,    18, -7.972448785048e-01, 4.369730320607e-06, 8.8498e-01, 6.8240e-03, 
DIAGNOSTIC,Iteration,metricValue,convergenceValue,ITERATION_TIME_INDEX,SINCE_LAST
 2DIAGNOSTIC,     1, -6.470367202171e-01, 1.797693134862e+308, 1.6715e+00, 7.8647e-01, 
 2DIAGNOSTIC,     2, -6.477110348096e-01, 1.797693134862e+308, 1.7161e+00, 4.4635e-02, 
 2DIAGNOSTIC,     3, -6.486412118639e-01, 1.797693134862e+308, 1.7523e+00, 3.6181e-02, 
 2DIAGNOSTIC,     4, -6.497066125436e-01, 1.797693134862e+308, 1.7900e+00, 3.7729e-02, 
 2DIAGNOSTIC,     5, -6.507288975405e-01, 1.797693134862e+308, 1.8322e+00, 4.2166e-02, 
 2DIAGNOSTIC,     6, -6.522070120094e-01, 1.797693134862e+308, 1.8830e+00, 5.0836e-02, 
 2DIAGNOSTIC,     7, -6.528351569186e-01, 1.797693134862e+308, 1.9376e+00, 5.4598e-02, 
 2DIAGNOSTIC,     8, -6.528274872760e-01, 1.797693134862e+308, 1.9835e+00, 4.5907e-02, 
 2DIAGNOSTIC,     9, -6.528321309196e-01, 1.797693134862e+308, 2.0321e+00, 4.8541e-02, 
 2DIAGNOSTIC,    10, -6.528472446323e-01, 6.551807954138e-04, 2.0720e+00, 3.9939e-02, 
 2DIAGNOSTIC,    11, -6.528447300095e-01, 4.826265754670e-04, 2.1090e+00, 3.6995e-02, 
 2DIAGNOSTIC,    12, -6.528990823589e-01, 3.219381843211e-04, 2.1427e+00, 3.3669e-02, 
 2DIAGNOSTIC,    13, -6.529931505048e-01, 1.916717380543e-04, 2.1767e+00, 3.4015e-02, 
 2DIAGNOSTIC,    14, -6.530722048039e-01, 9.843888696870e-05, 2.2108e+00, 3.4107e-02, 
 2DIAGNOSTIC,    15, -6.531808320343e-01, 4.074920023082e-05, 2.2445e+00, 3.3720e-02, 
 2DIAGNOSTIC,    16, -6.533630953982e-01, 3.149527159470e-05, 2.2845e+00, 4.0002e-02, 
 2DIAGNOSTIC,    17, -6.534949026683e-01, 4.002549665682e-05, 2.3236e+00, 3.9081e-02, 
 2DIAGNOSTIC,    18, -6.534895343473e-01, 4.372026078799e-05, 2.3614e+00, 3.7828e-02, 
 2DIAGNOSTIC,    19, -6.534876301382e-01, 4.327099739297e-05, 2.3998e+00, 3.8421e-02, 
 2DIAGNOSTIC,    20, -6.535193577905e-01, 4.005758713201e-05, 2.4376e+00, 3.7816e-02, 
 2DIAGNOSTIC,    21, -6.535702720473e-01, 3.448678462244e-05, 2.4708e+00, 3.3133e-02, 
 2DIAGNOSTIC,    22, -6.536955399116e-01, 2.982495069991e-05, 2.5038e+00, 3.3025e-02, 
 2DIAGNOSTIC,    23, -6.538806621963e-01, 2.818816471913e-05, 2.5422e+00, 3.8352e-02, 
 2DIAGNOSTIC,    24, -6.541968244005e-01, 3.131771543725e-05, 2.5959e+00, 5.3719e-02, 
 2DIAGNOSTIC,    25, -6.542076100307e-01, 3.330079695524e-05, 2.6331e+00, 3.7275e-02, 
 2DIAGNOSTIC,    26, -6.542298497453e-01, 3.556536829723e-05, 2.6721e+00, 3.8980e-02, 
 2DIAGNOSTIC,    27, -6.542257290111e-01, 3.652450037872e-05, 2.7061e+00, 3.4003e-02, 
 2DIAGNOSTIC,    28, -6.542356714050e-01, 3.410677386021e-05, 2.7418e+00, 3.5674e-02, 
 2DIAGNOSTIC,    29, -6.542714001662e-01, 2.918630964880e-05, 2.7805e+00, 3.8714e-02, 
 2DIAGNOSTIC,    30, -6.543197407708e-01, 2.311064482038e-05, 2.8252e+00, 4.4699e-02, 
 2DIAGNOSTIC,    31, -6.543371126403e-01, 1.633674239989e-05, 2.8670e+00, 4.1813e-02, 
 2DIAGNOSTIC,    32, -6.543538256670e-01, 1.045887267343e-05, 2.9086e+00, 4.1529e-02, 
 2DIAGNOSTIC,    33, -6.543586594807e-01, 6.436509566159e-06, 2.9474e+00, 3.8834e-02, 
 2DIAGNOSTIC,    34, -6.543740691189e-01, 6.369752966626e-06, 3.0007e+00, 5.3260e-02, 
 2DIAGNOSTIC,    35, -6.543748317338e-01, 5.913793841253e-06, 3.0427e+00, 4.2070e-02, 
 2DIAGNOSTIC,    36, -6.543540952514e-01, 5.032026534110e-06, 3.0828e+00, 4.0091e-02, 
 2DIAGNOSTIC,    37, -6.543658823318e-01, 3.910313489872e-06, 3.1185e+00, 3.5680e-02, 
 2DIAGNOSTIC,    38, -6.543663835775e-01, 2.666302294067e-06, 3.1545e+00, 3.5979e-02, 
 2DIAGNOSTIC,    39, -6.543671305501e-01, 1.703497369322e-06, 3.1945e+00, 4.0060e-02, 
 2DIAGNOSTIC,    40, -6.543898413197e-01, 1.477013483797e-06, 3.2421e+00, 4.7549e-02, 
 2DIAGNOSTIC,    41, -6.543571517804e-01, 1.028831287834e-06, 3.2782e+00, 3.6158e-02, 
DIAGNOSTIC,Iteration,metricValue,convergenceValue,ITERATION_TIME_INDEX,SINCE_LAST
 2DIAGNOSTIC,     1, -5.631815723414e-01, 1.797693134862e+308, 4.4164e+00, 1.1382e+00, 
 2DIAGNOSTIC,     2, -5.634137259302e-01, 1.797693134862e+308, 4.7259e+00, 3.0948e-01, 
 2DIAGNOSTIC,     3, -5.636609626643e-01, 1.797693134862e+308, 5.0339e+00, 3.0797e-01, 
 2DIAGNOSTIC,     4, -5.639336078478e-01, 1.797693134862e+308, 5.3631e+00, 3.2918e-01, 
 2DIAGNOSTIC,     5, -5.643471609530e-01, 1.797693134862e+308, 5.6785e+00, 3.1548e-01, 
 2DIAGNOSTIC,     6, -5.652520615876e-01, 1.797693134862e+308, 5.9803e+00, 3.0176e-01, 
 2DIAGNOSTIC,     7, -5.662980414098e-01, 1.797693134862e+308, 6.4784e+00, 4.9815e-01, 
 2DIAGNOSTIC,     8, -5.663529600952e-01, 1.797693134862e+308, 6.9045e+00, 4.2600e-01, 
 2DIAGNOSTIC,     9, -5.663554434399e-01, 1.797693134862e+308, 7.3037e+00, 3.9921e-01, 
 2DIAGNOSTIC,    10, -5.663507912125e-01, 4.500640568686e-04, 7.6367e+00, 3.3301e-01, 
 2DIAGNOSTIC,    11, -5.663514354006e-01, 3.731467616639e-04, 7.9464e+00, 3.0968e-01, 
 2DIAGNOSTIC,    12, -5.663469879567e-01, 2.846588138795e-04, 8.2803e+00, 3.3392e-01, 
 2DIAGNOSTIC,    13, -5.663447364133e-01, 1.941035554414e-04, 8.5863e+00, 3.0599e-01, 
 2DIAGNOSTIC,    14, -5.663447068289e-01, 1.094637544424e-04, 8.8886e+00, 3.0228e-01, 
 2DIAGNOSTIC,    15, -5.663465460687e-01, 3.984632261705e-05, 9.2469e+00, 3.5839e-01, 
 2DIAGNOSTIC,    16, -5.663471738307e-01, 3.009978179078e-06, 9.5485e+00, 3.0151e-01, 
 2DIAGNOSTIC,    17, -5.663467872296e-01, 1.285939990082e-06, 9.8356e+00, 2.8713e-01, 
 2DIAGNOSTIC,    18, -5.663446319249e-01, 1.280763554053e-06, 1.0203e+01, 3.6738e-01, 
 2DIAGNOSTIC,    19, -5.663439174642e-01, 1.371868160127e-06, 1.0494e+01, 2.9141e-01, 
 2DIAGNOSTIC,    20, -5.663399339844e-01, 1.261330225676e-06, 1.0758e+01, 2.6333e-01, 
 2DIAGNOSTIC,    21, -5.663407405850e-01, 1.230577273678e-06, 1.1067e+01, 3.0938e-01, 
 2DIAGNOSTIC,    22, -5.663417008188e-01, 1.150231012638e-06, 1.1367e+01, 3.0004e-01, 
 2DIAGNOSTIC,    23, -5.663414330256e-01, 1.049472525841e-06, 1.1660e+01, 2.9268e-01, 
DIAGNOSTIC,Iteration,metricValue,convergenceValue,ITERATION_TIME_INDEX,SINCE_LAST
 2DIAGNOSTIC,     1, -5.186572974902e-01, 1.797693134862e+308, 1.4433e+01, 2.7733e+00, 
 2DIAGNOSTIC,     2, -5.188572846277e-01, 1.797693134862e+308, 1.6026e+01, 1.5929e+00, 
 2DIAGNOSTIC,     3, -5.191225766647e-01, 1.797693134862e+308, 1.7632e+01, 1.6064e+00, 
 2DIAGNOSTIC,     4, -5.194046668430e-01, 1.797693134862e+308, 1.9395e+01, 1.7630e+00, 
 2DIAGNOSTIC,     5, -5.194903337389e-01, 1.797693134862e+308, 2.1448e+01, 2.0524e+00, 
 2DIAGNOSTIC,     6, -5.194884211436e-01, 1.797693134862e+308, 2.4233e+01, 2.7847e+00, 
 2DIAGNOSTIC,     7, -5.194867889302e-01, 1.797693134862e+308, 2.6082e+01, 1.8496e+00, 
 2DIAGNOSTIC,     8, -5.194866733643e-01, 1.797693134862e+308, 2.7973e+01, 1.8913e+00, 
 2DIAGNOSTIC,     9, -5.194860737578e-01, 1.797693134862e+308, 3.0812e+01, 2.8385e+00, 
 2DIAGNOSTIC,    10, -5.194862594963e-01, 9.468650826415e-05, 3.2525e+01, 1.7131e+00, 
 2DIAGNOSTIC,    11, -5.194862391300e-01, 5.273649936069e-05, 3.4380e+01, 1.8548e+00, 
 2DIAGNOSTIC,    12, -5.194860198648e-01, 2.229487224072e-05, 3.6169e+01, 1.7891e+00, 
 2DIAGNOSTIC,    13, -5.194861406522e-01, 5.639646047162e-06, 3.8163e+01, 1.9938e+00, 
 2DIAGNOSTIC,    14, -5.194861165253e-01, 2.002185407274e-06, 4.0073e+01, 1.9101e+00, 
 2DIAGNOSTIC,    15, -5.194860581945e-01, 1.998854940760e-06, 4.1684e+01, 1.6114e+00, 
 2DIAGNOSTIC,    16, -5.194860429531e-01, 1.942572454200e-06, 4.3550e+01, 1.8656e+00, 
 2DIAGNOSTIC,    17, -5.194861110393e-01, 1.846856627873e-06, 4.5193e+01, 1.6425e+00, 
 2DIAGNOSTIC,    18, -5.194861054883e-01, 1.760832391805e-06, 4.6966e+01, 1.7731e+00, 
 2DIAGNOSTIC,    19, -5.194863413293e-01, 1.673775624898e-06, 4.8826e+01, 1.8605e+00, 
 2DIAGNOSTIC,    20, -5.194863852860e-01, 1.601652973617e-06, 5.0834e+01, 2.0078e+00, 
 2DIAGNOSTIC,    21, -5.194862336389e-01, 1.531142325054e-06, 5.2718e+01, 1.8836e+00, 
 2DIAGNOSTIC,    22, -5.194861708803e-01, 1.458596110747e-06, 5.4474e+01, 1.7567e+00, 
 2DIAGNOSTIC,    23, -5.194861481019e-01, 1.393511198676e-06, 5.6498e+01, 2.0238e+00, 
 2DIAGNOSTIC,    24, -5.194859256476e-01, 1.327174818315e-06, 5.8156e+01, 1.6583e+00, 
 2DIAGNOSTIC,    25, -5.194860409118e-01, 1.267358884213e-06, 6.0220e+01, 2.0631e+00, 
 2DIAGNOSTIC,    26, -5.194861353655e-01, 1.214263258123e-06, 6.2046e+01, 1.8267e+00, 
 2DIAGNOSTIC,    27, -5.194857876565e-01, 1.160327093033e-06, 6.3698e+01, 1.6519e+00, 
 2DIAGNOSTIC,    28, -5.194857744581e-01, 1.111684829962e-06, 6.5718e+01, 2.0195e+00, 
 2DIAGNOSTIC,    29, -5.194858781583e-01, 1.075064496626e-06, 6.7493e+01, 1.7754e+00, 
 2DIAGNOSTIC,    30, -5.194856640617e-01, 1.039731616310e-06, 6.9275e+01, 1.7817e+00, 
 2DIAGNOSTIC,    31, -5.194857945245e-01, 1.008343122826e-06, 7.1182e+01, 1.9074e+00, 
  Elapsed time (stage 0): 7.2246e+01


Total elapsed time: 7.2249e+01
Info [verificarlo]: loaded backend libinterflop_vprec.so
Info [interflop-vprec]: load backend with: 
Info [interflop-vprec]: precision-binary32 = 11
Info [interflop-vprec]: range-binary32 = 7
Info [interflop-vprec]: precision-binary64 = 11
Info [interflop-vprec]: range-binary64 = 7
Info [interflop-vprec]: mode = ob
Info [interflop-vprec]: error-mode = rel
Info [interflop-vprec]: max-abs-error-exponent = -1022
Info [interflop-vprec]: daz = false
Info [interflop-vprec]: ftz = false
Info [interflop-vprec]: 	instrument = none
Info [interflop-vprec]: 	prec-input-file = (null)
Info [interflop-vprec]: 	prec-output-file = (null)
Info [interflop-vprec]: 	prec-log-file = (null)
All_Command_lines_OK
Using double precision for computations.
=============================================================================
The composite transform comprises the following transforms (in order): 
  1. /home/mdugre/scratch/mri-registration-rp/datasets/ds004513/derivatives/mri-registration-rp/0001/antsRegistration-r7-p11/sub-s028/affine_Composite.h5[0] (type = Euler3DTransform)
  2. /home/mdugre/scratch/mri-registration-rp/datasets/ds004513/derivatives/mri-registration-rp/0001/antsRegistration-r7-p11/sub-s028/affine_Composite.h5[1] (type = Euler3DTransform)
  3. /home/mdugre/scratch/mri-registration-rp/datasets/ds004513/derivatives/mri-registration-rp/0001/antsRegistration-r7-p11/sub-s028/affine_Composite.h5[2] (type = Euler3DTransform)
  4. /home/mdugre/scratch/mri-registration-rp/datasets/ds004513/derivatives/mri-registration-rp/0001/antsRegistration-r7-p11/sub-s028/affine_Composite.h5[3] (type = AffineTransform)
=============================================================================
  number of levels = 4
  fixed image: /templateflow/tpl-MNI152NLin2009cAsym/tpl-MNI152NLin2009cAsym_res-01_desc-brain_T1w.nii.gz
  moving image: /home/mdugre/scratch/mri-registration-rp/datasets/ds004513/derivatives/mri-registration-rp/antsBrainExtraction/sub-s028/BrainExtractionBrain.nii.gz
Dimension = 3
Number of stages = 1
Use histogram matching = false
Winsorize image intensities = true
  Lower quantile = 0.005
  Upper quantile = 0.995


Stage 1 State
   Image metric = CC
     Fixed image = Image (0x40046f0)
  RTTI typeinfo:   itk::Image<double, 3u>
  Reference Count: 2
  Modified Time: 1606
  Debug: Off
  Object Name: 
  Observers: 
    none
  Source: (none)
  Source output name: (none)
  Release Data: Off
  Data Released: False
  Global Release Data: Off
  PipelineMTime: 0
  UpdateMTime: 1217
  RealTimeStamp: 0 seconds 
  LargestPossibleRegion: 
    Dimension: 3
    Index: [0, 0, 0]
    Size: [193, 229, 193]
  BufferedRegion: 
    Dimension: 3
    Index: [0, 0, 0]
    Size: [193, 229, 193]
  RequestedRegion: 
    Dimension: 3
    Index: [0, 0, 0]
    Size: [193, 229, 193]
  Spacing: [1, 1, 1]
  Origin: [96, 132, -78]
  Direction: 
-1 0 0
0 -1 0
0 0 1

  IndexToPointMatrix: 
-1 0 0
0 -1 0
0 0 1

  PointToIndexMatrix: 
-1 0 0
0 -1 0
0 0 1

  Inverse Direction: 
-1 0 0
0 -1 0
0 0 1

  PixelContainer: 
    ImportImageContainer (0x40d28b0)
      RTTI typeinfo:   itk::ImportImageContainer<unsigned long, double>
      Reference Count: 1
      Modified Time: 1214
      Debug: Off
      Object Name: 
      Observers: 
        none
      Pointer: 0x151d114c3010
      Container manages memory: true
      Size: 8530021
      Capacity: 8530021

     Moving image = Image (0x40bffc0)
  RTTI typeinfo:   itk::Image<double, 3u>
  Reference Count: 2
  Modified Time: 1607
  Debug: Off
  Object Name: 
  Observers: 
    none
  Source: (none)
  Source output name: (none)
  Release Data: Off
  Data Released: False
  Global Release Data: Off
  PipelineMTime: 0
  UpdateMTime: 1604
  RealTimeStamp: 0 seconds 
  LargestPossibleRegion: 
    Dimension: 3
    Index: [0, 0, 0]
    Size: [160, 240, 256]
  BufferedRegion: 
    Dimension: 3
    Index: [0, 0, 0]
    Size: [160, 240, 256]
  RequestedRegion: 
    Dimension: 3
    Index: [0, 0, 0]
    Size: [160, 240, 256]
  Spacing: [1, 1, 1]
  Origin: [89.0625, 91.3438, -127]
  Direction: 
-0.998535 -0.0523376 0
0.0523376 -0.998535 0
0 0 1

  IndexToPointMatrix: 
-0.998535 -0.0523376 0
0.0523376 -0.998535 0
0 0 1

  PointToIndexMatrix: 
-0.998535 0.0523376 0
-0.0523376 -0.998535 0
0 0 1

  Inverse Direction: 
-0.998535 0.0523376 0
-0.0523376 -0.998535 0
0 0 1

  PixelContainer: 
    ImportImageContainer (0x4080f10)
      RTTI typeinfo:   itk::ImportImageContainer<unsigned long, double>
      Reference Count: 1
      Modified Time: 1601
      Debug: Off
      Object Name: 
      Observers: 
        none
      Pointer: 0x151d0c9c2010
      Container manages memory: true
      Size: 9830400
      Capacity: 9830400

     Weighting = 1
     Sampling strategy = none
     Number of bins = 32
     Radius = 4
     Sampling percentage  = 1
   Transform = SyN
     Gradient step = 0.1
     Update field sigma (voxel space) = 3
     Total field sigma (voxel space) = 0
     Update field time sigma = 0
     Total field time sigma  = 0
     Number of time indices = 0
     Number of time point samples = 0
Registration using 1 total stages.

Stage 0
  iterations = 100x70x50x20
  convergence threshold = 1e-06
  convergence window size = 10
  number of levels = 4
  using the CC metric (radius = 4, weight = 1, use gradient filter = 0)
  preprocessing:  winsorizing the image intensities
  Shrink factors (level 1 out of 4): [8, 8, 8]
  Shrink factors (level 2 out of 4): [4, 4, 4]
  Shrink factors (level 3 out of 4): [2, 2, 2]
  Shrink factors (level 4 out of 4): [1, 1, 1]
  smoothing sigmas per level: [3, 2, 1, 0]
  Using default NONE metricSamplingStrategy 

*** Running SyN registration (varianceForUpdateField = 3, varianceForTotalField = 0) ***

XXDIAGNOSTIC,Iteration,metricValue,convergenceValue,ITERATION_TIME_INDEX,SINCE_LAST
 1DIAGNOSTIC,     1, -8.693847656250e-01, 1.797693134862e+308, 0.0000e+00, 0.0000e+00, 
 1DIAGNOSTIC,     2, -8.842773437500e-01, 1.797693134862e+308, 0.0000e+00, 0.0000e+00, 
 1DIAGNOSTIC,     3, -8.962402343750e-01, 1.797693134862e+308, 0.0000e+00, 0.0000e+00, 
 1DIAGNOSTIC,     4, -9.047851562500e-01, 1.797693134862e+308, 0.0000e+00, 0.0000e+00, 
 1DIAGNOSTIC,     5, -9.106445312500e-01, 1.797693134862e+308, 0.0000e+00, 0.0000e+00, 
 1DIAGNOSTIC,     6, -9.155273437500e-01, 1.797693134862e+308, 0.0000e+00, 0.0000e+00, 
 1DIAGNOSTIC,     7, -9.189453125000e-01, 1.797693134862e+308, 0.0000e+00, 0.0000e+00, 
 1DIAGNOSTIC,     8, -9.218750000000e-01, 1.797693134862e+308, 0.0000e+00, 0.0000e+00, 
 1DIAGNOSTIC,     9, -9.245605468750e-01, 1.797693134862e+308, 0.0000e+00, 0.0000e+00, 
 1DIAGNOSTIC,    10, -9.265136718750e-01, 3.687846078886e-03, 0.0000e+00, 0.0000e+00, 
 1DIAGNOSTIC,    11, -9.282226562500e-01, 2.559817982596e-03, 0.0000e+00, 0.0000e+00, 
 1DIAGNOSTIC,    12, -9.299316406250e-01, 1.820136970645e-03, 0.0000e+00, 0.0000e+00, 
 1DIAGNOSTIC,    13, -9.313964843750e-01, 1.350008931842e-03, 0.0000e+00, 0.0000e+00, 
 1DIAGNOSTIC,    14, -9.326171875000e-01, 1.040263669978e-03, 0.0000e+00, 0.0000e+00, 
 1DIAGNOSTIC,    15, -9.338378906250e-01, 8.224033531846e-04, 0.0000e+00, 0.0000e+00, 
 1DIAGNOSTIC,    16, -9.348144531250e-01, 6.693737305705e-04, 0.0000e+00, 0.0000e+00, 
 1DIAGNOSTIC,    17, -9.357910156250e-01, 5.521835326373e-04, 0.0000e+00, 0.0000e+00, 
 1DIAGNOSTIC,    18, -9.367675781250e-01, 4.634220284057e-04, 0.0000e+00, 0.0000e+00, 
 1DIAGNOSTIC,    19, -9.377441406250e-01, 4.001931447422e-04, 0.0000e+00, 0.0000e+00, 
 1DIAGNOSTIC,    20, -9.384765625000e-01, 3.471731511398e-04, 0.0000e+00, 0.0000e+00, 
 1DIAGNOSTIC,    21, -9.394531250000e-01, 3.059771895568e-04, 0.0000e+00, 0.0000e+00, 
 1DIAGNOSTIC,    22, -9.404296875000e-01, 2.771695014908e-04, 0.0000e+00, 0.0000e+00, 
 1DIAGNOSTIC,    23, -9.414062500000e-01, 2.572344204939e-04, 0.0000e+00, 0.0000e+00, 
 1DIAGNOSTIC,    24, -9.423828125000e-01, 2.426569001079e-04, 0.0000e+00, 0.0000e+00, 
 1DIAGNOSTIC,    25, -9.436035156250e-01, 2.362504998712e-04, 0.0000e+00, 0.0000e+00, 
 1DIAGNOSTIC,    26, -9.445800781250e-01, 2.308411616740e-04, 0.0000e+00, 0.0000e+00, 
 1DIAGNOSTIC,    27, -9.455566406250e-01, 2.260104649784e-04, 0.0000e+00, 0.0000e+00, 
 1DIAGNOSTIC,    28, -9.467773437500e-01, 2.240219043551e-04, 0.0000e+00, 0.0000e+00, 
 1DIAGNOSTIC,    29, -9.475097656250e-01, 2.188115748665e-04, 0.0000e+00, 0.0000e+00, 
 1DIAGNOSTIC,    30, -9.482421875000e-01, 2.080325642370e-04, 0.0000e+00, 0.0000e+00, 
 1DIAGNOSTIC,    31, -9.492187500000e-01, 1.973802518417e-04, 0.0000e+00, 0.0000e+00, 
 1DIAGNOSTIC,    32, -9.499511718750e-01, 1.847677055452e-04, 0.0000e+00, 0.0000e+00, 
 1DIAGNOSTIC,    33, -9.506835937500e-01, 1.710362987064e-04, 0.0000e+00, 0.0000e+00, 
 1DIAGNOSTIC,    34, -9.511718750000e-01, 1.548440545935e-04, 0.0000e+00, 0.0000e+00, 
 1DIAGNOSTIC,    35, -9.514160156250e-01, 1.375873897407e-04, 0.0000e+00, 0.0000e+00, 
 1DIAGNOSTIC,    36, -9.519042968750e-01, 1.205309448829e-04, 0.0000e+00, 0.0000e+00, 
 1DIAGNOSTIC,    37, -9.523925781250e-01, 1.047160563037e-04, 0.0000e+00, 0.0000e+00, 
 1DIAGNOSTIC,    38, -9.526367187500e-01, 9.138279731656e-05, 0.0000e+00, 0.0000e+00, 
 1DIAGNOSTIC,    39, -9.528808593750e-01, 7.764543530860e-05, 0.0000e+00, 0.0000e+00, 
 1DIAGNOSTIC,    40, -9.531250000000e-01, 6.455032816212e-05, 0.0000e+00, 0.0000e+00, 
 1DIAGNOSTIC,    41, -9.533691406250e-01, 5.488883881713e-05, 0.0000e+00, 0.0000e+00, 
 1DIAGNOSTIC,    42, -9.538574218750e-01, 4.912942707120e-05, 0.0000e+00, 0.0000e+00, 
 1DIAGNOSTIC,    43, -9.538574218750e-01, 4.400556797204e-05, 0.0000e+00, 0.0000e+00, 
 1DIAGNOSTIC,    44, -9.541015625000e-01, 4.004285671442e-05, 0.0000e+00, 0.0000e+00, 
 1DIAGNOSTIC,    45, -9.543457031250e-01, 3.566317733492e-05, 0.0000e+00, 0.0000e+00, 
 1DIAGNOSTIC,    46, -9.545898437500e-01, 3.277805397570e-05, 0.0000e+00, 0.0000e+00, 
 1DIAGNOSTIC,    47, -9.545898437500e-01, 2.997131525396e-05, 0.0000e+00, 0.0000e+00, 
 1DIAGNOSTIC,    48, -9.548339843750e-01, 2.752416531175e-05, 0.0000e+00, 0.0000e+00, 
 1DIAGNOSTIC,    49, -9.550781250000e-01, 2.553607098097e-05, 0.0000e+00, 0.0000e+00, 
 1DIAGNOSTIC,    50, -9.550781250000e-01, 2.259382266535e-05, 0.0000e+00, 0.0000e+00, 
 1DIAGNOSTIC,    51, -9.553222656250e-01, 2.045365829761e-05, 0.0000e+00, 0.0000e+00, 
 1DIAGNOSTIC,    52, -9.553222656250e-01, 1.929044733242e-05, 0.0000e+00, 0.0000e+00, 
 1DIAGNOSTIC,    53, -9.553222656250e-01, 1.630891109529e-05, 0.0000e+00, 0.0000e+00, 
 1DIAGNOSTIC,    54, -9.553222656250e-01, 1.321340044014e-05, 0.0000e+00, 0.0000e+00, 
 1DIAGNOSTIC,    55, -9.555664062500e-01, 1.162197933369e-05, 0.0000e+00, 0.0000e+00, 
 1DIAGNOSTIC,    56, -9.555664062500e-01, 1.026733143069e-05, 0.0000e+00, 0.0000e+00, 
 1DIAGNOSTIC,    57, -9.555664062500e-01, 7.964186607638e-06, 0.0000e+00, 0.0000e+00, 
 1DIAGNOSTIC,    58, -9.558105468750e-01, 7.524986754142e-06, 0.0000e+00, 0.0000e+00, 
 1DIAGNOSTIC,    59, -9.558105468750e-01, 7.602204329483e-06, 0.0000e+00, 0.0000e+00, 
 1DIAGNOSTIC,    60, -9.558105468750e-01, 6.904535342595e-06, 0.0000e+00, 0.0000e+00, 
 1DIAGNOSTIC,    61, -9.560546875000e-01, 7.997797810116e-06, 0.0000e+00, 0.0000e+00, 
 1DIAGNOSTIC,    62, -9.558105468750e-01, 7.078468676296e-06, 0.0000e+00, 0.0000e+00, 
 1DIAGNOSTIC,    63, -9.558105468750e-01, 5.549421385372e-06, 0.0000e+00, 0.0000e+00, 
 1DIAGNOSTIC,    64, -9.560546875000e-01, 4.653179264277e-06, 0.0000e+00, 0.0000e+00, 
 1DIAGNOSTIC,    65, -9.560546875000e-01, 4.433164574293e-06, 0.0000e+00, 0.0000e+00, 
 1DIAGNOSTIC,    66, -9.558105468750e-01, 2.689662036041e-06, 0.0000e+00, 0.0000e+00, 
 1DIAGNOSTIC,    67, -9.560546875000e-01, 1.871123964894e-06, 0.0000e+00, 0.0000e+00, 
 1DIAGNOSTIC,    68, -9.560546875000e-01, 1.952497974626e-06, 0.0000e+00, 0.0000e+00, 
 1DIAGNOSTIC,    69, -9.560546875000e-01, 1.816140725924e-06, 0.0000e+00, 0.0000e+00, 
 1DIAGNOSTIC,    70, -9.560546875000e-01, 1.483099998183e-06, 0.0000e+00, 0.0000e+00, 
 1DIAGNOSTIC,    71, -9.560546875000e-01, 2.112961849095e-06, 0.0000e+00, 0.0000e+00, 
 1DIAGNOSTIC,    72, -9.558105468750e-01, 4.776314440902e-07, 0.0000e+00, 0.0000e+00, 
XXDIAGNOSTIC,Iteration,metricValue,convergenceValue,ITERATION_TIME_INDEX,SINCE_LAST
 1DIAGNOSTIC,     1, -8.867187500000e-01, 1.797693134862e+308, 0.0000e+00, 0.0000e+00, 
 1DIAGNOSTIC,     2, -8.901367187500e-01, 1.797693134862e+308, 0.0000e+00, 0.0000e+00, 
 1DIAGNOSTIC,     3, -8.942871093750e-01, 1.797693134862e+308, 0.0000e+00, 0.0000e+00, 
 1DIAGNOSTIC,     4, -8.972167968750e-01, 1.797693134862e+308, 0.0000e+00, 0.0000e+00, 
 1DIAGNOSTIC,     5, -8.999023437500e-01, 1.797693134862e+308, 0.0000e+00, 0.0000e+00, 
 1DIAGNOSTIC,     6, -9.025878906250e-01, 1.797693134862e+308, 0.0000e+00, 0.0000e+00, 
 1DIAGNOSTIC,     7, -9.047851562500e-01, 1.797693134862e+308, 0.0000e+00, 0.0000e+00, 
 1DIAGNOSTIC,     8, -9.064941406250e-01, 1.797693134862e+308, 0.0000e+00, 0.0000e+00, 
 1DIAGNOSTIC,     9, -9.079589843750e-01, 1.797693134862e+308, 0.0000e+00, 0.0000e+00, 
 1DIAGNOSTIC,    10, -9.091796875000e-01, 1.597205301384e-03, 0.0000e+00, 0.0000e+00, 
 1DIAGNOSTIC,    11, -9.101562500000e-01, 1.262209250247e-03, 0.0000e+00, 0.0000e+00, 
 1DIAGNOSTIC,    12, -9.111328125000e-01, 9.836606650900e-04, 0.0000e+00, 0.0000e+00, 
 1DIAGNOSTIC,    13, -9.116210937500e-01, 7.708389034131e-04, 0.0000e+00, 0.0000e+00, 
 1DIAGNOSTIC,    14, -9.121093750000e-01, 5.948529214213e-04, 0.0000e+00, 0.0000e+00, 
 1DIAGNOSTIC,    15, -9.123535156250e-01, 4.487523894566e-04, 0.0000e+00, 0.0000e+00, 
 1DIAGNOSTIC,    16, -9.125976562500e-01, 3.367730556874e-04, 0.0000e+00, 0.0000e+00, 
 1DIAGNOSTIC,    17, -9.130859375000e-01, 2.561570376025e-04, 0.0000e+00, 0.0000e+00, 
 1DIAGNOSTIC,    18, -9.133300781250e-01, 1.944228637294e-04, 0.0000e+00, 0.0000e+00, 
 1DIAGNOSTIC,    19, -9.135742187500e-01, 1.491988295263e-04, 0.0000e+00, 0.0000e+00, 
 1DIAGNOSTIC,    20, -9.138183593750e-01, 1.174699996180e-04, 0.0000e+00, 0.0000e+00, 
 1DIAGNOSTIC,    21, -9.140625000000e-01, 9.575617463251e-05, 0.0000e+00, 0.0000e+00, 
 1DIAGNOSTIC,    22, -9.140625000000e-01, 8.080117766181e-05, 0.0000e+00, 0.0000e+00, 
 1DIAGNOSTIC,    23, -9.143066406250e-01, 6.947901265113e-05, 0.0000e+00, 0.0000e+00, 
 1DIAGNOSTIC,    24, -9.145507812500e-01, 6.208688306582e-05, 0.0000e+00, 0.0000e+00, 
 1DIAGNOSTIC,    25, -9.145507812500e-01, 5.243052689919e-05, 0.0000e+00, 0.0000e+00, 
 1DIAGNOSTIC,    26, -9.147949218750e-01, 4.440717118066e-05, 0.0000e+00, 0.0000e+00, 
 1DIAGNOSTIC,    27, -9.147949218750e-01, 3.840275655800e-05, 0.0000e+00, 0.0000e+00, 
 1DIAGNOSTIC,    28, -9.150390625000e-01, 3.463907727867e-05, 0.0000e+00, 0.0000e+00, 
 1DIAGNOSTIC,    29, -9.150390625000e-01, 3.036825403802e-05, 0.0000e+00, 0.0000e+00, 
 1DIAGNOSTIC,    30, -9.150390625000e-01, 2.603848948141e-05, 0.0000e+00, 0.0000e+00, 
 1DIAGNOSTIC,    31, -9.152832031250e-01, 2.451689451380e-05, 0.0000e+00, 0.0000e+00, 
 1DIAGNOSTIC,    32, -9.152832031250e-01, 2.064328892593e-05, 0.0000e+00, 0.0000e+00, 
 1DIAGNOSTIC,    33, -9.155273437500e-01, 1.963119561276e-05, 0.0000e+00, 0.0000e+00, 
 1DIAGNOSTIC,    34, -9.155273437500e-01, 1.905012992556e-05, 0.0000e+00, 0.0000e+00, 
 1DIAGNOSTIC,    35, -9.155273437500e-01, 1.668435859216e-05, 0.0000e+00, 0.0000e+00, 
 1DIAGNOSTIC,    36, -9.157714843750e-01, 1.712380993011e-05, 0.0000e+00, 0.0000e+00, 
 1DIAGNOSTIC,    37, -9.157714843750e-01, 1.577699695817e-05, 0.0000e+00, 0.0000e+00, 
 1DIAGNOSTIC,    38, -9.157714843750e-01, 1.502752633392e-05, 0.0000e+00, 0.0000e+00, 
 1DIAGNOSTIC,    39, -9.157714843750e-01, 1.293324890876e-05, 0.0000e+00, 0.0000e+00, 
 1DIAGNOSTIC,    40, -9.157714843750e-01, 9.680735953192e-06, 0.0000e+00, 0.0000e+00, 
 1DIAGNOSTIC,    41, -9.157714843750e-01, 7.512901853954e-06, 0.0000e+00, 0.0000e+00, 
 1DIAGNOSTIC,    42, -9.160156250000e-01, 6.486610370806e-06, 0.0000e+00, 0.0000e+00, 
 1DIAGNOSTIC,    43, -9.160156250000e-01, 6.638087185869e-06, 0.0000e+00, 0.0000e+00, 
 1DIAGNOSTIC,    44, -9.160156250000e-01, 6.190179122244e-06, 0.0000e+00, 0.0000e+00, 
 1DIAGNOSTIC,    45, -9.160156250000e-01, 5.149610034227e-06, 0.0000e+00, 0.0000e+00, 
 1DIAGNOSTIC,    46, -9.162597656250e-01, 6.965863402188e-06, 0.0000e+00, 0.0000e+00, 
 1DIAGNOSTIC,    47, -9.162597656250e-01, 7.963667909797e-06, 0.0000e+00, 0.0000e+00, 
 1DIAGNOSTIC,    48, -9.162597656250e-01, 8.170543019183e-06, 0.0000e+00, 0.0000e+00, 
 1DIAGNOSTIC,    49, -9.162597656250e-01, 7.636971772147e-06, 0.0000e+00, 0.0000e+00, 
 1DIAGNOSTIC,    50, -9.162597656250e-01, 6.405825008625e-06, 0.0000e+00, 0.0000e+00, 
 1DIAGNOSTIC,    51, -9.162597656250e-01, 4.540822334198e-06, 0.0000e+00, 0.0000e+00, 
 1DIAGNOSTIC,    52, -9.162597656250e-01, 3.770211405702e-06, 0.0000e+00, 0.0000e+00, 
 1DIAGNOSTIC,    53, -9.162597656250e-01, 2.690587210936e-06, 0.0000e+00, 0.0000e+00, 
 1DIAGNOSTIC,    54, -9.162597656250e-01, 1.410010299078e-06, 0.0000e+00, 0.0000e+00, 
 1DIAGNOSTIC,    55, -9.162597656250e-01, 1.309974208968e-09, 0.0000e+00, 0.0000e+00, 
XXDIAGNOSTIC,Iteration,metricValue,convergenceValue,ITERATION_TIME_INDEX,SINCE_LAST
 1DIAGNOSTIC,     1, -8.623046875000e-01, 1.797693134862e+308, 0.0000e+00, 0.0000e+00, 
 1DIAGNOSTIC,     2, -8.649902343750e-01, 1.797693134862e+308, 0.0000e+00, 0.0000e+00, 
 1DIAGNOSTIC,     3, -8.676757812500e-01, 1.797693134862e+308, 0.0000e+00, 0.0000e+00, 
 1DIAGNOSTIC,     4, -8.701171875000e-01, 1.797693134862e+308, 0.0000e+00, 0.0000e+00, 
 1DIAGNOSTIC,     5, -8.723144531250e-01, 1.797693134862e+308, 0.0000e+00, 0.0000e+00, 
 1DIAGNOSTIC,     6, -8.742675781250e-01, 1.797693134862e+308, 0.0000e+00, 0.0000e+00, 
 1DIAGNOSTIC,     7, -8.757324218750e-01, 1.797693134862e+308, 0.0000e+00, 0.0000e+00, 
 1DIAGNOSTIC,     8, -8.771972656250e-01, 1.797693134862e+308, 0.0000e+00, 0.0000e+00, 
 1DIAGNOSTIC,     9, -8.784179687500e-01, 1.797693134862e+308, 0.0000e+00, 0.0000e+00, 
 1DIAGNOSTIC,    10, -8.796386718750e-01, 1.260660892830e-03, 0.0000e+00, 0.0000e+00, 
 1DIAGNOSTIC,    11, -8.803710937500e-01, 1.011545517352e-03, 0.0000e+00, 0.0000e+00, 
 1DIAGNOSTIC,    12, -8.815917968750e-01, 8.184682352987e-04, 0.0000e+00, 0.0000e+00, 
 1DIAGNOSTIC,    13, -8.823242187500e-01, 6.655919139818e-04, 0.0000e+00, 0.0000e+00, 
 1DIAGNOSTIC,    14, -8.830566406250e-01, 5.469854814600e-04, 0.0000e+00, 0.0000e+00, 
 1DIAGNOSTIC,    15, -8.837890625000e-01, 4.570436239683e-04, 0.0000e+00, 0.0000e+00, 
 1DIAGNOSTIC,    16, -8.842773437500e-01, 3.855110293835e-04, 0.0000e+00, 0.0000e+00, 
 1DIAGNOSTIC,    17, -8.847656250000e-01, 3.237217131231e-04, 0.0000e+00, 0.0000e+00, 
 1DIAGNOSTIC,    18, -8.854980468750e-01, 2.780728082865e-04, 0.0000e+00, 0.0000e+00, 
 1DIAGNOSTIC,    19, -8.859863281250e-01, 2.401056863769e-04, 0.0000e+00, 0.0000e+00, 
 1DIAGNOSTIC,    20, -8.864746093750e-01, 2.111831959660e-04, 0.0000e+00, 0.0000e+00, 
 1DIAGNOSTIC,    21, -8.869628906250e-01, 1.838202952462e-04, 0.0000e+00, 0.0000e+00, 
 1DIAGNOSTIC,    22, -8.874511718750e-01, 1.667340347819e-04, 0.0000e+00, 0.0000e+00, 
 1DIAGNOSTIC,    23, -8.879394531250e-01, 1.524181138661e-04, 0.0000e+00, 0.0000e+00, 
 1DIAGNOSTIC,    24, -8.881835937500e-01, 1.378991348064e-04, 0.0000e+00, 0.0000e+00, 
 1DIAGNOSTIC,    25, -8.886718750000e-01, 1.273590699164e-04, 0.0000e+00, 0.0000e+00, 
 1DIAGNOSTIC,    26, -8.891601562500e-01, 1.176349492753e-04, 0.0000e+00, 0.0000e+00, 
 1DIAGNOSTIC,    27, -8.894042968750e-01, 1.060377523311e-04, 0.0000e+00, 0.0000e+00, 
 1DIAGNOSTIC,    28, -8.898925781250e-01, 9.929042837046e-05, 0.0000e+00, 0.0000e+00, 
 1DIAGNOSTIC,    29, -8.901367187500e-01, 9.166043627049e-05, 0.0000e+00, 0.0000e+00, 
 1DIAGNOSTIC,    30, -8.906250000000e-01, 8.628258139825e-05, 0.0000e+00, 0.0000e+00, 
 1DIAGNOSTIC,    31, -8.908691406250e-01, 8.051359124320e-05, 0.0000e+00, 0.0000e+00, 
 1DIAGNOSTIC,    32, -8.911132812500e-01, 7.477426169479e-05, 0.0000e+00, 0.0000e+00, 
 1DIAGNOSTIC,    33, -8.916015625000e-01, 7.183080394700e-05, 0.0000e+00, 0.0000e+00, 
 1DIAGNOSTIC,    34, -8.918457031250e-01, 6.668853382828e-05, 0.0000e+00, 0.0000e+00, 
 1DIAGNOSTIC,    35, -8.920898437500e-01, 6.214744072853e-05, 0.0000e+00, 0.0000e+00, 
 1DIAGNOSTIC,    36, -8.923339843750e-01, 5.849760893314e-05, 0.0000e+00, 0.0000e+00, 
 1DIAGNOSTIC,    37, -8.925781250000e-01, 5.363876872687e-05, 0.0000e+00, 0.0000e+00, 
 1DIAGNOSTIC,    38, -8.928222656250e-01, 5.006647025348e-05, 0.0000e+00, 0.0000e+00, 
 1DIAGNOSTIC,    39, -8.930664062500e-01, 4.581811007317e-05, 0.0000e+00, 0.0000e+00, 
 1DIAGNOSTIC,    40, -8.933105468750e-01, 4.328327847347e-05, 0.0000e+00, 0.0000e+00, 
 1DIAGNOSTIC,    41, -8.935546875000e-01, 4.054558092318e-05, 0.0000e+00, 0.0000e+00, 
 1DIAGNOSTIC,    42, -8.937988281250e-01, 3.770316873502e-05, 0.0000e+00, 0.0000e+00, 
 1DIAGNOSTIC,    43, -8.937988281250e-01, 3.499428656905e-05, 0.0000e+00, 0.0000e+00, 
 1DIAGNOSTIC,    44, -8.940429687500e-01, 3.263483275041e-05, 0.0000e+00, 0.0000e+00, 
 1DIAGNOSTIC,    45, -8.942871093750e-01, 3.067916983137e-05, 0.0000e+00, 0.0000e+00, 
 1DIAGNOSTIC,    46, -8.945312500000e-01, 2.921053973673e-05, 0.0000e+00, 0.0000e+00, 
 1DIAGNOSTIC,    47, -8.945312500000e-01, 2.664052966049e-05, 0.0000e+00, 0.0000e+00, 
 1DIAGNOSTIC,    48, -8.947753906250e-01, 2.492471933233e-05, 0.0000e+00, 0.0000e+00, 
 1DIAGNOSTIC,    49, -8.950195312500e-01, 2.403441077928e-05, 0.0000e+00, 0.0000e+00, 
 1DIAGNOSTIC,    50, -8.950195312500e-01, 2.235228141575e-05, 0.0000e+00, 0.0000e+00, 
XXDIAGNOSTIC,Iteration,metricValue,convergenceValue,ITERATION_TIME_INDEX,SINCE_LAST
 1DIAGNOSTIC,     1, -8.542480468750e-01, 1.797693134862e+308, 0.0000e+00, 0.0000e+00, 
 1DIAGNOSTIC,     2, -8.557128906250e-01, 1.797693134862e+308, 0.0000e+00, 0.0000e+00, 
 1DIAGNOSTIC,     3, -8.574218750000e-01, 1.797693134862e+308, 0.0000e+00, 0.0000e+00, 
 1DIAGNOSTIC,     4, -8.583984375000e-01, 1.797693134862e+308, 0.0000e+00, 0.0000e+00, 
 1DIAGNOSTIC,     5, -8.596191406250e-01, 1.797693134862e+308, 0.0000e+00, 0.0000e+00, 
 1DIAGNOSTIC,     6, -8.605957031250e-01, 1.797693134862e+308, 0.0000e+00, 0.0000e+00, 
 1DIAGNOSTIC,     7, -8.613281250000e-01, 1.797693134862e+308, 0.0000e+00, 0.0000e+00, 
 1DIAGNOSTIC,     8, -8.623046875000e-01, 1.797693134862e+308, 0.0000e+00, 0.0000e+00, 
 1DIAGNOSTIC,     9, -8.630371093750e-01, 1.797693134862e+308, 0.0000e+00, 0.0000e+00, 
 1DIAGNOSTIC,    10, -8.637695312500e-01, 6.901792738786e-04, 0.0000e+00, 0.0000e+00, 
 1DIAGNOSTIC,    11, -8.645019531250e-01, 5.697040447687e-04, 0.0000e+00, 0.0000e+00, 
 1DIAGNOSTIC,    12, -8.652343750000e-01, 4.777618669690e-04, 0.0000e+00, 0.0000e+00, 
 1DIAGNOSTIC,    13, -8.659667968750e-01, 4.183877382626e-04, 0.0000e+00, 0.0000e+00, 
 1DIAGNOSTIC,    14, -8.666992187500e-01, 3.690993255767e-04, 0.0000e+00, 0.0000e+00, 
 1DIAGNOSTIC,    15, -8.671875000000e-01, 3.298323173071e-04, 0.0000e+00, 0.0000e+00, 
 1DIAGNOSTIC,    16, -8.679199218750e-01, 3.002919642521e-04, 0.0000e+00, 0.0000e+00, 
 1DIAGNOSTIC,    17, -8.684082031250e-01, 2.697195167539e-04, 0.0000e+00, 0.0000e+00, 
 1DIAGNOSTIC,    18, -8.688964843750e-01, 2.441759417134e-04, 0.0000e+00, 0.0000e+00, 
 1DIAGNOSTIC,    19, -8.693847656250e-01, 2.196357077073e-04, 0.0000e+00, 0.0000e+00, 
 1DIAGNOSTIC,    20, -8.696289062500e-01, 1.930005198324e-04, 0.0000e+00, 0.0000e+00, 
  Elapsed time (stage 0): 0


Total elapsed time: 0
WARNING: In /tmp/itk/source/Modules/IO/NIFTI/src/itkNiftiImageIO.cxx, line 2303
NiftiImageIO (0x4001b10): Non-orthogonal direction matrix coerced to orthogonal

