
##########################
# Experiment information #
##########################

EXPERIMENT_NAME: antsRegistration-r8-p19
VFC_BACKENDS: libinterflop_vprec.so --range-binary32=8 --precision-binary32=19 --range-binary64=8 --precision-binary64=19

SIF_IMG: /home/mdugre/projects/rrg-glatard/mdugre/containers/ants-vprec-no_metrics.simg

SUBJECT_ID: s034
INPUT_IMG: /home/mdugre/scratch/mri-registration-rp/datasets/ds004513/derivatives/mri-registration-rp/antsBrainExtraction/sub-s034/BrainExtractionBrain.nii.gz
OUTPUT_DIR: /home/mdugre/scratch/mri-registration-rp/datasets/ds004513/derivatives/mri-registration-rp/0001/antsRegistration-r8-p19/sub-s034

FIXED_IMG: /templateflow/tpl-MNI152NLin2009cAsym/tpl-MNI152NLin2009cAsym_res-01_desc-brain_T1w.nii.gz
DATA_DIR: /home/mdugre/scratch/mri-registration-rp/datasets/ds004513
TEMPLATEFLOW_DIR: /home/mdugre/projects/rrg-glatard/mdugre/templateflow
ITK_GLOBAL_DEFAULT_NUMBER_OF_THREADS: 16
##########################

Info [verificarlo]: loaded backend libinterflop_ieee.so
Info [interflop-ieee]: load backend with:
Info [interflop-ieee]: debug = false
Info [interflop-ieee]: debug-binary = false
Info [interflop-ieee]: no-backend-name = false
Info [interflop-ieee]: print-new-line = false
Info [interflop-ieee]: print-subnormal-normalized = false
Info [interflop-ieee]: count-op = false
All_Command_lines_OK
Using double precision for computations.
=============================================================================
The composite transform comprises the following transforms (in order): 
  1. Center of mass alignment using fixed image: /templateflow/tpl-MNI152NLin2009cAsym/tpl-MNI152NLin2009cAsym_res-01_desc-brain_T1w.nii.gz and moving image: /home/mdugre/scratch/mri-registration-rp/datasets/ds004513/derivatives/mri-registration-rp/antsBrainExtraction/sub-s034/BrainExtractionBrain.nii.gz (type = Euler3DTransform)
=============================================================================
  number of levels = 1
  fixed image: /templateflow/tpl-MNI152NLin2009cAsym/tpl-MNI152NLin2009cAsym_res-01_desc-brain_T1w.nii.gz
  moving image: /home/mdugre/scratch/mri-registration-rp/datasets/ds004513/derivatives/mri-registration-rp/antsBrainExtraction/sub-s034/BrainExtractionBrain.nii.gz
Dimension = 3
Number of stages = 1
Use histogram matching = false
Winsorize image intensities = true
  Lower quantile = 0.005
  Upper quantile = 0.995


Stage 1 State
   Image metric = MattesMI
     Fixed image = Image (0x4f55e70)
  RTTI typeinfo:   itk::Image<double, 3u>
  Reference Count: 2
  Modified Time: 2330
  Debug: Off
  Object Name: 
  Observers: 
    none
  Source: (none)
  Source output name: (none)
  Release Data: Off
  Data Released: False
  Global Release Data: Off
  PipelineMTime: 0
  UpdateMTime: 1941
  RealTimeStamp: 0 seconds 
  LargestPossibleRegion: 
    Dimension: 3
    Index: [0, 0, 0]
    Size: [193, 229, 193]
  BufferedRegion: 
    Dimension: 3
    Index: [0, 0, 0]
    Size: [193, 229, 193]
  RequestedRegion: 
    Dimension: 3
    Index: [0, 0, 0]
    Size: [193, 229, 193]
  Spacing: [1, 1, 1]
  Origin: [96, 132, -78]
  Direction: 
-1 0 0
0 -1 0
0 0 1

  IndexToPointMatrix: 
-1 0 0
0 -1 0
0 0 1

  PointToIndexMatrix: 
-1 0 0
0 -1 0
0 0 1

  Inverse Direction: 
-1 0 0
0 -1 0
0 0 1

  PixelContainer: 
    ImportImageContainer (0x4f5ec60)
      RTTI typeinfo:   itk::ImportImageContainer<unsigned long, double>
      Reference Count: 1
      Modified Time: 1938
      Debug: Off
      Object Name: 
      Observers: 
        none
      Pointer: 0x14b5c44f7010
      Container manages memory: true
      Size: 8530021
      Capacity: 8530021

     Moving image = Image (0x4f58540)
  RTTI typeinfo:   itk::Image<double, 3u>
  Reference Count: 2
  Modified Time: 2331
  Debug: Off
  Object Name: 
  Observers: 
    none
  Source: (none)
  Source output name: (none)
  Release Data: Off
  Data Released: False
  Global Release Data: Off
  PipelineMTime: 0
  UpdateMTime: 2328
  RealTimeStamp: 0 seconds 
  LargestPossibleRegion: 
    Dimension: 3
    Index: [0, 0, 0]
    Size: [160, 240, 256]
  BufferedRegion: 
    Dimension: 3
    Index: [0, 0, 0]
    Size: [160, 240, 256]
  RequestedRegion: 
    Dimension: 3
    Index: [0, 0, 0]
    Size: [160, 240, 256]
  Spacing: [1, 1, 1]
  Origin: [80.0392, 105.5, -130.753]
  Direction: 
-0.999816 0 0.0191974
0 -1 0
0.0191974 0 0.999816

  IndexToPointMatrix: 
-0.999816 0 0.0191974
0 -1 0
0.0191974 0 0.999816

  PointToIndexMatrix: 
-0.999816 0 0.0191974
0 -1 0
0.0191974 0 0.999816

  Inverse Direction: 
-0.999816 0 0.0191974
0 -1 0
0.0191974 0 0.999816

  PixelContainer: 
    ImportImageContainer (0x4f58380)
      RTTI typeinfo:   itk::ImportImageContainer<unsigned long, double>
      Reference Count: 1
      Modified Time: 2325
      Debug: Off
      Object Name: 
      Observers: 
        none
      Pointer: 0x14b5bf9f6010
      Container manages memory: true
      Size: 9830400
      Capacity: 9830400

     Weighting = 1
     Sampling strategy = regular
     Number of bins = 32
     Radius = 4
     Sampling percentage  = 0.25
   Transform = Rigid
     Gradient step = 0.1
     Update field sigma (voxel space) = 0
     Total field sigma (voxel space) = 0
     Update field time sigma = 0
     Total field time sigma  = 0
     Number of time indices = 0
     Number of time point samples = 0
Registration using 1 total stages.

Stage 0
  iterations = 0
  convergence threshold = 1e-06
  convergence window size = 10
  number of levels = 1
  using the Mattes MI metric (number of bins = 32, weight = 1, use gradient filter = 0)
  preprocessing:  winsorizing the image intensities
  Shrink factors (level 1 out of 1): [1, 1, 1]
  smoothing sigmas per level: [0]
  regular sampling (percentage = 0.25)

*** Running Euler3DTransform registration ***

  Elapsed time (stage 0): 1.19971


Total elapsed time: 1.20199
Info [verificarlo]: loaded backend libinterflop_ieee.so
Info [interflop-ieee]: load backend with:
Info [interflop-ieee]: debug = false
Info [interflop-ieee]: debug-binary = false
Info [interflop-ieee]: no-backend-name = false
Info [interflop-ieee]: print-new-line = false
Info [interflop-ieee]: print-subnormal-normalized = false
Info [interflop-ieee]: count-op = false
All_Command_lines_OK
Using double precision for computations.
=============================================================================
The composite transform comprises the following transforms (in order): 
  1. /home/mdugre/scratch/mri-registration-rp/datasets/ds004513/derivatives/mri-registration-rp/0001/antsRegistration-r8-p19/sub-s034/align_Composite.h5[0] (type = Euler3DTransform)
  2. /home/mdugre/scratch/mri-registration-rp/datasets/ds004513/derivatives/mri-registration-rp/0001/antsRegistration-r8-p19/sub-s034/align_Composite.h5[1] (type = Euler3DTransform)
=============================================================================
  number of levels = 4
  fixed image: /templateflow/tpl-MNI152NLin2009cAsym/tpl-MNI152NLin2009cAsym_res-01_desc-brain_T1w.nii.gz
  moving image: /home/mdugre/scratch/mri-registration-rp/datasets/ds004513/derivatives/mri-registration-rp/antsBrainExtraction/sub-s034/BrainExtractionBrain.nii.gz
Dimension = 3
Number of stages = 1
Use histogram matching = false
Winsorize image intensities = true
  Lower quantile = 0.005
  Upper quantile = 0.995


Stage 1 State
   Image metric = MattesMI
     Fixed image = Image (0x3c7b530)
  RTTI typeinfo:   itk::Image<double, 3u>
  Reference Count: 2
  Modified Time: 1578
  Debug: Off
  Object Name: 
  Observers: 
    none
  Source: (none)
  Source output name: (none)
  Release Data: Off
  Data Released: False
  Global Release Data: Off
  PipelineMTime: 0
  UpdateMTime: 1189
  RealTimeStamp: 0 seconds 
  LargestPossibleRegion: 
    Dimension: 3
    Index: [0, 0, 0]
    Size: [193, 229, 193]
  BufferedRegion: 
    Dimension: 3
    Index: [0, 0, 0]
    Size: [193, 229, 193]
  RequestedRegion: 
    Dimension: 3
    Index: [0, 0, 0]
    Size: [193, 229, 193]
  Spacing: [1, 1, 1]
  Origin: [96, 132, -78]
  Direction: 
-1 0 0
0 -1 0
0 0 1

  IndexToPointMatrix: 
-1 0 0
0 -1 0
0 0 1

  PointToIndexMatrix: 
-1 0 0
0 -1 0
0 0 1

  Inverse Direction: 
-1 0 0
0 -1 0
0 0 1

  PixelContainer: 
    ImportImageContainer (0x3d39d60)
      RTTI typeinfo:   itk::ImportImageContainer<unsigned long, double>
      Reference Count: 1
      Modified Time: 1186
      Debug: Off
      Object Name: 
      Observers: 
        none
      Pointer: 0x14ba4f572010
      Container manages memory: true
      Size: 8530021
      Capacity: 8530021

     Moving image = Image (0x3d2bf60)
  RTTI typeinfo:   itk::Image<double, 3u>
  Reference Count: 2
  Modified Time: 1579
  Debug: Off
  Object Name: 
  Observers: 
    none
  Source: (none)
  Source output name: (none)
  Release Data: Off
  Data Released: False
  Global Release Data: Off
  PipelineMTime: 0
  UpdateMTime: 1576
  RealTimeStamp: 0 seconds 
  LargestPossibleRegion: 
    Dimension: 3
    Index: [0, 0, 0]
    Size: [160, 240, 256]
  BufferedRegion: 
    Dimension: 3
    Index: [0, 0, 0]
    Size: [160, 240, 256]
  RequestedRegion: 
    Dimension: 3
    Index: [0, 0, 0]
    Size: [160, 240, 256]
  Spacing: [1, 1, 1]
  Origin: [80.0392, 105.5, -130.753]
  Direction: 
-0.999816 0 0.0191974
0 -1 0
0.0191974 0 0.999816

  IndexToPointMatrix: 
-0.999816 0 0.0191974
0 -1 0
0.0191974 0 0.999816

  PointToIndexMatrix: 
-0.999816 0 0.0191974
0 -1 0
0.0191974 0 0.999816

  Inverse Direction: 
-0.999816 0 0.0191974
0 -1 0
0.0191974 0 0.999816

  PixelContainer: 
    ImportImageContainer (0x3d1d6d0)
      RTTI typeinfo:   itk::ImportImageContainer<unsigned long, double>
      Reference Count: 1
      Modified Time: 1573
      Debug: Off
      Object Name: 
      Observers: 
        none
      Pointer: 0x14ba4aa71010
      Container manages memory: true
      Size: 9830400
      Capacity: 9830400

     Weighting = 1
     Sampling strategy = regular
     Number of bins = 32
     Radius = 4
     Sampling percentage  = 0.25
   Transform = Rigid
     Gradient step = 0.1
     Update field sigma (voxel space) = 0
     Total field sigma (voxel space) = 0
     Update field time sigma = 0
     Total field time sigma  = 0
     Number of time indices = 0
     Number of time point samples = 0
Registration using 1 total stages.

Stage 0
  iterations = 1000x500x250x100
  convergence threshold = 1e-06
  convergence window size = 10
  number of levels = 4
  using the Mattes MI metric (number of bins = 32, weight = 1, use gradient filter = 0)
  preprocessing:  winsorizing the image intensities
  Shrink factors (level 1 out of 4): [8, 8, 8]
  Shrink factors (level 2 out of 4): [4, 4, 4]
  Shrink factors (level 3 out of 4): [2, 2, 2]
  Shrink factors (level 4 out of 4): [1, 1, 1]
  smoothing sigmas per level: [3, 2, 1, 0]
  regular sampling (percentage = 0.25)

*** Running Euler3DTransform registration ***

DIAGNOSTIC,Iteration,metricValue,convergenceValue,ITERATION_TIME_INDEX,SINCE_LAST
 2DIAGNOSTIC,     1, -4.930341261257e-01, 1.797693134862e+308, 8.3806e-01, 8.3806e-01, 
 2DIAGNOSTIC,     2, -4.945365061591e-01, 1.797693134862e+308, 8.4316e-01, 5.1000e-03, 
 2DIAGNOSTIC,     3, -4.976244396473e-01, 1.797693134862e+308, 8.4829e-01, 5.1329e-03, 
 2DIAGNOSTIC,     4, -5.014574413249e-01, 1.797693134862e+308, 8.5278e-01, 4.4849e-03, 
 2DIAGNOSTIC,     5, -5.078847033272e-01, 1.797693134862e+308, 8.5809e-01, 5.3089e-03, 
 2DIAGNOSTIC,     6, -5.122248234977e-01, 1.797693134862e+308, 8.6272e-01, 4.6360e-03, 
 2DIAGNOSTIC,     7, -5.158808652830e-01, 1.797693134862e+308, 8.6793e-01, 5.2021e-03, 
 2DIAGNOSTIC,     8, -5.195344909924e-01, 1.797693134862e+308, 8.7318e-01, 5.2569e-03, 
 2DIAGNOSTIC,     9, -5.208590358022e-01, 1.797693134862e+308, 8.7785e-01, 4.6680e-03, 
 2DIAGNOSTIC,    10, -5.268792526553e-01, 4.452037607824e-03, 8.8339e-01, 5.5389e-03, 
 2DIAGNOSTIC,    11, -5.326112994082e-01, 4.213403175633e-03, 8.8813e-01, 4.7379e-03, 
 2DIAGNOSTIC,    12, -5.387602690037e-01, 3.984590965672e-03, 8.9340e-01, 5.2760e-03, 
 2DIAGNOSTIC,    13, -5.407034062823e-01, 3.644614878235e-03, 8.9971e-01, 6.3021e-03, 
 2DIAGNOSTIC,    14, -5.413429159966e-01, 3.200214651440e-03, 9.0483e-01, 5.1241e-03, 
 2DIAGNOSTIC,    15, -5.416538515252e-01, 2.770877851043e-03, 9.0935e-01, 4.5221e-03, 
 2DIAGNOSTIC,    16, -5.418182700241e-01, 2.292743212619e-03, 9.1490e-01, 5.5480e-03, 
 2DIAGNOSTIC,    17, -5.420253111925e-01, 1.782769414409e-03, 9.1937e-01, 4.4658e-03, 
 2DIAGNOSTIC,    18, -5.423313632453e-01, 1.289064042021e-03, 9.2392e-01, 4.5531e-03, 
 2DIAGNOSTIC,    19, -5.436479632460e-01, 8.046705787747e-04, 9.2964e-01, 5.7170e-03, 
 2DIAGNOSTIC,    20, -5.443741817838e-01, 4.759381700246e-04, 9.3549e-01, 5.8579e-03, 
 2DIAGNOSTIC,    21, -5.446038972986e-01, 2.851438797042e-04, 9.4081e-01, 5.3151e-03, 
 2DIAGNOSTIC,    22, -5.447823407883e-01, 2.404240867877e-04, 9.4537e-01, 4.5590e-03, 
 2DIAGNOSTIC,    23, -5.450147364936e-01, 2.280415585963e-04, 9.4988e-01, 4.5099e-03, 
 2DIAGNOSTIC,    24, -5.457555956778e-01, 2.257579425210e-04, 9.5564e-01, 5.7650e-03, 
 2DIAGNOSTIC,    25, -5.462617854429e-01, 2.195098884444e-04, 9.6086e-01, 5.2192e-03, 
 2DIAGNOSTIC,    26, -5.464726253484e-01, 2.012121793464e-04, 9.6555e-01, 4.6909e-03, 
 2DIAGNOSTIC,    27, -5.464761943707e-01, 1.702024933907e-04, 9.7015e-01, 4.5950e-03, 
 2DIAGNOSTIC,    28, -5.464867386268e-01, 1.311841203025e-04, 9.7626e-01, 6.1071e-03, 
 2DIAGNOSTIC,    29, -5.464877950730e-01, 1.064634475691e-04, 9.8087e-01, 4.6129e-03, 
 2DIAGNOSTIC,    30, -5.464893142533e-01, 8.622171211410e-05, 9.8547e-01, 4.6060e-03, 
 2DIAGNOSTIC,    31, -5.464919941221e-01, 6.334721522139e-05, 9.9007e-01, 4.5981e-03, 
 2DIAGNOSTIC,    32, -5.464952793803e-01, 3.922994309741e-05, 9.9631e-01, 6.2389e-03, 
 2DIAGNOSTIC,    33, -5.464952868013e-01, 1.654977296825e-05, 1.0031e+00, 6.7739e-03, 
 2DIAGNOSTIC,    34, -5.464952870853e-01, 5.178091396031e-06, 1.0083e+00, 5.1749e-03, 
 2DIAGNOSTIC,    35, -5.464952870319e-01, 1.679429650927e-06, 1.0223e+00, 1.4086e-02, 
 2DIAGNOSTIC,    36, -5.464952870319e-01, 1.423010869177e-06, 1.0300e+00, 7.6950e-03, 
 2DIAGNOSTIC,    37, -5.464952870319e-01, 1.177889086997e-06, 1.0351e+00, 5.0418e-03, 
 2DIAGNOSTIC,    38, -5.464952870319e-01, 1.065144695282e-06, 1.0401e+00, 4.9908e-03, 
DIAGNOSTIC,Iteration,metricValue,convergenceValue,ITERATION_TIME_INDEX,SINCE_LAST
 2DIAGNOSTIC,     1, -4.471035686944e-01, 1.797693134862e+308, 1.7293e+00, 6.8920e-01, 
 2DIAGNOSTIC,     2, -4.473743276742e-01, 1.797693134862e+308, 1.7603e+00, 3.0986e-02, 
 2DIAGNOSTIC,     3, -4.477037668472e-01, 1.797693134862e+308, 1.7919e+00, 3.1633e-02, 
 2DIAGNOSTIC,     4, -4.482299950528e-01, 1.797693134862e+308, 1.8226e+00, 3.0701e-02, 
 2DIAGNOSTIC,     5, -4.490523658490e-01, 1.797693134862e+308, 1.8532e+00, 3.0623e-02, 
 2DIAGNOSTIC,     6, -4.500542335749e-01, 1.797693134862e+308, 1.8845e+00, 3.1280e-02, 
 2DIAGNOSTIC,     7, -4.530393992426e-01, 1.797693134862e+308, 1.9157e+00, 3.1245e-02, 
 2DIAGNOSTIC,     8, -4.566539900399e-01, 1.797693134862e+308, 1.9511e+00, 3.5324e-02, 
 2DIAGNOSTIC,     9, -4.606018839415e-01, 1.797693134862e+308, 1.9936e+00, 4.2538e-02, 
 2DIAGNOSTIC,    10, -4.666642627550e-01, 2.502832299992e-03, 2.0273e+00, 3.3657e-02, 
 2DIAGNOSTIC,    11, -4.672539870601e-01, 2.801430201547e-03, 2.0606e+00, 3.3307e-02, 
 2DIAGNOSTIC,    12, -4.680146580410e-01, 2.855181442493e-03, 2.0920e+00, 3.1394e-02, 
 2DIAGNOSTIC,    13, -4.704997624006e-01, 2.777581603846e-03, 2.1282e+00, 3.6283e-02, 
 2DIAGNOSTIC,    14, -4.737201757720e-01, 2.619631278539e-03, 2.1568e+00, 2.8561e-02, 
 2DIAGNOSTIC,    15, -4.814810965424e-01, 2.592452314369e-03, 2.1918e+00, 3.4982e-02, 
 2DIAGNOSTIC,    16, -4.849349394792e-01, 2.496676140008e-03, 2.2347e+00, 4.2869e-02, 
 2DIAGNOSTIC,    17, -4.855171281872e-01, 2.315008170254e-03, 2.2711e+00, 3.6418e-02, 
 2DIAGNOSTIC,    18, -4.856443628776e-01, 2.071008463720e-03, 2.3063e+00, 3.5258e-02, 
 2DIAGNOSTIC,    19, -4.856617064470e-01, 1.784186639408e-03, 2.3408e+00, 3.4459e-02, 
 2DIAGNOSTIC,    20, -4.856561549280e-01, 1.543379938443e-03, 2.3832e+00, 4.2368e-02, 
 2DIAGNOSTIC,    21, -4.856533193106e-01, 1.199359446357e-03, 2.4214e+00, 3.8261e-02, 
 2DIAGNOSTIC,    22, -4.856557389313e-01, 7.992448779397e-04, 2.4524e+00, 3.0961e-02, 
 2DIAGNOSTIC,    23, -4.856500613629e-01, 4.275122368397e-04, 2.4839e+00, 3.1534e-02, 
 2DIAGNOSTIC,    24, -4.856440934403e-01, 1.247835037295e-04, 2.5122e+00, 2.8282e-02, 
 2DIAGNOSTIC,    25, -4.856398432882e-01, 2.107813234996e-05, 2.5476e+00, 3.5404e-02, 
 2DIAGNOSTIC,    26, -4.856338310864e-01, 3.539577414134e-06, 2.5800e+00, 3.2397e-02, 
DIAGNOSTIC,Iteration,metricValue,convergenceValue,ITERATION_TIME_INDEX,SINCE_LAST
 2DIAGNOSTIC,     1, -4.168049275402e-01, 1.797693134862e+308, 3.6938e+00, 1.1138e+00, 
 2DIAGNOSTIC,     2, -4.169588322888e-01, 1.797693134862e+308, 3.9301e+00, 2.3636e-01, 
 2DIAGNOSTIC,     3, -4.171322042543e-01, 1.797693134862e+308, 4.1634e+00, 2.3334e-01, 
 2DIAGNOSTIC,     4, -4.172903165492e-01, 1.797693134862e+308, 4.4460e+00, 2.8251e-01, 
 2DIAGNOSTIC,     5, -4.173214784982e-01, 1.797693134862e+308, 4.7245e+00, 2.7853e-01, 
 2DIAGNOSTIC,     6, -4.173249532332e-01, 1.797693134862e+308, 5.0161e+00, 2.9160e-01, 
 2DIAGNOSTIC,     7, -4.173227247008e-01, 1.797693134862e+308, 5.2643e+00, 2.4816e-01, 
 2DIAGNOSTIC,     8, -4.173250099949e-01, 1.797693134862e+308, 5.5296e+00, 2.6533e-01, 
 2DIAGNOSTIC,     9, -4.173360855136e-01, 1.797693134862e+308, 5.7755e+00, 2.4591e-01, 
 2DIAGNOSTIC,    10, -4.173559563780e-01, 7.345948447131e-05, 6.0332e+00, 2.5768e-01, 
 2DIAGNOSTIC,    11, -4.174196264431e-01, 4.559987021993e-05, 6.2924e+00, 2.5923e-01, 
 2DIAGNOSTIC,    12, -4.174887115655e-01, 3.098933193456e-05, 6.7965e+00, 5.0408e-01, 
 2DIAGNOSTIC,    13, -4.174927528274e-01, 2.509937141258e-05, 7.0288e+00, 2.3233e-01, 
 2DIAGNOSTIC,    14, -4.174921237337e-01, 2.568431263546e-05, 7.3522e+00, 3.2336e-01, 
 2DIAGNOSTIC,    15, -4.174917091876e-01, 2.547215762809e-05, 7.6727e+00, 3.2056e-01, 
 2DIAGNOSTIC,    16, -4.174908950976e-01, 2.321316509897e-05, 7.9735e+00, 3.0074e-01, 
 2DIAGNOSTIC,    17, -4.174905245713e-01, 1.912119809608e-05, 8.2273e+00, 2.5385e-01, 
 2DIAGNOSTIC,    18, -4.174887786742e-01, 1.393479949549e-05, 8.5174e+00, 2.9010e-01, 
 2DIAGNOSTIC,    19, -4.174877426223e-01, 8.575440371562e-06, 8.7532e+00, 2.3577e-01, 
 2DIAGNOSTIC,    20, -4.174887485096e-01, 3.790747065816e-06, 9.0314e+00, 2.7825e-01, 
 2DIAGNOSTIC,    21, -4.174893919056e-01, 1.277765537364e-06, 9.3132e+00, 2.8181e-01, 
 2DIAGNOSTIC,    22, -4.174894800651e-01, 1.152346347504e-06, 9.5917e+00, 2.7844e-01, 
 2DIAGNOSTIC,    23, -4.174886740519e-01, 1.162791558186e-06, 9.8538e+00, 2.6215e-01, 
 2DIAGNOSTIC,    24, -4.174861784947e-01, 1.105840595789e-06, 1.0078e+01, 2.2418e-01, 
 2DIAGNOSTIC,    25, -4.174857746813e-01, 1.052844771643e-06, 1.0341e+01, 2.6277e-01, 
 2DIAGNOSTIC,    26, -4.174865769276e-01, 1.022359724594e-06, 1.0619e+01, 2.7777e-01, 
DIAGNOSTIC,Iteration,metricValue,convergenceValue,ITERATION_TIME_INDEX,SINCE_LAST
 2DIAGNOSTIC,     1, -3.830457367953e-01, 1.797693134862e+308, 1.3136e+01, 2.5178e+00, 
 2DIAGNOSTIC,     2, -3.831543533707e-01, 1.797693134862e+308, 1.4592e+01, 1.4559e+00, 
 2DIAGNOSTIC,     3, -3.831993577034e-01, 1.797693134862e+308, 1.5975e+01, 1.3830e+00, 
 2DIAGNOSTIC,     4, -3.833105658292e-01, 1.797693134862e+308, 1.7318e+01, 1.3426e+00, 
 2DIAGNOSTIC,     5, -3.834168043757e-01, 1.797693134862e+308, 1.8853e+01, 1.5352e+00, 
 2DIAGNOSTIC,     6, -3.834516735249e-01, 1.797693134862e+308, 2.0707e+01, 1.8545e+00, 
 2DIAGNOSTIC,     7, -3.834547984093e-01, 1.797693134862e+308, 2.2042e+01, 1.3348e+00, 
 2DIAGNOSTIC,     8, -3.834620799261e-01, 1.797693134862e+308, 2.3661e+01, 1.6188e+00, 
 2DIAGNOSTIC,     9, -3.834653602131e-01, 1.797693134862e+308, 2.5269e+01, 1.6078e+00, 
 2DIAGNOSTIC,    10, -3.834895741274e-01, 7.532608388605e-05, 2.6843e+01, 1.5740e+00, 
 2DIAGNOSTIC,    11, -3.835462645298e-01, 5.517681908024e-05, 2.8573e+01, 1.7296e+00, 
 2DIAGNOSTIC,    12, -3.835555906238e-01, 4.100381391921e-05, 3.0981e+01, 2.4088e+00, 
 2DIAGNOSTIC,    13, -3.835552062200e-01, 2.805532155638e-05, 3.2572e+01, 1.5908e+00, 
 2DIAGNOSTIC,    14, -3.835553035524e-01, 2.043487202362e-05, 3.4196e+01, 1.6243e+00, 
 2DIAGNOSTIC,    15, -3.835555214608e-01, 1.736774181940e-05, 3.5919e+01, 1.7222e+00, 
 2DIAGNOSTIC,    16, -3.835556633261e-01, 1.485976952041e-05, 3.7775e+01, 1.8564e+00, 
 2DIAGNOSTIC,    17, -3.835555332457e-01, 1.158638906034e-05, 3.9693e+01, 1.9183e+00, 
 2DIAGNOSTIC,    18, -3.835555663206e-01, 8.126007756765e-06, 4.1272e+01, 1.5781e+00, 
 2DIAGNOSTIC,    19, -3.835555159915e-01, 4.572257664322e-06, 4.3033e+01, 1.7613e+00, 
 2DIAGNOSTIC,    20, -3.835553919964e-01, 1.940994025368e-06, 4.4746e+01, 1.7136e+00, 
 2DIAGNOSTIC,    21, -3.835553240533e-01, 1.516720950452e-06, 4.6189e+01, 1.4431e+00, 
 2DIAGNOSTIC,    22, -3.835552600616e-01, 1.443489850858e-06, 4.7710e+01, 1.5208e+00, 
 2DIAGNOSTIC,    23, -3.835551894935e-01, 1.362267528240e-06, 4.9296e+01, 1.5857e+00, 
 2DIAGNOSTIC,    24, -3.835549434654e-01, 1.285037301513e-06, 5.0670e+01, 1.3739e+00, 
 2DIAGNOSTIC,    25, -3.835548921076e-01, 1.222820896880e-06, 5.2048e+01, 1.3783e+00, 
 2DIAGNOSTIC,    26, -3.835547767778e-01, 1.170908703198e-06, 5.3679e+01, 1.6306e+00, 
 2DIAGNOSTIC,    27, -3.835548173266e-01, 1.125268224704e-06, 5.5080e+01, 1.4016e+00, 
 2DIAGNOSTIC,    28, -3.835548851286e-01, 1.090510510053e-06, 5.6728e+01, 1.6479e+00, 
 2DIAGNOSTIC,    29, -3.835549799861e-01, 1.063687689914e-06, 5.8139e+01, 1.4111e+00, 
 2DIAGNOSTIC,    30, -3.835551795482e-01, 1.043704474360e-06, 5.9827e+01, 1.6876e+00, 
 2DIAGNOSTIC,    31, -3.835548116665e-01, 1.016076363526e-06, 6.1386e+01, 1.5590e+00, 
  Elapsed time (stage 0): 6.2357e+01


Total elapsed time: 6.2360e+01
Info [verificarlo]: loaded backend libinterflop_ieee.so
Info [interflop-ieee]: load backend with:
Info [interflop-ieee]: debug = false
Info [interflop-ieee]: debug-binary = false
Info [interflop-ieee]: no-backend-name = false
Info [interflop-ieee]: print-new-line = false
Info [interflop-ieee]: print-subnormal-normalized = false
Info [interflop-ieee]: count-op = false
All_Command_lines_OK
Using double precision for computations.
=============================================================================
The composite transform comprises the following transforms (in order): 
  1. /home/mdugre/scratch/mri-registration-rp/datasets/ds004513/derivatives/mri-registration-rp/0001/antsRegistration-r8-p19/sub-s034/rigid_Composite.h5[0] (type = Euler3DTransform)
  2. /home/mdugre/scratch/mri-registration-rp/datasets/ds004513/derivatives/mri-registration-rp/0001/antsRegistration-r8-p19/sub-s034/rigid_Composite.h5[1] (type = Euler3DTransform)
  3. /home/mdugre/scratch/mri-registration-rp/datasets/ds004513/derivatives/mri-registration-rp/0001/antsRegistration-r8-p19/sub-s034/rigid_Composite.h5[2] (type = Euler3DTransform)
=============================================================================
  number of levels = 4
  fixed image: /templateflow/tpl-MNI152NLin2009cAsym/tpl-MNI152NLin2009cAsym_res-01_desc-brain_T1w.nii.gz
  moving image: /home/mdugre/scratch/mri-registration-rp/datasets/ds004513/derivatives/mri-registration-rp/antsBrainExtraction/sub-s034/BrainExtractionBrain.nii.gz
Dimension = 3
Number of stages = 1
Use histogram matching = false
Winsorize image intensities = true
  Lower quantile = 0.005
  Upper quantile = 0.995


Stage 1 State
   Image metric = MattesMI
     Fixed image = Image (0x3ce77e0)
  RTTI typeinfo:   itk::Image<double, 3u>
  Reference Count: 2
  Modified Time: 1592
  Debug: Off
  Object Name: 
  Observers: 
    none
  Source: (none)
  Source output name: (none)
  Release Data: Off
  Data Released: False
  Global Release Data: Off
  PipelineMTime: 0
  UpdateMTime: 1203
  RealTimeStamp: 0 seconds 
  LargestPossibleRegion: 
    Dimension: 3
    Index: [0, 0, 0]
    Size: [193, 229, 193]
  BufferedRegion: 
    Dimension: 3
    Index: [0, 0, 0]
    Size: [193, 229, 193]
  RequestedRegion: 
    Dimension: 3
    Index: [0, 0, 0]
    Size: [193, 229, 193]
  Spacing: [1, 1, 1]
  Origin: [96, 132, -78]
  Direction: 
-1 0 0
0 -1 0
0 0 1

  IndexToPointMatrix: 
-1 0 0
0 -1 0
0 0 1

  PointToIndexMatrix: 
-1 0 0
0 -1 0
0 0 1

  Inverse Direction: 
-1 0 0
0 -1 0
0 0 1

  PixelContainer: 
    ImportImageContainer (0x3da7a20)
      RTTI typeinfo:   itk::ImportImageContainer<unsigned long, double>
      Reference Count: 1
      Modified Time: 1200
      Debug: Off
      Object Name: 
      Observers: 
        none
      Pointer: 0x14ed82f93010
      Container manages memory: true
      Size: 8530021
      Capacity: 8530021

     Moving image = Image (0x3da2d70)
  RTTI typeinfo:   itk::Image<double, 3u>
  Reference Count: 2
  Modified Time: 1593
  Debug: Off
  Object Name: 
  Observers: 
    none
  Source: (none)
  Source output name: (none)
  Release Data: Off
  Data Released: False
  Global Release Data: Off
  PipelineMTime: 0
  UpdateMTime: 1590
  RealTimeStamp: 0 seconds 
  LargestPossibleRegion: 
    Dimension: 3
    Index: [0, 0, 0]
    Size: [160, 240, 256]
  BufferedRegion: 
    Dimension: 3
    Index: [0, 0, 0]
    Size: [160, 240, 256]
  RequestedRegion: 
    Dimension: 3
    Index: [0, 0, 0]
    Size: [160, 240, 256]
  Spacing: [1, 1, 1]
  Origin: [80.0392, 105.5, -130.753]
  Direction: 
-0.999816 0 0.0191974
0 -1 0
0.0191974 0 0.999816

  IndexToPointMatrix: 
-0.999816 0 0.0191974
0 -1 0
0.0191974 0 0.999816

  PointToIndexMatrix: 
-0.999816 0 0.0191974
0 -1 0
0.0191974 0 0.999816

  Inverse Direction: 
-0.999816 0 0.0191974
0 -1 0
0.0191974 0 0.999816

  PixelContainer: 
    ImportImageContainer (0x3d5ac90)
      RTTI typeinfo:   itk::ImportImageContainer<unsigned long, double>
      Reference Count: 1
      Modified Time: 1587
      Debug: Off
      Object Name: 
      Observers: 
        none
      Pointer: 0x14ed7e492010
      Container manages memory: true
      Size: 9830400
      Capacity: 9830400

     Weighting = 1
     Sampling strategy = regular
     Number of bins = 32
     Radius = 4
     Sampling percentage  = 0.25
   Transform = Affine
     Gradient step = 0.1
     Update field sigma (voxel space) = 0
     Total field sigma (voxel space) = 0
     Update field time sigma = 0
     Total field time sigma  = 0
     Number of time indices = 0
     Number of time point samples = 0
Registration using 1 total stages.

Stage 0
  iterations = 1000x500x250x100
  convergence threshold = 1e-06
  convergence window size = 10
  number of levels = 4
  using the Mattes MI metric (number of bins = 32, weight = 1, use gradient filter = 0)
  preprocessing:  winsorizing the image intensities
  Shrink factors (level 1 out of 4): [8, 8, 8]
  Shrink factors (level 2 out of 4): [4, 4, 4]
  Shrink factors (level 3 out of 4): [2, 2, 2]
  Shrink factors (level 4 out of 4): [1, 1, 1]
  smoothing sigmas per level: [3, 2, 1, 0]
  regular sampling (percentage = 0.25)

*** Running AffineTransform registration ***

DIAGNOSTIC,Iteration,metricValue,convergenceValue,ITERATION_TIME_INDEX,SINCE_LAST
 2DIAGNOSTIC,     1, -5.771032102437e-01, 1.797693134862e+308, 7.0471e-01, 7.0471e-01, 
 2DIAGNOSTIC,     2, -5.795594627397e-01, 1.797693134862e+308, 7.1000e-01, 5.2941e-03, 
 2DIAGNOSTIC,     3, -5.836934588760e-01, 1.797693134862e+308, 7.1549e-01, 5.4932e-03, 
 2DIAGNOSTIC,     4, -5.910622145232e-01, 1.797693134862e+308, 7.2084e-01, 5.3489e-03, 
 2DIAGNOSTIC,     5, -6.036828638543e-01, 1.797693134862e+308, 7.2643e-01, 5.5909e-03, 
 2DIAGNOSTIC,     6, -6.254413896201e-01, 1.797693134862e+308, 7.3126e-01, 4.8280e-03, 
 2DIAGNOSTIC,     7, -7.003561410067e-01, 1.797693134862e+308, 7.3617e-01, 4.9109e-03, 
 2DIAGNOSTIC,     8, -7.681363461779e-01, 1.797693134862e+308, 7.4217e-01, 5.9950e-03, 
 2DIAGNOSTIC,     9, -8.016589868627e-01, 1.797693134862e+308, 7.4961e-01, 7.4391e-03, 
 2DIAGNOSTIC,    10, -8.099532224466e-01, 2.615293341444e-02, 7.5659e-01, 6.9809e-03, 
 2DIAGNOSTIC,    11, -8.188473235461e-01, 2.568138361138e-02, 7.6224e-01, 5.6548e-03, 
 2DIAGNOSTIC,    12, -8.407802909483e-01, 2.377871290491e-02, 7.6809e-01, 5.8510e-03, 
 2DIAGNOSTIC,    13, -8.582343008858e-01, 2.069501626950e-02, 7.7334e-01, 5.2450e-03, 
 2DIAGNOSTIC,    14, -8.784534737031e-01, 1.704262823532e-02, 7.8033e-01, 6.9909e-03, 
 2DIAGNOSTIC,    15, -8.923968845372e-01, 1.314832973199e-02, 7.8862e-01, 8.2960e-03, 
 2DIAGNOSTIC,    16, -8.918302142177e-01, 9.141005722877e-03, 7.9589e-01, 7.2639e-03, 
 2DIAGNOSTIC,    17, -8.917839058644e-01, 6.508098731966e-03, 8.0320e-01, 7.3109e-03, 
 2DIAGNOSTIC,    18, -8.916961685334e-01, 5.020070494849e-03, 8.0948e-01, 6.2821e-03, 
 2DIAGNOSTIC,    19, -8.915877633097e-01, 3.904905767602e-03, 8.1558e-01, 6.0980e-03, 
 2DIAGNOSTIC,    20, -8.914663648040e-01, 2.710040412931e-03, 8.2117e-01, 5.5881e-03, 
 2DIAGNOSTIC,    21, -8.913607459920e-01, 1.546803833304e-03, 8.2649e-01, 5.3248e-03, 
 2DIAGNOSTIC,    22, -8.914257511519e-01, 7.247341043159e-04, 8.3248e-01, 5.9829e-03, 
 2DIAGNOSTIC,    23, -8.913378099922e-01, 1.831603250771e-04, 8.3788e-01, 5.4040e-03, 
DIAGNOSTIC,Iteration,metricValue,convergenceValue,ITERATION_TIME_INDEX,SINCE_LAST
 2DIAGNOSTIC,     1, -7.415841012903e-01, 1.797693134862e+308, 1.6077e+00, 7.6981e-01, 
 2DIAGNOSTIC,     2, -7.429407653052e-01, 1.797693134862e+308, 1.6459e+00, 3.8174e-02, 
 2DIAGNOSTIC,     3, -7.447705159692e-01, 1.797693134862e+308, 1.6937e+00, 4.7862e-02, 
 2DIAGNOSTIC,     4, -7.468099991344e-01, 1.797693134862e+308, 1.7377e+00, 4.3963e-02, 
 2DIAGNOSTIC,     5, -7.488605883078e-01, 1.797693134862e+308, 1.7810e+00, 4.3307e-02, 
 2DIAGNOSTIC,     6, -7.497271077874e-01, 1.797693134862e+308, 1.8621e+00, 8.1121e-02, 
 2DIAGNOSTIC,     7, -7.497576983704e-01, 1.797693134862e+308, 1.9153e+00, 5.3145e-02, 
 2DIAGNOSTIC,     8, -7.497666935410e-01, 1.797693134862e+308, 1.9600e+00, 4.4726e-02, 
 2DIAGNOSTIC,     9, -7.497614411231e-01, 1.797693134862e+308, 2.0090e+00, 4.8995e-02, 
 2DIAGNOSTIC,    10, -7.497622523635e-01, 7.319460089813e-04, 2.0594e+00, 5.0385e-02, 
 2DIAGNOSTIC,    11, -7.497628934014e-01, 4.758001040357e-04, 2.1156e+00, 5.6275e-02, 
 2DIAGNOSTIC,    12, -7.497633460876e-01, 2.631035295827e-04, 2.1604e+00, 4.4738e-02, 
 2DIAGNOSTIC,    13, -7.497521930832e-01, 1.122768987675e-04, 2.2098e+00, 4.9460e-02, 
 2DIAGNOSTIC,    14, -7.497448186027e-01, 2.693143576943e-05, 2.2539e+00, 4.4085e-02, 
 2DIAGNOSTIC,    15, -7.497261109772e-01, 1.582321968147e-06, 2.2982e+00, 4.4233e-02, 
DIAGNOSTIC,Iteration,metricValue,convergenceValue,ITERATION_TIME_INDEX,SINCE_LAST
 2DIAGNOSTIC,     1, -6.339169351408e-01, 1.797693134862e+308, 3.4461e+00, 1.1479e+00, 
 2DIAGNOSTIC,     2, -6.345778685790e-01, 1.797693134862e+308, 3.7450e+00, 2.9897e-01, 
 2DIAGNOSTIC,     3, -6.354309090445e-01, 1.797693134862e+308, 4.0280e+00, 2.8294e-01, 
 2DIAGNOSTIC,     4, -6.364084070070e-01, 1.797693134862e+308, 4.3192e+00, 2.9118e-01, 
 2DIAGNOSTIC,     5, -6.372046294246e-01, 1.797693134862e+308, 4.7224e+00, 4.0319e-01, 
 2DIAGNOSTIC,     6, -6.374387145328e-01, 1.797693134862e+308, 5.2796e+00, 5.5722e-01, 
 2DIAGNOSTIC,     7, -6.374394479819e-01, 1.797693134862e+308, 5.7857e+00, 5.0613e-01, 
 2DIAGNOSTIC,     8, -6.374396134757e-01, 1.797693134862e+308, 6.1301e+00, 3.4436e-01, 
 2DIAGNOSTIC,     9, -6.374383504851e-01, 1.797693134862e+308, 6.4794e+00, 3.4929e-01, 
 2DIAGNOSTIC,    10, -6.374370869162e-01, 3.581563458585e-04, 6.7820e+00, 3.0266e-01, 
 2DIAGNOSTIC,    11, -6.374359220526e-01, 2.238446073719e-04, 7.1727e+00, 3.9066e-01, 
 2DIAGNOSTIC,    12, -6.374360190405e-01, 1.167074614821e-04, 7.5640e+00, 3.9128e-01, 
 2DIAGNOSTIC,    13, -6.374346492600e-01, 4.451596959841e-05, 7.9195e+00, 3.5553e-01, 
 2DIAGNOSTIC,    14, -6.374318787890e-01, 9.268174557611e-06, 8.2768e+00, 3.5733e-01, 
 2DIAGNOSTIC,    15, -6.374319251443e-01, 1.582220101812e-06, 8.6278e+00, 3.5096e-01, 
 2DIAGNOSTIC,    16, -6.374305828090e-01, 1.397338302733e-06, 8.9392e+00, 3.1141e-01, 
 2DIAGNOSTIC,    17, -6.374292857391e-01, 1.272968976410e-06, 9.2752e+00, 3.3599e-01, 
 2DIAGNOSTIC,    18, -6.374293675260e-01, 1.225381929156e-06, 9.5593e+00, 2.8417e-01, 
 2DIAGNOSTIC,    19, -6.374280968277e-01, 1.174486296628e-06, 9.8906e+00, 3.3125e-01, 
 2DIAGNOSTIC,    20, -6.374282921923e-01, 1.152370802920e-06, 1.0235e+01, 3.4431e-01, 
 2DIAGNOSTIC,    21, -6.374271149700e-01, 1.122321156267e-06, 1.0579e+01, 3.4366e-01, 
 2DIAGNOSTIC,    22, -6.374258754430e-01, 1.109560525771e-06, 1.0878e+01, 2.9974e-01, 
 2DIAGNOSTIC,    23, -6.374247516189e-01, 1.082862156450e-06, 1.1169e+01, 2.9084e-01, 
 2DIAGNOSTIC,    24, -6.374238209535e-01, 1.017433372594e-06, 1.1514e+01, 3.4489e-01, 
DIAGNOSTIC,Iteration,metricValue,convergenceValue,ITERATION_TIME_INDEX,SINCE_LAST
 2DIAGNOSTIC,     1, -5.584929929545e-01, 1.797693134862e+308, 1.4576e+01, 3.0619e+00, 
 2DIAGNOSTIC,     2, -5.589458445935e-01, 1.797693134862e+308, 1.6658e+01, 2.0823e+00, 
 2DIAGNOSTIC,     3, -5.594770055296e-01, 1.797693134862e+308, 1.8729e+01, 2.0709e+00, 
 2DIAGNOSTIC,     4, -5.607786056890e-01, 1.797693134862e+308, 2.1725e+01, 2.9959e+00, 
 2DIAGNOSTIC,     5, -5.609852531910e-01, 1.797693134862e+308, 2.4086e+01, 2.3609e+00, 
 2DIAGNOSTIC,     6, -5.609845152382e-01, 1.797693134862e+308, 2.6990e+01, 2.9038e+00, 
 2DIAGNOSTIC,     7, -5.609840018762e-01, 1.797693134862e+308, 2.9513e+01, 2.5237e+00, 
 2DIAGNOSTIC,     8, -5.609842581182e-01, 1.797693134862e+308, 3.2005e+01, 2.4914e+00, 
 2DIAGNOSTIC,     9, -5.609840274050e-01, 1.797693134862e+308, 3.4489e+01, 2.4839e+00, 
 2DIAGNOSTIC,    10, -5.609839640443e-01, 2.783676432200e-04, 3.6549e+01, 2.0598e+00, 
 2DIAGNOSTIC,    11, -5.609837706140e-01, 1.641647855896e-04, 3.8727e+01, 2.1786e+00, 
 2DIAGNOSTIC,    12, -5.609837229461e-01, 7.385159119742e-05, 4.0768e+01, 2.0408e+00, 
 2DIAGNOSTIC,    13, -5.609835973075e-01, 1.036996026667e-05, 4.3070e+01, 2.3016e+00, 
 2DIAGNOSTIC,    14, -5.609835587122e-01, 2.167823179730e-06, 4.5140e+01, 2.0703e+00, 
 2DIAGNOSTIC,    15, -5.609835074505e-01, 2.053517168144e-06, 4.7303e+01, 2.1634e+00, 
 2DIAGNOSTIC,    16, -5.609834964809e-01, 1.936608556838e-06, 4.9100e+01, 1.7968e+00, 
 2DIAGNOSTIC,    17, -5.609834328039e-01, 1.820823270986e-06, 5.1196e+01, 2.0960e+00, 
 2DIAGNOSTIC,    18, -5.609835584135e-01, 1.733598030705e-06, 5.3284e+01, 2.0877e+00, 
 2DIAGNOSTIC,    19, -5.609836539257e-01, 1.655048529989e-06, 5.5588e+01, 2.3046e+00, 
 2DIAGNOSTIC,    20, -5.609836470877e-01, 1.584493926551e-06, 5.7887e+01, 2.2990e+00, 
 2DIAGNOSTIC,    21, -5.609835392562e-01, 1.514110225052e-06, 5.9897e+01, 2.0093e+00, 
 2DIAGNOSTIC,    22, -5.609833205672e-01, 1.444299831406e-06, 6.2299e+01, 2.4024e+00, 
 2DIAGNOSTIC,    23, -5.609832620124e-01, 1.376786478317e-06, 6.4419e+01, 2.1204e+00, 
 2DIAGNOSTIC,    24, -5.609830267959e-01, 1.309673696541e-06, 6.6297e+01, 1.8772e+00, 
 2DIAGNOSTIC,    25, -5.609829762644e-01, 1.247489620666e-06, 6.8116e+01, 1.8192e+00, 
 2DIAGNOSTIC,    26, -5.609831372203e-01, 1.195512234597e-06, 7.0127e+01, 2.0110e+00, 
 2DIAGNOSTIC,    27, -5.609833287789e-01, 1.152331589052e-06, 7.2173e+01, 2.0462e+00, 
 2DIAGNOSTIC,    28, -5.609832154232e-01, 1.114825783598e-06, 7.4909e+01, 2.7358e+00, 
 2DIAGNOSTIC,    29, -5.609831606186e-01, 1.082805488044e-06, 7.7511e+01, 2.6017e+00, 
 2DIAGNOSTIC,    30, -5.609829053779e-01, 1.049931980156e-06, 7.9816e+01, 2.3054e+00, 
 2DIAGNOSTIC,    31, -5.609829486220e-01, 1.019199152949e-06, 8.1898e+01, 2.0821e+00, 
  Elapsed time (stage 0): 8.3135e+01


Total elapsed time: 8.3138e+01
Info [verificarlo]: loaded backend libinterflop_vprec.so
Info [interflop-vprec]: load backend with: 
Info [interflop-vprec]: precision-binary32 = 19
Info [interflop-vprec]: range-binary32 = 8
Info [interflop-vprec]: precision-binary64 = 19
Info [interflop-vprec]: range-binary64 = 8
Info [interflop-vprec]: mode = ob
Info [interflop-vprec]: error-mode = rel
Info [interflop-vprec]: max-abs-error-exponent = -1022
Info [interflop-vprec]: daz = false
Info [interflop-vprec]: ftz = false
Info [interflop-vprec]: 	instrument = none
Info [interflop-vprec]: 	prec-input-file = (null)
Info [interflop-vprec]: 	prec-output-file = (null)
Info [interflop-vprec]: 	prec-log-file = (null)
All_Command_lines_OK
Using double precision for computations.
=============================================================================
The composite transform comprises the following transforms (in order): 
  1. /home/mdugre/scratch/mri-registration-rp/datasets/ds004513/derivatives/mri-registration-rp/0001/antsRegistration-r8-p19/sub-s034/affine_Composite.h5[0] (type = Euler3DTransform)
  2. /home/mdugre/scratch/mri-registration-rp/datasets/ds004513/derivatives/mri-registration-rp/0001/antsRegistration-r8-p19/sub-s034/affine_Composite.h5[1] (type = Euler3DTransform)
  3. /home/mdugre/scratch/mri-registration-rp/datasets/ds004513/derivatives/mri-registration-rp/0001/antsRegistration-r8-p19/sub-s034/affine_Composite.h5[2] (type = Euler3DTransform)
  4. /home/mdugre/scratch/mri-registration-rp/datasets/ds004513/derivatives/mri-registration-rp/0001/antsRegistration-r8-p19/sub-s034/affine_Composite.h5[3] (type = AffineTransform)
=============================================================================
  number of levels = 4
  fixed image: /templateflow/tpl-MNI152NLin2009cAsym/tpl-MNI152NLin2009cAsym_res-01_desc-brain_T1w.nii.gz
  moving image: /home/mdugre/scratch/mri-registration-rp/datasets/ds004513/derivatives/mri-registration-rp/antsBrainExtraction/sub-s034/BrainExtractionBrain.nii.gz
Dimension = 3
Number of stages = 1
Use histogram matching = false
Winsorize image intensities = true
  Lower quantile = 0.005
  Upper quantile = 0.995


Stage 1 State
   Image metric = CC
     Fixed image = Image (0x47536f0)
  RTTI typeinfo:   itk::Image<double, 3u>
  Reference Count: 2
  Modified Time: 1606
  Debug: Off
  Object Name: 
  Observers: 
    none
  Source: (none)
  Source output name: (none)
  Release Data: Off
  Data Released: False
  Global Release Data: Off
  PipelineMTime: 0
  UpdateMTime: 1217
  RealTimeStamp: 0 seconds 
  LargestPossibleRegion: 
    Dimension: 3
    Index: [0, 0, 0]
    Size: [193, 229, 193]
  BufferedRegion: 
    Dimension: 3
    Index: [0, 0, 0]
    Size: [193, 229, 193]
  RequestedRegion: 
    Dimension: 3
    Index: [0, 0, 0]
    Size: [193, 229, 193]
  Spacing: [1, 1, 1]
  Origin: [96, 132, -78]
  Direction: 
-1 0 0
0 -1 0
0 0 1

  IndexToPointMatrix: 
-1 0 0
0 -1 0
0 0 1

  PointToIndexMatrix: 
-1 0 0
0 -1 0
0 0 1

  Inverse Direction: 
-1 0 0
0 -1 0
0 0 1

  PixelContainer: 
    ImportImageContainer (0x48218b0)
      RTTI typeinfo:   itk::ImportImageContainer<unsigned long, double>
      Reference Count: 1
      Modified Time: 1214
      Debug: Off
      Object Name: 
      Observers: 
        none
      Pointer: 0x14fb06913010
      Container manages memory: true
      Size: 8530021
      Capacity: 8530021

     Moving image = Image (0x480efc0)
  RTTI typeinfo:   itk::Image<double, 3u>
  Reference Count: 2
  Modified Time: 1607
  Debug: Off
  Object Name: 
  Observers: 
    none
  Source: (none)
  Source output name: (none)
  Release Data: Off
  Data Released: False
  Global Release Data: Off
  PipelineMTime: 0
  UpdateMTime: 1604
  RealTimeStamp: 0 seconds 
  LargestPossibleRegion: 
    Dimension: 3
    Index: [0, 0, 0]
    Size: [160, 240, 256]
  BufferedRegion: 
    Dimension: 3
    Index: [0, 0, 0]
    Size: [160, 240, 256]
  RequestedRegion: 
    Dimension: 3
    Index: [0, 0, 0]
    Size: [160, 240, 256]
  Spacing: [1, 1, 1]
  Origin: [80.0392, 105.5, -130.753]
  Direction: 
-0.999816 0 0.0191974
0 -1 0
0.0191974 0 0.999816

  IndexToPointMatrix: 
-0.999816 0 0.0191974
0 -1 0
0.0191974 0 0.999816

  PointToIndexMatrix: 
-0.999817 0 0.0191974
0 -1 0
0.0191974 0 0.999816

  Inverse Direction: 
-0.999817 0 0.0191974
0 -1 0
0.0191974 0 0.999816

  PixelContainer: 
    ImportImageContainer (0x47e1430)
      RTTI typeinfo:   itk::ImportImageContainer<unsigned long, double>
      Reference Count: 1
      Modified Time: 1601
      Debug: Off
      Object Name: 
      Observers: 
        none
      Pointer: 0x14fb01e12010
      Container manages memory: true
      Size: 9830400
      Capacity: 9830400

     Weighting = 1
     Sampling strategy = none
     Number of bins = 32
     Radius = 4
     Sampling percentage  = 1
   Transform = SyN
     Gradient step = 0.1
     Update field sigma (voxel space) = 3
     Total field sigma (voxel space) = 0
     Update field time sigma = 0
     Total field time sigma  = 0
     Number of time indices = 0
     Number of time point samples = 0
Registration using 1 total stages.

Stage 0
  iterations = 100x70x50x20
  convergence threshold = 1e-06
  convergence window size = 10
  number of levels = 4
  using the CC metric (radius = 4, weight = 1, use gradient filter = 0)
  preprocessing:  winsorizing the image intensities
  Shrink factors (level 1 out of 4): [8, 8, 8]
  Shrink factors (level 2 out of 4): [4, 4, 4]
  Shrink factors (level 3 out of 4): [2, 2, 2]
  Shrink factors (level 4 out of 4): [1, 1, 1]
  smoothing sigmas per level: [3, 2, 1, 0]
  Using default NONE metricSamplingStrategy 

*** Running SyN registration (varianceForUpdateField = 3, varianceForTotalField = 0) ***

XXDIAGNOSTIC,Iteration,metricValue,convergenceValue,ITERATION_TIME_INDEX,SINCE_LAST
 1DIAGNOSTIC,     1, -9.389915466309e-01, 1.797693134862e+308, 0.0000e+00, 0.0000e+00, 
 1DIAGNOSTIC,     2, -9.457263946533e-01, 1.797693134862e+308, 0.0000e+00, 0.0000e+00, 
 1DIAGNOSTIC,     3, -9.503107070923e-01, 1.797693134862e+308, 0.0000e+00, 0.0000e+00, 
 1DIAGNOSTIC,     4, -9.530620574951e-01, 1.797693134862e+308, 0.0000e+00, 0.0000e+00, 
 1DIAGNOSTIC,     5, -9.550733566284e-01, 1.797693134862e+308, 0.0000e+00, 0.0000e+00, 
 1DIAGNOSTIC,     6, -9.570083618164e-01, 1.797693134862e+308, 0.0000e+00, 0.0000e+00, 
 1DIAGNOSTIC,     7, -9.593019485474e-01, 1.797693134862e+308, 0.0000e+00, 0.0000e+00, 
 1DIAGNOSTIC,     8, -9.617109298706e-01, 1.797693134862e+308, 0.0000e+00, 0.0000e+00, 
 1DIAGNOSTIC,     9, -9.640560150146e-01, 1.797693134862e+308, 0.0000e+00, 0.0000e+00, 
 1DIAGNOSTIC,    10, -9.661159515381e-01, 1.621129379208e-03, 0.0000e+00, 0.0000e+00, 
 1DIAGNOSTIC,    11, -9.667835235596e-01, 1.247510773660e-03, 0.0000e+00, 0.0000e+00, 
 1DIAGNOSTIC,    12, -9.674224853516e-01, 1.005823924517e-03, 0.0000e+00, 0.0000e+00, 
 1DIAGNOSTIC,    13, -9.683752059937e-01, 8.361724750723e-04, 0.0000e+00, 0.0000e+00, 
 1DIAGNOSTIC,    14, -9.688072204590e-01, 6.814061873386e-04, 0.0000e+00, 0.0000e+00, 
 1DIAGNOSTIC,    15, -9.697637557983e-01, 5.435983747187e-04, 0.0000e+00, 0.0000e+00, 
 1DIAGNOSTIC,    16, -9.700012207031e-01, 4.132639886676e-04, 0.0000e+00, 0.0000e+00, 
 1DIAGNOSTIC,    17, -9.707098007202e-01, 3.125862127758e-04, 0.0000e+00, 0.0000e+00, 
 1DIAGNOSTIC,    18, -9.709997177124e-01, 2.379639960346e-04, 0.0000e+00, 0.0000e+00, 
 1DIAGNOSTIC,    19, -9.716043472290e-01, 1.944700379235e-04, 0.0000e+00, 0.0000e+00, 
 1DIAGNOSTIC,    20, -9.716653823853e-01, 1.685318268224e-04, 0.0000e+00, 0.0000e+00, 
 1DIAGNOSTIC,    21, -9.721488952637e-01, 1.457221733164e-04, 0.0000e+00, 0.0000e+00, 
 1DIAGNOSTIC,    22, -9.722213745117e-01, 1.207709041304e-04, 0.0000e+00, 0.0000e+00, 
 1DIAGNOSTIC,    23, -9.725971221924e-01, 1.038561000279e-04, 0.0000e+00, 0.0000e+00, 
 1DIAGNOSTIC,    24, -9.726324081421e-01, 8.417642651715e-05, 0.0000e+00, 0.0000e+00, 
 1DIAGNOSTIC,    25, -9.730548858643e-01, 7.463389302723e-05, 0.0000e+00, 0.0000e+00, 
 1DIAGNOSTIC,    26, -9.730415344238e-01, 6.123469915111e-05, 0.0000e+00, 0.0000e+00, 
 1DIAGNOSTIC,    27, -9.733333587646e-01, 5.411438783585e-05, 0.0000e+00, 0.0000e+00, 
 1DIAGNOSTIC,    28, -9.732666015625e-01, 4.468301548269e-05, 0.0000e+00, 0.0000e+00, 
 1DIAGNOSTIC,    29, -9.735736846924e-01, 4.111864009620e-05, 0.0000e+00, 0.0000e+00, 
 1DIAGNOSTIC,    30, -9.735879898071e-01, 3.456469510347e-05, 0.0000e+00, 0.0000e+00, 
 1DIAGNOSTIC,    31, -9.738845825195e-01, 3.269513300787e-05, 0.0000e+00, 0.0000e+00, 
 1DIAGNOSTIC,    32, -9.737644195557e-01, 2.740098521198e-05, 0.0000e+00, 0.0000e+00, 
 1DIAGNOSTIC,    33, -9.740295410156e-01, 2.572502700333e-05, 0.0000e+00, 0.0000e+00, 
 1DIAGNOSTIC,    34, -9.740428924561e-01, 2.207476607298e-05, 0.0000e+00, 0.0000e+00, 
 1DIAGNOSTIC,    35, -9.743165969849e-01, 2.248201608547e-05, 0.0000e+00, 0.0000e+00, 
 1DIAGNOSTIC,    36, -9.741601943970e-01, 1.933150074831e-05, 0.0000e+00, 0.0000e+00, 
 1DIAGNOSTIC,    37, -9.743804931641e-01, 1.877263901784e-05, 0.0000e+00, 0.0000e+00, 
 1DIAGNOSTIC,    38, -9.743766784668e-01, 1.590299608552e-05, 0.0000e+00, 0.0000e+00, 
 1DIAGNOSTIC,    39, -9.745655059814e-01, 1.547395790963e-05, 0.0000e+00, 0.0000e+00, 
 1DIAGNOSTIC,    40, -9.743881225586e-01, 1.238733291738e-05, 0.0000e+00, 0.0000e+00, 
 1DIAGNOSTIC,    41, -9.745845794678e-01, 1.198356012767e-05, 0.0000e+00, 0.0000e+00, 
 1DIAGNOSTIC,    42, -9.745817184448e-01, 9.594425480840e-06, 0.0000e+00, 0.0000e+00, 
 1DIAGNOSTIC,    43, -9.747295379639e-01, 9.280874130237e-06, 0.0000e+00, 0.0000e+00, 
 1DIAGNOSTIC,    44, -9.745941162109e-01, 7.286879049554e-06, 0.0000e+00, 0.0000e+00, 
 1DIAGNOSTIC,    45, -9.748163223267e-01, 8.080483997235e-06, 0.0000e+00, 0.0000e+00, 
 1DIAGNOSTIC,    46, -9.747371673584e-01, 6.558688800919e-06, 0.0000e+00, 0.0000e+00, 
 1DIAGNOSTIC,    47, -9.748334884644e-01, 6.522633366455e-06, 0.0000e+00, 0.0000e+00, 
 1DIAGNOSTIC,    48, -9.747018814087e-01, 5.061976770863e-06, 0.0000e+00, 0.0000e+00, 
 1DIAGNOSTIC,    49, -9.749279022217e-01, 5.793984561880e-06, 0.0000e+00, 0.0000e+00, 
 1DIAGNOSTIC,    50, -9.748497009277e-01, 4.430556581149e-06, 0.0000e+00, 0.0000e+00, 
 1DIAGNOSTIC,    51, -9.749269485474e-01, 4.345586158756e-06, 0.0000e+00, 0.0000e+00, 
 1DIAGNOSTIC,    52, -9.747886657715e-01, 3.097096524636e-06, 0.0000e+00, 0.0000e+00, 
 1DIAGNOSTIC,    53, -9.750070571899e-01, 3.737544874049e-06, 0.0000e+00, 0.0000e+00, 
 1DIAGNOSTIC,    54, -9.749240875244e-01, 2.784132982610e-06, 0.0000e+00, 0.0000e+00, 
 1DIAGNOSTIC,    55, -9.750003814697e-01, 3.267827594657e-06, 0.0000e+00, 0.0000e+00, 
 1DIAGNOSTIC,    56, -9.747991561890e-01, 2.004875299760e-06, 0.0000e+00, 0.0000e+00, 
 1DIAGNOSTIC,    57, -9.750709533691e-01, 2.601166188804e-06, 0.0000e+00, 0.0000e+00, 
 1DIAGNOSTIC,    58, -9.749279022217e-01, 1.502468541300e-06, 0.0000e+00, 0.0000e+00, 
 1DIAGNOSTIC,    59, -9.749908447266e-01, 1.810620164442e-06, 0.0000e+00, 0.0000e+00, 
 1DIAGNOSTIC,    60, -9.748439788818e-01, 8.893479678113e-07, 0.0000e+00, 0.0000e+00, 
XXDIAGNOSTIC,Iteration,metricValue,convergenceValue,ITERATION_TIME_INDEX,SINCE_LAST
 1DIAGNOSTIC,     1, -9.209346771240e-01, 1.797693134862e+308, 0.0000e+00, 0.0000e+00, 
 1DIAGNOSTIC,     2, -9.239835739136e-01, 1.797693134862e+308, 0.0000e+00, 0.0000e+00, 
 1DIAGNOSTIC,     3, -9.268836975098e-01, 1.797693134862e+308, 0.0000e+00, 0.0000e+00, 
 1DIAGNOSTIC,     4, -9.295406341553e-01, 1.797693134862e+308, 0.0000e+00, 0.0000e+00, 
 1DIAGNOSTIC,     5, -9.320325851440e-01, 1.797693134862e+308, 0.0000e+00, 0.0000e+00, 
 1DIAGNOSTIC,     6, -9.341068267822e-01, 1.797693134862e+308, 0.0000e+00, 0.0000e+00, 
 1DIAGNOSTIC,     7, -9.361057281494e-01, 1.797693134862e+308, 0.0000e+00, 0.0000e+00, 
 1DIAGNOSTIC,     8, -9.378271102905e-01, 1.797693134862e+308, 0.0000e+00, 0.0000e+00, 
 1DIAGNOSTIC,     9, -9.392671585083e-01, 1.797693134862e+308, 0.0000e+00, 0.0000e+00, 
 1DIAGNOSTIC,    10, -9.404535293579e-01, 1.343608931578e-03, 0.0000e+00, 0.0000e+00, 
 1DIAGNOSTIC,    11, -9.412965774536e-01, 1.083856461717e-03, 0.0000e+00, 0.0000e+00, 
 1DIAGNOSTIC,    12, -9.421443939209e-01, 8.685466437414e-04, 0.0000e+00, 0.0000e+00, 
 1DIAGNOSTIC,    13, -9.427185058594e-01, 6.886200587120e-04, 0.0000e+00, 0.0000e+00, 
 1DIAGNOSTIC,    14, -9.432182312012e-01, 5.399404571257e-04, 0.0000e+00, 0.0000e+00, 
 1DIAGNOSTIC,    15, -9.436626434326e-01, 4.210469744035e-04, 0.0000e+00, 0.0000e+00, 
 1DIAGNOSTIC,    16, -9.440488815308e-01, 3.248075987160e-04, 0.0000e+00, 0.0000e+00, 
 1DIAGNOSTIC,    17, -9.443864822388e-01, 2.514451724366e-04, 0.0000e+00, 0.0000e+00, 
 1DIAGNOSTIC,    18, -9.446964263916e-01, 1.970436929755e-04, 0.0000e+00, 0.0000e+00, 
 1DIAGNOSTIC,    19, -9.449796676636e-01, 1.574882188422e-04, 0.0000e+00, 0.0000e+00, 
 1DIAGNOSTIC,    20, -9.452390670776e-01, 1.291338780729e-04, 0.0000e+00, 0.0000e+00, 
 1DIAGNOSTIC,    21, -9.454736709595e-01, 1.069126564166e-04, 0.0000e+00, 0.0000e+00, 
 1DIAGNOSTIC,    22, -9.456901550293e-01, 9.139368471574e-05, 0.0000e+00, 0.0000e+00, 
 1DIAGNOSTIC,    23, -9.458875656128e-01, 7.885169035420e-05, 0.0000e+00, 0.0000e+00, 
 1DIAGNOSTIC,    24, -9.460687637329e-01, 6.857844425954e-05, 0.0000e+00, 0.0000e+00, 
 1DIAGNOSTIC,    25, -9.462356567383e-01, 6.012547360666e-05, 0.0000e+00, 0.0000e+00, 
 1DIAGNOSTIC,    26, -9.463901519775e-01, 5.300849724877e-05, 0.0000e+00, 0.0000e+00, 
 1DIAGNOSTIC,    27, -9.465312957764e-01, 4.684023065743e-05, 0.0000e+00, 0.0000e+00, 
 1DIAGNOSTIC,    28, -9.466667175293e-01, 4.155902425234e-05, 0.0000e+00, 0.0000e+00, 
 1DIAGNOSTIC,    29, -9.467926025391e-01, 3.703760144655e-05, 0.0000e+00, 0.0000e+00, 
 1DIAGNOSTIC,    30, -9.469070434570e-01, 3.314045463391e-05, 0.0000e+00, 0.0000e+00, 
 1DIAGNOSTIC,    31, -9.470195770264e-01, 2.980231416959e-05, 0.0000e+00, 0.0000e+00, 
 1DIAGNOSTIC,    32, -9.471206665039e-01, 2.690743200633e-05, 0.0000e+00, 0.0000e+00, 
 1DIAGNOSTIC,    33, -9.472198486328e-01, 2.441254561070e-05, 0.0000e+00, 0.0000e+00, 
 1DIAGNOSTIC,    34, -9.473142623901e-01, 2.225618933406e-05, 0.0000e+00, 0.0000e+00, 
 1DIAGNOSTIC,    35, -9.474029541016e-01, 2.037499147737e-05, 0.0000e+00, 0.0000e+00, 
 1DIAGNOSTIC,    36, -9.474821090698e-01, 1.868302610050e-05, 0.0000e+00, 0.0000e+00, 
 1DIAGNOSTIC,    37, -9.475603103638e-01, 1.715663758411e-05, 0.0000e+00, 0.0000e+00, 
 1DIAGNOSTIC,    38, -9.476327896118e-01, 1.578895735014e-05, 0.0000e+00, 0.0000e+00, 
 1DIAGNOSTIC,    39, -9.477014541626e-01, 1.455324788213e-05, 0.0000e+00, 0.0000e+00, 
 1DIAGNOSTIC,    40, -9.477663040161e-01, 1.340398166630e-05, 0.0000e+00, 0.0000e+00, 
 1DIAGNOSTIC,    41, -9.478263854980e-01, 1.236327586115e-05, 0.0000e+00, 0.0000e+00, 
 1DIAGNOSTIC,    42, -9.478826522827e-01, 1.138181594975e-05, 0.0000e+00, 0.0000e+00, 
 1DIAGNOSTIC,    43, -9.479341506958e-01, 1.047424727656e-05, 0.0000e+00, 0.0000e+00, 
 1DIAGNOSTIC,    44, -9.479818344116e-01, 9.639024191488e-06, 0.0000e+00, 0.0000e+00, 
 1DIAGNOSTIC,    45, -9.480257034302e-01, 8.866122960135e-06, 0.0000e+00, 0.0000e+00, 
 1DIAGNOSTIC,    46, -9.480667114258e-01, 8.123527597367e-06, 0.0000e+00, 0.0000e+00, 
 1DIAGNOSTIC,    47, -9.481048583984e-01, 7.438212009363e-06, 0.0000e+00, 0.0000e+00, 
 1DIAGNOSTIC,    48, -9.481391906738e-01, 6.796216190406e-06, 0.0000e+00, 0.0000e+00, 
 1DIAGNOSTIC,    49, -9.481706619263e-01, 6.201124783934e-06, 0.0000e+00, 0.0000e+00, 
 1DIAGNOSTIC,    50, -9.481992721558e-01, 5.654125376345e-06, 0.0000e+00, 0.0000e+00, 
 1DIAGNOSTIC,    51, -9.482269287109e-01, 5.159368594885e-06, 0.0000e+00, 0.0000e+00, 
 1DIAGNOSTIC,    52, -9.482526779175e-01, 4.717739500636e-06, 0.0000e+00, 0.0000e+00, 
 1DIAGNOSTIC,    53, -9.482698440552e-01, 4.283733544764e-06, 0.0000e+00, 0.0000e+00, 
 1DIAGNOSTIC,    54, -9.482927322388e-01, 3.902358511033e-06, 0.0000e+00, 0.0000e+00, 
 1DIAGNOSTIC,    55, -9.483098983765e-01, 3.546125618266e-06, 0.0000e+00, 0.0000e+00, 
 1DIAGNOSTIC,    56, -9.483289718628e-01, 3.236552209299e-06, 0.0000e+00, 0.0000e+00, 
 1DIAGNOSTIC,    57, -9.483461380005e-01, 2.969973473620e-06, 0.0000e+00, 0.0000e+00, 
 1DIAGNOSTIC,    58, -9.483633041382e-01, 2.745260770723e-06, 0.0000e+00, 0.0000e+00, 
 1DIAGNOSTIC,    59, -9.483842849731e-01, 2.581827345360e-06, 0.0000e+00, 0.0000e+00, 
 1DIAGNOSTIC,    60, -9.483995437622e-01, 2.443724041332e-06, 0.0000e+00, 0.0000e+00, 
 1DIAGNOSTIC,    61, -9.484119415283e-01, 2.321246302676e-06, 0.0000e+00, 0.0000e+00, 
 1DIAGNOSTIC,    62, -9.484243392944e-01, 2.213854841969e-06, 0.0000e+00, 0.0000e+00, 
 1DIAGNOSTIC,    63, -9.484348297119e-01, 2.075832022060e-06, 0.0000e+00, 0.0000e+00, 
 1DIAGNOSTIC,    64, -9.484453201294e-01, 1.945983241634e-06, 0.0000e+00, 0.0000e+00, 
 1DIAGNOSTIC,    65, -9.484539031982e-01, 1.797948248814e-06, 0.0000e+00, 0.0000e+00, 
 1DIAGNOSTIC,    66, -9.484624862671e-01, 1.653574208806e-06, 0.0000e+00, 0.0000e+00, 
 1DIAGNOSTIC,    67, -9.484701156616e-01, 1.510891003854e-06, 0.0000e+00, 0.0000e+00, 
 1DIAGNOSTIC,    68, -9.484767913818e-01, 1.376097928944e-06, 0.0000e+00, 0.0000e+00, 
 1DIAGNOSTIC,    69, -9.484825134277e-01, 1.272863102147e-06, 0.0000e+00, 0.0000e+00, 
 1DIAGNOSTIC,    70, -9.484882354736e-01, 1.183622973007e-06, 0.0000e+00, 0.0000e+00, 
XXDIAGNOSTIC,Iteration,metricValue,convergenceValue,ITERATION_TIME_INDEX,SINCE_LAST
 1DIAGNOSTIC,     1, -9.008264541626e-01, 1.797693134862e+308, 0.0000e+00, 0.0000e+00, 
 1DIAGNOSTIC,     2, -9.028997421265e-01, 1.797693134862e+308, 0.0000e+00, 0.0000e+00, 
 1DIAGNOSTIC,     3, -9.053659439087e-01, 1.797693134862e+308, 0.0000e+00, 0.0000e+00, 
 1DIAGNOSTIC,     4, -9.077920913696e-01, 1.797693134862e+308, 0.0000e+00, 0.0000e+00, 
 1DIAGNOSTIC,     5, -9.101705551147e-01, 1.797693134862e+308, 0.0000e+00, 0.0000e+00, 
 1DIAGNOSTIC,     6, -9.123001098633e-01, 1.797693134862e+308, 0.0000e+00, 0.0000e+00, 
 1DIAGNOSTIC,     7, -9.142055511475e-01, 1.797693134862e+308, 0.0000e+00, 0.0000e+00, 
 1DIAGNOSTIC,     8, -9.159297943115e-01, 1.797693134862e+308, 0.0000e+00, 0.0000e+00, 
 1DIAGNOSTIC,     9, -9.175176620483e-01, 1.797693134862e+308, 0.0000e+00, 0.0000e+00, 
 1DIAGNOSTIC,    10, -9.189958572388e-01, 1.304766031274e-03, 0.0000e+00, 0.0000e+00, 
 1DIAGNOSTIC,    11, -9.203748703003e-01, 1.114463864159e-03, 2.0480e+03, 2.0480e+03, 
 1DIAGNOSTIC,    12, -9.216346740723e-01, 9.418333069602e-04, 2.0480e+03, 0.0000e+00, 
 1DIAGNOSTIC,    13, -9.226074218750e-01, 7.925096612949e-04, 2.0480e+03, 0.0000e+00, 
 1DIAGNOSTIC,    14, -9.237422943115e-01, 6.711691030127e-04, 2.0480e+03, 0.0000e+00, 
 1DIAGNOSTIC,    15, -9.244956970215e-01, 5.690440116707e-04, 2.0480e+03, 0.0000e+00, 
 1DIAGNOSTIC,    16, -9.253253936768e-01, 4.846192231092e-04, 2.0480e+03, 0.0000e+00, 
 1DIAGNOSTIC,    17, -9.259357452393e-01, 4.111430155875e-04, 2.0480e+03, 0.0000e+00, 
 1DIAGNOSTIC,    18, -9.265003204346e-01, 3.471075420583e-04, 2.0480e+03, 0.0000e+00, 
 1DIAGNOSTIC,    19, -9.270277023315e-01, 2.919695628890e-04, 2.0480e+03, 0.0000e+00, 
 1DIAGNOSTIC,    20, -9.275178909302e-01, 2.455046622074e-04, 2.0480e+03, 0.0000e+00, 
 1DIAGNOSTIC,    21, -9.279813766479e-01, 2.076122628319e-04, 2.0480e+03, 0.0000e+00, 
 1DIAGNOSTIC,    22, -9.284191131592e-01, 1.776109746519e-04, 2.0480e+03, 0.0000e+00, 
 1DIAGNOSTIC,    23, -9.288349151611e-01, 1.521349662099e-04, 2.0480e+03, 0.0000e+00, 
 1DIAGNOSTIC,    24, -9.292268753052e-01, 1.341685051311e-04, 2.0480e+03, 0.0000e+00, 
 1DIAGNOSTIC,    25, -9.296016693115e-01, 1.189020880065e-04, 2.0480e+03, 0.0000e+00, 
 1DIAGNOSTIC,    26, -9.299583435059e-01, 1.077055375167e-04, 2.0480e+03, 0.0000e+00, 
 1DIAGNOSTIC,    27, -9.302968978882e-01, 9.803552818590e-05, 2.0480e+03, 0.0000e+00, 
 1DIAGNOSTIC,    28, -9.306192398071e-01, 8.958411896517e-05, 2.0480e+03, 0.0000e+00, 
 1DIAGNOSTIC,    29, -9.309291839600e-01, 8.216943566219e-05, 2.0480e+03, 0.0000e+00, 
 1DIAGNOSTIC,    30, -9.312248229980e-01, 7.556771177376e-05, 2.0480e+03, 0.0000e+00, 
 1DIAGNOSTIC,    31, -9.315071105957e-01, 6.966941610807e-05, 2.0480e+03, 0.0000e+00, 
 1DIAGNOSTIC,    32, -9.317770004272e-01, 6.437106582274e-05, 2.0480e+03, 0.0000e+00, 
 1DIAGNOSTIC,    33, -9.320259094238e-01, 5.951591603305e-05, 2.0480e+03, 0.0000e+00, 
 1DIAGNOSTIC,    34, -9.322357177734e-01, 5.477315426172e-05, 2.0480e+03, 0.0000e+00, 
 1DIAGNOSTIC,    35, -9.324102401733e-01, 4.996350417119e-05, 2.0480e+03, 0.0000e+00, 
 1DIAGNOSTIC,    36, -9.325532913208e-01, 4.498121800941e-05, 2.0480e+03, 0.0000e+00, 
 1DIAGNOSTIC,    37, -9.326715469360e-01, 3.982645562749e-05, 2.0480e+03, 0.0000e+00, 
 1DIAGNOSTIC,    38, -9.327726364136e-01, 3.461892330863e-05, 2.0480e+03, 0.0000e+00, 
 1DIAGNOSTIC,    39, -9.328622817993e-01, 2.957484128496e-05, 2.0480e+03, 0.0000e+00, 
 1DIAGNOSTIC,    40, -9.329404830933e-01, 2.488305284189e-05, 2.0480e+03, 0.0000e+00, 
 1DIAGNOSTIC,    41, -9.330120086670e-01, 2.074484055798e-05, 2.0480e+03, 0.0000e+00, 
 1DIAGNOSTIC,    42, -9.330806732178e-01, 1.734542782670e-05, 4.0960e+03, 2.0480e+03, 
 1DIAGNOSTIC,    43, -9.331483840942e-01, 1.475622406378e-05, 4.0960e+03, 0.0000e+00, 
 1DIAGNOSTIC,    44, -9.332151412964e-01, 1.285329885680e-05, 4.0960e+03, 0.0000e+00, 
 1DIAGNOSTIC,    45, -9.332847595215e-01, 1.152258908146e-05, 4.0960e+03, 0.0000e+00, 
 1DIAGNOSTIC,    46, -9.333572387695e-01, 1.063771615227e-05, 4.0960e+03, 0.0000e+00, 
 1DIAGNOSTIC,    47, -9.334316253662e-01, 1.008217053700e-05, 4.0960e+03, 0.0000e+00, 
 1DIAGNOSTIC,    48, -9.335117340088e-01, 9.794239306086e-06, 4.0960e+03, 0.0000e+00, 
 1DIAGNOSTIC,    49, -9.335947036743e-01, 9.711664656332e-06, 4.0960e+03, 0.0000e+00, 
 1DIAGNOSTIC,    50, -9.336833953857e-01, 9.776146125573e-06, 4.0960e+03, 0.0000e+00, 
XXDIAGNOSTIC,Iteration,metricValue,convergenceValue,ITERATION_TIME_INDEX,SINCE_LAST
 1DIAGNOSTIC,     1, -8.873138427734e-01, 1.797693134862e+308, 4.0960e+03, 0.0000e+00, 
 1DIAGNOSTIC,     2, -8.885450363159e-01, 1.797693134862e+308, 4.0960e+03, 0.0000e+00, 
 1DIAGNOSTIC,     3, -8.901033401489e-01, 1.797693134862e+308, 6.1440e+03, 2.0480e+03, 
 1DIAGNOSTIC,     4, -8.916473388672e-01, 1.797693134862e+308, 6.1440e+03, 0.0000e+00, 
 1DIAGNOSTIC,     5, -8.933105468750e-01, 1.797693134862e+308, 6.1440e+03, 0.0000e+00, 
 1DIAGNOSTIC,     6, -8.949356079102e-01, 1.797693134862e+308, 6.1440e+03, 0.0000e+00, 
 1DIAGNOSTIC,     7, -8.964948654175e-01, 1.797693134862e+308, 8.1920e+03, 2.0480e+03, 
 1DIAGNOSTIC,     8, -8.978710174561e-01, 1.797693134862e+308, 8.1920e+03, 0.0000e+00, 
 1DIAGNOSTIC,     9, -8.991041183472e-01, 1.797693134862e+308, 8.1920e+03, 0.0000e+00, 
 1DIAGNOSTIC,    10, -9.001245498657e-01, 9.576080680272e-04, 8.1920e+03, 0.0000e+00, 
 1DIAGNOSTIC,    11, -9.010629653931e-01, 8.374127670416e-04, 1.0240e+04, 2.0480e+03, 
 1DIAGNOSTIC,    12, -9.019412994385e-01, 7.175385565724e-04, 1.0240e+04, 0.0000e+00, 
 1DIAGNOSTIC,    13, -9.027547836304e-01, 6.088723136492e-04, 1.0240e+04, 0.0000e+00, 
 1DIAGNOSTIC,    14, -9.035091400146e-01, 5.121420819435e-04, 1.0240e+04, 0.0000e+00, 
 1DIAGNOSTIC,    15, -9.041996002197e-01, 4.309913740886e-04, 1.2288e+04, 2.0480e+03, 
 1DIAGNOSTIC,    16, -9.048299789429e-01, 3.648248115359e-04, 1.2288e+04, 0.0000e+00, 
 1DIAGNOSTIC,    17, -9.053945541382e-01, 3.121556011305e-04, 1.2288e+04, 0.0000e+00, 
 1DIAGNOSTIC,    18, -9.059104919434e-01, 2.695470924990e-04, 1.4336e+04, 2.0480e+03, 
 1DIAGNOSTIC,    19, -9.063920974731e-01, 2.348637431448e-04, 1.4336e+04, 0.0000e+00, 
 1DIAGNOSTIC,    20, -9.068384170532e-01, 2.049064797336e-04, 1.4336e+04, 0.0000e+00, 
  Elapsed time (stage 0): 14336


Total elapsed time: 14336
