
##########################
# Experiment information #
##########################

EXPERIMENT_NAME: antsRegistration-r7-p10
VFC_BACKENDS: libinterflop_vprec.so --range-binary32=7 --precision-binary32=10 --range-binary64=7 --precision-binary64=10

SIF_IMG: /home/mdugre/projects/rrg-glatard/mdugre/containers/ants-vprec-no_metrics.simg

SUBJECT_ID: s007
INPUT_IMG: /home/mdugre/scratch/mri-registration-rp/datasets/ds004513/derivatives/mri-registration-rp/antsBrainExtraction/sub-s007/BrainExtractionBrain.nii.gz
OUTPUT_DIR: /home/mdugre/scratch/mri-registration-rp/datasets/ds004513/derivatives/mri-registration-rp/0011/antsRegistration-r7-p10/sub-s007

FIXED_IMG: /templateflow/tpl-MNI152NLin2009cAsym/tpl-MNI152NLin2009cAsym_res-01_desc-brain_T1w.nii.gz
DATA_DIR: /home/mdugre/scratch/mri-registration-rp/datasets/ds004513
TEMPLATEFLOW_DIR: /home/mdugre/projects/rrg-glatard/mdugre/templateflow
ITK_GLOBAL_DEFAULT_NUMBER_OF_THREADS: 16
##########################

Info [verificarlo]: loaded backend libinterflop_ieee.so
Info [interflop-ieee]: load backend with:
Info [interflop-ieee]: debug = false
Info [interflop-ieee]: debug-binary = false
Info [interflop-ieee]: no-backend-name = false
Info [interflop-ieee]: print-new-line = false
Info [interflop-ieee]: print-subnormal-normalized = false
Info [interflop-ieee]: count-op = false
All_Command_lines_OK
Using double precision for computations.
=============================================================================
The composite transform comprises the following transforms (in order): 
  1. Center of mass alignment using fixed image: /templateflow/tpl-MNI152NLin2009cAsym/tpl-MNI152NLin2009cAsym_res-01_desc-brain_T1w.nii.gz and moving image: /home/mdugre/scratch/mri-registration-rp/datasets/ds004513/derivatives/mri-registration-rp/antsBrainExtraction/sub-s007/BrainExtractionBrain.nii.gz (type = Euler3DTransform)
=============================================================================
  number of levels = 1
  fixed image: /templateflow/tpl-MNI152NLin2009cAsym/tpl-MNI152NLin2009cAsym_res-01_desc-brain_T1w.nii.gz
  moving image: /home/mdugre/scratch/mri-registration-rp/datasets/ds004513/derivatives/mri-registration-rp/antsBrainExtraction/sub-s007/BrainExtractionBrain.nii.gz
Dimension = 3
Number of stages = 1
Use histogram matching = false
Winsorize image intensities = true
  Lower quantile = 0.005
  Upper quantile = 0.995


Stage 1 State
   Image metric = MattesMI
     Fixed image = Image (0x37f9e70)
  RTTI typeinfo:   itk::Image<double, 3u>
  Reference Count: 2
  Modified Time: 2334
  Debug: Off
  Object Name: 
  Observers: 
    none
  Source: (none)
  Source output name: (none)
  Release Data: Off
  Data Released: False
  Global Release Data: Off
  PipelineMTime: 0
  UpdateMTime: 1943
  RealTimeStamp: 0 seconds 
  LargestPossibleRegion: 
    Dimension: 3
    Index: [0, 0, 0]
    Size: [193, 229, 193]
  BufferedRegion: 
    Dimension: 3
    Index: [0, 0, 0]
    Size: [193, 229, 193]
  RequestedRegion: 
    Dimension: 3
    Index: [0, 0, 0]
    Size: [193, 229, 193]
  Spacing: [1, 1, 1]
  Origin: [96, 132, -78]
  Direction: 
-1 0 0
0 -1 0
0 0 1

  IndexToPointMatrix: 
-1 0 0
0 -1 0
0 0 1

  PointToIndexMatrix: 
-1 0 0
0 -1 0
0 0 1

  Inverse Direction: 
-1 0 0
0 -1 0
0 0 1

  PixelContainer: 
    ImportImageContainer (0x3802c60)
      RTTI typeinfo:   itk::ImportImageContainer<unsigned long, double>
      Reference Count: 1
      Modified Time: 1940
      Debug: Off
      Object Name: 
      Observers: 
        none
      Pointer: 0x1524cdbfe010
      Container manages memory: true
      Size: 8530021
      Capacity: 8530021

     Moving image = Image (0x3896ec0)
  RTTI typeinfo:   itk::Image<double, 3u>
  Reference Count: 2
  Modified Time: 2335
  Debug: Off
  Object Name: 
  Observers: 
    none
  Source: (none)
  Source output name: (none)
  Release Data: Off
  Data Released: False
  Global Release Data: Off
  PipelineMTime: 0
  UpdateMTime: 2332
  RealTimeStamp: 0 seconds 
  LargestPossibleRegion: 
    Dimension: 3
    Index: [0, 0, 0]
    Size: [176, 240, 256]
  BufferedRegion: 
    Dimension: 3
    Index: [0, 0, 0]
    Size: [176, 240, 256]
  RequestedRegion: 
    Dimension: 3
    Index: [0, 0, 0]
    Size: [176, 240, 256]
  Spacing: [1, 1, 1]
  Origin: [93.4772, 83.7926, -132.68]
  Direction: 
-0.997185 -0.0749788 0
0.0749788 -0.997185 0
0 0 1

  IndexToPointMatrix: 
-0.997185 -0.0749788 0
0.0749787 -0.997185 0
0 0 1

  PointToIndexMatrix: 
-0.997185 0.0749788 0
-0.0749788 -0.997185 0
0 0 1

  Inverse Direction: 
-0.997185 0.0749788 0
-0.0749788 -0.997185 0
0 0 1

  PixelContainer: 
    ImportImageContainer (0x3894f90)
      RTTI typeinfo:   itk::ImportImageContainer<unsigned long, double>
      Reference Count: 1
      Modified Time: 2329
      Debug: Off
      Object Name: 
      Observers: 
        none
      Pointer: 0x1524c897d010
      Container manages memory: true
      Size: 10813440
      Capacity: 10813440

     Weighting = 1
     Sampling strategy = regular
     Number of bins = 32
     Radius = 4
     Sampling percentage  = 0.25
   Transform = Rigid
     Gradient step = 0.1
     Update field sigma (voxel space) = 0
     Total field sigma (voxel space) = 0
     Update field time sigma = 0
     Total field time sigma  = 0
     Number of time indices = 0
     Number of time point samples = 0
Registration using 1 total stages.

Stage 0
  iterations = 0
  convergence threshold = 1e-06
  convergence window size = 10
  number of levels = 1
  using the Mattes MI metric (number of bins = 32, weight = 1, use gradient filter = 0)
  preprocessing:  winsorizing the image intensities
  Shrink factors (level 1 out of 1): [1, 1, 1]
  smoothing sigmas per level: [0]
  regular sampling (percentage = 0.25)

*** Running Euler3DTransform registration ***

  Elapsed time (stage 0): 1.12778


Total elapsed time: 1.12995
Info [verificarlo]: loaded backend libinterflop_ieee.so
Info [interflop-ieee]: load backend with:
Info [interflop-ieee]: debug = false
Info [interflop-ieee]: debug-binary = false
Info [interflop-ieee]: no-backend-name = false
Info [interflop-ieee]: print-new-line = false
Info [interflop-ieee]: print-subnormal-normalized = false
Info [interflop-ieee]: count-op = false
All_Command_lines_OK
Using double precision for computations.
=============================================================================
The composite transform comprises the following transforms (in order): 
  1. /home/mdugre/scratch/mri-registration-rp/datasets/ds004513/derivatives/mri-registration-rp/0011/antsRegistration-r7-p10/sub-s007/align_Composite.h5[0] (type = Euler3DTransform)
  2. /home/mdugre/scratch/mri-registration-rp/datasets/ds004513/derivatives/mri-registration-rp/0011/antsRegistration-r7-p10/sub-s007/align_Composite.h5[1] (type = Euler3DTransform)
=============================================================================
  number of levels = 4
  fixed image: /templateflow/tpl-MNI152NLin2009cAsym/tpl-MNI152NLin2009cAsym_res-01_desc-brain_T1w.nii.gz
  moving image: /home/mdugre/scratch/mri-registration-rp/datasets/ds004513/derivatives/mri-registration-rp/antsBrainExtraction/sub-s007/BrainExtractionBrain.nii.gz
Dimension = 3
Number of stages = 1
Use histogram matching = false
Winsorize image intensities = true
  Lower quantile = 0.005
  Upper quantile = 0.995


Stage 1 State
   Image metric = MattesMI
     Fixed image = Image (0x357e530)
  RTTI typeinfo:   itk::Image<double, 3u>
  Reference Count: 2
  Modified Time: 1580
  Debug: Off
  Object Name: 
  Observers: 
    none
  Source: (none)
  Source output name: (none)
  Release Data: Off
  Data Released: False
  Global Release Data: Off
  PipelineMTime: 0
  UpdateMTime: 1189
  RealTimeStamp: 0 seconds 
  LargestPossibleRegion: 
    Dimension: 3
    Index: [0, 0, 0]
    Size: [193, 229, 193]
  BufferedRegion: 
    Dimension: 3
    Index: [0, 0, 0]
    Size: [193, 229, 193]
  RequestedRegion: 
    Dimension: 3
    Index: [0, 0, 0]
    Size: [193, 229, 193]
  Spacing: [1, 1, 1]
  Origin: [96, 132, -78]
  Direction: 
-1 0 0
0 -1 0
0 0 1

  IndexToPointMatrix: 
-1 0 0
0 -1 0
0 0 1

  PointToIndexMatrix: 
-1 0 0
0 -1 0
0 0 1

  Inverse Direction: 
-1 0 0
0 -1 0
0 0 1

  PixelContainer: 
    ImportImageContainer (0x363cd60)
      RTTI typeinfo:   itk::ImportImageContainer<unsigned long, double>
      Reference Count: 1
      Modified Time: 1186
      Debug: Off
      Object Name: 
      Observers: 
        none
      Pointer: 0x14dcc7337010
      Container manages memory: true
      Size: 8530021
      Capacity: 8530021

     Moving image = Image (0x362ef60)
  RTTI typeinfo:   itk::Image<double, 3u>
  Reference Count: 2
  Modified Time: 1581
  Debug: Off
  Object Name: 
  Observers: 
    none
  Source: (none)
  Source output name: (none)
  Release Data: Off
  Data Released: False
  Global Release Data: Off
  PipelineMTime: 0
  UpdateMTime: 1578
  RealTimeStamp: 0 seconds 
  LargestPossibleRegion: 
    Dimension: 3
    Index: [0, 0, 0]
    Size: [176, 240, 256]
  BufferedRegion: 
    Dimension: 3
    Index: [0, 0, 0]
    Size: [176, 240, 256]
  RequestedRegion: 
    Dimension: 3
    Index: [0, 0, 0]
    Size: [176, 240, 256]
  Spacing: [1, 1, 1]
  Origin: [93.4772, 83.7926, -132.68]
  Direction: 
-0.997185 -0.0749788 0
0.0749788 -0.997185 0
0 0 1

  IndexToPointMatrix: 
-0.997185 -0.0749788 0
0.0749787 -0.997185 0
0 0 1

  PointToIndexMatrix: 
-0.997185 0.0749788 0
-0.0749788 -0.997185 0
0 0 1

  Inverse Direction: 
-0.997185 0.0749788 0
-0.0749788 -0.997185 0
0 0 1

  PixelContainer: 
    ImportImageContainer (0x36206d0)
      RTTI typeinfo:   itk::ImportImageContainer<unsigned long, double>
      Reference Count: 1
      Modified Time: 1575
      Debug: Off
      Object Name: 
      Observers: 
        none
      Pointer: 0x14dcc20b6010
      Container manages memory: true
      Size: 10813440
      Capacity: 10813440

     Weighting = 1
     Sampling strategy = regular
     Number of bins = 32
     Radius = 4
     Sampling percentage  = 0.25
   Transform = Rigid
     Gradient step = 0.1
     Update field sigma (voxel space) = 0
     Total field sigma (voxel space) = 0
     Update field time sigma = 0
     Total field time sigma  = 0
     Number of time indices = 0
     Number of time point samples = 0
Registration using 1 total stages.

Stage 0
  iterations = 1000x500x250x100
  convergence threshold = 1e-06
  convergence window size = 10
  number of levels = 4
  using the Mattes MI metric (number of bins = 32, weight = 1, use gradient filter = 0)
  preprocessing:  winsorizing the image intensities
  Shrink factors (level 1 out of 4): [8, 8, 8]
  Shrink factors (level 2 out of 4): [4, 4, 4]
  Shrink factors (level 3 out of 4): [2, 2, 2]
  Shrink factors (level 4 out of 4): [1, 1, 1]
  smoothing sigmas per level: [3, 2, 1, 0]
  regular sampling (percentage = 0.25)

*** Running Euler3DTransform registration ***

DIAGNOSTIC,Iteration,metricValue,convergenceValue,ITERATION_TIME_INDEX,SINCE_LAST
 2DIAGNOSTIC,     1, -6.047857601818e-01, 1.797693134862e+308, 8.7093e-01, 8.7093e-01, 
 2DIAGNOSTIC,     2, -6.056948826394e-01, 1.797693134862e+308, 8.7620e-01, 5.2650e-03, 
 2DIAGNOSTIC,     3, -6.090837029519e-01, 1.797693134862e+308, 8.8117e-01, 4.9651e-03, 
 2DIAGNOSTIC,     4, -6.155138065650e-01, 1.797693134862e+308, 8.8605e-01, 4.8850e-03, 
 2DIAGNOSTIC,     5, -6.309060329287e-01, 1.797693134862e+308, 8.9130e-01, 5.2478e-03, 
 2DIAGNOSTIC,     6, -6.429154004005e-01, 1.797693134862e+308, 8.9751e-01, 6.2079e-03, 
 2DIAGNOSTIC,     7, -6.551119640178e-01, 1.797693134862e+308, 9.0339e-01, 5.8808e-03, 
 2DIAGNOSTIC,     8, -6.613674044253e-01, 1.797693134862e+308, 9.0970e-01, 6.3128e-03, 
 2DIAGNOSTIC,     9, -6.638038425010e-01, 1.797693134862e+308, 9.1469e-01, 4.9930e-03, 
 2DIAGNOSTIC,    10, -6.825185258744e-01, 8.285265274616e-03, 9.1996e-01, 5.2650e-03, 
 2DIAGNOSTIC,    11, -7.006407561032e-01, 8.411390829997e-03, 9.2624e-01, 6.2859e-03, 
 2DIAGNOSTIC,    12, -7.082148520604e-01, 8.057940257446e-03, 9.3122e-01, 4.9810e-03, 
 2DIAGNOSTIC,    13, -7.175849450531e-01, 7.471698359080e-03, 9.3710e-01, 5.8761e-03, 
 2DIAGNOSTIC,    14, -7.567838151830e-01, 7.674021995871e-03, 9.4495e-01, 7.8452e-03, 
 2DIAGNOSTIC,    15, -7.603266266083e-01, 7.647925429535e-03, 9.5092e-01, 5.9750e-03, 
 2DIAGNOSTIC,    16, -7.703374567130e-01, 7.501188998765e-03, 9.5628e-01, 5.3570e-03, 
 2DIAGNOSTIC,    17, -7.809490818670e-01, 7.251536894906e-03, 9.6157e-01, 5.2929e-03, 
 2DIAGNOSTIC,    18, -7.836749696469e-01, 6.574301519924e-03, 9.6871e-01, 7.1361e-03, 
 2DIAGNOSTIC,    19, -7.855481381347e-01, 5.450891983427e-03, 9.7374e-01, 5.0299e-03, 
 2DIAGNOSTIC,    20, -7.901050502239e-01, 4.417479100078e-03, 9.7878e-01, 5.0468e-03, 
 2DIAGNOSTIC,    21, -7.943493040784e-01, 3.522071577787e-03, 9.8567e-01, 6.8839e-03, 
 2DIAGNOSTIC,    22, -7.953487089111e-01, 2.548511668020e-03, 9.9120e-01, 5.5282e-03, 
 2DIAGNOSTIC,    23, -7.957428817800e-01, 1.587087129065e-03, 9.9663e-01, 5.4340e-03, 
 2DIAGNOSTIC,    24, -7.967246215345e-01, 1.238078483328e-03, 1.0015e+00, 4.8740e-03, 
 2DIAGNOSTIC,    25, -7.977329242151e-01, 8.732285513657e-04, 1.0065e+00, 5.0242e-03, 
 2DIAGNOSTIC,    26, -8.007053409013e-01, 6.498176766668e-04, 1.0133e+00, 6.7720e-03, 
 2DIAGNOSTIC,    27, -8.010559652791e-01, 5.425714543244e-04, 1.0184e+00, 5.0859e-03, 
 2DIAGNOSTIC,    28, -8.012252811007e-01, 4.348225684235e-04, 1.0240e+00, 5.6431e-03, 
 2DIAGNOSTIC,    29, -8.015670388287e-01, 3.237665483143e-04, 1.0296e+00, 5.5320e-03, 
 2DIAGNOSTIC,    30, -8.014819249455e-01, 2.466625281060e-04, 1.0345e+00, 4.9322e-03, 
 2DIAGNOSTIC,    31, -8.014244801885e-01, 2.035502540138e-04, 1.0400e+00, 5.4989e-03, 
 2DIAGNOSTIC,    32, -8.016028174850e-01, 1.585502353763e-04, 1.0450e+00, 5.0111e-03, 
 2DIAGNOSTIC,    33, -8.015450490258e-01, 1.057864039391e-04, 1.0499e+00, 4.8480e-03, 
 2DIAGNOSTIC,    34, -8.015288982028e-01, 5.750446359850e-05, 1.0547e+00, 4.8690e-03, 
 2DIAGNOSTIC,    35, -8.022408456429e-01, 2.489096774901e-05, 1.0604e+00, 5.6388e-03, 
 2DIAGNOSTIC,    36, -8.036791572589e-01, 3.862772873536e-05, 1.0679e+00, 7.5750e-03, 
 2DIAGNOSTIC,    37, -8.036897688216e-01, 5.132729051738e-05, 1.0725e+00, 4.5600e-03, 
 2DIAGNOSTIC,    38, -8.036921353735e-01, 6.041140141421e-05, 1.0778e+00, 5.2822e-03, 
 2DIAGNOSTIC,    39, -8.036932599206e-01, 6.693210914850e-05, 1.0832e+00, 5.4581e-03, 
 2DIAGNOSTIC,    40, -8.036947156141e-01, 6.588470140358e-05, 1.0899e+00, 6.7101e-03, 
 2DIAGNOSTIC,    41, -8.036972080996e-01, 5.788389208942e-05, 1.0945e+00, 4.5898e-03, 
 2DIAGNOSTIC,    42, -8.036978226566e-01, 4.653164784316e-05, 1.1010e+00, 6.4480e-03, 
 2DIAGNOSTIC,    43, -8.036984486383e-01, 3.116550451700e-05, 1.1058e+00, 4.8590e-03, 
 2DIAGNOSTIC,    44, -8.036996506181e-01, 1.349217488893e-05, 1.1114e+00, 5.5859e-03, 
 2DIAGNOSTIC,    45, -8.037008672829e-01, 1.065209765252e-06, 1.1223e+00, 1.0889e-02, 
DIAGNOSTIC,Iteration,metricValue,convergenceValue,ITERATION_TIME_INDEX,SINCE_LAST
 2DIAGNOSTIC,     1, -6.643053972979e-01, 1.797693134862e+308, 2.0189e+00, 8.9661e-01, 
 2DIAGNOSTIC,     2, -6.657307313975e-01, 1.797693134862e+308, 2.0471e+00, 2.8184e-02, 
 2DIAGNOSTIC,     3, -6.673802969718e-01, 1.797693134862e+308, 2.0760e+00, 2.8880e-02, 
 2DIAGNOSTIC,     4, -6.693470710004e-01, 1.797693134862e+308, 2.1042e+00, 2.8211e-02, 
 2DIAGNOSTIC,     5, -6.710475850501e-01, 1.797693134862e+308, 2.1326e+00, 2.8445e-02, 
 2DIAGNOSTIC,     6, -6.718133078584e-01, 1.797693134862e+308, 2.1642e+00, 3.1578e-02, 
 2DIAGNOSTIC,     7, -6.725440226025e-01, 1.797693134862e+308, 2.2034e+00, 3.9222e-02, 
 2DIAGNOSTIC,     8, -6.727946082338e-01, 1.797693134862e+308, 2.2366e+00, 3.3196e-02, 
 2DIAGNOSTIC,     9, -6.728285901748e-01, 1.797693134862e+308, 2.2756e+00, 3.8958e-02, 
 2DIAGNOSTIC,    10, -6.728150907985e-01, 8.570479451283e-04, 2.3069e+00, 3.1303e-02, 
 2DIAGNOSTIC,    11, -6.727709073331e-01, 5.875851922844e-04, 2.3383e+00, 3.1345e-02, 
 2DIAGNOSTIC,    12, -6.727366449876e-01, 3.595474858471e-04, 2.3664e+00, 2.8167e-02, 
 2DIAGNOSTIC,    13, -6.727438380870e-01, 1.875028434043e-04, 2.3981e+00, 3.1707e-02, 
 2DIAGNOSTIC,    14, -6.727354169982e-01, 8.164570261164e-05, 2.4296e+00, 3.1475e-02, 
 2DIAGNOSTIC,    15, -6.727275184892e-01, 3.023944739766e-05, 2.4608e+00, 3.1156e-02, 
 2DIAGNOSTIC,    16, -6.727086256766e-01, 2.036756305321e-06, 2.4906e+00, 2.9834e-02, 
DIAGNOSTIC,Iteration,metricValue,convergenceValue,ITERATION_TIME_INDEX,SINCE_LAST
 2DIAGNOSTIC,     1, -5.782038041135e-01, 1.797693134862e+308, 3.6350e+00, 1.1444e+00, 
 2DIAGNOSTIC,     2, -5.782906531970e-01, 1.797693134862e+308, 3.8954e+00, 2.6035e-01, 
 2DIAGNOSTIC,     3, -5.783547507474e-01, 1.797693134862e+308, 4.1488e+00, 2.5345e-01, 
 2DIAGNOSTIC,     4, -5.785973904619e-01, 1.797693134862e+308, 4.4169e+00, 2.6805e-01, 
 2DIAGNOSTIC,     5, -5.791917386577e-01, 1.797693134862e+308, 4.7248e+00, 3.0796e-01, 
 2DIAGNOSTIC,     6, -5.799375528655e-01, 1.797693134862e+308, 5.0746e+00, 3.4982e-01, 
 2DIAGNOSTIC,     7, -5.802807998922e-01, 1.797693134862e+308, 5.5072e+00, 4.3258e-01, 
 2DIAGNOSTIC,     8, -5.803413963572e-01, 1.797693134862e+308, 6.0062e+00, 4.9894e-01, 
 2DIAGNOSTIC,     9, -5.803433205144e-01, 1.797693134862e+308, 6.4621e+00, 4.5597e-01, 
 2DIAGNOSTIC,    10, -5.803438569778e-01, 3.091406051026e-04, 6.7119e+00, 2.4980e-01, 
 2DIAGNOSTIC,    11, -5.803409342699e-01, 2.529064608987e-04, 7.0191e+00, 3.0722e-01, 
 2DIAGNOSTIC,    12, -5.803389556504e-01, 1.871968891839e-04, 7.3105e+00, 2.9134e-01, 
 2DIAGNOSTIC,    13, -5.803386233286e-01, 1.177339592317e-04, 7.6027e+00, 2.9219e-01, 
 2DIAGNOSTIC,    14, -5.803384141351e-01, 5.612884705783e-05, 7.8969e+00, 2.9421e-01, 
 2DIAGNOSTIC,    15, -5.803390659310e-01, 1.674509271793e-05, 8.2134e+00, 3.1651e-01, 
 2DIAGNOSTIC,    16, -5.803381351924e-01, 3.494086248571e-06, 8.5288e+00, 3.1540e-01, 
 2DIAGNOSTIC,    17, -5.803359877748e-01, 1.453890058255e-06, 8.7951e+00, 2.6635e-01, 
 2DIAGNOSTIC,    18, -5.803341015429e-01, 1.277515744441e-06, 9.0505e+00, 2.5542e-01, 
 2DIAGNOSTIC,    19, -5.803364748429e-01, 1.274364026617e-06, 9.3386e+00, 2.8805e-01, 
 2DIAGNOSTIC,    20, -5.803349420128e-01, 1.282493930332e-06, 9.6324e+00, 2.9376e-01, 
 2DIAGNOSTIC,    21, -5.803346553712e-01, 1.246380992581e-06, 9.9384e+00, 3.0607e-01, 
 2DIAGNOSTIC,    22, -5.803330760746e-01, 1.161530844493e-06, 1.0262e+01, 3.2371e-01, 
 2DIAGNOSTIC,    23, -5.803314547495e-01, 1.070131049906e-06, 1.0572e+01, 3.1022e-01, 
 2DIAGNOSTIC,    24, -5.803319449464e-01, 1.020095368461e-06, 1.0827e+01, 2.5421e-01, 
DIAGNOSTIC,Iteration,metricValue,convergenceValue,ITERATION_TIME_INDEX,SINCE_LAST
 2DIAGNOSTIC,     1, -5.273811786409e-01, 1.797693134862e+308, 1.3478e+01, 2.6518e+00, 
 2DIAGNOSTIC,     2, -5.275872180962e-01, 1.797693134862e+308, 1.4861e+01, 1.3824e+00, 
 2DIAGNOSTIC,     3, -5.276520641043e-01, 1.797693134862e+308, 1.6293e+01, 1.4320e+00, 
 2DIAGNOSTIC,     4, -5.277158966330e-01, 1.797693134862e+308, 1.7695e+01, 1.4025e+00, 
 2DIAGNOSTIC,     5, -5.277552115722e-01, 1.797693134862e+308, 2.1092e+01, 3.3970e+00, 
 2DIAGNOSTIC,     6, -5.277549510125e-01, 1.797693134862e+308, 2.3229e+01, 2.1369e+00, 
 2DIAGNOSTIC,     7, -5.277550661990e-01, 1.797693134862e+308, 2.4982e+01, 1.7528e+00, 
 2DIAGNOSTIC,     8, -5.277547094880e-01, 1.797693134862e+308, 2.6568e+01, 1.5853e+00, 
 2DIAGNOSTIC,     9, -5.277543739184e-01, 1.797693134862e+308, 2.7994e+01, 1.4262e+00, 
 2DIAGNOSTIC,    10, -5.277542241942e-01, 3.600251098826e-05, 2.9575e+01, 1.5817e+00, 
 2DIAGNOSTIC,    11, -5.277543029268e-01, 1.675497625060e-05, 3.1227e+01, 1.6515e+00, 
 2DIAGNOSTIC,    12, -5.277542793279e-01, 8.698602514165e-06, 3.2790e+01, 1.5631e+00, 
 2DIAGNOSTIC,    13, -5.277538680053e-01, 3.949118247290e-06, 3.4699e+01, 1.9090e+00, 
 2DIAGNOSTIC,    14, -5.277537644703e-01, 2.150773276199e-06, 3.6227e+01, 1.5279e+00, 
 2DIAGNOSTIC,    15, -5.277536493727e-01, 2.010944753855e-06, 3.7630e+01, 1.4035e+00, 
 2DIAGNOSTIC,    16, -5.277535489179e-01, 1.885902215948e-06, 3.9004e+01, 1.3735e+00, 
 2DIAGNOSTIC,    17, -5.277534730952e-01, 1.786408182575e-06, 4.0682e+01, 1.6780e+00, 
 2DIAGNOSTIC,    18, -5.277532727334e-01, 1.689612490405e-06, 4.2202e+01, 1.5198e+00, 
 2DIAGNOSTIC,    19, -5.277529365558e-01, 1.591502342344e-06, 4.3592e+01, 1.3904e+00, 
 2DIAGNOSTIC,    20, -5.277527862838e-01, 1.502805601780e-06, 4.4981e+01, 1.3891e+00, 
 2DIAGNOSTIC,    21, -5.277527223881e-01, 1.430946853273e-06, 4.6519e+01, 1.5376e+00, 
 2DIAGNOSTIC,    22, -5.277530147385e-01, 1.380171126518e-06, 4.8594e+01, 2.0750e+00, 
 2DIAGNOSTIC,    23, -5.277529223567e-01, 1.328017399209e-06, 5.0249e+01, 1.6553e+00, 
 2DIAGNOSTIC,    24, -5.277528143801e-01, 1.280919568691e-06, 5.2014e+01, 1.7652e+00, 
 2DIAGNOSTIC,    25, -5.277526935484e-01, 1.236896140636e-06, 5.3811e+01, 1.7968e+00, 
 2DIAGNOSTIC,    26, -5.277525657246e-01, 1.194781895565e-06, 5.5392e+01, 1.5808e+00, 
 2DIAGNOSTIC,    27, -5.277524356473e-01, 1.154294168491e-06, 5.6776e+01, 1.3841e+00, 
 2DIAGNOSTIC,    28, -5.277523097650e-01, 1.112829661643e-06, 5.8181e+01, 1.4052e+00, 
 2DIAGNOSTIC,    29, -5.277521909314e-01, 1.068176595787e-06, 5.9647e+01, 1.4662e+00, 
 2DIAGNOSTIC,    30, -5.277522202107e-01, 1.027165553634e-06, 6.1200e+01, 1.5527e+00, 
  Elapsed time (stage 0): 6.2046e+01


Total elapsed time: 6.2049e+01
Info [verificarlo]: loaded backend libinterflop_vprec.so
Info [interflop-vprec]: load backend with: 
Info [interflop-vprec]: precision-binary32 = 10
Info [interflop-vprec]: range-binary32 = 7
Info [interflop-vprec]: precision-binary64 = 10
Info [interflop-vprec]: range-binary64 = 7
Info [interflop-vprec]: mode = ob
Info [interflop-vprec]: error-mode = rel
Info [interflop-vprec]: max-abs-error-exponent = -1022
Info [interflop-vprec]: daz = false
Info [interflop-vprec]: ftz = false
Info [interflop-vprec]: 	instrument = none
Info [interflop-vprec]: 	prec-input-file = (null)
Info [interflop-vprec]: 	prec-output-file = (null)
Info [interflop-vprec]: 	prec-log-file = (null)
All_Command_lines_OK
Using double precision for computations.
=============================================================================
The composite transform comprises the following transforms (in order): 
  1. /home/mdugre/scratch/mri-registration-rp/datasets/ds004513/derivatives/mri-registration-rp/0011/antsRegistration-r7-p10/sub-s007/rigid_Composite.h5[0] (type = Euler3DTransform)
  2. /home/mdugre/scratch/mri-registration-rp/datasets/ds004513/derivatives/mri-registration-rp/0011/antsRegistration-r7-p10/sub-s007/rigid_Composite.h5[1] (type = Euler3DTransform)
  3. /home/mdugre/scratch/mri-registration-rp/datasets/ds004513/derivatives/mri-registration-rp/0011/antsRegistration-r7-p10/sub-s007/rigid_Composite.h5[2] (type = Euler3DTransform)
=============================================================================
  number of levels = 4
  fixed image: /templateflow/tpl-MNI152NLin2009cAsym/tpl-MNI152NLin2009cAsym_res-01_desc-brain_T1w.nii.gz
  moving image: /home/mdugre/scratch/mri-registration-rp/datasets/ds004513/derivatives/mri-registration-rp/antsBrainExtraction/sub-s007/BrainExtractionBrain.nii.gz
Dimension = 3
Number of stages = 1
Use histogram matching = false
Winsorize image intensities = true
  Lower quantile = 0.005
  Upper quantile = 0.995


Stage 1 State
   Image metric = MattesMI
     Fixed image = Image (0x33a9490)
  RTTI typeinfo:   itk::Image<double, 3u>
  Reference Count: 2
  Modified Time: 1592
  Debug: Off
  Object Name: 
  Observers: 
    none
  Source: (none)
  Source output name: (none)
  Release Data: Off
  Data Released: False
  Global Release Data: Off
  PipelineMTime: 0
  UpdateMTime: 1203
  RealTimeStamp: 0 seconds 
  LargestPossibleRegion: 
    Dimension: 3
    Index: [0, 0, 0]
    Size: [193, 229, 193]
  BufferedRegion: 
    Dimension: 3
    Index: [0, 0, 0]
    Size: [193, 229, 193]
  RequestedRegion: 
    Dimension: 3
    Index: [0, 0, 0]
    Size: [193, 229, 193]
  Spacing: [1, 1, 1]
  Origin: [96, 132, -78]
  Direction: 
-1 0 0
0 -1 0
0 0 1

  IndexToPointMatrix: 
-1 0 0
0 -1 0
0 0 1

  PointToIndexMatrix: 
-1 0 0
0 -1 0
0 0 1

  Inverse Direction: 
-1 0 0
0 -1 0
0 0 1

  PixelContainer: 
    ImportImageContainer (0x34748c0)
      RTTI typeinfo:   itk::ImportImageContainer<unsigned long, double>
      Reference Count: 1
      Modified Time: 1200
      Debug: Off
      Object Name: 
      Observers: 
        none
      Pointer: 0x14bf3f96b010
      Container manages memory: true
      Size: 8530021
      Capacity: 8530021

     Moving image = Image (0x3464b60)
  RTTI typeinfo:   itk::Image<double, 3u>
  Reference Count: 2
  Modified Time: 1593
  Debug: Off
  Object Name: 
  Observers: 
    none
  Source: (none)
  Source output name: (none)
  Release Data: Off
  Data Released: False
  Global Release Data: Off
  PipelineMTime: 0
  UpdateMTime: 1590
  RealTimeStamp: 0 seconds 
  LargestPossibleRegion: 
    Dimension: 3
    Index: [0, 0, 0]
    Size: [176, 240, 256]
  BufferedRegion: 
    Dimension: 3
    Index: [0, 0, 0]
    Size: [176, 240, 256]
  RequestedRegion: 
    Dimension: 3
    Index: [0, 0, 0]
    Size: [176, 240, 256]
  Spacing: [1, 1, 1]
  Origin: [93.5, 83.8125, -132.625]
  Direction: 
-0.99707 -0.0749512 0
0.0749512 -0.99707 0
0 0 1

  IndexToPointMatrix: 
-0.99707 -0.0749512 0
0.0749512 -0.99707 0
0 0 1

  PointToIndexMatrix: 
-0.99707 0.0749512 0
-0.0749512 -0.99707 0
0 0 1

  Inverse Direction: 
-0.99707 0.0749512 0
-0.0749512 -0.99707 0
0 0 1

  PixelContainer: 
    ImportImageContainer (0x33dcbd0)
      RTTI typeinfo:   itk::ImportImageContainer<unsigned long, double>
      Reference Count: 1
      Modified Time: 1587
      Debug: Off
      Object Name: 
      Observers: 
        none
      Pointer: 0x14bf3a6ea010
      Container manages memory: true
      Size: 10813440
      Capacity: 10813440

     Weighting = 1
     Sampling strategy = regular
     Number of bins = 32
     Radius = 4
     Sampling percentage  = 0.25
   Transform = Affine
     Gradient step = 0.1
     Update field sigma (voxel space) = 0
     Total field sigma (voxel space) = 0
     Update field time sigma = 0
     Total field time sigma  = 0
     Number of time indices = 0
     Number of time point samples = 0
Registration using 1 total stages.

Stage 0
  iterations = 1000x500x250x100
  convergence threshold = 1e-06
  convergence window size = 10
  number of levels = 4
  using the Mattes MI metric (number of bins = 32, weight = 1, use gradient filter = 0)
  preprocessing:  winsorizing the image intensities
  Shrink factors (level 1 out of 4): [8, 8, 8]
  Shrink factors (level 2 out of 4): [4, 4, 4]
  Shrink factors (level 3 out of 4): [2, 2, 2]
  Shrink factors (level 4 out of 4): [1, 1, 1]
  smoothing sigmas per level: [3, 2, 1, 0]
  regular sampling (percentage = 0.25)

*** Running AffineTransform registration ***

DIAGNOSTIC,Iteration,metricValue,convergenceValue,ITERATION_TIME_INDEX,SINCE_LAST
 2DIAGNOSTIC,     1, -8.024618336950e-01, 1.797693134862e+308, 0.0000e+00, 0.0000e+00, 
 2DIAGNOSTIC,     2, -8.034892150652e-01, 1.797693134862e+308, 0.0000e+00, 0.0000e+00, 
 2DIAGNOSTIC,     3, -8.058322421829e-01, 1.797693134862e+308, 0.0000e+00, 0.0000e+00, 
 2DIAGNOSTIC,     4, -8.100474730155e-01, 1.797693134862e+308, 0.0000e+00, 0.0000e+00, 
 2DIAGNOSTIC,     5, -8.168950047486e-01, 1.797693134862e+308, 0.0000e+00, 0.0000e+00, 
 2DIAGNOSTIC,     6, -8.229713353514e-01, 1.797693134862e+308, 0.0000e+00, 0.0000e+00, 
 2DIAGNOSTIC,     7, -8.369869649409e-01, 1.797693134862e+308, 0.0000e+00, 0.0000e+00, 
 2DIAGNOSTIC,     8, -8.581907183606e-01, 1.797693134862e+308, 0.0000e+00, 0.0000e+00, 
 2DIAGNOSTIC,     9, -8.819083876578e-01, 1.797693134862e+308, 0.0000e+00, 0.0000e+00, 
 2DIAGNOSTIC,    10, -9.018027145620e-01, 7.435680141889e-03, 0.0000e+00, 0.0000e+00, 
 2DIAGNOSTIC,    11, -9.016774791825e-01, 7.813980430127e-03, 0.0000e+00, 0.0000e+00, 
 2DIAGNOSTIC,    12, -9.015950962031e-01, 7.466089638290e-03, 0.0000e+00, 0.0000e+00, 
 2DIAGNOSTIC,    13, -9.013409952892e-01, 6.555246921224e-03, 0.0000e+00, 0.0000e+00, 
 2DIAGNOSTIC,    14, -9.013391705281e-01, 5.278686292171e-03, 0.0000e+00, 0.0000e+00, 
 2DIAGNOSTIC,    15, -9.013710384971e-01, 3.851278571685e-03, 0.0000e+00, 0.0000e+00, 
 2DIAGNOSTIC,    16, -9.014586282666e-01, 2.389930445362e-03, 0.0000e+00, 0.0000e+00, 
 2DIAGNOSTIC,    17, -9.014761425651e-01, 1.161315359268e-03, 0.0000e+00, 0.0000e+00, 
 2DIAGNOSTIC,    18, -9.013906273167e-01, 3.461456521358e-04, 0.0000e+00, 0.0000e+00, 
DIAGNOSTIC,Iteration,metricValue,convergenceValue,ITERATION_TIME_INDEX,SINCE_LAST
 2DIAGNOSTIC,     1, -7.445236723537e-01, 1.797693134862e+308, 0.0000e+00, 0.0000e+00, 
 2DIAGNOSTIC,     2, -7.449199758418e-01, 1.797693134862e+308, 0.0000e+00, 0.0000e+00, 
 2DIAGNOSTIC,     3, -7.451240584574e-01, 1.797693134862e+308, 0.0000e+00, 0.0000e+00, 
 2DIAGNOSTIC,     4, -7.452604402848e-01, 1.797693134862e+308, 0.0000e+00, 0.0000e+00, 
 2DIAGNOSTIC,     5, -7.456378011970e-01, 1.797693134862e+308, 0.0000e+00, 0.0000e+00, 
 2DIAGNOSTIC,     6, -7.455621146227e-01, 1.797693134862e+308, 0.0000e+00, 0.0000e+00, 
 2DIAGNOSTIC,     7, -7.455734700197e-01, 1.797693134862e+308, 0.0000e+00, 0.0000e+00, 
 2DIAGNOSTIC,     8, -7.455918835126e-01, 1.797693134862e+308, 0.0000e+00, 0.0000e+00, 
 2DIAGNOSTIC,     9, -7.456025359012e-01, 1.797693134862e+308, 0.0000e+00, 0.0000e+00, 
 2DIAGNOSTIC,    10, -7.456060877395e-01, 8.163086758008e-05, 0.0000e+00, 0.0000e+00, 
 2DIAGNOSTIC,    11, -7.455938596090e-01, 4.560442188234e-05, 0.0000e+00, 0.0000e+00, 
 2DIAGNOSTIC,    12, -7.455742487601e-01, 2.354275044955e-05, 0.0000e+00, 0.0000e+00, 
 2DIAGNOSTIC,    13, -7.455906225513e-01, 9.204453672459e-06, 0.0000e+00, 0.0000e+00, 
DIAGNOSTIC,Iteration,metricValue,convergenceValue,ITERATION_TIME_INDEX,SINCE_LAST
 2DIAGNOSTIC,     1, -6.353185862377e-01, 1.797693134862e+308, 0.0000e+00, 0.0000e+00, 
 2DIAGNOSTIC,     2, -6.353909715944e-01, 1.797693134862e+308, 0.0000e+00, 0.0000e+00, 
 2DIAGNOSTIC,     3, -6.353900621914e-01, 1.797693134862e+308, 0.0000e+00, 0.0000e+00, 
 2DIAGNOSTIC,     4, -6.355697024285e-01, 1.797693134862e+308, 0.0000e+00, 0.0000e+00, 
 2DIAGNOSTIC,     5, -6.357237414559e-01, 1.797693134862e+308, 0.0000e+00, 0.0000e+00, 
 2DIAGNOSTIC,     6, -6.358767832498e-01, 1.797693134862e+308, 0.0000e+00, 0.0000e+00, 
 2DIAGNOSTIC,     7, -6.362511372834e-01, 1.797693134862e+308, 0.0000e+00, 0.0000e+00, 
 2DIAGNOSTIC,     8, -6.367811231253e-01, 1.797693134862e+308, 0.0000e+00, 0.0000e+00, 
 2DIAGNOSTIC,     9, -6.376115252339e-01, 1.797693134862e+308, 0.0000e+00, 0.0000e+00, 
 2DIAGNOSTIC,    10, -6.381821665114e-01, 2.735731546220e-04, 0.0000e+00, 0.0000e+00, 
 2DIAGNOSTIC,    11, -6.387199281440e-01, 3.149458739697e-04, 0.0000e+00, 0.0000e+00, 
 2DIAGNOSTIC,    12, -6.392563585375e-01, 3.438266467820e-04, 0.0000e+00, 0.0000e+00, 
 2DIAGNOSTIC,    13, -6.404381187030e-01, 3.772273698633e-04, 0.0000e+00, 0.0000e+00, 
 2DIAGNOSTIC,    14, -6.413780907898e-01, 4.061441406759e-04, 0.0000e+00, 0.0000e+00, 
 2DIAGNOSTIC,    15, -6.426116562737e-01, 4.350178954545e-04, 0.0000e+00, 0.0000e+00, 
 2DIAGNOSTIC,    16, -6.428058986387e-01, 4.297949316183e-04, 0.0000e+00, 0.0000e+00, 
 2DIAGNOSTIC,    17, -6.428121002999e-01, 3.959703718234e-04, 0.0000e+00, 0.0000e+00, 
 2DIAGNOSTIC,    18, -6.429275409899e-01, 3.450311685295e-04, 0.0000e+00, 0.0000e+00, 
 2DIAGNOSTIC,    19, -6.431546507400e-01, 2.916860876236e-04, 0.0000e+00, 0.0000e+00, 
 2DIAGNOSTIC,    20, -6.433154083609e-01, 2.324292872350e-04, 0.0000e+00, 0.0000e+00, 
 2DIAGNOSTIC,    21, -6.433131175697e-01, 1.686881888443e-04, 0.0000e+00, 0.0000e+00, 
 2DIAGNOSTIC,    22, -6.433171776616e-01, 1.059919059009e-04, 0.0000e+00, 0.0000e+00, 
 2DIAGNOSTIC,    23, -6.433258345740e-01, 6.169271844811e-05, 0.0000e+00, 0.0000e+00, 
 2DIAGNOSTIC,    24, -6.433232003156e-01, 3.197031578870e-05, 0.0000e+00, 0.0000e+00, 
 2DIAGNOSTIC,    25, -6.434909970331e-01, 2.641516168628e-05, 0.0000e+00, 0.0000e+00, 
 2DIAGNOSTIC,    26, -6.435489354442e-01, 2.310741795288e-05, 0.0000e+00, 0.0000e+00, 
 2DIAGNOSTIC,    27, -6.438781532633e-01, 2.342394011598e-05, 0.0000e+00, 0.0000e+00, 
 2DIAGNOSTIC,    28, -6.438823380406e-01, 2.323300630332e-05, 0.0000e+00, 0.0000e+00, 
 2DIAGNOSTIC,    29, -6.439275968660e-01, 2.502595230193e-05, 0.0000e+00, 0.0000e+00, 
 2DIAGNOSTIC,    30, -6.439606673492e-01, 2.721733464306e-05, 0.0000e+00, 0.0000e+00, 
 2DIAGNOSTIC,    31, -6.439743875911e-01, 2.681024502211e-05, 0.0000e+00, 0.0000e+00, 
 2DIAGNOSTIC,    32, -6.441686053788e-01, 2.659818784986e-05, 0.0000e+00, 0.0000e+00, 
 2DIAGNOSTIC,    33, -6.442786248766e-01, 2.542901564095e-05, 0.0000e+00, 0.0000e+00, 
 2DIAGNOSTIC,    34, -6.443195487206e-01, 2.241031523944e-05, 0.0000e+00, 0.0000e+00, 
 2DIAGNOSTIC,    35, -6.443482453899e-01, 1.998825407669e-05, 0.0000e+00, 0.0000e+00, 
 2DIAGNOSTIC,    36, -6.444071887268e-01, 1.713804284294e-05, 0.0000e+00, 0.0000e+00, 
 2DIAGNOSTIC,    37, -6.444175510060e-01, 1.683791237952e-05, 0.0000e+00, 0.0000e+00, 
 2DIAGNOSTIC,    38, -6.444353409950e-01, 1.517718997730e-05, 0.0000e+00, 0.0000e+00, 
 2DIAGNOSTIC,    39, -6.444356026517e-01, 1.269239723876e-05, 0.0000e+00, 0.0000e+00, 
 2DIAGNOSTIC,    40, -6.444361177359e-01, 9.530719392657e-06, 0.0000e+00, 0.0000e+00, 
 2DIAGNOSTIC,    41, -6.444161954320e-01, 5.498939218116e-06, 0.0000e+00, 0.0000e+00, 
 2DIAGNOSTIC,    42, -6.444205824084e-01, 3.208028929565e-06, 0.0000e+00, 0.0000e+00, 
 2DIAGNOSTIC,    43, -6.444237398878e-01, 1.877384100176e-06, 0.0000e+00, 0.0000e+00, 
DIAGNOSTIC,Iteration,metricValue,convergenceValue,ITERATION_TIME_INDEX,SINCE_LAST
 2DIAGNOSTIC,     1, -5.760367666897e-01, 1.797693134862e+308, 0.0000e+00, 0.0000e+00, 
 2DIAGNOSTIC,     2, -5.765018818045e-01, 1.797693134862e+308, 0.0000e+00, 0.0000e+00, 
 2DIAGNOSTIC,     3, -5.769131320421e-01, 1.797693134862e+308, 0.0000e+00, 0.0000e+00, 
 2DIAGNOSTIC,     4, -5.773600479193e-01, 1.797693134862e+308, 0.0000e+00, 0.0000e+00, 
 2DIAGNOSTIC,     5, -5.773970241027e-01, 1.797693134862e+308, 0.0000e+00, 0.0000e+00, 
 2DIAGNOSTIC,     6, -5.774524570396e-01, 1.797693134862e+308, 0.0000e+00, 0.0000e+00, 
 2DIAGNOSTIC,     7, -5.774587785919e-01, 1.797693134862e+308, 0.0000e+00, 0.0000e+00, 
 2DIAGNOSTIC,     8, -5.776360935503e-01, 1.797693134862e+308, 0.0000e+00, 0.0000e+00, 
 2DIAGNOSTIC,     9, -5.776264786195e-01, 1.797693134862e+308, 0.0000e+00, 0.0000e+00, 
 2DIAGNOSTIC,    10, -5.776850418075e-01, 1.572598566783e-04, 0.0000e+00, 0.0000e+00, 
 2DIAGNOSTIC,    11, -5.776773698851e-01, 9.621137375272e-05, 0.0000e+00, 0.0000e+00, 
 2DIAGNOSTIC,    12, -5.776760167488e-01, 5.550689450549e-05, 0.0000e+00, 0.0000e+00, 
 2DIAGNOSTIC,    13, -5.776708651062e-01, 3.091620976710e-05, 0.0000e+00, 0.0000e+00, 
 2DIAGNOSTIC,    14, -5.776683309889e-01, 2.262876034929e-05, 0.0000e+00, 0.0000e+00, 
 2DIAGNOSTIC,    15, -5.776696511808e-01, 1.464914718503e-05, 0.0000e+00, 0.0000e+00, 
 2DIAGNOSTIC,    16, -5.776695947864e-01, 8.078226866617e-06, 0.0000e+00, 0.0000e+00, 
 2DIAGNOSTIC,    17, -5.776696111076e-01, 1.596924969760e-06, 0.0000e+00, 0.0000e+00, 
  Elapsed time (stage 0): 0.0000e+00


Total elapsed time: 0.0000e+00
Info [verificarlo]: loaded backend libinterflop_vprec.so
Info [interflop-vprec]: load backend with: 
Info [interflop-vprec]: precision-binary32 = 10
Info [interflop-vprec]: range-binary32 = 7
Info [interflop-vprec]: precision-binary64 = 10
Info [interflop-vprec]: range-binary64 = 7
Info [interflop-vprec]: mode = ob
Info [interflop-vprec]: error-mode = rel
Info [interflop-vprec]: max-abs-error-exponent = -1022
Info [interflop-vprec]: daz = false
Info [interflop-vprec]: ftz = false
Info [interflop-vprec]: 	instrument = none
Info [interflop-vprec]: 	prec-input-file = (null)
Info [interflop-vprec]: 	prec-output-file = (null)
Info [interflop-vprec]: 	prec-log-file = (null)
All_Command_lines_OK
Using double precision for computations.
=============================================================================
The composite transform comprises the following transforms (in order): 
  1. /home/mdugre/scratch/mri-registration-rp/datasets/ds004513/derivatives/mri-registration-rp/0011/antsRegistration-r7-p10/sub-s007/affine_Composite.h5[0] (type = Euler3DTransform)
  2. /home/mdugre/scratch/mri-registration-rp/datasets/ds004513/derivatives/mri-registration-rp/0011/antsRegistration-r7-p10/sub-s007/affine_Composite.h5[1] (type = Euler3DTransform)
  3. /home/mdugre/scratch/mri-registration-rp/datasets/ds004513/derivatives/mri-registration-rp/0011/antsRegistration-r7-p10/sub-s007/affine_Composite.h5[2] (type = Euler3DTransform)
  4. /home/mdugre/scratch/mri-registration-rp/datasets/ds004513/derivatives/mri-registration-rp/0011/antsRegistration-r7-p10/sub-s007/affine_Composite.h5[3] (type = AffineTransform)
=============================================================================
  number of levels = 4
  fixed image: /templateflow/tpl-MNI152NLin2009cAsym/tpl-MNI152NLin2009cAsym_res-01_desc-brain_T1w.nii.gz
  moving image: /home/mdugre/scratch/mri-registration-rp/datasets/ds004513/derivatives/mri-registration-rp/antsBrainExtraction/sub-s007/BrainExtractionBrain.nii.gz
Dimension = 3
Number of stages = 1
Use histogram matching = false
Winsorize image intensities = true
  Lower quantile = 0.005
  Upper quantile = 0.995


Stage 1 State
   Image metric = CC
     Fixed image = Image (0x49806f0)
  RTTI typeinfo:   itk::Image<double, 3u>
  Reference Count: 2
  Modified Time: 1606
  Debug: Off
  Object Name: 
  Observers: 
    none
  Source: (none)
  Source output name: (none)
  Release Data: Off
  Data Released: False
  Global Release Data: Off
  PipelineMTime: 0
  UpdateMTime: 1217
  RealTimeStamp: 0 seconds 
  LargestPossibleRegion: 
    Dimension: 3
    Index: [0, 0, 0]
    Size: [193, 229, 193]
  BufferedRegion: 
    Dimension: 3
    Index: [0, 0, 0]
    Size: [193, 229, 193]
  RequestedRegion: 
    Dimension: 3
    Index: [0, 0, 0]
    Size: [193, 229, 193]
  Spacing: [1, 1, 1]
  Origin: [96, 132, -78]
  Direction: 
-1 0 0
0 -1 0
0 0 1

  IndexToPointMatrix: 
-1 0 0
0 -1 0
0 0 1

  PointToIndexMatrix: 
-1 0 0
0 -1 0
0 0 1

  Inverse Direction: 
-1 0 0
0 -1 0
0 0 1

  PixelContainer: 
    ImportImageContainer (0x4a4e8b0)
      RTTI typeinfo:   itk::ImportImageContainer<unsigned long, double>
      Reference Count: 1
      Modified Time: 1214
      Debug: Off
      Object Name: 
      Observers: 
        none
      Pointer: 0x154cc8be0010
      Container manages memory: true
      Size: 8530021
      Capacity: 8530021

     Moving image = Image (0x4a3c240)
  RTTI typeinfo:   itk::Image<double, 3u>
  Reference Count: 2
  Modified Time: 1607
  Debug: Off
  Object Name: 
  Observers: 
    none
  Source: (none)
  Source output name: (none)
  Release Data: Off
  Data Released: False
  Global Release Data: Off
  PipelineMTime: 0
  UpdateMTime: 1604
  RealTimeStamp: 0 seconds 
  LargestPossibleRegion: 
    Dimension: 3
    Index: [0, 0, 0]
    Size: [176, 240, 256]
  BufferedRegion: 
    Dimension: 3
    Index: [0, 0, 0]
    Size: [176, 240, 256]
  RequestedRegion: 
    Dimension: 3
    Index: [0, 0, 0]
    Size: [176, 240, 256]
  Spacing: [1, 1, 1]
  Origin: [93.5, 83.8125, -132.625]
  Direction: 
-0.99707 -0.0749512 0
0.0749512 -0.99707 0
0 0 1

  IndexToPointMatrix: 
-0.99707 -0.0749512 0
0.0749512 -0.99707 0
0 0 1

  PointToIndexMatrix: 
-0.99707 0.0749512 0
-0.0749512 -0.99707 0
0 0 1

  Inverse Direction: 
-0.99707 0.0749512 0
-0.0749512 -0.99707 0
0 0 1

  PixelContainer: 
    ImportImageContainer (0x4a7a690)
      RTTI typeinfo:   itk::ImportImageContainer<unsigned long, double>
      Reference Count: 1
      Modified Time: 1601
      Debug: Off
      Object Name: 
      Observers: 
        none
      Pointer: 0x154cc395f010
      Container manages memory: true
      Size: 10813440
      Capacity: 10813440

     Weighting = 1
     Sampling strategy = none
     Number of bins = 32
     Radius = 4
     Sampling percentage  = 1
   Transform = SyN
     Gradient step = 0.1
     Update field sigma (voxel space) = 3
     Total field sigma (voxel space) = 0
     Update field time sigma = 0
     Total field time sigma  = 0
     Number of time indices = 0
     Number of time point samples = 0
Registration using 1 total stages.

Stage 0
  iterations = 100x70x50x20
  convergence threshold = 1e-06
  convergence window size = 10
  number of levels = 4
  using the CC metric (radius = 4, weight = 1, use gradient filter = 0)
  preprocessing:  winsorizing the image intensities
  Shrink factors (level 1 out of 4): [8, 8, 8]
  Shrink factors (level 2 out of 4): [4, 4, 4]
  Shrink factors (level 3 out of 4): [2, 2, 2]
  Shrink factors (level 4 out of 4): [1, 1, 1]
  smoothing sigmas per level: [3, 2, 1, 0]
  Using default NONE metricSamplingStrategy 

*** Running SyN registration (varianceForUpdateField = 3, varianceForTotalField = 0) ***

XXDIAGNOSTIC,Iteration,metricValue,convergenceValue,ITERATION_TIME_INDEX,SINCE_LAST
 1DIAGNOSTIC,     1, -9.291992187500e-01, 1.797693134862e+308, 0.0000e+00, 0.0000e+00, 
 1DIAGNOSTIC,     2, -9.389648437500e-01, 1.797693134862e+308, 0.0000e+00, 0.0000e+00, 
 1DIAGNOSTIC,     3, -9.458007812500e-01, 1.797693134862e+308, 0.0000e+00, 0.0000e+00, 
 1DIAGNOSTIC,     4, -9.497070312500e-01, 1.797693134862e+308, 0.0000e+00, 0.0000e+00, 
 1DIAGNOSTIC,     5, -9.521484375000e-01, 1.797693134862e+308, 0.0000e+00, 0.0000e+00, 
 1DIAGNOSTIC,     6, -9.536132812500e-01, 1.797693134862e+308, 0.0000e+00, 0.0000e+00, 
 1DIAGNOSTIC,     7, -9.555664062500e-01, 1.797693134862e+308, 0.0000e+00, 0.0000e+00, 
 1DIAGNOSTIC,     8, -9.575195312500e-01, 1.797693134862e+308, 0.0000e+00, 0.0000e+00, 
 1DIAGNOSTIC,     9, -9.594726562500e-01, 1.797693134862e+308, 0.0000e+00, 0.0000e+00, 
 1DIAGNOSTIC,    10, -9.619140625000e-01, 1.849351021764e-03, 0.0000e+00, 0.0000e+00, 
 1DIAGNOSTIC,    11, -9.643554687500e-01, 1.334649994522e-03, 0.0000e+00, 0.0000e+00, 
 1DIAGNOSTIC,    12, -9.648437500000e-01, 1.038057628033e-03, 0.0000e+00, 0.0000e+00, 
 1DIAGNOSTIC,    13, -9.653320312500e-01, 8.607163218690e-04, 0.0000e+00, 0.0000e+00, 
 1DIAGNOSTIC,    14, -9.658203125000e-01, 7.235116125265e-04, 0.0000e+00, 0.0000e+00, 
 1DIAGNOSTIC,    15, -9.658203125000e-01, 5.863489660177e-04, 0.0000e+00, 0.0000e+00, 
 1DIAGNOSTIC,    16, -9.663085937500e-01, 4.483238236292e-04, 0.0000e+00, 0.0000e+00, 
 1DIAGNOSTIC,    17, -9.663085937500e-01, 3.192845689627e-04, 0.0000e+00, 0.0000e+00, 
 1DIAGNOSTIC,    18, -9.667968750000e-01, 2.156336341585e-04, 0.0000e+00, 0.0000e+00, 
 1DIAGNOSTIC,    19, -9.667968750000e-01, 1.327714232939e-04, 0.0000e+00, 0.0000e+00, 
 1DIAGNOSTIC,    20, -9.667968750000e-01, 8.135337188083e-05, 0.0000e+00, 0.0000e+00, 
 1DIAGNOSTIC,    21, -9.667968750000e-01, 6.176136450903e-05, 0.0000e+00, 0.0000e+00, 
 1DIAGNOSTIC,    22, -9.667968750000e-01, 4.462661943427e-05, 0.0000e+00, 0.0000e+00, 
 1DIAGNOSTIC,    23, -9.667968750000e-01, 3.091965713812e-05, 0.0000e+00, 0.0000e+00, 
 1DIAGNOSTIC,    24, -9.667968750000e-01, 2.154677704912e-05, 0.0000e+00, 0.0000e+00, 
 1DIAGNOSTIC,    25, -9.667968750000e-01, 1.083210294585e-05, 0.0000e+00, 0.0000e+00, 
 1DIAGNOSTIC,    26, -9.667968750000e-01, 5.557156881150e-06, 0.0000e+00, 0.0000e+00, 
 1DIAGNOSTIC,    27, -9.667968750000e-01, -2.675350524450e-09, 0.0000e+00, 0.0000e+00, 
XXDIAGNOSTIC,Iteration,metricValue,convergenceValue,ITERATION_TIME_INDEX,SINCE_LAST
 1DIAGNOSTIC,     1, -9.067382812500e-01, 1.797693134862e+308, 0.0000e+00, 0.0000e+00, 
 1DIAGNOSTIC,     2, -9.106445312500e-01, 1.797693134862e+308, 0.0000e+00, 0.0000e+00, 
 1DIAGNOSTIC,     3, -9.140625000000e-01, 1.797693134862e+308, 0.0000e+00, 0.0000e+00, 
 1DIAGNOSTIC,     4, -9.165039062500e-01, 1.797693134862e+308, 0.0000e+00, 0.0000e+00, 
 1DIAGNOSTIC,     5, -9.189453125000e-01, 1.797693134862e+308, 0.0000e+00, 0.0000e+00, 
 1DIAGNOSTIC,     6, -9.208984375000e-01, 1.797693134862e+308, 0.0000e+00, 0.0000e+00, 
 1DIAGNOSTIC,     7, -9.223632812500e-01, 1.797693134862e+308, 0.0000e+00, 0.0000e+00, 
 1DIAGNOSTIC,     8, -9.238281250000e-01, 1.797693134862e+308, 0.0000e+00, 0.0000e+00, 
 1DIAGNOSTIC,     9, -9.248046875000e-01, 1.797693134862e+308, 0.0000e+00, 0.0000e+00, 
 1DIAGNOSTIC,    10, -9.257812500000e-01, 1.278994453226e-03, 0.0000e+00, 0.0000e+00, 
 1DIAGNOSTIC,    11, -9.267578125000e-01, 9.754602757707e-04, 0.0000e+00, 0.0000e+00, 
 1DIAGNOSTIC,    12, -9.277343750000e-01, 7.594477353950e-04, 0.0000e+00, 0.0000e+00, 
 1DIAGNOSTIC,    13, -9.287109375000e-01, 6.117125717334e-04, 0.0000e+00, 0.0000e+00, 
 1DIAGNOSTIC,    14, -9.296875000000e-01, 5.039577498748e-04, 0.0000e+00, 0.0000e+00, 
 1DIAGNOSTIC,    15, -9.301757812500e-01, 4.241274493312e-04, 0.0000e+00, 0.0000e+00, 
 1DIAGNOSTIC,    16, -9.311523437500e-01, 3.715387141460e-04, 0.0000e+00, 0.0000e+00, 
 1DIAGNOSTIC,    17, -9.316406250000e-01, 3.255726342476e-04, 0.0000e+00, 0.0000e+00, 
 1DIAGNOSTIC,    18, -9.321289062500e-01, 2.877782014539e-04, 0.0000e+00, 0.0000e+00, 
 1DIAGNOSTIC,    19, -9.326171875000e-01, 2.508161157144e-04, 0.0000e+00, 0.0000e+00, 
 1DIAGNOSTIC,    20, -9.331054687500e-01, 2.165616936272e-04, 0.0000e+00, 0.0000e+00, 
 1DIAGNOSTIC,    21, -9.331054687500e-01, 1.794190625929e-04, 0.0000e+00, 0.0000e+00, 
 1DIAGNOSTIC,    22, -9.335937500000e-01, 1.492800203920e-04, 0.0000e+00, 0.0000e+00, 
 1DIAGNOSTIC,    23, -9.335937500000e-01, 1.205347522173e-04, 0.0000e+00, 0.0000e+00, 
 1DIAGNOSTIC,    24, -9.340820312500e-01, 1.016456088240e-04, 0.0000e+00, 0.0000e+00, 
 1DIAGNOSTIC,    25, -9.340820312500e-01, 8.035499311854e-05, 0.0000e+00, 0.0000e+00, 
 1DIAGNOSTIC,    26, -9.340820312500e-01, 6.471278204421e-05, 0.0000e+00, 0.0000e+00, 
 1DIAGNOSTIC,    27, -9.340820312500e-01, 4.968056859204e-05, 0.0000e+00, 0.0000e+00, 
 1DIAGNOSTIC,    28, -9.345703125000e-01, 4.161383969802e-05, 0.0000e+00, 0.0000e+00, 
 1DIAGNOSTIC,    29, -9.345703125000e-01, 3.503398768118e-05, 0.0000e+00, 0.0000e+00, 
 1DIAGNOSTIC,    30, -9.345703125000e-01, 3.067815568966e-05, 0.0000e+00, 0.0000e+00, 
 1DIAGNOSTIC,    31, -9.345703125000e-01, 2.371773088457e-05, 0.0000e+00, 0.0000e+00, 
 1DIAGNOSTIC,    32, -9.345703125000e-01, 1.966397085857e-05, 0.0000e+00, 0.0000e+00, 
 1DIAGNOSTIC,    33, -9.350585937500e-01, 1.831326535662e-05, 0.0000e+00, 0.0000e+00, 
 1DIAGNOSTIC,    34, -9.350585937500e-01, 1.955916095219e-05, 0.0000e+00, 0.0000e+00, 
 1DIAGNOSTIC,    35, -9.350585937500e-01, 1.899647418416e-05, 0.0000e+00, 0.0000e+00, 
 1DIAGNOSTIC,    36, -9.350585937500e-01, 1.677693043020e-05, 0.0000e+00, 0.0000e+00, 
 1DIAGNOSTIC,    37, -9.350585937500e-01, 1.295137536170e-05, 0.0000e+00, 0.0000e+00, 
 1DIAGNOSTIC,    38, -9.350585937500e-01, 1.195729118738e-05, 0.0000e+00, 0.0000e+00, 
 1DIAGNOSTIC,    39, -9.350585937500e-01, 9.862078928901e-06, 0.0000e+00, 0.0000e+00, 
 1DIAGNOSTIC,    40, -9.350585937500e-01, 6.991754711996e-06, 0.0000e+00, 0.0000e+00, 
 1DIAGNOSTIC,    41, -9.350585937500e-01, 3.639949098799e-06, 0.0000e+00, 0.0000e+00, 
 1DIAGNOSTIC,    42, -9.355468750000e-01, 3.552741554426e-06, 0.0000e+00, 0.0000e+00, 
 1DIAGNOSTIC,    43, -9.355468750000e-01, 6.501064372940e-06, 0.0000e+00, 0.0000e+00, 
 1DIAGNOSTIC,    44, -9.355468750000e-01, 8.734936521471e-06, 0.0000e+00, 0.0000e+00, 
 1DIAGNOSTIC,    45, -9.355468750000e-01, 1.008683645781e-05, 0.0000e+00, 0.0000e+00, 
 1DIAGNOSTIC,    46, -9.355468750000e-01, 1.040354361456e-05, 0.0000e+00, 0.0000e+00, 
 1DIAGNOSTIC,    47, -9.355468750000e-01, 9.655212740024e-06, 0.0000e+00, 0.0000e+00, 
 1DIAGNOSTIC,    48, -9.355468750000e-01, 8.003045861071e-06, 0.0000e+00, 0.0000e+00, 
 1DIAGNOSTIC,    49, -9.355468750000e-01, 5.700753060157e-06, 0.0000e+00, 0.0000e+00, 
 1DIAGNOSTIC,    50, -9.355468750000e-01, 2.981319990557e-06, 0.0000e+00, 0.0000e+00, 
 1DIAGNOSTIC,    51, -9.355468750000e-01, -1.414219592127e-09, 0.0000e+00, 0.0000e+00, 
XXDIAGNOSTIC,Iteration,metricValue,convergenceValue,ITERATION_TIME_INDEX,SINCE_LAST
 1DIAGNOSTIC,     1, -8.847656250000e-01, 1.797693134862e+308, 0.0000e+00, 0.0000e+00, 
 1DIAGNOSTIC,     2, -8.876953125000e-01, 1.797693134862e+308, 0.0000e+00, 0.0000e+00, 
 1DIAGNOSTIC,     3, -8.896484375000e-01, 1.797693134862e+308, 0.0000e+00, 0.0000e+00, 
 1DIAGNOSTIC,     4, -8.911132812500e-01, 1.797693134862e+308, 0.0000e+00, 0.0000e+00, 
 1DIAGNOSTIC,     5, -8.930664062500e-01, 1.797693134862e+308, 0.0000e+00, 0.0000e+00, 
 1DIAGNOSTIC,     6, -8.940429687500e-01, 1.797693134862e+308, 0.0000e+00, 0.0000e+00, 
 1DIAGNOSTIC,     7, -8.950195312500e-01, 1.797693134862e+308, 0.0000e+00, 0.0000e+00, 
 1DIAGNOSTIC,     8, -8.959960937500e-01, 1.797693134862e+308, 0.0000e+00, 0.0000e+00, 
 1DIAGNOSTIC,     9, -8.969726562500e-01, 1.797693134862e+308, 0.0000e+00, 0.0000e+00, 
 1DIAGNOSTIC,    10, -8.974609375000e-01, 8.674978538925e-04, 0.0000e+00, 0.0000e+00, 
 1DIAGNOSTIC,    11, -8.984375000000e-01, 6.715312145644e-04, 0.0000e+00, 0.0000e+00, 
 1DIAGNOSTIC,    12, -8.994140625000e-01, 5.507450867014e-04, 0.0000e+00, 0.0000e+00, 
 1DIAGNOSTIC,    13, -9.003906250000e-01, 4.697179917875e-04, 0.0000e+00, 0.0000e+00, 
 1DIAGNOSTIC,    14, -9.013671875000e-01, 4.119176080694e-04, 0.0000e+00, 0.0000e+00, 
 1DIAGNOSTIC,    15, -9.023437500000e-01, 3.859487882034e-04, 0.0000e+00, 0.0000e+00, 
 1DIAGNOSTIC,    16, -9.033203125000e-01, 3.661401207685e-04, 0.0000e+00, 0.0000e+00, 
 1DIAGNOSTIC,    17, -9.042968750000e-01, 3.508068673833e-04, 0.0000e+00, 0.0000e+00, 
 1DIAGNOSTIC,    18, -9.052734375000e-01, 3.386409444958e-04, 0.0000e+00, 0.0000e+00, 
 1DIAGNOSTIC,    19, -9.057617187500e-01, 3.206472154051e-04, 0.0000e+00, 0.0000e+00, 
 1DIAGNOSTIC,    20, -9.067382812500e-01, 2.977011390805e-04, 0.0000e+00, 0.0000e+00, 
 1DIAGNOSTIC,    21, -9.072265625000e-01, 2.708526540858e-04, 0.0000e+00, 0.0000e+00, 
 1DIAGNOSTIC,    22, -9.072265625000e-01, 2.349713377951e-04, 0.0000e+00, 0.0000e+00, 
 1DIAGNOSTIC,    23, -9.077148437500e-01, 2.003896470184e-04, 0.0000e+00, 0.0000e+00, 
 1DIAGNOSTIC,    24, -9.082031250000e-01, 1.689418257142e-04, 0.0000e+00, 0.0000e+00, 
 1DIAGNOSTIC,    25, -9.086914062500e-01, 1.423209671081e-04, 0.0000e+00, 0.0000e+00, 
 1DIAGNOSTIC,    26, -9.086914062500e-01, 1.160024360657e-04, 0.0000e+00, 0.0000e+00, 
 1DIAGNOSTIC,    27, -9.091796875000e-01, 9.790382925060e-05, 0.0000e+00, 0.0000e+00, 
 1DIAGNOSTIC,    28, -9.091796875000e-01, 8.276634276494e-05, 0.0000e+00, 0.0000e+00, 
 1DIAGNOSTIC,    29, -9.096679687500e-01, 7.118673658602e-05, 0.0000e+00, 0.0000e+00, 
 1DIAGNOSTIC,    30, -9.096679687500e-01, 6.368545113468e-05, 0.0000e+00, 0.0000e+00, 
 1DIAGNOSTIC,    31, -9.096679687500e-01, 5.578117384088e-05, 0.0000e+00, 0.0000e+00, 
 1DIAGNOSTIC,    32, -9.101562500000e-01, 4.789075952293e-05, 0.0000e+00, 0.0000e+00, 
 1DIAGNOSTIC,    33, -9.101562500000e-01, 4.036090094697e-05, 0.0000e+00, 0.0000e+00, 
 1DIAGNOSTIC,    34, -9.101562500000e-01, 3.388992608901e-05, 0.0000e+00, 0.0000e+00, 
 1DIAGNOSTIC,    35, -9.106445312500e-01, 3.346969590467e-05, 0.0000e+00, 0.0000e+00, 
 1DIAGNOSTIC,    36, -9.106445312500e-01, 2.969834525924e-05, 0.0000e+00, 0.0000e+00, 
 1DIAGNOSTIC,    37, -9.106445312500e-01, 2.749089741683e-05, 0.0000e+00, 0.0000e+00, 
 1DIAGNOSTIC,    38, -9.111328125000e-01, 2.676110206036e-05, 0.0000e+00, 0.0000e+00, 
 1DIAGNOSTIC,    39, -9.111328125000e-01, 2.739473354905e-05, 0.0000e+00, 0.0000e+00, 
 1DIAGNOSTIC,    40, -9.111328125000e-01, 2.541189338435e-05, 0.0000e+00, 0.0000e+00, 
 1DIAGNOSTIC,    41, -9.111328125000e-01, 2.104135372138e-05, 0.0000e+00, 0.0000e+00, 
 1DIAGNOSTIC,    42, -9.116210937500e-01, 2.222956948867e-05, 0.0000e+00, 0.0000e+00, 
 1DIAGNOSTIC,    43, -9.116210937500e-01, 2.111702713237e-05, 0.0000e+00, 0.0000e+00, 
 1DIAGNOSTIC,    44, -9.116210937500e-01, 1.796767971394e-05, 0.0000e+00, 0.0000e+00, 
 1DIAGNOSTIC,    45, -9.116210937500e-01, 1.676096483506e-05, 0.0000e+00, 0.0000e+00, 
 1DIAGNOSTIC,    46, -9.116210937500e-01, 1.403343828180e-05, 0.0000e+00, 0.0000e+00, 
 1DIAGNOSTIC,    47, -9.121093750000e-01, 1.319184756295e-05, 0.0000e+00, 0.0000e+00, 
 1DIAGNOSTIC,    48, -9.121093750000e-01, 1.421450862476e-05, 0.0000e+00, 0.0000e+00, 
 1DIAGNOSTIC,    49, -9.121093750000e-01, 1.392216797774e-05, 0.0000e+00, 0.0000e+00, 
 1DIAGNOSTIC,    50, -9.121093750000e-01, 1.239432494746e-05, 0.0000e+00, 0.0000e+00, 
XXDIAGNOSTIC,Iteration,metricValue,convergenceValue,ITERATION_TIME_INDEX,SINCE_LAST
 1DIAGNOSTIC,     1, -8.701171875000e-01, 1.797693134862e+308, 0.0000e+00, 0.0000e+00, 
 1DIAGNOSTIC,     2, -8.710937500000e-01, 1.797693134862e+308, 0.0000e+00, 0.0000e+00, 
 1DIAGNOSTIC,     3, -8.720703125000e-01, 1.797693134862e+308, 0.0000e+00, 0.0000e+00, 
 1DIAGNOSTIC,     4, -8.735351562500e-01, 1.797693134862e+308, 0.0000e+00, 0.0000e+00, 
 1DIAGNOSTIC,     5, -8.745117187500e-01, 1.797693134862e+308, 0.0000e+00, 0.0000e+00, 
 1DIAGNOSTIC,     6, -8.754882812500e-01, 1.797693134862e+308, 0.0000e+00, 0.0000e+00, 
 1DIAGNOSTIC,     7, -8.759765625000e-01, 1.797693134862e+308, 0.0000e+00, 0.0000e+00, 
 1DIAGNOSTIC,     8, -8.769531250000e-01, 1.797693134862e+308, 0.0000e+00, 0.0000e+00, 
 1DIAGNOSTIC,     9, -8.774414062500e-01, 1.797693134862e+308, 0.0000e+00, 0.0000e+00, 
 1DIAGNOSTIC,    10, -8.784179687500e-01, 6.037216582673e-04, 0.0000e+00, 0.0000e+00, 
 1DIAGNOSTIC,    11, -8.789062500000e-01, 5.115211280067e-04, 0.0000e+00, 0.0000e+00, 
 1DIAGNOSTIC,    12, -8.798828125000e-01, 4.416201601901e-04, 0.0000e+00, 0.0000e+00, 
 1DIAGNOSTIC,    13, -8.803710937500e-01, 3.781924878512e-04, 0.0000e+00, 0.0000e+00, 
 1DIAGNOSTIC,    14, -8.813476562500e-01, 3.456797262246e-04, 0.0000e+00, 0.0000e+00, 
 1DIAGNOSTIC,    15, -8.818359375000e-01, 3.169190237159e-04, 0.0000e+00, 0.0000e+00, 
 1DIAGNOSTIC,    16, -8.823242187500e-01, 2.923213937013e-04, 0.0000e+00, 0.0000e+00, 
 1DIAGNOSTIC,    17, -8.828125000000e-01, 2.619730785129e-04, 0.0000e+00, 0.0000e+00, 
 1DIAGNOSTIC,    18, -8.833007812500e-01, 2.370066668135e-04, 0.0000e+00, 0.0000e+00, 
 1DIAGNOSTIC,    19, -8.837890625000e-01, 2.089049066039e-04, 0.0000e+00, 0.0000e+00, 
 1DIAGNOSTIC,    20, -8.842773437500e-01, 1.877999583452e-04, 0.0000e+00, 0.0000e+00, 
  Elapsed time (stage 0): 0


Total elapsed time: 0
