
##########################
# Experiment information #
##########################

EXPERIMENT_NAME: antsRegistration-r8-p14
VFC_BACKENDS: libinterflop_vprec.so --range-binary32=8 --precision-binary32=14 --range-binary64=8 --precision-binary64=14

SIF_IMG: /home/mdugre/projects/rrg-glatard/mdugre/containers/ants-vprec-no_metrics.simg

SUBJECT_ID: s037
INPUT_IMG: /home/mdugre/scratch/mri-registration-rp/datasets/ds004513/derivatives/mri-registration-rp/antsBrainExtraction/sub-s037/BrainExtractionBrain.nii.gz
OUTPUT_DIR: /home/mdugre/scratch/mri-registration-rp/datasets/ds004513/derivatives/mri-registration-rp/0011/antsRegistration-r8-p14/sub-s037

FIXED_IMG: /templateflow/tpl-MNI152NLin2009cAsym/tpl-MNI152NLin2009cAsym_res-01_desc-brain_T1w.nii.gz
DATA_DIR: /home/mdugre/scratch/mri-registration-rp/datasets/ds004513
TEMPLATEFLOW_DIR: /home/mdugre/projects/rrg-glatard/mdugre/templateflow
ITK_GLOBAL_DEFAULT_NUMBER_OF_THREADS: 16
##########################

Info [verificarlo]: loaded backend libinterflop_ieee.so
Info [interflop-ieee]: load backend with:
Info [interflop-ieee]: debug = false
Info [interflop-ieee]: debug-binary = false
Info [interflop-ieee]: no-backend-name = false
Info [interflop-ieee]: print-new-line = false
Info [interflop-ieee]: print-subnormal-normalized = false
Info [interflop-ieee]: count-op = false
All_Command_lines_OK
Using double precision for computations.
=============================================================================
The composite transform comprises the following transforms (in order): 
  1. Center of mass alignment using fixed image: /templateflow/tpl-MNI152NLin2009cAsym/tpl-MNI152NLin2009cAsym_res-01_desc-brain_T1w.nii.gz and moving image: /home/mdugre/scratch/mri-registration-rp/datasets/ds004513/derivatives/mri-registration-rp/antsBrainExtraction/sub-s037/BrainExtractionBrain.nii.gz (type = Euler3DTransform)
=============================================================================
  number of levels = 1
  fixed image: /templateflow/tpl-MNI152NLin2009cAsym/tpl-MNI152NLin2009cAsym_res-01_desc-brain_T1w.nii.gz
  moving image: /home/mdugre/scratch/mri-registration-rp/datasets/ds004513/derivatives/mri-registration-rp/antsBrainExtraction/sub-s037/BrainExtractionBrain.nii.gz
Dimension = 3
Number of stages = 1
Use histogram matching = false
Winsorize image intensities = true
  Lower quantile = 0.005
  Upper quantile = 0.995


Stage 1 State
   Image metric = MattesMI
     Fixed image = Image (0x4b94e70)
  RTTI typeinfo:   itk::Image<double, 3u>
  Reference Count: 2
  Modified Time: 2330
  Debug: Off
  Object Name: 
  Observers: 
    none
  Source: (none)
  Source output name: (none)
  Release Data: Off
  Data Released: False
  Global Release Data: Off
  PipelineMTime: 0
  UpdateMTime: 1941
  RealTimeStamp: 0 seconds 
  LargestPossibleRegion: 
    Dimension: 3
    Index: [0, 0, 0]
    Size: [193, 229, 193]
  BufferedRegion: 
    Dimension: 3
    Index: [0, 0, 0]
    Size: [193, 229, 193]
  RequestedRegion: 
    Dimension: 3
    Index: [0, 0, 0]
    Size: [193, 229, 193]
  Spacing: [1, 1, 1]
  Origin: [96, 132, -78]
  Direction: 
-1 0 0
0 -1 0
0 0 1

  IndexToPointMatrix: 
-1 0 0
0 -1 0
0 0 1

  PointToIndexMatrix: 
-1 0 0
0 -1 0
0 0 1

  Inverse Direction: 
-1 0 0
0 -1 0
0 0 1

  PixelContainer: 
    ImportImageContainer (0x4b9dc60)
      RTTI typeinfo:   itk::ImportImageContainer<unsigned long, double>
      Reference Count: 1
      Modified Time: 1938
      Debug: Off
      Object Name: 
      Observers: 
        none
      Pointer: 0x1543e0184010
      Container manages memory: true
      Size: 8530021
      Capacity: 8530021

     Moving image = Image (0x4c31ec0)
  RTTI typeinfo:   itk::Image<double, 3u>
  Reference Count: 2
  Modified Time: 2331
  Debug: Off
  Object Name: 
  Observers: 
    none
  Source: (none)
  Source output name: (none)
  Release Data: Off
  Data Released: False
  Global Release Data: Off
  PipelineMTime: 0
  UpdateMTime: 2328
  RealTimeStamp: 0 seconds 
  LargestPossibleRegion: 
    Dimension: 3
    Index: [0, 0, 0]
    Size: [160, 240, 256]
  BufferedRegion: 
    Dimension: 3
    Index: [0, 0, 0]
    Size: [160, 240, 256]
  RequestedRegion: 
    Dimension: 3
    Index: [0, 0, 0]
    Size: [160, 240, 256]
  Spacing: [1, 1, 1]
  Origin: [87.9508, 102.562, -147.639]
  Direction: 
-0.998659 -0.0436121 -0.0279129
0.043595 -0.999049 0.00121847
-0.0279395 -2.65543e-08 0.99961

  IndexToPointMatrix: 
-0.998659 -0.0436121 -0.0279129
0.043595 -0.999049 0.00121847
-0.0279395 -2.65543e-08 0.99961

  PointToIndexMatrix: 
-0.998659 0.043595 -0.0279395
-0.0436121 -0.999049 -2.65517e-08
-0.0279129 0.00121847 0.99961

  Inverse Direction: 
-0.998659 0.043595 -0.0279395
-0.0436121 -0.999049 -2.65517e-08
-0.0279129 0.00121847 0.99961

  PixelContainer: 
    ImportImageContainer (0x4cc9610)
      RTTI typeinfo:   itk::ImportImageContainer<unsigned long, double>
      Reference Count: 1
      Modified Time: 2325
      Debug: Off
      Object Name: 
      Observers: 
        none
      Pointer: 0x1543db683010
      Container manages memory: true
      Size: 9830400
      Capacity: 9830400

     Weighting = 1
     Sampling strategy = regular
     Number of bins = 32
     Radius = 4
     Sampling percentage  = 0.25
   Transform = Rigid
     Gradient step = 0.1
     Update field sigma (voxel space) = 0
     Total field sigma (voxel space) = 0
     Update field time sigma = 0
     Total field time sigma  = 0
     Number of time indices = 0
     Number of time point samples = 0
Registration using 1 total stages.

Stage 0
  iterations = 0
  convergence threshold = 1e-06
  convergence window size = 10
  number of levels = 1
  using the Mattes MI metric (number of bins = 32, weight = 1, use gradient filter = 0)
  preprocessing:  winsorizing the image intensities
  Shrink factors (level 1 out of 1): [1, 1, 1]
  smoothing sigmas per level: [0]
  regular sampling (percentage = 0.25)

*** Running Euler3DTransform registration ***

  Elapsed time (stage 0): 1.07588


Total elapsed time: 1.07802
Info [verificarlo]: loaded backend libinterflop_ieee.so
Info [interflop-ieee]: load backend with:
Info [interflop-ieee]: debug = false
Info [interflop-ieee]: debug-binary = false
Info [interflop-ieee]: no-backend-name = false
Info [interflop-ieee]: print-new-line = false
Info [interflop-ieee]: print-subnormal-normalized = false
Info [interflop-ieee]: count-op = false
All_Command_lines_OK
Using double precision for computations.
=============================================================================
The composite transform comprises the following transforms (in order): 
  1. /home/mdugre/scratch/mri-registration-rp/datasets/ds004513/derivatives/mri-registration-rp/0011/antsRegistration-r8-p14/sub-s037/align_Composite.h5[0] (type = Euler3DTransform)
  2. /home/mdugre/scratch/mri-registration-rp/datasets/ds004513/derivatives/mri-registration-rp/0011/antsRegistration-r8-p14/sub-s037/align_Composite.h5[1] (type = Euler3DTransform)
=============================================================================
  number of levels = 4
  fixed image: /templateflow/tpl-MNI152NLin2009cAsym/tpl-MNI152NLin2009cAsym_res-01_desc-brain_T1w.nii.gz
  moving image: /home/mdugre/scratch/mri-registration-rp/datasets/ds004513/derivatives/mri-registration-rp/antsBrainExtraction/sub-s037/BrainExtractionBrain.nii.gz
Dimension = 3
Number of stages = 1
Use histogram matching = false
Winsorize image intensities = true
  Lower quantile = 0.005
  Upper quantile = 0.995


Stage 1 State
   Image metric = MattesMI
     Fixed image = Image (0x5028530)
  RTTI typeinfo:   itk::Image<double, 3u>
  Reference Count: 2
  Modified Time: 1578
  Debug: Off
  Object Name: 
  Observers: 
    none
  Source: (none)
  Source output name: (none)
  Release Data: Off
  Data Released: False
  Global Release Data: Off
  PipelineMTime: 0
  UpdateMTime: 1189
  RealTimeStamp: 0 seconds 
  LargestPossibleRegion: 
    Dimension: 3
    Index: [0, 0, 0]
    Size: [193, 229, 193]
  BufferedRegion: 
    Dimension: 3
    Index: [0, 0, 0]
    Size: [193, 229, 193]
  RequestedRegion: 
    Dimension: 3
    Index: [0, 0, 0]
    Size: [193, 229, 193]
  Spacing: [1, 1, 1]
  Origin: [96, 132, -78]
  Direction: 
-1 0 0
0 -1 0
0 0 1

  IndexToPointMatrix: 
-1 0 0
0 -1 0
0 0 1

  PointToIndexMatrix: 
-1 0 0
0 -1 0
0 0 1

  Inverse Direction: 
-1 0 0
0 -1 0
0 0 1

  PixelContainer: 
    ImportImageContainer (0x50e6d60)
      RTTI typeinfo:   itk::ImportImageContainer<unsigned long, double>
      Reference Count: 1
      Modified Time: 1186
      Debug: Off
      Object Name: 
      Observers: 
        none
      Pointer: 0x14921776b010
      Container manages memory: true
      Size: 8530021
      Capacity: 8530021

     Moving image = Image (0x50d8f60)
  RTTI typeinfo:   itk::Image<double, 3u>
  Reference Count: 2
  Modified Time: 1579
  Debug: Off
  Object Name: 
  Observers: 
    none
  Source: (none)
  Source output name: (none)
  Release Data: Off
  Data Released: False
  Global Release Data: Off
  PipelineMTime: 0
  UpdateMTime: 1576
  RealTimeStamp: 0 seconds 
  LargestPossibleRegion: 
    Dimension: 3
    Index: [0, 0, 0]
    Size: [160, 240, 256]
  BufferedRegion: 
    Dimension: 3
    Index: [0, 0, 0]
    Size: [160, 240, 256]
  RequestedRegion: 
    Dimension: 3
    Index: [0, 0, 0]
    Size: [160, 240, 256]
  Spacing: [1, 1, 1]
  Origin: [87.9508, 102.562, -147.639]
  Direction: 
-0.998659 -0.0436121 -0.0279129
0.043595 -0.999049 0.00121847
-0.0279395 -2.65543e-08 0.99961

  IndexToPointMatrix: 
-0.998659 -0.0436121 -0.0279129
0.043595 -0.999049 0.00121847
-0.0279395 -2.65543e-08 0.99961

  PointToIndexMatrix: 
-0.998659 0.043595 -0.0279395
-0.0436121 -0.999049 -2.65517e-08
-0.0279129 0.00121847 0.99961

  Inverse Direction: 
-0.998659 0.043595 -0.0279395
-0.0436121 -0.999049 -2.65517e-08
-0.0279129 0.00121847 0.99961

  PixelContainer: 
    ImportImageContainer (0x50ca6d0)
      RTTI typeinfo:   itk::ImportImageContainer<unsigned long, double>
      Reference Count: 1
      Modified Time: 1573
      Debug: Off
      Object Name: 
      Observers: 
        none
      Pointer: 0x149212c6a010
      Container manages memory: true
      Size: 9830400
      Capacity: 9830400

     Weighting = 1
     Sampling strategy = regular
     Number of bins = 32
     Radius = 4
     Sampling percentage  = 0.25
   Transform = Rigid
     Gradient step = 0.1
     Update field sigma (voxel space) = 0
     Total field sigma (voxel space) = 0
     Update field time sigma = 0
     Total field time sigma  = 0
     Number of time indices = 0
     Number of time point samples = 0
Registration using 1 total stages.

Stage 0
  iterations = 1000x500x250x100
  convergence threshold = 1e-06
  convergence window size = 10
  number of levels = 4
  using the Mattes MI metric (number of bins = 32, weight = 1, use gradient filter = 0)
  preprocessing:  winsorizing the image intensities
  Shrink factors (level 1 out of 4): [8, 8, 8]
  Shrink factors (level 2 out of 4): [4, 4, 4]
  Shrink factors (level 3 out of 4): [2, 2, 2]
  Shrink factors (level 4 out of 4): [1, 1, 1]
  smoothing sigmas per level: [3, 2, 1, 0]
  regular sampling (percentage = 0.25)

*** Running Euler3DTransform registration ***

DIAGNOSTIC,Iteration,metricValue,convergenceValue,ITERATION_TIME_INDEX,SINCE_LAST
 2DIAGNOSTIC,     1, -4.299060189477e-01, 1.797693134862e+308, 6.6195e-01, 6.6195e-01, 
 2DIAGNOSTIC,     2, -4.311703807429e-01, 1.797693134862e+308, 6.6611e-01, 4.1561e-03, 
 2DIAGNOSTIC,     3, -4.334997061176e-01, 1.797693134862e+308, 6.7024e-01, 4.1301e-03, 
 2DIAGNOSTIC,     4, -4.389575130370e-01, 1.797693134862e+308, 6.7434e-01, 4.1001e-03, 
 2DIAGNOSTIC,     5, -4.438813134482e-01, 1.797693134862e+308, 6.7843e-01, 4.0991e-03, 
 2DIAGNOSTIC,     6, -4.461495460377e-01, 1.797693134862e+308, 6.8251e-01, 4.0751e-03, 
 2DIAGNOSTIC,     7, -4.511407144429e-01, 1.797693134862e+308, 6.8727e-01, 4.7619e-03, 
 2DIAGNOSTIC,     8, -4.667812032718e-01, 1.797693134862e+308, 6.9208e-01, 4.8070e-03, 
 2DIAGNOSTIC,     9, -4.753090114372e-01, 1.797693134862e+308, 6.9676e-01, 4.6771e-03, 
 2DIAGNOSTIC,    10, -4.802481719655e-01, 7.481707542057e-03, 7.0177e-01, 5.0180e-03, 
 2DIAGNOSTIC,    11, -4.821261368877e-01, 7.356704266140e-03, 7.0611e-01, 4.3390e-03, 
 2DIAGNOSTIC,    12, -4.837491005317e-01, 6.749992380108e-03, 7.1119e-01, 5.0812e-03, 
 2DIAGNOSTIC,    13, -5.028244927619e-01, 6.622215038783e-03, 7.1823e-01, 7.0410e-03, 
 2DIAGNOSTIC,    14, -5.042109134415e-01, 6.183615245765e-03, 7.2250e-01, 4.2620e-03, 
 2DIAGNOSTIC,    15, -5.066116081877e-01, 5.558135432477e-03, 7.2668e-01, 4.1859e-03, 
 2DIAGNOSTIC,    16, -5.083451635933e-01, 4.676295421711e-03, 7.3096e-01, 4.2789e-03, 
 2DIAGNOSTIC,    17, -5.184993492529e-01, 3.998770500425e-03, 7.3751e-01, 6.5529e-03, 
 2DIAGNOSTIC,    18, -5.256348855993e-01, 3.769024583667e-03, 7.4173e-01, 4.2119e-03, 
 2DIAGNOSTIC,    19, -5.260487279296e-01, 3.491513210265e-03, 7.4647e-01, 4.7450e-03, 
 2DIAGNOSTIC,    20, -5.292109539873e-01, 3.174906843775e-03, 7.5126e-01, 4.7851e-03, 
 2DIAGNOSTIC,    21, -5.301818250275e-01, 2.681600011484e-03, 7.5567e-01, 4.4181e-03, 
 2DIAGNOSTIC,    22, -5.312241357504e-01, 2.041188763447e-03, 7.6042e-01, 4.7450e-03, 
 2DIAGNOSTIC,    23, -5.321371318037e-01, 1.776979068146e-03, 7.6576e-01, 5.3449e-03, 
 2DIAGNOSTIC,    24, -5.330747183149e-01, 1.429097809722e-03, 7.6992e-01, 4.1549e-03, 
 2DIAGNOSTIC,    25, -5.340979408001e-01, 1.060387218109e-03, 7.7459e-01, 4.6742e-03, 
 2DIAGNOSTIC,    26, -5.353301725232e-01, 6.839343708589e-04, 7.8028e-01, 5.6870e-03, 
 2DIAGNOSTIC,    27, -5.359877765101e-01, 5.005576458424e-04, 7.8436e-01, 4.0832e-03, 
 2DIAGNOSTIC,    28, -5.363338809216e-01, 4.385707800735e-04, 7.8852e-01, 4.1590e-03, 
 2DIAGNOSTIC,    29, -5.373050679471e-01, 3.660293032095e-04, 7.9268e-01, 4.1602e-03, 
 2DIAGNOSTIC,    30, -5.398201310497e-01, 3.715996615589e-04, 7.9753e-01, 4.8509e-03, 
 2DIAGNOSTIC,    31, -5.446421730043e-01, 4.465283230540e-04, 8.0748e-01, 9.9430e-03, 
 2DIAGNOSTIC,    32, -5.446646136353e-01, 4.912665617996e-04, 8.1176e-01, 4.2870e-03, 
 2DIAGNOSTIC,    33, -5.447647456566e-01, 5.056505984451e-04, 8.1595e-01, 4.1871e-03, 
 2DIAGNOSTIC,    34, -5.449311430171e-01, 4.904156037138e-04, 8.2013e-01, 4.1809e-03, 
 2DIAGNOSTIC,    35, -5.452045628362e-01, 4.491595963185e-04, 8.2431e-01, 4.1749e-03, 
 2DIAGNOSTIC,    36, -5.456974676475e-01, 3.933137677647e-04, 8.2858e-01, 4.2701e-03, 
 2DIAGNOSTIC,    37, -5.462998587454e-01, 3.227905430010e-04, 8.3275e-01, 4.1699e-03, 
 2DIAGNOSTIC,    38, -5.470544348736e-01, 2.429337200676e-04, 8.3687e-01, 4.1211e-03, 
 2DIAGNOSTIC,    39, -5.483333500402e-01, 1.763340587012e-04, 8.4145e-01, 4.5800e-03, 
 2DIAGNOSTIC,    40, -5.485726029938e-01, 1.327598090102e-04, 8.4554e-01, 4.0929e-03, 
 2DIAGNOSTIC,    41, -5.488485661908e-01, 1.482704997010e-04, 8.5018e-01, 4.6420e-03, 
 2DIAGNOSTIC,    42, -5.491458641851e-01, 1.532228506734e-04, 8.5438e-01, 4.2002e-03, 
 2DIAGNOSTIC,    43, -5.502481920286e-01, 1.587039689647e-04, 8.5945e-01, 5.0659e-03, 
 2DIAGNOSTIC,    44, -5.634815222967e-01, 3.167387519334e-04, 8.6552e-01, 6.0680e-03, 
 2DIAGNOSTIC,    45, -5.665420148022e-01, 4.732957262646e-04, 8.7036e-01, 4.8468e-03, 
 2DIAGNOSTIC,    46, -5.687198187896e-01, 6.103323837579e-04, 8.7498e-01, 4.6120e-03, 
 2DIAGNOSTIC,    47, -5.691626001749e-01, 6.970123318537e-04, 8.7961e-01, 4.6301e-03, 
 2DIAGNOSTIC,    48, -5.694233324026e-01, 7.243661021051e-04, 8.8366e-01, 4.0560e-03, 
 2DIAGNOSTIC,    49, -5.697283868025e-01, 6.967002263430e-04, 8.8828e-01, 4.6179e-03, 
 2DIAGNOSTIC,    50, -5.705134279592e-01, 6.137999093925e-04, 8.9235e-01, 4.0689e-03, 
 2DIAGNOSTIC,    51, -5.708551128679e-01, 4.840395599670e-04, 8.9645e-01, 4.1001e-03, 
 2DIAGNOSTIC,    52, -5.718110310600e-01, 3.282878756533e-04, 9.0208e-01, 5.6269e-03, 
 2DIAGNOSTIC,    53, -5.722858655848e-01, 1.604073667621e-04, 9.0693e-01, 4.8518e-03, 
 2DIAGNOSTIC,    54, -5.724035241181e-01, 1.174706666023e-04, 9.1149e-01, 4.5679e-03, 
 2DIAGNOSTIC,    55, -5.725207794054e-01, 9.581400957026e-05, 9.1558e-01, 4.0860e-03, 
 2DIAGNOSTIC,    56, -5.731155571822e-01, 9.251963699256e-05, 9.1968e-01, 4.0951e-03, 
 2DIAGNOSTIC,    57, -5.743575235254e-01, 9.625201985537e-05, 9.2429e-01, 4.6170e-03, 
 2DIAGNOSTIC,    58, -5.748061512164e-01, 9.695276350379e-05, 9.2835e-01, 4.0600e-03, 
 2DIAGNOSTIC,    59, -5.770911088768e-01, 1.120249571848e-04, 9.3439e-01, 6.0389e-03, 
 2DIAGNOSTIC,    60, -5.782545620833e-01, 1.329703109911e-04, 9.3841e-01, 4.0228e-03, 
 2DIAGNOSTIC,    61, -5.786463088395e-01, 1.466000858889e-04, 9.4253e-01, 4.1161e-03, 
 2DIAGNOSTIC,    62, -5.791097786536e-01, 1.580150628769e-04, 9.4792e-01, 5.3911e-03, 
 2DIAGNOSTIC,    63, -5.793339100230e-01, 1.598078128654e-04, 9.5212e-01, 4.1940e-03, 
 2DIAGNOSTIC,    64, -5.794612216633e-01, 1.481446201470e-04, 9.5663e-01, 4.5171e-03, 
 2DIAGNOSTIC,    65, -5.797026317797e-01, 1.254697236782e-04, 9.6070e-01, 4.0660e-03, 
 2DIAGNOSTIC,    66, -5.802441424909e-01, 1.006269879326e-04, 9.6524e-01, 4.5388e-03, 
 2DIAGNOSTIC,    67, -5.804132746837e-01, 7.825865206585e-05, 9.6931e-01, 4.0729e-03, 
 2DIAGNOSTIC,    68, -5.817619341179e-01, 6.279934023606e-05, 9.7346e-01, 4.1451e-03, 
 2DIAGNOSTIC,    69, -5.821537000323e-01, 6.199903353773e-05, 9.8014e-01, 6.6869e-03, 
 2DIAGNOSTIC,    70, -5.826353474792e-01, 6.774374879587e-05, 9.8469e-01, 4.5431e-03, 
 2DIAGNOSTIC,    71, -5.827257816102e-01, 7.038157080736e-05, 9.8873e-01, 4.0460e-03, 
 2DIAGNOSTIC,    72, -5.827161150799e-01, 6.952709159910e-05, 9.9276e-01, 4.0250e-03, 
 2DIAGNOSTIC,    73, -5.828052323871e-01, 6.425441172017e-05, 9.9732e-01, 4.5650e-03, 
 2DIAGNOSTIC,    74, -5.829136220160e-01, 5.457950554884e-05, 1.0014e+00, 4.0550e-03, 
 2DIAGNOSTIC,    75, -5.830701030839e-01, 4.273493894072e-05, 1.0060e+00, 4.5779e-03, 
 2DIAGNOSTIC,    76, -5.832899005490e-01, 3.250892024100e-05, 1.0105e+00, 4.5152e-03, 
 2DIAGNOSTIC,    77, -5.833187064044e-01, 2.062909092277e-05, 1.0160e+00, 5.5079e-03, 
 2DIAGNOSTIC,    78, -5.833643572434e-01, 1.650653796378e-05, 1.0205e+00, 4.5021e-03, 
 2DIAGNOSTIC,    79, -5.833738546078e-01, 1.352407384937e-05, 1.0245e+00, 4.0650e-03, 
 2DIAGNOSTIC,    80, -5.833105344453e-01, 1.207013928648e-05, 1.0286e+00, 4.0450e-03, 
 2DIAGNOSTIC,    81, -5.834194051806e-01, 1.082820076095e-05, 1.0327e+00, 4.0851e-03, 
 2DIAGNOSTIC,    82, -5.834567262854e-01, 8.765732072837e-06, 1.0367e+00, 4.0600e-03, 
 2DIAGNOSTIC,    83, -5.837115075097e-01, 8.119860435541e-06, 1.0413e+00, 4.6139e-03, 
 2DIAGNOSTIC,    84, -5.838411743027e-01, 8.185254949153e-06, 1.0474e+00, 6.0391e-03, 
 2DIAGNOSTIC,    85, -5.837885237019e-01, 8.106608401698e-06, 1.0523e+00, 4.9520e-03, 
 2DIAGNOSTIC,    86, -5.837141218201e-01, 8.199384402769e-06, 1.0564e+00, 4.0841e-03, 
 2DIAGNOSTIC,    87, -5.837399047760e-01, 7.859064884019e-06, 1.0606e+00, 4.1480e-03, 
 2DIAGNOSTIC,    88, -5.838495290150e-01, 7.684176120598e-06, 1.0647e+00, 4.0820e-03, 
 2DIAGNOSTIC,    89, -5.839732916768e-01, 7.567848179960e-06, 1.0687e+00, 4.0629e-03, 
 2DIAGNOSTIC,    90, -5.841455986527e-01, 7.391013222150e-06, 1.0729e+00, 4.1740e-03, 
 2DIAGNOSTIC,    91, -5.858830824662e-01, 1.709634247769e-05, 1.0797e+00, 6.7790e-03, 
 2DIAGNOSTIC,    92, -5.864720878429e-01, 2.819337196060e-05, 1.0844e+00, 4.7178e-03, 
 2DIAGNOSTIC,    93, -5.865527199861e-01, 3.820842738859e-05, 1.0884e+00, 4.0498e-03, 
 2DIAGNOSTIC,    94, -5.865288496867e-01, 4.509004290013e-05, 1.0925e+00, 4.0319e-03, 
 2DIAGNOSTIC,    95, -5.865825226778e-01, 4.752682047381e-05, 1.0970e+00, 4.5149e-03, 
 2DIAGNOSTIC,    96, -5.866698463335e-01, 4.525432708484e-05, 1.1015e+00, 4.5478e-03, 
 2DIAGNOSTIC,    97, -5.869954083571e-01, 4.046512324083e-05, 1.1061e+00, 4.5421e-03, 
 2DIAGNOSTIC,    98, -5.870953683968e-01, 3.308805247994e-05, 1.1188e+00, 1.2722e-02, 
 2DIAGNOSTIC,    99, -5.870953322642e-01, 2.349291055530e-05, 1.1228e+00, 3.9890e-03, 
 2DIAGNOSTIC,   100, -5.870953989663e-01, 1.256522875624e-05, 1.1268e+00, 3.9818e-03, 
 2DIAGNOSTIC,   101, -5.870955117405e-01, 9.464349228739e-06, 1.1308e+00, 4.0300e-03, 
 2DIAGNOSTIC,   102, -5.870957023789e-01, 8.480647561839e-06, 1.1348e+00, 3.9959e-03, 
 2DIAGNOSTIC,   103, -5.870960245713e-01, 7.132329115742e-06, 1.1388e+00, 3.9730e-03, 
 2DIAGNOSTIC,   104, -5.870965688964e-01, 5.059424917474e-06, 1.1432e+00, 4.4599e-03, 
 2DIAGNOSTIC,   105, -5.870971125225e-01, 2.850506672921e-06, 1.1472e+00, 4.0021e-03, 
DIAGNOSTIC,Iteration,metricValue,convergenceValue,ITERATION_TIME_INDEX,SINCE_LAST
 2DIAGNOSTIC,     1, -4.733475665979e-01, 1.797693134862e+308, 1.8805e+00, 7.3324e-01, 
 2DIAGNOSTIC,     2, -4.740522576672e-01, 1.797693134862e+308, 1.9097e+00, 2.9225e-02, 
 2DIAGNOSTIC,     3, -4.750700580771e-01, 1.797693134862e+308, 1.9394e+00, 2.9744e-02, 
 2DIAGNOSTIC,     4, -4.767962337930e-01, 1.797693134862e+308, 1.9695e+00, 3.0031e-02, 
 2DIAGNOSTIC,     5, -4.809518770897e-01, 1.797693134862e+308, 1.9981e+00, 2.8650e-02, 
 2DIAGNOSTIC,     6, -4.828467995455e-01, 1.797693134862e+308, 2.0324e+00, 3.4235e-02, 
 2DIAGNOSTIC,     7, -4.831294454170e-01, 1.797693134862e+308, 2.0666e+00, 3.4219e-02, 
 2DIAGNOSTIC,     8, -4.834125345812e-01, 1.797693134862e+308, 2.1011e+00, 3.4496e-02, 
 2DIAGNOSTIC,     9, -4.834490314985e-01, 1.797693134862e+308, 2.1312e+00, 3.0145e-02, 
 2DIAGNOSTIC,    10, -4.836442919508e-01, 1.640465417120e-03, 2.1602e+00, 2.8948e-02, 
 2DIAGNOSTIC,    11, -4.847475769521e-01, 1.297233054493e-03, 2.1906e+00, 3.0409e-02, 
 2DIAGNOSTIC,    12, -4.867447371213e-01, 1.029439521615e-03, 2.2273e+00, 3.6731e-02, 
 2DIAGNOSTIC,    13, -4.872661758447e-01, 7.798936799407e-04, 2.2563e+00, 2.8963e-02, 
 2DIAGNOSTIC,    14, -4.880612407627e-01, 5.992416475142e-04, 2.2891e+00, 3.2784e-02, 
 2DIAGNOSTIC,    15, -4.890394437512e-01, 5.887240635319e-04, 2.3235e+00, 3.4430e-02, 
 2DIAGNOSTIC,    16, -4.898031118735e-01, 6.220849163861e-04, 2.4120e+00, 8.8494e-02, 
 2DIAGNOSTIC,    17, -4.897991091174e-01, 6.026427759677e-04, 2.4412e+00, 2.9178e-02, 
 2DIAGNOSTIC,    18, -4.897953585147e-01, 5.398830779173e-04, 2.4699e+00, 2.8768e-02, 
 2DIAGNOSTIC,    19, -4.898019138492e-01, 4.363566103271e-04, 2.4980e+00, 2.8117e-02, 
 2DIAGNOSTIC,    20, -4.898204769350e-01, 3.085784647390e-04, 2.5268e+00, 2.8746e-02, 
 2DIAGNOSTIC,    21, -4.898534516376e-01, 1.947365799514e-04, 2.5540e+00, 2.7186e-02, 
 2DIAGNOSTIC,    22, -4.898817564864e-01, 1.275123995486e-04, 2.5849e+00, 3.0954e-02, 
 2DIAGNOSTIC,    23, -4.899181942608e-01, 6.866043954454e-05, 2.6149e+00, 2.9966e-02, 
 2DIAGNOSTIC,    24, -4.899574245221e-01, 2.835840685475e-05, 2.6420e+00, 2.7104e-02, 
 2DIAGNOSTIC,    25, -4.900420121793e-01, 1.314299225150e-05, 2.6697e+00, 2.7724e-02, 
 2DIAGNOSTIC,    26, -4.901216199748e-01, 1.694026501732e-05, 2.6994e+00, 2.9702e-02, 
 2DIAGNOSTIC,    27, -4.902184856547e-01, 2.096875074859e-05, 2.7281e+00, 2.8714e-02, 
 2DIAGNOSTIC,    28, -4.903041146473e-01, 2.453725410277e-05, 2.7579e+00, 2.9729e-02, 
 2DIAGNOSTIC,    29, -4.903753714975e-01, 2.720255002092e-05, 2.7882e+00, 3.0293e-02, 
 2DIAGNOSTIC,    30, -4.904439705241e-01, 2.889486011487e-05, 2.8177e+00, 2.9532e-02, 
 2DIAGNOSTIC,    31, -4.906597518346e-01, 3.250599084217e-05, 2.8478e+00, 3.0156e-02, 
 2DIAGNOSTIC,    32, -4.911257276236e-01, 4.182964213739e-05, 2.8804e+00, 3.2576e-02, 
 2DIAGNOSTIC,    33, -4.914175178937e-01, 5.233485674926e-05, 2.9101e+00, 2.9720e-02, 
 2DIAGNOSTIC,    34, -4.916325802661e-01, 6.169282750983e-05, 2.9426e+00, 3.2443e-02, 
 2DIAGNOSTIC,    35, -4.917582207650e-01, 6.829618400062e-05, 2.9726e+00, 2.9985e-02, 
 2DIAGNOSTIC,    36, -4.919158670419e-01, 7.192862152321e-05, 3.0047e+00, 3.2135e-02, 
 2DIAGNOSTIC,    37, -4.919871336026e-01, 7.110142925084e-05, 3.0343e+00, 2.9585e-02, 
 2DIAGNOSTIC,    38, -4.920357747679e-01, 6.564149228572e-05, 3.0633e+00, 2.8996e-02, 
 2DIAGNOSTIC,    39, -4.920960853106e-01, 5.633319028216e-05, 3.0965e+00, 3.3177e-02, 
 2DIAGNOSTIC,    40, -4.922798869293e-01, 4.589037292150e-05, 3.1295e+00, 3.3079e-02, 
 2DIAGNOSTIC,    41, -4.923264001226e-01, 3.519738062859e-05, 3.1571e+00, 2.7576e-02, 
 2DIAGNOSTIC,    42, -4.924785480845e-01, 3.025571026518e-05, 3.1921e+00, 3.4949e-02, 
 2DIAGNOSTIC,    43, -4.926040013731e-01, 2.832519780571e-05, 3.2200e+00, 2.7970e-02, 
 2DIAGNOSTIC,    44, -4.926647852489e-01, 2.745366287539e-05, 3.2533e+00, 3.3219e-02, 
 2DIAGNOSTIC,    45, -4.930067182498e-01, 3.006269923012e-05, 3.2864e+00, 3.3109e-02, 
 2DIAGNOSTIC,    46, -4.932160672850e-01, 3.427332621319e-05, 3.3165e+00, 3.0117e-02, 
 2DIAGNOSTIC,    47, -4.933908133103e-01, 3.811391913439e-05, 3.3470e+00, 3.0488e-02, 
 2DIAGNOSTIC,    48, -4.934966216620e-01, 4.009818639787e-05, 3.3821e+00, 3.5102e-02, 
 2DIAGNOSTIC,    49, -4.935602731762e-01, 3.966519340380e-05, 3.4144e+00, 3.2322e-02, 
 2DIAGNOSTIC,    50, -4.935595749071e-01, 3.761873602798e-05, 3.4488e+00, 3.4382e-02, 
 2DIAGNOSTIC,    51, -4.935545782019e-01, 3.252656004043e-05, 3.4788e+00, 3.0040e-02, 
 2DIAGNOSTIC,    52, -4.935493814107e-01, 2.621317162332e-05, 3.5119e+00, 3.3093e-02, 
 2DIAGNOSTIC,    53, -4.935361351966e-01, 1.895015974381e-05, 3.5454e+00, 3.3502e-02, 
 2DIAGNOSTIC,    54, -4.935375793578e-01, 1.080668131221e-05, 3.5737e+00, 2.8311e-02, 
 2DIAGNOSTIC,    55, -4.935321203746e-01, 5.508628863393e-06, 3.6055e+00, 3.1757e-02, 
 2DIAGNOSTIC,    56, -4.935194987055e-01, 1.942362999739e-06, 3.6372e+00, 3.1755e-02, 
DIAGNOSTIC,Iteration,metricValue,convergenceValue,ITERATION_TIME_INDEX,SINCE_LAST
 2DIAGNOSTIC,     1, -4.341430715565e-01, 1.797693134862e+308, 4.6595e+00, 1.0223e+00, 
 2DIAGNOSTIC,     2, -4.343208181187e-01, 1.797693134862e+308, 4.8889e+00, 2.2940e-01, 
 2DIAGNOSTIC,     3, -4.344495675200e-01, 1.797693134862e+308, 5.1172e+00, 2.2826e-01, 
 2DIAGNOSTIC,     4, -4.345365057160e-01, 1.797693134862e+308, 5.3369e+00, 2.1975e-01, 
 2DIAGNOSTIC,     5, -4.346243027451e-01, 1.797693134862e+308, 5.5734e+00, 2.3646e-01, 
 2DIAGNOSTIC,     6, -4.349320674483e-01, 1.797693134862e+308, 5.8503e+00, 2.7697e-01, 
 2DIAGNOSTIC,     7, -4.351004375102e-01, 1.797693134862e+308, 6.1586e+00, 3.0825e-01, 
 2DIAGNOSTIC,     8, -4.351276987518e-01, 1.797693134862e+308, 6.4733e+00, 3.1471e-01, 
 2DIAGNOSTIC,     9, -4.351368954013e-01, 1.797693134862e+308, 6.7485e+00, 2.7525e-01, 
 2DIAGNOSTIC,    10, -4.351398170195e-01, 1.666088501437e-04, 6.9796e+00, 2.3108e-01, 
 2DIAGNOSTIC,    11, -4.351482524687e-01, 1.285649809255e-04, 7.1996e+00, 2.2001e-01, 
 2DIAGNOSTIC,    12, -4.351638963991e-01, 9.584036143284e-05, 7.4269e+00, 2.2724e-01, 
 2DIAGNOSTIC,    13, -4.351948752531e-01, 6.787916507597e-05, 7.8008e+00, 3.7398e-01, 
 2DIAGNOSTIC,    14, -4.351983636596e-01, 4.233926948376e-05, 8.0832e+00, 2.8237e-01, 
 2DIAGNOSTIC,    15, -4.351973627480e-01, 2.007226276544e-05, 8.4015e+00, 3.1832e-01, 
 2DIAGNOSTIC,    16, -4.351974299269e-01, 1.135440201448e-05, 8.6436e+00, 2.4207e-01, 
 2DIAGNOSTIC,    17, -4.351966254377e-01, 9.203576462884e-06, 8.9006e+00, 2.5695e-01, 
 2DIAGNOSTIC,    18, -4.351963613845e-01, 7.570076332238e-06, 9.1340e+00, 2.3339e-01, 
 2DIAGNOSTIC,    19, -4.351948354863e-01, 5.838255933532e-06, 9.4161e+00, 2.8217e-01, 
 2DIAGNOSTIC,    20, -4.351930099031e-01, 3.944446600894e-06, 9.7501e+00, 3.3402e-01, 
 2DIAGNOSTIC,    21, -4.351923999057e-01, 2.255889729422e-06, 9.9947e+00, 2.4451e-01, 
 2DIAGNOSTIC,    22, -4.351903326045e-01, 1.028922321025e-06, 1.0275e+01, 2.8018e-01, 
DIAGNOSTIC,Iteration,metricValue,convergenceValue,ITERATION_TIME_INDEX,SINCE_LAST
 2DIAGNOSTIC,     1, -4.014211045058e-01, 1.797693134862e+308, 1.2773e+01, 2.4981e+00, 
 2DIAGNOSTIC,     2, -4.015710919114e-01, 1.797693134862e+308, 1.4205e+01, 1.4325e+00, 
 2DIAGNOSTIC,     3, -4.016679916016e-01, 1.797693134862e+308, 1.5525e+01, 1.3193e+00, 
 2DIAGNOSTIC,     4, -4.018010179472e-01, 1.797693134862e+308, 1.6928e+01, 1.4028e+00, 
 2DIAGNOSTIC,     5, -4.019301005954e-01, 1.797693134862e+308, 1.8439e+01, 1.5119e+00, 
 2DIAGNOSTIC,     6, -4.019788074959e-01, 1.797693134862e+308, 2.0321e+01, 1.8816e+00, 
 2DIAGNOSTIC,     7, -4.019903994521e-01, 1.797693134862e+308, 2.1656e+01, 1.3346e+00, 
 2DIAGNOSTIC,     8, -4.020393525374e-01, 1.797693134862e+308, 2.2991e+01, 1.3355e+00, 
 2DIAGNOSTIC,     9, -4.020934388748e-01, 1.797693134862e+308, 2.4314e+01, 1.3227e+00, 
 2DIAGNOSTIC,    10, -4.021523747187e-01, 1.124333855361e-04, 2.5726e+01, 1.4115e+00, 
 2DIAGNOSTIC,    11, -4.022207632352e-01, 8.846390073602e-05, 2.7727e+01, 2.0018e+00, 
 2DIAGNOSTIC,    12, -4.022485591863e-01, 7.129617575945e-05, 2.9340e+01, 1.6129e+00, 
 2DIAGNOSTIC,    13, -4.022775600685e-01, 5.733731091639e-05, 3.0888e+01, 1.5474e+00, 
 2DIAGNOSTIC,    14, -4.023540789069e-01, 5.078754742853e-05, 3.2625e+01, 1.7376e+00, 
 2DIAGNOSTIC,    15, -4.023613086217e-01, 4.695218385775e-05, 3.4290e+01, 1.6643e+00, 
 2DIAGNOSTIC,    16, -4.023611664550e-01, 4.166912074147e-05, 3.6089e+01, 1.7990e+00, 
 2DIAGNOSTIC,    17, -4.023605223890e-01, 3.384018801315e-05, 3.7845e+01, 1.7569e+00, 
 2DIAGNOSTIC,    18, -4.023603654255e-01, 2.582641248360e-05, 3.9862e+01, 2.0166e+00, 
 2DIAGNOSTIC,    19, -4.023604273499e-01, 1.837331676709e-05, 4.4389e+01, 4.5274e+00, 
 2DIAGNOSTIC,    20, -4.023604273490e-01, 1.214157243976e-05, 4.8696e+01, 4.3061e+00, 
 2DIAGNOSTIC,    21, -4.023604273490e-01, 7.848815832483e-06, 5.0249e+01, 1.5532e+00, 
 2DIAGNOSTIC,    22, -4.023604273490e-01, 4.255355131426e-06, 5.2086e+01, 1.8374e+00, 
 2DIAGNOSTIC,    23, -4.023604273490e-01, 1.538258517599e-06, 5.3619e+01, 1.5328e+00, 
 2DIAGNOSTIC,    24, -4.023604273490e-01, 1.280063081255e-06, 5.5191e+01, 1.5720e+00, 
 2DIAGNOSTIC,    25, -4.023604273490e-01, 1.251055993169e-06, 5.6827e+01, 1.6365e+00, 
 2DIAGNOSTIC,    26, -4.023604273490e-01, 1.222965371292e-06, 5.8371e+01, 1.5438e+00, 
 2DIAGNOSTIC,    27, -4.023604273490e-01, 1.180340872396e-06, 5.9989e+01, 1.6176e+00, 
 2DIAGNOSTIC,    28, -4.023604273490e-01, 1.136603122925e-06, 6.1776e+01, 1.7874e+00, 
 2DIAGNOSTIC,    29, -4.023604273490e-01, 1.097392129688e-06, 6.3257e+01, 1.4813e+00, 
 2DIAGNOSTIC,    30, -4.023604273490e-01, 1.060796330721e-06, 6.4818e+01, 1.5608e+00, 
 2DIAGNOSTIC,    31, -4.023604273490e-01, 1.026562554254e-06, 6.6123e+01, 1.3050e+00, 
  Elapsed time (stage 0): 6.6984e+01


Total elapsed time: 6.6987e+01
Info [verificarlo]: loaded backend libinterflop_vprec.so
Info [interflop-vprec]: load backend with: 
Info [interflop-vprec]: precision-binary32 = 14
Info [interflop-vprec]: range-binary32 = 8
Info [interflop-vprec]: precision-binary64 = 14
Info [interflop-vprec]: range-binary64 = 8
Info [interflop-vprec]: mode = ob
Info [interflop-vprec]: error-mode = rel
Info [interflop-vprec]: max-abs-error-exponent = -1022
Info [interflop-vprec]: daz = false
Info [interflop-vprec]: ftz = false
Info [interflop-vprec]: 	instrument = none
Info [interflop-vprec]: 	prec-input-file = (null)
Info [interflop-vprec]: 	prec-output-file = (null)
Info [interflop-vprec]: 	prec-log-file = (null)
All_Command_lines_OK
Using double precision for computations.
=============================================================================
The composite transform comprises the following transforms (in order): 
  1. /home/mdugre/scratch/mri-registration-rp/datasets/ds004513/derivatives/mri-registration-rp/0011/antsRegistration-r8-p14/sub-s037/rigid_Composite.h5[0] (type = Euler3DTransform)
  2. /home/mdugre/scratch/mri-registration-rp/datasets/ds004513/derivatives/mri-registration-rp/0011/antsRegistration-r8-p14/sub-s037/rigid_Composite.h5[1] (type = Euler3DTransform)
  3. /home/mdugre/scratch/mri-registration-rp/datasets/ds004513/derivatives/mri-registration-rp/0011/antsRegistration-r8-p14/sub-s037/rigid_Composite.h5[2] (type = Euler3DTransform)
=============================================================================
  number of levels = 4
  fixed image: /templateflow/tpl-MNI152NLin2009cAsym/tpl-MNI152NLin2009cAsym_res-01_desc-brain_T1w.nii.gz
  moving image: /home/mdugre/scratch/mri-registration-rp/datasets/ds004513/derivatives/mri-registration-rp/antsBrainExtraction/sub-s037/BrainExtractionBrain.nii.gz
Dimension = 3
Number of stages = 1
Use histogram matching = false
Winsorize image intensities = true
  Lower quantile = 0.005
  Upper quantile = 0.995


Stage 1 State
   Image metric = MattesMI
     Fixed image = Image (0x4b31490)
  RTTI typeinfo:   itk::Image<double, 3u>
  Reference Count: 2
  Modified Time: 1592
  Debug: Off
  Object Name: 
  Observers: 
    none
  Source: (none)
  Source output name: (none)
  Release Data: Off
  Data Released: False
  Global Release Data: Off
  PipelineMTime: 0
  UpdateMTime: 1203
  RealTimeStamp: 0 seconds 
  LargestPossibleRegion: 
    Dimension: 3
    Index: [0, 0, 0]
    Size: [193, 229, 193]
  BufferedRegion: 
    Dimension: 3
    Index: [0, 0, 0]
    Size: [193, 229, 193]
  RequestedRegion: 
    Dimension: 3
    Index: [0, 0, 0]
    Size: [193, 229, 193]
  Spacing: [1, 1, 1]
  Origin: [96, 132, -78]
  Direction: 
-1 0 0
0 -1 0
0 0 1

  IndexToPointMatrix: 
-1 0 0
0 -1 0
0 0 1

  PointToIndexMatrix: 
-1 0 0
0 -1 0
0 0 1

  Inverse Direction: 
-1 0 0
0 -1 0
0 0 1

  PixelContainer: 
    ImportImageContainer (0x4bfc8c0)
      RTTI typeinfo:   itk::ImportImageContainer<unsigned long, double>
      Reference Count: 1
      Modified Time: 1200
      Debug: Off
      Object Name: 
      Observers: 
        none
      Pointer: 0x153869895010
      Container manages memory: true
      Size: 8530021
      Capacity: 8530021

     Moving image = Image (0x4becb60)
  RTTI typeinfo:   itk::Image<double, 3u>
  Reference Count: 2
  Modified Time: 1593
  Debug: Off
  Object Name: 
  Observers: 
    none
  Source: (none)
  Source output name: (none)
  Release Data: Off
  Data Released: False
  Global Release Data: Off
  PipelineMTime: 0
  UpdateMTime: 1590
  RealTimeStamp: 0 seconds 
  LargestPossibleRegion: 
    Dimension: 3
    Index: [0, 0, 0]
    Size: [160, 240, 256]
  BufferedRegion: 
    Dimension: 3
    Index: [0, 0, 0]
    Size: [160, 240, 256]
  RequestedRegion: 
    Dimension: 3
    Index: [0, 0, 0]
    Size: [160, 240, 256]
  Spacing: [1, 1, 1]
  Origin: [87.9492, 102.562, -147.641]
  Direction: 
-0.998657 -0.0436134 -0.0279121
0.0435963 -0.999054 0.00121838
-0.0279398 -2.98041e-08 0.999603

  IndexToPointMatrix: 
-0.998657 -0.0436134 -0.0279121
0.0435963 -0.999054 0.00121838
-0.0279398 -2.98041e-08 0.999603

  PointToIndexMatrix: 
-0.998657 0.0435963 -0.0279398
-0.0436134 -0.999084 -3.05176e-05
-0.027914 0.0012207 0.999634

  Inverse Direction: 
-0.998657 0.0435963 -0.0279398
-0.0436134 -0.999084 -3.05176e-05
-0.027914 0.0012207 0.999634

  PixelContainer: 
    ImportImageContainer (0x4b64bd0)
      RTTI typeinfo:   itk::ImportImageContainer<unsigned long, double>
      Reference Count: 1
      Modified Time: 1587
      Debug: Off
      Object Name: 
      Observers: 
        none
      Pointer: 0x153864d94010
      Container manages memory: true
      Size: 9830400
      Capacity: 9830400

     Weighting = 1
     Sampling strategy = regular
     Number of bins = 32
     Radius = 4
     Sampling percentage  = 0.25
   Transform = Affine
     Gradient step = 0.1
     Update field sigma (voxel space) = 0
     Total field sigma (voxel space) = 0
     Update field time sigma = 0
     Total field time sigma  = 0
     Number of time indices = 0
     Number of time point samples = 0
Registration using 1 total stages.

Stage 0
  iterations = 1000x500x250x100
  convergence threshold = 1e-06
  convergence window size = 10
  number of levels = 4
  using the Mattes MI metric (number of bins = 32, weight = 1, use gradient filter = 0)
  preprocessing:  winsorizing the image intensities
  Shrink factors (level 1 out of 4): [8, 8, 8]
  Shrink factors (level 2 out of 4): [4, 4, 4]
  Shrink factors (level 3 out of 4): [2, 2, 2]
  Shrink factors (level 4 out of 4): [1, 1, 1]
  smoothing sigmas per level: [3, 2, 1, 0]
  regular sampling (percentage = 0.25)

*** Running AffineTransform registration ***

DIAGNOSTIC,Iteration,metricValue,convergenceValue,ITERATION_TIME_INDEX,SINCE_LAST
 2DIAGNOSTIC,     1, -5.816604377677e-01, 1.797693134862e+308, 0.0000e+00, 0.0000e+00, 
 2DIAGNOSTIC,     2, -5.833862049674e-01, 1.797693134862e+308, 0.0000e+00, 0.0000e+00, 
 2DIAGNOSTIC,     3, -5.867356495952e-01, 1.797693134862e+308, 0.0000e+00, 0.0000e+00, 
 2DIAGNOSTIC,     4, -5.922002700576e-01, 1.797693134862e+308, 0.0000e+00, 0.0000e+00, 
 2DIAGNOSTIC,     5, -6.030736401037e-01, 1.797693134862e+308, 0.0000e+00, 0.0000e+00, 
 2DIAGNOSTIC,     6, -6.181747160616e-01, 1.797693134862e+308, 0.0000e+00, 0.0000e+00, 
 2DIAGNOSTIC,     7, -6.397461227775e-01, 1.797693134862e+308, 0.0000e+00, 0.0000e+00, 
 2DIAGNOSTIC,     8, -6.916180846680e-01, 1.797693134862e+308, 0.0000e+00, 0.0000e+00, 
 2DIAGNOSTIC,     9, -7.036395780643e-01, 1.797693134862e+308, 0.0000e+00, 0.0000e+00, 
 2DIAGNOSTIC,    10, -7.152721002847e-01, 1.516869374985e-02, 0.0000e+00, 0.0000e+00, 
 2DIAGNOSTIC,    11, -7.158026497546e-01, 1.487147610582e-02, 0.0000e+00, 0.0000e+00, 
 2DIAGNOSTIC,    12, -7.163070047594e-01, 1.338469938337e-02, 0.0000e+00, 0.0000e+00, 
 2DIAGNOSTIC,    13, -7.169232925249e-01, 1.106368020457e-02, 0.0000e+00, 0.0000e+00, 
 2DIAGNOSTIC,    14, -7.183113195508e-01, 8.311623113939e-03, 0.0000e+00, 0.0000e+00, 
 2DIAGNOSTIC,    15, -7.183284624495e-01, 5.529314314245e-03, 0.0000e+00, 0.0000e+00, 
 2DIAGNOSTIC,    16, -7.189442604984e-01, 3.044456237647e-03, 0.0000e+00, 0.0000e+00, 
 2DIAGNOSTIC,    17, -7.189960829673e-01, 1.108852028413e-03, 0.0000e+00, 0.0000e+00, 
 2DIAGNOSTIC,    18, -7.186901184010e-01, 5.128120661415e-04, 0.0000e+00, 0.0000e+00, 
 2DIAGNOSTIC,    19, -7.188006742937e-01, 1.992871823497e-04, 0.0000e+00, 0.0000e+00, 
 2DIAGNOSTIC,    20, -7.189511869983e-01, 1.487344968268e-04, 0.0000e+00, 0.0000e+00, 
 2DIAGNOSTIC,    21, -7.191704064268e-01, 1.045566719520e-04, 0.0000e+00, 0.0000e+00, 
 2DIAGNOSTIC,    22, -7.194318349667e-01, 6.950653481243e-05, 0.0000e+00, 0.0000e+00, 
 2DIAGNOSTIC,    23, -7.195417625169e-01, 4.400992953908e-05, 0.0000e+00, 0.0000e+00, 
 2DIAGNOSTIC,    24, -7.195871184647e-01, 4.181969752067e-05, 0.0000e+00, 0.0000e+00, 
 2DIAGNOSTIC,    25, -7.194630697828e-01, 3.388008855957e-05, 0.0000e+00, 0.0000e+00, 
 2DIAGNOSTIC,    26, -7.189078440699e-01, 2.444066041545e-05, 0.0000e+00, 0.0000e+00, 
 2DIAGNOSTIC,    27, -7.189014933074e-01, 1.458175545699e-05, 0.0000e+00, 0.0000e+00, 
DIAGNOSTIC,Iteration,metricValue,convergenceValue,ITERATION_TIME_INDEX,SINCE_LAST
 2DIAGNOSTIC,     1, -5.921591046037e-01, 1.797693134862e+308, 0.0000e+00, 0.0000e+00, 
 2DIAGNOSTIC,     2, -5.928168943394e-01, 1.797693134862e+308, 0.0000e+00, 0.0000e+00, 
 2DIAGNOSTIC,     3, -5.935800596311e-01, 1.797693134862e+308, 0.0000e+00, 0.0000e+00, 
 2DIAGNOSTIC,     4, -5.945449592608e-01, 1.797693134862e+308, 0.0000e+00, 0.0000e+00, 
 2DIAGNOSTIC,     5, -5.957878520005e-01, 1.797693134862e+308, 0.0000e+00, 0.0000e+00, 
 2DIAGNOSTIC,     6, -5.975261376479e-01, 1.797693134862e+308, 0.0000e+00, 0.0000e+00, 
 2DIAGNOSTIC,     7, -5.987314321846e-01, 1.797693134862e+308, 0.0000e+00, 0.0000e+00, 
 2DIAGNOSTIC,     8, -5.998714329675e-01, 1.797693134862e+308, 0.0000e+00, 0.0000e+00, 
 2DIAGNOSTIC,     9, -6.008402386009e-01, 1.797693134862e+308, 0.0000e+00, 0.0000e+00, 
 2DIAGNOSTIC,    10, -6.008342850177e-01, 1.067192530818e-03, 0.0000e+00, 0.0000e+00, 
 2DIAGNOSTIC,    11, -6.008378090858e-01, 9.064046086859e-04, 0.0000e+00, 0.0000e+00, 
 2DIAGNOSTIC,    12, -6.008235698840e-01, 7.168782408576e-04, 0.0000e+00, 0.0000e+00, 
 2DIAGNOSTIC,    13, -6.008281880053e-01, 5.198572193288e-04, 0.0000e+00, 0.0000e+00, 
 2DIAGNOSTIC,    14, -6.008317563603e-01, 3.364728780948e-04, 0.0000e+00, 0.0000e+00, 
 2DIAGNOSTIC,    15, -6.008161238151e-01, 1.853661662885e-04, 0.0000e+00, 0.0000e+00, 
 2DIAGNOSTIC,    16, -6.008070004550e-01, 8.762727553395e-05, 0.0000e+00, 0.0000e+00, 
 2DIAGNOSTIC,    17, -6.007845140149e-01, 2.600345805834e-05, 0.0000e+00, 0.0000e+00, 
DIAGNOSTIC,Iteration,metricValue,convergenceValue,ITERATION_TIME_INDEX,SINCE_LAST
 2DIAGNOSTIC,     1, -5.251929831327e-01, 1.797693134862e+308, 0.0000e+00, 0.0000e+00, 
 2DIAGNOSTIC,     2, -5.255979739792e-01, 1.797693134862e+308, 0.0000e+00, 0.0000e+00, 
 2DIAGNOSTIC,     3, -5.260627508253e-01, 1.797693134862e+308, 0.0000e+00, 0.0000e+00, 
 2DIAGNOSTIC,     4, -5.265730118879e-01, 1.797693134862e+308, 0.0000e+00, 0.0000e+00, 
 2DIAGNOSTIC,     5, -5.270552191025e-01, 1.797693134862e+308, 0.0000e+00, 0.0000e+00, 
 2DIAGNOSTIC,     6, -5.273782816016e-01, 1.797693134862e+308, 0.0000e+00, 0.0000e+00, 
 2DIAGNOSTIC,     7, -5.276082467632e-01, 1.797693134862e+308, 0.0000e+00, 0.0000e+00, 
 2DIAGNOSTIC,     8, -5.276564490834e-01, 1.797693134862e+308, 0.0000e+00, 0.0000e+00, 
 2DIAGNOSTIC,     9, -5.277739394121e-01, 1.797693134862e+308, 0.0000e+00, 0.0000e+00, 
 2DIAGNOSTIC,    10, -5.277930292110e-01, 3.350180946725e-04, 0.0000e+00, 0.0000e+00, 
 2DIAGNOSTIC,    11, -5.278042354616e-01, 2.419065372968e-04, 0.0000e+00, 0.0000e+00, 
 2DIAGNOSTIC,    12, -5.278256330229e-01, 1.619236475529e-04, 0.0000e+00, 0.0000e+00, 
 2DIAGNOSTIC,    13, -5.278482657790e-01, 9.983768991469e-05, 0.0000e+00, 0.0000e+00, 
 2DIAGNOSTIC,    14, -5.278755942511e-01, 5.814012812538e-05, 0.0000e+00, 0.0000e+00, 
 2DIAGNOSTIC,    15, -5.278887681449e-01, 3.445612730332e-05, 0.0000e+00, 0.0000e+00, 
 2DIAGNOSTIC,    16, -5.278928841080e-01, 2.163910654825e-05, 0.0000e+00, 0.0000e+00, 
 2DIAGNOSTIC,    17, -5.278887915402e-01, 1.567992875171e-05, 0.0000e+00, 0.0000e+00, 
 2DIAGNOSTIC,    18, -5.278865716918e-01, 1.037619613754e-05, 0.0000e+00, 0.0000e+00, 
 2DIAGNOSTIC,    19, -5.278889526747e-01, 8.203605029032e-06, 0.0000e+00, 0.0000e+00, 
 2DIAGNOSTIC,    20, -5.278880321218e-01, 6.112864228247e-06, 0.0000e+00, 0.0000e+00, 
 2DIAGNOSTIC,    21, -5.278872004206e-01, 4.054305581785e-06, 0.0000e+00, 0.0000e+00, 
 2DIAGNOSTIC,    22, -5.278869999728e-01, 2.453336682078e-06, 0.0000e+00, 0.0000e+00, 
 2DIAGNOSTIC,    23, -5.278876152510e-01, 1.418104465412e-06, 0.0000e+00, 0.0000e+00, 
 2DIAGNOSTIC,    24, -5.278872376066e-01, 1.049721173332e-06, 0.0000e+00, 0.0000e+00, 
 2DIAGNOSTIC,    25, -5.278872831072e-01, 1.007174553778e-06, 0.0000e+00, 0.0000e+00, 
 2DIAGNOSTIC,    26, -5.278872951964e-01, 1.071342841164e-06, 0.0000e+00, 0.0000e+00, 
 2DIAGNOSTIC,    27, -5.278872860002e-01, 1.054914451473e-06, 0.0000e+00, 0.0000e+00, 
DIAGNOSTIC,Iteration,metricValue,convergenceValue,ITERATION_TIME_INDEX,SINCE_LAST
 2DIAGNOSTIC,     1, -4.827625552256e-01, 1.797693134862e+308, 0.0000e+00, 0.0000e+00, 
 2DIAGNOSTIC,     2, -4.830015369095e-01, 1.797693134862e+308, 0.0000e+00, 0.0000e+00, 
 2DIAGNOSTIC,     3, -4.832541759656e-01, 1.797693134862e+308, 0.0000e+00, 0.0000e+00, 
 2DIAGNOSTIC,     4, -4.835331943993e-01, 1.797693134862e+308, 0.0000e+00, 0.0000e+00, 
 2DIAGNOSTIC,     5, -4.839094985548e-01, 1.797693134862e+308, 0.0000e+00, 0.0000e+00, 
 2DIAGNOSTIC,     6, -4.848615704625e-01, 1.797693134862e+308, 0.0000e+00, 0.0000e+00, 
 2DIAGNOSTIC,     7, -4.849185414649e-01, 1.797693134862e+308, 0.0000e+00, 0.0000e+00, 
 2DIAGNOSTIC,     8, -4.849231446378e-01, 1.797693134862e+308, 0.0000e+00, 0.0000e+00, 
 2DIAGNOSTIC,     9, -4.849196190151e-01, 1.797693134862e+308, 0.0000e+00, 0.0000e+00, 
 2DIAGNOSTIC,    10, -4.849201927918e-01, 3.439603706280e-04, 0.0000e+00, 0.0000e+00, 
 2DIAGNOSTIC,    11, -4.849231638433e-01, 2.605581654355e-04, 0.0000e+00, 0.0000e+00, 
 2DIAGNOSTIC,    12, -4.849211013131e-01, 1.794219140156e-04, 0.0000e+00, 0.0000e+00, 
 2DIAGNOSTIC,    13, -4.849244635716e-01, 1.068984550914e-04, 0.0000e+00, 0.0000e+00, 
 2DIAGNOSTIC,    14, -4.849248787993e-01, 4.702169139587e-05, 0.0000e+00, 0.0000e+00, 
 2DIAGNOSTIC,    15, -4.849265913728e-01, 4.783105714001e-06, 0.0000e+00, 0.0000e+00, 
 2DIAGNOSTIC,    16, -4.849270281278e-01, 2.436831374408e-06, 0.0000e+00, 0.0000e+00, 
 2DIAGNOSTIC,    17, -4.849251742671e-01, 2.207346382406e-06, 0.0000e+00, 0.0000e+00, 
 2DIAGNOSTIC,    18, -4.849252018124e-01, 2.114824514864e-06, 0.0000e+00, 0.0000e+00, 
 2DIAGNOSTIC,    19, -4.849252018124e-01, 1.875312627797e-06, 0.0000e+00, 0.0000e+00, 
 2DIAGNOSTIC,    20, -4.849252018124e-01, 1.641234911934e-06, 0.0000e+00, 0.0000e+00, 
 2DIAGNOSTIC,    21, -4.849252018124e-01, 1.497907611690e-06, 0.0000e+00, 0.0000e+00, 
 2DIAGNOSTIC,    22, -4.849252018124e-01, 1.301245173523e-06, 0.0000e+00, 0.0000e+00, 
 2DIAGNOSTIC,    23, -4.849252018124e-01, 1.210013450596e-06, 0.0000e+00, 0.0000e+00, 
 2DIAGNOSTIC,    24, -4.849252018124e-01, 1.139888458658e-06, 0.0000e+00, 0.0000e+00, 
 2DIAGNOSTIC,    25, -4.849252018124e-01, 1.121551637694e-06, 0.0000e+00, 0.0000e+00, 
 2DIAGNOSTIC,    26, -4.849252018124e-01, 1.119661700341e-06, 0.0000e+00, 0.0000e+00, 
 2DIAGNOSTIC,    27, -4.849252018124e-01, 1.077568280244e-06, 0.0000e+00, 0.0000e+00, 
 2DIAGNOSTIC,    28, -4.849252018124e-01, 1.039060295513e-06, 0.0000e+00, 0.0000e+00, 
 2DIAGNOSTIC,    29, -4.849252018124e-01, 1.003209593120e-06, 0.0000e+00, 0.0000e+00, 
  Elapsed time (stage 0): 0.0000e+00


Total elapsed time: 0.0000e+00
Info [verificarlo]: loaded backend libinterflop_vprec.so
Info [interflop-vprec]: load backend with: 
Info [interflop-vprec]: precision-binary32 = 14
Info [interflop-vprec]: range-binary32 = 8
Info [interflop-vprec]: precision-binary64 = 14
Info [interflop-vprec]: range-binary64 = 8
Info [interflop-vprec]: mode = ob
Info [interflop-vprec]: error-mode = rel
Info [interflop-vprec]: max-abs-error-exponent = -1022
Info [interflop-vprec]: daz = false
Info [interflop-vprec]: ftz = false
Info [interflop-vprec]: 	instrument = none
Info [interflop-vprec]: 	prec-input-file = (null)
Info [interflop-vprec]: 	prec-output-file = (null)
Info [interflop-vprec]: 	prec-log-file = (null)
All_Command_lines_OK
Using double precision for computations.
=============================================================================
The composite transform comprises the following transforms (in order): 
  1. /home/mdugre/scratch/mri-registration-rp/datasets/ds004513/derivatives/mri-registration-rp/0011/antsRegistration-r8-p14/sub-s037/affine_Composite.h5[0] (type = Euler3DTransform)
  2. /home/mdugre/scratch/mri-registration-rp/datasets/ds004513/derivatives/mri-registration-rp/0011/antsRegistration-r8-p14/sub-s037/affine_Composite.h5[1] (type = Euler3DTransform)
  3. /home/mdugre/scratch/mri-registration-rp/datasets/ds004513/derivatives/mri-registration-rp/0011/antsRegistration-r8-p14/sub-s037/affine_Composite.h5[2] (type = Euler3DTransform)
  4. /home/mdugre/scratch/mri-registration-rp/datasets/ds004513/derivatives/mri-registration-rp/0011/antsRegistration-r8-p14/sub-s037/affine_Composite.h5[3] (type = AffineTransform)
=============================================================================
  number of levels = 4
  fixed image: /templateflow/tpl-MNI152NLin2009cAsym/tpl-MNI152NLin2009cAsym_res-01_desc-brain_T1w.nii.gz
  moving image: /home/mdugre/scratch/mri-registration-rp/datasets/ds004513/derivatives/mri-registration-rp/antsBrainExtraction/sub-s037/BrainExtractionBrain.nii.gz
Dimension = 3
Number of stages = 1
Use histogram matching = false
Winsorize image intensities = true
  Lower quantile = 0.005
  Upper quantile = 0.995


Stage 1 State
   Image metric = CC
     Fixed image = Image (0x3f9e6f0)
  RTTI typeinfo:   itk::Image<double, 3u>
  Reference Count: 2
  Modified Time: 1606
  Debug: Off
  Object Name: 
  Observers: 
    none
  Source: (none)
  Source output name: (none)
  Release Data: Off
  Data Released: False
  Global Release Data: Off
  PipelineMTime: 0
  UpdateMTime: 1217
  RealTimeStamp: 0 seconds 
  LargestPossibleRegion: 
    Dimension: 3
    Index: [0, 0, 0]
    Size: [193, 229, 193]
  BufferedRegion: 
    Dimension: 3
    Index: [0, 0, 0]
    Size: [193, 229, 193]
  RequestedRegion: 
    Dimension: 3
    Index: [0, 0, 0]
    Size: [193, 229, 193]
  Spacing: [1, 1, 1]
  Origin: [96, 132, -78]
  Direction: 
-1 0 0
0 -1 0
0 0 1

  IndexToPointMatrix: 
-1 0 0
0 -1 0
0 0 1

  PointToIndexMatrix: 
-1 0 0
0 -1 0
0 0 1

  Inverse Direction: 
-1 0 0
0 -1 0
0 0 1

  PixelContainer: 
    ImportImageContainer (0x406c8b0)
      RTTI typeinfo:   itk::ImportImageContainer<unsigned long, double>
      Reference Count: 1
      Modified Time: 1214
      Debug: Off
      Object Name: 
      Observers: 
        none
      Pointer: 0x153f24737010
      Container manages memory: true
      Size: 8530021
      Capacity: 8530021

     Moving image = Image (0x405a1a0)
  RTTI typeinfo:   itk::Image<double, 3u>
  Reference Count: 2
  Modified Time: 1607
  Debug: Off
  Object Name: 
  Observers: 
    none
  Source: (none)
  Source output name: (none)
  Release Data: Off
  Data Released: False
  Global Release Data: Off
  PipelineMTime: 0
  UpdateMTime: 1604
  RealTimeStamp: 0 seconds 
  LargestPossibleRegion: 
    Dimension: 3
    Index: [0, 0, 0]
    Size: [160, 240, 256]
  BufferedRegion: 
    Dimension: 3
    Index: [0, 0, 0]
    Size: [160, 240, 256]
  RequestedRegion: 
    Dimension: 3
    Index: [0, 0, 0]
    Size: [160, 240, 256]
  Spacing: [1, 1, 1]
  Origin: [87.9492, 102.562, -147.641]
  Direction: 
-0.998657 -0.0436134 -0.0279121
0.0435963 -0.999054 0.00121838
-0.0279398 -2.98041e-08 0.999603

  IndexToPointMatrix: 
-0.998657 -0.0436134 -0.0279121
0.0435963 -0.999054 0.00121838
-0.0279398 -2.98041e-08 0.999603

  PointToIndexMatrix: 
-0.998657 0.0435963 -0.0279398
-0.0436134 -0.999084 -3.05176e-05
-0.027914 0.0012207 0.999634

  Inverse Direction: 
-0.998657 0.0435963 -0.0279398
-0.0436134 -0.999084 -3.05176e-05
-0.027914 0.0012207 0.999634

  PixelContainer: 
    ImportImageContainer (0x3fefa10)
      RTTI typeinfo:   itk::ImportImageContainer<unsigned long, double>
      Reference Count: 1
      Modified Time: 1601
      Debug: Off
      Object Name: 
      Observers: 
        none
      Pointer: 0x153f1fc36010
      Container manages memory: true
      Size: 9830400
      Capacity: 9830400

     Weighting = 1
     Sampling strategy = none
     Number of bins = 32
     Radius = 4
     Sampling percentage  = 1
   Transform = SyN
     Gradient step = 0.1
     Update field sigma (voxel space) = 3
     Total field sigma (voxel space) = 0
     Update field time sigma = 0
     Total field time sigma  = 0
     Number of time indices = 0
     Number of time point samples = 0
Registration using 1 total stages.

Stage 0
  iterations = 100x70x50x20
  convergence threshold = 1e-06
  convergence window size = 10
  number of levels = 4
  using the CC metric (radius = 4, weight = 1, use gradient filter = 0)
  preprocessing:  winsorizing the image intensities
  Shrink factors (level 1 out of 4): [8, 8, 8]
  Shrink factors (level 2 out of 4): [4, 4, 4]
  Shrink factors (level 3 out of 4): [2, 2, 2]
  Shrink factors (level 4 out of 4): [1, 1, 1]
  smoothing sigmas per level: [3, 2, 1, 0]
  Using default NONE metricSamplingStrategy 

*** Running SyN registration (varianceForUpdateField = 3, varianceForTotalField = 0) ***

XXDIAGNOSTIC,Iteration,metricValue,convergenceValue,ITERATION_TIME_INDEX,SINCE_LAST
 1DIAGNOSTIC,     1, -8.462524414062e-01, 1.797693134862e+308, 0.0000e+00, 0.0000e+00, 
 1DIAGNOSTIC,     2, -8.652343750000e-01, 1.797693134862e+308, 0.0000e+00, 0.0000e+00, 
 1DIAGNOSTIC,     3, -8.815307617188e-01, 1.797693134862e+308, 0.0000e+00, 0.0000e+00, 
 1DIAGNOSTIC,     4, -8.932800292969e-01, 1.797693134862e+308, 0.0000e+00, 0.0000e+00, 
 1DIAGNOSTIC,     5, -9.020996093750e-01, 1.797693134862e+308, 0.0000e+00, 0.0000e+00, 
 1DIAGNOSTIC,     6, -9.077758789062e-01, 1.797693134862e+308, 0.0000e+00, 0.0000e+00, 
 1DIAGNOSTIC,     7, -9.122924804688e-01, 1.797693134862e+308, 0.0000e+00, 0.0000e+00, 
 1DIAGNOSTIC,     8, -9.158630371094e-01, 1.797693134862e+308, 0.0000e+00, 0.0000e+00, 
 1DIAGNOSTIC,     9, -9.188842773438e-01, 1.797693134862e+308, 0.0000e+00, 0.0000e+00, 
 1DIAGNOSTIC,    10, -9.212951660156e-01, 4.943393211351e-03, 0.0000e+00, 0.0000e+00, 
 1DIAGNOSTIC,    11, -9.232482910156e-01, 3.391600740663e-03, 0.0000e+00, 0.0000e+00, 
 1DIAGNOSTIC,    12, -9.248657226562e-01, 2.335756529094e-03, 0.0000e+00, 0.0000e+00, 
 1DIAGNOSTIC,    13, -9.263000488281e-01, 1.660102132499e-03, 0.0000e+00, 0.0000e+00, 
 1DIAGNOSTIC,    14, -9.276123046875e-01, 1.222053798897e-03, 0.0000e+00, 0.0000e+00, 
 1DIAGNOSTIC,    15, -9.288330078125e-01, 9.402681160246e-04, 0.0000e+00, 0.0000e+00, 
 1DIAGNOSTIC,    16, -9.300231933594e-01, 7.413313154148e-04, 0.0000e+00, 0.0000e+00, 
 1DIAGNOSTIC,    17, -9.312133789062e-01, 6.020651342290e-04, 0.0000e+00, 0.0000e+00, 
 1DIAGNOSTIC,    18, -9.324340820312e-01, 5.052454574688e-04, 0.0000e+00, 0.0000e+00, 
 1DIAGNOSTIC,    19, -9.337463378906e-01, 4.424508130080e-04, 0.0000e+00, 0.0000e+00, 
 1DIAGNOSTIC,    20, -9.350585937500e-01, 4.023664590896e-04, 0.0000e+00, 0.0000e+00, 
 1DIAGNOSTIC,    21, -9.363708496094e-01, 3.766415921853e-04, 0.0000e+00, 0.0000e+00, 
 1DIAGNOSTIC,    22, -9.375305175781e-01, 3.570090365317e-04, 0.0000e+00, 0.0000e+00, 
 1DIAGNOSTIC,    23, -9.387512207031e-01, 3.412798355800e-04, 0.0000e+00, 0.0000e+00, 
 1DIAGNOSTIC,    24, -9.398498535156e-01, 3.257516536776e-04, 0.0000e+00, 0.0000e+00, 
 1DIAGNOSTIC,    25, -9.410400390625e-01, 3.105247828115e-04, 0.0000e+00, 0.0000e+00, 
 1DIAGNOSTIC,    26, -9.420471191406e-01, 2.931952729187e-04, 0.0000e+00, 0.0000e+00, 
 1DIAGNOSTIC,    27, -9.431762695312e-01, 2.759578985966e-04, 0.0000e+00, 0.0000e+00, 
 1DIAGNOSTIC,    28, -9.442749023438e-01, 2.593051792463e-04, 0.0000e+00, 0.0000e+00, 
 1DIAGNOSTIC,    29, -9.454040527344e-01, 2.450751622860e-04, 0.0000e+00, 0.0000e+00, 
 1DIAGNOSTIC,    30, -9.465026855469e-01, 2.331810508293e-04, 0.0000e+00, 0.0000e+00, 
 1DIAGNOSTIC,    31, -9.476623535156e-01, 2.243912773017e-04, 0.0000e+00, 0.0000e+00, 
 1DIAGNOSTIC,    32, -9.487304687500e-01, 2.161196213173e-04, 0.0000e+00, 0.0000e+00, 
 1DIAGNOSTIC,    33, -9.499511718750e-01, 2.104497318833e-04, 0.0000e+00, 0.0000e+00, 
 1DIAGNOSTIC,    34, -9.510498046875e-01, 2.047738210574e-04, 0.0000e+00, 0.0000e+00, 
 1DIAGNOSTIC,    35, -9.521179199219e-01, 1.996530701447e-04, 0.0000e+00, 0.0000e+00, 
 1DIAGNOSTIC,    36, -9.530944824219e-01, 1.925999550748e-04, 0.0000e+00, 0.0000e+00, 
 1DIAGNOSTIC,    37, -9.539794921875e-01, 1.841722440343e-04, 0.0000e+00, 0.0000e+00, 
 1DIAGNOSTIC,    38, -9.547729492188e-01, 1.737840679542e-04, 0.0000e+00, 0.0000e+00, 
 1DIAGNOSTIC,    39, -9.554748535156e-01, 1.616412197508e-04, 0.0000e+00, 0.0000e+00, 
 1DIAGNOSTIC,    40, -9.562072753906e-01, 1.486075820118e-04, 0.0000e+00, 0.0000e+00, 
 1DIAGNOSTIC,    41, -9.567871093750e-01, 1.349236755061e-04, 0.0000e+00, 0.0000e+00, 
 1DIAGNOSTIC,    42, -9.573974609375e-01, 1.211380045913e-04, 0.0000e+00, 0.0000e+00, 
 1DIAGNOSTIC,    43, -9.578857421875e-01, 1.084880084362e-04, 0.0000e+00, 0.0000e+00, 
 1DIAGNOSTIC,    44, -9.583129882812e-01, 9.656795881895e-05, 0.0000e+00, 0.0000e+00, 
 1DIAGNOSTIC,    45, -9.587402343750e-01, 8.602700454801e-05, 0.0000e+00, 0.0000e+00, 
 1DIAGNOSTIC,    46, -9.591064453125e-01, 7.655817601308e-05, 0.0000e+00, 0.0000e+00, 
 1DIAGNOSTIC,    47, -9.595031738281e-01, 6.843975606324e-05, 0.0000e+00, 0.0000e+00, 
 1DIAGNOSTIC,    48, -9.598083496094e-01, 6.104921456964e-05, 0.0000e+00, 0.0000e+00, 
 1DIAGNOSTIC,    49, -9.603271484375e-01, 5.567316878789e-05, 0.0000e+00, 0.0000e+00, 
 1DIAGNOSTIC,    50, -9.604797363281e-01, 5.052014087640e-05, 0.0000e+00, 0.0000e+00, 
 1DIAGNOSTIC,    51, -9.609985351562e-01, 4.728661890302e-05, 0.0000e+00, 0.0000e+00, 
 1DIAGNOSTIC,    52, -9.604187011719e-01, 3.979007230533e-05, 0.0000e+00, 0.0000e+00, 
 1DIAGNOSTIC,    53, -9.608764648438e-01, 3.432423050077e-05, 0.0000e+00, 0.0000e+00, 
 1DIAGNOSTIC,    54, -9.607849121094e-01, 2.757907874852e-05, 0.0000e+00, 0.0000e+00, 
 1DIAGNOSTIC,    55, -9.606323242188e-01, 1.995689066024e-05, 0.0000e+00, 0.0000e+00, 
 1DIAGNOSTIC,    56, -9.607238769531e-01, 1.324842595141e-05, 0.0000e+00, 0.0000e+00, 
 1DIAGNOSTIC,    57, -9.606933593750e-01, 7.505021341499e-06, 0.0000e+00, 0.0000e+00, 
 1DIAGNOSTIC,    58, -9.607238769531e-01, 2.991243008212e-06, 0.0000e+00, 0.0000e+00, 
 1DIAGNOSTIC,    59, -9.604492187500e-01, -3.880121636421e-07, 0.0000e+00, 0.0000e+00, 
XXDIAGNOSTIC,Iteration,metricValue,convergenceValue,ITERATION_TIME_INDEX,SINCE_LAST
 1DIAGNOSTIC,     1, -8.938903808594e-01, 1.797693134862e+308, 0.0000e+00, 0.0000e+00, 
 1DIAGNOSTIC,     2, -8.963012695312e-01, 1.797693134862e+308, 0.0000e+00, 0.0000e+00, 
 1DIAGNOSTIC,     3, -8.992614746094e-01, 1.797693134862e+308, 0.0000e+00, 0.0000e+00, 
 1DIAGNOSTIC,     4, -9.019775390625e-01, 1.797693134862e+308, 0.0000e+00, 0.0000e+00, 
 1DIAGNOSTIC,     5, -9.042663574219e-01, 1.797693134862e+308, 0.0000e+00, 0.0000e+00, 
 1DIAGNOSTIC,     6, -9.061584472656e-01, 1.797693134862e+308, 0.0000e+00, 0.0000e+00, 
 1DIAGNOSTIC,     7, -9.078369140625e-01, 1.797693134862e+308, 0.0000e+00, 0.0000e+00, 
 1DIAGNOSTIC,     8, -9.090881347656e-01, 1.797693134862e+308, 0.0000e+00, 0.0000e+00, 
 1DIAGNOSTIC,     9, -9.101867675781e-01, 1.797693134862e+308, 0.0000e+00, 0.0000e+00, 
 1DIAGNOSTIC,    10, -9.111633300781e-01, 1.240059731996e-03, 0.0000e+00, 0.0000e+00, 
 1DIAGNOSTIC,    11, -9.120178222656e-01, 9.852174752817e-04, 0.0000e+00, 0.0000e+00, 
 1DIAGNOSTIC,    12, -9.126892089844e-01, 7.644065878501e-04, 0.0000e+00, 0.0000e+00, 
 1DIAGNOSTIC,    13, -9.135131835938e-01, 5.992777342671e-04, 0.0000e+00, 0.0000e+00, 
 1DIAGNOSTIC,    14, -9.141540527344e-01, 4.778896351958e-04, 0.0000e+00, 0.0000e+00, 
 1DIAGNOSTIC,    15, -9.148864746094e-01, 3.917552979345e-04, 0.0000e+00, 0.0000e+00, 
 1DIAGNOSTIC,    16, -9.154357910156e-01, 3.278191482206e-04, 0.0000e+00, 0.0000e+00, 
 1DIAGNOSTIC,    17, -9.159240722656e-01, 2.809666000814e-04, 0.0000e+00, 0.0000e+00, 
 1DIAGNOSTIC,    18, -9.163818359375e-01, 2.429210089961e-04, 0.0000e+00, 0.0000e+00, 
 1DIAGNOSTIC,    19, -9.168090820312e-01, 2.113097847474e-04, 0.0000e+00, 0.0000e+00, 
 1DIAGNOSTIC,    20, -9.171752929688e-01, 1.840892757983e-04, 0.0000e+00, 0.0000e+00, 
 1DIAGNOSTIC,    21, -9.174804687500e-01, 1.595664692753e-04, 0.0000e+00, 0.0000e+00, 
 1DIAGNOSTIC,    22, -9.177856445312e-01, 1.361976180248e-04, 0.0000e+00, 0.0000e+00, 
 1DIAGNOSTIC,    23, -9.180603027344e-01, 1.170244294976e-04, 0.0000e+00, 0.0000e+00, 
 1DIAGNOSTIC,    24, -9.182739257812e-01, 9.951625245414e-05, 0.0000e+00, 0.0000e+00, 
 1DIAGNOSTIC,    25, -9.185180664062e-01, 8.626173008449e-05, 0.0000e+00, 0.0000e+00, 
 1DIAGNOSTIC,    26, -9.187011718750e-01, 7.470827850829e-05, 0.0000e+00, 0.0000e+00, 
 1DIAGNOSTIC,    27, -9.188842773438e-01, 6.474533974615e-05, 0.0000e+00, 0.0000e+00, 
 1DIAGNOSTIC,    28, -9.190673828125e-01, 5.653440081943e-05, 0.0000e+00, 0.0000e+00, 
 1DIAGNOSTIC,    29, -9.192199707031e-01, 4.980389299671e-05, 0.0000e+00, 0.0000e+00, 
 1DIAGNOSTIC,    30, -9.193725585938e-01, 4.424318455479e-05, 0.0000e+00, 0.0000e+00, 
 1DIAGNOSTIC,    31, -9.194946289062e-01, 3.917847874375e-05, 0.0000e+00, 0.0000e+00, 
 1DIAGNOSTIC,    32, -9.196166992188e-01, 3.491871133508e-05, 0.0000e+00, 0.0000e+00, 
 1DIAGNOSTIC,    33, -9.197387695312e-01, 3.139762570412e-05, 0.0000e+00, 0.0000e+00, 
 1DIAGNOSTIC,    34, -9.198608398438e-01, 2.820946818578e-05, 0.0000e+00, 0.0000e+00, 
 1DIAGNOSTIC,    35, -9.200134277344e-01, 2.610019863186e-05, 0.0000e+00, 0.0000e+00, 
 1DIAGNOSTIC,    36, -9.201049804688e-01, 2.404061338660e-05, 0.0000e+00, 0.0000e+00, 
 1DIAGNOSTIC,    37, -9.202270507812e-01, 2.242531036015e-05, 0.0000e+00, 0.0000e+00, 
 1DIAGNOSTIC,    38, -9.203186035156e-01, 2.105483542464e-05, 0.0000e+00, 0.0000e+00, 
 1DIAGNOSTIC,    39, -9.204101562500e-01, 1.973905998921e-05, 0.0000e+00, 0.0000e+00, 
 1DIAGNOSTIC,    40, -9.205017089844e-01, 1.855312161646e-05, 0.0000e+00, 0.0000e+00, 
 1DIAGNOSTIC,    41, -9.206237792969e-01, 1.755547459587e-05, 0.0000e+00, 0.0000e+00, 
 1DIAGNOSTIC,    42, -9.207153320312e-01, 1.655457901286e-05, 0.0000e+00, 0.0000e+00, 
 1DIAGNOSTIC,    43, -9.207763671875e-01, 1.539293009047e-05, 0.0000e+00, 0.0000e+00, 
 1DIAGNOSTIC,    44, -9.208679199219e-01, 1.437102507156e-05, 0.0000e+00, 0.0000e+00, 
 1DIAGNOSTIC,    45, -9.209594726562e-01, 1.375258121517e-05, 0.0000e+00, 0.0000e+00, 
 1DIAGNOSTIC,    46, -9.210510253906e-01, 1.311554322651e-05, 0.0000e+00, 0.0000e+00, 
 1DIAGNOSTIC,    47, -9.211120605469e-01, 1.250577362193e-05, 0.0000e+00, 0.0000e+00, 
 1DIAGNOSTIC,    48, -9.211730957031e-01, 1.176786843228e-05, 0.0000e+00, 0.0000e+00, 
 1DIAGNOSTIC,    49, -9.212646484375e-01, 1.114294956874e-05, 0.0000e+00, 0.0000e+00, 
 1DIAGNOSTIC,    50, -9.213256835938e-01, 1.045148342192e-05, 0.0000e+00, 0.0000e+00, 
 1DIAGNOSTIC,    51, -9.213867187500e-01, 9.942288699827e-06, 0.0000e+00, 0.0000e+00, 
 1DIAGNOSTIC,    52, -9.214477539062e-01, 9.463006232620e-06, 0.0000e+00, 0.0000e+00, 
 1DIAGNOSTIC,    53, -9.215087890625e-01, 8.852778615211e-06, 0.0000e+00, 0.0000e+00, 
 1DIAGNOSTIC,    54, -9.215698242188e-01, 8.330444156667e-06, 0.0000e+00, 0.0000e+00, 
 1DIAGNOSTIC,    55, -9.216308593750e-01, 7.925680540997e-06, 0.0000e+00, 0.0000e+00, 
 1DIAGNOSTIC,    56, -9.216918945312e-01, 7.664646379454e-06, 0.0000e+00, 0.0000e+00, 
 1DIAGNOSTIC,    57, -9.217224121094e-01, 7.218352144629e-06, 0.0000e+00, 0.0000e+00, 
 1DIAGNOSTIC,    58, -9.217834472656e-01, 6.787513278508e-06, 0.0000e+00, 0.0000e+00, 
 1DIAGNOSTIC,    59, -9.218444824219e-01, 6.559200048852e-06, 0.0000e+00, 0.0000e+00, 
 1DIAGNOSTIC,    60, -9.219055175781e-01, 6.375694369565e-06, 0.0000e+00, 0.0000e+00, 
 1DIAGNOSTIC,    61, -9.219360351562e-01, 6.089886621180e-06, 0.0000e+00, 0.0000e+00, 
 1DIAGNOSTIC,    62, -9.219970703125e-01, 5.883075062552e-06, 0.0000e+00, 0.0000e+00, 
 1DIAGNOSTIC,    63, -9.220581054688e-01, 5.753815600248e-06, 0.0000e+00, 0.0000e+00, 
 1DIAGNOSTIC,    64, -9.220886230469e-01, 5.550484011210e-06, 0.0000e+00, 0.0000e+00, 
 1DIAGNOSTIC,    65, -9.221191406250e-01, 5.295098552998e-06, 0.0000e+00, 0.0000e+00, 
 1DIAGNOSTIC,    66, -9.221801757812e-01, 5.155628736587e-06, 0.0000e+00, 0.0000e+00, 
 1DIAGNOSTIC,    67, -9.222106933594e-01, 4.838033953652e-06, 0.0000e+00, 0.0000e+00, 
 1DIAGNOSTIC,    68, -9.222717285156e-01, 4.654841038995e-06, 0.0000e+00, 0.0000e+00, 
 1DIAGNOSTIC,    69, -9.223022460938e-01, 4.473479708247e-06, 0.0000e+00, 0.0000e+00, 
 1DIAGNOSTIC,    70, -9.223327636719e-01, 4.313608896293e-06, 0.0000e+00, 0.0000e+00, 
XXDIAGNOSTIC,Iteration,metricValue,convergenceValue,ITERATION_TIME_INDEX,SINCE_LAST
 1DIAGNOSTIC,     1, -8.688659667969e-01, 1.797693134862e+308, 0.0000e+00, 0.0000e+00, 
 1DIAGNOSTIC,     2, -8.717651367188e-01, 1.797693134862e+308, 0.0000e+00, 0.0000e+00, 
 1DIAGNOSTIC,     3, -8.749084472656e-01, 1.797693134862e+308, 0.0000e+00, 0.0000e+00, 
 1DIAGNOSTIC,     4, -8.778991699219e-01, 1.797693134862e+308, 0.0000e+00, 0.0000e+00, 
 1DIAGNOSTIC,     5, -8.806152343750e-01, 1.797693134862e+308, 0.0000e+00, 0.0000e+00, 
 1DIAGNOSTIC,     6, -8.828735351562e-01, 1.797693134862e+308, 0.0000e+00, 0.0000e+00, 
 1DIAGNOSTIC,     7, -8.850402832031e-01, 1.797693134862e+308, 0.0000e+00, 0.0000e+00, 
 1DIAGNOSTIC,     8, -8.868713378906e-01, 1.797693134862e+308, 0.0000e+00, 0.0000e+00, 
 1DIAGNOSTIC,     9, -8.884887695312e-01, 1.797693134862e+308, 0.0000e+00, 0.0000e+00, 
 1DIAGNOSTIC,    10, -8.899841308594e-01, 1.546522233765e-03, 0.0000e+00, 0.0000e+00, 
 1DIAGNOSTIC,    11, -8.913269042969e-01, 1.275796700553e-03, 0.0000e+00, 0.0000e+00, 
 1DIAGNOSTIC,    12, -8.923645019531e-01, 1.040649257061e-03, 0.0000e+00, 0.0000e+00, 
 1DIAGNOSTIC,    13, -8.933410644531e-01, 8.490328557490e-04, 0.0000e+00, 0.0000e+00, 
 1DIAGNOSTIC,    14, -8.942565917969e-01, 6.967507522744e-04, 0.0000e+00, 0.0000e+00, 
 1DIAGNOSTIC,    15, -8.950805664062e-01, 5.764726478801e-04, 0.0000e+00, 0.0000e+00, 
 1DIAGNOSTIC,    16, -8.958435058594e-01, 4.784700653531e-04, 0.0000e+00, 0.0000e+00, 
 1DIAGNOSTIC,    17, -8.965454101562e-01, 4.017714684461e-04, 0.0000e+00, 0.0000e+00, 
 1DIAGNOSTIC,    18, -8.972167968750e-01, 3.408032162637e-04, 0.0000e+00, 0.0000e+00, 
 1DIAGNOSTIC,    19, -8.978271484375e-01, 2.919445569041e-04, 0.0000e+00, 0.0000e+00, 
 1DIAGNOSTIC,    20, -8.983764648438e-01, 2.533201263175e-04, 0.0000e+00, 0.0000e+00, 
 1DIAGNOSTIC,    21, -8.989257812500e-01, 2.234911347274e-04, 0.0000e+00, 0.0000e+00, 
 1DIAGNOSTIC,    22, -8.994140625000e-01, 1.975588174569e-04, 0.0000e+00, 0.0000e+00, 
 1DIAGNOSTIC,    23, -8.999023437500e-01, 1.756462431702e-04, 0.0000e+00, 0.0000e+00, 
 1DIAGNOSTIC,    24, -9.003906250000e-01, 1.576938967143e-04, 0.0000e+00, 0.0000e+00, 
 1DIAGNOSTIC,    25, -9.008483886719e-01, 1.426639197758e-04, 0.0000e+00, 0.0000e+00, 
 1DIAGNOSTIC,    26, -9.012756347656e-01, 1.299270394980e-04, 0.0000e+00, 0.0000e+00, 
 1DIAGNOSTIC,    27, -9.017028808594e-01, 1.191898556953e-04, 0.0000e+00, 0.0000e+00, 
 1DIAGNOSTIC,    28, -9.021301269531e-01, 1.104464356791e-04, 0.0000e+00, 0.0000e+00, 
 1DIAGNOSTIC,    29, -9.025573730469e-01, 1.032409113230e-04, 0.0000e+00, 0.0000e+00, 
 1DIAGNOSTIC,    30, -9.029235839844e-01, 9.643799689325e-05, 0.0000e+00, 0.0000e+00, 
 1DIAGNOSTIC,    31, -9.032897949219e-01, 9.035517332070e-05, 0.0000e+00, 0.0000e+00, 
 1DIAGNOSTIC,    32, -9.035949707031e-01, 8.397743811686e-05, 0.0000e+00, 0.0000e+00, 
 1DIAGNOSTIC,    33, -9.039001464844e-01, 7.766485515097e-05, 0.0000e+00, 0.0000e+00, 
 1DIAGNOSTIC,    34, -9.042053222656e-01, 7.176658903197e-05, 0.0000e+00, 0.0000e+00, 
 1DIAGNOSTIC,    35, -9.044799804688e-01, 6.604155587466e-05, 0.0000e+00, 0.0000e+00, 
 1DIAGNOSTIC,    36, -9.047241210938e-01, 6.029537369677e-05, 0.0000e+00, 0.0000e+00, 
 1DIAGNOSTIC,    37, -9.049682617188e-01, 5.490466314842e-05, 0.0000e+00, 0.0000e+00, 
 1DIAGNOSTIC,    38, -9.052124023438e-01, 5.018602156002e-05, 0.0000e+00, 0.0000e+00, 
 1DIAGNOSTIC,    39, -9.054260253906e-01, 4.615224128625e-05, 0.0000e+00, 0.0000e+00, 
 1DIAGNOSTIC,    40, -9.056091308594e-01, 4.229155585233e-05, 0.0000e+00, 0.0000e+00, 
 1DIAGNOSTIC,    41, -9.057922363281e-01, 3.887054732029e-05, 0.0000e+00, 0.0000e+00, 
 1DIAGNOSTIC,    42, -9.059753417969e-01, 3.561405880811e-05, 0.0000e+00, 0.0000e+00, 
 1DIAGNOSTIC,    43, -9.060974121094e-01, 3.227287207637e-05, 0.0000e+00, 0.0000e+00, 
 1DIAGNOSTIC,    44, -9.062500000000e-01, 2.933280614701e-05, 0.0000e+00, 0.0000e+00, 
 1DIAGNOSTIC,    45, -9.063415527344e-01, 2.633146975016e-05, 0.0000e+00, 0.0000e+00, 
 1DIAGNOSTIC,    46, -9.064636230469e-01, 2.350206234511e-05, 0.0000e+00, 0.0000e+00, 
 1DIAGNOSTIC,    47, -9.064941406250e-01, 2.042004672968e-05, 0.0000e+00, 0.0000e+00, 
 1DIAGNOSTIC,    48, -9.065246582031e-01, 1.737063143314e-05, 0.0000e+00, 0.0000e+00, 
 1DIAGNOSTIC,    49, -9.065551757812e-01, 1.440691433040e-05, 0.0000e+00, 0.0000e+00, 
 1DIAGNOSTIC,    50, -9.065551757812e-01, 1.137619725611e-05, 0.0000e+00, 0.0000e+00, 
XXDIAGNOSTIC,Iteration,metricValue,convergenceValue,ITERATION_TIME_INDEX,SINCE_LAST
 1DIAGNOSTIC,     1, -8.616638183594e-01, 1.797693134862e+308, 0.0000e+00, 0.0000e+00, 
 1DIAGNOSTIC,     2, -8.624572753906e-01, 1.797693134862e+308, 0.0000e+00, 0.0000e+00, 
 1DIAGNOSTIC,     3, -8.637390136719e-01, 1.797693134862e+308, 0.0000e+00, 0.0000e+00, 
 1DIAGNOSTIC,     4, -8.651123046875e-01, 1.797693134862e+308, 0.0000e+00, 0.0000e+00, 
 1DIAGNOSTIC,     5, -8.666076660156e-01, 1.797693134862e+308, 0.0000e+00, 0.0000e+00, 
 1DIAGNOSTIC,     6, -8.678588867188e-01, 1.797693134862e+308, 0.0000e+00, 0.0000e+00, 
 1DIAGNOSTIC,     7, -8.690490722656e-01, 1.797693134862e+308, 0.0000e+00, 0.0000e+00, 
 1DIAGNOSTIC,     8, -8.699340820312e-01, 1.797693134862e+308, 0.0000e+00, 0.0000e+00, 
 1DIAGNOSTIC,     9, -8.708496093750e-01, 1.797693134862e+308, 0.0000e+00, 0.0000e+00, 
 1DIAGNOSTIC,    10, -8.716430664062e-01, 7.800833706715e-04, 0.0000e+00, 0.0000e+00, 
 1DIAGNOSTIC,    11, -8.723754882812e-01, 6.758778692979e-04, 0.0000e+00, 0.0000e+00, 
 1DIAGNOSTIC,    12, -8.730773925781e-01, 5.690129193873e-04, 0.0000e+00, 0.0000e+00, 
 1DIAGNOSTIC,    13, -8.736572265625e-01, 4.738383019947e-04, 0.0000e+00, 0.0000e+00, 
 1DIAGNOSTIC,    14, -8.741760253906e-01, 3.931075201221e-04, 0.0000e+00, 0.0000e+00, 
 1DIAGNOSTIC,    15, -8.747253417969e-01, 3.315801513784e-04, 0.0000e+00, 0.0000e+00, 
 1DIAGNOSTIC,    16, -8.752136230469e-01, 2.825602404802e-04, 0.0000e+00, 0.0000e+00, 
 1DIAGNOSTIC,    17, -8.757019042969e-01, 2.454320205881e-04, 0.0000e+00, 0.0000e+00, 
 1DIAGNOSTIC,    18, -8.761596679688e-01, 2.139761235972e-04, 0.0000e+00, 0.0000e+00, 
 1DIAGNOSTIC,    19, -8.765869140625e-01, 1.889968256435e-04, 0.0000e+00, 0.0000e+00, 
 1DIAGNOSTIC,    20, -8.769531250000e-01, 1.677953868005e-04, 0.0000e+00, 0.0000e+00, 
  Elapsed time (stage 0): 0


Total elapsed time: 0
