
##########################
# Experiment information #
##########################

EXPERIMENT_NAME: antsRegistration-r7-p19
VFC_BACKENDS: libinterflop_vprec.so --range-binary32=7 --precision-binary32=19 --range-binary64=7 --precision-binary64=19

SIF_IMG: /home/mdugre/projects/rrg-glatard/mdugre/containers/ants-vprec-no_metrics.simg

SUBJECT_ID: s034
INPUT_IMG: /home/mdugre/scratch/mri-registration-rp/datasets/ds004513/derivatives/mri-registration-rp/antsBrainExtraction/sub-s034/BrainExtractionBrain.nii.gz
OUTPUT_DIR: /home/mdugre/scratch/mri-registration-rp/datasets/ds004513/derivatives/mri-registration-rp/0011/antsRegistration-r7-p19/sub-s034

FIXED_IMG: /templateflow/tpl-MNI152NLin2009cAsym/tpl-MNI152NLin2009cAsym_res-01_desc-brain_T1w.nii.gz
DATA_DIR: /home/mdugre/scratch/mri-registration-rp/datasets/ds004513
TEMPLATEFLOW_DIR: /home/mdugre/projects/rrg-glatard/mdugre/templateflow
ITK_GLOBAL_DEFAULT_NUMBER_OF_THREADS: 16
##########################

Info [verificarlo]: loaded backend libinterflop_ieee.so
Info [interflop-ieee]: load backend with:
Info [interflop-ieee]: debug = false
Info [interflop-ieee]: debug-binary = false
Info [interflop-ieee]: no-backend-name = false
Info [interflop-ieee]: print-new-line = false
Info [interflop-ieee]: print-subnormal-normalized = false
Info [interflop-ieee]: count-op = false
All_Command_lines_OK
Using double precision for computations.
=============================================================================
The composite transform comprises the following transforms (in order): 
  1. Center of mass alignment using fixed image: /templateflow/tpl-MNI152NLin2009cAsym/tpl-MNI152NLin2009cAsym_res-01_desc-brain_T1w.nii.gz and moving image: /home/mdugre/scratch/mri-registration-rp/datasets/ds004513/derivatives/mri-registration-rp/antsBrainExtraction/sub-s034/BrainExtractionBrain.nii.gz (type = Euler3DTransform)
=============================================================================
  number of levels = 1
  fixed image: /templateflow/tpl-MNI152NLin2009cAsym/tpl-MNI152NLin2009cAsym_res-01_desc-brain_T1w.nii.gz
  moving image: /home/mdugre/scratch/mri-registration-rp/datasets/ds004513/derivatives/mri-registration-rp/antsBrainExtraction/sub-s034/BrainExtractionBrain.nii.gz
Dimension = 3
Number of stages = 1
Use histogram matching = false
Winsorize image intensities = true
  Lower quantile = 0.005
  Upper quantile = 0.995


Stage 1 State
   Image metric = MattesMI
     Fixed image = Image (0x36b4e70)
  RTTI typeinfo:   itk::Image<double, 3u>
  Reference Count: 2
  Modified Time: 2330
  Debug: Off
  Object Name: 
  Observers: 
    none
  Source: (none)
  Source output name: (none)
  Release Data: Off
  Data Released: False
  Global Release Data: Off
  PipelineMTime: 0
  UpdateMTime: 1941
  RealTimeStamp: 0 seconds 
  LargestPossibleRegion: 
    Dimension: 3
    Index: [0, 0, 0]
    Size: [193, 229, 193]
  BufferedRegion: 
    Dimension: 3
    Index: [0, 0, 0]
    Size: [193, 229, 193]
  RequestedRegion: 
    Dimension: 3
    Index: [0, 0, 0]
    Size: [193, 229, 193]
  Spacing: [1, 1, 1]
  Origin: [96, 132, -78]
  Direction: 
-1 0 0
0 -1 0
0 0 1

  IndexToPointMatrix: 
-1 0 0
0 -1 0
0 0 1

  PointToIndexMatrix: 
-1 0 0
0 -1 0
0 0 1

  Inverse Direction: 
-1 0 0
0 -1 0
0 0 1

  PixelContainer: 
    ImportImageContainer (0x36bdc60)
      RTTI typeinfo:   itk::ImportImageContainer<unsigned long, double>
      Reference Count: 1
      Modified Time: 1938
      Debug: Off
      Object Name: 
      Observers: 
        none
      Pointer: 0x15423d1ad010
      Container manages memory: true
      Size: 8530021
      Capacity: 8530021

     Moving image = Image (0x36b7540)
  RTTI typeinfo:   itk::Image<double, 3u>
  Reference Count: 2
  Modified Time: 2331
  Debug: Off
  Object Name: 
  Observers: 
    none
  Source: (none)
  Source output name: (none)
  Release Data: Off
  Data Released: False
  Global Release Data: Off
  PipelineMTime: 0
  UpdateMTime: 2328
  RealTimeStamp: 0 seconds 
  LargestPossibleRegion: 
    Dimension: 3
    Index: [0, 0, 0]
    Size: [160, 240, 256]
  BufferedRegion: 
    Dimension: 3
    Index: [0, 0, 0]
    Size: [160, 240, 256]
  RequestedRegion: 
    Dimension: 3
    Index: [0, 0, 0]
    Size: [160, 240, 256]
  Spacing: [1, 1, 1]
  Origin: [80.0392, 105.5, -130.753]
  Direction: 
-0.999816 0 0.0191974
0 -1 0
0.0191974 0 0.999816

  IndexToPointMatrix: 
-0.999816 0 0.0191974
0 -1 0
0.0191974 0 0.999816

  PointToIndexMatrix: 
-0.999816 0 0.0191974
0 -1 0
0.0191974 0 0.999816

  Inverse Direction: 
-0.999816 0 0.0191974
0 -1 0
0.0191974 0 0.999816

  PixelContainer: 
    ImportImageContainer (0x36b7380)
      RTTI typeinfo:   itk::ImportImageContainer<unsigned long, double>
      Reference Count: 1
      Modified Time: 2325
      Debug: Off
      Object Name: 
      Observers: 
        none
      Pointer: 0x1542386ac010
      Container manages memory: true
      Size: 9830400
      Capacity: 9830400

     Weighting = 1
     Sampling strategy = regular
     Number of bins = 32
     Radius = 4
     Sampling percentage  = 0.25
   Transform = Rigid
     Gradient step = 0.1
     Update field sigma (voxel space) = 0
     Total field sigma (voxel space) = 0
     Update field time sigma = 0
     Total field time sigma  = 0
     Number of time indices = 0
     Number of time point samples = 0
Registration using 1 total stages.

Stage 0
  iterations = 0
  convergence threshold = 1e-06
  convergence window size = 10
  number of levels = 1
  using the Mattes MI metric (number of bins = 32, weight = 1, use gradient filter = 0)
  preprocessing:  winsorizing the image intensities
  Shrink factors (level 1 out of 1): [1, 1, 1]
  smoothing sigmas per level: [0]
  regular sampling (percentage = 0.25)

*** Running Euler3DTransform registration ***

  Elapsed time (stage 0): 1.15022


Total elapsed time: 1.15845
Info [verificarlo]: loaded backend libinterflop_ieee.so
Info [interflop-ieee]: load backend with:
Info [interflop-ieee]: debug = false
Info [interflop-ieee]: debug-binary = false
Info [interflop-ieee]: no-backend-name = false
Info [interflop-ieee]: print-new-line = false
Info [interflop-ieee]: print-subnormal-normalized = false
Info [interflop-ieee]: count-op = false
All_Command_lines_OK
Using double precision for computations.
=============================================================================
The composite transform comprises the following transforms (in order): 
  1. /home/mdugre/scratch/mri-registration-rp/datasets/ds004513/derivatives/mri-registration-rp/0011/antsRegistration-r7-p19/sub-s034/align_Composite.h5[0] (type = Euler3DTransform)
  2. /home/mdugre/scratch/mri-registration-rp/datasets/ds004513/derivatives/mri-registration-rp/0011/antsRegistration-r7-p19/sub-s034/align_Composite.h5[1] (type = Euler3DTransform)
=============================================================================
  number of levels = 4
  fixed image: /templateflow/tpl-MNI152NLin2009cAsym/tpl-MNI152NLin2009cAsym_res-01_desc-brain_T1w.nii.gz
  moving image: /home/mdugre/scratch/mri-registration-rp/datasets/ds004513/derivatives/mri-registration-rp/antsBrainExtraction/sub-s034/BrainExtractionBrain.nii.gz
Dimension = 3
Number of stages = 1
Use histogram matching = false
Winsorize image intensities = true
  Lower quantile = 0.005
  Upper quantile = 0.995


Stage 1 State
   Image metric = MattesMI
     Fixed image = Image (0x4394530)
  RTTI typeinfo:   itk::Image<double, 3u>
  Reference Count: 2
  Modified Time: 1578
  Debug: Off
  Object Name: 
  Observers: 
    none
  Source: (none)
  Source output name: (none)
  Release Data: Off
  Data Released: False
  Global Release Data: Off
  PipelineMTime: 0
  UpdateMTime: 1189
  RealTimeStamp: 0 seconds 
  LargestPossibleRegion: 
    Dimension: 3
    Index: [0, 0, 0]
    Size: [193, 229, 193]
  BufferedRegion: 
    Dimension: 3
    Index: [0, 0, 0]
    Size: [193, 229, 193]
  RequestedRegion: 
    Dimension: 3
    Index: [0, 0, 0]
    Size: [193, 229, 193]
  Spacing: [1, 1, 1]
  Origin: [96, 132, -78]
  Direction: 
-1 0 0
0 -1 0
0 0 1

  IndexToPointMatrix: 
-1 0 0
0 -1 0
0 0 1

  PointToIndexMatrix: 
-1 0 0
0 -1 0
0 0 1

  Inverse Direction: 
-1 0 0
0 -1 0
0 0 1

  PixelContainer: 
    ImportImageContainer (0x4452d60)
      RTTI typeinfo:   itk::ImportImageContainer<unsigned long, double>
      Reference Count: 1
      Modified Time: 1186
      Debug: Off
      Object Name: 
      Observers: 
        none
      Pointer: 0x152fb1683010
      Container manages memory: true
      Size: 8530021
      Capacity: 8530021

     Moving image = Image (0x4444f60)
  RTTI typeinfo:   itk::Image<double, 3u>
  Reference Count: 2
  Modified Time: 1579
  Debug: Off
  Object Name: 
  Observers: 
    none
  Source: (none)
  Source output name: (none)
  Release Data: Off
  Data Released: False
  Global Release Data: Off
  PipelineMTime: 0
  UpdateMTime: 1576
  RealTimeStamp: 0 seconds 
  LargestPossibleRegion: 
    Dimension: 3
    Index: [0, 0, 0]
    Size: [160, 240, 256]
  BufferedRegion: 
    Dimension: 3
    Index: [0, 0, 0]
    Size: [160, 240, 256]
  RequestedRegion: 
    Dimension: 3
    Index: [0, 0, 0]
    Size: [160, 240, 256]
  Spacing: [1, 1, 1]
  Origin: [80.0392, 105.5, -130.753]
  Direction: 
-0.999816 0 0.0191974
0 -1 0
0.0191974 0 0.999816

  IndexToPointMatrix: 
-0.999816 0 0.0191974
0 -1 0
0.0191974 0 0.999816

  PointToIndexMatrix: 
-0.999816 0 0.0191974
0 -1 0
0.0191974 0 0.999816

  Inverse Direction: 
-0.999816 0 0.0191974
0 -1 0
0.0191974 0 0.999816

  PixelContainer: 
    ImportImageContainer (0x44366d0)
      RTTI typeinfo:   itk::ImportImageContainer<unsigned long, double>
      Reference Count: 1
      Modified Time: 1573
      Debug: Off
      Object Name: 
      Observers: 
        none
      Pointer: 0x152facb82010
      Container manages memory: true
      Size: 9830400
      Capacity: 9830400

     Weighting = 1
     Sampling strategy = regular
     Number of bins = 32
     Radius = 4
     Sampling percentage  = 0.25
   Transform = Rigid
     Gradient step = 0.1
     Update field sigma (voxel space) = 0
     Total field sigma (voxel space) = 0
     Update field time sigma = 0
     Total field time sigma  = 0
     Number of time indices = 0
     Number of time point samples = 0
Registration using 1 total stages.

Stage 0
  iterations = 1000x500x250x100
  convergence threshold = 1e-06
  convergence window size = 10
  number of levels = 4
  using the Mattes MI metric (number of bins = 32, weight = 1, use gradient filter = 0)
  preprocessing:  winsorizing the image intensities
  Shrink factors (level 1 out of 4): [8, 8, 8]
  Shrink factors (level 2 out of 4): [4, 4, 4]
  Shrink factors (level 3 out of 4): [2, 2, 2]
  Shrink factors (level 4 out of 4): [1, 1, 1]
  smoothing sigmas per level: [3, 2, 1, 0]
  regular sampling (percentage = 0.25)

*** Running Euler3DTransform registration ***

DIAGNOSTIC,Iteration,metricValue,convergenceValue,ITERATION_TIME_INDEX,SINCE_LAST
 2DIAGNOSTIC,     1, -4.930341261257e-01, 1.797693134862e+308, 6.9780e-01, 6.9780e-01, 
 2DIAGNOSTIC,     2, -4.945365061591e-01, 1.797693134862e+308, 7.0293e-01, 5.1250e-03, 
 2DIAGNOSTIC,     3, -4.976244396473e-01, 1.797693134862e+308, 7.0768e-01, 4.7472e-03, 
 2DIAGNOSTIC,     4, -5.014574413249e-01, 1.797693134862e+308, 7.1219e-01, 4.5140e-03, 
 2DIAGNOSTIC,     5, -5.078847033272e-01, 1.797693134862e+308, 7.1773e-01, 5.5439e-03, 
 2DIAGNOSTIC,     6, -5.122248234977e-01, 1.797693134862e+308, 7.2255e-01, 4.8180e-03, 
 2DIAGNOSTIC,     7, -5.158808652830e-01, 1.797693134862e+308, 7.2770e-01, 5.1520e-03, 
 2DIAGNOSTIC,     8, -5.195344909924e-01, 1.797693134862e+308, 7.3295e-01, 5.2421e-03, 
 2DIAGNOSTIC,     9, -5.208590358022e-01, 1.797693134862e+308, 7.3760e-01, 4.6570e-03, 
 2DIAGNOSTIC,    10, -5.268792526552e-01, 4.452037607824e-03, 7.4321e-01, 5.6028e-03, 
 2DIAGNOSTIC,    11, -5.326112994082e-01, 4.213403175633e-03, 7.4793e-01, 4.7221e-03, 
 2DIAGNOSTIC,    12, -5.387602690037e-01, 3.984590965672e-03, 7.5324e-01, 5.3089e-03, 
 2DIAGNOSTIC,    13, -5.407034062823e-01, 3.644614878235e-03, 7.5961e-01, 6.3729e-03, 
 2DIAGNOSTIC,    14, -5.413429159966e-01, 3.200214651440e-03, 7.6474e-01, 5.1351e-03, 
 2DIAGNOSTIC,    15, -5.416538515252e-01, 2.770877851043e-03, 7.6933e-01, 4.5900e-03, 
 2DIAGNOSTIC,    16, -5.418182700241e-01, 2.292743212619e-03, 7.7498e-01, 5.6460e-03, 
 2DIAGNOSTIC,    17, -5.420253111925e-01, 1.782769414409e-03, 7.7954e-01, 4.5550e-03, 
 2DIAGNOSTIC,    18, -5.423313632453e-01, 1.289064042021e-03, 7.8411e-01, 4.5738e-03, 
 2DIAGNOSTIC,    19, -5.436479632460e-01, 8.046705787747e-04, 7.9041e-01, 6.3021e-03, 
 2DIAGNOSTIC,    20, -5.443741817838e-01, 4.759381700246e-04, 7.9638e-01, 5.9650e-03, 
 2DIAGNOSTIC,    21, -5.446038972986e-01, 2.851438797043e-04, 8.0194e-01, 5.5652e-03, 
 2DIAGNOSTIC,    22, -5.447823407883e-01, 2.404240867878e-04, 8.0663e-01, 4.6909e-03, 
 2DIAGNOSTIC,    23, -5.450147364936e-01, 2.280415585964e-04, 8.1126e-01, 4.6279e-03, 
 2DIAGNOSTIC,    24, -5.457555956778e-01, 2.257579425211e-04, 8.1721e-01, 5.9531e-03, 
 2DIAGNOSTIC,    25, -5.462617854429e-01, 2.195098884446e-04, 8.2253e-01, 5.3189e-03, 
 2DIAGNOSTIC,    26, -5.464726253484e-01, 2.012121793465e-04, 8.2713e-01, 4.5989e-03, 
 2DIAGNOSTIC,    27, -5.464761943707e-01, 1.702024933908e-04, 8.3171e-01, 4.5760e-03, 
 2DIAGNOSTIC,    28, -5.464867386268e-01, 1.311841203024e-04, 8.3802e-01, 6.3102e-03, 
 2DIAGNOSTIC,    29, -5.464877950730e-01, 1.064634475690e-04, 8.4264e-01, 4.6201e-03, 
 2DIAGNOSTIC,    30, -5.464893142533e-01, 8.622171211402e-05, 8.4727e-01, 4.6329e-03, 
 2DIAGNOSTIC,    31, -5.464919941221e-01, 6.334721522133e-05, 8.5191e-01, 4.6389e-03, 
 2DIAGNOSTIC,    32, -5.464952793803e-01, 3.922994309736e-05, 8.5832e-01, 6.4130e-03, 
 2DIAGNOSTIC,    33, -5.464952868013e-01, 1.654977296821e-05, 8.6523e-01, 6.9108e-03, 
 2DIAGNOSTIC,    34, -5.464952870853e-01, 5.178091396024e-06, 8.7051e-01, 5.2791e-03, 
 2DIAGNOSTIC,    35, -5.464952870319e-01, 1.679429650965e-06, 8.8513e-01, 1.4616e-02, 
 2DIAGNOSTIC,    36, -5.464952870319e-01, 1.423010869191e-06, 8.9205e-01, 6.9189e-03, 
 2DIAGNOSTIC,    37, -5.464952870319e-01, 1.177889087003e-06, 8.9718e-01, 5.1351e-03, 
 2DIAGNOSTIC,    38, -5.464952870319e-01, 1.065144695306e-06, 9.0317e-01, 5.9850e-03, 
DIAGNOSTIC,Iteration,metricValue,convergenceValue,ITERATION_TIME_INDEX,SINCE_LAST
 2DIAGNOSTIC,     1, -4.471035686944e-01, 1.797693134862e+308, 1.6627e+00, 7.5956e-01, 
 2DIAGNOSTIC,     2, -4.473743276742e-01, 1.797693134862e+308, 1.6954e+00, 3.2653e-02, 
 2DIAGNOSTIC,     3, -4.477037668472e-01, 1.797693134862e+308, 1.7267e+00, 3.1328e-02, 
 2DIAGNOSTIC,     4, -4.482299950528e-01, 1.797693134862e+308, 1.7583e+00, 3.1555e-02, 
 2DIAGNOSTIC,     5, -4.490523658490e-01, 1.797693134862e+308, 1.7909e+00, 3.2652e-02, 
 2DIAGNOSTIC,     6, -4.500542335749e-01, 1.797693134862e+308, 1.8223e+00, 3.1401e-02, 
 2DIAGNOSTIC,     7, -4.530393992426e-01, 1.797693134862e+308, 1.8556e+00, 3.3313e-02, 
 2DIAGNOSTIC,     8, -4.566539900398e-01, 1.797693134862e+308, 1.8912e+00, 3.5583e-02, 
 2DIAGNOSTIC,     9, -4.606018839406e-01, 1.797693134862e+308, 1.9346e+00, 4.3423e-02, 
 2DIAGNOSTIC,    10, -4.666642627553e-01, 2.502832299956e-03, 1.9698e+00, 3.5175e-02, 
 2DIAGNOSTIC,    11, -4.672539870607e-01, 2.801430201555e-03, 2.0049e+00, 3.5100e-02, 
 2DIAGNOSTIC,    12, -4.680146580412e-01, 2.855181442517e-03, 2.0355e+00, 3.0633e-02, 
 2DIAGNOSTIC,    13, -4.704997624016e-01, 2.777581603921e-03, 2.0744e+00, 3.8872e-02, 
 2DIAGNOSTIC,    14, -4.737201757826e-01, 2.619631279073e-03, 2.1038e+00, 2.9361e-02, 
 2DIAGNOSTIC,    15, -4.814810965644e-01, 2.592452315703e-03, 2.1372e+00, 3.3375e-02, 
 2DIAGNOSTIC,    16, -4.849349394895e-01, 2.496676141459e-03, 2.1790e+00, 4.1837e-02, 
 2DIAGNOSTIC,    17, -4.855171281827e-01, 2.315008171166e-03, 2.2135e+00, 3.4533e-02, 
 2DIAGNOSTIC,    18, -4.856443628768e-01, 2.071008464209e-03, 2.2469e+00, 3.3415e-02, 
 2DIAGNOSTIC,    19, -4.856617064456e-01, 1.784186639403e-03, 2.2796e+00, 3.2642e-02, 
 2DIAGNOSTIC,    20, -4.856561549261e-01, 1.543379938007e-03, 2.3197e+00, 4.0109e-02, 
 2DIAGNOSTIC,    21, -4.856533193078e-01, 1.199359445569e-03, 2.3570e+00, 3.7264e-02, 
 2DIAGNOSTIC,    22, -4.856557389282e-01, 7.992448769027e-04, 2.3864e+00, 2.9458e-02, 
 2DIAGNOSTIC,    23, -4.856500613594e-01, 4.275122356739e-04, 2.4188e+00, 3.2399e-02, 
 2DIAGNOSTIC,    24, -4.856440934371e-01, 1.247835027866e-04, 2.4486e+00, 2.9775e-02, 
 2DIAGNOSTIC,    25, -4.856398432844e-01, 2.107813196527e-05, 2.4880e+00, 3.9457e-02, 
 2DIAGNOSTIC,    26, -4.856338310823e-01, 3.539577314152e-06, 2.5223e+00, 3.4273e-02, 
DIAGNOSTIC,Iteration,metricValue,convergenceValue,ITERATION_TIME_INDEX,SINCE_LAST
 2DIAGNOSTIC,     1, -4.168049275281e-01, 1.797693134862e+308, 3.6110e+00, 1.0887e+00, 
 2DIAGNOSTIC,     2, -4.169588322808e-01, 1.797693134862e+308, 3.8601e+00, 2.4905e-01, 
 2DIAGNOSTIC,     3, -4.171322042452e-01, 1.797693134862e+308, 4.1112e+00, 2.5114e-01, 
 2DIAGNOSTIC,     4, -4.172903165422e-01, 1.797693134862e+308, 4.4064e+00, 2.9517e-01, 
 2DIAGNOSTIC,     5, -4.173214784836e-01, 1.797693134862e+308, 4.7127e+00, 3.0630e-01, 
 2DIAGNOSTIC,     6, -4.173249532249e-01, 1.797693134862e+308, 5.0063e+00, 2.9365e-01, 
 2DIAGNOSTIC,     7, -4.173227246932e-01, 1.797693134862e+308, 5.2884e+00, 2.8209e-01, 
 2DIAGNOSTIC,     8, -4.173250099885e-01, 1.797693134862e+308, 5.5314e+00, 2.4298e-01, 
 2DIAGNOSTIC,     9, -4.173360855084e-01, 1.797693134862e+308, 5.7694e+00, 2.3794e-01, 
 2DIAGNOSTIC,    10, -4.173559563729e-01, 7.345948529960e-05, 6.0288e+00, 2.5945e-01, 
 2DIAGNOSTIC,    11, -4.174196264291e-01, 4.559987038884e-05, 6.3003e+00, 2.7150e-01, 
 2DIAGNOSTIC,    12, -4.174887115737e-01, 3.098933304832e-05, 6.8416e+00, 5.4129e-01, 
 2DIAGNOSTIC,    13, -4.174927528359e-01, 2.509937313548e-05, 7.0913e+00, 2.4967e-01, 
 2DIAGNOSTIC,    14, -4.174921237387e-01, 2.568431467422e-05, 7.4112e+00, 3.1996e-01, 
 2DIAGNOSTIC,    15, -4.174917091904e-01, 2.547215932451e-05, 7.7709e+00, 3.5964e-01, 
 2DIAGNOSTIC,    16, -4.174908951010e-01, 2.321316664043e-05, 8.1014e+00, 3.3050e-01, 
 2DIAGNOSTIC,    17, -4.174905245744e-01, 1.912119935984e-05, 8.3131e+00, 2.1169e-01, 
 2DIAGNOSTIC,    18, -4.174887786777e-01, 1.393480044347e-05, 8.5677e+00, 2.5467e-01, 
 2DIAGNOSTIC,    19, -4.174877426260e-01, 8.575441010773e-06, 8.7799e+00, 2.1213e-01, 
 2DIAGNOSTIC,    20, -4.174887485129e-01, 3.790747378517e-06, 9.0317e+00, 2.5183e-01, 
 2DIAGNOSTIC,    21, -4.174893919102e-01, 1.277765254340e-06, 9.3199e+00, 2.8822e-01, 
 2DIAGNOSTIC,    22, -4.174894800696e-01, 1.152346231846e-06, 9.5936e+00, 2.7366e-01, 
 2DIAGNOSTIC,    23, -4.174886740552e-01, 1.162791581022e-06, 9.8527e+00, 2.5912e-01, 
 2DIAGNOSTIC,    24, -4.174861784963e-01, 1.105840598342e-06, 1.0095e+01, 2.4213e-01, 
 2DIAGNOSTIC,    25, -4.174857746809e-01, 1.052844639818e-06, 1.0375e+01, 2.8018e-01, 
 2DIAGNOSTIC,    26, -4.174865769268e-01, 1.022359489733e-06, 1.0631e+01, 2.5549e-01, 
DIAGNOSTIC,Iteration,metricValue,convergenceValue,ITERATION_TIME_INDEX,SINCE_LAST
 2DIAGNOSTIC,     1, -3.830457367948e-01, 1.797693134862e+308, 1.3157e+01, 2.5265e+00, 
 2DIAGNOSTIC,     2, -3.831543533739e-01, 1.797693134862e+308, 1.4479e+01, 1.3219e+00, 
 2DIAGNOSTIC,     3, -3.831993577185e-01, 1.797693134862e+308, 1.5922e+01, 1.4426e+00, 
 2DIAGNOSTIC,     4, -3.833105658737e-01, 1.797693134862e+308, 1.7371e+01, 1.4495e+00, 
 2DIAGNOSTIC,     5, -3.834168042903e-01, 1.797693134862e+308, 1.8900e+01, 1.5287e+00, 
 2DIAGNOSTIC,     6, -3.834516734044e-01, 1.797693134862e+308, 2.1006e+01, 2.1062e+00, 
 2DIAGNOSTIC,     7, -3.834547983118e-01, 1.797693134862e+308, 2.2547e+01, 1.5407e+00, 
 2DIAGNOSTIC,     8, -3.834620799001e-01, 1.797693134862e+308, 2.4080e+01, 1.5330e+00, 
 2DIAGNOSTIC,     9, -3.834653602571e-01, 1.797693134862e+308, 2.5636e+01, 1.5560e+00, 
 2DIAGNOSTIC,    10, -3.834895740838e-01, 7.532607585134e-05, 2.7168e+01, 1.5320e+00, 
 2DIAGNOSTIC,    11, -3.835462662903e-01, 5.517693612994e-05, 2.8935e+01, 1.7670e+00, 
 2DIAGNOSTIC,    12, -3.835555933971e-01, 4.100408415535e-05, 3.1593e+01, 2.6588e+00, 
 2DIAGNOSTIC,    13, -3.835552978885e-01, 2.806076532835e-05, 3.3413e+01, 1.8193e+00, 
 2DIAGNOSTIC,    14, -3.835552160227e-01, 2.043463783638e-05, 3.5040e+01, 1.6273e+00, 
 2DIAGNOSTIC,    15, -3.835555232058e-01, 1.736731986225e-05, 3.6784e+01, 1.7444e+00, 
 2DIAGNOSTIC,    16, -3.835556650673e-01, 1.485906752323e-05, 3.8687e+01, 1.9030e+00, 
 2DIAGNOSTIC,    17, -3.835555349240e-01, 1.158540663346e-05, 4.0285e+01, 1.5974e+00, 
 2DIAGNOSTIC,    18, -3.835553995491e-01, 8.117960727867e-06, 4.2488e+01, 2.2032e+00, 
 2DIAGNOSTIC,    19, -3.835553238226e-01, 4.557928607887e-06, 4.4076e+01, 1.5876e+00, 
 2DIAGNOSTIC,    20, -3.835551610701e-01, 1.920876306259e-06, 4.5462e+01, 1.3869e+00, 
 2DIAGNOSTIC,    21, -3.835550994247e-01, 1.493379284880e-06, 4.6948e+01, 1.4858e+00, 
 2DIAGNOSTIC,    22, -3.835550305019e-01, 1.419140773999e-06, 4.8320e+01, 1.3719e+00, 
 2DIAGNOSTIC,    23, -3.835548862117e-01, 1.340047357204e-06, 5.0092e+01, 1.7719e+00, 
 2DIAGNOSTIC,    24, -3.835549019925e-01, 1.269426810085e-06, 5.1489e+01, 1.3967e+00, 
 2DIAGNOSTIC,    25, -3.835547492825e-01, 1.214088474019e-06, 5.3046e+01, 1.5569e+00, 
 2DIAGNOSTIC,    26, -3.835547755095e-01, 1.173451547445e-06, 5.4408e+01, 1.3623e+00, 
 2DIAGNOSTIC,    27, -3.835547299636e-01, 1.135735170077e-06, 5.5970e+01, 1.5618e+00, 
 2DIAGNOSTIC,    28, -3.835548930045e-01, 1.105493719150e-06, 5.7655e+01, 1.6856e+00, 
 2DIAGNOSTIC,    29, -3.835550546691e-01, 1.082413967797e-06, 5.9025e+01, 1.3699e+00, 
 2DIAGNOSTIC,    30, -3.835551737673e-01, 1.061123993583e-06, 6.0586e+01, 1.5613e+00, 
 2DIAGNOSTIC,    31, -3.835548122273e-01, 1.031082080764e-06, 6.2135e+01, 1.5481e+00, 
  Elapsed time (stage 0): 6.2943e+01


Total elapsed time: 6.2953e+01
Info [verificarlo]: loaded backend libinterflop_vprec.so
Info [interflop-vprec]: load backend with: 
Info [interflop-vprec]: precision-binary32 = 19
Info [interflop-vprec]: range-binary32 = 7
Info [interflop-vprec]: precision-binary64 = 19
Info [interflop-vprec]: range-binary64 = 7
Info [interflop-vprec]: mode = ob
Info [interflop-vprec]: error-mode = rel
Info [interflop-vprec]: max-abs-error-exponent = -1022
Info [interflop-vprec]: daz = false
Info [interflop-vprec]: ftz = false
Info [interflop-vprec]: 	instrument = none
Info [interflop-vprec]: 	prec-input-file = (null)
Info [interflop-vprec]: 	prec-output-file = (null)
Info [interflop-vprec]: 	prec-log-file = (null)
All_Command_lines_OK
Using double precision for computations.
=============================================================================
The composite transform comprises the following transforms (in order): 
  1. /home/mdugre/scratch/mri-registration-rp/datasets/ds004513/derivatives/mri-registration-rp/0011/antsRegistration-r7-p19/sub-s034/rigid_Composite.h5[0] (type = Euler3DTransform)
  2. /home/mdugre/scratch/mri-registration-rp/datasets/ds004513/derivatives/mri-registration-rp/0011/antsRegistration-r7-p19/sub-s034/rigid_Composite.h5[1] (type = Euler3DTransform)
  3. /home/mdugre/scratch/mri-registration-rp/datasets/ds004513/derivatives/mri-registration-rp/0011/antsRegistration-r7-p19/sub-s034/rigid_Composite.h5[2] (type = Euler3DTransform)
=============================================================================
  number of levels = 4
  fixed image: /templateflow/tpl-MNI152NLin2009cAsym/tpl-MNI152NLin2009cAsym_res-01_desc-brain_T1w.nii.gz
  moving image: /home/mdugre/scratch/mri-registration-rp/datasets/ds004513/derivatives/mri-registration-rp/antsBrainExtraction/sub-s034/BrainExtractionBrain.nii.gz
Dimension = 3
Number of stages = 1
Use histogram matching = false
Winsorize image intensities = true
  Lower quantile = 0.005
  Upper quantile = 0.995


Stage 1 State
   Image metric = MattesMI
     Fixed image = Image (0x34c9490)
  RTTI typeinfo:   itk::Image<double, 3u>
  Reference Count: 2
  Modified Time: 1592
  Debug: Off
  Object Name: 
  Observers: 
    none
  Source: (none)
  Source output name: (none)
  Release Data: Off
  Data Released: False
  Global Release Data: Off
  PipelineMTime: 0
  UpdateMTime: 1203
  RealTimeStamp: 0 seconds 
  LargestPossibleRegion: 
    Dimension: 3
    Index: [0, 0, 0]
    Size: [193, 229, 193]
  BufferedRegion: 
    Dimension: 3
    Index: [0, 0, 0]
    Size: [193, 229, 193]
  RequestedRegion: 
    Dimension: 3
    Index: [0, 0, 0]
    Size: [193, 229, 193]
  Spacing: [1, 1, 1]
  Origin: [96, 132, -78]
  Direction: 
-1 0 0
0 -1 0
0 0 1

  IndexToPointMatrix: 
-1 0 0
0 -1 0
0 0 1

  PointToIndexMatrix: 
-1 0 0
0 -1 0
0 0 1

  Inverse Direction: 
-1 0 0
0 -1 0
0 0 1

  PixelContainer: 
    ImportImageContainer (0x35948c0)
      RTTI typeinfo:   itk::ImportImageContainer<unsigned long, double>
      Reference Count: 1
      Modified Time: 1200
      Debug: Off
      Object Name: 
      Observers: 
        none
      Pointer: 0x14680eb28010
      Container manages memory: true
      Size: 8530021
      Capacity: 8530021

     Moving image = Image (0x3584b60)
  RTTI typeinfo:   itk::Image<double, 3u>
  Reference Count: 2
  Modified Time: 1593
  Debug: Off
  Object Name: 
  Observers: 
    none
  Source: (none)
  Source output name: (none)
  Release Data: Off
  Data Released: False
  Global Release Data: Off
  PipelineMTime: 0
  UpdateMTime: 1590
  RealTimeStamp: 0 seconds 
  LargestPossibleRegion: 
    Dimension: 3
    Index: [0, 0, 0]
    Size: [160, 240, 256]
  BufferedRegion: 
    Dimension: 3
    Index: [0, 0, 0]
    Size: [160, 240, 256]
  RequestedRegion: 
    Dimension: 3
    Index: [0, 0, 0]
    Size: [160, 240, 256]
  Spacing: [1, 1, 1]
  Origin: [80.0392, 105.5, -130.753]
  Direction: 
-0.999816 0 0.0191974
0 -1 0
0.0191974 0 0.999816

  IndexToPointMatrix: 
-0.999816 0 0.0191974
0 -1 0
0.0191974 0 0.999816

  PointToIndexMatrix: 
-0.999817 0 0.0191974
0 -1 0
0.0191974 0 0.999816

  Inverse Direction: 
-0.999817 0 0.0191974
0 -1 0
0.0191974 0 0.999816

  PixelContainer: 
    ImportImageContainer (0x36181d0)
      RTTI typeinfo:   itk::ImportImageContainer<unsigned long, double>
      Reference Count: 1
      Modified Time: 1587
      Debug: Off
      Object Name: 
      Observers: 
        none
      Pointer: 0x14680a027010
      Container manages memory: true
      Size: 9830400
      Capacity: 9830400

     Weighting = 1
     Sampling strategy = regular
     Number of bins = 32
     Radius = 4
     Sampling percentage  = 0.25
   Transform = Affine
     Gradient step = 0.1
     Update field sigma (voxel space) = 0
     Total field sigma (voxel space) = 0
     Update field time sigma = 0
     Total field time sigma  = 0
     Number of time indices = 0
     Number of time point samples = 0
Registration using 1 total stages.

Stage 0
  iterations = 1000x500x250x100
  convergence threshold = 1e-06
  convergence window size = 10
  number of levels = 4
  using the Mattes MI metric (number of bins = 32, weight = 1, use gradient filter = 0)
  preprocessing:  winsorizing the image intensities
  Shrink factors (level 1 out of 4): [8, 8, 8]
  Shrink factors (level 2 out of 4): [4, 4, 4]
  Shrink factors (level 3 out of 4): [2, 2, 2]
  Shrink factors (level 4 out of 4): [1, 1, 1]
  smoothing sigmas per level: [3, 2, 1, 0]
  regular sampling (percentage = 0.25)

*** Running AffineTransform registration ***

DIAGNOSTIC,Iteration,metricValue,convergenceValue,ITERATION_TIME_INDEX,SINCE_LAST
 2DIAGNOSTIC,     1, -5.771096373018e-01, 1.797693134862e+308, 0.0000e+00, 0.0000e+00, 
 2DIAGNOSTIC,     2, -5.795698833092e-01, 1.797693134862e+308, 0.0000e+00, 0.0000e+00, 
 2DIAGNOSTIC,     3, -5.837089302610e-01, 1.797693134862e+308, 0.0000e+00, 0.0000e+00, 
 2DIAGNOSTIC,     4, -5.910898934579e-01, 1.797693134862e+308, 0.0000e+00, 0.0000e+00, 
 2DIAGNOSTIC,     5, -6.037300070986e-01, 1.797693134862e+308, 0.0000e+00, 0.0000e+00, 
 2DIAGNOSTIC,     6, -6.253712105853e-01, 1.797693134862e+308, 0.0000e+00, 0.0000e+00, 
 2DIAGNOSTIC,     7, -6.993915259714e-01, 1.797693134862e+308, 0.0000e+00, 0.0000e+00, 
 2DIAGNOSTIC,     8, -7.664711524642e-01, 1.797693134862e+308, 0.0000e+00, 0.0000e+00, 
 2DIAGNOSTIC,     9, -7.999527782703e-01, 1.797693134862e+308, 0.0000e+00, 0.0000e+00, 
 2DIAGNOSTIC,    10, -8.060951471815e-01, 2.588397788403e-02, 0.0000e+00, 0.0000e+00, 
 2DIAGNOSTIC,    11, -8.315168145798e-01, 2.593657374602e-02, 0.0000e+00, 0.0000e+00, 
 2DIAGNOSTIC,    12, -8.639001011600e-01, 2.474152487881e-02, 0.0000e+00, 0.0000e+00, 
 2DIAGNOSTIC,    13, -8.717931285695e-01, 2.187751016609e-02, 0.0000e+00, 0.0000e+00, 
 2DIAGNOSTIC,    14, -8.729392296423e-01, 1.781728721870e-02, 0.0000e+00, 0.0000e+00, 
 2DIAGNOSTIC,    15, -8.768686465036e-01, 1.326894466936e-02, 0.0000e+00, 0.0000e+00, 
 2DIAGNOSTIC,    16, -8.781499059388e-01, 8.712037407235e-03, 0.0000e+00, 0.0000e+00, 
 2DIAGNOSTIC,    17, -8.778891401947e-01, 5.595848165311e-03, 0.0000e+00, 0.0000e+00, 
 2DIAGNOSTIC,    18, -8.781385530063e-01, 3.765876373458e-03, 0.0000e+00, 0.0000e+00, 
 2DIAGNOSTIC,    19, -8.782620105924e-01, 2.484634337388e-03, 0.0000e+00, 0.0000e+00, 
 2DIAGNOSTIC,    20, -8.788866199174e-01, 1.241105094331e-03, 0.0000e+00, 0.0000e+00, 
 2DIAGNOSTIC,    21, -8.800606134796e-01, 4.685609116467e-04, 0.0000e+00, 0.0000e+00, 
 2DIAGNOSTIC,    22, -8.806593151198e-01, 2.774636155269e-04, 0.0000e+00, 0.0000e+00, 
 2DIAGNOSTIC,    23, -8.805286308203e-01, 2.027258912227e-04, 0.0000e+00, 0.0000e+00, 
 2DIAGNOSTIC,    24, -8.809999500229e-01, 1.394161311545e-04, 0.0000e+00, 0.0000e+00, 
 2DIAGNOSTIC,    25, -8.822200851497e-01, 1.421691073177e-04, 0.0000e+00, 0.0000e+00, 
 2DIAGNOSTIC,    26, -8.820419864429e-01, 1.461127463775e-04, 0.0000e+00, 0.0000e+00, 
 2DIAGNOSTIC,    27, -8.818097811103e-01, 1.298794351830e-04, 0.0000e+00, 0.0000e+00, 
 2DIAGNOSTIC,    28, -8.817036588504e-01, 1.052424997304e-04, 0.0000e+00, 0.0000e+00, 
 2DIAGNOSTIC,    29, -8.814633934843e-01, 7.115362473038e-05, 0.0000e+00, 0.0000e+00, 
 2DIAGNOSTIC,    30, -8.813919939902e-01, 3.889968773382e-05, 0.0000e+00, 0.0000e+00, 
 2DIAGNOSTIC,    31, -8.815805281338e-01, 2.065998125618e-05, 0.0000e+00, 0.0000e+00, 
 2DIAGNOSTIC,    32, -8.814638392768e-01, 7.365397341620e-06, 0.0000e+00, 0.0000e+00, 
DIAGNOSTIC,Iteration,metricValue,convergenceValue,ITERATION_TIME_INDEX,SINCE_LAST
 2DIAGNOSTIC,     1, -7.482037022781e-01, 1.797693134862e+308, 0.0000e+00, 0.0000e+00, 
 2DIAGNOSTIC,     2, -7.489523674455e-01, 1.797693134862e+308, 0.0000e+00, 0.0000e+00, 
 2DIAGNOSTIC,     3, -7.495386683547e-01, 1.797693134862e+308, 0.0000e+00, 0.0000e+00, 
 2DIAGNOSTIC,     4, -7.497719821127e-01, 1.797693134862e+308, 0.0000e+00, 0.0000e+00, 
 2DIAGNOSTIC,     5, -7.498324013196e-01, 1.797693134862e+308, 0.0000e+00, 0.0000e+00, 
 2DIAGNOSTIC,     6, -7.499575052798e-01, 1.797693134862e+308, 0.0000e+00, 0.0000e+00, 
 2DIAGNOSTIC,     7, -7.499970621734e-01, 1.797693134862e+308, 0.0000e+00, 0.0000e+00, 
 2DIAGNOSTIC,     8, -7.499877213436e-01, 1.797693134862e+308, 0.0000e+00, 0.0000e+00, 
 2DIAGNOSTIC,     9, -7.499804678111e-01, 1.797693134862e+308, 0.0000e+00, 0.0000e+00, 
 2DIAGNOSTIC,    10, -7.499738059332e-01, 1.210581859435e-04, 0.0000e+00, 0.0000e+00, 
 2DIAGNOSTIC,    11, -7.499542134412e-01, 5.828558910624e-05, 0.0000e+00, 0.0000e+00, 
 2DIAGNOSTIC,    12, -7.499116937508e-01, 2.288630661947e-05, 0.0000e+00, 0.0000e+00, 
 2DIAGNOSTIC,    13, -7.499170834136e-01, 8.273970869638e-06, 0.0000e+00, 0.0000e+00, 
 2DIAGNOSTIC,    14, -7.499068704467e-01, 1.250799830571e-06, 0.0000e+00, 0.0000e+00, 
DIAGNOSTIC,Iteration,metricValue,convergenceValue,ITERATION_TIME_INDEX,SINCE_LAST
 2DIAGNOSTIC,     1, -6.342813855924e-01, 1.797693134862e+308, 0.0000e+00, 0.0000e+00, 
 2DIAGNOSTIC,     2, -6.352274386900e-01, 1.797693134862e+308, 0.0000e+00, 0.0000e+00, 
 2DIAGNOSTIC,     3, -6.363247141523e-01, 1.797693134862e+308, 0.0000e+00, 0.0000e+00, 
 2DIAGNOSTIC,     4, -6.379893830562e-01, 1.797693134862e+308, 0.0000e+00, 0.0000e+00, 
 2DIAGNOSTIC,     5, -6.379830397177e-01, 1.797693134862e+308, 0.0000e+00, 0.0000e+00, 
 2DIAGNOSTIC,     6, -6.379841259631e-01, 1.797693134862e+308, 0.0000e+00, 0.0000e+00, 
 2DIAGNOSTIC,     7, -6.379852025250e-01, 1.797693134862e+308, 0.0000e+00, 0.0000e+00, 
 2DIAGNOSTIC,     8, -6.379814168710e-01, 1.797693134862e+308, 0.0000e+00, 0.0000e+00, 
 2DIAGNOSTIC,     9, -6.379806300710e-01, 1.797693134862e+308, 0.0000e+00, 0.0000e+00, 
 2DIAGNOSTIC,    10, -6.379776187927e-01, 3.271386725306e-04, 0.0000e+00, 0.0000e+00, 
 2DIAGNOSTIC,    11, -6.379768583844e-01, 1.726314900531e-04, 0.0000e+00, 0.0000e+00, 
 2DIAGNOSTIC,    12, -6.379761953433e-01, 6.338900307803e-05, 0.0000e+00, 0.0000e+00, 
 2DIAGNOSTIC,    13, -6.379750803538e-01, 1.446491964624e-06, 0.0000e+00, 0.0000e+00, 
 2DIAGNOSTIC,    14, -6.379740976050e-01, 1.446906026575e-06, 0.0000e+00, 0.0000e+00, 
 2DIAGNOSTIC,    15, -6.379743144648e-01, 1.339577583997e-06, 0.0000e+00, 0.0000e+00, 
 2DIAGNOSTIC,    16, -6.379744895594e-01, 1.349360264372e-06, 0.0000e+00, 0.0000e+00, 
 2DIAGNOSTIC,    17, -6.379745612911e-01, 1.447893573384e-06, 0.0000e+00, 0.0000e+00, 
 2DIAGNOSTIC,    18, -6.379747611297e-01, 1.485514242651e-06, 0.0000e+00, 0.0000e+00, 
 2DIAGNOSTIC,    19, -6.379739498048e-01, 1.509459661812e-06, 0.0000e+00, 0.0000e+00, 
 2DIAGNOSTIC,    20, -6.379728877835e-01, 1.455725777574e-06, 0.0000e+00, 0.0000e+00, 
 2DIAGNOSTIC,    21, -6.379716913074e-01, 1.378047049014e-06, 0.0000e+00, 0.0000e+00, 
 2DIAGNOSTIC,    22, -6.379694882934e-01, 1.262449962396e-06, 0.0000e+00, 0.0000e+00, 
 2DIAGNOSTIC,    23, -6.379685500202e-01, 1.135265085127e-06, 0.0000e+00, 0.0000e+00, 
DIAGNOSTIC,Iteration,metricValue,convergenceValue,ITERATION_TIME_INDEX,SINCE_LAST
 2DIAGNOSTIC,     1, -5.596554051939e-01, 1.797693134862e+308, 0.0000e+00, 0.0000e+00, 
 2DIAGNOSTIC,     2, -5.598973590384e-01, 1.797693134862e+308, 0.0000e+00, 0.0000e+00, 
 2DIAGNOSTIC,     3, -5.601813215480e-01, 1.797693134862e+308, 0.0000e+00, 0.0000e+00, 
 2DIAGNOSTIC,     4, -5.602853458524e-01, 1.797693134862e+308, 0.0000e+00, 0.0000e+00, 
 2DIAGNOSTIC,     5, -5.603396162799e-01, 1.797693134862e+308, 0.0000e+00, 0.0000e+00, 
 2DIAGNOSTIC,     6, -5.603443587450e-01, 1.797693134862e+308, 0.0000e+00, 0.0000e+00, 
 2DIAGNOSTIC,     7, -5.603807511822e-01, 1.797693134862e+308, 0.0000e+00, 0.0000e+00, 
 2DIAGNOSTIC,     8, -5.603893547219e-01, 1.797693134862e+308, 0.0000e+00, 0.0000e+00, 
 2DIAGNOSTIC,     9, -5.603996285382e-01, 1.797693134862e+308, 0.0000e+00, 0.0000e+00, 
 2DIAGNOSTIC,    10, -5.604189738046e-01, 7.387828399766e-05, 0.0000e+00, 0.0000e+00, 
 2DIAGNOSTIC,    11, -5.604278338381e-01, 4.197242970688e-05, 0.0000e+00, 0.0000e+00, 
 2DIAGNOSTIC,    12, -5.604280234730e-01, 2.184173021176e-05, 0.0000e+00, 0.0000e+00, 
 2DIAGNOSTIC,    13, -5.604278325656e-01, 1.406449764013e-05, 0.0000e+00, 0.0000e+00, 
 2DIAGNOSTIC,    14, -5.604283267813e-01, 1.009249712794e-05, 0.0000e+00, 0.0000e+00, 
 2DIAGNOSTIC,    15, -5.604283288104e-01, 7.772192046035e-06, 0.0000e+00, 0.0000e+00, 
 2DIAGNOSTIC,    16, -5.604283291873e-01, 5.342190918037e-06, 0.0000e+00, 0.0000e+00, 
 2DIAGNOSTIC,    17, -5.604283296879e-01, 3.979727421478e-06, 0.0000e+00, 0.0000e+00, 
 2DIAGNOSTIC,    18, -5.604283286810e-01, 2.818265294996e-06, 0.0000e+00, 0.0000e+00, 
 2DIAGNOSTIC,    19, -5.604283292721e-01, 1.943513646172e-06, 0.0000e+00, 0.0000e+00, 
 2DIAGNOSTIC,    20, -5.604283295173e-01, 1.614971568059e-06, 0.0000e+00, 0.0000e+00, 
 2DIAGNOSTIC,    21, -5.604283301011e-01, 1.529114845945e-06, 0.0000e+00, 0.0000e+00, 
 2DIAGNOSTIC,    22, -5.604282581886e-01, 1.452368455876e-06, 0.0000e+00, 0.0000e+00, 
 2DIAGNOSTIC,    23, -5.604282581886e-01, 1.376895503453e-06, 0.0000e+00, 0.0000e+00, 
 2DIAGNOSTIC,    24, -5.604282581886e-01, 1.318406169695e-06, 0.0000e+00, 0.0000e+00, 
 2DIAGNOSTIC,    25, -5.604282581886e-01, 1.264974898649e-06, 0.0000e+00, 0.0000e+00, 
 2DIAGNOSTIC,    26, -5.604282581886e-01, 1.216078616403e-06, 0.0000e+00, 0.0000e+00, 
 2DIAGNOSTIC,    27, -5.604282581886e-01, 1.171256906934e-06, 0.0000e+00, 0.0000e+00, 
 2DIAGNOSTIC,    28, -5.604282581886e-01, 1.130006871269e-06, 0.0000e+00, 0.0000e+00, 
 2DIAGNOSTIC,    29, -5.604282581886e-01, 1.091906430037e-06, 0.0000e+00, 0.0000e+00, 
 2DIAGNOSTIC,    30, -5.604282581886e-01, 1.056557356882e-06, 0.0000e+00, 0.0000e+00, 
 2DIAGNOSTIC,    31, -5.604282581886e-01, 1.023647510749e-06, 0.0000e+00, 0.0000e+00, 
  Elapsed time (stage 0): 0.0000e+00


Total elapsed time: 0.0000e+00
Info [verificarlo]: loaded backend libinterflop_vprec.so
Info [interflop-vprec]: load backend with: 
Info [interflop-vprec]: precision-binary32 = 19
Info [interflop-vprec]: range-binary32 = 7
Info [interflop-vprec]: precision-binary64 = 19
Info [interflop-vprec]: range-binary64 = 7
Info [interflop-vprec]: mode = ob
Info [interflop-vprec]: error-mode = rel
Info [interflop-vprec]: max-abs-error-exponent = -1022
Info [interflop-vprec]: daz = false
Info [interflop-vprec]: ftz = false
Info [interflop-vprec]: 	instrument = none
Info [interflop-vprec]: 	prec-input-file = (null)
Info [interflop-vprec]: 	prec-output-file = (null)
Info [interflop-vprec]: 	prec-log-file = (null)
All_Command_lines_OK
Using double precision for computations.
=============================================================================
The composite transform comprises the following transforms (in order): 
  1. /home/mdugre/scratch/mri-registration-rp/datasets/ds004513/derivatives/mri-registration-rp/0011/antsRegistration-r7-p19/sub-s034/affine_Composite.h5[0] (type = Euler3DTransform)
  2. /home/mdugre/scratch/mri-registration-rp/datasets/ds004513/derivatives/mri-registration-rp/0011/antsRegistration-r7-p19/sub-s034/affine_Composite.h5[1] (type = Euler3DTransform)
  3. /home/mdugre/scratch/mri-registration-rp/datasets/ds004513/derivatives/mri-registration-rp/0011/antsRegistration-r7-p19/sub-s034/affine_Composite.h5[2] (type = Euler3DTransform)
  4. /home/mdugre/scratch/mri-registration-rp/datasets/ds004513/derivatives/mri-registration-rp/0011/antsRegistration-r7-p19/sub-s034/affine_Composite.h5[3] (type = AffineTransform)
=============================================================================
  number of levels = 4
  fixed image: /templateflow/tpl-MNI152NLin2009cAsym/tpl-MNI152NLin2009cAsym_res-01_desc-brain_T1w.nii.gz
  moving image: /home/mdugre/scratch/mri-registration-rp/datasets/ds004513/derivatives/mri-registration-rp/antsBrainExtraction/sub-s034/BrainExtractionBrain.nii.gz
Dimension = 3
Number of stages = 1
Use histogram matching = false
Winsorize image intensities = true
  Lower quantile = 0.005
  Upper quantile = 0.995


Stage 1 State
   Image metric = CC
     Fixed image = Image (0x47246f0)
  RTTI typeinfo:   itk::Image<double, 3u>
  Reference Count: 2
  Modified Time: 1606
  Debug: Off
  Object Name: 
  Observers: 
    none
  Source: (none)
  Source output name: (none)
  Release Data: Off
  Data Released: False
  Global Release Data: Off
  PipelineMTime: 0
  UpdateMTime: 1217
  RealTimeStamp: 0 seconds 
  LargestPossibleRegion: 
    Dimension: 3
    Index: [0, 0, 0]
    Size: [193, 229, 193]
  BufferedRegion: 
    Dimension: 3
    Index: [0, 0, 0]
    Size: [193, 229, 193]
  RequestedRegion: 
    Dimension: 3
    Index: [0, 0, 0]
    Size: [193, 229, 193]
  Spacing: [1, 1, 1]
  Origin: [96, 132, -78]
  Direction: 
-1 0 0
0 -1 0
0 0 1

  IndexToPointMatrix: 
-1 0 0
0 -1 0
0 0 1

  PointToIndexMatrix: 
-1 0 0
0 -1 0
0 0 1

  Inverse Direction: 
-1 0 0
0 -1 0
0 0 1

  PixelContainer: 
    ImportImageContainer (0x4730660)
      RTTI typeinfo:   itk::ImportImageContainer<unsigned long, double>
      Reference Count: 1
      Modified Time: 1214
      Debug: Off
      Object Name: 
      Observers: 
        none
      Pointer: 0x15319ffa4010
      Container manages memory: true
      Size: 8530021
      Capacity: 8530021

     Moving image = Image (0x47e01a0)
  RTTI typeinfo:   itk::Image<double, 3u>
  Reference Count: 2
  Modified Time: 1607
  Debug: Off
  Object Name: 
  Observers: 
    none
  Source: (none)
  Source output name: (none)
  Release Data: Off
  Data Released: False
  Global Release Data: Off
  PipelineMTime: 0
  UpdateMTime: 1604
  RealTimeStamp: 0 seconds 
  LargestPossibleRegion: 
    Dimension: 3
    Index: [0, 0, 0]
    Size: [160, 240, 256]
  BufferedRegion: 
    Dimension: 3
    Index: [0, 0, 0]
    Size: [160, 240, 256]
  RequestedRegion: 
    Dimension: 3
    Index: [0, 0, 0]
    Size: [160, 240, 256]
  Spacing: [1, 1, 1]
  Origin: [80.0392, 105.5, -130.753]
  Direction: 
-0.999816 0 0.0191974
0 -1 0
0.0191974 0 0.999816

  IndexToPointMatrix: 
-0.999816 0 0.0191974
0 -1 0
0.0191974 0 0.999816

  PointToIndexMatrix: 
-0.999817 0 0.0191974
0 -1 0
0.0191974 0 0.999816

  Inverse Direction: 
-0.999817 0 0.0191974
0 -1 0
0.0191974 0 0.999816

  PixelContainer: 
    ImportImageContainer (0x48a4410)
      RTTI typeinfo:   itk::ImportImageContainer<unsigned long, double>
      Reference Count: 1
      Modified Time: 1601
      Debug: Off
      Object Name: 
      Observers: 
        none
      Pointer: 0x15319b4a3010
      Container manages memory: true
      Size: 9830400
      Capacity: 9830400

     Weighting = 1
     Sampling strategy = none
     Number of bins = 32
     Radius = 4
     Sampling percentage  = 1
   Transform = SyN
     Gradient step = 0.1
     Update field sigma (voxel space) = 3
     Total field sigma (voxel space) = 0
     Update field time sigma = 0
     Total field time sigma  = 0
     Number of time indices = 0
     Number of time point samples = 0
Registration using 1 total stages.

Stage 0
  iterations = 100x70x50x20
  convergence threshold = 1e-06
  convergence window size = 10
  number of levels = 4
  using the CC metric (radius = 4, weight = 1, use gradient filter = 0)
  preprocessing:  winsorizing the image intensities
  Shrink factors (level 1 out of 4): [8, 8, 8]
  Shrink factors (level 2 out of 4): [4, 4, 4]
  Shrink factors (level 3 out of 4): [2, 2, 2]
  Shrink factors (level 4 out of 4): [1, 1, 1]
  smoothing sigmas per level: [3, 2, 1, 0]
  Using default NONE metricSamplingStrategy 

*** Running SyN registration (varianceForUpdateField = 3, varianceForTotalField = 0) ***

XXDIAGNOSTIC,Iteration,metricValue,convergenceValue,ITERATION_TIME_INDEX,SINCE_LAST
 1DIAGNOSTIC,     1, -9.391460418701e-01, 1.797693134862e+308, 0.0000e+00, 0.0000e+00, 
 1DIAGNOSTIC,     2, -9.450759887695e-01, 1.797693134862e+308, 0.0000e+00, 0.0000e+00, 
 1DIAGNOSTIC,     3, -9.491233825684e-01, 1.797693134862e+308, 0.0000e+00, 0.0000e+00, 
 1DIAGNOSTIC,     4, -9.519882202148e-01, 1.797693134862e+308, 0.0000e+00, 0.0000e+00, 
 1DIAGNOSTIC,     5, -9.542369842529e-01, 1.797693134862e+308, 0.0000e+00, 0.0000e+00, 
 1DIAGNOSTIC,     6, -9.564561843872e-01, 1.797693134862e+308, 0.0000e+00, 0.0000e+00, 
 1DIAGNOSTIC,     7, -9.589595794678e-01, 1.797693134862e+308, 0.0000e+00, 0.0000e+00, 
 1DIAGNOSTIC,     8, -9.614944458008e-01, 1.797693134862e+308, 0.0000e+00, 0.0000e+00, 
 1DIAGNOSTIC,     9, -9.639282226562e-01, 1.797693134862e+308, 0.0000e+00, 0.0000e+00, 
 1DIAGNOSTIC,    10, -9.659156799316e-01, 1.656872183678e-03, 0.0000e+00, 0.0000e+00, 
 1DIAGNOSTIC,    11, -9.666337966919e-01, 1.311689324463e-03, 0.0000e+00, 0.0000e+00, 
 1DIAGNOSTIC,    12, -9.673318862915e-01, 1.069897621164e-03, 0.0000e+00, 0.0000e+00, 
 1DIAGNOSTIC,    13, -9.680738449097e-01, 8.773580346168e-04, 0.0000e+00, 0.0000e+00, 
 1DIAGNOSTIC,    14, -9.684524536133e-01, 7.007016427713e-04, 0.0000e+00, 0.0000e+00, 
 1DIAGNOSTIC,    15, -9.692621231079e-01, 5.439559789569e-04, 0.0000e+00, 0.0000e+00, 
 1DIAGNOSTIC,    16, -9.695110321045e-01, 4.024610292466e-04, 0.0000e+00, 0.0000e+00, 
 1DIAGNOSTIC,    17, -9.703845977783e-01, 2.993639889859e-04, 0.0000e+00, 0.0000e+00, 
 1DIAGNOSTIC,    18, -9.706249237061e-01, 2.249904886809e-04, 0.0000e+00, 0.0000e+00, 
 1DIAGNOSTIC,    19, -9.713382720947e-01, 1.861587729072e-04, 0.0000e+00, 0.0000e+00, 
 1DIAGNOSTIC,    20, -9.713821411133e-01, 1.638360568526e-04, 0.0000e+00, 0.0000e+00, 
 1DIAGNOSTIC,    21, -9.719257354736e-01, 1.462324058816e-04, 0.0000e+00, 0.0000e+00, 
 1DIAGNOSTIC,    22, -9.719953536987e-01, 1.267238468173e-04, 0.0000e+00, 0.0000e+00, 
 1DIAGNOSTIC,    23, -9.725313186646e-01, 1.135788129811e-04, 0.0000e+00, 0.0000e+00, 
 1DIAGNOSTIC,    24, -9.724788665771e-01, 9.473183887407e-05, 0.0000e+00, 0.0000e+00, 
 1DIAGNOSTIC,    25, -9.728927612305e-01, 8.319501354388e-05, 0.0000e+00, 0.0000e+00, 
 1DIAGNOSTIC,    26, -9.729013442993e-01, 6.750018102886e-05, 0.0000e+00, 0.0000e+00, 
 1DIAGNOSTIC,    27, -9.733285903931e-01, 6.094202513564e-05, 0.0000e+00, 0.0000e+00, 
 1DIAGNOSTIC,    28, -9.732151031494e-01, 5.028759271012e-05, 0.0000e+00, 0.0000e+00, 
 1DIAGNOSTIC,    29, -9.735603332520e-01, 4.660517137742e-05, 0.0000e+00, 0.0000e+00, 
 1DIAGNOSTIC,    30, -9.735422134399e-01, 3.895398278783e-05, 0.0000e+00, 0.0000e+00, 
 1DIAGNOSTIC,    31, -9.738969802856e-01, 3.677142217302e-05, 0.0000e+00, 0.0000e+00, 
 1DIAGNOSTIC,    32, -9.737348556519e-01, 3.029921999734e-05, 0.0000e+00, 0.0000e+00, 
 1DIAGNOSTIC,    33, -9.740505218506e-01, 2.916057890415e-05, 0.0000e+00, 0.0000e+00, 
 1DIAGNOSTIC,    34, -9.740276336670e-01, 2.462956658196e-05, 0.0000e+00, 0.0000e+00, 
 1DIAGNOSTIC,    35, -9.743261337280e-01, 2.411354646839e-05, 0.0000e+00, 0.0000e+00, 
 1DIAGNOSTIC,    36, -9.741859436035e-01, 2.020780948268e-05, 0.0000e+00, 0.0000e+00, 
 1DIAGNOSTIC,    37, -9.745016098022e-01, 2.069189494118e-05, 0.0000e+00, 0.0000e+00, 
 1DIAGNOSTIC,    38, -9.743843078613e-01, 1.736353911274e-05, 0.0000e+00, 0.0000e+00, 
 1DIAGNOSTIC,    39, -9.745492935181e-01, 1.651370746851e-05, 0.0000e+00, 0.0000e+00, 
 1DIAGNOSTIC,    40, -9.744062423706e-01, 1.293600309888e-05, 0.0000e+00, 0.0000e+00, 
 1DIAGNOSTIC,    41, -9.746999740601e-01, 1.310825541028e-05, 0.0000e+00, 0.0000e+00, 
 1DIAGNOSTIC,    42, -9.746351242065e-01, 1.039509127618e-05, 0.0000e+00, 0.0000e+00, 
 1DIAGNOSTIC,    43, -9.747629165649e-01, 9.951273536399e-06, 0.0000e+00, 0.0000e+00, 
 1DIAGNOSTIC,    44, -9.746046066284e-01, 7.395373359160e-06, 0.0000e+00, 0.0000e+00, 
 1DIAGNOSTIC,    45, -9.748916625977e-01, 8.210023067078e-06, 0.0000e+00, 0.0000e+00, 
 1DIAGNOSTIC,    46, -9.747629165649e-01, 6.428660598041e-06, 0.0000e+00, 0.0000e+00, 
 1DIAGNOSTIC,    47, -9.748735427856e-01, 6.879694087001e-06, 0.0000e+00, 0.0000e+00, 
 1DIAGNOSTIC,    48, -9.747056961060e-01, 4.957128166450e-06, 0.0000e+00, 0.0000e+00, 
 1DIAGNOSTIC,    49, -9.749822616577e-01, 5.415316563635e-06, 0.0000e+00, 0.0000e+00, 
 1DIAGNOSTIC,    50, -9.749097824097e-01, 4.022887728630e-06, 0.0000e+00, 0.0000e+00, 
 1DIAGNOSTIC,    51, -9.750385284424e-01, 4.813746382872e-06, 0.0000e+00, 0.0000e+00, 
 1DIAGNOSTIC,    52, -9.748487472534e-01, 3.727167516770e-06, 0.0000e+00, 0.0000e+00, 
 1DIAGNOSTIC,    53, -9.750986099243e-01, 4.544176645412e-06, 0.0000e+00, 0.0000e+00, 
 1DIAGNOSTIC,    54, -9.749670028687e-01, 3.275109295056e-06, 0.0000e+00, 0.0000e+00, 
 1DIAGNOSTIC,    55, -9.750480651855e-01, 3.786553759707e-06, 0.0000e+00, 0.0000e+00, 
 1DIAGNOSTIC,    56, -9.748668670654e-01, 2.340735846700e-06, 0.0000e+00, 0.0000e+00, 
 1DIAGNOSTIC,    57, -9.751243591309e-01, 2.733740702702e-06, 0.0000e+00, 0.0000e+00, 
 1DIAGNOSTIC,    58, -9.749860763550e-01, 1.267033743639e-06, 0.0000e+00, 0.0000e+00, 
 1DIAGNOSTIC,    59, -9.750804901123e-01, 1.651430916082e-06, 0.0000e+00, 0.0000e+00, 
 1DIAGNOSTIC,    60, -9.749011993408e-01, 6.757876404515e-07, 0.0000e+00, 0.0000e+00, 
XXDIAGNOSTIC,Iteration,metricValue,convergenceValue,ITERATION_TIME_INDEX,SINCE_LAST
 1DIAGNOSTIC,     1, -9.201517105103e-01, 1.797693134862e+308, 0.0000e+00, 0.0000e+00, 
 1DIAGNOSTIC,     2, -9.231863021851e-01, 1.797693134862e+308, 0.0000e+00, 0.0000e+00, 
 1DIAGNOSTIC,     3, -9.261617660522e-01, 1.797693134862e+308, 0.0000e+00, 0.0000e+00, 
 1DIAGNOSTIC,     4, -9.288606643677e-01, 1.797693134862e+308, 0.0000e+00, 0.0000e+00, 
 1DIAGNOSTIC,     5, -9.313316345215e-01, 1.797693134862e+308, 0.0000e+00, 0.0000e+00, 
 1DIAGNOSTIC,     6, -9.336681365967e-01, 1.797693134862e+308, 0.0000e+00, 0.0000e+00, 
 1DIAGNOSTIC,     7, -9.357156753540e-01, 1.797693134862e+308, 0.0000e+00, 0.0000e+00, 
 1DIAGNOSTIC,     8, -9.373455047607e-01, 1.797693134862e+308, 0.0000e+00, 0.0000e+00, 
 1DIAGNOSTIC,     9, -9.387102127075e-01, 1.797693134862e+308, 0.0000e+00, 0.0000e+00, 
 1DIAGNOSTIC,    10, -9.398145675659e-01, 1.365899584916e-03, 0.0000e+00, 0.0000e+00, 
 1DIAGNOSTIC,    11, -9.405879974365e-01, 1.094504306655e-03, 0.0000e+00, 0.0000e+00, 
 1DIAGNOSTIC,    12, -9.413747787476e-01, 8.666152838796e-04, 0.0000e+00, 0.0000e+00, 
 1DIAGNOSTIC,    13, -9.419021606445e-01, 6.770532794017e-04, 0.0000e+00, 0.0000e+00, 
 1DIAGNOSTIC,    14, -9.423561096191e-01, 5.212680238615e-04, 0.0000e+00, 0.0000e+00, 
 1DIAGNOSTIC,    15, -9.427566528320e-01, 3.965169941778e-04, 0.0000e+00, 0.0000e+00, 
 1DIAGNOSTIC,    16, -9.431133270264e-01, 3.018174402466e-04, 0.0000e+00, 0.0000e+00, 
 1DIAGNOSTIC,    17, -9.434356689453e-01, 2.325782645970e-04, 0.0000e+00, 0.0000e+00, 
 1DIAGNOSTIC,    18, -9.437284469604e-01, 1.817816872546e-04, 0.0000e+00, 0.0000e+00, 
 1DIAGNOSTIC,    19, -9.439945220947e-01, 1.454287433299e-04, 0.0000e+00, 0.0000e+00, 
 1DIAGNOSTIC,    20, -9.442329406738e-01, 1.195528182816e-04, 0.0000e+00, 0.0000e+00, 
 1DIAGNOSTIC,    21, -9.444456100464e-01, 9.917304315920e-05, 0.0000e+00, 0.0000e+00, 
 1DIAGNOSTIC,    22, -9.446449279785e-01, 8.499184899603e-05, 0.0000e+00, 0.0000e+00, 
 1DIAGNOSTIC,    23, -9.448356628418e-01, 7.358171758073e-05, 0.0000e+00, 0.0000e+00, 
 1DIAGNOSTIC,    24, -9.450025558472e-01, 6.409695649336e-05, 0.0000e+00, 0.0000e+00, 
 1DIAGNOSTIC,    25, -9.451570510864e-01, 5.612559538582e-05, 0.0000e+00, 0.0000e+00, 
 1DIAGNOSTIC,    26, -9.452972412109e-01, 4.932981160310e-05, 0.0000e+00, 0.0000e+00, 
 1DIAGNOSTIC,    27, -9.454269409180e-01, 4.351455484727e-05, 0.0000e+00, 0.0000e+00, 
 1DIAGNOSTIC,    28, -9.455490112305e-01, 3.854966739503e-05, 0.0000e+00, 0.0000e+00, 
 1DIAGNOSTIC,    29, -9.456624984741e-01, 3.430606860161e-05, 0.0000e+00, 0.0000e+00, 
 1DIAGNOSTIC,    30, -9.457693099976e-01, 3.064764989081e-05, 0.0000e+00, 0.0000e+00, 
 1DIAGNOSTIC,    31, -9.458723068237e-01, 2.746823610138e-05, 0.0000e+00, 0.0000e+00, 
 1DIAGNOSTIC,    32, -9.459686279297e-01, 2.473958188554e-05, 0.0000e+00, 0.0000e+00, 
 1DIAGNOSTIC,    33, -9.460582733154e-01, 2.246254607396e-05, 0.0000e+00, 0.0000e+00, 
 1DIAGNOSTIC,    34, -9.461402893066e-01, 2.046422628649e-05, 0.0000e+00, 0.0000e+00, 
 1DIAGNOSTIC,    35, -9.462184906006e-01, 1.871038121698e-05, 0.0000e+00, 0.0000e+00, 
 1DIAGNOSTIC,    36, -9.462919235229e-01, 1.713211033087e-05, 0.0000e+00, 0.0000e+00, 
 1DIAGNOSTIC,    37, -9.463539123535e-01, 1.563753167932e-05, 0.0000e+00, 0.0000e+00, 
 1DIAGNOSTIC,    38, -9.464187622070e-01, 1.428389453232e-05, 0.0000e+00, 0.0000e+00, 
 1DIAGNOSTIC,    39, -9.464797973633e-01, 1.305317070310e-05, 0.0000e+00, 0.0000e+00, 
 1DIAGNOSTIC,    40, -9.465360641479e-01, 1.193188258352e-05, 0.0000e+00, 0.0000e+00, 
 1DIAGNOSTIC,    41, -9.465894699097e-01, 1.094045046944e-05, 0.0000e+00, 0.0000e+00, 
 1DIAGNOSTIC,    42, -9.466381072998e-01, 1.005547891453e-05, 0.0000e+00, 0.0000e+00, 
 1DIAGNOSTIC,    43, -9.466838836670e-01, 9.263006351904e-06, 0.0000e+00, 0.0000e+00, 
 1DIAGNOSTIC,    44, -9.467248916626e-01, 8.524372047309e-06, 0.0000e+00, 0.0000e+00, 
 1DIAGNOSTIC,    45, -9.467630386353e-01, 7.842791773176e-06, 0.0000e+00, 0.0000e+00, 
 1DIAGNOSTIC,    46, -9.467973709106e-01, 7.207616433708e-06, 0.0000e+00, 0.0000e+00, 
 1DIAGNOSTIC,    47, -9.468297958374e-01, 6.573898577337e-06, 0.0000e+00, 0.0000e+00, 
 1DIAGNOSTIC,    48, -9.468555450439e-01, 5.963837069817e-06, 0.0000e+00, 0.0000e+00, 
 1DIAGNOSTIC,    49, -9.468822479248e-01, 5.405064115060e-06, 0.0000e+00, 0.0000e+00, 
 1DIAGNOSTIC,    50, -9.469070434570e-01, 4.895582118539e-06, 0.0000e+00, 0.0000e+00, 
 1DIAGNOSTIC,    51, -9.469299316406e-01, 4.443106835068e-06, 2.0480e+03, 2.0480e+03, 
 1DIAGNOSTIC,    52, -9.469499588013e-01, 4.034815777619e-06, 2.0480e+03, 0.0000e+00, 
 1DIAGNOSTIC,    53, -9.469699859619e-01, 3.683914397357e-06, 2.0480e+03, 0.0000e+00, 
 1DIAGNOSTIC,    54, -9.469881057739e-01, 3.376032735581e-06, 2.0480e+03, 0.0000e+00, 
 1DIAGNOSTIC,    55, -9.470052719116e-01, 3.111011197793e-06, 2.0480e+03, 0.0000e+00, 
 1DIAGNOSTIC,    56, -9.470205307007e-01, 2.875522721209e-06, 2.0480e+03, 0.0000e+00, 
 1DIAGNOSTIC,    57, -9.470348358154e-01, 2.671412875920e-06, 2.0480e+03, 0.0000e+00, 
 1DIAGNOSTIC,    58, -9.470481872559e-01, 2.471773776852e-06, 2.0480e+03, 0.0000e+00, 
 1DIAGNOSTIC,    59, -9.470615386963e-01, 2.296025235875e-06, 2.0480e+03, 0.0000e+00, 
 1DIAGNOSTIC,    60, -9.470720291138e-01, 2.131999137477e-06, 2.0480e+03, 0.0000e+00, 
 1DIAGNOSTIC,    61, -9.470825195312e-01, 1.982553562194e-06, 2.0480e+03, 0.0000e+00, 
 1DIAGNOSTIC,    62, -9.470930099487e-01, 1.843858674497e-06, 2.0480e+03, 0.0000e+00, 
 1DIAGNOSTIC,    63, -9.471025466919e-01, 1.721030154403e-06, 2.0480e+03, 0.0000e+00, 
 1DIAGNOSTIC,    64, -9.471111297607e-01, 1.608996313716e-06, 2.0480e+03, 0.0000e+00, 
 1DIAGNOSTIC,    65, -9.471178054810e-01, 1.502614167256e-06, 2.0480e+03, 0.0000e+00, 
 1DIAGNOSTIC,    66, -9.471244812012e-01, 1.401022858633e-06, 2.0480e+03, 0.0000e+00, 
 1DIAGNOSTIC,    67, -9.471302032471e-01, 1.302776307086e-06, 2.0480e+03, 0.0000e+00, 
 1DIAGNOSTIC,    68, -9.471359252930e-01, 1.210865958966e-06, 2.0480e+03, 0.0000e+00, 
 1DIAGNOSTIC,    69, -9.471397399902e-01, 1.124122605899e-06, 2.0480e+03, 0.0000e+00, 
 1DIAGNOSTIC,    70, -9.471435546875e-01, 1.036936097654e-06, 2.0480e+03, 0.0000e+00, 
XXDIAGNOSTIC,Iteration,metricValue,convergenceValue,ITERATION_TIME_INDEX,SINCE_LAST
 1DIAGNOSTIC,     1, -8.999166488647e-01, 1.797693134862e+308, 2.0480e+03, 0.0000e+00, 
 1DIAGNOSTIC,     2, -9.019975662231e-01, 1.797693134862e+308, 2.0480e+03, 0.0000e+00, 
 1DIAGNOSTIC,     3, -9.044857025146e-01, 1.797693134862e+308, 2.0480e+03, 0.0000e+00, 
 1DIAGNOSTIC,     4, -9.069366455078e-01, 1.797693134862e+308, 2.0480e+03, 0.0000e+00, 
 1DIAGNOSTIC,     5, -9.093399047852e-01, 1.797693134862e+308, 2.0480e+03, 0.0000e+00, 
 1DIAGNOSTIC,     6, -9.115676879883e-01, 1.797693134862e+308, 2.0480e+03, 0.0000e+00, 
 1DIAGNOSTIC,     7, -9.134578704834e-01, 1.797693134862e+308, 2.0480e+03, 0.0000e+00, 
 1DIAGNOSTIC,     8, -9.151697158813e-01, 1.797693134862e+308, 2.0480e+03, 0.0000e+00, 
 1DIAGNOSTIC,     9, -9.167499542236e-01, 1.797693134862e+308, 2.0480e+03, 0.0000e+00, 
 1DIAGNOSTIC,    10, -9.182310104370e-01, 1.318844697273e-03, 2.0480e+03, 0.0000e+00, 
 1DIAGNOSTIC,    11, -9.196386337280e-01, 1.125628875520e-03, 2.0480e+03, 0.0000e+00, 
 1DIAGNOSTIC,    12, -9.209089279175e-01, 9.500982817702e-04, 2.0480e+03, 0.0000e+00, 
 1DIAGNOSTIC,    13, -9.218750000000e-01, 7.980564629905e-04, 2.0480e+03, 0.0000e+00, 
 1DIAGNOSTIC,    14, -9.230089187622e-01, 6.745120294565e-04, 2.0480e+03, 0.0000e+00, 
 1DIAGNOSTIC,    15, -9.237556457520e-01, 5.705407019931e-04, 2.0480e+03, 0.0000e+00, 
 1DIAGNOSTIC,    16, -9.245529174805e-01, 4.856888377164e-04, 2.0480e+03, 0.0000e+00, 
 1DIAGNOSTIC,    17, -9.251623153687e-01, 4.114970809145e-04, 2.0480e+03, 0.0000e+00, 
 1DIAGNOSTIC,    18, -9.258451461792e-01, 3.486557130216e-04, 2.0480e+03, 0.0000e+00, 
 1DIAGNOSTIC,    19, -9.263572692871e-01, 2.940420191123e-04, 2.0480e+03, 0.0000e+00, 
 1DIAGNOSTIC,    20, -9.268341064453e-01, 2.477393153039e-04, 2.0480e+03, 0.0000e+00, 
 1DIAGNOSTIC,    21, -9.272813796997e-01, 2.100253887816e-04, 2.0480e+03, 0.0000e+00, 
 1DIAGNOSTIC,    22, -9.277095794678e-01, 1.799918651958e-04, 2.0480e+03, 0.0000e+00, 
 1DIAGNOSTIC,    23, -9.281129837036e-01, 1.539868732542e-04, 2.0480e+03, 0.0000e+00, 
 1DIAGNOSTIC,    24, -9.284982681274e-01, 1.352755183974e-04, 2.0480e+03, 0.0000e+00, 
 1DIAGNOSTIC,    25, -9.288635253906e-01, 1.190694819733e-04, 2.0480e+03, 0.0000e+00, 
 1DIAGNOSTIC,    26, -9.292106628418e-01, 1.065217995829e-04, 2.0480e+03, 0.0000e+00, 
 1DIAGNOSTIC,    27, -9.295415878296e-01, 9.558414243088e-05, 2.0480e+03, 0.0000e+00, 
 1DIAGNOSTIC,    28, -9.298582077026e-01, 8.743960762051e-05, 2.0480e+03, 0.0000e+00, 
 1DIAGNOSTIC,    29, -9.301586151123e-01, 8.025772585700e-05, 2.0480e+03, 0.0000e+00, 
 1DIAGNOSTIC,    30, -9.304475784302e-01, 7.385901633362e-05, 4.0960e+03, 2.0480e+03, 
 1DIAGNOSTIC,    31, -9.307250976562e-01, 6.811166545317e-05, 4.0960e+03, 0.0000e+00, 
 1DIAGNOSTIC,    32, -9.309892654419e-01, 6.296278276023e-05, 4.0960e+03, 0.0000e+00, 
 1DIAGNOSTIC,    33, -9.312295913696e-01, 5.819127981307e-05, 4.0960e+03, 0.0000e+00, 
 1DIAGNOSTIC,    34, -9.314298629761e-01, 5.351348987607e-05, 4.0960e+03, 0.0000e+00, 
 1DIAGNOSTIC,    35, -9.316024780273e-01, 4.879082594646e-05, 4.0960e+03, 0.0000e+00, 
 1DIAGNOSTIC,    36, -9.317436218262e-01, 4.390702427581e-05, 4.0960e+03, 0.0000e+00, 
 1DIAGNOSTIC,    37, -9.318637847900e-01, 3.890274212875e-05, 4.0960e+03, 0.0000e+00, 
 1DIAGNOSTIC,    38, -9.319639205933e-01, 3.387605236244e-05, 4.0960e+03, 0.0000e+00, 
 1DIAGNOSTIC,    39, -9.320535659790e-01, 2.900359583077e-05, 4.0960e+03, 0.0000e+00, 
 1DIAGNOSTIC,    40, -9.321317672729e-01, 2.448040760979e-05, 4.0960e+03, 0.0000e+00, 
 1DIAGNOSTIC,    41, -9.322071075439e-01, 2.053533989950e-05, 4.0960e+03, 0.0000e+00, 
 1DIAGNOSTIC,    42, -9.322776794434e-01, 1.731366336175e-05, 4.0960e+03, 0.0000e+00, 
 1DIAGNOSTIC,    43, -9.323472976685e-01, 1.485257575645e-05, 4.0960e+03, 0.0000e+00, 
 1DIAGNOSTIC,    44, -9.324207305908e-01, 1.304495386385e-05, 4.0960e+03, 0.0000e+00, 
 1DIAGNOSTIC,    45, -9.324932098389e-01, 1.179422748717e-05, 4.0960e+03, 0.0000e+00, 
 1DIAGNOSTIC,    46, -9.325685501099e-01, 1.096667897824e-05, 4.0960e+03, 0.0000e+00, 
 1DIAGNOSTIC,    47, -9.326496124268e-01, 1.049189435648e-05, 4.0960e+03, 0.0000e+00, 
 1DIAGNOSTIC,    48, -9.327335357666e-01, 1.026064634119e-05, 4.0960e+03, 0.0000e+00, 
 1DIAGNOSTIC,    49, -9.328222274780e-01, 1.022427985624e-05, 4.0960e+03, 0.0000e+00, 
 1DIAGNOSTIC,    50, -9.329147338867e-01, 1.030734158998e-05, 4.0960e+03, 0.0000e+00, 
XXDIAGNOSTIC,Iteration,metricValue,convergenceValue,ITERATION_TIME_INDEX,SINCE_LAST
 1DIAGNOSTIC,     1, -8.867368698120e-01, 1.797693134862e+308, 4.0960e+03, 0.0000e+00, 
 1DIAGNOSTIC,     2, -8.879642486572e-01, 1.797693134862e+308, 6.1440e+03, 2.0480e+03, 
 1DIAGNOSTIC,     3, -8.895263671875e-01, 1.797693134862e+308, 6.1440e+03, 0.0000e+00, 
 1DIAGNOSTIC,     4, -8.912754058838e-01, 1.797693134862e+308, 6.1440e+03, 0.0000e+00, 
 1DIAGNOSTIC,     5, -8.929729461670e-01, 1.797693134862e+308, 8.1920e+03, 2.0480e+03, 
 1DIAGNOSTIC,     6, -8.945589065552e-01, 1.797693134862e+308, 8.1920e+03, 0.0000e+00, 
 1DIAGNOSTIC,     7, -8.961114883423e-01, 1.797693134862e+308, 8.1920e+03, 0.0000e+00, 
 1DIAGNOSTIC,     8, -8.975591659546e-01, 1.797693134862e+308, 8.1920e+03, 0.0000e+00, 
 1DIAGNOSTIC,     9, -8.988580703735e-01, 1.797693134862e+308, 1.0240e+04, 2.0480e+03, 
 1DIAGNOSTIC,    10, -9.000406265259e-01, 9.885479188804e-04, 1.0240e+04, 0.0000e+00, 
 1DIAGNOSTIC,    11, -9.009189605713e-01, 8.656853244521e-04, 1.0240e+04, 0.0000e+00, 
 1DIAGNOSTIC,    12, -9.018516540527e-01, 7.426199038865e-04, 1.0240e+04, 0.0000e+00, 
 1DIAGNOSTIC,    13, -9.026432037354e-01, 6.284028035466e-04, 1.2288e+04, 2.0480e+03, 
 1DIAGNOSTIC,    14, -9.033699035645e-01, 5.291153068196e-04, 1.2288e+04, 0.0000e+00, 
 1DIAGNOSTIC,    15, -9.040155410767e-01, 4.440189116668e-04, 1.2288e+04, 0.0000e+00, 
 1DIAGNOSTIC,    16, -9.046087265015e-01, 3.717733962866e-04, 1.2288e+04, 0.0000e+00, 
 1DIAGNOSTIC,    17, -9.051570892334e-01, 3.127100294548e-04, 1.4336e+04, 2.0480e+03, 
 1DIAGNOSTIC,    18, -9.056520462036e-01, 2.652487607787e-04, 1.4336e+04, 0.0000e+00, 
 1DIAGNOSTIC,    19, -9.061145782471e-01, 2.273474516772e-04, 1.4336e+04, 0.0000e+00, 
 1DIAGNOSTIC,    20, -9.065446853638e-01, 1.975577668488e-04, 1.4336e+04, 0.0000e+00, 
  Elapsed time (stage 0): 14336


Total elapsed time: 14336
