
##########################
# Experiment information #
##########################

EXPERIMENT_NAME: antsRegistration-r8-p22
VFC_BACKENDS: libinterflop_vprec.so --range-binary32=8 --precision-binary32=22 --range-binary64=8 --precision-binary64=22

SIF_IMG: /home/mdugre/projects/rrg-glatard/mdugre/containers/ants-vprec-no_metrics.simg

SUBJECT_ID: s034
INPUT_IMG: /home/mdugre/scratch/mri-registration-rp/datasets/ds004513/derivatives/mri-registration-rp/antsBrainExtraction/sub-s034/BrainExtractionBrain.nii.gz
OUTPUT_DIR: /home/mdugre/scratch/mri-registration-rp/datasets/ds004513/derivatives/mri-registration-rp/0011/antsRegistration-r8-p22/sub-s034

FIXED_IMG: /templateflow/tpl-MNI152NLin2009cAsym/tpl-MNI152NLin2009cAsym_res-01_desc-brain_T1w.nii.gz
DATA_DIR: /home/mdugre/scratch/mri-registration-rp/datasets/ds004513
TEMPLATEFLOW_DIR: /home/mdugre/projects/rrg-glatard/mdugre/templateflow
ITK_GLOBAL_DEFAULT_NUMBER_OF_THREADS: 16
##########################

Info [verificarlo]: loaded backend libinterflop_ieee.so
Info [interflop-ieee]: load backend with:
Info [interflop-ieee]: debug = false
Info [interflop-ieee]: debug-binary = false
Info [interflop-ieee]: no-backend-name = false
Info [interflop-ieee]: print-new-line = false
Info [interflop-ieee]: print-subnormal-normalized = false
Info [interflop-ieee]: count-op = false
All_Command_lines_OK
Using double precision for computations.
=============================================================================
The composite transform comprises the following transforms (in order): 
  1. Center of mass alignment using fixed image: /templateflow/tpl-MNI152NLin2009cAsym/tpl-MNI152NLin2009cAsym_res-01_desc-brain_T1w.nii.gz and moving image: /home/mdugre/scratch/mri-registration-rp/datasets/ds004513/derivatives/mri-registration-rp/antsBrainExtraction/sub-s034/BrainExtractionBrain.nii.gz (type = Euler3DTransform)
=============================================================================
  number of levels = 1
  fixed image: /templateflow/tpl-MNI152NLin2009cAsym/tpl-MNI152NLin2009cAsym_res-01_desc-brain_T1w.nii.gz
  moving image: /home/mdugre/scratch/mri-registration-rp/datasets/ds004513/derivatives/mri-registration-rp/antsBrainExtraction/sub-s034/BrainExtractionBrain.nii.gz
Dimension = 3
Number of stages = 1
Use histogram matching = false
Winsorize image intensities = true
  Lower quantile = 0.005
  Upper quantile = 0.995


Stage 1 State
   Image metric = MattesMI
     Fixed image = Image (0x333ce70)
  RTTI typeinfo:   itk::Image<double, 3u>
  Reference Count: 2
  Modified Time: 2330
  Debug: Off
  Object Name: 
  Observers: 
    none
  Source: (none)
  Source output name: (none)
  Release Data: Off
  Data Released: False
  Global Release Data: Off
  PipelineMTime: 0
  UpdateMTime: 1941
  RealTimeStamp: 0 seconds 
  LargestPossibleRegion: 
    Dimension: 3
    Index: [0, 0, 0]
    Size: [193, 229, 193]
  BufferedRegion: 
    Dimension: 3
    Index: [0, 0, 0]
    Size: [193, 229, 193]
  RequestedRegion: 
    Dimension: 3
    Index: [0, 0, 0]
    Size: [193, 229, 193]
  Spacing: [1, 1, 1]
  Origin: [96, 132, -78]
  Direction: 
-1 0 0
0 -1 0
0 0 1

  IndexToPointMatrix: 
-1 0 0
0 -1 0
0 0 1

  PointToIndexMatrix: 
-1 0 0
0 -1 0
0 0 1

  Inverse Direction: 
-1 0 0
0 -1 0
0 0 1

  PixelContainer: 
    ImportImageContainer (0x3345c60)
      RTTI typeinfo:   itk::ImportImageContainer<unsigned long, double>
      Reference Count: 1
      Modified Time: 1938
      Debug: Off
      Object Name: 
      Observers: 
        none
      Pointer: 0x14a49f179010
      Container manages memory: true
      Size: 8530021
      Capacity: 8530021

     Moving image = Image (0x333f540)
  RTTI typeinfo:   itk::Image<double, 3u>
  Reference Count: 2
  Modified Time: 2331
  Debug: Off
  Object Name: 
  Observers: 
    none
  Source: (none)
  Source output name: (none)
  Release Data: Off
  Data Released: False
  Global Release Data: Off
  PipelineMTime: 0
  UpdateMTime: 2328
  RealTimeStamp: 0 seconds 
  LargestPossibleRegion: 
    Dimension: 3
    Index: [0, 0, 0]
    Size: [160, 240, 256]
  BufferedRegion: 
    Dimension: 3
    Index: [0, 0, 0]
    Size: [160, 240, 256]
  RequestedRegion: 
    Dimension: 3
    Index: [0, 0, 0]
    Size: [160, 240, 256]
  Spacing: [1, 1, 1]
  Origin: [80.0392, 105.5, -130.753]
  Direction: 
-0.999816 0 0.0191974
0 -1 0
0.0191974 0 0.999816

  IndexToPointMatrix: 
-0.999816 0 0.0191974
0 -1 0
0.0191974 0 0.999816

  PointToIndexMatrix: 
-0.999816 0 0.0191974
0 -1 0
0.0191974 0 0.999816

  Inverse Direction: 
-0.999816 0 0.0191974
0 -1 0
0.0191974 0 0.999816

  PixelContainer: 
    ImportImageContainer (0x333f380)
      RTTI typeinfo:   itk::ImportImageContainer<unsigned long, double>
      Reference Count: 1
      Modified Time: 2325
      Debug: Off
      Object Name: 
      Observers: 
        none
      Pointer: 0x14a49a678010
      Container manages memory: true
      Size: 9830400
      Capacity: 9830400

     Weighting = 1
     Sampling strategy = regular
     Number of bins = 32
     Radius = 4
     Sampling percentage  = 0.25
   Transform = Rigid
     Gradient step = 0.1
     Update field sigma (voxel space) = 0
     Total field sigma (voxel space) = 0
     Update field time sigma = 0
     Total field time sigma  = 0
     Number of time indices = 0
     Number of time point samples = 0
Registration using 1 total stages.

Stage 0
  iterations = 0
  convergence threshold = 1e-06
  convergence window size = 10
  number of levels = 1
  using the Mattes MI metric (number of bins = 32, weight = 1, use gradient filter = 0)
  preprocessing:  winsorizing the image intensities
  Shrink factors (level 1 out of 1): [1, 1, 1]
  smoothing sigmas per level: [0]
  regular sampling (percentage = 0.25)

*** Running Euler3DTransform registration ***

  Elapsed time (stage 0): 1.09532


Total elapsed time: 1.09803
Info [verificarlo]: loaded backend libinterflop_ieee.so
Info [interflop-ieee]: load backend with:
Info [interflop-ieee]: debug = false
Info [interflop-ieee]: debug-binary = false
Info [interflop-ieee]: no-backend-name = false
Info [interflop-ieee]: print-new-line = false
Info [interflop-ieee]: print-subnormal-normalized = false
Info [interflop-ieee]: count-op = false
All_Command_lines_OK
Using double precision for computations.
=============================================================================
The composite transform comprises the following transforms (in order): 
  1. /home/mdugre/scratch/mri-registration-rp/datasets/ds004513/derivatives/mri-registration-rp/0011/antsRegistration-r8-p22/sub-s034/align_Composite.h5[0] (type = Euler3DTransform)
  2. /home/mdugre/scratch/mri-registration-rp/datasets/ds004513/derivatives/mri-registration-rp/0011/antsRegistration-r8-p22/sub-s034/align_Composite.h5[1] (type = Euler3DTransform)
=============================================================================
  number of levels = 4
  fixed image: /templateflow/tpl-MNI152NLin2009cAsym/tpl-MNI152NLin2009cAsym_res-01_desc-brain_T1w.nii.gz
  moving image: /home/mdugre/scratch/mri-registration-rp/datasets/ds004513/derivatives/mri-registration-rp/antsBrainExtraction/sub-s034/BrainExtractionBrain.nii.gz
Dimension = 3
Number of stages = 1
Use histogram matching = false
Winsorize image intensities = true
  Lower quantile = 0.005
  Upper quantile = 0.995


Stage 1 State
   Image metric = MattesMI
     Fixed image = Image (0x4de4530)
  RTTI typeinfo:   itk::Image<double, 3u>
  Reference Count: 2
  Modified Time: 1578
  Debug: Off
  Object Name: 
  Observers: 
    none
  Source: (none)
  Source output name: (none)
  Release Data: Off
  Data Released: False
  Global Release Data: Off
  PipelineMTime: 0
  UpdateMTime: 1189
  RealTimeStamp: 0 seconds 
  LargestPossibleRegion: 
    Dimension: 3
    Index: [0, 0, 0]
    Size: [193, 229, 193]
  BufferedRegion: 
    Dimension: 3
    Index: [0, 0, 0]
    Size: [193, 229, 193]
  RequestedRegion: 
    Dimension: 3
    Index: [0, 0, 0]
    Size: [193, 229, 193]
  Spacing: [1, 1, 1]
  Origin: [96, 132, -78]
  Direction: 
-1 0 0
0 -1 0
0 0 1

  IndexToPointMatrix: 
-1 0 0
0 -1 0
0 0 1

  PointToIndexMatrix: 
-1 0 0
0 -1 0
0 0 1

  Inverse Direction: 
-1 0 0
0 -1 0
0 0 1

  PixelContainer: 
    ImportImageContainer (0x4ea2d60)
      RTTI typeinfo:   itk::ImportImageContainer<unsigned long, double>
      Reference Count: 1
      Modified Time: 1186
      Debug: Off
      Object Name: 
      Observers: 
        none
      Pointer: 0x148a068a6010
      Container manages memory: true
      Size: 8530021
      Capacity: 8530021

     Moving image = Image (0x4e94f60)
  RTTI typeinfo:   itk::Image<double, 3u>
  Reference Count: 2
  Modified Time: 1579
  Debug: Off
  Object Name: 
  Observers: 
    none
  Source: (none)
  Source output name: (none)
  Release Data: Off
  Data Released: False
  Global Release Data: Off
  PipelineMTime: 0
  UpdateMTime: 1576
  RealTimeStamp: 0 seconds 
  LargestPossibleRegion: 
    Dimension: 3
    Index: [0, 0, 0]
    Size: [160, 240, 256]
  BufferedRegion: 
    Dimension: 3
    Index: [0, 0, 0]
    Size: [160, 240, 256]
  RequestedRegion: 
    Dimension: 3
    Index: [0, 0, 0]
    Size: [160, 240, 256]
  Spacing: [1, 1, 1]
  Origin: [80.0392, 105.5, -130.753]
  Direction: 
-0.999816 0 0.0191974
0 -1 0
0.0191974 0 0.999816

  IndexToPointMatrix: 
-0.999816 0 0.0191974
0 -1 0
0.0191974 0 0.999816

  PointToIndexMatrix: 
-0.999816 0 0.0191974
0 -1 0
0.0191974 0 0.999816

  Inverse Direction: 
-0.999816 0 0.0191974
0 -1 0
0.0191974 0 0.999816

  PixelContainer: 
    ImportImageContainer (0x4e866d0)
      RTTI typeinfo:   itk::ImportImageContainer<unsigned long, double>
      Reference Count: 1
      Modified Time: 1573
      Debug: Off
      Object Name: 
      Observers: 
        none
      Pointer: 0x148a01da5010
      Container manages memory: true
      Size: 9830400
      Capacity: 9830400

     Weighting = 1
     Sampling strategy = regular
     Number of bins = 32
     Radius = 4
     Sampling percentage  = 0.25
   Transform = Rigid
     Gradient step = 0.1
     Update field sigma (voxel space) = 0
     Total field sigma (voxel space) = 0
     Update field time sigma = 0
     Total field time sigma  = 0
     Number of time indices = 0
     Number of time point samples = 0
Registration using 1 total stages.

Stage 0
  iterations = 1000x500x250x100
  convergence threshold = 1e-06
  convergence window size = 10
  number of levels = 4
  using the Mattes MI metric (number of bins = 32, weight = 1, use gradient filter = 0)
  preprocessing:  winsorizing the image intensities
  Shrink factors (level 1 out of 4): [8, 8, 8]
  Shrink factors (level 2 out of 4): [4, 4, 4]
  Shrink factors (level 3 out of 4): [2, 2, 2]
  Shrink factors (level 4 out of 4): [1, 1, 1]
  smoothing sigmas per level: [3, 2, 1, 0]
  regular sampling (percentage = 0.25)

*** Running Euler3DTransform registration ***

DIAGNOSTIC,Iteration,metricValue,convergenceValue,ITERATION_TIME_INDEX,SINCE_LAST
 2DIAGNOSTIC,     1, -4.930341261257e-01, 1.797693134862e+308, 9.3914e-01, 9.3914e-01, 
 2DIAGNOSTIC,     2, -4.945365061591e-01, 1.797693134862e+308, 9.4372e-01, 4.5841e-03, 
 2DIAGNOSTIC,     3, -4.976244396473e-01, 1.797693134862e+308, 9.4833e-01, 4.6048e-03, 
 2DIAGNOSTIC,     4, -5.014574413249e-01, 1.797693134862e+308, 9.5300e-01, 4.6740e-03, 
 2DIAGNOSTIC,     5, -5.078847033272e-01, 1.797693134862e+308, 9.5815e-01, 5.1520e-03, 
 2DIAGNOSTIC,     6, -5.122248234977e-01, 1.797693134862e+308, 9.6270e-01, 4.5412e-03, 
 2DIAGNOSTIC,     7, -5.158808652830e-01, 1.797693134862e+308, 9.6799e-01, 5.2941e-03, 
 2DIAGNOSTIC,     8, -5.195344909924e-01, 1.797693134862e+308, 9.7317e-01, 5.1770e-03, 
 2DIAGNOSTIC,     9, -5.208590358022e-01, 1.797693134862e+308, 9.7786e-01, 4.6880e-03, 
 2DIAGNOSTIC,    10, -5.268792526552e-01, 4.452037607824e-03, 9.8333e-01, 5.4700e-03, 
 2DIAGNOSTIC,    11, -5.326112994082e-01, 4.213403175633e-03, 9.8810e-01, 4.7722e-03, 
 2DIAGNOSTIC,    12, -5.387602690037e-01, 3.984590965672e-03, 9.9329e-01, 5.1961e-03, 
 2DIAGNOSTIC,    13, -5.407034062823e-01, 3.644614878235e-03, 9.9946e-01, 6.1631e-03, 
 2DIAGNOSTIC,    14, -5.413429159966e-01, 3.200214651439e-03, 1.0045e+00, 5.0130e-03, 
 2DIAGNOSTIC,    15, -5.416538515252e-01, 2.770877851043e-03, 1.0089e+00, 4.4620e-03, 
 2DIAGNOSTIC,    16, -5.418182700241e-01, 2.292743212619e-03, 1.0139e+00, 4.9222e-03, 
 2DIAGNOSTIC,    17, -5.420253111925e-01, 1.782769414409e-03, 1.0185e+00, 4.6790e-03, 
 2DIAGNOSTIC,    18, -5.423313632453e-01, 1.289064042021e-03, 1.0231e+00, 4.5521e-03, 
 2DIAGNOSTIC,    19, -5.436479632460e-01, 8.046705787749e-04, 1.0288e+00, 5.7161e-03, 
 2DIAGNOSTIC,    20, -5.443741817838e-01, 4.759381700251e-04, 1.0344e+00, 5.5802e-03, 
 2DIAGNOSTIC,    21, -5.446038972986e-01, 2.851438797049e-04, 1.0395e+00, 5.0881e-03, 
 2DIAGNOSTIC,    22, -5.447823407883e-01, 2.404240867886e-04, 1.0441e+00, 4.6239e-03, 
 2DIAGNOSTIC,    23, -5.450147364936e-01, 2.280415585972e-04, 1.0486e+00, 4.4851e-03, 
 2DIAGNOSTIC,    24, -5.457555956778e-01, 2.257579425211e-04, 1.0543e+00, 5.7001e-03, 
 2DIAGNOSTIC,    25, -5.462617854428e-01, 2.195098884434e-04, 1.0595e+00, 5.2681e-03, 
 2DIAGNOSTIC,    26, -5.464726253484e-01, 2.012121793454e-04, 1.0640e+00, 4.4911e-03, 
 2DIAGNOSTIC,    27, -5.464761943707e-01, 1.702024933896e-04, 1.0686e+00, 4.5481e-03, 
 2DIAGNOSTIC,    28, -5.464867386268e-01, 1.311841203013e-04, 1.0748e+00, 6.2330e-03, 
 2DIAGNOSTIC,    29, -5.464877950729e-01, 1.064634475681e-04, 1.0793e+00, 4.5152e-03, 
 2DIAGNOSTIC,    30, -5.464893142533e-01, 8.622171211355e-05, 1.0839e+00, 4.5359e-03, 
 2DIAGNOSTIC,    31, -5.464919941221e-01, 6.334721522134e-05, 1.0883e+00, 4.4601e-03, 
 2DIAGNOSTIC,    32, -5.464952793803e-01, 3.922994309798e-05, 1.0944e+00, 6.0699e-03, 
 2DIAGNOSTIC,    33, -5.464952868013e-01, 1.654977296928e-05, 1.1011e+00, 6.6929e-03, 
 2DIAGNOSTIC,    34, -5.464952870853e-01, 5.178091396989e-06, 1.1061e+00, 4.9951e-03, 
 2DIAGNOSTIC,    35, -5.464952870319e-01, 1.679429651357e-06, 1.1341e+00, 2.7975e-02, 
 2DIAGNOSTIC,    36, -5.464952870319e-01, 1.423010869594e-06, 1.1415e+00, 7.4208e-03, 
 2DIAGNOSTIC,    37, -5.464952870319e-01, 1.177889087357e-06, 1.1473e+00, 5.8229e-03, 
 2DIAGNOSTIC,    38, -5.464952870319e-01, 1.065144695563e-06, 1.1525e+00, 5.2218e-03, 
DIAGNOSTIC,Iteration,metricValue,convergenceValue,ITERATION_TIME_INDEX,SINCE_LAST
 2DIAGNOSTIC,     1, -4.471035686943e-01, 1.797693134862e+308, 1.9333e+00, 7.8076e-01, 
 2DIAGNOSTIC,     2, -4.473743276741e-01, 1.797693134862e+308, 1.9649e+00, 3.1657e-02, 
 2DIAGNOSTIC,     3, -4.477037668472e-01, 1.797693134862e+308, 1.9960e+00, 3.1066e-02, 
 2DIAGNOSTIC,     4, -4.482299950528e-01, 1.797693134862e+308, 2.0269e+00, 3.0942e-02, 
 2DIAGNOSTIC,     5, -4.490523658489e-01, 1.797693134862e+308, 2.0574e+00, 3.0435e-02, 
 2DIAGNOSTIC,     6, -4.500542335748e-01, 1.797693134862e+308, 2.0882e+00, 3.0855e-02, 
 2DIAGNOSTIC,     7, -4.530393992423e-01, 1.797693134862e+308, 2.1197e+00, 3.1450e-02, 
 2DIAGNOSTIC,     8, -4.566539900395e-01, 1.797693134862e+308, 2.1555e+00, 3.5833e-02, 
 2DIAGNOSTIC,     9, -4.606018839359e-01, 1.797693134862e+308, 2.1982e+00, 4.2645e-02, 
 2DIAGNOSTIC,    10, -4.666642627561e-01, 2.502832299749e-03, 2.2324e+00, 3.4260e-02, 
 2DIAGNOSTIC,    11, -4.672539870627e-01, 2.801430201532e-03, 2.2659e+00, 3.3448e-02, 
 2DIAGNOSTIC,    12, -4.680146580409e-01, 2.855181442526e-03, 2.2963e+00, 3.0433e-02, 
 2DIAGNOSTIC,    13, -4.704997624054e-01, 2.777581604160e-03, 2.3352e+00, 3.8899e-02, 
 2DIAGNOSTIC,    14, -4.737201758350e-01, 2.619631281620e-03, 2.3682e+00, 3.2981e-02, 
 2DIAGNOSTIC,    15, -4.814810966832e-01, 2.592452322655e-03, 2.4050e+00, 3.6827e-02, 
 2DIAGNOSTIC,    16, -4.849349395457e-01, 2.496676149153e-03, 2.4490e+00, 4.4001e-02, 
 2DIAGNOSTIC,    17, -4.855171281606e-01, 2.315008176109e-03, 2.4839e+00, 3.4838e-02, 
 2DIAGNOSTIC,    18, -4.856443628731e-01, 2.071008466969e-03, 2.5174e+00, 3.3553e-02, 
 2DIAGNOSTIC,    19, -4.856617064388e-01, 1.784186639603e-03, 2.5502e+00, 3.2793e-02, 
 2DIAGNOSTIC,    20, -4.856561549167e-01, 1.543379935919e-03, 2.5958e+00, 4.5598e-02, 
 2DIAGNOSTIC,    21, -4.856533192941e-01, 1.199359441585e-03, 2.6372e+00, 4.1379e-02, 
 2DIAGNOSTIC,    22, -4.856557389129e-01, 7.992448715503e-04, 2.6723e+00, 3.5146e-02, 
 2DIAGNOSTIC,    23, -4.856500613420e-01, 4.275122295827e-04, 2.7105e+00, 3.8138e-02, 
 2DIAGNOSTIC,    24, -4.856440934211e-01, 1.247834977497e-04, 2.7421e+00, 3.1683e-02, 
 2DIAGNOSTIC,    25, -4.856398432653e-01, 2.107812992619e-05, 2.7805e+00, 3.8405e-02, 
 2DIAGNOSTIC,    26, -4.856338310622e-01, 3.539576803997e-06, 2.8152e+00, 3.4622e-02, 
DIAGNOSTIC,Iteration,metricValue,convergenceValue,ITERATION_TIME_INDEX,SINCE_LAST
 2DIAGNOSTIC,     1, -4.168049274671e-01, 1.797693134862e+308, 3.9689e+00, 1.1537e+00, 
 2DIAGNOSTIC,     2, -4.169588322406e-01, 1.797693134862e+308, 4.2274e+00, 2.5847e-01, 
 2DIAGNOSTIC,     3, -4.171322041992e-01, 1.797693134862e+308, 4.4826e+00, 2.5518e-01, 
 2DIAGNOSTIC,     4, -4.172903165071e-01, 1.797693134862e+308, 4.7625e+00, 2.7996e-01, 
 2DIAGNOSTIC,     5, -4.173214784103e-01, 1.797693134862e+308, 5.0571e+00, 2.9461e-01, 
 2DIAGNOSTIC,     6, -4.173249531834e-01, 1.797693134862e+308, 5.3641e+00, 3.0698e-01, 
 2DIAGNOSTIC,     7, -4.173227246551e-01, 1.797693134862e+308, 5.6173e+00, 2.5316e-01, 
 2DIAGNOSTIC,     8, -4.173250099562e-01, 1.797693134862e+308, 5.8640e+00, 2.4673e-01, 
 2DIAGNOSTIC,     9, -4.173360854823e-01, 1.797693134862e+308, 6.1212e+00, 2.5716e-01, 
 2DIAGNOSTIC,    10, -4.173559563475e-01, 7.345948947407e-05, 6.3717e+00, 2.5052e-01, 
 2DIAGNOSTIC,    11, -4.174196263586e-01, 4.559987123121e-05, 6.6495e+00, 2.7776e-01, 
 2DIAGNOSTIC,    12, -4.174887116164e-01, 3.098933869404e-05, 7.1913e+00, 5.4184e-01, 
 2DIAGNOSTIC,    13, -4.174927528797e-01, 2.509938187660e-05, 7.4495e+00, 2.5821e-01, 
 2DIAGNOSTIC,    14, -4.174921237646e-01, 2.568432503249e-05, 7.7702e+00, 3.2070e-01, 
 2DIAGNOSTIC,    15, -4.174917092050e-01, 2.547216796506e-05, 8.1867e+00, 4.1653e-01, 
 2DIAGNOSTIC,    16, -4.174908951188e-01, 2.321317449652e-05, 8.5322e+00, 3.4546e-01, 
 2DIAGNOSTIC,    17, -4.174905245912e-01, 1.912120580159e-05, 8.8118e+00, 2.7956e-01, 
 2DIAGNOSTIC,    18, -4.174887786964e-01, 1.393480527020e-05, 9.1058e+00, 2.9407e-01, 
 2DIAGNOSTIC,    19, -4.174877426455e-01, 8.575444253998e-06, 9.3610e+00, 2.5513e-01, 
 2DIAGNOSTIC,    20, -4.174887485302e-01, 3.790748945166e-06, 9.7763e+00, 4.1530e-01, 
 2DIAGNOSTIC,    21, -4.174893919340e-01, 1.277763795431e-06, 1.0216e+01, 4.3936e-01, 
 2DIAGNOSTIC,    22, -4.174894800929e-01, 1.152345628821e-06, 1.0619e+01, 4.0320e-01, 
 2DIAGNOSTIC,    23, -4.174886740725e-01, 1.162791684724e-06, 1.1031e+01, 4.1199e-01, 
 2DIAGNOSTIC,    24, -4.174861785048e-01, 1.105840599966e-06, 1.1340e+01, 3.0914e-01, 
 2DIAGNOSTIC,    25, -4.174857746791e-01, 1.052843960771e-06, 1.1658e+01, 3.1780e-01, 
 2DIAGNOSTIC,    26, -4.174865769234e-01, 1.022358288326e-06, 1.1986e+01, 3.2808e-01, 
DIAGNOSTIC,Iteration,metricValue,convergenceValue,ITERATION_TIME_INDEX,SINCE_LAST
 2DIAGNOSTIC,     1, -3.830457367921e-01, 1.797693134862e+308, 1.4895e+01, 2.9090e+00, 
 2DIAGNOSTIC,     2, -3.831543533904e-01, 1.797693134862e+308, 1.6451e+01, 1.5559e+00, 
 2DIAGNOSTIC,     3, -3.831993577955e-01, 1.797693134862e+308, 1.7844e+01, 1.3928e+00, 
 2DIAGNOSTIC,     4, -3.833105660976e-01, 1.797693134862e+308, 1.9343e+01, 1.4996e+00, 
 2DIAGNOSTIC,     5, -3.834168038594e-01, 1.797693134862e+308, 2.1122e+01, 1.7788e+00, 
 2DIAGNOSTIC,     6, -3.834516727991e-01, 1.797693134862e+308, 2.3204e+01, 2.0816e+00, 
 2DIAGNOSTIC,     7, -3.834547978223e-01, 1.797693134862e+308, 2.4837e+01, 1.6330e+00, 
 2DIAGNOSTIC,     8, -3.834620797696e-01, 1.797693134862e+308, 2.6336e+01, 1.4993e+00, 
 2DIAGNOSTIC,     9, -3.834653604774e-01, 1.797693134862e+308, 2.7880e+01, 1.5437e+00, 
 2DIAGNOSTIC,    10, -3.834895738632e-01, 7.532603528360e-05, 2.9287e+01, 1.4074e+00, 
 2DIAGNOSTIC,    11, -3.835460960472e-01, 5.516545702199e-05, 3.1193e+01, 1.9059e+00, 
 2DIAGNOSTIC,    12, -3.835555177283e-01, 4.099024434746e-05, 3.3925e+01, 2.7322e+00, 
 2DIAGNOSTIC,    13, -3.835554818988e-01, 2.806071395932e-05, 3.5566e+01, 1.6414e+00, 
 2DIAGNOSTIC,    14, -3.835551081597e-01, 2.043048617041e-05, 3.7104e+01, 1.5380e+00, 
 2DIAGNOSTIC,    15, -3.835554394612e-01, 1.736182894510e-05, 3.8603e+01, 1.4990e+00, 
 2DIAGNOSTIC,    16, -3.835551717885e-01, 1.483404722671e-05, 4.0164e+01, 1.5607e+00, 
 2DIAGNOSTIC,    17, -3.835544766913e-01, 1.152106326043e-05, 4.1821e+01, 1.6573e+00, 
 2DIAGNOSTIC,    18, -3.835546959157e-01, 8.039437295007e-06, 4.3908e+01, 2.0867e+00, 
 2DIAGNOSTIC,    19, -3.835547424709e-01, 4.477987248737e-06, 4.5396e+01, 1.4876e+00, 
 2DIAGNOSTIC,    20, -3.835545298354e-01, 1.845372348389e-06, 4.7210e+01, 1.8140e+00, 
 2DIAGNOSTIC,    21, -3.835545599874e-01, 1.426631962426e-06, 4.8821e+01, 1.6116e+00, 
 2DIAGNOSTIC,    22, -3.835544164057e-01, 1.367187026952e-06, 5.0307e+01, 1.4856e+00, 
 2DIAGNOSTIC,    23, -3.835543576801e-01, 1.317589450350e-06, 5.1682e+01, 1.3748e+00, 
 2DIAGNOSTIC,    24, -3.835542302086e-01, 1.262059435708e-06, 5.3215e+01, 1.5338e+00, 
 2DIAGNOSTIC,    25, -3.835542814213e-01, 1.228490762444e-06, 5.4792e+01, 1.5771e+00, 
 2DIAGNOSTIC,    26, -3.835541466251e-01, 1.190764206793e-06, 5.6260e+01, 1.4678e+00, 
 2DIAGNOSTIC,    27, -3.835540407912e-01, 1.136834081671e-06, 5.8081e+01, 1.8205e+00, 
 2DIAGNOSTIC,    28, -3.835540695739e-01, 1.097262572906e-06, 5.9573e+01, 1.4919e+00, 
 2DIAGNOSTIC,    29, -3.835540053586e-01, 1.063706374739e-06, 6.1243e+01, 1.6705e+00, 
 2DIAGNOSTIC,    30, -3.835539344626e-01, 1.028467380537e-06, 6.2736e+01, 1.4927e+00, 
  Elapsed time (stage 0): 6.3631e+01


Total elapsed time: 6.3635e+01
Info [verificarlo]: loaded backend libinterflop_vprec.so
Info [interflop-vprec]: load backend with: 
Info [interflop-vprec]: precision-binary32 = 22
Info [interflop-vprec]: range-binary32 = 8
Info [interflop-vprec]: precision-binary64 = 22
Info [interflop-vprec]: range-binary64 = 8
Info [interflop-vprec]: mode = ob
Info [interflop-vprec]: error-mode = rel
Info [interflop-vprec]: max-abs-error-exponent = -1022
Info [interflop-vprec]: daz = false
Info [interflop-vprec]: ftz = false
Info [interflop-vprec]: 	instrument = none
Info [interflop-vprec]: 	prec-input-file = (null)
Info [interflop-vprec]: 	prec-output-file = (null)
Info [interflop-vprec]: 	prec-log-file = (null)
All_Command_lines_OK
Using double precision for computations.
=============================================================================
The composite transform comprises the following transforms (in order): 
  1. /home/mdugre/scratch/mri-registration-rp/datasets/ds004513/derivatives/mri-registration-rp/0011/antsRegistration-r8-p22/sub-s034/rigid_Composite.h5[0] (type = Euler3DTransform)
  2. /home/mdugre/scratch/mri-registration-rp/datasets/ds004513/derivatives/mri-registration-rp/0011/antsRegistration-r8-p22/sub-s034/rigid_Composite.h5[1] (type = Euler3DTransform)
  3. /home/mdugre/scratch/mri-registration-rp/datasets/ds004513/derivatives/mri-registration-rp/0011/antsRegistration-r8-p22/sub-s034/rigid_Composite.h5[2] (type = Euler3DTransform)
=============================================================================
  number of levels = 4
  fixed image: /templateflow/tpl-MNI152NLin2009cAsym/tpl-MNI152NLin2009cAsym_res-01_desc-brain_T1w.nii.gz
  moving image: /home/mdugre/scratch/mri-registration-rp/datasets/ds004513/derivatives/mri-registration-rp/antsBrainExtraction/sub-s034/BrainExtractionBrain.nii.gz
Dimension = 3
Number of stages = 1
Use histogram matching = false
Winsorize image intensities = true
  Lower quantile = 0.005
  Upper quantile = 0.995


Stage 1 State
   Image metric = MattesMI
     Fixed image = Image (0x4d77490)
  RTTI typeinfo:   itk::Image<double, 3u>
  Reference Count: 2
  Modified Time: 1592
  Debug: Off
  Object Name: 
  Observers: 
    none
  Source: (none)
  Source output name: (none)
  Release Data: Off
  Data Released: False
  Global Release Data: Off
  PipelineMTime: 0
  UpdateMTime: 1203
  RealTimeStamp: 0 seconds 
  LargestPossibleRegion: 
    Dimension: 3
    Index: [0, 0, 0]
    Size: [193, 229, 193]
  BufferedRegion: 
    Dimension: 3
    Index: [0, 0, 0]
    Size: [193, 229, 193]
  RequestedRegion: 
    Dimension: 3
    Index: [0, 0, 0]
    Size: [193, 229, 193]
  Spacing: [1, 1, 1]
  Origin: [96, 132, -78]
  Direction: 
-1 0 0
0 -1 0
0 0 1

  IndexToPointMatrix: 
-1 0 0
0 -1 0
0 0 1

  PointToIndexMatrix: 
-1 0 0
0 -1 0
0 0 1

  Inverse Direction: 
-1 0 0
0 -1 0
0 0 1

  PixelContainer: 
    ImportImageContainer (0x4e428c0)
      RTTI typeinfo:   itk::ImportImageContainer<unsigned long, double>
      Reference Count: 1
      Modified Time: 1200
      Debug: Off
      Object Name: 
      Observers: 
        none
      Pointer: 0x14790f658010
      Container manages memory: true
      Size: 8530021
      Capacity: 8530021

     Moving image = Image (0x4e32b60)
  RTTI typeinfo:   itk::Image<double, 3u>
  Reference Count: 2
  Modified Time: 1593
  Debug: Off
  Object Name: 
  Observers: 
    none
  Source: (none)
  Source output name: (none)
  Release Data: Off
  Data Released: False
  Global Release Data: Off
  PipelineMTime: 0
  UpdateMTime: 1590
  RealTimeStamp: 0 seconds 
  LargestPossibleRegion: 
    Dimension: 3
    Index: [0, 0, 0]
    Size: [160, 240, 256]
  BufferedRegion: 
    Dimension: 3
    Index: [0, 0, 0]
    Size: [160, 240, 256]
  RequestedRegion: 
    Dimension: 3
    Index: [0, 0, 0]
    Size: [160, 240, 256]
  Spacing: [1, 1, 1]
  Origin: [80.0392, 105.5, -130.753]
  Direction: 
-0.999816 0 0.0191974
0 -1 0
0.0191974 0 0.999816

  IndexToPointMatrix: 
-0.999816 0 0.0191974
0 -1 0
0.0191974 0 0.999816

  PointToIndexMatrix: 
-0.999816 0 0.0191974
0 -1 0
0.0191974 0 0.999816

  Inverse Direction: 
-0.999816 0 0.0191974
0 -1 0
0.0191974 0 0.999816

  PixelContainer: 
    ImportImageContainer (0x4ec61d0)
      RTTI typeinfo:   itk::ImportImageContainer<unsigned long, double>
      Reference Count: 1
      Modified Time: 1587
      Debug: Off
      Object Name: 
      Observers: 
        none
      Pointer: 0x14790ab57010
      Container manages memory: true
      Size: 9830400
      Capacity: 9830400

     Weighting = 1
     Sampling strategy = regular
     Number of bins = 32
     Radius = 4
     Sampling percentage  = 0.25
   Transform = Affine
     Gradient step = 0.1
     Update field sigma (voxel space) = 0
     Total field sigma (voxel space) = 0
     Update field time sigma = 0
     Total field time sigma  = 0
     Number of time indices = 0
     Number of time point samples = 0
Registration using 1 total stages.

Stage 0
  iterations = 1000x500x250x100
  convergence threshold = 1e-06
  convergence window size = 10
  number of levels = 4
  using the Mattes MI metric (number of bins = 32, weight = 1, use gradient filter = 0)
  preprocessing:  winsorizing the image intensities
  Shrink factors (level 1 out of 4): [8, 8, 8]
  Shrink factors (level 2 out of 4): [4, 4, 4]
  Shrink factors (level 3 out of 4): [2, 2, 2]
  Shrink factors (level 4 out of 4): [1, 1, 1]
  smoothing sigmas per level: [3, 2, 1, 0]
  regular sampling (percentage = 0.25)

*** Running AffineTransform registration ***

DIAGNOSTIC,Iteration,metricValue,convergenceValue,ITERATION_TIME_INDEX,SINCE_LAST
 2DIAGNOSTIC,     1, -5.771143710047e-01, 1.797693134862e+308, 0.0000e+00, 0.0000e+00, 
 2DIAGNOSTIC,     2, -5.795685997663e-01, 1.797693134862e+308, 0.0000e+00, 0.0000e+00, 
 2DIAGNOSTIC,     3, -5.837000907797e-01, 1.797693134862e+308, 0.0000e+00, 0.0000e+00, 
 2DIAGNOSTIC,     4, -5.910629004784e-01, 1.797693134862e+308, 0.0000e+00, 0.0000e+00, 
 2DIAGNOSTIC,     5, -6.036597363825e-01, 1.797693134862e+308, 0.0000e+00, 0.0000e+00, 
 2DIAGNOSTIC,     6, -6.256160725571e-01, 1.797693134862e+308, 0.0000e+00, 0.0000e+00, 
 2DIAGNOSTIC,     7, -7.017102354008e-01, 1.797693134862e+308, 0.0000e+00, 0.0000e+00, 
 2DIAGNOSTIC,     8, -7.704462142971e-01, 1.797693134862e+308, 0.0000e+00, 0.0000e+00, 
 2DIAGNOSTIC,     9, -8.040568082218e-01, 1.797693134862e+308, 0.0000e+00, 0.0000e+00, 
 2DIAGNOSTIC,    10, -8.114371670647e-01, 2.637225352208e-02, 0.0000e+00, 0.0000e+00, 
 2DIAGNOSTIC,    11, -8.163952802806e-01, 2.573165223611e-02, 0.0000e+00, 0.0000e+00, 
 2DIAGNOSTIC,    12, -8.382618769011e-01, 2.368820944445e-02, 0.0000e+00, 0.0000e+00, 
 2DIAGNOSTIC,    13, -8.553592504443e-01, 2.048348675651e-02, 0.0000e+00, 0.0000e+00, 
 2DIAGNOSTIC,    14, -8.671325928003e-01, 1.652190518923e-02, 0.0000e+00, 0.0000e+00, 
 2DIAGNOSTIC,    15, -8.868774826046e-01, 1.256055084091e-02, 0.0000e+00, 0.0000e+00, 
 2DIAGNOSTIC,    16, -8.893532064789e-01, 8.617807378473e-03, 0.0000e+00, 0.0000e+00, 
 2DIAGNOSTIC,    17, -8.894853512164e-01, 6.116514640286e-03, 0.0000e+00, 0.0000e+00, 
 2DIAGNOSTIC,    18, -8.892952832876e-01, 4.800511447093e-03, 0.0000e+00, 0.0000e+00, 
 2DIAGNOSTIC,    19, -8.892330360062e-01, 3.863042403053e-03, 0.0000e+00, 0.0000e+00, 
 2DIAGNOSTIC,    20, -8.888527921209e-01, 2.808206955013e-03, 0.0000e+00, 0.0000e+00, 
 2DIAGNOSTIC,    21, -8.887412275342e-01, 1.688167897016e-03, 0.0000e+00, 0.0000e+00, 
 2DIAGNOSTIC,    22, -8.886506805054e-01, 8.884192199754e-04, 0.0000e+00, 0.0000e+00, 
 2DIAGNOSTIC,    23, -8.885936563040e-01, 3.527916239870e-04, 0.0000e+00, 0.0000e+00, 
 2DIAGNOSTIC,    24, -8.886665938405e-01, 4.768638282228e-06, 0.0000e+00, 0.0000e+00, 
DIAGNOSTIC,Iteration,metricValue,convergenceValue,ITERATION_TIME_INDEX,SINCE_LAST
 2DIAGNOSTIC,     1, -7.428164619949e-01, 1.797693134862e+308, 0.0000e+00, 0.0000e+00, 
 2DIAGNOSTIC,     2, -7.442270997930e-01, 1.797693134862e+308, 0.0000e+00, 0.0000e+00, 
 2DIAGNOSTIC,     3, -7.459603943070e-01, 1.797693134862e+308, 0.0000e+00, 0.0000e+00, 
 2DIAGNOSTIC,     4, -7.476616891275e-01, 1.797693134862e+308, 0.0000e+00, 0.0000e+00, 
 2DIAGNOSTIC,     5, -7.492376575014e-01, 1.797693134862e+308, 0.0000e+00, 0.0000e+00, 
 2DIAGNOSTIC,     6, -7.498657090205e-01, 1.797693134862e+308, 0.0000e+00, 0.0000e+00, 
 2DIAGNOSTIC,     7, -7.499384378121e-01, 1.797693134862e+308, 0.0000e+00, 0.0000e+00, 
 2DIAGNOSTIC,     8, -7.499478873928e-01, 1.797693134862e+308, 0.0000e+00, 0.0000e+00, 
 2DIAGNOSTIC,     9, -7.499556232888e-01, 1.797693134862e+308, 0.0000e+00, 0.0000e+00, 
 2DIAGNOSTIC,    10, -7.500033726936e-01, 6.171381252969e-04, 0.0000e+00, 0.0000e+00, 
 2DIAGNOSTIC,    11, -7.499793751970e-01, 3.910120530877e-04, 0.0000e+00, 0.0000e+00, 
 2DIAGNOSTIC,    12, -7.499648223310e-01, 2.118715118815e-04, 0.0000e+00, 0.0000e+00, 
 2DIAGNOSTIC,    13, -7.499540267341e-01, 9.121865884622e-05, 0.0000e+00, 0.0000e+00, 
 2DIAGNOSTIC,    14, -7.499252642118e-01, 2.412861510062e-05, 0.0000e+00, 0.0000e+00, 
 2DIAGNOSTIC,    15, -7.499642746076e-01, 4.441666159746e-06, 0.0000e+00, 0.0000e+00, 
 2DIAGNOSTIC,    16, -7.499993457264e-01, 2.663449231499e-06, 0.0000e+00, 0.0000e+00, 
 2DIAGNOSTIC,    17, -7.500640712659e-01, 4.100938348961e-06, 0.0000e+00, 0.0000e+00, 
 2DIAGNOSTIC,    18, -7.500341225567e-01, 4.730070656392e-06, 0.0000e+00, 0.0000e+00, 
 2DIAGNOSTIC,    19, -7.500431800747e-01, 5.367516299558e-06, 0.0000e+00, 0.0000e+00, 
 2DIAGNOSTIC,    20, -7.500012677338e-01, 5.710434394311e-06, 0.0000e+00, 0.0000e+00, 
 2DIAGNOSTIC,    21, -7.500077867926e-01, 5.314792687137e-06, 0.0000e+00, 0.0000e+00, 
 2DIAGNOSTIC,    22, -7.499820305252e-01, 3.886980339839e-06, 0.0000e+00, 0.0000e+00, 
 2DIAGNOSTIC,    23, -7.499709699487e-01, 2.031244752607e-06, 0.0000e+00, 0.0000e+00, 
DIAGNOSTIC,Iteration,metricValue,convergenceValue,ITERATION_TIME_INDEX,SINCE_LAST
 2DIAGNOSTIC,     1, -6.342941076493e-01, 1.797693134862e+308, 0.0000e+00, 0.0000e+00, 
 2DIAGNOSTIC,     2, -6.351897261773e-01, 1.797693134862e+308, 0.0000e+00, 0.0000e+00, 
 2DIAGNOSTIC,     3, -6.361606693181e-01, 1.797693134862e+308, 0.0000e+00, 0.0000e+00, 
 2DIAGNOSTIC,     4, -6.379450495815e-01, 1.797693134862e+308, 0.0000e+00, 0.0000e+00, 
 2DIAGNOSTIC,     5, -6.379467636101e-01, 1.797693134862e+308, 0.0000e+00, 0.0000e+00, 
 2DIAGNOSTIC,     6, -6.379444970693e-01, 1.797693134862e+308, 0.0000e+00, 0.0000e+00, 
 2DIAGNOSTIC,     7, -6.379450789548e-01, 1.797693134862e+308, 0.0000e+00, 0.0000e+00, 
 2DIAGNOSTIC,     8, -6.379429028459e-01, 1.797693134862e+308, 0.0000e+00, 0.0000e+00, 
 2DIAGNOSTIC,     9, -6.379397868711e-01, 1.797693134862e+308, 0.0000e+00, 0.0000e+00, 
 2DIAGNOSTIC,    10, -6.379388523110e-01, 3.287421558305e-04, 0.0000e+00, 0.0000e+00, 
 2DIAGNOSTIC,    11, -6.379376978411e-01, 1.770786141185e-04, 0.0000e+00, 0.0000e+00, 
 2DIAGNOSTIC,    12, -6.379378862040e-01, 6.816051022566e-05, 0.0000e+00, 0.0000e+00, 
 2DIAGNOSTIC,    13, -6.379379097964e-01, 1.653179977426e-06, 0.0000e+00, 0.0000e+00, 
 2DIAGNOSTIC,    14, -6.379353808983e-01, 1.481431721462e-06, 0.0000e+00, 0.0000e+00, 
 2DIAGNOSTIC,    15, -6.379345622042e-01, 1.435527583235e-06, 0.0000e+00, 0.0000e+00, 
 2DIAGNOSTIC,    16, -6.379354628916e-01, 1.417792457825e-06, 0.0000e+00, 0.0000e+00, 
 2DIAGNOSTIC,    17, -6.379341282782e-01, 1.433015280848e-06, 0.0000e+00, 0.0000e+00, 
 2DIAGNOSTIC,    18, -6.379357007747e-01, 1.474471479419e-06, 0.0000e+00, 0.0000e+00, 
 2DIAGNOSTIC,    19, -6.379349763829e-01, 1.448780411327e-06, 0.0000e+00, 0.0000e+00, 
 2DIAGNOSTIC,    20, -6.379321472669e-01, 1.364204294758e-06, 0.0000e+00, 0.0000e+00, 
 2DIAGNOSTIC,    21, -6.379305110254e-01, 1.250318690478e-06, 0.0000e+00, 0.0000e+00, 
 2DIAGNOSTIC,    22, -6.379311454452e-01, 1.187387302100e-06, 0.0000e+00, 0.0000e+00, 
 2DIAGNOSTIC,    23, -6.379326443637e-01, 1.182986032987e-06, 0.0000e+00, 0.0000e+00, 
 2DIAGNOSTIC,    24, -6.379316549263e-01, 1.131614318632e-06, 0.0000e+00, 0.0000e+00, 
 2DIAGNOSTIC,    25, -6.379319487634e-01, 1.094782746035e-06, 0.0000e+00, 0.0000e+00, 
 2DIAGNOSTIC,    26, -6.379295307097e-01, 1.052805072267e-06, 0.0000e+00, 0.0000e+00, 
 2DIAGNOSTIC,    27, -6.379301578954e-01, 1.017312980640e-06, 0.0000e+00, 0.0000e+00, 
DIAGNOSTIC,Iteration,metricValue,convergenceValue,ITERATION_TIME_INDEX,SINCE_LAST
 2DIAGNOSTIC,     1, -5.596470019530e-01, 1.797693134862e+308, 0.0000e+00, 0.0000e+00, 
 2DIAGNOSTIC,     2, -5.599023912039e-01, 1.797693134862e+308, 0.0000e+00, 0.0000e+00, 
 2DIAGNOSTIC,     3, -5.601933122124e-01, 1.797693134862e+308, 0.0000e+00, 0.0000e+00, 
 2DIAGNOSTIC,     4, -5.602906322427e-01, 1.797693134862e+308, 0.0000e+00, 0.0000e+00, 
 2DIAGNOSTIC,     5, -5.603475430254e-01, 1.797693134862e+308, 0.0000e+00, 0.0000e+00, 
 2DIAGNOSTIC,     6, -5.603656092798e-01, 1.797693134862e+308, 0.0000e+00, 0.0000e+00, 
 2DIAGNOSTIC,     7, -5.604050101414e-01, 1.797693134862e+308, 0.0000e+00, 0.0000e+00, 
 2DIAGNOSTIC,     8, -5.604197870846e-01, 1.797693134862e+308, 0.0000e+00, 0.0000e+00, 
 2DIAGNOSTIC,     9, -5.604199754483e-01, 1.797693134862e+308, 0.0000e+00, 0.0000e+00, 
 2DIAGNOSTIC,    10, -5.604196533934e-01, 7.623703807431e-05, 0.0000e+00, 0.0000e+00, 
 2DIAGNOSTIC,    11, -5.604195652643e-01, 4.190037770757e-05, 0.0000e+00, 0.0000e+00, 
 2DIAGNOSTIC,    12, -5.604194312880e-01, 2.028332555402e-05, 0.0000e+00, 0.0000e+00, 
 2DIAGNOSTIC,    13, -5.604193149467e-01, 1.166143398171e-05, 0.0000e+00, 0.0000e+00, 
 2DIAGNOSTIC,    14, -5.604193155945e-01, 6.930412516593e-06, 0.0000e+00, 0.0000e+00, 
 2DIAGNOSTIC,    15, -5.604191642940e-01, 4.330912204392e-06, 0.0000e+00, 0.0000e+00, 
 2DIAGNOSTIC,    16, -5.604191679979e-01, 2.396414599634e-06, 0.0000e+00, 0.0000e+00, 
 2DIAGNOSTIC,    17, -5.604191777528e-01, 1.814897911151e-06, 0.0000e+00, 0.0000e+00, 
 2DIAGNOSTIC,    18, -5.604190374621e-01, 1.715093231811e-06, 2.5600e+02, 2.5600e+02, 
 2DIAGNOSTIC,    19, -5.604190211418e-01, 1.635275129051e-06, 2.5600e+02, 0.0000e+00, 
 2DIAGNOSTIC,    20, -5.604190211669e-01, 1.558671377688e-06, 2.5600e+02, 0.0000e+00, 
 2DIAGNOSTIC,    21, -5.604190166436e-01, 1.489879805583e-06, 2.5600e+02, 0.0000e+00, 
 2DIAGNOSTIC,    22, -5.604190259034e-01, 1.426602669406e-06, 2.5600e+02, 0.0000e+00, 
 2DIAGNOSTIC,    23, -5.604190357473e-01, 1.368087935841e-06, 2.5600e+02, 0.0000e+00, 
 2DIAGNOSTIC,    24, -5.604190387989e-01, 1.315840838602e-06, 2.5600e+02, 0.0000e+00, 
 2DIAGNOSTIC,    25, -5.604190609619e-01, 1.265822346913e-06, 2.5600e+02, 0.0000e+00, 
 2DIAGNOSTIC,    26, -5.604190509552e-01, 1.219912932622e-06, 2.5600e+02, 0.0000e+00, 
 2DIAGNOSTIC,    27, -5.604190462520e-01, 1.177736593347e-06, 2.5600e+02, 0.0000e+00, 
 2DIAGNOSTIC,    28, -5.604190460370e-01, 1.135905707120e-06, 2.5600e+02, 0.0000e+00, 
 2DIAGNOSTIC,    29, -5.604190458509e-01, 1.096516114726e-06, 2.5600e+02, 0.0000e+00, 
 2DIAGNOSTIC,    30, -5.604190458585e-01, 1.059628289467e-06, 2.5600e+02, 0.0000e+00, 
 2DIAGNOSTIC,    31, -5.604190458949e-01, 1.024958034050e-06, 2.5600e+02, 0.0000e+00, 
  Elapsed time (stage 0): 2.5600e+02


Total elapsed time: 2.5600e+02
Info [verificarlo]: loaded backend libinterflop_vprec.so
Info [interflop-vprec]: load backend with: 
Info [interflop-vprec]: precision-binary32 = 22
Info [interflop-vprec]: range-binary32 = 8
Info [interflop-vprec]: precision-binary64 = 22
Info [interflop-vprec]: range-binary64 = 8
Info [interflop-vprec]: mode = ob
Info [interflop-vprec]: error-mode = rel
Info [interflop-vprec]: max-abs-error-exponent = -1022
Info [interflop-vprec]: daz = false
Info [interflop-vprec]: ftz = false
Info [interflop-vprec]: 	instrument = none
Info [interflop-vprec]: 	prec-input-file = (null)
Info [interflop-vprec]: 	prec-output-file = (null)
Info [interflop-vprec]: 	prec-log-file = (null)
All_Command_lines_OK
Using double precision for computations.
=============================================================================
The composite transform comprises the following transforms (in order): 
  1. /home/mdugre/scratch/mri-registration-rp/datasets/ds004513/derivatives/mri-registration-rp/0011/antsRegistration-r8-p22/sub-s034/affine_Composite.h5[0] (type = Euler3DTransform)
  2. /home/mdugre/scratch/mri-registration-rp/datasets/ds004513/derivatives/mri-registration-rp/0011/antsRegistration-r8-p22/sub-s034/affine_Composite.h5[1] (type = Euler3DTransform)
  3. /home/mdugre/scratch/mri-registration-rp/datasets/ds004513/derivatives/mri-registration-rp/0011/antsRegistration-r8-p22/sub-s034/affine_Composite.h5[2] (type = Euler3DTransform)
  4. /home/mdugre/scratch/mri-registration-rp/datasets/ds004513/derivatives/mri-registration-rp/0011/antsRegistration-r8-p22/sub-s034/affine_Composite.h5[3] (type = AffineTransform)
=============================================================================
  number of levels = 4
  fixed image: /templateflow/tpl-MNI152NLin2009cAsym/tpl-MNI152NLin2009cAsym_res-01_desc-brain_T1w.nii.gz
  moving image: /home/mdugre/scratch/mri-registration-rp/datasets/ds004513/derivatives/mri-registration-rp/antsBrainExtraction/sub-s034/BrainExtractionBrain.nii.gz
Dimension = 3
Number of stages = 1
Use histogram matching = false
Winsorize image intensities = true
  Lower quantile = 0.005
  Upper quantile = 0.995


Stage 1 State
   Image metric = CC
     Fixed image = Image (0x3d306f0)
  RTTI typeinfo:   itk::Image<double, 3u>
  Reference Count: 2
  Modified Time: 1606
  Debug: Off
  Object Name: 
  Observers: 
    none
  Source: (none)
  Source output name: (none)
  Release Data: Off
  Data Released: False
  Global Release Data: Off
  PipelineMTime: 0
  UpdateMTime: 1217
  RealTimeStamp: 0 seconds 
  LargestPossibleRegion: 
    Dimension: 3
    Index: [0, 0, 0]
    Size: [193, 229, 193]
  BufferedRegion: 
    Dimension: 3
    Index: [0, 0, 0]
    Size: [193, 229, 193]
  RequestedRegion: 
    Dimension: 3
    Index: [0, 0, 0]
    Size: [193, 229, 193]
  Spacing: [1, 1, 1]
  Origin: [96, 132, -78]
  Direction: 
-1 0 0
0 -1 0
0 0 1

  IndexToPointMatrix: 
-1 0 0
0 -1 0
0 0 1

  PointToIndexMatrix: 
-1 0 0
0 -1 0
0 0 1

  Inverse Direction: 
-1 0 0
0 -1 0
0 0 1

  PixelContainer: 
    ImportImageContainer (0x3dfe8b0)
      RTTI typeinfo:   itk::ImportImageContainer<unsigned long, double>
      Reference Count: 1
      Modified Time: 1214
      Debug: Off
      Object Name: 
      Observers: 
        none
      Pointer: 0x14c2ad464010
      Container manages memory: true
      Size: 8530021
      Capacity: 8530021

     Moving image = Image (0x3e00d30)
  RTTI typeinfo:   itk::Image<double, 3u>
  Reference Count: 2
  Modified Time: 1607
  Debug: Off
  Object Name: 
  Observers: 
    none
  Source: (none)
  Source output name: (none)
  Release Data: Off
  Data Released: False
  Global Release Data: Off
  PipelineMTime: 0
  UpdateMTime: 1604
  RealTimeStamp: 0 seconds 
  LargestPossibleRegion: 
    Dimension: 3
    Index: [0, 0, 0]
    Size: [160, 240, 256]
  BufferedRegion: 
    Dimension: 3
    Index: [0, 0, 0]
    Size: [160, 240, 256]
  RequestedRegion: 
    Dimension: 3
    Index: [0, 0, 0]
    Size: [160, 240, 256]
  Spacing: [1, 1, 1]
  Origin: [80.0392, 105.5, -130.753]
  Direction: 
-0.999816 0 0.0191974
0 -1 0
0.0191974 0 0.999816

  IndexToPointMatrix: 
-0.999816 0 0.0191974
0 -1 0
0.0191974 0 0.999816

  PointToIndexMatrix: 
-0.999816 0 0.0191974
0 -1 0
0.0191974 0 0.999816

  Inverse Direction: 
-0.999816 0 0.0191974
0 -1 0
0.0191974 0 0.999816

  PixelContainer: 
    ImportImageContainer (0x3eb03d0)
      RTTI typeinfo:   itk::ImportImageContainer<unsigned long, double>
      Reference Count: 1
      Modified Time: 1601
      Debug: Off
      Object Name: 
      Observers: 
        none
      Pointer: 0x14c2a8963010
      Container manages memory: true
      Size: 9830400
      Capacity: 9830400

     Weighting = 1
     Sampling strategy = none
     Number of bins = 32
     Radius = 4
     Sampling percentage  = 1
   Transform = SyN
     Gradient step = 0.1
     Update field sigma (voxel space) = 3
     Total field sigma (voxel space) = 0
     Update field time sigma = 0
     Total field time sigma  = 0
     Number of time indices = 0
     Number of time point samples = 0
Registration using 1 total stages.

Stage 0
  iterations = 100x70x50x20
  convergence threshold = 1e-06
  convergence window size = 10
  number of levels = 4
  using the CC metric (radius = 4, weight = 1, use gradient filter = 0)
  preprocessing:  winsorizing the image intensities
  Shrink factors (level 1 out of 4): [8, 8, 8]
  Shrink factors (level 2 out of 4): [4, 4, 4]
  Shrink factors (level 3 out of 4): [2, 2, 2]
  Shrink factors (level 4 out of 4): [1, 1, 1]
  smoothing sigmas per level: [3, 2, 1, 0]
  Using default NONE metricSamplingStrategy 

*** Running SyN registration (varianceForUpdateField = 3, varianceForTotalField = 0) ***

XXDIAGNOSTIC,Iteration,metricValue,convergenceValue,ITERATION_TIME_INDEX,SINCE_LAST
 1DIAGNOSTIC,     1, -9.391713142395e-01, 1.797693134862e+308, 0.0000e+00, 0.0000e+00, 
 1DIAGNOSTIC,     2, -9.444128274918e-01, 1.797693134862e+308, 0.0000e+00, 0.0000e+00, 
 1DIAGNOSTIC,     3, -9.487853050232e-01, 1.797693134862e+308, 0.0000e+00, 0.0000e+00, 
 1DIAGNOSTIC,     4, -9.517618417740e-01, 1.797693134862e+308, 0.0000e+00, 0.0000e+00, 
 1DIAGNOSTIC,     5, -9.541068077087e-01, 1.797693134862e+308, 0.0000e+00, 0.0000e+00, 
 1DIAGNOSTIC,     6, -9.563162326813e-01, 1.797693134862e+308, 0.0000e+00, 0.0000e+00, 
 1DIAGNOSTIC,     7, -9.587925672531e-01, 1.797693134862e+308, 0.0000e+00, 0.0000e+00, 
 1DIAGNOSTIC,     8, -9.613364934921e-01, 1.797693134862e+308, 0.0000e+00, 0.0000e+00, 
 1DIAGNOSTIC,     9, -9.637702703476e-01, 1.797693134862e+308, 0.0000e+00, 0.0000e+00, 
 1DIAGNOSTIC,    10, -9.659737348557e-01, 1.675864857360e-03, 0.0000e+00, 0.0000e+00, 
 1DIAGNOSTIC,    11, -9.668736457825e-01, 1.346498380957e-03, 0.0000e+00, 0.0000e+00, 
 1DIAGNOSTIC,    12, -9.673413038254e-01, 1.091843664862e-03, 0.0000e+00, 0.0000e+00, 
 1DIAGNOSTIC,    13, -9.684076309204e-01, 9.015164336828e-04, 0.0000e+00, 0.0000e+00, 
 1DIAGNOSTIC,    14, -9.687447547913e-01, 7.257882023940e-04, 0.0000e+00, 0.0000e+00, 
 1DIAGNOSTIC,    15, -9.697194099426e-01, 5.726655496446e-04, 0.0000e+00, 0.0000e+00, 
 1DIAGNOSTIC,    16, -9.698965549469e-01, 4.301711472996e-04, 0.0000e+00, 0.0000e+00, 
 1DIAGNOSTIC,    17, -9.706534147263e-01, 3.212990301526e-04, 0.0000e+00, 0.0000e+00, 
 1DIAGNOSTIC,    18, -9.708551168442e-01, 2.393939717769e-04, 0.0000e+00, 0.0000e+00, 
 1DIAGNOSTIC,    19, -9.715449810028e-01, 1.919711332565e-04, 0.0000e+00, 0.0000e+00, 
 1DIAGNOSTIC,    20, -9.715961217880e-01, 1.645833915450e-04, 0.0000e+00, 0.0000e+00, 
 1DIAGNOSTIC,    21, -9.720664024353e-01, 1.439951346222e-04, 0.0000e+00, 0.0000e+00, 
 1DIAGNOSTIC,    22, -9.721068143845e-01, 1.184621240833e-04, 0.0000e+00, 0.0000e+00, 
 1DIAGNOSTIC,    23, -9.726425409317e-01, 1.047932276442e-04, 0.0000e+00, 0.0000e+00, 
 1DIAGNOSTIC,    24, -9.726114273071e-01, 8.593724196772e-05, 0.0000e+00, 0.0000e+00, 
 1DIAGNOSTIC,    25, -9.729781150818e-01, 7.659651749629e-05, 0.0000e+00, 0.0000e+00, 
 1DIAGNOSTIC,    26, -9.729499816895e-01, 6.237973891742e-05, 0.0000e+00, 0.0000e+00, 
 1DIAGNOSTIC,    27, -9.733958244324e-01, 5.662801022636e-05, 0.0000e+00, 0.0000e+00, 
 1DIAGNOSTIC,    28, -9.733237028122e-01, 4.713489297457e-05, 0.0000e+00, 0.0000e+00, 
 1DIAGNOSTIC,    29, -9.736071825027e-01, 4.393149417226e-05, 0.0000e+00, 0.0000e+00, 
 1DIAGNOSTIC,    30, -9.735330343246e-01, 3.655239282362e-05, 0.0000e+00, 0.0000e+00, 
 1DIAGNOSTIC,    31, -9.739302396774e-01, 3.459068617020e-05, 0.0000e+00, 0.0000e+00, 
 1DIAGNOSTIC,    32, -9.738363027573e-01, 2.885607062155e-05, 0.0000e+00, 0.0000e+00, 
 1DIAGNOSTIC,    33, -9.740598201752e-01, 2.768168879336e-05, 0.0000e+00, 0.0000e+00, 
 1DIAGNOSTIC,    34, -9.739509820938e-01, 2.275473158785e-05, 0.0000e+00, 0.0000e+00, 
 1DIAGNOSTIC,    35, -9.743067026138e-01, 2.217308911173e-05, 0.0000e+00, 0.0000e+00, 
 1DIAGNOSTIC,    36, -9.742448329926e-01, 1.868078076070e-05, 0.0000e+00, 0.0000e+00, 
 1DIAGNOSTIC,    37, -9.744220972061e-01, 1.869590440342e-05, 0.0000e+00, 0.0000e+00, 
 1DIAGNOSTIC,    38, -9.742881059647e-01, 1.537587596451e-05, 0.0000e+00, 0.0000e+00, 
 1DIAGNOSTIC,    39, -9.746031761169e-01, 1.542531010547e-05, 0.0000e+00, 0.0000e+00, 
 1DIAGNOSTIC,    40, -9.744898080826e-01, 1.254168186239e-05, 0.0000e+00, 0.0000e+00, 
 1DIAGNOSTIC,    41, -9.746853113174e-01, 1.297759929877e-05, 0.0000e+00, 0.0000e+00, 
 1DIAGNOSTIC,    42, -9.745330810547e-01, 1.046562827895e-05, 0.0000e+00, 0.0000e+00, 
 1DIAGNOSTIC,    43, -9.748218059540e-01, 1.072038504356e-05, 0.0000e+00, 0.0000e+00, 
 1DIAGNOSTIC,    44, -9.747037887573e-01, 8.367831543520e-06, 0.0000e+00, 0.0000e+00, 
 1DIAGNOSTIC,    45, -9.748220443726e-01, 8.520140085070e-06, 0.0000e+00, 0.0000e+00, 
 1DIAGNOSTIC,    46, -9.746594429016e-01, 6.461696074732e-06, 0.0000e+00, 0.0000e+00, 
 1DIAGNOSTIC,    47, -9.749392271042e-01, 6.858686149046e-06, 0.0000e+00, 0.0000e+00, 
 1DIAGNOSTIC,    48, -9.748773574829e-01, 5.333771256905e-06, 0.0000e+00, 0.0000e+00, 
 1DIAGNOSTIC,    49, -9.750046730042e-01, 6.108366935525e-06, 0.0000e+00, 0.0000e+00, 
 1DIAGNOSTIC,    50, -9.748173952103e-01, 4.545111958774e-06, 0.0000e+00, 0.0000e+00, 
 1DIAGNOSTIC,    51, -9.750645160675e-01, 5.288643985267e-06, 0.0000e+00, 0.0000e+00, 
 1DIAGNOSTIC,    52, -9.749413728714e-01, 3.897124122552e-06, 0.0000e+00, 0.0000e+00, 
 1DIAGNOSTIC,    53, -9.750257730484e-01, 4.335434420910e-06, 0.0000e+00, 0.0000e+00, 
 1DIAGNOSTIC,    54, -9.748482704163e-01, 2.784905738733e-06, 0.0000e+00, 0.0000e+00, 
 1DIAGNOSTIC,    55, -9.751038551331e-01, 3.141029062372e-06, 0.0000e+00, 0.0000e+00, 
 1DIAGNOSTIC,    56, -9.749757051468e-01, 1.623925761703e-06, 0.0000e+00, 0.0000e+00, 
 1DIAGNOSTIC,    57, -9.750688076019e-01, 2.001386167277e-06, 0.0000e+00, 0.0000e+00, 
 1DIAGNOSTIC,    58, -9.748919010162e-01, 1.009853779956e-06, 0.0000e+00, 0.0000e+00, 
 1DIAGNOSTIC,    59, -9.751501083374e-01, 1.982585488391e-06, 0.0000e+00, 0.0000e+00, 
 1DIAGNOSTIC,    60, -9.750255346298e-01, 1.171874161668e-06, 0.0000e+00, 0.0000e+00, 
 1DIAGNOSTIC,    61, -9.750972986221e-01, 1.887832850930e-06, 0.0000e+00, 0.0000e+00, 
 1DIAGNOSTIC,    62, -9.749164581299e-01, 1.012455516303e-06, 0.0000e+00, 0.0000e+00, 
 1DIAGNOSTIC,    63, -9.751610755920e-01, 1.701232786710e-06, 0.0000e+00, 0.0000e+00, 
 1DIAGNOSTIC,    64, -9.750888347626e-01, 1.025536971188e-06, 0.0000e+00, 0.0000e+00, 
 1DIAGNOSTIC,    65, -9.751961231232e-01, 1.976567300853e-06, 0.0000e+00, 0.0000e+00, 
 1DIAGNOSTIC,    66, -9.749990701675e-01, 1.310093264800e-06, 0.0000e+00, 0.0000e+00, 
 1DIAGNOSTIC,    67, -9.752253293991e-01, 2.039698763310e-06, 0.0000e+00, 0.0000e+00, 
 1DIAGNOSTIC,    68, -9.751005172729e-01, 1.220509376402e-06, 0.0000e+00, 0.0000e+00, 
 1DIAGNOSTIC,    69, -9.751491546631e-01, 1.673583117956e-06, 0.0000e+00, 0.0000e+00, 
 1DIAGNOSTIC,    70, -9.749615192413e-01, 6.902045361287e-07, 0.0000e+00, 0.0000e+00, 
XXDIAGNOSTIC,Iteration,metricValue,convergenceValue,ITERATION_TIME_INDEX,SINCE_LAST
 1DIAGNOSTIC,     1, -9.201318025589e-01, 1.797693134862e+308, 0.0000e+00, 0.0000e+00, 
 1DIAGNOSTIC,     2, -9.231762886047e-01, 1.797693134862e+308, 0.0000e+00, 0.0000e+00, 
 1DIAGNOSTIC,     3, -9.261511564255e-01, 1.797693134862e+308, 0.0000e+00, 0.0000e+00, 
 1DIAGNOSTIC,     4, -9.288399219513e-01, 1.797693134862e+308, 2.5600e+02, 2.5600e+02, 
 1DIAGNOSTIC,     5, -9.313184022903e-01, 1.797693134862e+308, 2.5600e+02, 0.0000e+00, 
 1DIAGNOSTIC,     6, -9.336583614349e-01, 1.797693134862e+308, 2.5600e+02, 0.0000e+00, 
 1DIAGNOSTIC,     7, -9.356986284256e-01, 1.797693134862e+308, 2.5600e+02, 0.0000e+00, 
 1DIAGNOSTIC,     8, -9.373292922974e-01, 1.797693134862e+308, 2.5600e+02, 0.0000e+00, 
 1DIAGNOSTIC,     9, -9.386999607086e-01, 1.797693134862e+308, 2.5600e+02, 0.0000e+00, 
 1DIAGNOSTIC,    10, -9.398199319839e-01, 1.366635319110e-03, 2.5600e+02, 0.0000e+00, 
 1DIAGNOSTIC,    11, -9.405962228775e-01, 1.095543723107e-03, 2.5600e+02, 0.0000e+00, 
 1DIAGNOSTIC,    12, -9.413920640945e-01, 8.683050103107e-04, 2.5600e+02, 0.0000e+00, 
 1DIAGNOSTIC,    13, -9.419121742249e-01, 6.789686295536e-04, 2.5600e+02, 0.0000e+00, 
 1DIAGNOSTIC,    14, -9.423704147339e-01, 5.230746537497e-04, 2.5600e+02, 0.0000e+00, 
 1DIAGNOSTIC,    15, -9.427710771561e-01, 3.982093632218e-04, 2.5600e+02, 0.0000e+00, 
 1DIAGNOSTIC,    16, -9.431298971176e-01, 3.033637969006e-04, 2.5600e+02, 0.0000e+00, 
 1DIAGNOSTIC,    17, -9.434591531754e-01, 2.338507449163e-04, 2.5600e+02, 0.0000e+00, 
 1DIAGNOSTIC,    18, -9.437499046326e-01, 1.826731709471e-04, 2.5600e+02, 0.0000e+00, 
 1DIAGNOSTIC,    19, -9.440155029297e-01, 1.459827176990e-04, 2.5600e+02, 0.0000e+00, 
 1DIAGNOSTIC,    20, -9.442597627640e-01, 1.200771106203e-04, 2.5600e+02, 0.0000e+00, 
 1DIAGNOSTIC,    21, -9.444751739502e-01, 9.969481365776e-05, 2.5600e+02, 0.0000e+00, 
 1DIAGNOSTIC,    22, -9.446678161621e-01, 8.549739969773e-05, 2.5600e+02, 0.0000e+00, 
 1DIAGNOSTIC,    23, -9.448457956314e-01, 7.376472000626e-05, 2.5600e+02, 0.0000e+00, 
 1DIAGNOSTIC,    24, -9.450110197067e-01, 6.400628840193e-05, 2.5600e+02, 0.0000e+00, 
 1DIAGNOSTIC,    25, -9.451630115509e-01, 5.575899015268e-05, 2.5600e+02, 0.0000e+00, 
 1DIAGNOSTIC,    26, -9.453001022339e-01, 4.872708637230e-05, 2.5600e+02, 0.0000e+00, 
 1DIAGNOSTIC,    27, -9.454320669174e-01, 4.285671781707e-05, 2.5600e+02, 0.0000e+00, 
 1DIAGNOSTIC,    28, -9.455556869507e-01, 3.790014813077e-05, 2.5600e+02, 0.0000e+00, 
 1DIAGNOSTIC,    29, -9.456691741943e-01, 3.371837096753e-05, 2.5600e+02, 0.0000e+00, 
 1DIAGNOSTIC,    30, -9.457731246948e-01, 3.020077144687e-05, 2.5600e+02, 0.0000e+00, 
 1DIAGNOSTIC,    31, -9.458729028702e-01, 2.719242003400e-05, 2.5600e+02, 0.0000e+00, 
 1DIAGNOSTIC,    32, -9.459656476974e-01, 2.455655039098e-05, 2.5600e+02, 0.0000e+00, 
 1DIAGNOSTIC,    33, -9.460494518280e-01, 2.221329345484e-05, 2.5600e+02, 0.0000e+00, 
 1DIAGNOSTIC,    34, -9.461245536804e-01, 2.010143742568e-05, 2.5600e+02, 0.0000e+00, 
 1DIAGNOSTIC,    35, -9.462057352066e-01, 1.828156838855e-05, 2.5600e+02, 0.0000e+00, 
 1DIAGNOSTIC,    36, -9.462760686874e-01, 1.662784901375e-05, 5.1200e+02, 2.5600e+02, 
 1DIAGNOSTIC,    37, -9.463421106339e-01, 1.516166913646e-05, 5.1200e+02, 0.0000e+00, 
 1DIAGNOSTIC,    38, -9.464036226273e-01, 1.386567562358e-05, 5.1200e+02, 0.0000e+00, 
 1DIAGNOSTIC,    39, -9.464613199234e-01, 1.270529782313e-05, 5.1200e+02, 0.0000e+00, 
 1DIAGNOSTIC,    40, -9.465150833130e-01, 1.164404306285e-05, 5.1200e+02, 0.0000e+00, 
 1DIAGNOSTIC,    41, -9.465655088425e-01, 1.069101868080e-05, 5.1200e+02, 0.0000e+00, 
 1DIAGNOSTIC,    42, -9.466127157211e-01, 9.831156460541e-06, 5.1200e+02, 0.0000e+00, 
 1DIAGNOSTIC,    43, -9.466565847397e-01, 9.031144547686e-06, 5.1200e+02, 0.0000e+00, 
 1DIAGNOSTIC,    44, -9.466894865036e-01, 8.204604683627e-06, 5.1200e+02, 0.0000e+00, 
 1DIAGNOSTIC,    45, -9.467272758484e-01, 7.489513325906e-06, 5.1200e+02, 0.0000e+00, 
 1DIAGNOSTIC,    46, -9.467611312866e-01, 6.830963264298e-06, 5.1200e+02, 0.0000e+00, 
 1DIAGNOSTIC,    47, -9.467926025391e-01, 6.230453865795e-06, 5.1200e+02, 0.0000e+00, 
 1DIAGNOSTIC,    48, -9.468209743500e-01, 5.681295407036e-06, 5.1200e+02, 0.0000e+00, 
 1DIAGNOSTIC,    49, -9.468474388123e-01, 5.186433641141e-06, 5.1200e+02, 0.0000e+00, 
 1DIAGNOSTIC,    50, -9.468719959259e-01, 4.743361741687e-06, 5.1200e+02, 0.0000e+00, 
 1DIAGNOSTIC,    51, -9.468944072723e-01, 4.348569057778e-06, 5.1200e+02, 0.0000e+00, 
 1DIAGNOSTIC,    52, -9.469151496887e-01, 4.000509089708e-06, 5.1200e+02, 0.0000e+00, 
 1DIAGNOSTIC,    53, -9.469344615936e-01, 3.696838980657e-06, 5.1200e+02, 0.0000e+00, 
 1DIAGNOSTIC,    54, -9.469532966614e-01, 3.392011889435e-06, 5.1200e+02, 0.0000e+00, 
 1DIAGNOSTIC,    55, -9.469701051712e-01, 3.124717198093e-06, 5.1200e+02, 0.0000e+00, 
 1DIAGNOSTIC,    56, -9.469859600067e-01, 2.886780062671e-06, 5.1200e+02, 0.0000e+00, 
 1DIAGNOSTIC,    57, -9.470009803772e-01, 2.677489152482e-06, 5.1200e+02, 0.0000e+00, 
 1DIAGNOSTIC,    58, -9.470150470734e-01, 2.489570271460e-06, 5.1200e+02, 0.0000e+00, 
 1DIAGNOSTIC,    59, -9.470280408859e-01, 2.320447986801e-06, 5.1200e+02, 0.0000e+00, 
 1DIAGNOSTIC,    60, -9.470399618149e-01, 2.166721789112e-06, 5.1200e+02, 0.0000e+00, 
 1DIAGNOSTIC,    61, -9.470500946045e-01, 2.019511953603e-06, 5.1200e+02, 0.0000e+00, 
 1DIAGNOSTIC,    62, -9.470601081848e-01, 1.880762760833e-06, 5.1200e+02, 0.0000e+00, 
 1DIAGNOSTIC,    63, -9.470694065094e-01, 1.749832720097e-06, 5.1200e+02, 0.0000e+00, 
 1DIAGNOSTIC,    64, -9.470779895782e-01, 1.630693021181e-06, 5.1200e+02, 0.0000e+00, 
 1DIAGNOSTIC,    65, -9.470857381821e-01, 1.518557847253e-06, 5.1200e+02, 0.0000e+00, 
 1DIAGNOSTIC,    66, -9.470926523209e-01, 1.413475029959e-06, 5.1200e+02, 0.0000e+00, 
 1DIAGNOSTIC,    67, -9.470989704132e-01, 1.316644331468e-06, 5.1200e+02, 0.0000e+00, 
 1DIAGNOSTIC,    68, -9.471117258072e-01, 1.259265417768e-06, 7.6800e+02, 2.5600e+02, 
 1DIAGNOSTIC,    69, -9.471170902252e-01, 1.205551033298e-06, 7.6800e+02, 0.0000e+00, 
 1DIAGNOSTIC,    70, -9.471184015274e-01, 1.138156423783e-06, 7.6800e+02, 0.0000e+00, 
XXDIAGNOSTIC,Iteration,metricValue,convergenceValue,ITERATION_TIME_INDEX,SINCE_LAST
 1DIAGNOSTIC,     1, -8.998378515244e-01, 1.797693134862e+308, 7.6800e+02, 0.0000e+00, 
 1DIAGNOSTIC,     2, -9.019179344177e-01, 1.797693134862e+308, 7.6800e+02, 0.0000e+00, 
 1DIAGNOSTIC,     3, -9.044018983841e-01, 1.797693134862e+308, 7.6800e+02, 0.0000e+00, 
 1DIAGNOSTIC,     4, -9.068462848663e-01, 1.797693134862e+308, 1.0240e+03, 2.5600e+02, 
 1DIAGNOSTIC,     5, -9.092469215393e-01, 1.797693134862e+308, 1.0240e+03, 0.0000e+00, 
 1DIAGNOSTIC,     6, -9.114886522293e-01, 1.797693134862e+308, 1.0240e+03, 0.0000e+00, 
 1DIAGNOSTIC,     7, -9.133915901184e-01, 1.797693134862e+308, 1.0240e+03, 0.0000e+00, 
 1DIAGNOSTIC,     8, -9.151102304459e-01, 1.797693134862e+308, 1.2800e+03, 2.5600e+02, 
 1DIAGNOSTIC,     9, -9.166967868805e-01, 1.797693134862e+308, 1.2800e+03, 0.0000e+00, 
 1DIAGNOSTIC,    10, -9.181864261627e-01, 1.321700888566e-03, 1.2800e+03, 0.0000e+00, 
 1DIAGNOSTIC,    11, -9.195966720581e-01, 1.129003423603e-03, 1.2800e+03, 0.0000e+00, 
 1DIAGNOSTIC,    12, -9.208667278290e-01, 9.535769780561e-04, 1.5360e+03, 2.5600e+02, 
 1DIAGNOSTIC,    13, -9.218343496323e-01, 8.012620971112e-04, 1.5360e+03, 0.0000e+00, 
 1DIAGNOSTIC,    14, -9.229718446732e-01, 6.771390736996e-04, 1.5360e+03, 0.0000e+00, 
 1DIAGNOSTIC,    15, -9.237246513367e-01, 5.724955520391e-04, 1.5360e+03, 0.0000e+00, 
 1DIAGNOSTIC,    16, -9.245271682739e-01, 4.872472902316e-04, 1.7920e+03, 2.5600e+02, 
 1DIAGNOSTIC,    17, -9.251395463943e-01, 4.128535243074e-04, 1.7920e+03, 0.0000e+00, 
 1DIAGNOSTIC,    18, -9.258283376694e-01, 3.499304429914e-04, 1.7920e+03, 0.0000e+00, 
 1DIAGNOSTIC,    19, -9.263461828232e-01, 2.953187144255e-04, 1.7920e+03, 0.0000e+00, 
 1DIAGNOSTIC,    20, -9.268300533295e-01, 2.491396602315e-04, 2.0480e+03, 2.5600e+02, 
 1DIAGNOSTIC,    21, -9.272853136063e-01, 2.115642482028e-04, 2.0480e+03, 0.0000e+00, 
 1DIAGNOSTIC,    22, -9.277170896530e-01, 1.815607343420e-04, 2.0480e+03, 0.0000e+00, 
 1DIAGNOSTIC,    23, -9.281259775162e-01, 1.555325608494e-04, 2.3040e+03, 2.5600e+02, 
 1DIAGNOSTIC,    24, -9.285151958466e-01, 1.367505875682e-04, 2.3040e+03, 0.0000e+00, 
 1DIAGNOSTIC,    25, -9.288841485977e-01, 1.204606905596e-04, 2.3040e+03, 0.0000e+00, 
 1DIAGNOSTIC,    26, -9.292356967926e-01, 1.078196151352e-04, 2.3040e+03, 0.0000e+00, 
 1DIAGNOSTIC,    27, -9.295694828033e-01, 9.673942837957e-05, 2.5600e+03, 2.5600e+02, 
 1DIAGNOSTIC,    28, -9.298870563507e-01, 8.843009913203e-05, 2.5600e+03, 0.0000e+00, 
 1DIAGNOSTIC,    29, -9.301929473877e-01, 8.112036071486e-05, 2.5600e+03, 0.0000e+00, 
 1DIAGNOSTIC,    30, -9.304845333099e-01, 7.461759387244e-05, 2.5600e+03, 0.0000e+00, 
 1DIAGNOSTIC,    31, -9.307628870010e-01, 6.878865814047e-05, 2.8160e+03, 2.5600e+02, 
 1DIAGNOSTIC,    32, -9.310266971588e-01, 6.353031898939e-05, 2.8160e+03, 0.0000e+00, 
 1DIAGNOSTIC,    33, -9.312652349472e-01, 5.863720824472e-05, 2.8160e+03, 0.0000e+00, 
 1DIAGNOSTIC,    34, -9.314663410187e-01, 5.384569168691e-05, 2.8160e+03, 0.0000e+00, 
 1DIAGNOSTIC,    35, -9.316372871399e-01, 4.900062584997e-05, 3.0720e+03, 2.5600e+02, 
 1DIAGNOSTIC,    36, -9.317775964737e-01, 4.401233546639e-05, 3.0720e+03, 0.0000e+00, 
 1DIAGNOSTIC,    37, -9.318941831589e-01, 3.889436052597e-05, 3.0720e+03, 0.0000e+00, 
 1DIAGNOSTIC,    38, -9.319928884506e-01, 3.375694719262e-05, 3.0720e+03, 0.0000e+00, 
 1DIAGNOSTIC,    39, -9.320815801620e-01, 2.882604126920e-05, 3.3280e+03, 2.5600e+02, 
 1DIAGNOSTIC,    40, -9.321615695953e-01, 2.429774024723e-05, 3.3280e+03, 0.0000e+00, 
 1DIAGNOSTIC,    41, -9.322346448898e-01, 2.035424508191e-05, 3.3280e+03, 0.0000e+00, 
 1DIAGNOSTIC,    42, -9.323055744171e-01, 1.715272933792e-05, 3.3280e+03, 0.0000e+00, 
 1DIAGNOSTIC,    43, -9.323753118515e-01, 1.471420996084e-05, 3.5840e+03, 2.5600e+02, 
 1DIAGNOSTIC,    44, -9.324445724487e-01, 1.291781739172e-05, 3.5840e+03, 0.0000e+00, 
 1DIAGNOSTIC,    45, -9.325178861618e-01, 1.168480447611e-05, 3.5840e+03, 0.0000e+00, 
 1DIAGNOSTIC,    46, -9.325935840607e-01, 1.088173527769e-05, 3.5840e+03, 0.0000e+00, 
 1DIAGNOSTIC,    47, -9.326721429825e-01, 1.039878237756e-05, 3.8400e+03, 2.5600e+02, 
 1DIAGNOSTIC,    48, -9.327533245087e-01, 1.014271591843e-05, 3.8400e+03, 0.0000e+00, 
 1DIAGNOSTIC,    49, -9.328404664993e-01, 1.007852277974e-05, 3.8400e+03, 0.0000e+00, 
 1DIAGNOSTIC,    50, -9.329293966293e-01, 1.013818745298e-05, 3.8400e+03, 0.0000e+00, 
XXDIAGNOSTIC,Iteration,metricValue,convergenceValue,ITERATION_TIME_INDEX,SINCE_LAST
 1DIAGNOSTIC,     1, -8.867362737656e-01, 1.797693134862e+308, 4.3520e+03, 5.1200e+02, 
 1DIAGNOSTIC,     2, -8.879663944244e-01, 1.797693134862e+308, 4.8640e+03, 5.1200e+02, 
 1DIAGNOSTIC,     3, -8.895379304886e-01, 1.797693134862e+308, 5.6320e+03, 7.6800e+02, 
 1DIAGNOSTIC,     4, -8.912804126740e-01, 1.797693134862e+308, 6.1440e+03, 5.1200e+02, 
 1DIAGNOSTIC,     5, -8.929176330566e-01, 1.797693134862e+308, 6.6560e+03, 5.1200e+02, 
 1DIAGNOSTIC,     6, -8.945255279541e-01, 1.797693134862e+308, 7.1680e+03, 5.1200e+02, 
 1DIAGNOSTIC,     7, -8.960663080215e-01, 1.797693134862e+308, 7.6800e+03, 5.1200e+02, 
 1DIAGNOSTIC,     8, -8.975223302841e-01, 1.797693134862e+308, 8.1920e+03, 5.1200e+02, 
 1DIAGNOSTIC,     9, -8.988265991211e-01, 1.797693134862e+308, 8.7040e+03, 5.1200e+02, 
 1DIAGNOSTIC,    10, -8.999959230423e-01, 9.845284022086e-04, 9.4720e+03, 7.6800e+02, 
 1DIAGNOSTIC,    11, -9.008891582489e-01, 8.628199850811e-04, 9.9840e+03, 5.1200e+02, 
 1DIAGNOSTIC,    12, -9.017317295074e-01, 7.386208932106e-04, 1.0496e+04, 5.1200e+02, 
 1DIAGNOSTIC,    13, -9.025108814240e-01, 6.237900262946e-04, 1.1008e+04, 5.1200e+02, 
 1DIAGNOSTIC,    14, -9.032367467880e-01, 5.242578559165e-04, 1.1520e+04, 5.1200e+02, 
 1DIAGNOSTIC,    15, -9.038922786713e-01, 4.382845164176e-04, 1.2032e+04, 5.1200e+02, 
 1DIAGNOSTIC,    16, -9.044926166534e-01, 3.663793403646e-04, 1.2544e+04, 5.1200e+02, 
 1DIAGNOSTIC,    17, -9.050500392914e-01, 3.080822294151e-04, 1.3056e+04, 5.1200e+02, 
 1DIAGNOSTIC,    18, -9.055473804474e-01, 2.619277155201e-04, 1.3568e+04, 5.1200e+02, 
 1DIAGNOSTIC,    19, -9.060155153275e-01, 2.256744339960e-04, 1.4336e+04, 7.6800e+02, 
 1DIAGNOSTIC,    20, -9.064563512802e-01, 1.974542042066e-04, 1.4848e+04, 5.1200e+02, 
  Elapsed time (stage 0): 14848


Total elapsed time: 14848
