
##########################
# Experiment information #
##########################

EXPERIMENT_NAME: antsRegistration-r7-p8
VFC_BACKENDS: libinterflop_vprec.so --range-binary32=7 --precision-binary32=8 --range-binary64=7 --precision-binary64=8

SIF_IMG: /home/mdugre/projects/rrg-glatard/mdugre/containers/ants-vprec-no_metrics.simg

SUBJECT_ID: s020
INPUT_IMG: /home/mdugre/scratch/mri-registration-rp/datasets/ds004513/derivatives/mri-registration-rp/antsBrainExtraction/sub-s020/BrainExtractionBrain.nii.gz
OUTPUT_DIR: /home/mdugre/scratch/mri-registration-rp/datasets/ds004513/derivatives/mri-registration-rp/0011/antsRegistration-r7-p8/sub-s020

FIXED_IMG: /templateflow/tpl-MNI152NLin2009cAsym/tpl-MNI152NLin2009cAsym_res-01_desc-brain_T1w.nii.gz
DATA_DIR: /home/mdugre/scratch/mri-registration-rp/datasets/ds004513
TEMPLATEFLOW_DIR: /home/mdugre/projects/rrg-glatard/mdugre/templateflow
ITK_GLOBAL_DEFAULT_NUMBER_OF_THREADS: 16
##########################

Info [verificarlo]: loaded backend libinterflop_ieee.so
Info [interflop-ieee]: load backend with:
Info [interflop-ieee]: debug = false
Info [interflop-ieee]: debug-binary = false
Info [interflop-ieee]: no-backend-name = false
Info [interflop-ieee]: print-new-line = false
Info [interflop-ieee]: print-subnormal-normalized = false
Info [interflop-ieee]: count-op = false
All_Command_lines_OK
Using double precision for computations.
=============================================================================
The composite transform comprises the following transforms (in order): 
  1. Center of mass alignment using fixed image: /templateflow/tpl-MNI152NLin2009cAsym/tpl-MNI152NLin2009cAsym_res-01_desc-brain_T1w.nii.gz and moving image: /home/mdugre/scratch/mri-registration-rp/datasets/ds004513/derivatives/mri-registration-rp/antsBrainExtraction/sub-s020/BrainExtractionBrain.nii.gz (type = Euler3DTransform)
=============================================================================
  number of levels = 1
  fixed image: /templateflow/tpl-MNI152NLin2009cAsym/tpl-MNI152NLin2009cAsym_res-01_desc-brain_T1w.nii.gz
  moving image: /home/mdugre/scratch/mri-registration-rp/datasets/ds004513/derivatives/mri-registration-rp/antsBrainExtraction/sub-s020/BrainExtractionBrain.nii.gz
Dimension = 3
Number of stages = 1
Use histogram matching = false
Winsorize image intensities = true
  Lower quantile = 0.005
  Upper quantile = 0.995


Stage 1 State
   Image metric = MattesMI
     Fixed image = Image (0x3534bd0)
  RTTI typeinfo:   itk::Image<double, 3u>
  Reference Count: 2
  Modified Time: 2334
  Debug: Off
  Object Name: 
  Observers: 
    none
  Source: (none)
  Source output name: (none)
  Release Data: Off
  Data Released: False
  Global Release Data: Off
  PipelineMTime: 0
  UpdateMTime: 1943
  RealTimeStamp: 0 seconds 
  LargestPossibleRegion: 
    Dimension: 3
    Index: [0, 0, 0]
    Size: [193, 229, 193]
  BufferedRegion: 
    Dimension: 3
    Index: [0, 0, 0]
    Size: [193, 229, 193]
  RequestedRegion: 
    Dimension: 3
    Index: [0, 0, 0]
    Size: [193, 229, 193]
  Spacing: [1, 1, 1]
  Origin: [96, 132, -78]
  Direction: 
-1 0 0
0 -1 0
0 0 1

  IndexToPointMatrix: 
-1 0 0
0 -1 0
0 0 1

  PointToIndexMatrix: 
-1 0 0
0 -1 0
0 0 1

  Inverse Direction: 
-1 0 0
0 -1 0
0 0 1

  PixelContainer: 
    ImportImageContainer (0x353d9e0)
      RTTI typeinfo:   itk::ImportImageContainer<unsigned long, double>
      Reference Count: 1
      Modified Time: 1940
      Debug: Off
      Object Name: 
      Observers: 
        none
      Pointer: 0x14e1f2060010
      Container manages memory: true
      Size: 8530021
      Capacity: 8530021

     Moving image = Image (0x353ebd0)
  RTTI typeinfo:   itk::Image<double, 3u>
  Reference Count: 2
  Modified Time: 2335
  Debug: Off
  Object Name: 
  Observers: 
    none
  Source: (none)
  Source output name: (none)
  Release Data: Off
  Data Released: False
  Global Release Data: Off
  PipelineMTime: 0
  UpdateMTime: 2332
  RealTimeStamp: 0 seconds 
  LargestPossibleRegion: 
    Dimension: 3
    Index: [0, 0, 0]
    Size: [160, 240, 256]
  BufferedRegion: 
    Dimension: 3
    Index: [0, 0, 0]
    Size: [160, 240, 256]
  RequestedRegion: 
    Dimension: 3
    Index: [0, 0, 0]
    Size: [160, 240, 256]
  Spacing: [0.999995, 1, 1]
  Origin: [87.0906, 98.7205, -152.377]
  Direction: 
-0.996975 0.0261379 -0.0731913
-0.0260677 -0.999658 -0.00191374
-0.0732163 -2.46403e-08 0.997316

  IndexToPointMatrix: 
-0.996971 0.0261379 -0.0731913
-0.0260676 -0.999658 -0.00191374
-0.0732159 -2.46403e-08 0.997316

  PointToIndexMatrix: 
-0.99698 -0.0260679 -0.0732166
0.0261379 -0.999658 -2.46993e-08
-0.0731913 -0.00191374 0.997316

  Inverse Direction: 
-0.996975 -0.0260677 -0.0732163
0.0261379 -0.999658 -2.46993e-08
-0.0731913 -0.00191374 0.997316

  PixelContainer: 
    ImportImageContainer (0x36c4b50)
      RTTI typeinfo:   itk::ImportImageContainer<unsigned long, double>
      Reference Count: 1
      Modified Time: 2329
      Debug: Off
      Object Name: 
      Observers: 
        none
      Pointer: 0x14e1ed55f010
      Container manages memory: true
      Size: 9830400
      Capacity: 9830400

     Weighting = 1
     Sampling strategy = regular
     Number of bins = 32
     Radius = 4
     Sampling percentage  = 0.25
   Transform = Rigid
     Gradient step = 0.1
     Update field sigma (voxel space) = 0
     Total field sigma (voxel space) = 0
     Update field time sigma = 0
     Total field time sigma  = 0
     Number of time indices = 0
     Number of time point samples = 0
Registration using 1 total stages.

Stage 0
  iterations = 0
  convergence threshold = 1e-06
  convergence window size = 10
  number of levels = 1
  using the Mattes MI metric (number of bins = 32, weight = 1, use gradient filter = 0)
  preprocessing:  winsorizing the image intensities
  Shrink factors (level 1 out of 1): [1, 1, 1]
  smoothing sigmas per level: [0]
  regular sampling (percentage = 0.25)

*** Running Euler3DTransform registration ***

  Elapsed time (stage 0): 0.927567


Total elapsed time: 0.92989
Info [verificarlo]: loaded backend libinterflop_ieee.so
Info [interflop-ieee]: load backend with:
Info [interflop-ieee]: debug = false
Info [interflop-ieee]: debug-binary = false
Info [interflop-ieee]: no-backend-name = false
Info [interflop-ieee]: print-new-line = false
Info [interflop-ieee]: print-subnormal-normalized = false
Info [interflop-ieee]: count-op = false
All_Command_lines_OK
Using double precision for computations.
=============================================================================
The composite transform comprises the following transforms (in order): 
  1. /home/mdugre/scratch/mri-registration-rp/datasets/ds004513/derivatives/mri-registration-rp/0011/antsRegistration-r7-p8/sub-s020/align_Composite.h5[0] (type = Euler3DTransform)
  2. /home/mdugre/scratch/mri-registration-rp/datasets/ds004513/derivatives/mri-registration-rp/0011/antsRegistration-r7-p8/sub-s020/align_Composite.h5[1] (type = Euler3DTransform)
=============================================================================
  number of levels = 4
  fixed image: /templateflow/tpl-MNI152NLin2009cAsym/tpl-MNI152NLin2009cAsym_res-01_desc-brain_T1w.nii.gz
  moving image: /home/mdugre/scratch/mri-registration-rp/datasets/ds004513/derivatives/mri-registration-rp/antsBrainExtraction/sub-s020/BrainExtractionBrain.nii.gz
Dimension = 3
Number of stages = 1
Use histogram matching = false
Winsorize image intensities = true
  Lower quantile = 0.005
  Upper quantile = 0.995


Stage 1 State
   Image metric = MattesMI
     Fixed image = Image (0x3d6d530)
  RTTI typeinfo:   itk::Image<double, 3u>
  Reference Count: 2
  Modified Time: 1580
  Debug: Off
  Object Name: 
  Observers: 
    none
  Source: (none)
  Source output name: (none)
  Release Data: Off
  Data Released: False
  Global Release Data: Off
  PipelineMTime: 0
  UpdateMTime: 1189
  RealTimeStamp: 0 seconds 
  LargestPossibleRegion: 
    Dimension: 3
    Index: [0, 0, 0]
    Size: [193, 229, 193]
  BufferedRegion: 
    Dimension: 3
    Index: [0, 0, 0]
    Size: [193, 229, 193]
  RequestedRegion: 
    Dimension: 3
    Index: [0, 0, 0]
    Size: [193, 229, 193]
  Spacing: [1, 1, 1]
  Origin: [96, 132, -78]
  Direction: 
-1 0 0
0 -1 0
0 0 1

  IndexToPointMatrix: 
-1 0 0
0 -1 0
0 0 1

  PointToIndexMatrix: 
-1 0 0
0 -1 0
0 0 1

  Inverse Direction: 
-1 0 0
0 -1 0
0 0 1

  PixelContainer: 
    ImportImageContainer (0x3e2bd60)
      RTTI typeinfo:   itk::ImportImageContainer<unsigned long, double>
      Reference Count: 1
      Modified Time: 1186
      Debug: Off
      Object Name: 
      Observers: 
        none
      Pointer: 0x151535789010
      Container manages memory: true
      Size: 8530021
      Capacity: 8530021

     Moving image = Image (0x3e1df60)
  RTTI typeinfo:   itk::Image<double, 3u>
  Reference Count: 2
  Modified Time: 1581
  Debug: Off
  Object Name: 
  Observers: 
    none
  Source: (none)
  Source output name: (none)
  Release Data: Off
  Data Released: False
  Global Release Data: Off
  PipelineMTime: 0
  UpdateMTime: 1578
  RealTimeStamp: 0 seconds 
  LargestPossibleRegion: 
    Dimension: 3
    Index: [0, 0, 0]
    Size: [160, 240, 256]
  BufferedRegion: 
    Dimension: 3
    Index: [0, 0, 0]
    Size: [160, 240, 256]
  RequestedRegion: 
    Dimension: 3
    Index: [0, 0, 0]
    Size: [160, 240, 256]
  Spacing: [0.999995, 1, 1]
  Origin: [87.0906, 98.7205, -152.377]
  Direction: 
-0.996975 0.0261379 -0.0731913
-0.0260677 -0.999658 -0.00191374
-0.0732163 -2.46403e-08 0.997316

  IndexToPointMatrix: 
-0.996971 0.0261379 -0.0731913
-0.0260676 -0.999658 -0.00191374
-0.0732159 -2.46403e-08 0.997316

  PointToIndexMatrix: 
-0.99698 -0.0260679 -0.0732166
0.0261379 -0.999658 -2.46993e-08
-0.0731913 -0.00191374 0.997316

  Inverse Direction: 
-0.996975 -0.0260677 -0.0732163
0.0261379 -0.999658 -2.46993e-08
-0.0731913 -0.00191374 0.997316

  PixelContainer: 
    ImportImageContainer (0x3e0f6d0)
      RTTI typeinfo:   itk::ImportImageContainer<unsigned long, double>
      Reference Count: 1
      Modified Time: 1575
      Debug: Off
      Object Name: 
      Observers: 
        none
      Pointer: 0x151530c88010
      Container manages memory: true
      Size: 9830400
      Capacity: 9830400

     Weighting = 1
     Sampling strategy = regular
     Number of bins = 32
     Radius = 4
     Sampling percentage  = 0.25
   Transform = Rigid
     Gradient step = 0.1
     Update field sigma (voxel space) = 0
     Total field sigma (voxel space) = 0
     Update field time sigma = 0
     Total field time sigma  = 0
     Number of time indices = 0
     Number of time point samples = 0
Registration using 1 total stages.

Stage 0
  iterations = 1000x500x250x100
  convergence threshold = 1e-06
  convergence window size = 10
  number of levels = 4
  using the Mattes MI metric (number of bins = 32, weight = 1, use gradient filter = 0)
  preprocessing:  winsorizing the image intensities
  Shrink factors (level 1 out of 4): [8, 8, 8]
  Shrink factors (level 2 out of 4): [4, 4, 4]
  Shrink factors (level 3 out of 4): [2, 2, 2]
  Shrink factors (level 4 out of 4): [1, 1, 1]
  smoothing sigmas per level: [3, 2, 1, 0]
  regular sampling (percentage = 0.25)

*** Running Euler3DTransform registration ***

DIAGNOSTIC,Iteration,metricValue,convergenceValue,ITERATION_TIME_INDEX,SINCE_LAST
 2DIAGNOSTIC,     1, -3.791273390751e-01, 1.797693134862e+308, 6.4010e-01, 6.4010e-01, 
 2DIAGNOSTIC,     2, -3.803606001643e-01, 1.797693134862e+308, 6.4324e-01, 3.1381e-03, 
 2DIAGNOSTIC,     3, -3.828962034719e-01, 1.797693134862e+308, 6.4633e-01, 3.0890e-03, 
 2DIAGNOSTIC,     4, -3.876122532015e-01, 1.797693134862e+308, 6.4939e-01, 3.0620e-03, 
 2DIAGNOSTIC,     5, -3.904935334081e-01, 1.797693134862e+308, 6.5289e-01, 3.4959e-03, 
 2DIAGNOSTIC,     6, -3.911039700181e-01, 1.797693134862e+308, 6.5590e-01, 3.0129e-03, 
 2DIAGNOSTIC,     7, -3.914905453856e-01, 1.797693134862e+308, 6.5897e-01, 3.0658e-03, 
 2DIAGNOSTIC,     8, -3.925629083064e-01, 1.797693134862e+308, 6.6211e-01, 3.1419e-03, 
 2DIAGNOSTIC,     9, -3.981570789235e-01, 1.797693134862e+308, 6.6534e-01, 3.2270e-03, 
 2DIAGNOSTIC,    10, -4.079218556696e-01, 3.866687266231e-03, 6.6989e-01, 4.5550e-03, 
 2DIAGNOSTIC,    11, -4.246779602407e-01, 4.904320352955e-03, 6.7363e-01, 3.7401e-03, 
 2DIAGNOSTIC,    12, -4.297045200929e-01, 5.673254149494e-03, 6.7689e-01, 3.2630e-03, 
 2DIAGNOSTIC,    13, -4.335692915495e-01, 6.156954111568e-03, 6.8069e-01, 3.7999e-03, 
 2DIAGNOSTIC,    14, -4.439932007400e-01, 6.764094567506e-03, 6.8394e-01, 3.2501e-03, 
 2DIAGNOSTIC,    15, -4.466217673018e-01, 6.904768044243e-03, 6.8776e-01, 3.8190e-03, 
 2DIAGNOSTIC,    16, -4.513528166468e-01, 6.619270355791e-03, 6.9093e-01, 3.1700e-03, 
 2DIAGNOSTIC,    17, -4.528511003361e-01, 5.844785645011e-03, 6.9453e-01, 3.5939e-03, 
 2DIAGNOSTIC,    18, -4.555717392102e-01, 4.777374809323e-03, 6.9927e-01, 4.7400e-03, 
 2DIAGNOSTIC,    19, -4.559551122311e-01, 3.601534635991e-03, 7.0242e-01, 3.1509e-03, 
 2DIAGNOSTIC,    20, -4.573565788016e-01, 2.586714296123e-03, 7.0714e-01, 4.7228e-03, 
 2DIAGNOSTIC,    21, -4.575247151201e-01, 1.982967086117e-03, 7.1034e-01, 3.1939e-03, 
 2DIAGNOSTIC,    22, -4.577282009101e-01, 1.415631913723e-03, 7.1388e-01, 3.5400e-03, 
 2DIAGNOSTIC,    23, -4.579446897646e-01, 8.825788002311e-04, 7.1710e-01, 3.2229e-03, 
 2DIAGNOSTIC,    24, -4.580222698255e-01, 6.077349384009e-04, 7.2027e-01, 3.1741e-03, 
 2DIAGNOSTIC,    25, -4.581756991502e-01, 3.715380692329e-04, 7.2397e-01, 3.7000e-03, 
 2DIAGNOSTIC,    26, -4.586249612757e-01, 2.524169049679e-04, 7.2711e-01, 3.1362e-03, 
 2DIAGNOSTIC,    27, -4.589299381510e-01, 1.618879458004e-04, 7.3196e-01, 4.8559e-03, 
 2DIAGNOSTIC,    28, -4.591739032524e-01, 1.333333381981e-04, 7.3529e-01, 3.3231e-03, 
 2DIAGNOSTIC,    29, -4.592823306311e-01, 1.048688511246e-04, 7.3883e-01, 3.5450e-03, 
 2DIAGNOSTIC,    30, -4.597222488516e-01, 1.091183210862e-04, 7.4317e-01, 4.3399e-03, 
 2DIAGNOSTIC,    31, -4.598060204096e-01, 1.078247904189e-04, 7.4631e-01, 3.1359e-03, 
 2DIAGNOSTIC,    32, -4.606651742005e-01, 1.181884342081e-04, 7.4985e-01, 3.5431e-03, 
 2DIAGNOSTIC,    33, -4.610322848474e-01, 1.280761471500e-04, 7.5303e-01, 3.1819e-03, 
 2DIAGNOSTIC,    34, -4.611732373502e-01, 1.295614235665e-04, 7.5620e-01, 3.1679e-03, 
 2DIAGNOSTIC,    35, -4.615348003270e-01, 1.283795953624e-04, 7.5936e-01, 3.1550e-03, 
 2DIAGNOSTIC,    36, -4.621700164512e-01, 1.345555166931e-04, 7.6403e-01, 4.6740e-03, 
 2DIAGNOSTIC,    37, -4.629375617011e-01, 1.460680189316e-04, 7.6720e-01, 3.1681e-03, 
 2DIAGNOSTIC,    38, -4.632888177428e-01, 1.530517337860e-04, 7.7038e-01, 3.1831e-03, 
 2DIAGNOSTIC,    39, -4.639359647453e-01, 1.578454745346e-04, 7.7364e-01, 3.2589e-03, 
 2DIAGNOSTIC,    40, -4.659278256916e-01, 1.868256649845e-04, 7.7744e-01, 3.7990e-03, 
 2DIAGNOSTIC,    41, -4.816438711430e-01, 4.440831961677e-04, 7.8119e-01, 3.7520e-03, 
 2DIAGNOSTIC,    42, -4.852236422508e-01, 7.070332541481e-04, 7.8580e-01, 4.6070e-03, 
 2DIAGNOSTIC,    43, -4.898146534170e-01, 9.649013295906e-04, 7.8899e-01, 3.1891e-03, 
 2DIAGNOSTIC,    44, -4.955519152399e-01, 1.205470730222e-03, 7.9219e-01, 3.1981e-03, 
 2DIAGNOSTIC,    45, -5.094749430706e-01, 1.518928955293e-03, 7.9546e-01, 3.2752e-03, 
 2DIAGNOSTIC,    46, -5.194212025671e-01, 1.810029249266e-03, 8.0073e-01, 5.2669e-03, 
 2DIAGNOSTIC,    47, -5.221206652599e-01, 1.958945043835e-03, 8.0384e-01, 3.1111e-03, 
 2DIAGNOSTIC,    48, -5.226643208333e-01, 1.930999204180e-03, 8.0693e-01, 3.0951e-03, 
 2DIAGNOSTIC,    49, -5.227511950240e-01, 1.732074579467e-03, 8.1004e-01, 3.1080e-03, 
 2DIAGNOSTIC,    50, -5.231031867845e-01, 1.399047940373e-03, 8.1430e-01, 4.2601e-03, 
 2DIAGNOSTIC,    51, -5.232826671832e-01, 1.140210770933e-03, 8.1740e-01, 3.1030e-03, 
 2DIAGNOSTIC,    52, -5.233099198659e-01, 8.280712457302e-04, 8.2092e-01, 3.5119e-03, 
 2DIAGNOSTIC,    53, -5.233314114711e-01, 5.062116219575e-04, 8.2407e-01, 3.1528e-03, 
 2DIAGNOSTIC,    54, -5.232710864010e-01, 2.120980937126e-04, 8.2715e-01, 3.0758e-03, 
 2DIAGNOSTIC,    55, -5.232176485949e-01, 6.324678934240e-05, 8.3101e-01, 3.8650e-03, 
 2DIAGNOSTIC,    56, -5.232304657357e-01, 2.346514753453e-05, 8.3453e-01, 3.5169e-03, 
 2DIAGNOSTIC,    57, -5.232346428322e-01, 1.217085827443e-05, 8.3759e-01, 3.0661e-03, 
 2DIAGNOSTIC,    58, -5.232498883110e-01, 6.171822943553e-06, 8.4106e-01, 3.4711e-03, 
DIAGNOSTIC,Iteration,metricValue,convergenceValue,ITERATION_TIME_INDEX,SINCE_LAST
 2DIAGNOSTIC,     1, -4.144820973899e-01, 1.797693134862e+308, 1.5152e+00, 6.7412e-01, 
 2DIAGNOSTIC,     2, -4.149012739766e-01, 1.797693134862e+308, 1.5403e+00, 2.5162e-02, 
 2DIAGNOSTIC,     3, -4.155173469995e-01, 1.797693134862e+308, 1.5606e+00, 2.0294e-02, 
 2DIAGNOSTIC,     4, -4.159765786772e-01, 1.797693134862e+308, 1.5834e+00, 2.2752e-02, 
 2DIAGNOSTIC,     5, -4.161569973749e-01, 1.797693134862e+308, 1.6040e+00, 2.0651e-02, 
 2DIAGNOSTIC,     6, -4.163803851966e-01, 1.797693134862e+308, 1.6261e+00, 2.2028e-02, 
 2DIAGNOSTIC,     7, -4.167094915235e-01, 1.797693134862e+308, 1.6462e+00, 2.0098e-02, 
 2DIAGNOSTIC,     8, -4.182120177033e-01, 1.797693134862e+308, 1.6693e+00, 2.3163e-02, 
 2DIAGNOSTIC,     9, -4.187357580205e-01, 1.797693134862e+308, 1.6945e+00, 2.5208e-02, 
 2DIAGNOSTIC,    10, -4.189899388857e-01, 6.941705521706e-04, 1.7174e+00, 2.2811e-02, 
 2DIAGNOSTIC,    11, -4.195629575023e-01, 6.627346957460e-04, 1.7404e+00, 2.3084e-02, 
 2DIAGNOSTIC,    12, -4.196828297079e-01, 6.065541085535e-04, 1.7642e+00, 2.3798e-02, 
 2DIAGNOSTIC,    13, -4.200151097365e-01, 5.527329898221e-04, 1.7847e+00, 2.0477e-02, 
 2DIAGNOSTIC,    14, -4.202542914396e-01, 4.900784889312e-04, 1.8081e+00, 2.3391e-02, 
 2DIAGNOSTIC,    15, -4.205299120111e-01, 4.125610678428e-04, 1.8344e+00, 2.6294e-02, 
 2DIAGNOSTIC,    16, -4.211098675248e-01, 3.415665835343e-04, 1.8750e+00, 4.0627e-02, 
 2DIAGNOSTIC,    17, -4.211338329489e-01, 2.599563634550e-04, 1.9005e+00, 2.5503e-02, 
 2DIAGNOSTIC,    18, -4.211375973369e-01, 2.205468509240e-04, 1.9235e+00, 2.2989e-02, 
 2DIAGNOSTIC,    19, -4.211196689936e-01, 1.833032877059e-04, 1.9437e+00, 2.0208e-02, 
 2DIAGNOSTIC,    20, -4.211285035450e-01, 1.413089186754e-04, 1.9638e+00, 2.0043e-02, 
 2DIAGNOSTIC,    21, -4.211595115322e-01, 1.096282077646e-04, 1.9872e+00, 2.3463e-02, 
 2DIAGNOSTIC,    22, -4.211734056045e-01, 7.469904232565e-05, 2.0097e+00, 2.2483e-02, 
 2DIAGNOSTIC,    23, -4.211659448151e-01, 4.572914854731e-05, 2.0352e+00, 2.5478e-02, 
 2DIAGNOSTIC,    24, -4.211649350520e-01, 2.177909161963e-05, 2.0555e+00, 2.0327e-02, 
 2DIAGNOSTIC,    25, -4.211669276351e-01, 4.922690998992e-06, 2.0785e+00, 2.2953e-02, 
 2DIAGNOSTIC,    26, -4.211653304955e-01, 4.063279766195e-06, 2.0990e+00, 2.0521e-02, 
 2DIAGNOSTIC,    27, -4.211739317907e-01, 3.807277640641e-06, 2.1214e+00, 2.2397e-02, 
 2DIAGNOSTIC,    28, -4.211787041311e-01, 3.552350867742e-06, 2.1441e+00, 2.2710e-02, 
 2DIAGNOSTIC,    29, -4.211759537856e-01, 2.611781603754e-06, 2.1670e+00, 2.2924e-02, 
 2DIAGNOSTIC,    30, -4.211735569369e-01, 1.723455465376e-06, 2.1899e+00, 2.2841e-02, 
 2DIAGNOSTIC,    31, -4.211771957429e-01, 1.578662568370e-06, 2.2130e+00, 2.3107e-02, 
 2DIAGNOSTIC,    32, -4.211677804971e-01, 1.483685857027e-06, 2.2333e+00, 2.0304e-02, 
 2DIAGNOSTIC,    33, -4.211739802465e-01, 1.326598540644e-06, 2.2563e+00, 2.3007e-02, 
DIAGNOSTIC,Iteration,metricValue,convergenceValue,ITERATION_TIME_INDEX,SINCE_LAST
 2DIAGNOSTIC,     1, -3.604925458328e-01, 1.797693134862e+308, 3.1879e+00, 9.3160e-01, 
 2DIAGNOSTIC,     2, -3.607222697072e-01, 1.797693134862e+308, 3.3450e+00, 1.5708e-01, 
 2DIAGNOSTIC,     3, -3.609482238793e-01, 1.797693134862e+308, 3.5092e+00, 1.6426e-01, 
 2DIAGNOSTIC,     4, -3.611698884598e-01, 1.797693134862e+308, 3.6666e+00, 1.5735e-01, 
 2DIAGNOSTIC,     5, -3.612798416581e-01, 1.797693134862e+308, 3.8270e+00, 1.6045e-01, 
 2DIAGNOSTIC,     6, -3.615466093094e-01, 1.797693134862e+308, 3.9870e+00, 1.6000e-01, 
 2DIAGNOSTIC,     7, -3.616552699141e-01, 1.797693134862e+308, 4.2581e+00, 2.7106e-01, 
 2DIAGNOSTIC,     8, -3.616682757974e-01, 1.797693134862e+308, 4.4400e+00, 1.8193e-01, 
 2DIAGNOSTIC,     9, -3.616622167338e-01, 1.797693134862e+308, 4.7076e+00, 2.6763e-01, 
 2DIAGNOSTIC,    10, -3.616615265720e-01, 2.208045026698e-04, 5.0019e+00, 2.9424e-01, 
 2DIAGNOSTIC,    11, -3.616618577379e-01, 1.536110396117e-04, 5.2271e+00, 2.2520e-01, 
 2DIAGNOSTIC,    12, -3.616606355441e-01, 9.876195981445e-05, 5.4103e+00, 1.8317e-01, 
 2DIAGNOSTIC,    13, -3.616607160969e-01, 5.727957411326e-05, 5.5917e+00, 1.8148e-01, 
 2DIAGNOSTIC,    14, -3.616595275717e-01, 2.923846858327e-05, 5.7526e+00, 1.6084e-01, 
 2DIAGNOSTIC,    15, -3.616590666095e-01, 7.898729949579e-06, 5.9204e+00, 1.6786e-01, 
 2DIAGNOSTIC,    16, -3.616593823652e-01, 1.674844755703e-06, 6.0807e+00, 1.6026e-01, 
 2DIAGNOSTIC,    17, -3.616592520262e-01, 1.210817100444e-06, 6.2630e+00, 1.8228e-01, 
 2DIAGNOSTIC,    18, -3.616584502387e-01, 1.400411001606e-06, 6.4453e+00, 1.8228e-01, 
 2DIAGNOSTIC,    19, -3.616581153831e-01, 1.341665303405e-06, 6.5978e+00, 1.5258e-01, 
 2DIAGNOSTIC,    20, -3.616573438300e-01, 1.261766544726e-06, 6.7703e+00, 1.7247e-01, 
 2DIAGNOSTIC,    21, -3.616572434705e-01, 1.229515116885e-06, 6.9533e+00, 1.8297e-01, 
 2DIAGNOSTIC,    22, -3.616558407203e-01, 1.131948612815e-06, 7.0998e+00, 1.4650e-01, 
 2DIAGNOSTIC,    23, -3.616561233803e-01, 1.087296095090e-06, 7.2611e+00, 1.6136e-01, 
 2DIAGNOSTIC,    24, -3.616567087718e-01, 1.054383705172e-06, 7.4180e+00, 1.5688e-01, 
 2DIAGNOSTIC,    25, -3.616557731695e-01, 1.004268900186e-06, 7.5682e+00, 1.5014e-01, 
DIAGNOSTIC,Iteration,metricValue,convergenceValue,ITERATION_TIME_INDEX,SINCE_LAST
 2DIAGNOSTIC,     1, -3.315991777319e-01, 1.797693134862e+308, 9.4258e+00, 1.8576e+00, 
 2DIAGNOSTIC,     2, -3.317075076807e-01, 1.797693134862e+308, 1.0385e+01, 9.5963e-01, 
 2DIAGNOSTIC,     3, -3.318078576082e-01, 1.797693134862e+308, 1.1353e+01, 9.6805e-01, 
 2DIAGNOSTIC,     4, -3.321334796164e-01, 1.797693134862e+308, 1.2443e+01, 1.0891e+00, 
 2DIAGNOSTIC,     5, -3.325443306369e-01, 1.797693134862e+308, 1.3590e+01, 1.1474e+00, 
 2DIAGNOSTIC,     6, -3.326807285377e-01, 1.797693134862e+308, 1.4661e+01, 1.0712e+00, 
 2DIAGNOSTIC,     7, -3.326805035091e-01, 1.797693134862e+308, 1.6232e+01, 1.5704e+00, 
 2DIAGNOSTIC,     8, -3.326809247180e-01, 1.797693134862e+308, 1.7196e+01, 9.6417e-01, 
 2DIAGNOSTIC,     9, -3.327248774645e-01, 1.797693134862e+308, 1.8260e+01, 1.0644e+00, 
 2DIAGNOSTIC,    10, -3.327450497889e-01, 2.533770514671e-04, 1.9407e+01, 1.1473e+00, 
 2DIAGNOSTIC,    11, -3.327463098092e-01, 1.845266067870e-04, 2.0835e+01, 1.4278e+00, 
 2DIAGNOSTIC,    12, -3.327464451312e-01, 1.191888940375e-04, 2.2019e+01, 1.1833e+00, 
 2DIAGNOSTIC,    13, -3.327464798770e-01, 5.986246342501e-05, 2.3377e+01, 1.3584e+00, 
 2DIAGNOSTIC,    14, -3.327465489669e-01, 2.302444492285e-05, 2.4569e+01, 1.1917e+00, 
 2DIAGNOSTIC,    15, -3.327463771811e-01, 1.236080033362e-05, 2.5562e+01, 9.9360e-01, 
 2DIAGNOSTIC,    16, -3.327462299161e-01, 9.405584250152e-06, 2.6756e+01, 1.1937e+00, 
 2DIAGNOSTIC,    17, -3.327463238776e-01, 6.151407580396e-06, 2.7728e+01, 9.7158e-01, 
 2DIAGNOSTIC,    18, -3.327463527434e-01, 2.837417782703e-06, 2.8795e+01, 1.0673e+00, 
 2DIAGNOSTIC,    19, -3.327463108593e-01, 1.723368181702e-06, 2.9865e+01, 1.0700e+00, 
 2DIAGNOSTIC,    20, -3.327461477362e-01, 1.570208279435e-06, 3.0934e+01, 1.0690e+00, 
 2DIAGNOSTIC,    21, -3.327460373915e-01, 1.480621570030e-06, 3.2127e+01, 1.1931e+00, 
 2DIAGNOSTIC,    22, -3.327461353892e-01, 1.411378841999e-06, 3.3110e+01, 9.8331e-01, 
 2DIAGNOSTIC,    23, -3.327460422066e-01, 1.348779005463e-06, 3.4223e+01, 1.1124e+00, 
 2DIAGNOSTIC,    24, -3.327463037696e-01, 1.306736600544e-06, 3.5301e+01, 1.0785e+00, 
 2DIAGNOSTIC,    25, -3.327462358310e-01, 1.261756950040e-06, 3.6278e+01, 9.7725e-01, 
 2DIAGNOSTIC,    26, -3.327462457486e-01, 1.216872297552e-06, 3.7511e+01, 1.2324e+00, 
 2DIAGNOSTIC,    27, -3.327460708822e-01, 1.173375018572e-06, 3.8703e+01, 1.1919e+00, 
 2DIAGNOSTIC,    28, -3.327459452745e-01, 1.130585985137e-06, 3.9799e+01, 1.0968e+00, 
 2DIAGNOSTIC,    29, -3.327459591149e-01, 1.090570673642e-06, 4.0770e+01, 9.7016e-01, 
 2DIAGNOSTIC,    30, -3.327458363490e-01, 1.045672368929e-06, 4.1835e+01, 1.0654e+00, 
 2DIAGNOSTIC,    31, -3.327458473342e-01, 1.002437103798e-06, 4.2897e+01, 1.0621e+00, 
  Elapsed time (stage 0): 4.3455e+01


Total elapsed time: 4.3457e+01
Info [verificarlo]: loaded backend libinterflop_vprec.so
Info [interflop-vprec]: load backend with: 
Info [interflop-vprec]: precision-binary32 = 8
Info [interflop-vprec]: range-binary32 = 7
Info [interflop-vprec]: precision-binary64 = 8
Info [interflop-vprec]: range-binary64 = 7
Info [interflop-vprec]: mode = ob
Info [interflop-vprec]: error-mode = rel
Info [interflop-vprec]: max-abs-error-exponent = -1022
Info [interflop-vprec]: daz = false
Info [interflop-vprec]: ftz = false
Info [interflop-vprec]: 	instrument = none
Info [interflop-vprec]: 	prec-input-file = (null)
Info [interflop-vprec]: 	prec-output-file = (null)
Info [interflop-vprec]: 	prec-log-file = (null)
All_Command_lines_OK
Using double precision for computations.
=============================================================================
The composite transform comprises the following transforms (in order): 
  1. /home/mdugre/scratch/mri-registration-rp/datasets/ds004513/derivatives/mri-registration-rp/0011/antsRegistration-r7-p8/sub-s020/rigid_Composite.h5[0] (type = Euler3DTransform)
  2. /home/mdugre/scratch/mri-registration-rp/datasets/ds004513/derivatives/mri-registration-rp/0011/antsRegistration-r7-p8/sub-s020/rigid_Composite.h5[1] (type = Euler3DTransform)
  3. /home/mdugre/scratch/mri-registration-rp/datasets/ds004513/derivatives/mri-registration-rp/0011/antsRegistration-r7-p8/sub-s020/rigid_Composite.h5[2] (type = Euler3DTransform)
=============================================================================
  number of levels = 4
  fixed image: /templateflow/tpl-MNI152NLin2009cAsym/tpl-MNI152NLin2009cAsym_res-01_desc-brain_T1w.nii.gz
  moving image: /home/mdugre/scratch/mri-registration-rp/datasets/ds004513/derivatives/mri-registration-rp/antsBrainExtraction/sub-s020/BrainExtractionBrain.nii.gz
Dimension = 3
Number of stages = 1
Use histogram matching = false
Winsorize image intensities = true
  Lower quantile = 0.005
  Upper quantile = 0.995


Stage 1 State
   Image metric = MattesMI
     Fixed image = Image (0x40881e0)
  RTTI typeinfo:   itk::Image<double, 3u>
  Reference Count: 2
  Modified Time: 1592
  Debug: Off
  Object Name: 
  Observers: 
    none
  Source: (none)
  Source output name: (none)
  Release Data: Off
  Data Released: False
  Global Release Data: Off
  PipelineMTime: 0
  UpdateMTime: 1203
  RealTimeStamp: 0 seconds 
  LargestPossibleRegion: 
    Dimension: 3
    Index: [0, 0, 0]
    Size: [193, 229, 193]
  BufferedRegion: 
    Dimension: 3
    Index: [0, 0, 0]
    Size: [193, 229, 193]
  RequestedRegion: 
    Dimension: 3
    Index: [0, 0, 0]
    Size: [193, 229, 193]
  Spacing: [1, 1, 1]
  Origin: [96, 132, -78]
  Direction: 
-1 0 0
0 -1 0
0 0 1

  IndexToPointMatrix: 
-1 0 0
0 -1 0
0 0 1

  PointToIndexMatrix: 
-1 0 0
0 -1 0
0 0 1

  Inverse Direction: 
-1 0 0
0 -1 0
0 0 1

  PixelContainer: 
    ImportImageContainer (0x4155890)
      RTTI typeinfo:   itk::ImportImageContainer<unsigned long, double>
      Reference Count: 1
      Modified Time: 1200
      Debug: Off
      Object Name: 
      Observers: 
        none
      Pointer: 0x14b7efb08010
      Container manages memory: true
      Size: 8530021
      Capacity: 8530021

     Moving image = Image (0x4154e40)
  RTTI typeinfo:   itk::Image<double, 3u>
  Reference Count: 2
  Modified Time: 1593
  Debug: Off
  Object Name: 
  Observers: 
    none
  Source: (none)
  Source output name: (none)
  Release Data: Off
  Data Released: False
  Global Release Data: Off
  PipelineMTime: 0
  UpdateMTime: 1590
  RealTimeStamp: 0 seconds 
  LargestPossibleRegion: 
    Dimension: 3
    Index: [0, 0, 0]
    Size: [160, 240, 256]
  BufferedRegion: 
    Dimension: 3
    Index: [0, 0, 0]
    Size: [160, 240, 256]
  RequestedRegion: 
    Dimension: 3
    Index: [0, 0, 0]
    Size: [160, 240, 256]
  Spacing: [1, 1, 1]
  Origin: [87, 98.75, -152.5]
  Direction: 
-0.996094 0.0261841 -0.0732422
-0.026062 -1 -0.00191498
-0.0732422 0 0.996094

  IndexToPointMatrix: 
-0.996094 0.0261841 -0.0732422
-0.026062 -1 -0.00191498
-0.0732422 0 0.996094

  PointToIndexMatrix: 
-1.00391 -0.0263062 -0.0737305
0.0262451 -1 3.8147e-06
-0.0737305 -0.00193024 1

  Inverse Direction: 
-1.00391 -0.0263062 -0.0737305
0.0262451 -1 3.8147e-06
-0.0737305 -0.00193024 1

  PixelContainer: 
    ImportImageContainer (0x41f5a50)
      RTTI typeinfo:   itk::ImportImageContainer<unsigned long, double>
      Reference Count: 1
      Modified Time: 1587
      Debug: Off
      Object Name: 
      Observers: 
        none
      Pointer: 0x14b7eb007010
      Container manages memory: true
      Size: 9830400
      Capacity: 9830400

     Weighting = 1
     Sampling strategy = regular
     Number of bins = 32
     Radius = 4
     Sampling percentage  = 0.25
   Transform = Affine
     Gradient step = 0.1
     Update field sigma (voxel space) = 0
     Total field sigma (voxel space) = 0
     Update field time sigma = 0
     Total field time sigma  = 0
     Number of time indices = 0
     Number of time point samples = 0
Registration using 1 total stages.

Stage 0
  iterations = 1000x500x250x100
  convergence threshold = 1e-06
  convergence window size = 10
  number of levels = 4
  using the Mattes MI metric (number of bins = 32, weight = 1, use gradient filter = 0)
  preprocessing:  winsorizing the image intensities
  Shrink factors (level 1 out of 4): [8, 8, 8]
  Shrink factors (level 2 out of 4): [4, 4, 4]
  Shrink factors (level 3 out of 4): [2, 2, 2]
  Shrink factors (level 4 out of 4): [1, 1, 1]
  smoothing sigmas per level: [3, 2, 1, 0]
  regular sampling (percentage = 0.25)

*** Running AffineTransform registration ***

DIAGNOSTIC,Iteration,metricValue,convergenceValue,ITERATION_TIME_INDEX,SINCE_LAST
 2DIAGNOSTIC,     1, -5.480801032902e-01, 1.797693134862e+308, 0.0000e+00, 0.0000e+00, 
 2DIAGNOSTIC,     2, -5.481511146761e-01, 1.797693134862e+308, 0.0000e+00, 0.0000e+00, 
 2DIAGNOSTIC,     3, -5.481660037149e-01, 1.797693134862e+308, 0.0000e+00, 0.0000e+00, 
 2DIAGNOSTIC,     4, -5.488126147958e-01, 1.797693134862e+308, 0.0000e+00, 0.0000e+00, 
 2DIAGNOSTIC,     5, -5.506638810670e-01, 1.797693134862e+308, 0.0000e+00, 0.0000e+00, 
 2DIAGNOSTIC,     6, -5.527944847539e-01, 1.797693134862e+308, 0.0000e+00, 0.0000e+00, 
 2DIAGNOSTIC,     7, -5.566890425300e-01, 1.797693134862e+308, 0.0000e+00, 0.0000e+00, 
 2DIAGNOSTIC,     8, -5.610254660715e-01, 1.797693134862e+308, 0.0000e+00, 0.0000e+00, 
 2DIAGNOSTIC,     9, -5.669275805243e-01, 1.797693134862e+308, 0.0000e+00, 0.0000e+00, 
 2DIAGNOSTIC,    10, -5.766420866740e-01, 2.968957647521e-03, 0.0000e+00, 0.0000e+00, 
 2DIAGNOSTIC,    11, -5.986757695260e-01, 4.323802437554e-03, 0.0000e+00, 0.0000e+00, 
 2DIAGNOSTIC,    12, -6.429808682256e-01, 6.856763973040e-03, 0.0000e+00, 0.0000e+00, 
 2DIAGNOSTIC,    13, -6.837244151318e-01, 9.807837537534e-03, 0.0000e+00, 0.0000e+00, 
 2DIAGNOSTIC,    14, -7.274703474893e-01, 1.284883307447e-02, 0.0000e+00, 0.0000e+00, 
 2DIAGNOSTIC,    15, -7.882250428405e-01, 1.611440425654e-02, 0.0000e+00, 0.0000e+00, 
 2DIAGNOSTIC,    16, -8.608756089288e-01, 1.940185088536e-02, 0.0000e+00, 0.0000e+00, 
 2DIAGNOSTIC,    17, -8.592135471475e-01, 2.043825379451e-02, 0.0000e+00, 0.0000e+00, 
 2DIAGNOSTIC,    18, -8.594493833089e-01, 1.961123291496e-02, 0.0000e+00, 0.0000e+00, 
 2DIAGNOSTIC,    19, -8.601782316356e-01, 1.728043184688e-02, 0.0000e+00, 0.0000e+00, 
 2DIAGNOSTIC,    20, -8.615607854023e-01, 1.388632351704e-02, 0.0000e+00, 0.0000e+00, 
 2DIAGNOSTIC,    21, -8.619247484230e-01, 1.004981479092e-02, 0.0000e+00, 0.0000e+00, 
 2DIAGNOSTIC,    22, -8.627061847263e-01, 6.580942008517e-03, 0.0000e+00, 0.0000e+00, 
 2DIAGNOSTIC,    23, -8.640052833662e-01, 3.643938121939e-03, 0.0000e+00, 0.0000e+00, 
 2DIAGNOSTIC,    24, -8.640269474446e-01, 1.398632019431e-03, 0.0000e+00, 0.0000e+00, 
 2DIAGNOSTIC,    25, -8.641040374479e-01, 1.916368199216e-04, 0.0000e+00, 0.0000e+00, 
 2DIAGNOSTIC,    26, -8.642488177746e-01, 2.011692636346e-04, 0.0000e+00, 0.0000e+00, 
 2DIAGNOSTIC,    27, -8.642487686760e-01, 1.666430726509e-04, 0.0000e+00, 0.0000e+00, 
 2DIAGNOSTIC,    28, -8.641653460350e-01, 1.213483074929e-04, 0.0000e+00, 0.0000e+00, 
 2DIAGNOSTIC,    29, -8.640152305861e-01, 7.586401310715e-05, 0.0000e+00, 0.0000e+00, 
 2DIAGNOSTIC,    30, -8.640707278040e-01, 4.575719953521e-05, 0.0000e+00, 0.0000e+00, 
 2DIAGNOSTIC,    31, -8.639734868551e-01, 1.677760794747e-05, 0.0000e+00, 0.0000e+00, 
DIAGNOSTIC,Iteration,metricValue,convergenceValue,ITERATION_TIME_INDEX,SINCE_LAST
 2DIAGNOSTIC,     1, -6.978541414096e-01, 1.797693134862e+308, 0.0000e+00, 0.0000e+00, 
 2DIAGNOSTIC,     2, -6.980706381715e-01, 1.797693134862e+308, 0.0000e+00, 0.0000e+00, 
 2DIAGNOSTIC,     3, -6.980562002331e-01, 1.797693134862e+308, 0.0000e+00, 0.0000e+00, 
 2DIAGNOSTIC,     4, -6.980342965979e-01, 1.797693134862e+308, 0.0000e+00, 0.0000e+00, 
 2DIAGNOSTIC,     5, -6.980110966164e-01, 1.797693134862e+308, 0.0000e+00, 0.0000e+00, 
 2DIAGNOSTIC,     6, -6.979929995611e-01, 1.797693134862e+308, 0.0000e+00, 0.0000e+00, 
 2DIAGNOSTIC,     7, -6.979952107886e-01, 1.797693134862e+308, 0.0000e+00, 0.0000e+00, 
 2DIAGNOSTIC,     8, -6.979952107886e-01, 1.797693134862e+308, 0.0000e+00, 0.0000e+00, 
 2DIAGNOSTIC,     9, -6.979952107886e-01, 1.797693134862e+308, 0.0000e+00, 0.0000e+00, 
DIAGNOSTIC,Iteration,metricValue,convergenceValue,ITERATION_TIME_INDEX,SINCE_LAST
 2DIAGNOSTIC,     1, -5.775443895733e-01, 1.797693134862e+308, 0.0000e+00, 0.0000e+00, 
 2DIAGNOSTIC,     2, -5.775354129869e-01, 1.797693134862e+308, 0.0000e+00, 0.0000e+00, 
 2DIAGNOSTIC,     3, -5.775738054819e-01, 1.797693134862e+308, 0.0000e+00, 0.0000e+00, 
 2DIAGNOSTIC,     4, -5.775677058477e-01, 1.797693134862e+308, 0.0000e+00, 0.0000e+00, 
 2DIAGNOSTIC,     5, -5.775689469588e-01, 1.797693134862e+308, 0.0000e+00, 0.0000e+00, 
 2DIAGNOSTIC,     6, -5.775884536470e-01, 1.797693134862e+308, 0.0000e+00, 0.0000e+00, 
 2DIAGNOSTIC,     7, -5.775991651079e-01, 1.797693134862e+308, 0.0000e+00, 0.0000e+00, 
 2DIAGNOSTIC,     8, -5.775928646069e-01, 1.797693134862e+308, 0.0000e+00, 0.0000e+00, 
 2DIAGNOSTIC,     9, -5.775907400710e-01, 1.797693134862e+308, 0.0000e+00, 0.0000e+00, 
 2DIAGNOSTIC,    10, -5.775932628887e-01, 6.325857455275e-06, 0.0000e+00, 0.0000e+00, 
 2DIAGNOSTIC,    11, -5.775904583167e-01, 4.527382720415e-06, 0.0000e+00, 0.0000e+00, 
 2DIAGNOSTIC,    12, -5.775928454066e-01, 2.298756659858e-06, 0.0000e+00, 0.0000e+00, 
 2DIAGNOSTIC,    13, -5.775902216428e-01, 1.579587450423e-06, 0.0000e+00, 0.0000e+00, 
DIAGNOSTIC,Iteration,metricValue,convergenceValue,ITERATION_TIME_INDEX,SINCE_LAST
 2DIAGNOSTIC,     1, -5.092498137265e-01, 1.797693134862e+308, 0.0000e+00, 0.0000e+00, 
 2DIAGNOSTIC,     2, -5.092867138345e-01, 1.797693134862e+308, 0.0000e+00, 0.0000e+00, 
 2DIAGNOSTIC,     3, -5.093039657205e-01, 1.797693134862e+308, 0.0000e+00, 0.0000e+00, 
 2DIAGNOSTIC,     4, -5.093002177228e-01, 1.797693134862e+308, 0.0000e+00, 0.0000e+00, 
 2DIAGNOSTIC,     5, -5.093585346115e-01, 1.797693134862e+308, 0.0000e+00, 0.0000e+00, 
 2DIAGNOSTIC,     6, -5.111502508674e-01, 1.797693134862e+308, 0.0000e+00, 0.0000e+00, 
 2DIAGNOSTIC,     7, -5.138587860152e-01, 1.797693134862e+308, 0.0000e+00, 0.0000e+00, 
 2DIAGNOSTIC,     8, -5.154174609788e-01, 1.797693134862e+308, 0.0000e+00, 0.0000e+00, 
 2DIAGNOSTIC,     9, -5.179670449560e-01, 1.797693134862e+308, 0.0000e+00, 0.0000e+00, 
 2DIAGNOSTIC,    10, -5.210663177152e-01, 1.448858030903e-03, 0.0000e+00, 0.0000e+00, 
 2DIAGNOSTIC,    11, -5.234087838893e-01, 1.699291352501e-03, 0.0000e+00, 0.0000e+00, 
 2DIAGNOSTIC,    12, -5.234718630729e-01, 1.757664929301e-03, 0.0000e+00, 0.0000e+00, 
 2DIAGNOSTIC,    13, -5.235288905348e-01, 1.654079386439e-03, 0.0000e+00, 0.0000e+00, 
 2DIAGNOSTIC,    14, -5.236173592742e-01, 1.420416872221e-03, 0.0000e+00, 0.0000e+00, 
 2DIAGNOSTIC,    15, -5.236452355901e-01, 1.089642625635e-03, 0.0000e+00, 0.0000e+00, 
 2DIAGNOSTIC,    16, -5.233100277632e-01, 7.488024979875e-04, 0.0000e+00, 0.0000e+00, 
 2DIAGNOSTIC,    17, -5.233380639539e-01, 4.693556235613e-04, 0.0000e+00, 0.0000e+00, 
 2DIAGNOSTIC,    18, -5.233535905929e-01, 2.259153926746e-04, 0.0000e+00, 0.0000e+00, 
 2DIAGNOSTIC,    19, -5.233536925689e-01, 5.921976617598e-05, 0.0000e+00, 0.0000e+00, 
  Elapsed time (stage 0): 0.0000e+00


Total elapsed time: 0.0000e+00
Info [verificarlo]: loaded backend libinterflop_vprec.so
Info [interflop-vprec]: load backend with: 
Info [interflop-vprec]: precision-binary32 = 8
Info [interflop-vprec]: range-binary32 = 7
Info [interflop-vprec]: precision-binary64 = 8
Info [interflop-vprec]: range-binary64 = 7
Info [interflop-vprec]: mode = ob
Info [interflop-vprec]: error-mode = rel
Info [interflop-vprec]: max-abs-error-exponent = -1022
Info [interflop-vprec]: daz = false
Info [interflop-vprec]: ftz = false
Info [interflop-vprec]: 	instrument = none
Info [interflop-vprec]: 	prec-input-file = (null)
Info [interflop-vprec]: 	prec-output-file = (null)
Info [interflop-vprec]: 	prec-log-file = (null)
All_Command_lines_OK
Using double precision for computations.
=============================================================================
The composite transform comprises the following transforms (in order): 
  1. /home/mdugre/scratch/mri-registration-rp/datasets/ds004513/derivatives/mri-registration-rp/0011/antsRegistration-r7-p8/sub-s020/affine_Composite.h5[0] (type = Euler3DTransform)
  2. /home/mdugre/scratch/mri-registration-rp/datasets/ds004513/derivatives/mri-registration-rp/0011/antsRegistration-r7-p8/sub-s020/affine_Composite.h5[1] (type = Euler3DTransform)
  3. /home/mdugre/scratch/mri-registration-rp/datasets/ds004513/derivatives/mri-registration-rp/0011/antsRegistration-r7-p8/sub-s020/affine_Composite.h5[2] (type = Euler3DTransform)
  4. /home/mdugre/scratch/mri-registration-rp/datasets/ds004513/derivatives/mri-registration-rp/0011/antsRegistration-r7-p8/sub-s020/affine_Composite.h5[3] (type = AffineTransform)
=============================================================================
  number of levels = 4
  fixed image: /templateflow/tpl-MNI152NLin2009cAsym/tpl-MNI152NLin2009cAsym_res-01_desc-brain_T1w.nii.gz
  moving image: /home/mdugre/scratch/mri-registration-rp/datasets/ds004513/derivatives/mri-registration-rp/antsBrainExtraction/sub-s020/BrainExtractionBrain.nii.gz
Dimension = 3
Number of stages = 1
Use histogram matching = false
Winsorize image intensities = true
  Lower quantile = 0.005
  Upper quantile = 0.995


Stage 1 State
   Image metric = CC
     Fixed image = Image (0x4b6e6f0)
  RTTI typeinfo:   itk::Image<double, 3u>
  Reference Count: 2
  Modified Time: 1606
  Debug: Off
  Object Name: 
  Observers: 
    none
  Source: (none)
  Source output name: (none)
  Release Data: Off
  Data Released: False
  Global Release Data: Off
  PipelineMTime: 0
  UpdateMTime: 1217
  RealTimeStamp: 0 seconds 
  LargestPossibleRegion: 
    Dimension: 3
    Index: [0, 0, 0]
    Size: [193, 229, 193]
  BufferedRegion: 
    Dimension: 3
    Index: [0, 0, 0]
    Size: [193, 229, 193]
  RequestedRegion: 
    Dimension: 3
    Index: [0, 0, 0]
    Size: [193, 229, 193]
  Spacing: [1, 1, 1]
  Origin: [96, 132, -78]
  Direction: 
-1 0 0
0 -1 0
0 0 1

  IndexToPointMatrix: 
-1 0 0
0 -1 0
0 0 1

  PointToIndexMatrix: 
-1 0 0
0 -1 0
0 0 1

  Inverse Direction: 
-1 0 0
0 -1 0
0 0 1

  PixelContainer: 
    ImportImageContainer (0x4c3c8b0)
      RTTI typeinfo:   itk::ImportImageContainer<unsigned long, double>
      Reference Count: 1
      Modified Time: 1214
      Debug: Off
      Object Name: 
      Observers: 
        none
      Pointer: 0x150077e0d010
      Container manages memory: true
      Size: 8530021
      Capacity: 8530021

     Moving image = Image (0x4c2a240)
  RTTI typeinfo:   itk::Image<double, 3u>
  Reference Count: 2
  Modified Time: 1607
  Debug: Off
  Object Name: 
  Observers: 
    none
  Source: (none)
  Source output name: (none)
  Release Data: Off
  Data Released: False
  Global Release Data: Off
  PipelineMTime: 0
  UpdateMTime: 1604
  RealTimeStamp: 0 seconds 
  LargestPossibleRegion: 
    Dimension: 3
    Index: [0, 0, 0]
    Size: [160, 240, 256]
  BufferedRegion: 
    Dimension: 3
    Index: [0, 0, 0]
    Size: [160, 240, 256]
  RequestedRegion: 
    Dimension: 3
    Index: [0, 0, 0]
    Size: [160, 240, 256]
  Spacing: [1, 1, 1]
  Origin: [87, 98.75, -152.5]
  Direction: 
-0.996094 0.0261841 -0.0732422
-0.026062 -1 -0.00191498
-0.0732422 0 0.996094

  IndexToPointMatrix: 
-0.996094 0.0261841 -0.0732422
-0.026062 -1 -0.00191498
-0.0732422 0 0.996094

  PointToIndexMatrix: 
-1.00391 -0.0263062 -0.0737305
0.0262451 -1 3.8147e-06
-0.0737305 -0.00193024 1

  Inverse Direction: 
-1.00391 -0.0263062 -0.0737305
0.0262451 -1 3.8147e-06
-0.0737305 -0.00193024 1

  PixelContainer: 
    ImportImageContainer (0x4c68690)
      RTTI typeinfo:   itk::ImportImageContainer<unsigned long, double>
      Reference Count: 1
      Modified Time: 1601
      Debug: Off
      Object Name: 
      Observers: 
        none
      Pointer: 0x15007330c010
      Container manages memory: true
      Size: 9830400
      Capacity: 9830400

     Weighting = 1
     Sampling strategy = none
     Number of bins = 32
     Radius = 4
     Sampling percentage  = 1
   Transform = SyN
     Gradient step = 0.1
     Update field sigma (voxel space) = 3
     Total field sigma (voxel space) = 0
     Update field time sigma = 0
     Total field time sigma  = 0
     Number of time indices = 0
     Number of time point samples = 0
Registration using 1 total stages.

Stage 0
  iterations = 100x70x50x20
  convergence threshold = 1e-06
  convergence window size = 10
  number of levels = 4
  using the CC metric (radius = 4, weight = 1, use gradient filter = 0)
  preprocessing:  winsorizing the image intensities
  Shrink factors (level 1 out of 4): [8, 8, 8]
  Shrink factors (level 2 out of 4): [4, 4, 4]
  Shrink factors (level 3 out of 4): [2, 2, 2]
  Shrink factors (level 4 out of 4): [1, 1, 1]
  smoothing sigmas per level: [3, 2, 1, 0]
  Using default NONE metricSamplingStrategy 

*** Running SyN registration (varianceForUpdateField = 3, varianceForTotalField = 0) ***

XXDIAGNOSTIC,Iteration,metricValue,convergenceValue,ITERATION_TIME_INDEX,SINCE_LAST
 1DIAGNOSTIC,     1, -9.257812500000e-01, 1.797693134862e+308, 0.0000e+00, 0.0000e+00, 
 1DIAGNOSTIC,     2, -9.335937500000e-01, 1.797693134862e+308, 0.0000e+00, 0.0000e+00, 
 1DIAGNOSTIC,     3, -9.394531250000e-01, 1.797693134862e+308, 0.0000e+00, 0.0000e+00, 
 1DIAGNOSTIC,     4, -9.414062500000e-01, 1.797693134862e+308, 0.0000e+00, 0.0000e+00, 
 1DIAGNOSTIC,     5, -9.433593750000e-01, 1.797693134862e+308, 0.0000e+00, 0.0000e+00, 
 1DIAGNOSTIC,     6, -9.453125000000e-01, 1.797693134862e+308, 0.0000e+00, 0.0000e+00, 
 1DIAGNOSTIC,     7, -9.453125000000e-01, 1.797693134862e+308, 0.0000e+00, 0.0000e+00, 
 1DIAGNOSTIC,     8, -9.472656250000e-01, 1.797693134862e+308, 0.0000e+00, 0.0000e+00, 
 1DIAGNOSTIC,     9, -9.472656250000e-01, 1.797693134862e+308, 0.0000e+00, 0.0000e+00, 
 1DIAGNOSTIC,    10, -9.492187500000e-01, 1.298891745766e-03, 0.0000e+00, 0.0000e+00, 
 1DIAGNOSTIC,    11, -9.492187500000e-01, 8.255732856766e-04, 0.0000e+00, 0.0000e+00, 
 1DIAGNOSTIC,    12, -9.492187500000e-01, 5.513264006426e-04, 0.0000e+00, 0.0000e+00, 
 1DIAGNOSTIC,    13, -9.492187500000e-01, 4.056910061729e-04, 0.0000e+00, 0.0000e+00, 
 1DIAGNOSTIC,    14, -9.492187500000e-01, 2.850910346806e-04, 0.0000e+00, 0.0000e+00, 
 1DIAGNOSTIC,    15, -9.492187500000e-01, 1.927858847637e-04, 0.0000e+00, 0.0000e+00, 
 1DIAGNOSTIC,    16, -9.492187500000e-01, 1.314334802986e-04, 0.0000e+00, 0.0000e+00, 
 1DIAGNOSTIC,    17, -9.492187500000e-01, 6.479804016438e-05, 0.0000e+00, 0.0000e+00, 
 1DIAGNOSTIC,    18, -9.492187500000e-01, 3.266040508918e-05, 0.0000e+00, 0.0000e+00, 
 1DIAGNOSTIC,    19, -9.492187500000e-01, -1.508515534709e-14, 0.0000e+00, 0.0000e+00, 
XXDIAGNOSTIC,Iteration,metricValue,convergenceValue,ITERATION_TIME_INDEX,SINCE_LAST
 1DIAGNOSTIC,     1, -8.554687500000e-01, 1.797693134862e+308, 0.0000e+00, 0.0000e+00, 
 1DIAGNOSTIC,     2, -8.593750000000e-01, 1.797693134862e+308, 0.0000e+00, 0.0000e+00, 
 1DIAGNOSTIC,     3, -8.613281250000e-01, 1.797693134862e+308, 0.0000e+00, 0.0000e+00, 
 1DIAGNOSTIC,     4, -8.652343750000e-01, 1.797693134862e+308, 0.0000e+00, 0.0000e+00, 
 1DIAGNOSTIC,     5, -8.671875000000e-01, 1.797693134862e+308, 0.0000e+00, 0.0000e+00, 
 1DIAGNOSTIC,     6, -8.671875000000e-01, 1.797693134862e+308, 0.0000e+00, 0.0000e+00, 
 1DIAGNOSTIC,     7, -8.671875000000e-01, 1.797693134862e+308, 0.0000e+00, 0.0000e+00, 
 1DIAGNOSTIC,     8, -8.691406250000e-01, 1.797693134862e+308, 0.0000e+00, 0.0000e+00, 
 1DIAGNOSTIC,     9, -8.691406250000e-01, 1.797693134862e+308, 0.0000e+00, 0.0000e+00, 
 1DIAGNOSTIC,    10, -8.691406250000e-01, 9.403269180224e-04, 0.0000e+00, 0.0000e+00, 
 1DIAGNOSTIC,    11, -8.691406250000e-01, 6.048450121990e-04, 0.0000e+00, 0.0000e+00, 
 1DIAGNOSTIC,    12, -8.710937500000e-01, 4.319941988380e-04, 0.0000e+00, 0.0000e+00, 
 1DIAGNOSTIC,    13, -8.710937500000e-01, 2.918063414469e-04, 0.0000e+00, 0.0000e+00, 
 1DIAGNOSTIC,    14, -8.710937500000e-01, 2.358532331488e-04, 0.0000e+00, 0.0000e+00, 
 1DIAGNOSTIC,    15, -8.710937500000e-01, 2.099854665541e-04, 0.0000e+00, 0.0000e+00, 
 1DIAGNOSTIC,    16, -8.710937500000e-01, 1.684073477528e-04, 0.0000e+00, 0.0000e+00, 
 1DIAGNOSTIC,    17, -8.710937500000e-01, 1.145939276645e-04, 0.0000e+00, 0.0000e+00, 
 1DIAGNOSTIC,    18, -8.710937500000e-01, 9.161582567492e-05, 0.0000e+00, 0.0000e+00, 
 1DIAGNOSTIC,    19, -8.710937500000e-01, 6.312474322711e-05, 0.0000e+00, 0.0000e+00, 
 1DIAGNOSTIC,    20, -8.710937500000e-01, 3.200631506958e-05, 0.0000e+00, 0.0000e+00, 
 1DIAGNOSTIC,    21, -8.710937500000e-01, -1.366268209679e-14, 0.0000e+00, 0.0000e+00, 
XXDIAGNOSTIC,Iteration,metricValue,convergenceValue,ITERATION_TIME_INDEX,SINCE_LAST
 1DIAGNOSTIC,     1, -8.359375000000e-01, 1.797693134862e+308, 0.0000e+00, 0.0000e+00, 
 1DIAGNOSTIC,     2, -8.378906250000e-01, 1.797693134862e+308, 0.0000e+00, 0.0000e+00, 
 1DIAGNOSTIC,     3, -8.398437500000e-01, 1.797693134862e+308, 0.0000e+00, 0.0000e+00, 
 1DIAGNOSTIC,     4, -8.417968750000e-01, 1.797693134862e+308, 0.0000e+00, 0.0000e+00, 
 1DIAGNOSTIC,     5, -8.437500000000e-01, 1.797693134862e+308, 0.0000e+00, 0.0000e+00, 
 1DIAGNOSTIC,     6, -8.437500000000e-01, 1.797693134862e+308, 0.0000e+00, 0.0000e+00, 
 1DIAGNOSTIC,     7, -8.457031250000e-01, 1.797693134862e+308, 0.0000e+00, 0.0000e+00, 
 1DIAGNOSTIC,     8, -8.457031250000e-01, 1.797693134862e+308, 0.0000e+00, 0.0000e+00, 
 1DIAGNOSTIC,     9, -8.476562500000e-01, 1.797693134862e+308, 0.0000e+00, 0.0000e+00, 
 1DIAGNOSTIC,    10, -8.476562500000e-01, 8.835029526078e-04, 0.0000e+00, 0.0000e+00, 
 1DIAGNOSTIC,    11, -8.476562500000e-01, 6.725021400712e-04, 0.0000e+00, 0.0000e+00, 
 1DIAGNOSTIC,    12, -8.476562500000e-01, 4.914620985302e-04, 0.0000e+00, 0.0000e+00, 
 1DIAGNOSTIC,    13, -8.496093750000e-01, 3.939131641091e-04, 0.0000e+00, 0.0000e+00, 
 1DIAGNOSTIC,    14, -8.496093750000e-01, 3.189597487233e-04, 0.0000e+00, 0.0000e+00, 
 1DIAGNOSTIC,    15, -8.496093750000e-01, 2.696243508691e-04, 0.0000e+00, 0.0000e+00, 
 1DIAGNOSTIC,    16, -8.496093750000e-01, 2.019184338996e-04, 0.0000e+00, 0.0000e+00, 
 1DIAGNOSTIC,    17, -8.496093750000e-01, 1.625717894332e-04, 0.0000e+00, 0.0000e+00, 
 1DIAGNOSTIC,    18, -8.496093750000e-01, 1.110064349333e-04, 0.0000e+00, 0.0000e+00, 
 1DIAGNOSTIC,    19, -8.515625000000e-01, 1.235762175657e-04, 0.0000e+00, 0.0000e+00, 
 1DIAGNOSTIC,    20, -8.515625000000e-01, 1.229861717951e-04, 0.0000e+00, 0.0000e+00, 
 1DIAGNOSTIC,    21, -8.515625000000e-01, 1.117372303412e-04, 0.0000e+00, 0.0000e+00, 
 1DIAGNOSTIC,    22, -8.515625000000e-01, 9.070917947888e-05, 0.0000e+00, 0.0000e+00, 
 1DIAGNOSTIC,    23, -8.515625000000e-01, 9.142707739854e-05, 0.0000e+00, 0.0000e+00, 
 1DIAGNOSTIC,    24, -8.515625000000e-01, 8.311086972811e-05, 0.0000e+00, 0.0000e+00, 
 1DIAGNOSTIC,    25, -8.515625000000e-01, 6.754196405123e-05, 0.0000e+00, 0.0000e+00, 
 1DIAGNOSTIC,    26, -8.515625000000e-01, 4.723445154458e-05, 0.0000e+00, 0.0000e+00, 
 1DIAGNOSTIC,    27, -8.515625000000e-01, 2.427650864834e-05, 0.0000e+00, 0.0000e+00, 
 1DIAGNOSTIC,    28, -8.515625000000e-01, -1.024874629607e-14, 0.0000e+00, 0.0000e+00, 
XXDIAGNOSTIC,Iteration,metricValue,convergenceValue,ITERATION_TIME_INDEX,SINCE_LAST
 1DIAGNOSTIC,     1, -8.281250000000e-01, 1.797693134862e+308, 0.0000e+00, 0.0000e+00, 
 1DIAGNOSTIC,     2, -8.300781250000e-01, 1.797693134862e+308, 0.0000e+00, 0.0000e+00, 
 1DIAGNOSTIC,     3, -8.300781250000e-01, 1.797693134862e+308, 0.0000e+00, 0.0000e+00, 
 1DIAGNOSTIC,     4, -8.300781250000e-01, 1.797693134862e+308, 0.0000e+00, 0.0000e+00, 
 1DIAGNOSTIC,     5, -8.300781250000e-01, 1.797693134862e+308, 0.0000e+00, 0.0000e+00, 
 1DIAGNOSTIC,     6, -8.300781250000e-01, 1.797693134862e+308, 0.0000e+00, 0.0000e+00, 
 1DIAGNOSTIC,     7, -8.300781250000e-01, 1.797693134862e+308, 0.0000e+00, 0.0000e+00, 
 1DIAGNOSTIC,     8, -8.300781250000e-01, 1.797693134862e+308, 0.0000e+00, 0.0000e+00, 
 1DIAGNOSTIC,     9, -8.320312500000e-01, 1.797693134862e+308, 0.0000e+00, 0.0000e+00, 
 1DIAGNOSTIC,    10, -8.320312500000e-01, 1.922773960938e-04, 0.0000e+00, 0.0000e+00, 
 1DIAGNOSTIC,    11, -8.320312500000e-01, 1.566303489635e-04, 0.0000e+00, 0.0000e+00, 
 1DIAGNOSTIC,    12, -8.320312500000e-01, 1.695442198457e-04, 0.0000e+00, 0.0000e+00, 
 1DIAGNOSTIC,    13, -8.320312500000e-01, 1.649292222782e-04, 0.0000e+00, 0.0000e+00, 
 1DIAGNOSTIC,    14, -8.320312500000e-01, 1.452870115655e-04, 0.0000e+00, 0.0000e+00, 
 1DIAGNOSTIC,    15, -8.320312500000e-01, 1.148033446329e-04, 0.0000e+00, 0.0000e+00, 
 1DIAGNOSTIC,    16, -8.320312500000e-01, 7.828692262803e-05, 0.0000e+00, 0.0000e+00, 
 1DIAGNOSTIC,    17, -8.320312500000e-01, 3.932975644186e-05, 0.0000e+00, 0.0000e+00, 
 1DIAGNOSTIC,    18, -8.339843750000e-01, 3.713735356969e-05, 0.0000e+00, 0.0000e+00, 
 1DIAGNOSTIC,    19, -8.339843750000e-01, 6.589576880531e-05, 0.0000e+00, 0.0000e+00, 
 1DIAGNOSTIC,    20, -8.339843750000e-01, 8.604183017407e-05, 0.0000e+00, 0.0000e+00, 
  Elapsed time (stage 0): 0


Total elapsed time: 0
WARNING: In /tmp/itk/source/Modules/IO/NIFTI/src/itkNiftiImageIO.cxx, line 2303
NiftiImageIO (0x4b6bb10): Non-orthogonal direction matrix coerced to orthogonal

