
##########################
# Experiment information #
##########################

EXPERIMENT_NAME: antsRegistration-r7-p13
VFC_BACKENDS: libinterflop_vprec.so --range-binary32=7 --precision-binary32=13 --range-binary64=7 --precision-binary64=13

SIF_IMG: /home/mdugre/projects/rrg-glatard/mdugre/containers/ants-vprec-no_metrics.simg

SUBJECT_ID: s014
INPUT_IMG: /home/mdugre/scratch/mri-registration-rp/datasets/ds004513/derivatives/mri-registration-rp/antsBrainExtraction/sub-s014/BrainExtractionBrain.nii.gz
OUTPUT_DIR: /home/mdugre/scratch/mri-registration-rp/datasets/ds004513/derivatives/mri-registration-rp/0011/antsRegistration-r7-p13/sub-s014

FIXED_IMG: /templateflow/tpl-MNI152NLin2009cAsym/tpl-MNI152NLin2009cAsym_res-01_desc-brain_T1w.nii.gz
DATA_DIR: /home/mdugre/scratch/mri-registration-rp/datasets/ds004513
TEMPLATEFLOW_DIR: /home/mdugre/projects/rrg-glatard/mdugre/templateflow
ITK_GLOBAL_DEFAULT_NUMBER_OF_THREADS: 16
##########################

Info [verificarlo]: loaded backend libinterflop_ieee.so
Info [interflop-ieee]: load backend with:
Info [interflop-ieee]: debug = false
Info [interflop-ieee]: debug-binary = false
Info [interflop-ieee]: no-backend-name = false
Info [interflop-ieee]: print-new-line = false
Info [interflop-ieee]: print-subnormal-normalized = false
Info [interflop-ieee]: count-op = false
All_Command_lines_OK
Using double precision for computations.
=============================================================================
The composite transform comprises the following transforms (in order): 
  1. Center of mass alignment using fixed image: /templateflow/tpl-MNI152NLin2009cAsym/tpl-MNI152NLin2009cAsym_res-01_desc-brain_T1w.nii.gz and moving image: /home/mdugre/scratch/mri-registration-rp/datasets/ds004513/derivatives/mri-registration-rp/antsBrainExtraction/sub-s014/BrainExtractionBrain.nii.gz (type = Euler3DTransform)
=============================================================================
  number of levels = 1
  fixed image: /templateflow/tpl-MNI152NLin2009cAsym/tpl-MNI152NLin2009cAsym_res-01_desc-brain_T1w.nii.gz
  moving image: /home/mdugre/scratch/mri-registration-rp/datasets/ds004513/derivatives/mri-registration-rp/antsBrainExtraction/sub-s014/BrainExtractionBrain.nii.gz
Dimension = 3
Number of stages = 1
Use histogram matching = false
Winsorize image intensities = true
  Lower quantile = 0.005
  Upper quantile = 0.995


Stage 1 State
   Image metric = MattesMI
     Fixed image = Image (0x4e61e70)
  RTTI typeinfo:   itk::Image<double, 3u>
  Reference Count: 2
  Modified Time: 2334
  Debug: Off
  Object Name: 
  Observers: 
    none
  Source: (none)
  Source output name: (none)
  Release Data: Off
  Data Released: False
  Global Release Data: Off
  PipelineMTime: 0
  UpdateMTime: 1943
  RealTimeStamp: 0 seconds 
  LargestPossibleRegion: 
    Dimension: 3
    Index: [0, 0, 0]
    Size: [193, 229, 193]
  BufferedRegion: 
    Dimension: 3
    Index: [0, 0, 0]
    Size: [193, 229, 193]
  RequestedRegion: 
    Dimension: 3
    Index: [0, 0, 0]
    Size: [193, 229, 193]
  Spacing: [1, 1, 1]
  Origin: [96, 132, -78]
  Direction: 
-1 0 0
0 -1 0
0 0 1

  IndexToPointMatrix: 
-1 0 0
0 -1 0
0 0 1

  PointToIndexMatrix: 
-1 0 0
0 -1 0
0 0 1

  Inverse Direction: 
-1 0 0
0 -1 0
0 0 1

  PixelContainer: 
    ImportImageContainer (0x4e6e140)
      RTTI typeinfo:   itk::ImportImageContainer<unsigned long, double>
      Reference Count: 1
      Modified Time: 1940
      Debug: Off
      Object Name: 
      Observers: 
        none
      Pointer: 0x1493e7521010
      Container manages memory: true
      Size: 8530021
      Capacity: 8530021

     Moving image = Image (0x4e6b310)
  RTTI typeinfo:   itk::Image<double, 3u>
  Reference Count: 2
  Modified Time: 2335
  Debug: Off
  Object Name: 
  Observers: 
    none
  Source: (none)
  Source output name: (none)
  Release Data: Off
  Data Released: False
  Global Release Data: Off
  PipelineMTime: 0
  UpdateMTime: 2332
  RealTimeStamp: 0 seconds 
  LargestPossibleRegion: 
    Dimension: 3
    Index: [0, 0, 0]
    Size: [160, 240, 256]
  BufferedRegion: 
    Dimension: 3
    Index: [0, 0, 0]
    Size: [160, 240, 256]
  RequestedRegion: 
    Dimension: 3
    Index: [0, 0, 0]
    Size: [160, 240, 256]
  Spacing: [0.999999, 1, 1]
  Origin: [84.1637, 106.709, -120.531]
  Direction: 
-0.999619 -0.0226874 -0.0157033
0.0226846 -0.999743 0.00035635
-0.0157073 -7.8229e-09 0.999877

  IndexToPointMatrix: 
-0.999619 -0.0226874 -0.0157033
0.0226845 -0.999743 0.00035635
-0.0157073 -7.8229e-09 0.999877

  PointToIndexMatrix: 
-0.99962 0.0226846 -0.0157073
-0.0226874 -0.999743 -7.83127e-09
-0.0157033 0.00035635 0.999877

  Inverse Direction: 
-0.999619 0.0226846 -0.0157073
-0.0226874 -0.999743 -7.83127e-09
-0.0157033 0.00035635 0.999877

  PixelContainer: 
    ImportImageContainer (0x4f96610)
      RTTI typeinfo:   itk::ImportImageContainer<unsigned long, double>
      Reference Count: 1
      Modified Time: 2329
      Debug: Off
      Object Name: 
      Observers: 
        none
      Pointer: 0x1493e2a20010
      Container manages memory: true
      Size: 9830400
      Capacity: 9830400

     Weighting = 1
     Sampling strategy = regular
     Number of bins = 32
     Radius = 4
     Sampling percentage  = 0.25
   Transform = Rigid
     Gradient step = 0.1
     Update field sigma (voxel space) = 0
     Total field sigma (voxel space) = 0
     Update field time sigma = 0
     Total field time sigma  = 0
     Number of time indices = 0
     Number of time point samples = 0
Registration using 1 total stages.

Stage 0
  iterations = 0
  convergence threshold = 1e-06
  convergence window size = 10
  number of levels = 1
  using the Mattes MI metric (number of bins = 32, weight = 1, use gradient filter = 0)
  preprocessing:  winsorizing the image intensities
  Shrink factors (level 1 out of 1): [1, 1, 1]
  smoothing sigmas per level: [0]
  regular sampling (percentage = 0.25)

*** Running Euler3DTransform registration ***

  Elapsed time (stage 0): 1.12523


Total elapsed time: 1.12738
Info [verificarlo]: loaded backend libinterflop_ieee.so
Info [interflop-ieee]: load backend with:
Info [interflop-ieee]: debug = false
Info [interflop-ieee]: debug-binary = false
Info [interflop-ieee]: no-backend-name = false
Info [interflop-ieee]: print-new-line = false
Info [interflop-ieee]: print-subnormal-normalized = false
Info [interflop-ieee]: count-op = false
All_Command_lines_OK
Using double precision for computations.
=============================================================================
The composite transform comprises the following transforms (in order): 
  1. /home/mdugre/scratch/mri-registration-rp/datasets/ds004513/derivatives/mri-registration-rp/0011/antsRegistration-r7-p13/sub-s014/align_Composite.h5[0] (type = Euler3DTransform)
  2. /home/mdugre/scratch/mri-registration-rp/datasets/ds004513/derivatives/mri-registration-rp/0011/antsRegistration-r7-p13/sub-s014/align_Composite.h5[1] (type = Euler3DTransform)
=============================================================================
  number of levels = 4
  fixed image: /templateflow/tpl-MNI152NLin2009cAsym/tpl-MNI152NLin2009cAsym_res-01_desc-brain_T1w.nii.gz
  moving image: /home/mdugre/scratch/mri-registration-rp/datasets/ds004513/derivatives/mri-registration-rp/antsBrainExtraction/sub-s014/BrainExtractionBrain.nii.gz
Dimension = 3
Number of stages = 1
Use histogram matching = false
Winsorize image intensities = true
  Lower quantile = 0.005
  Upper quantile = 0.995


Stage 1 State
   Image metric = MattesMI
     Fixed image = Image (0x40ad530)
  RTTI typeinfo:   itk::Image<double, 3u>
  Reference Count: 2
  Modified Time: 1580
  Debug: Off
  Object Name: 
  Observers: 
    none
  Source: (none)
  Source output name: (none)
  Release Data: Off
  Data Released: False
  Global Release Data: Off
  PipelineMTime: 0
  UpdateMTime: 1189
  RealTimeStamp: 0 seconds 
  LargestPossibleRegion: 
    Dimension: 3
    Index: [0, 0, 0]
    Size: [193, 229, 193]
  BufferedRegion: 
    Dimension: 3
    Index: [0, 0, 0]
    Size: [193, 229, 193]
  RequestedRegion: 
    Dimension: 3
    Index: [0, 0, 0]
    Size: [193, 229, 193]
  Spacing: [1, 1, 1]
  Origin: [96, 132, -78]
  Direction: 
-1 0 0
0 -1 0
0 0 1

  IndexToPointMatrix: 
-1 0 0
0 -1 0
0 0 1

  PointToIndexMatrix: 
-1 0 0
0 -1 0
0 0 1

  Inverse Direction: 
-1 0 0
0 -1 0
0 0 1

  PixelContainer: 
    ImportImageContainer (0x416bd60)
      RTTI typeinfo:   itk::ImportImageContainer<unsigned long, double>
      Reference Count: 1
      Modified Time: 1186
      Debug: Off
      Object Name: 
      Observers: 
        none
      Pointer: 0x14c559ae7010
      Container manages memory: true
      Size: 8530021
      Capacity: 8530021

     Moving image = Image (0x415df60)
  RTTI typeinfo:   itk::Image<double, 3u>
  Reference Count: 2
  Modified Time: 1581
  Debug: Off
  Object Name: 
  Observers: 
    none
  Source: (none)
  Source output name: (none)
  Release Data: Off
  Data Released: False
  Global Release Data: Off
  PipelineMTime: 0
  UpdateMTime: 1578
  RealTimeStamp: 0 seconds 
  LargestPossibleRegion: 
    Dimension: 3
    Index: [0, 0, 0]
    Size: [160, 240, 256]
  BufferedRegion: 
    Dimension: 3
    Index: [0, 0, 0]
    Size: [160, 240, 256]
  RequestedRegion: 
    Dimension: 3
    Index: [0, 0, 0]
    Size: [160, 240, 256]
  Spacing: [0.999999, 1, 1]
  Origin: [84.1637, 106.709, -120.531]
  Direction: 
-0.999619 -0.0226874 -0.0157033
0.0226846 -0.999743 0.00035635
-0.0157073 -7.8229e-09 0.999877

  IndexToPointMatrix: 
-0.999619 -0.0226874 -0.0157033
0.0226845 -0.999743 0.00035635
-0.0157073 -7.8229e-09 0.999877

  PointToIndexMatrix: 
-0.99962 0.0226846 -0.0157073
-0.0226874 -0.999743 -7.83127e-09
-0.0157033 0.00035635 0.999877

  Inverse Direction: 
-0.999619 0.0226846 -0.0157073
-0.0226874 -0.999743 -7.83127e-09
-0.0157033 0.00035635 0.999877

  PixelContainer: 
    ImportImageContainer (0x414f6d0)
      RTTI typeinfo:   itk::ImportImageContainer<unsigned long, double>
      Reference Count: 1
      Modified Time: 1575
      Debug: Off
      Object Name: 
      Observers: 
        none
      Pointer: 0x14c554fe6010
      Container manages memory: true
      Size: 9830400
      Capacity: 9830400

     Weighting = 1
     Sampling strategy = regular
     Number of bins = 32
     Radius = 4
     Sampling percentage  = 0.25
   Transform = Rigid
     Gradient step = 0.1
     Update field sigma (voxel space) = 0
     Total field sigma (voxel space) = 0
     Update field time sigma = 0
     Total field time sigma  = 0
     Number of time indices = 0
     Number of time point samples = 0
Registration using 1 total stages.

Stage 0
  iterations = 1000x500x250x100
  convergence threshold = 1e-06
  convergence window size = 10
  number of levels = 4
  using the Mattes MI metric (number of bins = 32, weight = 1, use gradient filter = 0)
  preprocessing:  winsorizing the image intensities
  Shrink factors (level 1 out of 4): [8, 8, 8]
  Shrink factors (level 2 out of 4): [4, 4, 4]
  Shrink factors (level 3 out of 4): [2, 2, 2]
  Shrink factors (level 4 out of 4): [1, 1, 1]
  smoothing sigmas per level: [3, 2, 1, 0]
  regular sampling (percentage = 0.25)

*** Running Euler3DTransform registration ***

DIAGNOSTIC,Iteration,metricValue,convergenceValue,ITERATION_TIME_INDEX,SINCE_LAST
 2DIAGNOSTIC,     1, -4.770821406565e-01, 1.797693134862e+308, 9.3084e-01, 9.3084e-01, 
 2DIAGNOSTIC,     2, -4.784216133942e-01, 1.797693134862e+308, 9.3605e-01, 5.2159e-03, 
 2DIAGNOSTIC,     3, -4.807043200681e-01, 1.797693134862e+308, 9.4149e-01, 5.4390e-03, 
 2DIAGNOSTIC,     4, -4.840264478065e-01, 1.797693134862e+308, 9.4621e-01, 4.7162e-03, 
 2DIAGNOSTIC,     5, -4.883050305770e-01, 1.797693134862e+308, 9.5101e-01, 4.8032e-03, 
 2DIAGNOSTIC,     6, -4.953560426371e-01, 1.797693134862e+308, 9.5650e-01, 5.4901e-03, 
 2DIAGNOSTIC,     7, -5.007350570384e-01, 1.797693134862e+308, 9.6124e-01, 4.7400e-03, 
 2DIAGNOSTIC,     8, -5.013278569503e-01, 1.797693134862e+308, 9.6600e-01, 4.7560e-03, 
 2DIAGNOSTIC,     9, -5.085255256006e-01, 1.797693134862e+308, 9.7213e-01, 6.1340e-03, 
 2DIAGNOSTIC,    10, -5.161992633656e-01, 5.125196520979e-03, 9.7942e-01, 7.2930e-03, 
 2DIAGNOSTIC,    11, -5.167072941437e-01, 4.879252931146e-03, 9.8443e-01, 5.0049e-03, 
 2DIAGNOSTIC,    12, -5.203629876260e-01, 4.481282734468e-03, 9.8940e-01, 4.9748e-03, 
 2DIAGNOSTIC,    13, -5.229718709777e-01, 3.958672533580e-03, 9.9474e-01, 5.3370e-03, 
 2DIAGNOSTIC,    14, -5.250338110830e-01, 3.368007801725e-03, 1.0004e+00, 5.6560e-03, 
 2DIAGNOSTIC,    15, -5.272078697649e-01, 2.786121483398e-03, 1.0080e+00, 7.6489e-03, 
 2DIAGNOSTIC,    16, -5.275715603979e-01, 2.284098302175e-03, 1.0129e+00, 4.8749e-03, 
 2DIAGNOSTIC,    17, -5.282507656512e-01, 1.839921123753e-03, 1.0177e+00, 4.8101e-03, 
 2DIAGNOSTIC,    18, -5.289722876066e-01, 1.313912041907e-03, 1.0234e+00, 5.6190e-03, 
 2DIAGNOSTIC,    19, -5.292207410111e-01, 9.370568707406e-04, 1.0294e+00, 6.0909e-03, 
 2DIAGNOSTIC,    20, -5.294476960672e-01, 7.341365573355e-04, 1.0351e+00, 5.6939e-03, 
 2DIAGNOSTIC,    21, -5.294955840903e-01, 4.966190831844e-04, 1.0400e+00, 4.8971e-03, 
 2DIAGNOSTIC,    22, -5.295366245031e-01, 3.281311959270e-04, 1.0454e+00, 5.3861e-03, 
 2DIAGNOSTIC,    23, -5.295376311909e-01, 2.063244245583e-04, 1.0508e+00, 5.3551e-03, 
 2DIAGNOSTIC,    24, -5.295911249028e-01, 1.234508389467e-04, 1.0562e+00, 5.4531e-03, 
 2DIAGNOSTIC,    25, -5.296271130651e-01, 8.499150549923e-05, 1.0617e+00, 5.4450e-03, 
 2DIAGNOSTIC,    26, -5.296539599383e-01, 4.983583932729e-05, 1.0665e+00, 4.8091e-03, 
 2DIAGNOSTIC,    27, -5.297704229808e-01, 2.877322815823e-05, 1.0714e+00, 4.8840e-03, 
 2DIAGNOSTIC,    28, -5.299884954863e-01, 2.504887531279e-05, 1.0780e+00, 6.6099e-03, 
 2DIAGNOSTIC,    29, -5.300854192462e-01, 2.569611951778e-05, 1.0840e+00, 5.9798e-03, 
 2DIAGNOSTIC,    30, -5.300410324621e-01, 2.732899343879e-05, 1.0893e+00, 5.3890e-03, 
 2DIAGNOSTIC,    31, -5.300376932141e-01, 2.724560547974e-05, 1.0947e+00, 5.3542e-03, 
 2DIAGNOSTIC,    32, -5.301686264233e-01, 2.763232918895e-05, 1.1001e+00, 5.4309e-03, 
 2DIAGNOSTIC,    33, -5.303926738421e-01, 2.905769097155e-05, 1.1062e+00, 6.0480e-03, 
 2DIAGNOSTIC,    34, -5.304519664602e-01, 2.945835349298e-05, 1.1122e+00, 6.0530e-03, 
 2DIAGNOSTIC,    35, -5.305073139184e-01, 2.868169330388e-05, 1.1174e+00, 5.1301e-03, 
 2DIAGNOSTIC,    36, -5.305686017148e-01, 2.670517375265e-05, 1.1225e+00, 5.1122e-03, 
 2DIAGNOSTIC,    37, -5.306602858943e-01, 2.533264914291e-05, 1.1293e+00, 6.8629e-03, 
 2DIAGNOSTIC,    38, -5.306881156231e-01, 2.512162425809e-05, 1.1342e+00, 4.8530e-03, 
 2DIAGNOSTIC,    39, -5.307317416636e-01, 2.461885299265e-05, 1.1391e+00, 4.8671e-03, 
 2DIAGNOSTIC,    40, -5.308225091355e-01, 2.257034276634e-05, 1.1456e+00, 6.5851e-03, 
 2DIAGNOSTIC,    41, -5.308460424125e-01, 1.877385525961e-05, 1.1505e+00, 4.8389e-03, 
 2DIAGNOSTIC,    42, -5.308561837321e-01, 1.520831956953e-05, 1.1553e+00, 4.8270e-03, 
 2DIAGNOSTIC,    43, -5.308777649273e-01, 1.355835176819e-05, 1.1601e+00, 4.8001e-03, 
 2DIAGNOSTIC,    44, -5.309114036110e-01, 1.190613943948e-05, 1.1650e+00, 4.8449e-03, 
 2DIAGNOSTIC,    45, -5.310262965518e-01, 1.129423566200e-05, 1.1733e+00, 8.3308e-03, 
 2DIAGNOSTIC,    46, -5.310374074445e-01, 1.049838941613e-05, 1.1784e+00, 5.1048e-03, 
 2DIAGNOSTIC,    47, -5.310434720121e-01, 9.962263447291e-06, 1.1832e+00, 4.8299e-03, 
 2DIAGNOSTIC,    48, -5.310518853633e-01, 8.989886104704e-06, 1.1881e+00, 4.8969e-03, 
 2DIAGNOSTIC,    49, -5.310584329537e-01, 7.783359500472e-06, 1.1939e+00, 5.8260e-03, 
 2DIAGNOSTIC,    50, -5.310645817646e-01, 6.973833583637e-06, 1.1998e+00, 5.8489e-03, 
 2DIAGNOSTIC,    51, -5.310656430618e-01, 5.851695600356e-06, 1.2041e+00, 4.2849e-03, 
 2DIAGNOSTIC,    52, -5.310738190002e-01, 4.481863510070e-06, 1.2092e+00, 5.0988e-03, 
 2DIAGNOSTIC,    53, -5.310768127969e-01, 3.049471521573e-06, 1.2134e+00, 4.2729e-03, 
 2DIAGNOSTIC,    54, -5.310775506016e-01, 1.750844720184e-06, 1.2177e+00, 4.2279e-03, 
 2DIAGNOSTIC,    55, -5.310817434211e-01, 1.565716413233e-06, 1.2223e+00, 4.5869e-03, 
 2DIAGNOSTIC,    56, -5.310870994121e-01, 1.452195857506e-06, 1.2272e+00, 4.9520e-03, 
 2DIAGNOSTIC,    57, -5.310885232962e-01, 1.327089154818e-06, 1.2320e+00, 4.7390e-03, 
 2DIAGNOSTIC,    58, -5.310914487851e-01, 1.238639651225e-06, 1.2367e+00, 4.7119e-03, 
 2DIAGNOSTIC,    59, -5.311015678587e-01, 1.240623596778e-06, 1.2421e+00, 5.4140e-03, 
 2DIAGNOSTIC,    60, -5.311021904297e-01, 1.235244579099e-06, 1.2463e+00, 4.2100e-03, 
 2DIAGNOSTIC,    61, -5.311059901820e-01, 1.204917779177e-06, 1.2596e+00, 1.3336e-02, 
 2DIAGNOSTIC,    62, -5.311059901659e-01, 1.182103197342e-06, 1.2732e+00, 1.3561e-02, 
 2DIAGNOSTIC,    63, -5.311059901659e-01, 1.122797857543e-06, 1.2784e+00, 5.2171e-03, 
 2DIAGNOSTIC,    64, -5.311059901659e-01, 1.011506956073e-06, 1.2831e+00, 4.7400e-03, 
DIAGNOSTIC,Iteration,metricValue,convergenceValue,ITERATION_TIME_INDEX,SINCE_LAST
 2DIAGNOSTIC,     1, -4.295258231625e-01, 1.797693134862e+308, 2.0506e+00, 7.6742e-01, 
 2DIAGNOSTIC,     2, -4.302859640432e-01, 1.797693134862e+308, 2.0861e+00, 3.5560e-02, 
 2DIAGNOSTIC,     3, -4.309651196675e-01, 1.797693134862e+308, 2.1189e+00, 3.2769e-02, 
 2DIAGNOSTIC,     4, -4.317164347764e-01, 1.797693134862e+308, 2.1526e+00, 3.3693e-02, 
 2DIAGNOSTIC,     5, -4.325561938345e-01, 1.797693134862e+308, 2.1839e+00, 3.1346e-02, 
 2DIAGNOSTIC,     6, -4.341819580779e-01, 1.797693134862e+308, 2.2155e+00, 3.1574e-02, 
 2DIAGNOSTIC,     7, -4.354327949461e-01, 1.797693134862e+308, 2.2459e+00, 3.0414e-02, 
 2DIAGNOSTIC,     8, -4.367134834401e-01, 1.797693134862e+308, 2.2800e+00, 3.4079e-02, 
 2DIAGNOSTIC,     9, -4.377076816053e-01, 1.797693134862e+308, 2.3227e+00, 4.2680e-02, 
 2DIAGNOSTIC,    10, -4.379510214290e-01, 1.375954781894e-03, 2.3539e+00, 3.1188e-02, 
 2DIAGNOSTIC,    11, -4.381306699703e-01, 1.211218579653e-03, 2.3839e+00, 3.0013e-02, 
 2DIAGNOSTIC,    12, -4.403708091241e-01, 1.128184042361e-03, 2.4172e+00, 3.3294e-02, 
 2DIAGNOSTIC,    13, -4.435986505810e-01, 1.148562288335e-03, 2.4534e+00, 3.6277e-02, 
 2DIAGNOSTIC,    14, -4.436199447916e-01, 1.094787361474e-03, 2.4822e+00, 2.8786e-02, 
 2DIAGNOSTIC,    15, -4.445052015308e-01, 1.025845783437e-03, 2.5130e+00, 3.0811e-02, 
 2DIAGNOSTIC,    16, -4.479362666970e-01, 1.077370583193e-03, 2.5562e+00, 4.3156e-02, 
 2DIAGNOSTIC,    17, -4.481475950927e-01, 1.073587584069e-03, 2.5847e+00, 2.8531e-02, 
 2DIAGNOSTIC,    18, -4.482020490205e-01, 1.018146298594e-03, 2.6176e+00, 3.2882e-02, 
 2DIAGNOSTIC,    19, -4.481966708464e-01, 9.107728206625e-04, 2.6710e+00, 5.3373e-02, 
 2DIAGNOSTIC,    20, -4.481953335637e-01, 7.394369044139e-04, 2.6998e+00, 2.8774e-02, 
 2DIAGNOSTIC,    21, -4.481954334157e-01, 5.189437711850e-04, 2.7321e+00, 3.2298e-02, 
 2DIAGNOSTIC,    22, -4.482018533852e-01, 3.337448844654e-04, 2.7641e+00, 3.2023e-02, 
 2DIAGNOSTIC,    23, -4.481921491746e-01, 2.259319940778e-04, 2.7900e+00, 2.5889e-02, 
 2DIAGNOSTIC,    24, -4.482074312931e-01, 1.077320673574e-04, 2.8151e+00, 2.5170e-02, 
 2DIAGNOSTIC,    25, -4.482144439127e-01, 9.691657626543e-06, 2.8453e+00, 3.0198e-02, 
 2DIAGNOSTIC,    26, -4.482116710218e-01, 3.273681383725e-06, 2.8759e+00, 3.0589e-02, 
 2DIAGNOSTIC,    27, -4.482088353785e-01, 2.084629165088e-06, 2.9071e+00, 3.1199e-02, 
 2DIAGNOSTIC,    28, -4.482139220193e-01, 2.274307095151e-06, 2.9345e+00, 2.7335e-02, 
 2DIAGNOSTIC,    29, -4.482420866647e-01, 2.842589032874e-06, 2.9661e+00, 3.1673e-02, 
 2DIAGNOSTIC,    30, -4.482455732996e-01, 3.232689127740e-06, 2.9976e+00, 3.1458e-02, 
 2DIAGNOSTIC,    31, -4.482405886761e-01, 3.298140638035e-06, 3.0256e+00, 2.7960e-02, 
 2DIAGNOSTIC,    32, -4.482290915191e-01, 3.068923545450e-06, 3.0535e+00, 2.7956e-02, 
 2DIAGNOSTIC,    33, -4.482261087692e-01, 2.406545486479e-06, 3.0867e+00, 3.3147e-02, 
 2DIAGNOSTIC,    34, -4.482147421511e-01, 1.704268722105e-06, 3.1205e+00, 3.3853e-02, 
 2DIAGNOSTIC,    35, -4.482170221879e-01, 1.142411804204e-06, 3.1505e+00, 2.9994e-02, 
DIAGNOSTIC,Iteration,metricValue,convergenceValue,ITERATION_TIME_INDEX,SINCE_LAST
 2DIAGNOSTIC,     1, -3.932184619197e-01, 1.797693134862e+308, 4.2401e+00, 1.0896e+00, 
 2DIAGNOSTIC,     2, -3.933350081051e-01, 1.797693134862e+308, 4.4773e+00, 2.3722e-01, 
 2DIAGNOSTIC,     3, -3.934316047763e-01, 1.797693134862e+308, 4.7135e+00, 2.3622e-01, 
 2DIAGNOSTIC,     4, -3.934445201945e-01, 1.797693134862e+308, 5.0140e+00, 3.0046e-01, 
 2DIAGNOSTIC,     5, -3.934561041685e-01, 1.797693134862e+308, 5.2751e+00, 2.6106e-01, 
 2DIAGNOSTIC,     6, -3.934557400765e-01, 1.797693134862e+308, 5.5735e+00, 2.9845e-01, 
 2DIAGNOSTIC,     7, -3.934568948220e-01, 1.797693134862e+308, 5.9909e+00, 4.1738e-01, 
 2DIAGNOSTIC,     8, -3.934560027031e-01, 1.797693134862e+308, 6.2485e+00, 2.5763e-01, 
 2DIAGNOSTIC,     9, -3.934553707749e-01, 1.797693134862e+308, 6.5641e+00, 3.1556e-01, 
 2DIAGNOSTIC,    10, -3.934548436131e-01, 2.950388691067e-05, 6.8277e+00, 2.6363e-01, 
 2DIAGNOSTIC,    11, -3.934535151164e-01, 1.251788119028e-05, 7.1079e+00, 2.8015e-01, 
 2DIAGNOSTIC,    12, -3.934529104082e-01, 4.334110028661e-06, 7.3685e+00, 2.6067e-01, 
 2DIAGNOSTIC,    13, -3.934523312645e-01, 2.580302991981e-06, 7.6094e+00, 2.4086e-01, 
 2DIAGNOSTIC,    14, -3.934518641198e-01, 1.691075705620e-06, 7.8990e+00, 2.8957e-01, 
 2DIAGNOSTIC,    15, -3.934519734729e-01, 1.537715172945e-06, 8.1556e+00, 2.5663e-01, 
 2DIAGNOSTIC,    16, -3.934513609838e-01, 1.410839863644e-06, 8.3893e+00, 2.3375e-01, 
 2DIAGNOSTIC,    17, -3.934508380548e-01, 1.380509373268e-06, 8.6468e+00, 2.5743e-01, 
 2DIAGNOSTIC,    18, -3.934502560030e-01, 1.340256654978e-06, 8.8596e+00, 2.1283e-01, 
 2DIAGNOSTIC,    19, -3.934497852030e-01, 1.301860213909e-06, 9.0933e+00, 2.3375e-01, 
 2DIAGNOSTIC,    20, -3.934499621903e-01, 1.290039152335e-06, 9.3242e+00, 2.3084e-01, 
 2DIAGNOSTIC,    21, -3.934502605200e-01, 1.271710088110e-06, 9.5917e+00, 2.6753e-01, 
 2DIAGNOSTIC,    22, -3.934498715868e-01, 1.245514035665e-06, 9.8525e+00, 2.6083e-01, 
 2DIAGNOSTIC,    23, -3.934501307500e-01, 1.231426768368e-06, 1.0114e+01, 2.6170e-01, 
 2DIAGNOSTIC,    24, -3.934495535968e-01, 1.200792249911e-06, 1.0347e+01, 2.3231e-01, 
 2DIAGNOSTIC,    25, -3.934490927886e-01, 1.174527691231e-06, 1.0587e+01, 2.4021e-01, 
 2DIAGNOSTIC,    26, -3.934495816571e-01, 1.156238065299e-06, 1.0862e+01, 2.7540e-01, 
 2DIAGNOSTIC,    27, -3.934510333171e-01, 1.170201620833e-06, 1.1158e+01, 2.9599e-01, 
 2DIAGNOSTIC,    28, -3.934498670539e-01, 1.138214003694e-06, 1.1432e+01, 2.7348e-01, 
 2DIAGNOSTIC,    29, -3.934494068207e-01, 1.086573278006e-06, 1.1692e+01, 2.6062e-01, 
 2DIAGNOSTIC,    30, -3.934490071317e-01, 1.034518346515e-06, 1.1962e+01, 2.6947e-01, 
 2DIAGNOSTIC,    31, -3.934493552534e-01, 1.002859798885e-06, 1.2188e+01, 2.2580e-01, 
 2DIAGNOSTIC,    32, -3.934514389297e-01, 1.012150123866e-06, 1.2447e+01, 2.5984e-01, 
 2DIAGNOSTIC,    33, -3.934519791996e-01, 1.036072170689e-06, 1.2675e+01, 2.2756e-01, 
 2DIAGNOSTIC,    34, -3.934514162373e-01, 1.029043154376e-06, 1.2898e+01, 2.2344e-01, 
 2DIAGNOSTIC,    35, -3.934525148768e-01, 1.027695657362e-06, 1.3154e+01, 2.5539e-01, 
 2DIAGNOSTIC,    36, -3.934539684358e-01, 1.051995800923e-06, 1.3437e+01, 2.8275e-01, 
 2DIAGNOSTIC,    37, -3.934536117801e-01, 1.079271619766e-06, 1.3691e+01, 2.5482e-01, 
 2DIAGNOSTIC,    38, -3.934525131192e-01, 1.042002489945e-06, 1.3940e+01, 2.4855e-01, 
DIAGNOSTIC,Iteration,metricValue,convergenceValue,ITERATION_TIME_INDEX,SINCE_LAST
 2DIAGNOSTIC,     1, -3.660000232255e-01, 1.797693134862e+308, 1.6537e+01, 2.5975e+00, 
 2DIAGNOSTIC,     2, -3.661006045136e-01, 1.797693134862e+308, 1.8109e+01, 1.5720e+00, 
 2DIAGNOSTIC,     3, -3.661940053640e-01, 1.797693134862e+308, 1.9824e+01, 1.7144e+00, 
 2DIAGNOSTIC,     4, -3.662025644033e-01, 1.797693134862e+308, 2.2955e+01, 3.1316e+00, 
 2DIAGNOSTIC,     5, -3.662022977458e-01, 1.797693134862e+308, 2.5154e+01, 2.1988e+00, 
 2DIAGNOSTIC,     6, -3.662022733324e-01, 1.797693134862e+308, 2.6969e+01, 1.8148e+00, 
 2DIAGNOSTIC,     7, -3.662021510480e-01, 1.797693134862e+308, 2.8769e+01, 1.8004e+00, 
 2DIAGNOSTIC,     8, -3.662021104832e-01, 1.797693134862e+308, 3.0371e+01, 1.6020e+00, 
 2DIAGNOSTIC,     9, -3.662019867672e-01, 1.797693134862e+308, 3.1847e+01, 1.4755e+00, 
 2DIAGNOSTIC,    10, -3.662019340727e-01, 2.615306821961e-05, 3.3228e+01, 1.3814e+00, 
 2DIAGNOSTIC,    11, -3.662019021451e-01, 1.049208864692e-05, 3.4751e+01, 1.5227e+00, 
 2DIAGNOSTIC,    12, -3.662017877899e-01, 3.091360947130e-06, 3.6193e+01, 1.4420e+00, 
 2DIAGNOSTIC,    13, -3.662019075751e-01, 2.358435091540e-06, 3.7947e+01, 1.7540e+00, 
 2DIAGNOSTIC,    14, -3.662018587177e-01, 2.210206087497e-06, 3.9641e+01, 1.6944e+00, 
 2DIAGNOSTIC,    15, -3.662018920197e-01, 2.075386342226e-06, 4.1153e+01, 1.5119e+00, 
 2DIAGNOSTIC,    16, -3.662018421435e-01, 1.958104209915e-06, 4.2668e+01, 1.5146e+00, 
 2DIAGNOSTIC,    17, -3.662017315717e-01, 1.846828468793e-06, 4.4157e+01, 1.4888e+00, 
 2DIAGNOSTIC,    18, -3.662016584601e-01, 1.745449618118e-06, 4.5839e+01, 1.6819e+00, 
 2DIAGNOSTIC,    19, -3.662015876392e-01, 1.648798692570e-06, 4.7584e+01, 1.7455e+00, 
 2DIAGNOSTIC,    20, -3.662013733007e-01, 1.553843760285e-06, 4.9270e+01, 1.6862e+00, 
 2DIAGNOSTIC,    21, -3.662013255007e-01, 1.468744493957e-06, 5.1315e+01, 2.0443e+00, 
 2DIAGNOSTIC,    22, -3.662011170433e-01, 1.384171255288e-06, 5.2984e+01, 1.6691e+00, 
 2DIAGNOSTIC,    23, -3.662008967356e-01, 1.309503586691e-06, 5.4362e+01, 1.3786e+00, 
 2DIAGNOSTIC,    24, -3.662008589366e-01, 1.245216260132e-06, 5.5933e+01, 1.5702e+00, 
 2DIAGNOSTIC,    25, -3.662009022612e-01, 1.195923536874e-06, 5.7460e+01, 1.5270e+00, 
 2DIAGNOSTIC,    26, -3.662008588718e-01, 1.154782683130e-06, 5.8916e+01, 1.4569e+00, 
 2DIAGNOSTIC,    27, -3.662010887039e-01, 1.126687790669e-06, 6.0402e+01, 1.4860e+00, 
 2DIAGNOSTIC,    28, -3.662011545094e-01, 1.105168590781e-06, 6.2144e+01, 1.7414e+00, 
 2DIAGNOSTIC,    29, -3.662007271333e-01, 1.074819907576e-06, 6.4060e+01, 1.9165e+00, 
 2DIAGNOSTIC,    30, -3.662006710382e-01, 1.041888342844e-06, 6.5821e+01, 1.7612e+00, 
 2DIAGNOSTIC,    31, -3.662006079540e-01, 1.010052220245e-06, 6.7569e+01, 1.7472e+00, 
  Elapsed time (stage 0): 6.8454e+01


Total elapsed time: 6.8456e+01
Info [verificarlo]: loaded backend libinterflop_vprec.so
Info [interflop-vprec]: load backend with: 
Info [interflop-vprec]: precision-binary32 = 13
Info [interflop-vprec]: range-binary32 = 7
Info [interflop-vprec]: precision-binary64 = 13
Info [interflop-vprec]: range-binary64 = 7
Info [interflop-vprec]: mode = ob
Info [interflop-vprec]: error-mode = rel
Info [interflop-vprec]: max-abs-error-exponent = -1022
Info [interflop-vprec]: daz = false
Info [interflop-vprec]: ftz = false
Info [interflop-vprec]: 	instrument = none
Info [interflop-vprec]: 	prec-input-file = (null)
Info [interflop-vprec]: 	prec-output-file = (null)
Info [interflop-vprec]: 	prec-log-file = (null)
All_Command_lines_OK
Using double precision for computations.
=============================================================================
The composite transform comprises the following transforms (in order): 
  1. /home/mdugre/scratch/mri-registration-rp/datasets/ds004513/derivatives/mri-registration-rp/0011/antsRegistration-r7-p13/sub-s014/rigid_Composite.h5[0] (type = Euler3DTransform)
  2. /home/mdugre/scratch/mri-registration-rp/datasets/ds004513/derivatives/mri-registration-rp/0011/antsRegistration-r7-p13/sub-s014/rigid_Composite.h5[1] (type = Euler3DTransform)
  3. /home/mdugre/scratch/mri-registration-rp/datasets/ds004513/derivatives/mri-registration-rp/0011/antsRegistration-r7-p13/sub-s014/rigid_Composite.h5[2] (type = Euler3DTransform)
=============================================================================
  number of levels = 4
  fixed image: /templateflow/tpl-MNI152NLin2009cAsym/tpl-MNI152NLin2009cAsym_res-01_desc-brain_T1w.nii.gz
  moving image: /home/mdugre/scratch/mri-registration-rp/datasets/ds004513/derivatives/mri-registration-rp/antsBrainExtraction/sub-s014/BrainExtractionBrain.nii.gz
Dimension = 3
Number of stages = 1
Use histogram matching = false
Winsorize image intensities = true
  Lower quantile = 0.005
  Upper quantile = 0.995


Stage 1 State
   Image metric = MattesMI
     Fixed image = Image (0x397b490)
  RTTI typeinfo:   itk::Image<double, 3u>
  Reference Count: 2
  Modified Time: 1592
  Debug: Off
  Object Name: 
  Observers: 
    none
  Source: (none)
  Source output name: (none)
  Release Data: Off
  Data Released: False
  Global Release Data: Off
  PipelineMTime: 0
  UpdateMTime: 1203
  RealTimeStamp: 0 seconds 
  LargestPossibleRegion: 
    Dimension: 3
    Index: [0, 0, 0]
    Size: [193, 229, 193]
  BufferedRegion: 
    Dimension: 3
    Index: [0, 0, 0]
    Size: [193, 229, 193]
  RequestedRegion: 
    Dimension: 3
    Index: [0, 0, 0]
    Size: [193, 229, 193]
  Spacing: [1, 1, 1]
  Origin: [96, 132, -78]
  Direction: 
-1 0 0
0 -1 0
0 0 1

  IndexToPointMatrix: 
-1 0 0
0 -1 0
0 0 1

  PointToIndexMatrix: 
-1 0 0
0 -1 0
0 0 1

  Inverse Direction: 
-1 0 0
0 -1 0
0 0 1

  PixelContainer: 
    ImportImageContainer (0x3a468c0)
      RTTI typeinfo:   itk::ImportImageContainer<unsigned long, double>
      Reference Count: 1
      Modified Time: 1200
      Debug: Off
      Object Name: 
      Observers: 
        none
      Pointer: 0x14863b201010
      Container manages memory: true
      Size: 8530021
      Capacity: 8530021

     Moving image = Image (0x3a36b60)
  RTTI typeinfo:   itk::Image<double, 3u>
  Reference Count: 2
  Modified Time: 1593
  Debug: Off
  Object Name: 
  Observers: 
    none
  Source: (none)
  Source output name: (none)
  Release Data: Off
  Data Released: False
  Global Release Data: Off
  PipelineMTime: 0
  UpdateMTime: 1590
  RealTimeStamp: 0 seconds 
  LargestPossibleRegion: 
    Dimension: 3
    Index: [0, 0, 0]
    Size: [160, 240, 256]
  BufferedRegion: 
    Dimension: 3
    Index: [0, 0, 0]
    Size: [160, 240, 256]
  RequestedRegion: 
    Dimension: 3
    Index: [0, 0, 0]
    Size: [160, 240, 256]
  Spacing: [1, 1, 1]
  Origin: [84.1641, 106.711, -120.531]
  Direction: 
-0.999634 -0.0226879 -0.0157032
0.0226841 -0.999756 0.000356346
-0.015707 0 0.999878

  IndexToPointMatrix: 
-0.999634 -0.0226879 -0.0157032
0.0226841 -0.999756 0.000356346
-0.015707 0 0.999878

  PointToIndexMatrix: 
-0.999634 0.0226841 -0.015707
-0.0226879 -0.999756 -3.05176e-05
-0.0157051 0.000366211 1

  Inverse Direction: 
-0.999634 0.0226841 -0.015707
-0.0226879 -0.999756 -3.05176e-05
-0.0157051 0.000366211 1

  PixelContainer: 
    ImportImageContainer (0x39aebd0)
      RTTI typeinfo:   itk::ImportImageContainer<unsigned long, double>
      Reference Count: 1
      Modified Time: 1587
      Debug: Off
      Object Name: 
      Observers: 
        none
      Pointer: 0x148636700010
      Container manages memory: true
      Size: 9830400
      Capacity: 9830400

     Weighting = 1
     Sampling strategy = regular
     Number of bins = 32
     Radius = 4
     Sampling percentage  = 0.25
   Transform = Affine
     Gradient step = 0.1
     Update field sigma (voxel space) = 0
     Total field sigma (voxel space) = 0
     Update field time sigma = 0
     Total field time sigma  = 0
     Number of time indices = 0
     Number of time point samples = 0
Registration using 1 total stages.

Stage 0
  iterations = 1000x500x250x100
  convergence threshold = 1e-06
  convergence window size = 10
  number of levels = 4
  using the Mattes MI metric (number of bins = 32, weight = 1, use gradient filter = 0)
  preprocessing:  winsorizing the image intensities
  Shrink factors (level 1 out of 4): [8, 8, 8]
  Shrink factors (level 2 out of 4): [4, 4, 4]
  Shrink factors (level 3 out of 4): [2, 2, 2]
  Shrink factors (level 4 out of 4): [1, 1, 1]
  smoothing sigmas per level: [3, 2, 1, 0]
  regular sampling (percentage = 0.25)

*** Running AffineTransform registration ***

DIAGNOSTIC,Iteration,metricValue,convergenceValue,ITERATION_TIME_INDEX,SINCE_LAST
 2DIAGNOSTIC,     1, -5.235819100733e-01, 1.797693134862e+308, 0.0000e+00, 0.0000e+00, 
 2DIAGNOSTIC,     2, -5.252305297266e-01, 1.797693134862e+308, 0.0000e+00, 0.0000e+00, 
 2DIAGNOSTIC,     3, -5.280764562720e-01, 1.797693134862e+308, 0.0000e+00, 0.0000e+00, 
 2DIAGNOSTIC,     4, -5.330897293583e-01, 1.797693134862e+308, 0.0000e+00, 0.0000e+00, 
 2DIAGNOSTIC,     5, -5.415995361412e-01, 1.797693134862e+308, 0.0000e+00, 0.0000e+00, 
 2DIAGNOSTIC,     6, -6.337118291783e-01, 1.797693134862e+308, 0.0000e+00, 0.0000e+00, 
 2DIAGNOSTIC,     7, -6.700525286515e-01, 1.797693134862e+308, 0.0000e+00, 0.0000e+00, 
 2DIAGNOSTIC,     8, -7.016112460070e-01, 1.797693134862e+308, 0.0000e+00, 0.0000e+00, 
 2DIAGNOSTIC,     9, -7.408551635904e-01, 1.797693134862e+308, 0.0000e+00, 0.0000e+00, 
 2DIAGNOSTIC,    10, -7.467616542391e-01, 2.833635821466e-02, 0.0000e+00, 0.0000e+00, 
 2DIAGNOSTIC,    11, -7.568567601391e-01, 2.674029182824e-02, 0.0000e+00, 0.0000e+00, 
 2DIAGNOSTIC,    12, -7.653225393622e-01, 2.343231360187e-02, 0.0000e+00, 0.0000e+00, 
 2DIAGNOSTIC,    13, -7.658301255313e-01, 1.877399106777e-02, 0.0000e+00, 0.0000e+00, 
 2DIAGNOSTIC,    14, -7.696730421819e-01, 1.350418566777e-02, 0.0000e+00, 0.0000e+00, 
 2DIAGNOSTIC,    15, -7.699494986343e-01, 8.024106143682e-03, 0.0000e+00, 0.0000e+00, 
 2DIAGNOSTIC,    16, -7.705166429032e-01, 5.047745528504e-03, 0.0000e+00, 0.0000e+00, 
 2DIAGNOSTIC,    17, -7.716329000136e-01, 2.922090109489e-03, 0.0000e+00, 0.0000e+00, 
 2DIAGNOSTIC,    18, -7.745580012198e-01, 1.570810544761e-03, 0.0000e+00, 0.0000e+00, 
 2DIAGNOSTIC,    19, -7.774010063505e-01, 1.150007387146e-03, 0.0000e+00, 0.0000e+00, 
 2DIAGNOSTIC,    20, -7.828796698385e-01, 8.991850380658e-04, 0.0000e+00, 0.0000e+00, 
 2DIAGNOSTIC,    21, -7.850628787078e-01, 8.254082196829e-04, 0.0000e+00, 0.0000e+00, 
 2DIAGNOSTIC,    22, -7.853845016461e-01, 8.456526433537e-04, 0.0000e+00, 0.0000e+00, 
 2DIAGNOSTIC,    23, -7.853930942714e-01, 7.934920853014e-04, 0.0000e+00, 0.0000e+00, 
 2DIAGNOSTIC,    24, -7.855096465459e-01, 7.381356143726e-04, 0.0000e+00, 0.0000e+00, 
 2DIAGNOSTIC,    25, -7.858277172191e-01, 6.272966072062e-04, 0.0000e+00, 0.0000e+00, 
 2DIAGNOSTIC,    26, -7.868342129528e-01, 4.910524727157e-04, 0.0000e+00, 0.0000e+00, 
 2DIAGNOSTIC,    27, -7.881080831164e-01, 3.550898879283e-04, 0.0000e+00, 0.0000e+00, 
 2DIAGNOSTIC,    28, -7.991773503408e-01, 3.937928388794e-04, 0.0000e+00, 0.0000e+00, 
 2DIAGNOSTIC,    29, -8.027701723544e-01, 4.742590770973e-04, 0.0000e+00, 0.0000e+00, 
 2DIAGNOSTIC,    30, -8.024630605790e-01, 5.715904382450e-04, 0.0000e+00, 0.0000e+00, 
 2DIAGNOSTIC,    31, -8.029658459450e-01, 6.445857072308e-04, 0.0000e+00, 0.0000e+00, 
 2DIAGNOSTIC,    32, -8.037926015758e-01, 6.655063318004e-04, 0.0000e+00, 0.0000e+00, 
 2DIAGNOSTIC,    33, -8.043370916862e-01, 6.262494652901e-04, 0.0000e+00, 0.0000e+00, 
 2DIAGNOSTIC,    34, -8.056149985296e-01, 5.453490232810e-04, 0.0000e+00, 0.0000e+00, 
 2DIAGNOSTIC,    35, -8.091219578508e-01, 4.616017023840e-04, 0.0000e+00, 0.0000e+00, 
 2DIAGNOSTIC,    36, -8.090565440778e-01, 3.500846110607e-04, 0.0000e+00, 0.0000e+00, 
 2DIAGNOSTIC,    37, -8.102797362045e-01, 2.355154516332e-04, 0.0000e+00, 0.0000e+00, 
 2DIAGNOSTIC,    38, -8.107772859489e-01, 2.208356493462e-04, 0.0000e+00, 0.0000e+00, 
 2DIAGNOSTIC,    39, -8.121833332312e-01, 2.349342774554e-04, 0.0000e+00, 0.0000e+00, 
 2DIAGNOSTIC,    40, -8.152319193909e-01, 2.514028230849e-04, 0.0000e+00, 0.0000e+00, 
 2DIAGNOSTIC,    41, -8.173721313547e-01, 2.669456219516e-04, 0.0000e+00, 0.0000e+00, 
 2DIAGNOSTIC,    42, -8.185480125785e-01, 2.747197497559e-04, 0.0000e+00, 0.0000e+00, 
 2DIAGNOSTIC,    43, -8.184754605044e-01, 2.604052229247e-04, 0.0000e+00, 0.0000e+00, 
 2DIAGNOSTIC,    44, -8.187799726423e-01, 2.350521431381e-04, 0.0000e+00, 0.0000e+00, 
 2DIAGNOSTIC,    45, -8.191379192090e-01, 2.206926253824e-04, 0.0000e+00, 0.0000e+00, 
 2DIAGNOSTIC,    46, -8.195717897520e-01, 1.884932380261e-04, 0.0000e+00, 0.0000e+00, 
 2DIAGNOSTIC,    47, -8.200781222751e-01, 1.538421702605e-04, 0.0000e+00, 0.0000e+00, 
 2DIAGNOSTIC,    48, -8.239781349804e-01, 1.406399015657e-04, 0.0000e+00, 0.0000e+00, 
 2DIAGNOSTIC,    49, -8.273483588921e-01, 1.499895372775e-04, 0.0000e+00, 0.0000e+00, 
 2DIAGNOSTIC,    50, -8.320352786745e-01, 2.016800805700e-04, 0.0000e+00, 0.0000e+00, 
 2DIAGNOSTIC,    51, -8.331862627344e-01, 2.554694342856e-04, 0.0000e+00, 0.0000e+00, 
 2DIAGNOSTIC,    52, -8.327680608733e-01, 2.885060186032e-04, 0.0000e+00, 0.0000e+00, 
 2DIAGNOSTIC,    53, -8.329798694847e-01, 2.937699195748e-04, 0.0000e+00, 0.0000e+00, 
 2DIAGNOSTIC,    54, -8.329045059368e-01, 2.717771304050e-04, 0.0000e+00, 0.0000e+00, 
 2DIAGNOSTIC,    55, -8.329920139879e-01, 2.273917335774e-04, 0.0000e+00, 0.0000e+00, 
 2DIAGNOSTIC,    56, -8.329746868194e-01, 1.660777895174e-04, 0.0000e+00, 0.0000e+00, 
 2DIAGNOSTIC,    57, -8.330802641641e-01, 9.523784693525e-05, 0.0000e+00, 0.0000e+00, 
 2DIAGNOSTIC,    58, -8.331363218613e-01, 4.295020211805e-05, 0.0000e+00, 0.0000e+00, 
 2DIAGNOSTIC,    59, -8.331827487469e-01, 9.040138446305e-06, 0.0000e+00, 0.0000e+00, 
 2DIAGNOSTIC,    60, -8.330749494366e-01, 3.392974327960e-06, 0.0000e+00, 0.0000e+00, 
 2DIAGNOSTIC,    61, -8.331630469996e-01, 5.248810528113e-06, 0.0000e+00, 0.0000e+00, 
 2DIAGNOSTIC,    62, -8.331924885431e-01, 4.240019428902e-06, 0.0000e+00, 0.0000e+00, 
 2DIAGNOSTIC,    63, -8.330965954498e-01, 3.595827091363e-06, 0.0000e+00, 0.0000e+00, 
 2DIAGNOSTIC,    64, -8.330725835936e-01, 2.139865796474e-06, 0.0000e+00, 0.0000e+00, 
 2DIAGNOSTIC,    65, -8.331356406863e-01, 1.457549618562e-06, 0.0000e+00, 0.0000e+00, 
DIAGNOSTIC,Iteration,metricValue,convergenceValue,ITERATION_TIME_INDEX,SINCE_LAST
 2DIAGNOSTIC,     1, -6.792927922076e-01, 1.797693134862e+308, 0.0000e+00, 0.0000e+00, 
 2DIAGNOSTIC,     2, -6.799117323589e-01, 1.797693134862e+308, 0.0000e+00, 0.0000e+00, 
 2DIAGNOSTIC,     3, -6.807491739094e-01, 1.797693134862e+308, 0.0000e+00, 0.0000e+00, 
 2DIAGNOSTIC,     4, -6.819573867235e-01, 1.797693134862e+308, 0.0000e+00, 0.0000e+00, 
 2DIAGNOSTIC,     5, -6.835248886205e-01, 1.797693134862e+308, 0.0000e+00, 0.0000e+00, 
 2DIAGNOSTIC,     6, -6.856741694473e-01, 1.797693134862e+308, 0.0000e+00, 0.0000e+00, 
 2DIAGNOSTIC,     7, -6.881140424991e-01, 1.797693134862e+308, 0.0000e+00, 0.0000e+00, 
 2DIAGNOSTIC,     8, -6.918288778977e-01, 1.797693134862e+308, 0.0000e+00, 0.0000e+00, 
 2DIAGNOSTIC,     9, -6.921430272289e-01, 1.797693134862e+308, 0.0000e+00, 0.0000e+00, 
 2DIAGNOSTIC,    10, -6.927142754641e-01, 1.459575283970e-03, 0.0000e+00, 0.0000e+00, 
 2DIAGNOSTIC,    11, -6.935988813272e-01, 1.342631281858e-03, 0.0000e+00, 0.0000e+00, 
 2DIAGNOSTIC,    12, -6.937498353723e-01, 1.149844515272e-03, 0.0000e+00, 0.0000e+00, 
 2DIAGNOSTIC,    13, -6.937974334992e-01, 9.104766175263e-04, 0.0000e+00, 0.0000e+00, 
 2DIAGNOSTIC,    14, -6.937868709893e-01, 6.589849834567e-04, 0.0000e+00, 0.0000e+00, 
 2DIAGNOSTIC,    15, -6.938118524401e-01, 4.257399708505e-04, 0.0000e+00, 0.0000e+00, 
 2DIAGNOSTIC,    16, -6.938177391674e-01, 2.377008434189e-04, 0.0000e+00, 0.0000e+00, 
 2DIAGNOSTIC,    17, -6.937525167729e-01, 1.055007211499e-04, 0.0000e+00, 0.0000e+00, 
 2DIAGNOSTIC,    18, -6.937667910393e-01, 6.429011397463e-05, 0.0000e+00, 0.0000e+00, 
 2DIAGNOSTIC,    19, -6.937820131244e-01, 2.873915280640e-05, 0.0000e+00, 0.0000e+00, 
 2DIAGNOSTIC,    20, -6.937865408559e-01, 5.644592171367e-06, 0.0000e+00, 0.0000e+00, 
 2DIAGNOSTIC,    21, -6.937875290751e-01, 1.720925162700e-06, 0.0000e+00, 0.0000e+00, 
DIAGNOSTIC,Iteration,metricValue,convergenceValue,ITERATION_TIME_INDEX,SINCE_LAST
 2DIAGNOSTIC,     1, -5.890572151021e-01, 1.797693134862e+308, 0.0000e+00, 0.0000e+00, 
 2DIAGNOSTIC,     2, -5.896021410157e-01, 1.797693134862e+308, 0.0000e+00, 0.0000e+00, 
 2DIAGNOSTIC,     3, -5.903054058308e-01, 1.797693134862e+308, 0.0000e+00, 0.0000e+00, 
 2DIAGNOSTIC,     4, -5.911958503517e-01, 1.797693134862e+308, 0.0000e+00, 0.0000e+00, 
 2DIAGNOSTIC,     5, -5.920712077622e-01, 1.797693134862e+308, 0.0000e+00, 0.0000e+00, 
 2DIAGNOSTIC,     6, -5.928100774828e-01, 1.797693134862e+308, 0.0000e+00, 0.0000e+00, 
 2DIAGNOSTIC,     7, -5.928086690530e-01, 1.797693134862e+308, 0.0000e+00, 0.0000e+00, 
 2DIAGNOSTIC,     8, -5.928061923503e-01, 1.797693134862e+308, 0.0000e+00, 0.0000e+00, 
 2DIAGNOSTIC,     9, -5.928112774512e-01, 1.797693134862e+308, 0.0000e+00, 0.0000e+00, 
 2DIAGNOSTIC,    10, -5.928135212176e-01, 4.453871786429e-04, 0.0000e+00, 0.0000e+00, 
 2DIAGNOSTIC,    11, -5.928200839560e-01, 3.042022232154e-04, 0.0000e+00, 0.0000e+00, 
 2DIAGNOSTIC,    12, -5.928194454354e-01, 1.814938104689e-04, 0.0000e+00, 0.0000e+00, 
 2DIAGNOSTIC,    13, -5.928176061697e-01, 8.740549327564e-05, 0.0000e+00, 0.0000e+00, 
 2DIAGNOSTIC,    14, -5.928179087134e-01, 2.910355728047e-05, 0.0000e+00, 0.0000e+00, 
 2DIAGNOSTIC,    15, -5.928178928954e-01, 3.513185905663e-06, 0.0000e+00, 0.0000e+00, 
 2DIAGNOSTIC,    16, -5.928178545413e-01, 3.205294250352e-06, 0.0000e+00, 0.0000e+00, 
 2DIAGNOSTIC,    17, -5.928178352504e-01, 2.826651947785e-06, 0.0000e+00, 0.0000e+00, 
 2DIAGNOSTIC,    18, -5.928178142593e-01, 2.374158386789e-06, 0.0000e+00, 0.0000e+00, 
 2DIAGNOSTIC,    19, -5.928177711155e-01, 2.076923541025e-06, 0.0000e+00, 0.0000e+00, 
 2DIAGNOSTIC,    20, -5.928178930545e-01, 1.857853871072e-06, 0.0000e+00, 0.0000e+00, 
 2DIAGNOSTIC,    21, -5.928179168097e-01, 1.818050719353e-06, 0.0000e+00, 0.0000e+00, 
 2DIAGNOSTIC,    22, -5.928167504814e-01, 1.746759467638e-06, 0.0000e+00, 0.0000e+00, 
 2DIAGNOSTIC,    23, -5.928167771308e-01, 1.646231960813e-06, 0.0000e+00, 0.0000e+00, 
 2DIAGNOSTIC,    24, -5.928167518046e-01, 1.563383796449e-06, 0.0000e+00, 0.0000e+00, 
 2DIAGNOSTIC,    25, -5.928167103147e-01, 1.490907079550e-06, 0.0000e+00, 0.0000e+00, 
 2DIAGNOSTIC,    26, -5.928167228880e-01, 1.429558100972e-06, 0.0000e+00, 0.0000e+00, 
 2DIAGNOSTIC,    27, -5.928166636757e-01, 1.377814686412e-06, 0.0000e+00, 0.0000e+00, 
 2DIAGNOSTIC,    28, -5.928166490078e-01, 1.335060918858e-06, 0.0000e+00, 0.0000e+00, 
 2DIAGNOSTIC,    29, -5.928167237575e-01, 1.300366088065e-06, 0.0000e+00, 0.0000e+00, 
 2DIAGNOSTIC,    30, -5.928166533411e-01, 1.272248076750e-06, 0.0000e+00, 0.0000e+00, 
 2DIAGNOSTIC,    31, -5.928166698664e-01, 1.249271468037e-06, 0.0000e+00, 0.0000e+00, 
 2DIAGNOSTIC,    32, -5.928166647941e-01, 1.210520608919e-06, 0.0000e+00, 0.0000e+00, 
 2DIAGNOSTIC,    33, -5.928166682239e-01, 1.174875493476e-06, 0.0000e+00, 0.0000e+00, 
 2DIAGNOSTIC,    34, -5.928166640834e-01, 1.141117570859e-06, 0.0000e+00, 0.0000e+00, 
 2DIAGNOSTIC,    35, -5.928166738099e-01, 1.108976428420e-06, 0.0000e+00, 0.0000e+00, 
 2DIAGNOSTIC,    36, -5.928166909807e-01, 1.079129481080e-06, 0.0000e+00, 0.0000e+00, 
 2DIAGNOSTIC,    37, -5.928166574733e-01, 1.049674634841e-06, 0.0000e+00, 0.0000e+00, 
 2DIAGNOSTIC,    38, -5.928167098142e-01, 1.022238227802e-06, 0.0000e+00, 0.0000e+00, 
DIAGNOSTIC,Iteration,metricValue,convergenceValue,ITERATION_TIME_INDEX,SINCE_LAST
 2DIAGNOSTIC,     1, -5.266352200690e-01, 1.797693134862e+308, 0.0000e+00, 0.0000e+00, 
 2DIAGNOSTIC,     2, -5.270420064768e-01, 1.797693134862e+308, 0.0000e+00, 0.0000e+00, 
 2DIAGNOSTIC,     3, -5.273438691226e-01, 1.797693134862e+308, 0.0000e+00, 0.0000e+00, 
 2DIAGNOSTIC,     4, -5.274629349930e-01, 1.797693134862e+308, 0.0000e+00, 0.0000e+00, 
 2DIAGNOSTIC,     5, -5.275040066740e-01, 1.797693134862e+308, 0.0000e+00, 0.0000e+00, 
 2DIAGNOSTIC,     6, -5.275301971039e-01, 1.797693134862e+308, 0.0000e+00, 0.0000e+00, 
 2DIAGNOSTIC,     7, -5.275232270783e-01, 1.797693134862e+308, 0.0000e+00, 0.0000e+00, 
 2DIAGNOSTIC,     8, -5.275168660198e-01, 1.797693134862e+308, 0.0000e+00, 0.0000e+00, 
 2DIAGNOSTIC,     9, -5.275219358396e-01, 1.797693134862e+308, 0.0000e+00, 0.0000e+00, 
 2DIAGNOSTIC,    10, -5.275273560999e-01, 8.285258130163e-05, 0.0000e+00, 0.0000e+00, 
 2DIAGNOSTIC,    11, -5.275317834642e-01, 3.764481507484e-05, 0.0000e+00, 0.0000e+00, 
 2DIAGNOSTIC,    12, -5.275414051187e-01, 1.532353145961e-05, 0.0000e+00, 0.0000e+00, 
 2DIAGNOSTIC,    13, -5.275384391501e-01, 7.631714413842e-06, 0.0000e+00, 0.0000e+00, 
 2DIAGNOSTIC,    14, -5.275379175444e-01, 5.149742845503e-06, 0.0000e+00, 0.0000e+00, 
 2DIAGNOSTIC,    15, -5.275394944793e-01, 4.280573077678e-06, 0.0000e+00, 0.0000e+00, 
 2DIAGNOSTIC,    16, -5.275426456718e-01, 4.352231125923e-06, 0.0000e+00, 0.0000e+00, 
 2DIAGNOSTIC,    17, -5.275435760570e-01, 4.049463353591e-06, 0.0000e+00, 0.0000e+00, 
 2DIAGNOSTIC,    18, -5.275449811676e-01, 3.470218802669e-06, 0.0000e+00, 0.0000e+00, 
 2DIAGNOSTIC,    19, -5.275457589666e-01, 2.998713424296e-06, 0.0000e+00, 0.0000e+00, 
 2DIAGNOSTIC,    20, -5.275493356341e-01, 2.725669810140e-06, 0.0000e+00, 0.0000e+00, 
 2DIAGNOSTIC,    21, -5.275493067234e-01, 2.506827987615e-06, 0.0000e+00, 0.0000e+00, 
 2DIAGNOSTIC,    22, -5.275491370818e-01, 2.481086704455e-06, 0.0000e+00, 0.0000e+00, 
 2DIAGNOSTIC,    23, -5.275492314272e-01, 2.326069596319e-06, 0.0000e+00, 0.0000e+00, 
 2DIAGNOSTIC,    24, -5.275492314272e-01, 2.111802753044e-06, 0.0000e+00, 0.0000e+00, 
 2DIAGNOSTIC,    25, -5.275492314272e-01, 1.899675630274e-06, 0.0000e+00, 0.0000e+00, 
 2DIAGNOSTIC,    26, -5.275492314272e-01, 1.736404798933e-06, 0.0000e+00, 0.0000e+00, 
 2DIAGNOSTIC,    27, -5.275492314272e-01, 1.581500551878e-06, 0.0000e+00, 0.0000e+00, 
 2DIAGNOSTIC,    28, -5.275492314272e-01, 1.451537164257e-06, 0.0000e+00, 0.0000e+00, 
 2DIAGNOSTIC,    29, -5.275492314272e-01, 1.336890958742e-06, 0.0000e+00, 0.0000e+00, 
 2DIAGNOSTIC,    30, -5.275492314272e-01, 1.294313060222e-06, 0.0000e+00, 0.0000e+00, 
 2DIAGNOSTIC,    31, -5.275492314272e-01, 1.254072071182e-06, 0.0000e+00, 0.0000e+00, 
 2DIAGNOSTIC,    32, -5.275492314272e-01, 1.213289257493e-06, 0.0000e+00, 0.0000e+00, 
 2DIAGNOSTIC,    33, -5.275492314272e-01, 1.176518773002e-06, 0.0000e+00, 0.0000e+00, 
 2DIAGNOSTIC,    34, -5.275492314272e-01, 1.141911494761e-06, 0.0000e+00, 0.0000e+00, 
 2DIAGNOSTIC,    35, -5.275492314272e-01, 1.109281985399e-06, 0.0000e+00, 0.0000e+00, 
 2DIAGNOSTIC,    36, -5.275492314272e-01, 1.078465413831e-06, 0.0000e+00, 0.0000e+00, 
 2DIAGNOSTIC,    37, -5.275492314272e-01, 1.049314770303e-06, 0.0000e+00, 0.0000e+00, 
 2DIAGNOSTIC,    38, -5.275492314272e-01, 1.021698521314e-06, 0.0000e+00, 0.0000e+00, 
  Elapsed time (stage 0): 0.0000e+00


Total elapsed time: 0.0000e+00
Info [verificarlo]: loaded backend libinterflop_vprec.so
Info [interflop-vprec]: load backend with: 
Info [interflop-vprec]: precision-binary32 = 13
Info [interflop-vprec]: range-binary32 = 7
Info [interflop-vprec]: precision-binary64 = 13
Info [interflop-vprec]: range-binary64 = 7
Info [interflop-vprec]: mode = ob
Info [interflop-vprec]: error-mode = rel
Info [interflop-vprec]: max-abs-error-exponent = -1022
Info [interflop-vprec]: daz = false
Info [interflop-vprec]: ftz = false
Info [interflop-vprec]: 	instrument = none
Info [interflop-vprec]: 	prec-input-file = (null)
Info [interflop-vprec]: 	prec-output-file = (null)
Info [interflop-vprec]: 	prec-log-file = (null)
All_Command_lines_OK
Using double precision for computations.
=============================================================================
The composite transform comprises the following transforms (in order): 
  1. /home/mdugre/scratch/mri-registration-rp/datasets/ds004513/derivatives/mri-registration-rp/0011/antsRegistration-r7-p13/sub-s014/affine_Composite.h5[0] (type = Euler3DTransform)
  2. /home/mdugre/scratch/mri-registration-rp/datasets/ds004513/derivatives/mri-registration-rp/0011/antsRegistration-r7-p13/sub-s014/affine_Composite.h5[1] (type = Euler3DTransform)
  3. /home/mdugre/scratch/mri-registration-rp/datasets/ds004513/derivatives/mri-registration-rp/0011/antsRegistration-r7-p13/sub-s014/affine_Composite.h5[2] (type = Euler3DTransform)
  4. /home/mdugre/scratch/mri-registration-rp/datasets/ds004513/derivatives/mri-registration-rp/0011/antsRegistration-r7-p13/sub-s014/affine_Composite.h5[3] (type = AffineTransform)
=============================================================================
  number of levels = 4
  fixed image: /templateflow/tpl-MNI152NLin2009cAsym/tpl-MNI152NLin2009cAsym_res-01_desc-brain_T1w.nii.gz
  moving image: /home/mdugre/scratch/mri-registration-rp/datasets/ds004513/derivatives/mri-registration-rp/antsBrainExtraction/sub-s014/BrainExtractionBrain.nii.gz
Dimension = 3
Number of stages = 1
Use histogram matching = false
Winsorize image intensities = true
  Lower quantile = 0.005
  Upper quantile = 0.995


Stage 1 State
   Image metric = CC
     Fixed image = Image (0x49116f0)
  RTTI typeinfo:   itk::Image<double, 3u>
  Reference Count: 2
  Modified Time: 1606
  Debug: Off
  Object Name: 
  Observers: 
    none
  Source: (none)
  Source output name: (none)
  Release Data: Off
  Data Released: False
  Global Release Data: Off
  PipelineMTime: 0
  UpdateMTime: 1217
  RealTimeStamp: 0 seconds 
  LargestPossibleRegion: 
    Dimension: 3
    Index: [0, 0, 0]
    Size: [193, 229, 193]
  BufferedRegion: 
    Dimension: 3
    Index: [0, 0, 0]
    Size: [193, 229, 193]
  RequestedRegion: 
    Dimension: 3
    Index: [0, 0, 0]
    Size: [193, 229, 193]
  Spacing: [1, 1, 1]
  Origin: [96, 132, -78]
  Direction: 
-1 0 0
0 -1 0
0 0 1

  IndexToPointMatrix: 
-1 0 0
0 -1 0
0 0 1

  PointToIndexMatrix: 
-1 0 0
0 -1 0
0 0 1

  Inverse Direction: 
-1 0 0
0 -1 0
0 0 1

  PixelContainer: 
    ImportImageContainer (0x49df8b0)
      RTTI typeinfo:   itk::ImportImageContainer<unsigned long, double>
      Reference Count: 1
      Modified Time: 1214
      Debug: Off
      Object Name: 
      Observers: 
        none
      Pointer: 0x15159b0dd010
      Container manages memory: true
      Size: 8530021
      Capacity: 8530021

     Moving image = Image (0x49cd1a0)
  RTTI typeinfo:   itk::Image<double, 3u>
  Reference Count: 2
  Modified Time: 1607
  Debug: Off
  Object Name: 
  Observers: 
    none
  Source: (none)
  Source output name: (none)
  Release Data: Off
  Data Released: False
  Global Release Data: Off
  PipelineMTime: 0
  UpdateMTime: 1604
  RealTimeStamp: 0 seconds 
  LargestPossibleRegion: 
    Dimension: 3
    Index: [0, 0, 0]
    Size: [160, 240, 256]
  BufferedRegion: 
    Dimension: 3
    Index: [0, 0, 0]
    Size: [160, 240, 256]
  RequestedRegion: 
    Dimension: 3
    Index: [0, 0, 0]
    Size: [160, 240, 256]
  Spacing: [1, 1, 1]
  Origin: [84.1641, 106.711, -120.531]
  Direction: 
-0.999634 -0.0226879 -0.0157032
0.0226841 -0.999756 0.000356346
-0.015707 0 0.999878

  IndexToPointMatrix: 
-0.999634 -0.0226879 -0.0157032
0.0226841 -0.999756 0.000356346
-0.015707 0 0.999878

  PointToIndexMatrix: 
-0.999634 0.0226841 -0.015707
-0.0226879 -0.999756 -3.05176e-05
-0.0157051 0.000366211 1

  Inverse Direction: 
-0.999634 0.0226841 -0.015707
-0.0226879 -0.999756 -3.05176e-05
-0.0157051 0.000366211 1

  PixelContainer: 
    ImportImageContainer (0x4962a10)
      RTTI typeinfo:   itk::ImportImageContainer<unsigned long, double>
      Reference Count: 1
      Modified Time: 1601
      Debug: Off
      Object Name: 
      Observers: 
        none
      Pointer: 0x1515965dc010
      Container manages memory: true
      Size: 9830400
      Capacity: 9830400

     Weighting = 1
     Sampling strategy = none
     Number of bins = 32
     Radius = 4
     Sampling percentage  = 1
   Transform = SyN
     Gradient step = 0.1
     Update field sigma (voxel space) = 3
     Total field sigma (voxel space) = 0
     Update field time sigma = 0
     Total field time sigma  = 0
     Number of time indices = 0
     Number of time point samples = 0
Registration using 1 total stages.

Stage 0
  iterations = 100x70x50x20
  convergence threshold = 1e-06
  convergence window size = 10
  number of levels = 4
  using the CC metric (radius = 4, weight = 1, use gradient filter = 0)
  preprocessing:  winsorizing the image intensities
  Shrink factors (level 1 out of 4): [8, 8, 8]
  Shrink factors (level 2 out of 4): [4, 4, 4]
  Shrink factors (level 3 out of 4): [2, 2, 2]
  Shrink factors (level 4 out of 4): [1, 1, 1]
  smoothing sigmas per level: [3, 2, 1, 0]
  Using default NONE metricSamplingStrategy 

*** Running SyN registration (varianceForUpdateField = 3, varianceForTotalField = 0) ***

XXDIAGNOSTIC,Iteration,metricValue,convergenceValue,ITERATION_TIME_INDEX,SINCE_LAST
 1DIAGNOSTIC,     1, -9.024047851562e-01, 1.797693134862e+308, 0.0000e+00, 0.0000e+00, 
 1DIAGNOSTIC,     2, -9.061279296875e-01, 1.797693134862e+308, 0.0000e+00, 0.0000e+00, 
 1DIAGNOSTIC,     3, -9.097290039062e-01, 1.797693134862e+308, 0.0000e+00, 0.0000e+00, 
 1DIAGNOSTIC,     4, -9.118041992188e-01, 1.797693134862e+308, 0.0000e+00, 0.0000e+00, 
 1DIAGNOSTIC,     5, -9.133911132812e-01, 1.797693134862e+308, 0.0000e+00, 0.0000e+00, 
 1DIAGNOSTIC,     6, -9.146118164062e-01, 1.797693134862e+308, 0.0000e+00, 0.0000e+00, 
 1DIAGNOSTIC,     7, -9.157104492188e-01, 1.797693134862e+308, 0.0000e+00, 0.0000e+00, 
 1DIAGNOSTIC,     8, -9.165649414062e-01, 1.797693134862e+308, 0.0000e+00, 0.0000e+00, 
 1DIAGNOSTIC,     9, -9.172363281250e-01, 1.797693134862e+308, 0.0000e+00, 0.0000e+00, 
 1DIAGNOSTIC,    10, -9.178466796875e-01, 9.996063184388e-04, 0.0000e+00, 0.0000e+00, 
 1DIAGNOSTIC,    11, -9.183959960938e-01, 7.063347353269e-04, 0.0000e+00, 0.0000e+00, 
 1DIAGNOSTIC,    12, -9.188232421875e-01, 5.048284364760e-04, 0.0000e+00, 0.0000e+00, 
 1DIAGNOSTIC,    13, -9.193115234375e-01, 3.861317740091e-04, 0.0000e+00, 0.0000e+00, 
 1DIAGNOSTIC,    14, -9.196777343750e-01, 3.032357561077e-04, 0.0000e+00, 0.0000e+00, 
 1DIAGNOSTIC,    15, -9.200439453125e-01, 2.440596353607e-04, 0.0000e+00, 0.0000e+00, 
 1DIAGNOSTIC,    16, -9.203491210938e-01, 1.993825081779e-04, 0.0000e+00, 0.0000e+00, 
 1DIAGNOSTIC,    17, -9.207153320312e-01, 1.683213954002e-04, 0.0000e+00, 0.0000e+00, 
 1DIAGNOSTIC,    18, -9.209594726562e-01, 1.440795224297e-04, 0.0000e+00, 0.0000e+00, 
 1DIAGNOSTIC,    19, -9.212036132812e-01, 1.240263553532e-04, 0.0000e+00, 0.0000e+00, 
 1DIAGNOSTIC,    20, -9.214477539062e-01, 1.077624236030e-04, 0.0000e+00, 0.0000e+00, 
 1DIAGNOSTIC,    21, -9.216308593750e-01, 9.389133618500e-05, 0.0000e+00, 0.0000e+00, 
 1DIAGNOSTIC,    22, -9.218139648438e-01, 8.115325285714e-05, 0.0000e+00, 0.0000e+00, 
 1DIAGNOSTIC,    23, -9.220581054688e-01, 7.188301849665e-05, 0.0000e+00, 0.0000e+00, 
 1DIAGNOSTIC,    24, -9.222412109375e-01, 6.379188965502e-05, 0.0000e+00, 0.0000e+00, 
 1DIAGNOSTIC,    25, -9.223632812500e-01, 5.649827443000e-05, 0.0000e+00, 0.0000e+00, 
 1DIAGNOSTIC,    26, -9.224853515625e-01, 4.962518351009e-05, 0.0000e+00, 0.0000e+00, 
 1DIAGNOSTIC,    27, -9.226074218750e-01, 4.428758006535e-05, 0.0000e+00, 0.0000e+00, 
 1DIAGNOSTIC,    28, -9.227294921875e-01, 3.926886082497e-05, 0.0000e+00, 0.0000e+00, 
 1DIAGNOSTIC,    29, -9.228515625000e-01, 3.486284490982e-05, 0.0000e+00, 0.0000e+00, 
 1DIAGNOSTIC,    30, -9.229125976562e-01, 3.070767484444e-05, 0.0000e+00, 0.0000e+00, 
 1DIAGNOSTIC,    31, -9.230346679688e-01, 2.707872497591e-05, 0.0000e+00, 0.0000e+00, 
 1DIAGNOSTIC,    32, -9.230957031250e-01, 2.352840287601e-05, 0.0000e+00, 0.0000e+00, 
 1DIAGNOSTIC,    33, -9.231567382812e-01, 2.090112382881e-05, 0.0000e+00, 0.0000e+00, 
 1DIAGNOSTIC,    34, -9.232177734375e-01, 1.876169129762e-05, 0.0000e+00, 0.0000e+00, 
 1DIAGNOSTIC,    35, -9.233398437500e-01, 1.721082990366e-05, 0.0000e+00, 0.0000e+00, 
 1DIAGNOSTIC,    36, -9.233398437500e-01, 1.522743432828e-05, 0.0000e+00, 0.0000e+00, 
 1DIAGNOSTIC,    37, -9.234008789062e-01, 1.353325346193e-05, 0.0000e+00, 0.0000e+00, 
 1DIAGNOSTIC,    38, -9.234619140625e-01, 1.221338269051e-05, 0.0000e+00, 0.0000e+00, 
 1DIAGNOSTIC,    39, -9.235229492188e-01, 1.133054368679e-05, 0.0000e+00, 0.0000e+00, 
 1DIAGNOSTIC,    40, -9.235229492188e-01, 9.947093126784e-06, 0.0000e+00, 0.0000e+00, 
 1DIAGNOSTIC,    41, -9.235839843750e-01, 9.162966234984e-06, 0.0000e+00, 0.0000e+00, 
 1DIAGNOSTIC,    42, -9.236450195312e-01, 8.522763680702e-06, 0.0000e+00, 0.0000e+00, 
 1DIAGNOSTIC,    43, -9.236450195312e-01, 7.605499220714e-06, 0.0000e+00, 0.0000e+00, 
 1DIAGNOSTIC,    44, -9.237060546875e-01, 6.932593180780e-06, 0.0000e+00, 0.0000e+00, 
 1DIAGNOSTIC,    45, -9.237060546875e-01, 6.552970816212e-06, 0.0000e+00, 0.0000e+00, 
 1DIAGNOSTIC,    46, -9.237060546875e-01, 5.642148564834e-06, 0.0000e+00, 0.0000e+00, 
 1DIAGNOSTIC,    47, -9.237060546875e-01, 4.703931508050e-06, 0.0000e+00, 0.0000e+00, 
 1DIAGNOSTIC,    48, -9.237670898438e-01, 4.211398892156e-06, 0.0000e+00, 0.0000e+00, 
 1DIAGNOSTIC,    49, -9.237670898438e-01, 3.791447721817e-06, 0.0000e+00, 0.0000e+00, 
 1DIAGNOSTIC,    50, -9.237670898438e-01, 3.097978031379e-06, 0.0000e+00, 0.0000e+00, 
 1DIAGNOSTIC,    51, -9.237670898438e-01, 2.580452361695e-06, 0.0000e+00, 0.0000e+00, 
 1DIAGNOSTIC,    52, -9.237670898438e-01, 2.274000777722e-06, 0.0000e+00, 0.0000e+00, 
 1DIAGNOSTIC,    53, -9.238281250000e-01, 2.172172054553e-06, 0.0000e+00, 0.0000e+00, 
 1DIAGNOSTIC,    54, -9.238281250000e-01, 2.273787294733e-06, 0.0000e+00, 0.0000e+00, 
 1DIAGNOSTIC,    55, -9.238281250000e-01, 2.232323296086e-06, 0.0000e+00, 0.0000e+00, 
 1DIAGNOSTIC,    56, -9.238281250000e-01, 2.055470618406e-06, 0.0000e+00, 0.0000e+00, 
 1DIAGNOSTIC,    57, -9.238281250000e-01, 1.743428745482e-06, 0.0000e+00, 0.0000e+00, 
 1DIAGNOSTIC,    58, -9.238281250000e-01, 1.659600785582e-06, 0.0000e+00, 0.0000e+00, 
 1DIAGNOSTIC,    59, -9.238281250000e-01, 1.482395136160e-06, 0.0000e+00, 0.0000e+00, 
 1DIAGNOSTIC,    60, -9.238281250000e-01, 1.237150866511e-06, 0.0000e+00, 0.0000e+00, 
 1DIAGNOSTIC,    61, -9.238281250000e-01, 9.471013943142e-07, 0.0000e+00, 0.0000e+00, 
XXDIAGNOSTIC,Iteration,metricValue,convergenceValue,ITERATION_TIME_INDEX,SINCE_LAST
 1DIAGNOSTIC,     1, -8.392944335938e-01, 1.797693134862e+308, 0.0000e+00, 0.0000e+00, 
 1DIAGNOSTIC,     2, -8.437500000000e-01, 1.797693134862e+308, 0.0000e+00, 0.0000e+00, 
 1DIAGNOSTIC,     3, -8.474121093750e-01, 1.797693134862e+308, 0.0000e+00, 0.0000e+00, 
 1DIAGNOSTIC,     4, -8.507080078125e-01, 1.797693134862e+308, 0.0000e+00, 0.0000e+00, 
 1DIAGNOSTIC,     5, -8.533935546875e-01, 1.797693134862e+308, 0.0000e+00, 0.0000e+00, 
 1DIAGNOSTIC,     6, -8.558959960938e-01, 1.797693134862e+308, 0.0000e+00, 0.0000e+00, 
 1DIAGNOSTIC,     7, -8.580932617188e-01, 1.797693134862e+308, 0.0000e+00, 0.0000e+00, 
 1DIAGNOSTIC,     8, -8.600463867188e-01, 1.797693134862e+308, 0.0000e+00, 0.0000e+00, 
 1DIAGNOSTIC,     9, -8.618774414062e-01, 1.797693134862e+308, 0.0000e+00, 0.0000e+00, 
 1DIAGNOSTIC,    10, -8.635253906250e-01, 1.762244499917e-03, 0.0000e+00, 0.0000e+00, 
 1DIAGNOSTIC,    11, -8.649902343750e-01, 1.413471529157e-03, 0.0000e+00, 0.0000e+00, 
 1DIAGNOSTIC,    12, -8.663940429688e-01, 1.157410240119e-03, 0.0000e+00, 0.0000e+00, 
 1DIAGNOSTIC,    13, -8.676147460938e-01, 9.599973705126e-04, 0.0000e+00, 0.0000e+00, 
 1DIAGNOSTIC,    14, -8.688964843750e-01, 8.114383963484e-04, 0.0000e+00, 0.0000e+00, 
 1DIAGNOSTIC,    15, -8.700561523438e-01, 6.928619645228e-04, 0.0000e+00, 0.0000e+00, 
 1DIAGNOSTIC,    16, -8.712768554688e-01, 6.021024996769e-04, 0.0000e+00, 0.0000e+00, 
 1DIAGNOSTIC,    17, -8.723754882812e-01, 5.302661131659e-04, 0.0000e+00, 0.0000e+00, 
 1DIAGNOSTIC,    18, -8.733520507812e-01, 4.708348330592e-04, 0.0000e+00, 0.0000e+00, 
 1DIAGNOSTIC,    19, -8.743896484375e-01, 4.235962754866e-04, 0.0000e+00, 0.0000e+00, 
 1DIAGNOSTIC,    20, -8.752441406250e-01, 3.826860524598e-04, 0.0000e+00, 0.0000e+00, 
 1DIAGNOSTIC,    21, -8.759765625000e-01, 3.442828122809e-04, 0.0000e+00, 0.0000e+00, 
 1DIAGNOSTIC,    22, -8.768310546875e-01, 3.109399814564e-04, 0.0000e+00, 0.0000e+00, 
 1DIAGNOSTIC,    23, -8.775634765625e-01, 2.791472362549e-04, 0.0000e+00, 0.0000e+00, 
 1DIAGNOSTIC,    24, -8.783569335938e-01, 2.521475633454e-04, 0.0000e+00, 0.0000e+00, 
 1DIAGNOSTIC,    25, -8.789062500000e-01, 2.259338669187e-04, 0.0000e+00, 0.0000e+00, 
 1DIAGNOSTIC,    26, -8.795166015625e-01, 2.035968869448e-04, 0.0000e+00, 0.0000e+00, 
 1DIAGNOSTIC,    27, -8.800659179688e-01, 1.837046751787e-04, 0.0000e+00, 0.0000e+00, 
 1DIAGNOSTIC,    28, -8.806152343750e-01, 1.656444262007e-04, 0.0000e+00, 0.0000e+00, 
 1DIAGNOSTIC,    29, -8.810424804688e-01, 1.496838531064e-04, 0.0000e+00, 0.0000e+00, 
 1DIAGNOSTIC,    30, -8.814697265625e-01, 1.346704711017e-04, 0.0000e+00, 0.0000e+00, 
 1DIAGNOSTIC,    31, -8.818969726562e-01, 1.201077283549e-04, 0.0000e+00, 0.0000e+00, 
 1DIAGNOSTIC,    32, -8.822021484375e-01, 1.069054522013e-04, 0.0000e+00, 0.0000e+00, 
 1DIAGNOSTIC,    33, -8.825683593750e-01, 9.522853126200e-05, 0.0000e+00, 0.0000e+00, 
 1DIAGNOSTIC,    34, -8.828735351562e-01, 8.579044537059e-05, 0.0000e+00, 0.0000e+00, 
 1DIAGNOSTIC,    35, -8.831176757812e-01, 7.615970459761e-05, 0.0000e+00, 0.0000e+00, 
 1DIAGNOSTIC,    36, -8.833618164062e-01, 6.760572183037e-05, 0.0000e+00, 0.0000e+00, 
 1DIAGNOSTIC,    37, -8.836059570312e-01, 6.009882154592e-05, 0.0000e+00, 0.0000e+00, 
 1DIAGNOSTIC,    38, -8.837890625000e-01, 5.358805916396e-05, 0.0000e+00, 0.0000e+00, 
 1DIAGNOSTIC,    39, -8.839721679688e-01, 4.744857662744e-05, 0.0000e+00, 0.0000e+00, 
 1DIAGNOSTIC,    40, -8.841552734375e-01, 4.210507974500e-05, 0.0000e+00, 0.0000e+00, 
 1DIAGNOSTIC,    41, -8.843383789062e-01, 3.791319285648e-05, 0.0000e+00, 0.0000e+00, 
 1DIAGNOSTIC,    42, -8.845214843750e-01, 3.411795890861e-05, 0.0000e+00, 0.0000e+00, 
 1DIAGNOSTIC,    43, -8.846435546875e-01, 3.098195933445e-05, 0.0000e+00, 0.0000e+00, 
 1DIAGNOSTIC,    44, -8.848266601562e-01, 2.870996781842e-05, 0.0000e+00, 0.0000e+00, 
 1DIAGNOSTIC,    45, -8.849487304688e-01, 2.648442550645e-05, 0.0000e+00, 0.0000e+00, 
 1DIAGNOSTIC,    46, -8.850097656250e-01, 2.402681626419e-05, 0.0000e+00, 0.0000e+00, 
 1DIAGNOSTIC,    47, -8.850097656250e-01, 2.113666747833e-05, 0.0000e+00, 0.0000e+00, 
 1DIAGNOSTIC,    48, -8.851928710938e-01, 1.890104361584e-05, 0.0000e+00, 0.0000e+00, 
 1DIAGNOSTIC,    49, -8.853149414062e-01, 1.699592505545e-05, 0.0000e+00, 0.0000e+00, 
 1DIAGNOSTIC,    50, -8.853149414062e-01, 1.477207896025e-05, 0.0000e+00, 0.0000e+00, 
 1DIAGNOSTIC,    51, -8.853759765625e-01, 1.286540825733e-05, 0.0000e+00, 0.0000e+00, 
 1DIAGNOSTIC,    52, -8.854980468750e-01, 1.178000787416e-05, 0.0000e+00, 0.0000e+00, 
 1DIAGNOSTIC,    53, -8.854980468750e-01, 1.037093453813e-05, 0.0000e+00, 0.0000e+00, 
 1DIAGNOSTIC,    54, -8.854980468750e-01, 9.173390533534e-06, 0.0000e+00, 0.0000e+00, 
 1DIAGNOSTIC,    55, -8.856201171875e-01, 8.665307005429e-06, 0.0000e+00, 0.0000e+00, 
 1DIAGNOSTIC,    56, -8.857421875000e-01, 8.468840038325e-06, 0.0000e+00, 0.0000e+00, 
 1DIAGNOSTIC,    57, -8.857421875000e-01, 7.487030889250e-06, 0.0000e+00, 0.0000e+00, 
 1DIAGNOSTIC,    58, -8.857421875000e-01, 6.913364080759e-06, 0.0000e+00, 0.0000e+00, 
 1DIAGNOSTIC,    59, -8.858642578125e-01, 7.125746262156e-06, 0.0000e+00, 0.0000e+00, 
 1DIAGNOSTIC,    60, -8.859252929688e-01, 7.005698453959e-06, 0.0000e+00, 0.0000e+00, 
 1DIAGNOSTIC,    61, -8.859252929688e-01, 6.569735677846e-06, 0.0000e+00, 0.0000e+00, 
 1DIAGNOSTIC,    62, -8.859252929688e-01, 6.238470598975e-06, 0.0000e+00, 0.0000e+00, 
 1DIAGNOSTIC,    63, -8.860473632812e-01, 6.027042150043e-06, 0.0000e+00, 0.0000e+00, 
 1DIAGNOSTIC,    64, -8.860473632812e-01, 5.262524066140e-06, 0.0000e+00, 0.0000e+00, 
 1DIAGNOSTIC,    65, -8.860473632812e-01, 4.665176537647e-06, 0.0000e+00, 0.0000e+00, 
 1DIAGNOSTIC,    66, -8.861083984375e-01, 4.612375158405e-06, 0.0000e+00, 0.0000e+00, 
 1DIAGNOSTIC,    67, -8.862304687500e-01, 4.765589351297e-06, 0.0000e+00, 0.0000e+00, 
 1DIAGNOSTIC,    68, -8.861694335938e-01, 4.184628220293e-06, 0.0000e+00, 0.0000e+00, 
 1DIAGNOSTIC,    69, -8.861694335938e-01, 3.855319695900e-06, 0.0000e+00, 0.0000e+00, 
 1DIAGNOSTIC,    70, -8.862915039062e-01, 4.079740513991e-06, 0.0000e+00, 0.0000e+00, 
XXDIAGNOSTIC,Iteration,metricValue,convergenceValue,ITERATION_TIME_INDEX,SINCE_LAST
 1DIAGNOSTIC,     1, -8.489990234375e-01, 1.797693134862e+308, 0.0000e+00, 0.0000e+00, 
 1DIAGNOSTIC,     2, -8.523559570312e-01, 1.797693134862e+308, 0.0000e+00, 0.0000e+00, 
 1DIAGNOSTIC,     3, -8.555297851562e-01, 1.797693134862e+308, 0.0000e+00, 0.0000e+00, 
 1DIAGNOSTIC,     4, -8.588256835938e-01, 1.797693134862e+308, 0.0000e+00, 0.0000e+00, 
 1DIAGNOSTIC,     5, -8.618164062500e-01, 1.797693134862e+308, 0.0000e+00, 0.0000e+00, 
 1DIAGNOSTIC,     6, -8.646850585938e-01, 1.797693134862e+308, 0.0000e+00, 0.0000e+00, 
 1DIAGNOSTIC,     7, -8.672485351562e-01, 1.797693134862e+308, 0.0000e+00, 0.0000e+00, 
 1DIAGNOSTIC,     8, -8.695678710938e-01, 1.797693134862e+308, 0.0000e+00, 0.0000e+00, 
 1DIAGNOSTIC,     9, -8.716430664062e-01, 1.797693134862e+308, 0.0000e+00, 0.0000e+00, 
 1DIAGNOSTIC,    10, -8.734130859375e-01, 1.833736308075e-03, 0.0000e+00, 0.0000e+00, 
 1DIAGNOSTIC,    11, -8.751831054688e-01, 1.544101979739e-03, 0.0000e+00, 0.0000e+00, 
 1DIAGNOSTIC,    12, -8.764038085938e-01, 1.288944968497e-03, 0.0000e+00, 0.0000e+00, 
 1DIAGNOSTIC,    13, -8.778686523438e-01, 1.073255928917e-03, 0.0000e+00, 0.0000e+00, 
 1DIAGNOSTIC,    14, -8.790283203125e-01, 8.946074794534e-04, 0.0000e+00, 0.0000e+00, 
 1DIAGNOSTIC,    15, -8.801269531250e-01, 7.468475213678e-04, 0.0000e+00, 0.0000e+00, 
 1DIAGNOSTIC,    16, -8.809204101562e-01, 6.235555257656e-04, 0.0000e+00, 0.0000e+00, 
 1DIAGNOSTIC,    17, -8.816528320312e-01, 5.205172992538e-04, 0.0000e+00, 0.0000e+00, 
 1DIAGNOSTIC,    18, -8.823242187500e-01, 4.348571771568e-04, 0.0000e+00, 0.0000e+00, 
 1DIAGNOSTIC,    19, -8.829345703125e-01, 3.637820349784e-04, 0.0000e+00, 0.0000e+00, 
 1DIAGNOSTIC,    20, -8.834838867188e-01, 3.035666934165e-04, 0.0000e+00, 0.0000e+00, 
 1DIAGNOSTIC,    21, -8.840332031250e-01, 2.568324427038e-04, 0.0000e+00, 0.0000e+00, 
 1DIAGNOSTIC,    22, -8.845214843750e-01, 2.155136817008e-04, 0.0000e+00, 0.0000e+00, 
 1DIAGNOSTIC,    23, -8.850097656250e-01, 1.851848487321e-04, 0.0000e+00, 0.0000e+00, 
 1DIAGNOSTIC,    24, -8.854370117188e-01, 1.614139698696e-04, 0.0000e+00, 0.0000e+00, 
 1DIAGNOSTIC,    25, -8.858032226562e-01, 1.434319103189e-04, 0.0000e+00, 0.0000e+00, 
 1DIAGNOSTIC,    26, -8.862304687500e-01, 1.286045189350e-04, 0.0000e+00, 0.0000e+00, 
 1DIAGNOSTIC,    27, -8.865356445312e-01, 1.152155536113e-04, 0.0000e+00, 0.0000e+00, 
 1DIAGNOSTIC,    28, -8.869018554688e-01, 1.039709362582e-04, 0.0000e+00, 0.0000e+00, 
 1DIAGNOSTIC,    29, -8.872070312500e-01, 9.394634153539e-05, 0.0000e+00, 0.0000e+00, 
 1DIAGNOSTIC,    30, -8.875122070312e-01, 8.497114857081e-05, 0.0000e+00, 0.0000e+00, 
 1DIAGNOSTIC,    31, -8.877563476562e-01, 7.686094153253e-05, 0.0000e+00, 0.0000e+00, 
 1DIAGNOSTIC,    32, -8.880615234375e-01, 7.004497600706e-05, 0.0000e+00, 0.0000e+00, 
 1DIAGNOSTIC,    33, -8.883056640625e-01, 6.421317067093e-05, 0.0000e+00, 0.0000e+00, 
 1DIAGNOSTIC,    34, -8.885498046875e-01, 5.907214529170e-05, 0.0000e+00, 0.0000e+00, 
 1DIAGNOSTIC,    35, -8.887939453125e-01, 5.429044515666e-05, 0.0000e+00, 0.0000e+00, 
 1DIAGNOSTIC,    36, -8.890380859375e-01, 5.070596104788e-05, 0.0000e+00, 0.0000e+00, 
 1DIAGNOSTIC,    37, -8.892822265625e-01, 4.732236323704e-05, 0.0000e+00, 0.0000e+00, 
 1DIAGNOSTIC,    38, -8.895263671875e-01, 4.484637855704e-05, 0.0000e+00, 0.0000e+00, 
 1DIAGNOSTIC,    39, -8.897705078125e-01, 4.282135944753e-05, 0.0000e+00, 0.0000e+00, 
 1DIAGNOSTIC,    40, -8.899536132812e-01, 4.081415750140e-05, 0.0000e+00, 0.0000e+00, 
 1DIAGNOSTIC,    41, -8.901977539062e-01, 3.890570618290e-05, 0.0000e+00, 0.0000e+00, 
 1DIAGNOSTIC,    42, -8.904418945312e-01, 3.763876888885e-05, 0.0000e+00, 0.0000e+00, 
 1DIAGNOSTIC,    43, -8.906250000000e-01, 3.608093154943e-05, 0.0000e+00, 0.0000e+00, 
 1DIAGNOSTIC,    44, -8.908081054688e-01, 3.433833442074e-05, 0.0000e+00, 0.0000e+00, 
 1DIAGNOSTIC,    45, -8.909912109375e-01, 3.251118152151e-05, 0.0000e+00, 0.0000e+00, 
 1DIAGNOSTIC,    46, -8.911743164062e-01, 3.069347998978e-05, 0.0000e+00, 0.0000e+00, 
 1DIAGNOSTIC,    47, -8.913574218750e-01, 2.898335012927e-05, 0.0000e+00, 0.0000e+00, 
 1DIAGNOSTIC,    48, -8.915405273438e-01, 2.748316982784e-05, 0.0000e+00, 0.0000e+00, 
 1DIAGNOSTIC,    49, -8.916625976562e-01, 2.588146830112e-05, 0.0000e+00, 0.0000e+00, 
 1DIAGNOSTIC,    50, -8.918457031250e-01, 2.427703464256e-05, 0.0000e+00, 0.0000e+00, 
XXDIAGNOSTIC,Iteration,metricValue,convergenceValue,ITERATION_TIME_INDEX,SINCE_LAST
 1DIAGNOSTIC,     1, -8.667602539062e-01, 1.797693134862e+308, 0.0000e+00, 0.0000e+00, 
 1DIAGNOSTIC,     2, -8.678588867188e-01, 1.797693134862e+308, 0.0000e+00, 0.0000e+00, 
 1DIAGNOSTIC,     3, -8.692016601562e-01, 1.797693134862e+308, 0.0000e+00, 0.0000e+00, 
 1DIAGNOSTIC,     4, -8.705444335938e-01, 1.797693134862e+308, 0.0000e+00, 0.0000e+00, 
 1DIAGNOSTIC,     5, -8.718872070312e-01, 1.797693134862e+308, 0.0000e+00, 0.0000e+00, 
 1DIAGNOSTIC,     6, -8.732299804688e-01, 1.797693134862e+308, 0.0000e+00, 0.0000e+00, 
 1DIAGNOSTIC,     7, -8.743896484375e-01, 1.797693134862e+308, 0.0000e+00, 0.0000e+00, 
 1DIAGNOSTIC,     8, -8.756103515625e-01, 1.797693134862e+308, 0.0000e+00, 0.0000e+00, 
 1DIAGNOSTIC,     9, -8.766479492188e-01, 1.797693134862e+308, 0.0000e+00, 0.0000e+00, 
 1DIAGNOSTIC,    10, -8.777465820312e-01, 8.242318274076e-04, 0.0000e+00, 0.0000e+00, 
 1DIAGNOSTIC,    11, -8.787231445312e-01, 7.299624078085e-04, 0.0000e+00, 0.0000e+00, 
 1DIAGNOSTIC,    12, -8.796386718750e-01, 6.402163803066e-04, 0.0000e+00, 0.0000e+00, 
 1DIAGNOSTIC,    13, -8.804931640625e-01, 5.611601254856e-04, 0.0000e+00, 0.0000e+00, 
 1DIAGNOSTIC,    14, -8.812255859375e-01, 4.903171501741e-04, 0.0000e+00, 0.0000e+00, 
 1DIAGNOSTIC,    15, -8.818969726562e-01, 4.275196365608e-04, 0.0000e+00, 0.0000e+00, 
 1DIAGNOSTIC,    16, -8.826293945312e-01, 3.753177595462e-04, 0.0000e+00, 0.0000e+00, 
 1DIAGNOSTIC,    17, -8.832397460938e-01, 3.282300812249e-04, 0.0000e+00, 0.0000e+00, 
 1DIAGNOSTIC,    18, -8.839111328125e-01, 2.900545425252e-04, 0.0000e+00, 0.0000e+00, 
 1DIAGNOSTIC,    19, -8.844604492188e-01, 2.559392321960e-04, 0.0000e+00, 0.0000e+00, 
 1DIAGNOSTIC,    20, -8.850708007812e-01, 2.290734192196e-04, 0.0000e+00, 0.0000e+00, 
  Elapsed time (stage 0): 0


Total elapsed time: 0
