
##########################
# Experiment information #
##########################

EXPERIMENT_NAME: antsRegistration-r7-p9
VFC_BACKENDS: libinterflop_vprec.so --range-binary32=7 --precision-binary32=9 --range-binary64=7 --precision-binary64=9

SIF_IMG: /home/mdugre/projects/rrg-glatard/mdugre/containers/ants-vprec-no_metrics.simg

SUBJECT_ID: s036
INPUT_IMG: /home/mdugre/scratch/mri-registration-rp/datasets/ds004513/derivatives/mri-registration-rp/antsBrainExtraction/sub-s036/BrainExtractionBrain.nii.gz
OUTPUT_DIR: /home/mdugre/scratch/mri-registration-rp/datasets/ds004513/derivatives/mri-registration-rp/0011/antsRegistration-r7-p9/sub-s036

FIXED_IMG: /templateflow/tpl-MNI152NLin2009cAsym/tpl-MNI152NLin2009cAsym_res-01_desc-brain_T1w.nii.gz
DATA_DIR: /home/mdugre/scratch/mri-registration-rp/datasets/ds004513
TEMPLATEFLOW_DIR: /home/mdugre/projects/rrg-glatard/mdugre/templateflow
ITK_GLOBAL_DEFAULT_NUMBER_OF_THREADS: 16
##########################

Info [verificarlo]: loaded backend libinterflop_ieee.so
Info [interflop-ieee]: load backend with:
Info [interflop-ieee]: debug = false
Info [interflop-ieee]: debug-binary = false
Info [interflop-ieee]: no-backend-name = false
Info [interflop-ieee]: print-new-line = false
Info [interflop-ieee]: print-subnormal-normalized = false
Info [interflop-ieee]: count-op = false
All_Command_lines_OK
Using double precision for computations.
=============================================================================
The composite transform comprises the following transforms (in order): 
  1. Center of mass alignment using fixed image: /templateflow/tpl-MNI152NLin2009cAsym/tpl-MNI152NLin2009cAsym_res-01_desc-brain_T1w.nii.gz and moving image: /home/mdugre/scratch/mri-registration-rp/datasets/ds004513/derivatives/mri-registration-rp/antsBrainExtraction/sub-s036/BrainExtractionBrain.nii.gz (type = Euler3DTransform)
=============================================================================
  number of levels = 1
  fixed image: /templateflow/tpl-MNI152NLin2009cAsym/tpl-MNI152NLin2009cAsym_res-01_desc-brain_T1w.nii.gz
  moving image: /home/mdugre/scratch/mri-registration-rp/datasets/ds004513/derivatives/mri-registration-rp/antsBrainExtraction/sub-s036/BrainExtractionBrain.nii.gz
Dimension = 3
Number of stages = 1
Use histogram matching = false
Winsorize image intensities = true
  Lower quantile = 0.005
  Upper quantile = 0.995


Stage 1 State
   Image metric = MattesMI
     Fixed image = Image (0x34d0bd0)
  RTTI typeinfo:   itk::Image<double, 3u>
  Reference Count: 2
  Modified Time: 2330
  Debug: Off
  Object Name: 
  Observers: 
    none
  Source: (none)
  Source output name: (none)
  Release Data: Off
  Data Released: False
  Global Release Data: Off
  PipelineMTime: 0
  UpdateMTime: 1941
  RealTimeStamp: 0 seconds 
  LargestPossibleRegion: 
    Dimension: 3
    Index: [0, 0, 0]
    Size: [193, 229, 193]
  BufferedRegion: 
    Dimension: 3
    Index: [0, 0, 0]
    Size: [193, 229, 193]
  RequestedRegion: 
    Dimension: 3
    Index: [0, 0, 0]
    Size: [193, 229, 193]
  Spacing: [1, 1, 1]
  Origin: [96, 132, -78]
  Direction: 
-1 0 0
0 -1 0
0 0 1

  IndexToPointMatrix: 
-1 0 0
0 -1 0
0 0 1

  PointToIndexMatrix: 
-1 0 0
0 -1 0
0 0 1

  Inverse Direction: 
-1 0 0
0 -1 0
0 0 1

  PixelContainer: 
    ImportImageContainer (0x3528930)
      RTTI typeinfo:   itk::ImportImageContainer<unsigned long, double>
      Reference Count: 1
      Modified Time: 1938
      Debug: Off
      Object Name: 
      Observers: 
        none
      Pointer: 0x1484bef77010
      Container manages memory: true
      Size: 8530021
      Capacity: 8530021

     Moving image = Image (0x34dabd0)
  RTTI typeinfo:   itk::Image<double, 3u>
  Reference Count: 2
  Modified Time: 2331
  Debug: Off
  Object Name: 
  Observers: 
    none
  Source: (none)
  Source output name: (none)
  Release Data: Off
  Data Released: False
  Global Release Data: Off
  PipelineMTime: 0
  UpdateMTime: 2328
  RealTimeStamp: 0 seconds 
  LargestPossibleRegion: 
    Dimension: 3
    Index: [0, 0, 0]
    Size: [160, 240, 256]
  BufferedRegion: 
    Dimension: 3
    Index: [0, 0, 0]
    Size: [160, 240, 256]
  RequestedRegion: 
    Dimension: 3
    Index: [0, 0, 0]
    Size: [160, 240, 256]
  Spacing: [1, 1, 1]
  Origin: [79.8347, 99.8062, -127]
  Direction: 
-0.99945 -0.0331552 0
0.0331552 -0.99945 0
0 0 1

  IndexToPointMatrix: 
-0.99945 -0.0331552 0
0.0331552 -0.99945 0
0 0 1

  PointToIndexMatrix: 
-0.99945 0.0331552 0
-0.0331552 -0.99945 0
0 0 1

  Inverse Direction: 
-0.99945 0.0331552 0
-0.0331552 -0.99945 0
0 0 1

  PixelContainer: 
    ImportImageContainer (0x3500850)
      RTTI typeinfo:   itk::ImportImageContainer<unsigned long, double>
      Reference Count: 1
      Modified Time: 2325
      Debug: Off
      Object Name: 
      Observers: 
        none
      Pointer: 0x1484ba476010
      Container manages memory: true
      Size: 9830400
      Capacity: 9830400

     Weighting = 1
     Sampling strategy = regular
     Number of bins = 32
     Radius = 4
     Sampling percentage  = 0.25
   Transform = Rigid
     Gradient step = 0.1
     Update field sigma (voxel space) = 0
     Total field sigma (voxel space) = 0
     Update field time sigma = 0
     Total field time sigma  = 0
     Number of time indices = 0
     Number of time point samples = 0
Registration using 1 total stages.

Stage 0
  iterations = 0
  convergence threshold = 1e-06
  convergence window size = 10
  number of levels = 1
  using the Mattes MI metric (number of bins = 32, weight = 1, use gradient filter = 0)
  preprocessing:  winsorizing the image intensities
  Shrink factors (level 1 out of 1): [1, 1, 1]
  smoothing sigmas per level: [0]
  regular sampling (percentage = 0.25)

*** Running Euler3DTransform registration ***

  Elapsed time (stage 0): 1.17021


Total elapsed time: 1.17238
Info [verificarlo]: loaded backend libinterflop_ieee.so
Info [interflop-ieee]: load backend with:
Info [interflop-ieee]: debug = false
Info [interflop-ieee]: debug-binary = false
Info [interflop-ieee]: no-backend-name = false
Info [interflop-ieee]: print-new-line = false
Info [interflop-ieee]: print-subnormal-normalized = false
Info [interflop-ieee]: count-op = false
All_Command_lines_OK
Using double precision for computations.
=============================================================================
The composite transform comprises the following transforms (in order): 
  1. /home/mdugre/scratch/mri-registration-rp/datasets/ds004513/derivatives/mri-registration-rp/0011/antsRegistration-r7-p9/sub-s036/align_Composite.h5[0] (type = Euler3DTransform)
  2. /home/mdugre/scratch/mri-registration-rp/datasets/ds004513/derivatives/mri-registration-rp/0011/antsRegistration-r7-p9/sub-s036/align_Composite.h5[1] (type = Euler3DTransform)
=============================================================================
  number of levels = 4
  fixed image: /templateflow/tpl-MNI152NLin2009cAsym/tpl-MNI152NLin2009cAsym_res-01_desc-brain_T1w.nii.gz
  moving image: /home/mdugre/scratch/mri-registration-rp/datasets/ds004513/derivatives/mri-registration-rp/antsBrainExtraction/sub-s036/BrainExtractionBrain.nii.gz
Dimension = 3
Number of stages = 1
Use histogram matching = false
Winsorize image intensities = true
  Lower quantile = 0.005
  Upper quantile = 0.995


Stage 1 State
   Image metric = MattesMI
     Fixed image = Image (0x445e530)
  RTTI typeinfo:   itk::Image<double, 3u>
  Reference Count: 2
  Modified Time: 1578
  Debug: Off
  Object Name: 
  Observers: 
    none
  Source: (none)
  Source output name: (none)
  Release Data: Off
  Data Released: False
  Global Release Data: Off
  PipelineMTime: 0
  UpdateMTime: 1189
  RealTimeStamp: 0 seconds 
  LargestPossibleRegion: 
    Dimension: 3
    Index: [0, 0, 0]
    Size: [193, 229, 193]
  BufferedRegion: 
    Dimension: 3
    Index: [0, 0, 0]
    Size: [193, 229, 193]
  RequestedRegion: 
    Dimension: 3
    Index: [0, 0, 0]
    Size: [193, 229, 193]
  Spacing: [1, 1, 1]
  Origin: [96, 132, -78]
  Direction: 
-1 0 0
0 -1 0
0 0 1

  IndexToPointMatrix: 
-1 0 0
0 -1 0
0 0 1

  PointToIndexMatrix: 
-1 0 0
0 -1 0
0 0 1

  Inverse Direction: 
-1 0 0
0 -1 0
0 0 1

  PixelContainer: 
    ImportImageContainer (0x451cd60)
      RTTI typeinfo:   itk::ImportImageContainer<unsigned long, double>
      Reference Count: 1
      Modified Time: 1186
      Debug: Off
      Object Name: 
      Observers: 
        none
      Pointer: 0x15217e111010
      Container manages memory: true
      Size: 8530021
      Capacity: 8530021

     Moving image = Image (0x450ef60)
  RTTI typeinfo:   itk::Image<double, 3u>
  Reference Count: 2
  Modified Time: 1579
  Debug: Off
  Object Name: 
  Observers: 
    none
  Source: (none)
  Source output name: (none)
  Release Data: Off
  Data Released: False
  Global Release Data: Off
  PipelineMTime: 0
  UpdateMTime: 1576
  RealTimeStamp: 0 seconds 
  LargestPossibleRegion: 
    Dimension: 3
    Index: [0, 0, 0]
    Size: [160, 240, 256]
  BufferedRegion: 
    Dimension: 3
    Index: [0, 0, 0]
    Size: [160, 240, 256]
  RequestedRegion: 
    Dimension: 3
    Index: [0, 0, 0]
    Size: [160, 240, 256]
  Spacing: [1, 1, 1]
  Origin: [79.8347, 99.8062, -127]
  Direction: 
-0.99945 -0.0331552 0
0.0331552 -0.99945 0
0 0 1

  IndexToPointMatrix: 
-0.99945 -0.0331552 0
0.0331552 -0.99945 0
0 0 1

  PointToIndexMatrix: 
-0.99945 0.0331552 0
-0.0331552 -0.99945 0
0 0 1

  Inverse Direction: 
-0.99945 0.0331552 0
-0.0331552 -0.99945 0
0 0 1

  PixelContainer: 
    ImportImageContainer (0x45006d0)
      RTTI typeinfo:   itk::ImportImageContainer<unsigned long, double>
      Reference Count: 1
      Modified Time: 1573
      Debug: Off
      Object Name: 
      Observers: 
        none
      Pointer: 0x152179610010
      Container manages memory: true
      Size: 9830400
      Capacity: 9830400

     Weighting = 1
     Sampling strategy = regular
     Number of bins = 32
     Radius = 4
     Sampling percentage  = 0.25
   Transform = Rigid
     Gradient step = 0.1
     Update field sigma (voxel space) = 0
     Total field sigma (voxel space) = 0
     Update field time sigma = 0
     Total field time sigma  = 0
     Number of time indices = 0
     Number of time point samples = 0
Registration using 1 total stages.

Stage 0
  iterations = 1000x500x250x100
  convergence threshold = 1e-06
  convergence window size = 10
  number of levels = 4
  using the Mattes MI metric (number of bins = 32, weight = 1, use gradient filter = 0)
  preprocessing:  winsorizing the image intensities
  Shrink factors (level 1 out of 4): [8, 8, 8]
  Shrink factors (level 2 out of 4): [4, 4, 4]
  Shrink factors (level 3 out of 4): [2, 2, 2]
  Shrink factors (level 4 out of 4): [1, 1, 1]
  smoothing sigmas per level: [3, 2, 1, 0]
  regular sampling (percentage = 0.25)

*** Running Euler3DTransform registration ***

DIAGNOSTIC,Iteration,metricValue,convergenceValue,ITERATION_TIME_INDEX,SINCE_LAST
 2DIAGNOSTIC,     1, -5.134042275963e-01, 1.797693134862e+308, 7.7607e-01, 7.7607e-01, 
 2DIAGNOSTIC,     2, -5.146486950587e-01, 1.797693134862e+308, 7.8185e-01, 5.7771e-03, 
 2DIAGNOSTIC,     3, -5.161010835154e-01, 1.797693134862e+308, 7.8752e-01, 5.6710e-03, 
 2DIAGNOSTIC,     4, -5.181180880641e-01, 1.797693134862e+308, 7.9329e-01, 5.7759e-03, 
 2DIAGNOSTIC,     5, -5.195477119339e-01, 1.797693134862e+308, 7.9811e-01, 4.8201e-03, 
 2DIAGNOSTIC,     6, -5.232994303602e-01, 1.797693134862e+308, 8.0345e-01, 5.3401e-03, 
 2DIAGNOSTIC,     7, -5.385261346015e-01, 1.797693134862e+308, 8.0928e-01, 5.8250e-03, 
 2DIAGNOSTIC,     8, -5.436782453277e-01, 1.797693134862e+308, 8.1491e-01, 5.6329e-03, 
 2DIAGNOSTIC,     9, -5.464111392505e-01, 1.797693134862e+308, 8.2012e-01, 5.2130e-03, 
 2DIAGNOSTIC,    10, -5.486976014805e-01, 4.982661943088e-03, 8.2763e-01, 7.5099e-03, 
 2DIAGNOSTIC,    11, -5.501694327489e-01, 4.760858660876e-03, 8.3425e-01, 6.6209e-03, 
 2DIAGNOSTIC,    12, -5.510944979365e-01, 4.236679288267e-03, 8.4022e-01, 5.9650e-03, 
 2DIAGNOSTIC,    13, -5.514075496893e-01, 3.482457612871e-03, 8.4527e-01, 5.0509e-03, 
 2DIAGNOSTIC,    14, -5.514134230843e-01, 2.608582033176e-03, 8.5169e-01, 6.4192e-03, 
 2DIAGNOSTIC,    15, -5.515026220084e-01, 1.675244511328e-03, 8.5779e-01, 6.1011e-03, 
 2DIAGNOSTIC,    16, -5.518187871037e-01, 8.311295537460e-04, 8.6311e-01, 5.3210e-03, 
 2DIAGNOSTIC,    17, -5.519370653654e-01, 4.864339072426e-04, 8.6832e-01, 5.2068e-03, 
 2DIAGNOSTIC,    18, -5.520555040922e-01, 2.898318326056e-04, 8.7379e-01, 5.4760e-03, 
 2DIAGNOSTIC,    19, -5.523619424107e-01, 1.711991196564e-04, 8.7958e-01, 5.7850e-03, 
 2DIAGNOSTIC,    20, -5.570589515652e-01, 2.317697433115e-04, 8.8588e-01, 6.2978e-03, 
 2DIAGNOSTIC,    21, -5.636997346502e-01, 4.637353241872e-04, 8.9432e-01, 8.4462e-03, 
 2DIAGNOSTIC,    22, -5.637573588482e-01, 6.507944904469e-04, 8.9990e-01, 5.5749e-03, 
 2DIAGNOSTIC,    23, -5.651050419176e-01, 8.015956568999e-04, 9.0472e-01, 4.8220e-03, 
 2DIAGNOSTIC,    24, -5.685967405600e-01, 9.414130620535e-04, 9.0987e-01, 5.1470e-03, 
 2DIAGNOSTIC,    25, -5.712205459682e-01, 1.033770484759e-03, 9.1469e-01, 4.8220e-03, 
 2DIAGNOSTIC,    26, -5.734598905671e-01, 1.069967831451e-03, 9.1963e-01, 4.9369e-03, 
 2DIAGNOSTIC,    27, -5.776187734816e-01, 1.086154547751e-03, 9.2750e-01, 7.8762e-03, 
 2DIAGNOSTIC,    28, -5.780172351650e-01, 1.009838249995e-03, 9.3224e-01, 4.7331e-03, 
 2DIAGNOSTIC,    29, -5.782693828045e-01, 8.529829570279e-04, 9.3772e-01, 5.4891e-03, 
 2DIAGNOSTIC,    30, -5.783897617484e-01, 7.066752464404e-04, 9.4330e-01, 5.5790e-03, 
 2DIAGNOSTIC,    31, -5.783673942873e-01, 6.138266257800e-04, 9.4904e-01, 5.7390e-03, 
 2DIAGNOSTIC,    32, -5.784208259304e-01, 4.704180229399e-04, 9.5479e-01, 5.7480e-03, 
 2DIAGNOSTIC,    33, -5.783912342547e-01, 3.113008022184e-04, 9.5993e-01, 5.1382e-03, 
 2DIAGNOSTIC,    34, -5.784759985111e-01, 1.867218292215e-04, 9.6560e-01, 5.6720e-03, 
 2DIAGNOSTIC,    35, -5.785120130778e-01, 9.069771672258e-05, 9.7079e-01, 5.1858e-03, 
 2DIAGNOSTIC,    36, -5.786111158164e-01, 2.336978836066e-05, 9.7633e-01, 5.5439e-03, 
 2DIAGNOSTIC,    37, -5.786284448867e-01, 1.528221478269e-05, 9.8240e-01, 6.0661e-03, 
 2DIAGNOSTIC,    38, -5.786681713573e-01, 1.209118718737e-05, 9.8871e-01, 6.3100e-03, 
 2DIAGNOSTIC,    39, -5.786160430204e-01, 1.057084393241e-05, 9.9398e-01, 5.2691e-03, 
 2DIAGNOSTIC,    40, -5.785882765454e-01, 9.405284238040e-06, 9.9923e-01, 5.2581e-03, 
 2DIAGNOSTIC,    41, -5.786891257512e-01, 8.435741496667e-06, 1.0045e+00, 5.2500e-03, 
 2DIAGNOSTIC,    42, -5.788452568100e-01, 9.294800924979e-06, 1.0097e+00, 5.2130e-03, 
 2DIAGNOSTIC,    43, -5.791752794726e-01, 1.279649485374e-05, 1.0150e+00, 5.3010e-03, 
 2DIAGNOSTIC,    44, -5.793240108390e-01, 1.762585621454e-05, 1.0205e+00, 5.5270e-03, 
 2DIAGNOSTIC,    45, -5.796409174396e-01, 2.460614548934e-05, 1.0265e+00, 5.9330e-03, 
 2DIAGNOSTIC,    46, -5.802123391199e-01, 3.632575397114e-05, 1.0375e+00, 1.1042e-02, 
 2DIAGNOSTIC,    47, -5.802009905941e-01, 4.400870040035e-05, 1.0435e+00, 6.0098e-03, 
 2DIAGNOSTIC,    48, -5.801450315343e-01, 4.713388068356e-05, 1.0498e+00, 6.2480e-03, 
 2DIAGNOSTIC,    49, -5.800906123430e-01, 4.468685091773e-05, 1.0551e+00, 5.3120e-03, 
 2DIAGNOSTIC,    50, -5.800387748670e-01, 3.728908545644e-05, 1.0604e+00, 5.3260e-03, 
 2DIAGNOSTIC,    51, -5.798934740654e-01, 2.615089445243e-05, 1.0658e+00, 5.3990e-03, 
 2DIAGNOSTIC,    52, -5.799503073425e-01, 1.506128949475e-05, 1.0711e+00, 5.3258e-03, 
 2DIAGNOSTIC,    53, -5.800857456245e-01, 7.507033984722e-06, 1.0764e+00, 5.2490e-03, 
 2DIAGNOSTIC,    54, -5.808742642904e-01, 8.273269544008e-06, 1.0817e+00, 5.3351e-03, 
 2DIAGNOSTIC,    55, -5.818337234794e-01, 1.964581188009e-05, 1.0897e+00, 8.0030e-03, 
 2DIAGNOSTIC,    56, -5.821026030852e-01, 3.619980021302e-05, 1.0963e+00, 6.5849e-03, 
 2DIAGNOSTIC,    57, -5.820573720535e-01, 4.837482097672e-05, 1.1023e+00, 5.9638e-03, 
 2DIAGNOSTIC,    58, -5.820231201212e-01, 5.485704018187e-05, 1.1078e+00, 5.5921e-03, 
 2DIAGNOSTIC,    59, -5.821050929021e-01, 5.602798171816e-05, 1.1132e+00, 5.3232e-03, 
 2DIAGNOSTIC,    60, -5.824144077876e-01, 5.384378294841e-05, 1.1186e+00, 5.3859e-03, 
 2DIAGNOSTIC,    61, -5.826699693604e-01, 4.748690061461e-05, 1.1245e+00, 5.9810e-03, 
 2DIAGNOSTIC,    62, -5.828998736589e-01, 3.930085042032e-05, 1.1299e+00, 5.3291e-03, 
 2DIAGNOSTIC,    63, -5.835233833164e-01, 3.366175395267e-05, 1.1366e+00, 6.7329e-03, 
 2DIAGNOSTIC,    64, -5.841133630603e-01, 3.552146534406e-05, 1.1432e+00, 6.5699e-03, 
 2DIAGNOSTIC,    65, -5.853116264089e-01, 5.043769272352e-05, 1.1504e+00, 7.2150e-03, 
 2DIAGNOSTIC,    66, -5.856041326620e-01, 6.418228424427e-05, 1.1554e+00, 5.0130e-03, 
 2DIAGNOSTIC,    67, -5.864424287384e-01, 7.741450623163e-05, 1.1612e+00, 5.7750e-03, 
 2DIAGNOSTIC,    68, -5.866657588428e-01, 8.416032116476e-05, 1.1669e+00, 5.6939e-03, 
 2DIAGNOSTIC,    69, -5.866392817642e-01, 8.296915936928e-05, 1.1721e+00, 5.1970e-03, 
 2DIAGNOSTIC,    70, -5.867167925162e-01, 7.662178131985e-05, 1.1777e+00, 5.6310e-03, 
 2DIAGNOSTIC,    71, -5.869914525294e-01, 6.684554660312e-05, 1.1841e+00, 6.4402e-03, 
 2DIAGNOSTIC,    72, -5.870631967603e-01, 5.294166461155e-05, 1.1896e+00, 5.4212e-03, 
 2DIAGNOSTIC,    73, -5.869818602249e-01, 3.806651012575e-05, 1.1945e+00, 4.9651e-03, 
 2DIAGNOSTIC,    74, -5.870002019935e-01, 2.401425416400e-05, 1.1993e+00, 4.8101e-03, 
 2DIAGNOSTIC,    75, -5.869299577983e-01, 1.560074327417e-05, 1.2042e+00, 4.8449e-03, 
 2DIAGNOSTIC,    76, -5.869620893797e-01, 7.912476937287e-06, 1.2111e+00, 6.8829e-03, 
 2DIAGNOSTIC,    77, -5.869818933746e-01, 5.208953837479e-06, 1.2157e+00, 4.6630e-03, 
 2DIAGNOSTIC,    78, -5.869953642159e-01, 3.666349182941e-06, 1.2204e+00, 4.6980e-03, 
 2DIAGNOSTIC,    79, -5.870378504554e-01, 1.969798015885e-06, 1.2273e+00, 6.9201e-03, 
DIAGNOSTIC,Iteration,metricValue,convergenceValue,ITERATION_TIME_INDEX,SINCE_LAST
 2DIAGNOSTIC,     1, -4.764639194432e-01, 1.797693134862e+308, 2.0411e+00, 8.1381e-01, 
 2DIAGNOSTIC,     2, -4.766861155219e-01, 1.797693134862e+308, 2.0704e+00, 2.9210e-02, 
 2DIAGNOSTIC,     3, -4.771855618329e-01, 1.797693134862e+308, 2.1014e+00, 3.1077e-02, 
 2DIAGNOSTIC,     4, -4.776689856237e-01, 1.797693134862e+308, 2.1321e+00, 3.0657e-02, 
 2DIAGNOSTIC,     5, -4.782476521968e-01, 1.797693134862e+308, 2.1633e+00, 3.1220e-02, 
 2DIAGNOSTIC,     6, -4.786385685926e-01, 1.797693134862e+308, 2.2028e+00, 3.9482e-02, 
 2DIAGNOSTIC,     7, -4.790997388220e-01, 1.797693134862e+308, 2.2353e+00, 3.2461e-02, 
 2DIAGNOSTIC,     8, -4.793225336998e-01, 1.797693134862e+308, 2.2639e+00, 2.8623e-02, 
 2DIAGNOSTIC,     9, -4.797692022696e-01, 1.797693134862e+308, 2.2963e+00, 3.2462e-02, 
 2DIAGNOSTIC,    10, -4.807435651798e-01, 5.501088453292e-04, 2.3393e+00, 4.2993e-02, 
 2DIAGNOSTIC,    11, -4.808472830211e-01, 5.061364637955e-04, 2.3735e+00, 3.4146e-02, 
 2DIAGNOSTIC,    12, -4.808721398317e-01, 4.369803926732e-04, 2.4068e+00, 3.3330e-02, 
 2DIAGNOSTIC,    13, -4.808008743267e-01, 3.592518805764e-04, 2.4419e+00, 3.5136e-02, 
 2DIAGNOSTIC,    14, -4.808139444915e-01, 2.807826671748e-04, 2.4737e+00, 3.1744e-02, 
 2DIAGNOSTIC,    15, -4.808637218174e-01, 2.113947140787e-04, 2.5132e+00, 3.9533e-02, 
 2DIAGNOSTIC,    16, -4.808615625305e-01, 1.455152620611e-04, 2.5540e+00, 4.0750e-02, 
 2DIAGNOSTIC,    17, -4.808465339196e-01, 9.028940727965e-05, 2.5851e+00, 3.1163e-02, 
 2DIAGNOSTIC,    18, -4.808322187778e-01, 4.001211688648e-05, 2.6207e+00, 3.5521e-02, 
 2DIAGNOSTIC,    19, -4.808438471523e-01, 4.975502442994e-06, 2.6558e+00, 3.5095e-02, 
 2DIAGNOSTIC,    20, -4.808514224444e-01, 2.077241459328e-06, 2.6888e+00, 3.3072e-02, 
 2DIAGNOSTIC,    21, -4.808332518694e-01, 1.774702733263e-06, 2.7224e+00, 3.3554e-02, 
 2DIAGNOSTIC,    22, -4.808214092713e-01, 1.937488424385e-06, 2.7509e+00, 2.8559e-02, 
DIAGNOSTIC,Iteration,metricValue,convergenceValue,ITERATION_TIME_INDEX,SINCE_LAST
 2DIAGNOSTIC,     1, -4.127292804550e-01, 1.797693134862e+308, 3.9474e+00, 1.1965e+00, 
 2DIAGNOSTIC,     2, -4.127907866053e-01, 1.797693134862e+308, 4.2624e+00, 3.1500e-01, 
 2DIAGNOSTIC,     3, -4.128200964346e-01, 1.797693134862e+308, 4.5095e+00, 2.4708e-01, 
 2DIAGNOSTIC,     4, -4.128584008633e-01, 1.797693134862e+308, 4.7485e+00, 2.3897e-01, 
 2DIAGNOSTIC,     5, -4.129024179638e-01, 1.797693134862e+308, 4.9973e+00, 2.4879e-01, 
 2DIAGNOSTIC,     6, -4.130073841006e-01, 1.797693134862e+308, 5.3198e+00, 3.2254e-01, 
 2DIAGNOSTIC,     7, -4.130680477071e-01, 1.797693134862e+308, 5.7348e+00, 4.1502e-01, 
 2DIAGNOSTIC,     8, -4.130540704946e-01, 1.797693134862e+308, 6.0090e+00, 2.7420e-01, 
 2DIAGNOSTIC,     9, -4.130634378693e-01, 1.797693134862e+308, 6.2737e+00, 2.6474e-01, 
 2DIAGNOSTIC,    10, -4.130657510127e-01, 6.196949369117e-05, 6.6449e+00, 3.7119e-01, 
 2DIAGNOSTIC,    11, -4.130754182770e-01, 4.819228155560e-05, 7.1144e+00, 4.6946e-01, 
 2DIAGNOSTIC,    12, -4.130751100894e-01, 3.609579418248e-05, 7.4164e+00, 3.0204e-01, 
 2DIAGNOSTIC,    13, -4.130740808403e-01, 2.440604199350e-05, 7.7339e+00, 3.1748e-01, 
 2DIAGNOSTIC,    14, -4.130738465019e-01, 1.431585687513e-05, 8.0403e+00, 3.0638e-01, 
 2DIAGNOSTIC,    15, -4.130738393639e-01, 6.370436343509e-06, 8.3501e+00, 3.0985e-01, 
 2DIAGNOSTIC,    16, -4.130714313777e-01, 3.356223550216e-06, 8.6656e+00, 3.1544e-01, 
 2DIAGNOSTIC,    17, -4.130706216931e-01, 3.017569585595e-06, 8.9351e+00, 2.6948e-01, 
 2DIAGNOSTIC,    18, -4.130695188463e-01, 2.031486066957e-06, 9.1630e+00, 2.2794e-01, 
 2DIAGNOSTIC,    19, -4.130703704460e-01, 1.496166688209e-06, 9.4598e+00, 2.9684e-01, 
 2DIAGNOSTIC,    20, -4.130699001289e-01, 1.082718578953e-06, 9.7345e+00, 2.7464e-01, 
 2DIAGNOSTIC,    21, -4.130686834105e-01, 1.034273726955e-06, 9.9733e+00, 2.3877e-01, 
 2DIAGNOSTIC,    22, -4.130685462672e-01, 1.024204517863e-06, 1.0245e+01, 2.7162e-01, 
 2DIAGNOSTIC,    23, -4.130678735641e-01, 1.002589947022e-06, 1.0553e+01, 3.0816e-01, 
DIAGNOSTIC,Iteration,metricValue,convergenceValue,ITERATION_TIME_INDEX,SINCE_LAST
 2DIAGNOSTIC,     1, -3.799792357828e-01, 1.797693134862e+308, 1.3345e+01, 2.7924e+00, 
 2DIAGNOSTIC,     2, -3.800220285707e-01, 1.797693134862e+308, 1.5032e+01, 1.6871e+00, 
 2DIAGNOSTIC,     3, -3.800370560386e-01, 1.797693134862e+308, 1.7748e+01, 2.7157e+00, 
 2DIAGNOSTIC,     4, -3.800379386034e-01, 1.797693134862e+308, 1.9552e+01, 1.8038e+00, 
 2DIAGNOSTIC,     5, -3.800372382231e-01, 1.797693134862e+308, 2.1542e+01, 1.9905e+00, 
 2DIAGNOSTIC,     6, -3.800372262880e-01, 1.797693134862e+308, 2.3318e+01, 1.7752e+00, 
 2DIAGNOSTIC,     7, -3.800371074209e-01, 1.797693134862e+308, 2.5271e+01, 1.9535e+00, 
 2DIAGNOSTIC,     8, -3.800370076748e-01, 1.797693134862e+308, 2.7068e+01, 1.7968e+00, 
 2DIAGNOSTIC,     9, -3.800368628355e-01, 1.797693134862e+308, 2.8706e+01, 1.6385e+00, 
 2DIAGNOSTIC,    10, -3.800368906329e-01, 8.430219789538e-06, 3.0334e+01, 1.6276e+00, 
 2DIAGNOSTIC,    11, -3.800370160445e-01, 3.840981450634e-06, 3.2180e+01, 1.8464e+00, 
 2DIAGNOSTIC,    12, -3.800371178856e-01, 2.577687754440e-06, 3.3955e+01, 1.7749e+00, 
 2DIAGNOSTIC,    13, -3.800370462880e-01, 2.373880816545e-06, 3.5529e+01, 1.5737e+00, 
 2DIAGNOSTIC,    14, -3.800369846984e-01, 2.251072793252e-06, 3.7134e+01, 1.6052e+00, 
 2DIAGNOSTIC,    15, -3.800368363644e-01, 2.104223326388e-06, 3.8750e+01, 1.6155e+00, 
 2DIAGNOSTIC,    16, -3.800366814590e-01, 1.969422196615e-06, 4.0399e+01, 1.6495e+00, 
 2DIAGNOSTIC,    17, -3.800366932291e-01, 1.847548880461e-06, 4.1889e+01, 1.4900e+00, 
 2DIAGNOSTIC,    18, -3.800367996652e-01, 1.741802513111e-06, 4.3558e+01, 1.6687e+00, 
 2DIAGNOSTIC,    19, -3.800367362403e-01, 1.641300306554e-06, 4.4977e+01, 1.4188e+00, 
 2DIAGNOSTIC,    20, -3.800366879532e-01, 1.553256277292e-06, 4.6675e+01, 1.6984e+00, 
 2DIAGNOSTIC,    21, -3.800367129561e-01, 1.482449021463e-06, 4.8315e+01, 1.6401e+00, 
 2DIAGNOSTIC,    22, -3.800366505614e-01, 1.422320254928e-06, 4.9735e+01, 1.4192e+00, 
 2DIAGNOSTIC,    23, -3.800365171552e-01, 1.362869611353e-06, 5.1563e+01, 1.8279e+00, 
 2DIAGNOSTIC,    24, -3.800365517813e-01, 1.309639739822e-06, 5.3224e+01, 1.6616e+00, 
 2DIAGNOSTIC,    25, -3.800364954311e-01, 1.256137121458e-06, 5.4872e+01, 1.6475e+00, 
 2DIAGNOSTIC,    26, -3.800364445116e-01, 1.202353098390e-06, 5.6600e+01, 1.7280e+00, 
 2DIAGNOSTIC,    27, -3.800361477333e-01, 1.146598013570e-06, 5.8231e+01, 1.6316e+00, 
 2DIAGNOSTIC,    28, -3.800357650293e-01, 1.090715860887e-06, 5.9919e+01, 1.6875e+00, 
 2DIAGNOSTIC,    29, -3.800354513176e-01, 1.033435401268e-06, 6.1310e+01, 1.3908e+00, 
  Elapsed time (stage 0): 6.2155e+01


Total elapsed time: 6.2158e+01
Info [verificarlo]: loaded backend libinterflop_vprec.so
Info [interflop-vprec]: load backend with: 
Info [interflop-vprec]: precision-binary32 = 9
Info [interflop-vprec]: range-binary32 = 7
Info [interflop-vprec]: precision-binary64 = 9
Info [interflop-vprec]: range-binary64 = 7
Info [interflop-vprec]: mode = ob
Info [interflop-vprec]: error-mode = rel
Info [interflop-vprec]: max-abs-error-exponent = -1022
Info [interflop-vprec]: daz = false
Info [interflop-vprec]: ftz = false
Info [interflop-vprec]: 	instrument = none
Info [interflop-vprec]: 	prec-input-file = (null)
Info [interflop-vprec]: 	prec-output-file = (null)
Info [interflop-vprec]: 	prec-log-file = (null)
All_Command_lines_OK
Using double precision for computations.
=============================================================================
The composite transform comprises the following transforms (in order): 
  1. /home/mdugre/scratch/mri-registration-rp/datasets/ds004513/derivatives/mri-registration-rp/0011/antsRegistration-r7-p9/sub-s036/rigid_Composite.h5[0] (type = Euler3DTransform)
  2. /home/mdugre/scratch/mri-registration-rp/datasets/ds004513/derivatives/mri-registration-rp/0011/antsRegistration-r7-p9/sub-s036/rigid_Composite.h5[1] (type = Euler3DTransform)
  3. /home/mdugre/scratch/mri-registration-rp/datasets/ds004513/derivatives/mri-registration-rp/0011/antsRegistration-r7-p9/sub-s036/rigid_Composite.h5[2] (type = Euler3DTransform)
=============================================================================
  number of levels = 4
  fixed image: /templateflow/tpl-MNI152NLin2009cAsym/tpl-MNI152NLin2009cAsym_res-01_desc-brain_T1w.nii.gz
  moving image: /home/mdugre/scratch/mri-registration-rp/datasets/ds004513/derivatives/mri-registration-rp/antsBrainExtraction/sub-s036/BrainExtractionBrain.nii.gz
Dimension = 3
Number of stages = 1
Use histogram matching = false
Winsorize image intensities = true
  Lower quantile = 0.005
  Upper quantile = 0.995


Stage 1 State
   Image metric = MattesMI
     Fixed image = Image (0x34681e0)
  RTTI typeinfo:   itk::Image<double, 3u>
  Reference Count: 2
  Modified Time: 1592
  Debug: Off
  Object Name: 
  Observers: 
    none
  Source: (none)
  Source output name: (none)
  Release Data: Off
  Data Released: False
  Global Release Data: Off
  PipelineMTime: 0
  UpdateMTime: 1203
  RealTimeStamp: 0 seconds 
  LargestPossibleRegion: 
    Dimension: 3
    Index: [0, 0, 0]
    Size: [193, 229, 193]
  BufferedRegion: 
    Dimension: 3
    Index: [0, 0, 0]
    Size: [193, 229, 193]
  RequestedRegion: 
    Dimension: 3
    Index: [0, 0, 0]
    Size: [193, 229, 193]
  Spacing: [1, 1, 1]
  Origin: [96, 132, -78]
  Direction: 
-1 0 0
0 -1 0
0 0 1

  IndexToPointMatrix: 
-1 0 0
0 -1 0
0 0 1

  PointToIndexMatrix: 
-1 0 0
0 -1 0
0 0 1

  Inverse Direction: 
-1 0 0
0 -1 0
0 0 1

  PixelContainer: 
    ImportImageContainer (0x3535890)
      RTTI typeinfo:   itk::ImportImageContainer<unsigned long, double>
      Reference Count: 1
      Modified Time: 1200
      Debug: Off
      Object Name: 
      Observers: 
        none
      Pointer: 0x149b2fbed010
      Container manages memory: true
      Size: 8530021
      Capacity: 8530021

     Moving image = Image (0x3534e40)
  RTTI typeinfo:   itk::Image<double, 3u>
  Reference Count: 2
  Modified Time: 1593
  Debug: Off
  Object Name: 
  Observers: 
    none
  Source: (none)
  Source output name: (none)
  Release Data: Off
  Data Released: False
  Global Release Data: Off
  PipelineMTime: 0
  UpdateMTime: 1590
  RealTimeStamp: 0 seconds 
  LargestPossibleRegion: 
    Dimension: 3
    Index: [0, 0, 0]
    Size: [160, 240, 256]
  BufferedRegion: 
    Dimension: 3
    Index: [0, 0, 0]
    Size: [160, 240, 256]
  RequestedRegion: 
    Dimension: 3
    Index: [0, 0, 0]
    Size: [160, 240, 256]
  Spacing: [1, 1, 1]
  Origin: [79.875, 99.75, -127]
  Direction: 
-0.999023 -0.0330811 0
0.0330811 -0.999023 0
0 0 1

  IndexToPointMatrix: 
-0.999023 -0.0330811 0
0.0330811 -0.999023 0
0 0 1

  PointToIndexMatrix: 
-1 0.0330811 0
-0.0330811 -0.999023 0
0 0 1

  Inverse Direction: 
-1 0.0330811 0
-0.0330811 -0.999023 0
0 0 1

  PixelContainer: 
    ImportImageContainer (0x35d5a50)
      RTTI typeinfo:   itk::ImportImageContainer<unsigned long, double>
      Reference Count: 1
      Modified Time: 1587
      Debug: Off
      Object Name: 
      Observers: 
        none
      Pointer: 0x149b2b0ec010
      Container manages memory: true
      Size: 9830400
      Capacity: 9830400

     Weighting = 1
     Sampling strategy = regular
     Number of bins = 32
     Radius = 4
     Sampling percentage  = 0.25
   Transform = Affine
     Gradient step = 0.1
     Update field sigma (voxel space) = 0
     Total field sigma (voxel space) = 0
     Update field time sigma = 0
     Total field time sigma  = 0
     Number of time indices = 0
     Number of time point samples = 0
Registration using 1 total stages.

Stage 0
  iterations = 1000x500x250x100
  convergence threshold = 1e-06
  convergence window size = 10
  number of levels = 4
  using the Mattes MI metric (number of bins = 32, weight = 1, use gradient filter = 0)
  preprocessing:  winsorizing the image intensities
  Shrink factors (level 1 out of 4): [8, 8, 8]
  Shrink factors (level 2 out of 4): [4, 4, 4]
  Shrink factors (level 3 out of 4): [2, 2, 2]
  Shrink factors (level 4 out of 4): [1, 1, 1]
  smoothing sigmas per level: [3, 2, 1, 0]
  regular sampling (percentage = 0.25)

*** Running AffineTransform registration ***

DIAGNOSTIC,Iteration,metricValue,convergenceValue,ITERATION_TIME_INDEX,SINCE_LAST
 2DIAGNOSTIC,     1, -5.763890692249e-01, 1.797693134862e+308, 0.0000e+00, 0.0000e+00, 
 2DIAGNOSTIC,     2, -5.788450901239e-01, 1.797693134862e+308, 0.0000e+00, 0.0000e+00, 
 2DIAGNOSTIC,     3, -5.801841842365e-01, 1.797693134862e+308, 0.0000e+00, 0.0000e+00, 
 2DIAGNOSTIC,     4, -5.854239362605e-01, 1.797693134862e+308, 0.0000e+00, 0.0000e+00, 
 2DIAGNOSTIC,     5, -5.918718302343e-01, 1.797693134862e+308, 0.0000e+00, 0.0000e+00, 
 2DIAGNOSTIC,     6, -6.022899460265e-01, 1.797693134862e+308, 0.0000e+00, 0.0000e+00, 
 2DIAGNOSTIC,     7, -6.210728445137e-01, 1.797693134862e+308, 0.0000e+00, 0.0000e+00, 
 2DIAGNOSTIC,     8, -6.491967910800e-01, 1.797693134862e+308, 0.0000e+00, 0.0000e+00, 
 2DIAGNOSTIC,     9, -7.077387288812e-01, 1.797693134862e+308, 0.0000e+00, 0.0000e+00, 
 2DIAGNOSTIC,    10, -8.348670281278e-01, 1.966839943791e-02, 0.0000e+00, 0.0000e+00, 
 2DIAGNOSTIC,    11, -9.082324617564e-01, 2.622203177683e-02, 0.0000e+00, 0.0000e+00, 
 2DIAGNOSTIC,    12, -9.144386137941e-01, 2.931623291024e-02, 0.0000e+00, 0.0000e+00, 
 2DIAGNOSTIC,    13, -9.164797905639e-01, 2.937499207735e-02, 0.0000e+00, 0.0000e+00, 
 2DIAGNOSTIC,    14, -9.180556263213e-01, 2.700064935674e-02, 0.0000e+00, 0.0000e+00, 
 2DIAGNOSTIC,    15, -9.197465513430e-01, 2.275789033635e-02, 0.0000e+00, 0.0000e+00, 
 2DIAGNOSTIC,    16, -9.190811614193e-01, 1.733377123156e-02, 0.0000e+00, 0.0000e+00, 
 2DIAGNOSTIC,    17, -9.204886114533e-01, 1.160603924773e-02, 0.0000e+00, 0.0000e+00, 
 2DIAGNOSTIC,    18, -9.197598541464e-01, 6.181495818317e-03, 0.0000e+00, 0.0000e+00, 
 2DIAGNOSTIC,    19, -9.206550093213e-01, 1.980063151419e-03, 0.0000e+00, 0.0000e+00, 
 2DIAGNOSTIC,    20, -9.207824382973e-01, 3.905983952161e-04, 0.0000e+00, 0.0000e+00, 
 2DIAGNOSTIC,    21, -9.212309674946e-01, 2.182673314760e-04, 0.0000e+00, 0.0000e+00, 
 2DIAGNOSTIC,    22, -9.211645587017e-01, 1.441735840238e-04, 0.0000e+00, 0.0000e+00, 
 2DIAGNOSTIC,    23, -9.213265143948e-01, 9.807702841288e-05, 0.0000e+00, 0.0000e+00, 
 2DIAGNOSTIC,    24, -9.213212065930e-01, 6.988159557182e-05, 0.0000e+00, 0.0000e+00, 
 2DIAGNOSTIC,    25, -9.213392880331e-01, 6.214509346912e-05, 0.0000e+00, 0.0000e+00, 
 2DIAGNOSTIC,    26, -9.212699210106e-01, 3.880299803746e-05, 0.0000e+00, 0.0000e+00, 
 2DIAGNOSTIC,    27, -9.211336829314e-01, 3.069338153736e-05, 0.0000e+00, 0.0000e+00, 
 2DIAGNOSTIC,    28, -9.212129285901e-01, 1.208678928656e-05, 0.0000e+00, 0.0000e+00, 
 2DIAGNOSTIC,    29, -9.211942832361e-01, 4.192611276613e-06, 0.0000e+00, 0.0000e+00, 
DIAGNOSTIC,Iteration,metricValue,convergenceValue,ITERATION_TIME_INDEX,SINCE_LAST
 2DIAGNOSTIC,     1, -7.470287562657e-01, 1.797693134862e+308, 0.0000e+00, 0.0000e+00, 
 2DIAGNOSTIC,     2, -7.473568592853e-01, 1.797693134862e+308, 0.0000e+00, 0.0000e+00, 
 2DIAGNOSTIC,     3, -7.471671660513e-01, 1.797693134862e+308, 0.0000e+00, 0.0000e+00, 
 2DIAGNOSTIC,     4, -7.472177001123e-01, 1.797693134862e+308, 0.0000e+00, 0.0000e+00, 
 2DIAGNOSTIC,     5, -7.469086857126e-01, 1.797693134862e+308, 0.0000e+00, 0.0000e+00, 
 2DIAGNOSTIC,     6, -7.469313160399e-01, 1.797693134862e+308, 0.0000e+00, 0.0000e+00, 
 2DIAGNOSTIC,     7, -7.469762047954e-01, 1.797693134862e+308, 0.0000e+00, 0.0000e+00, 
 2DIAGNOSTIC,     8, -7.470655557002e-01, 1.797693134862e+308, 0.0000e+00, 0.0000e+00, 
 2DIAGNOSTIC,     9, -7.472147887658e-01, 1.797693134862e+308, 0.0000e+00, 0.0000e+00, 
DIAGNOSTIC,Iteration,metricValue,convergenceValue,ITERATION_TIME_INDEX,SINCE_LAST
 2DIAGNOSTIC,     1, -6.289091651951e-01, 1.797693134862e+308, 0.0000e+00, 0.0000e+00, 
 2DIAGNOSTIC,     2, -6.293985182135e-01, 1.797693134862e+308, 0.0000e+00, 0.0000e+00, 
 2DIAGNOSTIC,     3, -6.307261614957e-01, 1.797693134862e+308, 0.0000e+00, 0.0000e+00, 
 2DIAGNOSTIC,     4, -6.319664129745e-01, 1.797693134862e+308, 0.0000e+00, 0.0000e+00, 
 2DIAGNOSTIC,     5, -6.336292274937e-01, 1.797693134862e+308, 0.0000e+00, 0.0000e+00, 
 2DIAGNOSTIC,     6, -6.347406275704e-01, 1.797693134862e+308, 0.0000e+00, 0.0000e+00, 
 2DIAGNOSTIC,     7, -6.351565039147e-01, 1.797693134862e+308, 0.0000e+00, 0.0000e+00, 
 2DIAGNOSTIC,     8, -6.354316277377e-01, 1.797693134862e+308, 0.0000e+00, 0.0000e+00, 
 2DIAGNOSTIC,     9, -6.354160881988e-01, 1.797693134862e+308, 0.0000e+00, 0.0000e+00, 
 2DIAGNOSTIC,    10, -6.358298239667e-01, 7.700695549932e-04, 0.0000e+00, 0.0000e+00, 
 2DIAGNOSTIC,    11, -6.355638479578e-01, 5.693378837137e-04, 0.0000e+00, 0.0000e+00, 
 2DIAGNOSTIC,    12, -6.354847217172e-01, 3.666383841686e-04, 0.0000e+00, 0.0000e+00, 
 2DIAGNOSTIC,    13, -6.360480813866e-01, 2.274367820275e-04, 0.0000e+00, 0.0000e+00, 
 2DIAGNOSTIC,    14, -6.361743404852e-01, 1.296437881688e-04, 0.0000e+00, 0.0000e+00, 
 2DIAGNOSTIC,    15, -6.359811954095e-01, 7.621837176956e-05, 0.0000e+00, 0.0000e+00, 
 2DIAGNOSTIC,    16, -6.359865892521e-01, 5.409719119029e-05, 0.0000e+00, 0.0000e+00, 
 2DIAGNOSTIC,    17, -6.359000682008e-01, 3.825878506449e-05, 0.0000e+00, 0.0000e+00, 
 2DIAGNOSTIC,    18, -6.359243886210e-01, 2.785863091119e-05, 0.0000e+00, 0.0000e+00, 
 2DIAGNOSTIC,    19, -6.359355060751e-01, 1.535975826642e-05, 0.0000e+00, 0.0000e+00, 
 2DIAGNOSTIC,    20, -6.359279136131e-01, 1.217980951582e-05, 0.0000e+00, 0.0000e+00, 
 2DIAGNOSTIC,    21, -6.359288949151e-01, 2.788955266210e-06, 0.0000e+00, 0.0000e+00, 
DIAGNOSTIC,Iteration,metricValue,convergenceValue,ITERATION_TIME_INDEX,SINCE_LAST
 2DIAGNOSTIC,     1, -5.619806202456e-01, 1.797693134862e+308, 0.0000e+00, 0.0000e+00, 
 2DIAGNOSTIC,     2, -5.626382775953e-01, 1.797693134862e+308, 0.0000e+00, 0.0000e+00, 
 2DIAGNOSTIC,     3, -5.636431738800e-01, 1.797693134862e+308, 0.0000e+00, 0.0000e+00, 
 2DIAGNOSTIC,     4, -5.640834412587e-01, 1.797693134862e+308, 0.0000e+00, 0.0000e+00, 
 2DIAGNOSTIC,     5, -5.644342721153e-01, 1.797693134862e+308, 0.0000e+00, 0.0000e+00, 
 2DIAGNOSTIC,     6, -5.644328522343e-01, 1.797693134862e+308, 0.0000e+00, 0.0000e+00, 
 2DIAGNOSTIC,     7, -5.643228661570e-01, 1.797693134862e+308, 0.0000e+00, 0.0000e+00, 
 2DIAGNOSTIC,     8, -5.645444279803e-01, 1.797693134862e+308, 0.0000e+00, 0.0000e+00, 
 2DIAGNOSTIC,     9, -5.645389779721e-01, 1.797693134862e+308, 0.0000e+00, 0.0000e+00, 
 2DIAGNOSTIC,    10, -5.645369967743e-01, 2.500363519720e-04, 0.0000e+00, 0.0000e+00, 
 2DIAGNOSTIC,    11, -5.645443693043e-01, 1.392740842303e-04, 0.0000e+00, 0.0000e+00, 
 2DIAGNOSTIC,    12, -5.645399530361e-01, 6.121841008058e-05, 0.0000e+00, 0.0000e+00, 
 2DIAGNOSTIC,    13, -5.645404390993e-01, 2.816764320594e-05, 0.0000e+00, 0.0000e+00, 
 2DIAGNOSTIC,    14, -5.645408645323e-01, 1.268979637672e-05, 0.0000e+00, 0.0000e+00, 
 2DIAGNOSTIC,    15, -5.645396970426e-01, 9.946579219114e-06, 0.0000e+00, 0.0000e+00, 
 2DIAGNOSTIC,    16, -5.645397751117e-01, 6.769909677018e-06, 0.0000e+00, 0.0000e+00, 
  Elapsed time (stage 0): 0.0000e+00


Total elapsed time: 0.0000e+00
Info [verificarlo]: loaded backend libinterflop_vprec.so
Info [interflop-vprec]: load backend with: 
Info [interflop-vprec]: precision-binary32 = 9
Info [interflop-vprec]: range-binary32 = 7
Info [interflop-vprec]: precision-binary64 = 9
Info [interflop-vprec]: range-binary64 = 7
Info [interflop-vprec]: mode = ob
Info [interflop-vprec]: error-mode = rel
Info [interflop-vprec]: max-abs-error-exponent = -1022
Info [interflop-vprec]: daz = false
Info [interflop-vprec]: ftz = false
Info [interflop-vprec]: 	instrument = none
Info [interflop-vprec]: 	prec-input-file = (null)
Info [interflop-vprec]: 	prec-output-file = (null)
Info [interflop-vprec]: 	prec-log-file = (null)
All_Command_lines_OK
Using double precision for computations.
=============================================================================
The composite transform comprises the following transforms (in order): 
  1. /home/mdugre/scratch/mri-registration-rp/datasets/ds004513/derivatives/mri-registration-rp/0011/antsRegistration-r7-p9/sub-s036/affine_Composite.h5[0] (type = Euler3DTransform)
  2. /home/mdugre/scratch/mri-registration-rp/datasets/ds004513/derivatives/mri-registration-rp/0011/antsRegistration-r7-p9/sub-s036/affine_Composite.h5[1] (type = Euler3DTransform)
  3. /home/mdugre/scratch/mri-registration-rp/datasets/ds004513/derivatives/mri-registration-rp/0011/antsRegistration-r7-p9/sub-s036/affine_Composite.h5[2] (type = Euler3DTransform)
  4. /home/mdugre/scratch/mri-registration-rp/datasets/ds004513/derivatives/mri-registration-rp/0011/antsRegistration-r7-p9/sub-s036/affine_Composite.h5[3] (type = AffineTransform)
=============================================================================
  number of levels = 4
  fixed image: /templateflow/tpl-MNI152NLin2009cAsym/tpl-MNI152NLin2009cAsym_res-01_desc-brain_T1w.nii.gz
  moving image: /home/mdugre/scratch/mri-registration-rp/datasets/ds004513/derivatives/mri-registration-rp/antsBrainExtraction/sub-s036/BrainExtractionBrain.nii.gz
Dimension = 3
Number of stages = 1
Use histogram matching = false
Winsorize image intensities = true
  Lower quantile = 0.005
  Upper quantile = 0.995


Stage 1 State
   Image metric = CC
     Fixed image = Image (0x41a06f0)
  RTTI typeinfo:   itk::Image<double, 3u>
  Reference Count: 2
  Modified Time: 1606
  Debug: Off
  Object Name: 
  Observers: 
    none
  Source: (none)
  Source output name: (none)
  Release Data: Off
  Data Released: False
  Global Release Data: Off
  PipelineMTime: 0
  UpdateMTime: 1217
  RealTimeStamp: 0 seconds 
  LargestPossibleRegion: 
    Dimension: 3
    Index: [0, 0, 0]
    Size: [193, 229, 193]
  BufferedRegion: 
    Dimension: 3
    Index: [0, 0, 0]
    Size: [193, 229, 193]
  RequestedRegion: 
    Dimension: 3
    Index: [0, 0, 0]
    Size: [193, 229, 193]
  Spacing: [1, 1, 1]
  Origin: [96, 132, -78]
  Direction: 
-1 0 0
0 -1 0
0 0 1

  IndexToPointMatrix: 
-1 0 0
0 -1 0
0 0 1

  PointToIndexMatrix: 
-1 0 0
0 -1 0
0 0 1

  Inverse Direction: 
-1 0 0
0 -1 0
0 0 1

  PixelContainer: 
    ImportImageContainer (0x426e8b0)
      RTTI typeinfo:   itk::ImportImageContainer<unsigned long, double>
      Reference Count: 1
      Modified Time: 1214
      Debug: Off
      Object Name: 
      Observers: 
        none
      Pointer: 0x1517cc7e0010
      Container manages memory: true
      Size: 8530021
      Capacity: 8530021

     Moving image = Image (0x425c240)
  RTTI typeinfo:   itk::Image<double, 3u>
  Reference Count: 2
  Modified Time: 1607
  Debug: Off
  Object Name: 
  Observers: 
    none
  Source: (none)
  Source output name: (none)
  Release Data: Off
  Data Released: False
  Global Release Data: Off
  PipelineMTime: 0
  UpdateMTime: 1604
  RealTimeStamp: 0 seconds 
  LargestPossibleRegion: 
    Dimension: 3
    Index: [0, 0, 0]
    Size: [160, 240, 256]
  BufferedRegion: 
    Dimension: 3
    Index: [0, 0, 0]
    Size: [160, 240, 256]
  RequestedRegion: 
    Dimension: 3
    Index: [0, 0, 0]
    Size: [160, 240, 256]
  Spacing: [1, 1, 1]
  Origin: [79.875, 99.75, -127]
  Direction: 
-0.999023 -0.0330811 0
0.0330811 -0.999023 0
0 0 1

  IndexToPointMatrix: 
-0.999023 -0.0330811 0
0.0330811 -0.999023 0
0 0 1

  PointToIndexMatrix: 
-1 0.0330811 0
-0.0330811 -0.999023 0
0 0 1

  Inverse Direction: 
-1 0.0330811 0
-0.0330811 -0.999023 0
0 0 1

  PixelContainer: 
    ImportImageContainer (0x429a690)
      RTTI typeinfo:   itk::ImportImageContainer<unsigned long, double>
      Reference Count: 1
      Modified Time: 1601
      Debug: Off
      Object Name: 
      Observers: 
        none
      Pointer: 0x1517c7cdf010
      Container manages memory: true
      Size: 9830400
      Capacity: 9830400

     Weighting = 1
     Sampling strategy = none
     Number of bins = 32
     Radius = 4
     Sampling percentage  = 1
   Transform = SyN
     Gradient step = 0.1
     Update field sigma (voxel space) = 3
     Total field sigma (voxel space) = 0
     Update field time sigma = 0
     Total field time sigma  = 0
     Number of time indices = 0
     Number of time point samples = 0
Registration using 1 total stages.

Stage 0
  iterations = 100x70x50x20
  convergence threshold = 1e-06
  convergence window size = 10
  number of levels = 4
  using the CC metric (radius = 4, weight = 1, use gradient filter = 0)
  preprocessing:  winsorizing the image intensities
  Shrink factors (level 1 out of 4): [8, 8, 8]
  Shrink factors (level 2 out of 4): [4, 4, 4]
  Shrink factors (level 3 out of 4): [2, 2, 2]
  Shrink factors (level 4 out of 4): [1, 1, 1]
  smoothing sigmas per level: [3, 2, 1, 0]
  Using default NONE metricSamplingStrategy 

*** Running SyN registration (varianceForUpdateField = 3, varianceForTotalField = 0) ***

XXDIAGNOSTIC,Iteration,metricValue,convergenceValue,ITERATION_TIME_INDEX,SINCE_LAST
 1DIAGNOSTIC,     1, -9.287109375000e-01, 1.797693134862e+308, 0.0000e+00, 0.0000e+00, 
 1DIAGNOSTIC,     2, -9.375000000000e-01, 1.797693134862e+308, 0.0000e+00, 0.0000e+00, 
 1DIAGNOSTIC,     3, -9.433593750000e-01, 1.797693134862e+308, 0.0000e+00, 0.0000e+00, 
 1DIAGNOSTIC,     4, -9.472656250000e-01, 1.797693134862e+308, 0.0000e+00, 0.0000e+00, 
 1DIAGNOSTIC,     5, -9.492187500000e-01, 1.797693134862e+308, 0.0000e+00, 0.0000e+00, 
 1DIAGNOSTIC,     6, -9.521484375000e-01, 1.797693134862e+308, 0.0000e+00, 0.0000e+00, 
 1DIAGNOSTIC,     7, -9.541015625000e-01, 1.797693134862e+308, 0.0000e+00, 0.0000e+00, 
 1DIAGNOSTIC,     8, -9.570312500000e-01, 1.797693134862e+308, 0.0000e+00, 0.0000e+00, 
 1DIAGNOSTIC,     9, -9.589843750000e-01, 1.797693134862e+308, 0.0000e+00, 0.0000e+00, 
 1DIAGNOSTIC,    10, -9.619140625000e-01, 1.954016564727e-03, 0.0000e+00, 0.0000e+00, 
 1DIAGNOSTIC,    11, -9.628906250000e-01, 1.462726529953e-03, 0.0000e+00, 0.0000e+00, 
 1DIAGNOSTIC,    12, -9.638671875000e-01, 1.163709320233e-03, 0.0000e+00, 0.0000e+00, 
 1DIAGNOSTIC,    13, -9.638671875000e-01, 9.391307689562e-04, 0.0000e+00, 0.0000e+00, 
 1DIAGNOSTIC,    14, -9.648437500000e-01, 7.653652711265e-04, 0.0000e+00, 0.0000e+00, 
 1DIAGNOSTIC,    15, -9.648437500000e-01, 5.823044142641e-04, 0.0000e+00, 0.0000e+00, 
 1DIAGNOSTIC,    16, -9.658203125000e-01, 4.415057261706e-04, 0.0000e+00, 0.0000e+00, 
 1DIAGNOSTIC,    17, -9.658203125000e-01, 3.102379680389e-04, 0.0000e+00, 0.0000e+00, 
 1DIAGNOSTIC,    18, -9.667968750000e-01, 2.295586809200e-04, 0.0000e+00, 0.0000e+00, 
 1DIAGNOSTIC,    19, -9.658203125000e-01, 1.501477591718e-04, 0.0000e+00, 0.0000e+00, 
 1DIAGNOSTIC,    20, -9.667968750000e-01, 1.230447757663e-04, 0.0000e+00, 0.0000e+00, 
 1DIAGNOSTIC,    21, -9.658203125000e-01, 8.635995942365e-05, 0.0000e+00, 0.0000e+00, 
 1DIAGNOSTIC,    22, -9.667968750000e-01, 7.169087215280e-05, 0.0000e+00, 0.0000e+00, 
 1DIAGNOSTIC,    23, -9.658203125000e-01, 3.838713868165e-05, 0.0000e+00, 0.0000e+00, 
 1DIAGNOSTIC,    24, -9.667968750000e-01, 2.896461616878e-05, 0.0000e+00, 0.0000e+00, 
 1DIAGNOSTIC,    25, -9.658203125000e-01, 5.473513924006e-06, 0.0000e+00, 0.0000e+00, 
 1DIAGNOSTIC,    26, -9.667968750000e-01, 5.869255538568e-06, 0.0000e+00, 0.0000e+00, 
 1DIAGNOSTIC,    27, -9.667968750000e-01, 5.064981144672e-06, 0.0000e+00, 0.0000e+00, 
 1DIAGNOSTIC,    28, -9.667968750000e-01, 1.446778559513e-05, 0.0000e+00, 0.0000e+00, 
 1DIAGNOSTIC,    29, -9.667968750000e-01, 1.171148409321e-05, 0.0000e+00, 0.0000e+00, 
 1DIAGNOSTIC,    30, -9.667968750000e-01, 1.799581800951e-05, 0.0000e+00, 0.0000e+00, 
 1DIAGNOSTIC,    31, -9.667968750000e-01, 1.249513222970e-05, 0.0000e+00, 0.0000e+00, 
 1DIAGNOSTIC,    32, -9.667968750000e-01, 1.536819482671e-05, 0.0000e+00, 0.0000e+00, 
 1DIAGNOSTIC,    33, -9.667968750000e-01, 7.645542558270e-06, 0.0000e+00, 0.0000e+00, 
 1DIAGNOSTIC,    34, -9.667968750000e-01, 8.495811705166e-06, 0.0000e+00, 0.0000e+00, 
 1DIAGNOSTIC,    35, -9.667968750000e-01, -8.170547571851e-15, 0.0000e+00, 0.0000e+00, 
XXDIAGNOSTIC,Iteration,metricValue,convergenceValue,ITERATION_TIME_INDEX,SINCE_LAST
 1DIAGNOSTIC,     1, -9.072265625000e-01, 1.797693134862e+308, 0.0000e+00, 0.0000e+00, 
 1DIAGNOSTIC,     2, -9.101562500000e-01, 1.797693134862e+308, 0.0000e+00, 0.0000e+00, 
 1DIAGNOSTIC,     3, -9.130859375000e-01, 1.797693134862e+308, 0.0000e+00, 0.0000e+00, 
 1DIAGNOSTIC,     4, -9.160156250000e-01, 1.797693134862e+308, 0.0000e+00, 0.0000e+00, 
 1DIAGNOSTIC,     5, -9.169921875000e-01, 1.797693134862e+308, 0.0000e+00, 0.0000e+00, 
 1DIAGNOSTIC,     6, -9.189453125000e-01, 1.797693134862e+308, 0.0000e+00, 0.0000e+00, 
 1DIAGNOSTIC,     7, -9.199218750000e-01, 1.797693134862e+308, 0.0000e+00, 0.0000e+00, 
 1DIAGNOSTIC,     8, -9.218750000000e-01, 1.797693134862e+308, 0.0000e+00, 0.0000e+00, 
 1DIAGNOSTIC,     9, -9.228515625000e-01, 1.797693134862e+308, 0.0000e+00, 0.0000e+00, 
 1DIAGNOSTIC,    10, -9.238281250000e-01, 1.115956781676e-03, 0.0000e+00, 0.0000e+00, 
 1DIAGNOSTIC,    11, -9.248046875000e-01, 8.804018788221e-04, 0.0000e+00, 0.0000e+00, 
 1DIAGNOSTIC,    12, -9.257812500000e-01, 7.044995943437e-04, 0.0000e+00, 0.0000e+00, 
 1DIAGNOSTIC,    13, -9.267578125000e-01, 5.832357101367e-04, 0.0000e+00, 0.0000e+00, 
 1DIAGNOSTIC,    14, -9.277343750000e-01, 5.123198575519e-04, 0.0000e+00, 0.0000e+00, 
 1DIAGNOSTIC,    15, -9.277343750000e-01, 4.235531953642e-04, 0.0000e+00, 0.0000e+00, 
 1DIAGNOSTIC,    16, -9.277343750000e-01, 3.451243351696e-04, 0.0000e+00, 0.0000e+00, 
 1DIAGNOSTIC,    17, -9.287109375000e-01, 2.790100450819e-04, 0.0000e+00, 0.0000e+00, 
 1DIAGNOSTIC,    18, -9.287109375000e-01, 2.270988950526e-04, 0.0000e+00, 0.0000e+00, 
 1DIAGNOSTIC,    19, -9.287109375000e-01, 1.753508678423e-04, 0.0000e+00, 0.0000e+00, 
 1DIAGNOSTIC,    20, -9.287109375000e-01, 1.277700436368e-04, 0.0000e+00, 0.0000e+00, 
 1DIAGNOSTIC,    21, -9.296875000000e-01, 1.014458098059e-04, 0.0000e+00, 0.0000e+00, 
 1DIAGNOSTIC,    22, -9.296875000000e-01, 8.086629351973e-05, 0.0000e+00, 0.0000e+00, 
 1DIAGNOSTIC,    23, -9.296875000000e-01, 6.732540933221e-05, 0.0000e+00, 0.0000e+00, 
 1DIAGNOSTIC,    24, -9.296875000000e-01, 6.155879512017e-05, 0.0000e+00, 0.0000e+00, 
 1DIAGNOSTIC,    25, -9.296875000000e-01, 5.057486995937e-05, 0.0000e+00, 0.0000e+00, 
 1DIAGNOSTIC,    26, -9.296875000000e-01, 3.514945036651e-05, 0.0000e+00, 0.0000e+00, 
 1DIAGNOSTIC,    27, -9.296875000000e-01, 2.864616729265e-05, 0.0000e+00, 0.0000e+00, 
 1DIAGNOSTIC,    28, -9.306640625000e-01, 3.081344648072e-05, 0.0000e+00, 0.0000e+00, 
 1DIAGNOSTIC,    29, -9.306640625000e-01, 2.974402609046e-05, 0.0000e+00, 0.0000e+00, 
 1DIAGNOSTIC,    30, -9.306640625000e-01, 2.576360385855e-05, 0.0000e+00, 0.0000e+00, 
 1DIAGNOSTIC,    31, -9.306640625000e-01, 2.944701612349e-05, 0.0000e+00, 0.0000e+00, 
 1DIAGNOSTIC,    32, -9.306640625000e-01, 3.007428693699e-05, 0.0000e+00, 0.0000e+00, 
 1DIAGNOSTIC,    33, -9.306640625000e-01, 2.765218983935e-05, 0.0000e+00, 0.0000e+00, 
 1DIAGNOSTIC,    34, -9.316406250000e-01, 3.153602424024e-05, 0.0000e+00, 0.0000e+00, 
 1DIAGNOSTIC,    35, -9.316406250000e-01, 3.209791399624e-05, 0.0000e+00, 0.0000e+00, 
 1DIAGNOSTIC,    36, -9.316406250000e-01, 2.977319254508e-05, 0.0000e+00, 0.0000e+00, 
 1DIAGNOSTIC,    37, -9.316406250000e-01, 2.464478662940e-05, 0.0000e+00, 0.0000e+00, 
 1DIAGNOSTIC,    38, -9.326171875000e-01, 3.318475943810e-05, 0.0000e+00, 0.0000e+00, 
 1DIAGNOSTIC,    39, -9.316406250000e-01, 3.008290367957e-05, 0.0000e+00, 0.0000e+00, 
 1DIAGNOSTIC,    40, -9.326171875000e-01, 3.203487523030e-05, 0.0000e+00, 0.0000e+00, 
 1DIAGNOSTIC,    41, -9.316406250000e-01, 2.347872859029e-05, 0.0000e+00, 0.0000e+00, 
 1DIAGNOSTIC,    42, -9.326171875000e-01, 2.044890888027e-05, 0.0000e+00, 0.0000e+00, 
 1DIAGNOSTIC,    43, -9.326171875000e-01, 1.514452669000e-05, 0.0000e+00, 0.0000e+00, 
 1DIAGNOSTIC,    44, -9.326171875000e-01, 1.547426382763e-05, 0.0000e+00, 0.0000e+00, 
 1DIAGNOSTIC,    45, -9.326171875000e-01, 1.446749811240e-05, 0.0000e+00, 0.0000e+00, 
 1DIAGNOSTIC,    46, -9.326171875000e-01, 1.215294504704e-05, 0.0000e+00, 0.0000e+00, 
 1DIAGNOSTIC,    47, -9.326171875000e-01, 8.534817775945e-06, 0.0000e+00, 0.0000e+00, 
 1DIAGNOSTIC,    48, -9.326171875000e-01, 1.061109973163e-05, 0.0000e+00, 0.0000e+00, 
 1DIAGNOSTIC,    49, -9.326171875000e-01, 5.333236132596e-06, 0.0000e+00, 0.0000e+00, 
 1DIAGNOSTIC,    50, -9.326171875000e-01, 5.984270906138e-06, 0.0000e+00, 0.0000e+00, 
 1DIAGNOSTIC,    51, -9.326171875000e-01, -5.610095721309e-15, 0.0000e+00, 0.0000e+00, 
XXDIAGNOSTIC,Iteration,metricValue,convergenceValue,ITERATION_TIME_INDEX,SINCE_LAST
 1DIAGNOSTIC,     1, -8.896484375000e-01, 1.797693134862e+308, 0.0000e+00, 0.0000e+00, 
 1DIAGNOSTIC,     2, -8.916015625000e-01, 1.797693134862e+308, 0.0000e+00, 0.0000e+00, 
 1DIAGNOSTIC,     3, -8.945312500000e-01, 1.797693134862e+308, 0.0000e+00, 0.0000e+00, 
 1DIAGNOSTIC,     4, -8.955078125000e-01, 1.797693134862e+308, 0.0000e+00, 0.0000e+00, 
 1DIAGNOSTIC,     5, -8.974609375000e-01, 1.797693134862e+308, 0.0000e+00, 0.0000e+00, 
 1DIAGNOSTIC,     6, -8.984375000000e-01, 1.797693134862e+308, 0.0000e+00, 0.0000e+00, 
 1DIAGNOSTIC,     7, -8.994140625000e-01, 1.797693134862e+308, 0.0000e+00, 0.0000e+00, 
 1DIAGNOSTIC,     8, -8.994140625000e-01, 1.797693134862e+308, 0.0000e+00, 0.0000e+00, 
 1DIAGNOSTIC,     9, -9.003906250000e-01, 1.797693134862e+308, 0.0000e+00, 0.0000e+00, 
 1DIAGNOSTIC,    10, -9.003906250000e-01, 7.554325577006e-04, 0.0000e+00, 0.0000e+00, 
 1DIAGNOSTIC,    11, -9.013671875000e-01, 5.583364885729e-04, 0.0000e+00, 0.0000e+00, 
 1DIAGNOSTIC,    12, -9.013671875000e-01, 3.938281349069e-04, 0.0000e+00, 0.0000e+00, 
 1DIAGNOSTIC,    13, -9.023437500000e-01, 3.146778954885e-04, 0.0000e+00, 0.0000e+00, 
 1DIAGNOSTIC,    14, -9.023437500000e-01, 2.391000943055e-04, 0.0000e+00, 0.0000e+00, 
 1DIAGNOSTIC,    15, -9.023437500000e-01, 1.927562410056e-04, 0.0000e+00, 0.0000e+00, 
 1DIAGNOSTIC,    16, -9.033203125000e-01, 1.729143952394e-04, 0.0000e+00, 0.0000e+00, 
 1DIAGNOSTIC,    17, -9.033203125000e-01, 1.572222975816e-04, 0.0000e+00, 0.0000e+00, 
 1DIAGNOSTIC,    18, -9.042968750000e-01, 1.455989595960e-04, 0.0000e+00, 0.0000e+00, 
 1DIAGNOSTIC,    19, -9.042968750000e-01, 1.378955750350e-04, 0.0000e+00, 0.0000e+00, 
 1DIAGNOSTIC,    20, -9.052734375000e-01, 1.335139702183e-04, 0.0000e+00, 0.0000e+00, 
 1DIAGNOSTIC,    21, -9.052734375000e-01, 1.315439383085e-04, 0.0000e+00, 0.0000e+00, 
 1DIAGNOSTIC,    22, -9.052734375000e-01, 1.171317486350e-04, 0.0000e+00, 0.0000e+00, 
 1DIAGNOSTIC,    23, -9.062500000000e-01, 1.200398128282e-04, 0.0000e+00, 0.0000e+00, 
 1DIAGNOSTIC,    24, -9.062500000000e-01, 1.111400224559e-04, 0.0000e+00, 0.0000e+00, 
 1DIAGNOSTIC,    25, -9.062500000000e-01, 9.230482880086e-05, 0.0000e+00, 0.0000e+00, 
 1DIAGNOSTIC,    26, -9.062500000000e-01, 7.838966492546e-05, 0.0000e+00, 0.0000e+00, 
 1DIAGNOSTIC,    27, -9.062500000000e-01, 5.794970813060e-05, 0.0000e+00, 0.0000e+00, 
 1DIAGNOSTIC,    28, -9.062500000000e-01, 4.444564994723e-05, 0.0000e+00, 0.0000e+00, 
 1DIAGNOSTIC,    29, -9.062500000000e-01, 2.733468437343e-05, 0.0000e+00, 0.0000e+00, 
 1DIAGNOSTIC,    30, -9.072265625000e-01, 2.947672919103e-05, 0.0000e+00, 0.0000e+00, 
 1DIAGNOSTIC,    31, -9.072265625000e-01, 2.852048791510e-05, 0.0000e+00, 0.0000e+00, 
 1DIAGNOSTIC,    32, -9.072265625000e-01, 2.475801639842e-05, 0.0000e+00, 0.0000e+00, 
 1DIAGNOSTIC,    33, -9.072265625000e-01, 2.835584943345e-05, 0.0000e+00, 0.0000e+00, 
 1DIAGNOSTIC,    34, -9.072265625000e-01, 2.901579147667e-05, 0.0000e+00, 0.0000e+00, 
 1DIAGNOSTIC,    35, -9.072265625000e-01, 2.672740173935e-05, 0.0000e+00, 0.0000e+00, 
 1DIAGNOSTIC,    36, -9.072265625000e-01, 2.199373573811e-05, 0.0000e+00, 0.0000e+00, 
 1DIAGNOSTIC,    37, -9.072265625000e-01, 1.556482839180e-05, 0.0000e+00, 0.0000e+00, 
 1DIAGNOSTIC,    38, -9.072265625000e-01, 8.089153900076e-06, 0.0000e+00, 0.0000e+00, 
 1DIAGNOSTIC,    39, -9.082031250000e-01, 7.880589632612e-06, 0.0000e+00, 0.0000e+00, 
 1DIAGNOSTIC,    40, -9.082031250000e-01, 1.439157686788e-05, 0.0000e+00, 0.0000e+00, 
 1DIAGNOSTIC,    41, -9.082031250000e-01, 1.929858984539e-05, 0.0000e+00, 0.0000e+00, 
 1DIAGNOSTIC,    42, -9.082031250000e-01, 2.225197191129e-05, 0.0000e+00, 0.0000e+00, 
 1DIAGNOSTIC,    43, -9.082031250000e-01, 2.291511011215e-05, 0.0000e+00, 0.0000e+00, 
 1DIAGNOSTIC,    44, -9.082031250000e-01, 2.123555079747e-05, 0.0000e+00, 0.0000e+00, 
 1DIAGNOSTIC,    45, -9.082031250000e-01, 1.757492227696e-05, 0.0000e+00, 0.0000e+00, 
 1DIAGNOSTIC,    46, -9.082031250000e-01, 1.250559756016e-05, 0.0000e+00, 0.0000e+00, 
 1DIAGNOSTIC,    47, -9.091796875000e-01, 1.306579339387e-05, 0.0000e+00, 0.0000e+00, 
 1DIAGNOSTIC,    48, -9.091796875000e-01, 1.198164673308e-05, 0.0000e+00, 0.0000e+00, 
 1DIAGNOSTIC,    49, -9.091796875000e-01, 1.613284360380e-05, 0.0000e+00, 0.0000e+00, 
 1DIAGNOSTIC,    50, -9.091796875000e-01, 1.867466371097e-05, 0.0000e+00, 0.0000e+00, 
XXDIAGNOSTIC,Iteration,metricValue,convergenceValue,ITERATION_TIME_INDEX,SINCE_LAST
 1DIAGNOSTIC,     1, -8.632812500000e-01, 1.797693134862e+308, 0.0000e+00, 0.0000e+00, 
 1DIAGNOSTIC,     2, -8.642578125000e-01, 1.797693134862e+308, 0.0000e+00, 0.0000e+00, 
 1DIAGNOSTIC,     3, -8.652343750000e-01, 1.797693134862e+308, 0.0000e+00, 0.0000e+00, 
 1DIAGNOSTIC,     4, -8.652343750000e-01, 1.797693134862e+308, 0.0000e+00, 0.0000e+00, 
 1DIAGNOSTIC,     5, -8.662109375000e-01, 1.797693134862e+308, 0.0000e+00, 0.0000e+00, 
 1DIAGNOSTIC,     6, -8.662109375000e-01, 1.797693134862e+308, 0.0000e+00, 0.0000e+00, 
 1DIAGNOSTIC,     7, -8.671875000000e-01, 1.797693134862e+308, 0.0000e+00, 0.0000e+00, 
 1DIAGNOSTIC,     8, -8.671875000000e-01, 1.797693134862e+308, 0.0000e+00, 0.0000e+00, 
 1DIAGNOSTIC,     9, -8.671875000000e-01, 1.797693134862e+308, 0.0000e+00, 0.0000e+00, 
 1DIAGNOSTIC,    10, -8.681640625000e-01, 3.191720047614e-04, 0.0000e+00, 0.0000e+00, 
 1DIAGNOSTIC,    11, -8.681640625000e-01, 2.521808913768e-04, 0.0000e+00, 0.0000e+00, 
 1DIAGNOSTIC,    12, -8.681640625000e-01, 1.999995759873e-04, 0.0000e+00, 0.0000e+00, 
 1DIAGNOSTIC,    13, -8.681640625000e-01, 1.630654538272e-04, 0.0000e+00, 0.0000e+00, 
 1DIAGNOSTIC,    14, -8.691406250000e-01, 1.391173798038e-04, 0.0000e+00, 0.0000e+00, 
 1DIAGNOSTIC,    15, -8.691406250000e-01, 1.262826016653e-04, 0.0000e+00, 0.0000e+00, 
 1DIAGNOSTIC,    16, -8.691406250000e-01, 1.030616702532e-04, 0.0000e+00, 0.0000e+00, 
 1DIAGNOSTIC,    17, -8.701171875000e-01, 1.113839984879e-04, 0.0000e+00, 0.0000e+00, 
 1DIAGNOSTIC,    18, -8.701171875000e-01, 1.081211887197e-04, 0.0000e+00, 0.0000e+00, 
 1DIAGNOSTIC,    19, -8.701171875000e-01, 9.460286417726e-05, 0.0000e+00, 0.0000e+00, 
 1DIAGNOSTIC,    20, -8.710937500000e-01, 1.058503100673e-04, 0.0000e+00, 0.0000e+00, 
  Elapsed time (stage 0): 0


Total elapsed time: 0
WARNING: In /tmp/itk/source/Modules/IO/NIFTI/src/itkNiftiImageIO.cxx, line 2303
NiftiImageIO (0x419db10): Non-orthogonal direction matrix coerced to orthogonal

