
##########################
# Experiment information #
##########################

EXPERIMENT_NAME: antsRegistration-r8-p22
VFC_BACKENDS: libinterflop_vprec.so --range-binary32=8 --precision-binary32=22 --range-binary64=8 --precision-binary64=22

SIF_IMG: /home/mdugre/projects/rrg-glatard/mdugre/containers/ants-vprec-no_metrics.simg

SUBJECT_ID: s028
INPUT_IMG: /home/mdugre/scratch/mri-registration-rp/datasets/ds004513/derivatives/mri-registration-rp/antsBrainExtraction/sub-s028/BrainExtractionBrain.nii.gz
OUTPUT_DIR: /home/mdugre/scratch/mri-registration-rp/datasets/ds004513/derivatives/mri-registration-rp/0011/antsRegistration-r8-p22/sub-s028

FIXED_IMG: /templateflow/tpl-MNI152NLin2009cAsym/tpl-MNI152NLin2009cAsym_res-01_desc-brain_T1w.nii.gz
DATA_DIR: /home/mdugre/scratch/mri-registration-rp/datasets/ds004513
TEMPLATEFLOW_DIR: /home/mdugre/projects/rrg-glatard/mdugre/templateflow
ITK_GLOBAL_DEFAULT_NUMBER_OF_THREADS: 16
##########################

Info [verificarlo]: loaded backend libinterflop_ieee.so
Info [interflop-ieee]: load backend with:
Info [interflop-ieee]: debug = false
Info [interflop-ieee]: debug-binary = false
Info [interflop-ieee]: no-backend-name = false
Info [interflop-ieee]: print-new-line = false
Info [interflop-ieee]: print-subnormal-normalized = false
Info [interflop-ieee]: count-op = false
All_Command_lines_OK
Using double precision for computations.
=============================================================================
The composite transform comprises the following transforms (in order): 
  1. Center of mass alignment using fixed image: /templateflow/tpl-MNI152NLin2009cAsym/tpl-MNI152NLin2009cAsym_res-01_desc-brain_T1w.nii.gz and moving image: /home/mdugre/scratch/mri-registration-rp/datasets/ds004513/derivatives/mri-registration-rp/antsBrainExtraction/sub-s028/BrainExtractionBrain.nii.gz (type = Euler3DTransform)
=============================================================================
  number of levels = 1
  fixed image: /templateflow/tpl-MNI152NLin2009cAsym/tpl-MNI152NLin2009cAsym_res-01_desc-brain_T1w.nii.gz
  moving image: /home/mdugre/scratch/mri-registration-rp/datasets/ds004513/derivatives/mri-registration-rp/antsBrainExtraction/sub-s028/BrainExtractionBrain.nii.gz
Dimension = 3
Number of stages = 1
Use histogram matching = false
Winsorize image intensities = true
  Lower quantile = 0.005
  Upper quantile = 0.995


Stage 1 State
   Image metric = MattesMI
     Fixed image = Image (0x45cfe70)
  RTTI typeinfo:   itk::Image<double, 3u>
  Reference Count: 2
  Modified Time: 2330
  Debug: Off
  Object Name: 
  Observers: 
    none
  Source: (none)
  Source output name: (none)
  Release Data: Off
  Data Released: False
  Global Release Data: Off
  PipelineMTime: 0
  UpdateMTime: 1941
  RealTimeStamp: 0 seconds 
  LargestPossibleRegion: 
    Dimension: 3
    Index: [0, 0, 0]
    Size: [193, 229, 193]
  BufferedRegion: 
    Dimension: 3
    Index: [0, 0, 0]
    Size: [193, 229, 193]
  RequestedRegion: 
    Dimension: 3
    Index: [0, 0, 0]
    Size: [193, 229, 193]
  Spacing: [1, 1, 1]
  Origin: [96, 132, -78]
  Direction: 
-1 0 0
0 -1 0
0 0 1

  IndexToPointMatrix: 
-1 0 0
0 -1 0
0 0 1

  PointToIndexMatrix: 
-1 0 0
0 -1 0
0 0 1

  Inverse Direction: 
-1 0 0
0 -1 0
0 0 1

  PixelContainer: 
    ImportImageContainer (0x45d8c60)
      RTTI typeinfo:   itk::ImportImageContainer<unsigned long, double>
      Reference Count: 1
      Modified Time: 1938
      Debug: Off
      Object Name: 
      Observers: 
        none
      Pointer: 0x15438134c010
      Container manages memory: true
      Size: 8530021
      Capacity: 8530021

     Moving image = Image (0x466d030)
  RTTI typeinfo:   itk::Image<double, 3u>
  Reference Count: 2
  Modified Time: 2331
  Debug: Off
  Object Name: 
  Observers: 
    none
  Source: (none)
  Source output name: (none)
  Release Data: Off
  Data Released: False
  Global Release Data: Off
  PipelineMTime: 0
  UpdateMTime: 2328
  RealTimeStamp: 0 seconds 
  LargestPossibleRegion: 
    Dimension: 3
    Index: [0, 0, 0]
    Size: [160, 240, 256]
  BufferedRegion: 
    Dimension: 3
    Index: [0, 0, 0]
    Size: [160, 240, 256]
  RequestedRegion: 
    Dimension: 3
    Index: [0, 0, 0]
    Size: [160, 240, 256]
  Spacing: [1, 1, 1]
  Origin: [89.0741, 91.3517, -127]
  Direction: 
-0.99863 -0.052336 0
0.052336 -0.99863 0
0 0 1

  IndexToPointMatrix: 
-0.99863 -0.052336 0
0.052336 -0.99863 0
0 0 1

  PointToIndexMatrix: 
-0.99863 0.052336 0
-0.052336 -0.99863 0
0 0 1

  Inverse Direction: 
-0.99863 0.052336 0
-0.052336 -0.99863 0
0 0 1

  PixelContainer: 
    ImportImageContainer (0x4767e50)
      RTTI typeinfo:   itk::ImportImageContainer<unsigned long, double>
      Reference Count: 1
      Modified Time: 2325
      Debug: Off
      Object Name: 
      Observers: 
        none
      Pointer: 0x15437c84b010
      Container manages memory: true
      Size: 9830400
      Capacity: 9830400

     Weighting = 1
     Sampling strategy = regular
     Number of bins = 32
     Radius = 4
     Sampling percentage  = 0.25
   Transform = Rigid
     Gradient step = 0.1
     Update field sigma (voxel space) = 0
     Total field sigma (voxel space) = 0
     Update field time sigma = 0
     Total field time sigma  = 0
     Number of time indices = 0
     Number of time point samples = 0
Registration using 1 total stages.

Stage 0
  iterations = 0
  convergence threshold = 1e-06
  convergence window size = 10
  number of levels = 1
  using the Mattes MI metric (number of bins = 32, weight = 1, use gradient filter = 0)
  preprocessing:  winsorizing the image intensities
  Shrink factors (level 1 out of 1): [1, 1, 1]
  smoothing sigmas per level: [0]
  regular sampling (percentage = 0.25)

*** Running Euler3DTransform registration ***

  Elapsed time (stage 0): 1.18293


Total elapsed time: 1.18515
Info [verificarlo]: loaded backend libinterflop_ieee.so
Info [interflop-ieee]: load backend with:
Info [interflop-ieee]: debug = false
Info [interflop-ieee]: debug-binary = false
Info [interflop-ieee]: no-backend-name = false
Info [interflop-ieee]: print-new-line = false
Info [interflop-ieee]: print-subnormal-normalized = false
Info [interflop-ieee]: count-op = false
All_Command_lines_OK
Using double precision for computations.
=============================================================================
The composite transform comprises the following transforms (in order): 
  1. /home/mdugre/scratch/mri-registration-rp/datasets/ds004513/derivatives/mri-registration-rp/0011/antsRegistration-r8-p22/sub-s028/align_Composite.h5[0] (type = Euler3DTransform)
  2. /home/mdugre/scratch/mri-registration-rp/datasets/ds004513/derivatives/mri-registration-rp/0011/antsRegistration-r8-p22/sub-s028/align_Composite.h5[1] (type = Euler3DTransform)
=============================================================================
  number of levels = 4
  fixed image: /templateflow/tpl-MNI152NLin2009cAsym/tpl-MNI152NLin2009cAsym_res-01_desc-brain_T1w.nii.gz
  moving image: /home/mdugre/scratch/mri-registration-rp/datasets/ds004513/derivatives/mri-registration-rp/antsBrainExtraction/sub-s028/BrainExtractionBrain.nii.gz
Dimension = 3
Number of stages = 1
Use histogram matching = false
Winsorize image intensities = true
  Lower quantile = 0.005
  Upper quantile = 0.995


Stage 1 State
   Image metric = MattesMI
     Fixed image = Image (0x362d530)
  RTTI typeinfo:   itk::Image<double, 3u>
  Reference Count: 2
  Modified Time: 1578
  Debug: Off
  Object Name: 
  Observers: 
    none
  Source: (none)
  Source output name: (none)
  Release Data: Off
  Data Released: False
  Global Release Data: Off
  PipelineMTime: 0
  UpdateMTime: 1189
  RealTimeStamp: 0 seconds 
  LargestPossibleRegion: 
    Dimension: 3
    Index: [0, 0, 0]
    Size: [193, 229, 193]
  BufferedRegion: 
    Dimension: 3
    Index: [0, 0, 0]
    Size: [193, 229, 193]
  RequestedRegion: 
    Dimension: 3
    Index: [0, 0, 0]
    Size: [193, 229, 193]
  Spacing: [1, 1, 1]
  Origin: [96, 132, -78]
  Direction: 
-1 0 0
0 -1 0
0 0 1

  IndexToPointMatrix: 
-1 0 0
0 -1 0
0 0 1

  PointToIndexMatrix: 
-1 0 0
0 -1 0
0 0 1

  Inverse Direction: 
-1 0 0
0 -1 0
0 0 1

  PixelContainer: 
    ImportImageContainer (0x36ebd60)
      RTTI typeinfo:   itk::ImportImageContainer<unsigned long, double>
      Reference Count: 1
      Modified Time: 1186
      Debug: Off
      Object Name: 
      Observers: 
        none
      Pointer: 0x1468ae6dc010
      Container manages memory: true
      Size: 8530021
      Capacity: 8530021

     Moving image = Image (0x36ddf60)
  RTTI typeinfo:   itk::Image<double, 3u>
  Reference Count: 2
  Modified Time: 1579
  Debug: Off
  Object Name: 
  Observers: 
    none
  Source: (none)
  Source output name: (none)
  Release Data: Off
  Data Released: False
  Global Release Data: Off
  PipelineMTime: 0
  UpdateMTime: 1576
  RealTimeStamp: 0 seconds 
  LargestPossibleRegion: 
    Dimension: 3
    Index: [0, 0, 0]
    Size: [160, 240, 256]
  BufferedRegion: 
    Dimension: 3
    Index: [0, 0, 0]
    Size: [160, 240, 256]
  RequestedRegion: 
    Dimension: 3
    Index: [0, 0, 0]
    Size: [160, 240, 256]
  Spacing: [1, 1, 1]
  Origin: [89.0741, 91.3517, -127]
  Direction: 
-0.99863 -0.052336 0
0.052336 -0.99863 0
0 0 1

  IndexToPointMatrix: 
-0.99863 -0.052336 0
0.052336 -0.99863 0
0 0 1

  PointToIndexMatrix: 
-0.99863 0.052336 0
-0.052336 -0.99863 0
0 0 1

  Inverse Direction: 
-0.99863 0.052336 0
-0.052336 -0.99863 0
0 0 1

  PixelContainer: 
    ImportImageContainer (0x36cf6d0)
      RTTI typeinfo:   itk::ImportImageContainer<unsigned long, double>
      Reference Count: 1
      Modified Time: 1573
      Debug: Off
      Object Name: 
      Observers: 
        none
      Pointer: 0x1468a9bdb010
      Container manages memory: true
      Size: 9830400
      Capacity: 9830400

     Weighting = 1
     Sampling strategy = regular
     Number of bins = 32
     Radius = 4
     Sampling percentage  = 0.25
   Transform = Rigid
     Gradient step = 0.1
     Update field sigma (voxel space) = 0
     Total field sigma (voxel space) = 0
     Update field time sigma = 0
     Total field time sigma  = 0
     Number of time indices = 0
     Number of time point samples = 0
Registration using 1 total stages.

Stage 0
  iterations = 1000x500x250x100
  convergence threshold = 1e-06
  convergence window size = 10
  number of levels = 4
  using the Mattes MI metric (number of bins = 32, weight = 1, use gradient filter = 0)
  preprocessing:  winsorizing the image intensities
  Shrink factors (level 1 out of 4): [8, 8, 8]
  Shrink factors (level 2 out of 4): [4, 4, 4]
  Shrink factors (level 3 out of 4): [2, 2, 2]
  Shrink factors (level 4 out of 4): [1, 1, 1]
  smoothing sigmas per level: [3, 2, 1, 0]
  regular sampling (percentage = 0.25)

*** Running Euler3DTransform registration ***

DIAGNOSTIC,Iteration,metricValue,convergenceValue,ITERATION_TIME_INDEX,SINCE_LAST
 2DIAGNOSTIC,     1, -5.665438577121e-01, 1.797693134862e+308, 7.5599e-01, 7.5599e-01, 
 2DIAGNOSTIC,     2, -5.679362104552e-01, 1.797693134862e+308, 7.6057e-01, 4.5810e-03, 
 2DIAGNOSTIC,     3, -5.701661751558e-01, 1.797693134862e+308, 7.6558e-01, 5.0082e-03, 
 2DIAGNOSTIC,     4, -5.751277349132e-01, 1.797693134862e+308, 7.6990e-01, 4.3290e-03, 
 2DIAGNOSTIC,     5, -5.843883607152e-01, 1.797693134862e+308, 7.7435e-01, 4.4498e-03, 
 2DIAGNOSTIC,     6, -5.972365054645e-01, 1.797693134862e+308, 7.7873e-01, 4.3731e-03, 
 2DIAGNOSTIC,     7, -6.120476262340e-01, 1.797693134862e+308, 7.8370e-01, 4.9729e-03, 
 2DIAGNOSTIC,     8, -6.211105928461e-01, 1.797693134862e+308, 7.9220e-01, 8.5049e-03, 
 2DIAGNOSTIC,     9, -6.213084107243e-01, 1.797693134862e+308, 7.9627e-01, 4.0648e-03, 
 2DIAGNOSTIC,    10, -6.217113371076e-01, 7.514467796495e-03, 8.0068e-01, 4.4131e-03, 
 2DIAGNOSTIC,    11, -6.222947563771e-01, 6.562568466451e-03, 8.0496e-01, 4.2729e-03, 
 2DIAGNOSTIC,    12, -6.227697010007e-01, 5.255461225973e-03, 8.0915e-01, 4.1950e-03, 
 2DIAGNOSTIC,    13, -6.234083608885e-01, 3.787170373486e-03, 8.1350e-01, 4.3452e-03, 
 2DIAGNOSTIC,    14, -6.241104307961e-01, 2.386996232818e-03, 8.1769e-01, 4.1909e-03, 
 2DIAGNOSTIC,    15, -6.251286949098e-01, 1.283406907863e-03, 8.2205e-01, 4.3590e-03, 
 2DIAGNOSTIC,    16, -6.283485527841e-01, 6.667849164869e-04, 8.2645e-01, 4.4060e-03, 
 2DIAGNOSTIC,    17, -6.386979001659e-01, 7.477909769650e-04, 8.3271e-01, 6.2568e-03, 
 2DIAGNOSTIC,    18, -6.422081425635e-01, 1.069912470876e-03, 8.3704e-01, 4.3271e-03, 
 2DIAGNOSTIC,    19, -6.445546029363e-01, 1.321241764044e-03, 8.4140e-01, 4.3631e-03, 
 2DIAGNOSTIC,    20, -6.479183299610e-01, 1.513380541530e-03, 8.4579e-01, 4.3900e-03, 
 2DIAGNOSTIC,    21, -6.624222035582e-01, 1.873682315968e-03, 8.5236e-01, 6.5689e-03, 
 2DIAGNOSTIC,    22, -6.636851548307e-01, 2.049754970306e-03, 8.5710e-01, 4.7450e-03, 
 2DIAGNOSTIC,    23, -6.640827682011e-01, 2.041639955640e-03, 8.6128e-01, 4.1759e-03, 
 2DIAGNOSTIC,    24, -6.643332124156e-01, 1.868431927839e-03, 8.6671e-01, 5.4300e-03, 
 2DIAGNOSTIC,    25, -6.647441030905e-01, 1.560977264762e-03, 8.7161e-01, 4.9031e-03, 
 2DIAGNOSTIC,    26, -6.663585443805e-01, 1.208448752915e-03, 8.7608e-01, 4.4730e-03, 
 2DIAGNOSTIC,    27, -6.675588410263e-01, 9.621228891053e-04, 8.8056e-01, 4.4730e-03, 
 2DIAGNOSTIC,    28, -6.699386172068e-01, 7.422805287846e-04, 8.8760e-01, 7.0419e-03, 
 2DIAGNOSTIC,    29, -6.706916835220e-01, 5.180026450857e-04, 8.9239e-01, 4.7939e-03, 
 2DIAGNOSTIC,    30, -6.717044926822e-01, 3.208508597235e-04, 8.9691e-01, 4.5149e-03, 
 2DIAGNOSTIC,    31, -6.736094785843e-01, 3.443814028684e-04, 9.0142e-01, 4.5121e-03, 
 2DIAGNOSTIC,    32, -6.768829321867e-01, 3.964866706984e-04, 9.0913e-01, 7.7059e-03, 
 2DIAGNOSTIC,    33, -6.772725215794e-01, 4.174151440679e-04, 9.1357e-01, 4.4479e-03, 
 2DIAGNOSTIC,    34, -6.782689647215e-01, 4.147481886555e-04, 9.1796e-01, 4.3900e-03, 
 2DIAGNOSTIC,    35, -6.790973139809e-01, 3.888972785806e-04, 9.2238e-01, 4.4188e-03, 
 2DIAGNOSTIC,    36, -6.796280362084e-01, 3.536821120045e-04, 9.2683e-01, 4.4479e-03, 
 2DIAGNOSTIC,    37, -6.806612188135e-01, 3.126376017665e-04, 9.3188e-01, 5.0502e-03, 
 2DIAGNOSTIC,    38, -6.831640786990e-01, 3.010857674300e-04, 9.3792e-01, 6.0360e-03, 
 2DIAGNOSTIC,    39, -6.837256422913e-01, 2.762415697717e-04, 9.4240e-01, 4.4820e-03, 
 2DIAGNOSTIC,    40, -6.838944844703e-01, 2.395816327592e-04, 9.4693e-01, 4.5280e-03, 
 2DIAGNOSTIC,    41, -6.841709374905e-01, 2.050565053484e-04, 9.5241e-01, 5.4860e-03, 
 2DIAGNOSTIC,    42, -6.842756285696e-01, 1.881296056683e-04, 9.5733e-01, 4.9119e-03, 
 2DIAGNOSTIC,    43, -6.843516553951e-01, 1.583661417007e-04, 9.6170e-01, 4.3731e-03, 
 2DIAGNOSTIC,    44, -6.848013316624e-01, 1.292681452845e-04, 9.6661e-01, 4.9160e-03, 
 2DIAGNOSTIC,    45, -6.848687908147e-01, 9.821285865153e-05, 9.7209e-01, 5.4731e-03, 
 2DIAGNOSTIC,    46, -6.848813389162e-01, 6.452911274583e-05, 9.7653e-01, 4.4432e-03, 
 2DIAGNOSTIC,    47, -6.850988835737e-01, 3.737112388514e-05, 9.8180e-01, 5.2681e-03, 
 2DIAGNOSTIC,    48, -6.851351947642e-01, 3.086880435944e-05, 9.8679e-01, 4.9930e-03, 
 2DIAGNOSTIC,    49, -6.851653703345e-01, 2.697862096008e-05, 9.9143e-01, 4.6341e-03, 
 2DIAGNOSTIC,    50, -6.852583123770e-01, 2.297345890164e-05, 9.9590e-01, 4.4770e-03, 
 2DIAGNOSTIC,    51, -6.853875159574e-01, 2.048305840667e-05, 1.0015e+00, 5.6210e-03, 
 2DIAGNOSTIC,    52, -6.855692385848e-01, 1.857804724450e-05, 1.0061e+00, 4.5459e-03, 
 2DIAGNOSTIC,    53, -6.856961499053e-01, 1.656694885580e-05, 1.0108e+00, 4.7050e-03, 
 2DIAGNOSTIC,    54, -6.864704170788e-01, 2.296789982739e-05, 1.0181e+00, 7.3230e-03, 
 2DIAGNOSTIC,    55, -6.866247813834e-01, 2.859754608587e-05, 1.0227e+00, 4.5581e-03, 
 2DIAGNOSTIC,    56, -6.868645215817e-01, 3.327214024504e-05, 1.0272e+00, 4.5650e-03, 
 2DIAGNOSTIC,    57, -6.870302982195e-01, 3.758610779664e-05, 1.0317e+00, 4.4310e-03, 
 2DIAGNOSTIC,    58, -6.873096331706e-01, 4.052690355485e-05, 1.0367e+00, 5.0781e-03, 
 2DIAGNOSTIC,    59, -6.880609783977e-01, 4.515115804457e-05, 1.0429e+00, 6.1710e-03, 
 2DIAGNOSTIC,    60, -6.881346009376e-01, 4.637585625194e-05, 1.0473e+00, 4.3740e-03, 
 2DIAGNOSTIC,    61, -6.881664217935e-01, 4.440165755287e-05, 1.0518e+00, 4.5109e-03, 
 2DIAGNOSTIC,    62, -6.882196939791e-01, 4.002230361331e-05, 1.0568e+00, 4.9748e-03, 
 2DIAGNOSTIC,    63, -6.883166228859e-01, 3.335477199886e-05, 1.0628e+00, 6.0048e-03, 
 2DIAGNOSTIC,    64, -6.883388208978e-01, 2.901461719414e-05, 1.0671e+00, 4.3418e-03, 
 2DIAGNOSTIC,    65, -6.882439368274e-01, 2.244502422634e-05, 1.0714e+00, 4.3359e-03, 
 2DIAGNOSTIC,    66, -6.882521178726e-01, 1.568288656463e-05, 1.0763e+00, 4.9069e-03, 
 2DIAGNOSTIC,    67, -6.882611074979e-01, 8.790814053937e-06, 1.0808e+00, 4.4119e-03, 
 2DIAGNOSTIC,    68, -6.881695695952e-01, 2.348194884046e-06, 1.0852e+00, 4.4210e-03, 
DIAGNOSTIC,Iteration,metricValue,convergenceValue,ITERATION_TIME_INDEX,SINCE_LAST
 2DIAGNOSTIC,     1, -5.578321277578e-01, 1.797693134862e+308, 1.8732e+00, 7.8797e-01, 
 2DIAGNOSTIC,     2, -5.580024939857e-01, 1.797693134862e+308, 1.9093e+00, 3.6098e-02, 
 2DIAGNOSTIC,     3, -5.580991958753e-01, 1.797693134862e+308, 1.9374e+00, 2.8188e-02, 
 2DIAGNOSTIC,     4, -5.582871815083e-01, 1.797693134862e+308, 1.9667e+00, 2.9261e-02, 
 2DIAGNOSTIC,     5, -5.586128307086e-01, 1.797693134862e+308, 1.9946e+00, 2.7927e-02, 
 2DIAGNOSTIC,     6, -5.589521462527e-01, 1.797693134862e+308, 2.0225e+00, 2.7883e-02, 
 2DIAGNOSTIC,     7, -5.594990817637e-01, 1.797693134862e+308, 2.0501e+00, 2.7558e-02, 
 2DIAGNOSTIC,     8, -5.606921888540e-01, 1.797693134862e+308, 2.0826e+00, 3.2551e-02, 
 2DIAGNOSTIC,     9, -5.645397596954e-01, 1.797693134862e+308, 2.1221e+00, 3.9525e-02, 
 2DIAGNOSTIC,    10, -5.655271323636e-01, 8.074911061688e-04, 2.1516e+00, 2.9437e-02, 
 2DIAGNOSTIC,    11, -5.659429047196e-01, 9.192670439347e-04, 2.1911e+00, 3.9544e-02, 
 2DIAGNOSTIC,    12, -5.662262076602e-01, 9.514813009644e-04, 2.2230e+00, 3.1876e-02, 
 2DIAGNOSTIC,    13, -5.670553225475e-01, 9.282714455357e-04, 2.2528e+00, 2.9776e-02, 
 2DIAGNOSTIC,    14, -5.673850982585e-01, 8.400525136619e-04, 2.2845e+00, 3.1703e-02, 
 2DIAGNOSTIC,    15, -5.676604842114e-01, 7.071232697628e-04, 2.3131e+00, 2.8660e-02, 
 2DIAGNOSTIC,    16, -5.678747950631e-01, 5.456865306213e-04, 2.3449e+00, 3.1784e-02, 
 2DIAGNOSTIC,    17, -5.683134235895e-01, 3.832699636626e-04, 2.4090e+00, 6.4051e-02, 
 2DIAGNOSTIC,    18, -5.683588326895e-01, 2.353847295777e-04, 2.4406e+00, 3.1591e-02, 
 2DIAGNOSTIC,    19, -5.684117603820e-01, 1.845403503058e-04, 2.4726e+00, 3.2083e-02, 
 2DIAGNOSTIC,    20, -5.684524669886e-01, 1.478644156695e-04, 2.5018e+00, 2.9163e-02, 
 2DIAGNOSTIC,    21, -5.685192756330e-01, 1.126961340428e-04, 2.5295e+00, 2.7658e-02, 
 2DIAGNOSTIC,    22, -5.686680919235e-01, 7.971122787285e-05, 2.5578e+00, 2.8301e-02, 
 2DIAGNOSTIC,    23, -5.688404240388e-01, 6.404495400299e-05, 2.5859e+00, 2.8137e-02, 
 2DIAGNOSTIC,    24, -5.691364499518e-01, 5.691719778787e-05, 2.6138e+00, 2.7881e-02, 
 2DIAGNOSTIC,    25, -5.695270876953e-01, 5.844529192731e-05, 2.6420e+00, 2.8215e-02, 
 2DIAGNOSTIC,    26, -5.697988144762e-01, 6.353785340027e-05, 2.6703e+00, 2.8294e-02, 
 2DIAGNOSTIC,    27, -5.700144110302e-01, 7.453596549995e-05, 2.6985e+00, 2.8241e-02, 
 2DIAGNOSTIC,    28, -5.704046401151e-01, 8.562591848684e-05, 2.7336e+00, 3.5020e-02, 
 2DIAGNOSTIC,    29, -5.704966941939e-01, 9.032109959878e-05, 2.7625e+00, 2.8942e-02, 
 2DIAGNOSTIC,    30, -5.707443061449e-01, 9.108650559661e-05, 2.7948e+00, 3.2317e-02, 
 2DIAGNOSTIC,    31, -5.714364618183e-01, 9.551318973672e-05, 2.8518e+00, 5.6956e-02, 
 2DIAGNOSTIC,    32, -5.715166392082e-01, 9.404510687214e-05, 2.8836e+00, 3.1862e-02, 
 2DIAGNOSTIC,    33, -5.715498933118e-01, 8.701645830991e-05, 2.9136e+00, 2.9999e-02, 
 2DIAGNOSTIC,    34, -5.716182555590e-01, 7.765904327314e-05, 2.9431e+00, 2.9507e-02, 
 2DIAGNOSTIC,    35, -5.717285365585e-01, 6.864360631297e-05, 2.9724e+00, 2.9285e-02, 
 2DIAGNOSTIC,    36, -5.719387320239e-01, 6.020290996326e-05, 3.0004e+00, 2.7971e-02, 
 2DIAGNOSTIC,    37, -5.720167427993e-01, 5.037206712667e-05, 3.0284e+00, 2.7992e-02, 
 2DIAGNOSTIC,    38, -5.720990889754e-01, 4.274940850330e-05, 3.0615e+00, 3.3085e-02, 
 2DIAGNOSTIC,    39, -5.722642978428e-01, 3.487046654624e-05, 3.1005e+00, 3.9056e-02, 
 2DIAGNOSTIC,    40, -5.723834164957e-01, 2.843887283185e-05, 3.1458e+00, 4.5246e-02, 
 2DIAGNOSTIC,    41, -5.723976301239e-01, 2.825451675331e-05, 3.1790e+00, 3.3196e-02, 
 2DIAGNOSTIC,    42, -5.723990594958e-01, 2.646491016573e-05, 3.2153e+00, 3.6295e-02, 
 2DIAGNOSTIC,    43, -5.724120939412e-01, 2.287309131115e-05, 3.2488e+00, 3.3578e-02, 
 2DIAGNOSTIC,    44, -5.724034349111e-01, 1.797598684222e-05, 3.2788e+00, 2.9996e-02, 
 2DIAGNOSTIC,    45, -5.723955601531e-01, 1.272134180055e-05, 3.3128e+00, 3.4001e-02, 
 2DIAGNOSTIC,    46, -5.723988652009e-01, 8.882572872029e-06, 3.3546e+00, 4.1716e-02, 
 2DIAGNOSTIC,    47, -5.723909495290e-01, 5.183001179833e-06, 3.3963e+00, 4.1692e-02, 
 2DIAGNOSTIC,    48, -5.723655056529e-01, 1.768208976936e-06, 3.4313e+00, 3.5047e-02, 
DIAGNOSTIC,Iteration,metricValue,convergenceValue,ITERATION_TIME_INDEX,SINCE_LAST
 2DIAGNOSTIC,     1, -5.027627197899e-01, 1.797693134862e+308, 4.5944e+00, 1.1631e+00, 
 2DIAGNOSTIC,     2, -5.029350176323e-01, 1.797693134862e+308, 4.8476e+00, 2.5321e-01, 
 2DIAGNOSTIC,     3, -5.031500770299e-01, 1.797693134862e+308, 5.1059e+00, 2.5822e-01, 
 2DIAGNOSTIC,     4, -5.032417147188e-01, 1.797693134862e+308, 5.3725e+00, 2.6669e-01, 
 2DIAGNOSTIC,     5, -5.033667293660e-01, 1.797693134862e+308, 5.6352e+00, 2.6265e-01, 
 2DIAGNOSTIC,     6, -5.036379603837e-01, 1.797693134862e+308, 5.9076e+00, 2.7244e-01, 
 2DIAGNOSTIC,     7, -5.040659025852e-01, 1.797693134862e+308, 6.1798e+00, 2.7221e-01, 
 2DIAGNOSTIC,     8, -5.062430637354e-01, 1.797693134862e+308, 6.5352e+00, 3.5537e-01, 
 2DIAGNOSTIC,     9, -5.077347484053e-01, 1.797693134862e+308, 6.9352e+00, 3.9998e-01, 
 2DIAGNOSTIC,    10, -5.080135138973e-01, 6.817220461292e-04, 7.2197e+00, 2.8449e-01, 
 2DIAGNOSTIC,    11, -5.080814308623e-01, 7.175241148451e-04, 7.4493e+00, 2.2966e-01, 
 2DIAGNOSTIC,    12, -5.082892318955e-01, 7.013747625036e-04, 7.7002e+00, 2.5090e-01, 
 2DIAGNOSTIC,    13, -5.088063472282e-01, 6.545056919656e-04, 8.0431e+00, 3.4288e-01, 
 2DIAGNOSTIC,    14, -5.088617080308e-01, 5.595133986911e-04, 8.3063e+00, 2.6320e-01, 
 2DIAGNOSTIC,    15, -5.089743245098e-01, 4.364423079692e-04, 8.5954e+00, 2.8913e-01, 
 2DIAGNOSTIC,    16, -5.095037653903e-01, 3.185600921828e-04, 9.1161e+00, 5.2067e-01, 
 2DIAGNOSTIC,    17, -5.095273650504e-01, 1.984803674136e-04, 9.3912e+00, 2.7513e-01, 
 2DIAGNOSTIC,    18, -5.095339318373e-01, 1.404821284691e-04, 9.6677e+00, 2.7646e-01, 
 2DIAGNOSTIC,    19, -5.095362033943e-01, 1.199310712288e-04, 9.9342e+00, 2.6649e-01, 
 2DIAGNOSTIC,    20, -5.095331249340e-01, 9.833998078285e-05, 1.0259e+01, 3.2526e-01, 
 2DIAGNOSTIC,    21, -5.095312127629e-01, 7.135355415129e-05, 1.0488e+01, 2.2845e-01, 
 2DIAGNOSTIC,    22, -5.095305204034e-01, 4.521663762699e-05, 1.0847e+01, 3.5873e-01, 
 2DIAGNOSTIC,    23, -5.095309970811e-01, 3.007933170898e-05, 1.1110e+01, 2.6300e-01, 
 2DIAGNOSTIC,    24, -5.095298565439e-01, 1.486631046745e-05, 1.1337e+01, 2.2728e-01, 
 2DIAGNOSTIC,    25, -5.095291096945e-01, 1.781884390858e-06, 1.1597e+01, 2.5976e-01, 
 2DIAGNOSTIC,    26, -5.095275896087e-01, 1.022758257918e-06, 1.1888e+01, 2.9152e-01, 
DIAGNOSTIC,Iteration,metricValue,convergenceValue,ITERATION_TIME_INDEX,SINCE_LAST
 2DIAGNOSTIC,     1, -4.704941970872e-01, 1.797693134862e+308, 1.4520e+01, 2.6317e+00, 
 2DIAGNOSTIC,     2, -4.705132996162e-01, 1.797693134862e+308, 1.6170e+01, 1.6501e+00, 
 2DIAGNOSTIC,     3, -4.705512529493e-01, 1.797693134862e+308, 1.8367e+01, 2.1967e+00, 
 2DIAGNOSTIC,     4, -4.705536343184e-01, 1.797693134862e+308, 2.0919e+01, 2.5525e+00, 
 2DIAGNOSTIC,     5, -4.705541183602e-01, 1.797693134862e+308, 2.3481e+01, 2.5618e+00, 
 2DIAGNOSTIC,     6, -4.705541496973e-01, 1.797693134862e+308, 2.5008e+01, 1.5266e+00, 
 2DIAGNOSTIC,     7, -4.705539819241e-01, 1.797693134862e+308, 2.6515e+01, 1.5076e+00, 
 2DIAGNOSTIC,     8, -4.705539173375e-01, 1.797693134862e+308, 2.8022e+01, 1.5064e+00, 
 2DIAGNOSTIC,     9, -4.705537607778e-01, 1.797693134862e+308, 2.9847e+01, 1.8252e+00, 
 2DIAGNOSTIC,    10, -4.705536805152e-01, 9.031755818692e-06, 3.1395e+01, 1.5483e+00, 
 2DIAGNOSTIC,    11, -4.705535980251e-01, 5.219268306142e-06, 3.2835e+01, 1.4401e+00, 
 2DIAGNOSTIC,    12, -4.705535259697e-01, 2.738538215155e-06, 3.4433e+01, 1.5981e+00, 
 2DIAGNOSTIC,    13, -4.705535625871e-01, 2.393844085194e-06, 3.6254e+01, 1.8208e+00, 
 2DIAGNOSTIC,    14, -4.705534845835e-01, 2.201887106437e-06, 3.7618e+01, 1.3640e+00, 
 2DIAGNOSTIC,    15, -4.705533228474e-01, 2.054910765770e-06, 3.9165e+01, 1.5470e+00, 
 2DIAGNOSTIC,    16, -4.705533706265e-01, 1.935617077273e-06, 4.0678e+01, 1.5131e+00, 
 2DIAGNOSTIC,    17, -4.705533034042e-01, 1.826683461631e-06, 4.2196e+01, 1.5181e+00, 
 2DIAGNOSTIC,    18, -4.705532420616e-01, 1.729806825161e-06, 4.3743e+01, 1.5465e+00, 
 2DIAGNOSTIC,    19, -4.705531759834e-01, 1.639634836473e-06, 4.5306e+01, 1.5633e+00, 
 2DIAGNOSTIC,    20, -4.705530007899e-01, 1.554130549766e-06, 4.6637e+01, 1.3308e+00, 
 2DIAGNOSTIC,    21, -4.705530352652e-01, 1.478907347495e-06, 4.8168e+01, 1.5314e+00, 
 2DIAGNOSTIC,    22, -4.705530841214e-01, 1.413025264504e-06, 5.0078e+01, 1.9092e+00, 
 2DIAGNOSTIC,    23, -4.705530128193e-01, 1.355006486743e-06, 5.1832e+01, 1.7541e+00, 
 2DIAGNOSTIC,    24, -4.705529344897e-01, 1.300751696277e-06, 5.3479e+01, 1.6476e+00, 
 2DIAGNOSTIC,    25, -4.705528600082e-01, 1.247497201429e-06, 5.4845e+01, 1.3653e+00, 
 2DIAGNOSTIC,    26, -4.705529972583e-01, 1.204980890498e-06, 5.6390e+01, 1.5451e+00, 
 2DIAGNOSTIC,    27, -4.705530438168e-01, 1.166698816148e-06, 5.7966e+01, 1.5763e+00, 
 2DIAGNOSTIC,    28, -4.705532089326e-01, 1.134486522274e-06, 5.9329e+01, 1.3630e+00, 
 2DIAGNOSTIC,    29, -4.705529947254e-01, 1.098937307459e-06, 6.1007e+01, 1.6781e+00, 
 2DIAGNOSTIC,    30, -4.705529468293e-01, 1.061242061097e-06, 6.2572e+01, 1.5650e+00, 
 2DIAGNOSTIC,    31, -4.705529190134e-01, 1.025939791392e-06, 6.4315e+01, 1.7431e+00, 
  Elapsed time (stage 0): 6.5213e+01


Total elapsed time: 6.5216e+01
Info [verificarlo]: loaded backend libinterflop_vprec.so
Info [interflop-vprec]: load backend with: 
Info [interflop-vprec]: precision-binary32 = 22
Info [interflop-vprec]: range-binary32 = 8
Info [interflop-vprec]: precision-binary64 = 22
Info [interflop-vprec]: range-binary64 = 8
Info [interflop-vprec]: mode = ob
Info [interflop-vprec]: error-mode = rel
Info [interflop-vprec]: max-abs-error-exponent = -1022
Info [interflop-vprec]: daz = false
Info [interflop-vprec]: ftz = false
Info [interflop-vprec]: 	instrument = none
Info [interflop-vprec]: 	prec-input-file = (null)
Info [interflop-vprec]: 	prec-output-file = (null)
Info [interflop-vprec]: 	prec-log-file = (null)
All_Command_lines_OK
Using double precision for computations.
=============================================================================
The composite transform comprises the following transforms (in order): 
  1. /home/mdugre/scratch/mri-registration-rp/datasets/ds004513/derivatives/mri-registration-rp/0011/antsRegistration-r8-p22/sub-s028/rigid_Composite.h5[0] (type = Euler3DTransform)
  2. /home/mdugre/scratch/mri-registration-rp/datasets/ds004513/derivatives/mri-registration-rp/0011/antsRegistration-r8-p22/sub-s028/rigid_Composite.h5[1] (type = Euler3DTransform)
  3. /home/mdugre/scratch/mri-registration-rp/datasets/ds004513/derivatives/mri-registration-rp/0011/antsRegistration-r8-p22/sub-s028/rigid_Composite.h5[2] (type = Euler3DTransform)
=============================================================================
  number of levels = 4
  fixed image: /templateflow/tpl-MNI152NLin2009cAsym/tpl-MNI152NLin2009cAsym_res-01_desc-brain_T1w.nii.gz
  moving image: /home/mdugre/scratch/mri-registration-rp/datasets/ds004513/derivatives/mri-registration-rp/antsBrainExtraction/sub-s028/BrainExtractionBrain.nii.gz
Dimension = 3
Number of stages = 1
Use histogram matching = false
Winsorize image intensities = true
  Lower quantile = 0.005
  Upper quantile = 0.995


Stage 1 State
   Image metric = MattesMI
     Fixed image = Image (0x44d3490)
  RTTI typeinfo:   itk::Image<double, 3u>
  Reference Count: 2
  Modified Time: 1592
  Debug: Off
  Object Name: 
  Observers: 
    none
  Source: (none)
  Source output name: (none)
  Release Data: Off
  Data Released: False
  Global Release Data: Off
  PipelineMTime: 0
  UpdateMTime: 1203
  RealTimeStamp: 0 seconds 
  LargestPossibleRegion: 
    Dimension: 3
    Index: [0, 0, 0]
    Size: [193, 229, 193]
  BufferedRegion: 
    Dimension: 3
    Index: [0, 0, 0]
    Size: [193, 229, 193]
  RequestedRegion: 
    Dimension: 3
    Index: [0, 0, 0]
    Size: [193, 229, 193]
  Spacing: [1, 1, 1]
  Origin: [96, 132, -78]
  Direction: 
-1 0 0
0 -1 0
0 0 1

  IndexToPointMatrix: 
-1 0 0
0 -1 0
0 0 1

  PointToIndexMatrix: 
-1 0 0
0 -1 0
0 0 1

  Inverse Direction: 
-1 0 0
0 -1 0
0 0 1

  PixelContainer: 
    ImportImageContainer (0x459e8c0)
      RTTI typeinfo:   itk::ImportImageContainer<unsigned long, double>
      Reference Count: 1
      Modified Time: 1200
      Debug: Off
      Object Name: 
      Observers: 
        none
      Pointer: 0x14b1920c8010
      Container manages memory: true
      Size: 8530021
      Capacity: 8530021

     Moving image = Image (0x458eb60)
  RTTI typeinfo:   itk::Image<double, 3u>
  Reference Count: 2
  Modified Time: 1593
  Debug: Off
  Object Name: 
  Observers: 
    none
  Source: (none)
  Source output name: (none)
  Release Data: Off
  Data Released: False
  Global Release Data: Off
  PipelineMTime: 0
  UpdateMTime: 1590
  RealTimeStamp: 0 seconds 
  LargestPossibleRegion: 
    Dimension: 3
    Index: [0, 0, 0]
    Size: [160, 240, 256]
  BufferedRegion: 
    Dimension: 3
    Index: [0, 0, 0]
    Size: [160, 240, 256]
  RequestedRegion: 
    Dimension: 3
    Index: [0, 0, 0]
    Size: [160, 240, 256]
  Spacing: [1, 1, 1]
  Origin: [89.0741, 91.3517, -127]
  Direction: 
-0.99863 -0.052336 0
0.052336 -0.99863 0
0 0 1

  IndexToPointMatrix: 
-0.99863 -0.052336 0
0.052336 -0.99863 0
0 0 1

  PointToIndexMatrix: 
-0.99863 0.052336 0
-0.052336 -0.99863 0
0 0 1

  Inverse Direction: 
-0.99863 0.052336 0
-0.052336 -0.99863 0
0 0 1

  PixelContainer: 
    ImportImageContainer (0x46221d0)
      RTTI typeinfo:   itk::ImportImageContainer<unsigned long, double>
      Reference Count: 1
      Modified Time: 1587
      Debug: Off
      Object Name: 
      Observers: 
        none
      Pointer: 0x14b18d5c7010
      Container manages memory: true
      Size: 9830400
      Capacity: 9830400

     Weighting = 1
     Sampling strategy = regular
     Number of bins = 32
     Radius = 4
     Sampling percentage  = 0.25
   Transform = Affine
     Gradient step = 0.1
     Update field sigma (voxel space) = 0
     Total field sigma (voxel space) = 0
     Update field time sigma = 0
     Total field time sigma  = 0
     Number of time indices = 0
     Number of time point samples = 0
Registration using 1 total stages.

Stage 0
  iterations = 1000x500x250x100
  convergence threshold = 1e-06
  convergence window size = 10
  number of levels = 4
  using the Mattes MI metric (number of bins = 32, weight = 1, use gradient filter = 0)
  preprocessing:  winsorizing the image intensities
  Shrink factors (level 1 out of 4): [8, 8, 8]
  Shrink factors (level 2 out of 4): [4, 4, 4]
  Shrink factors (level 3 out of 4): [2, 2, 2]
  Shrink factors (level 4 out of 4): [1, 1, 1]
  smoothing sigmas per level: [3, 2, 1, 0]
  regular sampling (percentage = 0.25)

*** Running AffineTransform registration ***

DIAGNOSTIC,Iteration,metricValue,convergenceValue,ITERATION_TIME_INDEX,SINCE_LAST
 2DIAGNOSTIC,     1, -6.823990854815e-01, 1.797693134862e+308, 0.0000e+00, 0.0000e+00, 
 2DIAGNOSTIC,     2, -6.842251230138e-01, 1.797693134862e+308, 0.0000e+00, 0.0000e+00, 
 2DIAGNOSTIC,     3, -6.870350299524e-01, 1.797693134862e+308, 0.0000e+00, 0.0000e+00, 
 2DIAGNOSTIC,     4, -6.921622712168e-01, 1.797693134862e+308, 0.0000e+00, 0.0000e+00, 
 2DIAGNOSTIC,     5, -7.012007555825e-01, 1.797693134862e+308, 0.0000e+00, 0.0000e+00, 
 2DIAGNOSTIC,     6, -7.217836590424e-01, 1.797693134862e+308, 0.0000e+00, 0.0000e+00, 
 2DIAGNOSTIC,     7, -7.654723585163e-01, 1.797693134862e+308, 0.0000e+00, 0.0000e+00, 
 2DIAGNOSTIC,     8, -7.940791134814e-01, 1.797693134862e+308, 0.0000e+00, 0.0000e+00, 
 2DIAGNOSTIC,     9, -7.942622821468e-01, 1.797693134862e+308, 0.0000e+00, 0.0000e+00, 
 2DIAGNOSTIC,    10, -7.940901504906e-01, 1.245672874751e-02, 0.0000e+00, 0.0000e+00, 
 2DIAGNOSTIC,    11, -7.940810611560e-01, 1.141381309397e-02, 0.0000e+00, 0.0000e+00, 
 2DIAGNOSTIC,    12, -7.941355753523e-01, 9.574968141666e-03, 0.0000e+00, 0.0000e+00, 
 2DIAGNOSTIC,    13, -7.941166422467e-01, 7.249022912694e-03, 0.0000e+00, 0.0000e+00, 
 2DIAGNOSTIC,    14, -7.940103538317e-01, 4.772055300523e-03, 0.0000e+00, 0.0000e+00, 
 2DIAGNOSTIC,    15, -7.939700447815e-01, 2.446741378770e-03, 0.0000e+00, 0.0000e+00, 
 2DIAGNOSTIC,    16, -7.942190133636e-01, 6.724497927179e-04, 0.0000e+00, 0.0000e+00, 
 2DIAGNOSTIC,    17, -7.944171693924e-01, 5.926708595727e-06, 0.0000e+00, 0.0000e+00, 
 2DIAGNOSTIC,    18, -7.950888832201e-01, 2.501048588930e-05, 0.0000e+00, 0.0000e+00, 
 2DIAGNOSTIC,    19, -7.969802531047e-01, 8.050263023963e-05, 0.0000e+00, 0.0000e+00, 
 2DIAGNOSTIC,    20, -7.973469108919e-01, 1.257350998938e-04, 0.0000e+00, 0.0000e+00, 
 2DIAGNOSTIC,    21, -7.971592011666e-01, 1.517263481976e-04, 0.0000e+00, 0.0000e+00, 
 2DIAGNOSTIC,    22, -7.972026574431e-01, 1.634645061110e-04, 0.0000e+00, 0.0000e+00, 
 2DIAGNOSTIC,    23, -7.970183565201e-01, 1.555832890010e-04, 0.0000e+00, 0.0000e+00, 
 2DIAGNOSTIC,    24, -7.969738334830e-01, 1.312380622998e-04, 0.0000e+00, 0.0000e+00, 
 2DIAGNOSTIC,    25, -7.970099331691e-01, 9.657151982891e-05, 0.0000e+00, 0.0000e+00, 
 2DIAGNOSTIC,    26, -7.969175104315e-01, 5.836373131957e-05, 0.0000e+00, 0.0000e+00, 
 2DIAGNOSTIC,    27, -7.968363299948e-01, 1.947171417977e-05, 0.0000e+00, 0.0000e+00, 
DIAGNOSTIC,Iteration,metricValue,convergenceValue,ITERATION_TIME_INDEX,SINCE_LAST
 2DIAGNOSTIC,     1, -6.479520056228e-01, 1.797693134862e+308, 0.0000e+00, 0.0000e+00, 
 2DIAGNOSTIC,     2, -6.485044458710e-01, 1.797693134862e+308, 0.0000e+00, 0.0000e+00, 
 2DIAGNOSTIC,     3, -6.493081580629e-01, 1.797693134862e+308, 0.0000e+00, 0.0000e+00, 
 2DIAGNOSTIC,     4, -6.503018448592e-01, 1.797693134862e+308, 0.0000e+00, 0.0000e+00, 
 2DIAGNOSTIC,     5, -6.513838430045e-01, 1.797693134862e+308, 0.0000e+00, 0.0000e+00, 
 2DIAGNOSTIC,     6, -6.531026980709e-01, 1.797693134862e+308, 0.0000e+00, 0.0000e+00, 
 2DIAGNOSTIC,     7, -6.531183515595e-01, 1.797693134862e+308, 0.0000e+00, 0.0000e+00, 
 2DIAGNOSTIC,     8, -6.531101070109e-01, 1.797693134862e+308, 0.0000e+00, 0.0000e+00, 
 2DIAGNOSTIC,     9, -6.531131499212e-01, 1.797693134862e+308, 0.0000e+00, 0.0000e+00, 
 2DIAGNOSTIC,    10, -6.530770607913e-01, 5.887750205848e-04, 0.0000e+00, 0.0000e+00, 
 2DIAGNOSTIC,    11, -6.530771262365e-01, 4.251776441986e-04, 0.0000e+00, 0.0000e+00, 
 2DIAGNOSTIC,    12, -6.530690436003e-01, 2.708211349506e-04, 0.0000e+00, 0.0000e+00, 
 2DIAGNOSTIC,    13, -6.530717338556e-01, 1.435166883882e-04, 0.0000e+00, 0.0000e+00, 
 2DIAGNOSTIC,    14, -6.530727652146e-01, 5.228895568474e-05, 0.0000e+00, 0.0000e+00, 
DIAGNOSTIC,Iteration,metricValue,convergenceValue,ITERATION_TIME_INDEX,SINCE_LAST
 2DIAGNOSTIC,     1, -5.631870461263e-01, 1.797693134862e+308, 0.0000e+00, 0.0000e+00, 
 2DIAGNOSTIC,     2, -5.635656534663e-01, 1.797693134862e+308, 0.0000e+00, 0.0000e+00, 
 2DIAGNOSTIC,     3, -5.639896722638e-01, 1.797693134862e+308, 0.0000e+00, 0.0000e+00, 
 2DIAGNOSTIC,     4, -5.644140931465e-01, 1.797693134862e+308, 0.0000e+00, 0.0000e+00, 
 2DIAGNOSTIC,     5, -5.649727654539e-01, 1.797693134862e+308, 0.0000e+00, 0.0000e+00, 
 2DIAGNOSTIC,     6, -5.655940546504e-01, 1.797693134862e+308, 0.0000e+00, 0.0000e+00, 
 2DIAGNOSTIC,     7, -5.671681741190e-01, 1.797693134862e+308, 0.0000e+00, 0.0000e+00, 
 2DIAGNOSTIC,     8, -5.671682374518e-01, 1.797693134862e+308, 0.0000e+00, 0.0000e+00, 
 2DIAGNOSTIC,     9, -5.671643506422e-01, 1.797693134862e+308, 0.0000e+00, 0.0000e+00, 
 2DIAGNOSTIC,    10, -5.671641583534e-01, 5.430576172708e-04, 0.0000e+00, 0.0000e+00, 
 2DIAGNOSTIC,    11, -5.671630069827e-01, 4.408242199144e-04, 0.0000e+00, 0.0000e+00, 
 2DIAGNOSTIC,    12, -5.671625998857e-01, 3.311251248547e-04, 0.0000e+00, 0.0000e+00, 
 2DIAGNOSTIC,    13, -5.671604023734e-01, 2.249412647948e-04, 0.0000e+00, 0.0000e+00, 
 2DIAGNOSTIC,    14, -5.671590508626e-01, 1.295490751891e-04, 0.0000e+00, 0.0000e+00, 
 2DIAGNOSTIC,    15, -5.671582510402e-01, 5.399848643099e-05, 0.0000e+00, 0.0000e+00, 
 2DIAGNOSTIC,    16, -5.671596876669e-01, 1.274670979406e-06, 0.0000e+00, 0.0000e+00, 
 2DIAGNOSTIC,    17, -5.671569017066e-01, 1.228636734081e-06, 0.0000e+00, 0.0000e+00, 
 2DIAGNOSTIC,    18, -5.671548193570e-01, 1.196878438137e-06, 0.0000e+00, 0.0000e+00, 
 2DIAGNOSTIC,    19, -5.671508798917e-01, 1.016390190407e-06, 0.0000e+00, 0.0000e+00, 
DIAGNOSTIC,Iteration,metricValue,convergenceValue,ITERATION_TIME_INDEX,SINCE_LAST
 2DIAGNOSTIC,     1, -5.190833784639e-01, 1.797693134862e+308, 0.0000e+00, 0.0000e+00, 
 2DIAGNOSTIC,     2, -5.191234458857e-01, 1.797693134862e+308, 0.0000e+00, 0.0000e+00, 
 2DIAGNOSTIC,     3, -5.191493004595e-01, 1.797693134862e+308, 0.0000e+00, 0.0000e+00, 
 2DIAGNOSTIC,     4, -5.191494885772e-01, 1.797693134862e+308, 0.0000e+00, 0.0000e+00, 
 2DIAGNOSTIC,     5, -5.191492543838e-01, 1.797693134862e+308, 2.5600e+02, 2.5600e+02, 
 2DIAGNOSTIC,     6, -5.191492879780e-01, 1.797693134862e+308, 2.5600e+02, 0.0000e+00, 
 2DIAGNOSTIC,     7, -5.191487277884e-01, 1.797693134862e+308, 2.5600e+02, 0.0000e+00, 
 2DIAGNOSTIC,     8, -5.191485749820e-01, 1.797693134862e+308, 2.5600e+02, 0.0000e+00, 
 2DIAGNOSTIC,     9, -5.191485558583e-01, 1.797693134862e+308, 2.5600e+02, 0.0000e+00, 
 2DIAGNOSTIC,    10, -5.191484578623e-01, 7.892408077484e-06, 2.5600e+02, 0.0000e+00, 
 2DIAGNOSTIC,    11, -5.191483971542e-01, 4.039256008642e-06, 2.5600e+02, 0.0000e+00, 
 2DIAGNOSTIC,    12, -5.191482150641e-01, 2.511202212493e-06, 2.5600e+02, 0.0000e+00, 
 2DIAGNOSTIC,    13, -5.191483082772e-01, 2.323174258356e-06, 2.5600e+02, 0.0000e+00, 
 2DIAGNOSTIC,    14, -5.191483851271e-01, 2.182985130966e-06, 2.5600e+02, 0.0000e+00, 
 2DIAGNOSTIC,    15, -5.191483679437e-01, 2.059662568096e-06, 2.5600e+02, 0.0000e+00, 
 2DIAGNOSTIC,    16, -5.191482837410e-01, 1.955945379911e-06, 2.5600e+02, 0.0000e+00, 
 2DIAGNOSTIC,    17, -5.191481620552e-01, 1.845420898969e-06, 2.5600e+02, 0.0000e+00, 
 2DIAGNOSTIC,    18, -5.191481668746e-01, 1.744751666297e-06, 2.5600e+02, 0.0000e+00, 
 2DIAGNOSTIC,    19, -5.191479573949e-01, 1.649747803520e-06, 2.5600e+02, 0.0000e+00, 
 2DIAGNOSTIC,    20, -5.191479678189e-01, 1.564012879443e-06, 2.5600e+02, 0.0000e+00, 
 2DIAGNOSTIC,    21, -5.191478705650e-01, 1.484725549596e-06, 2.5600e+02, 0.0000e+00, 
 2DIAGNOSTIC,    22, -5.191478669142e-01, 1.410590482531e-06, 2.5600e+02, 0.0000e+00, 
 2DIAGNOSTIC,    23, -5.191478789845e-01, 1.348405350279e-06, 2.5600e+02, 0.0000e+00, 
 2DIAGNOSTIC,    24, -5.191478636922e-01, 1.295816369484e-06, 2.5600e+02, 0.0000e+00, 
 2DIAGNOSTIC,    25, -5.191478629217e-01, 1.249670630352e-06, 2.5600e+02, 0.0000e+00, 
 2DIAGNOSTIC,    26, -5.191477581279e-01, 1.205072647288e-06, 2.5600e+02, 0.0000e+00, 
 2DIAGNOSTIC,    27, -5.191477942359e-01, 1.163597313260e-06, 2.5600e+02, 0.0000e+00, 
 2DIAGNOSTIC,    28, -5.191477069118e-01, 1.124701435151e-06, 2.5600e+02, 0.0000e+00, 
 2DIAGNOSTIC,    29, -5.191477151189e-01, 1.085583115304e-06, 2.5600e+02, 0.0000e+00, 
 2DIAGNOSTIC,    30, -5.191476476880e-01, 1.048980138529e-06, 2.5600e+02, 0.0000e+00, 
 2DIAGNOSTIC,    31, -5.191477246987e-01, 1.015329327926e-06, 2.5600e+02, 0.0000e+00, 
  Elapsed time (stage 0): 2.5600e+02


Total elapsed time: 2.5600e+02
Info [verificarlo]: loaded backend libinterflop_vprec.so
Info [interflop-vprec]: load backend with: 
Info [interflop-vprec]: precision-binary32 = 22
Info [interflop-vprec]: range-binary32 = 8
Info [interflop-vprec]: precision-binary64 = 22
Info [interflop-vprec]: range-binary64 = 8
Info [interflop-vprec]: mode = ob
Info [interflop-vprec]: error-mode = rel
Info [interflop-vprec]: max-abs-error-exponent = -1022
Info [interflop-vprec]: daz = false
Info [interflop-vprec]: ftz = false
Info [interflop-vprec]: 	instrument = none
Info [interflop-vprec]: 	prec-input-file = (null)
Info [interflop-vprec]: 	prec-output-file = (null)
Info [interflop-vprec]: 	prec-log-file = (null)
All_Command_lines_OK
Using double precision for computations.
=============================================================================
The composite transform comprises the following transforms (in order): 
  1. /home/mdugre/scratch/mri-registration-rp/datasets/ds004513/derivatives/mri-registration-rp/0011/antsRegistration-r8-p22/sub-s028/affine_Composite.h5[0] (type = Euler3DTransform)
  2. /home/mdugre/scratch/mri-registration-rp/datasets/ds004513/derivatives/mri-registration-rp/0011/antsRegistration-r8-p22/sub-s028/affine_Composite.h5[1] (type = Euler3DTransform)
  3. /home/mdugre/scratch/mri-registration-rp/datasets/ds004513/derivatives/mri-registration-rp/0011/antsRegistration-r8-p22/sub-s028/affine_Composite.h5[2] (type = Euler3DTransform)
  4. /home/mdugre/scratch/mri-registration-rp/datasets/ds004513/derivatives/mri-registration-rp/0011/antsRegistration-r8-p22/sub-s028/affine_Composite.h5[3] (type = AffineTransform)
=============================================================================
  number of levels = 4
  fixed image: /templateflow/tpl-MNI152NLin2009cAsym/tpl-MNI152NLin2009cAsym_res-01_desc-brain_T1w.nii.gz
  moving image: /home/mdugre/scratch/mri-registration-rp/datasets/ds004513/derivatives/mri-registration-rp/antsBrainExtraction/sub-s028/BrainExtractionBrain.nii.gz
Dimension = 3
Number of stages = 1
Use histogram matching = false
Winsorize image intensities = true
  Lower quantile = 0.005
  Upper quantile = 0.995


Stage 1 State
   Image metric = CC
     Fixed image = Image (0x3a716f0)
  RTTI typeinfo:   itk::Image<double, 3u>
  Reference Count: 2
  Modified Time: 1606
  Debug: Off
  Object Name: 
  Observers: 
    none
  Source: (none)
  Source output name: (none)
  Release Data: Off
  Data Released: False
  Global Release Data: Off
  PipelineMTime: 0
  UpdateMTime: 1217
  RealTimeStamp: 0 seconds 
  LargestPossibleRegion: 
    Dimension: 3
    Index: [0, 0, 0]
    Size: [193, 229, 193]
  BufferedRegion: 
    Dimension: 3
    Index: [0, 0, 0]
    Size: [193, 229, 193]
  RequestedRegion: 
    Dimension: 3
    Index: [0, 0, 0]
    Size: [193, 229, 193]
  Spacing: [1, 1, 1]
  Origin: [96, 132, -78]
  Direction: 
-1 0 0
0 -1 0
0 0 1

  IndexToPointMatrix: 
-1 0 0
0 -1 0
0 0 1

  PointToIndexMatrix: 
-1 0 0
0 -1 0
0 0 1

  Inverse Direction: 
-1 0 0
0 -1 0
0 0 1

  PixelContainer: 
    ImportImageContainer (0x3b3f8b0)
      RTTI typeinfo:   itk::ImportImageContainer<unsigned long, double>
      Reference Count: 1
      Modified Time: 1214
      Debug: Off
      Object Name: 
      Observers: 
        none
      Pointer: 0x149a28c67010
      Container manages memory: true
      Size: 8530021
      Capacity: 8530021

     Moving image = Image (0x3b41d30)
  RTTI typeinfo:   itk::Image<double, 3u>
  Reference Count: 2
  Modified Time: 1607
  Debug: Off
  Object Name: 
  Observers: 
    none
  Source: (none)
  Source output name: (none)
  Release Data: Off
  Data Released: False
  Global Release Data: Off
  PipelineMTime: 0
  UpdateMTime: 1604
  RealTimeStamp: 0 seconds 
  LargestPossibleRegion: 
    Dimension: 3
    Index: [0, 0, 0]
    Size: [160, 240, 256]
  BufferedRegion: 
    Dimension: 3
    Index: [0, 0, 0]
    Size: [160, 240, 256]
  RequestedRegion: 
    Dimension: 3
    Index: [0, 0, 0]
    Size: [160, 240, 256]
  Spacing: [1, 1, 1]
  Origin: [89.0741, 91.3517, -127]
  Direction: 
-0.99863 -0.052336 0
0.052336 -0.99863 0
0 0 1

  IndexToPointMatrix: 
-0.99863 -0.052336 0
0.052336 -0.99863 0
0 0 1

  PointToIndexMatrix: 
-0.99863 0.052336 0
-0.052336 -0.99863 0
0 0 1

  Inverse Direction: 
-0.99863 0.052336 0
-0.052336 -0.99863 0
0 0 1

  PixelContainer: 
    ImportImageContainer (0x3bf13d0)
      RTTI typeinfo:   itk::ImportImageContainer<unsigned long, double>
      Reference Count: 1
      Modified Time: 1601
      Debug: Off
      Object Name: 
      Observers: 
        none
      Pointer: 0x149a24166010
      Container manages memory: true
      Size: 9830400
      Capacity: 9830400

     Weighting = 1
     Sampling strategy = none
     Number of bins = 32
     Radius = 4
     Sampling percentage  = 1
   Transform = SyN
     Gradient step = 0.1
     Update field sigma (voxel space) = 3
     Total field sigma (voxel space) = 0
     Update field time sigma = 0
     Total field time sigma  = 0
     Number of time indices = 0
     Number of time point samples = 0
Registration using 1 total stages.

Stage 0
  iterations = 100x70x50x20
  convergence threshold = 1e-06
  convergence window size = 10
  number of levels = 4
  using the CC metric (radius = 4, weight = 1, use gradient filter = 0)
  preprocessing:  winsorizing the image intensities
  Shrink factors (level 1 out of 4): [8, 8, 8]
  Shrink factors (level 2 out of 4): [4, 4, 4]
  Shrink factors (level 3 out of 4): [2, 2, 2]
  Shrink factors (level 4 out of 4): [1, 1, 1]
  smoothing sigmas per level: [3, 2, 1, 0]
  Using default NONE metricSamplingStrategy 

*** Running SyN registration (varianceForUpdateField = 3, varianceForTotalField = 0) ***

XXDIAGNOSTIC,Iteration,metricValue,convergenceValue,ITERATION_TIME_INDEX,SINCE_LAST
 1DIAGNOSTIC,     1, -8.709549903870e-01, 1.797693134862e+308, 0.0000e+00, 0.0000e+00, 
 1DIAGNOSTIC,     2, -8.847272396088e-01, 1.797693134862e+308, 0.0000e+00, 0.0000e+00, 
 1DIAGNOSTIC,     3, -8.966871500015e-01, 1.797693134862e+308, 0.0000e+00, 0.0000e+00, 
 1DIAGNOSTIC,     4, -9.056044816971e-01, 1.797693134862e+308, 0.0000e+00, 0.0000e+00, 
 1DIAGNOSTIC,     5, -9.113837480545e-01, 1.797693134862e+308, 0.0000e+00, 0.0000e+00, 
 1DIAGNOSTIC,     6, -9.163115024567e-01, 1.797693134862e+308, 0.0000e+00, 0.0000e+00, 
 1DIAGNOSTIC,     7, -9.198093414307e-01, 1.797693134862e+308, 0.0000e+00, 0.0000e+00, 
 1DIAGNOSTIC,     8, -9.224704504013e-01, 1.797693134862e+308, 0.0000e+00, 0.0000e+00, 
 1DIAGNOSTIC,     9, -9.247926473618e-01, 1.797693134862e+308, 0.0000e+00, 0.0000e+00, 
 1DIAGNOSTIC,    10, -9.268512725830e-01, 3.648184655661e-03, 0.0000e+00, 0.0000e+00, 
 1DIAGNOSTIC,    11, -9.287350177765e-01, 2.546884049107e-03, 0.0000e+00, 0.0000e+00, 
 1DIAGNOSTIC,    12, -9.304237365723e-01, 1.800685997036e-03, 0.0000e+00, 0.0000e+00, 
 1DIAGNOSTIC,    13, -9.319640398026e-01, 1.328545053457e-03, 0.0000e+00, 0.0000e+00, 
 1DIAGNOSTIC,    14, -9.332604408264e-01, 1.029305948548e-03, 0.0000e+00, 0.0000e+00, 
 1DIAGNOSTIC,    15, -9.345852136612e-01, 8.219767955907e-04, 0.0000e+00, 0.0000e+00, 
 1DIAGNOSTIC,    16, -9.357219934464e-01, 6.819667285120e-04, 0.0000e+00, 0.0000e+00, 
 1DIAGNOSTIC,    17, -9.366923570633e-01, 5.765974512021e-04, 0.0000e+00, 0.0000e+00, 
 1DIAGNOSTIC,    18, -9.377576112747e-01, 4.933945086279e-04, 0.0000e+00, 0.0000e+00, 
 1DIAGNOSTIC,    19, -9.386988878250e-01, 4.259492695468e-04, 0.0000e+00, 0.0000e+00, 
 1DIAGNOSTIC,    20, -9.397261142731e-01, 3.729769149564e-04, 0.0000e+00, 0.0000e+00, 
 1DIAGNOSTIC,    21, -9.407429695129e-01, 3.325857223764e-04, 0.0000e+00, 0.0000e+00, 
 1DIAGNOSTIC,    22, -9.417610168457e-01, 3.024583221929e-04, 0.0000e+00, 0.0000e+00, 
 1DIAGNOSTIC,    23, -9.428517818451e-01, 2.816629539557e-04, 0.0000e+00, 0.0000e+00, 
 1DIAGNOSTIC,    24, -9.438935518265e-01, 2.658700327538e-04, 2.5600e+02, 2.5600e+02, 
 1DIAGNOSTIC,    25, -9.449709653854e-01, 2.556906486968e-04, 2.5600e+02, 0.0000e+00, 
 1DIAGNOSTIC,    26, -9.460639953613e-01, 2.484070678242e-04, 2.5600e+02, 0.0000e+00, 
 1DIAGNOSTIC,    27, -9.470493793488e-01, 2.402780442362e-04, 2.5600e+02, 0.0000e+00, 
 1DIAGNOSTIC,    28, -9.480295181274e-01, 2.323372150185e-04, 2.5600e+02, 0.0000e+00, 
 1DIAGNOSTIC,    29, -9.490574598312e-01, 2.236512964416e-04, 2.5600e+02, 0.0000e+00, 
 1DIAGNOSTIC,    30, -9.500089883804e-01, 2.144203343855e-04, 2.5600e+02, 0.0000e+00, 
 1DIAGNOSTIC,    31, -9.508857727051e-01, 2.040399963263e-04, 2.5600e+02, 0.0000e+00, 
 1DIAGNOSTIC,    32, -9.515535831451e-01, 1.909694071967e-04, 2.5600e+02, 0.0000e+00, 
 1DIAGNOSTIC,    33, -9.522138834000e-01, 1.767410160578e-04, 2.5600e+02, 0.0000e+00, 
 1DIAGNOSTIC,    34, -9.527254104614e-01, 1.604165760929e-04, 2.5600e+02, 0.0000e+00, 
 1DIAGNOSTIC,    35, -9.533151388168e-01, 1.442196269382e-04, 2.5600e+02, 0.0000e+00, 
 1DIAGNOSTIC,    36, -9.537888765335e-01, 1.284024836106e-04, 2.5600e+02, 0.0000e+00, 
 1DIAGNOSTIC,    37, -9.541915655136e-01, 1.126220477950e-04, 2.5600e+02, 0.0000e+00, 
 1DIAGNOSTIC,    38, -9.545137882233e-01, 9.735357236465e-05, 2.5600e+02, 0.0000e+00, 
 1DIAGNOSTIC,    39, -9.548352956772e-01, 8.408781886422e-05, 2.5600e+02, 0.0000e+00, 
 1DIAGNOSTIC,    40, -9.551210403442e-01, 7.281900632934e-05, 2.5600e+02, 0.0000e+00, 
 1DIAGNOSTIC,    41, -9.553735256195e-01, 6.350627571361e-05, 2.5600e+02, 0.0000e+00, 
 1DIAGNOSTIC,    42, -9.555950164795e-01, 5.500428811011e-05, 2.5600e+02, 0.0000e+00, 
 1DIAGNOSTIC,    43, -9.557938575745e-01, 4.774147109393e-05, 2.5600e+02, 0.0000e+00, 
 1DIAGNOSTIC,    44, -9.559754133224e-01, 4.102473368321e-05, 2.5600e+02, 0.0000e+00, 
 1DIAGNOSTIC,    45, -9.561412334442e-01, 3.578495593775e-05, 2.5600e+02, 0.0000e+00, 
 1DIAGNOSTIC,    46, -9.562894105911e-01, 3.146757515544e-05, 2.5600e+02, 0.0000e+00, 
 1DIAGNOSTIC,    47, -9.564157724380e-01, 2.776752758524e-05, 2.5600e+02, 0.0000e+00, 
 1DIAGNOSTIC,    48, -9.565335512161e-01, 2.437135292797e-05, 2.5600e+02, 0.0000e+00, 
 1DIAGNOSTIC,    49, -9.566380977631e-01, 2.144439198916e-05, 2.5600e+02, 0.0000e+00, 
 1DIAGNOSTIC,    50, -9.567281007767e-01, 1.888877104248e-05, 2.5600e+02, 0.0000e+00, 
 1DIAGNOSTIC,    51, -9.568046331406e-01, 1.661360150988e-05, 2.5600e+02, 0.0000e+00, 
 1DIAGNOSTIC,    52, -9.568718671799e-01, 1.455399037919e-05, 2.5600e+02, 0.0000e+00, 
 1DIAGNOSTIC,    53, -9.569276571274e-01, 1.267047028612e-05, 2.5600e+02, 0.0000e+00, 
 1DIAGNOSTIC,    54, -9.569771289825e-01, 1.097606733462e-05, 2.5600e+02, 0.0000e+00, 
 1DIAGNOSTIC,    55, -9.570218324661e-01, 9.489345411114e-06, 2.5600e+02, 0.0000e+00, 
 1DIAGNOSTIC,    56, -9.570608139038e-01, 8.199011548634e-06, 2.5600e+02, 0.0000e+00, 
 1DIAGNOSTIC,    57, -9.570924043655e-01, 7.047880309898e-06, 2.5600e+02, 0.0000e+00, 
 1DIAGNOSTIC,    58, -9.571202993393e-01, 6.062905825697e-06, 2.5600e+02, 0.0000e+00, 
 1DIAGNOSTIC,    59, -9.571439027786e-01, 5.229725312302e-06, 2.5600e+02, 0.0000e+00, 
 1DIAGNOSTIC,    60, -9.571658372879e-01, 4.530087189290e-06, 2.5600e+02, 0.0000e+00, 
 1DIAGNOSTIC,    61, -9.571805000305e-01, 3.914101921691e-06, 2.5600e+02, 0.0000e+00, 
 1DIAGNOSTIC,    62, -9.571992158890e-01, 3.406370849977e-06, 2.5600e+02, 0.0000e+00, 
 1DIAGNOSTIC,    63, -9.572175741196e-01, 2.987459637435e-06, 2.5600e+02, 0.0000e+00, 
 1DIAGNOSTIC,    64, -9.572417736053e-01, 2.685849719415e-06, 2.5600e+02, 0.0000e+00, 
 1DIAGNOSTIC,    65, -9.572600126266e-01, 2.470728230172e-06, 2.5600e+02, 0.0000e+00, 
 1DIAGNOSTIC,    66, -9.572762250900e-01, 2.321471147895e-06, 2.5600e+02, 0.0000e+00, 
 1DIAGNOSTIC,    67, -9.572942256927e-01, 2.220940840118e-06, 2.5600e+02, 0.0000e+00, 
 1DIAGNOSTIC,    68, -9.573116302490e-01, 2.153290834743e-06, 2.5600e+02, 0.0000e+00, 
 1DIAGNOSTIC,    69, -9.573251008987e-01, 2.084338978744e-06, 2.5600e+02, 0.0000e+00, 
 1DIAGNOSTIC,    70, -9.573353528976e-01, 1.998761415534e-06, 2.5600e+02, 0.0000e+00, 
 1DIAGNOSTIC,    71, -9.573422670364e-01, 1.857910803937e-06, 2.5600e+02, 0.0000e+00, 
 1DIAGNOSTIC,    72, -9.573435783386e-01, 1.668295701846e-06, 2.5600e+02, 0.0000e+00, 
 1DIAGNOSTIC,    73, -9.573422670364e-01, 1.434668592157e-06, 2.5600e+02, 0.0000e+00, 
 1DIAGNOSTIC,    74, -9.573401212692e-01, 1.200337517845e-06, 2.5600e+02, 0.0000e+00, 
 1DIAGNOSTIC,    75, -9.573363065720e-01, 9.556781787653e-07, 2.5600e+02, 0.0000e+00, 
XXDIAGNOSTIC,Iteration,metricValue,convergenceValue,ITERATION_TIME_INDEX,SINCE_LAST
 1DIAGNOSTIC,     1, -8.870940208435e-01, 1.797693134862e+308, 2.5600e+02, 0.0000e+00, 
 1DIAGNOSTIC,     2, -8.902658224106e-01, 1.797693134862e+308, 2.5600e+02, 0.0000e+00, 
 1DIAGNOSTIC,     3, -8.944802284241e-01, 1.797693134862e+308, 2.5600e+02, 0.0000e+00, 
 1DIAGNOSTIC,     4, -8.977246284485e-01, 1.797693134862e+308, 2.5600e+02, 0.0000e+00, 
 1DIAGNOSTIC,     5, -9.005959033966e-01, 1.797693134862e+308, 2.5600e+02, 0.0000e+00, 
 1DIAGNOSTIC,     6, -9.031174182892e-01, 1.797693134862e+308, 2.5600e+02, 0.0000e+00, 
 1DIAGNOSTIC,     7, -9.053971767426e-01, 1.797693134862e+308, 2.5600e+02, 0.0000e+00, 
 1DIAGNOSTIC,     8, -9.073441028595e-01, 1.797693134862e+308, 2.5600e+02, 0.0000e+00, 
 1DIAGNOSTIC,     9, -9.089578390121e-01, 1.797693134862e+308, 2.5600e+02, 0.0000e+00, 
 1DIAGNOSTIC,    10, -9.103183746338e-01, 1.662749973538e-03, 2.5600e+02, 0.0000e+00, 
 1DIAGNOSTIC,    11, -9.114613533020e-01, 1.334011282815e-03, 2.5600e+02, 0.0000e+00, 
 1DIAGNOSTIC,    12, -9.122070074081e-01, 1.042018849277e-03, 2.5600e+02, 0.0000e+00, 
 1DIAGNOSTIC,    13, -9.128353595734e-01, 8.175991094193e-04, 2.5600e+02, 0.0000e+00, 
 1DIAGNOSTIC,    14, -9.133677482605e-01, 6.353651904953e-04, 2.5600e+02, 0.0000e+00, 
 1DIAGNOSTIC,    15, -9.138243198395e-01, 4.887212025898e-04, 2.5600e+02, 0.0000e+00, 
 1DIAGNOSTIC,    16, -9.142217636108e-01, 3.724926270173e-04, 2.5600e+02, 0.0000e+00, 
 1DIAGNOSTIC,    17, -9.145624637604e-01, 2.837759268401e-04, 2.5600e+02, 0.0000e+00, 
 1DIAGNOSTIC,    18, -9.148687124252e-01, 2.178118508302e-04, 2.5600e+02, 0.0000e+00, 
 1DIAGNOSTIC,    19, -9.151357412338e-01, 1.694687711799e-04, 2.5600e+02, 0.0000e+00, 
 1DIAGNOSTIC,    20, -9.153701066971e-01, 1.350386789438e-04, 2.5600e+02, 0.0000e+00, 
 1DIAGNOSTIC,    21, -9.155793190002e-01, 1.114551622241e-04, 2.5600e+02, 0.0000e+00, 
 1DIAGNOSTIC,    22, -9.157630205154e-01, 9.283480240087e-05, 2.5600e+02, 0.0000e+00, 
 1DIAGNOSTIC,    23, -9.159234762192e-01, 7.790025064409e-05, 2.5600e+02, 0.0000e+00, 
 1DIAGNOSTIC,    24, -9.160757064819e-01, 6.586579409974e-05, 2.5600e+02, 0.0000e+00, 
 1DIAGNOSTIC,    25, -9.162014722824e-01, 5.593398241738e-05, 5.1200e+02, 2.5600e+02, 
 1DIAGNOSTIC,    26, -9.163086414337e-01, 4.762816612032e-05, 5.1200e+02, 0.0000e+00, 
 1DIAGNOSTIC,    27, -9.164099693298e-01, 4.062783403271e-05, 5.1200e+02, 0.0000e+00, 
 1DIAGNOSTIC,    28, -9.165072441101e-01, 3.485897411423e-05, 5.1200e+02, 0.0000e+00, 
 1DIAGNOSTIC,    29, -9.165914058685e-01, 3.003947080529e-05, 5.1200e+02, 0.0000e+00, 
 1DIAGNOSTIC,    30, -9.166703224182e-01, 2.602880042867e-05, 5.1200e+02, 0.0000e+00, 
 1DIAGNOSTIC,    31, -9.167346954346e-01, 2.263939550086e-05, 5.1200e+02, 0.0000e+00, 
 1DIAGNOSTIC,    32, -9.168012142181e-01, 1.983022839623e-05, 5.1200e+02, 0.0000e+00, 
 1DIAGNOSTIC,    33, -9.168659448624e-01, 1.750497272079e-05, 5.1200e+02, 0.0000e+00, 
 1DIAGNOSTIC,    34, -9.169329404831e-01, 1.573418463392e-05, 5.1200e+02, 0.0000e+00, 
 1DIAGNOSTIC,    35, -9.169919490814e-01, 1.428680770747e-05, 5.1200e+02, 0.0000e+00, 
 1DIAGNOSTIC,    36, -9.170497655869e-01, 1.306226544311e-05, 5.1200e+02, 0.0000e+00, 
 1DIAGNOSTIC,    37, -9.171068668365e-01, 1.206458244664e-05, 5.1200e+02, 0.0000e+00, 
 1DIAGNOSTIC,    38, -9.171580076218e-01, 1.125449039134e-05, 5.1200e+02, 0.0000e+00, 
 1DIAGNOSTIC,    39, -9.172134399414e-01, 1.059493456870e-05, 5.1200e+02, 0.0000e+00, 
 1DIAGNOSTIC,    40, -9.172558784485e-01, 9.970304426798e-06, 5.1200e+02, 0.0000e+00, 
 1DIAGNOSTIC,    41, -9.173053503036e-01, 9.357656036307e-06, 5.1200e+02, 0.0000e+00, 
 1DIAGNOSTIC,    42, -9.173537492752e-01, 8.797006648929e-06, 5.1200e+02, 0.0000e+00, 
 1DIAGNOSTIC,    43, -9.173958301544e-01, 8.256761076443e-06, 5.1200e+02, 0.0000e+00, 
 1DIAGNOSTIC,    44, -9.174382686615e-01, 7.789494949100e-06, 5.1200e+02, 0.0000e+00, 
 1DIAGNOSTIC,    45, -9.174801111221e-01, 7.357561215445e-06, 5.1200e+02, 0.0000e+00, 
 1DIAGNOSTIC,    46, -9.175282716751e-01, 7.017151607107e-06, 5.1200e+02, 0.0000e+00, 
 1DIAGNOSTIC,    47, -9.175715446472e-01, 6.741438536035e-06, 5.1200e+02, 0.0000e+00, 
 1DIAGNOSTIC,    48, -9.176043272018e-01, 6.432660445598e-06, 5.1200e+02, 0.0000e+00, 
 1DIAGNOSTIC,    49, -9.176356792450e-01, 6.132199366769e-06, 5.1200e+02, 0.0000e+00, 
 1DIAGNOSTIC,    50, -9.176688194275e-01, 5.782842474086e-06, 5.1200e+02, 0.0000e+00, 
 1DIAGNOSTIC,    51, -9.176990985870e-01, 5.432401166166e-06, 5.1200e+02, 0.0000e+00, 
 1DIAGNOSTIC,    52, -9.177235364914e-01, 5.064364117877e-06, 5.1200e+02, 0.0000e+00, 
 1DIAGNOSTIC,    53, -9.177458286285e-01, 4.657910988193e-06, 5.1200e+02, 0.0000e+00, 
 1DIAGNOSTIC,    54, -9.177674055099e-01, 4.243012874498e-06, 5.1200e+02, 0.0000e+00, 
 1DIAGNOSTIC,    55, -9.177846908569e-01, 3.821030112455e-06, 5.1200e+02, 0.0000e+00, 
 1DIAGNOSTIC,    56, -9.177987575531e-01, 3.443395061645e-06, 5.1200e+02, 0.0000e+00, 
 1DIAGNOSTIC,    57, -9.178121089935e-01, 3.109389848995e-06, 5.1200e+02, 0.0000e+00, 
 1DIAGNOSTIC,    58, -9.178283214569e-01, 2.802039451692e-06, 7.6800e+02, 2.5600e+02, 
 1DIAGNOSTIC,    59, -9.178409576416e-01, 2.516446375733e-06, 7.6800e+02, 0.0000e+00, 
 1DIAGNOSTIC,    60, -9.178483486176e-01, 2.257458602748e-06, 7.6800e+02, 0.0000e+00, 
 1DIAGNOSTIC,    61, -9.178549051285e-01, 2.027603585270e-06, 7.6800e+02, 0.0000e+00, 
 1DIAGNOSTIC,    62, -9.178630113602e-01, 1.821974906193e-06, 7.6800e+02, 0.0000e+00, 
 1DIAGNOSTIC,    63, -9.178711175919e-01, 1.644193193522e-06, 7.6800e+02, 0.0000e+00, 
 1DIAGNOSTIC,    64, -9.178745746613e-01, 1.481921874970e-06, 7.6800e+02, 0.0000e+00, 
 1DIAGNOSTIC,    65, -9.178825616837e-01, 1.350607578519e-06, 7.6800e+02, 0.0000e+00, 
 1DIAGNOSTIC,    66, -9.178870916367e-01, 1.227078603987e-06, 7.6800e+02, 0.0000e+00, 
 1DIAGNOSTIC,    67, -9.178916215897e-01, 1.116864565942e-06, 7.6800e+02, 0.0000e+00, 
 1DIAGNOSTIC,    68, -9.178954362869e-01, 1.038352911611e-06, 7.6800e+02, 0.0000e+00, 
 1DIAGNOSTIC,    69, -9.179055690765e-01, 1.009349738715e-06, 7.6800e+02, 0.0000e+00, 
 1DIAGNOSTIC,    70, -9.179111719131e-01, 9.848064092561e-07, 7.6800e+02, 0.0000e+00, 
XXDIAGNOSTIC,Iteration,metricValue,convergenceValue,ITERATION_TIME_INDEX,SINCE_LAST
 1DIAGNOSTIC,     1, -8.638014793396e-01, 1.797693134862e+308, 7.6800e+02, 0.0000e+00, 
 1DIAGNOSTIC,     2, -8.663729429245e-01, 1.797693134862e+308, 7.6800e+02, 0.0000e+00, 
 1DIAGNOSTIC,     3, -8.692786693573e-01, 1.797693134862e+308, 1.0240e+03, 2.5600e+02, 
 1DIAGNOSTIC,     4, -8.719960451126e-01, 1.797693134862e+308, 1.0240e+03, 0.0000e+00, 
 1DIAGNOSTIC,     5, -8.743928670883e-01, 1.797693134862e+308, 1.0240e+03, 0.0000e+00, 
 1DIAGNOSTIC,     6, -8.765087127686e-01, 1.797693134862e+308, 1.0240e+03, 0.0000e+00, 
 1DIAGNOSTIC,     7, -8.782702684402e-01, 1.797693134862e+308, 1.2800e+03, 2.5600e+02, 
 1DIAGNOSTIC,     8, -8.799662590027e-01, 1.797693134862e+308, 1.2800e+03, 0.0000e+00, 
 1DIAGNOSTIC,     9, -8.813836574554e-01, 1.797693134862e+308, 1.2800e+03, 0.0000e+00, 
 1DIAGNOSTIC,    10, -8.826668262482e-01, 1.392966939167e-03, 1.2800e+03, 0.0000e+00, 
 1DIAGNOSTIC,    11, -8.838413953781e-01, 1.143705125961e-03, 1.5360e+03, 2.5600e+02, 
 1DIAGNOSTIC,    12, -8.847573995590e-01, 9.269904477509e-04, 1.5360e+03, 0.0000e+00, 
 1DIAGNOSTIC,    13, -8.856054544449e-01, 7.529172755814e-04, 1.5360e+03, 0.0000e+00, 
 1DIAGNOSTIC,    14, -8.863961696625e-01, 6.159400650117e-04, 1.5360e+03, 0.0000e+00, 
 1DIAGNOSTIC,    15, -8.871396780014e-01, 5.082678424209e-04, 1.7920e+03, 2.5600e+02, 
 1DIAGNOSTIC,    16, -8.878434896469e-01, 4.241109845850e-04, 1.7920e+03, 0.0000e+00, 
 1DIAGNOSTIC,    17, -8.885111808777e-01, 3.566784704940e-04, 1.7920e+03, 0.0000e+00, 
 1DIAGNOSTIC,    18, -8.891438245773e-01, 3.053783742743e-04, 2.0480e+03, 2.5600e+02, 
 1DIAGNOSTIC,    19, -8.897479772568e-01, 2.653176022942e-04, 2.0480e+03, 0.0000e+00, 
 1DIAGNOSTIC,    20, -8.903262615204e-01, 2.344248664143e-04, 2.0480e+03, 0.0000e+00, 
 1DIAGNOSTIC,    21, -8.908787965775e-01, 2.110447813737e-04, 2.0480e+03, 0.0000e+00, 
 1DIAGNOSTIC,    22, -8.914115428925e-01, 1.912153150047e-04, 2.3040e+03, 2.5600e+02, 
 1DIAGNOSTIC,    23, -8.919199705124e-01, 1.741409982567e-04, 2.3040e+03, 0.0000e+00, 
 1DIAGNOSTIC,    24, -8.924086093903e-01, 1.592667189653e-04, 2.3040e+03, 0.0000e+00, 
 1DIAGNOSTIC,    25, -8.928714990616e-01, 1.461046025139e-04, 2.3040e+03, 0.0000e+00, 
 1DIAGNOSTIC,    26, -8.933161497116e-01, 1.343815899422e-04, 2.5600e+03, 2.5600e+02, 
 1DIAGNOSTIC,    27, -8.937387466431e-01, 1.238206314884e-04, 2.5600e+03, 0.0000e+00, 
 1DIAGNOSTIC,    28, -8.941426277161e-01, 1.142079315037e-04, 2.5600e+03, 0.0000e+00, 
 1DIAGNOSTIC,    29, -8.945262432098e-01, 1.053967764427e-04, 2.5600e+03, 0.0000e+00, 
 1DIAGNOSTIC,    30, -8.948915004730e-01, 9.729680991748e-05, 2.8160e+03, 2.5600e+02, 
 1DIAGNOSTIC,    31, -8.952386379242e-01, 8.981914786750e-05, 2.8160e+03, 0.0000e+00, 
 1DIAGNOSTIC,    32, -8.955661058426e-01, 8.292231337921e-05, 2.8160e+03, 0.0000e+00, 
 1DIAGNOSTIC,    33, -8.958781957626e-01, 7.655679202468e-05, 2.8160e+03, 0.0000e+00, 
 1DIAGNOSTIC,    34, -8.961747884750e-01, 7.071075737234e-05, 3.0720e+03, 2.5600e+02, 
 1DIAGNOSTIC,    35, -8.964562416077e-01, 6.530705578437e-05, 3.0720e+03, 0.0000e+00, 
 1DIAGNOSTIC,    36, -8.967206478119e-01, 6.031862341394e-05, 3.0720e+03, 0.0000e+00, 
 1DIAGNOSTIC,    37, -8.969730138779e-01, 5.572080062732e-05, 3.0720e+03, 0.0000e+00, 
 1DIAGNOSTIC,    38, -8.972140550613e-01, 5.151310267841e-05, 3.3280e+03, 2.5600e+02, 
 1DIAGNOSTIC,    39, -8.974417448044e-01, 4.765112606503e-05, 3.3280e+03, 0.0000e+00, 
 1DIAGNOSTIC,    40, -8.976571559906e-01, 4.410814253540e-05, 3.3280e+03, 0.0000e+00, 
 1DIAGNOSTIC,    41, -8.978621959686e-01, 4.086544130808e-05, 3.3280e+03, 0.0000e+00, 
 1DIAGNOSTIC,    42, -8.980596065521e-01, 3.790108259125e-05, 3.5840e+03, 2.5600e+02, 
 1DIAGNOSTIC,    43, -8.982460498810e-01, 3.518994857877e-05, 3.5840e+03, 0.0000e+00, 
 1DIAGNOSTIC,    44, -8.984234333038e-01, 3.271302334278e-05, 3.5840e+03, 0.0000e+00, 
 1DIAGNOSTIC,    45, -8.985955715179e-01, 3.047254735141e-05, 3.5840e+03, 0.0000e+00, 
 1DIAGNOSTIC,    46, -8.987580537796e-01, 2.841220392075e-05, 3.8400e+03, 2.5600e+02, 
 1DIAGNOSTIC,    47, -8.989129066467e-01, 2.652141719723e-05, 3.8400e+03, 0.0000e+00, 
 1DIAGNOSTIC,    48, -8.990647792816e-01, 2.481904738404e-05, 3.8400e+03, 0.0000e+00, 
 1DIAGNOSTIC,    49, -8.992059230804e-01, 2.324709210265e-05, 4.0960e+03, 2.5600e+02, 
 1DIAGNOSTIC,    50, -8.993413448334e-01, 2.178642784148e-05, 4.0960e+03, 0.0000e+00, 
XXDIAGNOSTIC,Iteration,metricValue,convergenceValue,ITERATION_TIME_INDEX,SINCE_LAST
 1DIAGNOSTIC,     1, -8.567709922791e-01, 1.797693134862e+308, 4.6080e+03, 5.1200e+02, 
 1DIAGNOSTIC,     2, -8.581377267838e-01, 1.797693134862e+308, 5.1200e+03, 5.1200e+02, 
 1DIAGNOSTIC,     3, -8.596545457840e-01, 1.797693134862e+308, 5.6320e+03, 5.1200e+02, 
 1DIAGNOSTIC,     4, -8.611073493958e-01, 1.797693134862e+308, 6.1440e+03, 5.1200e+02, 
 1DIAGNOSTIC,     5, -8.624883890152e-01, 1.797693134862e+308, 6.6560e+03, 5.1200e+02, 
 1DIAGNOSTIC,     6, -8.636931180954e-01, 1.797693134862e+308, 7.1680e+03, 5.1200e+02, 
 1DIAGNOSTIC,     7, -8.648096323013e-01, 1.797693134862e+308, 7.6800e+03, 5.1200e+02, 
 1DIAGNOSTIC,     8, -8.658902645111e-01, 1.797693134862e+308, 8.1920e+03, 5.1200e+02, 
 1DIAGNOSTIC,     9, -8.669629096985e-01, 1.797693134862e+308, 8.7040e+03, 5.1200e+02, 
 1DIAGNOSTIC,    10, -8.679933547974e-01, 8.345636183041e-04, 9.2160e+03, 5.1200e+02, 
 1DIAGNOSTIC,    11, -8.689917325974e-01, 7.218378954326e-04, 9.7280e+03, 5.1200e+02, 
 1DIAGNOSTIC,    12, -8.700647354126e-01, 6.296039296680e-04, 1.0240e+04, 5.1200e+02, 
 1DIAGNOSTIC,    13, -8.709077835083e-01, 5.538714088967e-04, 1.1008e+04, 7.6800e+02, 
 1DIAGNOSTIC,    14, -8.717025518417e-01, 4.910454899577e-04, 1.1520e+04, 5.1200e+02, 
 1DIAGNOSTIC,    15, -8.725256919861e-01, 4.397710534878e-04, 1.2032e+04, 5.1200e+02, 
 1DIAGNOSTIC,    16, -8.731822967529e-01, 3.924650162878e-04, 1.2544e+04, 5.1200e+02, 
 1DIAGNOSTIC,    17, -8.739098310471e-01, 3.499781006934e-04, 1.3056e+04, 5.1200e+02, 
 1DIAGNOSTIC,    18, -8.745993375778e-01, 3.119232221567e-04, 1.3568e+04, 5.1200e+02, 
 1DIAGNOSTIC,    19, -8.751285076141e-01, 2.764560148436e-04, 1.4080e+04, 5.1200e+02, 
 1DIAGNOSTIC,    20, -8.756097555161e-01, 2.435290408826e-04, 1.4592e+04, 5.1200e+02, 
  Elapsed time (stage 0): 14592


Total elapsed time: 14592
