
##########################
# Experiment information #
##########################

EXPERIMENT_NAME: antsRegistration-r7-p8
VFC_BACKENDS: libinterflop_vprec.so --range-binary32=7 --precision-binary32=8 --range-binary64=7 --precision-binary64=8

SIF_IMG: /home/mdugre/projects/rrg-glatard/mdugre/containers/ants-vprec-no_metrics.simg

SUBJECT_ID: s023
INPUT_IMG: /home/mdugre/scratch/mri-registration-rp/datasets/ds004513/derivatives/mri-registration-rp/antsBrainExtraction/sub-s023/BrainExtractionBrain.nii.gz
OUTPUT_DIR: /home/mdugre/scratch/mri-registration-rp/datasets/ds004513/derivatives/mri-registration-rp/0110/antsRegistration-r7-p8/sub-s023

FIXED_IMG: /templateflow/tpl-MNI152NLin2009cAsym/tpl-MNI152NLin2009cAsym_res-01_desc-brain_T1w.nii.gz
DATA_DIR: /home/mdugre/scratch/mri-registration-rp/datasets/ds004513
TEMPLATEFLOW_DIR: /home/mdugre/projects/rrg-glatard/mdugre/templateflow
ITK_GLOBAL_DEFAULT_NUMBER_OF_THREADS: 16
##########################

Info [verificarlo]: loaded backend libinterflop_ieee.so
Info [interflop-ieee]: load backend with:
Info [interflop-ieee]: debug = false
Info [interflop-ieee]: debug-binary = false
Info [interflop-ieee]: no-backend-name = false
Info [interflop-ieee]: print-new-line = false
Info [interflop-ieee]: print-subnormal-normalized = false
Info [interflop-ieee]: count-op = false
All_Command_lines_OK
Using double precision for computations.
=============================================================================
The composite transform comprises the following transforms (in order): 
  1. Center of mass alignment using fixed image: /templateflow/tpl-MNI152NLin2009cAsym/tpl-MNI152NLin2009cAsym_res-01_desc-brain_T1w.nii.gz and moving image: /home/mdugre/scratch/mri-registration-rp/datasets/ds004513/derivatives/mri-registration-rp/antsBrainExtraction/sub-s023/BrainExtractionBrain.nii.gz (type = Euler3DTransform)
=============================================================================
  number of levels = 1
  fixed image: /templateflow/tpl-MNI152NLin2009cAsym/tpl-MNI152NLin2009cAsym_res-01_desc-brain_T1w.nii.gz
  moving image: /home/mdugre/scratch/mri-registration-rp/datasets/ds004513/derivatives/mri-registration-rp/antsBrainExtraction/sub-s023/BrainExtractionBrain.nii.gz
Dimension = 3
Number of stages = 1
Use histogram matching = false
Winsorize image intensities = true
  Lower quantile = 0.005
  Upper quantile = 0.995


Stage 1 State
   Image metric = MattesMI
     Fixed image = Image (0x37ddbd0)
  RTTI typeinfo:   itk::Image<double, 3u>
  Reference Count: 2
  Modified Time: 2334
  Debug: Off
  Object Name: 
  Observers: 
    none
  Source: (none)
  Source output name: (none)
  Release Data: Off
  Data Released: False
  Global Release Data: Off
  PipelineMTime: 0
  UpdateMTime: 1943
  RealTimeStamp: 0 seconds 
  LargestPossibleRegion: 
    Dimension: 3
    Index: [0, 0, 0]
    Size: [193, 229, 193]
  BufferedRegion: 
    Dimension: 3
    Index: [0, 0, 0]
    Size: [193, 229, 193]
  RequestedRegion: 
    Dimension: 3
    Index: [0, 0, 0]
    Size: [193, 229, 193]
  Spacing: [1, 1, 1]
  Origin: [96, 132, -78]
  Direction: 
-1 0 0
0 -1 0
0 0 1

  IndexToPointMatrix: 
-1 0 0
0 -1 0
0 0 1

  PointToIndexMatrix: 
-1 0 0
0 -1 0
0 0 1

  Inverse Direction: 
-1 0 0
0 -1 0
0 0 1

  PixelContainer: 
    ImportImageContainer (0x37e69e0)
      RTTI typeinfo:   itk::ImportImageContainer<unsigned long, double>
      Reference Count: 1
      Modified Time: 1940
      Debug: Off
      Object Name: 
      Observers: 
        none
      Pointer: 0x14bda312c010
      Container manages memory: true
      Size: 8530021
      Capacity: 8530021

     Moving image = Image (0x37e7910)
  RTTI typeinfo:   itk::Image<double, 3u>
  Reference Count: 2
  Modified Time: 2335
  Debug: Off
  Object Name: 
  Observers: 
    none
  Source: (none)
  Source output name: (none)
  Release Data: Off
  Data Released: False
  Global Release Data: Off
  PipelineMTime: 0
  UpdateMTime: 2332
  RealTimeStamp: 0 seconds 
  LargestPossibleRegion: 
    Dimension: 3
    Index: [0, 0, 0]
    Size: [160, 240, 256]
  BufferedRegion: 
    Dimension: 3
    Index: [0, 0, 0]
    Size: [160, 240, 256]
  RequestedRegion: 
    Dimension: 3
    Index: [0, 0, 0]
    Size: [160, 240, 256]
  Spacing: [1, 1, 1]
  Origin: [80.184, 93.6265, -134.844]
  Direction: 
-0.999877 0 -0.0157074
0 -1 0
-0.0157074 0 0.999877

  IndexToPointMatrix: 
-0.999878 0 -0.0157074
0 -1 0
-0.0157074 0 0.999877

  PointToIndexMatrix: 
-0.999875 0 -0.0157073
0 -1 0
-0.0157074 0 0.999877

  Inverse Direction: 
-0.999877 0 -0.0157074
0 -1 0
-0.0157074 0 0.999877

  PixelContainer: 
    ImportImageContainer (0x380d850)
      RTTI typeinfo:   itk::ImportImageContainer<unsigned long, double>
      Reference Count: 1
      Modified Time: 2329
      Debug: Off
      Object Name: 
      Observers: 
        none
      Pointer: 0x14bd9e62b010
      Container manages memory: true
      Size: 9830400
      Capacity: 9830400

     Weighting = 1
     Sampling strategy = regular
     Number of bins = 32
     Radius = 4
     Sampling percentage  = 0.25
   Transform = Rigid
     Gradient step = 0.1
     Update field sigma (voxel space) = 0
     Total field sigma (voxel space) = 0
     Update field time sigma = 0
     Total field time sigma  = 0
     Number of time indices = 0
     Number of time point samples = 0
Registration using 1 total stages.

Stage 0
  iterations = 0
  convergence threshold = 1e-06
  convergence window size = 10
  number of levels = 1
  using the Mattes MI metric (number of bins = 32, weight = 1, use gradient filter = 0)
  preprocessing:  winsorizing the image intensities
  Shrink factors (level 1 out of 1): [1, 1, 1]
  smoothing sigmas per level: [0]
  regular sampling (percentage = 0.25)

*** Running Euler3DTransform registration ***

  Elapsed time (stage 0): 1.07453


Total elapsed time: 1.07664
Info [verificarlo]: loaded backend libinterflop_vprec.so
Info [interflop-vprec]: load backend with: 
Info [interflop-vprec]: precision-binary32 = 8
Info [interflop-vprec]: range-binary32 = 7
Info [interflop-vprec]: precision-binary64 = 8
Info [interflop-vprec]: range-binary64 = 7
Info [interflop-vprec]: mode = ob
Info [interflop-vprec]: error-mode = rel
Info [interflop-vprec]: max-abs-error-exponent = -1022
Info [interflop-vprec]: daz = false
Info [interflop-vprec]: ftz = false
Info [interflop-vprec]: 	instrument = none
Info [interflop-vprec]: 	prec-input-file = (null)
Info [interflop-vprec]: 	prec-output-file = (null)
Info [interflop-vprec]: 	prec-log-file = (null)
All_Command_lines_OK
Using double precision for computations.
=============================================================================
The composite transform comprises the following transforms (in order): 
  1. /home/mdugre/scratch/mri-registration-rp/datasets/ds004513/derivatives/mri-registration-rp/0110/antsRegistration-r7-p8/sub-s023/align_Composite.h5[0] (type = Euler3DTransform)
  2. /home/mdugre/scratch/mri-registration-rp/datasets/ds004513/derivatives/mri-registration-rp/0110/antsRegistration-r7-p8/sub-s023/align_Composite.h5[1] (type = Euler3DTransform)
=============================================================================
  number of levels = 4
  fixed image: /templateflow/tpl-MNI152NLin2009cAsym/tpl-MNI152NLin2009cAsym_res-01_desc-brain_T1w.nii.gz
  moving image: /home/mdugre/scratch/mri-registration-rp/datasets/ds004513/derivatives/mri-registration-rp/antsBrainExtraction/sub-s023/BrainExtractionBrain.nii.gz
Dimension = 3
Number of stages = 1
Use histogram matching = false
Winsorize image intensities = true
  Lower quantile = 0.005
  Upper quantile = 0.995


Stage 1 State
   Image metric = MattesMI
     Fixed image = Image (0x4e451e0)
  RTTI typeinfo:   itk::Image<double, 3u>
  Reference Count: 2
  Modified Time: 1578
  Debug: Off
  Object Name: 
  Observers: 
    none
  Source: (none)
  Source output name: (none)
  Release Data: Off
  Data Released: False
  Global Release Data: Off
  PipelineMTime: 0
  UpdateMTime: 1189
  RealTimeStamp: 0 seconds 
  LargestPossibleRegion: 
    Dimension: 3
    Index: [0, 0, 0]
    Size: [193, 229, 193]
  BufferedRegion: 
    Dimension: 3
    Index: [0, 0, 0]
    Size: [193, 229, 193]
  RequestedRegion: 
    Dimension: 3
    Index: [0, 0, 0]
    Size: [193, 229, 193]
  Spacing: [1, 1, 1]
  Origin: [96, 132, -78]
  Direction: 
-1 0 0
0 -1 0
0 0 1

  IndexToPointMatrix: 
-1 0 0
0 -1 0
0 0 1

  PointToIndexMatrix: 
-1 0 0
0 -1 0
0 0 1

  Inverse Direction: 
-1 0 0
0 -1 0
0 0 1

  PixelContainer: 
    ImportImageContainer (0x4f04680)
      RTTI typeinfo:   itk::ImportImageContainer<unsigned long, double>
      Reference Count: 1
      Modified Time: 1186
      Debug: Off
      Object Name: 
      Observers: 
        none
      Pointer: 0x14605d507010
      Container manages memory: true
      Size: 8530021
      Capacity: 8530021

     Moving image = Image (0x4f00b20)
  RTTI typeinfo:   itk::Image<double, 3u>
  Reference Count: 2
  Modified Time: 1579
  Debug: Off
  Object Name: 
  Observers: 
    none
  Source: (none)
  Source output name: (none)
  Release Data: Off
  Data Released: False
  Global Release Data: Off
  PipelineMTime: 0
  UpdateMTime: 1576
  RealTimeStamp: 0 seconds 
  LargestPossibleRegion: 
    Dimension: 3
    Index: [0, 0, 0]
    Size: [160, 240, 256]
  BufferedRegion: 
    Dimension: 3
    Index: [0, 0, 0]
    Size: [160, 240, 256]
  RequestedRegion: 
    Dimension: 3
    Index: [0, 0, 0]
    Size: [160, 240, 256]
  Spacing: [1, 1, 1]
  Origin: [80.25, 93.75, -135]
  Direction: 
-1 0 -0.015686
0 -1 0
-0.015686 0 1

  IndexToPointMatrix: 
-1 0 -0.015686
0 -1 0
-0.015686 0 1

  PointToIndexMatrix: 
-1 0 -0.015686
0 -1 0
-0.015686 0 1

  Inverse Direction: 
-1 0 -0.015686
0 -1 0
-0.015686 0 1

  PixelContainer: 
    ImportImageContainer (0x4f69d50)
      RTTI typeinfo:   itk::ImportImageContainer<unsigned long, double>
      Reference Count: 1
      Modified Time: 1573
      Debug: Off
      Object Name: 
      Observers: 
        none
      Pointer: 0x146058a06010
      Container manages memory: true
      Size: 9830400
      Capacity: 9830400

     Weighting = 1
     Sampling strategy = regular
     Number of bins = 32
     Radius = 4
     Sampling percentage  = 0.25
   Transform = Rigid
     Gradient step = 0.1
     Update field sigma (voxel space) = 0
     Total field sigma (voxel space) = 0
     Update field time sigma = 0
     Total field time sigma  = 0
     Number of time indices = 0
     Number of time point samples = 0
Registration using 1 total stages.

Stage 0
  iterations = 1000x500x250x100
  convergence threshold = 1e-06
  convergence window size = 10
  number of levels = 4
  using the Mattes MI metric (number of bins = 32, weight = 1, use gradient filter = 0)
  preprocessing:  winsorizing the image intensities
  Shrink factors (level 1 out of 4): [8, 8, 8]
  Shrink factors (level 2 out of 4): [4, 4, 4]
  Shrink factors (level 3 out of 4): [2, 2, 2]
  Shrink factors (level 4 out of 4): [1, 1, 1]
  smoothing sigmas per level: [3, 2, 1, 0]
  regular sampling (percentage = 0.25)

*** Running Euler3DTransform registration ***

DIAGNOSTIC,Iteration,metricValue,convergenceValue,ITERATION_TIME_INDEX,SINCE_LAST
 2DIAGNOSTIC,     1, -5.231128006229e-01, 1.797693134862e+308, 0.0000e+00, 0.0000e+00, 
 2DIAGNOSTIC,     2, -5.233920853440e-01, 1.797693134862e+308, 0.0000e+00, 0.0000e+00, 
 2DIAGNOSTIC,     3, -5.233696766993e-01, 1.797693134862e+308, 0.0000e+00, 0.0000e+00, 
 2DIAGNOSTIC,     4, -5.233288006646e-01, 1.797693134862e+308, 0.0000e+00, 0.0000e+00, 
 2DIAGNOSTIC,     5, -5.239896598447e-01, 1.797693134862e+308, 0.0000e+00, 0.0000e+00, 
 2DIAGNOSTIC,     6, -5.244950061668e-01, 1.797693134862e+308, 0.0000e+00, 0.0000e+00, 
 2DIAGNOSTIC,     7, -5.255824236880e-01, 1.797693134862e+308, 0.0000e+00, 0.0000e+00, 
 2DIAGNOSTIC,     8, -5.258345011787e-01, 1.797693134862e+308, 0.0000e+00, 0.0000e+00, 
 2DIAGNOSTIC,     9, -5.248265004647e-01, 1.797693134862e+308, 0.0000e+00, 0.0000e+00, 
 2DIAGNOSTIC,    10, -5.250555996071e-01, 3.287511488504e-04, 0.0000e+00, 0.0000e+00, 
 2DIAGNOSTIC,    11, -5.250555996071e-01, 2.577213032499e-04, 0.0000e+00, 0.0000e+00, 
 2DIAGNOSTIC,    12, -5.250555996071e-01, 1.870535967733e-04, 0.0000e+00, 0.0000e+00, 
 2DIAGNOSTIC,    13, -5.250555996071e-01, 1.101486247789e-04, 0.0000e+00, 0.0000e+00, 
 2DIAGNOSTIC,    14, -5.250555996071e-01, 3.332473080160e-05, 0.0000e+00, 0.0000e+00, 
DIAGNOSTIC,Iteration,metricValue,convergenceValue,ITERATION_TIME_INDEX,SINCE_LAST
 2DIAGNOSTIC,     1, -4.143288524106e-01, 1.797693134862e+308, 0.0000e+00, 0.0000e+00, 
 2DIAGNOSTIC,     2, -4.145727970486e-01, 1.797693134862e+308, 0.0000e+00, 0.0000e+00, 
 2DIAGNOSTIC,     3, -4.149578527523e-01, 1.797693134862e+308, 0.0000e+00, 0.0000e+00, 
 2DIAGNOSTIC,     4, -4.148918500469e-01, 1.797693134862e+308, 0.0000e+00, 0.0000e+00, 
 2DIAGNOSTIC,     5, -4.151948719836e-01, 1.797693134862e+308, 0.0000e+00, 0.0000e+00, 
 2DIAGNOSTIC,     6, -4.170365124329e-01, 1.797693134862e+308, 0.0000e+00, 0.0000e+00, 
 2DIAGNOSTIC,     7, -4.185433449157e-01, 1.797693134862e+308, 0.0000e+00, 0.0000e+00, 
 2DIAGNOSTIC,     8, -4.181303143501e-01, 1.797693134862e+308, 0.0000e+00, 0.0000e+00, 
 2DIAGNOSTIC,     9, -4.185238107291e-01, 1.797693134862e+308, 0.0000e+00, 0.0000e+00, 
 2DIAGNOSTIC,    10, -4.188784809979e-01, 8.354014096668e-04, 0.0000e+00, 0.0000e+00, 
 2DIAGNOSTIC,    11, -4.188798369903e-01, 7.382466435769e-04, 0.0000e+00, 0.0000e+00, 
 2DIAGNOSTIC,    12, -4.201913369238e-01, 6.780271920699e-04, 0.0000e+00, 0.0000e+00, 
 2DIAGNOSTIC,    13, -4.241199308085e-01, 7.916466186610e-04, 0.0000e+00, 0.0000e+00, 
 2DIAGNOSTIC,    14, -4.241896302350e-01, 8.139308651475e-04, 0.0000e+00, 0.0000e+00, 
 2DIAGNOSTIC,    15, -4.243577120890e-01, 7.810475833625e-04, 0.0000e+00, 0.0000e+00, 
 2DIAGNOSTIC,    16, -4.246771608765e-01, 7.729042984546e-04, 0.0000e+00, 0.0000e+00, 
 2DIAGNOSTIC,    17, -4.254668028753e-01, 7.853835678149e-04, 0.0000e+00, 0.0000e+00, 
 2DIAGNOSTIC,    18, -4.270783857488e-01, 7.656283860789e-04, 0.0000e+00, 0.0000e+00, 
 2DIAGNOSTIC,    19, -4.272097631695e-01, 6.943562360238e-04, 0.0000e+00, 0.0000e+00, 
 2DIAGNOSTIC,    20, -4.272112265408e-01, 5.813929103456e-04, 0.0000e+00, 0.0000e+00, 
 2DIAGNOSTIC,    21, -4.272077490549e-01, 4.260749380397e-04, 0.0000e+00, 0.0000e+00, 
 2DIAGNOSTIC,    22, -4.269100170284e-01, 2.725359039334e-04, 0.0000e+00, 0.0000e+00, 
 2DIAGNOSTIC,    23, -4.269714560527e-01, 2.237634105136e-04, 0.0000e+00, 0.0000e+00, 
 2DIAGNOSTIC,    24, -4.268921945952e-01, 1.577962162600e-04, 0.0000e+00, 0.0000e+00, 
 2DIAGNOSTIC,    25, -4.269144256272e-01, 8.813903843439e-05, 0.0000e+00, 0.0000e+00, 
 2DIAGNOSTIC,    26, -4.268848025363e-01, 2.311137982156e-05, 0.0000e+00, 0.0000e+00, 
DIAGNOSTIC,Iteration,metricValue,convergenceValue,ITERATION_TIME_INDEX,SINCE_LAST
 2DIAGNOSTIC,     1, -3.677427886897e-01, 1.797693134862e+308, 0.0000e+00, 0.0000e+00, 
 2DIAGNOSTIC,     2, -3.674951825631e-01, 1.797693134862e+308, 0.0000e+00, 0.0000e+00, 
 2DIAGNOSTIC,     3, -3.675072964079e-01, 1.797693134862e+308, 0.0000e+00, 0.0000e+00, 
 2DIAGNOSTIC,     4, -3.675051425489e-01, 1.797693134862e+308, 0.0000e+00, 0.0000e+00, 
 2DIAGNOSTIC,     5, -3.674944834718e-01, 1.797693134862e+308, 0.0000e+00, 0.0000e+00, 
 2DIAGNOSTIC,     6, -3.674742464712e-01, 1.797693134862e+308, 0.0000e+00, 0.0000e+00, 
 2DIAGNOSTIC,     7, -3.674742464712e-01, 1.797693134862e+308, 0.0000e+00, 0.0000e+00, 
 2DIAGNOSTIC,     8, -3.674742464712e-01, 1.797693134862e+308, 0.0000e+00, 0.0000e+00, 
 2DIAGNOSTIC,     9, -3.674742464712e-01, 1.797693134862e+308, 0.0000e+00, 0.0000e+00, 
DIAGNOSTIC,Iteration,metricValue,convergenceValue,ITERATION_TIME_INDEX,SINCE_LAST
 2DIAGNOSTIC,     1, -3.410232389892e-01, 1.797693134862e+308, 0.0000e+00, 0.0000e+00, 
 2DIAGNOSTIC,     2, -3.411775218332e-01, 1.797693134862e+308, 0.0000e+00, 0.0000e+00, 
 2DIAGNOSTIC,     3, -3.412127363635e-01, 1.797693134862e+308, 0.0000e+00, 0.0000e+00, 
 2DIAGNOSTIC,     4, -3.412158974155e-01, 1.797693134862e+308, 0.0000e+00, 0.0000e+00, 
 2DIAGNOSTIC,     5, -3.412404967866e-01, 1.797693134862e+308, 0.0000e+00, 0.0000e+00, 
 2DIAGNOSTIC,     6, -3.412547784578e-01, 1.797693134862e+308, 0.0000e+00, 0.0000e+00, 
 2DIAGNOSTIC,     7, -3.412592444346e-01, 1.797693134862e+308, 0.0000e+00, 0.0000e+00, 
 2DIAGNOSTIC,     8, -3.412433378311e-01, 1.797693134862e+308, 0.0000e+00, 0.0000e+00, 
 2DIAGNOSTIC,     9, -3.412356625196e-01, 1.797693134862e+308, 0.0000e+00, 0.0000e+00, 
 2DIAGNOSTIC,    10, -3.412298711140e-01, 2.513139770796e-05, 0.0000e+00, 0.0000e+00, 
 2DIAGNOSTIC,    11, -3.412255290751e-01, 5.980087507476e-06, 0.0000e+00, 0.0000e+00, 
  Elapsed time (stage 0): 0.0000e+00


Total elapsed time: 0.0000e+00
Info [verificarlo]: loaded backend libinterflop_vprec.so
Info [interflop-vprec]: load backend with: 
Info [interflop-vprec]: precision-binary32 = 8
Info [interflop-vprec]: range-binary32 = 7
Info [interflop-vprec]: precision-binary64 = 8
Info [interflop-vprec]: range-binary64 = 7
Info [interflop-vprec]: mode = ob
Info [interflop-vprec]: error-mode = rel
Info [interflop-vprec]: max-abs-error-exponent = -1022
Info [interflop-vprec]: daz = false
Info [interflop-vprec]: ftz = false
Info [interflop-vprec]: 	instrument = none
Info [interflop-vprec]: 	prec-input-file = (null)
Info [interflop-vprec]: 	prec-output-file = (null)
Info [interflop-vprec]: 	prec-log-file = (null)
All_Command_lines_OK
Using double precision for computations.
=============================================================================
The composite transform comprises the following transforms (in order): 
  1. /home/mdugre/scratch/mri-registration-rp/datasets/ds004513/derivatives/mri-registration-rp/0110/antsRegistration-r7-p8/sub-s023/rigid_Composite.h5[0] (type = Euler3DTransform)
  2. /home/mdugre/scratch/mri-registration-rp/datasets/ds004513/derivatives/mri-registration-rp/0110/antsRegistration-r7-p8/sub-s023/rigid_Composite.h5[1] (type = Euler3DTransform)
  3. /home/mdugre/scratch/mri-registration-rp/datasets/ds004513/derivatives/mri-registration-rp/0110/antsRegistration-r7-p8/sub-s023/rigid_Composite.h5[2] (type = Euler3DTransform)
=============================================================================
  number of levels = 4
  fixed image: /templateflow/tpl-MNI152NLin2009cAsym/tpl-MNI152NLin2009cAsym_res-01_desc-brain_T1w.nii.gz
  moving image: /home/mdugre/scratch/mri-registration-rp/datasets/ds004513/derivatives/mri-registration-rp/antsBrainExtraction/sub-s023/BrainExtractionBrain.nii.gz
Dimension = 3
Number of stages = 1
Use histogram matching = false
Winsorize image intensities = true
  Lower quantile = 0.005
  Upper quantile = 0.995


Stage 1 State
   Image metric = MattesMI
     Fixed image = Image (0x47801e0)
  RTTI typeinfo:   itk::Image<double, 3u>
  Reference Count: 2
  Modified Time: 1592
  Debug: Off
  Object Name: 
  Observers: 
    none
  Source: (none)
  Source output name: (none)
  Release Data: Off
  Data Released: False
  Global Release Data: Off
  PipelineMTime: 0
  UpdateMTime: 1203
  RealTimeStamp: 0 seconds 
  LargestPossibleRegion: 
    Dimension: 3
    Index: [0, 0, 0]
    Size: [193, 229, 193]
  BufferedRegion: 
    Dimension: 3
    Index: [0, 0, 0]
    Size: [193, 229, 193]
  RequestedRegion: 
    Dimension: 3
    Index: [0, 0, 0]
    Size: [193, 229, 193]
  Spacing: [1, 1, 1]
  Origin: [96, 132, -78]
  Direction: 
-1 0 0
0 -1 0
0 0 1

  IndexToPointMatrix: 
-1 0 0
0 -1 0
0 0 1

  PointToIndexMatrix: 
-1 0 0
0 -1 0
0 0 1

  Inverse Direction: 
-1 0 0
0 -1 0
0 0 1

  PixelContainer: 
    ImportImageContainer (0x484e440)
      RTTI typeinfo:   itk::ImportImageContainer<unsigned long, double>
      Reference Count: 1
      Modified Time: 1200
      Debug: Off
      Object Name: 
      Observers: 
        none
      Pointer: 0x14a46e599010
      Container manages memory: true
      Size: 8530021
      Capacity: 8530021

     Moving image = Image (0x483b9b0)
  RTTI typeinfo:   itk::Image<double, 3u>
  Reference Count: 2
  Modified Time: 1593
  Debug: Off
  Object Name: 
  Observers: 
    none
  Source: (none)
  Source output name: (none)
  Release Data: Off
  Data Released: False
  Global Release Data: Off
  PipelineMTime: 0
  UpdateMTime: 1590
  RealTimeStamp: 0 seconds 
  LargestPossibleRegion: 
    Dimension: 3
    Index: [0, 0, 0]
    Size: [160, 240, 256]
  BufferedRegion: 
    Dimension: 3
    Index: [0, 0, 0]
    Size: [160, 240, 256]
  RequestedRegion: 
    Dimension: 3
    Index: [0, 0, 0]
    Size: [160, 240, 256]
  Spacing: [1, 1, 1]
  Origin: [80.25, 93.75, -135]
  Direction: 
-1 0 -0.015686
0 -1 0
-0.015686 0 1

  IndexToPointMatrix: 
-1 0 -0.015686
0 -1 0
-0.015686 0 1

  PointToIndexMatrix: 
-1 0 -0.015686
0 -1 0
-0.015686 0 1

  Inverse Direction: 
-1 0 -0.015686
0 -1 0
-0.015686 0 1

  PixelContainer: 
    ImportImageContainer (0x47f1710)
      RTTI typeinfo:   itk::ImportImageContainer<unsigned long, double>
      Reference Count: 1
      Modified Time: 1587
      Debug: Off
      Object Name: 
      Observers: 
        none
      Pointer: 0x14a469a98010
      Container manages memory: true
      Size: 9830400
      Capacity: 9830400

     Weighting = 1
     Sampling strategy = regular
     Number of bins = 32
     Radius = 4
     Sampling percentage  = 0.25
   Transform = Affine
     Gradient step = 0.1
     Update field sigma (voxel space) = 0
     Total field sigma (voxel space) = 0
     Update field time sigma = 0
     Total field time sigma  = 0
     Number of time indices = 0
     Number of time point samples = 0
Registration using 1 total stages.

Stage 0
  iterations = 1000x500x250x100
  convergence threshold = 1e-06
  convergence window size = 10
  number of levels = 4
  using the Mattes MI metric (number of bins = 32, weight = 1, use gradient filter = 0)
  preprocessing:  winsorizing the image intensities
  Shrink factors (level 1 out of 4): [8, 8, 8]
  Shrink factors (level 2 out of 4): [4, 4, 4]
  Shrink factors (level 3 out of 4): [2, 2, 2]
  Shrink factors (level 4 out of 4): [1, 1, 1]
  smoothing sigmas per level: [3, 2, 1, 0]
  regular sampling (percentage = 0.25)

*** Running AffineTransform registration ***

DIAGNOSTIC,Iteration,metricValue,convergenceValue,ITERATION_TIME_INDEX,SINCE_LAST
 2DIAGNOSTIC,     1, -5.492295794315e-01, 1.797693134862e+308, 0.0000e+00, 0.0000e+00, 
 2DIAGNOSTIC,     2, -5.492295794316e-01, 1.797693134862e+308, 0.0000e+00, 0.0000e+00, 
 2DIAGNOSTIC,     3, -5.492295769980e-01, 1.797693134862e+308, 0.0000e+00, 0.0000e+00, 
 2DIAGNOSTIC,     4, -5.491903672771e-01, 1.797693134862e+308, 0.0000e+00, 0.0000e+00, 
 2DIAGNOSTIC,     5, -5.492430295264e-01, 1.797693134862e+308, 0.0000e+00, 0.0000e+00, 
 2DIAGNOSTIC,     6, -5.492431387893e-01, 1.797693134862e+308, 0.0000e+00, 0.0000e+00, 
 2DIAGNOSTIC,     7, -5.492383385377e-01, 1.797693134862e+308, 0.0000e+00, 0.0000e+00, 
 2DIAGNOSTIC,     8, -5.492383385119e-01, 1.797693134862e+308, 0.0000e+00, 0.0000e+00, 
 2DIAGNOSTIC,     9, -5.492383273362e-01, 1.797693134862e+308, 0.0000e+00, 0.0000e+00, 
 2DIAGNOSTIC,    10, -5.492383273362e-01, 2.326581706263e-06, 0.0000e+00, 0.0000e+00, 
 2DIAGNOSTIC,    11, -5.492383273362e-01, 2.216606167380e-06, 0.0000e+00, 0.0000e+00, 
 2DIAGNOSTIC,    12, -5.492383273308e-01, 1.946174447487e-06, 0.0000e+00, 0.0000e+00, 
DIAGNOSTIC,Iteration,metricValue,convergenceValue,ITERATION_TIME_INDEX,SINCE_LAST
 2DIAGNOSTIC,     1, -4.268542873971e-01, 1.797693134862e+308, 0.0000e+00, 0.0000e+00, 
 2DIAGNOSTIC,     2, -4.268594965622e-01, 1.797693134862e+308, 0.0000e+00, 0.0000e+00, 
 2DIAGNOSTIC,     3, -4.268651642490e-01, 1.797693134862e+308, 0.0000e+00, 0.0000e+00, 
 2DIAGNOSTIC,     4, -4.268618401993e-01, 1.797693134862e+308, 0.0000e+00, 0.0000e+00, 
 2DIAGNOSTIC,     5, -4.268616359101e-01, 1.797693134862e+308, 0.0000e+00, 0.0000e+00, 
 2DIAGNOSTIC,     6, -4.268616359101e-01, 1.797693134862e+308, 0.0000e+00, 0.0000e+00, 
 2DIAGNOSTIC,     7, -4.268616348091e-01, 1.797693134862e+308, 0.0000e+00, 0.0000e+00, 
 2DIAGNOSTIC,     8, -4.268603603079e-01, 1.797693134862e+308, 0.0000e+00, 0.0000e+00, 
 2DIAGNOSTIC,     9, -4.268603603079e-01, 1.797693134862e+308, 0.0000e+00, 0.0000e+00, 
DIAGNOSTIC,Iteration,metricValue,convergenceValue,ITERATION_TIME_INDEX,SINCE_LAST
 2DIAGNOSTIC,     1, -3.675739326112e-01, 1.797693134862e+308, 0.0000e+00, 0.0000e+00, 
 2DIAGNOSTIC,     2, -3.675796215593e-01, 1.797693134862e+308, 0.0000e+00, 0.0000e+00, 
 2DIAGNOSTIC,     3, -3.675802380427e-01, 1.797693134862e+308, 0.0000e+00, 0.0000e+00, 
 2DIAGNOSTIC,     4, -3.675788088676e-01, 1.797693134862e+308, 0.0000e+00, 0.0000e+00, 
 2DIAGNOSTIC,     5, -3.675784882352e-01, 1.797693134862e+308, 0.0000e+00, 0.0000e+00, 
 2DIAGNOSTIC,     6, -3.675781979481e-01, 1.797693134862e+308, 0.0000e+00, 0.0000e+00, 
 2DIAGNOSTIC,     7, -3.675781979475e-01, 1.797693134862e+308, 0.0000e+00, 0.0000e+00, 
 2DIAGNOSTIC,     8, -3.675781704764e-01, 1.797693134862e+308, 0.0000e+00, 0.0000e+00, 
 2DIAGNOSTIC,     9, -3.675775629673e-01, 1.797693134862e+308, 0.0000e+00, 0.0000e+00, 
DIAGNOSTIC,Iteration,metricValue,convergenceValue,ITERATION_TIME_INDEX,SINCE_LAST
 2DIAGNOSTIC,     1, -3.410836130783e-01, 1.797693134862e+308, 0.0000e+00, 0.0000e+00, 
 2DIAGNOSTIC,     2, -3.410834429215e-01, 1.797693134862e+308, 0.0000e+00, 0.0000e+00, 
 2DIAGNOSTIC,     3, -3.410828793217e-01, 1.797693134862e+308, 0.0000e+00, 0.0000e+00, 
 2DIAGNOSTIC,     4, -3.410828008106e-01, 1.797693134862e+308, 0.0000e+00, 0.0000e+00, 
 2DIAGNOSTIC,     5, -3.410820331550e-01, 1.797693134862e+308, 0.0000e+00, 0.0000e+00, 
 2DIAGNOSTIC,     6, -3.410823507603e-01, 1.797693134862e+308, 0.0000e+00, 0.0000e+00, 
 2DIAGNOSTIC,     7, -3.410823507603e-01, 1.797693134862e+308, 0.0000e+00, 0.0000e+00, 
 2DIAGNOSTIC,     8, -3.410823507603e-01, 1.797693134862e+308, 0.0000e+00, 0.0000e+00, 
 2DIAGNOSTIC,     9, -3.410823507603e-01, 1.797693134862e+308, 0.0000e+00, 0.0000e+00, 
  Elapsed time (stage 0): 0.0000e+00


Total elapsed time: 0.0000e+00
Info [verificarlo]: loaded backend libinterflop_ieee.so
Info [interflop-ieee]: load backend with:
Info [interflop-ieee]: debug = false
Info [interflop-ieee]: debug-binary = false
Info [interflop-ieee]: no-backend-name = false
Info [interflop-ieee]: print-new-line = false
Info [interflop-ieee]: print-subnormal-normalized = false
Info [interflop-ieee]: count-op = false
All_Command_lines_OK
Using double precision for computations.
=============================================================================
The composite transform comprises the following transforms (in order): 
  1. /home/mdugre/scratch/mri-registration-rp/datasets/ds004513/derivatives/mri-registration-rp/0110/antsRegistration-r7-p8/sub-s023/affine_Composite.h5[0] (type = Euler3DTransform)
  2. /home/mdugre/scratch/mri-registration-rp/datasets/ds004513/derivatives/mri-registration-rp/0110/antsRegistration-r7-p8/sub-s023/affine_Composite.h5[1] (type = Euler3DTransform)
  3. /home/mdugre/scratch/mri-registration-rp/datasets/ds004513/derivatives/mri-registration-rp/0110/antsRegistration-r7-p8/sub-s023/affine_Composite.h5[2] (type = Euler3DTransform)
  4. /home/mdugre/scratch/mri-registration-rp/datasets/ds004513/derivatives/mri-registration-rp/0110/antsRegistration-r7-p8/sub-s023/affine_Composite.h5[3] (type = AffineTransform)
=============================================================================
  number of levels = 4
  fixed image: /templateflow/tpl-MNI152NLin2009cAsym/tpl-MNI152NLin2009cAsym_res-01_desc-brain_T1w.nii.gz
  moving image: /home/mdugre/scratch/mri-registration-rp/datasets/ds004513/derivatives/mri-registration-rp/antsBrainExtraction/sub-s023/BrainExtractionBrain.nii.gz
Dimension = 3
Number of stages = 1
Use histogram matching = false
Winsorize image intensities = true
  Lower quantile = 0.005
  Upper quantile = 0.995


Stage 1 State
   Image metric = CC
     Fixed image = Image (0x4749a40)
  RTTI typeinfo:   itk::Image<double, 3u>
  Reference Count: 2
  Modified Time: 1608
  Debug: Off
  Object Name: 
  Observers: 
    none
  Source: (none)
  Source output name: (none)
  Release Data: Off
  Data Released: False
  Global Release Data: Off
  PipelineMTime: 0
  UpdateMTime: 1217
  RealTimeStamp: 0 seconds 
  LargestPossibleRegion: 
    Dimension: 3
    Index: [0, 0, 0]
    Size: [193, 229, 193]
  BufferedRegion: 
    Dimension: 3
    Index: [0, 0, 0]
    Size: [193, 229, 193]
  RequestedRegion: 
    Dimension: 3
    Index: [0, 0, 0]
    Size: [193, 229, 193]
  Spacing: [1, 1, 1]
  Origin: [96, 132, -78]
  Direction: 
-1 0 0
0 -1 0
0 0 1

  IndexToPointMatrix: 
-1 0 0
0 -1 0
0 0 1

  PointToIndexMatrix: 
-1 0 0
0 -1 0
0 0 1

  Inverse Direction: 
-1 0 0
0 -1 0
0 0 1

  PixelContainer: 
    ImportImageContainer (0x4821450)
      RTTI typeinfo:   itk::ImportImageContainer<unsigned long, double>
      Reference Count: 1
      Modified Time: 1214
      Debug: Off
      Object Name: 
      Observers: 
        none
      Pointer: 0x14fed5878010
      Container manages memory: true
      Size: 8530021
      Capacity: 8530021

     Moving image = Image (0x4820a30)
  RTTI typeinfo:   itk::Image<double, 3u>
  Reference Count: 2
  Modified Time: 1609
  Debug: Off
  Object Name: 
  Observers: 
    none
  Source: (none)
  Source output name: (none)
  Release Data: Off
  Data Released: False
  Global Release Data: Off
  PipelineMTime: 0
  UpdateMTime: 1606
  RealTimeStamp: 0 seconds 
  LargestPossibleRegion: 
    Dimension: 3
    Index: [0, 0, 0]
    Size: [160, 240, 256]
  BufferedRegion: 
    Dimension: 3
    Index: [0, 0, 0]
    Size: [160, 240, 256]
  RequestedRegion: 
    Dimension: 3
    Index: [0, 0, 0]
    Size: [160, 240, 256]
  Spacing: [1, 1, 1]
  Origin: [80.184, 93.6265, -134.844]
  Direction: 
-0.999877 0 -0.0157074
0 -1 0
-0.0157074 0 0.999877

  IndexToPointMatrix: 
-0.999878 0 -0.0157074
0 -1 0
-0.0157074 0 0.999877

  PointToIndexMatrix: 
-0.999875 0 -0.0157073
0 -1 0
-0.0157074 0 0.999877

  Inverse Direction: 
-0.999877 0 -0.0157074
0 -1 0
-0.0157074 0 0.999877

  PixelContainer: 
    ImportImageContainer (0x47561c0)
      RTTI typeinfo:   itk::ImportImageContainer<unsigned long, double>
      Reference Count: 1
      Modified Time: 1603
      Debug: Off
      Object Name: 
      Observers: 
        none
      Pointer: 0x14fed0d77010
      Container manages memory: true
      Size: 9830400
      Capacity: 9830400

     Weighting = 1
     Sampling strategy = none
     Number of bins = 32
     Radius = 4
     Sampling percentage  = 1
   Transform = SyN
     Gradient step = 0.1
     Update field sigma (voxel space) = 3
     Total field sigma (voxel space) = 0
     Update field time sigma = 0
     Total field time sigma  = 0
     Number of time indices = 0
     Number of time point samples = 0
Registration using 1 total stages.

Stage 0
  iterations = 100x70x50x20
  convergence threshold = 1e-06
  convergence window size = 10
  number of levels = 4
  using the CC metric (radius = 4, weight = 1, use gradient filter = 0)
  preprocessing:  winsorizing the image intensities
  Shrink factors (level 1 out of 4): [8, 8, 8]
  Shrink factors (level 2 out of 4): [4, 4, 4]
  Shrink factors (level 3 out of 4): [2, 2, 2]
  Shrink factors (level 4 out of 4): [1, 1, 1]
  smoothing sigmas per level: [3, 2, 1, 0]
  Using default NONE metricSamplingStrategy 

*** Running SyN registration (varianceForUpdateField = 3, varianceForTotalField = 0) ***

XXDIAGNOSTIC,Iteration,metricValue,convergenceValue,ITERATION_TIME_INDEX,SINCE_LAST
 1DIAGNOSTIC,     1, -5.764049028737e-01, 1.797693134862e+308, 1.1260e+00, 1.1260e+00, 
 1DIAGNOSTIC,     2, -6.139528605531e-01, 1.797693134862e+308, 1.4605e+00, 3.3450e-01, 
 1DIAGNOSTIC,     3, -6.530922993066e-01, 1.797693134862e+308, 1.7931e+00, 3.3254e-01, 
 1DIAGNOSTIC,     4, -6.916143631879e-01, 1.797693134862e+308, 2.1574e+00, 3.6436e-01, 
 1DIAGNOSTIC,     5, -7.275289391133e-01, 1.797693134862e+308, 2.4969e+00, 3.3951e-01, 
 1DIAGNOSTIC,     6, -7.593213707596e-01, 1.797693134862e+308, 2.8260e+00, 3.2903e-01, 
 1DIAGNOSTIC,     7, -7.845313160361e-01, 1.797693134862e+308, 3.1877e+00, 3.6177e-01, 
 1DIAGNOSTIC,     8, -8.084844165005e-01, 1.797693134862e+308, 3.5249e+00, 3.3715e-01, 
 1DIAGNOSTIC,     9, -8.280229597494e-01, 1.797693134862e+308, 3.8536e+00, 3.2871e-01, 
 1DIAGNOSTIC,    10, -8.451465193092e-01, 2.392706696654e-02, 4.1979e+00, 3.4427e-01, 
 1DIAGNOSTIC,    11, -8.598449965452e-01, 1.923663259923e-02, 4.5430e+00, 3.4509e-01, 
 1DIAGNOSTIC,    12, -8.723354684502e-01, 1.527849518361e-02, 4.8787e+00, 3.3577e-01, 
 1DIAGNOSTIC,    13, -8.832109947015e-01, 1.206163289734e-02, 5.2103e+00, 3.3159e-01, 
 1DIAGNOSTIC,    14, -8.926743387101e-01, 9.527685998409e-03, 5.5555e+00, 3.4519e-01, 
 1DIAGNOSTIC,    15, -9.002061260594e-01, 7.557855320303e-03, 5.8957e+00, 3.4014e-01, 
 1DIAGNOSTIC,    16, -9.076327214937e-01, 6.055648388000e-03, 6.2356e+00, 3.3998e-01, 
 1DIAGNOSTIC,    17, -9.136485135669e-01, 4.848186177164e-03, 6.5843e+00, 3.4868e-01, 
 1DIAGNOSTIC,    18, -9.182324955232e-01, 3.903675718172e-03, 6.9314e+00, 3.4705e-01, 
 1DIAGNOSTIC,    19, -9.221064844974e-01, 3.140776162897e-03, 7.2720e+00, 3.4060e-01, 
 1DIAGNOSTIC,    20, -9.253552059541e-01, 2.525582875358e-03, 7.6167e+00, 3.4478e-01, 
 1DIAGNOSTIC,    21, -9.282943169687e-01, 2.030263866299e-03, 7.9663e+00, 3.4959e-01, 
 1DIAGNOSTIC,    22, -9.308495152449e-01, 1.629683133322e-03, 8.3356e+00, 3.6923e-01, 
 1DIAGNOSTIC,    23, -9.330879078682e-01, 1.309614843037e-03, 8.7045e+00, 3.6896e-01, 
 1DIAGNOSTIC,    24, -9.351598599041e-01, 1.059616731072e-03, 9.0546e+00, 3.5010e-01, 
 1DIAGNOSTIC,    25, -9.370181629295e-01, 8.585402017216e-04, 9.4087e+00, 3.5407e-01, 
 1DIAGNOSTIC,    26, -9.386262950590e-01, 7.101885957676e-04, 9.7399e+00, 3.3123e-01, 
 1DIAGNOSTIC,    27, -9.398870477451e-01, 5.970789351166e-04, 1.0072e+01, 3.3206e-01, 
 1DIAGNOSTIC,    28, -9.408857487739e-01, 5.029003439336e-04, 1.0419e+01, 3.4703e-01, 
 1DIAGNOSTIC,    29, -9.417620164533e-01, 4.227038954504e-04, 1.0771e+01, 3.5168e-01, 
 1DIAGNOSTIC,    30, -9.425152143812e-01, 3.524067707156e-04, 1.1111e+01, 3.4074e-01, 
 1DIAGNOSTIC,    31, -9.431673322028e-01, 2.918333849590e-04, 1.1456e+01, 3.4494e-01, 
 1DIAGNOSTIC,    32, -9.440012394275e-01, 2.425540774577e-04, 1.1815e+01, 3.5832e-01, 
 1DIAGNOSTIC,    33, -9.444660367835e-01, 2.002821713209e-04, 1.2157e+01, 3.4264e-01, 
 1DIAGNOSTIC,    34, -9.451483578478e-01, 1.681941182013e-04, 1.2518e+01, 3.6074e-01, 
 1DIAGNOSTIC,    35, -9.455094714691e-01, 1.427129782410e-04, 1.2869e+01, 3.5108e-01, 
 1DIAGNOSTIC,    36, -9.460919008666e-01, 1.250085984516e-04, 1.3215e+01, 3.4580e-01, 
 1DIAGNOSTIC,    37, -9.466076957271e-01, 1.119886076784e-04, 1.3568e+01, 3.5299e-01, 
 1DIAGNOSTIC,    38, -9.470469739353e-01, 1.012829403300e-04, 1.3901e+01, 3.3302e-01, 
 1DIAGNOSTIC,    39, -9.472111192246e-01, 9.018373059275e-05, 1.4245e+01, 3.4440e-01, 
 1DIAGNOSTIC,    40, -9.476035608163e-01, 8.043373469537e-05, 1.4588e+01, 3.4257e-01, 
 1DIAGNOSTIC,    41, -9.477528439680e-01, 6.975729492315e-05, 1.4933e+01, 3.4496e-01, 
 1DIAGNOSTIC,    42, -9.479057152112e-01, 6.057134856433e-05, 1.5266e+01, 3.3278e-01, 
 1DIAGNOSTIC,    43, -9.480775826385e-01, 5.082385588894e-05, 1.5617e+01, 3.5125e-01, 
 1DIAGNOSTIC,    44, -9.482443352016e-01, 4.296969657917e-05, 1.5963e+01, 3.4603e-01, 
 1DIAGNOSTIC,    45, -9.484693307330e-01, 3.555954136789e-05, 1.6324e+01, 3.6123e-01, 
 1DIAGNOSTIC,    46, -9.486206358687e-01, 3.018954730251e-05, 1.6692e+01, 3.6794e-01, 
 1DIAGNOSTIC,    47, -9.487613895770e-01, 2.667110620014e-05, 1.7040e+01, 3.4768e-01, 
 1DIAGNOSTIC,    48, -9.488987287116e-01, 2.466441486669e-05, 1.7372e+01, 3.3196e-01, 
 1DIAGNOSTIC,    49, -9.490462051734e-01, 2.240983574520e-05, 1.7712e+01, 3.3996e-01, 
 1DIAGNOSTIC,    50, -9.491782625771e-01, 2.148360942661e-05, 1.8060e+01, 3.4783e-01, 
 1DIAGNOSTIC,    51, -9.493045058319e-01, 2.030207156952e-05, 1.8391e+01, 3.3114e-01, 
 1DIAGNOSTIC,    52, -9.494246849763e-01, 1.894190356991e-05, 1.8731e+01, 3.3987e-01, 
 1DIAGNOSTIC,    53, -9.495394090282e-01, 1.758296697662e-05, 1.9078e+01, 3.4786e-01, 
 1DIAGNOSTIC,    54, -9.496443640934e-01, 1.621505977542e-05, 1.9414e+01, 3.3524e-01, 
 1DIAGNOSTIC,    55, -9.497444223419e-01, 1.525731066513e-05, 1.9751e+01, 3.3755e-01, 
 1DIAGNOSTIC,    56, -9.498434016375e-01, 1.432895405902e-05, 2.0091e+01, 3.3984e-01, 
 1DIAGNOSTIC,    57, -9.499238979714e-01, 1.332838389247e-05, 2.0464e+01, 3.7290e-01, 
 1DIAGNOSTIC,    58, -9.499982740598e-01, 1.227829869222e-05, 2.0796e+01, 3.3226e-01, 
 1DIAGNOSTIC,    59, -9.501224452183e-01, 1.158164857731e-05, 2.1130e+01, 3.3386e-01, 
 1DIAGNOSTIC,    60, -9.501823611732e-01, 1.083828516148e-05, 2.1479e+01, 3.4908e-01, 
 1DIAGNOSTIC,    61, -9.502358942163e-01, 1.005191075258e-05, 2.1818e+01, 3.3930e-01, 
 1DIAGNOSTIC,    62, -9.502825585961e-01, 9.219328506827e-06, 2.2176e+01, 3.5806e-01, 
 1DIAGNOSTIC,    63, -9.503261334966e-01, 8.360192368245e-06, 2.2538e+01, 3.6125e-01, 
 1DIAGNOSTIC,    64, -9.503664085742e-01, 7.475352457039e-06, 2.2892e+01, 3.5412e-01, 
 1DIAGNOSTIC,    65, -9.504066898847e-01, 6.617153638307e-06, 2.3228e+01, 3.3595e-01, 
 1DIAGNOSTIC,    66, -9.504438375259e-01, 5.842678646228e-06, 2.3568e+01, 3.4042e-01, 
 1DIAGNOSTIC,    67, -9.504749014240e-01, 5.097104590124e-06, 2.3903e+01, 3.3483e-01, 
 1DIAGNOSTIC,    68, -9.504988435902e-01, 4.371514099925e-06, 2.4236e+01, 3.3251e-01, 
 1DIAGNOSTIC,    69, -9.505151062366e-01, 3.926575369382e-06, 2.4588e+01, 3.5287e-01, 
 1DIAGNOSTIC,    70, -9.505273961059e-01, 3.481757051137e-06, 2.4940e+01, 3.5111e-01, 
 1DIAGNOSTIC,    71, -9.505382005373e-01, 3.040003927040e-06, 2.5295e+01, 3.5557e-01, 
 1DIAGNOSTIC,    72, -9.505469635016e-01, 2.600418813278e-06, 2.5647e+01, 3.5230e-01, 
 1DIAGNOSTIC,    73, -9.505570455219e-01, 2.194283733862e-06, 2.5994e+01, 3.4643e-01, 
 1DIAGNOSTIC,    74, -9.505649117833e-01, 1.832282840590e-06, 2.6325e+01, 3.3096e-01, 
 1DIAGNOSTIC,    75, -9.505793846572e-01, 1.572202516341e-06, 2.6676e+01, 3.5163e-01, 
 1DIAGNOSTIC,    76, -9.505867239435e-01, 1.389623537301e-06, 2.7040e+01, 3.6392e-01, 
 1DIAGNOSTIC,    77, -9.505939951904e-01, 1.273380418380e-06, 2.7384e+01, 3.4377e-01, 
 1DIAGNOSTIC,    78, -9.506010517756e-01, 1.201596514091e-06, 2.7735e+01, 3.5126e-01, 
 1DIAGNOSTIC,    79, -9.506084934368e-01, 1.148908547233e-06, 2.8119e+01, 3.8352e-01, 
 1DIAGNOSTIC,    80, -9.506172319500e-01, 1.107526245705e-06, 2.8470e+01, 3.5072e-01, 
 1DIAGNOSTIC,    81, -9.506236746877e-01, 1.065432239730e-06, 2.8814e+01, 3.4436e-01, 
 1DIAGNOSTIC,    82, -9.506259810341e-01, 1.002541183823e-06, 2.9165e+01, 3.5096e-01, 
 1DIAGNOSTIC,    83, -9.506297022074e-01, 9.351621378592e-07, 2.9511e+01, 3.4602e-01, 
XXDIAGNOSTIC,Iteration,metricValue,convergenceValue,ITERATION_TIME_INDEX,SINCE_LAST
 1DIAGNOSTIC,     1, -9.067337250693e-01, 1.797693134862e+308, 3.2468e+01, 2.9569e+00, 
 1DIAGNOSTIC,     2, -9.088504802409e-01, 1.797693134862e+308, 3.4719e+01, 2.2508e+00, 
 1DIAGNOSTIC,     3, -9.110929837058e-01, 1.797693134862e+308, 3.6976e+01, 2.2576e+00, 
 1DIAGNOSTIC,     4, -9.130887509769e-01, 1.797693134862e+308, 3.9233e+01, 2.2568e+00, 
 1DIAGNOSTIC,     5, -9.147842649400e-01, 1.797693134862e+308, 4.1497e+01, 2.2643e+00, 
 1DIAGNOSTIC,     6, -9.162453807003e-01, 1.797693134862e+308, 4.3899e+01, 2.4018e+00, 
 1DIAGNOSTIC,     7, -9.175026792049e-01, 1.797693134862e+308, 4.6229e+01, 2.3303e+00, 
 1DIAGNOSTIC,     8, -9.186048219190e-01, 1.797693134862e+308, 4.8550e+01, 2.3210e+00, 
 1DIAGNOSTIC,     9, -9.194110377148e-01, 1.797693134862e+308, 5.0848e+01, 2.2976e+00, 
 1DIAGNOSTIC,    10, -9.201356213909e-01, 9.417145626846e-04, 5.3275e+01, 2.4272e+00, 
 1DIAGNOSTIC,    11, -9.207812485034e-01, 7.442680601120e-04, 5.5526e+01, 2.2505e+00, 
 1DIAGNOSTIC,    12, -9.213717008888e-01, 5.824290980480e-04, 5.7812e+01, 2.2858e+00, 
 1DIAGNOSTIC,    13, -9.219154411203e-01, 4.589012346128e-04, 6.0196e+01, 2.3846e+00, 
 1DIAGNOSTIC,    14, -9.224184070589e-01, 3.663700514031e-04, 6.2508e+01, 2.3116e+00, 
 1DIAGNOSTIC,    15, -9.228940426926e-01, 2.973636470245e-04, 6.4995e+01, 2.4870e+00, 
 1DIAGNOSTIC,    16, -9.233133495911e-01, 2.459062108383e-04, 6.7303e+01, 2.3079e+00, 
 1DIAGNOSTIC,    17, -9.237017479631e-01, 2.076541171084e-04, 6.9568e+01, 2.2655e+00, 
 1DIAGNOSTIC,    18, -9.240679642396e-01, 1.796571676602e-04, 7.1824e+01, 2.2556e+00, 
 1DIAGNOSTIC,    19, -9.243950494816e-01, 1.563627519878e-04, 7.4086e+01, 2.2618e+00, 
 1DIAGNOSTIC,    20, -9.246992539797e-01, 1.367572459495e-04, 7.6361e+01, 2.2752e+00, 
 1DIAGNOSTIC,    21, -9.249859217883e-01, 1.200035266001e-04, 7.8697e+01, 2.3367e+00, 
 1DIAGNOSTIC,    22, -9.252422078497e-01, 1.054724654759e-04, 8.1022e+01, 2.3243e+00, 
 1DIAGNOSTIC,    23, -9.254734259293e-01, 9.276562553398e-05, 8.3375e+01, 2.3529e+00, 
 1DIAGNOSTIC,    24, -9.256984364468e-01, 8.181394902341e-05, 8.5637e+01, 2.2626e+00, 
 1DIAGNOSTIC,    25, -9.258932148912e-01, 7.236841653317e-05, 8.7900e+01, 2.2624e+00, 
 1DIAGNOSTIC,    26, -9.260496743296e-01, 6.371915162968e-05, 9.0159e+01, 2.2591e+00, 
 1DIAGNOSTIC,    27, -9.261967049650e-01, 5.587941412655e-05, 9.2428e+01, 2.2689e+00, 
 1DIAGNOSTIC,    28, -9.263491317552e-01, 4.909725349945e-05, 9.4689e+01, 2.2614e+00, 
 1DIAGNOSTIC,    29, -9.264729895861e-01, 4.298651052135e-05, 9.7026e+01, 2.3371e+00, 
 1DIAGNOSTIC,    30, -9.265698808543e-01, 3.739548688252e-05, 9.9381e+01, 2.3551e+00, 
 1DIAGNOSTIC,    31, -9.266616943112e-01, 3.245908068737e-05, 1.0168e+02, 2.3013e+00, 
 1DIAGNOSTIC,    32, -9.267480615382e-01, 2.812102747823e-05, 1.0412e+02, 2.4389e+00, 
 1DIAGNOSTIC,    33, -9.268294793961e-01, 2.435052777620e-05, 1.0645e+02, 2.3263e+00, 
 1DIAGNOSTIC,    34, -9.268941870757e-01, 2.117335554820e-05, 1.0872e+02, 2.2752e+00, 
 1DIAGNOSTIC,    35, -9.269567977164e-01, 1.850457917508e-05, 1.1100e+02, 2.2739e+00, 
 1DIAGNOSTIC,    36, -9.270167849650e-01, 1.614578677499e-05, 1.1333e+02, 2.3329e+00, 
 1DIAGNOSTIC,    37, -9.270709751493e-01, 1.411160970470e-05, 1.1566e+02, 2.3298e+00, 
 1DIAGNOSTIC,    38, -9.271212768059e-01, 1.254597050218e-05, 1.1799e+02, 2.3324e+00, 
 1DIAGNOSTIC,    39, -9.271735682682e-01, 1.132366521020e-05, 1.2026e+02, 2.2695e+00, 
 1DIAGNOSTIC,    40, -9.272219242518e-01, 1.026587036906e-05, 1.2262e+02, 2.3543e+00, 
 1DIAGNOSTIC,    41, -9.272665643924e-01, 9.368006609955e-06, 1.2490e+02, 2.2803e+00, 
 1DIAGNOSTIC,    42, -9.272931981785e-01, 8.509219712283e-06, 1.2718e+02, 2.2795e+00, 
 1DIAGNOSTIC,    43, -9.273224054428e-01, 7.736812745917e-06, 1.2946e+02, 2.2831e+00, 
 1DIAGNOSTIC,    44, -9.273536972264e-01, 6.994400182741e-06, 1.3181e+02, 2.3472e+00, 
 1DIAGNOSTIC,    45, -9.273723212486e-01, 6.230969024489e-06, 1.3418e+02, 2.3759e+00, 
 1DIAGNOSTIC,    46, -9.274031925892e-01, 5.575265965421e-06, 1.3649e+02, 2.3052e+00, 
 1DIAGNOSTIC,    47, -9.274339178985e-01, 5.030620530002e-06, 1.3910e+02, 2.6091e+00, 
 1DIAGNOSTIC,    48, -9.274538034203e-01, 4.535072303701e-06, 1.4140e+02, 2.3087e+00, 
 1DIAGNOSTIC,    49, -9.274668578923e-01, 4.094384576873e-06, 1.4378e+02, 2.3727e+00, 
 1DIAGNOSTIC,    50, -9.274901666604e-01, 3.778415180733e-06, 1.4609e+02, 2.3108e+00, 
 1DIAGNOSTIC,    51, -9.275006164110e-01, 3.501434133576e-06, 1.4858e+02, 2.4949e+00, 
 1DIAGNOSTIC,    52, -9.275105120033e-01, 3.171517365740e-06, 1.5103e+02, 2.4487e+00, 
 1DIAGNOSTIC,    53, -9.275211754587e-01, 2.837544199049e-06, 1.5338e+02, 2.3490e+00, 
 1DIAGNOSTIC,    54, -9.275394966791e-01, 2.583741953732e-06, 1.5567e+02, 2.2844e+00, 
 1DIAGNOSTIC,    55, -9.275486019185e-01, 2.297897436197e-06, 1.5806e+02, 2.3954e+00, 
 1DIAGNOSTIC,    56, -9.275556205465e-01, 2.062179605567e-06, 1.6033e+02, 2.2648e+00, 
 1DIAGNOSTIC,    57, -9.275513222923e-01, 1.833611201252e-06, 1.6260e+02, 2.2699e+00, 
 1DIAGNOSTIC,    58, -9.275509254944e-01, 1.594667156209e-06, 1.6488e+02, 2.2834e+00, 
 1DIAGNOSTIC,    59, -9.275671435648e-01, 1.412428748085e-06, 1.6721e+02, 2.3318e+00, 
 1DIAGNOSTIC,    60, -9.275703723610e-01, 1.284425136101e-06, 1.6966e+02, 2.4499e+00, 
 1DIAGNOSTIC,    61, -9.275719470517e-01, 1.149388709105e-06, 1.7198e+02, 2.3178e+00, 
 1DIAGNOSTIC,    62, -9.275776707737e-01, 1.037766931503e-06, 1.7426e+02, 2.2768e+00, 
 1DIAGNOSTIC,    63, -9.275689412427e-01, 8.867011578317e-07, 1.7651e+02, 2.2587e+00, 
XXDIAGNOSTIC,Iteration,metricValue,convergenceValue,ITERATION_TIME_INDEX,SINCE_LAST
 1DIAGNOSTIC,     1, -9.101366452317e-01, 1.797693134862e+308, 1.9633e+02, 1.9814e+01, 
 1DIAGNOSTIC,     2, -9.122162571179e-01, 1.797693134862e+308, 2.1572e+02, 1.9388e+01, 
 1DIAGNOSTIC,     3, -9.143947852024e-01, 1.797693134862e+308, 2.3481e+02, 1.9090e+01, 
 1DIAGNOSTIC,     4, -9.163423189251e-01, 1.797693134862e+308, 2.5393e+02, 1.9124e+01, 
 1DIAGNOSTIC,     5, -9.180714657217e-01, 1.797693134862e+308, 2.7301e+02, 1.9085e+01, 
 1DIAGNOSTIC,     6, -9.196015648655e-01, 1.797693134862e+308, 2.9187e+02, 1.8855e+01, 
 1DIAGNOSTIC,     7, -9.209670225866e-01, 1.797693134862e+308, 3.1094e+02, 1.9073e+01, 
 1DIAGNOSTIC,     8, -9.221910523590e-01, 1.797693134862e+308, 3.2989e+02, 1.8948e+01, 
 1DIAGNOSTIC,     9, -9.232966812469e-01, 1.797693134862e+308, 3.4902e+02, 1.9134e+01, 
 1DIAGNOSTIC,    10, -9.243022042121e-01, 9.854059552364e-04, 3.6805e+02, 1.9027e+01, 
 1DIAGNOSTIC,    11, -9.252219028875e-01, 8.097485794227e-04, 3.8691e+02, 1.8860e+01, 
 1DIAGNOSTIC,    12, -9.260752032544e-01, 6.657196415744e-04, 4.0607e+02, 1.9157e+01, 
 1DIAGNOSTIC,    13, -9.268706394396e-01, 5.539259869620e-04, 4.2522e+02, 1.9151e+01, 
 1DIAGNOSTIC,    14, -9.274891213131e-01, 4.639859507092e-04, 4.4436e+02, 1.9145e+01, 
 1DIAGNOSTIC,    15, -9.280605536856e-01, 3.907672634830e-04, 4.6347e+02, 1.9103e+01, 
 1DIAGNOSTIC,    16, -9.285955364804e-01, 3.304638733706e-04, 4.8254e+02, 1.9072e+01, 
 1DIAGNOSTIC,    17, -9.290936517746e-01, 2.804217687300e-04, 5.0154e+02, 1.9003e+01, 
 1DIAGNOSTIC,    18, -9.295553312080e-01, 2.387338540590e-04, 5.2076e+02, 1.9220e+01, 
 1DIAGNOSTIC,    19, -9.299827877906e-01, 2.040752065290e-04, 5.3985e+02, 1.9092e+01, 
 1DIAGNOSTIC,    20, -9.303845797793e-01, 1.755280394652e-04, 5.5901e+02, 1.9153e+01, 
 1DIAGNOSTIC,    21, -9.307552407244e-01, 1.521866579988e-04, 5.7807e+02, 1.9063e+01, 
 1DIAGNOSTIC,    22, -9.311062358281e-01, 1.335216666541e-04, 5.9712e+02, 1.9046e+01, 
 1DIAGNOSTIC,    23, -9.314298136491e-01, 1.189340767333e-04, 6.1617e+02, 1.9050e+01, 
 1DIAGNOSTIC,    24, -9.317301105860e-01, 1.061798863650e-04, 6.3517e+02, 1.9003e+01, 
 1DIAGNOSTIC,    25, -9.320140414683e-01, 9.499553352935e-05, 6.5413e+02, 1.8958e+01, 
 1DIAGNOSTIC,    26, -9.322751646705e-01, 8.515384973595e-05, 6.7325e+02, 1.9126e+01, 
 1DIAGNOSTIC,    27, -9.325272900292e-01, 7.657276104996e-05, 6.9230e+02, 1.9048e+01, 
 1DIAGNOSTIC,    28, -9.327592855333e-01, 6.901122953123e-05, 7.1152e+02, 1.9224e+01, 
 1DIAGNOSTIC,    29, -9.329813052746e-01, 6.235648351630e-05, 7.3061e+02, 1.9089e+01, 
 1DIAGNOSTIC,    30, -9.331897126933e-01, 5.652367467775e-05, 7.5014e+02, 1.9526e+01, 
 1DIAGNOSTIC,    31, -9.333832680753e-01, 5.133427212077e-05, 7.6917e+02, 1.9027e+01, 
 1DIAGNOSTIC,    32, -9.335685449361e-01, 4.678360474776e-05, 7.8822e+02, 1.9052e+01, 
 1DIAGNOSTIC,    33, -9.337458889733e-01, 4.276627261596e-05, 8.0721e+02, 1.8989e+01, 
 1DIAGNOSTIC,    34, -9.339133850435e-01, 3.918403965231e-05, 8.2616e+02, 1.8951e+01, 
 1DIAGNOSTIC,    35, -9.340700645557e-01, 3.598647842232e-05, 8.4521e+02, 1.9054e+01, 
 1DIAGNOSTIC,    36, -9.342197415282e-01, 3.308649424023e-05, 8.6440e+02, 1.9188e+01, 
 1DIAGNOSTIC,    37, -9.343629831248e-01, 3.051523209764e-05, 8.8360e+02, 1.9195e+01, 
 1DIAGNOSTIC,    38, -9.344957814175e-01, 2.815925871438e-05, 9.0263e+02, 1.9034e+01, 
 1DIAGNOSTIC,    39, -9.346231845434e-01, 2.603195006086e-05, 9.2180e+02, 1.9169e+01, 
 1DIAGNOSTIC,    40, -9.347446958881e-01, 2.410306507813e-05, 9.4079e+02, 1.8989e+01, 
 1DIAGNOSTIC,    41, -9.348587209748e-01, 2.231343820294e-05, 9.5982e+02, 1.9029e+01, 
 1DIAGNOSTIC,    42, -9.349664295128e-01, 2.066222076273e-05, 9.7896e+02, 1.9147e+01, 
 1DIAGNOSTIC,    43, -9.350717952473e-01, 1.917500017243e-05, 9.9811e+02, 1.9148e+01, 
 1DIAGNOSTIC,    44, -9.351722281102e-01, 1.783462911883e-05, 1.0171e+03, 1.9012e+01, 
 1DIAGNOSTIC,    45, -9.352698505735e-01, 1.662558285025e-05, 1.0362e+03, 1.9110e+01, 
 1DIAGNOSTIC,    46, -9.353632357129e-01, 1.554283891289e-05, 1.0555e+03, 1.9285e+01, 
 1DIAGNOSTIC,    47, -9.354504540265e-01, 1.456697240997e-05, 1.0748e+03, 1.9253e+01, 
 1DIAGNOSTIC,    48, -9.355342363488e-01, 1.366519427947e-05, 1.0939e+03, 1.9086e+01, 
 1DIAGNOSTIC,    49, -9.356130979995e-01, 1.282590784803e-05, 1.1129e+03, 1.9005e+01, 
 1DIAGNOSTIC,    50, -9.356899801337e-01, 1.205185919667e-05, 1.1319e+03, 1.9025e+01, 
XXDIAGNOSTIC,Iteration,metricValue,convergenceValue,ITERATION_TIME_INDEX,SINCE_LAST
 1DIAGNOSTIC,     1, -9.011395740474e-01, 1.797693134862e+308, 1.2906e+03, 1.5873e+02, 
 1DIAGNOSTIC,     2, -9.023779942200e-01, 1.797693134862e+308, 1.4471e+03, 1.5648e+02, 
 1DIAGNOSTIC,     3, -9.038075925537e-01, 1.797693134862e+308, 1.6027e+03, 1.5561e+02, 
 1DIAGNOSTIC,     4, -9.052124266985e-01, 1.797693134862e+308, 1.7573e+03, 1.5463e+02, 
 1DIAGNOSTIC,     5, -9.065392120554e-01, 1.797693134862e+308, 1.9145e+03, 1.5720e+02, 
 1DIAGNOSTIC,     6, -9.077840098908e-01, 1.797693134862e+308, 2.0759e+03, 1.6134e+02, 
 1DIAGNOSTIC,     7, -9.089768730015e-01, 1.797693134862e+308, 2.2307e+03, 1.5482e+02, 
 1DIAGNOSTIC,     8, -9.100849444222e-01, 1.797693134862e+308, 2.3879e+03, 1.5717e+02, 
 1DIAGNOSTIC,     9, -9.111029198036e-01, 1.797693134862e+308, 2.5463e+03, 1.5842e+02, 
 1DIAGNOSTIC,    10, -9.119927868201e-01, 7.818141951181e-04, 2.7046e+03, 1.5828e+02, 
 1DIAGNOSTIC,    11, -9.128700649532e-01, 6.757260748107e-04, 2.8597e+03, 1.5517e+02, 
 1DIAGNOSTIC,    12, -9.135972207005e-01, 5.775939111441e-04, 3.0174e+03, 1.5768e+02, 
 1DIAGNOSTIC,    13, -9.142552937967e-01, 4.923323852847e-04, 3.1748e+03, 1.5743e+02, 
 1DIAGNOSTIC,    14, -9.148613570660e-01, 4.192085927038e-04, 3.3327e+03, 1.5788e+02, 
 1DIAGNOSTIC,    15, -9.154208739463e-01, 3.566607041857e-04, 3.4896e+03, 1.5686e+02, 
 1DIAGNOSTIC,    16, -9.158401146360e-01, 3.015151243899e-04, 3.6479e+03, 1.5835e+02, 
 1DIAGNOSTIC,    17, -9.163188810890e-01, 2.556962493750e-04, 3.8040e+03, 1.5607e+02, 
 1DIAGNOSTIC,    18, -9.167023215865e-01, 2.170796082971e-04, 3.9643e+03, 1.6026e+02, 
 1DIAGNOSTIC,    19, -9.171457847559e-01, 1.863392271705e-04, 4.1211e+03, 1.5686e+02, 
 1DIAGNOSTIC,    20, -9.175016795506e-01, 1.606661089216e-04, 4.2790e+03, 1.5786e+02, 
  Elapsed time (stage 0): 4280.25


Total elapsed time: 4280.25
