
##########################
# Experiment information #
##########################

EXPERIMENT_NAME: antsRegistration-r8-p7
VFC_BACKENDS: libinterflop_vprec.so --range-binary32=8 --precision-binary32=7 --range-binary64=8 --precision-binary64=7

SIF_IMG: /home/mdugre/projects/rrg-glatard/mdugre/containers/ants-vprec-no_metrics.simg

SUBJECT_ID: s036
INPUT_IMG: /home/mdugre/scratch/mri-registration-rp/datasets/ds004513/derivatives/mri-registration-rp/antsBrainExtraction/sub-s036/BrainExtractionBrain.nii.gz
OUTPUT_DIR: /home/mdugre/scratch/mri-registration-rp/datasets/ds004513/derivatives/mri-registration-rp/0110/antsRegistration-r8-p7/sub-s036

FIXED_IMG: /templateflow/tpl-MNI152NLin2009cAsym/tpl-MNI152NLin2009cAsym_res-01_desc-brain_T1w.nii.gz
DATA_DIR: /home/mdugre/scratch/mri-registration-rp/datasets/ds004513
TEMPLATEFLOW_DIR: /home/mdugre/projects/rrg-glatard/mdugre/templateflow
ITK_GLOBAL_DEFAULT_NUMBER_OF_THREADS: 16
##########################

Info [verificarlo]: loaded backend libinterflop_ieee.so
Info [interflop-ieee]: load backend with:
Info [interflop-ieee]: debug = false
Info [interflop-ieee]: debug-binary = false
Info [interflop-ieee]: no-backend-name = false
Info [interflop-ieee]: print-new-line = false
Info [interflop-ieee]: print-subnormal-normalized = false
Info [interflop-ieee]: count-op = false
All_Command_lines_OK
Using double precision for computations.
=============================================================================
The composite transform comprises the following transforms (in order): 
  1. Center of mass alignment using fixed image: /templateflow/tpl-MNI152NLin2009cAsym/tpl-MNI152NLin2009cAsym_res-01_desc-brain_T1w.nii.gz and moving image: /home/mdugre/scratch/mri-registration-rp/datasets/ds004513/derivatives/mri-registration-rp/antsBrainExtraction/sub-s036/BrainExtractionBrain.nii.gz (type = Euler3DTransform)
=============================================================================
  number of levels = 1
  fixed image: /templateflow/tpl-MNI152NLin2009cAsym/tpl-MNI152NLin2009cAsym_res-01_desc-brain_T1w.nii.gz
  moving image: /home/mdugre/scratch/mri-registration-rp/datasets/ds004513/derivatives/mri-registration-rp/antsBrainExtraction/sub-s036/BrainExtractionBrain.nii.gz
Dimension = 3
Number of stages = 1
Use histogram matching = false
Winsorize image intensities = true
  Lower quantile = 0.005
  Upper quantile = 0.995


Stage 1 State
   Image metric = MattesMI
     Fixed image = Image (0x409abd0)
  RTTI typeinfo:   itk::Image<double, 3u>
  Reference Count: 2
  Modified Time: 2330
  Debug: Off
  Object Name: 
  Observers: 
    none
  Source: (none)
  Source output name: (none)
  Release Data: Off
  Data Released: False
  Global Release Data: Off
  PipelineMTime: 0
  UpdateMTime: 1941
  RealTimeStamp: 0 seconds 
  LargestPossibleRegion: 
    Dimension: 3
    Index: [0, 0, 0]
    Size: [193, 229, 193]
  BufferedRegion: 
    Dimension: 3
    Index: [0, 0, 0]
    Size: [193, 229, 193]
  RequestedRegion: 
    Dimension: 3
    Index: [0, 0, 0]
    Size: [193, 229, 193]
  Spacing: [1, 1, 1]
  Origin: [96, 132, -78]
  Direction: 
-1 0 0
0 -1 0
0 0 1

  IndexToPointMatrix: 
-1 0 0
0 -1 0
0 0 1

  PointToIndexMatrix: 
-1 0 0
0 -1 0
0 0 1

  Inverse Direction: 
-1 0 0
0 -1 0
0 0 1

  PixelContainer: 
    ImportImageContainer (0x40f2930)
      RTTI typeinfo:   itk::ImportImageContainer<unsigned long, double>
      Reference Count: 1
      Modified Time: 1938
      Debug: Off
      Object Name: 
      Observers: 
        none
      Pointer: 0x1519644b4010
      Container manages memory: true
      Size: 8530021
      Capacity: 8530021

     Moving image = Image (0x40a4bd0)
  RTTI typeinfo:   itk::Image<double, 3u>
  Reference Count: 2
  Modified Time: 2331
  Debug: Off
  Object Name: 
  Observers: 
    none
  Source: (none)
  Source output name: (none)
  Release Data: Off
  Data Released: False
  Global Release Data: Off
  PipelineMTime: 0
  UpdateMTime: 2328
  RealTimeStamp: 0 seconds 
  LargestPossibleRegion: 
    Dimension: 3
    Index: [0, 0, 0]
    Size: [160, 240, 256]
  BufferedRegion: 
    Dimension: 3
    Index: [0, 0, 0]
    Size: [160, 240, 256]
  RequestedRegion: 
    Dimension: 3
    Index: [0, 0, 0]
    Size: [160, 240, 256]
  Spacing: [1, 1, 1]
  Origin: [79.8347, 99.8062, -127]
  Direction: 
-0.99945 -0.0331552 0
0.0331552 -0.99945 0
0 0 1

  IndexToPointMatrix: 
-0.99945 -0.0331552 0
0.0331552 -0.99945 0
0 0 1

  PointToIndexMatrix: 
-0.99945 0.0331552 0
-0.0331552 -0.99945 0
0 0 1

  Inverse Direction: 
-0.99945 0.0331552 0
-0.0331552 -0.99945 0
0 0 1

  PixelContainer: 
    ImportImageContainer (0x40ca850)
      RTTI typeinfo:   itk::ImportImageContainer<unsigned long, double>
      Reference Count: 1
      Modified Time: 2325
      Debug: Off
      Object Name: 
      Observers: 
        none
      Pointer: 0x15195f9b3010
      Container manages memory: true
      Size: 9830400
      Capacity: 9830400

     Weighting = 1
     Sampling strategy = regular
     Number of bins = 32
     Radius = 4
     Sampling percentage  = 0.25
   Transform = Rigid
     Gradient step = 0.1
     Update field sigma (voxel space) = 0
     Total field sigma (voxel space) = 0
     Update field time sigma = 0
     Total field time sigma  = 0
     Number of time indices = 0
     Number of time point samples = 0
Registration using 1 total stages.

Stage 0
  iterations = 0
  convergence threshold = 1e-06
  convergence window size = 10
  number of levels = 1
  using the Mattes MI metric (number of bins = 32, weight = 1, use gradient filter = 0)
  preprocessing:  winsorizing the image intensities
  Shrink factors (level 1 out of 1): [1, 1, 1]
  smoothing sigmas per level: [0]
  regular sampling (percentage = 0.25)

*** Running Euler3DTransform registration ***

  Elapsed time (stage 0): 1.10211


Total elapsed time: 1.10421
Info [verificarlo]: loaded backend libinterflop_vprec.so
Info [interflop-vprec]: load backend with: 
Info [interflop-vprec]: precision-binary32 = 7
Info [interflop-vprec]: range-binary32 = 8
Info [interflop-vprec]: precision-binary64 = 7
Info [interflop-vprec]: range-binary64 = 8
Info [interflop-vprec]: mode = ob
Info [interflop-vprec]: error-mode = rel
Info [interflop-vprec]: max-abs-error-exponent = -1022
Info [interflop-vprec]: daz = false
Info [interflop-vprec]: ftz = false
Info [interflop-vprec]: 	instrument = none
Info [interflop-vprec]: 	prec-input-file = (null)
Info [interflop-vprec]: 	prec-output-file = (null)
Info [interflop-vprec]: 	prec-log-file = (null)
All_Command_lines_OK
Using double precision for computations.
=============================================================================
The composite transform comprises the following transforms (in order): 
  1. /home/mdugre/scratch/mri-registration-rp/datasets/ds004513/derivatives/mri-registration-rp/0110/antsRegistration-r8-p7/sub-s036/align_Composite.h5[0] (type = Euler3DTransform)
  2. /home/mdugre/scratch/mri-registration-rp/datasets/ds004513/derivatives/mri-registration-rp/0110/antsRegistration-r8-p7/sub-s036/align_Composite.h5[1] (type = Euler3DTransform)
=============================================================================
  number of levels = 4
  fixed image: /templateflow/tpl-MNI152NLin2009cAsym/tpl-MNI152NLin2009cAsym_res-01_desc-brain_T1w.nii.gz
  moving image: /home/mdugre/scratch/mri-registration-rp/datasets/ds004513/derivatives/mri-registration-rp/antsBrainExtraction/sub-s036/BrainExtractionBrain.nii.gz
Dimension = 3
Number of stages = 1
Use histogram matching = false
Winsorize image intensities = true
  Lower quantile = 0.005
  Upper quantile = 0.995


Stage 1 State
   Image metric = MattesMI
     Fixed image = Image (0x4dae1e0)
  RTTI typeinfo:   itk::Image<double, 3u>
  Reference Count: 2
  Modified Time: 1578
  Debug: Off
  Object Name: 
  Observers: 
    none
  Source: (none)
  Source output name: (none)
  Release Data: Off
  Data Released: False
  Global Release Data: Off
  PipelineMTime: 0
  UpdateMTime: 1189
  RealTimeStamp: 0 seconds 
  LargestPossibleRegion: 
    Dimension: 3
    Index: [0, 0, 0]
    Size: [193, 229, 193]
  BufferedRegion: 
    Dimension: 3
    Index: [0, 0, 0]
    Size: [193, 229, 193]
  RequestedRegion: 
    Dimension: 3
    Index: [0, 0, 0]
    Size: [193, 229, 193]
  Spacing: [1, 1, 1]
  Origin: [96, 132, -78]
  Direction: 
-1 0 0
0 -1 0
0 0 1

  IndexToPointMatrix: 
-1 0 0
0 -1 0
0 0 1

  PointToIndexMatrix: 
-1 0 0
0 -1 0
0 0 1

  Inverse Direction: 
-1 0 0
0 -1 0
0 0 1

  PixelContainer: 
    ImportImageContainer (0x4e6d680)
      RTTI typeinfo:   itk::ImportImageContainer<unsigned long, double>
      Reference Count: 1
      Modified Time: 1186
      Debug: Off
      Object Name: 
      Observers: 
        none
      Pointer: 0x14e320ba2010
      Container manages memory: true
      Size: 8530021
      Capacity: 8530021

     Moving image = Image (0x4e69b20)
  RTTI typeinfo:   itk::Image<double, 3u>
  Reference Count: 2
  Modified Time: 1579
  Debug: Off
  Object Name: 
  Observers: 
    none
  Source: (none)
  Source output name: (none)
  Release Data: Off
  Data Released: False
  Global Release Data: Off
  PipelineMTime: 0
  UpdateMTime: 1576
  RealTimeStamp: 0 seconds 
  LargestPossibleRegion: 
    Dimension: 3
    Index: [0, 0, 0]
    Size: [160, 240, 256]
  BufferedRegion: 
    Dimension: 3
    Index: [0, 0, 0]
    Size: [160, 240, 256]
  RequestedRegion: 
    Dimension: 3
    Index: [0, 0, 0]
    Size: [160, 240, 256]
  Spacing: [1, 1, 1]
  Origin: [80, 100, -127]
  Direction: 
-1 -0.0332031 0
0.0332031 -1 0
0 0 1

  IndexToPointMatrix: 
-1 -0.0332031 0
0.0332031 -1 0
0 0 1

  PointToIndexMatrix: 
-1 0.0332031 0
-0.0332031 -1 0
0 0 1

  Inverse Direction: 
-1 0.0332031 0
-0.0332031 -1 0
0 0 1

  PixelContainer: 
    ImportImageContainer (0x4ed2d50)
      RTTI typeinfo:   itk::ImportImageContainer<unsigned long, double>
      Reference Count: 1
      Modified Time: 1573
      Debug: Off
      Object Name: 
      Observers: 
        none
      Pointer: 0x14e31c0a1010
      Container manages memory: true
      Size: 9830400
      Capacity: 9830400

     Weighting = 1
     Sampling strategy = regular
     Number of bins = 32
     Radius = 4
     Sampling percentage  = 0.25
   Transform = Rigid
     Gradient step = 0.1
     Update field sigma (voxel space) = 0
     Total field sigma (voxel space) = 0
     Update field time sigma = 0
     Total field time sigma  = 0
     Number of time indices = 0
     Number of time point samples = 0
Registration using 1 total stages.

Stage 0
  iterations = 1000x500x250x100
  convergence threshold = 1e-06
  convergence window size = 10
  number of levels = 4
  using the Mattes MI metric (number of bins = 32, weight = 1, use gradient filter = 0)
  preprocessing:  winsorizing the image intensities
  Shrink factors (level 1 out of 4): [8, 8, 8]
  Shrink factors (level 2 out of 4): [4, 4, 4]
  Shrink factors (level 3 out of 4): [2, 2, 2]
  Shrink factors (level 4 out of 4): [1, 1, 1]
  smoothing sigmas per level: [3, 2, 1, 0]
  regular sampling (percentage = 0.25)

*** Running Euler3DTransform registration ***

DIAGNOSTIC,Iteration,metricValue,convergenceValue,ITERATION_TIME_INDEX,SINCE_LAST
 2DIAGNOSTIC,     1, -5.336200783073e-01, 1.797693134862e+308, 0.0000e+00, 0.0000e+00, 
 2DIAGNOSTIC,     2, -5.342861627131e-01, 1.797693134862e+308, 0.0000e+00, 0.0000e+00, 
 2DIAGNOSTIC,     3, -5.342700837336e-01, 1.797693134862e+308, 0.0000e+00, 0.0000e+00, 
 2DIAGNOSTIC,     4, -5.343485418758e-01, 1.797693134862e+308, 0.0000e+00, 0.0000e+00, 
 2DIAGNOSTIC,     5, -5.344897023348e-01, 1.797693134862e+308, 0.0000e+00, 0.0000e+00, 
 2DIAGNOSTIC,     6, -5.345093095749e-01, 1.797693134862e+308, 0.0000e+00, 0.0000e+00, 
 2DIAGNOSTIC,     7, -5.345023820166e-01, 1.797693134862e+308, 0.0000e+00, 0.0000e+00, 
 2DIAGNOSTIC,     8, -5.343385416456e-01, 1.797693134862e+308, 0.0000e+00, 0.0000e+00, 
 2DIAGNOSTIC,     9, -5.342894847400e-01, 1.797693134862e+308, 0.0000e+00, 0.0000e+00, 
 2DIAGNOSTIC,    10, -5.342965050270e-01, 4.263072116774e-05, 0.0000e+00, 0.0000e+00, 
DIAGNOSTIC,Iteration,metricValue,convergenceValue,ITERATION_TIME_INDEX,SINCE_LAST
 2DIAGNOSTIC,     1, -4.423223339933e-01, 1.797693134862e+308, 0.0000e+00, 0.0000e+00, 
 2DIAGNOSTIC,     2, -4.424300448524e-01, 1.797693134862e+308, 0.0000e+00, 0.0000e+00, 
 2DIAGNOSTIC,     3, -4.426168785054e-01, 1.797693134862e+308, 0.0000e+00, 0.0000e+00, 
 2DIAGNOSTIC,     4, -4.427275096691e-01, 1.797693134862e+308, 0.0000e+00, 0.0000e+00, 
 2DIAGNOSTIC,     5, -4.435273361198e-01, 1.797693134862e+308, 0.0000e+00, 0.0000e+00, 
 2DIAGNOSTIC,     6, -4.442762494636e-01, 1.797693134862e+308, 0.0000e+00, 0.0000e+00, 
 2DIAGNOSTIC,     7, -4.457710101094e-01, 1.797693134862e+308, 0.0000e+00, 0.0000e+00, 
 2DIAGNOSTIC,     8, -4.489887885204e-01, 1.797693134862e+308, 0.0000e+00, 0.0000e+00, 
 2DIAGNOSTIC,     9, -4.519171767040e-01, 1.797693134862e+308, 0.0000e+00, 0.0000e+00, 
 2DIAGNOSTIC,    10, -4.538732137531e-01, 1.646895040286e-03, 0.0000e+00, 0.0000e+00, 
 2DIAGNOSTIC,    11, -4.561402189736e-01, 1.894645786495e-03, 0.0000e+00, 0.0000e+00, 
 2DIAGNOSTIC,    12, -4.639730234261e-01, 2.345676148377e-03, 0.0000e+00, 0.0000e+00, 
 2DIAGNOSTIC,    13, -4.764995056053e-01, 3.114855516808e-03, 0.0000e+00, 0.0000e+00, 
 2DIAGNOSTIC,    14, -4.769271300725e-01, 3.497902427305e-03, 0.0000e+00, 0.0000e+00, 
 2DIAGNOSTIC,    15, -4.765150058360e-01, 3.535699508601e-03, 0.0000e+00, 0.0000e+00, 
 2DIAGNOSTIC,    16, -4.763988815165e-01, 3.277453045661e-03, 0.0000e+00, 0.0000e+00, 
 2DIAGNOSTIC,    17, -4.763756737746e-01, 2.796047191839e-03, 0.0000e+00, 0.0000e+00, 
 2DIAGNOSTIC,    18, -4.763182113915e-01, 2.213510970633e-03, 0.0000e+00, 0.0000e+00, 
 2DIAGNOSTIC,    19, -4.763007785249e-01, 1.585455350538e-03, 0.0000e+00, 0.0000e+00, 
 2DIAGNOSTIC,    20, -4.763084965530e-01, 9.436415654428e-04, 0.0000e+00, 0.0000e+00, 
 2DIAGNOSTIC,    21, -4.762474195819e-01, 3.397899604159e-04, 0.0000e+00, 0.0000e+00, 
DIAGNOSTIC,Iteration,metricValue,convergenceValue,ITERATION_TIME_INDEX,SINCE_LAST
 2DIAGNOSTIC,     1, -4.064287119319e-01, 1.797693134862e+308, 0.0000e+00, 0.0000e+00, 
 2DIAGNOSTIC,     2, -4.064528521279e-01, 1.797693134862e+308, 0.0000e+00, 0.0000e+00, 
 2DIAGNOSTIC,     3, -4.064698035101e-01, 1.797693134862e+308, 0.0000e+00, 0.0000e+00, 
 2DIAGNOSTIC,     4, -4.065099984152e-01, 1.797693134862e+308, 0.0000e+00, 0.0000e+00, 
 2DIAGNOSTIC,     5, -4.065099984152e-01, 1.797693134862e+308, 0.0000e+00, 0.0000e+00, 
 2DIAGNOSTIC,     6, -4.065099984152e-01, 1.797693134862e+308, 0.0000e+00, 0.0000e+00, 
 2DIAGNOSTIC,     7, -4.065099984152e-01, 1.797693134862e+308, 0.0000e+00, 0.0000e+00, 
 2DIAGNOSTIC,     8, -4.065099984152e-01, 1.797693134862e+308, 0.0000e+00, 0.0000e+00, 
 2DIAGNOSTIC,     9, -4.065099984152e-01, 1.797693134862e+308, 0.0000e+00, 0.0000e+00, 
 2DIAGNOSTIC,    10, -4.065099984152e-01, 1.113715486187e-05, 0.0000e+00, 0.0000e+00, 
 2DIAGNOSTIC,    11, -4.065099984152e-01, 5.860603046928e-06, 0.0000e+00, 0.0000e+00, 
 2DIAGNOSTIC,    12, -4.065099984152e-01, 2.338851526049e-06, 0.0000e+00, 0.0000e+00, 
DIAGNOSTIC,Iteration,metricValue,convergenceValue,ITERATION_TIME_INDEX,SINCE_LAST
 2DIAGNOSTIC,     1, -3.719777520033e-01, 1.797693134862e+308, 0.0000e+00, 0.0000e+00, 
 2DIAGNOSTIC,     2, -3.720147943571e-01, 1.797693134862e+308, 0.0000e+00, 0.0000e+00, 
 2DIAGNOSTIC,     3, -3.720147943571e-01, 1.797693134862e+308, 0.0000e+00, 0.0000e+00, 
 2DIAGNOSTIC,     4, -3.720147943571e-01, 1.797693134862e+308, 0.0000e+00, 0.0000e+00, 
 2DIAGNOSTIC,     5, -3.720147943571e-01, 1.797693134862e+308, 0.0000e+00, 0.0000e+00, 
 2DIAGNOSTIC,     6, -3.720147943571e-01, 1.797693134862e+308, 0.0000e+00, 0.0000e+00, 
 2DIAGNOSTIC,     7, -3.720147943571e-01, 1.797693134862e+308, 0.0000e+00, 0.0000e+00, 
 2DIAGNOSTIC,     8, -3.720147943571e-01, 1.797693134862e+308, 0.0000e+00, 0.0000e+00, 
 2DIAGNOSTIC,     9, -3.720147943571e-01, 1.797693134862e+308, 0.0000e+00, 0.0000e+00, 
 2DIAGNOSTIC,    10, -3.720147943571e-01, 2.826252164717e-06, 0.0000e+00, 0.0000e+00, 
  Elapsed time (stage 0): 0.0000e+00


Total elapsed time: 0.0000e+00
Info [verificarlo]: loaded backend libinterflop_vprec.so
Info [interflop-vprec]: load backend with: 
Info [interflop-vprec]: precision-binary32 = 7
Info [interflop-vprec]: range-binary32 = 8
Info [interflop-vprec]: precision-binary64 = 7
Info [interflop-vprec]: range-binary64 = 8
Info [interflop-vprec]: mode = ob
Info [interflop-vprec]: error-mode = rel
Info [interflop-vprec]: max-abs-error-exponent = -1022
Info [interflop-vprec]: daz = false
Info [interflop-vprec]: ftz = false
Info [interflop-vprec]: 	instrument = none
Info [interflop-vprec]: 	prec-input-file = (null)
Info [interflop-vprec]: 	prec-output-file = (null)
Info [interflop-vprec]: 	prec-log-file = (null)
All_Command_lines_OK
Using double precision for computations.
=============================================================================
The composite transform comprises the following transforms (in order): 
  1. /home/mdugre/scratch/mri-registration-rp/datasets/ds004513/derivatives/mri-registration-rp/0110/antsRegistration-r8-p7/sub-s036/rigid_Composite.h5[0] (type = Euler3DTransform)
  2. /home/mdugre/scratch/mri-registration-rp/datasets/ds004513/derivatives/mri-registration-rp/0110/antsRegistration-r8-p7/sub-s036/rigid_Composite.h5[1] (type = Euler3DTransform)
  3. /home/mdugre/scratch/mri-registration-rp/datasets/ds004513/derivatives/mri-registration-rp/0110/antsRegistration-r8-p7/sub-s036/rigid_Composite.h5[2] (type = Euler3DTransform)
=============================================================================
  number of levels = 4
  fixed image: /templateflow/tpl-MNI152NLin2009cAsym/tpl-MNI152NLin2009cAsym_res-01_desc-brain_T1w.nii.gz
  moving image: /home/mdugre/scratch/mri-registration-rp/datasets/ds004513/derivatives/mri-registration-rp/antsBrainExtraction/sub-s036/BrainExtractionBrain.nii.gz
Dimension = 3
Number of stages = 1
Use histogram matching = false
Winsorize image intensities = true
  Lower quantile = 0.005
  Upper quantile = 0.995


Stage 1 State
   Image metric = MattesMI
     Fixed image = Image (0x47cd1e0)
  RTTI typeinfo:   itk::Image<double, 3u>
  Reference Count: 2
  Modified Time: 1592
  Debug: Off
  Object Name: 
  Observers: 
    none
  Source: (none)
  Source output name: (none)
  Release Data: Off
  Data Released: False
  Global Release Data: Off
  PipelineMTime: 0
  UpdateMTime: 1203
  RealTimeStamp: 0 seconds 
  LargestPossibleRegion: 
    Dimension: 3
    Index: [0, 0, 0]
    Size: [193, 229, 193]
  BufferedRegion: 
    Dimension: 3
    Index: [0, 0, 0]
    Size: [193, 229, 193]
  RequestedRegion: 
    Dimension: 3
    Index: [0, 0, 0]
    Size: [193, 229, 193]
  Spacing: [1, 1, 1]
  Origin: [96, 132, -78]
  Direction: 
-1 0 0
0 -1 0
0 0 1

  IndexToPointMatrix: 
-1 0 0
0 -1 0
0 0 1

  PointToIndexMatrix: 
-1 0 0
0 -1 0
0 0 1

  Inverse Direction: 
-1 0 0
0 -1 0
0 0 1

  PixelContainer: 
    ImportImageContainer (0x489b100)
      RTTI typeinfo:   itk::ImportImageContainer<unsigned long, double>
      Reference Count: 1
      Modified Time: 1200
      Debug: Off
      Object Name: 
      Observers: 
        none
      Pointer: 0x14821e26a010
      Container manages memory: true
      Size: 8530021
      Capacity: 8530021

     Moving image = Image (0x487dba0)
  RTTI typeinfo:   itk::Image<double, 3u>
  Reference Count: 2
  Modified Time: 1593
  Debug: Off
  Object Name: 
  Observers: 
    none
  Source: (none)
  Source output name: (none)
  Release Data: Off
  Data Released: False
  Global Release Data: Off
  PipelineMTime: 0
  UpdateMTime: 1590
  RealTimeStamp: 0 seconds 
  LargestPossibleRegion: 
    Dimension: 3
    Index: [0, 0, 0]
    Size: [160, 240, 256]
  BufferedRegion: 
    Dimension: 3
    Index: [0, 0, 0]
    Size: [160, 240, 256]
  RequestedRegion: 
    Dimension: 3
    Index: [0, 0, 0]
    Size: [160, 240, 256]
  Spacing: [1, 1, 1]
  Origin: [80, 100, -127]
  Direction: 
-1 -0.0332031 0
0.0332031 -1 0
0 0 1

  IndexToPointMatrix: 
-1 -0.0332031 0
0.0332031 -1 0
0 0 1

  PointToIndexMatrix: 
-1 0.0332031 0
-0.0332031 -1 0
0 0 1

  Inverse Direction: 
-1 0.0332031 0
-0.0332031 -1 0
0 0 1

  PixelContainer: 
    ImportImageContainer (0x4840b50)
      RTTI typeinfo:   itk::ImportImageContainer<unsigned long, double>
      Reference Count: 1
      Modified Time: 1587
      Debug: Off
      Object Name: 
      Observers: 
        none
      Pointer: 0x148219769010
      Container manages memory: true
      Size: 9830400
      Capacity: 9830400

     Weighting = 1
     Sampling strategy = regular
     Number of bins = 32
     Radius = 4
     Sampling percentage  = 0.25
   Transform = Affine
     Gradient step = 0.1
     Update field sigma (voxel space) = 0
     Total field sigma (voxel space) = 0
     Update field time sigma = 0
     Total field time sigma  = 0
     Number of time indices = 0
     Number of time point samples = 0
Registration using 1 total stages.

Stage 0
  iterations = 1000x500x250x100
  convergence threshold = 1e-06
  convergence window size = 10
  number of levels = 4
  using the Mattes MI metric (number of bins = 32, weight = 1, use gradient filter = 0)
  preprocessing:  winsorizing the image intensities
  Shrink factors (level 1 out of 4): [8, 8, 8]
  Shrink factors (level 2 out of 4): [4, 4, 4]
  Shrink factors (level 3 out of 4): [2, 2, 2]
  Shrink factors (level 4 out of 4): [1, 1, 1]
  smoothing sigmas per level: [3, 2, 1, 0]
  regular sampling (percentage = 0.25)

*** Running AffineTransform registration ***

DIAGNOSTIC,Iteration,metricValue,convergenceValue,ITERATION_TIME_INDEX,SINCE_LAST
 2DIAGNOSTIC,     1, -5.800152529962e-01, 1.797693134862e+308, 0.0000e+00, 0.0000e+00, 
 2DIAGNOSTIC,     2, -5.800152529962e-01, 1.797693134862e+308, 0.0000e+00, 0.0000e+00, 
 2DIAGNOSTIC,     3, -5.800152529962e-01, 1.797693134862e+308, 0.0000e+00, 0.0000e+00, 
 2DIAGNOSTIC,     4, -5.800152529962e-01, 1.797693134862e+308, 0.0000e+00, 0.0000e+00, 
 2DIAGNOSTIC,     5, -5.800152529962e-01, 1.797693134862e+308, 0.0000e+00, 0.0000e+00, 
 2DIAGNOSTIC,     6, -5.800152529962e-01, 1.797693134862e+308, 0.0000e+00, 0.0000e+00, 
 2DIAGNOSTIC,     7, -5.800152529962e-01, 1.797693134862e+308, 0.0000e+00, 0.0000e+00, 
 2DIAGNOSTIC,     8, -5.800152529962e-01, 1.797693134862e+308, 0.0000e+00, 0.0000e+00, 
 2DIAGNOSTIC,     9, -5.800152529962e-01, 1.797693134862e+308, 0.0000e+00, 0.0000e+00, 
DIAGNOSTIC,Iteration,metricValue,convergenceValue,ITERATION_TIME_INDEX,SINCE_LAST
 2DIAGNOSTIC,     1, -4.759755986260e-01, 1.797693134862e+308, 0.0000e+00, 0.0000e+00, 
 2DIAGNOSTIC,     2, -4.759755986260e-01, 1.797693134862e+308, 0.0000e+00, 0.0000e+00, 
 2DIAGNOSTIC,     3, -4.759755986260e-01, 1.797693134862e+308, 0.0000e+00, 0.0000e+00, 
 2DIAGNOSTIC,     4, -4.759755986270e-01, 1.797693134862e+308, 0.0000e+00, 0.0000e+00, 
 2DIAGNOSTIC,     5, -4.759755986971e-01, 1.797693134862e+308, 0.0000e+00, 0.0000e+00, 
 2DIAGNOSTIC,     6, -4.759755986976e-01, 1.797693134862e+308, 0.0000e+00, 0.0000e+00, 
 2DIAGNOSTIC,     7, -4.782456810437e-01, 1.797693134862e+308, 0.0000e+00, 0.0000e+00, 
 2DIAGNOSTIC,     8, -4.797646428440e-01, 1.797693134862e+308, 0.0000e+00, 0.0000e+00, 
 2DIAGNOSTIC,     9, -4.797699021413e-01, 1.797693134862e+308, 0.0000e+00, 0.0000e+00, 
 2DIAGNOSTIC,    10, -4.797551810661e-01, 6.433775639520e-04, 0.0000e+00, 0.0000e+00, 
 2DIAGNOSTIC,    11, -4.797420629741e-01, 6.417555511362e-04, 0.0000e+00, 0.0000e+00, 
 2DIAGNOSTIC,    12, -4.797383984068e-01, 5.808595838918e-04, 0.0000e+00, 0.0000e+00, 
 2DIAGNOSTIC,    13, -4.797374867691e-01, 4.753316481991e-04, 0.0000e+00, 0.0000e+00, 
 2DIAGNOSTIC,    14, -4.797250918398e-01, 3.425274675324e-04, 0.0000e+00, 0.0000e+00, 
 2DIAGNOSTIC,    15, -4.797247326064e-01, 1.981937606066e-04, 0.0000e+00, 0.0000e+00, 
 2DIAGNOSTIC,    16, -4.797246261976e-01, 5.206945802158e-05, 0.0000e+00, 0.0000e+00, 
DIAGNOSTIC,Iteration,metricValue,convergenceValue,ITERATION_TIME_INDEX,SINCE_LAST
 2DIAGNOSTIC,     1, -4.096316716187e-01, 1.797693134862e+308, 0.0000e+00, 0.0000e+00, 
 2DIAGNOSTIC,     2, -4.096306421284e-01, 1.797693134862e+308, 0.0000e+00, 0.0000e+00, 
 2DIAGNOSTIC,     3, -4.096310226467e-01, 1.797693134862e+308, 0.0000e+00, 0.0000e+00, 
 2DIAGNOSTIC,     4, -4.096292300058e-01, 1.797693134862e+308, 0.0000e+00, 0.0000e+00, 
 2DIAGNOSTIC,     5, -4.096285071943e-01, 1.797693134862e+308, 0.0000e+00, 0.0000e+00, 
 2DIAGNOSTIC,     6, -4.096287104685e-01, 1.797693134862e+308, 0.0000e+00, 0.0000e+00, 
 2DIAGNOSTIC,     7, -4.096279874619e-01, 1.797693134862e+308, 0.0000e+00, 0.0000e+00, 
 2DIAGNOSTIC,     8, -4.096279907528e-01, 1.797693134862e+308, 0.0000e+00, 0.0000e+00, 
 2DIAGNOSTIC,     9, -4.096279385639e-01, 1.797693134862e+308, 0.0000e+00, 0.0000e+00, 
DIAGNOSTIC,Iteration,metricValue,convergenceValue,ITERATION_TIME_INDEX,SINCE_LAST
 2DIAGNOSTIC,     1, -3.749523333325e-01, 1.797693134862e+308, 0.0000e+00, 0.0000e+00, 
 2DIAGNOSTIC,     2, -3.749519589927e-01, 1.797693134862e+308, 0.0000e+00, 0.0000e+00, 
 2DIAGNOSTIC,     3, -3.749520346634e-01, 1.797693134862e+308, 0.0000e+00, 0.0000e+00, 
 2DIAGNOSTIC,     4, -3.749524306373e-01, 1.797693134862e+308, 0.0000e+00, 0.0000e+00, 
 2DIAGNOSTIC,     5, -3.749520312682e-01, 1.797693134862e+308, 0.0000e+00, 0.0000e+00, 
 2DIAGNOSTIC,     6, -3.749531279281e-01, 1.797693134862e+308, 0.0000e+00, 0.0000e+00, 
 2DIAGNOSTIC,     7, -3.749544111771e-01, 1.797693134862e+308, 0.0000e+00, 0.0000e+00, 
 2DIAGNOSTIC,     8, -3.749550501420e-01, 1.797693134862e+308, 0.0000e+00, 0.0000e+00, 
 2DIAGNOSTIC,     9, -3.749547184597e-01, 1.797693134862e+308, 0.0000e+00, 0.0000e+00, 
  Elapsed time (stage 0): 0.0000e+00


Total elapsed time: 0.0000e+00
Info [verificarlo]: loaded backend libinterflop_ieee.so
Info [interflop-ieee]: load backend with:
Info [interflop-ieee]: debug = false
Info [interflop-ieee]: debug-binary = false
Info [interflop-ieee]: no-backend-name = false
Info [interflop-ieee]: print-new-line = false
Info [interflop-ieee]: print-subnormal-normalized = false
Info [interflop-ieee]: count-op = false
All_Command_lines_OK
Using double precision for computations.
=============================================================================
The composite transform comprises the following transforms (in order): 
  1. /home/mdugre/scratch/mri-registration-rp/datasets/ds004513/derivatives/mri-registration-rp/0110/antsRegistration-r8-p7/sub-s036/affine_Composite.h5[0] (type = Euler3DTransform)
  2. /home/mdugre/scratch/mri-registration-rp/datasets/ds004513/derivatives/mri-registration-rp/0110/antsRegistration-r8-p7/sub-s036/affine_Composite.h5[1] (type = Euler3DTransform)
  3. /home/mdugre/scratch/mri-registration-rp/datasets/ds004513/derivatives/mri-registration-rp/0110/antsRegistration-r8-p7/sub-s036/affine_Composite.h5[2] (type = Euler3DTransform)
  4. /home/mdugre/scratch/mri-registration-rp/datasets/ds004513/derivatives/mri-registration-rp/0110/antsRegistration-r8-p7/sub-s036/affine_Composite.h5[3] (type = AffineTransform)
=============================================================================
  number of levels = 4
  fixed image: /templateflow/tpl-MNI152NLin2009cAsym/tpl-MNI152NLin2009cAsym_res-01_desc-brain_T1w.nii.gz
  moving image: /home/mdugre/scratch/mri-registration-rp/datasets/ds004513/derivatives/mri-registration-rp/antsBrainExtraction/sub-s036/BrainExtractionBrain.nii.gz
Dimension = 3
Number of stages = 1
Use histogram matching = false
Winsorize image intensities = true
  Lower quantile = 0.005
  Upper quantile = 0.995


Stage 1 State
   Image metric = CC
     Fixed image = Image (0x412ea40)
  RTTI typeinfo:   itk::Image<double, 3u>
  Reference Count: 2
  Modified Time: 1606
  Debug: Off
  Object Name: 
  Observers: 
    none
  Source: (none)
  Source output name: (none)
  Release Data: Off
  Data Released: False
  Global Release Data: Off
  PipelineMTime: 0
  UpdateMTime: 1217
  RealTimeStamp: 0 seconds 
  LargestPossibleRegion: 
    Dimension: 3
    Index: [0, 0, 0]
    Size: [193, 229, 193]
  BufferedRegion: 
    Dimension: 3
    Index: [0, 0, 0]
    Size: [193, 229, 193]
  RequestedRegion: 
    Dimension: 3
    Index: [0, 0, 0]
    Size: [193, 229, 193]
  Spacing: [1, 1, 1]
  Origin: [96, 132, -78]
  Direction: 
-1 0 0
0 -1 0
0 0 1

  IndexToPointMatrix: 
-1 0 0
0 -1 0
0 0 1

  PointToIndexMatrix: 
-1 0 0
0 -1 0
0 0 1

  Inverse Direction: 
-1 0 0
0 -1 0
0 0 1

  PixelContainer: 
    ImportImageContainer (0x420e5f0)
      RTTI typeinfo:   itk::ImportImageContainer<unsigned long, double>
      Reference Count: 1
      Modified Time: 1214
      Debug: Off
      Object Name: 
      Observers: 
        none
      Pointer: 0x153bd2292010
      Container manages memory: true
      Size: 8530021
      Capacity: 8530021

     Moving image = Image (0x4205a00)
  RTTI typeinfo:   itk::Image<double, 3u>
  Reference Count: 2
  Modified Time: 1607
  Debug: Off
  Object Name: 
  Observers: 
    none
  Source: (none)
  Source output name: (none)
  Release Data: Off
  Data Released: False
  Global Release Data: Off
  PipelineMTime: 0
  UpdateMTime: 1604
  RealTimeStamp: 0 seconds 
  LargestPossibleRegion: 
    Dimension: 3
    Index: [0, 0, 0]
    Size: [160, 240, 256]
  BufferedRegion: 
    Dimension: 3
    Index: [0, 0, 0]
    Size: [160, 240, 256]
  RequestedRegion: 
    Dimension: 3
    Index: [0, 0, 0]
    Size: [160, 240, 256]
  Spacing: [1, 1, 1]
  Origin: [79.8347, 99.8062, -127]
  Direction: 
-0.99945 -0.0331552 0
0.0331552 -0.99945 0
0 0 1

  IndexToPointMatrix: 
-0.99945 -0.0331552 0
0.0331552 -0.99945 0
0 0 1

  PointToIndexMatrix: 
-0.99945 0.0331552 0
-0.0331552 -0.99945 0
0 0 1

  Inverse Direction: 
-0.99945 0.0331552 0
-0.0331552 -0.99945 0
0 0 1

  PixelContainer: 
    ImportImageContainer (0x4205cc0)
      RTTI typeinfo:   itk::ImportImageContainer<unsigned long, double>
      Reference Count: 1
      Modified Time: 1601
      Debug: Off
      Object Name: 
      Observers: 
        none
      Pointer: 0x153bcd791010
      Container manages memory: true
      Size: 9830400
      Capacity: 9830400

     Weighting = 1
     Sampling strategy = none
     Number of bins = 32
     Radius = 4
     Sampling percentage  = 1
   Transform = SyN
     Gradient step = 0.1
     Update field sigma (voxel space) = 3
     Total field sigma (voxel space) = 0
     Update field time sigma = 0
     Total field time sigma  = 0
     Number of time indices = 0
     Number of time point samples = 0
Registration using 1 total stages.

Stage 0
  iterations = 100x70x50x20
  convergence threshold = 1e-06
  convergence window size = 10
  number of levels = 4
  using the CC metric (radius = 4, weight = 1, use gradient filter = 0)
  preprocessing:  winsorizing the image intensities
  Shrink factors (level 1 out of 4): [8, 8, 8]
  Shrink factors (level 2 out of 4): [4, 4, 4]
  Shrink factors (level 3 out of 4): [2, 2, 2]
  Shrink factors (level 4 out of 4): [1, 1, 1]
  smoothing sigmas per level: [3, 2, 1, 0]
  Using default NONE metricSamplingStrategy 

*** Running SyN registration (varianceForUpdateField = 3, varianceForTotalField = 0) ***

XXDIAGNOSTIC,Iteration,metricValue,convergenceValue,ITERATION_TIME_INDEX,SINCE_LAST
 1DIAGNOSTIC,     1, -6.482001133699e-01, 1.797693134862e+308, 9.4694e-01, 9.4694e-01, 
 1DIAGNOSTIC,     2, -6.874406848644e-01, 1.797693134862e+308, 1.2900e+00, 3.4301e-01, 
 1DIAGNOSTIC,     3, -7.259280675175e-01, 1.797693134862e+308, 1.6356e+00, 3.4561e-01, 
 1DIAGNOSTIC,     4, -7.612477978210e-01, 1.797693134862e+308, 1.9755e+00, 3.3996e-01, 
 1DIAGNOSTIC,     5, -7.947408835434e-01, 1.797693134862e+308, 2.3114e+00, 3.3588e-01, 
 1DIAGNOSTIC,     6, -8.228769753812e-01, 1.797693134862e+308, 2.6414e+00, 3.3001e-01, 
 1DIAGNOSTIC,     7, -8.460591396693e-01, 1.797693134862e+308, 2.9711e+00, 3.2970e-01, 
 1DIAGNOSTIC,     8, -8.670675155370e-01, 1.797693134862e+308, 3.2995e+00, 3.2839e-01, 
 1DIAGNOSTIC,     9, -8.846550344600e-01, 1.797693134862e+308, 3.6287e+00, 3.2920e-01, 
 1DIAGNOSTIC,    10, -8.996832471827e-01, 2.030807764869e-02, 3.9794e+00, 3.5073e-01, 
 1DIAGNOSTIC,    11, -9.120572155745e-01, 1.608103196687e-02, 4.3141e+00, 3.3465e-01, 
 1DIAGNOSTIC,    12, -9.221828196944e-01, 1.262497099494e-02, 4.6437e+00, 3.2956e-01, 
 1DIAGNOSTIC,    13, -9.303527882271e-01, 9.854497753338e-03, 4.9750e+00, 3.3137e-01, 
 1DIAGNOSTIC,    14, -9.369254589542e-01, 7.645460100541e-03, 5.3130e+00, 3.3794e-01, 
 1DIAGNOSTIC,    15, -9.412744851099e-01, 5.916057279638e-03, 5.6611e+00, 3.4812e-01, 
 1DIAGNOSTIC,    16, -9.444320542437e-01, 4.538774655322e-03, 5.9906e+00, 3.2952e-01, 
 1DIAGNOSTIC,    17, -9.467463634943e-01, 3.420385453188e-03, 6.3248e+00, 3.3423e-01, 
 1DIAGNOSTIC,    18, -9.484088339794e-01, 2.537976382962e-03, 6.6484e+00, 3.2361e-01, 
 1DIAGNOSTIC,    19, -9.495230740850e-01, 1.844510082662e-03, 6.9921e+00, 3.4364e-01, 
 1DIAGNOSTIC,    20, -9.504786804650e-01, 1.315930694979e-03, 7.3153e+00, 3.2318e-01, 
 1DIAGNOSTIC,    21, -9.512761014790e-01, 9.230023676099e-04, 7.6546e+00, 3.3931e-01, 
 1DIAGNOSTIC,    22, -9.519991348208e-01, 6.416870282570e-04, 7.9785e+00, 3.2395e-01, 
 1DIAGNOSTIC,    23, -9.526428489172e-01, 4.496994871654e-04, 8.3545e+00, 3.7594e-01, 
 1DIAGNOSTIC,    24, -9.532142943587e-01, 3.282499973574e-04, 8.6786e+00, 3.2413e-01, 
 1DIAGNOSTIC,    25, -9.537233323704e-01, 2.485003365295e-04, 9.0413e+00, 3.6265e-01, 
 1DIAGNOSTIC,    26, -9.541842126052e-01, 1.962627952189e-04, 9.3829e+00, 3.4163e-01, 
 1DIAGNOSTIC,    27, -9.546012534916e-01, 1.618205793833e-04, 9.7145e+00, 3.3161e-01, 
 1DIAGNOSTIC,    28, -9.549701656117e-01, 1.378094514187e-04, 1.0056e+01, 3.4129e-01, 
 1DIAGNOSTIC,    29, -9.553119184243e-01, 1.184775317182e-04, 1.0382e+01, 3.2580e-01, 
 1DIAGNOSTIC,    30, -9.556242464751e-01, 1.027158699757e-04, 1.0706e+01, 3.2472e-01, 
 1DIAGNOSTIC,    31, -9.558618637467e-01, 8.887767365651e-05, 1.1040e+01, 3.3379e-01, 
 1DIAGNOSTIC,    32, -9.561276422707e-01, 7.731756608807e-05, 1.1374e+01, 3.3344e-01, 
 1DIAGNOSTIC,    33, -9.563681864857e-01, 6.762579256565e-05, 1.1715e+01, 3.4157e-01, 
 1DIAGNOSTIC,    34, -9.565994901878e-01, 5.956570168163e-05, 1.2057e+01, 3.4197e-01, 
 1DIAGNOSTIC,    35, -9.568170625524e-01, 5.288242957580e-05, 1.2393e+01, 3.3629e-01, 
 1DIAGNOSTIC,    36, -9.570211467594e-01, 4.739286270684e-05, 1.2719e+01, 3.2540e-01, 
 1DIAGNOSTIC,    37, -9.572125686435e-01, 4.289513221252e-05, 1.3053e+01, 3.3401e-01, 
 1DIAGNOSTIC,    38, -9.573927756863e-01, 3.911344700067e-05, 1.3385e+01, 3.3264e-01, 
 1DIAGNOSTIC,    39, -9.575598165249e-01, 3.591868753109e-05, 1.3727e+01, 3.4146e-01, 
 1DIAGNOSTIC,    40, -9.577135761460e-01, 3.315405017614e-05, 1.4063e+01, 3.3581e-01, 
 1DIAGNOSTIC,    41, -9.578583669665e-01, 3.031703786128e-05, 1.4394e+01, 3.3094e-01, 
 1DIAGNOSTIC,    42, -9.579938447581e-01, 2.774667054324e-05, 1.4726e+01, 3.3259e-01, 
 1DIAGNOSTIC,    43, -9.581169165009e-01, 2.532507727315e-05, 1.5063e+01, 3.3663e-01, 
 1DIAGNOSTIC,    44, -9.582322892790e-01, 2.309180183689e-05, 1.5390e+01, 3.2754e-01, 
 1DIAGNOSTIC,    45, -9.583419833259e-01, 2.105759339173e-05, 1.5714e+01, 3.2350e-01, 
 1DIAGNOSTIC,    46, -9.584470610957e-01, 1.923082673946e-05, 1.6053e+01, 3.3945e-01, 
 1DIAGNOSTIC,    47, -9.585467749468e-01, 1.760867369871e-05, 1.6381e+01, 3.2716e-01, 
 1DIAGNOSTIC,    48, -9.586414742852e-01, 1.618978317432e-05, 1.6705e+01, 3.2475e-01, 
 1DIAGNOSTIC,    49, -9.587312403501e-01, 1.494823468173e-05, 1.7046e+01, 3.4042e-01, 
 1DIAGNOSTIC,    50, -9.588189975824e-01, 1.386490353943e-05, 1.7378e+01, 3.3223e-01, 
 1DIAGNOSTIC,    51, -9.589260722504e-01, 1.306684351170e-05, 1.7717e+01, 3.3924e-01, 
 1DIAGNOSTIC,    52, -9.590018378134e-01, 1.234330518996e-05, 1.8056e+01, 3.3882e-01, 
 1DIAGNOSTIC,    53, -9.590738398472e-01, 1.164775446988e-05, 1.8388e+01, 3.3190e-01, 
 1DIAGNOSTIC,    54, -9.591436661020e-01, 1.096677411211e-05, 1.8721e+01, 3.3294e-01, 
 1DIAGNOSTIC,    55, -9.592113917358e-01, 1.029691979386e-05, 1.9046e+01, 3.2511e-01, 
 1DIAGNOSTIC,    56, -9.592771668499e-01, 9.644777142239e-06, 1.9370e+01, 3.2455e-01, 
 1DIAGNOSTIC,    57, -9.593417888578e-01, 9.021341923893e-06, 1.9702e+01, 3.3145e-01, 
 1DIAGNOSTIC,    58, -9.594044607550e-01, 8.434403377337e-06, 2.0041e+01, 3.3918e-01, 
 1DIAGNOSTIC,    59, -9.594650127978e-01, 7.885484027446e-06, 2.0377e+01, 3.3590e-01, 
 1DIAGNOSTIC,    60, -9.595229492668e-01, 7.382793109991e-06, 2.0708e+01, 3.3137e-01, 
 1DIAGNOSTIC,    61, -9.595789623087e-01, 7.051056210107e-06, 2.1032e+01, 3.2392e-01, 
 1DIAGNOSTIC,    62, -9.596334083765e-01, 6.739493534420e-06, 2.1371e+01, 3.3913e-01, 
 1DIAGNOSTIC,    63, -9.596867310086e-01, 6.442167667726e-06, 2.1698e+01, 3.2682e-01, 
 1DIAGNOSTIC,    64, -9.597386124902e-01, 6.159321709762e-06, 2.2023e+01, 3.2514e-01, 
 1DIAGNOSTIC,    65, -9.597891021495e-01, 5.891387791088e-06, 2.2349e+01, 3.2529e-01, 
 1DIAGNOSTIC,    66, -9.598394838592e-01, 5.644635815451e-06, 2.2681e+01, 3.3251e-01, 
 1DIAGNOSTIC,    67, -9.598732158252e-01, 5.351742131527e-06, 2.3048e+01, 3.6640e-01, 
 1DIAGNOSTIC,    68, -9.599198824081e-01, 5.086136898796e-06, 2.3371e+01, 3.2388e-01, 
 1DIAGNOSTIC,    69, -9.599655578981e-01, 4.848340643140e-06, 2.3696e+01, 3.2421e-01, 
 1DIAGNOSTIC,    70, -9.600102411997e-01, 4.636820020163e-06, 2.4027e+01, 3.3152e-01, 
 1DIAGNOSTIC,    71, -9.600539012083e-01, 4.452593877276e-06, 2.4371e+01, 3.4371e-01, 
 1DIAGNOSTIC,    72, -9.600967337341e-01, 4.296585632930e-06, 2.4710e+01, 3.3950e-01, 
 1DIAGNOSTIC,    73, -9.601385150795e-01, 4.166870025600e-06, 2.5040e+01, 3.2922e-01, 
 1DIAGNOSTIC,    74, -9.601794577758e-01, 4.058573712825e-06, 2.5379e+01, 3.3892e-01, 
 1DIAGNOSTIC,    75, -9.602199299417e-01, 3.968257191777e-06, 2.5706e+01, 3.2769e-01, 
 1DIAGNOSTIC,    76, -9.602597899979e-01, 3.898165484122e-06, 2.6042e+01, 3.3550e-01, 
 1DIAGNOSTIC,    77, -9.602991174078e-01, 3.779675287563e-06, 2.6380e+01, 3.3800e-01, 
 1DIAGNOSTIC,    78, -9.603378870395e-01, 3.669473114257e-06, 2.6709e+01, 3.2950e-01, 
 1DIAGNOSTIC,    79, -9.603759737465e-01, 3.566710472431e-06, 2.7047e+01, 3.3732e-01, 
 1DIAGNOSTIC,    80, -9.604134911216e-01, 3.470559309982e-06, 2.7384e+01, 3.3740e-01, 
 1DIAGNOSTIC,    81, -9.604503400785e-01, 3.379326391323e-06, 2.7711e+01, 3.2688e-01, 
 1DIAGNOSTIC,    82, -9.604797638520e-01, 3.266921786664e-06, 2.8039e+01, 3.2813e-01, 
 1DIAGNOSTIC,    83, -9.605156985168e-01, 3.161672843711e-06, 2.8379e+01, 3.3987e-01, 
 1DIAGNOSTIC,    84, -9.605515729002e-01, 3.065348964285e-06, 2.8713e+01, 3.3459e-01, 
 1DIAGNOSTIC,    85, -9.605873341568e-01, 2.981035137635e-06, 2.9046e+01, 3.3242e-01, 
 1DIAGNOSTIC,    86, -9.606232376129e-01, 2.911739524360e-06, 2.9370e+01, 3.2382e-01, 
 1DIAGNOSTIC,    87, -9.606587479126e-01, 2.857299932034e-06, 2.9693e+01, 3.2324e-01, 
 1DIAGNOSTIC,    88, -9.606936785570e-01, 2.814989107265e-06, 3.0024e+01, 3.3075e-01, 
 1DIAGNOSTIC,    89, -9.607282838657e-01, 2.781414454560e-06, 3.0374e+01, 3.4993e-01, 
 1DIAGNOSTIC,    90, -9.607624041843e-01, 2.752954171018e-06, 3.0718e+01, 3.4454e-01, 
 1DIAGNOSTIC,    91, -9.607961894472e-01, 2.726753990849e-06, 3.1041e+01, 3.2316e-01, 
 1DIAGNOSTIC,    92, -9.608298277514e-01, 2.676747630909e-06, 3.1367e+01, 3.2603e-01, 
 1DIAGNOSTIC,    93, -9.608631511808e-01, 2.625821910717e-06, 3.1694e+01, 3.2624e-01, 
 1DIAGNOSTIC,    94, -9.608961113828e-01, 2.574752281985e-06, 3.2018e+01, 3.2422e-01, 
 1DIAGNOSTIC,    95, -9.609290966604e-01, 2.525428399569e-06, 3.2342e+01, 3.2385e-01, 
 1DIAGNOSTIC,    96, -9.609625365140e-01, 2.481755763683e-06, 3.2667e+01, 3.2521e-01, 
 1DIAGNOSTIC,    97, -9.609969594069e-01, 2.446990537374e-06, 3.2998e+01, 3.3129e-01, 
 1DIAGNOSTIC,    98, -9.610322649562e-01, 2.422569613745e-06, 3.3338e+01, 3.4001e-01, 
 1DIAGNOSTIC,    99, -9.610684933444e-01, 2.409917152281e-06, 3.3670e+01, 3.3152e-01, 
 1DIAGNOSTIC,   100, -9.611048469470e-01, 2.406395155528e-06, 3.4011e+01, 3.4129e-01, 
XXDIAGNOSTIC,Iteration,metricValue,convergenceValue,ITERATION_TIME_INDEX,SINCE_LAST
 1DIAGNOSTIC,     1, -9.171773429818e-01, 1.797693134862e+308, 3.6860e+01, 2.8493e+00, 
 1DIAGNOSTIC,     2, -9.194197541091e-01, 1.797693134862e+308, 3.9023e+01, 2.1623e+00, 
 1DIAGNOSTIC,     3, -9.215519472394e-01, 1.797693134862e+308, 4.1182e+01, 2.1595e+00, 
 1DIAGNOSTIC,     4, -9.233192024220e-01, 1.797693134862e+308, 4.3404e+01, 2.2219e+00, 
 1DIAGNOSTIC,     5, -9.247733717091e-01, 1.797693134862e+308, 4.5563e+01, 2.1589e+00, 
 1DIAGNOSTIC,     6, -9.259968773028e-01, 1.797693134862e+308, 4.7721e+01, 2.1582e+00, 
 1DIAGNOSTIC,     7, -9.270509812964e-01, 1.797693134862e+308, 4.9884e+01, 2.1625e+00, 
 1DIAGNOSTIC,     8, -9.279543018890e-01, 1.797693134862e+308, 5.2036e+01, 2.1526e+00, 
 1DIAGNOSTIC,     9, -9.287452830462e-01, 1.797693134862e+308, 5.4210e+01, 2.1734e+00, 
 1DIAGNOSTIC,    10, -9.294488686579e-01, 8.288071373005e-04, 5.6374e+01, 2.1641e+00, 
 1DIAGNOSTIC,    11, -9.299193882299e-01, 6.416065945341e-04, 5.8550e+01, 2.1764e+00, 
 1DIAGNOSTIC,    12, -9.303400973679e-01, 4.957802124440e-04, 6.0717e+01, 2.1667e+00, 
 1DIAGNOSTIC,    13, -9.307180534421e-01, 3.865370830561e-04, 6.2914e+01, 2.1965e+00, 
 1DIAGNOSTIC,    14, -9.310721117080e-01, 3.039928219219e-04, 6.5092e+01, 2.1789e+00, 
 1DIAGNOSTIC,    15, -9.313975335144e-01, 2.408881023294e-04, 6.7267e+01, 2.1741e+00, 
 1DIAGNOSTIC,    16, -9.316999118921e-01, 1.927255013613e-04, 6.9481e+01, 2.2140e+00, 
 1DIAGNOSTIC,    17, -9.319830732142e-01, 1.565576094669e-04, 7.1674e+01, 2.1937e+00, 
 1DIAGNOSTIC,    18, -9.322554321779e-01, 1.299005142861e-04, 7.3854e+01, 2.1800e+00, 
 1DIAGNOSTIC,    19, -9.325312854795e-01, 1.111392100477e-04, 7.6061e+01, 2.2066e+00, 
 1DIAGNOSTIC,    20, -9.328001027319e-01, 9.882722249516e-05, 7.8246e+01, 2.1856e+00, 
 1DIAGNOSTIC,    21, -9.330718363004e-01, 8.932701173040e-05, 8.0430e+01, 2.1836e+00, 
 1DIAGNOSTIC,    22, -9.333327854144e-01, 8.186714298443e-05, 8.2717e+01, 2.2871e+00, 
 1DIAGNOSTIC,    23, -9.335852175733e-01, 7.582011283718e-05, 8.4903e+01, 2.1857e+00, 
 1DIAGNOSTIC,    24, -9.338405844178e-01, 7.097788495864e-05, 8.7079e+01, 2.1763e+00, 
 1DIAGNOSTIC,    25, -9.340875342199e-01, 6.689825366922e-05, 8.9290e+01, 2.2107e+00, 
 1DIAGNOSTIC,    26, -9.343313262569e-01, 6.330742051180e-05, 9.1477e+01, 2.1874e+00, 
 1DIAGNOSTIC,    27, -9.345670332189e-01, 5.994171584076e-05, 9.3674e+01, 2.1963e+00, 
 1DIAGNOSTIC,    28, -9.347879845347e-01, 5.659409481670e-05, 9.5920e+01, 2.2459e+00, 
 1DIAGNOSTIC,    29, -9.350178335017e-01, 5.350988915191e-05, 9.8118e+01, 2.1981e+00, 
 1DIAGNOSTIC,    30, -9.352353305903e-01, 5.056344249120e-05, 1.0033e+02, 2.2101e+00, 
 1DIAGNOSTIC,    31, -9.354439953014e-01, 4.779807713409e-05, 1.0259e+02, 2.2625e+00, 
 1DIAGNOSTIC,    32, -9.356374125710e-01, 4.506061711238e-05, 1.0492e+02, 2.3302e+00, 
 1DIAGNOSTIC,    33, -9.358313461022e-01, 4.239296015603e-05, 1.0712e+02, 2.1972e+00, 
 1DIAGNOSTIC,    34, -9.360089645586e-01, 3.978884599987e-05, 1.0930e+02, 2.1841e+00, 
 1DIAGNOSTIC,    35, -9.361768319521e-01, 3.721427677942e-05, 1.1148e+02, 2.1815e+00, 
 1DIAGNOSTIC,    36, -9.363396518781e-01, 3.473795567295e-05, 1.1365e+02, 2.1696e+00, 
 1DIAGNOSTIC,    37, -9.364842115924e-01, 3.227445804796e-05, 1.1583e+02, 2.1748e+00, 
 1DIAGNOSTIC,    38, -9.366212991788e-01, 2.978790252513e-05, 1.1800e+02, 2.1692e+00, 
 1DIAGNOSTIC,    39, -9.367439594685e-01, 2.739414883030e-05, 1.2018e+02, 2.1821e+00, 
 1DIAGNOSTIC,    40, -9.368620822238e-01, 2.511508969014e-05, 1.2237e+02, 2.1933e+00, 
 1DIAGNOSTIC,    41, -9.369740831460e-01, 2.298431537621e-05, 1.2456e+02, 2.1863e+00, 
 1DIAGNOSTIC,    42, -9.370761135693e-01, 2.095176071227e-05, 1.2674e+02, 2.1861e+00, 
 1DIAGNOSTIC,    43, -9.371766396098e-01, 1.914979083359e-05, 1.2893e+02, 2.1841e+00, 
 1DIAGNOSTIC,    44, -9.372699845650e-01, 1.752542811209e-05, 1.3120e+02, 2.2677e+00, 
 1DIAGNOSTIC,    45, -9.373701652861e-01, 1.616039001418e-05, 1.3339e+02, 2.1904e+00, 
 1DIAGNOSTIC,    46, -9.374488883354e-01, 1.495552118013e-05, 1.3559e+02, 2.2042e+00, 
 1DIAGNOSTIC,    47, -9.375262525267e-01, 1.385965742038e-05, 1.3778e+02, 2.1885e+00, 
 1DIAGNOSTIC,    48, -9.376074518935e-01, 1.291870485493e-05, 1.3997e+02, 2.1896e+00, 
 1DIAGNOSTIC,    49, -9.376848127728e-01, 1.206889172465e-05, 1.4222e+02, 2.2517e+00, 
 1DIAGNOSTIC,    50, -9.377550146363e-01, 1.129046058811e-05, 1.4442e+02, 2.2025e+00, 
 1DIAGNOSTIC,    51, -9.378228475371e-01, 1.058410899368e-05, 1.4660e+02, 2.1785e+00, 
 1DIAGNOSTIC,    52, -9.378933092963e-01, 9.949506965846e-06, 1.4882e+02, 2.2142e+00, 
 1DIAGNOSTIC,    53, -9.379650995431e-01, 9.420949192342e-06, 1.5099e+02, 2.1767e+00, 
 1DIAGNOSTIC,    54, -9.380373779483e-01, 8.984885810793e-06, 1.5318e+02, 2.1850e+00, 
 1DIAGNOSTIC,    55, -9.381026451915e-01, 8.665026314084e-06, 1.5536e+02, 2.1819e+00, 
 1DIAGNOSTIC,    56, -9.381681363965e-01, 8.356278764537e-06, 1.5754e+02, 2.1805e+00, 
 1DIAGNOSTIC,    57, -9.382315280158e-01, 8.052191459721e-06, 1.5972e+02, 2.1798e+00, 
 1DIAGNOSTIC,    58, -9.382926181557e-01, 7.775115625309e-06, 1.6192e+02, 2.2020e+00, 
 1DIAGNOSTIC,    59, -9.383603801052e-01, 7.552945320462e-06, 1.6409e+02, 2.1716e+00, 
 1DIAGNOSTIC,    60, -9.384147407997e-01, 7.287167173325e-06, 1.6629e+02, 2.1925e+00, 
 1DIAGNOSTIC,    61, -9.384652377540e-01, 6.964260135411e-06, 1.6853e+02, 2.2478e+00, 
 1DIAGNOSTIC,    62, -9.385072404673e-01, 6.577511849133e-06, 1.7072e+02, 2.1858e+00, 
 1DIAGNOSTIC,    63, -9.385523113978e-01, 6.177118156012e-06, 1.7296e+02, 2.2411e+00, 
 1DIAGNOSTIC,    64, -9.385920271688e-01, 5.768381974667e-06, 1.7515e+02, 2.1923e+00, 
 1DIAGNOSTIC,    65, -9.386227703149e-01, 5.307818772150e-06, 1.7734e+02, 2.1885e+00, 
 1DIAGNOSTIC,    66, -9.386573176028e-01, 4.854588341818e-06, 1.7951e+02, 2.1708e+00, 
 1DIAGNOSTIC,    67, -9.386846135048e-01, 4.400740775429e-06, 1.8169e+02, 2.1775e+00, 
 1DIAGNOSTIC,    68, -9.387119989318e-01, 3.971749803169e-06, 1.8386e+02, 2.1671e+00, 
 1DIAGNOSTIC,    69, -9.387401268834e-01, 3.635552919058e-06, 1.8604e+02, 2.1782e+00, 
 1DIAGNOSTIC,    70, -9.387635492163e-01, 3.336649510507e-06, 1.8823e+02, 2.1911e+00, 
XXDIAGNOSTIC,Iteration,metricValue,convergenceValue,ITERATION_TIME_INDEX,SINCE_LAST
 1DIAGNOSTIC,     1, -9.102256130051e-01, 1.797693134862e+308, 2.0725e+02, 1.9029e+01, 
 1DIAGNOSTIC,     2, -9.123185347898e-01, 1.797693134862e+308, 2.2528e+02, 1.8027e+01, 
 1DIAGNOSTIC,     3, -9.144126355721e-01, 1.797693134862e+308, 2.4342e+02, 1.8136e+01, 
 1DIAGNOSTIC,     4, -9.162876645120e-01, 1.797693134862e+308, 2.6147e+02, 1.8050e+01, 
 1DIAGNOSTIC,     5, -9.179851017618e-01, 1.797693134862e+308, 2.7965e+02, 1.8181e+01, 
 1DIAGNOSTIC,     6, -9.194763418344e-01, 1.797693134862e+308, 2.9780e+02, 1.8146e+01, 
 1DIAGNOSTIC,     7, -9.207944539653e-01, 1.797693134862e+308, 3.1599e+02, 1.8195e+01, 
 1DIAGNOSTIC,     8, -9.219702340262e-01, 1.797693134862e+308, 3.3413e+02, 1.8143e+01, 
 1DIAGNOSTIC,     9, -9.230169280003e-01, 1.797693134862e+308, 3.5229e+02, 1.8155e+01, 
 1DIAGNOSTIC,    10, -9.239545911334e-01, 9.545828303073e-04, 3.7064e+02, 1.8354e+01, 
 1DIAGNOSTIC,    11, -9.247926399062e-01, 7.795095408266e-04, 3.8888e+02, 1.8239e+01, 
 1DIAGNOSTIC,    12, -9.255483884119e-01, 6.365864409485e-04, 4.0705e+02, 1.8164e+01, 
 1DIAGNOSTIC,    13, -9.262318489601e-01, 5.237708316937e-04, 4.2515e+02, 1.8100e+01, 
 1DIAGNOSTIC,    14, -9.268471828549e-01, 4.340712345432e-04, 4.4330e+02, 1.8148e+01, 
 1DIAGNOSTIC,    15, -9.274090665281e-01, 3.629208178635e-04, 4.6142e+02, 1.8122e+01, 
 1DIAGNOSTIC,    16, -9.279185790717e-01, 3.057508511331e-04, 4.7960e+02, 1.8179e+01, 
 1DIAGNOSTIC,    17, -9.283818120166e-01, 2.593078742003e-04, 4.9810e+02, 1.8504e+01, 
 1DIAGNOSTIC,    18, -9.288067680291e-01, 2.213595533694e-04, 5.1623e+02, 1.8132e+01, 
 1DIAGNOSTIC,    19, -9.291997070664e-01, 1.901474565484e-04, 5.3437e+02, 1.8133e+01, 
 1DIAGNOSTIC,    20, -9.295631015722e-01, 1.643582492317e-04, 5.5249e+02, 1.8127e+01, 
 1DIAGNOSTIC,    21, -9.298976625247e-01, 1.428615937541e-04, 5.7062e+02, 1.8123e+01, 
 1DIAGNOSTIC,    22, -9.302136856227e-01, 1.249493517866e-04, 5.8880e+02, 1.8187e+01, 
 1DIAGNOSTIC,    23, -9.305021574311e-01, 1.098943310692e-04, 6.0695e+02, 1.8151e+01, 
 1DIAGNOSTIC,    24, -9.307747800119e-01, 9.717263170728e-05, 6.2515e+02, 1.8192e+01, 
 1DIAGNOSTIC,    25, -9.310265399908e-01, 8.636077423390e-05, 6.4331e+02, 1.8164e+01, 
 1DIAGNOSTIC,    26, -9.312616851063e-01, 7.708157395743e-05, 6.6147e+02, 1.8156e+01, 
 1DIAGNOSTIC,    27, -9.314803312077e-01, 6.901629846197e-05, 6.7997e+02, 1.8508e+01, 
 1DIAGNOSTIC,    28, -9.316878112084e-01, 6.198789484459e-05, 6.9818e+02, 1.8201e+01, 
 1DIAGNOSTIC,    29, -9.318826443839e-01, 5.585000226761e-05, 7.1623e+02, 1.8057e+01, 
 1DIAGNOSTIC,    30, -9.320659589549e-01, 5.047554541997e-05, 7.3437e+02, 1.8139e+01, 
 1DIAGNOSTIC,    31, -9.322381806987e-01, 4.572961023344e-05, 7.5249e+02, 1.8120e+01, 
 1DIAGNOSTIC,    32, -9.324016291717e-01, 4.159119702014e-05, 7.7073e+02, 1.8243e+01, 
 1DIAGNOSTIC,    33, -9.325565227490e-01, 3.792651703576e-05, 7.8892e+02, 1.8184e+01, 
 1DIAGNOSTIC,    34, -9.327006085898e-01, 3.468390144658e-05, 8.0701e+02, 1.8088e+01, 
 1DIAGNOSTIC,    35, -9.328376754085e-01, 3.178786905354e-05, 8.2515e+02, 1.8142e+01, 
 1DIAGNOSTIC,    36, -9.329673751492e-01, 2.918837776977e-05, 8.4341e+02, 1.8258e+01, 
 1DIAGNOSTIC,    37, -9.330899886309e-01, 2.682983963533e-05, 8.6158e+02, 1.8175e+01, 
 1DIAGNOSTIC,    38, -9.332042252541e-01, 2.468655268429e-05, 8.7974e+02, 1.8160e+01, 
 1DIAGNOSTIC,    39, -9.333172177693e-01, 2.277179868235e-05, 8.9774e+02, 1.8002e+01, 
 1DIAGNOSTIC,    40, -9.334214879274e-01, 2.103570896444e-05, 9.1594e+02, 1.8192e+01, 
 1DIAGNOSTIC,    41, -9.335198372318e-01, 1.945082400090e-05, 9.3423e+02, 1.8296e+01, 
 1DIAGNOSTIC,    42, -9.336146434053e-01, 1.802009520854e-05, 9.5230e+02, 1.8064e+01, 
 1DIAGNOSTIC,    43, -9.337040449932e-01, 1.672660477344e-05, 9.7149e+02, 1.9195e+01, 
 1DIAGNOSTIC,    44, -9.337896092429e-01, 1.554301222340e-05, 9.8979e+02, 1.8298e+01, 
 1DIAGNOSTIC,    45, -9.338733493924e-01, 1.447940544383e-05, 1.0078e+03, 1.8026e+01, 
 1DIAGNOSTIC,    46, -9.339515774874e-01, 1.351167699908e-05, 1.0259e+03, 1.8084e+01, 
 1DIAGNOSTIC,    47, -9.340271153083e-01, 1.263399780493e-05, 1.0440e+03, 1.8133e+01, 
 1DIAGNOSTIC,    48, -9.341000713806e-01, 1.182675789613e-05, 1.0621e+03, 1.8085e+01, 
 1DIAGNOSTIC,    49, -9.341691671948e-01, 1.110674149623e-05, 1.0804e+03, 1.8308e+01, 
 1DIAGNOSTIC,    50, -9.342337529370e-01, 1.043429856339e-05, 1.0988e+03, 1.8380e+01, 
XXDIAGNOSTIC,Iteration,metricValue,convergenceValue,ITERATION_TIME_INDEX,SINCE_LAST
 1DIAGNOSTIC,     1, -8.961331778510e-01, 1.797693134862e+308, 1.2545e+03, 1.5574e+02, 
 1DIAGNOSTIC,     2, -8.972321561221e-01, 1.797693134862e+308, 1.4061e+03, 1.5159e+02, 
 1DIAGNOSTIC,     3, -8.984762870561e-01, 1.797693134862e+308, 1.5539e+03, 1.4778e+02, 
 1DIAGNOSTIC,     4, -8.997770650046e-01, 1.797693134862e+308, 1.7048e+03, 1.5087e+02, 
 1DIAGNOSTIC,     5, -9.008761100246e-01, 1.797693134862e+308, 1.8575e+03, 1.5270e+02, 
 1DIAGNOSTIC,     6, -9.019341767690e-01, 1.797693134862e+308, 2.0089e+03, 1.5138e+02, 
 1DIAGNOSTIC,     7, -9.028849740245e-01, 1.797693134862e+308, 2.1574e+03, 1.4852e+02, 
 1DIAGNOSTIC,     8, -9.037780069208e-01, 1.797693134862e+308, 2.3050e+03, 1.4763e+02, 
 1DIAGNOSTIC,     9, -9.046226005261e-01, 1.797693134862e+308, 2.4577e+03, 1.5268e+02, 
 1DIAGNOSTIC,    10, -9.054322714008e-01, 6.687840032036e-04, 2.6098e+03, 1.5207e+02, 
 1DIAGNOSTIC,    11, -9.062193760058e-01, 5.754173140017e-04, 2.7584e+03, 1.4861e+02, 
 1DIAGNOSTIC,    12, -9.069800460556e-01, 4.945274068614e-04, 2.9046e+03, 1.4627e+02, 
 1DIAGNOSTIC,    13, -9.077148923282e-01, 4.289983937114e-04, 3.0563e+03, 1.5169e+02, 
 1DIAGNOSTIC,    14, -9.084390620586e-01, 3.791491193968e-04, 3.2094e+03, 1.5307e+02, 
 1DIAGNOSTIC,    15, -9.091499447228e-01, 3.390462122908e-04, 3.3617e+03, 1.5235e+02, 
 1DIAGNOSTIC,    16, -9.098674357584e-01, 3.075655527383e-04, 3.5104e+03, 1.4868e+02, 
 1DIAGNOSTIC,    17, -9.105259273674e-01, 2.810519726714e-04, 3.6647e+03, 1.5433e+02, 
 1DIAGNOSTIC,    18, -9.112380363717e-01, 2.594155734005e-04, 3.8126e+03, 1.4789e+02, 
 1DIAGNOSTIC,    19, -9.118622020088e-01, 2.401526538654e-04, 3.9654e+03, 1.5275e+02, 
 1DIAGNOSTIC,    20, -9.124342786161e-01, 2.220896336531e-04, 4.1179e+03, 1.5256e+02, 
  Elapsed time (stage 0): 4119.12


Total elapsed time: 4119.13
