
##########################
# Experiment information #
##########################

EXPERIMENT_NAME: antsRegistration-r8-p10
VFC_BACKENDS: libinterflop_vprec.so --range-binary32=8 --precision-binary32=10 --range-binary64=8 --precision-binary64=10

SIF_IMG: /home/mdugre/projects/rrg-glatard/mdugre/containers/ants-vprec-no_metrics.simg

SUBJECT_ID: s033
INPUT_IMG: /home/mdugre/scratch/mri-registration-rp/datasets/ds004513/derivatives/mri-registration-rp/antsBrainExtraction/sub-s033/BrainExtractionBrain.nii.gz
OUTPUT_DIR: /home/mdugre/scratch/mri-registration-rp/datasets/ds004513/derivatives/mri-registration-rp/0110/antsRegistration-r8-p10/sub-s033

FIXED_IMG: /templateflow/tpl-MNI152NLin2009cAsym/tpl-MNI152NLin2009cAsym_res-01_desc-brain_T1w.nii.gz
DATA_DIR: /home/mdugre/scratch/mri-registration-rp/datasets/ds004513
TEMPLATEFLOW_DIR: /home/mdugre/projects/rrg-glatard/mdugre/templateflow
ITK_GLOBAL_DEFAULT_NUMBER_OF_THREADS: 16
##########################

Info [verificarlo]: loaded backend libinterflop_ieee.so
Info [interflop-ieee]: load backend with:
Info [interflop-ieee]: debug = false
Info [interflop-ieee]: debug-binary = false
Info [interflop-ieee]: no-backend-name = false
Info [interflop-ieee]: print-new-line = false
Info [interflop-ieee]: print-subnormal-normalized = false
Info [interflop-ieee]: count-op = false
All_Command_lines_OK
Using double precision for computations.
=============================================================================
The composite transform comprises the following transforms (in order): 
  1. Center of mass alignment using fixed image: /templateflow/tpl-MNI152NLin2009cAsym/tpl-MNI152NLin2009cAsym_res-01_desc-brain_T1w.nii.gz and moving image: /home/mdugre/scratch/mri-registration-rp/datasets/ds004513/derivatives/mri-registration-rp/antsBrainExtraction/sub-s033/BrainExtractionBrain.nii.gz (type = Euler3DTransform)
=============================================================================
  number of levels = 1
  fixed image: /templateflow/tpl-MNI152NLin2009cAsym/tpl-MNI152NLin2009cAsym_res-01_desc-brain_T1w.nii.gz
  moving image: /home/mdugre/scratch/mri-registration-rp/datasets/ds004513/derivatives/mri-registration-rp/antsBrainExtraction/sub-s033/BrainExtractionBrain.nii.gz
Dimension = 3
Number of stages = 1
Use histogram matching = false
Winsorize image intensities = true
  Lower quantile = 0.005
  Upper quantile = 0.995


Stage 1 State
   Image metric = MattesMI
     Fixed image = Image (0x3301e70)
  RTTI typeinfo:   itk::Image<double, 3u>
  Reference Count: 2
  Modified Time: 2330
  Debug: Off
  Object Name: 
  Observers: 
    none
  Source: (none)
  Source output name: (none)
  Release Data: Off
  Data Released: False
  Global Release Data: Off
  PipelineMTime: 0
  UpdateMTime: 1941
  RealTimeStamp: 0 seconds 
  LargestPossibleRegion: 
    Dimension: 3
    Index: [0, 0, 0]
    Size: [193, 229, 193]
  BufferedRegion: 
    Dimension: 3
    Index: [0, 0, 0]
    Size: [193, 229, 193]
  RequestedRegion: 
    Dimension: 3
    Index: [0, 0, 0]
    Size: [193, 229, 193]
  Spacing: [1, 1, 1]
  Origin: [96, 132, -78]
  Direction: 
-1 0 0
0 -1 0
0 0 1

  IndexToPointMatrix: 
-1 0 0
0 -1 0
0 0 1

  PointToIndexMatrix: 
-1 0 0
0 -1 0
0 0 1

  Inverse Direction: 
-1 0 0
0 -1 0
0 0 1

  PixelContainer: 
    ImportImageContainer (0x330ac60)
      RTTI typeinfo:   itk::ImportImageContainer<unsigned long, double>
      Reference Count: 1
      Modified Time: 1938
      Debug: Off
      Object Name: 
      Observers: 
        none
      Pointer: 0x14a94a077010
      Container manages memory: true
      Size: 8530021
      Capacity: 8530021

     Moving image = Image (0x3304540)
  RTTI typeinfo:   itk::Image<double, 3u>
  Reference Count: 2
  Modified Time: 2331
  Debug: Off
  Object Name: 
  Observers: 
    none
  Source: (none)
  Source output name: (none)
  Release Data: Off
  Data Released: False
  Global Release Data: Off
  PipelineMTime: 0
  UpdateMTime: 2328
  RealTimeStamp: 0 seconds 
  LargestPossibleRegion: 
    Dimension: 3
    Index: [0, 0, 0]
    Size: [160, 240, 256]
  BufferedRegion: 
    Dimension: 3
    Index: [0, 0, 0]
    Size: [160, 240, 256]
  RequestedRegion: 
    Dimension: 3
    Index: [0, 0, 0]
    Size: [160, 240, 256]
  Spacing: [1, 1, 1]
  Origin: [91.5134, 94.282, -109.927]
  Direction: 
-0.99591 -0.0698718 -0.0572835
0.0697565 -0.997556 0.00401236
-0.0574239 5.01125e-08 0.99835

  IndexToPointMatrix: 
-0.99591 -0.0698718 -0.0572835
0.0697565 -0.997556 0.00401236
-0.0574239 5.01125e-08 0.99835

  PointToIndexMatrix: 
-0.99591 0.0697565 -0.0574239
-0.0698718 -0.997556 5.01483e-08
-0.0572835 0.00401236 0.99835

  Inverse Direction: 
-0.99591 0.0697565 -0.0574239
-0.0698718 -0.997556 5.01483e-08
-0.0572835 0.00401236 0.99835

  PixelContainer: 
    ImportImageContainer (0x3416610)
      RTTI typeinfo:   itk::ImportImageContainer<unsigned long, double>
      Reference Count: 1
      Modified Time: 2325
      Debug: Off
      Object Name: 
      Observers: 
        none
      Pointer: 0x14a945576010
      Container manages memory: true
      Size: 9830400
      Capacity: 9830400

     Weighting = 1
     Sampling strategy = regular
     Number of bins = 32
     Radius = 4
     Sampling percentage  = 0.25
   Transform = Rigid
     Gradient step = 0.1
     Update field sigma (voxel space) = 0
     Total field sigma (voxel space) = 0
     Update field time sigma = 0
     Total field time sigma  = 0
     Number of time indices = 0
     Number of time point samples = 0
Registration using 1 total stages.

Stage 0
  iterations = 0
  convergence threshold = 1e-06
  convergence window size = 10
  number of levels = 1
  using the Mattes MI metric (number of bins = 32, weight = 1, use gradient filter = 0)
  preprocessing:  winsorizing the image intensities
  Shrink factors (level 1 out of 1): [1, 1, 1]
  smoothing sigmas per level: [0]
  regular sampling (percentage = 0.25)

*** Running Euler3DTransform registration ***

  Elapsed time (stage 0): 1.13444


Total elapsed time: 1.13681
Info [verificarlo]: loaded backend libinterflop_vprec.so
Info [interflop-vprec]: load backend with: 
Info [interflop-vprec]: precision-binary32 = 10
Info [interflop-vprec]: range-binary32 = 8
Info [interflop-vprec]: precision-binary64 = 10
Info [interflop-vprec]: range-binary64 = 8
Info [interflop-vprec]: mode = ob
Info [interflop-vprec]: error-mode = rel
Info [interflop-vprec]: max-abs-error-exponent = -1022
Info [interflop-vprec]: daz = false
Info [interflop-vprec]: ftz = false
Info [interflop-vprec]: 	instrument = none
Info [interflop-vprec]: 	prec-input-file = (null)
Info [interflop-vprec]: 	prec-output-file = (null)
Info [interflop-vprec]: 	prec-log-file = (null)
All_Command_lines_OK
Using double precision for computations.
=============================================================================
The composite transform comprises the following transforms (in order): 
  1. /home/mdugre/scratch/mri-registration-rp/datasets/ds004513/derivatives/mri-registration-rp/0110/antsRegistration-r8-p10/sub-s033/align_Composite.h5[0] (type = Euler3DTransform)
  2. /home/mdugre/scratch/mri-registration-rp/datasets/ds004513/derivatives/mri-registration-rp/0110/antsRegistration-r8-p10/sub-s033/align_Composite.h5[1] (type = Euler3DTransform)
=============================================================================
  number of levels = 4
  fixed image: /templateflow/tpl-MNI152NLin2009cAsym/tpl-MNI152NLin2009cAsym_res-01_desc-brain_T1w.nii.gz
  moving image: /home/mdugre/scratch/mri-registration-rp/datasets/ds004513/derivatives/mri-registration-rp/antsBrainExtraction/sub-s033/BrainExtractionBrain.nii.gz
Dimension = 3
Number of stages = 1
Use histogram matching = false
Winsorize image intensities = true
  Lower quantile = 0.005
  Upper quantile = 0.995


Stage 1 State
   Image metric = MattesMI
     Fixed image = Image (0x35a61e0)
  RTTI typeinfo:   itk::Image<double, 3u>
  Reference Count: 2
  Modified Time: 1578
  Debug: Off
  Object Name: 
  Observers: 
    none
  Source: (none)
  Source output name: (none)
  Release Data: Off
  Data Released: False
  Global Release Data: Off
  PipelineMTime: 0
  UpdateMTime: 1189
  RealTimeStamp: 0 seconds 
  LargestPossibleRegion: 
    Dimension: 3
    Index: [0, 0, 0]
    Size: [193, 229, 193]
  BufferedRegion: 
    Dimension: 3
    Index: [0, 0, 0]
    Size: [193, 229, 193]
  RequestedRegion: 
    Dimension: 3
    Index: [0, 0, 0]
    Size: [193, 229, 193]
  Spacing: [1, 1, 1]
  Origin: [96, 132, -78]
  Direction: 
-1 0 0
0 -1 0
0 0 1

  IndexToPointMatrix: 
-1 0 0
0 -1 0
0 0 1

  PointToIndexMatrix: 
-1 0 0
0 -1 0
0 0 1

  Inverse Direction: 
-1 0 0
0 -1 0
0 0 1

  PixelContainer: 
    ImportImageContainer (0x3665680)
      RTTI typeinfo:   itk::ImportImageContainer<unsigned long, double>
      Reference Count: 1
      Modified Time: 1186
      Debug: Off
      Object Name: 
      Observers: 
        none
      Pointer: 0x14822e336010
      Container manages memory: true
      Size: 8530021
      Capacity: 8530021

     Moving image = Image (0x3661b20)
  RTTI typeinfo:   itk::Image<double, 3u>
  Reference Count: 2
  Modified Time: 1579
  Debug: Off
  Object Name: 
  Observers: 
    none
  Source: (none)
  Source output name: (none)
  Release Data: Off
  Data Released: False
  Global Release Data: Off
  PipelineMTime: 0
  UpdateMTime: 1576
  RealTimeStamp: 0 seconds 
  LargestPossibleRegion: 
    Dimension: 3
    Index: [0, 0, 0]
    Size: [160, 240, 256]
  BufferedRegion: 
    Dimension: 3
    Index: [0, 0, 0]
    Size: [160, 240, 256]
  RequestedRegion: 
    Dimension: 3
    Index: [0, 0, 0]
    Size: [160, 240, 256]
  Spacing: [1, 1, 1]
  Origin: [91.5, 94.3125, -109.938]
  Direction: 
-0.996094 -0.0698242 -0.0572815
0.0697632 -0.997559 0.00401306
-0.0574036 0 0.998047

  IndexToPointMatrix: 
-0.996094 -0.0698242 -0.0572815
0.0697632 -0.997559 0.00401306
-0.0574036 0 0.998047

  PointToIndexMatrix: 
-0.996094 0.0697632 -0.0574036
-0.0698853 -0.997559 -5.53131e-05
-0.0572815 0.00395584 0.998535

  Inverse Direction: 
-0.996094 0.0697632 -0.0574036
-0.0698853 -0.997559 -5.53131e-05
-0.0572815 0.00395584 0.998535

  PixelContainer: 
    ImportImageContainer (0x36cad50)
      RTTI typeinfo:   itk::ImportImageContainer<unsigned long, double>
      Reference Count: 1
      Modified Time: 1573
      Debug: Off
      Object Name: 
      Observers: 
        none
      Pointer: 0x148229835010
      Container manages memory: true
      Size: 9830400
      Capacity: 9830400

     Weighting = 1
     Sampling strategy = regular
     Number of bins = 32
     Radius = 4
     Sampling percentage  = 0.25
   Transform = Rigid
     Gradient step = 0.1
     Update field sigma (voxel space) = 0
     Total field sigma (voxel space) = 0
     Update field time sigma = 0
     Total field time sigma  = 0
     Number of time indices = 0
     Number of time point samples = 0
Registration using 1 total stages.

Stage 0
  iterations = 1000x500x250x100
  convergence threshold = 1e-06
  convergence window size = 10
  number of levels = 4
  using the Mattes MI metric (number of bins = 32, weight = 1, use gradient filter = 0)
  preprocessing:  winsorizing the image intensities
  Shrink factors (level 1 out of 4): [8, 8, 8]
  Shrink factors (level 2 out of 4): [4, 4, 4]
  Shrink factors (level 3 out of 4): [2, 2, 2]
  Shrink factors (level 4 out of 4): [1, 1, 1]
  smoothing sigmas per level: [3, 2, 1, 0]
  regular sampling (percentage = 0.25)

*** Running Euler3DTransform registration ***

DIAGNOSTIC,Iteration,metricValue,convergenceValue,ITERATION_TIME_INDEX,SINCE_LAST
 2DIAGNOSTIC,     1, -4.948667761578e-01, 1.797693134862e+308, 0.0000e+00, 0.0000e+00, 
 2DIAGNOSTIC,     2, -4.954352361168e-01, 1.797693134862e+308, 0.0000e+00, 0.0000e+00, 
 2DIAGNOSTIC,     3, -4.955655860250e-01, 1.797693134862e+308, 0.0000e+00, 0.0000e+00, 
 2DIAGNOSTIC,     4, -4.973710046563e-01, 1.797693134862e+308, 0.0000e+00, 0.0000e+00, 
 2DIAGNOSTIC,     5, -4.996360458462e-01, 1.797693134862e+308, 0.0000e+00, 0.0000e+00, 
 2DIAGNOSTIC,     6, -5.030638150893e-01, 1.797693134862e+308, 0.0000e+00, 0.0000e+00, 
 2DIAGNOSTIC,     7, -5.070708405171e-01, 1.797693134862e+308, 0.0000e+00, 0.0000e+00, 
 2DIAGNOSTIC,     8, -5.169204340437e-01, 1.797693134862e+308, 0.0000e+00, 0.0000e+00, 
 2DIAGNOSTIC,     9, -5.418441880973e-01, 1.797693134862e+308, 0.0000e+00, 0.0000e+00, 
 2DIAGNOSTIC,    10, -6.320169636524e-01, 1.084495829436e-02, 0.0000e+00, 0.0000e+00, 
 2DIAGNOSTIC,    11, -6.367987101471e-01, 1.467493136809e-02, 0.0000e+00, 0.0000e+00, 
 2DIAGNOSTIC,    12, -6.372424194438e-01, 1.655703122324e-02, 0.0000e+00, 0.0000e+00, 
 2DIAGNOSTIC,    13, -6.348832524206e-01, 1.659364869602e-02, 0.0000e+00, 0.0000e+00, 
 2DIAGNOSTIC,    14, -6.330064550702e-01, 1.511426115541e-02, 0.0000e+00, 0.0000e+00, 
 2DIAGNOSTIC,    15, -6.328164290559e-01, 1.251116610564e-02, 0.0000e+00, 0.0000e+00, 
 2DIAGNOSTIC,    16, -6.338850885256e-01, 9.276761666687e-03, 0.0000e+00, 0.0000e+00, 
 2DIAGNOSTIC,    17, -6.338157038492e-01, 5.778173197294e-03, 0.0000e+00, 0.0000e+00, 
 2DIAGNOSTIC,    18, -6.337193166520e-01, 2.466439024666e-03, 0.0000e+00, 0.0000e+00, 
DIAGNOSTIC,Iteration,metricValue,convergenceValue,ITERATION_TIME_INDEX,SINCE_LAST
 2DIAGNOSTIC,     1, -5.360687788219e-01, 1.797693134862e+308, 0.0000e+00, 0.0000e+00, 
 2DIAGNOSTIC,     2, -5.360572095873e-01, 1.797693134862e+308, 0.0000e+00, 0.0000e+00, 
 2DIAGNOSTIC,     3, -5.361956528273e-01, 1.797693134862e+308, 0.0000e+00, 0.0000e+00, 
 2DIAGNOSTIC,     4, -5.364775283866e-01, 1.797693134862e+308, 0.0000e+00, 0.0000e+00, 
 2DIAGNOSTIC,     5, -5.366307390254e-01, 1.797693134862e+308, 0.0000e+00, 0.0000e+00, 
 2DIAGNOSTIC,     6, -5.368576801184e-01, 1.797693134862e+308, 0.0000e+00, 0.0000e+00, 
 2DIAGNOSTIC,     7, -5.374456511836e-01, 1.797693134862e+308, 0.0000e+00, 0.0000e+00, 
 2DIAGNOSTIC,     8, -5.380395750579e-01, 1.797693134862e+308, 0.0000e+00, 0.0000e+00, 
 2DIAGNOSTIC,     9, -5.386450576995e-01, 1.797693134862e+308, 0.0000e+00, 0.0000e+00, 
 2DIAGNOSTIC,    10, -5.400369028929e-01, 4.239360452303e-04, 0.0000e+00, 0.0000e+00, 
 2DIAGNOSTIC,    11, -5.409255605712e-01, 5.047324602961e-04, 0.0000e+00, 0.0000e+00, 
 2DIAGNOSTIC,    12, -5.430479825121e-01, 6.190815112959e-04, 0.0000e+00, 0.0000e+00, 
 2DIAGNOSTIC,    13, -5.444924137932e-01, 7.221380659335e-04, 0.0000e+00, 0.0000e+00, 
 2DIAGNOSTIC,    14, -5.462610475673e-01, 8.214378358344e-04, 0.0000e+00, 0.0000e+00, 
 2DIAGNOSTIC,    15, -5.466197725388e-01, 8.497107974637e-04, 0.0000e+00, 0.0000e+00, 
 2DIAGNOSTIC,    16, -5.476618009246e-01, 8.384429529899e-04, 0.0000e+00, 0.0000e+00, 
 2DIAGNOSTIC,    17, -5.485449374372e-01, 7.959142807166e-04, 0.0000e+00, 0.0000e+00, 
 2DIAGNOSTIC,    18, -5.482891653764e-01, 6.936882488633e-04, 0.0000e+00, 0.0000e+00, 
 2DIAGNOSTIC,    19, -5.482824173793e-01, 5.547521415012e-04, 0.0000e+00, 0.0000e+00, 
 2DIAGNOSTIC,    20, -5.482484751051e-01, 4.144938315014e-04, 0.0000e+00, 0.0000e+00, 
 2DIAGNOSTIC,    21, -5.482421166416e-01, 2.701733930112e-04, 0.0000e+00, 0.0000e+00, 
 2DIAGNOSTIC,    22, -5.482594626913e-01, 1.641064413503e-04, 0.0000e+00, 0.0000e+00, 
 2DIAGNOSTIC,    23, -5.482312521011e-01, 8.359863156875e-05, 0.0000e+00, 0.0000e+00, 
 2DIAGNOSTIC,    24, -5.482610467933e-01, 4.168220941837e-05, 0.0000e+00, 0.0000e+00, 
 2DIAGNOSTIC,    25, -5.482479887109e-01, 5.981788289325e-06, 0.0000e+00, 0.0000e+00, 
DIAGNOSTIC,Iteration,metricValue,convergenceValue,ITERATION_TIME_INDEX,SINCE_LAST
 2DIAGNOSTIC,     1, -4.654067350085e-01, 1.797693134862e+308, 0.0000e+00, 0.0000e+00, 
 2DIAGNOSTIC,     2, -4.653315583555e-01, 1.797693134862e+308, 0.0000e+00, 0.0000e+00, 
 2DIAGNOSTIC,     3, -4.654750816985e-01, 1.797693134862e+308, 0.0000e+00, 0.0000e+00, 
 2DIAGNOSTIC,     4, -4.654849809251e-01, 1.797693134862e+308, 0.0000e+00, 0.0000e+00, 
 2DIAGNOSTIC,     5, -4.652737189706e-01, 1.797693134862e+308, 0.0000e+00, 0.0000e+00, 
 2DIAGNOSTIC,     6, -4.652826586874e-01, 1.797693134862e+308, 0.0000e+00, 0.0000e+00, 
 2DIAGNOSTIC,     7, -4.653102023393e-01, 1.797693134862e+308, 0.0000e+00, 0.0000e+00, 
 2DIAGNOSTIC,     8, -4.653263870733e-01, 1.797693134862e+308, 0.0000e+00, 0.0000e+00, 
 2DIAGNOSTIC,     9, -4.653209539821e-01, 1.797693134862e+308, 0.0000e+00, 0.0000e+00, 
DIAGNOSTIC,Iteration,metricValue,convergenceValue,ITERATION_TIME_INDEX,SINCE_LAST
 2DIAGNOSTIC,     1, -4.239470381932e-01, 1.797693134862e+308, 0.0000e+00, 0.0000e+00, 
 2DIAGNOSTIC,     2, -4.239502191774e-01, 1.797693134862e+308, 0.0000e+00, 0.0000e+00, 
 2DIAGNOSTIC,     3, -4.239585060469e-01, 1.797693134862e+308, 0.0000e+00, 0.0000e+00, 
 2DIAGNOSTIC,     4, -4.239628659057e-01, 1.797693134862e+308, 0.0000e+00, 0.0000e+00, 
 2DIAGNOSTIC,     5, -4.239673894967e-01, 1.797693134862e+308, 0.0000e+00, 0.0000e+00, 
 2DIAGNOSTIC,     6, -4.239872178689e-01, 1.797693134862e+308, 0.0000e+00, 0.0000e+00, 
 2DIAGNOSTIC,     7, -4.239891962051e-01, 1.797693134862e+308, 0.0000e+00, 0.0000e+00, 
 2DIAGNOSTIC,     8, -4.240048361440e-01, 1.797693134862e+308, 0.0000e+00, 0.0000e+00, 
 2DIAGNOSTIC,     9, -4.240271434027e-01, 1.797693134862e+308, 0.0000e+00, 0.0000e+00, 
 2DIAGNOSTIC,    10, -4.240391658271e-01, 1.389891074252e-05, 0.0000e+00, 0.0000e+00, 
 2DIAGNOSTIC,    11, -4.240519027478e-01, 1.432068216908e-05, 0.0000e+00, 0.0000e+00, 
 2DIAGNOSTIC,    12, -4.240606157237e-01, 1.404493315964e-05, 0.0000e+00, 0.0000e+00, 
 2DIAGNOSTIC,    13, -4.240555914378e-01, 1.271087791103e-05, 0.0000e+00, 0.0000e+00, 
 2DIAGNOSTIC,    14, -4.240664543195e-01, 1.114717644435e-05, 0.0000e+00, 0.0000e+00, 
 2DIAGNOSTIC,    15, -4.240729702394e-01, 9.228819066925e-06, 0.0000e+00, 0.0000e+00, 
 2DIAGNOSTIC,    16, -4.240772993229e-01, 7.718595708736e-06, 0.0000e+00, 0.0000e+00, 
 2DIAGNOSTIC,    17, -4.240899366074e-01, 6.250213856515e-06, 0.0000e+00, 0.0000e+00, 
 2DIAGNOSTIC,    18, -4.240947246110e-01, 5.110317125037e-06, 0.0000e+00, 0.0000e+00, 
 2DIAGNOSTIC,    19, -4.241318502059e-01, 5.707895298079e-06, 0.0000e+00, 0.0000e+00, 
 2DIAGNOSTIC,    20, -4.241382093783e-01, 6.286951967742e-06, 0.0000e+00, 0.0000e+00, 
 2DIAGNOSTIC,    21, -4.241448733681e-01, 6.846481786935e-06, 0.0000e+00, 0.0000e+00, 
 2DIAGNOSTIC,    22, -4.241589029795e-01, 7.427310421713e-06, 0.0000e+00, 0.0000e+00, 
 2DIAGNOSTIC,    23, -4.241560110574e-01, 7.013190613678e-06, 0.0000e+00, 0.0000e+00, 
 2DIAGNOSTIC,    24, -4.241638498896e-01, 6.491149750772e-06, 0.0000e+00, 0.0000e+00, 
 2DIAGNOSTIC,    25, -4.241638498896e-01, 5.570794339993e-06, 0.0000e+00, 0.0000e+00, 
 2DIAGNOSTIC,    26, -4.241638498896e-01, 4.312693834316e-06, 0.0000e+00, 0.0000e+00, 
 2DIAGNOSTIC,    27, -4.241638498896e-01, 3.062284638942e-06, 0.0000e+00, 0.0000e+00, 
 2DIAGNOSTIC,    28, -4.241638498896e-01, 1.704970243759e-06, 0.0000e+00, 0.0000e+00, 
 2DIAGNOSTIC,    29, -4.241638498896e-01, 1.138068276105e-06, 0.0000e+00, 0.0000e+00, 
  Elapsed time (stage 0): 0.0000e+00


Total elapsed time: 0.0000e+00
Info [verificarlo]: loaded backend libinterflop_vprec.so
Info [interflop-vprec]: load backend with: 
Info [interflop-vprec]: precision-binary32 = 10
Info [interflop-vprec]: range-binary32 = 8
Info [interflop-vprec]: precision-binary64 = 10
Info [interflop-vprec]: range-binary64 = 8
Info [interflop-vprec]: mode = ob
Info [interflop-vprec]: error-mode = rel
Info [interflop-vprec]: max-abs-error-exponent = -1022
Info [interflop-vprec]: daz = false
Info [interflop-vprec]: ftz = false
Info [interflop-vprec]: 	instrument = none
Info [interflop-vprec]: 	prec-input-file = (null)
Info [interflop-vprec]: 	prec-output-file = (null)
Info [interflop-vprec]: 	prec-log-file = (null)
All_Command_lines_OK
Using double precision for computations.
=============================================================================
The composite transform comprises the following transforms (in order): 
  1. /home/mdugre/scratch/mri-registration-rp/datasets/ds004513/derivatives/mri-registration-rp/0110/antsRegistration-r8-p10/sub-s033/rigid_Composite.h5[0] (type = Euler3DTransform)
  2. /home/mdugre/scratch/mri-registration-rp/datasets/ds004513/derivatives/mri-registration-rp/0110/antsRegistration-r8-p10/sub-s033/rigid_Composite.h5[1] (type = Euler3DTransform)
  3. /home/mdugre/scratch/mri-registration-rp/datasets/ds004513/derivatives/mri-registration-rp/0110/antsRegistration-r8-p10/sub-s033/rigid_Composite.h5[2] (type = Euler3DTransform)
=============================================================================
  number of levels = 4
  fixed image: /templateflow/tpl-MNI152NLin2009cAsym/tpl-MNI152NLin2009cAsym_res-01_desc-brain_T1w.nii.gz
  moving image: /home/mdugre/scratch/mri-registration-rp/datasets/ds004513/derivatives/mri-registration-rp/antsBrainExtraction/sub-s033/BrainExtractionBrain.nii.gz
Dimension = 3
Number of stages = 1
Use histogram matching = false
Winsorize image intensities = true
  Lower quantile = 0.005
  Upper quantile = 0.995


Stage 1 State
   Image metric = MattesMI
     Fixed image = Image (0x48c1490)
  RTTI typeinfo:   itk::Image<double, 3u>
  Reference Count: 2
  Modified Time: 1592
  Debug: Off
  Object Name: 
  Observers: 
    none
  Source: (none)
  Source output name: (none)
  Release Data: Off
  Data Released: False
  Global Release Data: Off
  PipelineMTime: 0
  UpdateMTime: 1203
  RealTimeStamp: 0 seconds 
  LargestPossibleRegion: 
    Dimension: 3
    Index: [0, 0, 0]
    Size: [193, 229, 193]
  BufferedRegion: 
    Dimension: 3
    Index: [0, 0, 0]
    Size: [193, 229, 193]
  RequestedRegion: 
    Dimension: 3
    Index: [0, 0, 0]
    Size: [193, 229, 193]
  Spacing: [1, 1, 1]
  Origin: [96, 132, -78]
  Direction: 
-1 0 0
0 -1 0
0 0 1

  IndexToPointMatrix: 
-1 0 0
0 -1 0
0 0 1

  PointToIndexMatrix: 
-1 0 0
0 -1 0
0 0 1

  Inverse Direction: 
-1 0 0
0 -1 0
0 0 1

  PixelContainer: 
    ImportImageContainer (0x493a8b0)
      RTTI typeinfo:   itk::ImportImageContainer<unsigned long, double>
      Reference Count: 1
      Modified Time: 1200
      Debug: Off
      Object Name: 
      Observers: 
        none
      Pointer: 0x14b6194d6010
      Container manages memory: true
      Size: 8530021
      Capacity: 8530021

     Moving image = Image (0x498f8e0)
  RTTI typeinfo:   itk::Image<double, 3u>
  Reference Count: 2
  Modified Time: 1593
  Debug: Off
  Object Name: 
  Observers: 
    none
  Source: (none)
  Source output name: (none)
  Release Data: Off
  Data Released: False
  Global Release Data: Off
  PipelineMTime: 0
  UpdateMTime: 1590
  RealTimeStamp: 0 seconds 
  LargestPossibleRegion: 
    Dimension: 3
    Index: [0, 0, 0]
    Size: [160, 240, 256]
  BufferedRegion: 
    Dimension: 3
    Index: [0, 0, 0]
    Size: [160, 240, 256]
  RequestedRegion: 
    Dimension: 3
    Index: [0, 0, 0]
    Size: [160, 240, 256]
  Spacing: [1, 1, 1]
  Origin: [91.5, 94.3125, -109.938]
  Direction: 
-0.996094 -0.0698242 -0.0572815
0.0697632 -0.997559 0.00401306
-0.0574036 0 0.998047

  IndexToPointMatrix: 
-0.996094 -0.0698242 -0.0572815
0.0697632 -0.997559 0.00401306
-0.0574036 0 0.998047

  PointToIndexMatrix: 
-0.996094 0.0697632 -0.0574036
-0.0698853 -0.997559 -5.53131e-05
-0.0572815 0.00395584 0.998535

  Inverse Direction: 
-0.996094 0.0697632 -0.0574036
-0.0698853 -0.997559 -5.53131e-05
-0.0572815 0.00395584 0.998535

  PixelContainer: 
    ImportImageContainer (0x4a58350)
      RTTI typeinfo:   itk::ImportImageContainer<unsigned long, double>
      Reference Count: 1
      Modified Time: 1587
      Debug: Off
      Object Name: 
      Observers: 
        none
      Pointer: 0x14b6149d5010
      Container manages memory: true
      Size: 9830400
      Capacity: 9830400

     Weighting = 1
     Sampling strategy = regular
     Number of bins = 32
     Radius = 4
     Sampling percentage  = 0.25
   Transform = Affine
     Gradient step = 0.1
     Update field sigma (voxel space) = 0
     Total field sigma (voxel space) = 0
     Update field time sigma = 0
     Total field time sigma  = 0
     Number of time indices = 0
     Number of time point samples = 0
Registration using 1 total stages.

Stage 0
  iterations = 1000x500x250x100
  convergence threshold = 1e-06
  convergence window size = 10
  number of levels = 4
  using the Mattes MI metric (number of bins = 32, weight = 1, use gradient filter = 0)
  preprocessing:  winsorizing the image intensities
  Shrink factors (level 1 out of 4): [8, 8, 8]
  Shrink factors (level 2 out of 4): [4, 4, 4]
  Shrink factors (level 3 out of 4): [2, 2, 2]
  Shrink factors (level 4 out of 4): [1, 1, 1]
  smoothing sigmas per level: [3, 2, 1, 0]
  regular sampling (percentage = 0.25)

*** Running AffineTransform registration ***

DIAGNOSTIC,Iteration,metricValue,convergenceValue,ITERATION_TIME_INDEX,SINCE_LAST
 2DIAGNOSTIC,     1, -6.383721622242e-01, 1.797693134862e+308, 0.0000e+00, 0.0000e+00, 
 2DIAGNOSTIC,     2, -6.417416424016e-01, 1.797693134862e+308, 0.0000e+00, 0.0000e+00, 
 2DIAGNOSTIC,     3, -6.474996069052e-01, 1.797693134862e+308, 0.0000e+00, 0.0000e+00, 
 2DIAGNOSTIC,     4, -6.552886468562e-01, 1.797693134862e+308, 0.0000e+00, 0.0000e+00, 
 2DIAGNOSTIC,     5, -6.712795500533e-01, 1.797693134862e+308, 0.0000e+00, 0.0000e+00, 
 2DIAGNOSTIC,     6, -7.015924561183e-01, 1.797693134862e+308, 0.0000e+00, 0.0000e+00, 
 2DIAGNOSTIC,     7, -7.481186495831e-01, 1.797693134862e+308, 0.0000e+00, 0.0000e+00, 
 2DIAGNOSTIC,     8, -8.240095432545e-01, 1.797693134862e+308, 0.0000e+00, 0.0000e+00, 
 2DIAGNOSTIC,     9, -8.858191813245e-01, 1.797693134862e+308, 0.0000e+00, 0.0000e+00, 
 2DIAGNOSTIC,    10, -9.007384897165e-01, 2.517617070716e-02, 0.0000e+00, 0.0000e+00, 
 2DIAGNOSTIC,    11, -9.018286165959e-01, 2.498325761589e-02, 0.0000e+00, 0.0000e+00, 
 2DIAGNOSTIC,    12, -9.019181988276e-01, 2.273924515820e-02, 0.0000e+00, 0.0000e+00, 
 2DIAGNOSTIC,    13, -9.015128194036e-01, 1.900003856133e-02, 0.0000e+00, 0.0000e+00, 
 2DIAGNOSTIC,    14, -9.020208524372e-01, 1.437032366723e-02, 0.0000e+00, 0.0000e+00, 
 2DIAGNOSTIC,    15, -9.021320394490e-01, 9.545968782053e-03, 0.0000e+00, 0.0000e+00, 
 2DIAGNOSTIC,    16, -9.022017830110e-01, 5.228168122923e-03, 0.0000e+00, 0.0000e+00, 
 2DIAGNOSTIC,    17, -9.021159776923e-01, 1.948440194891e-03, 0.0000e+00, 0.0000e+00, 
 2DIAGNOSTIC,    18, -9.021110118841e-01, 3.509727468172e-04, 0.0000e+00, 0.0000e+00, 
 2DIAGNOSTIC,    19, -9.021052048256e-01, 3.853130133447e-05, 0.0000e+00, 0.0000e+00, 
 2DIAGNOSTIC,    20, -9.021083436154e-01, 1.599119245454e-05, 0.0000e+00, 0.0000e+00, 
 2DIAGNOSTIC,    21, -9.021083436154e-01, 1.228961161748e-05, 0.0000e+00, 0.0000e+00, 
 2DIAGNOSTIC,    22, -9.021083436154e-01, 9.546578618590e-06, 0.0000e+00, 0.0000e+00, 
DIAGNOSTIC,Iteration,metricValue,convergenceValue,ITERATION_TIME_INDEX,SINCE_LAST
 2DIAGNOSTIC,     1, -7.396542507544e-01, 1.797693134862e+308, 0.0000e+00, 0.0000e+00, 
 2DIAGNOSTIC,     2, -7.403490265166e-01, 1.797693134862e+308, 0.0000e+00, 0.0000e+00, 
 2DIAGNOSTIC,     3, -7.407744953700e-01, 1.797693134862e+308, 0.0000e+00, 0.0000e+00, 
 2DIAGNOSTIC,     4, -7.418846315927e-01, 1.797693134862e+308, 0.0000e+00, 0.0000e+00, 
 2DIAGNOSTIC,     5, -7.425117441267e-01, 1.797693134862e+308, 0.0000e+00, 0.0000e+00, 
 2DIAGNOSTIC,     6, -7.439570934948e-01, 1.797693134862e+308, 0.0000e+00, 0.0000e+00, 
 2DIAGNOSTIC,     7, -7.443080903217e-01, 1.797693134862e+308, 0.0000e+00, 0.0000e+00, 
 2DIAGNOSTIC,     8, -7.448691934898e-01, 1.797693134862e+308, 0.0000e+00, 0.0000e+00, 
 2DIAGNOSTIC,     9, -7.450700202461e-01, 1.797693134862e+308, 0.0000e+00, 0.0000e+00, 
 2DIAGNOSTIC,    10, -7.453516621499e-01, 5.382381118059e-04, 0.0000e+00, 0.0000e+00, 
 2DIAGNOSTIC,    11, -7.459926980504e-01, 4.533013024490e-04, 0.0000e+00, 0.0000e+00, 
 2DIAGNOSTIC,    12, -7.464802282407e-01, 3.791718524169e-04, 0.0000e+00, 0.0000e+00, 
 2DIAGNOSTIC,    13, -7.469507204550e-01, 3.081708877337e-04, 0.0000e+00, 0.0000e+00, 
 2DIAGNOSTIC,    14, -7.473340848734e-01, 2.601726245206e-04, 0.0000e+00, 0.0000e+00, 
 2DIAGNOSTIC,    15, -7.474063169558e-01, 2.118082486753e-04, 0.0000e+00, 0.0000e+00, 
 2DIAGNOSTIC,    16, -7.477588853680e-01, 1.929152923227e-04, 0.0000e+00, 0.0000e+00, 
 2DIAGNOSTIC,    17, -7.477459576010e-01, 1.655388298918e-04, 0.0000e+00, 0.0000e+00, 
 2DIAGNOSTIC,    18, -7.480542610482e-01, 1.444161250190e-04, 0.0000e+00, 0.0000e+00, 
 2DIAGNOSTIC,    19, -7.482582566670e-01, 1.201881323337e-04, 0.0000e+00, 0.0000e+00, 
 2DIAGNOSTIC,    20, -7.481985115623e-01, 9.125067270193e-05, 0.0000e+00, 0.0000e+00, 
 2DIAGNOSTIC,    21, -7.484011311057e-01, 7.191560130672e-05, 0.0000e+00, 0.0000e+00, 
 2DIAGNOSTIC,    22, -7.483831241401e-01, 5.554463967052e-05, 0.0000e+00, 0.0000e+00, 
 2DIAGNOSTIC,    23, -7.483703290458e-01, 4.285286945155e-05, 0.0000e+00, 0.0000e+00, 
 2DIAGNOSTIC,    24, -7.484281881894e-01, 3.423091176602e-05, 0.0000e+00, 0.0000e+00, 
 2DIAGNOSTIC,    25, -7.485745091911e-01, 2.629953760679e-05, 0.0000e+00, 0.0000e+00, 
 2DIAGNOSTIC,    26, -7.486134022356e-01, 2.225146076323e-05, 0.0000e+00, 0.0000e+00, 
 2DIAGNOSTIC,    27, -7.486125697727e-01, 1.612873067915e-05, 0.0000e+00, 0.0000e+00, 
 2DIAGNOSTIC,    28, -7.486152250950e-01, 1.314884157632e-05, 0.0000e+00, 0.0000e+00, 
 2DIAGNOSTIC,    29, -7.486152250950e-01, 1.185258055610e-05, 0.0000e+00, 0.0000e+00, 
 2DIAGNOSTIC,    30, -7.486148783149e-01, 8.643097815716e-06, 0.0000e+00, 0.0000e+00, 
 2DIAGNOSTIC,    31, -7.486148768803e-01, 7.314572506557e-06, 0.0000e+00, 0.0000e+00, 
 2DIAGNOSTIC,    32, -7.486148768923e-01, 5.201145149451e-06, 0.0000e+00, 0.0000e+00, 
 2DIAGNOSTIC,    33, -7.486148768923e-01, 2.583234273740e-06, 0.0000e+00, 0.0000e+00, 
DIAGNOSTIC,Iteration,metricValue,convergenceValue,ITERATION_TIME_INDEX,SINCE_LAST
 2DIAGNOSTIC,     1, -6.330163297787e-01, 1.797693134862e+308, 0.0000e+00, 0.0000e+00, 
 2DIAGNOSTIC,     2, -6.336853667046e-01, 1.797693134862e+308, 0.0000e+00, 0.0000e+00, 
 2DIAGNOSTIC,     3, -6.343468304398e-01, 1.797693134862e+308, 0.0000e+00, 0.0000e+00, 
 2DIAGNOSTIC,     4, -6.349724104840e-01, 1.797693134862e+308, 0.0000e+00, 0.0000e+00, 
 2DIAGNOSTIC,     5, -6.358023770421e-01, 1.797693134862e+308, 0.0000e+00, 0.0000e+00, 
 2DIAGNOSTIC,     6, -6.359291370758e-01, 1.797693134862e+308, 0.0000e+00, 0.0000e+00, 
 2DIAGNOSTIC,     7, -6.358278790624e-01, 1.797693134862e+308, 0.0000e+00, 0.0000e+00, 
 2DIAGNOSTIC,     8, -6.359044913193e-01, 1.797693134862e+308, 0.0000e+00, 0.0000e+00, 
 2DIAGNOSTIC,     9, -6.359766788480e-01, 1.797693134862e+308, 0.0000e+00, 0.0000e+00, 
 2DIAGNOSTIC,    10, -6.360501135949e-01, 2.930880911717e-04, 0.0000e+00, 0.0000e+00, 
 2DIAGNOSTIC,    11, -6.360946439386e-01, 1.884653517168e-04, 0.0000e+00, 0.0000e+00, 
 2DIAGNOSTIC,    12, -6.361859643616e-01, 1.128965749661e-04, 0.0000e+00, 0.0000e+00, 
 2DIAGNOSTIC,    13, -6.364234704243e-01, 6.943735019742e-05, 0.0000e+00, 0.0000e+00, 
 2DIAGNOSTIC,    14, -6.363725876953e-01, 4.326670341102e-05, 0.0000e+00, 0.0000e+00, 
 2DIAGNOSTIC,    15, -6.365085384380e-01, 4.545688385149e-05, 0.0000e+00, 0.0000e+00, 
 2DIAGNOSTIC,    16, -6.365293964563e-01, 4.741344313802e-05, 0.0000e+00, 0.0000e+00, 
 2DIAGNOSTIC,    17, -6.365354176248e-01, 4.220554621285e-05, 0.0000e+00, 0.0000e+00, 
 2DIAGNOSTIC,    18, -6.365530564304e-01, 3.595773206033e-05, 0.0000e+00, 0.0000e+00, 
 2DIAGNOSTIC,    19, -6.365449897630e-01, 2.853190588870e-05, 0.0000e+00, 0.0000e+00, 
 2DIAGNOSTIC,    20, -6.365489002101e-01, 2.097031304757e-05, 0.0000e+00, 0.0000e+00, 
 2DIAGNOSTIC,    21, -6.366019405667e-01, 1.422552839810e-05, 0.0000e+00, 0.0000e+00, 
 2DIAGNOSTIC,    22, -6.366622123108e-01, 9.701148578956e-06, 0.0000e+00, 0.0000e+00, 
 2DIAGNOSTIC,    23, -6.366613061357e-01, 9.303138557744e-06, 0.0000e+00, 0.0000e+00, 
 2DIAGNOSTIC,    24, -6.366613061357e-01, 7.083308735494e-06, 0.0000e+00, 0.0000e+00, 
 2DIAGNOSTIC,    25, -6.366613061357e-01, 6.815371560220e-06, 0.0000e+00, 0.0000e+00, 
 2DIAGNOSTIC,    26, -6.366613061357e-01, 6.264020038838e-06, 0.0000e+00, 0.0000e+00, 
 2DIAGNOSTIC,    27, -6.366613061357e-01, 5.233590231489e-06, 0.0000e+00, 0.0000e+00, 
 2DIAGNOSTIC,    28, -6.366613061357e-01, 4.079648229169e-06, 0.0000e+00, 0.0000e+00, 
 2DIAGNOSTIC,    29, -6.366613061357e-01, 2.518877163335e-06, 0.0000e+00, 0.0000e+00, 
DIAGNOSTIC,Iteration,metricValue,convergenceValue,ITERATION_TIME_INDEX,SINCE_LAST
 2DIAGNOSTIC,     1, -5.619866011707e-01, 1.797693134862e+308, 0.0000e+00, 0.0000e+00, 
 2DIAGNOSTIC,     2, -5.623075405034e-01, 1.797693134862e+308, 0.0000e+00, 0.0000e+00, 
 2DIAGNOSTIC,     3, -5.625659855554e-01, 1.797693134862e+308, 0.0000e+00, 0.0000e+00, 
 2DIAGNOSTIC,     4, -5.629869942359e-01, 1.797693134862e+308, 0.0000e+00, 0.0000e+00, 
 2DIAGNOSTIC,     5, -5.632190631830e-01, 1.797693134862e+308, 0.0000e+00, 0.0000e+00, 
 2DIAGNOSTIC,     6, -5.633726107054e-01, 1.797693134862e+308, 0.0000e+00, 0.0000e+00, 
 2DIAGNOSTIC,     7, -5.634897201251e-01, 1.797693134862e+308, 0.0000e+00, 0.0000e+00, 
 2DIAGNOSTIC,     8, -5.637979531550e-01, 1.797693134862e+308, 0.0000e+00, 0.0000e+00, 
 2DIAGNOSTIC,     9, -5.638854019617e-01, 1.797693134862e+308, 0.0000e+00, 0.0000e+00, 
 2DIAGNOSTIC,    10, -5.638916694064e-01, 2.225083398313e-04, 0.0000e+00, 0.0000e+00, 
 2DIAGNOSTIC,    11, -5.638928714717e-01, 1.680851493577e-04, 0.0000e+00, 0.0000e+00, 
 2DIAGNOSTIC,    12, -5.638929154773e-01, 1.211424989126e-04, 0.0000e+00, 0.0000e+00, 
 2DIAGNOSTIC,    13, -5.638941026672e-01, 8.007303916834e-05, 0.0000e+00, 0.0000e+00, 
 2DIAGNOSTIC,    14, -5.638941026672e-01, 5.257788650825e-05, 0.0000e+00, 0.0000e+00, 
 2DIAGNOSTIC,    15, -5.638941026672e-01, 3.181074043646e-05, 0.0000e+00, 0.0000e+00, 
 2DIAGNOSTIC,    16, -5.638941026672e-01, 1.562289439676e-05, 0.0000e+00, 0.0000e+00, 
 2DIAGNOSTIC,    17, -5.638941026672e-01, 3.148174078364e-06, 0.0000e+00, 0.0000e+00, 
  Elapsed time (stage 0): 0.0000e+00


Total elapsed time: 0.0000e+00
Info [verificarlo]: loaded backend libinterflop_ieee.so
Info [interflop-ieee]: load backend with:
Info [interflop-ieee]: debug = false
Info [interflop-ieee]: debug-binary = false
Info [interflop-ieee]: no-backend-name = false
Info [interflop-ieee]: print-new-line = false
Info [interflop-ieee]: print-subnormal-normalized = false
Info [interflop-ieee]: count-op = false
All_Command_lines_OK
Using double precision for computations.
=============================================================================
The composite transform comprises the following transforms (in order): 
  1. /home/mdugre/scratch/mri-registration-rp/datasets/ds004513/derivatives/mri-registration-rp/0110/antsRegistration-r8-p10/sub-s033/affine_Composite.h5[0] (type = Euler3DTransform)
  2. /home/mdugre/scratch/mri-registration-rp/datasets/ds004513/derivatives/mri-registration-rp/0110/antsRegistration-r8-p10/sub-s033/affine_Composite.h5[1] (type = Euler3DTransform)
  3. /home/mdugre/scratch/mri-registration-rp/datasets/ds004513/derivatives/mri-registration-rp/0110/antsRegistration-r8-p10/sub-s033/affine_Composite.h5[2] (type = Euler3DTransform)
  4. /home/mdugre/scratch/mri-registration-rp/datasets/ds004513/derivatives/mri-registration-rp/0110/antsRegistration-r8-p10/sub-s033/affine_Composite.h5[3] (type = AffineTransform)
=============================================================================
  number of levels = 4
  fixed image: /templateflow/tpl-MNI152NLin2009cAsym/tpl-MNI152NLin2009cAsym_res-01_desc-brain_T1w.nii.gz
  moving image: /home/mdugre/scratch/mri-registration-rp/datasets/ds004513/derivatives/mri-registration-rp/antsBrainExtraction/sub-s033/BrainExtractionBrain.nii.gz
Dimension = 3
Number of stages = 1
Use histogram matching = false
Winsorize image intensities = true
  Lower quantile = 0.005
  Upper quantile = 0.995


Stage 1 State
   Image metric = CC
     Fixed image = Image (0x3dc3a40)
  RTTI typeinfo:   itk::Image<double, 3u>
  Reference Count: 2
  Modified Time: 1606
  Debug: Off
  Object Name: 
  Observers: 
    none
  Source: (none)
  Source output name: (none)
  Release Data: Off
  Data Released: False
  Global Release Data: Off
  PipelineMTime: 0
  UpdateMTime: 1217
  RealTimeStamp: 0 seconds 
  LargestPossibleRegion: 
    Dimension: 3
    Index: [0, 0, 0]
    Size: [193, 229, 193]
  BufferedRegion: 
    Dimension: 3
    Index: [0, 0, 0]
    Size: [193, 229, 193]
  RequestedRegion: 
    Dimension: 3
    Index: [0, 0, 0]
    Size: [193, 229, 193]
  Spacing: [1, 1, 1]
  Origin: [96, 132, -78]
  Direction: 
-1 0 0
0 -1 0
0 0 1

  IndexToPointMatrix: 
-1 0 0
0 -1 0
0 0 1

  PointToIndexMatrix: 
-1 0 0
0 -1 0
0 0 1

  Inverse Direction: 
-1 0 0
0 -1 0
0 0 1

  PixelContainer: 
    ImportImageContainer (0x3e92780)
      RTTI typeinfo:   itk::ImportImageContainer<unsigned long, double>
      Reference Count: 1
      Modified Time: 1214
      Debug: Off
      Object Name: 
      Observers: 
        none
      Pointer: 0x14d4d1c7c010
      Container manages memory: true
      Size: 8530021
      Capacity: 8530021

     Moving image = Image (0x3e7f570)
  RTTI typeinfo:   itk::Image<double, 3u>
  Reference Count: 2
  Modified Time: 1607
  Debug: Off
  Object Name: 
  Observers: 
    none
  Source: (none)
  Source output name: (none)
  Release Data: Off
  Data Released: False
  Global Release Data: Off
  PipelineMTime: 0
  UpdateMTime: 1604
  RealTimeStamp: 0 seconds 
  LargestPossibleRegion: 
    Dimension: 3
    Index: [0, 0, 0]
    Size: [160, 240, 256]
  BufferedRegion: 
    Dimension: 3
    Index: [0, 0, 0]
    Size: [160, 240, 256]
  RequestedRegion: 
    Dimension: 3
    Index: [0, 0, 0]
    Size: [160, 240, 256]
  Spacing: [1, 1, 1]
  Origin: [91.5134, 94.282, -109.927]
  Direction: 
-0.99591 -0.0698718 -0.0572835
0.0697565 -0.997556 0.00401236
-0.0574239 5.01125e-08 0.99835

  IndexToPointMatrix: 
-0.99591 -0.0698718 -0.0572835
0.0697565 -0.997556 0.00401236
-0.0574239 5.01125e-08 0.99835

  PointToIndexMatrix: 
-0.99591 0.0697565 -0.0574239
-0.0698718 -0.997556 5.01483e-08
-0.0572835 0.00401236 0.99835

  Inverse Direction: 
-0.99591 0.0697565 -0.0574239
-0.0698718 -0.997556 5.01483e-08
-0.0572835 0.00401236 0.99835

  PixelContainer: 
    ImportImageContainer (0x3ea20d0)
      RTTI typeinfo:   itk::ImportImageContainer<unsigned long, double>
      Reference Count: 1
      Modified Time: 1601
      Debug: Off
      Object Name: 
      Observers: 
        none
      Pointer: 0x14d4cd17b010
      Container manages memory: true
      Size: 9830400
      Capacity: 9830400

     Weighting = 1
     Sampling strategy = none
     Number of bins = 32
     Radius = 4
     Sampling percentage  = 1
   Transform = SyN
     Gradient step = 0.1
     Update field sigma (voxel space) = 3
     Total field sigma (voxel space) = 0
     Update field time sigma = 0
     Total field time sigma  = 0
     Number of time indices = 0
     Number of time point samples = 0
Registration using 1 total stages.

Stage 0
  iterations = 100x70x50x20
  convergence threshold = 1e-06
  convergence window size = 10
  number of levels = 4
  using the CC metric (radius = 4, weight = 1, use gradient filter = 0)
  preprocessing:  winsorizing the image intensities
  Shrink factors (level 1 out of 4): [8, 8, 8]
  Shrink factors (level 2 out of 4): [4, 4, 4]
  Shrink factors (level 3 out of 4): [2, 2, 2]
  Shrink factors (level 4 out of 4): [1, 1, 1]
  smoothing sigmas per level: [3, 2, 1, 0]
  Using default NONE metricSamplingStrategy 

*** Running SyN registration (varianceForUpdateField = 3, varianceForTotalField = 0) ***

XXDIAGNOSTIC,Iteration,metricValue,convergenceValue,ITERATION_TIME_INDEX,SINCE_LAST
 1DIAGNOSTIC,     1, -9.299821143398e-01, 1.797693134862e+308, 1.3475e+00, 1.3475e+00, 
 1DIAGNOSTIC,     2, -9.386517654665e-01, 1.797693134862e+308, 1.6881e+00, 3.4053e-01, 
 1DIAGNOSTIC,     3, -9.451674121717e-01, 1.797693134862e+308, 2.0260e+00, 3.3793e-01, 
 1DIAGNOSTIC,     4, -9.498427901474e-01, 1.797693134862e+308, 2.3688e+00, 3.4278e-01, 
 1DIAGNOSTIC,     5, -9.526682142287e-01, 1.797693134862e+308, 2.7013e+00, 3.3254e-01, 
 1DIAGNOSTIC,     6, -9.552851891770e-01, 1.797693134862e+308, 3.0392e+00, 3.3793e-01, 
 1DIAGNOSTIC,     7, -9.584057020560e-01, 1.797693134862e+308, 3.3750e+00, 3.3573e-01, 
 1DIAGNOSTIC,     8, -9.615083726154e-01, 1.797693134862e+308, 3.7141e+00, 3.3916e-01, 
 1DIAGNOSTIC,     9, -9.644484760676e-01, 1.797693134862e+308, 4.0752e+00, 3.6107e-01, 
 1DIAGNOSTIC,    10, -9.671380042150e-01, 2.259263366016e-03, 4.4136e+00, 3.3844e-01, 
 1DIAGNOSTIC,    11, -9.696167327662e-01, 1.765029751849e-03, 4.7608e+00, 3.4718e-01, 
 1DIAGNOSTIC,    12, -9.714156109000e-01, 1.452273511362e-03, 5.1028e+00, 3.4202e-01, 
 1DIAGNOSTIC,    13, -9.717306727086e-01, 1.211228059181e-03, 5.4510e+00, 3.4818e-01, 
 1DIAGNOSTIC,    14, -9.716708976372e-01, 9.929444521009e-04, 5.8143e+00, 3.6324e-01, 
 1DIAGNOSTIC,    15, -9.720667713336e-01, 7.771076580044e-04, 6.2126e+00, 3.9837e-01, 
 1DIAGNOSTIC,    16, -9.721246397679e-01, 5.658287225088e-04, 6.5630e+00, 3.5040e-01, 
 1DIAGNOSTIC,    17, -9.722452141422e-01, 3.834334294576e-04, 6.9089e+00, 3.4592e-01, 
 1DIAGNOSTIC,    18, -9.722135593077e-01, 2.364619687246e-04, 7.2950e+00, 3.8603e-01, 
 1DIAGNOSTIC,    19, -9.722897355381e-01, 1.300725540238e-04, 7.6859e+00, 3.9091e-01, 
 1DIAGNOSTIC,    20, -9.723262619734e-01, 6.201860084965e-05, 8.0319e+00, 3.4603e-01, 
 1DIAGNOSTIC,    21, -9.723392695192e-01, 2.918676233839e-05, 8.3734e+00, 3.4149e-01, 
 1DIAGNOSTIC,    22, -9.724123884509e-01, 2.184565489351e-05, 8.7178e+00, 3.4443e-01, 
 1DIAGNOSTIC,    23, -9.724120384697e-01, 1.735453478213e-05, 9.0804e+00, 3.6258e-01, 
 1DIAGNOSTIC,    24, -9.724996837492e-01, 1.197878916341e-05, 9.4314e+00, 3.5102e-01, 
 1DIAGNOSTIC,    25, -9.724975186278e-01, 1.064508291605e-05, 9.8189e+00, 3.8745e-01, 
 1DIAGNOSTIC,    26, -9.725264448893e-01, 9.494347216747e-06, 1.0185e+01, 3.6601e-01, 
 1DIAGNOSTIC,    27, -9.725247927815e-01, 8.967985338885e-06, 1.0552e+01, 3.6700e-01, 
 1DIAGNOSTIC,    28, -9.725913168411e-01, 8.093953196536e-06, 1.0900e+01, 3.4834e-01, 
 1DIAGNOSTIC,    29, -9.725922813878e-01, 7.381174535061e-06, 1.1254e+01, 3.5414e-01, 
 1DIAGNOSTIC,    30, -9.726897954968e-01, 7.446433209511e-06, 1.1610e+01, 3.5605e-01, 
 1DIAGNOSTIC,    31, -9.726959250897e-01, 7.058552673619e-06, 1.1954e+01, 3.4327e-01, 
 1DIAGNOSTIC,    32, -9.727264663104e-01, 7.093122218818e-06, 1.2297e+01, 3.4358e-01, 
 1DIAGNOSTIC,    33, -9.727393167520e-01, 6.637906507075e-06, 1.2698e+01, 4.0094e-01, 
 1DIAGNOSTIC,    34, -9.728047971660e-01, 6.994894459489e-06, 1.3054e+01, 3.5570e-01, 
 1DIAGNOSTIC,    35, -9.728241777825e-01, 6.878598909656e-06, 1.3415e+01, 3.6146e-01, 
 1DIAGNOSTIC,    36, -9.728366215823e-01, 6.545501180979e-06, 1.3779e+01, 3.6377e-01, 
 1DIAGNOSTIC,    37, -9.728609317185e-01, 5.872695863857e-06, 1.4167e+01, 3.8745e-01, 
 1DIAGNOSTIC,    38, -9.728681536254e-01, 5.332406355057e-06, 1.4556e+01, 3.8985e-01, 
 1DIAGNOSTIC,    39, -9.728967666858e-01, 4.591117666455e-06, 1.4936e+01, 3.7949e-01, 
 1DIAGNOSTIC,    40, -9.728985330420e-01, 4.252707840303e-06, 1.5312e+01, 3.7567e-01, 
 1DIAGNOSTIC,    41, -9.729348694451e-01, 3.908440667097e-06, 1.5671e+01, 3.5912e-01, 
 1DIAGNOSTIC,    42, -9.729248896604e-01, 3.423704987123e-06, 1.6042e+01, 3.7115e-01, 
 1DIAGNOSTIC,    43, -9.729658248655e-01, 3.067754959108e-06, 1.6396e+01, 3.5403e-01, 
 1DIAGNOSTIC,    44, -9.729512485977e-01, 2.837500356189e-06, 1.6785e+01, 3.8864e-01, 
 1DIAGNOSTIC,    45, -9.729925742015e-01, 2.815197432816e-06, 1.7173e+01, 3.8844e-01, 
 1DIAGNOSTIC,    46, -9.729717384780e-01, 2.529914064239e-06, 1.7539e+01, 3.6647e-01, 
 1DIAGNOSTIC,    47, -9.730166764296e-01, 2.519298654295e-06, 1.7895e+01, 3.5512e-01, 
 1DIAGNOSTIC,    48, -9.729892244506e-01, 2.199107420719e-06, 1.8263e+01, 3.6799e-01, 
 1DIAGNOSTIC,    49, -9.730351871212e-01, 2.198690898330e-06, 1.8639e+01, 3.7601e-01, 
 1DIAGNOSTIC,    50, -9.730011523640e-01, 1.849120129956e-06, 1.9033e+01, 3.9418e-01, 
 1DIAGNOSTIC,    51, -9.730523117021e-01, 1.910186005441e-06, 1.9419e+01, 3.8668e-01, 
 1DIAGNOSTIC,    52, -9.730149625959e-01, 1.565318463667e-06, 1.9769e+01, 3.4930e-01, 
 1DIAGNOSTIC,    53, -9.730682789988e-01, 1.674110038090e-06, 2.0110e+01, 3.4094e-01, 
 1DIAGNOSTIC,    54, -9.730264829582e-01, 1.356811370923e-06, 2.0460e+01, 3.4996e-01, 
 1DIAGNOSTIC,    55, -9.730816711189e-01, 1.503704179971e-06, 2.0887e+01, 4.2724e-01, 
 1DIAGNOSTIC,    56, -9.730369909310e-01, 1.199514343780e-06, 2.1257e+01, 3.7062e-01, 
 1DIAGNOSTIC,    57, -9.730941632365e-01, 1.382735093359e-06, 2.1600e+01, 3.4297e-01, 
 1DIAGNOSTIC,    58, -9.731034814763e-01, 1.374872852154e-06, 2.1950e+01, 3.4922e-01, 
 1DIAGNOSTIC,    59, -9.731621705485e-01, 1.813013887200e-06, 2.2298e+01, 3.4806e-01, 
 1DIAGNOSTIC,    60, -9.731113514866e-01, 1.688323936055e-06, 2.2643e+01, 3.4559e-01, 
 1DIAGNOSTIC,    61, -9.731715712355e-01, 2.009538856179e-06, 2.2981e+01, 3.3811e-01, 
 1DIAGNOSTIC,    62, -9.731181940406e-01, 1.732526689474e-06, 2.3327e+01, 3.4531e-01, 
 1DIAGNOSTIC,    63, -9.731802272124e-01, 1.893068932009e-06, 2.3667e+01, 3.3990e-01, 
 1DIAGNOSTIC,    64, -9.731251853711e-01, 1.455713044836e-06, 2.4102e+01, 4.3499e-01, 
 1DIAGNOSTIC,    65, -9.731853796193e-01, 1.478024105987e-06, 2.4446e+01, 3.4485e-01, 
 1DIAGNOSTIC,    66, -9.731310164023e-01, 9.533362903130e-07, 2.4786e+01, 3.3933e-01, 
XXDIAGNOSTIC,Iteration,metricValue,convergenceValue,ITERATION_TIME_INDEX,SINCE_LAST
 1DIAGNOSTIC,     1, -9.119150019308e-01, 1.797693134862e+308, 2.8320e+01, 3.5344e+00, 
 1DIAGNOSTIC,     2, -9.149498546962e-01, 1.797693134862e+308, 3.0829e+01, 2.5091e+00, 
 1DIAGNOSTIC,     3, -9.185320398051e-01, 1.797693134862e+308, 3.3379e+01, 2.5499e+00, 
 1DIAGNOSTIC,     4, -9.215849024660e-01, 1.797693134862e+308, 3.5929e+01, 2.5495e+00, 
 1DIAGNOSTIC,     5, -9.239234948907e-01, 1.797693134862e+308, 3.8355e+01, 2.4268e+00, 
 1DIAGNOSTIC,     6, -9.258974450954e-01, 1.797693134862e+308, 4.0984e+01, 2.6281e+00, 
 1DIAGNOSTIC,     7, -9.275979556284e-01, 1.797693134862e+308, 4.3712e+01, 2.7280e+00, 
 1DIAGNOSTIC,     8, -9.291684905936e-01, 1.797693134862e+308, 4.5968e+01, 2.2566e+00, 
 1DIAGNOSTIC,     9, -9.306598467069e-01, 1.797693134862e+308, 4.8231e+01, 2.2629e+00, 
 1DIAGNOSTIC,    10, -9.320839635156e-01, 1.372321752121e-03, 5.0983e+01, 2.7515e+00, 
 1DIAGNOSTIC,    11, -9.333016387734e-01, 1.100988591562e-03, 5.3649e+01, 2.6669e+00, 
 1DIAGNOSTIC,    12, -9.343651425334e-01, 8.800985036014e-04, 5.6231e+01, 2.5816e+00, 
 1DIAGNOSTIC,    13, -9.352663423161e-01, 7.187518649334e-04, 5.9008e+01, 2.7768e+00, 
 1DIAGNOSTIC,    14, -9.360297769848e-01, 5.982274935365e-04, 6.1662e+01, 2.6544e+00, 
 1DIAGNOSTIC,    15, -9.366756972127e-01, 4.997197609890e-04, 6.4467e+01, 2.8048e+00, 
 1DIAGNOSTIC,    16, -9.373638290942e-01, 4.183990219794e-04, 6.6994e+01, 2.5269e+00, 
 1DIAGNOSTIC,    17, -9.379054048758e-01, 3.482509529599e-04, 6.9309e+01, 2.3148e+00, 
 1DIAGNOSTIC,    18, -9.385508755168e-01, 2.912195718763e-04, 7.1631e+01, 2.3219e+00, 
 1DIAGNOSTIC,    19, -9.388856180136e-01, 2.423636383405e-04, 7.3942e+01, 2.3112e+00, 
 1DIAGNOSTIC,    20, -9.394737100133e-01, 2.065640517188e-04, 7.6615e+01, 2.6735e+00, 
 1DIAGNOSTIC,    21, -9.399028573440e-01, 1.786952957016e-04, 7.9276e+01, 2.6609e+00, 
 1DIAGNOSTIC,    22, -9.403434061546e-01, 1.574370353853e-04, 8.1646e+01, 2.3698e+00, 
 1DIAGNOSTIC,    23, -9.407513939163e-01, 1.406238796625e-04, 8.4254e+01, 2.6082e+00, 
 1DIAGNOSTIC,    24, -9.411097171119e-01, 1.262912475865e-04, 8.6838e+01, 2.5836e+00, 
 1DIAGNOSTIC,    25, -9.414306258490e-01, 1.130089340763e-04, 8.9106e+01, 2.2681e+00, 
 1DIAGNOSTIC,    26, -9.417157539504e-01, 1.015234949684e-04, 9.1470e+01, 2.3644e+00, 
 1DIAGNOSTIC,    27, -9.419738938818e-01, 9.031825385880e-05, 9.4412e+01, 2.9420e+00, 
 1DIAGNOSTIC,    28, -9.422021640147e-01, 8.097357734150e-05, 9.6853e+01, 2.4411e+00, 
 1DIAGNOSTIC,    29, -9.424175355178e-01, 7.038986134958e-05, 9.9336e+01, 2.4831e+00, 
 1DIAGNOSTIC,    30, -9.426104464726e-01, 6.181606889676e-05, 1.0163e+02, 2.2896e+00, 
 1DIAGNOSTIC,    31, -9.427867349571e-01, 5.391380755074e-05, 1.0393e+02, 2.2999e+00, 
 1DIAGNOSTIC,    32, -9.429459054802e-01, 4.712739506790e-05, 1.0689e+02, 2.9636e+00, 
 1DIAGNOSTIC,    33, -9.430851076756e-01, 4.136190829516e-05, 1.0948e+02, 2.5922e+00, 
 1DIAGNOSTIC,    34, -9.432010956120e-01, 3.629188796087e-05, 1.1200e+02, 2.5163e+00, 
 1DIAGNOSTIC,    35, -9.432977510813e-01, 3.173702520239e-05, 1.1458e+02, 2.5809e+00, 
 1DIAGNOSTIC,    36, -9.433837080382e-01, 2.760036751040e-05, 1.1711e+02, 2.5292e+00, 
 1DIAGNOSTIC,    37, -9.434583163926e-01, 2.384581693452e-05, 1.1990e+02, 2.7949e+00, 
 1DIAGNOSTIC,    38, -9.435226144798e-01, 2.040937220149e-05, 1.2263e+02, 2.7226e+00, 
 1DIAGNOSTIC,    39, -9.435786274903e-01, 1.737400888557e-05, 1.2527e+02, 2.6406e+00, 
 1DIAGNOSTIC,    40, -9.436269427889e-01, 1.472217314075e-05, 1.2782e+02, 2.5529e+00, 
 1DIAGNOSTIC,    41, -9.436703639450e-01, 1.247846791770e-05, 1.3034e+02, 2.5195e+00, 
 1DIAGNOSTIC,    42, -9.437061221245e-01, 1.061531997302e-05, 1.3266e+02, 2.3240e+00, 
 1DIAGNOSTIC,    43, -9.437366265922e-01, 9.081236776742e-06, 1.3498e+02, 2.3222e+00, 
 1DIAGNOSTIC,    44, -9.437628713893e-01, 7.790014876576e-06, 1.3729e+02, 2.3037e+00, 
 1DIAGNOSTIC,    45, -9.437876324835e-01, 6.689430133322e-06, 1.3972e+02, 2.4268e+00, 
 1DIAGNOSTIC,    46, -9.438048540339e-01, 5.736098092721e-06, 1.4201e+02, 2.2995e+00, 
 1DIAGNOSTIC,    47, -9.438263112980e-01, 4.954268871461e-06, 1.4430e+02, 2.2859e+00, 
 1DIAGNOSTIC,    48, -9.438424633280e-01, 4.297400862895e-06, 1.4687e+02, 2.5677e+00, 
 1DIAGNOSTIC,    49, -9.438594070123e-01, 3.765740886525e-06, 1.4986e+02, 2.9936e+00, 
 1DIAGNOSTIC,    50, -9.438696740563e-01, 3.307186879402e-06, 1.5295e+02, 3.0912e+00, 
 1DIAGNOSTIC,    51, -9.438827225868e-01, 2.943446518106e-06, 1.5544e+02, 2.4842e+00, 
 1DIAGNOSTIC,    52, -9.438897218808e-01, 2.617198733235e-06, 1.5772e+02, 2.2867e+00, 
 1DIAGNOSTIC,    53, -9.438999462266e-01, 2.341407273475e-06, 1.6004e+02, 2.3201e+00, 
 1DIAGNOSTIC,    54, -9.439033556336e-01, 2.072457935841e-06, 1.6238e+02, 2.3336e+00, 
 1DIAGNOSTIC,    55, -9.439119932352e-01, 1.854518382700e-06, 1.6473e+02, 2.3534e+00, 
 1DIAGNOSTIC,    56, -9.439139764865e-01, 1.623478306765e-06, 1.6702e+02, 2.2901e+00, 
 1DIAGNOSTIC,    57, -9.439222293620e-01, 1.456298842833e-06, 1.6934e+02, 2.3195e+00, 
 1DIAGNOSTIC,    58, -9.439222583805e-01, 1.291104450459e-06, 1.7172e+02, 2.3747e+00, 
 1DIAGNOSTIC,    59, -9.439252323526e-01, 1.162535801260e-06, 1.7401e+02, 2.2980e+00, 
 1DIAGNOSTIC,    60, -9.439246967243e-01, 1.026502724977e-06, 1.7632e+02, 2.3025e+00, 
 1DIAGNOSTIC,    61, -9.439352797758e-01, 9.644164308924e-07, 1.7901e+02, 2.6990e+00, 
XXDIAGNOSTIC,Iteration,metricValue,convergenceValue,ITERATION_TIME_INDEX,SINCE_LAST
 1DIAGNOSTIC,     1, -8.980845743643e-01, 1.797693134862e+308, 2.0117e+02, 2.2157e+01, 
 1DIAGNOSTIC,     2, -9.002368858866e-01, 1.797693134862e+308, 2.2195e+02, 2.0779e+01, 
 1DIAGNOSTIC,     3, -9.030352595920e-01, 1.797693134862e+308, 2.5376e+02, 3.1806e+01, 
 1DIAGNOSTIC,     4, -9.056563325956e-01, 1.797693134862e+308, 2.9428e+02, 4.0521e+01, 
 1DIAGNOSTIC,     5, -9.080180635908e-01, 1.797693134862e+308, 3.3982e+02, 4.5547e+01, 
 1DIAGNOSTIC,     6, -9.101384111954e-01, 1.797693134862e+308, 3.8318e+02, 4.3352e+01, 
 1DIAGNOSTIC,     7, -9.120487034883e-01, 1.797693134862e+308, 4.2295e+02, 3.9771e+01, 
 1DIAGNOSTIC,     8, -9.137449353900e-01, 1.797693134862e+308, 4.5193e+02, 2.8987e+01, 
 1DIAGNOSTIC,     9, -9.151299868169e-01, 1.797693134862e+308, 4.7533e+02, 2.3393e+01, 
 1DIAGNOSTIC,    10, -9.165129669949e-01, 1.326603059055e-03, 4.9615e+02, 2.0827e+01, 
 1DIAGNOSTIC,    11, -9.176458896442e-01, 1.106283639806e-03, 5.1494e+02, 1.8788e+01, 
 1DIAGNOSTIC,    12, -9.186884896206e-01, 9.059272462551e-04, 5.3418e+02, 1.9242e+01, 
 1DIAGNOSTIC,    13, -9.197875958338e-01, 7.475558576562e-04, 5.5742e+02, 2.3241e+01, 
 1DIAGNOSTIC,    14, -9.205077565754e-01, 6.177537091765e-04, 5.9188e+02, 3.4459e+01, 
 1DIAGNOSTIC,    15, -9.213266922723e-01, 5.146284687288e-04, 6.3198e+02, 4.0100e+01, 
 1DIAGNOSTIC,    16, -9.219263532012e-01, 4.297582102792e-04, 6.6277e+02, 3.0790e+01, 
 1DIAGNOSTIC,    17, -9.226172651997e-01, 3.626505126072e-04, 6.8722e+02, 2.4447e+01, 
 1DIAGNOSTIC,    18, -9.231310359546e-01, 3.074411375166e-04, 7.2558e+02, 3.8357e+01, 
 1DIAGNOSTIC,    19, -9.236170218493e-01, 2.599862148311e-04, 7.6844e+02, 4.2862e+01, 
 1DIAGNOSTIC,    20, -9.240689260498e-01, 2.215635283122e-04, 8.0709e+02, 3.8648e+01, 
 1DIAGNOSTIC,    21, -9.244931750009e-01, 1.890896757903e-04, 8.4053e+02, 3.3447e+01, 
 1DIAGNOSTIC,    22, -9.248936666193e-01, 1.621082997934e-04, 8.6843e+02, 2.7895e+01, 
 1DIAGNOSTIC,    23, -9.252683875620e-01, 1.421725844236e-04, 8.9170e+02, 2.3275e+01, 
 1DIAGNOSTIC,    24, -9.256249988708e-01, 1.244300259525e-04, 9.3213e+02, 4.0424e+01, 
 1DIAGNOSTIC,    25, -9.259648059472e-01, 1.107993538539e-04, 9.7631e+02, 4.4178e+01, 
 1DIAGNOSTIC,    26, -9.262811537281e-01, 9.866276378286e-05, 1.0003e+03, 2.3948e+01, 
 1DIAGNOSTIC,    27, -9.265826319950e-01, 8.952395939522e-05, 1.0215e+03, 2.1217e+01, 
 1DIAGNOSTIC,    28, -9.268683903704e-01, 8.144462371278e-05, 1.0425e+03, 2.1048e+01, 
 1DIAGNOSTIC,    29, -9.271386049838e-01, 7.431651336798e-05, 1.0676e+03, 2.5122e+01, 
 1DIAGNOSTIC,    30, -9.273952879070e-01, 6.796412263189e-05, 1.1086e+03, 4.0940e+01, 
 1DIAGNOSTIC,    31, -9.276388775554e-01, 6.227510805377e-05, 1.1538e+03, 4.5256e+01, 
 1DIAGNOSTIC,    32, -9.278731168051e-01, 5.720204061535e-05, 1.1993e+03, 4.5426e+01, 
 1DIAGNOSTIC,    33, -9.280950231838e-01, 5.262829531879e-05, 1.2388e+03, 3.9495e+01, 
 1DIAGNOSTIC,    34, -9.283075932198e-01, 4.853133664787e-05, 1.2768e+03, 3.8041e+01, 
 1DIAGNOSTIC,    35, -9.285102912516e-01, 4.488008935751e-05, 1.3052e+03, 2.8432e+01, 
 1DIAGNOSTIC,    36, -9.287091438526e-01, 4.161919468450e-05, 1.3332e+03, 2.8007e+01, 
 1DIAGNOSTIC,    37, -9.288993065196e-01, 3.871185555896e-05, 1.3570e+03, 2.3745e+01, 
 1DIAGNOSTIC,    38, -9.290849474338e-01, 3.613742684610e-05, 1.3769e+03, 1.9905e+01, 
 1DIAGNOSTIC,    39, -9.292633925215e-01, 3.383973983733e-05, 1.3959e+03, 1.9039e+01, 
 1DIAGNOSTIC,    40, -9.294360419561e-01, 3.178095253654e-05, 1.4146e+03, 1.8707e+01, 
 1DIAGNOSTIC,    41, -9.296053554049e-01, 2.993563876961e-05, 1.4366e+03, 2.1990e+01, 
 1DIAGNOSTIC,    42, -9.297714640201e-01, 2.829897288880e-05, 1.4660e+03, 2.9424e+01, 
 1DIAGNOSTIC,    43, -9.299326258508e-01, 2.682131372439e-05, 1.5022e+03, 3.6124e+01, 
 1DIAGNOSTIC,    44, -9.300850387271e-01, 2.544493136779e-05, 1.5410e+03, 3.8812e+01, 
 1DIAGNOSTIC,    45, -9.302230236239e-01, 2.407082998281e-05, 1.5862e+03, 4.5256e+01, 
 1DIAGNOSTIC,    46, -9.303395739699e-01, 2.260906107402e-05, 1.6305e+03, 4.4235e+01, 
 1DIAGNOSTIC,    47, -9.304407168773e-01, 2.099887714778e-05, 1.6735e+03, 4.3075e+01, 
 1DIAGNOSTIC,    48, -9.305276442720e-01, 1.923814403787e-05, 1.6980e+03, 2.4419e+01, 
 1DIAGNOSTIC,    49, -9.306095129883e-01, 1.738659791618e-05, 1.7200e+03, 2.2080e+01, 
 1DIAGNOSTIC,    50, -9.306788969630e-01, 1.547701409556e-05, 1.7389e+03, 1.8888e+01, 
XXDIAGNOSTIC,Iteration,metricValue,convergenceValue,ITERATION_TIME_INDEX,SINCE_LAST
 1DIAGNOSTIC,     1, -8.830464138266e-01, 1.797693134862e+308, 1.9678e+03, 2.2886e+02, 
 1DIAGNOSTIC,     2, -8.844794818873e-01, 1.797693134862e+308, 2.3145e+03, 3.4673e+02, 
 1DIAGNOSTIC,     3, -8.861622718965e-01, 1.797693134862e+308, 2.6639e+03, 3.4940e+02, 
 1DIAGNOSTIC,     4, -8.877302406162e-01, 1.797693134862e+308, 2.9546e+03, 2.9070e+02, 
 1DIAGNOSTIC,     5, -8.892219672360e-01, 1.797693134862e+308, 3.2669e+03, 3.1226e+02, 
 1DIAGNOSTIC,     6, -8.907119187100e-01, 1.797693134862e+308, 3.6242e+03, 3.5730e+02, 
 1DIAGNOSTIC,     7, -8.920801507784e-01, 1.797693134862e+308, 3.9377e+03, 3.1346e+02, 
 1DIAGNOSTIC,     8, -8.933462907712e-01, 1.797693134862e+308, 4.2550e+03, 3.1739e+02, 
 1DIAGNOSTIC,     9, -8.945178419751e-01, 1.797693134862e+308, 4.5594e+03, 3.0432e+02, 
 1DIAGNOSTIC,    10, -8.955855711292e-01, 9.177512483752e-04, 4.8201e+03, 2.6074e+02, 
 1DIAGNOSTIC,    11, -8.965921021412e-01, 7.940471435897e-04, 5.1320e+03, 3.1188e+02, 
 1DIAGNOSTIC,    12, -8.974280651809e-01, 6.795313051739e-04, 5.3823e+03, 2.5031e+02, 
 1DIAGNOSTIC,    13, -8.983094752170e-01, 5.838289886574e-04, 5.7105e+03, 3.2823e+02, 
 1DIAGNOSTIC,    14, -8.989302027299e-01, 4.982307433482e-04, 6.0286e+03, 3.1805e+02, 
 1DIAGNOSTIC,    15, -8.994900191011e-01, 4.218743643548e-04, 6.3320e+03, 3.0346e+02, 
 1DIAGNOSTIC,    16, -9.000038719082e-01, 3.560475424843e-04, 6.6518e+03, 3.1976e+02, 
 1DIAGNOSTIC,    17, -9.004720640031e-01, 2.993539115344e-04, 7.0041e+03, 3.5237e+02, 
 1DIAGNOSTIC,    18, -9.009238387579e-01, 2.514766899779e-04, 7.3427e+03, 3.3853e+02, 
 1DIAGNOSTIC,    19, -9.013448579855e-01, 2.118545681208e-04, 7.5828e+03, 2.4012e+02, 
 1DIAGNOSTIC,    20, -9.017421716784e-01, 1.796991254238e-04, 7.7942e+03, 2.1140e+02, 
  Elapsed time (stage 0): 7795.79


Total elapsed time: 7795.8
