
##########################
# Experiment information #
##########################

EXPERIMENT_NAME: antsRegistration-r8-p17
VFC_BACKENDS: libinterflop_vprec.so --range-binary32=8 --precision-binary32=17 --range-binary64=8 --precision-binary64=17

SIF_IMG: /home/mdugre/projects/rrg-glatard/mdugre/containers/ants-vprec-no_metrics.simg

SUBJECT_ID: s030
INPUT_IMG: /home/mdugre/scratch/mri-registration-rp/datasets/ds004513/derivatives/mri-registration-rp/antsBrainExtraction/sub-s030/BrainExtractionBrain.nii.gz
OUTPUT_DIR: /home/mdugre/scratch/mri-registration-rp/datasets/ds004513/derivatives/mri-registration-rp/0110/antsRegistration-r8-p17/sub-s030

FIXED_IMG: /templateflow/tpl-MNI152NLin2009cAsym/tpl-MNI152NLin2009cAsym_res-01_desc-brain_T1w.nii.gz
DATA_DIR: /home/mdugre/scratch/mri-registration-rp/datasets/ds004513
TEMPLATEFLOW_DIR: /home/mdugre/projects/rrg-glatard/mdugre/templateflow
ITK_GLOBAL_DEFAULT_NUMBER_OF_THREADS: 16
##########################

Info [verificarlo]: loaded backend libinterflop_ieee.so
Info [interflop-ieee]: load backend with:
Info [interflop-ieee]: debug = false
Info [interflop-ieee]: debug-binary = false
Info [interflop-ieee]: no-backend-name = false
Info [interflop-ieee]: print-new-line = false
Info [interflop-ieee]: print-subnormal-normalized = false
Info [interflop-ieee]: count-op = false
All_Command_lines_OK
Using double precision for computations.
=============================================================================
The composite transform comprises the following transforms (in order): 
  1. Center of mass alignment using fixed image: /templateflow/tpl-MNI152NLin2009cAsym/tpl-MNI152NLin2009cAsym_res-01_desc-brain_T1w.nii.gz and moving image: /home/mdugre/scratch/mri-registration-rp/datasets/ds004513/derivatives/mri-registration-rp/antsBrainExtraction/sub-s030/BrainExtractionBrain.nii.gz (type = Euler3DTransform)
=============================================================================
  number of levels = 1
  fixed image: /templateflow/tpl-MNI152NLin2009cAsym/tpl-MNI152NLin2009cAsym_res-01_desc-brain_T1w.nii.gz
  moving image: /home/mdugre/scratch/mri-registration-rp/datasets/ds004513/derivatives/mri-registration-rp/antsBrainExtraction/sub-s030/BrainExtractionBrain.nii.gz
Dimension = 3
Number of stages = 1
Use histogram matching = false
Winsorize image intensities = true
  Lower quantile = 0.005
  Upper quantile = 0.995


Stage 1 State
   Image metric = MattesMI
     Fixed image = Image (0x4a39e70)
  RTTI typeinfo:   itk::Image<double, 3u>
  Reference Count: 2
  Modified Time: 2330
  Debug: Off
  Object Name: 
  Observers: 
    none
  Source: (none)
  Source output name: (none)
  Release Data: Off
  Data Released: False
  Global Release Data: Off
  PipelineMTime: 0
  UpdateMTime: 1941
  RealTimeStamp: 0 seconds 
  LargestPossibleRegion: 
    Dimension: 3
    Index: [0, 0, 0]
    Size: [193, 229, 193]
  BufferedRegion: 
    Dimension: 3
    Index: [0, 0, 0]
    Size: [193, 229, 193]
  RequestedRegion: 
    Dimension: 3
    Index: [0, 0, 0]
    Size: [193, 229, 193]
  Spacing: [1, 1, 1]
  Origin: [96, 132, -78]
  Direction: 
-1 0 0
0 -1 0
0 0 1

  IndexToPointMatrix: 
-1 0 0
0 -1 0
0 0 1

  PointToIndexMatrix: 
-1 0 0
0 -1 0
0 0 1

  Inverse Direction: 
-1 0 0
0 -1 0
0 0 1

  PixelContainer: 
    ImportImageContainer (0x4a42c60)
      RTTI typeinfo:   itk::ImportImageContainer<unsigned long, double>
      Reference Count: 1
      Modified Time: 1938
      Debug: Off
      Object Name: 
      Observers: 
        none
      Pointer: 0x151d22c47010
      Container manages memory: true
      Size: 8530021
      Capacity: 8530021

     Moving image = Image (0x4ad7030)
  RTTI typeinfo:   itk::Image<double, 3u>
  Reference Count: 2
  Modified Time: 2331
  Debug: Off
  Object Name: 
  Observers: 
    none
  Source: (none)
  Source output name: (none)
  Release Data: Off
  Data Released: False
  Global Release Data: Off
  PipelineMTime: 0
  UpdateMTime: 2328
  RealTimeStamp: 0 seconds 
  LargestPossibleRegion: 
    Dimension: 3
    Index: [0, 0, 0]
    Size: [160, 240, 256]
  BufferedRegion: 
    Dimension: 3
    Index: [0, 0, 0]
    Size: [160, 240, 256]
  RequestedRegion: 
    Dimension: 3
    Index: [0, 0, 0]
    Size: [160, 240, 256]
  Spacing: [1, 1, 1]
  Origin: [74.5645, 103.784, -122.692]
  Direction: 
-0.99889 0.0471064 0
-0.0471064 -0.99889 0
0 0 1

  IndexToPointMatrix: 
-0.99889 0.0471064 0
-0.0471064 -0.99889 0
0 0 1

  PointToIndexMatrix: 
-0.99889 -0.0471064 0
0.0471064 -0.99889 0
0 0 1

  Inverse Direction: 
-0.99889 -0.0471064 0
0.0471064 -0.99889 0
0 0 1

  PixelContainer: 
    ImportImageContainer (0x4bd1e50)
      RTTI typeinfo:   itk::ImportImageContainer<unsigned long, double>
      Reference Count: 1
      Modified Time: 2325
      Debug: Off
      Object Name: 
      Observers: 
        none
      Pointer: 0x151d1e146010
      Container manages memory: true
      Size: 9830400
      Capacity: 9830400

     Weighting = 1
     Sampling strategy = regular
     Number of bins = 32
     Radius = 4
     Sampling percentage  = 0.25
   Transform = Rigid
     Gradient step = 0.1
     Update field sigma (voxel space) = 0
     Total field sigma (voxel space) = 0
     Update field time sigma = 0
     Total field time sigma  = 0
     Number of time indices = 0
     Number of time point samples = 0
Registration using 1 total stages.

Stage 0
  iterations = 0
  convergence threshold = 1e-06
  convergence window size = 10
  number of levels = 1
  using the Mattes MI metric (number of bins = 32, weight = 1, use gradient filter = 0)
  preprocessing:  winsorizing the image intensities
  Shrink factors (level 1 out of 1): [1, 1, 1]
  smoothing sigmas per level: [0]
  regular sampling (percentage = 0.25)

*** Running Euler3DTransform registration ***

  Elapsed time (stage 0): 1.15098


Total elapsed time: 1.1532
Info [verificarlo]: loaded backend libinterflop_vprec.so
Info [interflop-vprec]: load backend with: 
Info [interflop-vprec]: precision-binary32 = 17
Info [interflop-vprec]: range-binary32 = 8
Info [interflop-vprec]: precision-binary64 = 17
Info [interflop-vprec]: range-binary64 = 8
Info [interflop-vprec]: mode = ob
Info [interflop-vprec]: error-mode = rel
Info [interflop-vprec]: max-abs-error-exponent = -1022
Info [interflop-vprec]: daz = false
Info [interflop-vprec]: ftz = false
Info [interflop-vprec]: 	instrument = none
Info [interflop-vprec]: 	prec-input-file = (null)
Info [interflop-vprec]: 	prec-output-file = (null)
Info [interflop-vprec]: 	prec-log-file = (null)
All_Command_lines_OK
Using double precision for computations.
=============================================================================
The composite transform comprises the following transforms (in order): 
  1. /home/mdugre/scratch/mri-registration-rp/datasets/ds004513/derivatives/mri-registration-rp/0110/antsRegistration-r8-p17/sub-s030/align_Composite.h5[0] (type = Euler3DTransform)
  2. /home/mdugre/scratch/mri-registration-rp/datasets/ds004513/derivatives/mri-registration-rp/0110/antsRegistration-r8-p17/sub-s030/align_Composite.h5[1] (type = Euler3DTransform)
=============================================================================
  number of levels = 4
  fixed image: /templateflow/tpl-MNI152NLin2009cAsym/tpl-MNI152NLin2009cAsym_res-01_desc-brain_T1w.nii.gz
  moving image: /home/mdugre/scratch/mri-registration-rp/datasets/ds004513/derivatives/mri-registration-rp/antsBrainExtraction/sub-s030/BrainExtractionBrain.nii.gz
Dimension = 3
Number of stages = 1
Use histogram matching = false
Winsorize image intensities = true
  Lower quantile = 0.005
  Upper quantile = 0.995


Stage 1 State
   Image metric = MattesMI
     Fixed image = Image (0x34a71e0)
  RTTI typeinfo:   itk::Image<double, 3u>
  Reference Count: 2
  Modified Time: 1578
  Debug: Off
  Object Name: 
  Observers: 
    none
  Source: (none)
  Source output name: (none)
  Release Data: Off
  Data Released: False
  Global Release Data: Off
  PipelineMTime: 0
  UpdateMTime: 1189
  RealTimeStamp: 0 seconds 
  LargestPossibleRegion: 
    Dimension: 3
    Index: [0, 0, 0]
    Size: [193, 229, 193]
  BufferedRegion: 
    Dimension: 3
    Index: [0, 0, 0]
    Size: [193, 229, 193]
  RequestedRegion: 
    Dimension: 3
    Index: [0, 0, 0]
    Size: [193, 229, 193]
  Spacing: [1, 1, 1]
  Origin: [96, 132, -78]
  Direction: 
-1 0 0
0 -1 0
0 0 1

  IndexToPointMatrix: 
-1 0 0
0 -1 0
0 0 1

  PointToIndexMatrix: 
-1 0 0
0 -1 0
0 0 1

  Inverse Direction: 
-1 0 0
0 -1 0
0 0 1

  PixelContainer: 
    ImportImageContainer (0x3566680)
      RTTI typeinfo:   itk::ImportImageContainer<unsigned long, double>
      Reference Count: 1
      Modified Time: 1186
      Debug: Off
      Object Name: 
      Observers: 
        none
      Pointer: 0x149ce8d9b010
      Container manages memory: true
      Size: 8530021
      Capacity: 8530021

     Moving image = Image (0x3562b20)
  RTTI typeinfo:   itk::Image<double, 3u>
  Reference Count: 2
  Modified Time: 1579
  Debug: Off
  Object Name: 
  Observers: 
    none
  Source: (none)
  Source output name: (none)
  Release Data: Off
  Data Released: False
  Global Release Data: Off
  PipelineMTime: 0
  UpdateMTime: 1576
  RealTimeStamp: 0 seconds 
  LargestPossibleRegion: 
    Dimension: 3
    Index: [0, 0, 0]
    Size: [160, 240, 256]
  BufferedRegion: 
    Dimension: 3
    Index: [0, 0, 0]
    Size: [160, 240, 256]
  RequestedRegion: 
    Dimension: 3
    Index: [0, 0, 0]
    Size: [160, 240, 256]
  Spacing: [1, 1, 1]
  Origin: [74.5645, 103.784, -122.691]
  Direction: 
-0.99889 0.0471065 0
-0.0471065 -0.99889 0
0 0 1

  IndexToPointMatrix: 
-0.99889 0.0471065 0
-0.0471065 -0.99889 0
0 0 1

  PointToIndexMatrix: 
-0.998886 -0.0471065 0
0.0471065 -0.99889 0
0 0 1

  Inverse Direction: 
-0.998886 -0.0471065 0
0.0471065 -0.99889 0
0 0 1

  PixelContainer: 
    ImportImageContainer (0x35cbd50)
      RTTI typeinfo:   itk::ImportImageContainer<unsigned long, double>
      Reference Count: 1
      Modified Time: 1573
      Debug: Off
      Object Name: 
      Observers: 
        none
      Pointer: 0x149ce429a010
      Container manages memory: true
      Size: 9830400
      Capacity: 9830400

     Weighting = 1
     Sampling strategy = regular
     Number of bins = 32
     Radius = 4
     Sampling percentage  = 0.25
   Transform = Rigid
     Gradient step = 0.1
     Update field sigma (voxel space) = 0
     Total field sigma (voxel space) = 0
     Update field time sigma = 0
     Total field time sigma  = 0
     Number of time indices = 0
     Number of time point samples = 0
Registration using 1 total stages.

Stage 0
  iterations = 1000x500x250x100
  convergence threshold = 1e-06
  convergence window size = 10
  number of levels = 4
  using the Mattes MI metric (number of bins = 32, weight = 1, use gradient filter = 0)
  preprocessing:  winsorizing the image intensities
  Shrink factors (level 1 out of 4): [8, 8, 8]
  Shrink factors (level 2 out of 4): [4, 4, 4]
  Shrink factors (level 3 out of 4): [2, 2, 2]
  Shrink factors (level 4 out of 4): [1, 1, 1]
  smoothing sigmas per level: [3, 2, 1, 0]
  regular sampling (percentage = 0.25)

*** Running Euler3DTransform registration ***

DIAGNOSTIC,Iteration,metricValue,convergenceValue,ITERATION_TIME_INDEX,SINCE_LAST
 2DIAGNOSTIC,     1, -5.886479147947e-01, 1.797693134862e+308, 0.0000e+00, 0.0000e+00, 
 2DIAGNOSTIC,     2, -5.894447433724e-01, 1.797693134862e+308, 0.0000e+00, 0.0000e+00, 
 2DIAGNOSTIC,     3, -5.922166073737e-01, 1.797693134862e+308, 0.0000e+00, 0.0000e+00, 
 2DIAGNOSTIC,     4, -5.960273501262e-01, 1.797693134862e+308, 0.0000e+00, 0.0000e+00, 
 2DIAGNOSTIC,     5, -5.969173358342e-01, 1.797693134862e+308, 0.0000e+00, 0.0000e+00, 
 2DIAGNOSTIC,     6, -5.987112933571e-01, 1.797693134862e+308, 0.0000e+00, 0.0000e+00, 
 2DIAGNOSTIC,     7, -5.993878602094e-01, 1.797693134862e+308, 0.0000e+00, 0.0000e+00, 
 2DIAGNOSTIC,     8, -5.993946880613e-01, 1.797693134862e+308, 0.0000e+00, 0.0000e+00, 
 2DIAGNOSTIC,     9, -5.996887903037e-01, 1.797693134862e+308, 0.0000e+00, 0.0000e+00, 
 2DIAGNOSTIC,    10, -6.001151815581e-01, 1.305903642601e-03, 0.0000e+00, 0.0000e+00, 
 2DIAGNOSTIC,    11, -6.004156553105e-01, 9.433067362374e-04, 0.0000e+00, 0.0000e+00, 
 2DIAGNOSTIC,    12, -6.010832815236e-01, 6.138719606960e-04, 0.0000e+00, 0.0000e+00, 
 2DIAGNOSTIC,    13, -6.019962608898e-01, 4.121596623668e-04, 0.0000e+00, 0.0000e+00, 
 2DIAGNOSTIC,    14, -6.026384560900e-01, 3.531013702699e-04, 0.0000e+00, 0.0000e+00, 
 2DIAGNOSTIC,    15, -6.028698356114e-01, 3.039365329123e-04, 0.0000e+00, 0.0000e+00, 
 2DIAGNOSTIC,    16, -6.030459182864e-01, 2.915580162808e-04, 0.0000e+00, 0.0000e+00, 
 2DIAGNOSTIC,    17, -6.030126369797e-01, 2.720439238294e-04, 0.0000e+00, 0.0000e+00, 
 2DIAGNOSTIC,    18, -6.031325645908e-01, 2.327906641002e-04, 0.0000e+00, 0.0000e+00, 
 2DIAGNOSTIC,    19, -6.030816995833e-01, 1.820266017012e-04, 0.0000e+00, 0.0000e+00, 
 2DIAGNOSTIC,    20, -6.034630724696e-01, 1.389980032129e-04, 0.0000e+00, 0.0000e+00, 
 2DIAGNOSTIC,    21, -6.036664841249e-01, 9.842512813494e-05, 0.0000e+00, 0.0000e+00, 
 2DIAGNOSTIC,    22, -6.038081961051e-01, 6.958198903340e-05, 0.0000e+00, 0.0000e+00, 
 2DIAGNOSTIC,    23, -6.039539210281e-01, 5.849570828577e-05, 0.0000e+00, 0.0000e+00, 
 2DIAGNOSTIC,    24, -6.039258233018e-01, 5.500337019866e-05, 0.0000e+00, 0.0000e+00, 
 2DIAGNOSTIC,    25, -6.039698904735e-01, 5.186301422187e-05, 0.0000e+00, 0.0000e+00, 
 2DIAGNOSTIC,    26, -6.042296845574e-01, 5.208827329890e-05, 0.0000e+00, 0.0000e+00, 
 2DIAGNOSTIC,    27, -6.042959039005e-01, 4.792765218428e-05, 0.0000e+00, 0.0000e+00, 
 2DIAGNOSTIC,    28, -6.043018476591e-01, 4.192699866844e-05, 0.0000e+00, 0.0000e+00, 
 2DIAGNOSTIC,    29, -6.042998789861e-01, 3.160343620421e-05, 0.0000e+00, 0.0000e+00, 
 2DIAGNOSTIC,    30, -6.043095170695e-01, 2.521855598885e-05, 0.0000e+00, 0.0000e+00, 
 2DIAGNOSTIC,    31, -6.043150705605e-01, 2.003041795832e-05, 0.0000e+00, 0.0000e+00, 
 2DIAGNOSTIC,    32, -6.043287267282e-01, 1.557453119828e-05, 0.0000e+00, 0.0000e+00, 
 2DIAGNOSTIC,    33, -6.043367120998e-01, 1.228153735470e-05, 0.0000e+00, 0.0000e+00, 
 2DIAGNOSTIC,    34, -6.042550115416e-01, 6.623144920302e-06, 0.0000e+00, 0.0000e+00, 
 2DIAGNOSTIC,    35, -6.042692039159e-01, 1.480498485501e-06, 0.0000e+00, 0.0000e+00, 
DIAGNOSTIC,Iteration,metricValue,convergenceValue,ITERATION_TIME_INDEX,SINCE_LAST
 2DIAGNOSTIC,     1, -5.031795380986e-01, 1.797693134862e+308, 0.0000e+00, 0.0000e+00, 
 2DIAGNOSTIC,     2, -5.038132472078e-01, 1.797693134862e+308, 0.0000e+00, 0.0000e+00, 
 2DIAGNOSTIC,     3, -5.043513060960e-01, 1.797693134862e+308, 0.0000e+00, 0.0000e+00, 
 2DIAGNOSTIC,     4, -5.046913517291e-01, 1.797693134862e+308, 0.0000e+00, 0.0000e+00, 
 2DIAGNOSTIC,     5, -5.049926233178e-01, 1.797693134862e+308, 0.0000e+00, 0.0000e+00, 
 2DIAGNOSTIC,     6, -5.055511388746e-01, 1.797693134862e+308, 0.0000e+00, 0.0000e+00, 
 2DIAGNOSTIC,     7, -5.071928049287e-01, 1.797693134862e+308, 0.0000e+00, 0.0000e+00, 
 2DIAGNOSTIC,     8, -5.092583920878e-01, 1.797693134862e+308, 0.0000e+00, 0.0000e+00, 
 2DIAGNOSTIC,     9, -5.094211430127e-01, 1.797693134862e+308, 0.0000e+00, 0.0000e+00, 
 2DIAGNOSTIC,    10, -5.094328828280e-01, 8.935284688771e-04, 0.0000e+00, 0.0000e+00, 
 2DIAGNOSTIC,    11, -5.094383971821e-01, 8.011152827807e-04, 0.0000e+00, 0.0000e+00, 
 2DIAGNOSTIC,    12, -5.094092652219e-01, 6.789764468768e-04, 0.0000e+00, 0.0000e+00, 
 2DIAGNOSTIC,    13, -5.094285437565e-01, 5.370928757694e-04, 0.0000e+00, 0.0000e+00, 
 2DIAGNOSTIC,    14, -5.094466929942e-01, 3.819046664785e-04, 0.0000e+00, 0.0000e+00, 
 2DIAGNOSTIC,    15, -5.094841130626e-01, 2.268378618893e-04, 0.0000e+00, 0.0000e+00, 
 2DIAGNOSTIC,    16, -5.094949971534e-01, 8.986109815069e-05, 0.0000e+00, 0.0000e+00, 
 2DIAGNOSTIC,    17, -5.095066312089e-01, 1.357954276507e-05, 0.0000e+00, 0.0000e+00, 
 2DIAGNOSTIC,    18, -5.095034261411e-01, 8.735270314732e-06, 0.0000e+00, 0.0000e+00, 
 2DIAGNOSTIC,    19, -5.095055376484e-01, 8.587834775406e-06, 0.0000e+00, 0.0000e+00, 
 2DIAGNOSTIC,    20, -5.094830704104e-01, 7.488089564009e-06, 0.0000e+00, 0.0000e+00, 
 2DIAGNOSTIC,    21, -5.094781014841e-01, 6.000602669712e-06, 0.0000e+00, 0.0000e+00, 
 2DIAGNOSTIC,    22, -5.094780744589e-01, 3.486365977044e-06, 0.0000e+00, 0.0000e+00, 
 2DIAGNOSTIC,    23, -5.094714528958e-01, 1.299765550009e-06, 0.0000e+00, 0.0000e+00, 
DIAGNOSTIC,Iteration,metricValue,convergenceValue,ITERATION_TIME_INDEX,SINCE_LAST
 2DIAGNOSTIC,     1, -4.352935064199e-01, 1.797693134862e+308, 0.0000e+00, 0.0000e+00, 
 2DIAGNOSTIC,     2, -4.354937225700e-01, 1.797693134862e+308, 0.0000e+00, 0.0000e+00, 
 2DIAGNOSTIC,     3, -4.356680137446e-01, 1.797693134862e+308, 0.0000e+00, 0.0000e+00, 
 2DIAGNOSTIC,     4, -4.357277633856e-01, 1.797693134862e+308, 0.0000e+00, 0.0000e+00, 
 2DIAGNOSTIC,     5, -4.357419008709e-01, 1.797693134862e+308, 0.0000e+00, 0.0000e+00, 
 2DIAGNOSTIC,     6, -4.357290175556e-01, 1.797693134862e+308, 0.0000e+00, 0.0000e+00, 
 2DIAGNOSTIC,     7, -4.357434948550e-01, 1.797693134862e+308, 0.0000e+00, 0.0000e+00, 
 2DIAGNOSTIC,     8, -4.357990159147e-01, 1.797693134862e+308, 0.0000e+00, 0.0000e+00, 
 2DIAGNOSTIC,     9, -4.358159474281e-01, 1.797693134862e+308, 0.0000e+00, 0.0000e+00, 
 2DIAGNOSTIC,    10, -4.358317158076e-01, 6.296181304782e-05, 0.0000e+00, 0.0000e+00, 
 2DIAGNOSTIC,    11, -4.358699053309e-01, 3.904649995823e-05, 0.0000e+00, 0.0000e+00, 
 2DIAGNOSTIC,    12, -4.359542323891e-01, 3.106450645568e-05, 0.0000e+00, 0.0000e+00, 
 2DIAGNOSTIC,    13, -4.360677957559e-01, 3.595906963792e-05, 0.0000e+00, 0.0000e+00, 
 2DIAGNOSTIC,    14, -4.361155260730e-01, 4.199887488403e-05, 0.0000e+00, 0.0000e+00, 
 2DIAGNOSTIC,    15, -4.361183364802e-01, 4.444339366219e-05, 0.0000e+00, 0.0000e+00, 
 2DIAGNOSTIC,    16, -4.362271354872e-01, 4.668349206144e-05, 0.0000e+00, 0.0000e+00, 
 2DIAGNOSTIC,    17, -4.366125638185e-01, 5.967141482026e-05, 0.0000e+00, 0.0000e+00, 
 2DIAGNOSTIC,    18, -4.366095172543e-01, 6.734838362955e-05, 0.0000e+00, 0.0000e+00, 
 2DIAGNOSTIC,    19, -4.366048455004e-01, 6.878659481225e-05, 0.0000e+00, 0.0000e+00, 
 2DIAGNOSTIC,    20, -4.366062482051e-01, 6.464820930254e-05, 0.0000e+00, 0.0000e+00, 
 2DIAGNOSTIC,    21, -4.366046739796e-01, 5.605062345634e-05, 0.0000e+00, 0.0000e+00, 
 2DIAGNOSTIC,    22, -4.366015877342e-01, 4.526687522253e-05, 0.0000e+00, 0.0000e+00, 
 2DIAGNOSTIC,    23, -4.366020784733e-01, 3.452906594561e-05, 0.0000e+00, 0.0000e+00, 
 2DIAGNOSTIC,    24, -4.366015949526e-01, 2.306647909314e-05, 0.0000e+00, 0.0000e+00, 
 2DIAGNOSTIC,    25, -4.366014364682e-01, 1.058627215867e-05, 0.0000e+00, 0.0000e+00, 
DIAGNOSTIC,Iteration,metricValue,convergenceValue,ITERATION_TIME_INDEX,SINCE_LAST
 2DIAGNOSTIC,     1, -3.970594199610e-01, 1.797693134862e+308, 0.0000e+00, 0.0000e+00, 
 2DIAGNOSTIC,     2, -3.971723348854e-01, 1.797693134862e+308, 0.0000e+00, 0.0000e+00, 
 2DIAGNOSTIC,     3, -3.972768246215e-01, 1.797693134862e+308, 0.0000e+00, 0.0000e+00, 
 2DIAGNOSTIC,     4, -3.972994472487e-01, 1.797693134862e+308, 0.0000e+00, 0.0000e+00, 
 2DIAGNOSTIC,     5, -3.973253296609e-01, 1.797693134862e+308, 0.0000e+00, 0.0000e+00, 
 2DIAGNOSTIC,     6, -3.973261637178e-01, 1.797693134862e+308, 0.0000e+00, 0.0000e+00, 
 2DIAGNOSTIC,     7, -3.973258084422e-01, 1.797693134862e+308, 0.0000e+00, 0.0000e+00, 
 2DIAGNOSTIC,     8, -3.973258418625e-01, 1.797693134862e+308, 0.0000e+00, 0.0000e+00, 
 2DIAGNOSTIC,     9, -3.973250336783e-01, 1.797693134862e+308, 0.0000e+00, 0.0000e+00, 
 2DIAGNOSTIC,    10, -3.973249793433e-01, 3.504311852143e-05, 0.0000e+00, 0.0000e+00, 
 2DIAGNOSTIC,    11, -3.973249477403e-01, 1.670500854349e-05, 0.0000e+00, 0.0000e+00, 
 2DIAGNOSTIC,    12, -3.973249477403e-01, 6.776128612995e-06, 0.0000e+00, 0.0000e+00, 
 2DIAGNOSTIC,    13, -3.973249121276e-01, 3.730478420463e-06, 0.0000e+00, 0.0000e+00, 
 2DIAGNOSTIC,    14, -3.973249121276e-01, 2.120202885300e-06, 0.0000e+00, 0.0000e+00, 
 2DIAGNOSTIC,    15, -3.973249296627e-01, 1.970557425610e-06, 0.0000e+00, 0.0000e+00, 
 2DIAGNOSTIC,    16, -3.973249296627e-01, 1.888653577711e-06, 0.0000e+00, 0.0000e+00, 
 2DIAGNOSTIC,    17, -3.973249173655e-01, 1.807827858996e-06, 0.0000e+00, 0.0000e+00, 
 2DIAGNOSTIC,    18, -3.973249173655e-01, 1.742405635635e-06, 0.0000e+00, 0.0000e+00, 
 2DIAGNOSTIC,    19, -3.973249184248e-01, 1.654228796631e-06, 0.0000e+00, 0.0000e+00, 
 2DIAGNOSTIC,    20, -3.973249184248e-01, 1.573261377751e-06, 0.0000e+00, 0.0000e+00, 
 2DIAGNOSTIC,    21, -3.973249184248e-01, 1.499076794718e-06, 0.0000e+00, 0.0000e+00, 
 2DIAGNOSTIC,    22, -3.973249109709e-01, 1.431530493125e-06, 0.0000e+00, 0.0000e+00, 
 2DIAGNOSTIC,    23, -3.973249109709e-01, 1.368791738038e-06, 0.0000e+00, 0.0000e+00, 
 2DIAGNOSTIC,    24, -3.973249193259e-01, 1.311578353265e-06, 0.0000e+00, 0.0000e+00, 
 2DIAGNOSTIC,    25, -3.973249193259e-01, 1.259515154221e-06, 0.0000e+00, 0.0000e+00, 
 2DIAGNOSTIC,    26, -3.973249305417e-01, 1.211823952303e-06, 0.0000e+00, 0.0000e+00, 
 2DIAGNOSTIC,    27, -3.973249305417e-01, 1.167310557097e-06, 0.0000e+00, 0.0000e+00, 
 2DIAGNOSTIC,    28, -3.973249305417e-01, 1.125917410243e-06, 0.0000e+00, 0.0000e+00, 
 2DIAGNOSTIC,    29, -3.973246254024e-01, 1.079788726453e-06, 0.0000e+00, 0.0000e+00, 
 2DIAGNOSTIC,    30, -3.973246254024e-01, 1.037544906650e-06, 0.0000e+00, 0.0000e+00, 
  Elapsed time (stage 0): 0.0000e+00


Total elapsed time: 0.0000e+00
Info [verificarlo]: loaded backend libinterflop_vprec.so
Info [interflop-vprec]: load backend with: 
Info [interflop-vprec]: precision-binary32 = 17
Info [interflop-vprec]: range-binary32 = 8
Info [interflop-vprec]: precision-binary64 = 17
Info [interflop-vprec]: range-binary64 = 8
Info [interflop-vprec]: mode = ob
Info [interflop-vprec]: error-mode = rel
Info [interflop-vprec]: max-abs-error-exponent = -1022
Info [interflop-vprec]: daz = false
Info [interflop-vprec]: ftz = false
Info [interflop-vprec]: 	instrument = none
Info [interflop-vprec]: 	prec-input-file = (null)
Info [interflop-vprec]: 	prec-output-file = (null)
Info [interflop-vprec]: 	prec-log-file = (null)
All_Command_lines_OK
Using double precision for computations.
=============================================================================
The composite transform comprises the following transforms (in order): 
  1. /home/mdugre/scratch/mri-registration-rp/datasets/ds004513/derivatives/mri-registration-rp/0110/antsRegistration-r8-p17/sub-s030/rigid_Composite.h5[0] (type = Euler3DTransform)
  2. /home/mdugre/scratch/mri-registration-rp/datasets/ds004513/derivatives/mri-registration-rp/0110/antsRegistration-r8-p17/sub-s030/rigid_Composite.h5[1] (type = Euler3DTransform)
  3. /home/mdugre/scratch/mri-registration-rp/datasets/ds004513/derivatives/mri-registration-rp/0110/antsRegistration-r8-p17/sub-s030/rigid_Composite.h5[2] (type = Euler3DTransform)
=============================================================================
  number of levels = 4
  fixed image: /templateflow/tpl-MNI152NLin2009cAsym/tpl-MNI152NLin2009cAsym_res-01_desc-brain_T1w.nii.gz
  moving image: /home/mdugre/scratch/mri-registration-rp/datasets/ds004513/derivatives/mri-registration-rp/antsBrainExtraction/sub-s030/BrainExtractionBrain.nii.gz
Dimension = 3
Number of stages = 1
Use histogram matching = false
Winsorize image intensities = true
  Lower quantile = 0.005
  Upper quantile = 0.995


Stage 1 State
   Image metric = MattesMI
     Fixed image = Image (0x4ecb490)
  RTTI typeinfo:   itk::Image<double, 3u>
  Reference Count: 2
  Modified Time: 1592
  Debug: Off
  Object Name: 
  Observers: 
    none
  Source: (none)
  Source output name: (none)
  Release Data: Off
  Data Released: False
  Global Release Data: Off
  PipelineMTime: 0
  UpdateMTime: 1203
  RealTimeStamp: 0 seconds 
  LargestPossibleRegion: 
    Dimension: 3
    Index: [0, 0, 0]
    Size: [193, 229, 193]
  BufferedRegion: 
    Dimension: 3
    Index: [0, 0, 0]
    Size: [193, 229, 193]
  RequestedRegion: 
    Dimension: 3
    Index: [0, 0, 0]
    Size: [193, 229, 193]
  Spacing: [1, 1, 1]
  Origin: [96, 132, -78]
  Direction: 
-1 0 0
0 -1 0
0 0 1

  IndexToPointMatrix: 
-1 0 0
0 -1 0
0 0 1

  PointToIndexMatrix: 
-1 0 0
0 -1 0
0 0 1

  Inverse Direction: 
-1 0 0
0 -1 0
0 0 1

  PixelContainer: 
    ImportImageContainer (0x4f96620)
      RTTI typeinfo:   itk::ImportImageContainer<unsigned long, double>
      Reference Count: 1
      Modified Time: 1200
      Debug: Off
      Object Name: 
      Observers: 
        none
      Pointer: 0x150f20618010
      Container manages memory: true
      Size: 8530021
      Capacity: 8530021

     Moving image = Image (0x4f998e0)
  RTTI typeinfo:   itk::Image<double, 3u>
  Reference Count: 2
  Modified Time: 1593
  Debug: Off
  Object Name: 
  Observers: 
    none
  Source: (none)
  Source output name: (none)
  Release Data: Off
  Data Released: False
  Global Release Data: Off
  PipelineMTime: 0
  UpdateMTime: 1590
  RealTimeStamp: 0 seconds 
  LargestPossibleRegion: 
    Dimension: 3
    Index: [0, 0, 0]
    Size: [160, 240, 256]
  BufferedRegion: 
    Dimension: 3
    Index: [0, 0, 0]
    Size: [160, 240, 256]
  RequestedRegion: 
    Dimension: 3
    Index: [0, 0, 0]
    Size: [160, 240, 256]
  Spacing: [1, 1, 1]
  Origin: [74.5645, 103.784, -122.691]
  Direction: 
-0.99889 0.0471065 0
-0.0471065 -0.99889 0
0 0 1

  IndexToPointMatrix: 
-0.99889 0.0471065 0
-0.0471065 -0.99889 0
0 0 1

  PointToIndexMatrix: 
-0.998886 -0.0471065 0
0.0471065 -0.99889 0
0 0 1

  Inverse Direction: 
-0.998886 -0.0471065 0
0.0471065 -0.99889 0
0 0 1

  PixelContainer: 
    ImportImageContainer (0x5062350)
      RTTI typeinfo:   itk::ImportImageContainer<unsigned long, double>
      Reference Count: 1
      Modified Time: 1587
      Debug: Off
      Object Name: 
      Observers: 
        none
      Pointer: 0x150f1bb17010
      Container manages memory: true
      Size: 9830400
      Capacity: 9830400

     Weighting = 1
     Sampling strategy = regular
     Number of bins = 32
     Radius = 4
     Sampling percentage  = 0.25
   Transform = Affine
     Gradient step = 0.1
     Update field sigma (voxel space) = 0
     Total field sigma (voxel space) = 0
     Update field time sigma = 0
     Total field time sigma  = 0
     Number of time indices = 0
     Number of time point samples = 0
Registration using 1 total stages.

Stage 0
  iterations = 1000x500x250x100
  convergence threshold = 1e-06
  convergence window size = 10
  number of levels = 4
  using the Mattes MI metric (number of bins = 32, weight = 1, use gradient filter = 0)
  preprocessing:  winsorizing the image intensities
  Shrink factors (level 1 out of 4): [8, 8, 8]
  Shrink factors (level 2 out of 4): [4, 4, 4]
  Shrink factors (level 3 out of 4): [2, 2, 2]
  Shrink factors (level 4 out of 4): [1, 1, 1]
  smoothing sigmas per level: [3, 2, 1, 0]
  regular sampling (percentage = 0.25)

*** Running AffineTransform registration ***

DIAGNOSTIC,Iteration,metricValue,convergenceValue,ITERATION_TIME_INDEX,SINCE_LAST
 2DIAGNOSTIC,     1, -6.008257402370e-01, 1.797693134862e+308, 0.0000e+00, 0.0000e+00, 
 2DIAGNOSTIC,     2, -6.032914720518e-01, 1.797693134862e+308, 0.0000e+00, 0.0000e+00, 
 2DIAGNOSTIC,     3, -6.074500727553e-01, 1.797693134862e+308, 0.0000e+00, 0.0000e+00, 
 2DIAGNOSTIC,     4, -6.141397073845e-01, 1.797693134862e+308, 0.0000e+00, 0.0000e+00, 
 2DIAGNOSTIC,     5, -6.248261075675e-01, 1.797693134862e+308, 0.0000e+00, 0.0000e+00, 
 2DIAGNOSTIC,     6, -6.425995307565e-01, 1.797693134862e+308, 0.0000e+00, 0.0000e+00, 
 2DIAGNOSTIC,     7, -6.710065922020e-01, 1.797693134862e+308, 0.0000e+00, 0.0000e+00, 
 2DIAGNOSTIC,     8, -7.194754750291e-01, 1.797693134862e+308, 0.0000e+00, 0.0000e+00, 
 2DIAGNOSTIC,     9, -7.623886744864e-01, 1.797693134862e+308, 0.0000e+00, 0.0000e+00, 
 2DIAGNOSTIC,    10, -8.225774891290e-01, 1.998627520260e-02, 0.0000e+00, 0.0000e+00, 
 2DIAGNOSTIC,    11, -8.623223202354e-01, 2.264373083977e-02, 0.0000e+00, 0.0000e+00, 
 2DIAGNOSTIC,    12, -8.699929116467e-01, 2.307988821688e-02, 0.0000e+00, 0.0000e+00, 
 2DIAGNOSTIC,    13, -8.857069907763e-01, 2.197240025020e-02, 0.0000e+00, 0.0000e+00, 
 2DIAGNOSTIC,    14, -8.902553709729e-01, 1.938809093219e-02, 0.0000e+00, 0.0000e+00, 
 2DIAGNOSTIC,    15, -8.958258753960e-01, 1.587207328638e-02, 0.0000e+00, 0.0000e+00, 
 2DIAGNOSTIC,    16, -8.984658825149e-01, 1.192118686899e-02, 0.0000e+00, 0.0000e+00, 
 2DIAGNOSTIC,    17, -8.987317133516e-01, 8.066931085607e-03, 0.0000e+00, 0.0000e+00, 
 2DIAGNOSTIC,    18, -8.987012128052e-01, 4.977259999899e-03, 0.0000e+00, 0.0000e+00, 
 2DIAGNOSTIC,    19, -8.987275999865e-01, 2.617558545257e-03, 0.0000e+00, 0.0000e+00, 
 2DIAGNOSTIC,    20, -8.989766537447e-01, 1.376140550209e-03, 0.0000e+00, 0.0000e+00, 
 2DIAGNOSTIC,    21, -8.990065245288e-01, 8.292291202353e-04, 0.0000e+00, 0.0000e+00, 
 2DIAGNOSTIC,    22, -8.991846559421e-01, 3.854724972043e-04, 0.0000e+00, 0.0000e+00, 
 2DIAGNOSTIC,    23, -9.006357819826e-01, 2.164782677402e-04, 0.0000e+00, 0.0000e+00, 
 2DIAGNOSTIC,    24, -9.013567289934e-01, 1.190379090396e-04, 0.0000e+00, 0.0000e+00, 
 2DIAGNOSTIC,    25, -9.027372884666e-01, 1.167037896486e-04, 0.0000e+00, 0.0000e+00, 
 2DIAGNOSTIC,    26, -9.025105152865e-01, 1.362566654424e-04, 0.0000e+00, 0.0000e+00, 
 2DIAGNOSTIC,    27, -9.024074356826e-01, 1.440701381827e-04, 0.0000e+00, 0.0000e+00, 
 2DIAGNOSTIC,    28, -9.023160049228e-01, 1.363016506887e-04, 0.0000e+00, 0.0000e+00, 
 2DIAGNOSTIC,    29, -9.022072676762e-01, 1.150821939168e-04, 0.0000e+00, 0.0000e+00, 
 2DIAGNOSTIC,    30, -9.021144888140e-01, 8.649883196935e-05, 0.0000e+00, 0.0000e+00, 
 2DIAGNOSTIC,    31, -9.021865271279e-01, 5.328013362759e-05, 0.0000e+00, 0.0000e+00, 
 2DIAGNOSTIC,    32, -9.021231995677e-01, 1.850797734246e-05, 0.0000e+00, 0.0000e+00, 
DIAGNOSTIC,Iteration,metricValue,convergenceValue,ITERATION_TIME_INDEX,SINCE_LAST
 2DIAGNOSTIC,     1, -7.428181003446e-01, 1.797693134862e+308, 0.0000e+00, 0.0000e+00, 
 2DIAGNOSTIC,     2, -7.445069269342e-01, 1.797693134862e+308, 0.0000e+00, 0.0000e+00, 
 2DIAGNOSTIC,     3, -7.456455324746e-01, 1.797693134862e+308, 0.0000e+00, 0.0000e+00, 
 2DIAGNOSTIC,     4, -7.464736403020e-01, 1.797693134862e+308, 0.0000e+00, 0.0000e+00, 
 2DIAGNOSTIC,     5, -7.471384634979e-01, 1.797693134862e+308, 0.0000e+00, 0.0000e+00, 
 2DIAGNOSTIC,     6, -7.478009408973e-01, 1.797693134862e+308, 0.0000e+00, 0.0000e+00, 
 2DIAGNOSTIC,     7, -7.483224297835e-01, 1.797693134862e+308, 0.0000e+00, 0.0000e+00, 
 2DIAGNOSTIC,     8, -7.483297890997e-01, 1.797693134862e+308, 0.0000e+00, 0.0000e+00, 
 2DIAGNOSTIC,     9, -7.483572606694e-01, 1.797693134862e+308, 0.0000e+00, 0.0000e+00, 
 2DIAGNOSTIC,    10, -7.483691612039e-01, 4.511694976173e-04, 0.0000e+00, 0.0000e+00, 
 2DIAGNOSTIC,    11, -7.483570964489e-01, 2.863242625272e-04, 0.0000e+00, 0.0000e+00, 
 2DIAGNOSTIC,    12, -7.483443980073e-01, 1.760263690903e-04, 0.0000e+00, 0.0000e+00, 
 2DIAGNOSTIC,    13, -7.483314909579e-01, 9.981414441443e-05, 0.0000e+00, 0.0000e+00, 
 2DIAGNOSTIC,    14, -7.483321681353e-01, 4.809367869205e-05, 0.0000e+00, 0.0000e+00, 
 2DIAGNOSTIC,    15, -7.483343742296e-01, 1.567096011683e-05, 0.0000e+00, 0.0000e+00, 
 2DIAGNOSTIC,    16, -7.483222095921e-01, 1.174610704757e-06, 0.0000e+00, 0.0000e+00, 
DIAGNOSTIC,Iteration,metricValue,convergenceValue,ITERATION_TIME_INDEX,SINCE_LAST
 2DIAGNOSTIC,     1, -6.229054723608e-01, 1.797693134862e+308, 0.0000e+00, 0.0000e+00, 
 2DIAGNOSTIC,     2, -6.236059943296e-01, 1.797693134862e+308, 0.0000e+00, 0.0000e+00, 
 2DIAGNOSTIC,     3, -6.243673539595e-01, 1.797693134862e+308, 0.0000e+00, 0.0000e+00, 
 2DIAGNOSTIC,     4, -6.253421394203e-01, 1.797693134862e+308, 0.0000e+00, 0.0000e+00, 
 2DIAGNOSTIC,     5, -6.262877162648e-01, 1.797693134862e+308, 0.0000e+00, 0.0000e+00, 
 2DIAGNOSTIC,     6, -6.290328949875e-01, 1.797693134862e+308, 0.0000e+00, 0.0000e+00, 
 2DIAGNOSTIC,     7, -6.290264302109e-01, 1.797693134862e+308, 0.0000e+00, 0.0000e+00, 
 2DIAGNOSTIC,     8, -6.290266948718e-01, 1.797693134862e+308, 0.0000e+00, 0.0000e+00, 
 2DIAGNOSTIC,     9, -6.290235500584e-01, 1.797693134862e+308, 0.0000e+00, 0.0000e+00, 
 2DIAGNOSTIC,    10, -6.290231273931e-01, 7.420820512150e-04, 0.0000e+00, 0.0000e+00, 
 2DIAGNOSTIC,    11, -6.290217760195e-01, 5.528261754515e-04, 0.0000e+00, 0.0000e+00, 
 2DIAGNOSTIC,    12, -6.290213511116e-01, 3.721648629378e-04, 0.0000e+00, 0.0000e+00, 
 2DIAGNOSTIC,    13, -6.290196710330e-01, 2.134777637947e-04, 0.0000e+00, 0.0000e+00, 
 2DIAGNOSTIC,    14, -6.290152641997e-01, 8.994373486629e-05, 0.0000e+00, 0.0000e+00, 
 2DIAGNOSTIC,    15, -6.290157742965e-01, 1.106794583122e-06, 0.0000e+00, 0.0000e+00, 
 2DIAGNOSTIC,    16, -6.290131061735e-01, 1.113627166607e-06, 0.0000e+00, 0.0000e+00, 
 2DIAGNOSTIC,    17, -6.290156353898e-01, 1.093320245511e-06, 0.0000e+00, 0.0000e+00, 
 2DIAGNOSTIC,    18, -6.290147627207e-01, 1.130838099550e-06, 0.0000e+00, 0.0000e+00, 
 2DIAGNOSTIC,    19, -6.290143558605e-01, 1.139357839221e-06, 0.0000e+00, 0.0000e+00, 
 2DIAGNOSTIC,    20, -6.290088938463e-01, 1.063815844561e-06, 0.0000e+00, 0.0000e+00, 
 2DIAGNOSTIC,    21, -6.290097798639e-01, 1.035274660742e-06, 0.0000e+00, 0.0000e+00, 
 2DIAGNOSTIC,    22, -6.290090635701e-01, 1.026929373295e-06, 0.0000e+00, 0.0000e+00, 
 2DIAGNOSTIC,    23, -6.290082723801e-01, 1.009522795012e-06, 0.0000e+00, 0.0000e+00, 
DIAGNOSTIC,Iteration,metricValue,convergenceValue,ITERATION_TIME_INDEX,SINCE_LAST
 2DIAGNOSTIC,     1, -5.549430884277e-01, 1.797693134862e+308, 0.0000e+00, 0.0000e+00, 
 2DIAGNOSTIC,     2, -5.550065693036e-01, 1.797693134862e+308, 0.0000e+00, 0.0000e+00, 
 2DIAGNOSTIC,     3, -5.550371127716e-01, 1.797693134862e+308, 0.0000e+00, 0.0000e+00, 
 2DIAGNOSTIC,     4, -5.550360936106e-01, 1.797693134862e+308, 0.0000e+00, 0.0000e+00, 
 2DIAGNOSTIC,     5, -5.550361358456e-01, 1.797693134862e+308, 0.0000e+00, 0.0000e+00, 
 2DIAGNOSTIC,     6, -5.550359879847e-01, 1.797693134862e+308, 0.0000e+00, 0.0000e+00, 
 2DIAGNOSTIC,     7, -5.550352685888e-01, 1.797693134862e+308, 0.0000e+00, 0.0000e+00, 
 2DIAGNOSTIC,     8, -5.550345317684e-01, 1.797693134862e+308, 0.0000e+00, 0.0000e+00, 
 2DIAGNOSTIC,     9, -5.550344547046e-01, 1.797693134862e+308, 0.0000e+00, 0.0000e+00, 
 2DIAGNOSTIC,    10, -5.550339746030e-01, 8.937394946881e-06, 0.0000e+00, 0.0000e+00, 
 2DIAGNOSTIC,    11, -5.550335421462e-01, 3.897585005255e-06, 0.0000e+00, 0.0000e+00, 
 2DIAGNOSTIC,    12, -5.550336640010e-01, 2.282121556618e-06, 0.0000e+00, 0.0000e+00, 
 2DIAGNOSTIC,    13, -5.550322432511e-01, 2.094315401061e-06, 0.0000e+00, 0.0000e+00, 
 2DIAGNOSTIC,    14, -5.550323717670e-01, 1.931571880845e-06, 0.0000e+00, 0.0000e+00, 
 2DIAGNOSTIC,    15, -5.550324677806e-01, 1.823446907967e-06, 0.0000e+00, 0.0000e+00, 
 2DIAGNOSTIC,    16, -5.550327439281e-01, 1.758127269089e-06, 0.0000e+00, 0.0000e+00, 
 2DIAGNOSTIC,    17, -5.550325161585e-01, 1.691725391439e-06, 0.0000e+00, 0.0000e+00, 
 2DIAGNOSTIC,    18, -5.550331365740e-01, 1.644951237334e-06, 0.0000e+00, 0.0000e+00, 
 2DIAGNOSTIC,    19, -5.550319831709e-01, 1.579596163155e-06, 0.0000e+00, 0.0000e+00, 
 2DIAGNOSTIC,    20, -5.550329531019e-01, 1.541207132021e-06, 0.0000e+00, 0.0000e+00, 
 2DIAGNOSTIC,    21, -5.550331304164e-01, 1.502071728186e-06, 0.0000e+00, 0.0000e+00, 
 2DIAGNOSTIC,    22, -5.550335512712e-01, 1.479673402770e-06, 0.0000e+00, 0.0000e+00, 
 2DIAGNOSTIC,    23, -5.550338620871e-01, 1.430085675165e-06, 0.0000e+00, 0.0000e+00, 
 2DIAGNOSTIC,    24, -5.550337907384e-01, 1.380371261794e-06, 0.0000e+00, 0.0000e+00, 
 2DIAGNOSTIC,    25, -5.550340940673e-01, 1.336421810091e-06, 0.0000e+00, 0.0000e+00, 
 2DIAGNOSTIC,    26, -5.550344100592e-01, 1.299976927299e-06, 0.0000e+00, 0.0000e+00, 
 2DIAGNOSTIC,    27, -5.550348691231e-01, 1.261687259224e-06, 0.0000e+00, 0.0000e+00, 
 2DIAGNOSTIC,    28, -5.550351366184e-01, 1.234074399156e-06, 0.0000e+00, 0.0000e+00, 
 2DIAGNOSTIC,    29, -5.550353180201e-01, 1.180598177497e-06, 0.0000e+00, 0.0000e+00, 
 2DIAGNOSTIC,    30, -5.550353820914e-01, 1.139483529929e-06, 0.0000e+00, 0.0000e+00, 
 2DIAGNOSTIC,    31, -5.550354032657e-01, 1.095610561018e-06, 0.0000e+00, 0.0000e+00, 
 2DIAGNOSTIC,    32, -5.550353903720e-01, 1.053285374204e-06, 0.0000e+00, 0.0000e+00, 
 2DIAGNOSTIC,    33, -5.550352947231e-01, 1.010410438582e-06, 0.0000e+00, 0.0000e+00, 
  Elapsed time (stage 0): 0.0000e+00


Total elapsed time: 0.0000e+00
Info [verificarlo]: loaded backend libinterflop_ieee.so
Info [interflop-ieee]: load backend with:
Info [interflop-ieee]: debug = false
Info [interflop-ieee]: debug-binary = false
Info [interflop-ieee]: no-backend-name = false
Info [interflop-ieee]: print-new-line = false
Info [interflop-ieee]: print-subnormal-normalized = false
Info [interflop-ieee]: count-op = false
All_Command_lines_OK
Using double precision for computations.
=============================================================================
The composite transform comprises the following transforms (in order): 
  1. /home/mdugre/scratch/mri-registration-rp/datasets/ds004513/derivatives/mri-registration-rp/0110/antsRegistration-r8-p17/sub-s030/affine_Composite.h5[0] (type = Euler3DTransform)
  2. /home/mdugre/scratch/mri-registration-rp/datasets/ds004513/derivatives/mri-registration-rp/0110/antsRegistration-r8-p17/sub-s030/affine_Composite.h5[1] (type = Euler3DTransform)
  3. /home/mdugre/scratch/mri-registration-rp/datasets/ds004513/derivatives/mri-registration-rp/0110/antsRegistration-r8-p17/sub-s030/affine_Composite.h5[2] (type = Euler3DTransform)
  4. /home/mdugre/scratch/mri-registration-rp/datasets/ds004513/derivatives/mri-registration-rp/0110/antsRegistration-r8-p17/sub-s030/affine_Composite.h5[3] (type = AffineTransform)
=============================================================================
  number of levels = 4
  fixed image: /templateflow/tpl-MNI152NLin2009cAsym/tpl-MNI152NLin2009cAsym_res-01_desc-brain_T1w.nii.gz
  moving image: /home/mdugre/scratch/mri-registration-rp/datasets/ds004513/derivatives/mri-registration-rp/antsBrainExtraction/sub-s030/BrainExtractionBrain.nii.gz
Dimension = 3
Number of stages = 1
Use histogram matching = false
Winsorize image intensities = true
  Lower quantile = 0.005
  Upper quantile = 0.995


Stage 1 State
   Image metric = CC
     Fixed image = Image (0x4e40a40)
  RTTI typeinfo:   itk::Image<double, 3u>
  Reference Count: 2
  Modified Time: 1606
  Debug: Off
  Object Name: 
  Observers: 
    none
  Source: (none)
  Source output name: (none)
  Release Data: Off
  Data Released: False
  Global Release Data: Off
  PipelineMTime: 0
  UpdateMTime: 1217
  RealTimeStamp: 0 seconds 
  LargestPossibleRegion: 
    Dimension: 3
    Index: [0, 0, 0]
    Size: [193, 229, 193]
  BufferedRegion: 
    Dimension: 3
    Index: [0, 0, 0]
    Size: [193, 229, 193]
  RequestedRegion: 
    Dimension: 3
    Index: [0, 0, 0]
    Size: [193, 229, 193]
  Spacing: [1, 1, 1]
  Origin: [96, 132, -78]
  Direction: 
-1 0 0
0 -1 0
0 0 1

  IndexToPointMatrix: 
-1 0 0
0 -1 0
0 0 1

  PointToIndexMatrix: 
-1 0 0
0 -1 0
0 0 1

  Inverse Direction: 
-1 0 0
0 -1 0
0 0 1

  PixelContainer: 
    ImportImageContainer (0x4f18410)
      RTTI typeinfo:   itk::ImportImageContainer<unsigned long, double>
      Reference Count: 1
      Modified Time: 1214
      Debug: Off
      Object Name: 
      Observers: 
        none
      Pointer: 0x14aee07f4010
      Container manages memory: true
      Size: 8530021
      Capacity: 8530021

     Moving image = Image (0x4efc3b0)
  RTTI typeinfo:   itk::Image<double, 3u>
  Reference Count: 2
  Modified Time: 1607
  Debug: Off
  Object Name: 
  Observers: 
    none
  Source: (none)
  Source output name: (none)
  Release Data: Off
  Data Released: False
  Global Release Data: Off
  PipelineMTime: 0
  UpdateMTime: 1604
  RealTimeStamp: 0 seconds 
  LargestPossibleRegion: 
    Dimension: 3
    Index: [0, 0, 0]
    Size: [160, 240, 256]
  BufferedRegion: 
    Dimension: 3
    Index: [0, 0, 0]
    Size: [160, 240, 256]
  RequestedRegion: 
    Dimension: 3
    Index: [0, 0, 0]
    Size: [160, 240, 256]
  Spacing: [1, 1, 1]
  Origin: [74.5645, 103.784, -122.692]
  Direction: 
-0.99889 0.0471064 0
-0.0471064 -0.99889 0
0 0 1

  IndexToPointMatrix: 
-0.99889 0.0471064 0
-0.0471064 -0.99889 0
0 0 1

  PointToIndexMatrix: 
-0.99889 -0.0471064 0
0.0471064 -0.99889 0
0 0 1

  Inverse Direction: 
-0.99889 -0.0471064 0
0.0471064 -0.99889 0
0 0 1

  PixelContainer: 
    ImportImageContainer (0x5000750)
      RTTI typeinfo:   itk::ImportImageContainer<unsigned long, double>
      Reference Count: 1
      Modified Time: 1601
      Debug: Off
      Object Name: 
      Observers: 
        none
      Pointer: 0x14aedbcf3010
      Container manages memory: true
      Size: 9830400
      Capacity: 9830400

     Weighting = 1
     Sampling strategy = none
     Number of bins = 32
     Radius = 4
     Sampling percentage  = 1
   Transform = SyN
     Gradient step = 0.1
     Update field sigma (voxel space) = 3
     Total field sigma (voxel space) = 0
     Update field time sigma = 0
     Total field time sigma  = 0
     Number of time indices = 0
     Number of time point samples = 0
Registration using 1 total stages.

Stage 0
  iterations = 100x70x50x20
  convergence threshold = 1e-06
  convergence window size = 10
  number of levels = 4
  using the CC metric (radius = 4, weight = 1, use gradient filter = 0)
  preprocessing:  winsorizing the image intensities
  Shrink factors (level 1 out of 4): [8, 8, 8]
  Shrink factors (level 2 out of 4): [4, 4, 4]
  Shrink factors (level 3 out of 4): [2, 2, 2]
  Shrink factors (level 4 out of 4): [1, 1, 1]
  smoothing sigmas per level: [3, 2, 1, 0]
  Using default NONE metricSamplingStrategy 

*** Running SyN registration (varianceForUpdateField = 3, varianceForTotalField = 0) ***

XXDIAGNOSTIC,Iteration,metricValue,convergenceValue,ITERATION_TIME_INDEX,SINCE_LAST
 1DIAGNOSTIC,     1, -9.358995456344e-01, 1.797693134862e+308, 1.1154e+00, 1.1154e+00, 
 1DIAGNOSTIC,     2, -9.462620574557e-01, 1.797693134862e+308, 1.4652e+00, 3.4978e-01, 
 1DIAGNOSTIC,     3, -9.529390064866e-01, 1.797693134862e+308, 1.8401e+00, 3.7493e-01, 
 1DIAGNOSTIC,     4, -9.568399077885e-01, 1.797693134862e+308, 2.1777e+00, 3.3761e-01, 
 1DIAGNOSTIC,     5, -9.595744861391e-01, 1.797693134862e+308, 2.5134e+00, 3.3573e-01, 
 1DIAGNOSTIC,     6, -9.628460309055e-01, 1.797693134862e+308, 2.8518e+00, 3.3836e-01, 
 1DIAGNOSTIC,     7, -9.659187847078e-01, 1.797693134862e+308, 3.2271e+00, 3.7527e-01, 
 1DIAGNOSTIC,     8, -9.685459403262e-01, 1.797693134862e+308, 3.5744e+00, 3.4731e-01, 
 1DIAGNOSTIC,     9, -9.705130304459e-01, 1.797693134862e+308, 3.9294e+00, 3.5499e-01, 
 1DIAGNOSTIC,    10, -9.711515602658e-01, 2.142045741689e-03, 4.2588e+00, 3.2942e-01, 
 1DIAGNOSTIC,    11, -9.714049551040e-01, 1.492304032146e-03, 4.6036e+00, 3.4484e-01, 
 1DIAGNOSTIC,    12, -9.723908983025e-01, 1.094676065604e-03, 4.9386e+00, 3.3494e-01, 
 1DIAGNOSTIC,    13, -9.725888960907e-01, 8.142347617474e-04, 5.2687e+00, 3.3012e-01, 
 1DIAGNOSTIC,    14, -9.733728047360e-01, 5.988262362666e-04, 5.5985e+00, 3.2980e-01, 
 1DIAGNOSTIC,    15, -9.734820631809e-01, 4.131998019878e-04, 5.9279e+00, 3.2943e-01, 
 1DIAGNOSTIC,    16, -9.740863087774e-01, 2.842558178243e-04, 6.2564e+00, 3.2851e-01, 
 1DIAGNOSTIC,    17, -9.740973277713e-01, 1.970071166492e-04, 6.5843e+00, 3.2791e-01, 
 1DIAGNOSTIC,    18, -9.746058379761e-01, 1.520589507415e-04, 6.9222e+00, 3.3788e-01, 
 1DIAGNOSTIC,    19, -9.745644690090e-01, 1.275106332850e-04, 7.2695e+00, 3.4725e-01, 
 1DIAGNOSTIC,    20, -9.750356259669e-01, 1.101896801886e-04, 7.5933e+00, 3.2387e-01, 
 1DIAGNOSTIC,    21, -9.749579868579e-01, 8.647025793547e-05, 7.9394e+00, 3.4604e-01, 
 1DIAGNOSTIC,    22, -9.753696979113e-01, 7.577746643522e-05, 8.2751e+00, 3.3577e-01, 
 1DIAGNOSTIC,    23, -9.752641201254e-01, 5.993515188061e-05, 8.6298e+00, 3.5461e-01, 
 1DIAGNOSTIC,    24, -9.756180968201e-01, 5.395841701661e-05, 8.9583e+00, 3.2854e-01, 
 1DIAGNOSTIC,    25, -9.754920096381e-01, 4.307880675327e-05, 9.2856e+00, 3.2729e-01, 
 1DIAGNOSTIC,    26, -9.758132547016e-01, 3.966314351247e-05, 9.6099e+00, 3.2436e-01, 
 1DIAGNOSTIC,    27, -9.756719048714e-01, 3.126551187464e-05, 9.9700e+00, 3.6008e-01, 
 1DIAGNOSTIC,    28, -9.759656832917e-01, 2.914824082614e-05, 1.0305e+01, 3.3498e-01, 
 1DIAGNOSTIC,    29, -9.758161655341e-01, 2.242486730036e-05, 1.0655e+01, 3.5040e-01, 
 1DIAGNOSTIC,    30, -9.760897678407e-01, 2.151847026525e-05, 1.1014e+01, 3.5814e-01, 
 1DIAGNOSTIC,    31, -9.759310371071e-01, 1.634415230505e-05, 1.1356e+01, 3.4215e-01, 
 1DIAGNOSTIC,    32, -9.762401481669e-01, 1.674374580684e-05, 1.1705e+01, 3.4896e-01, 
 1DIAGNOSTIC,    33, -9.760744117364e-01, 1.306998653007e-05, 1.2055e+01, 3.5051e-01, 
 1DIAGNOSTIC,    34, -9.763377454273e-01, 1.388222339198e-05, 1.2381e+01, 3.2555e-01, 
 1DIAGNOSTIC,    35, -9.761686840397e-01, 1.083086231002e-05, 1.2715e+01, 3.3399e-01, 
 1DIAGNOSTIC,    36, -9.764213833790e-01, 1.176470267491e-05, 1.3050e+01, 3.3512e-01, 
 1DIAGNOSTIC,    37, -9.762504126487e-01, 9.024952773780e-06, 1.3383e+01, 3.3335e-01, 
 1DIAGNOSTIC,    38, -9.764956164528e-01, 9.888557732859e-06, 1.3713e+01, 3.2947e-01, 
 1DIAGNOSTIC,    39, -9.763220149792e-01, 7.324105680818e-06, 1.4054e+01, 3.4109e-01, 
 1DIAGNOSTIC,    40, -9.765594357766e-01, 8.092170547692e-06, 1.4397e+01, 3.4279e-01, 
 1DIAGNOSTIC,    41, -9.763830115440e-01, 5.631761453250e-06, 1.4734e+01, 3.3701e-01, 
 1DIAGNOSTIC,    42, -9.766162234261e-01, 6.682196817185e-06, 1.5072e+01, 3.3826e-01, 
 1DIAGNOSTIC,    43, -9.764380612213e-01, 4.688274111986e-06, 1.5427e+01, 3.5555e-01, 
 1DIAGNOSTIC,    44, -9.766659699335e-01, 5.748874242414e-06, 1.5788e+01, 3.6039e-01, 
 1DIAGNOSTIC,    45, -9.764872354363e-01, 3.937798943757e-06, 1.6132e+01, 3.4450e-01, 
 1DIAGNOSTIC,    46, -9.767104764412e-01, 4.993906727396e-06, 1.6479e+01, 3.4636e-01, 
 1DIAGNOSTIC,    47, -9.765312935020e-01, 3.336022202292e-06, 1.6814e+01, 3.3507e-01, 
 1DIAGNOSTIC,    48, -9.767487400076e-01, 4.379120194419e-06, 1.7142e+01, 3.2848e-01, 
 1DIAGNOSTIC,    49, -9.765690899697e-01, 2.842245959464e-06, 1.7484e+01, 3.4178e-01, 
 1DIAGNOSTIC,    50, -9.767815095561e-01, 3.852200994373e-06, 1.7815e+01, 3.3127e-01, 
 1DIAGNOSTIC,    51, -9.766021792610e-01, 2.405226060005e-06, 1.8152e+01, 3.3666e-01, 
 1DIAGNOSTIC,    52, -9.768105635759e-01, 3.387764958462e-06, 1.8501e+01, 3.4870e-01, 
 1DIAGNOSTIC,    53, -9.766325987339e-01, 2.036908721349e-06, 1.8860e+01, 3.5928e-01, 
 1DIAGNOSTIC,    54, -9.768366964841e-01, 2.995898882183e-06, 1.9205e+01, 3.4497e-01, 
 1DIAGNOSTIC,    55, -9.766599742996e-01, 1.737677451003e-06, 1.9550e+01, 3.4510e-01, 
 1DIAGNOSTIC,    56, -9.768621319432e-01, 2.689742066759e-06, 1.9892e+01, 3.4162e-01, 
 1DIAGNOSTIC,    57, -9.766866432308e-01, 1.526796017021e-06, 2.0241e+01, 3.4943e-01, 
 1DIAGNOSTIC,    58, -9.768852689260e-01, 2.461361239006e-06, 2.0577e+01, 3.3589e-01, 
 1DIAGNOSTIC,    59, -9.767106609363e-01, 1.369679205835e-06, 2.0938e+01, 3.6120e-01, 
 1DIAGNOSTIC,    60, -9.769059232662e-01, 2.271807965804e-06, 2.1269e+01, 3.3106e-01, 
 1DIAGNOSTIC,    61, -9.767322509506e-01, 1.232418426662e-06, 2.1642e+01, 3.7302e-01, 
 1DIAGNOSTIC,    62, -9.769244667026e-01, 2.095513324214e-06, 2.1985e+01, 3.4235e-01, 
 1DIAGNOSTIC,    63, -9.767520882706e-01, 1.103352338057e-06, 2.2327e+01, 3.4276e-01, 
 1DIAGNOSTIC,    64, -9.769414505078e-01, 1.928194267784e-06, 2.2669e+01, 3.4170e-01, 
 1DIAGNOSTIC,    65, -9.767698913141e-01, 9.757988947631e-07, 2.3004e+01, 3.3482e-01, 
XXDIAGNOSTIC,Iteration,metricValue,convergenceValue,ITERATION_TIME_INDEX,SINCE_LAST
 1DIAGNOSTIC,     1, -9.183811041914e-01, 1.797693134862e+308, 2.6289e+01, 3.2855e+00, 
 1DIAGNOSTIC,     2, -9.209828562621e-01, 1.797693134862e+308, 2.8527e+01, 2.2374e+00, 
 1DIAGNOSTIC,     3, -9.236488213849e-01, 1.797693134862e+308, 3.0749e+01, 2.2222e+00, 
 1DIAGNOSTIC,     4, -9.258940274642e-01, 1.797693134862e+308, 3.3017e+01, 2.2684e+00, 
 1DIAGNOSTIC,     5, -9.277256227842e-01, 1.797693134862e+308, 3.5255e+01, 2.2380e+00, 
 1DIAGNOSTIC,     6, -9.293178624118e-01, 1.797693134862e+308, 3.7814e+01, 2.5585e+00, 
 1DIAGNOSTIC,     7, -9.307208941843e-01, 1.797693134862e+308, 4.0346e+01, 2.5327e+00, 
 1DIAGNOSTIC,     8, -9.319788084687e-01, 1.797693134862e+308, 4.2601e+01, 2.2551e+00, 
 1DIAGNOSTIC,     9, -9.331082728466e-01, 1.797693134862e+308, 4.4838e+01, 2.2369e+00, 
 1DIAGNOSTIC,    10, -9.339858693801e-01, 1.062186174993e-03, 4.7111e+01, 2.2726e+00, 
 1DIAGNOSTIC,    11, -9.347753324013e-01, 8.408852576781e-04, 4.9373e+01, 2.2617e+00, 
 1DIAGNOSTIC,    12, -9.354788524963e-01, 6.646461018293e-04, 5.1632e+01, 2.2594e+00, 
 1DIAGNOSTIC,    13, -9.361244038434e-01, 5.328136909580e-04, 5.3896e+01, 2.2645e+00, 
 1DIAGNOSTIC,    14, -9.367148008566e-01, 4.329243615839e-04, 5.6173e+01, 2.2766e+00, 
 1DIAGNOSTIC,    15, -9.372587991366e-01, 3.549464279118e-04, 5.8467e+01, 2.2937e+00, 
 1DIAGNOSTIC,    16, -9.377541111635e-01, 2.938161996182e-04, 6.0697e+01, 2.2302e+00, 
 1DIAGNOSTIC,    17, -9.382063303761e-01, 2.459528686129e-04, 6.2973e+01, 2.2762e+00, 
 1DIAGNOSTIC,    18, -9.386132124344e-01, 2.087290528133e-04, 6.5299e+01, 2.3263e+00, 
 1DIAGNOSTIC,    19, -9.389802780273e-01, 1.800260347527e-04, 6.7698e+01, 2.3987e+00, 
 1DIAGNOSTIC,    20, -9.393124507663e-01, 1.558513004894e-04, 6.9941e+01, 2.2431e+00, 
 1DIAGNOSTIC,    21, -9.396048680571e-01, 1.351324749113e-04, 7.2209e+01, 2.2680e+00, 
 1DIAGNOSTIC,    22, -9.398732485346e-01, 1.171287682964e-04, 7.4721e+01, 2.5118e+00, 
 1DIAGNOSTIC,    23, -9.401141865477e-01, 1.014714921312e-04, 7.6994e+01, 2.2725e+00, 
 1DIAGNOSTIC,    24, -9.403309976562e-01, 8.785798962145e-05, 7.9389e+01, 2.3949e+00, 
 1DIAGNOSTIC,    25, -9.405265401204e-01, 7.610851610576e-05, 8.1866e+01, 2.4778e+00, 
 1DIAGNOSTIC,    26, -9.407038110870e-01, 6.600486198342e-05, 8.4451e+01, 2.5849e+00, 
 1DIAGNOSTIC,    27, -9.408633253563e-01, 5.736048761254e-05, 8.6925e+01, 2.4740e+00, 
 1DIAGNOSTIC,    28, -9.410106089054e-01, 4.998326853865e-05, 8.9362e+01, 2.4368e+00, 
 1DIAGNOSTIC,    29, -9.411441606276e-01, 4.368779206895e-05, 9.1752e+01, 2.3896e+00, 
 1DIAGNOSTIC,    30, -9.412574256836e-01, 3.824632750058e-05, 9.4314e+01, 2.5623e+00, 
 1DIAGNOSTIC,    31, -9.413652137928e-01, 3.351491948447e-05, 9.6708e+01, 2.3939e+00, 
 1DIAGNOSTIC,    32, -9.414593808966e-01, 2.940216657112e-05, 9.9381e+01, 2.6733e+00, 
 1DIAGNOSTIC,    33, -9.415423967583e-01, 2.579058711831e-05, 1.0176e+02, 2.3832e+00, 
 1DIAGNOSTIC,    34, -9.416164093188e-01, 2.260218767751e-05, 1.0431e+02, 2.5505e+00, 
 1DIAGNOSTIC,    35, -9.416820953953e-01, 1.977788039893e-05, 1.0671e+02, 2.3959e+00, 
 1DIAGNOSTIC,    36, -9.417394528548e-01, 1.727221833432e-05, 1.0913e+02, 2.4241e+00, 
 1DIAGNOSTIC,    37, -9.417891685128e-01, 1.503786213487e-05, 1.1168e+02, 2.5424e+00, 
 1DIAGNOSTIC,    38, -9.418327345103e-01, 1.307708013065e-05, 1.1409e+02, 2.4144e+00, 
 1DIAGNOSTIC,    39, -9.418694269920e-01, 1.136096713290e-05, 1.1655e+02, 2.4587e+00, 
 1DIAGNOSTIC,    40, -9.419004068360e-01, 9.805487161067e-06, 1.1885e+02, 2.3037e+00, 
 1DIAGNOSTIC,    41, -9.419274487952e-01, 8.452491994736e-06, 1.2147e+02, 2.6167e+00, 
 1DIAGNOSTIC,    42, -9.419479496913e-01, 7.249443464512e-06, 1.2376e+02, 2.2893e+00, 
 1DIAGNOSTIC,    43, -9.419636668860e-01, 6.170644583494e-06, 1.2603e+02, 2.2728e+00, 
 1DIAGNOSTIC,    44, -9.419761008061e-01, 5.210983229090e-06, 1.2836e+02, 2.3294e+00, 
 1DIAGNOSTIC,    45, -9.419843808179e-01, 4.357446305538e-06, 1.3064e+02, 2.2743e+00, 
 1DIAGNOSTIC,    46, -9.419882357414e-01, 3.590524328072e-06, 1.3293e+02, 2.2958e+00, 
 1DIAGNOSTIC,    47, -9.419903176797e-01, 2.909315478302e-06, 1.3519e+02, 2.2620e+00, 
 1DIAGNOSTIC,    48, -9.419894267750e-01, 2.309422891287e-06, 1.3759e+02, 2.3936e+00, 
 1DIAGNOSTIC,    49, -9.419859794073e-01, 1.779718222964e-06, 1.3987e+02, 2.2851e+00, 
 1DIAGNOSTIC,    50, -9.419802311339e-01, 1.314020415054e-06, 1.4215e+02, 2.2733e+00, 
 1DIAGNOSTIC,    51, -9.419719808535e-01, 9.124609410133e-07, 1.4518e+02, 3.0305e+00, 
XXDIAGNOSTIC,Iteration,metricValue,convergenceValue,ITERATION_TIME_INDEX,SINCE_LAST
 1DIAGNOSTIC,     1, -8.912041214254e-01, 1.797693134862e+308, 1.6636e+02, 2.1186e+01, 
 1DIAGNOSTIC,     2, -8.923495335471e-01, 1.797693134862e+308, 1.8715e+02, 2.0787e+01, 
 1DIAGNOSTIC,     3, -8.942105111066e-01, 1.797693134862e+308, 2.0588e+02, 1.8734e+01, 
 1DIAGNOSTIC,     4, -8.961044843664e-01, 1.797693134862e+308, 2.2551e+02, 1.9624e+01, 
 1DIAGNOSTIC,     5, -8.979136905184e-01, 1.797693134862e+308, 2.4480e+02, 1.9294e+01, 
 1DIAGNOSTIC,     6, -8.998330352847e-01, 1.797693134862e+308, 2.6602e+02, 2.1220e+01, 
 1DIAGNOSTIC,     7, -9.018301632182e-01, 1.797693134862e+308, 2.8641e+02, 2.0388e+01, 
 1DIAGNOSTIC,     8, -9.035828351253e-01, 1.797693134862e+308, 3.0464e+02, 1.8232e+01, 
 1DIAGNOSTIC,     9, -9.052976409734e-01, 1.797693134862e+308, 3.2281e+02, 1.8171e+01, 
 1DIAGNOSTIC,    10, -9.067596812135e-01, 1.155237663351e-03, 3.4100e+02, 1.8190e+01, 
 1DIAGNOSTIC,    11, -9.080995853121e-01, 1.040823127737e-03, 3.6118e+02, 2.0180e+01, 
 1DIAGNOSTIC,    12, -9.093506618475e-01, 9.144901439235e-04, 3.8156e+02, 2.0378e+01, 
 1DIAGNOSTIC,    13, -9.103519136115e-01, 7.938825741144e-04, 4.0150e+02, 1.9936e+01, 
 1DIAGNOSTIC,    14, -9.114275966619e-01, 6.849638669773e-04, 4.1980e+02, 1.8299e+01, 
 1DIAGNOSTIC,    15, -9.122821782138e-01, 5.835324208415e-04, 4.3927e+02, 1.9472e+01, 
 1DIAGNOSTIC,    16, -9.132443098003e-01, 4.975449920424e-04, 4.5764e+02, 1.8367e+01, 
 1DIAGNOSTIC,    17, -9.139923813038e-01, 4.262840631921e-04, 4.7593e+02, 1.8293e+01, 
 1DIAGNOSTIC,    18, -9.148513697677e-01, 3.688651437312e-04, 4.9415e+02, 1.8223e+01, 
 1DIAGNOSTIC,    19, -9.155015832067e-01, 3.221296620899e-04, 5.1255e+02, 1.8396e+01, 
 1DIAGNOSTIC,    20, -9.162860305765e-01, 2.851995867111e-04, 5.3193e+02, 1.9382e+01, 
 1DIAGNOSTIC,    21, -9.168700255911e-01, 2.537106405660e-04, 5.5113e+02, 1.9200e+01, 
 1DIAGNOSTIC,    22, -9.174233380490e-01, 2.270288521678e-04, 5.7114e+02, 2.0013e+01, 
 1DIAGNOSTIC,    23, -9.179573084252e-01, 2.022240189732e-04, 5.9583e+02, 2.4688e+01, 
 1DIAGNOSTIC,    24, -9.184765299391e-01, 1.812755611479e-04, 6.1561e+02, 1.9781e+01, 
 1DIAGNOSTIC,    25, -9.189823086871e-01, 1.618857640899e-04, 6.3593e+02, 2.0316e+01, 
 1DIAGNOSTIC,    26, -9.194712394889e-01, 1.461820586518e-04, 6.5618e+02, 2.0248e+01, 
 1DIAGNOSTIC,    27, -9.199335855708e-01, 1.318258255205e-04, 6.7781e+02, 2.1638e+01, 
 1DIAGNOSTIC,    28, -9.203647792330e-01, 1.204569607058e-04, 6.9824e+02, 2.0426e+01, 
 1DIAGNOSTIC,    29, -9.207690089302e-01, 1.097819979624e-04, 7.1647e+02, 1.8226e+01, 
 1DIAGNOSTIC,    30, -9.211530755907e-01, 1.015861916290e-04, 7.3498e+02, 1.8512e+01, 
 1DIAGNOSTIC,    31, -9.215221152896e-01, 9.388866028133e-05, 7.5329e+02, 1.8315e+01, 
 1DIAGNOSTIC,    32, -9.218763027632e-01, 8.661875288900e-05, 7.7160e+02, 1.8301e+01, 
 1DIAGNOSTIC,    33, -9.222220612023e-01, 7.988869162627e-05, 7.9248e+02, 2.0881e+01, 
 1DIAGNOSTIC,    34, -9.225546697095e-01, 7.378332487314e-05, 8.1264e+02, 2.0163e+01, 
 1DIAGNOSTIC,    35, -9.228679721549e-01, 6.831284271416e-05, 8.3442e+02, 2.1781e+01, 
 1DIAGNOSTIC,    36, -9.231653337488e-01, 6.346251173805e-05, 8.5845e+02, 2.4032e+01, 
 1DIAGNOSTIC,    37, -9.234507054867e-01, 5.914063976932e-05, 8.8378e+02, 2.5329e+01, 
 1DIAGNOSTIC,    38, -9.237208731346e-01, 5.517461085689e-05, 9.1848e+02, 3.4697e+01, 
 1DIAGNOSTIC,    39, -9.239782570019e-01, 5.145155082938e-05, 9.5668e+02, 3.8198e+01, 
 1DIAGNOSTIC,    40, -9.242247708570e-01, 4.793438425402e-05, 9.7540e+02, 1.8725e+01, 
 1DIAGNOSTIC,    41, -9.244676425898e-01, 4.468077383864e-05, 9.9393e+02, 1.8531e+01, 
 1DIAGNOSTIC,    42, -9.247065270075e-01, 4.172884130387e-05, 1.0121e+03, 1.8178e+01, 
 1DIAGNOSTIC,    43, -9.249431638171e-01, 3.916023894647e-05, 1.0304e+03, 1.8260e+01, 
 1DIAGNOSTIC,    44, -9.251827913448e-01, 3.703154904234e-05, 1.0486e+03, 1.8191e+01, 
 1DIAGNOSTIC,    45, -9.254217820109e-01, 3.529380695859e-05, 1.0669e+03, 1.8373e+01, 
 1DIAGNOSTIC,    46, -9.256640999438e-01, 3.392326267032e-05, 1.0870e+03, 2.0064e+01, 
 1DIAGNOSTIC,    47, -9.259081858219e-01, 3.288650546283e-05, 1.1114e+03, 2.4396e+01, 
 1DIAGNOSTIC,    48, -9.261568826450e-01, 3.212456381494e-05, 1.1295e+03, 1.8149e+01, 
 1DIAGNOSTIC,    49, -9.264117342284e-01, 3.158570937571e-05, 1.1477e+03, 1.8147e+01, 
 1DIAGNOSTIC,    50, -9.266736202087e-01, 3.122015665639e-05, 1.1664e+03, 1.8717e+01, 
XXDIAGNOSTIC,Iteration,metricValue,convergenceValue,ITERATION_TIME_INDEX,SINCE_LAST
 1DIAGNOSTIC,     1, -8.761763835001e-01, 1.797693134862e+308, 1.3903e+03, 2.2388e+02, 
 1DIAGNOSTIC,     2, -8.773097963592e-01, 1.797693134862e+308, 1.6558e+03, 2.6549e+02, 
 1DIAGNOSTIC,     3, -8.788008302024e-01, 1.797693134862e+308, 1.9023e+03, 2.4648e+02, 
 1DIAGNOSTIC,     4, -8.803185742313e-01, 1.797693134862e+308, 2.1640e+03, 2.6170e+02, 
 1DIAGNOSTIC,     5, -8.818619783700e-01, 1.797693134862e+308, 2.4073e+03, 2.4331e+02, 
 1DIAGNOSTIC,     6, -8.834371655846e-01, 1.797693134862e+308, 2.6535e+03, 2.4620e+02, 
 1DIAGNOSTIC,     7, -8.847294877054e-01, 1.797693134862e+308, 2.8572e+03, 2.0374e+02, 
 1DIAGNOSTIC,     8, -8.859475952350e-01, 1.797693134862e+308, 3.1082e+03, 2.5100e+02, 
 1DIAGNOSTIC,     9, -8.870965894336e-01, 1.797693134862e+308, 3.3977e+03, 2.8953e+02, 
 1DIAGNOSTIC,    10, -8.881407627208e-01, 9.002608184133e-04, 3.6564e+03, 2.5871e+02, 
 1DIAGNOSTIC,    11, -8.889998789527e-01, 7.850292615791e-04, 3.8940e+03, 2.3755e+02, 
 1DIAGNOSTIC,    12, -8.897861346679e-01, 6.697794542729e-04, 4.1540e+03, 2.6000e+02, 
 1DIAGNOSTIC,    13, -8.905093014668e-01, 5.663003209610e-04, 4.3048e+03, 1.5081e+02, 
 1DIAGNOSTIC,    14, -8.911912113637e-01, 4.763016508993e-04, 4.4533e+03, 1.4850e+02, 
 1DIAGNOSTIC,    15, -8.918603160082e-01, 4.017753162770e-04, 4.6027e+03, 1.4945e+02, 
 1DIAGNOSTIC,    16, -8.924867197736e-01, 3.436652659794e-04, 4.7540e+03, 1.5125e+02, 
 1DIAGNOSTIC,    17, -8.930772307720e-01, 2.961052352010e-04, 4.9049e+03, 1.5092e+02, 
 1DIAGNOSTIC,    18, -8.936253957617e-01, 2.577544909524e-04, 5.0556e+03, 1.5074e+02, 
 1DIAGNOSTIC,    19, -8.941482304880e-01, 2.275860320960e-04, 5.2054e+03, 1.4975e+02, 
 1DIAGNOSTIC,    20, -8.946539678641e-01, 2.040018225921e-04, 5.3604e+03, 1.5504e+02, 
  Elapsed time (stage 0): 5361.91


Total elapsed time: 5361.91
