
##########################
# Experiment information #
##########################

EXPERIMENT_NAME: antsRegistration-r7-p8
VFC_BACKENDS: libinterflop_vprec.so --range-binary32=7 --precision-binary32=8 --range-binary64=7 --precision-binary64=8

SIF_IMG: /home/mdugre/projects/rrg-glatard/mdugre/containers/ants-vprec-no_metrics.simg

SUBJECT_ID: s038
INPUT_IMG: /home/mdugre/scratch/mri-registration-rp/datasets/ds004513/derivatives/mri-registration-rp/antsBrainExtraction/sub-s038/BrainExtractionBrain.nii.gz
OUTPUT_DIR: /home/mdugre/scratch/mri-registration-rp/datasets/ds004513/derivatives/mri-registration-rp/0110/antsRegistration-r7-p8/sub-s038

FIXED_IMG: /templateflow/tpl-MNI152NLin2009cAsym/tpl-MNI152NLin2009cAsym_res-01_desc-brain_T1w.nii.gz
DATA_DIR: /home/mdugre/scratch/mri-registration-rp/datasets/ds004513
TEMPLATEFLOW_DIR: /home/mdugre/projects/rrg-glatard/mdugre/templateflow
ITK_GLOBAL_DEFAULT_NUMBER_OF_THREADS: 16
##########################

Info [verificarlo]: loaded backend libinterflop_ieee.so
Info [interflop-ieee]: load backend with:
Info [interflop-ieee]: debug = false
Info [interflop-ieee]: debug-binary = false
Info [interflop-ieee]: no-backend-name = false
Info [interflop-ieee]: print-new-line = false
Info [interflop-ieee]: print-subnormal-normalized = false
Info [interflop-ieee]: count-op = false
All_Command_lines_OK
Using double precision for computations.
=============================================================================
The composite transform comprises the following transforms (in order): 
  1. Center of mass alignment using fixed image: /templateflow/tpl-MNI152NLin2009cAsym/tpl-MNI152NLin2009cAsym_res-01_desc-brain_T1w.nii.gz and moving image: /home/mdugre/scratch/mri-registration-rp/datasets/ds004513/derivatives/mri-registration-rp/antsBrainExtraction/sub-s038/BrainExtractionBrain.nii.gz (type = Euler3DTransform)
=============================================================================
  number of levels = 1
  fixed image: /templateflow/tpl-MNI152NLin2009cAsym/tpl-MNI152NLin2009cAsym_res-01_desc-brain_T1w.nii.gz
  moving image: /home/mdugre/scratch/mri-registration-rp/datasets/ds004513/derivatives/mri-registration-rp/antsBrainExtraction/sub-s038/BrainExtractionBrain.nii.gz
Dimension = 3
Number of stages = 1
Use histogram matching = false
Winsorize image intensities = true
  Lower quantile = 0.005
  Upper quantile = 0.995


Stage 1 State
   Image metric = MattesMI
     Fixed image = Image (0x3b3dbd0)
  RTTI typeinfo:   itk::Image<double, 3u>
  Reference Count: 2
  Modified Time: 2330
  Debug: Off
  Object Name: 
  Observers: 
    none
  Source: (none)
  Source output name: (none)
  Release Data: Off
  Data Released: False
  Global Release Data: Off
  PipelineMTime: 0
  UpdateMTime: 1941
  RealTimeStamp: 0 seconds 
  LargestPossibleRegion: 
    Dimension: 3
    Index: [0, 0, 0]
    Size: [193, 229, 193]
  BufferedRegion: 
    Dimension: 3
    Index: [0, 0, 0]
    Size: [193, 229, 193]
  RequestedRegion: 
    Dimension: 3
    Index: [0, 0, 0]
    Size: [193, 229, 193]
  Spacing: [1, 1, 1]
  Origin: [96, 132, -78]
  Direction: 
-1 0 0
0 -1 0
0 0 1

  IndexToPointMatrix: 
-1 0 0
0 -1 0
0 0 1

  PointToIndexMatrix: 
-1 0 0
0 -1 0
0 0 1

  Inverse Direction: 
-1 0 0
0 -1 0
0 0 1

  PixelContainer: 
    ImportImageContainer (0x3b469e0)
      RTTI typeinfo:   itk::ImportImageContainer<unsigned long, double>
      Reference Count: 1
      Modified Time: 1938
      Debug: Off
      Object Name: 
      Observers: 
        none
      Pointer: 0x1456d12b6010
      Container manages memory: true
      Size: 8530021
      Capacity: 8530021

     Moving image = Image (0x3b47bd0)
  RTTI typeinfo:   itk::Image<double, 3u>
  Reference Count: 2
  Modified Time: 2331
  Debug: Off
  Object Name: 
  Observers: 
    none
  Source: (none)
  Source output name: (none)
  Release Data: Off
  Data Released: False
  Global Release Data: Off
  PipelineMTime: 0
  UpdateMTime: 2328
  RealTimeStamp: 0 seconds 
  LargestPossibleRegion: 
    Dimension: 3
    Index: [0, 0, 0]
    Size: [160, 240, 256]
  BufferedRegion: 
    Dimension: 3
    Index: [0, 0, 0]
    Size: [160, 240, 256]
  RequestedRegion: 
    Dimension: 3
    Index: [0, 0, 0]
    Size: [160, 240, 256]
  Spacing: [1, 1, 1]
  Origin: [79.5, 93.5195, -127]
  Direction: 
-1 0 0
0 -1 0
0 0 1

  IndexToPointMatrix: 
-1 0 0
0 -1 0
0 0 1

  PointToIndexMatrix: 
-1 0 0
0 -1 0
0 0 1

  Inverse Direction: 
-1 0 0
0 -1 0
0 0 1

  PixelContainer: 
    ImportImageContainer (0x3c8dad0)
      RTTI typeinfo:   itk::ImportImageContainer<unsigned long, double>
      Reference Count: 1
      Modified Time: 2325
      Debug: Off
      Object Name: 
      Observers: 
        none
      Pointer: 0x1456cc7b5010
      Container manages memory: true
      Size: 9830400
      Capacity: 9830400

     Weighting = 1
     Sampling strategy = regular
     Number of bins = 32
     Radius = 4
     Sampling percentage  = 0.25
   Transform = Rigid
     Gradient step = 0.1
     Update field sigma (voxel space) = 0
     Total field sigma (voxel space) = 0
     Update field time sigma = 0
     Total field time sigma  = 0
     Number of time indices = 0
     Number of time point samples = 0
Registration using 1 total stages.

Stage 0
  iterations = 0
  convergence threshold = 1e-06
  convergence window size = 10
  number of levels = 1
  using the Mattes MI metric (number of bins = 32, weight = 1, use gradient filter = 0)
  preprocessing:  winsorizing the image intensities
  Shrink factors (level 1 out of 1): [1, 1, 1]
  smoothing sigmas per level: [0]
  regular sampling (percentage = 0.25)

*** Running Euler3DTransform registration ***

  Elapsed time (stage 0): 1.13794


Total elapsed time: 1.14007
Info [verificarlo]: loaded backend libinterflop_vprec.so
Info [interflop-vprec]: load backend with: 
Info [interflop-vprec]: precision-binary32 = 8
Info [interflop-vprec]: range-binary32 = 7
Info [interflop-vprec]: precision-binary64 = 8
Info [interflop-vprec]: range-binary64 = 7
Info [interflop-vprec]: mode = ob
Info [interflop-vprec]: error-mode = rel
Info [interflop-vprec]: max-abs-error-exponent = -1022
Info [interflop-vprec]: daz = false
Info [interflop-vprec]: ftz = false
Info [interflop-vprec]: 	instrument = none
Info [interflop-vprec]: 	prec-input-file = (null)
Info [interflop-vprec]: 	prec-output-file = (null)
Info [interflop-vprec]: 	prec-log-file = (null)
All_Command_lines_OK
Using double precision for computations.
=============================================================================
The composite transform comprises the following transforms (in order): 
  1. /home/mdugre/scratch/mri-registration-rp/datasets/ds004513/derivatives/mri-registration-rp/0110/antsRegistration-r7-p8/sub-s038/align_Composite.h5[0] (type = Euler3DTransform)
  2. /home/mdugre/scratch/mri-registration-rp/datasets/ds004513/derivatives/mri-registration-rp/0110/antsRegistration-r7-p8/sub-s038/align_Composite.h5[1] (type = Euler3DTransform)
=============================================================================
  number of levels = 4
  fixed image: /templateflow/tpl-MNI152NLin2009cAsym/tpl-MNI152NLin2009cAsym_res-01_desc-brain_T1w.nii.gz
  moving image: /home/mdugre/scratch/mri-registration-rp/datasets/ds004513/derivatives/mri-registration-rp/antsBrainExtraction/sub-s038/BrainExtractionBrain.nii.gz
Dimension = 3
Number of stages = 1
Use histogram matching = false
Winsorize image intensities = true
  Lower quantile = 0.005
  Upper quantile = 0.995


Stage 1 State
   Image metric = MattesMI
     Fixed image = Image (0x4ed81e0)
  RTTI typeinfo:   itk::Image<double, 3u>
  Reference Count: 2
  Modified Time: 1578
  Debug: Off
  Object Name: 
  Observers: 
    none
  Source: (none)
  Source output name: (none)
  Release Data: Off
  Data Released: False
  Global Release Data: Off
  PipelineMTime: 0
  UpdateMTime: 1189
  RealTimeStamp: 0 seconds 
  LargestPossibleRegion: 
    Dimension: 3
    Index: [0, 0, 0]
    Size: [193, 229, 193]
  BufferedRegion: 
    Dimension: 3
    Index: [0, 0, 0]
    Size: [193, 229, 193]
  RequestedRegion: 
    Dimension: 3
    Index: [0, 0, 0]
    Size: [193, 229, 193]
  Spacing: [1, 1, 1]
  Origin: [96, 132, -78]
  Direction: 
-1 0 0
0 -1 0
0 0 1

  IndexToPointMatrix: 
-1 0 0
0 -1 0
0 0 1

  PointToIndexMatrix: 
-1 0 0
0 -1 0
0 0 1

  Inverse Direction: 
-1 0 0
0 -1 0
0 0 1

  PixelContainer: 
    ImportImageContainer (0x4f97680)
      RTTI typeinfo:   itk::ImportImageContainer<unsigned long, double>
      Reference Count: 1
      Modified Time: 1186
      Debug: Off
      Object Name: 
      Observers: 
        none
      Pointer: 0x14c8bdc4a010
      Container manages memory: true
      Size: 8530021
      Capacity: 8530021

     Moving image = Image (0x4f93b20)
  RTTI typeinfo:   itk::Image<double, 3u>
  Reference Count: 2
  Modified Time: 1579
  Debug: Off
  Object Name: 
  Observers: 
    none
  Source: (none)
  Source output name: (none)
  Release Data: Off
  Data Released: False
  Global Release Data: Off
  PipelineMTime: 0
  UpdateMTime: 1576
  RealTimeStamp: 0 seconds 
  LargestPossibleRegion: 
    Dimension: 3
    Index: [0, 0, 0]
    Size: [160, 240, 256]
  BufferedRegion: 
    Dimension: 3
    Index: [0, 0, 0]
    Size: [160, 240, 256]
  RequestedRegion: 
    Dimension: 3
    Index: [0, 0, 0]
    Size: [160, 240, 256]
  Spacing: [1, 1, 1]
  Origin: [79.5, 93.5, -127]
  Direction: 
-1 0 0
0 -1 0
0 0 1

  IndexToPointMatrix: 
-1 0 0
0 -1 0
0 0 1

  PointToIndexMatrix: 
-1 0 0
0 -1 0
0 0 1

  Inverse Direction: 
-1 0 0
0 -1 0
0 0 1

  PixelContainer: 
    ImportImageContainer (0x4ffcd50)
      RTTI typeinfo:   itk::ImportImageContainer<unsigned long, double>
      Reference Count: 1
      Modified Time: 1573
      Debug: Off
      Object Name: 
      Observers: 
        none
      Pointer: 0x14c8b9149010
      Container manages memory: true
      Size: 9830400
      Capacity: 9830400

     Weighting = 1
     Sampling strategy = regular
     Number of bins = 32
     Radius = 4
     Sampling percentage  = 0.25
   Transform = Rigid
     Gradient step = 0.1
     Update field sigma (voxel space) = 0
     Total field sigma (voxel space) = 0
     Update field time sigma = 0
     Total field time sigma  = 0
     Number of time indices = 0
     Number of time point samples = 0
Registration using 1 total stages.

Stage 0
  iterations = 1000x500x250x100
  convergence threshold = 1e-06
  convergence window size = 10
  number of levels = 4
  using the Mattes MI metric (number of bins = 32, weight = 1, use gradient filter = 0)
  preprocessing:  winsorizing the image intensities
  Shrink factors (level 1 out of 4): [8, 8, 8]
  Shrink factors (level 2 out of 4): [4, 4, 4]
  Shrink factors (level 3 out of 4): [2, 2, 2]
  Shrink factors (level 4 out of 4): [1, 1, 1]
  smoothing sigmas per level: [3, 2, 1, 0]
  regular sampling (percentage = 0.25)

*** Running Euler3DTransform registration ***

DIAGNOSTIC,Iteration,metricValue,convergenceValue,ITERATION_TIME_INDEX,SINCE_LAST
 2DIAGNOSTIC,     1, -5.537614154093e-01, 1.797693134862e+308, 0.0000e+00, 0.0000e+00, 
 2DIAGNOSTIC,     2, -5.537724097839e-01, 1.797693134862e+308, 0.0000e+00, 0.0000e+00, 
 2DIAGNOSTIC,     3, -5.537415574521e-01, 1.797693134862e+308, 0.0000e+00, 0.0000e+00, 
 2DIAGNOSTIC,     4, -5.537623001348e-01, 1.797693134862e+308, 0.0000e+00, 0.0000e+00, 
 2DIAGNOSTIC,     5, -5.537520728287e-01, 1.797693134862e+308, 0.0000e+00, 0.0000e+00, 
 2DIAGNOSTIC,     6, -5.537505069805e-01, 1.797693134862e+308, 0.0000e+00, 0.0000e+00, 
 2DIAGNOSTIC,     7, -5.537583641867e-01, 1.797693134862e+308, 0.0000e+00, 0.0000e+00, 
 2DIAGNOSTIC,     8, -5.537576729068e-01, 1.797693134862e+308, 0.0000e+00, 0.0000e+00, 
 2DIAGNOSTIC,     9, -5.537587131976e-01, 1.797693134862e+308, 0.0000e+00, 0.0000e+00, 
DIAGNOSTIC,Iteration,metricValue,convergenceValue,ITERATION_TIME_INDEX,SINCE_LAST
 2DIAGNOSTIC,     1, -4.346238870813e-01, 1.797693134862e+308, 0.0000e+00, 0.0000e+00, 
 2DIAGNOSTIC,     2, -4.348420994785e-01, 1.797693134862e+308, 0.0000e+00, 0.0000e+00, 
 2DIAGNOSTIC,     3, -4.349043673206e-01, 1.797693134862e+308, 0.0000e+00, 0.0000e+00, 
 2DIAGNOSTIC,     4, -4.352019599013e-01, 1.797693134862e+308, 0.0000e+00, 0.0000e+00, 
 2DIAGNOSTIC,     5, -4.362060755468e-01, 1.797693134862e+308, 0.0000e+00, 0.0000e+00, 
 2DIAGNOSTIC,     6, -4.367806995230e-01, 1.797693134862e+308, 0.0000e+00, 0.0000e+00, 
 2DIAGNOSTIC,     7, -4.370552798078e-01, 1.797693134862e+308, 0.0000e+00, 0.0000e+00, 
 2DIAGNOSTIC,     8, -4.376094949970e-01, 1.797693134862e+308, 0.0000e+00, 0.0000e+00, 
 2DIAGNOSTIC,     9, -4.397448918313e-01, 1.797693134862e+308, 0.0000e+00, 0.0000e+00, 
 2DIAGNOSTIC,    10, -4.421522561152e-01, 9.549611259678e-04, 0.0000e+00, 0.0000e+00, 
 2DIAGNOSTIC,    11, -4.448428291597e-01, 1.194753267442e-03, 0.0000e+00, 0.0000e+00, 
 2DIAGNOSTIC,    12, -4.507933294771e-01, 1.618545605146e-03, 0.0000e+00, 0.0000e+00, 
 2DIAGNOSTIC,    13, -4.588852717065e-01, 2.226995738170e-03, 0.0000e+00, 0.0000e+00, 
 2DIAGNOSTIC,    14, -4.739451791488e-01, 3.233808065659e-03, 0.0000e+00, 0.0000e+00, 
 2DIAGNOSTIC,    15, -5.483367564341e-01, 6.928322832824e-03, 0.0000e+00, 0.0000e+00, 
 2DIAGNOSTIC,    16, -5.700571938277e-01, 1.020622911392e-02, 0.0000e+00, 0.0000e+00, 
 2DIAGNOSTIC,    17, -5.696095457981e-01, 1.209319291634e-02, 0.0000e+00, 0.0000e+00, 
 2DIAGNOSTIC,    18, -5.708234828657e-01, 1.272318251390e-02, 0.0000e+00, 0.0000e+00, 
 2DIAGNOSTIC,    19, -5.708380859946e-01, 1.216830395303e-02, 0.0000e+00, 0.0000e+00, 
 2DIAGNOSTIC,    20, -5.704124722745e-01, 1.058539345281e-02, 0.0000e+00, 0.0000e+00, 
 2DIAGNOSTIC,    21, -5.706027100930e-01, 8.270425626011e-03, 0.0000e+00, 0.0000e+00, 
 2DIAGNOSTIC,    22, -5.715856503647e-01, 5.646294967322e-03, 0.0000e+00, 0.0000e+00, 
 2DIAGNOSTIC,    23, -5.714508191316e-01, 2.981917525115e-03, 0.0000e+00, 0.0000e+00, 
 2DIAGNOSTIC,    24, -5.714464128728e-01, 6.114458299239e-04, 0.0000e+00, 0.0000e+00, 
 2DIAGNOSTIC,    25, -5.714156310836e-01, 8.640083347122e-05, 0.0000e+00, 0.0000e+00, 
 2DIAGNOSTIC,    26, -5.714940978280e-01, 7.587251994039e-05, 0.0000e+00, 0.0000e+00, 
 2DIAGNOSTIC,    27, -5.714832957273e-01, 4.828650031509e-05, 0.0000e+00, 0.0000e+00, 
 2DIAGNOSTIC,    28, -5.714583870999e-01, 4.218487778837e-05, 0.0000e+00, 0.0000e+00, 
 2DIAGNOSTIC,    29, -5.714622366341e-01, 3.358653511332e-05, 0.0000e+00, 0.0000e+00, 
 2DIAGNOSTIC,    30, -5.714399711240e-01, 1.421061244943e-05, 0.0000e+00, 0.0000e+00, 
DIAGNOSTIC,Iteration,metricValue,convergenceValue,ITERATION_TIME_INDEX,SINCE_LAST
 2DIAGNOSTIC,     1, -5.047979813018e-01, 1.797693134862e+308, 0.0000e+00, 0.0000e+00, 
 2DIAGNOSTIC,     2, -5.049035670250e-01, 1.797693134862e+308, 0.0000e+00, 0.0000e+00, 
 2DIAGNOSTIC,     3, -5.049230132254e-01, 1.797693134862e+308, 0.0000e+00, 0.0000e+00, 
 2DIAGNOSTIC,     4, -5.049377798132e-01, 1.797693134862e+308, 0.0000e+00, 0.0000e+00, 
 2DIAGNOSTIC,     5, -5.052410376869e-01, 1.797693134862e+308, 0.0000e+00, 0.0000e+00, 
 2DIAGNOSTIC,     6, -5.052353102700e-01, 1.797693134862e+308, 0.0000e+00, 0.0000e+00, 
 2DIAGNOSTIC,     7, -5.052350564306e-01, 1.797693134862e+308, 0.0000e+00, 0.0000e+00, 
 2DIAGNOSTIC,     8, -5.052411257461e-01, 1.797693134862e+308, 0.0000e+00, 0.0000e+00, 
 2DIAGNOSTIC,     9, -5.052397763905e-01, 1.797693134862e+308, 0.0000e+00, 0.0000e+00, 
 2DIAGNOSTIC,    10, -5.052427368936e-01, 6.191197306125e-05, 0.0000e+00, 0.0000e+00, 
 2DIAGNOSTIC,    11, -5.052422160576e-01, 4.248574281364e-05, 0.0000e+00, 0.0000e+00, 
 2DIAGNOSTIC,    12, -5.052396565388e-01, 2.753807016205e-05, 0.0000e+00, 0.0000e+00, 
 2DIAGNOSTIC,    13, -5.052357224050e-01, 1.321020508747e-05, 0.0000e+00, 0.0000e+00, 
DIAGNOSTIC,Iteration,metricValue,convergenceValue,ITERATION_TIME_INDEX,SINCE_LAST
 2DIAGNOSTIC,     1, -4.642989728069e-01, 1.797693134862e+308, 0.0000e+00, 0.0000e+00, 
 2DIAGNOSTIC,     2, -4.642781460863e-01, 1.797693134862e+308, 0.0000e+00, 0.0000e+00, 
 2DIAGNOSTIC,     3, -4.642150167792e-01, 1.797693134862e+308, 0.0000e+00, 0.0000e+00, 
 2DIAGNOSTIC,     4, -4.643520016238e-01, 1.797693134862e+308, 0.0000e+00, 0.0000e+00, 
 2DIAGNOSTIC,     5, -4.643573280785e-01, 1.797693134862e+308, 0.0000e+00, 0.0000e+00, 
 2DIAGNOSTIC,     6, -4.643608222119e-01, 1.797693134862e+308, 0.0000e+00, 0.0000e+00, 
 2DIAGNOSTIC,     7, -4.643468541055e-01, 1.797693134862e+308, 0.0000e+00, 0.0000e+00, 
 2DIAGNOSTIC,     8, -4.643469743116e-01, 1.797693134862e+308, 0.0000e+00, 0.0000e+00, 
 2DIAGNOSTIC,     9, -4.643432694039e-01, 1.797693134862e+308, 0.0000e+00, 0.0000e+00, 
 2DIAGNOSTIC,    10, -4.643416608141e-01, 1.166194917236e-05, 0.0000e+00, 0.0000e+00, 
 2DIAGNOSTIC,    11, -4.643379682626e-01, 8.753745662990e-06, 0.0000e+00, 0.0000e+00, 
 2DIAGNOSTIC,    12, -4.643164784614e-01, 3.576216341589e-06, 0.0000e+00, 0.0000e+00, 
  Elapsed time (stage 0): 0.0000e+00


Total elapsed time: 0.0000e+00
Info [verificarlo]: loaded backend libinterflop_vprec.so
Info [interflop-vprec]: load backend with: 
Info [interflop-vprec]: precision-binary32 = 8
Info [interflop-vprec]: range-binary32 = 7
Info [interflop-vprec]: precision-binary64 = 8
Info [interflop-vprec]: range-binary64 = 7
Info [interflop-vprec]: mode = ob
Info [interflop-vprec]: error-mode = rel
Info [interflop-vprec]: max-abs-error-exponent = -1022
Info [interflop-vprec]: daz = false
Info [interflop-vprec]: ftz = false
Info [interflop-vprec]: 	instrument = none
Info [interflop-vprec]: 	prec-input-file = (null)
Info [interflop-vprec]: 	prec-output-file = (null)
Info [interflop-vprec]: 	prec-log-file = (null)
All_Command_lines_OK
Using double precision for computations.
=============================================================================
The composite transform comprises the following transforms (in order): 
  1. /home/mdugre/scratch/mri-registration-rp/datasets/ds004513/derivatives/mri-registration-rp/0110/antsRegistration-r7-p8/sub-s038/rigid_Composite.h5[0] (type = Euler3DTransform)
  2. /home/mdugre/scratch/mri-registration-rp/datasets/ds004513/derivatives/mri-registration-rp/0110/antsRegistration-r7-p8/sub-s038/rigid_Composite.h5[1] (type = Euler3DTransform)
  3. /home/mdugre/scratch/mri-registration-rp/datasets/ds004513/derivatives/mri-registration-rp/0110/antsRegistration-r7-p8/sub-s038/rigid_Composite.h5[2] (type = Euler3DTransform)
=============================================================================
  number of levels = 4
  fixed image: /templateflow/tpl-MNI152NLin2009cAsym/tpl-MNI152NLin2009cAsym_res-01_desc-brain_T1w.nii.gz
  moving image: /home/mdugre/scratch/mri-registration-rp/datasets/ds004513/derivatives/mri-registration-rp/antsBrainExtraction/sub-s038/BrainExtractionBrain.nii.gz
Dimension = 3
Number of stages = 1
Use histogram matching = false
Winsorize image intensities = true
  Lower quantile = 0.005
  Upper quantile = 0.995


Stage 1 State
   Image metric = MattesMI
     Fixed image = Image (0x3a901e0)
  RTTI typeinfo:   itk::Image<double, 3u>
  Reference Count: 2
  Modified Time: 1592
  Debug: Off
  Object Name: 
  Observers: 
    none
  Source: (none)
  Source output name: (none)
  Release Data: Off
  Data Released: False
  Global Release Data: Off
  PipelineMTime: 0
  UpdateMTime: 1203
  RealTimeStamp: 0 seconds 
  LargestPossibleRegion: 
    Dimension: 3
    Index: [0, 0, 0]
    Size: [193, 229, 193]
  BufferedRegion: 
    Dimension: 3
    Index: [0, 0, 0]
    Size: [193, 229, 193]
  RequestedRegion: 
    Dimension: 3
    Index: [0, 0, 0]
    Size: [193, 229, 193]
  Spacing: [1, 1, 1]
  Origin: [96, 132, -78]
  Direction: 
-1 0 0
0 -1 0
0 0 1

  IndexToPointMatrix: 
-1 0 0
0 -1 0
0 0 1

  PointToIndexMatrix: 
-1 0 0
0 -1 0
0 0 1

  Inverse Direction: 
-1 0 0
0 -1 0
0 0 1

  PixelContainer: 
    ImportImageContainer (0x3b5e440)
      RTTI typeinfo:   itk::ImportImageContainer<unsigned long, double>
      Reference Count: 1
      Modified Time: 1200
      Debug: Off
      Object Name: 
      Observers: 
        none
      Pointer: 0x14aed6b75010
      Container manages memory: true
      Size: 8530021
      Capacity: 8530021

     Moving image = Image (0x3b4b9b0)
  RTTI typeinfo:   itk::Image<double, 3u>
  Reference Count: 2
  Modified Time: 1593
  Debug: Off
  Object Name: 
  Observers: 
    none
  Source: (none)
  Source output name: (none)
  Release Data: Off
  Data Released: False
  Global Release Data: Off
  PipelineMTime: 0
  UpdateMTime: 1590
  RealTimeStamp: 0 seconds 
  LargestPossibleRegion: 
    Dimension: 3
    Index: [0, 0, 0]
    Size: [160, 240, 256]
  BufferedRegion: 
    Dimension: 3
    Index: [0, 0, 0]
    Size: [160, 240, 256]
  RequestedRegion: 
    Dimension: 3
    Index: [0, 0, 0]
    Size: [160, 240, 256]
  Spacing: [1, 1, 1]
  Origin: [79.5, 93.5, -127]
  Direction: 
-1 0 0
0 -1 0
0 0 1

  IndexToPointMatrix: 
-1 0 0
0 -1 0
0 0 1

  PointToIndexMatrix: 
-1 0 0
0 -1 0
0 0 1

  Inverse Direction: 
-1 0 0
0 -1 0
0 0 1

  PixelContainer: 
    ImportImageContainer (0x3b01710)
      RTTI typeinfo:   itk::ImportImageContainer<unsigned long, double>
      Reference Count: 1
      Modified Time: 1587
      Debug: Off
      Object Name: 
      Observers: 
        none
      Pointer: 0x14aed2074010
      Container manages memory: true
      Size: 9830400
      Capacity: 9830400

     Weighting = 1
     Sampling strategy = regular
     Number of bins = 32
     Radius = 4
     Sampling percentage  = 0.25
   Transform = Affine
     Gradient step = 0.1
     Update field sigma (voxel space) = 0
     Total field sigma (voxel space) = 0
     Update field time sigma = 0
     Total field time sigma  = 0
     Number of time indices = 0
     Number of time point samples = 0
Registration using 1 total stages.

Stage 0
  iterations = 1000x500x250x100
  convergence threshold = 1e-06
  convergence window size = 10
  number of levels = 4
  using the Mattes MI metric (number of bins = 32, weight = 1, use gradient filter = 0)
  preprocessing:  winsorizing the image intensities
  Shrink factors (level 1 out of 4): [8, 8, 8]
  Shrink factors (level 2 out of 4): [4, 4, 4]
  Shrink factors (level 3 out of 4): [2, 2, 2]
  Shrink factors (level 4 out of 4): [1, 1, 1]
  smoothing sigmas per level: [3, 2, 1, 0]
  regular sampling (percentage = 0.25)

*** Running AffineTransform registration ***

DIAGNOSTIC,Iteration,metricValue,convergenceValue,ITERATION_TIME_INDEX,SINCE_LAST
 2DIAGNOSTIC,     1, -7.164274523605e-01, 1.797693134862e+308, 0.0000e+00, 0.0000e+00, 
 2DIAGNOSTIC,     2, -7.164274523605e-01, 1.797693134862e+308, 0.0000e+00, 0.0000e+00, 
 2DIAGNOSTIC,     3, -7.164274523605e-01, 1.797693134862e+308, 0.0000e+00, 0.0000e+00, 
 2DIAGNOSTIC,     4, -7.164086656877e-01, 1.797693134862e+308, 0.0000e+00, 0.0000e+00, 
 2DIAGNOSTIC,     5, -7.164086582845e-01, 1.797693134862e+308, 0.0000e+00, 0.0000e+00, 
 2DIAGNOSTIC,     6, -7.164086582845e-01, 1.797693134862e+308, 0.0000e+00, 0.0000e+00, 
 2DIAGNOSTIC,     7, -7.164086582860e-01, 1.797693134862e+308, 0.0000e+00, 0.0000e+00, 
 2DIAGNOSTIC,     8, -7.164086582860e-01, 1.797693134862e+308, 0.0000e+00, 0.0000e+00, 
 2DIAGNOSTIC,     9, -7.164118810211e-01, 1.797693134862e+308, 0.0000e+00, 0.0000e+00, 
DIAGNOSTIC,Iteration,metricValue,convergenceValue,ITERATION_TIME_INDEX,SINCE_LAST
 2DIAGNOSTIC,     1, -5.716129076476e-01, 1.797693134862e+308, 0.0000e+00, 0.0000e+00, 
 2DIAGNOSTIC,     2, -5.726731630016e-01, 1.797693134862e+308, 0.0000e+00, 0.0000e+00, 
 2DIAGNOSTIC,     3, -5.734042588079e-01, 1.797693134862e+308, 0.0000e+00, 0.0000e+00, 
 2DIAGNOSTIC,     4, -5.744062640302e-01, 1.797693134862e+308, 0.0000e+00, 0.0000e+00, 
 2DIAGNOSTIC,     5, -5.755974154170e-01, 1.797693134862e+308, 0.0000e+00, 0.0000e+00, 
 2DIAGNOSTIC,     6, -5.784244928454e-01, 1.797693134862e+308, 0.0000e+00, 0.0000e+00, 
 2DIAGNOSTIC,     7, -5.834294569524e-01, 1.797693134862e+308, 0.0000e+00, 0.0000e+00, 
 2DIAGNOSTIC,     8, -5.889066344000e-01, 1.797693134862e+308, 0.0000e+00, 0.0000e+00, 
 2DIAGNOSTIC,     9, -5.969035560271e-01, 1.797693134862e+308, 0.0000e+00, 0.0000e+00, 
 2DIAGNOSTIC,    10, -6.036871473164e-01, 3.362694938155e-03, 0.0000e+00, 0.0000e+00, 
 2DIAGNOSTIC,    11, -6.098113289938e-01, 3.823167156734e-03, 0.0000e+00, 0.0000e+00, 
 2DIAGNOSTIC,    12, -6.148281675104e-01, 4.102192277565e-03, 0.0000e+00, 0.0000e+00, 
 2DIAGNOSTIC,    13, -6.167596847624e-01, 4.062592131839e-03, 0.0000e+00, 0.0000e+00, 
 2DIAGNOSTIC,    14, -6.165127680123e-01, 3.687489743604e-03, 0.0000e+00, 0.0000e+00, 
 2DIAGNOSTIC,    15, -6.162449026111e-01, 3.058751977771e-03, 0.0000e+00, 0.0000e+00, 
 2DIAGNOSTIC,    16, -6.162463207500e-01, 2.314572540165e-03, 0.0000e+00, 0.0000e+00, 
 2DIAGNOSTIC,    17, -6.166331261237e-01, 1.597751783742e-03, 0.0000e+00, 0.0000e+00, 
 2DIAGNOSTIC,    18, -6.175982142382e-01, 9.833093262504e-04, 0.0000e+00, 0.0000e+00, 
 2DIAGNOSTIC,    19, -6.175872161643e-01, 5.429357509753e-04, 0.0000e+00, 0.0000e+00, 
 2DIAGNOSTIC,    20, -6.177875325672e-01, 2.619472133742e-04, 0.0000e+00, 0.0000e+00, 
 2DIAGNOSTIC,    21, -6.174566171388e-01, 1.123438312007e-04, 0.0000e+00, 0.0000e+00, 
 2DIAGNOSTIC,    22, -6.174610102870e-01, 7.302134244196e-05, 0.0000e+00, 0.0000e+00, 
 2DIAGNOSTIC,    23, -6.174610102870e-01, 6.984813277435e-05, 0.0000e+00, 0.0000e+00, 
 2DIAGNOSTIC,    24, -6.174610102870e-01, 5.561561219560e-05, 0.0000e+00, 0.0000e+00, 
 2DIAGNOSTIC,    25, -6.174610102870e-01, 3.263064862842e-05, 0.0000e+00, 0.0000e+00, 
 2DIAGNOSTIC,    26, -6.174610102870e-01, 8.488171255761e-06, 0.0000e+00, 0.0000e+00, 
DIAGNOSTIC,Iteration,metricValue,convergenceValue,ITERATION_TIME_INDEX,SINCE_LAST
 2DIAGNOSTIC,     1, -5.386014393099e-01, 1.797693134862e+308, 0.0000e+00, 0.0000e+00, 
 2DIAGNOSTIC,     2, -5.387799196129e-01, 1.797693134862e+308, 0.0000e+00, 0.0000e+00, 
 2DIAGNOSTIC,     3, -5.387958698544e-01, 1.797693134862e+308, 0.0000e+00, 0.0000e+00, 
 2DIAGNOSTIC,     4, -5.387718593271e-01, 1.797693134862e+308, 0.0000e+00, 0.0000e+00, 
 2DIAGNOSTIC,     5, -5.387716312348e-01, 1.797693134862e+308, 0.0000e+00, 0.0000e+00, 
 2DIAGNOSTIC,     6, -5.387650121397e-01, 1.797693134862e+308, 0.0000e+00, 0.0000e+00, 
 2DIAGNOSTIC,     7, -5.387664791844e-01, 1.797693134862e+308, 0.0000e+00, 0.0000e+00, 
 2DIAGNOSTIC,     8, -5.387664791844e-01, 1.797693134862e+308, 0.0000e+00, 0.0000e+00, 
 2DIAGNOSTIC,     9, -5.387664791844e-01, 1.797693134862e+308, 0.0000e+00, 0.0000e+00, 
 2DIAGNOSTIC,    10, -5.387664791844e-01, 6.815599871118e-06, 0.0000e+00, 0.0000e+00, 
DIAGNOSTIC,Iteration,metricValue,convergenceValue,ITERATION_TIME_INDEX,SINCE_LAST
 2DIAGNOSTIC,     1, -4.938791963505e-01, 1.797693134862e+308, 0.0000e+00, 0.0000e+00, 
 2DIAGNOSTIC,     2, -4.941315491879e-01, 1.797693134862e+308, 0.0000e+00, 0.0000e+00, 
 2DIAGNOSTIC,     3, -4.947143357233e-01, 1.797693134862e+308, 0.0000e+00, 0.0000e+00, 
 2DIAGNOSTIC,     4, -4.952587862046e-01, 1.797693134862e+308, 0.0000e+00, 0.0000e+00, 
 2DIAGNOSTIC,     5, -4.960226061265e-01, 1.797693134862e+308, 0.0000e+00, 0.0000e+00, 
 2DIAGNOSTIC,     6, -4.962182543258e-01, 1.797693134862e+308, 0.0000e+00, 0.0000e+00, 
 2DIAGNOSTIC,     7, -4.962611370316e-01, 1.797693134862e+308, 0.0000e+00, 0.0000e+00, 
 2DIAGNOSTIC,     8, -4.962318418141e-01, 1.797693134862e+308, 0.0000e+00, 0.0000e+00, 
 2DIAGNOSTIC,     9, -4.962339503418e-01, 1.797693134862e+308, 0.0000e+00, 0.0000e+00, 
 2DIAGNOSTIC,    10, -4.962386582624e-01, 3.306745971959e-04, 0.0000e+00, 0.0000e+00, 
 2DIAGNOSTIC,    11, -4.962386115221e-01, 2.205913972417e-04, 0.0000e+00, 0.0000e+00, 
 2DIAGNOSTIC,    12, -4.962381429251e-01, 1.211813287634e-04, 0.0000e+00, 0.0000e+00, 
 2DIAGNOSTIC,    13, -4.962393013371e-01, 5.177855804421e-05, 0.0000e+00, 0.0000e+00, 
 2DIAGNOSTIC,    14, -4.962385680227e-01, 9.105067467166e-06, 0.0000e+00, 0.0000e+00, 
  Elapsed time (stage 0): 0.0000e+00


Total elapsed time: 0.0000e+00
Info [verificarlo]: loaded backend libinterflop_ieee.so
Info [interflop-ieee]: load backend with:
Info [interflop-ieee]: debug = false
Info [interflop-ieee]: debug-binary = false
Info [interflop-ieee]: no-backend-name = false
Info [interflop-ieee]: print-new-line = false
Info [interflop-ieee]: print-subnormal-normalized = false
Info [interflop-ieee]: count-op = false
All_Command_lines_OK
Using double precision for computations.
=============================================================================
The composite transform comprises the following transforms (in order): 
  1. /home/mdugre/scratch/mri-registration-rp/datasets/ds004513/derivatives/mri-registration-rp/0110/antsRegistration-r7-p8/sub-s038/affine_Composite.h5[0] (type = Euler3DTransform)
  2. /home/mdugre/scratch/mri-registration-rp/datasets/ds004513/derivatives/mri-registration-rp/0110/antsRegistration-r7-p8/sub-s038/affine_Composite.h5[1] (type = Euler3DTransform)
  3. /home/mdugre/scratch/mri-registration-rp/datasets/ds004513/derivatives/mri-registration-rp/0110/antsRegistration-r7-p8/sub-s038/affine_Composite.h5[2] (type = Euler3DTransform)
  4. /home/mdugre/scratch/mri-registration-rp/datasets/ds004513/derivatives/mri-registration-rp/0110/antsRegistration-r7-p8/sub-s038/affine_Composite.h5[3] (type = AffineTransform)
=============================================================================
  number of levels = 4
  fixed image: /templateflow/tpl-MNI152NLin2009cAsym/tpl-MNI152NLin2009cAsym_res-01_desc-brain_T1w.nii.gz
  moving image: /home/mdugre/scratch/mri-registration-rp/datasets/ds004513/derivatives/mri-registration-rp/antsBrainExtraction/sub-s038/BrainExtractionBrain.nii.gz
Dimension = 3
Number of stages = 1
Use histogram matching = false
Winsorize image intensities = true
  Lower quantile = 0.005
  Upper quantile = 0.995


Stage 1 State
   Image metric = CC
     Fixed image = Image (0x33e4a40)
  RTTI typeinfo:   itk::Image<double, 3u>
  Reference Count: 2
  Modified Time: 1606
  Debug: Off
  Object Name: 
  Observers: 
    none
  Source: (none)
  Source output name: (none)
  Release Data: Off
  Data Released: False
  Global Release Data: Off
  PipelineMTime: 0
  UpdateMTime: 1217
  RealTimeStamp: 0 seconds 
  LargestPossibleRegion: 
    Dimension: 3
    Index: [0, 0, 0]
    Size: [193, 229, 193]
  BufferedRegion: 
    Dimension: 3
    Index: [0, 0, 0]
    Size: [193, 229, 193]
  RequestedRegion: 
    Dimension: 3
    Index: [0, 0, 0]
    Size: [193, 229, 193]
  Spacing: [1, 1, 1]
  Origin: [96, 132, -78]
  Direction: 
-1 0 0
0 -1 0
0 0 1

  IndexToPointMatrix: 
-1 0 0
0 -1 0
0 0 1

  PointToIndexMatrix: 
-1 0 0
0 -1 0
0 0 1

  Inverse Direction: 
-1 0 0
0 -1 0
0 0 1

  PixelContainer: 
    ImportImageContainer (0x34bc410)
      RTTI typeinfo:   itk::ImportImageContainer<unsigned long, double>
      Reference Count: 1
      Modified Time: 1214
      Debug: Off
      Object Name: 
      Observers: 
        none
      Pointer: 0x148f18ebf010
      Container manages memory: true
      Size: 8530021
      Capacity: 8530021

     Moving image = Image (0x34a0520)
  RTTI typeinfo:   itk::Image<double, 3u>
  Reference Count: 2
  Modified Time: 1607
  Debug: Off
  Object Name: 
  Observers: 
    none
  Source: (none)
  Source output name: (none)
  Release Data: Off
  Data Released: False
  Global Release Data: Off
  PipelineMTime: 0
  UpdateMTime: 1604
  RealTimeStamp: 0 seconds 
  LargestPossibleRegion: 
    Dimension: 3
    Index: [0, 0, 0]
    Size: [160, 240, 256]
  BufferedRegion: 
    Dimension: 3
    Index: [0, 0, 0]
    Size: [160, 240, 256]
  RequestedRegion: 
    Dimension: 3
    Index: [0, 0, 0]
    Size: [160, 240, 256]
  Spacing: [1, 1, 1]
  Origin: [79.5, 93.5195, -127]
  Direction: 
-1 0 0
0 -1 0
0 0 1

  IndexToPointMatrix: 
-1 0 0
0 -1 0
0 0 1

  PointToIndexMatrix: 
-1 0 0
0 -1 0
0 0 1

  Inverse Direction: 
-1 0 0
0 -1 0
0 0 1

  PixelContainer: 
    ImportImageContainer (0x34c30d0)
      RTTI typeinfo:   itk::ImportImageContainer<unsigned long, double>
      Reference Count: 1
      Modified Time: 1601
      Debug: Off
      Object Name: 
      Observers: 
        none
      Pointer: 0x148f143be010
      Container manages memory: true
      Size: 9830400
      Capacity: 9830400

     Weighting = 1
     Sampling strategy = none
     Number of bins = 32
     Radius = 4
     Sampling percentage  = 1
   Transform = SyN
     Gradient step = 0.1
     Update field sigma (voxel space) = 3
     Total field sigma (voxel space) = 0
     Update field time sigma = 0
     Total field time sigma  = 0
     Number of time indices = 0
     Number of time point samples = 0
Registration using 1 total stages.

Stage 0
  iterations = 100x70x50x20
  convergence threshold = 1e-06
  convergence window size = 10
  number of levels = 4
  using the CC metric (radius = 4, weight = 1, use gradient filter = 0)
  preprocessing:  winsorizing the image intensities
  Shrink factors (level 1 out of 4): [8, 8, 8]
  Shrink factors (level 2 out of 4): [4, 4, 4]
  Shrink factors (level 3 out of 4): [2, 2, 2]
  Shrink factors (level 4 out of 4): [1, 1, 1]
  smoothing sigmas per level: [3, 2, 1, 0]
  Using default NONE metricSamplingStrategy 

*** Running SyN registration (varianceForUpdateField = 3, varianceForTotalField = 0) ***

XXDIAGNOSTIC,Iteration,metricValue,convergenceValue,ITERATION_TIME_INDEX,SINCE_LAST
 1DIAGNOSTIC,     1, -8.342555211782e-01, 1.797693134862e+308, 1.2210e+00, 1.2210e+00, 
 1DIAGNOSTIC,     2, -8.511591964070e-01, 1.797693134862e+308, 1.5634e+00, 3.4248e-01, 
 1DIAGNOSTIC,     3, -8.666424483424e-01, 1.797693134862e+308, 1.9159e+00, 3.5247e-01, 
 1DIAGNOSTIC,     4, -8.802258209796e-01, 1.797693134862e+308, 2.3166e+00, 4.0072e-01, 
 1DIAGNOSTIC,     5, -8.897447335003e-01, 1.797693134862e+308, 2.6732e+00, 3.5658e-01, 
 1DIAGNOSTIC,     6, -8.973450682857e-01, 1.797693134862e+308, 3.0443e+00, 3.7109e-01, 
 1DIAGNOSTIC,     7, -9.030740528373e-01, 1.797693134862e+308, 3.3804e+00, 3.3614e-01, 
 1DIAGNOSTIC,     8, -9.072629507825e-01, 1.797693134862e+308, 3.7214e+00, 3.4095e-01, 
 1DIAGNOSTIC,     9, -9.104193385032e-01, 1.797693134862e+308, 4.0629e+00, 3.4157e-01, 
 1DIAGNOSTIC,    10, -9.129395077634e-01, 5.489485685553e-03, 4.4123e+00, 3.4940e-01, 
 1DIAGNOSTIC,    11, -9.149511891832e-01, 3.918109753802e-03, 4.7624e+00, 3.5006e-01, 
 1DIAGNOSTIC,    12, -9.166602934065e-01, 2.754038230065e-03, 5.1102e+00, 3.4784e-01, 
 1DIAGNOSTIC,    13, -9.181973623247e-01, 1.936929118282e-03, 5.4618e+00, 3.5152e-01, 
 1DIAGNOSTIC,    14, -9.195381682781e-01, 1.399364110408e-03, 5.8152e+00, 3.5343e-01, 
 1DIAGNOSTIC,    15, -9.206121397461e-01, 1.029087756109e-03, 6.1640e+00, 3.4885e-01, 
 1DIAGNOSTIC,    16, -9.217491370744e-01, 7.830753464560e-04, 6.5169e+00, 3.5283e-01, 
 1DIAGNOSTIC,    17, -9.226749190019e-01, 6.171255043323e-04, 6.8942e+00, 3.7729e-01, 
 1DIAGNOSTIC,    18, -9.234383331779e-01, 4.990681007261e-04, 7.2407e+00, 3.4655e-01, 
 1DIAGNOSTIC,    19, -9.243148809620e-01, 4.138491564842e-04, 7.5972e+00, 3.5651e-01, 
 1DIAGNOSTIC,    20, -9.250563844745e-01, 3.497859693239e-04, 7.9427e+00, 3.4550e-01, 
 1DIAGNOSTIC,    21, -9.258089917173e-01, 3.004371300510e-04, 8.2913e+00, 3.4862e-01, 
 1DIAGNOSTIC,    22, -9.265154661969e-01, 2.618205254844e-04, 8.6593e+00, 3.6800e-01, 
 1DIAGNOSTIC,    23, -9.271344123689e-01, 2.313516575039e-04, 9.0129e+00, 3.5352e-01, 
 1DIAGNOSTIC,    24, -9.277438895003e-01, 2.071509002076e-04, 9.3614e+00, 3.4851e-01, 
 1DIAGNOSTIC,    25, -9.283104512628e-01, 1.858342033151e-04, 9.7093e+00, 3.4796e-01, 
 1DIAGNOSTIC,    26, -9.288420643526e-01, 1.686818619554e-04, 1.0075e+01, 3.6591e-01, 
 1DIAGNOSTIC,    27, -9.293526650913e-01, 1.535215577799e-04, 1.0425e+01, 3.5024e-01, 
 1DIAGNOSTIC,    28, -9.298390059439e-01, 1.388428508435e-04, 1.0795e+01, 3.6940e-01, 
 1DIAGNOSTIC,    29, -9.302463863912e-01, 1.258610997940e-04, 1.1173e+01, 3.7852e-01, 
 1DIAGNOSTIC,    30, -9.306956006455e-01, 1.142015478954e-04, 1.1529e+01, 3.5607e-01, 
 1DIAGNOSTIC,    31, -9.311197175575e-01, 1.042753193707e-04, 1.1875e+01, 3.4527e-01, 
 1DIAGNOSTIC,    32, -9.315377314033e-01, 9.601418717743e-05, 1.2231e+01, 3.5588e-01, 
 1DIAGNOSTIC,    33, -9.319443690685e-01, 8.880429535710e-05, 1.2572e+01, 3.4128e-01, 
 1DIAGNOSTIC,    34, -9.323377611202e-01, 8.276044070774e-05, 1.2919e+01, 3.4693e-01, 
 1DIAGNOSTIC,    35, -9.327200535524e-01, 7.762385551220e-05, 1.3278e+01, 3.5958e-01, 
 1DIAGNOSTIC,    36, -9.330915198948e-01, 7.317550877501e-05, 1.3641e+01, 3.6230e-01, 
 1DIAGNOSTIC,    37, -9.334534954964e-01, 6.932198405338e-05, 1.3980e+01, 3.3917e-01, 
 1DIAGNOSTIC,    38, -9.338070842186e-01, 6.594496467619e-05, 1.4318e+01, 3.3785e-01, 
 1DIAGNOSTIC,    39, -9.341530024039e-01, 6.245214574689e-05, 1.4681e+01, 3.6280e-01, 
 1DIAGNOSTIC,    40, -9.344937307659e-01, 5.931057749182e-05, 1.5040e+01, 3.5942e-01, 
 1DIAGNOSTIC,    41, -9.348271300475e-01, 5.639702551508e-05, 1.5389e+01, 3.4902e-01, 
 1DIAGNOSTIC,    42, -9.351561362838e-01, 5.375674967172e-05, 1.5731e+01, 3.4152e-01, 
 1DIAGNOSTIC,    43, -9.354816734559e-01, 5.138666755952e-05, 1.6066e+01, 3.3593e-01, 
 1DIAGNOSTIC,    44, -9.358012304610e-01, 4.923864182037e-05, 1.6428e+01, 3.6186e-01, 
 1DIAGNOSTIC,    45, -9.361173880763e-01, 4.729141641404e-05, 1.6777e+01, 3.4843e-01, 
 1DIAGNOSTIC,    46, -9.364323838884e-01, 4.553195764093e-05, 1.7124e+01, 3.4705e-01, 
 1DIAGNOSTIC,    47, -9.367451877934e-01, 4.393994390045e-05, 1.7488e+01, 3.6438e-01, 
 1DIAGNOSTIC,    48, -9.370554691527e-01, 4.249334298801e-05, 1.7853e+01, 3.6456e-01, 
 1DIAGNOSTIC,    49, -9.373625544268e-01, 4.116481598871e-05, 1.8217e+01, 3.6420e-01, 
 1DIAGNOSTIC,    50, -9.376668945292e-01, 3.994218136304e-05, 1.8572e+01, 3.5541e-01, 
 1DIAGNOSTIC,    51, -9.379710855619e-01, 3.881088357045e-05, 1.8943e+01, 3.7021e-01, 
 1DIAGNOSTIC,    52, -9.382727258922e-01, 3.775607347350e-05, 1.9309e+01, 3.6663e-01, 
 1DIAGNOSTIC,    53, -9.385746630412e-01, 3.678437394411e-05, 1.9672e+01, 3.6310e-01, 
 1DIAGNOSTIC,    54, -9.388766847154e-01, 3.588156011974e-05, 2.0013e+01, 3.4103e-01, 
 1DIAGNOSTIC,    55, -9.391722037104e-01, 3.500836472466e-05, 2.0362e+01, 3.4895e-01, 
 1DIAGNOSTIC,    56, -9.394597894278e-01, 3.413431618442e-05, 2.0717e+01, 3.5515e-01, 
 1DIAGNOSTIC,    57, -9.397370663499e-01, 3.321576408122e-05, 2.1067e+01, 3.4960e-01, 
 1DIAGNOSTIC,    58, -9.400001751862e-01, 3.219699926592e-05, 2.1413e+01, 3.4629e-01, 
 1DIAGNOSTIC,    59, -9.402490637367e-01, 3.103537781354e-05, 2.1790e+01, 3.7657e-01, 
 1DIAGNOSTIC,    60, -9.404841746291e-01, 2.971271486994e-05, 2.2184e+01, 3.9373e-01, 
 1DIAGNOSTIC,    61, -9.407051288633e-01, 2.824289807491e-05, 2.2534e+01, 3.5036e-01, 
 1DIAGNOSTIC,    62, -9.409188992368e-01, 2.667938492577e-05, 2.2919e+01, 3.8529e-01, 
 1DIAGNOSTIC,    63, -9.410923413013e-01, 2.493696329525e-05, 2.3262e+01, 3.4259e-01, 
 1DIAGNOSTIC,    64, -9.412795837090e-01, 2.322238566035e-05, 2.3609e+01, 3.4702e-01, 
 1DIAGNOSTIC,    65, -9.414384122534e-01, 2.149255153301e-05, 2.3954e+01, 3.4485e-01, 
 1DIAGNOSTIC,    66, -9.415850246899e-01, 1.978848949900e-05, 2.4297e+01, 3.4355e-01, 
 1DIAGNOSTIC,    67, -9.417152498968e-01, 1.812155255439e-05, 2.4640e+01, 3.4292e-01, 
 1DIAGNOSTIC,    68, -9.418266269281e-01, 1.647508689085e-05, 2.4985e+01, 3.4492e-01, 
 1DIAGNOSTIC,    69, -9.419154655842e-01, 1.481849916043e-05, 2.5350e+01, 3.6493e-01, 
 1DIAGNOSTIC,    70, -9.419857386417e-01, 1.314801548714e-05, 2.5700e+01, 3.5034e-01, 
 1DIAGNOSTIC,    71, -9.420415702047e-01, 1.148217363914e-05, 2.6043e+01, 3.4293e-01, 
 1DIAGNOSTIC,    72, -9.421213320728e-01, 1.003917048345e-05, 2.6404e+01, 3.6091e-01, 
 1DIAGNOSTIC,    73, -9.421574827616e-01, 8.573859983492e-06, 2.6764e+01, 3.5979e-01, 
 1DIAGNOSTIC,    74, -9.421811640491e-01, 7.229760690506e-06, 2.7121e+01, 3.5715e-01, 
 1DIAGNOSTIC,    75, -9.421935555718e-01, 5.960169310728e-06, 2.7526e+01, 4.0527e-01, 
 1DIAGNOSTIC,    76, -9.421978461446e-01, 4.791493303125e-06, 2.7878e+01, 3.5169e-01, 
 1DIAGNOSTIC,    77, -9.421961525989e-01, 3.734558572277e-06, 2.8219e+01, 3.4141e-01, 
 1DIAGNOSTIC,    78, -9.421879588180e-01, 2.784426694194e-06, 2.8572e+01, 3.5252e-01, 
 1DIAGNOSTIC,    79, -9.421695084566e-01, 1.901359850594e-06, 2.8936e+01, 3.6361e-01, 
 1DIAGNOSTIC,    80, -9.421404055322e-01, 1.054256910092e-06, 2.9288e+01, 3.5227e-01, 
 1DIAGNOSTIC,    81, -9.421179737579e-01, 2.875870378331e-07, 2.9641e+01, 3.5263e-01, 
XXDIAGNOSTIC,Iteration,metricValue,convergenceValue,ITERATION_TIME_INDEX,SINCE_LAST
 1DIAGNOSTIC,     1, -8.642082196538e-01, 1.797693134862e+308, 3.2991e+01, 3.3500e+00, 
 1DIAGNOSTIC,     2, -8.669425824294e-01, 1.797693134862e+308, 3.5571e+01, 2.5800e+00, 
 1DIAGNOSTIC,     3, -8.698024423470e-01, 1.797693134862e+308, 3.8124e+01, 2.5531e+00, 
 1DIAGNOSTIC,     4, -8.721800206184e-01, 1.797693134862e+308, 4.1003e+01, 2.8794e+00, 
 1DIAGNOSTIC,     5, -8.741429810801e-01, 1.797693134862e+308, 4.3764e+01, 2.7612e+00, 
 1DIAGNOSTIC,     6, -8.757921379376e-01, 1.797693134862e+308, 4.6251e+01, 2.4864e+00, 
 1DIAGNOSTIC,     7, -8.772051141700e-01, 1.797693134862e+308, 4.8628e+01, 2.3778e+00, 
 1DIAGNOSTIC,     8, -8.784347240237e-01, 1.797693134862e+308, 5.1076e+01, 2.4473e+00, 
 1DIAGNOSTIC,     9, -8.795204694336e-01, 1.797693134862e+308, 5.3702e+01, 2.6266e+00, 
 1DIAGNOSTIC,    10, -8.805102675595e-01, 1.173014967437e-03, 5.6308e+01, 2.6052e+00, 
 1DIAGNOSTIC,    11, -8.814107219829e-01, 9.250398281689e-04, 5.8676e+01, 2.3688e+00, 
 1DIAGNOSTIC,    12, -8.822450898113e-01, 7.311756385290e-04, 6.1091e+01, 2.4151e+00, 
 1DIAGNOSTIC,    13, -8.830252881352e-01, 5.913372652038e-04, 6.3771e+01, 2.6797e+00, 
 1DIAGNOSTIC,    14, -8.837682922718e-01, 4.895633781527e-04, 6.6208e+01, 2.4368e+00, 
 1DIAGNOSTIC,    15, -8.844717561551e-01, 4.138945372707e-04, 6.8779e+01, 2.5705e+00, 
 1DIAGNOSTIC,    16, -8.851461438812e-01, 3.564691844943e-04, 7.1150e+01, 2.3714e+00, 
 1DIAGNOSTIC,    17, -8.857961462701e-01, 3.120345081437e-04, 7.3654e+01, 2.5037e+00, 
 1DIAGNOSTIC,    18, -8.864252663294e-01, 2.769361815058e-04, 7.6219e+01, 2.5651e+00, 
 1DIAGNOSTIC,    19, -8.870308092870e-01, 2.484962854218e-04, 7.8606e+01, 2.3874e+00, 
 1DIAGNOSTIC,    20, -8.876185503015e-01, 2.251767436088e-04, 8.1006e+01, 2.4001e+00, 
 1DIAGNOSTIC,    21, -8.881657045778e-01, 2.052661149564e-04, 8.3419e+01, 2.4131e+00, 
 1DIAGNOSTIC,    22, -8.886682804602e-01, 1.875448034780e-04, 8.6335e+01, 2.9152e+00, 
 1DIAGNOSTIC,    23, -8.891032289779e-01, 1.708096375437e-04, 8.8933e+01, 2.5979e+00, 
 1DIAGNOSTIC,    24, -8.894782020315e-01, 1.544504337808e-04, 9.1697e+01, 2.7647e+00, 
 1DIAGNOSTIC,    25, -8.897934476848e-01, 1.380151471514e-04, 9.4832e+01, 3.1346e+00, 
 1DIAGNOSTIC,    26, -8.900605449710e-01, 1.215255477825e-04, 9.7623e+01, 2.7906e+00, 
 1DIAGNOSTIC,    27, -8.902876614930e-01, 1.052785544757e-04, 1.0002e+02, 2.3939e+00, 
 1DIAGNOSTIC,    28, -8.904833064326e-01, 8.976029217308e-05, 1.0272e+02, 2.7012e+00, 
 1DIAGNOSTIC,    29, -8.906471169197e-01, 7.539125724836e-05, 1.0524e+02, 2.5237e+00, 
 1DIAGNOSTIC,    30, -8.907902060441e-01, 6.271415889676e-05, 1.0779e+02, 2.5492e+00, 
 1DIAGNOSTIC,    31, -8.909168756118e-01, 5.193571931747e-05, 1.1041e+02, 2.6242e+00, 
 1DIAGNOSTIC,    32, -8.910279090834e-01, 4.310805185096e-05, 1.1296e+02, 2.5445e+00, 
 1DIAGNOSTIC,    33, -8.911243338433e-01, 3.594169864204e-05, 1.1582e+02, 2.8652e+00, 
 1DIAGNOSTIC,    34, -8.912149989875e-01, 3.023342016953e-05, 1.1837e+02, 2.5450e+00, 
 1DIAGNOSTIC,    35, -8.912925600875e-01, 2.563521847184e-05, 1.2110e+02, 2.7303e+00, 
 1DIAGNOSTIC,    36, -8.913568546958e-01, 2.186640469990e-05, 1.2343e+02, 2.3341e+00, 
 1DIAGNOSTIC,    37, -8.914227161931e-01, 1.882185658734e-05, 1.2595e+02, 2.5187e+00, 
 1DIAGNOSTIC,    38, -8.914755479821e-01, 1.630346415529e-05, 1.2832e+02, 2.3724e+00, 
 1DIAGNOSTIC,    39, -8.915229497311e-01, 1.416019455388e-05, 1.3087e+02, 2.5435e+00, 
 1DIAGNOSTIC,    40, -8.915662181580e-01, 1.233124326741e-05, 1.3344e+02, 2.5736e+00, 
 1DIAGNOSTIC,    41, -8.915994076533e-01, 1.072863161632e-05, 1.3595e+02, 2.5031e+00, 
 1DIAGNOSTIC,    42, -8.916324609001e-01, 9.342328857423e-06, 1.3855e+02, 2.6028e+00, 
 1DIAGNOSTIC,    43, -8.916633585406e-01, 8.138649472387e-06, 1.4138e+02, 2.8308e+00, 
 1DIAGNOSTIC,    44, -8.916824534043e-01, 7.073229317135e-06, 1.4451e+02, 3.1310e+00, 
 1DIAGNOSTIC,    45, -8.917002566594e-01, 6.122657330285e-06, 1.4712e+02, 2.6062e+00, 
 1DIAGNOSTIC,    46, -8.917124967905e-01, 5.222155045219e-06, 1.4993e+02, 2.8119e+00, 
 1DIAGNOSTIC,    47, -8.917357485399e-01, 4.529372249276e-06, 1.5287e+02, 2.9425e+00, 
 1DIAGNOSTIC,    48, -8.917556243973e-01, 3.974707144343e-06, 1.5562e+02, 2.7499e+00, 
 1DIAGNOSTIC,    49, -8.917719863565e-01, 3.537413300111e-06, 1.5831e+02, 2.6909e+00, 
 1DIAGNOSTIC,    50, -8.917866883679e-01, 3.211051494156e-06, 1.6113e+02, 2.8214e+00, 
 1DIAGNOSTIC,    51, -8.918007505026e-01, 2.944831323917e-06, 1.6381e+02, 2.6793e+00, 
 1DIAGNOSTIC,    52, -8.918134266001e-01, 2.743411179219e-06, 1.6651e+02, 2.7015e+00, 
 1DIAGNOSTIC,    53, -8.918264876257e-01, 2.607861381395e-06, 1.6912e+02, 2.6027e+00, 
 1DIAGNOSTIC,    54, -8.918385551048e-01, 2.467684859616e-06, 1.7162e+02, 2.5042e+00, 
 1DIAGNOSTIC,    55, -8.918495977889e-01, 2.320132210864e-06, 1.7421e+02, 2.5855e+00, 
 1DIAGNOSTIC,    56, -8.918562716936e-01, 2.116499441464e-06, 1.7681e+02, 2.6064e+00, 
 1DIAGNOSTIC,    57, -8.918666934169e-01, 1.959123307974e-06, 1.7941e+02, 2.5954e+00, 
 1DIAGNOSTIC,    58, -8.918758890372e-01, 1.831141855813e-06, 1.8218e+02, 2.7699e+00, 
 1DIAGNOSTIC,    59, -8.918863874378e-01, 1.728332639537e-06, 1.8451e+02, 2.3354e+00, 
 1DIAGNOSTIC,    60, -8.918967814459e-01, 1.647188588385e-06, 1.8713e+02, 2.6187e+00, 
 1DIAGNOSTIC,    61, -8.919072045250e-01, 1.588926379241e-06, 1.9006e+02, 2.9329e+00, 
 1DIAGNOSTIC,    62, -8.919090234565e-01, 1.503496823946e-06, 1.9279e+02, 2.7300e+00, 
 1DIAGNOSTIC,    63, -8.919177425143e-01, 1.435948876985e-06, 1.9547e+02, 2.6749e+00, 
 1DIAGNOSTIC,    64, -8.919215599650e-01, 1.358738879072e-06, 1.9775e+02, 2.2789e+00, 
 1DIAGNOSTIC,    65, -8.919296020933e-01, 1.294476702079e-06, 2.0012e+02, 2.3681e+00, 
 1DIAGNOSTIC,    66, -8.919346024105e-01, 1.210126716684e-06, 2.0247e+02, 2.3542e+00, 
 1DIAGNOSTIC,    67, -8.919431005485e-01, 1.148525283053e-06, 2.0482e+02, 2.3518e+00, 
 1DIAGNOSTIC,    68, -8.919514471270e-01, 1.105558617875e-06, 2.0720e+02, 2.3744e+00, 
 1DIAGNOSTIC,    69, -8.919592042376e-01, 1.085767695393e-06, 2.0968e+02, 2.4874e+00, 
 1DIAGNOSTIC,    70, -8.919655728675e-01, 1.081861491160e-06, 2.1203e+02, 2.3508e+00, 
XXDIAGNOSTIC,Iteration,metricValue,convergenceValue,ITERATION_TIME_INDEX,SINCE_LAST
 1DIAGNOSTIC,     1, -8.423825170786e-01, 1.797693134862e+308, 2.3218e+02, 2.0147e+01, 
 1DIAGNOSTIC,     2, -8.448781898721e-01, 1.797693134862e+308, 2.5364e+02, 2.1463e+01, 
 1DIAGNOSTIC,     3, -8.476651145870e-01, 1.797693134862e+308, 2.7516e+02, 2.1513e+01, 
 1DIAGNOSTIC,     4, -8.504530153626e-01, 1.797693134862e+308, 2.9520e+02, 2.0040e+01, 
 1DIAGNOSTIC,     5, -8.527503176067e-01, 1.797693134862e+308, 3.1688e+02, 2.1679e+01, 
 1DIAGNOSTIC,     6, -8.548440333035e-01, 1.797693134862e+308, 3.3783e+02, 2.0955e+01, 
 1DIAGNOSTIC,     7, -8.566212319685e-01, 1.797693134862e+308, 3.5986e+02, 2.2033e+01, 
 1DIAGNOSTIC,     8, -8.583415764476e-01, 1.797693134862e+308, 3.7929e+02, 1.9421e+01, 
 1DIAGNOSTIC,     9, -8.597995801519e-01, 1.797693134862e+308, 3.9802e+02, 1.8730e+01, 
 1DIAGNOSTIC,    10, -8.612576940129e-01, 1.423807432148e-03, 4.1733e+02, 1.9314e+01, 
 1DIAGNOSTIC,    11, -8.624941520585e-01, 1.181823835951e-03, 4.3609e+02, 1.8755e+01, 
 1DIAGNOSTIC,    12, -8.636486995606e-01, 9.746866547387e-04, 4.5703e+02, 2.0946e+01, 
 1DIAGNOSTIC,    13, -8.645516465783e-01, 8.049157245075e-04, 4.7709e+02, 2.0063e+01, 
 1DIAGNOSTIC,    14, -8.654157691259e-01, 6.724223927102e-04, 4.9727e+02, 2.0176e+01, 
 1DIAGNOSTIC,    15, -8.664223109604e-01, 5.687731430796e-04, 5.1748e+02, 2.0205e+01, 
 1DIAGNOSTIC,    16, -8.673872009227e-01, 4.887806102906e-04, 5.3804e+02, 2.0560e+01, 
 1DIAGNOSTIC,    17, -8.681213458847e-01, 4.217118102758e-04, 5.6073e+02, 2.2692e+01, 
 1DIAGNOSTIC,    18, -8.688280188473e-01, 3.676680724351e-04, 5.8362e+02, 2.2894e+01, 
 1DIAGNOSTIC,    19, -8.695148578240e-01, 3.223766125256e-04, 6.0481e+02, 2.1192e+01, 
 1DIAGNOSTIC,    20, -8.701789241268e-01, 2.864565486435e-04, 6.2767e+02, 2.2854e+01, 
 1DIAGNOSTIC,    21, -8.708304738992e-01, 2.566945025749e-04, 6.5041e+02, 2.2741e+01, 
 1DIAGNOSTIC,    22, -8.714665620045e-01, 2.324666394776e-04, 6.7307e+02, 2.2659e+01, 
 1DIAGNOSTIC,    23, -8.720997185461e-01, 2.106041799440e-04, 6.9513e+02, 2.2065e+01, 
 1DIAGNOSTIC,    24, -8.727097621503e-01, 1.909368126721e-04, 7.1799e+02, 2.2857e+01, 
 1DIAGNOSTIC,    25, -8.732798463194e-01, 1.755475080459e-04, 7.3799e+02, 2.0001e+01, 
 1DIAGNOSTIC,    26, -8.738105874447e-01, 1.637217664397e-04, 7.5683e+02, 1.8843e+01, 
 1DIAGNOSTIC,    27, -8.743021354860e-01, 1.522465920485e-04, 7.7580e+02, 1.8968e+01, 
 1DIAGNOSTIC,    28, -8.747610133903e-01, 1.408840423392e-04, 7.9796e+02, 2.2156e+01, 
 1DIAGNOSTIC,    29, -8.751891342104e-01, 1.296089902100e-04, 8.2064e+02, 2.2681e+01, 
 1DIAGNOSTIC,    30, -8.755883500318e-01, 1.184570612232e-04, 8.4296e+02, 2.2322e+01, 
 1DIAGNOSTIC,    31, -8.759669448552e-01, 1.077162696063e-04, 8.6472e+02, 2.1761e+01, 
 1DIAGNOSTIC,    32, -8.763236468580e-01, 9.761354837956e-05, 8.8456e+02, 1.9838e+01, 
 1DIAGNOSTIC,    33, -8.766596635782e-01, 8.849276755209e-05, 9.0842e+02, 2.3863e+01, 
 1DIAGNOSTIC,    34, -8.769828442130e-01, 8.050816905810e-05, 9.2927e+02, 2.0848e+01, 
 1DIAGNOSTIC,    35, -8.772903929666e-01, 7.355353683455e-05, 9.5112e+02, 2.1853e+01, 
 1DIAGNOSTIC,    36, -8.775851947504e-01, 6.751379844682e-05, 9.7326e+02, 2.2133e+01, 
 1DIAGNOSTIC,    37, -8.778696893776e-01, 6.225827160015e-05, 9.9572e+02, 2.2468e+01, 
 1DIAGNOSTIC,    38, -8.781484111993e-01, 5.772208442940e-05, 1.0161e+03, 2.0359e+01, 
 1DIAGNOSTIC,    39, -8.784212301767e-01, 5.381885486468e-05, 1.0362e+03, 2.0082e+01, 
 1DIAGNOSTIC,    40, -8.786852888093e-01, 5.042370113593e-05, 1.0569e+03, 2.0782e+01, 
 1DIAGNOSTIC,    41, -8.789364146100e-01, 4.742952255114e-05, 1.0796e+03, 2.2666e+01, 
 1DIAGNOSTIC,    42, -8.791881415629e-01, 4.481299971055e-05, 1.1029e+03, 2.3287e+01, 
 1DIAGNOSTIC,    43, -8.794320027480e-01, 4.246949840371e-05, 1.1225e+03, 1.9596e+01, 
 1DIAGNOSTIC,    44, -8.796603648433e-01, 4.029490038152e-05, 1.1433e+03, 2.0786e+01, 
 1DIAGNOSTIC,    45, -8.798858421019e-01, 3.826300237551e-05, 1.1629e+03, 1.9631e+01, 
 1DIAGNOSTIC,    46, -8.801101726853e-01, 3.637434290999e-05, 1.1842e+03, 2.1241e+01, 
 1DIAGNOSTIC,    47, -8.803306995237e-01, 3.462008138344e-05, 1.2060e+03, 2.1840e+01, 
 1DIAGNOSTIC,    48, -8.805417352751e-01, 3.298138565394e-05, 1.2288e+03, 2.2785e+01, 
 1DIAGNOSTIC,    49, -8.807524270849e-01, 3.150059042441e-05, 1.2514e+03, 2.2671e+01, 
 1DIAGNOSTIC,    50, -8.809563222559e-01, 3.014438268916e-05, 1.2752e+03, 2.3749e+01, 
XXDIAGNOSTIC,Iteration,metricValue,convergenceValue,ITERATION_TIME_INDEX,SINCE_LAST
 1DIAGNOSTIC,     1, -8.465539081390e-01, 1.797693134862e+308, 1.4444e+03, 1.6922e+02, 
 1DIAGNOSTIC,     2, -8.474740817171e-01, 1.797693134862e+308, 1.6164e+03, 1.7203e+02, 
 1DIAGNOSTIC,     3, -8.486747416458e-01, 1.797693134862e+308, 1.7884e+03, 1.7195e+02, 
 1DIAGNOSTIC,     4, -8.499048052082e-01, 1.797693134862e+308, 1.9732e+03, 1.8481e+02, 
 1DIAGNOSTIC,     5, -8.510910509135e-01, 1.797693134862e+308, 2.1405e+03, 1.6734e+02, 
 1DIAGNOSTIC,     6, -8.521517619565e-01, 1.797693134862e+308, 2.3179e+03, 1.7739e+02, 
 1DIAGNOSTIC,     7, -8.531893644955e-01, 1.797693134862e+308, 2.5003e+03, 1.8233e+02, 
 1DIAGNOSTIC,     8, -8.540867211849e-01, 1.797693134862e+308, 2.6803e+03, 1.7999e+02, 
 1DIAGNOSTIC,     9, -8.550093431546e-01, 1.797693134862e+308, 2.8443e+03, 1.6400e+02, 
 1DIAGNOSTIC,    10, -8.558095064283e-01, 7.157764490367e-04, 3.0262e+03, 1.8193e+02, 
 1DIAGNOSTIC,    11, -8.565133943160e-01, 6.224292600542e-04, 3.2082e+03, 1.8203e+02, 
 1DIAGNOSTIC,    12, -8.571409770906e-01, 5.316014427666e-04, 3.3892e+03, 1.8102e+02, 
 1DIAGNOSTIC,    13, -8.576316492320e-01, 4.498480706286e-04, 3.5699e+03, 1.8068e+02, 
 1DIAGNOSTIC,    14, -8.580669428930e-01, 3.783287111545e-04, 3.7558e+03, 1.8584e+02, 
 1DIAGNOSTIC,    15, -8.585639025327e-01, 3.190104819838e-04, 3.9335e+03, 1.7779e+02, 
 1DIAGNOSTIC,    16, -8.590294096240e-01, 2.693852114462e-04, 4.1137e+03, 1.8013e+02, 
 1DIAGNOSTIC,    17, -8.593695345276e-01, 2.276562784190e-04, 4.2913e+03, 1.7767e+02, 
 1DIAGNOSTIC,    18, -8.597006084666e-01, 1.921853109424e-04, 4.4626e+03, 1.7130e+02, 
 1DIAGNOSTIC,    19, -8.599938910092e-01, 1.638787326912e-04, 4.6366e+03, 1.7396e+02, 
 1DIAGNOSTIC,    20, -8.602897358903e-01, 1.413123374822e-04, 4.8094e+03, 1.7277e+02, 
  Elapsed time (stage 0): 4810.72


Total elapsed time: 4810.72
