
##########################
# Experiment information #
##########################

EXPERIMENT_NAME: antsRegistration-r7-p21
VFC_BACKENDS: libinterflop_vprec.so --range-binary32=7 --precision-binary32=21 --range-binary64=7 --precision-binary64=21

SIF_IMG: /home/mdugre/projects/rrg-glatard/mdugre/containers/ants-vprec-no_metrics.simg

SUBJECT_ID: s031
INPUT_IMG: /home/mdugre/scratch/mri-registration-rp/datasets/ds004513/derivatives/mri-registration-rp/antsBrainExtraction/sub-s031/BrainExtractionBrain.nii.gz
OUTPUT_DIR: /home/mdugre/scratch/mri-registration-rp/datasets/ds004513/derivatives/mri-registration-rp/0110/antsRegistration-r7-p21/sub-s031

FIXED_IMG: /templateflow/tpl-MNI152NLin2009cAsym/tpl-MNI152NLin2009cAsym_res-01_desc-brain_T1w.nii.gz
DATA_DIR: /home/mdugre/scratch/mri-registration-rp/datasets/ds004513
TEMPLATEFLOW_DIR: /home/mdugre/projects/rrg-glatard/mdugre/templateflow
ITK_GLOBAL_DEFAULT_NUMBER_OF_THREADS: 16
##########################

Info [verificarlo]: loaded backend libinterflop_ieee.so
Info [interflop-ieee]: load backend with:
Info [interflop-ieee]: debug = false
Info [interflop-ieee]: debug-binary = false
Info [interflop-ieee]: no-backend-name = false
Info [interflop-ieee]: print-new-line = false
Info [interflop-ieee]: print-subnormal-normalized = false
Info [interflop-ieee]: count-op = false
All_Command_lines_OK
Using double precision for computations.
=============================================================================
The composite transform comprises the following transforms (in order): 
  1. Center of mass alignment using fixed image: /templateflow/tpl-MNI152NLin2009cAsym/tpl-MNI152NLin2009cAsym_res-01_desc-brain_T1w.nii.gz and moving image: /home/mdugre/scratch/mri-registration-rp/datasets/ds004513/derivatives/mri-registration-rp/antsBrainExtraction/sub-s031/BrainExtractionBrain.nii.gz (type = Euler3DTransform)
=============================================================================
  number of levels = 1
  fixed image: /templateflow/tpl-MNI152NLin2009cAsym/tpl-MNI152NLin2009cAsym_res-01_desc-brain_T1w.nii.gz
  moving image: /home/mdugre/scratch/mri-registration-rp/datasets/ds004513/derivatives/mri-registration-rp/antsBrainExtraction/sub-s031/BrainExtractionBrain.nii.gz
Dimension = 3
Number of stages = 1
Use histogram matching = false
Winsorize image intensities = true
  Lower quantile = 0.005
  Upper quantile = 0.995


Stage 1 State
   Image metric = MattesMI
     Fixed image = Image (0x45ede70)
  RTTI typeinfo:   itk::Image<double, 3u>
  Reference Count: 2
  Modified Time: 2330
  Debug: Off
  Object Name: 
  Observers: 
    none
  Source: (none)
  Source output name: (none)
  Release Data: Off
  Data Released: False
  Global Release Data: Off
  PipelineMTime: 0
  UpdateMTime: 1941
  RealTimeStamp: 0 seconds 
  LargestPossibleRegion: 
    Dimension: 3
    Index: [0, 0, 0]
    Size: [193, 229, 193]
  BufferedRegion: 
    Dimension: 3
    Index: [0, 0, 0]
    Size: [193, 229, 193]
  RequestedRegion: 
    Dimension: 3
    Index: [0, 0, 0]
    Size: [193, 229, 193]
  Spacing: [1, 1, 1]
  Origin: [96, 132, -78]
  Direction: 
-1 0 0
0 -1 0
0 0 1

  IndexToPointMatrix: 
-1 0 0
0 -1 0
0 0 1

  PointToIndexMatrix: 
-1 0 0
0 -1 0
0 0 1

  Inverse Direction: 
-1 0 0
0 -1 0
0 0 1

  PixelContainer: 
    ImportImageContainer (0x45f6c60)
      RTTI typeinfo:   itk::ImportImageContainer<unsigned long, double>
      Reference Count: 1
      Modified Time: 1938
      Debug: Off
      Object Name: 
      Observers: 
        none
      Pointer: 0x14a52fdbb010
      Container manages memory: true
      Size: 8530021
      Capacity: 8530021

     Moving image = Image (0x45f0800)
  RTTI typeinfo:   itk::Image<double, 3u>
  Reference Count: 2
  Modified Time: 2331
  Debug: Off
  Object Name: 
  Observers: 
    none
  Source: (none)
  Source output name: (none)
  Release Data: Off
  Data Released: False
  Global Release Data: Off
  PipelineMTime: 0
  UpdateMTime: 2328
  RealTimeStamp: 0 seconds 
  LargestPossibleRegion: 
    Dimension: 3
    Index: [0, 0, 0]
    Size: [160, 240, 256]
  BufferedRegion: 
    Dimension: 3
    Index: [0, 0, 0]
    Size: [160, 240, 256]
  RequestedRegion: 
    Dimension: 3
    Index: [0, 0, 0]
    Size: [160, 240, 256]
  Spacing: [1, 1, 1]
  Origin: [78.2143, 95.8571, -127]
  Direction: 
-1 0 0
0 -1 0
0 0 1

  IndexToPointMatrix: 
-1 0 0
0 -1 0
0 0 1

  PointToIndexMatrix: 
-1 0 0
0 -1 0
0 0 1

  Inverse Direction: 
-1 0 0
0 -1 0
0 0 1

  PixelContainer: 
    ImportImageContainer (0x4692650)
      RTTI typeinfo:   itk::ImportImageContainer<unsigned long, double>
      Reference Count: 1
      Modified Time: 2325
      Debug: Off
      Object Name: 
      Observers: 
        none
      Pointer: 0x14a52b2ba010
      Container manages memory: true
      Size: 9830400
      Capacity: 9830400

     Weighting = 1
     Sampling strategy = regular
     Number of bins = 32
     Radius = 4
     Sampling percentage  = 0.25
   Transform = Rigid
     Gradient step = 0.1
     Update field sigma (voxel space) = 0
     Total field sigma (voxel space) = 0
     Update field time sigma = 0
     Total field time sigma  = 0
     Number of time indices = 0
     Number of time point samples = 0
Registration using 1 total stages.

Stage 0
  iterations = 0
  convergence threshold = 1e-06
  convergence window size = 10
  number of levels = 1
  using the Mattes MI metric (number of bins = 32, weight = 1, use gradient filter = 0)
  preprocessing:  winsorizing the image intensities
  Shrink factors (level 1 out of 1): [1, 1, 1]
  smoothing sigmas per level: [0]
  regular sampling (percentage = 0.25)

*** Running Euler3DTransform registration ***

  Elapsed time (stage 0): 1.11445


Total elapsed time: 1.11689
Info [verificarlo]: loaded backend libinterflop_vprec.so
Info [interflop-vprec]: load backend with: 
Info [interflop-vprec]: precision-binary32 = 21
Info [interflop-vprec]: range-binary32 = 7
Info [interflop-vprec]: precision-binary64 = 21
Info [interflop-vprec]: range-binary64 = 7
Info [interflop-vprec]: mode = ob
Info [interflop-vprec]: error-mode = rel
Info [interflop-vprec]: max-abs-error-exponent = -1022
Info [interflop-vprec]: daz = false
Info [interflop-vprec]: ftz = false
Info [interflop-vprec]: 	instrument = none
Info [interflop-vprec]: 	prec-input-file = (null)
Info [interflop-vprec]: 	prec-output-file = (null)
Info [interflop-vprec]: 	prec-log-file = (null)
All_Command_lines_OK
Using double precision for computations.
=============================================================================
The composite transform comprises the following transforms (in order): 
  1. /home/mdugre/scratch/mri-registration-rp/datasets/ds004513/derivatives/mri-registration-rp/0110/antsRegistration-r7-p21/sub-s031/align_Composite.h5[0] (type = Euler3DTransform)
  2. /home/mdugre/scratch/mri-registration-rp/datasets/ds004513/derivatives/mri-registration-rp/0110/antsRegistration-r7-p21/sub-s031/align_Composite.h5[1] (type = Euler3DTransform)
=============================================================================
  number of levels = 4
  fixed image: /templateflow/tpl-MNI152NLin2009cAsym/tpl-MNI152NLin2009cAsym_res-01_desc-brain_T1w.nii.gz
  moving image: /home/mdugre/scratch/mri-registration-rp/datasets/ds004513/derivatives/mri-registration-rp/antsBrainExtraction/sub-s031/BrainExtractionBrain.nii.gz
Dimension = 3
Number of stages = 1
Use histogram matching = false
Winsorize image intensities = true
  Lower quantile = 0.005
  Upper quantile = 0.995


Stage 1 State
   Image metric = MattesMI
     Fixed image = Image (0x41781e0)
  RTTI typeinfo:   itk::Image<double, 3u>
  Reference Count: 2
  Modified Time: 1578
  Debug: Off
  Object Name: 
  Observers: 
    none
  Source: (none)
  Source output name: (none)
  Release Data: Off
  Data Released: False
  Global Release Data: Off
  PipelineMTime: 0
  UpdateMTime: 1189
  RealTimeStamp: 0 seconds 
  LargestPossibleRegion: 
    Dimension: 3
    Index: [0, 0, 0]
    Size: [193, 229, 193]
  BufferedRegion: 
    Dimension: 3
    Index: [0, 0, 0]
    Size: [193, 229, 193]
  RequestedRegion: 
    Dimension: 3
    Index: [0, 0, 0]
    Size: [193, 229, 193]
  Spacing: [1, 1, 1]
  Origin: [96, 132, -78]
  Direction: 
-1 0 0
0 -1 0
0 0 1

  IndexToPointMatrix: 
-1 0 0
0 -1 0
0 0 1

  PointToIndexMatrix: 
-1 0 0
0 -1 0
0 0 1

  Inverse Direction: 
-1 0 0
0 -1 0
0 0 1

  PixelContainer: 
    ImportImageContainer (0x4237680)
      RTTI typeinfo:   itk::ImportImageContainer<unsigned long, double>
      Reference Count: 1
      Modified Time: 1186
      Debug: Off
      Object Name: 
      Observers: 
        none
      Pointer: 0x1508a580c010
      Container manages memory: true
      Size: 8530021
      Capacity: 8530021

     Moving image = Image (0x4233b20)
  RTTI typeinfo:   itk::Image<double, 3u>
  Reference Count: 2
  Modified Time: 1579
  Debug: Off
  Object Name: 
  Observers: 
    none
  Source: (none)
  Source output name: (none)
  Release Data: Off
  Data Released: False
  Global Release Data: Off
  PipelineMTime: 0
  UpdateMTime: 1576
  RealTimeStamp: 0 seconds 
  LargestPossibleRegion: 
    Dimension: 3
    Index: [0, 0, 0]
    Size: [160, 240, 256]
  BufferedRegion: 
    Dimension: 3
    Index: [0, 0, 0]
    Size: [160, 240, 256]
  RequestedRegion: 
    Dimension: 3
    Index: [0, 0, 0]
    Size: [160, 240, 256]
  Spacing: [1, 1, 1]
  Origin: [78.2143, 95.8571, -127]
  Direction: 
-1 0 0
0 -1 0
0 0 1

  IndexToPointMatrix: 
-1 0 0
0 -1 0
0 0 1

  PointToIndexMatrix: 
-1 0 0
0 -1 0
0 0 1

  Inverse Direction: 
-1 0 0
0 -1 0
0 0 1

  PixelContainer: 
    ImportImageContainer (0x429cd50)
      RTTI typeinfo:   itk::ImportImageContainer<unsigned long, double>
      Reference Count: 1
      Modified Time: 1573
      Debug: Off
      Object Name: 
      Observers: 
        none
      Pointer: 0x1508a0d0b010
      Container manages memory: true
      Size: 9830400
      Capacity: 9830400

     Weighting = 1
     Sampling strategy = regular
     Number of bins = 32
     Radius = 4
     Sampling percentage  = 0.25
   Transform = Rigid
     Gradient step = 0.1
     Update field sigma (voxel space) = 0
     Total field sigma (voxel space) = 0
     Update field time sigma = 0
     Total field time sigma  = 0
     Number of time indices = 0
     Number of time point samples = 0
Registration using 1 total stages.

Stage 0
  iterations = 1000x500x250x100
  convergence threshold = 1e-06
  convergence window size = 10
  number of levels = 4
  using the Mattes MI metric (number of bins = 32, weight = 1, use gradient filter = 0)
  preprocessing:  winsorizing the image intensities
  Shrink factors (level 1 out of 4): [8, 8, 8]
  Shrink factors (level 2 out of 4): [4, 4, 4]
  Shrink factors (level 3 out of 4): [2, 2, 2]
  Shrink factors (level 4 out of 4): [1, 1, 1]
  smoothing sigmas per level: [3, 2, 1, 0]
  regular sampling (percentage = 0.25)

*** Running Euler3DTransform registration ***

DIAGNOSTIC,Iteration,metricValue,convergenceValue,ITERATION_TIME_INDEX,SINCE_LAST
 2DIAGNOSTIC,     1, -6.205693539638e-01, 1.797693134862e+308, 0.0000e+00, 0.0000e+00, 
 2DIAGNOSTIC,     2, -6.218810517226e-01, 1.797693134862e+308, 0.0000e+00, 0.0000e+00, 
 2DIAGNOSTIC,     3, -6.230492572776e-01, 1.797693134862e+308, 0.0000e+00, 0.0000e+00, 
 2DIAGNOSTIC,     4, -6.244240642707e-01, 1.797693134862e+308, 0.0000e+00, 0.0000e+00, 
 2DIAGNOSTIC,     5, -6.263387662852e-01, 1.797693134862e+308, 0.0000e+00, 0.0000e+00, 
 2DIAGNOSTIC,     6, -6.300532767555e-01, 1.797693134862e+308, 0.0000e+00, 0.0000e+00, 
 2DIAGNOSTIC,     7, -6.387177427637e-01, 1.797693134862e+308, 0.0000e+00, 0.0000e+00, 
 2DIAGNOSTIC,     8, -6.421487181040e-01, 1.797693134862e+308, 0.0000e+00, 0.0000e+00, 
 2DIAGNOSTIC,     9, -6.490176308405e-01, 1.797693134862e+308, 0.0000e+00, 0.0000e+00, 
 2DIAGNOSTIC,    10, -6.555221944645e-01, 3.565176601734e-03, 0.0000e+00, 0.0000e+00, 
 2DIAGNOSTIC,    11, -6.599994605607e-01, 3.765698005256e-03, 0.0000e+00, 0.0000e+00, 
 2DIAGNOSTIC,    12, -6.634746980632e-01, 3.767826035793e-03, 0.0000e+00, 0.0000e+00, 
 2DIAGNOSTIC,    13, -6.691738246225e-01, 3.662418874193e-03, 0.0000e+00, 0.0000e+00, 
 2DIAGNOSTIC,    14, -6.715295080234e-01, 3.356131420375e-03, 0.0000e+00, 0.0000e+00, 
 2DIAGNOSTIC,    15, -6.720513921213e-01, 2.857417954116e-03, 0.0000e+00, 0.0000e+00, 
 2DIAGNOSTIC,    16, -6.725088513172e-01, 2.274174645735e-03, 0.0000e+00, 0.0000e+00, 
 2DIAGNOSTIC,    17, -6.726895820624e-01, 1.782375888725e-03, 0.0000e+00, 0.0000e+00, 
 2DIAGNOSTIC,    18, -6.731155668482e-01, 1.273063497870e-03, 0.0000e+00, 0.0000e+00, 
 2DIAGNOSTIC,    19, -6.735731059954e-01, 8.668417444156e-04, 0.0000e+00, 0.0000e+00, 
 2DIAGNOSTIC,    20, -6.738391580623e-01, 5.695991085228e-04, 0.0000e+00, 0.0000e+00, 
 2DIAGNOSTIC,    21, -6.738321116307e-01, 3.414828700335e-04, 0.0000e+00, 0.0000e+00, 
 2DIAGNOSTIC,    22, -6.740331130006e-01, 1.732889250707e-04, 0.0000e+00, 0.0000e+00, 
 2DIAGNOSTIC,    23, -6.742821424221e-01, 1.151617422106e-04, 0.0000e+00, 0.0000e+00, 
 2DIAGNOSTIC,    24, -6.743941302470e-01, 9.556364289207e-05, 0.0000e+00, 0.0000e+00, 
 2DIAGNOSTIC,    25, -6.751205654390e-01, 9.024126149648e-05, 0.0000e+00, 0.0000e+00, 
 2DIAGNOSTIC,    26, -6.754604048368e-01, 9.008966581796e-05, 0.0000e+00, 0.0000e+00, 
 2DIAGNOSTIC,    27, -6.756048336158e-01, 8.670194184564e-05, 0.0000e+00, 0.0000e+00, 
 2DIAGNOSTIC,    28, -6.757783866646e-01, 8.469481662305e-05, 0.0000e+00, 0.0000e+00, 
 2DIAGNOSTIC,    29, -6.759420497874e-01, 8.407295383656e-05, 0.0000e+00, 0.0000e+00, 
 2DIAGNOSTIC,    30, -6.759943263132e-01, 8.012234554831e-05, 0.0000e+00, 0.0000e+00, 
 2DIAGNOSTIC,    31, -6.760000924362e-01, 6.884744418061e-05, 0.0000e+00, 0.0000e+00, 
 2DIAGNOSTIC,    32, -6.760234190950e-01, 5.495567254270e-05, 0.0000e+00, 0.0000e+00, 
 2DIAGNOSTIC,    33, -6.758877794184e-01, 3.838499803623e-05, 0.0000e+00, 0.0000e+00, 
 2DIAGNOSTIC,    34, -6.764156213929e-01, 2.717412604288e-05, 0.0000e+00, 0.0000e+00, 
 2DIAGNOSTIC,    35, -6.765295994836e-01, 2.415666877264e-05, 0.0000e+00, 0.0000e+00, 
 2DIAGNOSTIC,    36, -6.764552705051e-01, 2.228161712469e-05, 0.0000e+00, 0.0000e+00, 
 2DIAGNOSTIC,    37, -6.763840104323e-01, 1.944134587009e-05, 0.0000e+00, 0.0000e+00, 
 2DIAGNOSTIC,    38, -6.764173971603e-01, 1.731246137584e-05, 0.0000e+00, 0.0000e+00, 
 2DIAGNOSTIC,    39, -6.767777057495e-01, 1.934137834209e-05, 0.0000e+00, 0.0000e+00, 
 2DIAGNOSTIC,    40, -6.770277698399e-01, 2.255929886197e-05, 0.0000e+00, 0.0000e+00, 
 2DIAGNOSTIC,    41, -6.770510583096e-01, 2.389969203793e-05, 0.0000e+00, 0.0000e+00, 
 2DIAGNOSTIC,    42, -6.769628593987e-01, 2.252982218634e-05, 0.0000e+00, 0.0000e+00, 
 2DIAGNOSTIC,    43, -6.769819432956e-01, 1.789097703228e-05, 0.0000e+00, 0.0000e+00, 
 2DIAGNOSTIC,    44, -6.768951487836e-01, 1.598098679930e-05, 0.0000e+00, 0.0000e+00, 
 2DIAGNOSTIC,    45, -6.768184153271e-01, 1.302931666401e-05, 0.0000e+00, 0.0000e+00, 
 2DIAGNOSTIC,    46, -6.768739876048e-01, 8.938137163701e-06, 0.0000e+00, 0.0000e+00, 
 2DIAGNOSTIC,    47, -6.768143745389e-01, 3.091373747311e-06, 0.0000e+00, 0.0000e+00, 
DIAGNOSTIC,Iteration,metricValue,convergenceValue,ITERATION_TIME_INDEX,SINCE_LAST
 2DIAGNOSTIC,     1, -5.645027854063e-01, 1.797693134862e+308, 0.0000e+00, 0.0000e+00, 
 2DIAGNOSTIC,     2, -5.650510411523e-01, 1.797693134862e+308, 0.0000e+00, 0.0000e+00, 
 2DIAGNOSTIC,     3, -5.656711178941e-01, 1.797693134862e+308, 0.0000e+00, 0.0000e+00, 
 2DIAGNOSTIC,     4, -5.664347656099e-01, 1.797693134862e+308, 0.0000e+00, 0.0000e+00, 
 2DIAGNOSTIC,     5, -5.669310326896e-01, 1.797693134862e+308, 0.0000e+00, 0.0000e+00, 
 2DIAGNOSTIC,     6, -5.672308904341e-01, 1.797693134862e+308, 0.0000e+00, 0.0000e+00, 
 2DIAGNOSTIC,     7, -5.681199782616e-01, 1.797693134862e+308, 0.0000e+00, 0.0000e+00, 
 2DIAGNOSTIC,     8, -5.680249446009e-01, 1.797693134862e+308, 0.0000e+00, 0.0000e+00, 
 2DIAGNOSTIC,     9, -5.680500118690e-01, 1.797693134862e+308, 0.0000e+00, 0.0000e+00, 
 2DIAGNOSTIC,    10, -5.681985532088e-01, 4.446566883781e-04, 0.0000e+00, 0.0000e+00, 
 2DIAGNOSTIC,    11, -5.683527577824e-01, 3.356326157813e-04, 0.0000e+00, 0.0000e+00, 
 2DIAGNOSTIC,    12, -5.683639306345e-01, 2.375857891992e-04, 0.0000e+00, 0.0000e+00, 
 2DIAGNOSTIC,    13, -5.683509516109e-01, 1.565049113180e-04, 0.0000e+00, 0.0000e+00, 
 2DIAGNOSTIC,    14, -5.683227591832e-01, 9.958439171374e-05, 0.0000e+00, 0.0000e+00, 
 2DIAGNOSTIC,    15, -5.683380129209e-01, 5.840832321578e-05, 0.0000e+00, 0.0000e+00, 
 2DIAGNOSTIC,    16, -5.683228955275e-01, 2.518914448114e-05, 0.0000e+00, 0.0000e+00, 
 2DIAGNOSTIC,    17, -5.683132685659e-01, 1.980392383522e-05, 0.0000e+00, 0.0000e+00, 
 2DIAGNOSTIC,    18, -5.682927317033e-01, 1.026361481656e-05, 0.0000e+00, 0.0000e+00, 
 2DIAGNOSTIC,    19, -5.682727901125e-01, 1.036930920420e-06, 0.0000e+00, 0.0000e+00, 
DIAGNOSTIC,Iteration,metricValue,convergenceValue,ITERATION_TIME_INDEX,SINCE_LAST
 2DIAGNOSTIC,     1, -4.825725545001e-01, 1.797693134862e+308, 0.0000e+00, 0.0000e+00, 
 2DIAGNOSTIC,     2, -4.826057913762e-01, 1.797693134862e+308, 0.0000e+00, 0.0000e+00, 
 2DIAGNOSTIC,     3, -4.826050227263e-01, 1.797693134862e+308, 0.0000e+00, 0.0000e+00, 
 2DIAGNOSTIC,     4, -4.826098966627e-01, 1.797693134862e+308, 0.0000e+00, 0.0000e+00, 
 2DIAGNOSTIC,     5, -4.826088473323e-01, 1.797693134862e+308, 0.0000e+00, 0.0000e+00, 
 2DIAGNOSTIC,     6, -4.826070374539e-01, 1.797693134862e+308, 0.0000e+00, 0.0000e+00, 
 2DIAGNOSTIC,     7, -4.826069495985e-01, 1.797693134862e+308, 0.0000e+00, 0.0000e+00, 
 2DIAGNOSTIC,     8, -4.826069471867e-01, 1.797693134862e+308, 0.0000e+00, 0.0000e+00, 
 2DIAGNOSTIC,     9, -4.826069049195e-01, 1.797693134862e+308, 0.0000e+00, 0.0000e+00, 
 2DIAGNOSTIC,    10, -4.826068893303e-01, 5.245293438788e-06, 0.0000e+00, 0.0000e+00, 
 2DIAGNOSTIC,    11, -4.826068457954e-01, 2.878467369127e-06, 0.0000e+00, 0.0000e+00, 
 2DIAGNOSTIC,    12, -4.826059212168e-01, 2.496945543579e-06, 0.0000e+00, 0.0000e+00, 
 2DIAGNOSTIC,    13, -4.826059118231e-01, 2.146013185086e-06, 0.0000e+00, 0.0000e+00, 
 2DIAGNOSTIC,    14, -4.826058477756e-01, 2.074986680298e-06, 0.0000e+00, 0.0000e+00, 
 2DIAGNOSTIC,    15, -4.826058497082e-01, 1.992062634015e-06, 0.0000e+00, 0.0000e+00, 
 2DIAGNOSTIC,    16, -4.826058497812e-01, 1.865116256550e-06, 0.0000e+00, 0.0000e+00, 
 2DIAGNOSTIC,    17, -4.826058497812e-01, 1.762103275953e-06, 0.0000e+00, 0.0000e+00, 
 2DIAGNOSTIC,    18, -4.826058497812e-01, 1.680889043627e-06, 0.0000e+00, 0.0000e+00, 
 2DIAGNOSTIC,    19, -4.826058497812e-01, 1.614684191943e-06, 0.0000e+00, 0.0000e+00, 
 2DIAGNOSTIC,    20, -4.826058497812e-01, 1.560077855289e-06, 0.0000e+00, 0.0000e+00, 
 2DIAGNOSTIC,    21, -4.826058251108e-01, 1.512490605468e-06, 0.0000e+00, 0.0000e+00, 
 2DIAGNOSTIC,    22, -4.826058251108e-01, 1.444875816027e-06, 0.0000e+00, 0.0000e+00, 
 2DIAGNOSTIC,    23, -4.826058251108e-01, 1.383206741742e-06, 0.0000e+00, 0.0000e+00, 
 2DIAGNOSTIC,    24, -4.826058251108e-01, 1.325241521216e-06, 0.0000e+00, 0.0000e+00, 
 2DIAGNOSTIC,    25, -4.826058251108e-01, 1.272133971844e-06, 0.0000e+00, 0.0000e+00, 
 2DIAGNOSTIC,    26, -4.826058251108e-01, 1.223298033509e-06, 0.0000e+00, 0.0000e+00, 
 2DIAGNOSTIC,    27, -4.826058251108e-01, 1.178241739050e-06, 0.0000e+00, 0.0000e+00, 
 2DIAGNOSTIC,    28, -4.826058251108e-01, 1.136526025868e-06, 0.0000e+00, 0.0000e+00, 
 2DIAGNOSTIC,    29, -4.826058251108e-01, 1.097773030978e-06, 0.0000e+00, 0.0000e+00, 
 2DIAGNOSTIC,    30, -4.826058251108e-01, 1.061664832935e-06, 0.0000e+00, 0.0000e+00, 
 2DIAGNOSTIC,    31, -4.826058251108e-01, 1.027417534397e-06, 0.0000e+00, 0.0000e+00, 
DIAGNOSTIC,Iteration,metricValue,convergenceValue,ITERATION_TIME_INDEX,SINCE_LAST
 2DIAGNOSTIC,     1, -4.384600287555e-01, 1.797693134862e+308, 0.0000e+00, 0.0000e+00, 
 2DIAGNOSTIC,     2, -4.385363024231e-01, 1.797693134862e+308, 0.0000e+00, 0.0000e+00, 
 2DIAGNOSTIC,     3, -4.385753169784e-01, 1.797693134862e+308, 0.0000e+00, 0.0000e+00, 
 2DIAGNOSTIC,     4, -4.386656121229e-01, 1.797693134862e+308, 0.0000e+00, 0.0000e+00, 
 2DIAGNOSTIC,     5, -4.386969363175e-01, 1.797693134862e+308, 0.0000e+00, 0.0000e+00, 
 2DIAGNOSTIC,     6, -4.386977502693e-01, 1.797693134862e+308, 0.0000e+00, 0.0000e+00, 
 2DIAGNOSTIC,     7, -4.386973357623e-01, 1.797693134862e+308, 5.1200e+02, 5.1200e+02, 
 2DIAGNOSTIC,     8, -4.386972671532e-01, 1.797693134862e+308, 5.1200e+02, 0.0000e+00, 
 2DIAGNOSTIC,     9, -4.386973673023e-01, 1.797693134862e+308, 5.1200e+02, 0.0000e+00, 
 2DIAGNOSTIC,    10, -4.386973392036e-01, 3.419455906958e-05, 5.1200e+02, 0.0000e+00, 
 2DIAGNOSTIC,    11, -4.386973210578e-01, 1.997704340043e-05, 5.1200e+02, 0.0000e+00, 
 2DIAGNOSTIC,    12, -4.386973610769e-01, 1.074450867664e-05, 5.1200e+02, 0.0000e+00, 
 2DIAGNOSTIC,    13, -4.386973473631e-01, 4.036272344354e-06, 5.1200e+02, 0.0000e+00, 
 2DIAGNOSTIC,    14, -4.386972347864e-01, 2.274495112753e-06, 5.1200e+02, 0.0000e+00, 
 2DIAGNOSTIC,    15, -4.386973013476e-01, 2.102482554056e-06, 5.1200e+02, 0.0000e+00, 
 2DIAGNOSTIC,    16, -4.386971865157e-01, 1.982594912811e-06, 5.1200e+02, 0.0000e+00, 
 2DIAGNOSTIC,    17, -4.386971865157e-01, 1.861936413654e-06, 5.1200e+02, 0.0000e+00, 
 2DIAGNOSTIC,    18, -4.386971865038e-01, 1.753179807128e-06, 5.1200e+02, 0.0000e+00, 
 2DIAGNOSTIC,    19, -4.386971821934e-01, 1.660694613576e-06, 5.1200e+02, 0.0000e+00, 
 2DIAGNOSTIC,    20, -4.386971821934e-01, 1.578030258347e-06, 5.1200e+02, 0.0000e+00, 
 2DIAGNOSTIC,    21, -4.386971501641e-01, 1.503001262379e-06, 5.1200e+02, 0.0000e+00, 
 2DIAGNOSTIC,    22, -4.386971501641e-01, 1.437297148646e-06, 5.1200e+02, 0.0000e+00, 
 2DIAGNOSTIC,    23, -4.386971502144e-01, 1.377955412586e-06, 5.1200e+02, 0.0000e+00, 
 2DIAGNOSTIC,    24, -4.386971435640e-01, 1.320886088375e-06, 5.1200e+02, 0.0000e+00, 
 2DIAGNOSTIC,    25, -4.386971435640e-01, 1.270789382377e-06, 5.1200e+02, 0.0000e+00, 
 2DIAGNOSTIC,    26, -4.386971435640e-01, 1.222002332768e-06, 5.1200e+02, 0.0000e+00, 
 2DIAGNOSTIC,    27, -4.386971435640e-01, 1.177115905693e-06, 5.1200e+02, 0.0000e+00, 
 2DIAGNOSTIC,    28, -4.386971435640e-01, 1.135668763239e-06, 5.1200e+02, 0.0000e+00, 
 2DIAGNOSTIC,    29, -4.386971435640e-01, 1.097155158260e-06, 5.1200e+02, 0.0000e+00, 
 2DIAGNOSTIC,    30, -4.386971435640e-01, 1.061339757344e-06, 5.1200e+02, 0.0000e+00, 
 2DIAGNOSTIC,    31, -4.386971435640e-01, 1.027198301737e-06, 5.1200e+02, 0.0000e+00, 
  Elapsed time (stage 0): 5.1200e+02


Total elapsed time: 5.1200e+02
Info [verificarlo]: loaded backend libinterflop_vprec.so
Info [interflop-vprec]: load backend with: 
Info [interflop-vprec]: precision-binary32 = 21
Info [interflop-vprec]: range-binary32 = 7
Info [interflop-vprec]: precision-binary64 = 21
Info [interflop-vprec]: range-binary64 = 7
Info [interflop-vprec]: mode = ob
Info [interflop-vprec]: error-mode = rel
Info [interflop-vprec]: max-abs-error-exponent = -1022
Info [interflop-vprec]: daz = false
Info [interflop-vprec]: ftz = false
Info [interflop-vprec]: 	instrument = none
Info [interflop-vprec]: 	prec-input-file = (null)
Info [interflop-vprec]: 	prec-output-file = (null)
Info [interflop-vprec]: 	prec-log-file = (null)
All_Command_lines_OK
Using double precision for computations.
=============================================================================
The composite transform comprises the following transforms (in order): 
  1. /home/mdugre/scratch/mri-registration-rp/datasets/ds004513/derivatives/mri-registration-rp/0110/antsRegistration-r7-p21/sub-s031/rigid_Composite.h5[0] (type = Euler3DTransform)
  2. /home/mdugre/scratch/mri-registration-rp/datasets/ds004513/derivatives/mri-registration-rp/0110/antsRegistration-r7-p21/sub-s031/rigid_Composite.h5[1] (type = Euler3DTransform)
  3. /home/mdugre/scratch/mri-registration-rp/datasets/ds004513/derivatives/mri-registration-rp/0110/antsRegistration-r7-p21/sub-s031/rigid_Composite.h5[2] (type = Euler3DTransform)
=============================================================================
  number of levels = 4
  fixed image: /templateflow/tpl-MNI152NLin2009cAsym/tpl-MNI152NLin2009cAsym_res-01_desc-brain_T1w.nii.gz
  moving image: /home/mdugre/scratch/mri-registration-rp/datasets/ds004513/derivatives/mri-registration-rp/antsBrainExtraction/sub-s031/BrainExtractionBrain.nii.gz
Dimension = 3
Number of stages = 1
Use histogram matching = false
Winsorize image intensities = true
  Lower quantile = 0.005
  Upper quantile = 0.995


Stage 1 State
   Image metric = MattesMI
     Fixed image = Image (0x32df490)
  RTTI typeinfo:   itk::Image<double, 3u>
  Reference Count: 2
  Modified Time: 1592
  Debug: Off
  Object Name: 
  Observers: 
    none
  Source: (none)
  Source output name: (none)
  Release Data: Off
  Data Released: False
  Global Release Data: Off
  PipelineMTime: 0
  UpdateMTime: 1203
  RealTimeStamp: 0 seconds 
  LargestPossibleRegion: 
    Dimension: 3
    Index: [0, 0, 0]
    Size: [193, 229, 193]
  BufferedRegion: 
    Dimension: 3
    Index: [0, 0, 0]
    Size: [193, 229, 193]
  RequestedRegion: 
    Dimension: 3
    Index: [0, 0, 0]
    Size: [193, 229, 193]
  Spacing: [1, 1, 1]
  Origin: [96, 132, -78]
  Direction: 
-1 0 0
0 -1 0
0 0 1

  IndexToPointMatrix: 
-1 0 0
0 -1 0
0 0 1

  PointToIndexMatrix: 
-1 0 0
0 -1 0
0 0 1

  Inverse Direction: 
-1 0 0
0 -1 0
0 0 1

  PixelContainer: 
    ImportImageContainer (0x3397fa0)
      RTTI typeinfo:   itk::ImportImageContainer<unsigned long, double>
      Reference Count: 1
      Modified Time: 1200
      Debug: Off
      Object Name: 
      Observers: 
        none
      Pointer: 0x14b94e5e7010
      Container manages memory: true
      Size: 8530021
      Capacity: 8530021

     Moving image = Image (0x339ad20)
  RTTI typeinfo:   itk::Image<double, 3u>
  Reference Count: 2
  Modified Time: 1593
  Debug: Off
  Object Name: 
  Observers: 
    none
  Source: (none)
  Source output name: (none)
  Release Data: Off
  Data Released: False
  Global Release Data: Off
  PipelineMTime: 0
  UpdateMTime: 1590
  RealTimeStamp: 0 seconds 
  LargestPossibleRegion: 
    Dimension: 3
    Index: [0, 0, 0]
    Size: [160, 240, 256]
  BufferedRegion: 
    Dimension: 3
    Index: [0, 0, 0]
    Size: [160, 240, 256]
  RequestedRegion: 
    Dimension: 3
    Index: [0, 0, 0]
    Size: [160, 240, 256]
  Spacing: [1, 1, 1]
  Origin: [78.2143, 95.8571, -127]
  Direction: 
-1 0 0
0 -1 0
0 0 1

  IndexToPointMatrix: 
-1 0 0
0 -1 0
0 0 1

  PointToIndexMatrix: 
-1 0 0
0 -1 0
0 0 1

  Inverse Direction: 
-1 0 0
0 -1 0
0 0 1

  PixelContainer: 
    ImportImageContainer (0x3456390)
      RTTI typeinfo:   itk::ImportImageContainer<unsigned long, double>
      Reference Count: 1
      Modified Time: 1587
      Debug: Off
      Object Name: 
      Observers: 
        none
      Pointer: 0x14b949ae6010
      Container manages memory: true
      Size: 9830400
      Capacity: 9830400

     Weighting = 1
     Sampling strategy = regular
     Number of bins = 32
     Radius = 4
     Sampling percentage  = 0.25
   Transform = Affine
     Gradient step = 0.1
     Update field sigma (voxel space) = 0
     Total field sigma (voxel space) = 0
     Update field time sigma = 0
     Total field time sigma  = 0
     Number of time indices = 0
     Number of time point samples = 0
Registration using 1 total stages.

Stage 0
  iterations = 1000x500x250x100
  convergence threshold = 1e-06
  convergence window size = 10
  number of levels = 4
  using the Mattes MI metric (number of bins = 32, weight = 1, use gradient filter = 0)
  preprocessing:  winsorizing the image intensities
  Shrink factors (level 1 out of 4): [8, 8, 8]
  Shrink factors (level 2 out of 4): [4, 4, 4]
  Shrink factors (level 3 out of 4): [2, 2, 2]
  Shrink factors (level 4 out of 4): [1, 1, 1]
  smoothing sigmas per level: [3, 2, 1, 0]
  regular sampling (percentage = 0.25)

*** Running AffineTransform registration ***

DIAGNOSTIC,Iteration,metricValue,convergenceValue,ITERATION_TIME_INDEX,SINCE_LAST
 2DIAGNOSTIC,     1, -6.734605798528e-01, 1.797693134862e+308, 0.0000e+00, 0.0000e+00, 
 2DIAGNOSTIC,     2, -6.758088644735e-01, 1.797693134862e+308, 0.0000e+00, 0.0000e+00, 
 2DIAGNOSTIC,     3, -6.798133270503e-01, 1.797693134862e+308, 0.0000e+00, 0.0000e+00, 
 2DIAGNOSTIC,     4, -6.853891440673e-01, 1.797693134862e+308, 0.0000e+00, 0.0000e+00, 
 2DIAGNOSTIC,     5, -6.936604755898e-01, 1.797693134862e+308, 0.0000e+00, 0.0000e+00, 
 2DIAGNOSTIC,     6, -7.069285541805e-01, 1.797693134862e+308, 0.0000e+00, 0.0000e+00, 
 2DIAGNOSTIC,     7, -7.300119974317e-01, 1.797693134862e+308, 0.0000e+00, 0.0000e+00, 
 2DIAGNOSTIC,     8, -8.432764656142e-01, 1.797693134862e+308, 0.0000e+00, 0.0000e+00, 
 2DIAGNOSTIC,     9, -8.713950255449e-01, 1.797693134862e+308, 0.0000e+00, 0.0000e+00, 
 2DIAGNOSTIC,    10, -9.166447750130e-01, 2.098138724515e-02, 0.0000e+00, 0.0000e+00, 
 2DIAGNOSTIC,    11, -9.438085204648e-01, 2.292645700733e-02, 0.0000e+00, 0.0000e+00, 
 2DIAGNOSTIC,    12, -9.533670777690e-01, 2.278456707456e-02, 0.0000e+00, 0.0000e+00, 
 2DIAGNOSTIC,    13, -9.574488486036e-01, 2.082873830817e-02, 0.0000e+00, 0.0000e+00, 
 2DIAGNOSTIC,    14, -9.582705534233e-01, 1.749186037978e-02, 0.0000e+00, 0.0000e+00, 
 2DIAGNOSTIC,    15, -9.610797825639e-01, 1.337652344461e-02, 0.0000e+00, 0.0000e+00, 
 2DIAGNOSTIC,    16, -9.611974917993e-01, 8.945428325290e-03, 0.0000e+00, 0.0000e+00, 
 2DIAGNOSTIC,    17, -9.611137545846e-01, 4.712916873200e-03, 0.0000e+00, 0.0000e+00, 
 2DIAGNOSTIC,    18, -9.610951613658e-01, 2.715553729047e-03, 0.0000e+00, 0.0000e+00, 
 2DIAGNOSTIC,    19, -9.611473378185e-01, 1.189549018402e-03, 0.0000e+00, 0.0000e+00, 
 2DIAGNOSTIC,    20, -9.610295141031e-01, 4.671074368434e-04, 0.0000e+00, 0.0000e+00, 
 2DIAGNOSTIC,    21, -9.610993731248e-01, 2.047761891773e-04, 0.0000e+00, 0.0000e+00, 
 2DIAGNOSTIC,    22, -9.606159715916e-01, 8.512466610334e-05, 0.0000e+00, 0.0000e+00, 
 2DIAGNOSTIC,    23, -9.604310335751e-01, 2.513738810574e-05, 0.0000e+00, 0.0000e+00, 
DIAGNOSTIC,Iteration,metricValue,convergenceValue,ITERATION_TIME_INDEX,SINCE_LAST
 2DIAGNOSTIC,     1, -7.702942067131e-01, 1.797693134862e+308, 0.0000e+00, 0.0000e+00, 
 2DIAGNOSTIC,     2, -7.713493339200e-01, 1.797693134862e+308, 0.0000e+00, 0.0000e+00, 
 2DIAGNOSTIC,     3, -7.723011554893e-01, 1.797693134862e+308, 0.0000e+00, 0.0000e+00, 
 2DIAGNOSTIC,     4, -7.731526104137e-01, 1.797693134862e+308, 0.0000e+00, 0.0000e+00, 
 2DIAGNOSTIC,     5, -7.741419246786e-01, 1.797693134862e+308, 0.0000e+00, 0.0000e+00, 
 2DIAGNOSTIC,     6, -7.753252626510e-01, 1.797693134862e+308, 0.0000e+00, 0.0000e+00, 
 2DIAGNOSTIC,     7, -7.753423034653e-01, 1.797693134862e+308, 0.0000e+00, 0.0000e+00, 
 2DIAGNOSTIC,     8, -7.753608056141e-01, 1.797693134862e+308, 0.0000e+00, 0.0000e+00, 
 2DIAGNOSTIC,     9, -7.753885111524e-01, 1.797693134862e+308, 0.0000e+00, 0.0000e+00, 
 2DIAGNOSTIC,    10, -7.753966100769e-01, 4.438250504844e-04, 0.0000e+00, 0.0000e+00, 
 2DIAGNOSTIC,    11, -7.753988999456e-01, 2.998610092991e-04, 0.0000e+00, 0.0000e+00, 
 2DIAGNOSTIC,    12, -7.753908032188e-01, 1.851861013752e-04, 0.0000e+00, 0.0000e+00, 
 2DIAGNOSTIC,    13, -7.753679366892e-01, 9.812628409660e-05, 0.0000e+00, 0.0000e+00, 
 2DIAGNOSTIC,    14, -7.753849042117e-01, 3.724047919383e-05, 0.0000e+00, 0.0000e+00, 
 2DIAGNOSTIC,    15, -7.754097743651e-01, 5.262649259929e-06, 0.0000e+00, 0.0000e+00, 
 2DIAGNOSTIC,    16, -7.754289191689e-01, 4.565324496650e-06, 0.0000e+00, 0.0000e+00, 
 2DIAGNOSTIC,    17, -7.754455400368e-01, 4.443844566569e-06, 0.0000e+00, 0.0000e+00, 
 2DIAGNOSTIC,    18, -7.754541241586e-01, 4.647843122166e-06, 0.0000e+00, 0.0000e+00, 
 2DIAGNOSTIC,    19, -7.754515062321e-01, 5.041290422086e-06, 0.0000e+00, 0.0000e+00, 
 2DIAGNOSTIC,    20, -7.754528677285e-01, 5.244622342936e-06, 0.0000e+00, 0.0000e+00, 
 2DIAGNOSTIC,    21, -7.754535038699e-01, 5.136563783668e-06, 0.0000e+00, 0.0000e+00, 
 2DIAGNOSTIC,    22, -7.754545558224e-01, 4.596991896352e-06, 0.0000e+00, 0.0000e+00, 
 2DIAGNOSTIC,    23, -7.754563697144e-01, 3.472931084041e-06, 0.0000e+00, 0.0000e+00, 
 2DIAGNOSTIC,    24, -7.754588985591e-01, 2.541447333748e-06, 0.0000e+00, 0.0000e+00, 
 2DIAGNOSTIC,    25, -7.754606860213e-01, 1.958002476772e-06, 0.0000e+00, 0.0000e+00, 
 2DIAGNOSTIC,    26, -7.754481924687e-01, 1.443074602030e-06, 0.0000e+00, 0.0000e+00, 
 2DIAGNOSTIC,    27, -7.754522330605e-01, 1.228433431463e-06, 0.0000e+00, 0.0000e+00, 
 2DIAGNOSTIC,    28, -7.754564324090e-01, 1.189733457259e-06, 0.0000e+00, 0.0000e+00, 
DIAGNOSTIC,Iteration,metricValue,convergenceValue,ITERATION_TIME_INDEX,SINCE_LAST
 2DIAGNOSTIC,     1, -6.487054289136e-01, 1.797693134862e+308, 0.0000e+00, 0.0000e+00, 
 2DIAGNOSTIC,     2, -6.492708401644e-01, 1.797693134862e+308, 0.0000e+00, 0.0000e+00, 
 2DIAGNOSTIC,     3, -6.497908458474e-01, 1.797693134862e+308, 0.0000e+00, 0.0000e+00, 
 2DIAGNOSTIC,     4, -6.505453427067e-01, 1.797693134862e+308, 0.0000e+00, 0.0000e+00, 
 2DIAGNOSTIC,     5, -6.522688450822e-01, 1.797693134862e+308, 0.0000e+00, 0.0000e+00, 
 2DIAGNOSTIC,     6, -6.529129711749e-01, 1.797693134862e+308, 0.0000e+00, 0.0000e+00, 
 2DIAGNOSTIC,     7, -6.529190362814e-01, 1.797693134862e+308, 0.0000e+00, 0.0000e+00, 
 2DIAGNOSTIC,     8, -6.529019962508e-01, 1.797693134862e+308, 0.0000e+00, 0.0000e+00, 
 2DIAGNOSTIC,     9, -6.528958086085e-01, 1.797693134862e+308, 0.0000e+00, 0.0000e+00, 
 2DIAGNOSTIC,    10, -6.528991734516e-01, 4.725494479993e-04, 0.0000e+00, 0.0000e+00, 
 2DIAGNOSTIC,    11, -6.528953673582e-01, 3.314748123536e-04, 0.0000e+00, 0.0000e+00, 
 2DIAGNOSTIC,    12, -6.528930848386e-01, 2.056844233179e-04, 0.0000e+00, 0.0000e+00, 
 2DIAGNOSTIC,    13, -6.528902915661e-01, 9.863216968772e-05, 0.0000e+00, 0.0000e+00, 
 2DIAGNOSTIC,    14, -6.528898806206e-01, 2.035439088729e-05, 0.0000e+00, 0.0000e+00, 
DIAGNOSTIC,Iteration,metricValue,convergenceValue,ITERATION_TIME_INDEX,SINCE_LAST
 2DIAGNOSTIC,     1, -5.785760944479e-01, 1.797693134862e+308, 0.0000e+00, 0.0000e+00, 
 2DIAGNOSTIC,     2, -5.788100638904e-01, 1.797693134862e+308, 0.0000e+00, 0.0000e+00, 
 2DIAGNOSTIC,     3, -5.790508896129e-01, 1.797693134862e+308, 0.0000e+00, 0.0000e+00, 
 2DIAGNOSTIC,     4, -5.794213399038e-01, 1.797693134862e+308, 0.0000e+00, 0.0000e+00, 
 2DIAGNOSTIC,     5, -5.794293135505e-01, 1.797693134862e+308, 0.0000e+00, 0.0000e+00, 
 2DIAGNOSTIC,     6, -5.794281057562e-01, 1.797693134862e+308, 0.0000e+00, 0.0000e+00, 
 2DIAGNOSTIC,     7, -5.794283522568e-01, 1.797693134862e+308, 0.0000e+00, 0.0000e+00, 
 2DIAGNOSTIC,     8, -5.794273508299e-01, 1.797693134862e+308, 0.0000e+00, 0.0000e+00, 
 2DIAGNOSTIC,     9, -5.794272086960e-01, 1.797693134862e+308, 0.0000e+00, 0.0000e+00, 
 2DIAGNOSTIC,    10, -5.794271213746e-01, 8.451610192818e-05, 0.0000e+00, 0.0000e+00, 
 2DIAGNOSTIC,    11, -5.794270018896e-01, 4.521771602360e-05, 0.0000e+00, 0.0000e+00, 
 2DIAGNOSTIC,    12, -5.794268768034e-01, 1.814288527517e-05, 0.0000e+00, 0.0000e+00, 
 2DIAGNOSTIC,    13, -5.794268759768e-01, 2.527371906591e-06, 0.0000e+00, 0.0000e+00, 
 2DIAGNOSTIC,    14, -5.794268634528e-01, 2.109479193713e-06, 0.0000e+00, 0.0000e+00, 
 2DIAGNOSTIC,    15, -5.794268606997e-01, 2.023900781481e-06, 0.0000e+00, 0.0000e+00, 
 2DIAGNOSTIC,    16, -5.794268595851e-01, 1.920537868350e-06, 0.0000e+00, 0.0000e+00, 
 2DIAGNOSTIC,    17, -5.794268591936e-01, 1.843734317768e-06, 0.0000e+00, 0.0000e+00, 
 2DIAGNOSTIC,    18, -5.794268613310e-01, 1.751057201869e-06, 0.0000e+00, 0.0000e+00, 
 2DIAGNOSTIC,    19, -5.794268610823e-01, 1.666171601161e-06, 0.0000e+00, 0.0000e+00, 
 2DIAGNOSTIC,    20, -5.794268608811e-01, 1.588647070880e-06, 0.0000e+00, 0.0000e+00, 
 2DIAGNOSTIC,    21, -5.794268608717e-01, 1.516177911269e-06, 0.0000e+00, 0.0000e+00, 
 2DIAGNOSTIC,    22, -5.794268608387e-01, 1.447570526121e-06, 0.0000e+00, 0.0000e+00, 
 2DIAGNOSTIC,    23, -5.794268608546e-01, 1.384952153266e-06, 0.0000e+00, 0.0000e+00, 
 2DIAGNOSTIC,    24, -5.794268608272e-01, 1.327298894106e-06, 0.0000e+00, 0.0000e+00, 
 2DIAGNOSTIC,    25, -5.794268608119e-01, 1.274201357412e-06, 0.0000e+00, 0.0000e+00, 
 2DIAGNOSTIC,    26, -5.794268607979e-01, 1.225164034231e-06, 0.0000e+00, 0.0000e+00, 
 2DIAGNOSTIC,    27, -5.794268608475e-01, 1.179750400419e-06, 0.0000e+00, 0.0000e+00, 
 2DIAGNOSTIC,    28, -5.794268608595e-01, 1.137620039837e-06, 0.0000e+00, 0.0000e+00, 
 2DIAGNOSTIC,    29, -5.794268608570e-01, 1.098391916213e-06, 0.0000e+00, 0.0000e+00, 
 2DIAGNOSTIC,    30, -5.794268608365e-01, 1.061775771957e-06, 0.0000e+00, 0.0000e+00, 
 2DIAGNOSTIC,    31, -5.794268607333e-01, 1.027520457747e-06, 0.0000e+00, 0.0000e+00, 
  Elapsed time (stage 0): 0.0000e+00


Total elapsed time: 0.0000e+00
Info [verificarlo]: loaded backend libinterflop_ieee.so
Info [interflop-ieee]: load backend with:
Info [interflop-ieee]: debug = false
Info [interflop-ieee]: debug-binary = false
Info [interflop-ieee]: no-backend-name = false
Info [interflop-ieee]: print-new-line = false
Info [interflop-ieee]: print-subnormal-normalized = false
Info [interflop-ieee]: count-op = false
All_Command_lines_OK
Using double precision for computations.
=============================================================================
The composite transform comprises the following transforms (in order): 
  1. /home/mdugre/scratch/mri-registration-rp/datasets/ds004513/derivatives/mri-registration-rp/0110/antsRegistration-r7-p21/sub-s031/affine_Composite.h5[0] (type = Euler3DTransform)
  2. /home/mdugre/scratch/mri-registration-rp/datasets/ds004513/derivatives/mri-registration-rp/0110/antsRegistration-r7-p21/sub-s031/affine_Composite.h5[1] (type = Euler3DTransform)
  3. /home/mdugre/scratch/mri-registration-rp/datasets/ds004513/derivatives/mri-registration-rp/0110/antsRegistration-r7-p21/sub-s031/affine_Composite.h5[2] (type = Euler3DTransform)
  4. /home/mdugre/scratch/mri-registration-rp/datasets/ds004513/derivatives/mri-registration-rp/0110/antsRegistration-r7-p21/sub-s031/affine_Composite.h5[3] (type = AffineTransform)
=============================================================================
  number of levels = 4
  fixed image: /templateflow/tpl-MNI152NLin2009cAsym/tpl-MNI152NLin2009cAsym_res-01_desc-brain_T1w.nii.gz
  moving image: /home/mdugre/scratch/mri-registration-rp/datasets/ds004513/derivatives/mri-registration-rp/antsBrainExtraction/sub-s031/BrainExtractionBrain.nii.gz
Dimension = 3
Number of stages = 1
Use histogram matching = false
Winsorize image intensities = true
  Lower quantile = 0.005
  Upper quantile = 0.995


Stage 1 State
   Image metric = CC
     Fixed image = Image (0x3712a40)
  RTTI typeinfo:   itk::Image<double, 3u>
  Reference Count: 2
  Modified Time: 1606
  Debug: Off
  Object Name: 
  Observers: 
    none
  Source: (none)
  Source output name: (none)
  Release Data: Off
  Data Released: False
  Global Release Data: Off
  PipelineMTime: 0
  UpdateMTime: 1217
  RealTimeStamp: 0 seconds 
  LargestPossibleRegion: 
    Dimension: 3
    Index: [0, 0, 0]
    Size: [193, 229, 193]
  BufferedRegion: 
    Dimension: 3
    Index: [0, 0, 0]
    Size: [193, 229, 193]
  RequestedRegion: 
    Dimension: 3
    Index: [0, 0, 0]
    Size: [193, 229, 193]
  Spacing: [1, 1, 1]
  Origin: [96, 132, -78]
  Direction: 
-1 0 0
0 -1 0
0 0 1

  IndexToPointMatrix: 
-1 0 0
0 -1 0
0 0 1

  PointToIndexMatrix: 
-1 0 0
0 -1 0
0 0 1

  Inverse Direction: 
-1 0 0
0 -1 0
0 0 1

  PixelContainer: 
    ImportImageContainer (0x37e1780)
      RTTI typeinfo:   itk::ImportImageContainer<unsigned long, double>
      Reference Count: 1
      Modified Time: 1214
      Debug: Off
      Object Name: 
      Observers: 
        none
      Pointer: 0x14570c69d010
      Container manages memory: true
      Size: 8530021
      Capacity: 8530021

     Moving image = Image (0x37ce240)
  RTTI typeinfo:   itk::Image<double, 3u>
  Reference Count: 2
  Modified Time: 1607
  Debug: Off
  Object Name: 
  Observers: 
    none
  Source: (none)
  Source output name: (none)
  Release Data: Off
  Data Released: False
  Global Release Data: Off
  PipelineMTime: 0
  UpdateMTime: 1604
  RealTimeStamp: 0 seconds 
  LargestPossibleRegion: 
    Dimension: 3
    Index: [0, 0, 0]
    Size: [160, 240, 256]
  BufferedRegion: 
    Dimension: 3
    Index: [0, 0, 0]
    Size: [160, 240, 256]
  RequestedRegion: 
    Dimension: 3
    Index: [0, 0, 0]
    Size: [160, 240, 256]
  Spacing: [1, 1, 1]
  Origin: [78.2143, 95.8571, -127]
  Direction: 
-1 0 0
0 -1 0
0 0 1

  IndexToPointMatrix: 
-1 0 0
0 -1 0
0 0 1

  PointToIndexMatrix: 
-1 0 0
0 -1 0
0 0 1

  Inverse Direction: 
-1 0 0
0 -1 0
0 0 1

  PixelContainer: 
    ImportImageContainer (0x38b2810)
      RTTI typeinfo:   itk::ImportImageContainer<unsigned long, double>
      Reference Count: 1
      Modified Time: 1601
      Debug: Off
      Object Name: 
      Observers: 
        none
      Pointer: 0x145707b9c010
      Container manages memory: true
      Size: 9830400
      Capacity: 9830400

     Weighting = 1
     Sampling strategy = none
     Number of bins = 32
     Radius = 4
     Sampling percentage  = 1
   Transform = SyN
     Gradient step = 0.1
     Update field sigma (voxel space) = 3
     Total field sigma (voxel space) = 0
     Update field time sigma = 0
     Total field time sigma  = 0
     Number of time indices = 0
     Number of time point samples = 0
Registration using 1 total stages.

Stage 0
  iterations = 100x70x50x20
  convergence threshold = 1e-06
  convergence window size = 10
  number of levels = 4
  using the CC metric (radius = 4, weight = 1, use gradient filter = 0)
  preprocessing:  winsorizing the image intensities
  Shrink factors (level 1 out of 4): [8, 8, 8]
  Shrink factors (level 2 out of 4): [4, 4, 4]
  Shrink factors (level 3 out of 4): [2, 2, 2]
  Shrink factors (level 4 out of 4): [1, 1, 1]
  smoothing sigmas per level: [3, 2, 1, 0]
  Using default NONE metricSamplingStrategy 

*** Running SyN registration (varianceForUpdateField = 3, varianceForTotalField = 0) ***

XXDIAGNOSTIC,Iteration,metricValue,convergenceValue,ITERATION_TIME_INDEX,SINCE_LAST
 1DIAGNOSTIC,     1, -9.383043253455e-01, 1.797693134862e+308, 1.0387e+00, 1.0387e+00, 
 1DIAGNOSTIC,     2, -9.444064434519e-01, 1.797693134862e+308, 1.3879e+00, 3.4919e-01, 
 1DIAGNOSTIC,     3, -9.486719404312e-01, 1.797693134862e+308, 1.7149e+00, 3.2696e-01, 
 1DIAGNOSTIC,     4, -9.514859223168e-01, 1.797693134862e+308, 2.0473e+00, 3.3241e-01, 
 1DIAGNOSTIC,     5, -9.543093194095e-01, 1.797693134862e+308, 2.4250e+00, 3.7773e-01, 
 1DIAGNOSTIC,     6, -9.582954898349e-01, 1.797693134862e+308, 2.7696e+00, 3.4457e-01, 
 1DIAGNOSTIC,     7, -9.617996501329e-01, 1.797693134862e+308, 3.1014e+00, 3.3182e-01, 
 1DIAGNOSTIC,     8, -9.650076606566e-01, 1.797693134862e+308, 3.4364e+00, 3.3495e-01, 
 1DIAGNOSTIC,     9, -9.677425595886e-01, 1.797693134862e+308, 3.7803e+00, 3.4396e-01, 
 1DIAGNOSTIC,    10, -9.701906297160e-01, 2.060858672670e-03, 4.1233e+00, 3.4297e-01, 
 1DIAGNOSTIC,    11, -9.719372284230e-01, 1.711507891133e-03, 4.4656e+00, 3.4231e-01, 
 1DIAGNOSTIC,    12, -9.734008393596e-01, 1.452329241183e-03, 4.8057e+00, 3.4013e-01, 
 1DIAGNOSTIC,    13, -9.738880000467e-01, 1.210128362536e-03, 5.1379e+00, 3.3222e-01, 
 1DIAGNOSTIC,    14, -9.746056244736e-01, 9.677409874473e-04, 5.5154e+00, 3.7744e-01, 
 1DIAGNOSTIC,    15, -9.746345500095e-01, 7.248720262448e-04, 5.8571e+00, 3.4169e-01, 
 1DIAGNOSTIC,    16, -9.752203407202e-01, 5.300133405048e-04, 6.2825e+00, 4.2539e-01, 
 1DIAGNOSTIC,    17, -9.752060261249e-01, 3.693561258584e-04, 6.7445e+00, 4.6200e-01, 
 1DIAGNOSTIC,    18, -9.755374187256e-01, 2.503171573463e-04, 7.1979e+00, 4.5345e-01, 
 1DIAGNOSTIC,    19, -9.753694829796e-01, 1.601238159190e-04, 7.6077e+00, 4.0983e-01, 
 1DIAGNOSTIC,    20, -9.756834468693e-01, 1.046763880270e-04, 7.9708e+00, 3.6303e-01, 
 1DIAGNOSTIC,    21, -9.754637522529e-01, 6.580545763444e-05, 8.3145e+00, 3.4374e-01, 
 1DIAGNOSTIC,    22, -9.756238725245e-01, 4.620328667321e-05, 8.6898e+00, 3.7530e-01, 
 1DIAGNOSTIC,    23, -9.754359060998e-01, 2.773600033969e-05, 9.0646e+00, 3.7484e-01, 
 1DIAGNOSTIC,    24, -9.756923801709e-01, 2.040577553720e-05, 9.3981e+00, 3.3346e-01, 
 1DIAGNOSTIC,    25, -9.754651771411e-01, 9.283940298824e-06, 9.7224e+00, 3.2432e-01, 
 1DIAGNOSTIC,    26, -9.756451145200e-01, 7.036525022958e-06, 1.0056e+01, 3.3312e-01, 
 1DIAGNOSTIC,    27, -9.754696228607e-01, 2.223833075618e-06, 1.0381e+01, 3.2535e-01, 
 1DIAGNOSTIC,    28, -9.757037196057e-01, 3.693896405435e-06, 1.0715e+01, 3.3385e-01, 
 1DIAGNOSTIC,    29, -9.755300355984e-01, 1.185353280947e-06, 1.1042e+01, 3.2750e-01, 
 1DIAGNOSTIC,    30, -9.757269417336e-01, 3.953770000585e-06, 1.1379e+01, 3.3693e-01, 
 1DIAGNOSTIC,    31, -9.755464255336e-01, 2.405873661591e-06, 1.1705e+01, 3.2573e-01, 
 1DIAGNOSTIC,    32, -9.757524257365e-01, 4.280186422255e-06, 1.2064e+01, 3.5932e-01, 
 1DIAGNOSTIC,    33, -9.755802826656e-01, 2.399592115905e-06, 1.2397e+01, 3.3271e-01, 
 1DIAGNOSTIC,    34, -9.757730617959e-01, 4.467878018589e-06, 1.2724e+01, 3.2707e-01, 
 1DIAGNOSTIC,    35, -9.755981335138e-01, 2.633866698944e-06, 1.3063e+01, 3.3910e-01, 
 1DIAGNOSTIC,    36, -9.757963244501e-01, 3.906831098931e-06, 1.3405e+01, 3.4211e-01, 
 1DIAGNOSTIC,    37, -9.756245701545e-01, 1.975761881257e-06, 1.3735e+01, 3.2963e-01, 
 1DIAGNOSTIC,    38, -9.758126170049e-01, 3.374477740178e-06, 1.4061e+01, 3.2612e-01, 
 1DIAGNOSTIC,    39, -9.756567413911e-01, 1.904897001349e-06, 1.4385e+01, 3.2452e-01, 
 1DIAGNOSTIC,    40, -9.758468681144e-01, 3.314442446681e-06, 1.4712e+01, 3.2612e-01, 
 1DIAGNOSTIC,    41, -9.756742753195e-01, 1.813596719039e-06, 1.5052e+01, 3.4018e-01, 
 1DIAGNOSTIC,    42, -9.758589684915e-01, 3.082840349007e-06, 1.5386e+01, 3.3471e-01, 
 1DIAGNOSTIC,    43, -9.756865001739e-01, 1.652677263569e-06, 1.5719e+01, 3.3244e-01, 
 1DIAGNOSTIC,    44, -9.758717776907e-01, 2.783505362890e-06, 1.6045e+01, 3.2581e-01, 
 1DIAGNOSTIC,    45, -9.757021895920e-01, 1.354723234748e-06, 1.6381e+01, 3.3669e-01, 
 1DIAGNOSTIC,    46, -9.758843506784e-01, 2.412743745617e-06, 1.6723e+01, 3.4185e-01, 
 1DIAGNOSTIC,    47, -9.757154374870e-01, 1.076512999711e-06, 1.7076e+01, 3.5254e-01, 
 1DIAGNOSTIC,    48, -9.758970737903e-01, 2.070936973256e-06, 1.7424e+01, 3.4788e-01, 
 1DIAGNOSTIC,    49, -9.757298194262e-01, 8.972844923148e-07, 1.7756e+01, 3.3273e-01, 
XXDIAGNOSTIC,Iteration,metricValue,convergenceValue,ITERATION_TIME_INDEX,SINCE_LAST
 1DIAGNOSTIC,     1, -9.194761144176e-01, 1.797693134862e+308, 2.1195e+01, 3.4391e+00, 
 1DIAGNOSTIC,     2, -9.221005452555e-01, 1.797693134862e+308, 2.4032e+01, 2.8369e+00, 
 1DIAGNOSTIC,     3, -9.251213926920e-01, 1.797693134862e+308, 2.6733e+01, 2.7004e+00, 
 1DIAGNOSTIC,     4, -9.283272820305e-01, 1.797693134862e+308, 2.9385e+01, 2.6526e+00, 
 1DIAGNOSTIC,     5, -9.308284327153e-01, 1.797693134862e+308, 3.1781e+01, 2.3954e+00, 
 1DIAGNOSTIC,     6, -9.327833278368e-01, 1.797693134862e+308, 3.3959e+01, 2.1782e+00, 
 1DIAGNOSTIC,     7, -9.343125446049e-01, 1.797693134862e+308, 3.6387e+01, 2.4275e+00, 
 1DIAGNOSTIC,     8, -9.355350973948e-01, 1.797693134862e+308, 3.8877e+01, 2.4906e+00, 
 1DIAGNOSTIC,     9, -9.365394172328e-01, 1.797693134862e+308, 4.1516e+01, 2.6388e+00, 
 1DIAGNOSTIC,    10, -9.373882189312e-01, 1.254446446312e-03, 4.4028e+01, 2.5125e+00, 
 1DIAGNOSTIC,    11, -9.381138605878e-01, 9.727540438014e-04, 4.6569e+01, 2.5409e+00, 
 1DIAGNOSTIC,    12, -9.386708449304e-01, 7.312914592403e-04, 4.9139e+01, 2.5696e+00, 
 1DIAGNOSTIC,    13, -9.391676302812e-01, 5.427140607174e-04, 5.1552e+01, 2.4134e+00, 
 1DIAGNOSTIC,    14, -9.394458872558e-01, 4.070973825160e-04, 5.4047e+01, 2.4944e+00, 
 1DIAGNOSTIC,    15, -9.398555510766e-01, 3.112020327432e-04, 5.6532e+01, 2.4852e+00, 
 1DIAGNOSTIC,    16, -9.400709608714e-01, 2.397536859756e-04, 5.9454e+01, 2.9224e+00, 
 1DIAGNOSTIC,    17, -9.402749329216e-01, 1.855538495027e-04, 6.2270e+01, 2.8159e+00, 
 1DIAGNOSTIC,    18, -9.404713329643e-01, 1.441795945398e-04, 6.5204e+01, 2.9340e+00, 
 1DIAGNOSTIC,    19, -9.406611294979e-01, 1.128769279642e-04, 6.8325e+01, 3.1207e+00, 
 1DIAGNOSTIC,    20, -9.408453186008e-01, 8.987297454396e-05, 7.1329e+01, 3.0039e+00, 
 1DIAGNOSTIC,    21, -9.410241650898e-01, 7.377800396913e-05, 7.4171e+01, 2.8425e+00, 
 1DIAGNOSTIC,    22, -9.411971201321e-01, 6.236488275028e-05, 7.7124e+01, 2.9527e+00, 
 1DIAGNOSTIC,    23, -9.413640892089e-01, 5.496236479269e-05, 7.9961e+01, 2.8366e+00, 
 1DIAGNOSTIC,    24, -9.415228535388e-01, 4.855868220901e-05, 8.2782e+01, 2.8208e+00, 
 1DIAGNOSTIC,    25, -9.416833843563e-01, 4.510237302692e-05, 8.5740e+01, 2.9587e+00, 
 1DIAGNOSTIC,    26, -9.418326124458e-01, 4.199369680462e-05, 8.8604e+01, 2.8636e+00, 
 1DIAGNOSTIC,    27, -9.419875189789e-01, 3.926209518796e-05, 9.1464e+01, 2.8604e+00, 
 1DIAGNOSTIC,    28, -9.421398586974e-01, 3.686639079682e-05, 9.4316e+01, 2.8518e+00, 
 1DIAGNOSTIC,    29, -9.422879938362e-01, 3.475291422123e-05, 9.7092e+01, 2.7758e+00, 
 1DIAGNOSTIC,    30, -9.424306075703e-01, 3.286193513393e-05, 9.9829e+01, 2.7369e+00, 
 1DIAGNOSTIC,    31, -9.425706874537e-01, 3.116541266201e-05, 1.0262e+02, 2.7954e+00, 
 1DIAGNOSTIC,    32, -9.427042055251e-01, 2.958680407547e-05, 1.0539e+02, 2.7659e+00, 
 1DIAGNOSTIC,    33, -9.428334220676e-01, 2.807935945554e-05, 1.0808e+02, 2.6857e+00, 
 1DIAGNOSTIC,    34, -9.429584262566e-01, 2.658374484452e-05, 1.1092e+02, 2.8397e+00, 
 1DIAGNOSTIC,    35, -9.430728483936e-01, 2.508960668807e-05, 1.1373e+02, 2.8129e+00, 
 1DIAGNOSTIC,    36, -9.431909475459e-01, 2.360220009218e-05, 1.1661e+02, 2.8771e+00, 
 1DIAGNOSTIC,    37, -9.433054070951e-01, 2.221066310661e-05, 1.1945e+02, 2.8449e+00, 
 1DIAGNOSTIC,    38, -9.434173147934e-01, 2.093887509131e-05, 1.2218e+02, 2.7255e+00, 
 1DIAGNOSTIC,    39, -9.435245335237e-01, 1.977559171611e-05, 1.2471e+02, 2.5382e+00, 
 1DIAGNOSTIC,    40, -9.436263236081e-01, 1.869035546306e-05, 1.2719e+02, 2.4716e+00, 
 1DIAGNOSTIC,    41, -9.437227336796e-01, 1.767600429266e-05, 1.2972e+02, 2.5377e+00, 
 1DIAGNOSTIC,    42, -9.438143268592e-01, 1.669833657702e-05, 1.3230e+02, 2.5751e+00, 
 1DIAGNOSTIC,    43, -9.439000658858e-01, 1.573709081112e-05, 1.3481e+02, 2.5080e+00, 
 1DIAGNOSTIC,    44, -9.439827144352e-01, 1.479838307914e-05, 1.3760e+02, 2.7954e+00, 
 1DIAGNOSTIC,    45, -9.440558990400e-01, 1.380050173044e-05, 1.4012e+02, 2.5162e+00, 
 1DIAGNOSTIC,    46, -9.441327543435e-01, 1.286125124519e-05, 1.4265e+02, 2.5367e+00, 
 1DIAGNOSTIC,    47, -9.442041303998e-01, 1.197783567492e-05, 1.4521e+02, 2.5577e+00, 
 1DIAGNOSTIC,    48, -9.442740730331e-01, 1.118089494430e-05, 1.4776e+02, 2.5446e+00, 
 1DIAGNOSTIC,    49, -9.443419742573e-01, 1.047687110633e-05, 1.5033e+02, 2.5767e+00, 
 1DIAGNOSTIC,    50, -9.444019598320e-01, 9.825628052063e-06, 1.5298e+02, 2.6498e+00, 
 1DIAGNOSTIC,    51, -9.444582737662e-01, 9.213766885677e-06, 1.5564e+02, 2.6567e+00, 
 1DIAGNOSTIC,    52, -9.445190680837e-01, 8.677387271134e-06, 1.5852e+02, 2.8778e+00, 
 1DIAGNOSTIC,    53, -9.445864655001e-01, 8.249634186833e-06, 1.6140e+02, 2.8821e+00, 
 1DIAGNOSTIC,    54, -9.446333504611e-01, 7.818159418270e-06, 1.6437e+02, 2.9695e+00, 
 1DIAGNOSTIC,    55, -9.446880035973e-01, 7.404385880077e-06, 1.6709e+02, 2.7193e+00, 
 1DIAGNOSTIC,    56, -9.447421220575e-01, 7.049346967811e-06, 1.6995e+02, 2.8600e+00, 
 1DIAGNOSTIC,    57, -9.447940605950e-01, 6.728430128743e-06, 1.7238e+02, 2.4266e+00, 
 1DIAGNOSTIC,    58, -9.448381162918e-01, 6.410412416863e-06, 1.7456e+02, 2.1808e+00, 
 1DIAGNOSTIC,    59, -9.448868731889e-01, 6.131921897145e-06, 1.7693e+02, 2.3711e+00, 
 1DIAGNOSTIC,    60, -9.449336331990e-01, 5.857094503348e-06, 1.7980e+02, 2.8761e+00, 
 1DIAGNOSTIC,    61, -9.449802047540e-01, 5.581164283862e-06, 1.8272e+02, 2.9208e+00, 
 1DIAGNOSTIC,    62, -9.450266238388e-01, 5.341653141786e-06, 1.8573e+02, 3.0093e+00, 
 1DIAGNOSTIC,    63, -9.450723213117e-01, 5.183048483692e-06, 1.8864e+02, 2.9098e+00, 
 1DIAGNOSTIC,    64, -9.451171768272e-01, 5.006451435235e-06, 1.9153e+02, 2.8876e+00, 
 1DIAGNOSTIC,    65, -9.451612043373e-01, 4.853610902838e-06, 1.9437e+02, 2.8353e+00, 
 1DIAGNOSTIC,    66, -9.452025499565e-01, 4.716257984077e-06, 1.9726e+02, 2.8983e+00, 
 1DIAGNOSTIC,    67, -9.452443217060e-01, 4.593303737799e-06, 2.0022e+02, 2.9590e+00, 
 1DIAGNOSTIC,    68, -9.452891730188e-01, 4.466909797982e-06, 2.0313e+02, 2.9033e+00, 
 1DIAGNOSTIC,    69, -9.453288246302e-01, 4.340455183910e-06, 2.0617e+02, 3.0452e+00, 
 1DIAGNOSTIC,    70, -9.453689002728e-01, 4.213996350165e-06, 2.0884e+02, 2.6639e+00, 
XXDIAGNOSTIC,Iteration,metricValue,convergenceValue,ITERATION_TIME_INDEX,SINCE_LAST
 1DIAGNOSTIC,     1, -8.952884478329e-01, 1.797693134862e+308, 2.2796e+02, 1.9125e+01, 
 1DIAGNOSTIC,     2, -8.975262782481e-01, 1.797693134862e+308, 2.4907e+02, 2.1108e+01, 
 1DIAGNOSTIC,     3, -9.002397869405e-01, 1.797693134862e+308, 2.7179e+02, 2.2718e+01, 
 1DIAGNOSTIC,     4, -9.028197881881e-01, 1.797693134862e+308, 2.9218e+02, 2.0389e+01, 
 1DIAGNOSTIC,     5, -9.049134958287e-01, 1.797693134862e+308, 3.1554e+02, 2.3367e+01, 
 1DIAGNOSTIC,     6, -9.068279266946e-01, 1.797693134862e+308, 3.3539e+02, 1.9845e+01, 
 1DIAGNOSTIC,     7, -9.085849812922e-01, 1.797693134862e+308, 3.5547e+02, 2.0087e+01, 
 1DIAGNOSTIC,     8, -9.102174517313e-01, 1.797693134862e+308, 3.7673e+02, 2.1257e+01, 
 1DIAGNOSTIC,     9, -9.117534702900e-01, 1.797693134862e+308, 3.9753e+02, 2.0798e+01, 
 1DIAGNOSTIC,    10, -9.130677653413e-01, 1.266140886041e-03, 4.1584e+02, 1.8311e+01, 
 1DIAGNOSTIC,    11, -9.142791465762e-01, 1.058063582091e-03, 4.3476e+02, 1.8917e+01, 
 1DIAGNOSTIC,    12, -9.153721737917e-01, 8.760546658714e-04, 4.5528e+02, 2.0527e+01, 
 1DIAGNOSTIC,    13, -9.163494423448e-01, 7.310838469921e-04, 4.7716e+02, 2.1879e+01, 
 1DIAGNOSTIC,    14, -9.171162086591e-01, 6.147550335390e-04, 4.9820e+02, 2.1036e+01, 
 1DIAGNOSTIC,    15, -9.179389862829e-01, 5.183111857427e-04, 5.2105e+02, 2.2852e+01, 
 1DIAGNOSTIC,    16, -9.187094062642e-01, 4.384969009257e-04, 5.4401e+02, 2.2957e+01, 
 1DIAGNOSTIC,    17, -9.193171446194e-01, 3.708246575934e-04, 5.6523e+02, 2.1217e+01, 
 1DIAGNOSTIC,    18, -9.200170988395e-01, 3.166513599062e-04, 5.8653e+02, 2.1304e+01, 
 1DIAGNOSTIC,    19, -9.205731078577e-01, 2.730012486147e-04, 6.0654e+02, 2.0007e+01, 
 1DIAGNOSTIC,    20, -9.211214143465e-01, 2.372333028035e-04, 6.2788e+02, 2.1339e+01, 
 1DIAGNOSTIC,    21, -9.216704550997e-01, 2.087410314176e-04, 6.4637e+02, 1.8493e+01, 
 1DIAGNOSTIC,    22, -9.221836072632e-01, 1.859610836327e-04, 6.6740e+02, 2.1033e+01, 
 1DIAGNOSTIC,    23, -9.226658246825e-01, 1.674772298347e-04, 6.8646e+02, 1.9061e+01, 
 1DIAGNOSTIC,    24, -9.231166573085e-01, 1.505487495960e-04, 7.0514e+02, 1.8672e+01, 
 1DIAGNOSTIC,    25, -9.235389288868e-01, 1.362773848991e-04, 7.2664e+02, 2.1502e+01, 
 1DIAGNOSTIC,    26, -9.239447671186e-01, 1.243433541421e-04, 7.4813e+02, 2.1493e+01, 
 1DIAGNOSTIC,    27, -9.243351483893e-01, 1.130115681609e-04, 7.6817e+02, 2.0040e+01, 
 1DIAGNOSTIC,    28, -9.247138431753e-01, 1.037914700056e-04, 7.8635e+02, 1.8180e+01, 
 1DIAGNOSTIC,    29, -9.250876528888e-01, 9.535753087914e-05, 8.0585e+02, 1.9496e+01, 
 1DIAGNOSTIC,    30, -9.254568924278e-01, 8.795331989936e-05, 8.2566e+02, 1.9811e+01, 
 1DIAGNOSTIC,    31, -9.258183580236e-01, 8.180935914295e-05, 8.4509e+02, 1.9436e+01, 
 1DIAGNOSTIC,    32, -9.261702587961e-01, 7.668113554654e-05, 8.6504e+02, 1.9947e+01, 
 1DIAGNOSTIC,    33, -9.265079964970e-01, 7.229933974515e-05, 8.8472e+02, 1.9677e+01, 
 1DIAGNOSTIC,    34, -9.268375485780e-01, 6.843596041364e-05, 9.0466e+02, 1.9944e+01, 
 1DIAGNOSTIC,    35, -9.271615146077e-01, 6.490785545521e-05, 9.2345e+02, 1.8790e+01, 
 1DIAGNOSTIC,    36, -9.274664401201e-01, 6.153125895995e-05, 9.4225e+02, 1.8797e+01, 
 1DIAGNOSTIC,    37, -9.277483718422e-01, 5.812655115168e-05, 9.6236e+02, 2.0111e+01, 
 1DIAGNOSTIC,    38, -9.280124851915e-01, 5.462473993272e-05, 9.8066e+02, 1.8303e+01, 
 1DIAGNOSTIC,    39, -9.282579921985e-01, 5.103352743623e-05, 9.9954e+02, 1.8882e+01, 
 1DIAGNOSTIC,    40, -9.284885335845e-01, 4.741621952446e-05, 1.0188e+03, 1.9245e+01, 
 1DIAGNOSTIC,    41, -9.287028250632e-01, 4.381802380557e-05, 1.0374e+03, 1.8636e+01, 
 1DIAGNOSTIC,    42, -9.289066045398e-01, 4.032705123510e-05, 1.0569e+03, 1.9464e+01, 
 1DIAGNOSTIC,    43, -9.290929219556e-01, 3.694242585745e-05, 1.0798e+03, 2.2910e+01, 
 1DIAGNOSTIC,    44, -9.292628466471e-01, 3.371782321759e-05, 1.1024e+03, 2.2571e+01, 
 1DIAGNOSTIC,    45, -9.294198684149e-01, 3.074584301167e-05, 1.1231e+03, 2.0746e+01, 
 1DIAGNOSTIC,    46, -9.295632164500e-01, 2.800473106791e-05, 1.1414e+03, 1.8301e+01, 
 1DIAGNOSTIC,    47, -9.296963045289e-01, 2.546089101728e-05, 1.1597e+03, 1.8255e+01, 
 1DIAGNOSTIC,    48, -9.298206027419e-01, 2.311924812326e-05, 1.1790e+03, 1.9339e+01, 
 1DIAGNOSTIC,    49, -9.299382878388e-01, 2.098366308374e-05, 1.1982e+03, 1.9169e+01, 
 1DIAGNOSTIC,    50, -9.300511335303e-01, 1.908025746265e-05, 1.2180e+03, 1.9838e+01, 
XXDIAGNOSTIC,Iteration,metricValue,convergenceValue,ITERATION_TIME_INDEX,SINCE_LAST
 1DIAGNOSTIC,     1, -8.822469040809e-01, 1.797693134862e+308, 1.3703e+03, 1.5229e+02, 
 1DIAGNOSTIC,     2, -8.833020407461e-01, 1.797693134862e+308, 1.5208e+03, 1.5053e+02, 
 1DIAGNOSTIC,     3, -8.848098635835e-01, 1.797693134862e+308, 1.6724e+03, 1.5156e+02, 
 1DIAGNOSTIC,     4, -8.862634094978e-01, 1.797693134862e+308, 1.8270e+03, 1.5458e+02, 
 1DIAGNOSTIC,     5, -8.877489806294e-01, 1.797693134862e+308, 1.9838e+03, 1.5684e+02, 
 1DIAGNOSTIC,     6, -8.891785042673e-01, 1.797693134862e+308, 2.1312e+03, 1.4742e+02, 
 1DIAGNOSTIC,     7, -8.905483627818e-01, 1.797693134862e+308, 2.2811e+03, 1.4988e+02, 
 1DIAGNOSTIC,     8, -8.918783091776e-01, 1.797693134862e+308, 2.4340e+03, 1.5291e+02, 
 1DIAGNOSTIC,     9, -8.931012549017e-01, 1.797693134862e+308, 2.5819e+03, 1.4791e+02, 
 1DIAGNOSTIC,    10, -8.942137748647e-01, 8.902706335853e-04, 2.7332e+03, 1.5124e+02, 
 1DIAGNOSTIC,    11, -8.951560894584e-01, 7.883564025556e-04, 2.8847e+03, 1.5156e+02, 
 1DIAGNOSTIC,    12, -8.959548733112e-01, 6.817029556651e-04, 3.0334e+03, 1.4865e+02, 
 1DIAGNOSTIC,    13, -8.967997715360e-01, 5.873990765016e-04, 3.1812e+03, 1.4780e+02, 
 1DIAGNOSTIC,    14, -8.974913737858e-01, 5.017016679014e-04, 3.3293e+03, 1.4808e+02, 
 1DIAGNOSTIC,    15, -8.981162836332e-01, 4.262392605438e-04, 3.4780e+03, 1.4870e+02, 
 1DIAGNOSTIC,    16, -8.986652090544e-01, 3.603693036534e-04, 3.6296e+03, 1.5167e+02, 
 1DIAGNOSTIC,    17, -8.991608874421e-01, 3.038654491173e-04, 3.7820e+03, 1.5236e+02, 
 1DIAGNOSTIC,    18, -8.996229106242e-01, 2.570828519825e-04, 3.9315e+03, 1.4948e+02, 
 1DIAGNOSTIC,    19, -9.000483367775e-01, 2.188393723571e-04, 4.0813e+03, 1.4984e+02, 
 1DIAGNOSTIC,    20, -9.004425214260e-01, 1.879691912982e-04, 4.2321e+03, 1.5077e+02, 
  Elapsed time (stage 0): 4233.26


Total elapsed time: 4233.26
