
##########################
# Experiment information #
##########################

EXPERIMENT_NAME: antsRegistration-r7-p8
VFC_BACKENDS: libinterflop_vprec.so --range-binary32=7 --precision-binary32=8 --range-binary64=7 --precision-binary64=8

SIF_IMG: /home/mdugre/projects/rrg-glatard/mdugre/containers/ants-vprec-no_metrics.simg

SUBJECT_ID: s028
INPUT_IMG: /home/mdugre/scratch/mri-registration-rp/datasets/ds004513/derivatives/mri-registration-rp/antsBrainExtraction/sub-s028/BrainExtractionBrain.nii.gz
OUTPUT_DIR: /home/mdugre/scratch/mri-registration-rp/datasets/ds004513/derivatives/mri-registration-rp/0110/antsRegistration-r7-p8/sub-s028

FIXED_IMG: /templateflow/tpl-MNI152NLin2009cAsym/tpl-MNI152NLin2009cAsym_res-01_desc-brain_T1w.nii.gz
DATA_DIR: /home/mdugre/scratch/mri-registration-rp/datasets/ds004513
TEMPLATEFLOW_DIR: /home/mdugre/projects/rrg-glatard/mdugre/templateflow
ITK_GLOBAL_DEFAULT_NUMBER_OF_THREADS: 16
##########################

Info [verificarlo]: loaded backend libinterflop_ieee.so
Info [interflop-ieee]: load backend with:
Info [interflop-ieee]: debug = false
Info [interflop-ieee]: debug-binary = false
Info [interflop-ieee]: no-backend-name = false
Info [interflop-ieee]: print-new-line = false
Info [interflop-ieee]: print-subnormal-normalized = false
Info [interflop-ieee]: count-op = false
All_Command_lines_OK
Using double precision for computations.
=============================================================================
The composite transform comprises the following transforms (in order): 
  1. Center of mass alignment using fixed image: /templateflow/tpl-MNI152NLin2009cAsym/tpl-MNI152NLin2009cAsym_res-01_desc-brain_T1w.nii.gz and moving image: /home/mdugre/scratch/mri-registration-rp/datasets/ds004513/derivatives/mri-registration-rp/antsBrainExtraction/sub-s028/BrainExtractionBrain.nii.gz (type = Euler3DTransform)
=============================================================================
  number of levels = 1
  fixed image: /templateflow/tpl-MNI152NLin2009cAsym/tpl-MNI152NLin2009cAsym_res-01_desc-brain_T1w.nii.gz
  moving image: /home/mdugre/scratch/mri-registration-rp/datasets/ds004513/derivatives/mri-registration-rp/antsBrainExtraction/sub-s028/BrainExtractionBrain.nii.gz
Dimension = 3
Number of stages = 1
Use histogram matching = false
Winsorize image intensities = true
  Lower quantile = 0.005
  Upper quantile = 0.995


Stage 1 State
   Image metric = MattesMI
     Fixed image = Image (0x4f3bbd0)
  RTTI typeinfo:   itk::Image<double, 3u>
  Reference Count: 2
  Modified Time: 2330
  Debug: Off
  Object Name: 
  Observers: 
    none
  Source: (none)
  Source output name: (none)
  Release Data: Off
  Data Released: False
  Global Release Data: Off
  PipelineMTime: 0
  UpdateMTime: 1941
  RealTimeStamp: 0 seconds 
  LargestPossibleRegion: 
    Dimension: 3
    Index: [0, 0, 0]
    Size: [193, 229, 193]
  BufferedRegion: 
    Dimension: 3
    Index: [0, 0, 0]
    Size: [193, 229, 193]
  RequestedRegion: 
    Dimension: 3
    Index: [0, 0, 0]
    Size: [193, 229, 193]
  Spacing: [1, 1, 1]
  Origin: [96, 132, -78]
  Direction: 
-1 0 0
0 -1 0
0 0 1

  IndexToPointMatrix: 
-1 0 0
0 -1 0
0 0 1

  PointToIndexMatrix: 
-1 0 0
0 -1 0
0 0 1

  Inverse Direction: 
-1 0 0
0 -1 0
0 0 1

  PixelContainer: 
    ImportImageContainer (0x4f93930)
      RTTI typeinfo:   itk::ImportImageContainer<unsigned long, double>
      Reference Count: 1
      Modified Time: 1938
      Debug: Off
      Object Name: 
      Observers: 
        none
      Pointer: 0x1550e6e9b010
      Container manages memory: true
      Size: 8530021
      Capacity: 8530021

     Moving image = Image (0x4f45bd0)
  RTTI typeinfo:   itk::Image<double, 3u>
  Reference Count: 2
  Modified Time: 2331
  Debug: Off
  Object Name: 
  Observers: 
    none
  Source: (none)
  Source output name: (none)
  Release Data: Off
  Data Released: False
  Global Release Data: Off
  PipelineMTime: 0
  UpdateMTime: 2328
  RealTimeStamp: 0 seconds 
  LargestPossibleRegion: 
    Dimension: 3
    Index: [0, 0, 0]
    Size: [160, 240, 256]
  BufferedRegion: 
    Dimension: 3
    Index: [0, 0, 0]
    Size: [160, 240, 256]
  RequestedRegion: 
    Dimension: 3
    Index: [0, 0, 0]
    Size: [160, 240, 256]
  Spacing: [1, 1, 1]
  Origin: [89.0741, 91.3517, -127]
  Direction: 
-0.99863 -0.052336 0
0.052336 -0.99863 0
0 0 1

  IndexToPointMatrix: 
-0.99863 -0.052336 0
0.052336 -0.99863 0
0 0 1

  PointToIndexMatrix: 
-0.99863 0.052336 0
-0.052336 -0.99863 0
0 0 1

  Inverse Direction: 
-0.99863 0.052336 0
-0.052336 -0.99863 0
0 0 1

  PixelContainer: 
    ImportImageContainer (0x4f6b850)
      RTTI typeinfo:   itk::ImportImageContainer<unsigned long, double>
      Reference Count: 1
      Modified Time: 2325
      Debug: Off
      Object Name: 
      Observers: 
        none
      Pointer: 0x1550e239a010
      Container manages memory: true
      Size: 9830400
      Capacity: 9830400

     Weighting = 1
     Sampling strategy = regular
     Number of bins = 32
     Radius = 4
     Sampling percentage  = 0.25
   Transform = Rigid
     Gradient step = 0.1
     Update field sigma (voxel space) = 0
     Total field sigma (voxel space) = 0
     Update field time sigma = 0
     Total field time sigma  = 0
     Number of time indices = 0
     Number of time point samples = 0
Registration using 1 total stages.

Stage 0
  iterations = 0
  convergence threshold = 1e-06
  convergence window size = 10
  number of levels = 1
  using the Mattes MI metric (number of bins = 32, weight = 1, use gradient filter = 0)
  preprocessing:  winsorizing the image intensities
  Shrink factors (level 1 out of 1): [1, 1, 1]
  smoothing sigmas per level: [0]
  regular sampling (percentage = 0.25)

*** Running Euler3DTransform registration ***

  Elapsed time (stage 0): 1.14836


Total elapsed time: 1.15075
Info [verificarlo]: loaded backend libinterflop_vprec.so
Info [interflop-vprec]: load backend with: 
Info [interflop-vprec]: precision-binary32 = 8
Info [interflop-vprec]: range-binary32 = 7
Info [interflop-vprec]: precision-binary64 = 8
Info [interflop-vprec]: range-binary64 = 7
Info [interflop-vprec]: mode = ob
Info [interflop-vprec]: error-mode = rel
Info [interflop-vprec]: max-abs-error-exponent = -1022
Info [interflop-vprec]: daz = false
Info [interflop-vprec]: ftz = false
Info [interflop-vprec]: 	instrument = none
Info [interflop-vprec]: 	prec-input-file = (null)
Info [interflop-vprec]: 	prec-output-file = (null)
Info [interflop-vprec]: 	prec-log-file = (null)
All_Command_lines_OK
Using double precision for computations.
=============================================================================
The composite transform comprises the following transforms (in order): 
  1. /home/mdugre/scratch/mri-registration-rp/datasets/ds004513/derivatives/mri-registration-rp/0110/antsRegistration-r7-p8/sub-s028/align_Composite.h5[0] (type = Euler3DTransform)
  2. /home/mdugre/scratch/mri-registration-rp/datasets/ds004513/derivatives/mri-registration-rp/0110/antsRegistration-r7-p8/sub-s028/align_Composite.h5[1] (type = Euler3DTransform)
=============================================================================
  number of levels = 4
  fixed image: /templateflow/tpl-MNI152NLin2009cAsym/tpl-MNI152NLin2009cAsym_res-01_desc-brain_T1w.nii.gz
  moving image: /home/mdugre/scratch/mri-registration-rp/datasets/ds004513/derivatives/mri-registration-rp/antsBrainExtraction/sub-s028/BrainExtractionBrain.nii.gz
Dimension = 3
Number of stages = 1
Use histogram matching = false
Winsorize image intensities = true
  Lower quantile = 0.005
  Upper quantile = 0.995


Stage 1 State
   Image metric = MattesMI
     Fixed image = Image (0x42c51e0)
  RTTI typeinfo:   itk::Image<double, 3u>
  Reference Count: 2
  Modified Time: 1578
  Debug: Off
  Object Name: 
  Observers: 
    none
  Source: (none)
  Source output name: (none)
  Release Data: Off
  Data Released: False
  Global Release Data: Off
  PipelineMTime: 0
  UpdateMTime: 1189
  RealTimeStamp: 0 seconds 
  LargestPossibleRegion: 
    Dimension: 3
    Index: [0, 0, 0]
    Size: [193, 229, 193]
  BufferedRegion: 
    Dimension: 3
    Index: [0, 0, 0]
    Size: [193, 229, 193]
  RequestedRegion: 
    Dimension: 3
    Index: [0, 0, 0]
    Size: [193, 229, 193]
  Spacing: [1, 1, 1]
  Origin: [96, 132, -78]
  Direction: 
-1 0 0
0 -1 0
0 0 1

  IndexToPointMatrix: 
-1 0 0
0 -1 0
0 0 1

  PointToIndexMatrix: 
-1 0 0
0 -1 0
0 0 1

  Inverse Direction: 
-1 0 0
0 -1 0
0 0 1

  PixelContainer: 
    ImportImageContainer (0x4384680)
      RTTI typeinfo:   itk::ImportImageContainer<unsigned long, double>
      Reference Count: 1
      Modified Time: 1186
      Debug: Off
      Object Name: 
      Observers: 
        none
      Pointer: 0x14b14391a010
      Container manages memory: true
      Size: 8530021
      Capacity: 8530021

     Moving image = Image (0x4380b20)
  RTTI typeinfo:   itk::Image<double, 3u>
  Reference Count: 2
  Modified Time: 1579
  Debug: Off
  Object Name: 
  Observers: 
    none
  Source: (none)
  Source output name: (none)
  Release Data: Off
  Data Released: False
  Global Release Data: Off
  PipelineMTime: 0
  UpdateMTime: 1576
  RealTimeStamp: 0 seconds 
  LargestPossibleRegion: 
    Dimension: 3
    Index: [0, 0, 0]
    Size: [160, 240, 256]
  BufferedRegion: 
    Dimension: 3
    Index: [0, 0, 0]
    Size: [160, 240, 256]
  RequestedRegion: 
    Dimension: 3
    Index: [0, 0, 0]
    Size: [160, 240, 256]
  Spacing: [1, 1, 1]
  Origin: [89, 91.25, -127]
  Direction: 
-0.998047 -0.0522461 0
0.0522461 -0.998047 0
0 0 1

  IndexToPointMatrix: 
-0.998047 -0.0522461 0
0.0522461 -0.998047 0
0 0 1

  PointToIndexMatrix: 
-1 0.0522461 0
-0.0522461 -0.998047 0
0 0 1

  Inverse Direction: 
-1 0.0522461 0
-0.0522461 -0.998047 0
0 0 1

  PixelContainer: 
    ImportImageContainer (0x43e9d50)
      RTTI typeinfo:   itk::ImportImageContainer<unsigned long, double>
      Reference Count: 1
      Modified Time: 1573
      Debug: Off
      Object Name: 
      Observers: 
        none
      Pointer: 0x14b13ee19010
      Container manages memory: true
      Size: 9830400
      Capacity: 9830400

     Weighting = 1
     Sampling strategy = regular
     Number of bins = 32
     Radius = 4
     Sampling percentage  = 0.25
   Transform = Rigid
     Gradient step = 0.1
     Update field sigma (voxel space) = 0
     Total field sigma (voxel space) = 0
     Update field time sigma = 0
     Total field time sigma  = 0
     Number of time indices = 0
     Number of time point samples = 0
Registration using 1 total stages.

Stage 0
  iterations = 1000x500x250x100
  convergence threshold = 1e-06
  convergence window size = 10
  number of levels = 4
  using the Mattes MI metric (number of bins = 32, weight = 1, use gradient filter = 0)
  preprocessing:  winsorizing the image intensities
  Shrink factors (level 1 out of 4): [8, 8, 8]
  Shrink factors (level 2 out of 4): [4, 4, 4]
  Shrink factors (level 3 out of 4): [2, 2, 2]
  Shrink factors (level 4 out of 4): [1, 1, 1]
  smoothing sigmas per level: [3, 2, 1, 0]
  regular sampling (percentage = 0.25)

*** Running Euler3DTransform registration ***

DIAGNOSTIC,Iteration,metricValue,convergenceValue,ITERATION_TIME_INDEX,SINCE_LAST
 2DIAGNOSTIC,     1, -6.021770144373e-01, 1.797693134862e+308, 0.0000e+00, 0.0000e+00, 
 2DIAGNOSTIC,     2, -6.021447458358e-01, 1.797693134862e+308, 0.0000e+00, 0.0000e+00, 
 2DIAGNOSTIC,     3, -6.022136333541e-01, 1.797693134862e+308, 0.0000e+00, 0.0000e+00, 
 2DIAGNOSTIC,     4, -6.022422260245e-01, 1.797693134862e+308, 0.0000e+00, 0.0000e+00, 
 2DIAGNOSTIC,     5, -6.023972713378e-01, 1.797693134862e+308, 0.0000e+00, 0.0000e+00, 
 2DIAGNOSTIC,     6, -6.026922035875e-01, 1.797693134862e+308, 0.0000e+00, 0.0000e+00, 
 2DIAGNOSTIC,     7, -6.026994274631e-01, 1.797693134862e+308, 0.0000e+00, 0.0000e+00, 
 2DIAGNOSTIC,     8, -6.026705295826e-01, 1.797693134862e+308, 0.0000e+00, 0.0000e+00, 
 2DIAGNOSTIC,     9, -6.026469081749e-01, 1.797693134862e+308, 0.0000e+00, 0.0000e+00, 
 2DIAGNOSTIC,    10, -6.025903671188e-01, 6.771950081359e-05, 0.0000e+00, 0.0000e+00, 
 2DIAGNOSTIC,    11, -6.025903653482e-01, 5.096290194262e-05, 0.0000e+00, 0.0000e+00, 
 2DIAGNOSTIC,    12, -6.026089116400e-01, 3.183124196673e-05, 0.0000e+00, 0.0000e+00, 
 2DIAGNOSTIC,    13, -6.025557628584e-01, 1.351711566153e-05, 0.0000e+00, 0.0000e+00, 
DIAGNOSTIC,Iteration,metricValue,convergenceValue,ITERATION_TIME_INDEX,SINCE_LAST
 2DIAGNOSTIC,     1, -4.823804939198e-01, 1.797693134862e+308, 0.0000e+00, 0.0000e+00, 
 2DIAGNOSTIC,     2, -4.824197573722e-01, 1.797693134862e+308, 0.0000e+00, 0.0000e+00, 
 2DIAGNOSTIC,     3, -4.832199630784e-01, 1.797693134862e+308, 0.0000e+00, 0.0000e+00, 
 2DIAGNOSTIC,     4, -4.840326837559e-01, 1.797693134862e+308, 0.0000e+00, 0.0000e+00, 
 2DIAGNOSTIC,     5, -4.855992876696e-01, 1.797693134862e+308, 0.0000e+00, 0.0000e+00, 
 2DIAGNOSTIC,     6, -4.873869383085e-01, 1.797693134862e+308, 0.0000e+00, 0.0000e+00, 
 2DIAGNOSTIC,     7, -4.905857641893e-01, 1.797693134862e+308, 0.0000e+00, 0.0000e+00, 
 2DIAGNOSTIC,     8, -4.952058088022e-01, 1.797693134862e+308, 0.0000e+00, 0.0000e+00, 
 2DIAGNOSTIC,     9, -5.033858214227e-01, 1.797693134862e+308, 0.0000e+00, 0.0000e+00, 
 2DIAGNOSTIC,    10, -5.162849358653e-01, 3.706160589715e-03, 0.0000e+00, 0.0000e+00, 
 2DIAGNOSTIC,    11, -5.362189256347e-01, 5.288711614633e-03, 0.0000e+00, 0.0000e+00, 
 2DIAGNOSTIC,    12, -5.587474144848e-01, 7.145869495371e-03, 0.0000e+00, 0.0000e+00, 
 2DIAGNOSTIC,    13, -5.736771436557e-01, 8.696202196997e-03, 0.0000e+00, 0.0000e+00, 
 2DIAGNOSTIC,    14, -5.762809812201e-01, 9.347352739167e-03, 0.0000e+00, 0.0000e+00, 
 2DIAGNOSTIC,    15, -5.773555090735e-01, 9.158878558568e-03, 0.0000e+00, 0.0000e+00, 
 2DIAGNOSTIC,    16, -5.766268090029e-01, 8.195852403464e-03, 0.0000e+00, 0.0000e+00, 
 2DIAGNOSTIC,    17, -5.769334564930e-01, 6.712350450050e-03, 0.0000e+00, 0.0000e+00, 
 2DIAGNOSTIC,    18, -5.766159306300e-01, 4.919818844058e-03, 0.0000e+00, 0.0000e+00, 
 2DIAGNOSTIC,    19, -5.785063542567e-01, 3.167705012152e-03, 0.0000e+00, 0.0000e+00, 
 2DIAGNOSTIC,    20, -5.785506071497e-01, 1.656315497813e-03, 0.0000e+00, 0.0000e+00, 
 2DIAGNOSTIC,    21, -5.786308819505e-01, 6.453950040217e-04, 0.0000e+00, 0.0000e+00, 
 2DIAGNOSTIC,    22, -5.786272655685e-01, 2.093019626700e-04, 0.0000e+00, 0.0000e+00, 
 2DIAGNOSTIC,    23, -5.786047834416e-01, 1.359599642379e-04, 0.0000e+00, 0.0000e+00, 
 2DIAGNOSTIC,    24, -5.785630467342e-01, 1.115145753761e-04, 0.0000e+00, 0.0000e+00, 
 2DIAGNOSTIC,    25, -5.785597839326e-01, 1.015017684732e-04, 0.0000e+00, 0.0000e+00, 
 2DIAGNOSTIC,    26, -5.785391813102e-01, 6.798582562033e-05, 0.0000e+00, 0.0000e+00, 
 2DIAGNOSTIC,    27, -5.785457245704e-01, 3.741718220372e-05, 0.0000e+00, 0.0000e+00, 
DIAGNOSTIC,Iteration,metricValue,convergenceValue,ITERATION_TIME_INDEX,SINCE_LAST
 2DIAGNOSTIC,     1, -5.072386603836e-01, 1.797693134862e+308, 0.0000e+00, 0.0000e+00, 
 2DIAGNOSTIC,     2, -5.072277049295e-01, 1.797693134862e+308, 0.0000e+00, 0.0000e+00, 
 2DIAGNOSTIC,     3, -5.072546297983e-01, 1.797693134862e+308, 0.0000e+00, 0.0000e+00, 
 2DIAGNOSTIC,     4, -5.073184944102e-01, 1.797693134862e+308, 0.0000e+00, 0.0000e+00, 
 2DIAGNOSTIC,     5, -5.073665353410e-01, 1.797693134862e+308, 0.0000e+00, 0.0000e+00, 
 2DIAGNOSTIC,     6, -5.074177707008e-01, 1.797693134862e+308, 0.0000e+00, 0.0000e+00, 
 2DIAGNOSTIC,     7, -5.074169978029e-01, 1.797693134862e+308, 0.0000e+00, 0.0000e+00, 
 2DIAGNOSTIC,     8, -5.074143313025e-01, 1.797693134862e+308, 0.0000e+00, 0.0000e+00, 
 2DIAGNOSTIC,     9, -5.073996184921e-01, 1.797693134862e+308, 0.0000e+00, 0.0000e+00, 
 2DIAGNOSTIC,    10, -5.073821963875e-01, 2.579774267919e-05, 0.0000e+00, 0.0000e+00, 
 2DIAGNOSTIC,    11, -5.073820384946e-01, 1.757711329335e-05, 0.0000e+00, 0.0000e+00, 
 2DIAGNOSTIC,    12, -5.073956932042e-01, 9.281801811895e-06, 0.0000e+00, 0.0000e+00, 
 2DIAGNOSTIC,    13, -5.073851722652e-01, 2.088442128151e-06, 0.0000e+00, 0.0000e+00, 
DIAGNOSTIC,Iteration,metricValue,convergenceValue,ITERATION_TIME_INDEX,SINCE_LAST
 2DIAGNOSTIC,     1, -4.680817427269e-01, 1.797693134862e+308, 0.0000e+00, 0.0000e+00, 
 2DIAGNOSTIC,     2, -4.680927793872e-01, 1.797693134862e+308, 0.0000e+00, 0.0000e+00, 
 2DIAGNOSTIC,     3, -4.681001772763e-01, 1.797693134862e+308, 0.0000e+00, 0.0000e+00, 
 2DIAGNOSTIC,     4, -4.680879836398e-01, 1.797693134862e+308, 0.0000e+00, 0.0000e+00, 
 2DIAGNOSTIC,     5, -4.680691967181e-01, 1.797693134862e+308, 0.0000e+00, 0.0000e+00, 
 2DIAGNOSTIC,     6, -4.680749776534e-01, 1.797693134862e+308, 0.0000e+00, 0.0000e+00, 
 2DIAGNOSTIC,     7, -4.680837868603e-01, 1.797693134862e+308, 0.0000e+00, 0.0000e+00, 
 2DIAGNOSTIC,     8, -4.680889628926e-01, 1.797693134862e+308, 0.0000e+00, 0.0000e+00, 
 2DIAGNOSTIC,     9, -4.680792262545e-01, 1.797693134862e+308, 0.0000e+00, 0.0000e+00, 
  Elapsed time (stage 0): 0.0000e+00


Total elapsed time: 0.0000e+00
Info [verificarlo]: loaded backend libinterflop_vprec.so
Info [interflop-vprec]: load backend with: 
Info [interflop-vprec]: precision-binary32 = 8
Info [interflop-vprec]: range-binary32 = 7
Info [interflop-vprec]: precision-binary64 = 8
Info [interflop-vprec]: range-binary64 = 7
Info [interflop-vprec]: mode = ob
Info [interflop-vprec]: error-mode = rel
Info [interflop-vprec]: max-abs-error-exponent = -1022
Info [interflop-vprec]: daz = false
Info [interflop-vprec]: ftz = false
Info [interflop-vprec]: 	instrument = none
Info [interflop-vprec]: 	prec-input-file = (null)
Info [interflop-vprec]: 	prec-output-file = (null)
Info [interflop-vprec]: 	prec-log-file = (null)
All_Command_lines_OK
Using double precision for computations.
=============================================================================
The composite transform comprises the following transforms (in order): 
  1. /home/mdugre/scratch/mri-registration-rp/datasets/ds004513/derivatives/mri-registration-rp/0110/antsRegistration-r7-p8/sub-s028/rigid_Composite.h5[0] (type = Euler3DTransform)
  2. /home/mdugre/scratch/mri-registration-rp/datasets/ds004513/derivatives/mri-registration-rp/0110/antsRegistration-r7-p8/sub-s028/rigid_Composite.h5[1] (type = Euler3DTransform)
  3. /home/mdugre/scratch/mri-registration-rp/datasets/ds004513/derivatives/mri-registration-rp/0110/antsRegistration-r7-p8/sub-s028/rigid_Composite.h5[2] (type = Euler3DTransform)
=============================================================================
  number of levels = 4
  fixed image: /templateflow/tpl-MNI152NLin2009cAsym/tpl-MNI152NLin2009cAsym_res-01_desc-brain_T1w.nii.gz
  moving image: /home/mdugre/scratch/mri-registration-rp/datasets/ds004513/derivatives/mri-registration-rp/antsBrainExtraction/sub-s028/BrainExtractionBrain.nii.gz
Dimension = 3
Number of stages = 1
Use histogram matching = false
Winsorize image intensities = true
  Lower quantile = 0.005
  Upper quantile = 0.995


Stage 1 State
   Image metric = MattesMI
     Fixed image = Image (0x48711e0)
  RTTI typeinfo:   itk::Image<double, 3u>
  Reference Count: 2
  Modified Time: 1592
  Debug: Off
  Object Name: 
  Observers: 
    none
  Source: (none)
  Source output name: (none)
  Release Data: Off
  Data Released: False
  Global Release Data: Off
  PipelineMTime: 0
  UpdateMTime: 1203
  RealTimeStamp: 0 seconds 
  LargestPossibleRegion: 
    Dimension: 3
    Index: [0, 0, 0]
    Size: [193, 229, 193]
  BufferedRegion: 
    Dimension: 3
    Index: [0, 0, 0]
    Size: [193, 229, 193]
  RequestedRegion: 
    Dimension: 3
    Index: [0, 0, 0]
    Size: [193, 229, 193]
  Spacing: [1, 1, 1]
  Origin: [96, 132, -78]
  Direction: 
-1 0 0
0 -1 0
0 0 1

  IndexToPointMatrix: 
-1 0 0
0 -1 0
0 0 1

  PointToIndexMatrix: 
-1 0 0
0 -1 0
0 0 1

  Inverse Direction: 
-1 0 0
0 -1 0
0 0 1

  PixelContainer: 
    ImportImageContainer (0x493f440)
      RTTI typeinfo:   itk::ImportImageContainer<unsigned long, double>
      Reference Count: 1
      Modified Time: 1200
      Debug: Off
      Object Name: 
      Observers: 
        none
      Pointer: 0x14f9b3c84010
      Container manages memory: true
      Size: 8530021
      Capacity: 8530021

     Moving image = Image (0x492c9b0)
  RTTI typeinfo:   itk::Image<double, 3u>
  Reference Count: 2
  Modified Time: 1593
  Debug: Off
  Object Name: 
  Observers: 
    none
  Source: (none)
  Source output name: (none)
  Release Data: Off
  Data Released: False
  Global Release Data: Off
  PipelineMTime: 0
  UpdateMTime: 1590
  RealTimeStamp: 0 seconds 
  LargestPossibleRegion: 
    Dimension: 3
    Index: [0, 0, 0]
    Size: [160, 240, 256]
  BufferedRegion: 
    Dimension: 3
    Index: [0, 0, 0]
    Size: [160, 240, 256]
  RequestedRegion: 
    Dimension: 3
    Index: [0, 0, 0]
    Size: [160, 240, 256]
  Spacing: [1, 1, 1]
  Origin: [89, 91.25, -127]
  Direction: 
-0.998047 -0.0522461 0
0.0522461 -0.998047 0
0 0 1

  IndexToPointMatrix: 
-0.998047 -0.0522461 0
0.0522461 -0.998047 0
0 0 1

  PointToIndexMatrix: 
-1 0.0522461 0
-0.0522461 -0.998047 0
0 0 1

  Inverse Direction: 
-1 0.0522461 0
-0.0522461 -0.998047 0
0 0 1

  PixelContainer: 
    ImportImageContainer (0x48e2710)
      RTTI typeinfo:   itk::ImportImageContainer<unsigned long, double>
      Reference Count: 1
      Modified Time: 1587
      Debug: Off
      Object Name: 
      Observers: 
        none
      Pointer: 0x14f9af183010
      Container manages memory: true
      Size: 9830400
      Capacity: 9830400

     Weighting = 1
     Sampling strategy = regular
     Number of bins = 32
     Radius = 4
     Sampling percentage  = 0.25
   Transform = Affine
     Gradient step = 0.1
     Update field sigma (voxel space) = 0
     Total field sigma (voxel space) = 0
     Update field time sigma = 0
     Total field time sigma  = 0
     Number of time indices = 0
     Number of time point samples = 0
Registration using 1 total stages.

Stage 0
  iterations = 1000x500x250x100
  convergence threshold = 1e-06
  convergence window size = 10
  number of levels = 4
  using the Mattes MI metric (number of bins = 32, weight = 1, use gradient filter = 0)
  preprocessing:  winsorizing the image intensities
  Shrink factors (level 1 out of 4): [8, 8, 8]
  Shrink factors (level 2 out of 4): [4, 4, 4]
  Shrink factors (level 3 out of 4): [2, 2, 2]
  Shrink factors (level 4 out of 4): [1, 1, 1]
  smoothing sigmas per level: [3, 2, 1, 0]
  regular sampling (percentage = 0.25)

*** Running AffineTransform registration ***

DIAGNOSTIC,Iteration,metricValue,convergenceValue,ITERATION_TIME_INDEX,SINCE_LAST
 2DIAGNOSTIC,     1, -7.175679215384e-01, 1.797693134862e+308, 0.0000e+00, 0.0000e+00, 
 2DIAGNOSTIC,     2, -7.176124952802e-01, 1.797693134862e+308, 0.0000e+00, 0.0000e+00, 
 2DIAGNOSTIC,     3, -7.177752055425e-01, 1.797693134862e+308, 0.0000e+00, 0.0000e+00, 
 2DIAGNOSTIC,     4, -7.177909067805e-01, 1.797693134862e+308, 0.0000e+00, 0.0000e+00, 
 2DIAGNOSTIC,     5, -7.179654780184e-01, 1.797693134862e+308, 0.0000e+00, 0.0000e+00, 
 2DIAGNOSTIC,     6, -7.179995341885e-01, 1.797693134862e+308, 0.0000e+00, 0.0000e+00, 
 2DIAGNOSTIC,     7, -7.179757361152e-01, 1.797693134862e+308, 0.0000e+00, 0.0000e+00, 
 2DIAGNOSTIC,     8, -7.179249200560e-01, 1.797693134862e+308, 0.0000e+00, 0.0000e+00, 
 2DIAGNOSTIC,     9, -7.178660459084e-01, 1.797693134862e+308, 0.0000e+00, 0.0000e+00, 
 2DIAGNOSTIC,    10, -7.178659681568e-01, 2.838683594060e-05, 0.0000e+00, 0.0000e+00, 
 2DIAGNOSTIC,    11, -7.178659681568e-01, 1.306521073942e-05, 0.0000e+00, 0.0000e+00, 
DIAGNOSTIC,Iteration,metricValue,convergenceValue,ITERATION_TIME_INDEX,SINCE_LAST
 2DIAGNOSTIC,     1, -5.790299155025e-01, 1.797693134862e+308, 0.0000e+00, 0.0000e+00, 
 2DIAGNOSTIC,     2, -5.808908758323e-01, 1.797693134862e+308, 0.0000e+00, 0.0000e+00, 
 2DIAGNOSTIC,     3, -5.829390010039e-01, 1.797693134862e+308, 0.0000e+00, 0.0000e+00, 
 2DIAGNOSTIC,     4, -5.880818017461e-01, 1.797693134862e+308, 0.0000e+00, 0.0000e+00, 
 2DIAGNOSTIC,     5, -5.933105885979e-01, 1.797693134862e+308, 0.0000e+00, 0.0000e+00, 
 2DIAGNOSTIC,     6, -6.016549997693e-01, 1.797693134862e+308, 0.0000e+00, 0.0000e+00, 
 2DIAGNOSTIC,     7, -6.144233338565e-01, 1.797693134862e+308, 0.0000e+00, 0.0000e+00, 
 2DIAGNOSTIC,     8, -6.300270313808e-01, 1.797693134862e+308, 0.0000e+00, 0.0000e+00, 
 2DIAGNOSTIC,     9, -6.425460173717e-01, 1.797693134862e+308, 0.0000e+00, 0.0000e+00, 
 2DIAGNOSTIC,    10, -6.471916792846e-01, 7.919322752915e-03, 0.0000e+00, 0.0000e+00, 
 2DIAGNOSTIC,    11, -6.495177802181e-01, 7.723963539980e-03, 0.0000e+00, 0.0000e+00, 
 2DIAGNOSTIC,    12, -6.518579667115e-01, 7.033622159673e-03, 0.0000e+00, 0.0000e+00, 
 2DIAGNOSTIC,    13, -6.517447095966e-01, 5.883034994229e-03, 0.0000e+00, 0.0000e+00, 
 2DIAGNOSTIC,    14, -6.516387470558e-01, 4.537011677653e-03, 0.0000e+00, 0.0000e+00, 
 2DIAGNOSTIC,    15, -6.517290978517e-01, 3.130955745483e-03, 0.0000e+00, 0.0000e+00, 
 2DIAGNOSTIC,    16, -6.517547349148e-01, 1.859862199025e-03, 0.0000e+00, 0.0000e+00, 
 2DIAGNOSTIC,    17, -6.517547348336e-01, 9.087082785902e-04, 0.0000e+00, 0.0000e+00, 
 2DIAGNOSTIC,    18, -6.517440019553e-01, 3.703698356850e-04, 0.0000e+00, 0.0000e+00, 
 2DIAGNOSTIC,    19, -6.517376778202e-01, 1.535782569255e-04, 0.0000e+00, 0.0000e+00, 
 2DIAGNOSTIC,    20, -6.517273964841e-01, 4.891574019731e-05, 0.0000e+00, 0.0000e+00, 
DIAGNOSTIC,Iteration,metricValue,convergenceValue,ITERATION_TIME_INDEX,SINCE_LAST
 2DIAGNOSTIC,     1, -5.572601137899e-01, 1.797693134862e+308, 0.0000e+00, 0.0000e+00, 
 2DIAGNOSTIC,     2, -5.572571304487e-01, 1.797693134862e+308, 0.0000e+00, 0.0000e+00, 
 2DIAGNOSTIC,     3, -5.572743390935e-01, 1.797693134862e+308, 0.0000e+00, 0.0000e+00, 
 2DIAGNOSTIC,     4, -5.572588740221e-01, 1.797693134862e+308, 0.0000e+00, 0.0000e+00, 
 2DIAGNOSTIC,     5, -5.572555790170e-01, 1.797693134862e+308, 0.0000e+00, 0.0000e+00, 
 2DIAGNOSTIC,     6, -5.572443397571e-01, 1.797693134862e+308, 0.0000e+00, 0.0000e+00, 
 2DIAGNOSTIC,     7, -5.572417297849e-01, 1.797693134862e+308, 0.0000e+00, 0.0000e+00, 
 2DIAGNOSTIC,     8, -5.572538552574e-01, 1.797693134862e+308, 0.0000e+00, 0.0000e+00, 
 2DIAGNOSTIC,     9, -5.572615971642e-01, 1.797693134862e+308, 0.0000e+00, 0.0000e+00, 
DIAGNOSTIC,Iteration,metricValue,convergenceValue,ITERATION_TIME_INDEX,SINCE_LAST
 2DIAGNOSTIC,     1, -5.057161841890e-01, 1.797693134862e+308, 0.0000e+00, 0.0000e+00, 
 2DIAGNOSTIC,     2, -5.066263010041e-01, 1.797693134862e+308, 0.0000e+00, 0.0000e+00, 
 2DIAGNOSTIC,     3, -5.074148717784e-01, 1.797693134862e+308, 0.0000e+00, 0.0000e+00, 
 2DIAGNOSTIC,     4, -5.082234928709e-01, 1.797693134862e+308, 0.0000e+00, 0.0000e+00, 
 2DIAGNOSTIC,     5, -5.089253143388e-01, 1.797693134862e+308, 0.0000e+00, 0.0000e+00, 
 2DIAGNOSTIC,     6, -5.089074884853e-01, 1.797693134862e+308, 0.0000e+00, 0.0000e+00, 
 2DIAGNOSTIC,     7, -5.089138072420e-01, 1.797693134862e+308, 0.0000e+00, 0.0000e+00, 
 2DIAGNOSTIC,     8, -5.089154841651e-01, 1.797693134862e+308, 0.0000e+00, 0.0000e+00, 
 2DIAGNOSTIC,     9, -5.089154841651e-01, 1.797693134862e+308, 0.0000e+00, 0.0000e+00, 
 2DIAGNOSTIC,    10, -5.089097264236e-01, 3.675122982925e-04, 0.0000e+00, 0.0000e+00, 
 2DIAGNOSTIC,    11, -5.089097264236e-01, 2.071574129868e-04, 0.0000e+00, 0.0000e+00, 
 2DIAGNOSTIC,    12, -5.089097264236e-01, 9.734740837110e-05, 0.0000e+00, 0.0000e+00, 
 2DIAGNOSTIC,    13, -5.089097264236e-01, 2.894094499643e-05, 0.0000e+00, 0.0000e+00, 
  Elapsed time (stage 0): 0.0000e+00


Total elapsed time: 0.0000e+00
Info [verificarlo]: loaded backend libinterflop_ieee.so
Info [interflop-ieee]: load backend with:
Info [interflop-ieee]: debug = false
Info [interflop-ieee]: debug-binary = false
Info [interflop-ieee]: no-backend-name = false
Info [interflop-ieee]: print-new-line = false
Info [interflop-ieee]: print-subnormal-normalized = false
Info [interflop-ieee]: count-op = false
All_Command_lines_OK
Using double precision for computations.
=============================================================================
The composite transform comprises the following transforms (in order): 
  1. /home/mdugre/scratch/mri-registration-rp/datasets/ds004513/derivatives/mri-registration-rp/0110/antsRegistration-r7-p8/sub-s028/affine_Composite.h5[0] (type = Euler3DTransform)
  2. /home/mdugre/scratch/mri-registration-rp/datasets/ds004513/derivatives/mri-registration-rp/0110/antsRegistration-r7-p8/sub-s028/affine_Composite.h5[1] (type = Euler3DTransform)
  3. /home/mdugre/scratch/mri-registration-rp/datasets/ds004513/derivatives/mri-registration-rp/0110/antsRegistration-r7-p8/sub-s028/affine_Composite.h5[2] (type = Euler3DTransform)
  4. /home/mdugre/scratch/mri-registration-rp/datasets/ds004513/derivatives/mri-registration-rp/0110/antsRegistration-r7-p8/sub-s028/affine_Composite.h5[3] (type = AffineTransform)
=============================================================================
  number of levels = 4
  fixed image: /templateflow/tpl-MNI152NLin2009cAsym/tpl-MNI152NLin2009cAsym_res-01_desc-brain_T1w.nii.gz
  moving image: /home/mdugre/scratch/mri-registration-rp/datasets/ds004513/derivatives/mri-registration-rp/antsBrainExtraction/sub-s028/BrainExtractionBrain.nii.gz
Dimension = 3
Number of stages = 1
Use histogram matching = false
Winsorize image intensities = true
  Lower quantile = 0.005
  Upper quantile = 0.995


Stage 1 State
   Image metric = CC
     Fixed image = Image (0x4ab3a40)
  RTTI typeinfo:   itk::Image<double, 3u>
  Reference Count: 2
  Modified Time: 1606
  Debug: Off
  Object Name: 
  Observers: 
    none
  Source: (none)
  Source output name: (none)
  Release Data: Off
  Data Released: False
  Global Release Data: Off
  PipelineMTime: 0
  UpdateMTime: 1217
  RealTimeStamp: 0 seconds 
  LargestPossibleRegion: 
    Dimension: 3
    Index: [0, 0, 0]
    Size: [193, 229, 193]
  BufferedRegion: 
    Dimension: 3
    Index: [0, 0, 0]
    Size: [193, 229, 193]
  RequestedRegion: 
    Dimension: 3
    Index: [0, 0, 0]
    Size: [193, 229, 193]
  Spacing: [1, 1, 1]
  Origin: [96, 132, -78]
  Direction: 
-1 0 0
0 -1 0
0 0 1

  IndexToPointMatrix: 
-1 0 0
0 -1 0
0 0 1

  PointToIndexMatrix: 
-1 0 0
0 -1 0
0 0 1

  Inverse Direction: 
-1 0 0
0 -1 0
0 0 1

  PixelContainer: 
    ImportImageContainer (0x4b8b410)
      RTTI typeinfo:   itk::ImportImageContainer<unsigned long, double>
      Reference Count: 1
      Modified Time: 1214
      Debug: Off
      Object Name: 
      Observers: 
        none
      Pointer: 0x1483bc01b010
      Container manages memory: true
      Size: 8530021
      Capacity: 8530021

     Moving image = Image (0x4b6f520)
  RTTI typeinfo:   itk::Image<double, 3u>
  Reference Count: 2
  Modified Time: 1607
  Debug: Off
  Object Name: 
  Observers: 
    none
  Source: (none)
  Source output name: (none)
  Release Data: Off
  Data Released: False
  Global Release Data: Off
  PipelineMTime: 0
  UpdateMTime: 1604
  RealTimeStamp: 0 seconds 
  LargestPossibleRegion: 
    Dimension: 3
    Index: [0, 0, 0]
    Size: [160, 240, 256]
  BufferedRegion: 
    Dimension: 3
    Index: [0, 0, 0]
    Size: [160, 240, 256]
  RequestedRegion: 
    Dimension: 3
    Index: [0, 0, 0]
    Size: [160, 240, 256]
  Spacing: [1, 1, 1]
  Origin: [89.0741, 91.3517, -127]
  Direction: 
-0.99863 -0.052336 0
0.052336 -0.99863 0
0 0 1

  IndexToPointMatrix: 
-0.99863 -0.052336 0
0.052336 -0.99863 0
0 0 1

  PointToIndexMatrix: 
-0.99863 0.052336 0
-0.052336 -0.99863 0
0 0 1

  Inverse Direction: 
-0.99863 0.052336 0
-0.052336 -0.99863 0
0 0 1

  PixelContainer: 
    ImportImageContainer (0x4b920d0)
      RTTI typeinfo:   itk::ImportImageContainer<unsigned long, double>
      Reference Count: 1
      Modified Time: 1601
      Debug: Off
      Object Name: 
      Observers: 
        none
      Pointer: 0x1483b751a010
      Container manages memory: true
      Size: 9830400
      Capacity: 9830400

     Weighting = 1
     Sampling strategy = none
     Number of bins = 32
     Radius = 4
     Sampling percentage  = 1
   Transform = SyN
     Gradient step = 0.1
     Update field sigma (voxel space) = 3
     Total field sigma (voxel space) = 0
     Update field time sigma = 0
     Total field time sigma  = 0
     Number of time indices = 0
     Number of time point samples = 0
Registration using 1 total stages.

Stage 0
  iterations = 100x70x50x20
  convergence threshold = 1e-06
  convergence window size = 10
  number of levels = 4
  using the CC metric (radius = 4, weight = 1, use gradient filter = 0)
  preprocessing:  winsorizing the image intensities
  Shrink factors (level 1 out of 4): [8, 8, 8]
  Shrink factors (level 2 out of 4): [4, 4, 4]
  Shrink factors (level 3 out of 4): [2, 2, 2]
  Shrink factors (level 4 out of 4): [1, 1, 1]
  smoothing sigmas per level: [3, 2, 1, 0]
  Using default NONE metricSamplingStrategy 

*** Running SyN registration (varianceForUpdateField = 3, varianceForTotalField = 0) ***

XXDIAGNOSTIC,Iteration,metricValue,convergenceValue,ITERATION_TIME_INDEX,SINCE_LAST
 1DIAGNOSTIC,     1, -8.679496129162e-01, 1.797693134862e+308, 9.9519e-01, 9.9519e-01, 
 1DIAGNOSTIC,     2, -8.786893917416e-01, 1.797693134862e+308, 1.3534e+00, 3.5823e-01, 
 1DIAGNOSTIC,     3, -8.884811411391e-01, 1.797693134862e+308, 1.7031e+00, 3.4971e-01, 
 1DIAGNOSTIC,     4, -8.963897373393e-01, 1.797693134862e+308, 2.0248e+00, 3.2164e-01, 
 1DIAGNOSTIC,     5, -9.030775531869e-01, 1.797693134862e+308, 2.3473e+00, 3.2253e-01, 
 1DIAGNOSTIC,     6, -9.089982834890e-01, 1.797693134862e+308, 2.6808e+00, 3.3349e-01, 
 1DIAGNOSTIC,     7, -9.139465507120e-01, 1.797693134862e+308, 3.0191e+00, 3.3835e-01, 
 1DIAGNOSTIC,     8, -9.174737987004e-01, 1.797693134862e+308, 3.3417e+00, 3.2258e-01, 
 1DIAGNOSTIC,     9, -9.204981145420e-01, 1.797693134862e+308, 3.6658e+00, 3.2405e-01, 
 1DIAGNOSTIC,    10, -9.231771415276e-01, 3.825218797225e-03, 3.9978e+00, 3.3199e-01, 
 1DIAGNOSTIC,    11, -9.255438389831e-01, 2.907541208614e-03, 4.3354e+00, 3.3768e-01, 
 1DIAGNOSTIC,    12, -9.276502817358e-01, 2.216930599966e-03, 4.6624e+00, 3.2699e-01, 
 1DIAGNOSTIC,    13, -9.295293969591e-01, 1.713124648279e-03, 5.0010e+00, 3.3861e-01, 
 1DIAGNOSTIC,    14, -9.311343907578e-01, 1.337676137741e-03, 5.3273e+00, 3.2625e-01, 
 1DIAGNOSTIC,    15, -9.328612284471e-01, 1.064348510090e-03, 5.6904e+00, 3.6314e-01, 
 1DIAGNOSTIC,    16, -9.342688123064e-01, 8.691925019819e-04, 6.0228e+00, 3.3235e-01, 
 1DIAGNOSTIC,    17, -9.356358906377e-01, 7.320681492792e-04, 6.3557e+00, 3.3287e-01, 
 1DIAGNOSTIC,    18, -9.370253094391e-01, 6.269863316860e-04, 6.6861e+00, 3.3049e-01, 
 1DIAGNOSTIC,    19, -9.384071806654e-01, 5.463464819109e-04, 7.0173e+00, 3.3117e-01, 
 1DIAGNOSTIC,    20, -9.397043341909e-01, 4.841401153429e-04, 7.3521e+00, 3.3481e-01, 
 1DIAGNOSTIC,    21, -9.409901606357e-01, 4.362212724882e-04, 7.6881e+00, 3.3603e-01, 
 1DIAGNOSTIC,    22, -9.421462806724e-01, 3.974843958329e-04, 8.0364e+00, 3.4823e-01, 
 1DIAGNOSTIC,    23, -9.433093824575e-01, 3.655572619957e-04, 8.3684e+00, 3.3205e-01, 
 1DIAGNOSTIC,    24, -9.444243236117e-01, 3.366425625447e-04, 8.7003e+00, 3.3185e-01, 
 1DIAGNOSTIC,    25, -9.454711269407e-01, 3.124074020525e-04, 9.0261e+00, 3.2588e-01, 
 1DIAGNOSTIC,    26, -9.464110394627e-01, 2.882855082091e-04, 9.3509e+00, 3.2476e-01, 
 1DIAGNOSTIC,    27, -9.472184935301e-01, 2.634277096039e-04, 9.6828e+00, 3.3188e-01, 
 1DIAGNOSTIC,    28, -9.478808331407e-01, 2.378937393330e-04, 1.0015e+01, 3.3196e-01, 
 1DIAGNOSTIC,    29, -9.484972471454e-01, 2.127131661604e-04, 1.0346e+01, 3.3171e-01, 
 1DIAGNOSTIC,    30, -9.489467785294e-01, 1.868460275581e-04, 1.0686e+01, 3.3961e-01, 
 1DIAGNOSTIC,    31, -9.493132560145e-01, 1.612626961915e-04, 1.1026e+01, 3.4022e-01, 
 1DIAGNOSTIC,    32, -9.496095249370e-01, 1.358715811644e-04, 1.1368e+01, 3.4156e-01, 
 1DIAGNOSTIC,    33, -9.498491966232e-01, 1.121159130688e-04, 1.1702e+01, 3.3421e-01, 
 1DIAGNOSTIC,    34, -9.500450374676e-01, 9.087494201142e-05, 1.2037e+01, 3.3521e-01, 
 1DIAGNOSTIC,    35, -9.502025902202e-01, 7.271286768692e-05, 1.2362e+01, 3.2463e-01, 
 1DIAGNOSTIC,    36, -9.503320037344e-01, 5.772417482031e-05, 1.2686e+01, 3.2438e-01, 
 1DIAGNOSTIC,    37, -9.504393181872e-01, 4.561948173831e-05, 1.3010e+01, 3.2408e-01, 
 1DIAGNOSTIC,    38, -9.505284881365e-01, 3.584883630132e-05, 1.3340e+01, 3.2930e-01, 
 1DIAGNOSTIC,    39, -9.506058848855e-01, 2.861987695587e-05, 1.3667e+01, 3.2765e-01, 
 1DIAGNOSTIC,    40, -9.506688732056e-01, 2.296682806760e-05, 1.3991e+01, 3.2378e-01, 
 1DIAGNOSTIC,    41, -9.507195749346e-01, 1.854324389928e-05, 1.4331e+01, 3.3946e-01, 
 1DIAGNOSTIC,    42, -9.507606645380e-01, 1.505612721779e-05, 1.4667e+01, 3.3683e-01, 
 1DIAGNOSTIC,    43, -9.507924413813e-01, 1.226730159832e-05, 1.5006e+01, 3.3870e-01, 
 1DIAGNOSTIC,    44, -9.508173518213e-01, 1.001489295152e-05, 1.5358e+01, 3.5199e-01, 
 1DIAGNOSTIC,    45, -9.508340207662e-01, 8.139761879997e-06, 1.5730e+01, 3.7143e-01, 
 1DIAGNOSTIC,    46, -9.508263750721e-01, 6.431457738230e-06, 1.6060e+01, 3.3027e-01, 
 1DIAGNOSTIC,    47, -9.508300358508e-01, 4.961274588020e-06, 1.6412e+01, 3.5202e-01, 
 1DIAGNOSTIC,    48, -9.508299419691e-01, 3.699365558652e-06, 1.6739e+01, 3.2721e-01, 
 1DIAGNOSTIC,    49, -9.508271254876e-01, 2.654617616570e-06, 1.7065e+01, 3.2605e-01, 
 1DIAGNOSTIC,    50, -9.508236865459e-01, 1.818702857415e-06, 1.7409e+01, 3.4357e-01, 
 1DIAGNOSTIC,    51, -9.508195987605e-01, 1.179375829604e-06, 1.7733e+01, 3.2476e-01, 
 1DIAGNOSTIC,    52, -9.508138810862e-01, 7.169848427989e-07, 1.8059e+01, 3.2606e-01, 
XXDIAGNOSTIC,Iteration,metricValue,convergenceValue,ITERATION_TIME_INDEX,SINCE_LAST
 1DIAGNOSTIC,     1, -8.752044204642e-01, 1.797693134862e+308, 2.0919e+01, 2.8595e+00, 
 1DIAGNOSTIC,     2, -8.787841672674e-01, 1.797693134862e+308, 2.3112e+01, 2.1930e+00, 
 1DIAGNOSTIC,     3, -8.834014451263e-01, 1.797693134862e+308, 2.5271e+01, 2.1589e+00, 
 1DIAGNOSTIC,     4, -8.877746598400e-01, 1.797693134862e+308, 2.7419e+01, 2.1481e+00, 
 1DIAGNOSTIC,     5, -8.911598617825e-01, 1.797693134862e+308, 2.9584e+01, 2.1649e+00, 
 1DIAGNOSTIC,     6, -8.942897144016e-01, 1.797693134862e+308, 3.1778e+01, 2.1938e+00, 
 1DIAGNOSTIC,     7, -8.968615005958e-01, 1.797693134862e+308, 3.3936e+01, 2.1587e+00, 
 1DIAGNOSTIC,     8, -8.991911100633e-01, 1.797693134862e+308, 3.6096e+01, 2.1600e+00, 
 1DIAGNOSTIC,     9, -9.013385250232e-01, 1.797693134862e+308, 3.8257e+01, 2.1603e+00, 
 1DIAGNOSTIC,    10, -9.031946746240e-01, 2.029677450943e-03, 4.0417e+01, 2.1601e+00, 
 1DIAGNOSTIC,    11, -9.047452942906e-01, 1.651829374181e-03, 4.2689e+01, 2.2719e+00, 
 1DIAGNOSTIC,    12, -9.060592218501e-01, 1.317652085800e-03, 4.4851e+01, 2.1621e+00, 
 1DIAGNOSTIC,    13, -9.071565233130e-01, 1.054588167379e-03, 4.7020e+01, 2.1691e+00, 
 1DIAGNOSTIC,    14, -9.080929942317e-01, 8.530893576912e-04, 4.9177e+01, 2.1567e+00, 
 1DIAGNOSTIC,    15, -9.086665440138e-01, 6.836319764838e-04, 5.1348e+01, 2.1709e+00, 
 1DIAGNOSTIC,    16, -9.092033182458e-01, 5.450522161914e-04, 5.3532e+01, 2.1843e+00, 
 1DIAGNOSTIC,    17, -9.097034646602e-01, 4.295408883847e-04, 5.5716e+01, 2.1845e+00, 
 1DIAGNOSTIC,    18, -9.101598365356e-01, 3.357973398567e-04, 5.7892e+01, 2.1759e+00, 
 1DIAGNOSTIC,    19, -9.105856142167e-01, 2.633523131825e-04, 6.0059e+01, 2.1670e+00, 
 1DIAGNOSTIC,    20, -9.109842400089e-01, 2.091573458800e-04, 6.2224e+01, 2.1645e+00, 
 1DIAGNOSTIC,    21, -9.113574368483e-01, 1.694587124391e-04, 6.4395e+01, 2.1709e+00, 
 1DIAGNOSTIC,    22, -9.117003296275e-01, 1.411824834709e-04, 6.6572e+01, 2.1774e+00, 
 1DIAGNOSTIC,    23, -9.120203728982e-01, 1.214658056509e-04, 6.8808e+01, 2.2361e+00, 
 1DIAGNOSTIC,    24, -9.123157009483e-01, 1.081883040249e-04, 7.0973e+01, 2.1646e+00, 
 1DIAGNOSTIC,    25, -9.125911503874e-01, 9.651811136265e-05, 7.3143e+01, 2.1704e+00, 
 1DIAGNOSTIC,    26, -9.128555139077e-01, 8.638113202003e-05, 7.5359e+01, 2.2161e+00, 
 1DIAGNOSTIC,    27, -9.130953646105e-01, 7.750335624345e-05, 7.7543e+01, 2.1843e+00, 
 1DIAGNOSTIC,    28, -9.133359184153e-01, 6.980772391502e-05, 7.9723e+01, 2.1793e+00, 
 1DIAGNOSTIC,    29, -9.135656086671e-01, 6.318433794899e-05, 8.1939e+01, 2.2160e+00, 
 1DIAGNOSTIC,    30, -9.137843454603e-01, 5.752582940859e-05, 8.4101e+01, 2.1625e+00, 
 1DIAGNOSTIC,    31, -9.139915165742e-01, 5.270452961652e-05, 8.6270e+01, 2.1687e+00, 
 1DIAGNOSTIC,    32, -9.141965167291e-01, 4.860652065231e-05, 8.8447e+01, 2.1770e+00, 
 1DIAGNOSTIC,    33, -9.143831923169e-01, 4.500593479053e-05, 9.0619e+01, 2.1720e+00, 
 1DIAGNOSTIC,    34, -9.145491536081e-01, 4.164482050394e-05, 9.2881e+01, 2.2623e+00, 
 1DIAGNOSTIC,    35, -9.147065462768e-01, 3.844543165055e-05, 9.5061e+01, 2.1796e+00, 
 1DIAGNOSTIC,    36, -9.148506108914e-01, 3.537551485081e-05, 9.7364e+01, 2.3037e+00, 
 1DIAGNOSTIC,    37, -9.149839796777e-01, 3.231348494909e-05, 9.9555e+01, 2.1907e+00, 
 1DIAGNOSTIC,    38, -9.151064907794e-01, 2.937783322686e-05, 1.0176e+02, 2.2080e+00, 
 1DIAGNOSTIC,    39, -9.152179724475e-01, 2.658517225002e-05, 1.0399e+02, 2.2233e+00, 
 1DIAGNOSTIC,    40, -9.153245670841e-01, 2.399662537482e-05, 1.0621e+02, 2.2248e+00, 
 1DIAGNOSTIC,    41, -9.154225955046e-01, 2.162342648018e-05, 1.0839e+02, 2.1761e+00, 
 1DIAGNOSTIC,    42, -9.155142174681e-01, 1.955935353488e-05, 1.1082e+02, 2.4280e+00, 
 1DIAGNOSTIC,    43, -9.155965214837e-01, 1.773277406212e-05, 1.1298e+02, 2.1684e+00, 
 1DIAGNOSTIC,    44, -9.156687309790e-01, 1.604027002777e-05, 1.1516e+02, 2.1724e+00, 
 1DIAGNOSTIC,    45, -9.157428718121e-01, 1.455173621981e-05, 1.1735e+02, 2.1922e+00, 
 1DIAGNOSTIC,    46, -9.158099143472e-01, 1.322178431818e-05, 1.1954e+02, 2.1908e+00, 
 1DIAGNOSTIC,    47, -9.158799085173e-01, 1.208763830358e-05, 1.2170e+02, 2.1587e+00, 
 1DIAGNOSTIC,    48, -9.159426139971e-01, 1.110140286263e-05, 1.2388e+02, 2.1815e+00, 
 1DIAGNOSTIC,    49, -9.160016398929e-01, 1.023184582053e-05, 1.2607e+02, 2.1919e+00, 
 1DIAGNOSTIC,    50, -9.160463989271e-01, 9.414251129172e-06, 1.2837e+02, 2.2965e+00, 
 1DIAGNOSTIC,    51, -9.161012450461e-01, 8.715026747149e-06, 1.3053e+02, 2.1603e+00, 
 1DIAGNOSTIC,    52, -9.161586840023e-01, 8.151541260215e-06, 1.3270e+02, 2.1763e+00, 
 1DIAGNOSTIC,    53, -9.162017565629e-01, 7.615009506939e-06, 1.3490e+02, 2.1923e+00, 
 1DIAGNOSTIC,    54, -9.162474611032e-01, 7.101146997084e-06, 1.3708e+02, 2.1805e+00, 
 1DIAGNOSTIC,    55, -9.162957034134e-01, 6.670548080113e-06, 1.3924e+02, 2.1678e+00, 
 1DIAGNOSTIC,    56, -9.163495959557e-01, 6.335965007702e-06, 1.4143e+02, 2.1838e+00, 
 1DIAGNOSTIC,    57, -9.163881472024e-01, 6.044001156356e-06, 1.4360e+02, 2.1756e+00, 
 1DIAGNOSTIC,    58, -9.164287913727e-01, 5.786426078545e-06, 1.4581e+02, 2.2091e+00, 
 1DIAGNOSTIC,    59, -9.164703348306e-01, 5.563657446719e-06, 1.4798e+02, 2.1619e+00, 
 1DIAGNOSTIC,    60, -9.165077510545e-01, 5.285853493582e-06, 1.5014e+02, 2.1656e+00, 
 1DIAGNOSTIC,    61, -9.165421627061e-01, 5.009292758009e-06, 1.5234e+02, 2.1955e+00, 
 1DIAGNOSTIC,    62, -9.165796417585e-01, 4.784497211821e-06, 1.5452e+02, 2.1875e+00, 
 1DIAGNOSTIC,    63, -9.166193318149e-01, 4.561923820638e-06, 1.5675e+02, 2.2220e+00, 
 1DIAGNOSTIC,    64, -9.166550718631e-01, 4.347459301873e-06, 1.5894e+02, 2.1914e+00, 
 1DIAGNOSTIC,    65, -9.166902189362e-01, 4.163590690900e-06, 1.6112e+02, 2.1855e+00, 
 1DIAGNOSTIC,    66, -9.167276244374e-01, 4.060102072764e-06, 1.6331e+02, 2.1888e+00, 
 1DIAGNOSTIC,    67, -9.167622437056e-01, 3.951371087003e-06, 1.6551e+02, 2.1981e+00, 
 1DIAGNOSTIC,    68, -9.167991148670e-01, 3.861890341211e-06, 1.6767e+02, 2.1602e+00, 
 1DIAGNOSTIC,    69, -9.168325216626e-01, 3.782800321223e-06, 1.6987e+02, 2.2044e+00, 
 1DIAGNOSTIC,    70, -9.168615635954e-01, 3.679136800987e-06, 1.7215e+02, 2.2723e+00, 
XXDIAGNOSTIC,Iteration,metricValue,convergenceValue,ITERATION_TIME_INDEX,SINCE_LAST
 1DIAGNOSTIC,     1, -8.619659610525e-01, 1.797693134862e+308, 1.9107e+02, 1.8923e+01, 
 1DIAGNOSTIC,     2, -8.644056681852e-01, 1.797693134862e+308, 2.0912e+02, 1.8050e+01, 
 1DIAGNOSTIC,     3, -8.673991832997e-01, 1.797693134862e+308, 2.2704e+02, 1.7918e+01, 
 1DIAGNOSTIC,     4, -8.701445164459e-01, 1.797693134862e+308, 2.4495e+02, 1.7908e+01, 
 1DIAGNOSTIC,     5, -8.725610916870e-01, 1.797693134862e+308, 2.6279e+02, 1.7844e+01, 
 1DIAGNOSTIC,     6, -8.745732287106e-01, 1.797693134862e+308, 2.8139e+02, 1.8597e+01, 
 1DIAGNOSTIC,     7, -8.763659765297e-01, 1.797693134862e+308, 2.9924e+02, 1.7854e+01, 
 1DIAGNOSTIC,     8, -8.779696490964e-01, 1.797693134862e+308, 3.1714e+02, 1.7904e+01, 
 1DIAGNOSTIC,     9, -8.794168297232e-01, 1.797693134862e+308, 3.3537e+02, 1.8225e+01, 
 1DIAGNOSTIC,    10, -8.805592408088e-01, 1.383153559111e-03, 3.5365e+02, 1.8285e+01, 
 1DIAGNOSTIC,    11, -8.816012976265e-01, 1.127780809846e-03, 3.7168e+02, 1.8028e+01, 
 1DIAGNOSTIC,    12, -8.825604298211e-01, 9.052275713034e-04, 3.8955e+02, 1.7870e+01, 
 1DIAGNOSTIC,    13, -8.834443346717e-01, 7.313259082304e-04, 4.0757e+02, 1.8021e+01, 
 1DIAGNOSTIC,    14, -8.842620891612e-01, 5.978256543881e-04, 4.2585e+02, 1.8279e+01, 
 1DIAGNOSTIC,    15, -8.850227757311e-01, 4.958722626757e-04, 4.4399e+02, 1.8134e+01, 
 1DIAGNOSTIC,    16, -8.857314752049e-01, 4.160051251805e-04, 4.6219e+02, 1.8208e+01, 
 1DIAGNOSTIC,    17, -8.863963670946e-01, 3.537603686298e-04, 4.8018e+02, 1.7984e+01, 
 1DIAGNOSTIC,    18, -8.870177889640e-01, 3.054752836442e-04, 4.9825e+02, 1.8073e+01, 
 1DIAGNOSTIC,    19, -8.876009579204e-01, 2.683768262003e-04, 5.1631e+02, 1.8060e+01, 
 1DIAGNOSTIC,    20, -8.881488223988e-01, 2.372433826048e-04, 5.3462e+02, 1.8313e+01, 
 1DIAGNOSTIC,    21, -8.886654086265e-01, 2.108506056378e-04, 5.5267e+02, 1.8050e+01, 
 1DIAGNOSTIC,    22, -8.891552119222e-01, 1.883547236951e-04, 5.7067e+02, 1.7996e+01, 
 1DIAGNOSTIC,    23, -8.896197116708e-01, 1.690478692631e-04, 5.8863e+02, 1.7956e+01, 
 1DIAGNOSTIC,    24, -8.900592495198e-01, 1.523522586743e-04, 6.0674e+02, 1.8115e+01, 
 1DIAGNOSTIC,    25, -8.904731041082e-01, 1.377975717231e-04, 6.2479e+02, 1.8051e+01, 
 1DIAGNOSTIC,    26, -8.908710493206e-01, 1.250933989408e-04, 6.4281e+02, 1.8023e+01, 
 1DIAGNOSTIC,    27, -8.912496860353e-01, 1.139784008867e-04, 6.6090e+02, 1.8090e+01, 
 1DIAGNOSTIC,    28, -8.916086392966e-01, 1.041692622849e-04, 6.7890e+02, 1.7991e+01, 
 1DIAGNOSTIC,    29, -8.919528769102e-01, 9.548915053435e-05, 6.9706e+02, 1.8166e+01, 
 1DIAGNOSTIC,    30, -8.922807322455e-01, 8.775362913428e-05, 7.1526e+02, 1.8194e+01, 
 1DIAGNOSTIC,    31, -8.925937461176e-01, 8.082425436697e-05, 7.3343e+02, 1.8175e+01, 
 1DIAGNOSTIC,    32, -8.928947812032e-01, 7.462516623491e-05, 7.5157e+02, 1.8140e+01, 
 1DIAGNOSTIC,    33, -8.931787875054e-01, 6.902761963884e-05, 7.6962e+02, 1.8050e+01, 
 1DIAGNOSTIC,    34, -8.934527651774e-01, 6.396840024155e-05, 7.8755e+02, 1.7926e+01, 
 1DIAGNOSTIC,    35, -8.937148110278e-01, 5.934292799603e-05, 8.0566e+02, 1.8115e+01, 
 1DIAGNOSTIC,    36, -8.939667833270e-01, 5.515042077581e-05, 8.2433e+02, 1.8668e+01, 
 1DIAGNOSTIC,    37, -8.942074910073e-01, 5.133417900093e-05, 8.4262e+02, 1.8291e+01, 
 1DIAGNOSTIC,    38, -8.944405044321e-01, 4.785590616917e-05, 8.6053e+02, 1.7908e+01, 
 1DIAGNOSTIC,    39, -8.946624672637e-01, 4.468109435901e-05, 8.7856e+02, 1.8035e+01, 
 1DIAGNOSTIC,    40, -8.948698262671e-01, 4.172526072267e-05, 8.9652e+02, 1.7955e+01, 
 1DIAGNOSTIC,    41, -8.950709260376e-01, 3.898452728063e-05, 9.1447e+02, 1.7949e+01, 
 1DIAGNOSTIC,    42, -8.952615316658e-01, 3.643719969195e-05, 9.3247e+02, 1.8005e+01, 
 1DIAGNOSTIC,    43, -8.954400959499e-01, 3.400797045590e-05, 9.5059e+02, 1.8115e+01, 
 1DIAGNOSTIC,    44, -8.956124157276e-01, 3.172359551983e-05, 9.6869e+02, 1.8105e+01, 
 1DIAGNOSTIC,    45, -8.957793814388e-01, 2.959642945147e-05, 9.8668e+02, 1.7983e+01, 
 1DIAGNOSTIC,    46, -8.959377564509e-01, 2.762240991681e-05, 1.0046e+03, 1.7881e+01, 
 1DIAGNOSTIC,    47, -8.960866726433e-01, 2.577834574319e-05, 1.0229e+03, 1.8315e+01, 
 1DIAGNOSTIC,    48, -8.962315381549e-01, 2.409998135740e-05, 1.0410e+03, 1.8140e+01, 
 1DIAGNOSTIC,    49, -8.963664136717e-01, 2.254973522309e-05, 1.0591e+03, 1.8041e+01, 
 1DIAGNOSTIC,    50, -8.964958712472e-01, 2.109315917361e-05, 1.0773e+03, 1.8262e+01, 
XXDIAGNOSTIC,Iteration,metricValue,convergenceValue,ITERATION_TIME_INDEX,SINCE_LAST
 1DIAGNOSTIC,     1, -8.542498382970e-01, 1.797693134862e+308, 1.2272e+03, 1.4986e+02, 
 1DIAGNOSTIC,     2, -8.556202750516e-01, 1.797693134862e+308, 1.3738e+03, 1.4663e+02, 
 1DIAGNOSTIC,     3, -8.571354887202e-01, 1.797693134862e+308, 1.5194e+03, 1.4559e+02, 
 1DIAGNOSTIC,     4, -8.586796604098e-01, 1.797693134862e+308, 1.6696e+03, 1.5022e+02, 
 1DIAGNOSTIC,     5, -8.600276006993e-01, 1.797693134862e+308, 1.8155e+03, 1.4585e+02, 
 1DIAGNOSTIC,     6, -8.612388815978e-01, 1.797693134862e+308, 1.9616e+03, 1.4611e+02, 
 1DIAGNOSTIC,     7, -8.623822034237e-01, 1.797693134862e+308, 2.1128e+03, 1.5126e+02, 
 1DIAGNOSTIC,     8, -8.634679350936e-01, 1.797693134862e+308, 2.2587e+03, 1.4586e+02, 
 1DIAGNOSTIC,     9, -8.645317490290e-01, 1.797693134862e+308, 2.4088e+03, 1.5014e+02, 
 1DIAGNOSTIC,    10, -8.655312019199e-01, 8.436739961365e-04, 2.5569e+03, 1.4805e+02, 
 1DIAGNOSTIC,    11, -8.664738811513e-01, 7.259834206921e-04, 2.7036e+03, 1.4669e+02, 
 1DIAGNOSTIC,    12, -8.673818534577e-01, 6.250418363222e-04, 2.8502e+03, 1.4659e+02, 
 1DIAGNOSTIC,    13, -8.682801910581e-01, 5.439009728512e-04, 3.0005e+03, 1.5037e+02, 
 1DIAGNOSTIC,    14, -8.691173291695e-01, 4.805818458407e-04, 3.1545e+03, 1.5399e+02, 
 1DIAGNOSTIC,    15, -8.699085963785e-01, 4.284992170660e-04, 3.3034e+03, 1.4885e+02, 
 1DIAGNOSTIC,    16, -8.705477297625e-01, 3.814702502686e-04, 3.4523e+03, 1.4893e+02, 
 1DIAGNOSTIC,    17, -8.711654132166e-01, 3.387923014653e-04, 3.6017e+03, 1.4940e+02, 
 1DIAGNOSTIC,    18, -8.717618433329e-01, 3.001049828721e-04, 3.7505e+03, 1.4880e+02, 
 1DIAGNOSTIC,    19, -8.723337008350e-01, 2.657934676868e-04, 3.8996e+03, 1.4911e+02, 
 1DIAGNOSTIC,    20, -8.728863575064e-01, 2.355788543659e-04, 4.0457e+03, 1.4608e+02, 
  Elapsed time (stage 0): 4046.89


Total elapsed time: 4046.9
