
##########################
# Experiment information #
##########################

EXPERIMENT_NAME: antsRegistration-r8-p12
VFC_BACKENDS: libinterflop_vprec.so --range-binary32=8 --precision-binary32=12 --range-binary64=8 --precision-binary64=12

SIF_IMG: /home/mdugre/projects/rrg-glatard/mdugre/containers/ants-vprec-no_metrics.simg

SUBJECT_ID: s014
INPUT_IMG: /home/mdugre/scratch/mri-registration-rp/datasets/ds004513/derivatives/mri-registration-rp/antsBrainExtraction/sub-s014/BrainExtractionBrain.nii.gz
OUTPUT_DIR: /home/mdugre/scratch/mri-registration-rp/datasets/ds004513/derivatives/mri-registration-rp/0110/antsRegistration-r8-p12/sub-s014

FIXED_IMG: /templateflow/tpl-MNI152NLin2009cAsym/tpl-MNI152NLin2009cAsym_res-01_desc-brain_T1w.nii.gz
DATA_DIR: /home/mdugre/scratch/mri-registration-rp/datasets/ds004513
TEMPLATEFLOW_DIR: /home/mdugre/projects/rrg-glatard/mdugre/templateflow
ITK_GLOBAL_DEFAULT_NUMBER_OF_THREADS: 16
##########################

Info [verificarlo]: loaded backend libinterflop_ieee.so
Info [interflop-ieee]: load backend with:
Info [interflop-ieee]: debug = false
Info [interflop-ieee]: debug-binary = false
Info [interflop-ieee]: no-backend-name = false
Info [interflop-ieee]: print-new-line = false
Info [interflop-ieee]: print-subnormal-normalized = false
Info [interflop-ieee]: count-op = false
All_Command_lines_OK
Using double precision for computations.
=============================================================================
The composite transform comprises the following transforms (in order): 
  1. Center of mass alignment using fixed image: /templateflow/tpl-MNI152NLin2009cAsym/tpl-MNI152NLin2009cAsym_res-01_desc-brain_T1w.nii.gz and moving image: /home/mdugre/scratch/mri-registration-rp/datasets/ds004513/derivatives/mri-registration-rp/antsBrainExtraction/sub-s014/BrainExtractionBrain.nii.gz (type = Euler3DTransform)
=============================================================================
  number of levels = 1
  fixed image: /templateflow/tpl-MNI152NLin2009cAsym/tpl-MNI152NLin2009cAsym_res-01_desc-brain_T1w.nii.gz
  moving image: /home/mdugre/scratch/mri-registration-rp/datasets/ds004513/derivatives/mri-registration-rp/antsBrainExtraction/sub-s014/BrainExtractionBrain.nii.gz
Dimension = 3
Number of stages = 1
Use histogram matching = false
Winsorize image intensities = true
  Lower quantile = 0.005
  Upper quantile = 0.995


Stage 1 State
   Image metric = MattesMI
     Fixed image = Image (0x41ece70)
  RTTI typeinfo:   itk::Image<double, 3u>
  Reference Count: 2
  Modified Time: 2334
  Debug: Off
  Object Name: 
  Observers: 
    none
  Source: (none)
  Source output name: (none)
  Release Data: Off
  Data Released: False
  Global Release Data: Off
  PipelineMTime: 0
  UpdateMTime: 1943
  RealTimeStamp: 0 seconds 
  LargestPossibleRegion: 
    Dimension: 3
    Index: [0, 0, 0]
    Size: [193, 229, 193]
  BufferedRegion: 
    Dimension: 3
    Index: [0, 0, 0]
    Size: [193, 229, 193]
  RequestedRegion: 
    Dimension: 3
    Index: [0, 0, 0]
    Size: [193, 229, 193]
  Spacing: [1, 1, 1]
  Origin: [96, 132, -78]
  Direction: 
-1 0 0
0 -1 0
0 0 1

  IndexToPointMatrix: 
-1 0 0
0 -1 0
0 0 1

  PointToIndexMatrix: 
-1 0 0
0 -1 0
0 0 1

  Inverse Direction: 
-1 0 0
0 -1 0
0 0 1

  PixelContainer: 
    ImportImageContainer (0x41f9140)
      RTTI typeinfo:   itk::ImportImageContainer<unsigned long, double>
      Reference Count: 1
      Modified Time: 1940
      Debug: Off
      Object Name: 
      Observers: 
        none
      Pointer: 0x151463e3f010
      Container manages memory: true
      Size: 8530021
      Capacity: 8530021

     Moving image = Image (0x41f6310)
  RTTI typeinfo:   itk::Image<double, 3u>
  Reference Count: 2
  Modified Time: 2335
  Debug: Off
  Object Name: 
  Observers: 
    none
  Source: (none)
  Source output name: (none)
  Release Data: Off
  Data Released: False
  Global Release Data: Off
  PipelineMTime: 0
  UpdateMTime: 2332
  RealTimeStamp: 0 seconds 
  LargestPossibleRegion: 
    Dimension: 3
    Index: [0, 0, 0]
    Size: [160, 240, 256]
  BufferedRegion: 
    Dimension: 3
    Index: [0, 0, 0]
    Size: [160, 240, 256]
  RequestedRegion: 
    Dimension: 3
    Index: [0, 0, 0]
    Size: [160, 240, 256]
  Spacing: [0.999999, 1, 1]
  Origin: [84.1637, 106.709, -120.531]
  Direction: 
-0.999619 -0.0226874 -0.0157033
0.0226846 -0.999743 0.00035635
-0.0157073 -7.8229e-09 0.999877

  IndexToPointMatrix: 
-0.999619 -0.0226874 -0.0157033
0.0226845 -0.999743 0.00035635
-0.0157073 -7.8229e-09 0.999877

  PointToIndexMatrix: 
-0.99962 0.0226846 -0.0157073
-0.0226874 -0.999743 -7.83127e-09
-0.0157033 0.00035635 0.999877

  Inverse Direction: 
-0.999619 0.0226846 -0.0157073
-0.0226874 -0.999743 -7.83127e-09
-0.0157033 0.00035635 0.999877

  PixelContainer: 
    ImportImageContainer (0x4321610)
      RTTI typeinfo:   itk::ImportImageContainer<unsigned long, double>
      Reference Count: 1
      Modified Time: 2329
      Debug: Off
      Object Name: 
      Observers: 
        none
      Pointer: 0x15145f33e010
      Container manages memory: true
      Size: 9830400
      Capacity: 9830400

     Weighting = 1
     Sampling strategy = regular
     Number of bins = 32
     Radius = 4
     Sampling percentage  = 0.25
   Transform = Rigid
     Gradient step = 0.1
     Update field sigma (voxel space) = 0
     Total field sigma (voxel space) = 0
     Update field time sigma = 0
     Total field time sigma  = 0
     Number of time indices = 0
     Number of time point samples = 0
Registration using 1 total stages.

Stage 0
  iterations = 0
  convergence threshold = 1e-06
  convergence window size = 10
  number of levels = 1
  using the Mattes MI metric (number of bins = 32, weight = 1, use gradient filter = 0)
  preprocessing:  winsorizing the image intensities
  Shrink factors (level 1 out of 1): [1, 1, 1]
  smoothing sigmas per level: [0]
  regular sampling (percentage = 0.25)

*** Running Euler3DTransform registration ***

  Elapsed time (stage 0): 1.1244


Total elapsed time: 1.13403
Info [verificarlo]: loaded backend libinterflop_vprec.so
Info [interflop-vprec]: load backend with: 
Info [interflop-vprec]: precision-binary32 = 12
Info [interflop-vprec]: range-binary32 = 8
Info [interflop-vprec]: precision-binary64 = 12
Info [interflop-vprec]: range-binary64 = 8
Info [interflop-vprec]: mode = ob
Info [interflop-vprec]: error-mode = rel
Info [interflop-vprec]: max-abs-error-exponent = -1022
Info [interflop-vprec]: daz = false
Info [interflop-vprec]: ftz = false
Info [interflop-vprec]: 	instrument = none
Info [interflop-vprec]: 	prec-input-file = (null)
Info [interflop-vprec]: 	prec-output-file = (null)
Info [interflop-vprec]: 	prec-log-file = (null)
All_Command_lines_OK
Using double precision for computations.
=============================================================================
The composite transform comprises the following transforms (in order): 
  1. /home/mdugre/scratch/mri-registration-rp/datasets/ds004513/derivatives/mri-registration-rp/0110/antsRegistration-r8-p12/sub-s014/align_Composite.h5[0] (type = Euler3DTransform)
  2. /home/mdugre/scratch/mri-registration-rp/datasets/ds004513/derivatives/mri-registration-rp/0110/antsRegistration-r8-p12/sub-s014/align_Composite.h5[1] (type = Euler3DTransform)
=============================================================================
  number of levels = 4
  fixed image: /templateflow/tpl-MNI152NLin2009cAsym/tpl-MNI152NLin2009cAsym_res-01_desc-brain_T1w.nii.gz
  moving image: /home/mdugre/scratch/mri-registration-rp/datasets/ds004513/derivatives/mri-registration-rp/antsBrainExtraction/sub-s014/BrainExtractionBrain.nii.gz
Dimension = 3
Number of stages = 1
Use histogram matching = false
Winsorize image intensities = true
  Lower quantile = 0.005
  Upper quantile = 0.995


Stage 1 State
   Image metric = MattesMI
     Fixed image = Image (0x4ab01e0)
  RTTI typeinfo:   itk::Image<double, 3u>
  Reference Count: 2
  Modified Time: 1578
  Debug: Off
  Object Name: 
  Observers: 
    none
  Source: (none)
  Source output name: (none)
  Release Data: Off
  Data Released: False
  Global Release Data: Off
  PipelineMTime: 0
  UpdateMTime: 1189
  RealTimeStamp: 0 seconds 
  LargestPossibleRegion: 
    Dimension: 3
    Index: [0, 0, 0]
    Size: [193, 229, 193]
  BufferedRegion: 
    Dimension: 3
    Index: [0, 0, 0]
    Size: [193, 229, 193]
  RequestedRegion: 
    Dimension: 3
    Index: [0, 0, 0]
    Size: [193, 229, 193]
  Spacing: [1, 1, 1]
  Origin: [96, 132, -78]
  Direction: 
-1 0 0
0 -1 0
0 0 1

  IndexToPointMatrix: 
-1 0 0
0 -1 0
0 0 1

  PointToIndexMatrix: 
-1 0 0
0 -1 0
0 0 1

  Inverse Direction: 
-1 0 0
0 -1 0
0 0 1

  PixelContainer: 
    ImportImageContainer (0x4b6f680)
      RTTI typeinfo:   itk::ImportImageContainer<unsigned long, double>
      Reference Count: 1
      Modified Time: 1186
      Debug: Off
      Object Name: 
      Observers: 
        none
      Pointer: 0x154f5a5fc010
      Container manages memory: true
      Size: 8530021
      Capacity: 8530021

     Moving image = Image (0x4b6bb20)
  RTTI typeinfo:   itk::Image<double, 3u>
  Reference Count: 2
  Modified Time: 1579
  Debug: Off
  Object Name: 
  Observers: 
    none
  Source: (none)
  Source output name: (none)
  Release Data: Off
  Data Released: False
  Global Release Data: Off
  PipelineMTime: 0
  UpdateMTime: 1576
  RealTimeStamp: 0 seconds 
  LargestPossibleRegion: 
    Dimension: 3
    Index: [0, 0, 0]
    Size: [160, 240, 256]
  BufferedRegion: 
    Dimension: 3
    Index: [0, 0, 0]
    Size: [160, 240, 256]
  RequestedRegion: 
    Dimension: 3
    Index: [0, 0, 0]
    Size: [160, 240, 256]
  Spacing: [1, 1, 1]
  Origin: [84.1562, 106.703, -120.531]
  Direction: 
-0.999634 -0.022686 -0.0157051
0.0226898 -0.999756 0.000356376
-0.0157127 -2.98023e-08 0.999878

  IndexToPointMatrix: 
-0.999634 -0.022686 -0.0157051
0.0226898 -0.999756 0.000356376
-0.0157127 -2.98023e-08 0.999878

  PointToIndexMatrix: 
-0.999512 0.0226898 -0.0157127
-0.022686 -0.999512 -0.000183105
-0.0157089 0.000427246 0.999878

  Inverse Direction: 
-0.999512 0.0226898 -0.0157127
-0.022686 -0.999512 -0.000183105
-0.0157089 0.000427246 0.999878

  PixelContainer: 
    ImportImageContainer (0x4bd4d50)
      RTTI typeinfo:   itk::ImportImageContainer<unsigned long, double>
      Reference Count: 1
      Modified Time: 1573
      Debug: Off
      Object Name: 
      Observers: 
        none
      Pointer: 0x154f55afb010
      Container manages memory: true
      Size: 9830400
      Capacity: 9830400

     Weighting = 1
     Sampling strategy = regular
     Number of bins = 32
     Radius = 4
     Sampling percentage  = 0.25
   Transform = Rigid
     Gradient step = 0.1
     Update field sigma (voxel space) = 0
     Total field sigma (voxel space) = 0
     Update field time sigma = 0
     Total field time sigma  = 0
     Number of time indices = 0
     Number of time point samples = 0
Registration using 1 total stages.

Stage 0
  iterations = 1000x500x250x100
  convergence threshold = 1e-06
  convergence window size = 10
  number of levels = 4
  using the Mattes MI metric (number of bins = 32, weight = 1, use gradient filter = 0)
  preprocessing:  winsorizing the image intensities
  Shrink factors (level 1 out of 4): [8, 8, 8]
  Shrink factors (level 2 out of 4): [4, 4, 4]
  Shrink factors (level 3 out of 4): [2, 2, 2]
  Shrink factors (level 4 out of 4): [1, 1, 1]
  smoothing sigmas per level: [3, 2, 1, 0]
  regular sampling (percentage = 0.25)

*** Running Euler3DTransform registration ***

DIAGNOSTIC,Iteration,metricValue,convergenceValue,ITERATION_TIME_INDEX,SINCE_LAST
 2DIAGNOSTIC,     1, -4.780413297750e-01, 1.797693134862e+308, 0.0000e+00, 0.0000e+00, 
 2DIAGNOSTIC,     2, -4.790234076295e-01, 1.797693134862e+308, 0.0000e+00, 0.0000e+00, 
 2DIAGNOSTIC,     3, -4.811905827583e-01, 1.797693134862e+308, 0.0000e+00, 0.0000e+00, 
 2DIAGNOSTIC,     4, -4.851153052337e-01, 1.797693134862e+308, 0.0000e+00, 0.0000e+00, 
 2DIAGNOSTIC,     5, -4.895873560671e-01, 1.797693134862e+308, 0.0000e+00, 0.0000e+00, 
 2DIAGNOSTIC,     6, -4.946040902791e-01, 1.797693134862e+308, 0.0000e+00, 0.0000e+00, 
 2DIAGNOSTIC,     7, -5.021570921788e-01, 1.797693134862e+308, 0.0000e+00, 0.0000e+00, 
 2DIAGNOSTIC,     8, -5.084162550774e-01, 1.797693134862e+308, 0.0000e+00, 0.0000e+00, 
 2DIAGNOSTIC,     9, -5.109578108949e-01, 1.797693134862e+308, 0.0000e+00, 0.0000e+00, 
 2DIAGNOSTIC,    10, -5.219738116987e-01, 5.728786554870e-03, 0.0000e+00, 0.0000e+00, 
 2DIAGNOSTIC,    11, -5.237732820214e-01, 5.639090626955e-03, 0.0000e+00, 0.0000e+00, 
 2DIAGNOSTIC,    12, -5.247108162784e-01, 5.152642418254e-03, 0.0000e+00, 0.0000e+00, 
 2DIAGNOSTIC,    13, -5.253500301287e-01, 4.405419609484e-03, 0.0000e+00, 0.0000e+00, 
 2DIAGNOSTIC,    14, -5.258892563674e-01, 3.549476525655e-03, 0.0000e+00, 0.0000e+00, 
 2DIAGNOSTIC,    15, -5.259121431341e-01, 2.652698005876e-03, 0.0000e+00, 0.0000e+00, 
 2DIAGNOSTIC,    16, -5.259838932755e-01, 1.802851838322e-03, 0.0000e+00, 0.0000e+00, 
 2DIAGNOSTIC,    17, -5.259885765584e-01, 1.140582336004e-03, 0.0000e+00, 0.0000e+00, 
 2DIAGNOSTIC,    18, -5.259359375678e-01, 6.444699733719e-04, 0.0000e+00, 0.0000e+00, 
 2DIAGNOSTIC,    19, -5.259164872978e-01, 2.084609953826e-04, 0.0000e+00, 0.0000e+00, 
 2DIAGNOSTIC,    20, -5.259218874293e-01, 1.042326459190e-04, 0.0000e+00, 0.0000e+00, 
 2DIAGNOSTIC,    21, -5.259305295818e-01, 4.824749041825e-05, 0.0000e+00, 0.0000e+00, 
 2DIAGNOSTIC,    22, -5.259305295818e-01, 1.653358247673e-05, 0.0000e+00, 0.0000e+00, 
 2DIAGNOSTIC,    23, -5.259305295818e-01, 1.380145350907e-06, 0.0000e+00, 0.0000e+00, 
DIAGNOSTIC,Iteration,metricValue,convergenceValue,ITERATION_TIME_INDEX,SINCE_LAST
 2DIAGNOSTIC,     1, -4.340510907655e-01, 1.797693134862e+308, 0.0000e+00, 0.0000e+00, 
 2DIAGNOSTIC,     2, -4.342727896255e-01, 1.797693134862e+308, 0.0000e+00, 0.0000e+00, 
 2DIAGNOSTIC,     3, -4.346595422455e-01, 1.797693134862e+308, 0.0000e+00, 0.0000e+00, 
 2DIAGNOSTIC,     4, -4.353952845331e-01, 1.797693134862e+308, 0.0000e+00, 0.0000e+00, 
 2DIAGNOSTIC,     5, -4.363408583341e-01, 1.797693134862e+308, 0.0000e+00, 0.0000e+00, 
 2DIAGNOSTIC,     6, -4.378232526305e-01, 1.797693134862e+308, 0.0000e+00, 0.0000e+00, 
 2DIAGNOSTIC,     7, -4.403535565793e-01, 1.797693134862e+308, 0.0000e+00, 0.0000e+00, 
 2DIAGNOSTIC,     8, -4.421037074347e-01, 1.797693134862e+308, 0.0000e+00, 0.0000e+00, 
 2DIAGNOSTIC,     9, -4.443370760260e-01, 1.797693134862e+308, 0.0000e+00, 0.0000e+00, 
 2DIAGNOSTIC,    10, -4.445602325574e-01, 1.759975979978e-03, 0.0000e+00, 0.0000e+00, 
 2DIAGNOSTIC,    11, -4.448013376758e-01, 1.684802181954e-03, 0.0000e+00, 0.0000e+00, 
 2DIAGNOSTIC,    12, -4.451994852796e-01, 1.504510201280e-03, 0.0000e+00, 0.0000e+00, 
 2DIAGNOSTIC,    13, -4.455612440983e-01, 1.252113761901e-03, 0.0000e+00, 0.0000e+00, 
 2DIAGNOSTIC,    14, -4.461267645422e-01, 9.820712227962e-04, 0.0000e+00, 0.0000e+00, 
 2DIAGNOSTIC,    15, -4.462441375708e-01, 7.047445500728e-04, 0.0000e+00, 0.0000e+00, 
 2DIAGNOSTIC,    16, -4.463474894426e-01, 4.615057989281e-04, 0.0000e+00, 0.0000e+00, 
 2DIAGNOSTIC,    17, -4.462445289678e-01, 2.961104677688e-04, 0.0000e+00, 0.0000e+00, 
 2DIAGNOSTIC,    18, -4.462797032848e-01, 1.837925705446e-04, 0.0000e+00, 0.0000e+00, 
 2DIAGNOSTIC,    19, -4.462253625855e-01, 1.400446357657e-04, 0.0000e+00, 0.0000e+00, 
 2DIAGNOSTIC,    20, -4.462642255712e-01, 9.630304418703e-05, 0.0000e+00, 0.0000e+00, 
 2DIAGNOSTIC,    21, -4.463278399399e-01, 5.727544004980e-05, 0.0000e+00, 0.0000e+00, 
 2DIAGNOSTIC,    22, -4.463135126717e-01, 2.778150101985e-05, 0.0000e+00, 0.0000e+00, 
 2DIAGNOSTIC,    23, -4.463422405677e-01, 9.024875526148e-06, 0.0000e+00, 0.0000e+00, 
 2DIAGNOSTIC,    24, -4.463384194754e-01, 6.093588810673e-06, 0.0000e+00, 0.0000e+00, 
 2DIAGNOSTIC,    25, -4.463882655033e-01, 7.165215492738e-06, 0.0000e+00, 0.0000e+00, 
 2DIAGNOSTIC,    26, -4.464000198044e-01, 1.047446199641e-05, 0.0000e+00, 0.0000e+00, 
 2DIAGNOSTIC,    27, -4.464011551190e-01, 1.025148398400e-05, 0.0000e+00, 0.0000e+00, 
 2DIAGNOSTIC,    28, -4.463458648311e-01, 8.835307167873e-06, 0.0000e+00, 0.0000e+00, 
 2DIAGNOSTIC,    29, -4.463449405887e-01, 5.614956030194e-06, 0.0000e+00, 0.0000e+00, 
 2DIAGNOSTIC,    30, -4.463445978640e-01, 2.965218234272e-06, 0.0000e+00, 0.0000e+00, 
 2DIAGNOSTIC,    31, -4.463424986056e-01, 1.588825319254e-06, 0.0000e+00, 0.0000e+00, 
DIAGNOSTIC,Iteration,metricValue,convergenceValue,ITERATION_TIME_INDEX,SINCE_LAST
 2DIAGNOSTIC,     1, -3.906979513244e-01, 1.797693134862e+308, 0.0000e+00, 0.0000e+00, 
 2DIAGNOSTIC,     2, -3.908038880719e-01, 1.797693134862e+308, 0.0000e+00, 0.0000e+00, 
 2DIAGNOSTIC,     3, -3.907648679061e-01, 1.797693134862e+308, 0.0000e+00, 0.0000e+00, 
 2DIAGNOSTIC,     4, -3.907416104115e-01, 1.797693134862e+308, 0.0000e+00, 0.0000e+00, 
 2DIAGNOSTIC,     5, -3.908121055890e-01, 1.797693134862e+308, 0.0000e+00, 0.0000e+00, 
 2DIAGNOSTIC,     6, -3.907992322548e-01, 1.797693134862e+308, 0.0000e+00, 0.0000e+00, 
 2DIAGNOSTIC,     7, -3.908150128694e-01, 1.797693134862e+308, 0.0000e+00, 0.0000e+00, 
 2DIAGNOSTIC,     8, -3.908193119601e-01, 1.797693134862e+308, 0.0000e+00, 0.0000e+00, 
 2DIAGNOSTIC,     9, -3.907910905274e-01, 1.797693134862e+308, 0.0000e+00, 0.0000e+00, 
 2DIAGNOSTIC,    10, -3.907721044953e-01, 1.357262579535e-05, 0.0000e+00, 0.0000e+00, 
 2DIAGNOSTIC,    11, -3.907957936760e-01, 6.098017153636e-06, 0.0000e+00, 0.0000e+00, 
 2DIAGNOSTIC,    12, -3.908331874190e-01, 8.348139437148e-06, 0.0000e+00, 0.0000e+00, 
 2DIAGNOSTIC,    13, -3.908299929486e-01, 7.439184806571e-06, 0.0000e+00, 0.0000e+00, 
 2DIAGNOSTIC,    14, -3.908376364909e-01, 5.419969546464e-06, 0.0000e+00, 0.0000e+00, 
 2DIAGNOSTIC,    15, -3.908637265737e-01, 8.174293955152e-06, 0.0000e+00, 0.0000e+00, 
 2DIAGNOSTIC,    16, -3.908632623702e-01, 9.373109188263e-06, 0.0000e+00, 0.0000e+00, 
 2DIAGNOSTIC,    17, -3.908634239745e-01, 1.042907565752e-05, 0.0000e+00, 0.0000e+00, 
 2DIAGNOSTIC,    18, -3.908633654409e-01, 1.083710352004e-05, 0.0000e+00, 0.0000e+00, 
 2DIAGNOSTIC,    19, -3.908575321355e-01, 9.140690200804e-06, 0.0000e+00, 0.0000e+00, 
 2DIAGNOSTIC,    20, -3.908581294355e-01, 6.264545251183e-06, 0.0000e+00, 0.0000e+00, 
 2DIAGNOSTIC,    21, -3.908578632038e-01, 4.030024507898e-06, 0.0000e+00, 0.0000e+00, 
 2DIAGNOSTIC,    22, -3.908565294807e-01, 3.004066596701e-06, 0.0000e+00, 0.0000e+00, 
 2DIAGNOSTIC,    23, -3.908565133853e-01, 1.854491316816e-06, 0.0000e+00, 0.0000e+00, 
 2DIAGNOSTIC,    24, -3.908568670897e-01, 1.006700720153e-06, 0.0000e+00, 0.0000e+00, 
 2DIAGNOSTIC,    25, -3.908567715095e-01, 1.039822159328e-06, 0.0000e+00, 0.0000e+00, 
 2DIAGNOSTIC,    26, -3.908572241120e-01, 1.115657705934e-06, 0.0000e+00, 0.0000e+00, 
 2DIAGNOSTIC,    27, -3.908609105860e-01, 1.323630092039e-06, 0.0000e+00, 0.0000e+00, 
 2DIAGNOSTIC,    28, -3.908607756678e-01, 1.524140630343e-06, 0.0000e+00, 0.0000e+00, 
 2DIAGNOSTIC,    29, -3.908608272859e-01, 1.552815633570e-06, 0.0000e+00, 0.0000e+00, 
 2DIAGNOSTIC,    30, -3.908621158030e-01, 1.605942487500e-06, 0.0000e+00, 0.0000e+00, 
 2DIAGNOSTIC,    31, -3.908615630757e-01, 1.606320875772e-06, 0.0000e+00, 0.0000e+00, 
 2DIAGNOSTIC,    32, -3.908618436106e-01, 1.548355540407e-06, 0.0000e+00, 0.0000e+00, 
 2DIAGNOSTIC,    33, -3.908619505544e-01, 1.463697655579e-06, 0.0000e+00, 0.0000e+00, 
 2DIAGNOSTIC,    34, -3.908634677273e-01, 1.397717360754e-06, 0.0000e+00, 0.0000e+00, 
 2DIAGNOSTIC,    35, -3.908671252248e-01, 1.384419837391e-06, 0.0000e+00, 0.0000e+00, 
 2DIAGNOSTIC,    36, -3.908677068279e-01, 1.362602598167e-06, 0.0000e+00, 0.0000e+00, 
 2DIAGNOSTIC,    37, -3.908677001116e-01, 1.388516206607e-06, 0.0000e+00, 0.0000e+00, 
 2DIAGNOSTIC,    38, -3.908664073107e-01, 1.354461682434e-06, 0.0000e+00, 0.0000e+00, 
 2DIAGNOSTIC,    39, -3.908665109042e-01, 1.292546500480e-06, 0.0000e+00, 0.0000e+00, 
 2DIAGNOSTIC,    40, -3.908664865113e-01, 1.226984106460e-06, 0.0000e+00, 0.0000e+00, 
 2DIAGNOSTIC,    41, -3.908665439526e-01, 1.130760622688e-06, 0.0000e+00, 0.0000e+00, 
 2DIAGNOSTIC,    42, -3.908664318529e-01, 1.025651591175e-06, 0.0000e+00, 0.0000e+00, 
 2DIAGNOSTIC,    43, -3.908801074392e-01, 1.149245498877e-06, 0.0000e+00, 0.0000e+00, 
 2DIAGNOSTIC,    44, -3.908804491916e-01, 1.266208872988e-06, 0.0000e+00, 0.0000e+00, 
 2DIAGNOSTIC,    45, -3.908803760366e-01, 1.400894597454e-06, 0.0000e+00, 0.0000e+00, 
 2DIAGNOSTIC,    46, -3.908769137052e-01, 1.435924290208e-06, 0.0000e+00, 0.0000e+00, 
 2DIAGNOSTIC,    47, -3.908771530383e-01, 1.417661138828e-06, 0.0000e+00, 0.0000e+00, 
 2DIAGNOSTIC,    48, -3.908769806967e-01, 1.316874332257e-06, 0.0000e+00, 0.0000e+00, 
 2DIAGNOSTIC,    49, -3.908770484514e-01, 1.172352416562e-06, 0.0000e+00, 0.0000e+00, 
DIAGNOSTIC,Iteration,metricValue,convergenceValue,ITERATION_TIME_INDEX,SINCE_LAST
 2DIAGNOSTIC,     1, -3.633129307446e-01, 1.797693134862e+308, 0.0000e+00, 0.0000e+00, 
 2DIAGNOSTIC,     2, -3.633457587752e-01, 1.797693134862e+308, 0.0000e+00, 0.0000e+00, 
 2DIAGNOSTIC,     3, -3.633844390243e-01, 1.797693134862e+308, 0.0000e+00, 0.0000e+00, 
 2DIAGNOSTIC,     4, -3.634145217431e-01, 1.797693134862e+308, 0.0000e+00, 0.0000e+00, 
 2DIAGNOSTIC,     5, -3.634413775822e-01, 1.797693134862e+308, 0.0000e+00, 0.0000e+00, 
 2DIAGNOSTIC,     6, -3.634379876023e-01, 1.797693134862e+308, 0.0000e+00, 0.0000e+00, 
 2DIAGNOSTIC,     7, -3.633988086875e-01, 1.797693134862e+308, 0.0000e+00, 0.0000e+00, 
 2DIAGNOSTIC,     8, -3.634351071112e-01, 1.797693134862e+308, 0.0000e+00, 0.0000e+00, 
 2DIAGNOSTIC,     9, -3.634330343782e-01, 1.797693134862e+308, 0.0000e+00, 0.0000e+00, 
 2DIAGNOSTIC,    10, -3.634237295723e-01, 2.066864830315e-05, 0.0000e+00, 0.0000e+00, 
 2DIAGNOSTIC,    11, -3.634136333226e-01, 1.104479470669e-05, 0.0000e+00, 0.0000e+00, 
 2DIAGNOSTIC,    12, -3.634987866110e-01, 1.006300233508e-05, 0.0000e+00, 0.0000e+00, 
 2DIAGNOSTIC,    13, -3.635591059702e-01, 1.434478324421e-05, 0.0000e+00, 0.0000e+00, 
 2DIAGNOSTIC,    14, -3.636009029652e-01, 2.086482059643e-05, 0.0000e+00, 0.0000e+00, 
 2DIAGNOSTIC,    15, -3.636385902571e-01, 2.829693481828e-05, 0.0000e+00, 0.0000e+00, 
 2DIAGNOSTIC,    16, -3.636433231102e-01, 3.259617883733e-05, 0.0000e+00, 0.0000e+00, 
 2DIAGNOSTIC,    17, -3.636192824864e-01, 3.061954245114e-05, 0.0000e+00, 0.0000e+00, 
 2DIAGNOSTIC,    18, -3.635993484776e-01, 2.694029985760e-05, 0.0000e+00, 0.0000e+00, 
 2DIAGNOSTIC,    19, -3.636521599165e-01, 2.347270425414e-05, 0.0000e+00, 0.0000e+00, 
 2DIAGNOSTIC,    20, -3.636289170631e-01, 1.706282115321e-05, 0.0000e+00, 0.0000e+00, 
 2DIAGNOSTIC,    21, -3.636833710859e-01, 1.149908867561e-05, 0.0000e+00, 0.0000e+00, 
 2DIAGNOSTIC,    22, -3.636629057292e-01, 7.798915941444e-06, 0.0000e+00, 0.0000e+00, 
 2DIAGNOSTIC,    23, -3.637100894953e-01, 7.524406841569e-06, 0.0000e+00, 0.0000e+00, 
 2DIAGNOSTIC,    24, -3.637455764658e-01, 9.150131021589e-06, 0.0000e+00, 0.0000e+00, 
 2DIAGNOSTIC,    25, -3.637669491620e-01, 1.173685531011e-05, 0.0000e+00, 0.0000e+00, 
 2DIAGNOSTIC,    26, -3.638142768389e-01, 1.476592539215e-05, 0.0000e+00, 0.0000e+00, 
 2DIAGNOSTIC,    27, -3.638489995373e-01, 1.663724400033e-05, 0.0000e+00, 0.0000e+00, 
 2DIAGNOSTIC,    28, -3.638161327006e-01, 1.541587818291e-05, 0.0000e+00, 0.0000e+00, 
 2DIAGNOSTIC,    29, -3.638841518945e-01, 1.627147895829e-05, 0.0000e+00, 0.0000e+00, 
 2DIAGNOSTIC,    30, -3.638736193122e-01, 1.468702233415e-05, 0.0000e+00, 0.0000e+00, 
 2DIAGNOSTIC,    31, -3.639087477830e-01, 1.422882865774e-05, 0.0000e+00, 0.0000e+00, 
 2DIAGNOSTIC,    32, -3.639306769762e-01, 1.257498274177e-05, 0.0000e+00, 0.0000e+00, 
 2DIAGNOSTIC,    33, -3.639418573894e-01, 1.132128867180e-05, 0.0000e+00, 0.0000e+00, 
 2DIAGNOSTIC,    34, -3.639127577072e-01, 9.326457384166e-06, 0.0000e+00, 0.0000e+00, 
 2DIAGNOSTIC,    35, -3.639703570699e-01, 8.423211218425e-06, 0.0000e+00, 0.0000e+00, 
 2DIAGNOSTIC,    36, -3.639942648747e-01, 8.361609247189e-06, 0.0000e+00, 0.0000e+00, 
 2DIAGNOSTIC,    37, -3.639672495572e-01, 7.785425968757e-06, 0.0000e+00, 0.0000e+00, 
 2DIAGNOSTIC,    38, -3.640325236668e-01, 7.271062409112e-06, 0.0000e+00, 0.0000e+00, 
 2DIAGNOSTIC,    39, -3.640595797519e-01, 8.082640469323e-06, 0.0000e+00, 0.0000e+00, 
 2DIAGNOSTIC,    40, -3.640975839529e-01, 8.676549913541e-06, 0.0000e+00, 0.0000e+00, 
 2DIAGNOSTIC,    41, -3.641389570778e-01, 9.941496619519e-06, 0.0000e+00, 0.0000e+00, 
 2DIAGNOSTIC,    42, -3.641346447244e-01, 1.061678385476e-05, 0.0000e+00, 0.0000e+00, 
 2DIAGNOSTIC,    43, -3.641485210189e-01, 1.082732245145e-05, 0.0000e+00, 0.0000e+00, 
 2DIAGNOSTIC,    44, -3.641478997399e-01, 9.508755910739e-06, 0.0000e+00, 0.0000e+00, 
 2DIAGNOSTIC,    45, -3.641720745667e-01, 8.830877082717e-06, 0.0000e+00, 0.0000e+00, 
 2DIAGNOSTIC,    46, -3.642093126090e-01, 8.470562633717e-06, 0.0000e+00, 0.0000e+00, 
 2DIAGNOSTIC,    47, -3.642215124163e-01, 7.118489005802e-06, 0.0000e+00, 0.0000e+00, 
 2DIAGNOSTIC,    48, -3.642350452529e-01, 6.513137841981e-06, 0.0000e+00, 0.0000e+00, 
 2DIAGNOSTIC,    49, -3.642525776920e-01, 6.089997098068e-06, 0.0000e+00, 0.0000e+00, 
 2DIAGNOSTIC,    50, -3.642667301758e-01, 5.964359707511e-06, 0.0000e+00, 0.0000e+00, 
 2DIAGNOSTIC,    51, -3.641951260353e-01, 4.876161151437e-06, 0.0000e+00, 0.0000e+00, 
 2DIAGNOSTIC,    52, -3.642666209144e-01, 4.475684464933e-06, 0.0000e+00, 0.0000e+00, 
 2DIAGNOSTIC,    53, -3.642996484221e-01, 4.392749903801e-06, 0.0000e+00, 0.0000e+00, 
 2DIAGNOSTIC,    54, -3.642726850252e-01, 3.538074202992e-06, 0.0000e+00, 0.0000e+00, 
 2DIAGNOSTIC,    55, -3.642826841477e-01, 2.951741863280e-06, 0.0000e+00, 0.0000e+00, 
 2DIAGNOSTIC,    56, -3.642543507907e-01, 2.307390347817e-06, 0.0000e+00, 0.0000e+00, 
 2DIAGNOSTIC,    57, -3.642802222805e-01, 2.045238810752e-06, 0.0000e+00, 0.0000e+00, 
 2DIAGNOSTIC,    58, -3.642901364741e-01, 1.934508657955e-06, 0.0000e+00, 0.0000e+00, 
 2DIAGNOSTIC,    59, -3.642533518300e-01, 1.447678869927e-06, 0.0000e+00, 0.0000e+00, 
 2DIAGNOSTIC,    60, -3.643191137842e-01, 2.007513959800e-06, 0.0000e+00, 0.0000e+00, 
 2DIAGNOSTIC,    61, -3.643255384172e-01, 1.533432533979e-06, 0.0000e+00, 0.0000e+00, 
 2DIAGNOSTIC,    62, -3.643301776128e-01, 1.928969778527e-06, 0.0000e+00, 0.0000e+00, 
 2DIAGNOSTIC,    63, -3.643771643844e-01, 3.194760615711e-06, 0.0000e+00, 0.0000e+00, 
 2DIAGNOSTIC,    64, -3.643805718273e-01, 3.872254090220e-06, 0.0000e+00, 0.0000e+00, 
 2DIAGNOSTIC,    65, -3.644106882082e-01, 4.706404501176e-06, 0.0000e+00, 0.0000e+00, 
 2DIAGNOSTIC,    66, -3.644208956765e-01, 4.885377742531e-06, 0.0000e+00, 0.0000e+00, 
 2DIAGNOSTIC,    67, -3.644479645595e-01, 5.264149403963e-06, 0.0000e+00, 0.0000e+00, 
 2DIAGNOSTIC,    68, -3.644669126156e-01, 5.522871814405e-06, 0.0000e+00, 0.0000e+00, 
 2DIAGNOSTIC,    69, -3.644410859681e-01, 4.564037162822e-06, 0.0000e+00, 0.0000e+00, 
 2DIAGNOSTIC,    70, -3.644287607566e-01, 3.859489445842e-06, 0.0000e+00, 0.0000e+00, 
 2DIAGNOSTIC,    71, -3.644599081028e-01, 3.274245018432e-06, 0.0000e+00, 0.0000e+00, 
 2DIAGNOSTIC,    72, -3.645047403692e-01, 2.947909638272e-06, 0.0000e+00, 0.0000e+00, 
 2DIAGNOSTIC,    73, -3.645054436056e-01, 2.897612729355e-06, 0.0000e+00, 0.0000e+00, 
 2DIAGNOSTIC,    74, -3.645032952002e-01, 2.645635697275e-06, 0.0000e+00, 0.0000e+00, 
 2DIAGNOSTIC,    75, -3.645031810174e-01, 2.521824044404e-06, 0.0000e+00, 0.0000e+00, 
 2DIAGNOSTIC,    76, -3.645031051158e-01, 2.295211875412e-06, 0.0000e+00, 0.0000e+00, 
 2DIAGNOSTIC,    77, -3.644523585519e-01, 1.642240843718e-06, 0.0000e+00, 0.0000e+00, 
 2DIAGNOSTIC,    78, -3.644533492103e-01, 1.119428824772e-06, 0.0000e+00, 0.0000e+00, 
  Elapsed time (stage 0): 0.0000e+00


Total elapsed time: 0.0000e+00
Info [verificarlo]: loaded backend libinterflop_vprec.so
Info [interflop-vprec]: load backend with: 
Info [interflop-vprec]: precision-binary32 = 12
Info [interflop-vprec]: range-binary32 = 8
Info [interflop-vprec]: precision-binary64 = 12
Info [interflop-vprec]: range-binary64 = 8
Info [interflop-vprec]: mode = ob
Info [interflop-vprec]: error-mode = rel
Info [interflop-vprec]: max-abs-error-exponent = -1022
Info [interflop-vprec]: daz = false
Info [interflop-vprec]: ftz = false
Info [interflop-vprec]: 	instrument = none
Info [interflop-vprec]: 	prec-input-file = (null)
Info [interflop-vprec]: 	prec-output-file = (null)
Info [interflop-vprec]: 	prec-log-file = (null)
All_Command_lines_OK
Using double precision for computations.
=============================================================================
The composite transform comprises the following transforms (in order): 
  1. /home/mdugre/scratch/mri-registration-rp/datasets/ds004513/derivatives/mri-registration-rp/0110/antsRegistration-r8-p12/sub-s014/rigid_Composite.h5[0] (type = Euler3DTransform)
  2. /home/mdugre/scratch/mri-registration-rp/datasets/ds004513/derivatives/mri-registration-rp/0110/antsRegistration-r8-p12/sub-s014/rigid_Composite.h5[1] (type = Euler3DTransform)
  3. /home/mdugre/scratch/mri-registration-rp/datasets/ds004513/derivatives/mri-registration-rp/0110/antsRegistration-r8-p12/sub-s014/rigid_Composite.h5[2] (type = Euler3DTransform)
=============================================================================
  number of levels = 4
  fixed image: /templateflow/tpl-MNI152NLin2009cAsym/tpl-MNI152NLin2009cAsym_res-01_desc-brain_T1w.nii.gz
  moving image: /home/mdugre/scratch/mri-registration-rp/datasets/ds004513/derivatives/mri-registration-rp/antsBrainExtraction/sub-s014/BrainExtractionBrain.nii.gz
Dimension = 3
Number of stages = 1
Use histogram matching = false
Winsorize image intensities = true
  Lower quantile = 0.005
  Upper quantile = 0.995


Stage 1 State
   Image metric = MattesMI
     Fixed image = Image (0x421d490)
  RTTI typeinfo:   itk::Image<double, 3u>
  Reference Count: 2
  Modified Time: 1592
  Debug: Off
  Object Name: 
  Observers: 
    none
  Source: (none)
  Source output name: (none)
  Release Data: Off
  Data Released: False
  Global Release Data: Off
  PipelineMTime: 0
  UpdateMTime: 1203
  RealTimeStamp: 0 seconds 
  LargestPossibleRegion: 
    Dimension: 3
    Index: [0, 0, 0]
    Size: [193, 229, 193]
  BufferedRegion: 
    Dimension: 3
    Index: [0, 0, 0]
    Size: [193, 229, 193]
  RequestedRegion: 
    Dimension: 3
    Index: [0, 0, 0]
    Size: [193, 229, 193]
  Spacing: [1, 1, 1]
  Origin: [96, 132, -78]
  Direction: 
-1 0 0
0 -1 0
0 0 1

  IndexToPointMatrix: 
-1 0 0
0 -1 0
0 0 1

  PointToIndexMatrix: 
-1 0 0
0 -1 0
0 0 1

  Inverse Direction: 
-1 0 0
0 -1 0
0 0 1

  PixelContainer: 
    ImportImageContainer (0x42968b0)
      RTTI typeinfo:   itk::ImportImageContainer<unsigned long, double>
      Reference Count: 1
      Modified Time: 1200
      Debug: Off
      Object Name: 
      Observers: 
        none
      Pointer: 0x14b0dd2e5010
      Container manages memory: true
      Size: 8530021
      Capacity: 8530021

     Moving image = Image (0x42eb8e0)
  RTTI typeinfo:   itk::Image<double, 3u>
  Reference Count: 2
  Modified Time: 1593
  Debug: Off
  Object Name: 
  Observers: 
    none
  Source: (none)
  Source output name: (none)
  Release Data: Off
  Data Released: False
  Global Release Data: Off
  PipelineMTime: 0
  UpdateMTime: 1590
  RealTimeStamp: 0 seconds 
  LargestPossibleRegion: 
    Dimension: 3
    Index: [0, 0, 0]
    Size: [160, 240, 256]
  BufferedRegion: 
    Dimension: 3
    Index: [0, 0, 0]
    Size: [160, 240, 256]
  RequestedRegion: 
    Dimension: 3
    Index: [0, 0, 0]
    Size: [160, 240, 256]
  Spacing: [1, 1, 1]
  Origin: [84.1562, 106.703, -120.531]
  Direction: 
-0.999634 -0.022686 -0.0157051
0.0226898 -0.999756 0.000356376
-0.0157127 -2.98023e-08 0.999878

  IndexToPointMatrix: 
-0.999634 -0.022686 -0.0157051
0.0226898 -0.999756 0.000356376
-0.0157127 -2.98023e-08 0.999878

  PointToIndexMatrix: 
-0.999512 0.0226898 -0.0157127
-0.022686 -0.999512 -0.000183105
-0.0157089 0.000427246 0.999878

  Inverse Direction: 
-0.999512 0.0226898 -0.0157127
-0.022686 -0.999512 -0.000183105
-0.0157089 0.000427246 0.999878

  PixelContainer: 
    ImportImageContainer (0x43b4350)
      RTTI typeinfo:   itk::ImportImageContainer<unsigned long, double>
      Reference Count: 1
      Modified Time: 1587
      Debug: Off
      Object Name: 
      Observers: 
        none
      Pointer: 0x14b0d87e4010
      Container manages memory: true
      Size: 9830400
      Capacity: 9830400

     Weighting = 1
     Sampling strategy = regular
     Number of bins = 32
     Radius = 4
     Sampling percentage  = 0.25
   Transform = Affine
     Gradient step = 0.1
     Update field sigma (voxel space) = 0
     Total field sigma (voxel space) = 0
     Update field time sigma = 0
     Total field time sigma  = 0
     Number of time indices = 0
     Number of time point samples = 0
Registration using 1 total stages.

Stage 0
  iterations = 1000x500x250x100
  convergence threshold = 1e-06
  convergence window size = 10
  number of levels = 4
  using the Mattes MI metric (number of bins = 32, weight = 1, use gradient filter = 0)
  preprocessing:  winsorizing the image intensities
  Shrink factors (level 1 out of 4): [8, 8, 8]
  Shrink factors (level 2 out of 4): [4, 4, 4]
  Shrink factors (level 3 out of 4): [2, 2, 2]
  Shrink factors (level 4 out of 4): [1, 1, 1]
  smoothing sigmas per level: [3, 2, 1, 0]
  regular sampling (percentage = 0.25)

*** Running AffineTransform registration ***

DIAGNOSTIC,Iteration,metricValue,convergenceValue,ITERATION_TIME_INDEX,SINCE_LAST
 2DIAGNOSTIC,     1, -5.313530778513e-01, 1.797693134862e+308, 0.0000e+00, 0.0000e+00, 
 2DIAGNOSTIC,     2, -5.324944379705e-01, 1.797693134862e+308, 0.0000e+00, 0.0000e+00, 
 2DIAGNOSTIC,     3, -5.348431232326e-01, 1.797693134862e+308, 0.0000e+00, 0.0000e+00, 
 2DIAGNOSTIC,     4, -5.390398262771e-01, 1.797693134862e+308, 0.0000e+00, 0.0000e+00, 
 2DIAGNOSTIC,     5, -5.477088757422e-01, 1.797693134862e+308, 0.0000e+00, 0.0000e+00, 
 2DIAGNOSTIC,     6, -5.698025300816e-01, 1.797693134862e+308, 0.0000e+00, 0.0000e+00, 
 2DIAGNOSTIC,     7, -5.937907474896e-01, 1.797693134862e+308, 0.0000e+00, 0.0000e+00, 
 2DIAGNOSTIC,     8, -6.333411990714e-01, 1.797693134862e+308, 0.0000e+00, 0.0000e+00, 
 2DIAGNOSTIC,     9, -7.241581731899e-01, 1.797693134862e+308, 0.0000e+00, 0.0000e+00, 
 2DIAGNOSTIC,    10, -7.457165370004e-01, 2.293078578969e-02, 0.0000e+00, 0.0000e+00, 
 2DIAGNOSTIC,    11, -7.554290790720e-01, 2.462433761998e-02, 0.0000e+00, 0.0000e+00, 
 2DIAGNOSTIC,    12, -7.732619275739e-01, 2.451052297815e-02, 0.0000e+00, 0.0000e+00, 
 2DIAGNOSTIC,    13, -7.892723454777e-01, 2.280592630494e-02, 0.0000e+00, 0.0000e+00, 
 2DIAGNOSTIC,    14, -7.955668046370e-01, 1.963281930123e-02, 0.0000e+00, 0.0000e+00, 
 2DIAGNOSTIC,    15, -7.970801842098e-01, 1.549360899942e-02, 0.0000e+00, 0.0000e+00, 
 2DIAGNOSTIC,    16, -8.056694366386e-01, 1.141354475541e-02, 0.0000e+00, 0.0000e+00, 
 2DIAGNOSTIC,    17, -8.160334734520e-01, 7.707464805612e-03, 0.0000e+00, 0.0000e+00, 
 2DIAGNOSTIC,    18, -8.175197345525e-01, 4.674411541051e-03, 0.0000e+00, 0.0000e+00, 
 2DIAGNOSTIC,    19, -8.287424126734e-01, 3.794564319083e-03, 0.0000e+00, 0.0000e+00, 
 2DIAGNOSTIC,    20, -8.363433101303e-01, 3.261769880617e-03, 0.0000e+00, 0.0000e+00, 
 2DIAGNOSTIC,    21, -8.384996008463e-01, 2.706966883774e-03, 0.0000e+00, 0.0000e+00, 
 2DIAGNOSTIC,    22, -8.433861001942e-01, 2.366742410916e-03, 0.0000e+00, 0.0000e+00, 
 2DIAGNOSTIC,    23, -8.453369440995e-01, 2.149048599563e-03, 0.0000e+00, 0.0000e+00, 
 2DIAGNOSTIC,    24, -8.456545952666e-01, 1.861869942734e-03, 0.0000e+00, 0.0000e+00, 
 2DIAGNOSTIC,    25, -8.456391188737e-01, 1.448507037334e-03, 0.0000e+00, 0.0000e+00, 
 2DIAGNOSTIC,    26, -8.457850651148e-01, 1.064942985149e-03, 0.0000e+00, 0.0000e+00, 
 2DIAGNOSTIC,    27, -8.457323088938e-01, 7.635918251730e-04, 0.0000e+00, 0.0000e+00, 
 2DIAGNOSTIC,    28, -8.454552690666e-01, 4.285929962492e-04, 0.0000e+00, 0.0000e+00, 
 2DIAGNOSTIC,    29, -8.456031092540e-01, 2.280350888009e-04, 0.0000e+00, 0.0000e+00, 
 2DIAGNOSTIC,    30, -8.454080035478e-01, 1.154364688751e-04, 0.0000e+00, 0.0000e+00, 
 2DIAGNOSTIC,    31, -8.453375149057e-01, 2.441519326306e-05, 0.0000e+00, 0.0000e+00, 
DIAGNOSTIC,Iteration,metricValue,convergenceValue,ITERATION_TIME_INDEX,SINCE_LAST
 2DIAGNOSTIC,     1, -6.885015532327e-01, 1.797693134862e+308, 0.0000e+00, 0.0000e+00, 
 2DIAGNOSTIC,     2, -6.888153978632e-01, 1.797693134862e+308, 0.0000e+00, 0.0000e+00, 
 2DIAGNOSTIC,     3, -6.891947625779e-01, 1.797693134862e+308, 0.0000e+00, 0.0000e+00, 
 2DIAGNOSTIC,     4, -6.897762364864e-01, 1.797693134862e+308, 0.0000e+00, 0.0000e+00, 
 2DIAGNOSTIC,     5, -6.904185563657e-01, 1.797693134862e+308, 0.0000e+00, 0.0000e+00, 
 2DIAGNOSTIC,     6, -6.912229632423e-01, 1.797693134862e+308, 0.0000e+00, 0.0000e+00, 
 2DIAGNOSTIC,     7, -6.923098675887e-01, 1.797693134862e+308, 0.0000e+00, 0.0000e+00, 
 2DIAGNOSTIC,     8, -6.933064373099e-01, 1.797693134862e+308, 0.0000e+00, 0.0000e+00, 
 2DIAGNOSTIC,     9, -6.931965668496e-01, 1.797693134862e+308, 0.0000e+00, 0.0000e+00, 
 2DIAGNOSTIC,    10, -6.931993298121e-01, 5.273825497111e-04, 0.0000e+00, 0.0000e+00, 
 2DIAGNOSTIC,    11, -6.932081484724e-01, 4.453765112288e-04, 0.0000e+00, 0.0000e+00, 
 2DIAGNOSTIC,    12, -6.932067612706e-01, 3.474699155854e-04, 0.0000e+00, 0.0000e+00, 
 2DIAGNOSTIC,    13, -6.932069061278e-01, 2.450788876699e-04, 0.0000e+00, 0.0000e+00, 
 2DIAGNOSTIC,    14, -6.932069061278e-01, 1.526412502613e-04, 0.0000e+00, 0.0000e+00, 
 2DIAGNOSTIC,    15, -6.932069061278e-01, 7.664889795210e-05, 0.0000e+00, 0.0000e+00, 
 2DIAGNOSTIC,    16, -6.932069061278e-01, 2.349749043136e-05, 0.0000e+00, 0.0000e+00, 
DIAGNOSTIC,Iteration,metricValue,convergenceValue,ITERATION_TIME_INDEX,SINCE_LAST
 2DIAGNOSTIC,     1, -5.885123456699e-01, 1.797693134862e+308, 0.0000e+00, 0.0000e+00, 
 2DIAGNOSTIC,     2, -5.891530058172e-01, 1.797693134862e+308, 0.0000e+00, 0.0000e+00, 
 2DIAGNOSTIC,     3, -5.900010010881e-01, 1.797693134862e+308, 0.0000e+00, 0.0000e+00, 
 2DIAGNOSTIC,     4, -5.909951259377e-01, 1.797693134862e+308, 0.0000e+00, 0.0000e+00, 
 2DIAGNOSTIC,     5, -5.919989029356e-01, 1.797693134862e+308, 0.0000e+00, 0.0000e+00, 
 2DIAGNOSTIC,     6, -5.934737988826e-01, 1.797693134862e+308, 0.0000e+00, 0.0000e+00, 
 2DIAGNOSTIC,     7, -5.934122109990e-01, 1.797693134862e+308, 0.0000e+00, 0.0000e+00, 
 2DIAGNOSTIC,     8, -5.934193842217e-01, 1.797693134862e+308, 0.0000e+00, 0.0000e+00, 
 2DIAGNOSTIC,     9, -5.934162256307e-01, 1.797693134862e+308, 0.0000e+00, 0.0000e+00, 
 2DIAGNOSTIC,    10, -5.933882769278e-01, 5.980868129090e-04, 0.0000e+00, 0.0000e+00, 
 2DIAGNOSTIC,    11, -5.933871363974e-01, 4.202119268278e-04, 0.0000e+00, 0.0000e+00, 
 2DIAGNOSTIC,    12, -5.934016549795e-01, 2.608695978660e-04, 0.0000e+00, 0.0000e+00, 
 2DIAGNOSTIC,    13, -5.934016081965e-01, 1.343936572907e-04, 0.0000e+00, 0.0000e+00, 
 2DIAGNOSTIC,    14, -5.934019075381e-01, 4.777455525053e-05, 0.0000e+00, 0.0000e+00, 
DIAGNOSTIC,Iteration,metricValue,convergenceValue,ITERATION_TIME_INDEX,SINCE_LAST
 2DIAGNOSTIC,     1, -5.271054872805e-01, 1.797693134862e+308, 0.0000e+00, 0.0000e+00, 
 2DIAGNOSTIC,     2, -5.271868238156e-01, 1.797693134862e+308, 0.0000e+00, 0.0000e+00, 
 2DIAGNOSTIC,     3, -5.273153318585e-01, 1.797693134862e+308, 0.0000e+00, 0.0000e+00, 
 2DIAGNOSTIC,     4, -5.274462318165e-01, 1.797693134862e+308, 0.0000e+00, 0.0000e+00, 
 2DIAGNOSTIC,     5, -5.275650806847e-01, 1.797693134862e+308, 0.0000e+00, 0.0000e+00, 
 2DIAGNOSTIC,     6, -5.276144632933e-01, 1.797693134862e+308, 0.0000e+00, 0.0000e+00, 
 2DIAGNOSTIC,     7, -5.276196303558e-01, 1.797693134862e+308, 0.0000e+00, 0.0000e+00, 
 2DIAGNOSTIC,     8, -5.276286733764e-01, 1.797693134862e+308, 0.0000e+00, 0.0000e+00, 
 2DIAGNOSTIC,     9, -5.276282901313e-01, 1.797693134862e+308, 0.0000e+00, 0.0000e+00, 
 2DIAGNOSTIC,    10, -5.276375980261e-01, 6.998169875840e-05, 0.0000e+00, 0.0000e+00, 
 2DIAGNOSTIC,    11, -5.276394384701e-01, 4.724001839498e-05, 0.0000e+00, 0.0000e+00, 
 2DIAGNOSTIC,    12, -5.276444757866e-01, 2.822886466938e-05, 0.0000e+00, 0.0000e+00, 
 2DIAGNOSTIC,    13, -5.276531626283e-01, 1.550338473132e-05, 0.0000e+00, 0.0000e+00, 
 2DIAGNOSTIC,    14, -5.276594684714e-01, 8.625611038537e-06, 0.0000e+00, 0.0000e+00, 
 2DIAGNOSTIC,    15, -5.276585126250e-01, 6.315774794735e-06, 0.0000e+00, 0.0000e+00, 
 2DIAGNOSTIC,    16, -5.276631295142e-01, 5.774571164394e-06, 0.0000e+00, 0.0000e+00, 
 2DIAGNOSTIC,    17, -5.276664573015e-01, 5.248831784155e-06, 0.0000e+00, 0.0000e+00, 
 2DIAGNOSTIC,    18, -5.276623607591e-01, 4.652604836390e-06, 0.0000e+00, 0.0000e+00, 
 2DIAGNOSTIC,    19, -5.276813101974e-01, 4.412057056341e-06, 0.0000e+00, 0.0000e+00, 
 2DIAGNOSTIC,    20, -5.276727381762e-01, 3.983863217809e-06, 0.0000e+00, 0.0000e+00, 
 2DIAGNOSTIC,    21, -5.276839196862e-01, 3.749726758012e-06, 0.0000e+00, 0.0000e+00, 
 2DIAGNOSTIC,    22, -5.276856017150e-01, 3.514773566110e-06, 0.0000e+00, 0.0000e+00, 
 2DIAGNOSTIC,    23, -5.276871991818e-01, 3.372777043466e-06, 0.0000e+00, 0.0000e+00, 
 2DIAGNOSTIC,    24, -5.276873156668e-01, 3.229081340837e-06, 0.0000e+00, 0.0000e+00, 
 2DIAGNOSTIC,    25, -5.276871585326e-01, 2.919489735277e-06, 0.0000e+00, 0.0000e+00, 
 2DIAGNOSTIC,    26, -5.276854029287e-01, 2.564901266343e-06, 0.0000e+00, 0.0000e+00, 
 2DIAGNOSTIC,    27, -5.276854791481e-01, 2.206918961946e-06, 0.0000e+00, 0.0000e+00, 
 2DIAGNOSTIC,    28, -5.276855471957e-01, 1.714146486503e-06, 0.0000e+00, 0.0000e+00, 
 2DIAGNOSTIC,    29, -5.276854716137e-01, 1.581670968948e-06, 0.0000e+00, 0.0000e+00, 
 2DIAGNOSTIC,    30, -5.276853783513e-01, 1.274557957266e-06, 0.0000e+00, 0.0000e+00, 
 2DIAGNOSTIC,    31, -5.276853228292e-01, 1.182323921940e-06, 0.0000e+00, 0.0000e+00, 
 2DIAGNOSTIC,    32, -5.276852886445e-01, 1.129304724116e-06, 0.0000e+00, 0.0000e+00, 
 2DIAGNOSTIC,    33, -5.276852786575e-01, 1.112579763755e-06, 0.0000e+00, 0.0000e+00, 
 2DIAGNOSTIC,    34, -5.276851907574e-01, 1.102919098984e-06, 0.0000e+00, 0.0000e+00, 
 2DIAGNOSTIC,    35, -5.276852792989e-01, 1.097128052661e-06, 0.0000e+00, 0.0000e+00, 
 2DIAGNOSTIC,    36, -5.276853107439e-01, 1.066751125389e-06, 0.0000e+00, 0.0000e+00, 
 2DIAGNOSTIC,    37, -5.276852599299e-01, 1.039244496927e-06, 0.0000e+00, 0.0000e+00, 
 2DIAGNOSTIC,    38, -5.276851746799e-01, 1.013776476485e-06, 0.0000e+00, 0.0000e+00, 
  Elapsed time (stage 0): 0.0000e+00


Total elapsed time: 0.0000e+00
Info [verificarlo]: loaded backend libinterflop_ieee.so
Info [interflop-ieee]: load backend with:
Info [interflop-ieee]: debug = false
Info [interflop-ieee]: debug-binary = false
Info [interflop-ieee]: no-backend-name = false
Info [interflop-ieee]: print-new-line = false
Info [interflop-ieee]: print-subnormal-normalized = false
Info [interflop-ieee]: count-op = false
All_Command_lines_OK
Using double precision for computations.
=============================================================================
The composite transform comprises the following transforms (in order): 
  1. /home/mdugre/scratch/mri-registration-rp/datasets/ds004513/derivatives/mri-registration-rp/0110/antsRegistration-r8-p12/sub-s014/affine_Composite.h5[0] (type = Euler3DTransform)
  2. /home/mdugre/scratch/mri-registration-rp/datasets/ds004513/derivatives/mri-registration-rp/0110/antsRegistration-r8-p12/sub-s014/affine_Composite.h5[1] (type = Euler3DTransform)
  3. /home/mdugre/scratch/mri-registration-rp/datasets/ds004513/derivatives/mri-registration-rp/0110/antsRegistration-r8-p12/sub-s014/affine_Composite.h5[2] (type = Euler3DTransform)
  4. /home/mdugre/scratch/mri-registration-rp/datasets/ds004513/derivatives/mri-registration-rp/0110/antsRegistration-r8-p12/sub-s014/affine_Composite.h5[3] (type = AffineTransform)
=============================================================================
  number of levels = 4
  fixed image: /templateflow/tpl-MNI152NLin2009cAsym/tpl-MNI152NLin2009cAsym_res-01_desc-brain_T1w.nii.gz
  moving image: /home/mdugre/scratch/mri-registration-rp/datasets/ds004513/derivatives/mri-registration-rp/antsBrainExtraction/sub-s014/BrainExtractionBrain.nii.gz
Dimension = 3
Number of stages = 1
Use histogram matching = false
Winsorize image intensities = true
  Lower quantile = 0.005
  Upper quantile = 0.995


Stage 1 State
   Image metric = CC
     Fixed image = Image (0x32fda40)
  RTTI typeinfo:   itk::Image<double, 3u>
  Reference Count: 2
  Modified Time: 1608
  Debug: Off
  Object Name: 
  Observers: 
    none
  Source: (none)
  Source output name: (none)
  Release Data: Off
  Data Released: False
  Global Release Data: Off
  PipelineMTime: 0
  UpdateMTime: 1217
  RealTimeStamp: 0 seconds 
  LargestPossibleRegion: 
    Dimension: 3
    Index: [0, 0, 0]
    Size: [193, 229, 193]
  BufferedRegion: 
    Dimension: 3
    Index: [0, 0, 0]
    Size: [193, 229, 193]
  RequestedRegion: 
    Dimension: 3
    Index: [0, 0, 0]
    Size: [193, 229, 193]
  Spacing: [1, 1, 1]
  Origin: [96, 132, -78]
  Direction: 
-1 0 0
0 -1 0
0 0 1

  IndexToPointMatrix: 
-1 0 0
0 -1 0
0 0 1

  PointToIndexMatrix: 
-1 0 0
0 -1 0
0 0 1

  Inverse Direction: 
-1 0 0
0 -1 0
0 0 1

  PixelContainer: 
    ImportImageContainer (0x33cc780)
      RTTI typeinfo:   itk::ImportImageContainer<unsigned long, double>
      Reference Count: 1
      Modified Time: 1214
      Debug: Off
      Object Name: 
      Observers: 
        none
      Pointer: 0x14819e3e0010
      Container manages memory: true
      Size: 8530021
      Capacity: 8530021

     Moving image = Image (0x33b9570)
  RTTI typeinfo:   itk::Image<double, 3u>
  Reference Count: 2
  Modified Time: 1609
  Debug: Off
  Object Name: 
  Observers: 
    none
  Source: (none)
  Source output name: (none)
  Release Data: Off
  Data Released: False
  Global Release Data: Off
  PipelineMTime: 0
  UpdateMTime: 1606
  RealTimeStamp: 0 seconds 
  LargestPossibleRegion: 
    Dimension: 3
    Index: [0, 0, 0]
    Size: [160, 240, 256]
  BufferedRegion: 
    Dimension: 3
    Index: [0, 0, 0]
    Size: [160, 240, 256]
  RequestedRegion: 
    Dimension: 3
    Index: [0, 0, 0]
    Size: [160, 240, 256]
  Spacing: [0.999999, 1, 1]
  Origin: [84.1637, 106.709, -120.531]
  Direction: 
-0.999619 -0.0226874 -0.0157033
0.0226846 -0.999743 0.00035635
-0.0157073 -7.8229e-09 0.999877

  IndexToPointMatrix: 
-0.999619 -0.0226874 -0.0157033
0.0226845 -0.999743 0.00035635
-0.0157073 -7.8229e-09 0.999877

  PointToIndexMatrix: 
-0.99962 0.0226846 -0.0157073
-0.0226874 -0.999743 -7.83127e-09
-0.0157033 0.00035635 0.999877

  Inverse Direction: 
-0.999619 0.0226846 -0.0157073
-0.0226874 -0.999743 -7.83127e-09
-0.0157033 0.00035635 0.999877

  PixelContainer: 
    ImportImageContainer (0x33dc0d0)
      RTTI typeinfo:   itk::ImportImageContainer<unsigned long, double>
      Reference Count: 1
      Modified Time: 1603
      Debug: Off
      Object Name: 
      Observers: 
        none
      Pointer: 0x1481998df010
      Container manages memory: true
      Size: 9830400
      Capacity: 9830400

     Weighting = 1
     Sampling strategy = none
     Number of bins = 32
     Radius = 4
     Sampling percentage  = 1
   Transform = SyN
     Gradient step = 0.1
     Update field sigma (voxel space) = 3
     Total field sigma (voxel space) = 0
     Update field time sigma = 0
     Total field time sigma  = 0
     Number of time indices = 0
     Number of time point samples = 0
Registration using 1 total stages.

Stage 0
  iterations = 100x70x50x20
  convergence threshold = 1e-06
  convergence window size = 10
  number of levels = 4
  using the CC metric (radius = 4, weight = 1, use gradient filter = 0)
  preprocessing:  winsorizing the image intensities
  Shrink factors (level 1 out of 4): [8, 8, 8]
  Shrink factors (level 2 out of 4): [4, 4, 4]
  Shrink factors (level 3 out of 4): [2, 2, 2]
  Shrink factors (level 4 out of 4): [1, 1, 1]
  smoothing sigmas per level: [3, 2, 1, 0]
  Using default NONE metricSamplingStrategy 

*** Running SyN registration (varianceForUpdateField = 3, varianceForTotalField = 0) ***

XXDIAGNOSTIC,Iteration,metricValue,convergenceValue,ITERATION_TIME_INDEX,SINCE_LAST
 1DIAGNOSTIC,     1, -9.026631928053e-01, 1.797693134862e+308, 1.0719e+00, 1.0719e+00, 
 1DIAGNOSTIC,     2, -9.069470044933e-01, 1.797693134862e+308, 1.4175e+00, 3.4566e-01, 
 1DIAGNOSTIC,     3, -9.103695391194e-01, 1.797693134862e+308, 1.7568e+00, 3.3929e-01, 
 1DIAGNOSTIC,     4, -9.124629488912e-01, 1.797693134862e+308, 2.0973e+00, 3.4049e-01, 
 1DIAGNOSTIC,     5, -9.140788312080e-01, 1.797693134862e+308, 2.4328e+00, 3.3547e-01, 
 1DIAGNOSTIC,     6, -9.153296426802e-01, 1.797693134862e+308, 2.7711e+00, 3.3829e-01, 
 1DIAGNOSTIC,     7, -9.163786240751e-01, 1.797693134862e+308, 3.1088e+00, 3.3769e-01, 
 1DIAGNOSTIC,     8, -9.172372778493e-01, 1.797693134862e+308, 3.4436e+00, 3.3480e-01, 
 1DIAGNOSTIC,     9, -9.179456043854e-01, 1.797693134862e+308, 3.7878e+00, 3.4421e-01, 
 1DIAGNOSTIC,    10, -9.185640890994e-01, 1.010489994192e-03, 4.1245e+00, 3.3666e-01, 
 1DIAGNOSTIC,    11, -9.191100611856e-01, 7.046953980422e-04, 4.4587e+00, 3.3420e-01, 
 1DIAGNOSTIC,    12, -9.195972476761e-01, 5.090457960938e-04, 4.7912e+00, 3.3253e-01, 
 1DIAGNOSTIC,    13, -9.200298566183e-01, 3.891715303259e-04, 5.1189e+00, 3.2769e-01, 
 1DIAGNOSTIC,    14, -9.204444453769e-01, 3.063868523941e-04, 5.4620e+00, 3.4307e-01, 
 1DIAGNOSTIC,    15, -9.208033268349e-01, 2.473368760087e-04, 5.8078e+00, 3.4584e-01, 
 1DIAGNOSTIC,    16, -9.211114559351e-01, 2.030808512127e-04, 6.1532e+00, 3.4542e-01, 
 1DIAGNOSTIC,    17, -9.214116963698e-01, 1.698871312338e-04, 6.4888e+00, 3.3553e-01, 
 1DIAGNOSTIC,    18, -9.216772577003e-01, 1.440173014829e-04, 6.8317e+00, 3.4293e-01, 
 1DIAGNOSTIC,    19, -9.219309218924e-01, 1.232052614358e-04, 7.1753e+00, 3.4365e-01, 
 1DIAGNOSTIC,    20, -9.221519856227e-01, 1.060400358446e-04, 7.5114e+00, 3.3603e-01, 
 1DIAGNOSTIC,    21, -9.223711120570e-01, 9.195202711027e-05, 7.8477e+00, 3.3635e-01, 
 1DIAGNOSTIC,    22, -9.225760457764e-01, 8.033858497987e-05, 8.1839e+00, 3.3619e-01, 
 1DIAGNOSTIC,    23, -9.227453566024e-01, 7.034806822714e-05, 8.5265e+00, 3.4260e-01, 
 1DIAGNOSTIC,    24, -9.229400980892e-01, 6.250691078082e-05, 8.8668e+00, 3.4035e-01, 
 1DIAGNOSTIC,    25, -9.230744612559e-01, 5.557848360212e-05, 9.2014e+00, 3.3457e-01, 
 1DIAGNOSTIC,    26, -9.232351594018e-01, 4.959667113722e-05, 9.5441e+00, 3.4272e-01, 
 1DIAGNOSTIC,    27, -9.233863162580e-01, 4.461293102843e-05, 9.9060e+00, 3.6190e-01, 
 1DIAGNOSTIC,    28, -9.235189581892e-01, 4.022895309739e-05, 1.0269e+01, 3.6297e-01, 
 1DIAGNOSTIC,    29, -9.236442340854e-01, 3.645528154769e-05, 1.0598e+01, 3.2934e-01, 
 1DIAGNOSTIC,    30, -9.237686391988e-01, 3.311013173572e-05, 1.0925e+01, 3.2693e-01, 
 1DIAGNOSTIC,    31, -9.238866791045e-01, 3.026854592524e-05, 1.1266e+01, 3.4053e-01, 
 1DIAGNOSTIC,    32, -9.239986717525e-01, 2.786020719927e-05, 1.1597e+01, 3.3125e-01, 
 1DIAGNOSTIC,    33, -9.241051764495e-01, 2.559342197815e-05, 1.1933e+01, 3.3558e-01, 
 1DIAGNOSTIC,    34, -9.242068169309e-01, 2.379607700335e-05, 1.2275e+01, 3.4253e-01, 
 1DIAGNOSTIC,    35, -9.243031258148e-01, 2.193654533426e-05, 1.2623e+01, 3.4800e-01, 
 1DIAGNOSTIC,    36, -9.243970992868e-01, 2.033846246810e-05, 1.2950e+01, 3.2721e-01, 
 1DIAGNOSTIC,    37, -9.244869959228e-01, 1.896481618662e-05, 1.3289e+01, 3.3903e-01, 
 1DIAGNOSTIC,    38, -9.245731919178e-01, 1.769734835310e-05, 1.3621e+01, 3.3152e-01, 
 1DIAGNOSTIC,    39, -9.246561525202e-01, 1.651684496647e-05, 1.3966e+01, 3.4547e-01, 
 1DIAGNOSTIC,    40, -9.247358145486e-01, 1.545459206545e-05, 1.4308e+01, 3.4119e-01, 
 1DIAGNOSTIC,    41, -9.248121984815e-01, 1.449179867936e-05, 1.4644e+01, 3.3659e-01, 
 1DIAGNOSTIC,    42, -9.248851132411e-01, 1.360792374539e-05, 1.4982e+01, 3.3802e-01, 
 1DIAGNOSTIC,    43, -9.249546767875e-01, 1.278626899165e-05, 1.5331e+01, 3.4861e-01, 
 1DIAGNOSTIC,    44, -9.250213112059e-01, 1.201704155155e-05, 1.5659e+01, 3.2847e-01, 
 1DIAGNOSTIC,    45, -9.250854984987e-01, 1.128920326096e-05, 1.5989e+01, 3.2932e-01, 
 1DIAGNOSTIC,    46, -9.251467359204e-01, 1.060910626316e-05, 1.6329e+01, 3.4072e-01, 
 1DIAGNOSTIC,    47, -9.252050060208e-01, 9.969637317798e-06, 1.6657e+01, 3.2756e-01, 
 1DIAGNOSTIC,    48, -9.252608735962e-01, 9.369125718927e-06, 1.6992e+01, 3.3538e-01, 
 1DIAGNOSTIC,    49, -9.253141901768e-01, 8.806641783897e-06, 1.7328e+01, 3.3611e-01, 
 1DIAGNOSTIC,    50, -9.253648510440e-01, 8.279019967351e-06, 1.7673e+01, 3.4446e-01, 
 1DIAGNOSTIC,    51, -9.254703067133e-01, 8.129921889161e-06, 1.8017e+01, 3.4430e-01, 
 1DIAGNOSTIC,    52, -9.255165673117e-01, 7.955235957261e-06, 1.8354e+01, 3.3690e-01, 
 1DIAGNOSTIC,    53, -9.255606465477e-01, 7.739754888419e-06, 1.8683e+01, 3.2943e-01, 
 1DIAGNOSTIC,    54, -9.256025678582e-01, 7.464583722618e-06, 1.9021e+01, 3.3741e-01, 
 1DIAGNOSTIC,    55, -9.256424651292e-01, 7.114521538759e-06, 1.9356e+01, 3.3478e-01, 
 1DIAGNOSTIC,    56, -9.256804006268e-01, 6.683348012126e-06, 1.9683e+01, 3.2756e-01, 
 1DIAGNOSTIC,    57, -9.257169312996e-01, 6.185160486089e-06, 2.0019e+01, 3.3588e-01, 
 1DIAGNOSTIC,    58, -9.257519703089e-01, 5.645617388698e-06, 2.0356e+01, 3.3652e-01, 
 1DIAGNOSTIC,    59, -9.257854276577e-01, 5.085868361624e-06, 2.0697e+01, 3.4108e-01, 
 1DIAGNOSTIC,    60, -9.258172681300e-01, 4.517930168747e-06, 2.1068e+01, 3.7138e-01, 
 1DIAGNOSTIC,    61, -9.258268321461e-01, 4.161489627126e-06, 2.1411e+01, 3.4342e-01, 
 1DIAGNOSTIC,    62, -9.258562429567e-01, 3.840955499101e-06, 2.1754e+01, 3.4297e-01, 
 1DIAGNOSTIC,    63, -9.258841857331e-01, 3.557115629580e-06, 2.2100e+01, 3.4513e-01, 
 1DIAGNOSTIC,    64, -9.259106918563e-01, 3.312217354706e-06, 2.2428e+01, 3.2805e-01, 
 1DIAGNOSTIC,    65, -9.259325969043e-01, 3.093534008649e-06, 2.2764e+01, 3.3675e-01, 
 1DIAGNOSTIC,    66, -9.259568792557e-01, 2.919786229415e-06, 2.3103e+01, 3.3814e-01, 
 1DIAGNOSTIC,    67, -9.259799188348e-01, 2.787172075851e-06, 2.3433e+01, 3.3002e-01, 
 1DIAGNOSTIC,    68, -9.259996536274e-01, 2.678925563831e-06, 2.3808e+01, 3.7545e-01, 
 1DIAGNOSTIC,    69, -9.260195285815e-01, 2.595208042765e-06, 2.4153e+01, 3.4547e-01, 
 1DIAGNOSTIC,    70, -9.260392132218e-01, 2.535129929353e-06, 2.4540e+01, 3.8686e-01, 
 1DIAGNOSTIC,    71, -9.260577427605e-01, 2.395306188797e-06, 2.4897e+01, 3.5660e-01, 
 1DIAGNOSTIC,    72, -9.260752343904e-01, 2.269599525326e-06, 2.5242e+01, 3.4508e-01, 
 1DIAGNOSTIC,    73, -9.260917562481e-01, 2.156458352534e-06, 2.5634e+01, 3.9215e-01, 
 1DIAGNOSTIC,    74, -9.261074677094e-01, 2.054540315091e-06, 2.6004e+01, 3.6981e-01, 
 1DIAGNOSTIC,    75, -9.261221169882e-01, 1.946597619942e-06, 2.6392e+01, 3.8817e-01, 
 1DIAGNOSTIC,    76, -9.261572077691e-01, 1.933205269190e-06, 2.6740e+01, 3.4833e-01, 
 1DIAGNOSTIC,    77, -9.261704680728e-01, 1.915239596620e-06, 2.7073e+01, 3.3246e-01, 
 1DIAGNOSTIC,    78, -9.261997747079e-01, 1.945839570127e-06, 2.7416e+01, 3.4276e-01, 
 1DIAGNOSTIC,    79, -9.262088496591e-01, 1.937982934446e-06, 2.7784e+01, 3.6850e-01, 
 1DIAGNOSTIC,    80, -9.262135854054e-01, 1.875460272251e-06, 2.8132e+01, 3.4740e-01, 
 1DIAGNOSTIC,    81, -9.262191744747e-01, 1.762423675123e-06, 2.8480e+01, 3.4881e-01, 
 1DIAGNOSTIC,    82, -9.262249229597e-01, 1.605449385125e-06, 2.8832e+01, 3.5174e-01, 
 1DIAGNOSTIC,    83, -9.262309581937e-01, 1.417300413989e-06, 2.9172e+01, 3.3939e-01, 
 1DIAGNOSTIC,    84, -9.262371086887e-01, 1.213681948924e-06, 2.9506e+01, 3.3456e-01, 
 1DIAGNOSTIC,    85, -9.262431984675e-01, 1.007531003253e-06, 2.9835e+01, 3.2915e-01, 
 1DIAGNOSTIC,    86, -9.262492353816e-01, 8.922463276655e-07, 3.0197e+01, 3.6215e-01, 
XXDIAGNOSTIC,Iteration,metricValue,convergenceValue,ITERATION_TIME_INDEX,SINCE_LAST
 1DIAGNOSTIC,     1, -8.415970379540e-01, 1.797693134862e+308, 3.3179e+01, 2.9819e+00, 
 1DIAGNOSTIC,     2, -8.459753535545e-01, 1.797693134862e+308, 3.5591e+01, 2.4116e+00, 
 1DIAGNOSTIC,     3, -8.496504532978e-01, 1.797693134862e+308, 3.7960e+01, 2.3688e+00, 
 1DIAGNOSTIC,     4, -8.528808821997e-01, 1.797693134862e+308, 4.0339e+01, 2.3797e+00, 
 1DIAGNOSTIC,     5, -8.556297230147e-01, 1.797693134862e+308, 4.2510e+01, 2.1708e+00, 
 1DIAGNOSTIC,     6, -8.580140150323e-01, 1.797693134862e+308, 4.4970e+01, 2.4601e+00, 
 1DIAGNOSTIC,     7, -8.602019875961e-01, 1.797693134862e+308, 4.7602e+01, 2.6315e+00, 
 1DIAGNOSTIC,     8, -8.622020370812e-01, 1.797693134862e+308, 4.9796e+01, 2.1943e+00, 
 1DIAGNOSTIC,     9, -8.640117665275e-01, 1.797693134862e+308, 5.1994e+01, 2.1976e+00, 
 1DIAGNOSTIC,    10, -8.656572901969e-01, 1.745195691032e-03, 5.4178e+01, 2.1841e+00, 
 1DIAGNOSTIC,    11, -8.671739516382e-01, 1.403201610952e-03, 5.6575e+01, 2.3976e+00, 
 1DIAGNOSTIC,    12, -8.684765246320e-01, 1.148271877141e-03, 5.8815e+01, 2.2396e+00, 
 1DIAGNOSTIC,    13, -8.698462301767e-01, 9.564734200780e-04, 6.1329e+01, 2.5139e+00, 
 1DIAGNOSTIC,    14, -8.710369836795e-01, 8.088435712748e-04, 6.3576e+01, 2.2475e+00, 
 1DIAGNOSTIC,    15, -8.723019547919e-01, 6.949047669589e-04, 6.5818e+01, 2.2417e+00, 
 1DIAGNOSTIC,    16, -8.733545281200e-01, 6.018415294307e-04, 6.8146e+01, 2.3275e+00, 
 1DIAGNOSTIC,    17, -8.745122335593e-01, 5.288381505272e-04, 7.0395e+01, 2.2494e+00, 
 1DIAGNOSTIC,    18, -8.753730067297e-01, 4.670315564106e-04, 7.2615e+01, 2.2205e+00, 
 1DIAGNOSTIC,    19, -8.764674751409e-01, 4.184931787775e-04, 7.4793e+01, 2.1778e+00, 
 1DIAGNOSTIC,    20, -8.772760681537e-01, 3.759076052307e-04, 7.6977e+01, 2.1835e+00, 
 1DIAGNOSTIC,    21, -8.782075913255e-01, 3.405141351156e-04, 7.9181e+01, 2.2043e+00, 
 1DIAGNOSTIC,    22, -8.790271669943e-01, 3.079761126760e-04, 8.2150e+01, 2.9690e+00, 
 1DIAGNOSTIC,    23, -8.797369816187e-01, 2.789753881178e-04, 8.4846e+01, 2.6960e+00, 
 1DIAGNOSTIC,    24, -8.805183835397e-01, 2.530279597163e-04, 8.7516e+01, 2.6698e+00, 
 1DIAGNOSTIC,    25, -8.811127823965e-01, 2.296254274170e-04, 8.9781e+01, 2.2653e+00, 
 1DIAGNOSTIC,    26, -8.817535512819e-01, 2.076261598542e-04, 9.1995e+01, 2.2137e+00, 
 1DIAGNOSTIC,    27, -8.823418859867e-01, 1.888130572010e-04, 9.4588e+01, 2.5933e+00, 
 1DIAGNOSTIC,    28, -8.828848140677e-01, 1.697952382312e-04, 9.7053e+01, 2.4650e+00, 
 1DIAGNOSTIC,    29, -8.833663629937e-01, 1.537903582494e-04, 9.9499e+01, 2.4457e+00, 
 1DIAGNOSTIC,    30, -8.838124597638e-01, 1.379048210419e-04, 1.0185e+02, 2.3537e+00, 
 1DIAGNOSTIC,    31, -8.842277895573e-01, 1.241374480497e-04, 1.0417e+02, 2.3152e+00, 
 1DIAGNOSTIC,    32, -8.846072356186e-01, 1.116685361229e-04, 1.0651e+02, 2.3423e+00, 
 1DIAGNOSTIC,    33, -8.849494056371e-01, 9.971119734764e-05, 1.0870e+02, 2.1896e+00, 
 1DIAGNOSTIC,    34, -8.852653587949e-01, 8.952647697696e-05, 1.1090e+02, 2.2009e+00, 
 1DIAGNOSTIC,    35, -8.855682579911e-01, 7.976284810788e-05, 1.1314e+02, 2.2431e+00, 
 1DIAGNOSTIC,    36, -8.858503955001e-01, 7.129971050307e-05, 1.1541e+02, 2.2713e+00, 
 1DIAGNOSTIC,    37, -8.861075849025e-01, 6.394785142720e-05, 1.1786e+02, 2.4466e+00, 
 1DIAGNOSTIC,    38, -8.863547098992e-01, 5.767355811654e-05, 1.2029e+02, 2.4310e+00, 
 1DIAGNOSTIC,    39, -8.865845031288e-01, 5.217402136109e-05, 1.2261e+02, 2.3161e+00, 
 1DIAGNOSTIC,    40, -8.868046098079e-01, 4.740623833790e-05, 1.2480e+02, 2.1956e+00, 
 1DIAGNOSTIC,    41, -8.870299587769e-01, 4.344645710664e-05, 1.2699e+02, 2.1849e+00, 
 1DIAGNOSTIC,    42, -8.872171991736e-01, 3.993371169673e-05, 1.2929e+02, 2.2965e+00, 
 1DIAGNOSTIC,    43, -8.873937580976e-01, 3.672125559228e-05, 1.3156e+02, 2.2710e+00, 
 1DIAGNOSTIC,    44, -8.874635481802e-01, 3.302386124174e-05, 1.3403e+02, 2.4689e+00, 
 1DIAGNOSTIC,    45, -8.876325237014e-01, 2.978738822769e-05, 1.3634e+02, 2.3167e+00, 
 1DIAGNOSTIC,    46, -8.877975309120e-01, 2.701783855099e-05, 1.3854e+02, 2.1972e+00, 
 1DIAGNOSTIC,    47, -8.878579964419e-01, 2.399435153589e-05, 1.4073e+02, 2.1902e+00, 
 1DIAGNOSTIC,    48, -8.879187050027e-01, 2.093921491225e-05, 1.4292e+02, 2.1913e+00, 
 1DIAGNOSTIC,    49, -8.880761957212e-01, 1.862338975613e-05, 1.4514e+02, 2.2239e+00, 
 1DIAGNOSTIC,    50, -8.882264438710e-01, 1.703041191752e-05, 1.4742e+02, 2.2789e+00, 
 1DIAGNOSTIC,    51, -8.882709055134e-01, 1.559914789779e-05, 1.4976e+02, 2.3403e+00, 
 1DIAGNOSTIC,    52, -8.883135325603e-01, 1.421923584272e-05, 1.5210e+02, 2.3372e+00, 
 1DIAGNOSTIC,    53, -8.884573256156e-01, 1.356166149742e-05, 1.5471e+02, 2.6119e+00, 
 1DIAGNOSTIC,    54, -8.885929170516e-01, 1.286816246166e-05, 1.5725e+02, 2.5394e+00, 
 1DIAGNOSTIC,    55, -8.886243008221e-01, 1.215595664306e-05, 1.6007e+02, 2.8155e+00, 
 1DIAGNOSTIC,    56, -8.886617974778e-01, 1.154729366932e-05, 1.6265e+02, 2.5841e+00, 
 1DIAGNOSTIC,    57, -8.887872145703e-01, 1.097690648413e-05, 1.6520e+02, 2.5433e+00, 
 1DIAGNOSTIC,    58, -8.888074168066e-01, 9.834232575192e-06, 1.6749e+02, 2.2959e+00, 
 1DIAGNOSTIC,    59, -8.888385778195e-01, 8.848674682437e-06, 1.7005e+02, 2.5567e+00, 
 1DIAGNOSTIC,    60, -8.889578447064e-01, 8.560651748393e-06, 1.7232e+02, 2.2714e+00, 
 1DIAGNOSTIC,    61, -8.890783185032e-01, 8.378379461244e-06, 1.7453e+02, 2.2143e+00, 
 1DIAGNOSTIC,    62, -8.890918865999e-01, 7.709439174459e-06, 1.7698e+02, 2.4487e+00, 
 1DIAGNOSTIC,    63, -8.891031616980e-01, 7.161508524093e-06, 1.7935e+02, 2.3651e+00, 
 1DIAGNOSTIC,    64, -8.892121877694e-01, 7.237979730342e-06, 1.8166e+02, 2.3124e+00, 
 1DIAGNOSTIC,    65, -8.892322277044e-01, 6.896429026879e-06, 1.8389e+02, 2.2309e+00, 
 1DIAGNOSTIC,    66, -8.892438883287e-01, 6.167635466268e-06, 1.8625e+02, 2.3578e+00, 
 1DIAGNOSTIC,    67, -8.893528765173e-01, 6.056939013364e-06, 1.8847e+02, 2.2186e+00, 
 1DIAGNOSTIC,    68, -8.893588550410e-01, 5.532736633427e-06, 1.9080e+02, 2.3344e+00, 
 1DIAGNOSTIC,    69, -8.893700200666e-01, 4.723227793281e-06, 1.9322e+02, 2.4195e+00, 
 1DIAGNOSTIC,    70, -8.894770350414e-01, 4.559628105241e-06, 1.9549e+02, 2.2710e+00, 
XXDIAGNOSTIC,Iteration,metricValue,convergenceValue,ITERATION_TIME_INDEX,SINCE_LAST
 1DIAGNOSTIC,     1, -8.497542507556e-01, 1.797693134862e+308, 2.1612e+02, 2.0632e+01, 
 1DIAGNOSTIC,     2, -8.530397299755e-01, 1.797693134862e+308, 2.3411e+02, 1.7982e+01, 
 1DIAGNOSTIC,     3, -8.562535226002e-01, 1.797693134862e+308, 2.5284e+02, 1.8731e+01, 
 1DIAGNOSTIC,     4, -8.594694110778e-01, 1.797693134862e+308, 2.7114e+02, 1.8302e+01, 
 1DIAGNOSTIC,     5, -8.624703732457e-01, 1.797693134862e+308, 2.9213e+02, 2.0987e+01, 
 1DIAGNOSTIC,     6, -8.653198049346e-01, 1.797693134862e+308, 3.1291e+02, 2.0787e+01, 
 1DIAGNOSTIC,     7, -8.679564638970e-01, 1.797693134862e+308, 3.3369e+02, 2.0780e+01, 
 1DIAGNOSTIC,     8, -8.703198818506e-01, 1.797693134862e+308, 3.5419e+02, 2.0499e+01, 
 1DIAGNOSTIC,     9, -8.723149993556e-01, 1.797693134862e+308, 3.7294e+02, 1.8751e+01, 
 1DIAGNOSTIC,    10, -8.742583766261e-01, 1.835719448719e-03, 3.9262e+02, 1.9679e+01, 
 1DIAGNOSTIC,    11, -8.758944153828e-01, 1.548540620011e-03, 4.1190e+02, 1.9277e+01, 
 1DIAGNOSTIC,    12, -8.773641953832e-01, 1.299736304011e-03, 4.3021e+02, 1.8309e+01, 
 1DIAGNOSTIC,    13, -8.785082291148e-01, 1.081126128700e-03, 4.4856e+02, 1.8353e+01, 
 1DIAGNOSTIC,    14, -8.798750198390e-01, 9.023492503291e-04, 4.6854e+02, 1.9979e+01, 
 1DIAGNOSTIC,    15, -8.808076977264e-01, 7.501432067080e-04, 4.8661e+02, 1.8070e+01, 
 1DIAGNOSTIC,    16, -8.818612088320e-01, 6.274671652876e-04, 5.0592e+02, 1.9305e+01, 
 1DIAGNOSTIC,    17, -8.826282526247e-01, 5.264398284149e-04, 5.2532e+02, 1.9400e+01, 
 1DIAGNOSTIC,    18, -8.833390141064e-01, 4.435439337206e-04, 5.4491e+02, 1.9597e+01, 
 1DIAGNOSTIC,    19, -8.840075174399e-01, 3.736710117996e-04, 5.6499e+02, 2.0075e+01, 
 1DIAGNOSTIC,    20, -8.846281659943e-01, 3.175707596017e-04, 5.8545e+02, 2.0459e+01, 
 1DIAGNOSTIC,    21, -8.852045812392e-01, 2.713394130065e-04, 6.0372e+02, 1.8276e+01, 
 1DIAGNOSTIC,    22, -8.857426379532e-01, 2.336137555807e-04, 6.2262e+02, 1.8894e+01, 
 1DIAGNOSTIC,    23, -8.862502154788e-01, 2.004840053364e-04, 6.4213e+02, 1.9517e+01, 
 1DIAGNOSTIC,    24, -8.867247439341e-01, 1.762144332214e-04, 6.6067e+02, 1.8534e+01, 
 1DIAGNOSTIC,    25, -8.871706906869e-01, 1.551114820639e-04, 6.8073e+02, 2.0066e+01, 
 1DIAGNOSTIC,    26, -8.875802591305e-01, 1.392707516367e-04, 7.0174e+02, 2.1004e+01, 
 1DIAGNOSTIC,    27, -8.879613905814e-01, 1.252546252386e-04, 7.2319e+02, 2.1455e+01, 
 1DIAGNOSTIC,    28, -8.883162565266e-01, 1.127449489902e-04, 7.4459e+02, 2.1393e+01, 
 1DIAGNOSTIC,    29, -8.886559681374e-01, 1.017044643322e-04, 7.6294e+02, 1.8353e+01, 
 1DIAGNOSTIC,    30, -8.889768974304e-01, 9.194370543308e-05, 7.8303e+02, 2.0089e+01, 
 1DIAGNOSTIC,    31, -8.892856820272e-01, 8.335691558545e-05, 8.0224e+02, 1.9209e+01, 
 1DIAGNOSTIC,    32, -8.895812899255e-01, 7.584624095083e-05, 8.2050e+02, 1.8268e+01, 
 1DIAGNOSTIC,    33, -8.898584805231e-01, 6.930052708763e-05, 8.4174e+02, 2.1236e+01, 
 1DIAGNOSTIC,    34, -8.901239983238e-01, 6.361333640856e-05, 8.6114e+02, 1.9399e+01, 
 1DIAGNOSTIC,    35, -8.903810048603e-01, 5.871711939396e-05, 8.7954e+02, 1.8401e+01, 
 1DIAGNOSTIC,    36, -8.906296707984e-01, 5.443757626757e-05, 8.9902e+02, 1.9477e+01, 
 1DIAGNOSTIC,    37, -8.908704716588e-01, 5.066192008462e-05, 9.1756e+02, 1.8538e+01, 
 1DIAGNOSTIC,    38, -8.911069672357e-01, 4.731110902490e-05, 9.3727e+02, 1.9717e+01, 
 1DIAGNOSTIC,    39, -8.913359123541e-01, 4.435781856248e-05, 9.5632e+02, 1.9048e+01, 
 1DIAGNOSTIC,    40, -8.915628983867e-01, 4.177015781888e-05, 9.7716e+02, 2.0836e+01, 
 1DIAGNOSTIC,    41, -8.917837712682e-01, 3.951764091481e-05, 9.9764e+02, 2.0481e+01, 
 1DIAGNOSTIC,    42, -8.920008850939e-01, 3.756607070977e-05, 1.0166e+03, 1.8923e+01, 
 1DIAGNOSTIC,    43, -8.922166673869e-01, 3.584324915475e-05, 1.0352e+03, 1.8667e+01, 
 1DIAGNOSTIC,    44, -8.924314080093e-01, 3.432081751333e-05, 1.0559e+03, 2.0704e+01, 
 1DIAGNOSTIC,    45, -8.926372034133e-01, 3.292777523661e-05, 1.0768e+03, 2.0866e+01, 
 1DIAGNOSTIC,    46, -8.928444825526e-01, 3.166976311942e-05, 1.0971e+03, 2.0262e+01, 
 1DIAGNOSTIC,    47, -8.930411060924e-01, 3.046168996225e-05, 1.1174e+03, 2.0338e+01, 
 1DIAGNOSTIC,    48, -8.932191866863e-01, 2.919958796940e-05, 1.1382e+03, 2.0819e+01, 
 1DIAGNOSTIC,    49, -8.933833276109e-01, 2.780765058261e-05, 1.1562e+03, 1.7977e+01, 
 1DIAGNOSTIC,    50, -8.935365855014e-01, 2.628838082878e-05, 1.1744e+03, 1.8222e+01, 
XXDIAGNOSTIC,Iteration,metricValue,convergenceValue,ITERATION_TIME_INDEX,SINCE_LAST
 1DIAGNOSTIC,     1, -8.674672610510e-01, 1.797693134862e+308, 1.3366e+03, 1.6220e+02, 
 1DIAGNOSTIC,     2, -8.684834636459e-01, 1.797693134862e+308, 1.4909e+03, 1.5431e+02, 
 1DIAGNOSTIC,     3, -8.698769449604e-01, 1.797693134862e+308, 1.7000e+03, 2.0909e+02, 
 1DIAGNOSTIC,     4, -8.712514377586e-01, 1.797693134862e+308, 1.8593e+03, 1.5928e+02, 
 1DIAGNOSTIC,     5, -8.725097483977e-01, 1.797693134862e+308, 2.0079e+03, 1.4864e+02, 
 1DIAGNOSTIC,     6, -8.738507546541e-01, 1.797693134862e+308, 2.1706e+03, 1.6267e+02, 
 1DIAGNOSTIC,     7, -8.751689646320e-01, 1.797693134862e+308, 2.3312e+03, 1.6056e+02, 
 1DIAGNOSTIC,     8, -8.763819770135e-01, 1.797693134862e+308, 2.4948e+03, 1.6361e+02, 
 1DIAGNOSTIC,     9, -8.774455789403e-01, 1.797693134862e+308, 2.6552e+03, 1.6042e+02, 
 1DIAGNOSTIC,    10, -8.784510906562e-01, 8.310136793321e-04, 2.8274e+03, 1.7224e+02, 
 1DIAGNOSTIC,    11, -8.794178716113e-01, 7.362958573309e-04, 2.9981e+03, 1.7065e+02, 
 1DIAGNOSTIC,    12, -8.804000588276e-01, 6.449285952051e-04, 3.1686e+03, 1.7048e+02, 
 1DIAGNOSTIC,    13, -8.811925149867e-01, 5.635497347191e-04, 3.3379e+03, 1.6930e+02, 
 1DIAGNOSTIC,    14, -8.819573681366e-01, 4.920716707471e-04, 3.5201e+03, 1.8229e+02, 
 1DIAGNOSTIC,    15, -8.826754797933e-01, 4.277258073971e-04, 3.6981e+03, 1.7790e+02, 
 1DIAGNOSTIC,    16, -8.833629872897e-01, 3.730113238874e-04, 3.8649e+03, 1.6688e+02, 
 1DIAGNOSTIC,    17, -8.840315577574e-01, 3.279966110392e-04, 4.0202e+03, 1.5522e+02, 
 1DIAGNOSTIC,    18, -8.846862968589e-01, 2.911302925571e-04, 4.1977e+03, 1.7759e+02, 
 1DIAGNOSTIC,    19, -8.853047539473e-01, 2.597097789171e-04, 4.3700e+03, 1.7227e+02, 
 1DIAGNOSTIC,    20, -8.858928349268e-01, 2.329623456283e-04, 4.5364e+03, 1.6635e+02, 
  Elapsed time (stage 0): 4537.79


Total elapsed time: 4537.8
