
##########################
# Experiment information #
##########################

EXPERIMENT_NAME: antsRegistration-r7-p10
VFC_BACKENDS: libinterflop_vprec.so --range-binary32=7 --precision-binary32=10 --range-binary64=7 --precision-binary64=10

SIF_IMG: /home/mdugre/projects/rrg-glatard/mdugre/containers/ants-vprec-no_metrics.simg

SUBJECT_ID: s014
INPUT_IMG: /home/mdugre/scratch/mri-registration-rp/datasets/ds004513/derivatives/mri-registration-rp/antsBrainExtraction/sub-s014/BrainExtractionBrain.nii.gz
OUTPUT_DIR: /home/mdugre/scratch/mri-registration-rp/datasets/ds004513/derivatives/mri-registration-rp/0110/antsRegistration-r7-p10/sub-s014

FIXED_IMG: /templateflow/tpl-MNI152NLin2009cAsym/tpl-MNI152NLin2009cAsym_res-01_desc-brain_T1w.nii.gz
DATA_DIR: /home/mdugre/scratch/mri-registration-rp/datasets/ds004513
TEMPLATEFLOW_DIR: /home/mdugre/projects/rrg-glatard/mdugre/templateflow
ITK_GLOBAL_DEFAULT_NUMBER_OF_THREADS: 16
##########################

Info [verificarlo]: loaded backend libinterflop_ieee.so
Info [interflop-ieee]: load backend with:
Info [interflop-ieee]: debug = false
Info [interflop-ieee]: debug-binary = false
Info [interflop-ieee]: no-backend-name = false
Info [interflop-ieee]: print-new-line = false
Info [interflop-ieee]: print-subnormal-normalized = false
Info [interflop-ieee]: count-op = false
All_Command_lines_OK
Using double precision for computations.
=============================================================================
The composite transform comprises the following transforms (in order): 
  1. Center of mass alignment using fixed image: /templateflow/tpl-MNI152NLin2009cAsym/tpl-MNI152NLin2009cAsym_res-01_desc-brain_T1w.nii.gz and moving image: /home/mdugre/scratch/mri-registration-rp/datasets/ds004513/derivatives/mri-registration-rp/antsBrainExtraction/sub-s014/BrainExtractionBrain.nii.gz (type = Euler3DTransform)
=============================================================================
  number of levels = 1
  fixed image: /templateflow/tpl-MNI152NLin2009cAsym/tpl-MNI152NLin2009cAsym_res-01_desc-brain_T1w.nii.gz
  moving image: /home/mdugre/scratch/mri-registration-rp/datasets/ds004513/derivatives/mri-registration-rp/antsBrainExtraction/sub-s014/BrainExtractionBrain.nii.gz
Dimension = 3
Number of stages = 1
Use histogram matching = false
Winsorize image intensities = true
  Lower quantile = 0.005
  Upper quantile = 0.995


Stage 1 State
   Image metric = MattesMI
     Fixed image = Image (0x50f0e70)
  RTTI typeinfo:   itk::Image<double, 3u>
  Reference Count: 2
  Modified Time: 2334
  Debug: Off
  Object Name: 
  Observers: 
    none
  Source: (none)
  Source output name: (none)
  Release Data: Off
  Data Released: False
  Global Release Data: Off
  PipelineMTime: 0
  UpdateMTime: 1943
  RealTimeStamp: 0 seconds 
  LargestPossibleRegion: 
    Dimension: 3
    Index: [0, 0, 0]
    Size: [193, 229, 193]
  BufferedRegion: 
    Dimension: 3
    Index: [0, 0, 0]
    Size: [193, 229, 193]
  RequestedRegion: 
    Dimension: 3
    Index: [0, 0, 0]
    Size: [193, 229, 193]
  Spacing: [1, 1, 1]
  Origin: [96, 132, -78]
  Direction: 
-1 0 0
0 -1 0
0 0 1

  IndexToPointMatrix: 
-1 0 0
0 -1 0
0 0 1

  PointToIndexMatrix: 
-1 0 0
0 -1 0
0 0 1

  Inverse Direction: 
-1 0 0
0 -1 0
0 0 1

  PixelContainer: 
    ImportImageContainer (0x50fd140)
      RTTI typeinfo:   itk::ImportImageContainer<unsigned long, double>
      Reference Count: 1
      Modified Time: 1940
      Debug: Off
      Object Name: 
      Observers: 
        none
      Pointer: 0x14cea36f4010
      Container manages memory: true
      Size: 8530021
      Capacity: 8530021

     Moving image = Image (0x50fa310)
  RTTI typeinfo:   itk::Image<double, 3u>
  Reference Count: 2
  Modified Time: 2335
  Debug: Off
  Object Name: 
  Observers: 
    none
  Source: (none)
  Source output name: (none)
  Release Data: Off
  Data Released: False
  Global Release Data: Off
  PipelineMTime: 0
  UpdateMTime: 2332
  RealTimeStamp: 0 seconds 
  LargestPossibleRegion: 
    Dimension: 3
    Index: [0, 0, 0]
    Size: [160, 240, 256]
  BufferedRegion: 
    Dimension: 3
    Index: [0, 0, 0]
    Size: [160, 240, 256]
  RequestedRegion: 
    Dimension: 3
    Index: [0, 0, 0]
    Size: [160, 240, 256]
  Spacing: [0.999999, 1, 1]
  Origin: [84.1637, 106.709, -120.531]
  Direction: 
-0.999619 -0.0226874 -0.0157033
0.0226846 -0.999743 0.00035635
-0.0157073 -7.8229e-09 0.999877

  IndexToPointMatrix: 
-0.999619 -0.0226874 -0.0157033
0.0226845 -0.999743 0.00035635
-0.0157073 -7.8229e-09 0.999877

  PointToIndexMatrix: 
-0.99962 0.0226846 -0.0157073
-0.0226874 -0.999743 -7.83127e-09
-0.0157033 0.00035635 0.999877

  Inverse Direction: 
-0.999619 0.0226846 -0.0157073
-0.0226874 -0.999743 -7.83127e-09
-0.0157033 0.00035635 0.999877

  PixelContainer: 
    ImportImageContainer (0x5225610)
      RTTI typeinfo:   itk::ImportImageContainer<unsigned long, double>
      Reference Count: 1
      Modified Time: 2329
      Debug: Off
      Object Name: 
      Observers: 
        none
      Pointer: 0x14ce9ebf3010
      Container manages memory: true
      Size: 9830400
      Capacity: 9830400

     Weighting = 1
     Sampling strategy = regular
     Number of bins = 32
     Radius = 4
     Sampling percentage  = 0.25
   Transform = Rigid
     Gradient step = 0.1
     Update field sigma (voxel space) = 0
     Total field sigma (voxel space) = 0
     Update field time sigma = 0
     Total field time sigma  = 0
     Number of time indices = 0
     Number of time point samples = 0
Registration using 1 total stages.

Stage 0
  iterations = 0
  convergence threshold = 1e-06
  convergence window size = 10
  number of levels = 1
  using the Mattes MI metric (number of bins = 32, weight = 1, use gradient filter = 0)
  preprocessing:  winsorizing the image intensities
  Shrink factors (level 1 out of 1): [1, 1, 1]
  smoothing sigmas per level: [0]
  regular sampling (percentage = 0.25)

*** Running Euler3DTransform registration ***

  Elapsed time (stage 0): 1.08187


Total elapsed time: 1.08405
Info [verificarlo]: loaded backend libinterflop_vprec.so
Info [interflop-vprec]: load backend with: 
Info [interflop-vprec]: precision-binary32 = 10
Info [interflop-vprec]: range-binary32 = 7
Info [interflop-vprec]: precision-binary64 = 10
Info [interflop-vprec]: range-binary64 = 7
Info [interflop-vprec]: mode = ob
Info [interflop-vprec]: error-mode = rel
Info [interflop-vprec]: max-abs-error-exponent = -1022
Info [interflop-vprec]: daz = false
Info [interflop-vprec]: ftz = false
Info [interflop-vprec]: 	instrument = none
Info [interflop-vprec]: 	prec-input-file = (null)
Info [interflop-vprec]: 	prec-output-file = (null)
Info [interflop-vprec]: 	prec-log-file = (null)
All_Command_lines_OK
Using double precision for computations.
=============================================================================
The composite transform comprises the following transforms (in order): 
  1. /home/mdugre/scratch/mri-registration-rp/datasets/ds004513/derivatives/mri-registration-rp/0110/antsRegistration-r7-p10/sub-s014/align_Composite.h5[0] (type = Euler3DTransform)
  2. /home/mdugre/scratch/mri-registration-rp/datasets/ds004513/derivatives/mri-registration-rp/0110/antsRegistration-r7-p10/sub-s014/align_Composite.h5[1] (type = Euler3DTransform)
=============================================================================
  number of levels = 4
  fixed image: /templateflow/tpl-MNI152NLin2009cAsym/tpl-MNI152NLin2009cAsym_res-01_desc-brain_T1w.nii.gz
  moving image: /home/mdugre/scratch/mri-registration-rp/datasets/ds004513/derivatives/mri-registration-rp/antsBrainExtraction/sub-s014/BrainExtractionBrain.nii.gz
Dimension = 3
Number of stages = 1
Use histogram matching = false
Winsorize image intensities = true
  Lower quantile = 0.005
  Upper quantile = 0.995


Stage 1 State
   Image metric = MattesMI
     Fixed image = Image (0x4d1f1e0)
  RTTI typeinfo:   itk::Image<double, 3u>
  Reference Count: 2
  Modified Time: 1578
  Debug: Off
  Object Name: 
  Observers: 
    none
  Source: (none)
  Source output name: (none)
  Release Data: Off
  Data Released: False
  Global Release Data: Off
  PipelineMTime: 0
  UpdateMTime: 1189
  RealTimeStamp: 0 seconds 
  LargestPossibleRegion: 
    Dimension: 3
    Index: [0, 0, 0]
    Size: [193, 229, 193]
  BufferedRegion: 
    Dimension: 3
    Index: [0, 0, 0]
    Size: [193, 229, 193]
  RequestedRegion: 
    Dimension: 3
    Index: [0, 0, 0]
    Size: [193, 229, 193]
  Spacing: [1, 1, 1]
  Origin: [96, 132, -78]
  Direction: 
-1 0 0
0 -1 0
0 0 1

  IndexToPointMatrix: 
-1 0 0
0 -1 0
0 0 1

  PointToIndexMatrix: 
-1 0 0
0 -1 0
0 0 1

  Inverse Direction: 
-1 0 0
0 -1 0
0 0 1

  PixelContainer: 
    ImportImageContainer (0x4dde680)
      RTTI typeinfo:   itk::ImportImageContainer<unsigned long, double>
      Reference Count: 1
      Modified Time: 1186
      Debug: Off
      Object Name: 
      Observers: 
        none
      Pointer: 0x147f7e0b0010
      Container manages memory: true
      Size: 8530021
      Capacity: 8530021

     Moving image = Image (0x4ddab20)
  RTTI typeinfo:   itk::Image<double, 3u>
  Reference Count: 2
  Modified Time: 1579
  Debug: Off
  Object Name: 
  Observers: 
    none
  Source: (none)
  Source output name: (none)
  Release Data: Off
  Data Released: False
  Global Release Data: Off
  PipelineMTime: 0
  UpdateMTime: 1576
  RealTimeStamp: 0 seconds 
  LargestPossibleRegion: 
    Dimension: 3
    Index: [0, 0, 0]
    Size: [160, 240, 256]
  BufferedRegion: 
    Dimension: 3
    Index: [0, 0, 0]
    Size: [160, 240, 256]
  RequestedRegion: 
    Dimension: 3
    Index: [0, 0, 0]
    Size: [160, 240, 256]
  Spacing: [1, 1, 1]
  Origin: [84.1875, 106.688, -120.5]
  Direction: 
-0.999512 -0.0226746 -0.0157013
0.0226746 -0.999512 0.000356436
-0.015686 0 1

  IndexToPointMatrix: 
-0.999512 -0.0226746 -0.0157013
0.0226746 -0.999512 0.000356436
-0.015686 0 1

  PointToIndexMatrix: 
-1 0.0226746 -0.015686
-0.0226746 -0.999512 0
-0.015686 0.000488281 1

  Inverse Direction: 
-1 0.0226746 -0.015686
-0.0226746 -0.999512 0
-0.015686 0.000488281 1

  PixelContainer: 
    ImportImageContainer (0x4e43d50)
      RTTI typeinfo:   itk::ImportImageContainer<unsigned long, double>
      Reference Count: 1
      Modified Time: 1573
      Debug: Off
      Object Name: 
      Observers: 
        none
      Pointer: 0x147f795af010
      Container manages memory: true
      Size: 9830400
      Capacity: 9830400

     Weighting = 1
     Sampling strategy = regular
     Number of bins = 32
     Radius = 4
     Sampling percentage  = 0.25
   Transform = Rigid
     Gradient step = 0.1
     Update field sigma (voxel space) = 0
     Total field sigma (voxel space) = 0
     Update field time sigma = 0
     Total field time sigma  = 0
     Number of time indices = 0
     Number of time point samples = 0
Registration using 1 total stages.

Stage 0
  iterations = 1000x500x250x100
  convergence threshold = 1e-06
  convergence window size = 10
  number of levels = 4
  using the Mattes MI metric (number of bins = 32, weight = 1, use gradient filter = 0)
  preprocessing:  winsorizing the image intensities
  Shrink factors (level 1 out of 4): [8, 8, 8]
  Shrink factors (level 2 out of 4): [4, 4, 4]
  Shrink factors (level 3 out of 4): [2, 2, 2]
  Shrink factors (level 4 out of 4): [1, 1, 1]
  smoothing sigmas per level: [3, 2, 1, 0]
  regular sampling (percentage = 0.25)

*** Running Euler3DTransform registration ***

DIAGNOSTIC,Iteration,metricValue,convergenceValue,ITERATION_TIME_INDEX,SINCE_LAST
 2DIAGNOSTIC,     1, -4.772358486065e-01, 1.797693134862e+308, 0.0000e+00, 0.0000e+00, 
 2DIAGNOSTIC,     2, -4.776218121420e-01, 1.797693134862e+308, 0.0000e+00, 0.0000e+00, 
 2DIAGNOSTIC,     3, -4.779363135121e-01, 1.797693134862e+308, 0.0000e+00, 0.0000e+00, 
 2DIAGNOSTIC,     4, -4.788242982433e-01, 1.797693134862e+308, 0.0000e+00, 0.0000e+00, 
 2DIAGNOSTIC,     5, -4.799966507498e-01, 1.797693134862e+308, 0.0000e+00, 0.0000e+00, 
 2DIAGNOSTIC,     6, -4.820597078058e-01, 1.797693134862e+308, 0.0000e+00, 0.0000e+00, 
 2DIAGNOSTIC,     7, -4.874379624463e-01, 1.797693134862e+308, 0.0000e+00, 0.0000e+00, 
 2DIAGNOSTIC,     8, -4.940466381851e-01, 1.797693134862e+308, 0.0000e+00, 0.0000e+00, 
 2DIAGNOSTIC,     9, -5.026686191997e-01, 1.797693134862e+308, 0.0000e+00, 0.0000e+00, 
 2DIAGNOSTIC,    10, -5.073712606099e-01, 3.954597638079e-03, 0.0000e+00, 0.0000e+00, 
 2DIAGNOSTIC,    11, -5.109010705707e-01, 4.398006935455e-03, 0.0000e+00, 0.0000e+00, 
 2DIAGNOSTIC,    12, -5.114761295986e-01, 4.417207573519e-03, 0.0000e+00, 0.0000e+00, 
 2DIAGNOSTIC,    13, -5.119908744026e-01, 4.070638432855e-03, 0.0000e+00, 0.0000e+00, 
 2DIAGNOSTIC,    14, -5.120240338232e-01, 3.442083680206e-03, 0.0000e+00, 0.0000e+00, 
 2DIAGNOSTIC,    15, -5.119205377399e-01, 2.627921897311e-03, 0.0000e+00, 0.0000e+00, 
 2DIAGNOSTIC,    16, -5.118332181530e-01, 1.749030970726e-03, 0.0000e+00, 0.0000e+00, 
 2DIAGNOSTIC,    17, -5.117842429111e-01, 9.942440907067e-04, 0.0000e+00, 0.0000e+00, 
 2DIAGNOSTIC,    18, -5.117119399251e-01, 4.367399299934e-04, 0.0000e+00, 0.0000e+00, 
 2DIAGNOSTIC,    19, -5.115342450163e-01, 1.499781388673e-04, 0.0000e+00, 0.0000e+00, 
 2DIAGNOSTIC,    20, -5.113950674358e-01, 6.332199548889e-06, 0.0000e+00, 0.0000e+00, 
DIAGNOSTIC,Iteration,metricValue,convergenceValue,ITERATION_TIME_INDEX,SINCE_LAST
 2DIAGNOSTIC,     1, -4.251703930212e-01, 1.797693134862e+308, 0.0000e+00, 0.0000e+00, 
 2DIAGNOSTIC,     2, -4.252971761644e-01, 1.797693134862e+308, 0.0000e+00, 0.0000e+00, 
 2DIAGNOSTIC,     3, -4.258780158162e-01, 1.797693134862e+308, 0.0000e+00, 0.0000e+00, 
 2DIAGNOSTIC,     4, -4.259632496522e-01, 1.797693134862e+308, 0.0000e+00, 0.0000e+00, 
 2DIAGNOSTIC,     5, -4.260061692423e-01, 1.797693134862e+308, 0.0000e+00, 0.0000e+00, 
 2DIAGNOSTIC,     6, -4.260830151106e-01, 1.797693134862e+308, 0.0000e+00, 0.0000e+00, 
 2DIAGNOSTIC,     7, -4.267386229226e-01, 1.797693134862e+308, 0.0000e+00, 0.0000e+00, 
 2DIAGNOSTIC,     8, -4.274062833242e-01, 1.797693134862e+308, 0.0000e+00, 0.0000e+00, 
 2DIAGNOSTIC,     9, -4.283981761508e-01, 1.797693134862e+308, 0.0000e+00, 0.0000e+00, 
 2DIAGNOSTIC,    10, -4.297706616335e-01, 5.833549160889e-04, 0.0000e+00, 0.0000e+00, 
 2DIAGNOSTIC,    11, -4.316868401968e-01, 7.418065435869e-04, 0.0000e+00, 0.0000e+00, 
 2DIAGNOSTIC,    12, -4.350789666016e-01, 9.986079594417e-04, 0.0000e+00, 0.0000e+00, 
 2DIAGNOSTIC,    13, -4.377125600167e-01, 1.285131496626e-03, 0.0000e+00, 0.0000e+00, 
 2DIAGNOSTIC,    14, -4.419485653339e-01, 1.615827273481e-03, 0.0000e+00, 0.0000e+00, 
 2DIAGNOSTIC,    15, -4.464493888417e-01, 1.950430991885e-03, 0.0000e+00, 0.0000e+00, 
 2DIAGNOSTIC,    16, -4.466994329525e-01, 2.073430585868e-03, 0.0000e+00, 0.0000e+00, 
 2DIAGNOSTIC,    17, -4.468727768393e-01, 2.025197031331e-03, 0.0000e+00, 0.0000e+00, 
 2DIAGNOSTIC,    18, -4.473394047430e-01, 1.837629432977e-03, 0.0000e+00, 0.0000e+00, 
 2DIAGNOSTIC,    19, -4.475950385111e-01, 1.541059533997e-03, 0.0000e+00, 0.0000e+00, 
 2DIAGNOSTIC,    20, -4.475268150093e-01, 1.172605417971e-03, 0.0000e+00, 0.0000e+00, 
 2DIAGNOSTIC,    21, -4.475211521976e-01, 7.903873493883e-04, 0.0000e+00, 0.0000e+00, 
 2DIAGNOSTIC,    22, -4.473905079701e-01, 4.681907051267e-04, 0.0000e+00, 0.0000e+00, 
 2DIAGNOSTIC,    23, -4.472560124763e-01, 1.997564624525e-04, 0.0000e+00, 0.0000e+00, 
 2DIAGNOSTIC,    24, -4.472961382069e-01, 4.798158087747e-05, 0.0000e+00, 0.0000e+00, 
 2DIAGNOSTIC,    25, -4.472075772807e-01, 1.879427491662e-05, 0.0000e+00, 0.0000e+00, 
DIAGNOSTIC,Iteration,metricValue,convergenceValue,ITERATION_TIME_INDEX,SINCE_LAST
 2DIAGNOSTIC,     1, -3.915979654578e-01, 1.797693134862e+308, 0.0000e+00, 0.0000e+00, 
 2DIAGNOSTIC,     2, -3.915990065660e-01, 1.797693134862e+308, 0.0000e+00, 0.0000e+00, 
 2DIAGNOSTIC,     3, -3.915773798656e-01, 1.797693134862e+308, 0.0000e+00, 0.0000e+00, 
 2DIAGNOSTIC,     4, -3.916147563309e-01, 1.797693134862e+308, 0.0000e+00, 0.0000e+00, 
 2DIAGNOSTIC,     5, -3.915985131156e-01, 1.797693134862e+308, 0.0000e+00, 0.0000e+00, 
 2DIAGNOSTIC,     6, -3.916000359558e-01, 1.797693134862e+308, 0.0000e+00, 0.0000e+00, 
 2DIAGNOSTIC,     7, -3.916183756837e-01, 1.797693134862e+308, 0.0000e+00, 0.0000e+00, 
 2DIAGNOSTIC,     8, -3.916494516693e-01, 1.797693134862e+308, 0.0000e+00, 0.0000e+00, 
 2DIAGNOSTIC,     9, -3.916586259174e-01, 1.797693134862e+308, 0.0000e+00, 0.0000e+00, 
 2DIAGNOSTIC,    10, -3.916616808864e-01, 1.221220606545e-05, 0.0000e+00, 0.0000e+00, 
 2DIAGNOSTIC,    11, -3.916614725885e-01, 1.277515354661e-05, 0.0000e+00, 0.0000e+00, 
 2DIAGNOSTIC,    12, -3.916616101311e-01, 1.220500988496e-05, 0.0000e+00, 0.0000e+00, 
 2DIAGNOSTIC,    13, -3.916626761065e-01, 9.368857873837e-06, 0.0000e+00, 0.0000e+00, 
 2DIAGNOSTIC,    14, -3.916561838863e-01, 7.712344617591e-06, 0.0000e+00, 0.0000e+00, 
 2DIAGNOSTIC,    15, -3.916550013791e-01, 4.767764100522e-06, 0.0000e+00, 0.0000e+00, 
 2DIAGNOSTIC,    16, -3.916528314398e-01, 1.722712096905e-06, 0.0000e+00, 0.0000e+00, 
DIAGNOSTIC,Iteration,metricValue,convergenceValue,ITERATION_TIME_INDEX,SINCE_LAST
 2DIAGNOSTIC,     1, -3.649410171555e-01, 1.797693134862e+308, 0.0000e+00, 0.0000e+00, 
 2DIAGNOSTIC,     2, -3.649807701504e-01, 1.797693134862e+308, 0.0000e+00, 0.0000e+00, 
 2DIAGNOSTIC,     3, -3.649271262079e-01, 1.797693134862e+308, 0.0000e+00, 0.0000e+00, 
 2DIAGNOSTIC,     4, -3.647888359085e-01, 1.797693134862e+308, 0.0000e+00, 0.0000e+00, 
 2DIAGNOSTIC,     5, -3.648735912985e-01, 1.797693134862e+308, 0.0000e+00, 0.0000e+00, 
 2DIAGNOSTIC,     6, -3.648387823453e-01, 1.797693134862e+308, 0.0000e+00, 0.0000e+00, 
 2DIAGNOSTIC,     7, -3.648388487674e-01, 1.797693134862e+308, 0.0000e+00, 0.0000e+00, 
 2DIAGNOSTIC,     8, -3.645861767357e-01, 1.797693134862e+308, 0.0000e+00, 0.0000e+00, 
 2DIAGNOSTIC,     9, -3.645843351622e-01, 1.797693134862e+308, 0.0000e+00, 0.0000e+00, 
  Elapsed time (stage 0): 0.0000e+00


Total elapsed time: 0.0000e+00
Info [verificarlo]: loaded backend libinterflop_vprec.so
Info [interflop-vprec]: load backend with: 
Info [interflop-vprec]: precision-binary32 = 10
Info [interflop-vprec]: range-binary32 = 7
Info [interflop-vprec]: precision-binary64 = 10
Info [interflop-vprec]: range-binary64 = 7
Info [interflop-vprec]: mode = ob
Info [interflop-vprec]: error-mode = rel
Info [interflop-vprec]: max-abs-error-exponent = -1022
Info [interflop-vprec]: daz = false
Info [interflop-vprec]: ftz = false
Info [interflop-vprec]: 	instrument = none
Info [interflop-vprec]: 	prec-input-file = (null)
Info [interflop-vprec]: 	prec-output-file = (null)
Info [interflop-vprec]: 	prec-log-file = (null)
All_Command_lines_OK
Using double precision for computations.
=============================================================================
The composite transform comprises the following transforms (in order): 
  1. /home/mdugre/scratch/mri-registration-rp/datasets/ds004513/derivatives/mri-registration-rp/0110/antsRegistration-r7-p10/sub-s014/rigid_Composite.h5[0] (type = Euler3DTransform)
  2. /home/mdugre/scratch/mri-registration-rp/datasets/ds004513/derivatives/mri-registration-rp/0110/antsRegistration-r7-p10/sub-s014/rigid_Composite.h5[1] (type = Euler3DTransform)
  3. /home/mdugre/scratch/mri-registration-rp/datasets/ds004513/derivatives/mri-registration-rp/0110/antsRegistration-r7-p10/sub-s014/rigid_Composite.h5[2] (type = Euler3DTransform)
=============================================================================
  number of levels = 4
  fixed image: /templateflow/tpl-MNI152NLin2009cAsym/tpl-MNI152NLin2009cAsym_res-01_desc-brain_T1w.nii.gz
  moving image: /home/mdugre/scratch/mri-registration-rp/datasets/ds004513/derivatives/mri-registration-rp/antsBrainExtraction/sub-s014/BrainExtractionBrain.nii.gz
Dimension = 3
Number of stages = 1
Use histogram matching = false
Winsorize image intensities = true
  Lower quantile = 0.005
  Upper quantile = 0.995


Stage 1 State
   Image metric = MattesMI
     Fixed image = Image (0x51a5490)
  RTTI typeinfo:   itk::Image<double, 3u>
  Reference Count: 2
  Modified Time: 1592
  Debug: Off
  Object Name: 
  Observers: 
    none
  Source: (none)
  Source output name: (none)
  Release Data: Off
  Data Released: False
  Global Release Data: Off
  PipelineMTime: 0
  UpdateMTime: 1203
  RealTimeStamp: 0 seconds 
  LargestPossibleRegion: 
    Dimension: 3
    Index: [0, 0, 0]
    Size: [193, 229, 193]
  BufferedRegion: 
    Dimension: 3
    Index: [0, 0, 0]
    Size: [193, 229, 193]
  RequestedRegion: 
    Dimension: 3
    Index: [0, 0, 0]
    Size: [193, 229, 193]
  Spacing: [1, 1, 1]
  Origin: [96, 132, -78]
  Direction: 
-1 0 0
0 -1 0
0 0 1

  IndexToPointMatrix: 
-1 0 0
0 -1 0
0 0 1

  PointToIndexMatrix: 
-1 0 0
0 -1 0
0 0 1

  Inverse Direction: 
-1 0 0
0 -1 0
0 0 1

  PixelContainer: 
    ImportImageContainer (0x521e8b0)
      RTTI typeinfo:   itk::ImportImageContainer<unsigned long, double>
      Reference Count: 1
      Modified Time: 1200
      Debug: Off
      Object Name: 
      Observers: 
        none
      Pointer: 0x14e8cc6f4010
      Container manages memory: true
      Size: 8530021
      Capacity: 8530021

     Moving image = Image (0x52738e0)
  RTTI typeinfo:   itk::Image<double, 3u>
  Reference Count: 2
  Modified Time: 1593
  Debug: Off
  Object Name: 
  Observers: 
    none
  Source: (none)
  Source output name: (none)
  Release Data: Off
  Data Released: False
  Global Release Data: Off
  PipelineMTime: 0
  UpdateMTime: 1590
  RealTimeStamp: 0 seconds 
  LargestPossibleRegion: 
    Dimension: 3
    Index: [0, 0, 0]
    Size: [160, 240, 256]
  BufferedRegion: 
    Dimension: 3
    Index: [0, 0, 0]
    Size: [160, 240, 256]
  RequestedRegion: 
    Dimension: 3
    Index: [0, 0, 0]
    Size: [160, 240, 256]
  Spacing: [1, 1, 1]
  Origin: [84.1875, 106.688, -120.5]
  Direction: 
-0.999512 -0.0226746 -0.0157013
0.0226746 -0.999512 0.000356436
-0.015686 0 1

  IndexToPointMatrix: 
-0.999512 -0.0226746 -0.0157013
0.0226746 -0.999512 0.000356436
-0.015686 0 1

  PointToIndexMatrix: 
-1 0.0226746 -0.015686
-0.0226746 -0.999512 0
-0.015686 0.000488281 1

  Inverse Direction: 
-1 0.0226746 -0.015686
-0.0226746 -0.999512 0
-0.015686 0.000488281 1

  PixelContainer: 
    ImportImageContainer (0x533c350)
      RTTI typeinfo:   itk::ImportImageContainer<unsigned long, double>
      Reference Count: 1
      Modified Time: 1587
      Debug: Off
      Object Name: 
      Observers: 
        none
      Pointer: 0x14e8c7bf3010
      Container manages memory: true
      Size: 9830400
      Capacity: 9830400

     Weighting = 1
     Sampling strategy = regular
     Number of bins = 32
     Radius = 4
     Sampling percentage  = 0.25
   Transform = Affine
     Gradient step = 0.1
     Update field sigma (voxel space) = 0
     Total field sigma (voxel space) = 0
     Update field time sigma = 0
     Total field time sigma  = 0
     Number of time indices = 0
     Number of time point samples = 0
Registration using 1 total stages.

Stage 0
  iterations = 1000x500x250x100
  convergence threshold = 1e-06
  convergence window size = 10
  number of levels = 4
  using the Mattes MI metric (number of bins = 32, weight = 1, use gradient filter = 0)
  preprocessing:  winsorizing the image intensities
  Shrink factors (level 1 out of 4): [8, 8, 8]
  Shrink factors (level 2 out of 4): [4, 4, 4]
  Shrink factors (level 3 out of 4): [2, 2, 2]
  Shrink factors (level 4 out of 4): [1, 1, 1]
  smoothing sigmas per level: [3, 2, 1, 0]
  regular sampling (percentage = 0.25)

*** Running AffineTransform registration ***

DIAGNOSTIC,Iteration,metricValue,convergenceValue,ITERATION_TIME_INDEX,SINCE_LAST
 2DIAGNOSTIC,     1, -5.266989076946e-01, 1.797693134862e+308, 0.0000e+00, 0.0000e+00, 
 2DIAGNOSTIC,     2, -5.289047487463e-01, 1.797693134862e+308, 0.0000e+00, 0.0000e+00, 
 2DIAGNOSTIC,     3, -5.326754451194e-01, 1.797693134862e+308, 0.0000e+00, 0.0000e+00, 
 2DIAGNOSTIC,     4, -5.393125144947e-01, 1.797693134862e+308, 0.0000e+00, 0.0000e+00, 
 2DIAGNOSTIC,     5, -5.526052161810e-01, 1.797693134862e+308, 0.0000e+00, 0.0000e+00, 
 2DIAGNOSTIC,     6, -5.734627541576e-01, 1.797693134862e+308, 0.0000e+00, 0.0000e+00, 
 2DIAGNOSTIC,     7, -6.143184029743e-01, 1.797693134862e+308, 0.0000e+00, 0.0000e+00, 
 2DIAGNOSTIC,     8, -6.867893990832e-01, 1.797693134862e+308, 0.0000e+00, 0.0000e+00, 
 2DIAGNOSTIC,     9, -7.381237394750e-01, 1.797693134862e+308, 0.0000e+00, 0.0000e+00, 
 2DIAGNOSTIC,    10, -7.707471290179e-01, 2.688305170649e-02, 0.0000e+00, 0.0000e+00, 
 2DIAGNOSTIC,    11, -7.820891995918e-01, 2.782505552123e-02, 0.0000e+00, 0.0000e+00, 
 2DIAGNOSTIC,    12, -7.840296955801e-01, 2.628136762978e-02, 0.0000e+00, 0.0000e+00, 
 2DIAGNOSTIC,    13, -7.853327226530e-01, 2.283984440624e-02, 0.0000e+00, 0.0000e+00, 
 2DIAGNOSTIC,    14, -7.863797395676e-01, 1.816083462320e-02, 0.0000e+00, 0.0000e+00, 
 2DIAGNOSTIC,    15, -7.862710884587e-01, 1.296612047620e-02, 0.0000e+00, 0.0000e+00, 
 2DIAGNOSTIC,    16, -7.874003385984e-01, 7.940099277913e-03, 0.0000e+00, 0.0000e+00, 
 2DIAGNOSTIC,    17, -7.882355031094e-01, 3.874219483320e-03, 0.0000e+00, 0.0000e+00, 
 2DIAGNOSTIC,    18, -7.881882493311e-01, 1.617563335487e-03, 0.0000e+00, 0.0000e+00, 
 2DIAGNOSTIC,    19, -7.883925368882e-01, 5.813293724916e-04, 0.0000e+00, 0.0000e+00, 
 2DIAGNOSTIC,    20, -7.884185361422e-01, 2.693462965274e-04, 0.0000e+00, 0.0000e+00, 
 2DIAGNOSTIC,    21, -7.884369741191e-01, 1.844301020419e-04, 0.0000e+00, 0.0000e+00, 
 2DIAGNOSTIC,    22, -7.884345991039e-01, 1.257954353659e-04, 0.0000e+00, 0.0000e+00, 
 2DIAGNOSTIC,    23, -7.884473118066e-01, 8.381185143572e-05, 0.0000e+00, 0.0000e+00, 
 2DIAGNOSTIC,    24, -7.884651724370e-01, 5.605205134193e-05, 0.0000e+00, 0.0000e+00, 
 2DIAGNOSTIC,    25, -7.884540920273e-01, 2.320374660356e-05, 0.0000e+00, 0.0000e+00, 
 2DIAGNOSTIC,    26, -7.884872792784e-01, 8.345115175043e-06, 0.0000e+00, 0.0000e+00, 
 2DIAGNOSTIC,    27, -7.885131450903e-01, 6.543405434462e-06, 0.0000e+00, 0.0000e+00, 
 2DIAGNOSTIC,    28, -7.885019206800e-01, 3.359952931790e-06, 0.0000e+00, 0.0000e+00, 
DIAGNOSTIC,Iteration,metricValue,convergenceValue,ITERATION_TIME_INDEX,SINCE_LAST
 2DIAGNOSTIC,     1, -6.423894991460e-01, 1.797693134862e+308, 0.0000e+00, 0.0000e+00, 
 2DIAGNOSTIC,     2, -6.422407091493e-01, 1.797693134862e+308, 0.0000e+00, 0.0000e+00, 
 2DIAGNOSTIC,     3, -6.423875352480e-01, 1.797693134862e+308, 0.0000e+00, 0.0000e+00, 
 2DIAGNOSTIC,     4, -6.425236773220e-01, 1.797693134862e+308, 0.0000e+00, 0.0000e+00, 
 2DIAGNOSTIC,     5, -6.428317084865e-01, 1.797693134862e+308, 0.0000e+00, 0.0000e+00, 
 2DIAGNOSTIC,     6, -6.428505813249e-01, 1.797693134862e+308, 0.0000e+00, 0.0000e+00, 
 2DIAGNOSTIC,     7, -6.428623902923e-01, 1.797693134862e+308, 0.0000e+00, 0.0000e+00, 
 2DIAGNOSTIC,     8, -6.428498333022e-01, 1.797693134862e+308, 0.0000e+00, 0.0000e+00, 
 2DIAGNOSTIC,     9, -6.428501819501e-01, 1.797693134862e+308, 0.0000e+00, 0.0000e+00, 
 2DIAGNOSTIC,    10, -6.428536341144e-01, 6.555459800456e-05, 0.0000e+00, 0.0000e+00, 
 2DIAGNOSTIC,    11, -6.428552108583e-01, 5.070875490146e-05, 0.0000e+00, 0.0000e+00, 
 2DIAGNOSTIC,    12, -6.428689321175e-01, 2.889226739702e-05, 0.0000e+00, 0.0000e+00, 
 2DIAGNOSTIC,    13, -6.428654345562e-01, 1.270111542634e-05, 0.0000e+00, 0.0000e+00, 
 2DIAGNOSTIC,    14, -6.428814863270e-01, 2.219645150042e-06, 0.0000e+00, 0.0000e+00, 
 2DIAGNOSTIC,    15, -6.428868044507e-01, 2.143641840563e-06, 0.0000e+00, 0.0000e+00, 
 2DIAGNOSTIC,    16, -6.428801026697e-01, 2.200315671427e-06, 0.0000e+00, 0.0000e+00, 
 2DIAGNOSTIC,    17, -6.428957353526e-01, 2.779619676881e-06, 0.0000e+00, 0.0000e+00, 
 2DIAGNOSTIC,    18, -6.428972605725e-01, 2.755779752860e-06, 0.0000e+00, 0.0000e+00, 
 2DIAGNOSTIC,    19, -6.428972605725e-01, 2.484384219383e-06, 0.0000e+00, 0.0000e+00, 
 2DIAGNOSTIC,    20, -6.428972605725e-01, 2.089984790558e-06, 0.0000e+00, 0.0000e+00, 
 2DIAGNOSTIC,    21, -6.428972605725e-01, 1.569016719688e-06, 0.0000e+00, 0.0000e+00, 
 2DIAGNOSTIC,    22, -6.428972605725e-01, 1.227008547003e-06, 0.0000e+00, 0.0000e+00, 
DIAGNOSTIC,Iteration,metricValue,convergenceValue,ITERATION_TIME_INDEX,SINCE_LAST
 2DIAGNOSTIC,     1, -5.526046307475e-01, 1.797693134862e+308, 0.0000e+00, 0.0000e+00, 
 2DIAGNOSTIC,     2, -5.527147766143e-01, 1.797693134862e+308, 0.0000e+00, 0.0000e+00, 
 2DIAGNOSTIC,     3, -5.529256073067e-01, 1.797693134862e+308, 0.0000e+00, 0.0000e+00, 
 2DIAGNOSTIC,     4, -5.534091696986e-01, 1.797693134862e+308, 0.0000e+00, 0.0000e+00, 
 2DIAGNOSTIC,     5, -5.537729809727e-01, 1.797693134862e+308, 0.0000e+00, 0.0000e+00, 
 2DIAGNOSTIC,     6, -5.542315421774e-01, 1.797693134862e+308, 0.0000e+00, 0.0000e+00, 
 2DIAGNOSTIC,     7, -5.544447123423e-01, 1.797693134862e+308, 0.0000e+00, 0.0000e+00, 
 2DIAGNOSTIC,     8, -5.546085921756e-01, 1.797693134862e+308, 0.0000e+00, 0.0000e+00, 
 2DIAGNOSTIC,     9, -5.548830839212e-01, 1.797693134862e+308, 0.0000e+00, 0.0000e+00, 
 2DIAGNOSTIC,    10, -5.550389823073e-01, 3.114768858956e-04, 0.0000e+00, 0.0000e+00, 
 2DIAGNOSTIC,    11, -5.551647634431e-01, 2.684946425828e-04, 0.0000e+00, 0.0000e+00, 
 2DIAGNOSTIC,    12, -5.553345717441e-01, 2.206951197464e-04, 0.0000e+00, 0.0000e+00, 
 2DIAGNOSTIC,    13, -5.555332004894e-01, 1.761977353318e-04, 0.0000e+00, 0.0000e+00, 
 2DIAGNOSTIC,    14, -5.556305097348e-01, 1.430191795144e-04, 0.0000e+00, 0.0000e+00, 
 2DIAGNOSTIC,    15, -5.557167646186e-01, 1.162715954833e-04, 0.0000e+00, 0.0000e+00, 
 2DIAGNOSTIC,    16, -5.557813005531e-01, 9.893817162325e-05, 0.0000e+00, 0.0000e+00, 
 2DIAGNOSTIC,    17, -5.559461825780e-01, 8.587427418957e-05, 0.0000e+00, 0.0000e+00, 
 2DIAGNOSTIC,    18, -5.560009984062e-01, 7.224810114197e-05, 0.0000e+00, 0.0000e+00, 
 2DIAGNOSTIC,    19, -5.560819114476e-01, 6.291256078957e-05, 0.0000e+00, 0.0000e+00, 
 2DIAGNOSTIC,    20, -5.560625481466e-01, 5.218028126284e-05, 0.0000e+00, 0.0000e+00, 
 2DIAGNOSTIC,    21, -5.561214212283e-01, 4.210599268297e-05, 0.0000e+00, 0.0000e+00, 
 2DIAGNOSTIC,    22, -5.561764564442e-01, 3.408879356889e-05, 0.0000e+00, 0.0000e+00, 
 2DIAGNOSTIC,    23, -5.562098426299e-01, 2.866606517003e-05, 0.0000e+00, 0.0000e+00, 
 2DIAGNOSTIC,    24, -5.562552250800e-01, 2.405578003919e-05, 0.0000e+00, 0.0000e+00, 
 2DIAGNOSTIC,    25, -5.563066791849e-01, 2.039556239288e-05, 0.0000e+00, 0.0000e+00, 
 2DIAGNOSTIC,    26, -5.563111656463e-01, 1.637335726788e-05, 0.0000e+00, 0.0000e+00, 
 2DIAGNOSTIC,    27, -5.563120361213e-01, 1.423294388993e-05, 0.0000e+00, 0.0000e+00, 
 2DIAGNOSTIC,    28, -5.563036860962e-01, 1.172180645435e-05, 0.0000e+00, 0.0000e+00, 
 2DIAGNOSTIC,    29, -5.563091394295e-01, 9.826683909780e-06, 0.0000e+00, 0.0000e+00, 
 2DIAGNOSTIC,    30, -5.563041164552e-01, 6.682016189453e-06, 0.0000e+00, 0.0000e+00, 
 2DIAGNOSTIC,    31, -5.563068083840e-01, 4.114180213226e-06, 0.0000e+00, 0.0000e+00, 
 2DIAGNOSTIC,    32, -5.563075439425e-01, 2.215047952489e-06, 0.0000e+00, 0.0000e+00, 
DIAGNOSTIC,Iteration,metricValue,convergenceValue,ITERATION_TIME_INDEX,SINCE_LAST
 2DIAGNOSTIC,     1, -5.017582579274e-01, 1.797693134862e+308, 0.0000e+00, 0.0000e+00, 
 2DIAGNOSTIC,     2, -5.020851499293e-01, 1.797693134862e+308, 0.0000e+00, 0.0000e+00, 
 2DIAGNOSTIC,     3, -5.024115937952e-01, 1.797693134862e+308, 0.0000e+00, 0.0000e+00, 
 2DIAGNOSTIC,     4, -5.028410493742e-01, 1.797693134862e+308, 0.0000e+00, 0.0000e+00, 
 2DIAGNOSTIC,     5, -5.033200189358e-01, 1.797693134862e+308, 0.0000e+00, 0.0000e+00, 
 2DIAGNOSTIC,     6, -5.032531894609e-01, 1.797693134862e+308, 0.0000e+00, 0.0000e+00, 
 2DIAGNOSTIC,     7, -5.032395702716e-01, 1.797693134862e+308, 0.0000e+00, 0.0000e+00, 
 2DIAGNOSTIC,     8, -5.032389682098e-01, 1.797693134862e+308, 0.0000e+00, 0.0000e+00, 
 2DIAGNOSTIC,     9, -5.032218967787e-01, 1.797693134862e+308, 0.0000e+00, 0.0000e+00, 
 2DIAGNOSTIC,    10, -5.032353135983e-01, 1.823398864775e-04, 0.0000e+00, 0.0000e+00, 
 2DIAGNOSTIC,    11, -5.032724158018e-01, 1.096523907230e-04, 0.0000e+00, 0.0000e+00, 
 2DIAGNOSTIC,    12, -5.032719024391e-01, 5.476318860032e-05, 0.0000e+00, 0.0000e+00, 
 2DIAGNOSTIC,    13, -5.032717848648e-01, 1.727170919572e-05, 0.0000e+00, 0.0000e+00, 
  Elapsed time (stage 0): 0.0000e+00


Total elapsed time: 0.0000e+00
Info [verificarlo]: loaded backend libinterflop_ieee.so
Info [interflop-ieee]: load backend with:
Info [interflop-ieee]: debug = false
Info [interflop-ieee]: debug-binary = false
Info [interflop-ieee]: no-backend-name = false
Info [interflop-ieee]: print-new-line = false
Info [interflop-ieee]: print-subnormal-normalized = false
Info [interflop-ieee]: count-op = false
All_Command_lines_OK
Using double precision for computations.
=============================================================================
The composite transform comprises the following transforms (in order): 
  1. /home/mdugre/scratch/mri-registration-rp/datasets/ds004513/derivatives/mri-registration-rp/0110/antsRegistration-r7-p10/sub-s014/affine_Composite.h5[0] (type = Euler3DTransform)
  2. /home/mdugre/scratch/mri-registration-rp/datasets/ds004513/derivatives/mri-registration-rp/0110/antsRegistration-r7-p10/sub-s014/affine_Composite.h5[1] (type = Euler3DTransform)
  3. /home/mdugre/scratch/mri-registration-rp/datasets/ds004513/derivatives/mri-registration-rp/0110/antsRegistration-r7-p10/sub-s014/affine_Composite.h5[2] (type = Euler3DTransform)
  4. /home/mdugre/scratch/mri-registration-rp/datasets/ds004513/derivatives/mri-registration-rp/0110/antsRegistration-r7-p10/sub-s014/affine_Composite.h5[3] (type = AffineTransform)
=============================================================================
  number of levels = 4
  fixed image: /templateflow/tpl-MNI152NLin2009cAsym/tpl-MNI152NLin2009cAsym_res-01_desc-brain_T1w.nii.gz
  moving image: /home/mdugre/scratch/mri-registration-rp/datasets/ds004513/derivatives/mri-registration-rp/antsBrainExtraction/sub-s014/BrainExtractionBrain.nii.gz
Dimension = 3
Number of stages = 1
Use histogram matching = false
Winsorize image intensities = true
  Lower quantile = 0.005
  Upper quantile = 0.995


Stage 1 State
   Image metric = CC
     Fixed image = Image (0x3d26a40)
  RTTI typeinfo:   itk::Image<double, 3u>
  Reference Count: 2
  Modified Time: 1608
  Debug: Off
  Object Name: 
  Observers: 
    none
  Source: (none)
  Source output name: (none)
  Release Data: Off
  Data Released: False
  Global Release Data: Off
  PipelineMTime: 0
  UpdateMTime: 1217
  RealTimeStamp: 0 seconds 
  LargestPossibleRegion: 
    Dimension: 3
    Index: [0, 0, 0]
    Size: [193, 229, 193]
  BufferedRegion: 
    Dimension: 3
    Index: [0, 0, 0]
    Size: [193, 229, 193]
  RequestedRegion: 
    Dimension: 3
    Index: [0, 0, 0]
    Size: [193, 229, 193]
  Spacing: [1, 1, 1]
  Origin: [96, 132, -78]
  Direction: 
-1 0 0
0 -1 0
0 0 1

  IndexToPointMatrix: 
-1 0 0
0 -1 0
0 0 1

  PointToIndexMatrix: 
-1 0 0
0 -1 0
0 0 1

  Inverse Direction: 
-1 0 0
0 -1 0
0 0 1

  PixelContainer: 
    ImportImageContainer (0x3dfe410)
      RTTI typeinfo:   itk::ImportImageContainer<unsigned long, double>
      Reference Count: 1
      Modified Time: 1214
      Debug: Off
      Object Name: 
      Observers: 
        none
      Pointer: 0x14d75cbfb010
      Container manages memory: true
      Size: 8530021
      Capacity: 8530021

     Moving image = Image (0x3de2520)
  RTTI typeinfo:   itk::Image<double, 3u>
  Reference Count: 2
  Modified Time: 1609
  Debug: Off
  Object Name: 
  Observers: 
    none
  Source: (none)
  Source output name: (none)
  Release Data: Off
  Data Released: False
  Global Release Data: Off
  PipelineMTime: 0
  UpdateMTime: 1606
  RealTimeStamp: 0 seconds 
  LargestPossibleRegion: 
    Dimension: 3
    Index: [0, 0, 0]
    Size: [160, 240, 256]
  BufferedRegion: 
    Dimension: 3
    Index: [0, 0, 0]
    Size: [160, 240, 256]
  RequestedRegion: 
    Dimension: 3
    Index: [0, 0, 0]
    Size: [160, 240, 256]
  Spacing: [0.999999, 1, 1]
  Origin: [84.1637, 106.709, -120.531]
  Direction: 
-0.999619 -0.0226874 -0.0157033
0.0226846 -0.999743 0.00035635
-0.0157073 -7.8229e-09 0.999877

  IndexToPointMatrix: 
-0.999619 -0.0226874 -0.0157033
0.0226845 -0.999743 0.00035635
-0.0157073 -7.8229e-09 0.999877

  PointToIndexMatrix: 
-0.99962 0.0226846 -0.0157073
-0.0226874 -0.999743 -7.83127e-09
-0.0157033 0.00035635 0.999877

  Inverse Direction: 
-0.999619 0.0226846 -0.0157073
-0.0226874 -0.999743 -7.83127e-09
-0.0157033 0.00035635 0.999877

  PixelContainer: 
    ImportImageContainer (0x3e050d0)
      RTTI typeinfo:   itk::ImportImageContainer<unsigned long, double>
      Reference Count: 1
      Modified Time: 1603
      Debug: Off
      Object Name: 
      Observers: 
        none
      Pointer: 0x14d7580fa010
      Container manages memory: true
      Size: 9830400
      Capacity: 9830400

     Weighting = 1
     Sampling strategy = none
     Number of bins = 32
     Radius = 4
     Sampling percentage  = 1
   Transform = SyN
     Gradient step = 0.1
     Update field sigma (voxel space) = 3
     Total field sigma (voxel space) = 0
     Update field time sigma = 0
     Total field time sigma  = 0
     Number of time indices = 0
     Number of time point samples = 0
Registration using 1 total stages.

Stage 0
  iterations = 100x70x50x20
  convergence threshold = 1e-06
  convergence window size = 10
  number of levels = 4
  using the CC metric (radius = 4, weight = 1, use gradient filter = 0)
  preprocessing:  winsorizing the image intensities
  Shrink factors (level 1 out of 4): [8, 8, 8]
  Shrink factors (level 2 out of 4): [4, 4, 4]
  Shrink factors (level 3 out of 4): [2, 2, 2]
  Shrink factors (level 4 out of 4): [1, 1, 1]
  smoothing sigmas per level: [3, 2, 1, 0]
  Using default NONE metricSamplingStrategy 

*** Running SyN registration (varianceForUpdateField = 3, varianceForTotalField = 0) ***

XXDIAGNOSTIC,Iteration,metricValue,convergenceValue,ITERATION_TIME_INDEX,SINCE_LAST
 1DIAGNOSTIC,     1, -8.872688737892e-01, 1.797693134862e+308, 1.1951e+00, 1.1951e+00, 
 1DIAGNOSTIC,     2, -8.956998426310e-01, 1.797693134862e+308, 1.5335e+00, 3.3840e-01, 
 1DIAGNOSTIC,     3, -9.030201287240e-01, 1.797693134862e+308, 1.8661e+00, 3.3253e-01, 
 1DIAGNOSTIC,     4, -9.088390511724e-01, 1.797693134862e+308, 2.1948e+00, 3.2869e-01, 
 1DIAGNOSTIC,     5, -9.138123194432e-01, 1.797693134862e+308, 2.5417e+00, 3.4696e-01, 
 1DIAGNOSTIC,     6, -9.175809715570e-01, 1.797693134862e+308, 2.8836e+00, 3.4191e-01, 
 1DIAGNOSTIC,     7, -9.206177909580e-01, 1.797693134862e+308, 3.2257e+00, 3.4204e-01, 
 1DIAGNOSTIC,     8, -9.230279058664e-01, 1.797693134862e+308, 3.5576e+00, 3.3198e-01, 
 1DIAGNOSTIC,     9, -9.249219783517e-01, 1.797693134862e+308, 3.9018e+00, 3.4415e-01, 
 1DIAGNOSTIC,    10, -9.265080558643e-01, 2.649733146286e-03, 4.2747e+00, 3.7288e-01, 
 1DIAGNOSTIC,    11, -9.278634446206e-01, 1.948104233718e-03, 4.6107e+00, 3.3602e-01, 
 1DIAGNOSTIC,    12, -9.290669421065e-01, 1.437039277905e-03, 4.9440e+00, 3.3328e-01, 
 1DIAGNOSTIC,    13, -9.302035886593e-01, 1.075810264788e-03, 5.2756e+00, 3.3166e-01, 
 1DIAGNOSTIC,    14, -9.311518452162e-01, 8.172845799195e-04, 5.6708e+00, 3.9520e-01, 
 1DIAGNOSTIC,    15, -9.320497608122e-01, 6.391847095568e-04, 6.0634e+00, 3.9257e-01, 
 1DIAGNOSTIC,    16, -9.328207774738e-01, 5.119359893315e-04, 6.4017e+00, 3.3833e-01, 
 1DIAGNOSTIC,    17, -9.335962542164e-01, 4.214004863937e-04, 6.7399e+00, 3.3822e-01, 
 1DIAGNOSTIC,    18, -9.344057158637e-01, 3.568806972125e-04, 7.0758e+00, 3.3585e-01, 
 1DIAGNOSTIC,    19, -9.350720776284e-01, 3.073649257725e-04, 7.4126e+00, 3.3684e-01, 
 1DIAGNOSTIC,    20, -9.357506970793e-01, 2.690056580187e-04, 7.7496e+00, 3.3699e-01, 
 1DIAGNOSTIC,    21, -9.364008597755e-01, 2.385286155435e-04, 8.0822e+00, 3.3254e-01, 
 1DIAGNOSTIC,    22, -9.369221443480e-01, 2.125197671049e-04, 8.4237e+00, 3.4158e-01, 
 1DIAGNOSTIC,    23, -9.374303866496e-01, 1.908084914619e-04, 8.7844e+00, 3.6064e-01, 
 1DIAGNOSTIC,    24, -9.378942566800e-01, 1.710344347134e-04, 9.1228e+00, 3.3846e-01, 
 1DIAGNOSTIC,    25, -9.383286168385e-01, 1.531266335065e-04, 9.4758e+00, 3.5294e-01, 
 1DIAGNOSTIC,    26, -9.387372535224e-01, 1.360847170570e-04, 9.8174e+00, 3.4160e-01, 
 1DIAGNOSTIC,    27, -9.391284477513e-01, 1.207009001726e-04, 1.0161e+01, 3.4339e-01, 
 1DIAGNOSTIC,    28, -9.394972117366e-01, 1.079389105595e-04, 1.0501e+01, 3.4032e-01, 
 1DIAGNOSTIC,    29, -9.398458774001e-01, 9.657181410630e-05, 1.0880e+01, 3.7858e-01, 
 1DIAGNOSTIC,    30, -9.401702901395e-01, 8.705232158013e-05, 1.1228e+01, 3.4874e-01, 
 1DIAGNOSTIC,    31, -9.404153697539e-01, 7.876169728135e-05, 1.1582e+01, 3.5342e-01, 
 1DIAGNOSTIC,    32, -9.406959584964e-01, 7.122007013240e-05, 1.1937e+01, 3.5531e-01, 
 1DIAGNOSTIC,    33, -9.409118010255e-01, 6.410362520962e-05, 1.2271e+01, 3.3381e-01, 
 1DIAGNOSTIC,    34, -9.411243150598e-01, 5.742903887831e-05, 1.2635e+01, 3.6378e-01, 
 1DIAGNOSTIC,    35, -9.413519660420e-01, 5.149244335372e-05, 1.2974e+01, 3.3937e-01, 
 1DIAGNOSTIC,    36, -9.415520346010e-01, 4.618274119095e-05, 1.3310e+01, 3.3563e-01, 
 1DIAGNOSTIC,    37, -9.417507940224e-01, 4.166824844506e-05, 1.3674e+01, 3.6379e-01, 
 1DIAGNOSTIC,    38, -9.419377171601e-01, 3.791889246375e-05, 1.4022e+01, 3.4890e-01, 
 1DIAGNOSTIC,    39, -9.421152485347e-01, 3.489916088966e-05, 1.4377e+01, 3.5413e-01, 
 1DIAGNOSTIC,    40, -9.422720187042e-01, 3.241662519680e-05, 1.4721e+01, 3.4401e-01, 
 1DIAGNOSTIC,    41, -9.424370946897e-01, 3.004690317647e-05, 1.5105e+01, 3.8443e-01, 
 1DIAGNOSTIC,    42, -9.425909219371e-01, 2.811953183709e-05, 1.5451e+01, 3.4596e-01, 
 1DIAGNOSTIC,    43, -9.427215214865e-01, 2.609538395149e-05, 1.5796e+01, 3.4527e-01, 
 1DIAGNOSTIC,    44, -9.428604647019e-01, 2.414721648200e-05, 1.6144e+01, 3.4797e-01, 
 1DIAGNOSTIC,    45, -9.430175012398e-01, 2.262553189754e-05, 1.6491e+01, 3.4653e-01, 
 1DIAGNOSTIC,    46, -9.431443514683e-01, 2.120606529743e-05, 1.6841e+01, 3.4993e-01, 
 1DIAGNOSTIC,    47, -9.432646275463e-01, 1.992814681933e-05, 1.7185e+01, 3.4435e-01, 
 1DIAGNOSTIC,    48, -9.433794828062e-01, 1.875631171849e-05, 1.7519e+01, 3.3374e-01, 
 1DIAGNOSTIC,    49, -9.434887859312e-01, 1.766302282151e-05, 1.7861e+01, 3.4273e-01, 
 1DIAGNOSTIC,    50, -9.435920574081e-01, 1.654204791288e-05, 1.8208e+01, 3.4609e-01, 
 1DIAGNOSTIC,    51, -9.436905014246e-01, 1.549299894771e-05, 1.8563e+01, 3.5515e-01, 
 1DIAGNOSTIC,    52, -9.437844857105e-01, 1.449643454679e-05, 1.8909e+01, 3.4657e-01, 
 1DIAGNOSTIC,    53, -9.438734682010e-01, 1.345169731860e-05, 1.9250e+01, 3.4120e-01, 
 1DIAGNOSTIC,    54, -9.439496770230e-01, 1.240555196482e-05, 1.9599e+01, 3.4831e-01, 
 1DIAGNOSTIC,    55, -9.440309631593e-01, 1.156842937874e-05, 1.9968e+01, 3.6959e-01, 
 1DIAGNOSTIC,    56, -9.441079074046e-01, 1.079880793672e-05, 2.0310e+01, 3.4132e-01, 
 1DIAGNOSTIC,    57, -9.441811075072e-01, 1.009238747388e-05, 2.0642e+01, 3.3264e-01, 
 1DIAGNOSTIC,    58, -9.442511793858e-01, 9.452112648165e-06, 2.0985e+01, 3.4236e-01, 
 1DIAGNOSTIC,    59, -9.443173805725e-01, 8.871900385898e-06, 2.1331e+01, 3.4626e-01, 
 1DIAGNOSTIC,    60, -9.443801685693e-01, 8.341095567702e-06, 2.1663e+01, 3.3245e-01, 
 1DIAGNOSTIC,    61, -9.444397525982e-01, 7.853582393497e-06, 2.2011e+01, 3.4796e-01, 
 1DIAGNOSTIC,    62, -9.444965823491e-01, 7.406267273108e-06, 2.2344e+01, 3.3289e-01, 
 1DIAGNOSTIC,    63, -9.445506094473e-01, 6.992376469089e-06, 2.2683e+01, 3.3858e-01, 
 1DIAGNOSTIC,    64, -9.446025028684e-01, 6.567184316675e-06, 2.3021e+01, 3.3773e-01, 
 1DIAGNOSTIC,    65, -9.446521056671e-01, 6.175008562460e-06, 2.3394e+01, 3.7316e-01, 
 1DIAGNOSTIC,    66, -9.446995307060e-01, 5.812656630189e-06, 2.3741e+01, 3.4687e-01, 
 1DIAGNOSTIC,    67, -9.447449892110e-01, 5.478977468491e-06, 2.4087e+01, 3.4659e-01, 
 1DIAGNOSTIC,    68, -9.447883726044e-01, 5.173528609709e-06, 2.4434e+01, 3.4679e-01, 
 1DIAGNOSTIC,    69, -9.448297764179e-01, 4.891253094139e-06, 2.4780e+01, 3.4595e-01, 
 1DIAGNOSTIC,    70, -9.448693649386e-01, 4.628697773776e-06, 2.5111e+01, 3.3090e-01, 
 1DIAGNOSTIC,    71, -9.449074631363e-01, 4.383728394685e-06, 2.5449e+01, 3.3782e-01, 
 1DIAGNOSTIC,    72, -9.449441785057e-01, 4.155690844476e-06, 2.5789e+01, 3.3991e-01, 
 1DIAGNOSTIC,    73, -9.449790121073e-01, 3.940658834972e-06, 2.6141e+01, 3.5236e-01, 
 1DIAGNOSTIC,    74, -9.450125070970e-01, 3.739357310581e-06, 2.6489e+01, 3.4838e-01, 
 1DIAGNOSTIC,    75, -9.450445524041e-01, 3.550521190851e-06, 2.6830e+01, 3.4075e-01, 
 1DIAGNOSTIC,    76, -9.450754106406e-01, 3.373726917510e-06, 2.7163e+01, 3.3253e-01, 
 1DIAGNOSTIC,    77, -9.451050382140e-01, 3.208577079963e-06, 2.7504e+01, 3.4178e-01, 
 1DIAGNOSTIC,    78, -9.451334738233e-01, 3.053796655094e-06, 2.7837e+01, 3.3217e-01, 
 1DIAGNOSTIC,    79, -9.451608019780e-01, 2.908264792024e-06, 2.8191e+01, 3.5405e-01, 
 1DIAGNOSTIC,    80, -9.451872004759e-01, 2.771625625285e-06, 2.8520e+01, 3.2993e-01, 
 1DIAGNOSTIC,    81, -9.452126653449e-01, 2.644209068627e-06, 2.8857e+01, 3.3623e-01, 
 1DIAGNOSTIC,    82, -9.452371459621e-01, 2.526058736596e-06, 2.9190e+01, 3.3362e-01, 
 1DIAGNOSTIC,    83, -9.452606990611e-01, 2.414975413182e-06, 2.9532e+01, 3.4141e-01, 
 1DIAGNOSTIC,    84, -9.452832997234e-01, 2.310332956851e-06, 2.9889e+01, 3.5686e-01, 
 1DIAGNOSTIC,    85, -9.453050592451e-01, 2.211134455834e-06, 3.0220e+01, 3.3152e-01, 
 1DIAGNOSTIC,    86, -9.453260349599e-01, 2.117270676640e-06, 3.0563e+01, 3.4289e-01, 
 1DIAGNOSTIC,    87, -9.453426010903e-01, 2.015580469986e-06, 3.0905e+01, 3.4239e-01, 
 1DIAGNOSTIC,    88, -9.453577617863e-01, 1.905307089036e-06, 3.1248e+01, 3.4287e-01, 
 1DIAGNOSTIC,    89, -9.453765422659e-01, 1.803711906462e-06, 3.1600e+01, 3.5199e-01, 
 1DIAGNOSTIC,    90, -9.453949239077e-01, 1.713196280782e-06, 3.1958e+01, 3.5814e-01, 
 1DIAGNOSTIC,    91, -9.454124327326e-01, 1.634406406424e-06, 3.2297e+01, 3.3881e-01, 
 1DIAGNOSTIC,    92, -9.454295129789e-01, 1.568632779699e-06, 3.2631e+01, 3.3351e-01, 
 1DIAGNOSTIC,    93, -9.454461642882e-01, 1.515755375492e-06, 3.2971e+01, 3.4041e-01, 
 1DIAGNOSTIC,    94, -9.454622377377e-01, 1.473522622468e-06, 3.3304e+01, 3.3248e-01, 
 1DIAGNOSTIC,    95, -9.454776900132e-01, 1.439284113232e-06, 3.3638e+01, 3.3456e-01, 
 1DIAGNOSTIC,    96, -9.454927241696e-01, 1.411400883050e-06, 3.3973e+01, 3.3450e-01, 
 1DIAGNOSTIC,    97, -9.455072927159e-01, 1.375964805929e-06, 3.4337e+01, 3.6437e-01, 
 1DIAGNOSTIC,    98, -9.455215025895e-01, 1.329422143198e-06, 3.4676e+01, 3.3887e-01, 
 1DIAGNOSTIC,    99, -9.455352065728e-01, 1.284785494668e-06, 3.5008e+01, 3.3245e-01, 
 1DIAGNOSTIC,   100, -9.455484496654e-01, 1.242498913716e-06, 3.5350e+01, 3.4180e-01, 
XXDIAGNOSTIC,Iteration,metricValue,convergenceValue,ITERATION_TIME_INDEX,SINCE_LAST
 1DIAGNOSTIC,     1, -8.614336482788e-01, 1.797693134862e+308, 3.8327e+01, 2.9764e+00, 
 1DIAGNOSTIC,     2, -8.650811565771e-01, 1.797693134862e+308, 4.0677e+01, 2.3499e+00, 
 1DIAGNOSTIC,     3, -8.691510962462e-01, 1.797693134862e+308, 4.3052e+01, 2.3759e+00, 
 1DIAGNOSTIC,     4, -8.728731111014e-01, 1.797693134862e+308, 4.5304e+01, 2.2512e+00, 
 1DIAGNOSTIC,     5, -8.765345236338e-01, 1.797693134862e+308, 4.7615e+01, 2.3110e+00, 
 1DIAGNOSTIC,     6, -8.796482008550e-01, 1.797693134862e+308, 4.9852e+01, 2.2378e+00, 
 1DIAGNOSTIC,     7, -8.824574891541e-01, 1.797693134862e+308, 5.2091e+01, 2.2383e+00, 
 1DIAGNOSTIC,     8, -8.853564442824e-01, 1.797693134862e+308, 5.4328e+01, 2.2370e+00, 
 1DIAGNOSTIC,     9, -8.881287497844e-01, 1.797693134862e+308, 5.6562e+01, 2.2339e+00, 
 1DIAGNOSTIC,    10, -8.906638648248e-01, 2.133025060739e-03, 5.8806e+01, 2.2445e+00, 
 1DIAGNOSTIC,    11, -8.928589379867e-01, 1.822267587405e-03, 6.1054e+01, 2.2481e+00, 
 1DIAGNOSTIC,    12, -8.945689392703e-01, 1.543283519604e-03, 6.3288e+01, 2.2335e+00, 
 1DIAGNOSTIC,    13, -8.960784330459e-01, 1.305674633173e-03, 6.5536e+01, 2.2486e+00, 
 1DIAGNOSTIC,    14, -8.974370095683e-01, 1.099367908763e-03, 6.7829e+01, 2.2926e+00, 
 1DIAGNOSTIC,    15, -8.986510978116e-01, 9.241245732385e-04, 7.0096e+01, 2.2671e+00, 
 1DIAGNOSTIC,    16, -8.997559814918e-01, 7.704123225266e-04, 7.2320e+01, 2.2237e+00, 
 1DIAGNOSTIC,    17, -9.006123257171e-01, 6.327279960609e-04, 7.4748e+01, 2.4287e+00, 
 1DIAGNOSTIC,    18, -9.015597966313e-01, 5.201286439637e-04, 7.7010e+01, 2.2611e+00, 
 1DIAGNOSTIC,    19, -9.023010863257e-01, 4.299678518214e-04, 7.9245e+01, 2.2356e+00, 
 1DIAGNOSTIC,    20, -9.029918578200e-01, 3.601306254812e-04, 8.1750e+01, 2.5051e+00, 
 1DIAGNOSTIC,    21, -9.036346345210e-01, 3.064261349696e-04, 8.4001e+01, 2.2507e+00, 
 1DIAGNOSTIC,    22, -9.042544905228e-01, 2.626764140921e-04, 8.6290e+01, 2.2892e+00, 
 1DIAGNOSTIC,    23, -9.048631368649e-01, 2.273965607797e-04, 8.8577e+01, 2.2864e+00, 
 1DIAGNOSTIC,    24, -9.054433632856e-01, 1.993651829789e-04, 9.0848e+01, 2.2719e+00, 
 1DIAGNOSTIC,    25, -9.060109387218e-01, 1.774709274326e-04, 9.3123e+01, 2.2745e+00, 
 1DIAGNOSTIC,    26, -9.065687166170e-01, 1.609045495249e-04, 9.5502e+01, 2.3790e+00, 
 1DIAGNOSTIC,    27, -9.071121055646e-01, 1.468044861343e-04, 9.7936e+01, 2.4339e+00, 
 1DIAGNOSTIC,    28, -9.076271546247e-01, 1.364320208475e-04, 1.0023e+02, 2.2975e+00, 
 1DIAGNOSTIC,    29, -9.081229263323e-01, 1.274162819904e-04, 1.0249e+02, 2.2546e+00, 
 1DIAGNOSTIC,    30, -9.085847359639e-01, 1.191383480957e-04, 1.0474e+02, 2.2473e+00, 
 1DIAGNOSTIC,    31, -9.090507105518e-01, 1.114578834940e-04, 1.0698e+02, 2.2400e+00, 
 1DIAGNOSTIC,    32, -9.094990116253e-01, 1.042663586281e-04, 1.0927e+02, 2.2925e+00, 
 1DIAGNOSTIC,    33, -9.099466414241e-01, 9.776161218850e-05, 1.1162e+02, 2.3550e+00, 
 1DIAGNOSTIC,    34, -9.103694607894e-01, 9.170253251250e-05, 1.1414e+02, 2.5197e+00, 
 1DIAGNOSTIC,    35, -9.107806031563e-01, 8.613442228480e-05, 1.1670e+02, 2.5616e+00, 
 1DIAGNOSTIC,    36, -9.111867252715e-01, 8.116089197074e-05, 1.1906e+02, 2.3599e+00, 
 1DIAGNOSTIC,    37, -9.115915621753e-01, 7.684006170479e-05, 1.2147e+02, 2.4045e+00, 
 1DIAGNOSTIC,    38, -9.119834560570e-01, 7.297633689217e-05, 1.2371e+02, 2.2454e+00, 
 1DIAGNOSTIC,    39, -9.123640757474e-01, 6.947052468260e-05, 1.2618e+02, 2.4616e+00, 
 1DIAGNOSTIC,    40, -9.127354588294e-01, 6.610764792707e-05, 1.2846e+02, 2.2827e+00, 
 1DIAGNOSTIC,    41, -9.130978884840e-01, 6.299385936166e-05, 1.3072e+02, 2.2665e+00, 
 1DIAGNOSTIC,    42, -9.134431953667e-01, 5.998697657739e-05, 1.3299e+02, 2.2698e+00, 
 1DIAGNOSTIC,    43, -9.137816514086e-01, 5.717312553788e-05, 1.3529e+02, 2.2992e+00, 
 1DIAGNOSTIC,    44, -9.141115498150e-01, 5.443556597173e-05, 1.3764e+02, 2.3487e+00, 
 1DIAGNOSTIC,    45, -9.144306200215e-01, 5.174703403076e-05, 1.3988e+02, 2.2423e+00, 
 1DIAGNOSTIC,    46, -9.147279669541e-01, 4.906075583352e-05, 1.4218e+02, 2.2998e+00, 
 1DIAGNOSTIC,    47, -9.150328960362e-01, 4.657189536811e-05, 1.4440e+02, 2.2187e+00, 
 1DIAGNOSTIC,    48, -9.153186628769e-01, 4.419129092243e-05, 1.4666e+02, 2.2544e+00, 
 1DIAGNOSTIC,    49, -9.155924661248e-01, 4.189874756893e-05, 1.4892e+02, 2.2587e+00, 
 1DIAGNOSTIC,    50, -9.158558619849e-01, 3.969996360600e-05, 1.5120e+02, 2.2869e+00, 
 1DIAGNOSTIC,    51, -9.160998227155e-01, 3.754618095092e-05, 1.5387e+02, 2.6710e+00, 
 1DIAGNOSTIC,    52, -9.163405993020e-01, 3.544357625246e-05, 1.5614e+02, 2.2633e+00, 
 1DIAGNOSTIC,    53, -9.165656409806e-01, 3.338514205959e-05, 1.5843e+02, 2.2935e+00, 
 1DIAGNOSTIC,    54, -9.167837184605e-01, 3.141367545827e-05, 1.6073e+02, 2.3003e+00, 
 1DIAGNOSTIC,    55, -9.169907644902e-01, 2.953202800145e-05, 1.6301e+02, 2.2775e+00, 
 1DIAGNOSTIC,    56, -9.171912295802e-01, 2.769967442182e-05, 1.6577e+02, 2.7567e+00, 
 1DIAGNOSTIC,    57, -9.173793220627e-01, 2.601417487583e-05, 1.6850e+02, 2.7297e+00, 
 1DIAGNOSTIC,    58, -9.175687081947e-01, 2.448712537936e-05, 1.7077e+02, 2.2749e+00, 
 1DIAGNOSTIC,    59, -9.177528360999e-01, 2.312127515280e-05, 1.7302e+02, 2.2469e+00, 
 1DIAGNOSTIC,    60, -9.179332610498e-01, 2.192778757812e-05, 1.7534e+02, 2.3240e+00, 
 1DIAGNOSTIC,    61, -9.181054257084e-01, 2.083282194738e-05, 1.7797e+02, 2.6339e+00, 
 1DIAGNOSTIC,    62, -9.182739952542e-01, 1.987008817112e-05, 1.8050e+02, 2.5266e+00, 
 1DIAGNOSTIC,    63, -9.184408167979e-01, 1.900560281962e-05, 1.8307e+02, 2.5679e+00, 
 1DIAGNOSTIC,    64, -9.186035936737e-01, 1.823311352958e-05, 1.8568e+02, 2.6069e+00, 
 1DIAGNOSTIC,    65, -9.187684509755e-01, 1.755146046230e-05, 1.8824e+02, 2.5666e+00, 
 1DIAGNOSTIC,    66, -9.189293431722e-01, 1.694603855897e-05, 1.9062e+02, 2.3782e+00, 
 1DIAGNOSTIC,    67, -9.190865309610e-01, 1.637046163038e-05, 1.9315e+02, 2.5281e+00, 
 1DIAGNOSTIC,    68, -9.192464842194e-01, 1.587342273842e-05, 1.9543e+02, 2.2784e+00, 
 1DIAGNOSTIC,    69, -9.194010323683e-01, 1.542656131072e-05, 1.9770e+02, 2.2720e+00, 
 1DIAGNOSTIC,    70, -9.195614371862e-01, 1.505921445027e-05, 1.9995e+02, 2.2534e+00, 
XXDIAGNOSTIC,Iteration,metricValue,convergenceValue,ITERATION_TIME_INDEX,SINCE_LAST
 1DIAGNOSTIC,     1, -8.689129309274e-01, 1.797693134862e+308, 2.2072e+02, 2.0762e+01, 
 1DIAGNOSTIC,     2, -8.716388084032e-01, 1.797693134862e+308, 2.3893e+02, 1.8213e+01, 
 1DIAGNOSTIC,     3, -8.749152796012e-01, 1.797693134862e+308, 2.5797e+02, 1.9041e+01, 
 1DIAGNOSTIC,     4, -8.784313937338e-01, 1.797693134862e+308, 2.7851e+02, 2.0537e+01, 
 1DIAGNOSTIC,     5, -8.813289747304e-01, 1.797693134862e+308, 2.9790e+02, 1.9391e+01, 
 1DIAGNOSTIC,     6, -8.840067326201e-01, 1.797693134862e+308, 3.1673e+02, 1.8830e+01, 
 1DIAGNOSTIC,     7, -8.862161896823e-01, 1.797693134862e+308, 3.3506e+02, 1.8329e+01, 
 1DIAGNOSTIC,     8, -8.882150303146e-01, 1.797693134862e+308, 3.5492e+02, 1.9861e+01, 
 1DIAGNOSTIC,     9, -8.900074976493e-01, 1.797693134862e+308, 3.7499e+02, 2.0072e+01, 
 1DIAGNOSTIC,    10, -8.914384352871e-01, 1.679313215199e-03, 3.9374e+02, 1.8753e+01, 
 1DIAGNOSTIC,    11, -8.929534354707e-01, 1.392227370696e-03, 4.1261e+02, 1.8872e+01, 
 1DIAGNOSTIC,    12, -8.941597810075e-01, 1.132846012789e-03, 4.3145e+02, 1.8840e+01, 
 1DIAGNOSTIC,    13, -8.954771077572e-01, 9.237421890032e-04, 4.5058e+02, 1.9126e+01, 
 1DIAGNOSTIC,    14, -8.965027088392e-01, 7.640508891397e-04, 4.6895e+02, 1.8370e+01, 
 1DIAGNOSTIC,    15, -8.974573854425e-01, 6.377234636562e-04, 4.8745e+02, 1.8502e+01, 
 1DIAGNOSTIC,    16, -8.983416625337e-01, 5.396722779151e-04, 5.0595e+02, 1.8497e+01, 
 1DIAGNOSTIC,    17, -8.991724831490e-01, 4.603165759795e-04, 5.2423e+02, 1.8284e+01, 
 1DIAGNOSTIC,    18, -8.999594792390e-01, 3.964004120965e-04, 5.4333e+02, 1.9093e+01, 
 1DIAGNOSTIC,    19, -9.006994178247e-01, 3.448987021161e-04, 5.6165e+02, 1.8323e+01, 
 1DIAGNOSTIC,    20, -9.013917565124e-01, 3.001880415567e-04, 5.8110e+02, 1.9454e+01, 
 1DIAGNOSTIC,    21, -9.020407157568e-01, 2.645548599257e-04, 5.9982e+02, 1.8712e+01, 
 1DIAGNOSTIC,    22, -9.026511613978e-01, 2.335917383213e-04, 6.1860e+02, 1.8783e+01, 
 1DIAGNOSTIC,    23, -9.032034217110e-01, 2.092739627301e-04, 6.3731e+02, 1.8711e+01, 
 1DIAGNOSTIC,    24, -9.037090414520e-01, 1.876092455792e-04, 6.5648e+02, 1.9175e+01, 
 1DIAGNOSTIC,    25, -9.041707888137e-01, 1.680414232921e-04, 6.7592e+02, 1.9432e+01, 
 1DIAGNOSTIC,    26, -9.045911159990e-01, 1.500951260210e-04, 6.9470e+02, 1.8780e+01, 
 1DIAGNOSTIC,    27, -9.049737383399e-01, 1.335977116953e-04, 7.1338e+02, 1.8683e+01, 
 1DIAGNOSTIC,    28, -9.053242781528e-01, 1.185691015577e-04, 7.3248e+02, 1.9103e+01, 
 1DIAGNOSTIC,    29, -9.056528008097e-01, 1.050742508529e-04, 7.5122e+02, 1.8740e+01, 
 1DIAGNOSTIC,    30, -9.059612616241e-01, 9.313144987950e-05, 7.6969e+02, 1.8469e+01, 
 1DIAGNOSTIC,    31, -9.062584277947e-01, 8.282773377733e-05, 7.8873e+02, 1.9041e+01, 
 1DIAGNOSTIC,    32, -9.065459170669e-01, 7.422775613247e-05, 8.0714e+02, 1.8409e+01, 
 1DIAGNOSTIC,    33, -9.068138900227e-01, 6.700153854920e-05, 8.2529e+02, 1.8148e+01, 
 1DIAGNOSTIC,    34, -9.070693098239e-01, 6.095300200398e-05, 8.4356e+02, 1.8273e+01, 
 1DIAGNOSTIC,    35, -9.073105881278e-01, 5.584534575000e-05, 8.6261e+02, 1.9051e+01, 
 1DIAGNOSTIC,    36, -9.075399573458e-01, 5.145276816066e-05, 8.8086e+02, 1.8246e+01, 
 1DIAGNOSTIC,    37, -9.077490848724e-01, 4.749384648842e-05, 9.0051e+02, 1.9649e+01, 
 1DIAGNOSTIC,    38, -9.079438113019e-01, 4.379630686186e-05, 9.2032e+02, 1.9806e+01, 
 1DIAGNOSTIC,    39, -9.081219334746e-01, 4.026287964232e-05, 9.3892e+02, 1.8602e+01, 
 1DIAGNOSTIC,    40, -9.082872127524e-01, 3.685080146428e-05, 9.5768e+02, 1.8767e+01, 
 1DIAGNOSTIC,    41, -9.084409039796e-01, 3.360364436766e-05, 9.7666e+02, 1.8973e+01, 
 1DIAGNOSTIC,    42, -9.085843753270e-01, 3.058677702230e-05, 1.0008e+03, 2.4152e+01, 
 1DIAGNOSTIC,    43, -9.087184444818e-01, 2.778446843162e-05, 1.0196e+03, 1.8823e+01, 
 1DIAGNOSTIC,    44, -9.088382158978e-01, 2.518998757247e-05, 1.0388e+03, 1.9140e+01, 
 1DIAGNOSTIC,    45, -9.089471090549e-01, 2.280280145789e-05, 1.0572e+03, 1.8416e+01, 
 1DIAGNOSTIC,    46, -9.090432216680e-01, 2.061661927035e-05, 1.0784e+03, 2.1169e+01, 
 1DIAGNOSTIC,    47, -9.091341218014e-01, 1.861034443310e-05, 1.1017e+03, 2.3350e+01, 
 1DIAGNOSTIC,    48, -9.092176093500e-01, 1.678002811633e-05, 1.1226e+03, 2.0858e+01, 
 1DIAGNOSTIC,    49, -9.092912049624e-01, 1.508386155311e-05, 1.1408e+03, 1.8281e+01, 
 1DIAGNOSTIC,    50, -9.093593472530e-01, 1.353039651666e-05, 1.1602e+03, 1.9308e+01, 
XXDIAGNOSTIC,Iteration,metricValue,convergenceValue,ITERATION_TIME_INDEX,SINCE_LAST
 1DIAGNOSTIC,     1, -8.691909555071e-01, 1.797693134862e+308, 1.3136e+03, 1.5343e+02, 
 1DIAGNOSTIC,     2, -8.701553428898e-01, 1.797693134862e+308, 1.4669e+03, 1.5327e+02, 
 1DIAGNOSTIC,     3, -8.714707119702e-01, 1.797693134862e+308, 1.6335e+03, 1.6660e+02, 
 1DIAGNOSTIC,     4, -8.730990216269e-01, 1.797693134862e+308, 1.7951e+03, 1.6165e+02, 
 1DIAGNOSTIC,     5, -8.745076122764e-01, 1.797693134862e+308, 1.9590e+03, 1.6387e+02, 
 1DIAGNOSTIC,     6, -8.758994197194e-01, 1.797693134862e+308, 2.1179e+03, 1.5889e+02, 
 1DIAGNOSTIC,     7, -8.771572696593e-01, 1.797693134862e+308, 2.2801e+03, 1.6221e+02, 
 1DIAGNOSTIC,     8, -8.782210978858e-01, 1.797693134862e+308, 2.4437e+03, 1.6360e+02, 
 1DIAGNOSTIC,     9, -8.793230101200e-01, 1.797693134862e+308, 2.6054e+03, 1.6177e+02, 
 1DIAGNOSTIC,    10, -8.802533937244e-01, 8.456634825107e-04, 2.7785e+03, 1.7304e+02, 
 1DIAGNOSTIC,    11, -8.811281252382e-01, 7.394116278445e-04, 2.9385e+03, 1.5998e+02, 
 1DIAGNOSTIC,    12, -8.818672997635e-01, 6.304068784786e-04, 3.1009e+03, 1.6247e+02, 
 1DIAGNOSTIC,    13, -8.826837778731e-01, 5.340315198434e-04, 3.2628e+03, 1.6189e+02, 
 1DIAGNOSTIC,    14, -8.833621210198e-01, 4.559461456457e-04, 3.4286e+03, 1.6576e+02, 
 1DIAGNOSTIC,    15, -8.841309546307e-01, 3.933353348176e-04, 3.5973e+03, 1.6870e+02, 
 1DIAGNOSTIC,    16, -8.847451995801e-01, 3.427806303515e-04, 3.7545e+03, 1.5717e+02, 
 1DIAGNOSTIC,    17, -8.853251359629e-01, 3.014812184535e-04, 3.9192e+03, 1.6477e+02, 
 1DIAGNOSTIC,    18, -8.858747705686e-01, 2.657274472162e-04, 4.0834e+03, 1.6415e+02, 
 1DIAGNOSTIC,    19, -8.864147741030e-01, 2.369011363869e-04, 4.2451e+03, 1.6167e+02, 
 1DIAGNOSTIC,    20, -8.869409783188e-01, 2.123341087999e-04, 4.4075e+03, 1.6247e+02, 
  Elapsed time (stage 0): 4408.86


Total elapsed time: 4408.87
