
##########################
# Experiment information #
##########################

EXPERIMENT_NAME: antsRegistration-r7-p20
VFC_BACKENDS: libinterflop_vprec.so --range-binary32=7 --precision-binary32=20 --range-binary64=7 --precision-binary64=20

SIF_IMG: /home/mdugre/projects/rrg-glatard/mdugre/containers/ants-vprec-no_metrics.simg

SUBJECT_ID: s037
INPUT_IMG: /home/mdugre/scratch/mri-registration-rp/datasets/ds004513/derivatives/mri-registration-rp/antsBrainExtraction/sub-s037/BrainExtractionBrain.nii.gz
OUTPUT_DIR: /home/mdugre/scratch/mri-registration-rp/datasets/ds004513/derivatives/mri-registration-rp/0110/antsRegistration-r7-p20/sub-s037

FIXED_IMG: /templateflow/tpl-MNI152NLin2009cAsym/tpl-MNI152NLin2009cAsym_res-01_desc-brain_T1w.nii.gz
DATA_DIR: /home/mdugre/scratch/mri-registration-rp/datasets/ds004513
TEMPLATEFLOW_DIR: /home/mdugre/projects/rrg-glatard/mdugre/templateflow
ITK_GLOBAL_DEFAULT_NUMBER_OF_THREADS: 16
##########################

Info [verificarlo]: loaded backend libinterflop_ieee.so
Info [interflop-ieee]: load backend with:
Info [interflop-ieee]: debug = false
Info [interflop-ieee]: debug-binary = false
Info [interflop-ieee]: no-backend-name = false
Info [interflop-ieee]: print-new-line = false
Info [interflop-ieee]: print-subnormal-normalized = false
Info [interflop-ieee]: count-op = false
All_Command_lines_OK
Using double precision for computations.
=============================================================================
The composite transform comprises the following transforms (in order): 
  1. Center of mass alignment using fixed image: /templateflow/tpl-MNI152NLin2009cAsym/tpl-MNI152NLin2009cAsym_res-01_desc-brain_T1w.nii.gz and moving image: /home/mdugre/scratch/mri-registration-rp/datasets/ds004513/derivatives/mri-registration-rp/antsBrainExtraction/sub-s037/BrainExtractionBrain.nii.gz (type = Euler3DTransform)
=============================================================================
  number of levels = 1
  fixed image: /templateflow/tpl-MNI152NLin2009cAsym/tpl-MNI152NLin2009cAsym_res-01_desc-brain_T1w.nii.gz
  moving image: /home/mdugre/scratch/mri-registration-rp/datasets/ds004513/derivatives/mri-registration-rp/antsBrainExtraction/sub-s037/BrainExtractionBrain.nii.gz
Dimension = 3
Number of stages = 1
Use histogram matching = false
Winsorize image intensities = true
  Lower quantile = 0.005
  Upper quantile = 0.995


Stage 1 State
   Image metric = MattesMI
     Fixed image = Image (0x4a99e70)
  RTTI typeinfo:   itk::Image<double, 3u>
  Reference Count: 2
  Modified Time: 2330
  Debug: Off
  Object Name: 
  Observers: 
    none
  Source: (none)
  Source output name: (none)
  Release Data: Off
  Data Released: False
  Global Release Data: Off
  PipelineMTime: 0
  UpdateMTime: 1941
  RealTimeStamp: 0 seconds 
  LargestPossibleRegion: 
    Dimension: 3
    Index: [0, 0, 0]
    Size: [193, 229, 193]
  BufferedRegion: 
    Dimension: 3
    Index: [0, 0, 0]
    Size: [193, 229, 193]
  RequestedRegion: 
    Dimension: 3
    Index: [0, 0, 0]
    Size: [193, 229, 193]
  Spacing: [1, 1, 1]
  Origin: [96, 132, -78]
  Direction: 
-1 0 0
0 -1 0
0 0 1

  IndexToPointMatrix: 
-1 0 0
0 -1 0
0 0 1

  PointToIndexMatrix: 
-1 0 0
0 -1 0
0 0 1

  Inverse Direction: 
-1 0 0
0 -1 0
0 0 1

  PixelContainer: 
    ImportImageContainer (0x4aa2c60)
      RTTI typeinfo:   itk::ImportImageContainer<unsigned long, double>
      Reference Count: 1
      Modified Time: 1938
      Debug: Off
      Object Name: 
      Observers: 
        none
      Pointer: 0x154056fe3010
      Container manages memory: true
      Size: 8530021
      Capacity: 8530021

     Moving image = Image (0x4b36ec0)
  RTTI typeinfo:   itk::Image<double, 3u>
  Reference Count: 2
  Modified Time: 2331
  Debug: Off
  Object Name: 
  Observers: 
    none
  Source: (none)
  Source output name: (none)
  Release Data: Off
  Data Released: False
  Global Release Data: Off
  PipelineMTime: 0
  UpdateMTime: 2328
  RealTimeStamp: 0 seconds 
  LargestPossibleRegion: 
    Dimension: 3
    Index: [0, 0, 0]
    Size: [160, 240, 256]
  BufferedRegion: 
    Dimension: 3
    Index: [0, 0, 0]
    Size: [160, 240, 256]
  RequestedRegion: 
    Dimension: 3
    Index: [0, 0, 0]
    Size: [160, 240, 256]
  Spacing: [1, 1, 1]
  Origin: [87.9508, 102.562, -147.639]
  Direction: 
-0.998659 -0.0436121 -0.0279129
0.043595 -0.999049 0.00121847
-0.0279395 -2.65543e-08 0.99961

  IndexToPointMatrix: 
-0.998659 -0.0436121 -0.0279129
0.043595 -0.999049 0.00121847
-0.0279395 -2.65543e-08 0.99961

  PointToIndexMatrix: 
-0.998659 0.043595 -0.0279395
-0.0436121 -0.999049 -2.65517e-08
-0.0279129 0.00121847 0.99961

  Inverse Direction: 
-0.998659 0.043595 -0.0279395
-0.0436121 -0.999049 -2.65517e-08
-0.0279129 0.00121847 0.99961

  PixelContainer: 
    ImportImageContainer (0x4bce610)
      RTTI typeinfo:   itk::ImportImageContainer<unsigned long, double>
      Reference Count: 1
      Modified Time: 2325
      Debug: Off
      Object Name: 
      Observers: 
        none
      Pointer: 0x1540524e2010
      Container manages memory: true
      Size: 9830400
      Capacity: 9830400

     Weighting = 1
     Sampling strategy = regular
     Number of bins = 32
     Radius = 4
     Sampling percentage  = 0.25
   Transform = Rigid
     Gradient step = 0.1
     Update field sigma (voxel space) = 0
     Total field sigma (voxel space) = 0
     Update field time sigma = 0
     Total field time sigma  = 0
     Number of time indices = 0
     Number of time point samples = 0
Registration using 1 total stages.

Stage 0
  iterations = 0
  convergence threshold = 1e-06
  convergence window size = 10
  number of levels = 1
  using the Mattes MI metric (number of bins = 32, weight = 1, use gradient filter = 0)
  preprocessing:  winsorizing the image intensities
  Shrink factors (level 1 out of 1): [1, 1, 1]
  smoothing sigmas per level: [0]
  regular sampling (percentage = 0.25)

*** Running Euler3DTransform registration ***

  Elapsed time (stage 0): 1.19164


Total elapsed time: 1.22022
Info [verificarlo]: loaded backend libinterflop_vprec.so
Info [interflop-vprec]: load backend with: 
Info [interflop-vprec]: precision-binary32 = 20
Info [interflop-vprec]: range-binary32 = 7
Info [interflop-vprec]: precision-binary64 = 20
Info [interflop-vprec]: range-binary64 = 7
Info [interflop-vprec]: mode = ob
Info [interflop-vprec]: error-mode = rel
Info [interflop-vprec]: max-abs-error-exponent = -1022
Info [interflop-vprec]: daz = false
Info [interflop-vprec]: ftz = false
Info [interflop-vprec]: 	instrument = none
Info [interflop-vprec]: 	prec-input-file = (null)
Info [interflop-vprec]: 	prec-output-file = (null)
Info [interflop-vprec]: 	prec-log-file = (null)
All_Command_lines_OK
Using double precision for computations.
=============================================================================
The composite transform comprises the following transforms (in order): 
  1. /home/mdugre/scratch/mri-registration-rp/datasets/ds004513/derivatives/mri-registration-rp/0110/antsRegistration-r7-p20/sub-s037/align_Composite.h5[0] (type = Euler3DTransform)
  2. /home/mdugre/scratch/mri-registration-rp/datasets/ds004513/derivatives/mri-registration-rp/0110/antsRegistration-r7-p20/sub-s037/align_Composite.h5[1] (type = Euler3DTransform)
=============================================================================
  number of levels = 4
  fixed image: /templateflow/tpl-MNI152NLin2009cAsym/tpl-MNI152NLin2009cAsym_res-01_desc-brain_T1w.nii.gz
  moving image: /home/mdugre/scratch/mri-registration-rp/datasets/ds004513/derivatives/mri-registration-rp/antsBrainExtraction/sub-s037/BrainExtractionBrain.nii.gz
Dimension = 3
Number of stages = 1
Use histogram matching = false
Winsorize image intensities = true
  Lower quantile = 0.005
  Upper quantile = 0.995


Stage 1 State
   Image metric = MattesMI
     Fixed image = Image (0x48291e0)
  RTTI typeinfo:   itk::Image<double, 3u>
  Reference Count: 2
  Modified Time: 1578
  Debug: Off
  Object Name: 
  Observers: 
    none
  Source: (none)
  Source output name: (none)
  Release Data: Off
  Data Released: False
  Global Release Data: Off
  PipelineMTime: 0
  UpdateMTime: 1189
  RealTimeStamp: 0 seconds 
  LargestPossibleRegion: 
    Dimension: 3
    Index: [0, 0, 0]
    Size: [193, 229, 193]
  BufferedRegion: 
    Dimension: 3
    Index: [0, 0, 0]
    Size: [193, 229, 193]
  RequestedRegion: 
    Dimension: 3
    Index: [0, 0, 0]
    Size: [193, 229, 193]
  Spacing: [1, 1, 1]
  Origin: [96, 132, -78]
  Direction: 
-1 0 0
0 -1 0
0 0 1

  IndexToPointMatrix: 
-1 0 0
0 -1 0
0 0 1

  PointToIndexMatrix: 
-1 0 0
0 -1 0
0 0 1

  Inverse Direction: 
-1 0 0
0 -1 0
0 0 1

  PixelContainer: 
    ImportImageContainer (0x48e8680)
      RTTI typeinfo:   itk::ImportImageContainer<unsigned long, double>
      Reference Count: 1
      Modified Time: 1186
      Debug: Off
      Object Name: 
      Observers: 
        none
      Pointer: 0x14cb23c4e010
      Container manages memory: true
      Size: 8530021
      Capacity: 8530021

     Moving image = Image (0x48e4b20)
  RTTI typeinfo:   itk::Image<double, 3u>
  Reference Count: 2
  Modified Time: 1579
  Debug: Off
  Object Name: 
  Observers: 
    none
  Source: (none)
  Source output name: (none)
  Release Data: Off
  Data Released: False
  Global Release Data: Off
  PipelineMTime: 0
  UpdateMTime: 1576
  RealTimeStamp: 0 seconds 
  LargestPossibleRegion: 
    Dimension: 3
    Index: [0, 0, 0]
    Size: [160, 240, 256]
  BufferedRegion: 
    Dimension: 3
    Index: [0, 0, 0]
    Size: [160, 240, 256]
  RequestedRegion: 
    Dimension: 3
    Index: [0, 0, 0]
    Size: [160, 240, 256]
  Spacing: [1, 1, 1]
  Origin: [87.9508, 102.562, -147.639]
  Direction: 
-0.998658 -0.0436121 -0.0279129
0.043595 -0.999049 0.00121847
-0.0279395 -2.65543e-08 0.999609

  IndexToPointMatrix: 
-0.998658 -0.0436121 -0.0279129
0.043595 -0.999049 0.00121847
-0.0279395 -2.65543e-08 0.999609

  PointToIndexMatrix: 
-0.99866 0.043595 -0.0279396
-0.043612 -0.999048 2.38419e-07
-0.027913 0.00121832 0.99961

  Inverse Direction: 
-0.99866 0.043595 -0.0279396
-0.043612 -0.999048 2.38419e-07
-0.027913 0.00121832 0.99961

  PixelContainer: 
    ImportImageContainer (0x494dd50)
      RTTI typeinfo:   itk::ImportImageContainer<unsigned long, double>
      Reference Count: 1
      Modified Time: 1573
      Debug: Off
      Object Name: 
      Observers: 
        none
      Pointer: 0x14cb1f14d010
      Container manages memory: true
      Size: 9830400
      Capacity: 9830400

     Weighting = 1
     Sampling strategy = regular
     Number of bins = 32
     Radius = 4
     Sampling percentage  = 0.25
   Transform = Rigid
     Gradient step = 0.1
     Update field sigma (voxel space) = 0
     Total field sigma (voxel space) = 0
     Update field time sigma = 0
     Total field time sigma  = 0
     Number of time indices = 0
     Number of time point samples = 0
Registration using 1 total stages.

Stage 0
  iterations = 1000x500x250x100
  convergence threshold = 1e-06
  convergence window size = 10
  number of levels = 4
  using the Mattes MI metric (number of bins = 32, weight = 1, use gradient filter = 0)
  preprocessing:  winsorizing the image intensities
  Shrink factors (level 1 out of 4): [8, 8, 8]
  Shrink factors (level 2 out of 4): [4, 4, 4]
  Shrink factors (level 3 out of 4): [2, 2, 2]
  Shrink factors (level 4 out of 4): [1, 1, 1]
  smoothing sigmas per level: [3, 2, 1, 0]
  regular sampling (percentage = 0.25)

*** Running Euler3DTransform registration ***

DIAGNOSTIC,Iteration,metricValue,convergenceValue,ITERATION_TIME_INDEX,SINCE_LAST
 2DIAGNOSTIC,     1, -4.299046080010e-01, 1.797693134862e+308, 0.0000e+00, 0.0000e+00, 
 2DIAGNOSTIC,     2, -4.311612725653e-01, 1.797693134862e+308, 0.0000e+00, 0.0000e+00, 
 2DIAGNOSTIC,     3, -4.334715421000e-01, 1.797693134862e+308, 0.0000e+00, 0.0000e+00, 
 2DIAGNOSTIC,     4, -4.388894590128e-01, 1.797693134862e+308, 0.0000e+00, 0.0000e+00, 
 2DIAGNOSTIC,     5, -4.438745033452e-01, 1.797693134862e+308, 0.0000e+00, 0.0000e+00, 
 2DIAGNOSTIC,     6, -4.461309533796e-01, 1.797693134862e+308, 0.0000e+00, 0.0000e+00, 
 2DIAGNOSTIC,     7, -4.511278239309e-01, 1.797693134862e+308, 0.0000e+00, 0.0000e+00, 
 2DIAGNOSTIC,     8, -4.668054837515e-01, 1.797693134862e+308, 0.0000e+00, 0.0000e+00, 
 2DIAGNOSTIC,     9, -4.755222585206e-01, 1.797693134862e+308, 0.0000e+00, 0.0000e+00, 
 2DIAGNOSTIC,    10, -4.796236461240e-01, 7.459319830028e-03, 0.0000e+00, 0.0000e+00, 
 2DIAGNOSTIC,    11, -4.808814162798e-01, 7.271197461103e-03, 0.0000e+00, 0.0000e+00, 
 2DIAGNOSTIC,    12, -4.820955420032e-01, 6.599480382811e-03, 0.0000e+00, 0.0000e+00, 
 2DIAGNOSTIC,    13, -4.835051021026e-01, 5.604818265154e-03, 0.0000e+00, 0.0000e+00, 
 2DIAGNOSTIC,    14, -4.859014426586e-01, 4.585402372145e-03, 0.0000e+00, 0.0000e+00, 
 2DIAGNOSTIC,    15, -4.882783394103e-01, 3.598452282310e-03, 0.0000e+00, 0.0000e+00, 
 2DIAGNOSTIC,    16, -4.891311776327e-01, 2.537127182092e-03, 0.0000e+00, 0.0000e+00, 
 2DIAGNOSTIC,    17, -4.907345649041e-01, 1.602425749976e-03, 0.0000e+00, 0.0000e+00, 
 2DIAGNOSTIC,    18, -4.915790139888e-01, 1.182159832415e-03, 0.0000e+00, 0.0000e+00, 
 2DIAGNOSTIC,    19, -4.921492379704e-01, 9.924233006078e-04, 0.0000e+00, 0.0000e+00, 
 2DIAGNOSTIC,    20, -4.923254685640e-01, 8.595574097361e-04, 0.0000e+00, 0.0000e+00, 
 2DIAGNOSTIC,    21, -4.929654097830e-01, 7.150651207321e-04, 0.0000e+00, 0.0000e+00, 
 2DIAGNOSTIC,    22, -4.937353168574e-01, 5.718890967277e-04, 0.0000e+00, 0.0000e+00, 
 2DIAGNOSTIC,    23, -4.943215528919e-01, 4.391521134283e-04, 0.0000e+00, 0.0000e+00, 
 2DIAGNOSTIC,    24, -4.953312980202e-01, 3.612401951053e-04, 0.0000e+00, 0.0000e+00, 
 2DIAGNOSTIC,    25, -4.971101709729e-01, 3.555826217339e-04, 0.0000e+00, 0.0000e+00, 
 2DIAGNOSTIC,    26, -4.980419322199e-01, 3.565752358445e-04, 0.0000e+00, 0.0000e+00, 
 2DIAGNOSTIC,    27, -4.989010106525e-01, 3.780931486989e-04, 0.0000e+00, 0.0000e+00, 
 2DIAGNOSTIC,    28, -5.009302392453e-01, 4.235636389293e-04, 0.0000e+00, 0.0000e+00, 
 2DIAGNOSTIC,    29, -5.084751324266e-01, 5.912911731397e-04, 0.0000e+00, 0.0000e+00, 
 2DIAGNOSTIC,    30, -5.182173133235e-01, 8.829009268089e-04, 0.0000e+00, 0.0000e+00, 
 2DIAGNOSTIC,    31, -5.211676128916e-01, 1.135853225013e-03, 0.0000e+00, 0.0000e+00, 
 2DIAGNOSTIC,    32, -5.268263587445e-01, 1.385334174038e-03, 0.0000e+00, 0.0000e+00, 
 2DIAGNOSTIC,    33, -5.336939645965e-01, 1.619094076955e-03, 0.0000e+00, 0.0000e+00, 
 2DIAGNOSTIC,    34, -5.346598707241e-01, 1.713747098726e-03, 0.0000e+00, 0.0000e+00, 
 2DIAGNOSTIC,    35, -5.359503528769e-01, 1.690641012878e-03, 0.0000e+00, 0.0000e+00, 
 2DIAGNOSTIC,    36, -5.369139273794e-01, 1.540957467714e-03, 0.0000e+00, 0.0000e+00, 
 2DIAGNOSTIC,    37, -5.373540114884e-01, 1.275351571718e-03, 0.0000e+00, 0.0000e+00, 
 2DIAGNOSTIC,    38, -5.376789787741e-01, 9.372745293868e-04, 0.0000e+00, 0.0000e+00, 
 2DIAGNOSTIC,    39, -5.379379825610e-01, 6.420403783957e-04, 0.0000e+00, 0.0000e+00, 
 2DIAGNOSTIC,    40, -5.383648258895e-01, 4.495457178187e-04, 0.0000e+00, 0.0000e+00, 
 2DIAGNOSTIC,    41, -5.389848261871e-01, 2.733991696649e-04, 0.0000e+00, 0.0000e+00, 
 2DIAGNOSTIC,    42, -5.393628244082e-01, 1.604133755308e-04, 0.0000e+00, 0.0000e+00, 
 2DIAGNOSTIC,    43, -5.393688370742e-01, 1.295038708590e-04, 0.0000e+00, 0.0000e+00, 
 2DIAGNOSTIC,    44, -5.394070434166e-01, 1.007481882286e-04, 0.0000e+00, 0.0000e+00, 
 2DIAGNOSTIC,    45, -5.395063568606e-01, 8.117707784379e-05, 0.0000e+00, 0.0000e+00, 
 2DIAGNOSTIC,    46, -5.395302977557e-01, 6.682531926838e-05, 0.0000e+00, 0.0000e+00, 
 2DIAGNOSTIC,    47, -5.395612590490e-01, 5.243520106942e-05, 0.0000e+00, 0.0000e+00, 
 2DIAGNOSTIC,    48, -5.396661033287e-01, 3.891642317495e-05, 0.0000e+00, 0.0000e+00, 
 2DIAGNOSTIC,    49, -5.420848713371e-01, 5.328771273318e-05, 0.0000e+00, 0.0000e+00, 
 2DIAGNOSTIC,    50, -5.437189565430e-01, 8.439212873119e-05, 0.0000e+00, 0.0000e+00, 
 2DIAGNOSTIC,    51, -5.445487909931e-01, 1.219219266088e-04, 0.0000e+00, 0.0000e+00, 
 2DIAGNOSTIC,    52, -5.454193658934e-01, 1.602092194402e-04, 0.0000e+00, 0.0000e+00, 
 2DIAGNOSTIC,    53, -5.460083712597e-01, 1.879779609730e-04, 0.0000e+00, 0.0000e+00, 
 2DIAGNOSTIC,    54, -5.473294985644e-01, 2.103823177911e-04, 0.0000e+00, 0.0000e+00, 
 2DIAGNOSTIC,    55, -5.489077739151e-01, 2.283428809751e-04, 0.0000e+00, 0.0000e+00, 
 2DIAGNOSTIC,    56, -5.496661272468e-01, 2.315571155423e-04, 0.0000e+00, 0.0000e+00, 
 2DIAGNOSTIC,    57, -5.500018201221e-01, 2.165932643397e-04, 0.0000e+00, 0.0000e+00, 
 2DIAGNOSTIC,    58, -5.500646816863e-01, 1.827899573530e-04, 0.0000e+00, 0.0000e+00, 
 2DIAGNOSTIC,    59, -5.505754591262e-01, 1.600740958209e-04, 0.0000e+00, 0.0000e+00, 
 2DIAGNOSTIC,    60, -5.512949332226e-01, 1.442826280568e-04, 0.0000e+00, 0.0000e+00, 
 2DIAGNOSTIC,    61, -5.521752982253e-01, 1.305716063542e-04, 0.0000e+00, 0.0000e+00, 
 2DIAGNOSTIC,    62, -5.526743977492e-01, 1.171908196208e-04, 0.0000e+00, 0.0000e+00, 
 2DIAGNOSTIC,    63, -5.552858076278e-01, 1.212215084535e-04, 0.0000e+00, 0.0000e+00, 
 2DIAGNOSTIC,    64, -5.564961249712e-01, 1.345968992930e-04, 0.0000e+00, 0.0000e+00, 
 2DIAGNOSTIC,    65, -5.570152538285e-01, 1.522452572564e-04, 0.0000e+00, 0.0000e+00, 
 2DIAGNOSTIC,    66, -5.575377074384e-01, 1.656313225678e-04, 0.0000e+00, 0.0000e+00, 
 2DIAGNOSTIC,    67, -5.597040896584e-01, 1.833497943435e-04, 0.0000e+00, 0.0000e+00, 
 2DIAGNOSTIC,    68, -5.665140261860e-01, 2.378651703345e-04, 0.0000e+00, 0.0000e+00, 
 2DIAGNOSTIC,    69, -5.734084452770e-01, 3.252687578774e-04, 0.0000e+00, 0.0000e+00, 
 2DIAGNOSTIC,    70, -5.735200832469e-01, 3.846004425992e-04, 0.0000e+00, 0.0000e+00, 
 2DIAGNOSTIC,    71, -5.742411733859e-01, 4.190788698851e-04, 0.0000e+00, 0.0000e+00, 
 2DIAGNOSTIC,    72, -5.752975391640e-01, 4.238324459535e-04, 0.0000e+00, 0.0000e+00, 
 2DIAGNOSTIC,    73, -5.763094093573e-01, 4.133881216281e-04, 0.0000e+00, 0.0000e+00, 
 2DIAGNOSTIC,    74, -5.767945384234e-01, 3.750967279556e-04, 0.0000e+00, 0.0000e+00, 
 2DIAGNOSTIC,    75, -5.770975053574e-01, 3.085887219522e-04, 0.0000e+00, 0.0000e+00, 
 2DIAGNOSTIC,    76, -5.773573011358e-01, 2.208490783666e-04, 0.0000e+00, 0.0000e+00, 
 2DIAGNOSTIC,    77, -5.809753105005e-01, 1.543014962393e-04, 0.0000e+00, 0.0000e+00, 
 2DIAGNOSTIC,    78, -5.824677074830e-01, 1.305052054253e-04, 0.0000e+00, 0.0000e+00, 
 2DIAGNOSTIC,    79, -5.827134590161e-01, 1.439488471586e-04, 0.0000e+00, 0.0000e+00, 
 2DIAGNOSTIC,    80, -5.830002465437e-01, 1.463509716459e-04, 0.0000e+00, 0.0000e+00, 
 2DIAGNOSTIC,    81, -5.834054649349e-01, 1.420601725333e-04, 0.0000e+00, 0.0000e+00, 
 2DIAGNOSTIC,    82, -5.836602923662e-01, 1.322616981925e-04, 0.0000e+00, 0.0000e+00, 
 2DIAGNOSTIC,    83, -5.839136256006e-01, 1.179398665528e-04, 0.0000e+00, 0.0000e+00, 
 2DIAGNOSTIC,    84, -5.842092918588e-01, 9.794692293148e-05, 0.0000e+00, 0.0000e+00, 
 2DIAGNOSTIC,    85, -5.841519438388e-01, 7.094215572301e-05, 0.0000e+00, 0.0000e+00, 
 2DIAGNOSTIC,    86, -5.843995027129e-01, 4.048229188106e-05, 0.0000e+00, 0.0000e+00, 
 2DIAGNOSTIC,    87, -5.842138781878e-01, 2.782052890554e-05, 0.0000e+00, 0.0000e+00, 
 2DIAGNOSTIC,    88, -5.842379581833e-01, 2.208925132509e-05, 0.0000e+00, 0.0000e+00, 
 2DIAGNOSTIC,    89, -5.842865865392e-01, 1.615235134745e-05, 0.0000e+00, 0.0000e+00, 
 2DIAGNOSTIC,    90, -5.847452434220e-01, 1.321014806318e-05, 0.0000e+00, 0.0000e+00, 
 2DIAGNOSTIC,    91, -5.856306540003e-01, 1.658911671531e-05, 0.0000e+00, 0.0000e+00, 
 2DIAGNOSTIC,    92, -5.867173590631e-01, 2.597667829773e-05, 0.0000e+00, 0.0000e+00, 
 2DIAGNOSTIC,    93, -5.871386596054e-01, 3.643129730116e-05, 0.0000e+00, 0.0000e+00, 
 2DIAGNOSTIC,    94, -5.872172629968e-01, 4.535744683942e-05, 0.0000e+00, 0.0000e+00, 
 2DIAGNOSTIC,    95, -5.876298641596e-01, 5.171811056072e-05, 0.0000e+00, 0.0000e+00, 
 2DIAGNOSTIC,    96, -5.880621272038e-01, 5.662845736505e-05, 0.0000e+00, 0.0000e+00, 
 2DIAGNOSTIC,    97, -5.887826385829e-01, 5.879207437508e-05, 0.0000e+00, 0.0000e+00, 
 2DIAGNOSTIC,    98, -5.890901307683e-01, 5.704076478766e-05, 0.0000e+00, 0.0000e+00, 
 2DIAGNOSTIC,    99, -5.893521599742e-01, 5.160185101482e-05, 0.0000e+00, 0.0000e+00, 
 2DIAGNOSTIC,   100, -5.903089680599e-01, 4.878008868445e-05, 0.0000e+00, 0.0000e+00, 
 2DIAGNOSTIC,   101, -5.908364324012e-01, 4.843780502539e-05, 0.0000e+00, 0.0000e+00, 
 2DIAGNOSTIC,   102, -5.912159350966e-01, 5.094424384606e-05, 0.0000e+00, 0.0000e+00, 
 2DIAGNOSTIC,   103, -5.914570857822e-01, 5.195495536231e-05, 0.0000e+00, 0.0000e+00, 
 2DIAGNOSTIC,   104, -5.917206176926e-01, 4.969386321964e-05, 0.0000e+00, 0.0000e+00, 
 2DIAGNOSTIC,   105, -5.919213357699e-01, 4.569687444646e-05, 0.0000e+00, 0.0000e+00, 
 2DIAGNOSTIC,   106, -5.920806581930e-01, 4.020207124719e-05, 0.0000e+00, 0.0000e+00, 
 2DIAGNOSTIC,   107, -5.929678172511e-01, 3.887082423560e-05, 0.0000e+00, 0.0000e+00, 
 2DIAGNOSTIC,   108, -5.930699669877e-01, 3.575827123586e-05, 0.0000e+00, 0.0000e+00, 
 2DIAGNOSTIC,   109, -5.930693308222e-01, 3.048409290275e-05, 0.0000e+00, 0.0000e+00, 
 2DIAGNOSTIC,   110, -5.931005942497e-01, 2.712259542443e-05, 0.0000e+00, 0.0000e+00, 
 2DIAGNOSTIC,   111, -5.931251055908e-01, 2.379022903220e-05, 0.0000e+00, 0.0000e+00, 
 2DIAGNOSTIC,   112, -5.931456042603e-01, 2.003991654491e-05, 0.0000e+00, 0.0000e+00, 
 2DIAGNOSTIC,   113, -5.931776997890e-01, 1.568129549564e-05, 0.0000e+00, 0.0000e+00, 
 2DIAGNOSTIC,   114, -5.932138602189e-01, 1.133563260515e-05, 0.0000e+00, 0.0000e+00, 
 2DIAGNOSTIC,   115, -5.933398939344e-01, 7.518248821088e-06, 0.0000e+00, 0.0000e+00, 
 2DIAGNOSTIC,   116, -5.932467299459e-01, 3.247282124455e-06, 0.0000e+00, 0.0000e+00, 
 2DIAGNOSTIC,   117, -5.933627727840e-01, 3.248167668626e-06, 0.0000e+00, 0.0000e+00, 
 2DIAGNOSTIC,   118, -5.933722015235e-01, 3.445170609614e-06, 0.0000e+00, 0.0000e+00, 
 2DIAGNOSTIC,   119, -5.934827913365e-01, 3.805903366140e-06, 0.0000e+00, 0.0000e+00, 
 2DIAGNOSTIC,   120, -5.935156963062e-01, 4.084517998644e-06, 0.0000e+00, 0.0000e+00, 
 2DIAGNOSTIC,   121, -5.934824044516e-01, 3.959236311465e-06, 0.0000e+00, 0.0000e+00, 
 2DIAGNOSTIC,   122, -5.932533720167e-01, 2.605280291276e-06, 0.0000e+00, 0.0000e+00, 
 2DIAGNOSTIC,   123, -5.932683522311e-01, 1.268246376619e-06, 0.0000e+00, 0.0000e+00, 
DIAGNOSTIC,Iteration,metricValue,convergenceValue,ITERATION_TIME_INDEX,SINCE_LAST
 2DIAGNOSTIC,     1, -4.823285668961e-01, 1.797693134862e+308, 0.0000e+00, 0.0000e+00, 
 2DIAGNOSTIC,     2, -4.831301822420e-01, 1.797693134862e+308, 0.0000e+00, 0.0000e+00, 
 2DIAGNOSTIC,     3, -4.841424546725e-01, 1.797693134862e+308, 0.0000e+00, 0.0000e+00, 
 2DIAGNOSTIC,     4, -4.857282968497e-01, 1.797693134862e+308, 0.0000e+00, 0.0000e+00, 
 2DIAGNOSTIC,     5, -4.868136261831e-01, 1.797693134862e+308, 0.0000e+00, 0.0000e+00, 
 2DIAGNOSTIC,     6, -4.877429196024e-01, 1.797693134862e+308, 0.0000e+00, 0.0000e+00, 
 2DIAGNOSTIC,     7, -4.885412154129e-01, 1.797693134862e+308, 0.0000e+00, 0.0000e+00, 
 2DIAGNOSTIC,     8, -4.892248932440e-01, 1.797693134862e+308, 0.0000e+00, 0.0000e+00, 
 2DIAGNOSTIC,     9, -4.892370124811e-01, 1.797693134862e+308, 0.0000e+00, 0.0000e+00, 
 2DIAGNOSTIC,    10, -4.894003510518e-01, 1.021866977944e-03, 0.0000e+00, 0.0000e+00, 
 2DIAGNOSTIC,    11, -4.896044616244e-01, 7.876549487206e-04, 0.0000e+00, 0.0000e+00, 
 2DIAGNOSTIC,    12, -4.897420103030e-01, 5.672454403550e-04, 0.0000e+00, 0.0000e+00, 
 2DIAGNOSTIC,    13, -4.898493826631e-01, 3.788044447363e-04, 0.0000e+00, 0.0000e+00, 
 2DIAGNOSTIC,    14, -4.899438822891e-01, 2.528594059153e-04, 0.0000e+00, 0.0000e+00, 
 2DIAGNOSTIC,    15, -4.900951367496e-01, 1.686203440190e-04, 0.0000e+00, 0.0000e+00, 
 2DIAGNOSTIC,    16, -4.906327758548e-01, 1.323542558056e-04, 0.0000e+00, 0.0000e+00, 
 2DIAGNOSTIC,    17, -4.908378759382e-01, 1.216425474148e-04, 0.0000e+00, 0.0000e+00, 
 2DIAGNOSTIC,    18, -4.908752806892e-01, 1.245602108997e-04, 0.0000e+00, 0.0000e+00, 
 2DIAGNOSTIC,    19, -4.909486930871e-01, 1.186465217323e-04, 0.0000e+00, 0.0000e+00, 
 2DIAGNOSTIC,    20, -4.910894228042e-01, 1.111398007968e-04, 0.0000e+00, 0.0000e+00, 
 2DIAGNOSTIC,    21, -4.911268439285e-01, 1.004501248469e-04, 0.0000e+00, 0.0000e+00, 
 2DIAGNOSTIC,    22, -4.915477217608e-01, 9.617241662347e-05, 0.0000e+00, 0.0000e+00, 
 2DIAGNOSTIC,    23, -4.922686200627e-01, 1.042589501926e-04, 0.0000e+00, 0.0000e+00, 
 2DIAGNOSTIC,    24, -4.925189476337e-01, 1.100994504531e-04, 0.0000e+00, 0.0000e+00, 
 2DIAGNOSTIC,    25, -4.929015780887e-01, 1.175052330161e-04, 0.0000e+00, 0.0000e+00, 
 2DIAGNOSTIC,    26, -4.930003401831e-01, 1.275534607981e-04, 0.0000e+00, 0.0000e+00, 
 2DIAGNOSTIC,    27, -4.930517963615e-01, 1.304307430133e-04, 0.0000e+00, 0.0000e+00, 
 2DIAGNOSTIC,    28, -4.933413341021e-01, 1.275118420849e-04, 0.0000e+00, 0.0000e+00, 
 2DIAGNOSTIC,    29, -4.933929826086e-01, 1.151434605761e-04, 0.0000e+00, 0.0000e+00, 
 2DIAGNOSTIC,    30, -4.934167270615e-01, 9.621555900306e-05, 0.0000e+00, 0.0000e+00, 
 2DIAGNOSTIC,    31, -4.934890734337e-01, 7.160487719896e-05, 0.0000e+00, 0.0000e+00, 
 2DIAGNOSTIC,    32, -4.934969100838e-01, 4.936005036359e-05, 0.0000e+00, 0.0000e+00, 
 2DIAGNOSTIC,    33, -4.934915163682e-01, 3.636588757214e-05, 0.0000e+00, 0.0000e+00, 
 2DIAGNOSTIC,    34, -4.934859497830e-01, 2.479114103776e-05, 0.0000e+00, 0.0000e+00, 
 2DIAGNOSTIC,    35, -4.934798189022e-01, 1.788141646086e-05, 0.0000e+00, 0.0000e+00, 
 2DIAGNOSTIC,    36, -4.934726771233e-01, 1.124418337294e-05, 0.0000e+00, 0.0000e+00, 
 2DIAGNOSTIC,    37, -4.934736402876e-01, 4.683693865120e-06, 0.0000e+00, 0.0000e+00, 
 2DIAGNOSTIC,    38, -4.934671983369e-01, 2.420077700370e-06, 0.0000e+00, 0.0000e+00, 
DIAGNOSTIC,Iteration,metricValue,convergenceValue,ITERATION_TIME_INDEX,SINCE_LAST
 2DIAGNOSTIC,     1, -4.342592066968e-01, 1.797693134862e+308, 0.0000e+00, 0.0000e+00, 
 2DIAGNOSTIC,     2, -4.344423214314e-01, 1.797693134862e+308, 0.0000e+00, 0.0000e+00, 
 2DIAGNOSTIC,     3, -4.345698432007e-01, 1.797693134862e+308, 0.0000e+00, 0.0000e+00, 
 2DIAGNOSTIC,     4, -4.346294938693e-01, 1.797693134862e+308, 0.0000e+00, 0.0000e+00, 
 2DIAGNOSTIC,     5, -4.346825835858e-01, 1.797693134862e+308, 0.0000e+00, 0.0000e+00, 
 2DIAGNOSTIC,     6, -4.349171336233e-01, 1.797693134862e+308, 0.0000e+00, 0.0000e+00, 
 2DIAGNOSTIC,     7, -4.350548047877e-01, 1.797693134862e+308, 0.0000e+00, 0.0000e+00, 
 2DIAGNOSTIC,     8, -4.350542948749e-01, 1.797693134862e+308, 0.0000e+00, 0.0000e+00, 
 2DIAGNOSTIC,     9, -4.350527832793e-01, 1.797693134862e+308, 0.0000e+00, 0.0000e+00, 
 2DIAGNOSTIC,    10, -4.350527182498e-01, 1.276631684764e-04, 0.0000e+00, 0.0000e+00, 
 2DIAGNOSTIC,    11, -4.350526578617e-01, 9.355269402801e-05, 0.0000e+00, 0.0000e+00, 
 2DIAGNOSTIC,    12, -4.350530072770e-01, 6.670651816924e-05, 0.0000e+00, 0.0000e+00, 
 2DIAGNOSTIC,    13, -4.350528794022e-01, 4.472694821679e-05, 0.0000e+00, 0.0000e+00, 
 2DIAGNOSTIC,    14, -4.350521888157e-01, 2.496872415558e-05, 0.0000e+00, 0.0000e+00, 
 2DIAGNOSTIC,    15, -4.350524159313e-01, 7.877445631993e-06, 0.0000e+00, 0.0000e+00, 
 2DIAGNOSTIC,    16, -4.350521936278e-01, 1.803871044287e-06, 0.0000e+00, 0.0000e+00, 
 2DIAGNOSTIC,    17, -4.350523283257e-01, 1.759343157201e-06, 0.0000e+00, 0.0000e+00, 
 2DIAGNOSTIC,    18, -4.350521374517e-01, 1.706273491761e-06, 0.0000e+00, 0.0000e+00, 
 2DIAGNOSTIC,    19, -4.350515761050e-01, 1.593964201761e-06, 0.0000e+00, 0.0000e+00, 
 2DIAGNOSTIC,    20, -4.350517051792e-01, 1.503146057694e-06, 0.0000e+00, 0.0000e+00, 
 2DIAGNOSTIC,    21, -4.350525936400e-01, 1.453893141705e-06, 0.0000e+00, 0.0000e+00, 
 2DIAGNOSTIC,    22, -4.350518219415e-01, 1.401292271858e-06, 0.0000e+00, 0.0000e+00, 
 2DIAGNOSTIC,    23, -4.350518353088e-01, 1.355910501072e-06, 0.0000e+00, 0.0000e+00, 
 2DIAGNOSTIC,    24, -4.350517623144e-01, 1.296322446907e-06, 0.0000e+00, 0.0000e+00, 
 2DIAGNOSTIC,    25, -4.350517631720e-01, 1.250011603754e-06, 0.0000e+00, 0.0000e+00, 
 2DIAGNOSTIC,    26, -4.350517638842e-01, 1.203129127138e-06, 0.0000e+00, 0.0000e+00, 
 2DIAGNOSTIC,    27, -4.350517636508e-01, 1.165156660043e-06, 0.0000e+00, 0.0000e+00, 
 2DIAGNOSTIC,    28, -4.350517636508e-01, 1.127528944364e-06, 0.0000e+00, 0.0000e+00, 
 2DIAGNOSTIC,    29, -4.350517636508e-01, 1.080595178900e-06, 0.0000e+00, 0.0000e+00, 
 2DIAGNOSTIC,    30, -4.350517636508e-01, 1.040432866944e-06, 0.0000e+00, 0.0000e+00, 
 2DIAGNOSTIC,    31, -4.350517636508e-01, 1.023952053723e-06, 0.0000e+00, 0.0000e+00, 
DIAGNOSTIC,Iteration,metricValue,convergenceValue,ITERATION_TIME_INDEX,SINCE_LAST
 2DIAGNOSTIC,     1, -4.015065746805e-01, 1.797693134862e+308, 0.0000e+00, 0.0000e+00, 
 2DIAGNOSTIC,     2, -4.016939770986e-01, 1.797693134862e+308, 0.0000e+00, 0.0000e+00, 
 2DIAGNOSTIC,     3, -4.017666144723e-01, 1.797693134862e+308, 0.0000e+00, 0.0000e+00, 
 2DIAGNOSTIC,     4, -4.018104386359e-01, 1.797693134862e+308, 0.0000e+00, 0.0000e+00, 
 2DIAGNOSTIC,     5, -4.018239746241e-01, 1.797693134862e+308, 0.0000e+00, 0.0000e+00, 
 2DIAGNOSTIC,     6, -4.018570313916e-01, 1.797693134862e+308, 0.0000e+00, 0.0000e+00, 
 2DIAGNOSTIC,     7, -4.019045825137e-01, 1.797693134862e+308, 0.0000e+00, 0.0000e+00, 
 2DIAGNOSTIC,     8, -4.019063269125e-01, 1.797693134862e+308, 0.0000e+00, 0.0000e+00, 
 2DIAGNOSTIC,     9, -4.019073363087e-01, 1.797693134862e+308, 0.0000e+00, 0.0000e+00, 
 2DIAGNOSTIC,    10, -4.019084889210e-01, 5.522751240897e-05, 0.0000e+00, 0.0000e+00, 
 2DIAGNOSTIC,    11, -4.019082844573e-01, 3.199411469940e-05, 0.0000e+00, 0.0000e+00, 
 2DIAGNOSTIC,    12, -4.019084357958e-01, 2.094770429566e-05, 0.0000e+00, 0.0000e+00, 
 2DIAGNOSTIC,    13, -4.019086378752e-01, 1.387103565419e-05, 0.0000e+00, 0.0000e+00, 
 2DIAGNOSTIC,    14, -4.019087895083e-01, 9.027530700395e-06, 0.0000e+00, 0.0000e+00, 
 2DIAGNOSTIC,    15, -4.019087817839e-01, 4.833793986900e-06, 0.0000e+00, 0.0000e+00, 
 2DIAGNOSTIC,    16, -4.019088426389e-01, 2.321090033411e-06, 0.0000e+00, 0.0000e+00, 
 2DIAGNOSTIC,    17, -4.019088550677e-01, 2.051369075891e-06, 0.0000e+00, 0.0000e+00, 
 2DIAGNOSTIC,    18, -4.019090577374e-01, 1.870635006784e-06, 0.0000e+00, 0.0000e+00, 
 2DIAGNOSTIC,    19, -4.019088153451e-01, 1.726414356036e-06, 0.0000e+00, 0.0000e+00, 
 2DIAGNOSTIC,    20, -4.019088348659e-01, 1.633959789138e-06, 0.0000e+00, 0.0000e+00, 
 2DIAGNOSTIC,    21, -4.019086638491e-01, 1.533633877449e-06, 0.0000e+00, 0.0000e+00, 
 2DIAGNOSTIC,    22, -4.019086850024e-01, 1.446115419329e-06, 0.0000e+00, 0.0000e+00, 
 2DIAGNOSTIC,    23, -4.019087705606e-01, 1.374809660441e-06, 0.0000e+00, 0.0000e+00, 
 2DIAGNOSTIC,    24, -4.019090521688e-01, 1.322999010220e-06, 0.0000e+00, 0.0000e+00, 
 2DIAGNOSTIC,    25, -4.019088941645e-01, 1.270796050737e-06, 0.0000e+00, 0.0000e+00, 
 2DIAGNOSTIC,    26, -4.019088859561e-01, 1.224496248599e-06, 0.0000e+00, 0.0000e+00, 
 2DIAGNOSTIC,    27, -4.019087566160e-01, 1.178348109837e-06, 0.0000e+00, 0.0000e+00, 
 2DIAGNOSTIC,    28, -4.019087864424e-01, 1.141446533869e-06, 0.0000e+00, 0.0000e+00, 
 2DIAGNOSTIC,    29, -4.019088461926e-01, 1.101925309575e-06, 0.0000e+00, 0.0000e+00, 
 2DIAGNOSTIC,    30, -4.019088822668e-01, 1.066008234282e-06, 0.0000e+00, 0.0000e+00, 
 2DIAGNOSTIC,    31, -4.019086579720e-01, 1.023021124459e-06, 0.0000e+00, 0.0000e+00, 
  Elapsed time (stage 0): 0.0000e+00


Total elapsed time: 0.0000e+00
Info [verificarlo]: loaded backend libinterflop_vprec.so
Info [interflop-vprec]: load backend with: 
Info [interflop-vprec]: precision-binary32 = 20
Info [interflop-vprec]: range-binary32 = 7
Info [interflop-vprec]: precision-binary64 = 20
Info [interflop-vprec]: range-binary64 = 7
Info [interflop-vprec]: mode = ob
Info [interflop-vprec]: error-mode = rel
Info [interflop-vprec]: max-abs-error-exponent = -1022
Info [interflop-vprec]: daz = false
Info [interflop-vprec]: ftz = false
Info [interflop-vprec]: 	instrument = none
Info [interflop-vprec]: 	prec-input-file = (null)
Info [interflop-vprec]: 	prec-output-file = (null)
Info [interflop-vprec]: 	prec-log-file = (null)
All_Command_lines_OK
Using double precision for computations.
=============================================================================
The composite transform comprises the following transforms (in order): 
  1. /home/mdugre/scratch/mri-registration-rp/datasets/ds004513/derivatives/mri-registration-rp/0110/antsRegistration-r7-p20/sub-s037/rigid_Composite.h5[0] (type = Euler3DTransform)
  2. /home/mdugre/scratch/mri-registration-rp/datasets/ds004513/derivatives/mri-registration-rp/0110/antsRegistration-r7-p20/sub-s037/rigid_Composite.h5[1] (type = Euler3DTransform)
  3. /home/mdugre/scratch/mri-registration-rp/datasets/ds004513/derivatives/mri-registration-rp/0110/antsRegistration-r7-p20/sub-s037/rigid_Composite.h5[2] (type = Euler3DTransform)
=============================================================================
  number of levels = 4
  fixed image: /templateflow/tpl-MNI152NLin2009cAsym/tpl-MNI152NLin2009cAsym_res-01_desc-brain_T1w.nii.gz
  moving image: /home/mdugre/scratch/mri-registration-rp/datasets/ds004513/derivatives/mri-registration-rp/antsBrainExtraction/sub-s037/BrainExtractionBrain.nii.gz
Dimension = 3
Number of stages = 1
Use histogram matching = false
Winsorize image intensities = true
  Lower quantile = 0.005
  Upper quantile = 0.995


Stage 1 State
   Image metric = MattesMI
     Fixed image = Image (0x41b8490)
  RTTI typeinfo:   itk::Image<double, 3u>
  Reference Count: 2
  Modified Time: 1592
  Debug: Off
  Object Name: 
  Observers: 
    none
  Source: (none)
  Source output name: (none)
  Release Data: Off
  Data Released: False
  Global Release Data: Off
  PipelineMTime: 0
  UpdateMTime: 1203
  RealTimeStamp: 0 seconds 
  LargestPossibleRegion: 
    Dimension: 3
    Index: [0, 0, 0]
    Size: [193, 229, 193]
  BufferedRegion: 
    Dimension: 3
    Index: [0, 0, 0]
    Size: [193, 229, 193]
  RequestedRegion: 
    Dimension: 3
    Index: [0, 0, 0]
    Size: [193, 229, 193]
  Spacing: [1, 1, 1]
  Origin: [96, 132, -78]
  Direction: 
-1 0 0
0 -1 0
0 0 1

  IndexToPointMatrix: 
-1 0 0
0 -1 0
0 0 1

  PointToIndexMatrix: 
-1 0 0
0 -1 0
0 0 1

  Inverse Direction: 
-1 0 0
0 -1 0
0 0 1

  PixelContainer: 
    ImportImageContainer (0x4270fa0)
      RTTI typeinfo:   itk::ImportImageContainer<unsigned long, double>
      Reference Count: 1
      Modified Time: 1200
      Debug: Off
      Object Name: 
      Observers: 
        none
      Pointer: 0x14c1f7789010
      Container manages memory: true
      Size: 8530021
      Capacity: 8530021

     Moving image = Image (0x4273d20)
  RTTI typeinfo:   itk::Image<double, 3u>
  Reference Count: 2
  Modified Time: 1593
  Debug: Off
  Object Name: 
  Observers: 
    none
  Source: (none)
  Source output name: (none)
  Release Data: Off
  Data Released: False
  Global Release Data: Off
  PipelineMTime: 0
  UpdateMTime: 1590
  RealTimeStamp: 0 seconds 
  LargestPossibleRegion: 
    Dimension: 3
    Index: [0, 0, 0]
    Size: [160, 240, 256]
  BufferedRegion: 
    Dimension: 3
    Index: [0, 0, 0]
    Size: [160, 240, 256]
  RequestedRegion: 
    Dimension: 3
    Index: [0, 0, 0]
    Size: [160, 240, 256]
  Spacing: [1, 1, 1]
  Origin: [87.9508, 102.562, -147.639]
  Direction: 
-0.998658 -0.0436121 -0.0279129
0.043595 -0.999049 0.00121847
-0.0279395 -2.65543e-08 0.999609

  IndexToPointMatrix: 
-0.998658 -0.0436121 -0.0279129
0.043595 -0.999049 0.00121847
-0.0279395 -2.65543e-08 0.999609

  PointToIndexMatrix: 
-0.99866 0.043595 -0.0279396
-0.043612 -0.999048 2.38419e-07
-0.027913 0.00121832 0.99961

  Inverse Direction: 
-0.99866 0.043595 -0.0279396
-0.043612 -0.999048 2.38419e-07
-0.027913 0.00121832 0.99961

  PixelContainer: 
    ImportImageContainer (0x432f390)
      RTTI typeinfo:   itk::ImportImageContainer<unsigned long, double>
      Reference Count: 1
      Modified Time: 1587
      Debug: Off
      Object Name: 
      Observers: 
        none
      Pointer: 0x14c1f2c88010
      Container manages memory: true
      Size: 9830400
      Capacity: 9830400

     Weighting = 1
     Sampling strategy = regular
     Number of bins = 32
     Radius = 4
     Sampling percentage  = 0.25
   Transform = Affine
     Gradient step = 0.1
     Update field sigma (voxel space) = 0
     Total field sigma (voxel space) = 0
     Update field time sigma = 0
     Total field time sigma  = 0
     Number of time indices = 0
     Number of time point samples = 0
Registration using 1 total stages.

Stage 0
  iterations = 1000x500x250x100
  convergence threshold = 1e-06
  convergence window size = 10
  number of levels = 4
  using the Mattes MI metric (number of bins = 32, weight = 1, use gradient filter = 0)
  preprocessing:  winsorizing the image intensities
  Shrink factors (level 1 out of 4): [8, 8, 8]
  Shrink factors (level 2 out of 4): [4, 4, 4]
  Shrink factors (level 3 out of 4): [2, 2, 2]
  Shrink factors (level 4 out of 4): [1, 1, 1]
  smoothing sigmas per level: [3, 2, 1, 0]
  regular sampling (percentage = 0.25)

*** Running AffineTransform registration ***

DIAGNOSTIC,Iteration,metricValue,convergenceValue,ITERATION_TIME_INDEX,SINCE_LAST
 2DIAGNOSTIC,     1, -5.869810029328e-01, 1.797693134862e+308, 0.0000e+00, 0.0000e+00, 
 2DIAGNOSTIC,     2, -5.884172899153e-01, 1.797693134862e+308, 0.0000e+00, 0.0000e+00, 
 2DIAGNOSTIC,     3, -5.910295073714e-01, 1.797693134862e+308, 0.0000e+00, 0.0000e+00, 
 2DIAGNOSTIC,     4, -5.957337135887e-01, 1.797693134862e+308, 0.0000e+00, 0.0000e+00, 
 2DIAGNOSTIC,     5, -6.032631515543e-01, 1.797693134862e+308, 0.0000e+00, 0.0000e+00, 
 2DIAGNOSTIC,     6, -6.132754312339e-01, 1.797693134862e+308, 0.0000e+00, 0.0000e+00, 
 2DIAGNOSTIC,     7, -6.299412227941e-01, 1.797693134862e+308, 0.0000e+00, 0.0000e+00, 
 2DIAGNOSTIC,     8, -6.622555573312e-01, 1.797693134862e+308, 0.0000e+00, 0.0000e+00, 
 2DIAGNOSTIC,     9, -6.873818185241e-01, 1.797693134862e+308, 0.0000e+00, 0.0000e+00, 
 2DIAGNOSTIC,    10, -6.874065103002e-01, 1.158487366645e-02, 0.0000e+00, 0.0000e+00, 
 2DIAGNOSTIC,    11, -6.878698995012e-01, 1.141022835234e-02, 0.0000e+00, 0.0000e+00, 
 2DIAGNOSTIC,    12, -6.884785136196e-01, 1.032972032144e-02, 0.0000e+00, 0.0000e+00, 
 2DIAGNOSTIC,    13, -6.893898159892e-01, 8.601023427253e-03, 0.0000e+00, 0.0000e+00, 
 2DIAGNOSTIC,    14, -6.908732572381e-01, 6.542805529536e-03, 0.0000e+00, 0.0000e+00, 
 2DIAGNOSTIC,    15, -6.923759611700e-01, 4.457430565491e-03, 0.0000e+00, 0.0000e+00, 
 2DIAGNOSTIC,    16, -6.938938957207e-01, 2.566683414579e-03, 0.0000e+00, 0.0000e+00, 
 2DIAGNOSTIC,    17, -6.984819849406e-01, 1.205696571446e-03, 0.0000e+00, 0.0000e+00, 
 2DIAGNOSTIC,    18, -7.093260490029e-01, 9.153065789252e-04, 0.0000e+00, 0.0000e+00, 
 2DIAGNOSTIC,    19, -7.135518032617e-01, 1.234559048939e-03, 0.0000e+00, 0.0000e+00, 
 2DIAGNOSTIC,    20, -7.128170903975e-01, 1.391319717187e-03, 0.0000e+00, 0.0000e+00, 
 2DIAGNOSTIC,    21, -7.129607463069e-01, 1.419879436772e-03, 0.0000e+00, 0.0000e+00, 
 2DIAGNOSTIC,    22, -7.129878758004e-01, 1.325011966194e-03, 0.0000e+00, 0.0000e+00, 
 2DIAGNOSTIC,    23, -7.130832978328e-01, 1.129928009549e-03, 0.0000e+00, 0.0000e+00, 
 2DIAGNOSTIC,    24, -7.132130596294e-01, 8.741353405325e-04, 0.0000e+00, 0.0000e+00, 
 2DIAGNOSTIC,    25, -7.132833536237e-01, 5.880538735859e-04, 0.0000e+00, 0.0000e+00, 
 2DIAGNOSTIC,    26, -7.133651708903e-01, 2.973464736880e-04, 0.0000e+00, 0.0000e+00, 
 2DIAGNOSTIC,    27, -7.132651247699e-01, 6.735694343393e-05, 0.0000e+00, 0.0000e+00, 
 2DIAGNOSTIC,    28, -7.133009186122e-01, 9.965382249677e-06, 0.0000e+00, 0.0000e+00, 
 2DIAGNOSTIC,    29, -7.130866671338e-01, 1.424500154636e-05, 0.0000e+00, 0.0000e+00, 
 2DIAGNOSTIC,    30, -7.131285678723e-01, 7.325277109185e-06, 0.0000e+00, 0.0000e+00, 
 2DIAGNOSTIC,    31, -7.133559987227e-01, 5.266404663314e-06, 0.0000e+00, 0.0000e+00, 
 2DIAGNOSTIC,    32, -7.137295272990e-01, 8.065721506217e-06, 0.0000e+00, 0.0000e+00, 
 2DIAGNOSTIC,    33, -7.146601457294e-01, 2.288014507922e-05, 0.0000e+00, 0.0000e+00, 
 2DIAGNOSTIC,    34, -7.156734974653e-01, 4.848606358557e-05, 0.0000e+00, 0.0000e+00, 
 2DIAGNOSTIC,    35, -7.175034770000e-01, 9.043289449847e-05, 0.0000e+00, 0.0000e+00, 
 2DIAGNOSTIC,    36, -7.191174713679e-01, 1.406322756828e-04, 0.0000e+00, 0.0000e+00, 
 2DIAGNOSTIC,    37, -7.201787102840e-01, 1.852308215670e-04, 0.0000e+00, 0.0000e+00, 
 2DIAGNOSTIC,    38, -7.199330040087e-01, 2.076409475912e-04, 0.0000e+00, 0.0000e+00, 
 2DIAGNOSTIC,    39, -7.199334026654e-01, 2.071771831435e-04, 0.0000e+00, 0.0000e+00, 
 2DIAGNOSTIC,    40, -7.198540873002e-01, 1.865612723717e-04, 0.0000e+00, 0.0000e+00, 
 2DIAGNOSTIC,    41, -7.197635955799e-01, 1.504408450270e-04, 0.0000e+00, 0.0000e+00, 
 2DIAGNOSTIC,    42, -7.194687920932e-01, 1.025573967876e-04, 0.0000e+00, 0.0000e+00, 
 2DIAGNOSTIC,    43, -7.193787480178e-01, 5.557361895867e-05, 0.0000e+00, 0.0000e+00, 
 2DIAGNOSTIC,    44, -7.192939220825e-01, 1.409997559669e-05, 0.0000e+00, 0.0000e+00, 
DIAGNOSTIC,Iteration,metricValue,convergenceValue,ITERATION_TIME_INDEX,SINCE_LAST
 2DIAGNOSTIC,     1, -5.928945137786e-01, 1.797693134862e+308, 0.0000e+00, 0.0000e+00, 
 2DIAGNOSTIC,     2, -5.937394319934e-01, 1.797693134862e+308, 0.0000e+00, 0.0000e+00, 
 2DIAGNOSTIC,     3, -5.949192609400e-01, 1.797693134862e+308, 0.0000e+00, 0.0000e+00, 
 2DIAGNOSTIC,     4, -5.963184328668e-01, 1.797693134862e+308, 0.0000e+00, 0.0000e+00, 
 2DIAGNOSTIC,     5, -5.975961788740e-01, 1.797693134862e+308, 0.0000e+00, 0.0000e+00, 
 2DIAGNOSTIC,     6, -5.985776068294e-01, 1.797693134862e+308, 0.0000e+00, 0.0000e+00, 
 2DIAGNOSTIC,     7, -5.991396604679e-01, 1.797693134862e+308, 0.0000e+00, 0.0000e+00, 
 2DIAGNOSTIC,     8, -5.999940694988e-01, 1.797693134862e+308, 0.0000e+00, 0.0000e+00, 
 2DIAGNOSTIC,     9, -6.000362640906e-01, 1.797693134862e+308, 0.0000e+00, 0.0000e+00, 
 2DIAGNOSTIC,    10, -6.000496462823e-01, 8.452850923879e-04, 0.0000e+00, 0.0000e+00, 
 2DIAGNOSTIC,    11, -6.000512417282e-01, 6.348633155170e-04, 0.0000e+00, 0.0000e+00, 
 2DIAGNOSTIC,    12, -6.000350417155e-01, 4.353716559059e-04, 0.0000e+00, 0.0000e+00, 
 2DIAGNOSTIC,    13, -6.000175717238e-01, 2.692153197661e-04, 0.0000e+00, 0.0000e+00, 
 2DIAGNOSTIC,    14, -6.000200648421e-01, 1.495690922749e-04, 0.0000e+00, 0.0000e+00, 
 2DIAGNOSTIC,    15, -6.000114805646e-01, 7.241224660977e-05, 0.0000e+00, 0.0000e+00, 
 2DIAGNOSTIC,    16, -6.000127280937e-01, 2.750306156458e-05, 0.0000e+00, 0.0000e+00, 
DIAGNOSTIC,Iteration,metricValue,convergenceValue,ITERATION_TIME_INDEX,SINCE_LAST
 2DIAGNOSTIC,     1, -5.245012221556e-01, 1.797693134862e+308, 0.0000e+00, 0.0000e+00, 
 2DIAGNOSTIC,     2, -5.248809669560e-01, 1.797693134862e+308, 0.0000e+00, 0.0000e+00, 
 2DIAGNOSTIC,     3, -5.253304781143e-01, 1.797693134862e+308, 0.0000e+00, 0.0000e+00, 
 2DIAGNOSTIC,     4, -5.258683166371e-01, 1.797693134862e+308, 0.0000e+00, 0.0000e+00, 
 2DIAGNOSTIC,     5, -5.264474461529e-01, 1.797693134862e+308, 0.0000e+00, 0.0000e+00, 
 2DIAGNOSTIC,     6, -5.270150330174e-01, 1.797693134862e+308, 0.0000e+00, 0.0000e+00, 
 2DIAGNOSTIC,     7, -5.274328765181e-01, 1.797693134862e+308, 0.0000e+00, 0.0000e+00, 
 2DIAGNOSTIC,     8, -5.277227897755e-01, 1.797693134862e+308, 0.0000e+00, 0.0000e+00, 
 2DIAGNOSTIC,     9, -5.277995564938e-01, 1.797693134862e+308, 0.0000e+00, 0.0000e+00, 
 2DIAGNOSTIC,    10, -5.278124906618e-01, 4.547417914114e-04, 0.0000e+00, 0.0000e+00, 
 2DIAGNOSTIC,    11, -5.278206831965e-01, 3.526425809952e-04, 0.0000e+00, 0.0000e+00, 
 2DIAGNOSTIC,    12, -5.278295820076e-01, 2.534457157859e-04, 0.0000e+00, 0.0000e+00, 
 2DIAGNOSTIC,    13, -5.278442597969e-01, 1.659196272371e-04, 0.0000e+00, 0.0000e+00, 
 2DIAGNOSTIC,    14, -5.278497304496e-01, 9.679488112004e-05, 0.0000e+00, 0.0000e+00, 
 2DIAGNOSTIC,    15, -5.278481150602e-01, 4.879350871996e-05, 0.0000e+00, 0.0000e+00, 
 2DIAGNOSTIC,    16, -5.278504902516e-01, 2.149500141765e-05, 0.0000e+00, 0.0000e+00, 
 2DIAGNOSTIC,    17, -5.278487544442e-01, 8.581887575167e-06, 0.0000e+00, 0.0000e+00, 
 2DIAGNOSTIC,    18, -5.278481616590e-01, 5.088209003877e-06, 0.0000e+00, 0.0000e+00, 
 2DIAGNOSTIC,    19, -5.278486777070e-01, 3.841775650194e-06, 0.0000e+00, 0.0000e+00, 
 2DIAGNOSTIC,    20, -5.278493446893e-01, 2.887213602906e-06, 0.0000e+00, 0.0000e+00, 
 2DIAGNOSTIC,    21, -5.278501533695e-01, 2.133169028584e-06, 0.0000e+00, 0.0000e+00, 
 2DIAGNOSTIC,    22, -5.278521725079e-01, 1.648779096287e-06, 0.0000e+00, 0.0000e+00, 
 2DIAGNOSTIC,    23, -5.278576815082e-01, 1.657104529575e-06, 0.0000e+00, 0.0000e+00, 
 2DIAGNOSTIC,    24, -5.278641528585e-01, 1.905558850337e-06, 0.0000e+00, 0.0000e+00, 
 2DIAGNOSTIC,    25, -5.278785389327e-01, 2.350781417242e-06, 0.0000e+00, 0.0000e+00, 
 2DIAGNOSTIC,    26, -5.278930429597e-01, 3.005839941242e-06, 0.0000e+00, 0.0000e+00, 
 2DIAGNOSTIC,    27, -5.279216014627e-01, 3.976765790482e-06, 0.0000e+00, 0.0000e+00, 
 2DIAGNOSTIC,    28, -5.279231320925e-01, 4.622363003803e-06, 0.0000e+00, 0.0000e+00, 
 2DIAGNOSTIC,    29, -5.279218884342e-01, 4.887742704289e-06, 0.0000e+00, 0.0000e+00, 
 2DIAGNOSTIC,    30, -5.279194328784e-01, 4.750164728090e-06, 0.0000e+00, 0.0000e+00, 
 2DIAGNOSTIC,    31, -5.279186000703e-01, 4.268209704263e-06, 0.0000e+00, 0.0000e+00, 
 2DIAGNOSTIC,    32, -5.279167410278e-01, 3.505042356550e-06, 0.0000e+00, 0.0000e+00, 
 2DIAGNOSTIC,    33, -5.279161707981e-01, 2.632363888144e-06, 0.0000e+00, 0.0000e+00, 
 2DIAGNOSTIC,    34, -5.279165702281e-01, 1.765340384003e-06, 0.0000e+00, 0.0000e+00, 
 2DIAGNOSTIC,    35, -5.279159976980e-01, 1.081094460752e-06, 0.0000e+00, 0.0000e+00, 
DIAGNOSTIC,Iteration,metricValue,convergenceValue,ITERATION_TIME_INDEX,SINCE_LAST
 2DIAGNOSTIC,     1, -4.830311779071e-01, 1.797693134862e+308, 0.0000e+00, 0.0000e+00, 
 2DIAGNOSTIC,     2, -4.832909190556e-01, 1.797693134862e+308, 0.0000e+00, 0.0000e+00, 
 2DIAGNOSTIC,     3, -4.835777626326e-01, 1.797693134862e+308, 0.0000e+00, 0.0000e+00, 
 2DIAGNOSTIC,     4, -4.839141303945e-01, 1.797693134862e+308, 0.0000e+00, 0.0000e+00, 
 2DIAGNOSTIC,     5, -4.855155786375e-01, 1.797693134862e+308, 0.0000e+00, 0.0000e+00, 
 2DIAGNOSTIC,     6, -4.856381368734e-01, 1.797693134862e+308, 0.0000e+00, 0.0000e+00, 
 2DIAGNOSTIC,     7, -4.856410880945e-01, 1.797693134862e+308, 0.0000e+00, 0.0000e+00, 
 2DIAGNOSTIC,     8, -4.856431110336e-01, 1.797693134862e+308, 0.0000e+00, 0.0000e+00, 
 2DIAGNOSTIC,     9, -4.856440140457e-01, 1.797693134862e+308, 0.0000e+00, 0.0000e+00, 
 2DIAGNOSTIC,    10, -4.856491944992e-01, 4.106716496421e-04, 0.0000e+00, 0.0000e+00, 
 2DIAGNOSTIC,    11, -4.856545461884e-01, 2.932221976794e-04, 0.0000e+00, 0.0000e+00, 
 2DIAGNOSTIC,    12, -4.856618377968e-01, 1.834354195352e-04, 0.0000e+00, 0.0000e+00, 
 2DIAGNOSTIC,    13, -4.856683018930e-01, 8.798557840217e-05, 0.0000e+00, 0.0000e+00, 
 2DIAGNOSTIC,    14, -4.856671203362e-01, 1.059041438047e-05, 0.0000e+00, 0.0000e+00, 
 2DIAGNOSTIC,    15, -4.856668312778e-01, 5.183234738582e-06, 0.0000e+00, 0.0000e+00, 
 2DIAGNOSTIC,    16, -4.856668921419e-01, 4.659193477044e-06, 0.0000e+00, 0.0000e+00, 
 2DIAGNOSTIC,    17, -4.856666767067e-01, 4.040180016408e-06, 0.0000e+00, 0.0000e+00, 
 2DIAGNOSTIC,    18, -4.856665738330e-01, 3.352165000740e-06, 0.0000e+00, 0.0000e+00, 
 2DIAGNOSTIC,    19, -4.856665978225e-01, 2.619568210502e-06, 0.0000e+00, 0.0000e+00, 
 2DIAGNOSTIC,    20, -4.856665982052e-01, 2.025639906790e-06, 0.0000e+00, 0.0000e+00, 
 2DIAGNOSTIC,    21, -4.856665087280e-01, 1.590511187609e-06, 0.0000e+00, 0.0000e+00, 
 2DIAGNOSTIC,    22, -4.856665092201e-01, 1.376920367314e-06, 0.0000e+00, 0.0000e+00, 
 2DIAGNOSTIC,    23, -4.856664056217e-01, 1.351305084558e-06, 0.0000e+00, 0.0000e+00, 
 2DIAGNOSTIC,    24, -4.856666367231e-01, 1.307901464458e-06, 0.0000e+00, 0.0000e+00, 
 2DIAGNOSTIC,    25, -4.856666531222e-01, 1.263024884929e-06, 1.0240e+03, 1.0240e+03, 
 2DIAGNOSTIC,    26, -4.856665223698e-01, 1.221184421016e-06, 1.0240e+03, 0.0000e+00, 
 2DIAGNOSTIC,    27, -4.856665398548e-01, 1.178718121365e-06, 1.0240e+03, 0.0000e+00, 
 2DIAGNOSTIC,    28, -4.856665638880e-01, 1.137612221550e-06, 1.0240e+03, 0.0000e+00, 
 2DIAGNOSTIC,    29, -4.856666837819e-01, 1.102042379124e-06, 1.0240e+03, 0.0000e+00, 
 2DIAGNOSTIC,    30, -4.856666877997e-01, 1.068474377509e-06, 1.0240e+03, 0.0000e+00, 
 2DIAGNOSTIC,    31, -4.856666877997e-01, 1.034807861379e-06, 1.0240e+03, 0.0000e+00, 
 2DIAGNOSTIC,    32, -4.856666877997e-01, 1.002654009090e-06, 1.0240e+03, 0.0000e+00, 
  Elapsed time (stage 0): 1.0240e+03


Total elapsed time: 1.0240e+03
Info [verificarlo]: loaded backend libinterflop_ieee.so
Info [interflop-ieee]: load backend with:
Info [interflop-ieee]: debug = false
Info [interflop-ieee]: debug-binary = false
Info [interflop-ieee]: no-backend-name = false
Info [interflop-ieee]: print-new-line = false
Info [interflop-ieee]: print-subnormal-normalized = false
Info [interflop-ieee]: count-op = false
All_Command_lines_OK
Using double precision for computations.
=============================================================================
The composite transform comprises the following transforms (in order): 
  1. /home/mdugre/scratch/mri-registration-rp/datasets/ds004513/derivatives/mri-registration-rp/0110/antsRegistration-r7-p20/sub-s037/affine_Composite.h5[0] (type = Euler3DTransform)
  2. /home/mdugre/scratch/mri-registration-rp/datasets/ds004513/derivatives/mri-registration-rp/0110/antsRegistration-r7-p20/sub-s037/affine_Composite.h5[1] (type = Euler3DTransform)
  3. /home/mdugre/scratch/mri-registration-rp/datasets/ds004513/derivatives/mri-registration-rp/0110/antsRegistration-r7-p20/sub-s037/affine_Composite.h5[2] (type = Euler3DTransform)
  4. /home/mdugre/scratch/mri-registration-rp/datasets/ds004513/derivatives/mri-registration-rp/0110/antsRegistration-r7-p20/sub-s037/affine_Composite.h5[3] (type = AffineTransform)
=============================================================================
  number of levels = 4
  fixed image: /templateflow/tpl-MNI152NLin2009cAsym/tpl-MNI152NLin2009cAsym_res-01_desc-brain_T1w.nii.gz
  moving image: /home/mdugre/scratch/mri-registration-rp/datasets/ds004513/derivatives/mri-registration-rp/antsBrainExtraction/sub-s037/BrainExtractionBrain.nii.gz
Dimension = 3
Number of stages = 1
Use histogram matching = false
Winsorize image intensities = true
  Lower quantile = 0.005
  Upper quantile = 0.995


Stage 1 State
   Image metric = CC
     Fixed image = Image (0x4a1fa40)
  RTTI typeinfo:   itk::Image<double, 3u>
  Reference Count: 2
  Modified Time: 1606
  Debug: Off
  Object Name: 
  Observers: 
    none
  Source: (none)
  Source output name: (none)
  Release Data: Off
  Data Released: False
  Global Release Data: Off
  PipelineMTime: 0
  UpdateMTime: 1217
  RealTimeStamp: 0 seconds 
  LargestPossibleRegion: 
    Dimension: 3
    Index: [0, 0, 0]
    Size: [193, 229, 193]
  BufferedRegion: 
    Dimension: 3
    Index: [0, 0, 0]
    Size: [193, 229, 193]
  RequestedRegion: 
    Dimension: 3
    Index: [0, 0, 0]
    Size: [193, 229, 193]
  Spacing: [1, 1, 1]
  Origin: [96, 132, -78]
  Direction: 
-1 0 0
0 -1 0
0 0 1

  IndexToPointMatrix: 
-1 0 0
0 -1 0
0 0 1

  PointToIndexMatrix: 
-1 0 0
0 -1 0
0 0 1

  Inverse Direction: 
-1 0 0
0 -1 0
0 0 1

  PixelContainer: 
    ImportImageContainer (0x4aee780)
      RTTI typeinfo:   itk::ImportImageContainer<unsigned long, double>
      Reference Count: 1
      Modified Time: 1214
      Debug: Off
      Object Name: 
      Observers: 
        none
      Pointer: 0x149504d22010
      Container manages memory: true
      Size: 8530021
      Capacity: 8530021

     Moving image = Image (0x4adb520)
  RTTI typeinfo:   itk::Image<double, 3u>
  Reference Count: 2
  Modified Time: 1607
  Debug: Off
  Object Name: 
  Observers: 
    none
  Source: (none)
  Source output name: (none)
  Release Data: Off
  Data Released: False
  Global Release Data: Off
  PipelineMTime: 0
  UpdateMTime: 1604
  RealTimeStamp: 0 seconds 
  LargestPossibleRegion: 
    Dimension: 3
    Index: [0, 0, 0]
    Size: [160, 240, 256]
  BufferedRegion: 
    Dimension: 3
    Index: [0, 0, 0]
    Size: [160, 240, 256]
  RequestedRegion: 
    Dimension: 3
    Index: [0, 0, 0]
    Size: [160, 240, 256]
  Spacing: [1, 1, 1]
  Origin: [87.9508, 102.562, -147.639]
  Direction: 
-0.998659 -0.0436121 -0.0279129
0.043595 -0.999049 0.00121847
-0.0279395 -2.65543e-08 0.99961

  IndexToPointMatrix: 
-0.998659 -0.0436121 -0.0279129
0.043595 -0.999049 0.00121847
-0.0279395 -2.65543e-08 0.99961

  PointToIndexMatrix: 
-0.998659 0.043595 -0.0279395
-0.0436121 -0.999049 -2.65517e-08
-0.0279129 0.00121847 0.99961

  Inverse Direction: 
-0.998659 0.043595 -0.0279395
-0.0436121 -0.999049 -2.65517e-08
-0.0279129 0.00121847 0.99961

  PixelContainer: 
    ImportImageContainer (0x4afe150)
      RTTI typeinfo:   itk::ImportImageContainer<unsigned long, double>
      Reference Count: 1
      Modified Time: 1601
      Debug: Off
      Object Name: 
      Observers: 
        none
      Pointer: 0x149500221010
      Container manages memory: true
      Size: 9830400
      Capacity: 9830400

     Weighting = 1
     Sampling strategy = none
     Number of bins = 32
     Radius = 4
     Sampling percentage  = 1
   Transform = SyN
     Gradient step = 0.1
     Update field sigma (voxel space) = 3
     Total field sigma (voxel space) = 0
     Update field time sigma = 0
     Total field time sigma  = 0
     Number of time indices = 0
     Number of time point samples = 0
Registration using 1 total stages.

Stage 0
  iterations = 100x70x50x20
  convergence threshold = 1e-06
  convergence window size = 10
  number of levels = 4
  using the CC metric (radius = 4, weight = 1, use gradient filter = 0)
  preprocessing:  winsorizing the image intensities
  Shrink factors (level 1 out of 4): [8, 8, 8]
  Shrink factors (level 2 out of 4): [4, 4, 4]
  Shrink factors (level 3 out of 4): [2, 2, 2]
  Shrink factors (level 4 out of 4): [1, 1, 1]
  smoothing sigmas per level: [3, 2, 1, 0]
  Using default NONE metricSamplingStrategy 

*** Running SyN registration (varianceForUpdateField = 3, varianceForTotalField = 0) ***

XXDIAGNOSTIC,Iteration,metricValue,convergenceValue,ITERATION_TIME_INDEX,SINCE_LAST
 1DIAGNOSTIC,     1, -8.452623266547e-01, 1.797693134862e+308, 1.0587e+00, 1.0587e+00, 
 1DIAGNOSTIC,     2, -8.651118204713e-01, 1.797693134862e+308, 1.4202e+00, 3.6155e-01, 
 1DIAGNOSTIC,     3, -8.814757543272e-01, 1.797693134862e+308, 1.7586e+00, 3.3833e-01, 
 1DIAGNOSTIC,     4, -8.933980021057e-01, 1.797693134862e+308, 2.0964e+00, 3.3787e-01, 
 1DIAGNOSTIC,     5, -9.017343336373e-01, 1.797693134862e+308, 2.4610e+00, 3.6457e-01, 
 1DIAGNOSTIC,     6, -9.081620408057e-01, 1.797693134862e+308, 2.8583e+00, 3.9732e-01, 
 1DIAGNOSTIC,     7, -9.126546728518e-01, 1.797693134862e+308, 3.1960e+00, 3.3767e-01, 
 1DIAGNOSTIC,     8, -9.162776729607e-01, 1.797693134862e+308, 3.5353e+00, 3.3932e-01, 
 1DIAGNOSTIC,     9, -9.193114607620e-01, 1.797693134862e+308, 3.8648e+00, 3.2946e-01, 
 1DIAGNOSTIC,    10, -9.217825709813e-01, 5.023326799667e-03, 4.2100e+00, 3.4519e-01, 
 1DIAGNOSTIC,    11, -9.238012402116e-01, 3.441022172550e-03, 4.5697e+00, 3.5974e-01, 
 1DIAGNOSTIC,    12, -9.254623744859e-01, 2.379155324943e-03, 4.9223e+00, 3.5258e-01, 
 1DIAGNOSTIC,    13, -9.268958339417e-01, 1.696165876107e-03, 5.2690e+00, 3.4676e-01, 
 1DIAGNOSTIC,    14, -9.281729668582e-01, 1.252199846864e-03, 5.6204e+00, 3.5137e-01, 
 1DIAGNOSTIC,    15, -9.293830499065e-01, 9.517891976030e-04, 5.9714e+00, 3.5103e-01, 
 1DIAGNOSTIC,    16, -9.305550298001e-01, 7.498892417565e-04, 6.3033e+00, 3.3184e-01, 
 1DIAGNOSTIC,    17, -9.317330294448e-01, 6.065293562281e-04, 6.6347e+00, 3.3139e-01, 
 1DIAGNOSTIC,    18, -9.329602005273e-01, 5.067080107980e-04, 6.9799e+00, 3.4526e-01, 
 1DIAGNOSTIC,    19, -9.342573289606e-01, 4.410482272440e-04, 7.3154e+00, 3.3543e-01, 
 1DIAGNOSTIC,    20, -9.355327071526e-01, 3.988716771459e-04, 7.6576e+00, 3.4228e-01, 
 1DIAGNOSTIC,    21, -9.368985797137e-01, 3.733370891999e-04, 8.0326e+00, 3.7502e-01, 
 1DIAGNOSTIC,    22, -9.379485653544e-01, 3.532195888261e-04, 8.3819e+00, 3.4920e-01, 
 1DIAGNOSTIC,    23, -9.391607415409e-01, 3.373264681026e-04, 8.7174e+00, 3.3552e-01, 
 1DIAGNOSTIC,    24, -9.401998605752e-01, 3.207990935294e-04, 9.0651e+00, 3.4778e-01, 
 1DIAGNOSTIC,    25, -9.413454656168e-01, 3.044467723797e-04, 9.4045e+00, 3.3931e-01, 
 1DIAGNOSTIC,    26, -9.423334932059e-01, 2.862131176273e-04, 9.7416e+00, 3.3718e-01, 
 1DIAGNOSTIC,    27, -9.434238881314e-01, 2.682130086730e-04, 1.0078e+01, 3.3660e-01, 
 1DIAGNOSTIC,    28, -9.445537700266e-01, 2.520192893254e-04, 1.0414e+01, 3.3571e-01, 
 1DIAGNOSTIC,    29, -9.456193544154e-01, 2.380620640569e-04, 1.0747e+01, 3.3265e-01, 
 1DIAGNOSTIC,    30, -9.466888390930e-01, 2.264036629694e-04, 1.1084e+01, 3.3773e-01, 
 1DIAGNOSTIC,    31, -9.476425170390e-01, 2.169972465806e-04, 1.1480e+01, 3.9559e-01, 
 1DIAGNOSTIC,    32, -9.487103731230e-01, 2.078312557051e-04, 1.1831e+01, 3.5082e-01, 
 1DIAGNOSTIC,    33, -9.498005640553e-01, 2.007950527132e-04, 1.2174e+01, 3.4299e-01, 
 1DIAGNOSTIC,    34, -9.508475252674e-01, 1.937665711893e-04, 1.2515e+01, 3.4083e-01, 
 1DIAGNOSTIC,    35, -9.518738223417e-01, 1.876805423391e-04, 1.2869e+01, 3.5439e-01, 
 1DIAGNOSTIC,    36, -9.528636211507e-01, 1.808295378123e-04, 1.3221e+01, 3.5156e-01, 
 1DIAGNOSTIC,    37, -9.537469518004e-01, 1.733590999473e-04, 1.3568e+01, 3.4713e-01, 
 1DIAGNOSTIC,    38, -9.545372278862e-01, 1.651352374015e-04, 1.3915e+01, 3.4696e-01, 
 1DIAGNOSTIC,    39, -9.553164698824e-01, 1.559787340459e-04, 1.4249e+01, 3.3452e-01, 
 1DIAGNOSTIC,    40, -9.559547114534e-01, 1.453974006443e-04, 1.4584e+01, 3.3457e-01, 
 1DIAGNOSTIC,    41, -9.565399971588e-01, 1.328673110375e-04, 1.4928e+01, 3.4434e-01, 
 1DIAGNOSTIC,    42, -9.570819849559e-01, 1.198981035348e-04, 1.5269e+01, 3.4046e-01, 
 1DIAGNOSTIC,    43, -9.575701317864e-01, 1.072314427576e-04, 1.5622e+01, 3.5346e-01, 
 1DIAGNOSTIC,    44, -9.580165463961e-01, 9.519213385717e-05, 1.5961e+01, 3.3904e-01, 
 1DIAGNOSTIC,    45, -9.584284014222e-01, 8.428017118301e-05, 1.6296e+01, 3.3467e-01, 
 1DIAGNOSTIC,    46, -9.588253577413e-01, 7.493559650482e-05, 1.6638e+01, 3.4206e-01, 
 1DIAGNOSTIC,    47, -9.592211856739e-01, 6.707814744639e-05, 1.6997e+01, 3.5934e-01, 
 1DIAGNOSTIC,    48, -9.595938824985e-01, 6.046125123376e-05, 1.7338e+01, 3.4047e-01, 
 1DIAGNOSTIC,    49, -9.599415060211e-01, 5.530525267607e-05, 1.7699e+01, 3.6189e-01, 
 1DIAGNOSTIC,    50, -9.602739584090e-01, 5.095251448082e-05, 1.8052e+01, 3.5234e-01, 
 1DIAGNOSTIC,    51, -9.605793257869e-01, 4.718702632217e-05, 1.8407e+01, 3.5489e-01, 
 1DIAGNOSTIC,    52, -9.609334919744e-01, 4.427374954854e-05, 1.8746e+01, 3.3959e-01, 
 1DIAGNOSTIC,    53, -9.607345723644e-01, 3.887593514417e-05, 1.9101e+01, 3.5517e-01, 
 1DIAGNOSTIC,    54, -9.606135577195e-01, 3.187097390181e-05, 1.9438e+01, 3.3616e-01, 
 1DIAGNOSTIC,    55, -9.603364805847e-01, 2.285833809963e-05, 1.9775e+01, 3.3756e-01, 
 1DIAGNOSTIC,    56, -9.606426457741e-01, 1.580852080932e-05, 2.0112e+01, 3.3644e-01, 
 1DIAGNOSTIC,    57, -9.603807169513e-01, 8.146105729447e-06, 2.0449e+01, 3.3706e-01, 
 1DIAGNOSTIC,    58, -9.606485369481e-01, 3.410302418735e-06, 2.0779e+01, 3.3051e-01, 
 1DIAGNOSTIC,    59, -9.603093789611e-01, -1.402370762189e-06, 2.1125e+01, 3.4590e-01, 
XXDIAGNOSTIC,Iteration,metricValue,convergenceValue,ITERATION_TIME_INDEX,SINCE_LAST
 1DIAGNOSTIC,     1, -8.950710884252e-01, 1.797693134862e+308, 2.4036e+01, 2.9106e+00, 
 1DIAGNOSTIC,     2, -8.975663767255e-01, 1.797693134862e+308, 2.6261e+01, 2.2254e+00, 
 1DIAGNOSTIC,     3, -9.004924042219e-01, 1.797693134862e+308, 2.8487e+01, 2.2256e+00, 
 1DIAGNOSTIC,     4, -9.031933306206e-01, 1.797693134862e+308, 3.0749e+01, 2.2620e+00, 
 1DIAGNOSTIC,     5, -9.054364861115e-01, 1.797693134862e+308, 3.3009e+01, 2.2600e+00, 
 1DIAGNOSTIC,     6, -9.073453223871e-01, 1.797693134862e+308, 3.5248e+01, 2.2394e+00, 
 1DIAGNOSTIC,     7, -9.090087434724e-01, 1.797693134862e+308, 3.7841e+01, 2.5931e+00, 
 1DIAGNOSTIC,     8, -9.102581054594e-01, 1.797693134862e+308, 4.0263e+01, 2.4214e+00, 
 1DIAGNOSTIC,     9, -9.113347910607e-01, 1.797693134862e+308, 4.2848e+01, 2.5852e+00, 
 1DIAGNOSTIC,    10, -9.122989205062e-01, 1.232170289749e-03, 4.5094e+01, 2.2465e+00, 
 1DIAGNOSTIC,    11, -9.131961181232e-01, 9.778889760567e-04, 4.7588e+01, 2.4942e+00, 
 1DIAGNOSTIC,    12, -9.139157856553e-01, 7.615430363191e-04, 4.9860e+01, 2.2717e+00, 
 1DIAGNOSTIC,    13, -9.147368726639e-01, 5.994367664101e-04, 5.2123e+01, 2.2625e+00, 
 1DIAGNOSTIC,    14, -9.154060283262e-01, 4.809041743405e-04, 5.4393e+01, 2.2706e+00, 
 1DIAGNOSTIC,    15, -9.161196710965e-01, 3.955455572731e-04, 5.6634e+01, 2.2411e+00, 
 1DIAGNOSTIC,    16, -9.166763192420e-01, 3.323652221499e-04, 5.8902e+01, 2.2676e+00, 
 1DIAGNOSTIC,    17, -9.171804672237e-01, 2.857137971198e-04, 6.1278e+01, 2.3761e+00, 
 1DIAGNOSTIC,    18, -9.176449937902e-01, 2.474738358684e-04, 6.3568e+01, 2.2899e+00, 
 1DIAGNOSTIC,    19, -9.180666382088e-01, 2.148183994202e-04, 6.5919e+01, 2.3513e+00, 
 1DIAGNOSTIC,    20, -9.184364617957e-01, 1.861810055613e-04, 6.8152e+01, 2.2329e+00, 
 1DIAGNOSTIC,    21, -9.187666944527e-01, 1.611621518362e-04, 7.0391e+01, 2.2394e+00, 
 1DIAGNOSTIC,    22, -9.190672092209e-01, 1.377923724164e-04, 7.2653e+01, 2.2612e+00, 
 1DIAGNOSTIC,    23, -9.193360863051e-01, 1.183358090540e-04, 7.4939e+01, 2.2865e+00, 
 1DIAGNOSTIC,    24, -9.195825600180e-01, 1.012542901331e-04, 7.7203e+01, 2.2639e+00, 
 1DIAGNOSTIC,    25, -9.198042000045e-01, 8.769507374380e-05, 7.9451e+01, 2.2483e+00, 
 1DIAGNOSTIC,    26, -9.200059798434e-01, 7.603657506763e-05, 8.1720e+01, 2.2691e+00, 
 1DIAGNOSTIC,    27, -9.201969984853e-01, 6.611974768179e-05, 8.3983e+01, 2.2622e+00, 
 1DIAGNOSTIC,    28, -9.203749093206e-01, 5.784214236869e-05, 8.6531e+01, 2.5486e+00, 
 1DIAGNOSTIC,    29, -9.205365051910e-01, 5.096599044992e-05, 8.8775e+01, 2.2436e+00, 
 1DIAGNOSTIC,    30, -9.206881839701e-01, 4.518023502267e-05, 9.1058e+01, 2.2837e+00, 
 1DIAGNOSTIC,    31, -9.208327057203e-01, 4.029979485220e-05, 9.3442e+01, 2.3835e+00, 
 1DIAGNOSTIC,    32, -9.209569784128e-01, 3.608056235027e-05, 9.5784e+01, 2.3415e+00, 
 1DIAGNOSTIC,    33, -9.210849680790e-01, 3.248521357592e-05, 9.8042e+01, 2.2587e+00, 
 1DIAGNOSTIC,    34, -9.212071023181e-01, 2.943857326774e-05, 1.0033e+02, 2.2925e+00, 
 1DIAGNOSTIC,    35, -9.213234274106e-01, 2.682255784200e-05, 1.0266e+02, 2.3210e+00, 
 1DIAGNOSTIC,    36, -9.214332888059e-01, 2.454450033558e-05, 1.0490e+02, 2.2428e+00, 
 1DIAGNOSTIC,    37, -9.215412855478e-01, 2.261951896315e-05, 1.0718e+02, 2.2799e+00, 
 1DIAGNOSTIC,    38, -9.216538466474e-01, 2.107066461748e-05, 1.0945e+02, 2.2675e+00, 
 1DIAGNOSTIC,    39, -9.217643044151e-01, 1.981043682597e-05, 1.1179e+02, 2.3399e+00, 
 1DIAGNOSTIC,    40, -9.218610916134e-01, 1.870427976751e-05, 1.1413e+02, 2.3453e+00, 
 1DIAGNOSTIC,    41, -9.219580470073e-01, 1.775431390163e-05, 1.1639e+02, 2.2592e+00, 
 1DIAGNOSTIC,    42, -9.220477312539e-01, 1.678962911104e-05, 1.1865e+02, 2.2591e+00, 
 1DIAGNOSTIC,    43, -9.221355264858e-01, 1.587537039842e-05, 1.2090e+02, 2.2538e+00, 
 1DIAGNOSTIC,    44, -9.222206926860e-01, 1.499878003511e-05, 1.2320e+02, 2.2966e+00, 
 1DIAGNOSTIC,    45, -9.222873991395e-01, 1.404200354248e-05, 1.2550e+02, 2.2967e+00, 
 1DIAGNOSTIC,    46, -9.223640642461e-01, 1.309746356136e-05, 1.2775e+02, 2.2538e+00, 
 1DIAGNOSTIC,    47, -9.224446380768e-01, 1.223359415972e-05, 1.3000e+02, 2.2462e+00, 
 1DIAGNOSTIC,    48, -9.225136234359e-01, 1.145374105846e-05, 1.3224e+02, 2.2421e+00, 
 1DIAGNOSTIC,    49, -9.225846443352e-01, 1.080838019859e-05, 1.3454e+02, 2.3061e+00, 
 1DIAGNOSTIC,    50, -9.226502753474e-01, 1.021072407348e-05, 1.3715e+02, 2.6040e+00, 
 1DIAGNOSTIC,    51, -9.227151503780e-01, 9.690954032759e-06, 1.3956e+02, 2.4090e+00, 
 1DIAGNOSTIC,    52, -9.227830082531e-01, 9.247459439192e-06, 1.4194e+02, 2.3839e+00, 
 1DIAGNOSTIC,    53, -9.228441754689e-01, 8.850350238655e-06, 1.4420e+02, 2.2583e+00, 
 1DIAGNOSTIC,    54, -9.229030713395e-01, 8.495691493263e-06, 1.4646e+02, 2.2578e+00, 
 1DIAGNOSTIC,    55, -9.229557883648e-01, 8.058882035217e-06, 1.4880e+02, 2.3401e+00, 
 1DIAGNOSTIC,    56, -9.230088990780e-01, 7.627778242550e-06, 1.5109e+02, 2.2879e+00, 
 1DIAGNOSTIC,    57, -9.230615773160e-01, 7.249159326869e-06, 1.5348e+02, 2.3923e+00, 
 1DIAGNOSTIC,    58, -9.231036720606e-01, 6.824796805832e-06, 1.5613e+02, 2.6499e+00, 
 1DIAGNOSTIC,    59, -9.231530051710e-01, 6.437484970225e-06, 1.5839e+02, 2.2582e+00, 
 1DIAGNOSTIC,    60, -9.232011485039e-01, 6.076020491158e-06, 1.6063e+02, 2.2450e+00, 
 1DIAGNOSTIC,    61, -9.232482114458e-01, 5.753003199816e-06, 1.6294e+02, 2.3100e+00, 
 1DIAGNOSTIC,    62, -9.232887067309e-01, 5.471332181001e-06, 1.6520e+02, 2.2638e+00, 
 1DIAGNOSTIC,    63, -9.233335669022e-01, 5.237233134250e-06, 1.6749e+02, 2.2857e+00, 
 1DIAGNOSTIC,    64, -9.233739525475e-01, 5.029375260538e-06, 1.6977e+02, 2.2760e+00, 
 1DIAGNOSTIC,    65, -9.234204810543e-01, 4.857898170205e-06, 1.7225e+02, 2.4883e+00, 
 1DIAGNOSTIC,    66, -9.234616221316e-01, 4.706246816841e-06, 1.7455e+02, 2.2964e+00, 
 1DIAGNOSTIC,    67, -9.235037261019e-01, 4.586347364395e-06, 1.7680e+02, 2.2501e+00, 
 1DIAGNOSTIC,    68, -9.235438978963e-01, 4.443397645850e-06, 1.7911e+02, 2.3117e+00, 
 1DIAGNOSTIC,    69, -9.235865879815e-01, 4.329075727172e-06, 1.8144e+02, 2.3313e+00, 
 1DIAGNOSTIC,    70, -9.236238270330e-01, 4.217041145765e-06, 1.8374e+02, 2.2961e+00, 
XXDIAGNOSTIC,Iteration,metricValue,convergenceValue,ITERATION_TIME_INDEX,SINCE_LAST
 1DIAGNOSTIC,     1, -8.699790056216e-01, 1.797693134862e+308, 2.0289e+02, 1.9154e+01, 
 1DIAGNOSTIC,     2, -8.729330389438e-01, 1.797693134862e+308, 2.2140e+02, 1.8506e+01, 
 1DIAGNOSTIC,     3, -8.761135574531e-01, 1.797693134862e+308, 2.4004e+02, 1.8639e+01, 
 1DIAGNOSTIC,     4, -8.792775351110e-01, 1.797693134862e+308, 2.5865e+02, 1.8614e+01, 
 1DIAGNOSTIC,     5, -8.819405931595e-01, 1.797693134862e+308, 2.7715e+02, 1.8497e+01, 
 1DIAGNOSTIC,     6, -8.841991330822e-01, 1.797693134862e+308, 2.9564e+02, 1.8488e+01, 
 1DIAGNOSTIC,     7, -8.862157791146e-01, 1.797693134862e+308, 3.1426e+02, 1.8621e+01, 
 1DIAGNOSTIC,     8, -8.880323027378e-01, 1.797693134862e+308, 3.3255e+02, 1.8290e+01, 
 1DIAGNOSTIC,     9, -8.896646024554e-01, 1.797693134862e+308, 3.5119e+02, 1.8643e+01, 
 1DIAGNOSTIC,    10, -8.911252811048e-01, 1.541732778686e-03, 3.6953e+02, 1.8343e+01, 
 1DIAGNOSTIC,    11, -8.922662553128e-01, 1.258858919706e-03, 3.8794e+02, 1.8406e+01, 
 1DIAGNOSTIC,    12, -8.935085285382e-01, 1.022154673515e-03, 4.0688e+02, 1.8940e+01, 
 1DIAGNOSTIC,    13, -8.944768017949e-01, 8.311525092402e-04, 4.2562e+02, 1.8741e+01, 
 1DIAGNOSTIC,    14, -8.953581372088e-01, 6.840724133674e-04, 4.4413e+02, 1.8503e+01, 
 1DIAGNOSTIC,    15, -8.961612774146e-01, 5.678638840053e-04, 4.6292e+02, 1.8799e+01, 
 1DIAGNOSTIC,    16, -8.969057767031e-01, 4.739214286785e-04, 4.8139e+02, 1.8469e+01, 
 1DIAGNOSTIC,    17, -8.975899206201e-01, 3.979455729715e-04, 5.0025e+02, 1.8853e+01, 
 1DIAGNOSTIC,    18, -8.982178276329e-01, 3.368142566836e-04, 5.1936e+02, 1.9117e+01, 
 1DIAGNOSTIC,    19, -8.987927182257e-01, 2.878540611435e-04, 5.3778e+02, 1.8420e+01, 
 1DIAGNOSTIC,    20, -8.993269258444e-01, 2.488354178980e-04, 5.5636e+02, 1.8581e+01, 
 1DIAGNOSTIC,    21, -8.998344023716e-01, 2.152343542289e-04, 5.7502e+02, 1.8659e+01, 
 1DIAGNOSTIC,    22, -9.003134019941e-01, 1.894738881417e-04, 5.9371e+02, 1.8688e+01, 
 1DIAGNOSTIC,    23, -9.007687646796e-01, 1.679009292591e-04, 6.1241e+02, 1.8701e+01, 
 1DIAGNOSTIC,    24, -9.012033470912e-01, 1.498195052657e-04, 6.3099e+02, 1.8573e+01, 
 1DIAGNOSTIC,    25, -9.016236307028e-01, 1.346717114181e-04, 6.4925e+02, 1.8260e+01, 
 1DIAGNOSTIC,    26, -9.020313636064e-01, 1.221061760500e-04, 6.6793e+02, 1.8684e+01, 
 1DIAGNOSTIC,    27, -9.024285215660e-01, 1.116963423835e-04, 6.8698e+02, 1.9053e+01, 
 1DIAGNOSTIC,    28, -9.028168477413e-01, 1.030320243145e-04, 7.0534e+02, 1.8360e+01, 
 1DIAGNOSTIC,    29, -9.031947724958e-01, 9.568089424872e-05, 7.2403e+02, 1.8691e+01, 
 1DIAGNOSTIC,    30, -9.035654794853e-01, 8.936223187875e-05, 7.4285e+02, 1.8822e+01, 
 1DIAGNOSTIC,    31, -9.039297007357e-01, 8.393167795402e-05, 7.6230e+02, 1.9448e+01, 
 1DIAGNOSTIC,    32, -9.042754559930e-01, 7.908100036320e-05, 7.8089e+02, 1.8588e+01, 
 1DIAGNOSTIC,    33, -9.046026096547e-01, 7.456627710674e-05, 7.9956e+02, 1.8668e+01, 
 1DIAGNOSTIC,    34, -9.049115558787e-01, 7.019681935061e-05, 8.1915e+02, 1.9588e+01, 
 1DIAGNOSTIC,    35, -9.052035284998e-01, 6.588326517162e-05, 8.3836e+02, 1.9213e+01, 
 1DIAGNOSTIC,    36, -9.054723839233e-01, 6.152551142611e-05, 8.5695e+02, 1.8591e+01, 
 1DIAGNOSTIC,    37, -9.057174233815e-01, 5.707580645701e-05, 8.7554e+02, 1.8589e+01, 
 1DIAGNOSTIC,    38, -9.059464043969e-01, 5.260306684370e-05, 8.9421e+02, 1.8671e+01, 
 1DIAGNOSTIC,    39, -9.061606294411e-01, 4.818656706609e-05, 9.1278e+02, 1.8570e+01, 
 1DIAGNOSTIC,    40, -9.063597119712e-01, 4.393548400627e-05, 9.3136e+02, 1.8580e+01, 
 1DIAGNOSTIC,    41, -9.065498833570e-01, 4.001220229232e-05, 9.4980e+02, 1.8439e+01, 
 1DIAGNOSTIC,    42, -9.067315849534e-01, 3.646413213675e-05, 9.6841e+02, 1.8605e+01, 
 1DIAGNOSTIC,    43, -9.069076233627e-01, 3.333479278534e-05, 9.8696e+02, 1.8557e+01, 
 1DIAGNOSTIC,    44, -9.070643518176e-01, 3.054317585807e-05, 1.0055e+03, 1.8531e+01, 
 1DIAGNOSTIC,    45, -9.072047697863e-01, 2.803171825315e-05, 1.0244e+03, 1.8880e+01, 
 1DIAGNOSTIC,    46, -9.073338629389e-01, 2.572391161479e-05, 1.0432e+03, 1.8845e+01, 
 1DIAGNOSTIC,    47, -9.074269258347e-01, 2.336588699532e-05, 1.0619e+03, 1.8699e+01, 
 1DIAGNOSTIC,    48, -9.074784817010e-01, 2.076027232269e-05, 1.0804e+03, 1.8455e+01, 
 1DIAGNOSTIC,    49, -9.075066617596e-01, 1.788621947774e-05, 1.0988e+03, 1.8475e+01, 
 1DIAGNOSTIC,    50, -9.075081447718e-01, 1.472995924025e-05, 1.1174e+03, 1.8546e+01, 
XXDIAGNOSTIC,Iteration,metricValue,convergenceValue,ITERATION_TIME_INDEX,SINCE_LAST
 1DIAGNOSTIC,     1, -8.626367811748e-01, 1.797693134862e+308, 1.2720e+03, 1.5458e+02, 
 1DIAGNOSTIC,     2, -8.633909219836e-01, 1.797693134862e+308, 1.4261e+03, 1.5410e+02, 
 1DIAGNOSTIC,     3, -8.647582394095e-01, 1.797693134862e+308, 1.5789e+03, 1.5288e+02, 
 1DIAGNOSTIC,     4, -8.660956033596e-01, 1.797693134862e+308, 1.7311e+03, 1.5217e+02, 
 1DIAGNOSTIC,     5, -8.674432652578e-01, 1.797693134862e+308, 1.8836e+03, 1.5253e+02, 
 1DIAGNOSTIC,     6, -8.686885522515e-01, 1.797693134862e+308, 2.0358e+03, 1.5211e+02, 
 1DIAGNOSTIC,     7, -8.699192521878e-01, 1.797693134862e+308, 2.1866e+03, 1.5087e+02, 
 1DIAGNOSTIC,     8, -8.710191671720e-01, 1.797693134862e+308, 2.3399e+03, 1.5332e+02, 
 1DIAGNOSTIC,     9, -8.719174396453e-01, 1.797693134862e+308, 2.4937e+03, 1.5376e+02, 
 1DIAGNOSTIC,    10, -8.726363966891e-01, 7.837507327537e-04, 2.6464e+03, 1.5267e+02, 
 1DIAGNOSTIC,    11, -8.733001880282e-01, 6.798705287891e-04, 2.8007e+03, 1.5429e+02, 
 1DIAGNOSTIC,    12, -8.739121475562e-01, 5.692133884168e-04, 2.9531e+03, 1.5245e+02, 
 1DIAGNOSTIC,    13, -8.744822316118e-01, 4.725893662302e-04, 3.1057e+03, 1.5259e+02, 
 1DIAGNOSTIC,    14, -8.750114663339e-01, 3.901677601560e-04, 3.2582e+03, 1.5249e+02, 
 1DIAGNOSTIC,    15, -8.755490124867e-01, 3.240255996249e-04, 3.4119e+03, 1.5371e+02, 
 1DIAGNOSTIC,    16, -8.760583834094e-01, 2.720172702550e-04, 3.5645e+03, 1.5256e+02, 
 1DIAGNOSTIC,    17, -8.765658400277e-01, 2.342300507063e-04, 3.7167e+03, 1.5226e+02, 
 1DIAGNOSTIC,    18, -8.770436542827e-01, 2.074431650963e-04, 3.8706e+03, 1.5383e+02, 
 1DIAGNOSTIC,    19, -8.774959399588e-01, 1.873623775924e-04, 4.0247e+03, 1.5419e+02, 
 1DIAGNOSTIC,    20, -8.779041203334e-01, 1.701915739996e-04, 4.1764e+03, 1.5167e+02, 
  Elapsed time (stage 0): 4178.1


Total elapsed time: 4178.11
