
##########################
# Experiment information #
##########################

EXPERIMENT_NAME: antsRegistration-r7-p19
VFC_BACKENDS: libinterflop_vprec.so --range-binary32=7 --precision-binary32=19 --range-binary64=7 --precision-binary64=19

SIF_IMG: /home/mdugre/projects/rrg-glatard/mdugre/containers/ants-vprec-no_metrics.simg

SUBJECT_ID: s007
INPUT_IMG: /home/mdugre/scratch/mri-registration-rp/datasets/ds004513/derivatives/mri-registration-rp/antsBrainExtraction/sub-s007/BrainExtractionBrain.nii.gz
OUTPUT_DIR: /home/mdugre/scratch/mri-registration-rp/datasets/ds004513/derivatives/mri-registration-rp/0110/antsRegistration-r7-p19/sub-s007

FIXED_IMG: /templateflow/tpl-MNI152NLin2009cAsym/tpl-MNI152NLin2009cAsym_res-01_desc-brain_T1w.nii.gz
DATA_DIR: /home/mdugre/scratch/mri-registration-rp/datasets/ds004513
TEMPLATEFLOW_DIR: /home/mdugre/projects/rrg-glatard/mdugre/templateflow
ITK_GLOBAL_DEFAULT_NUMBER_OF_THREADS: 16
##########################

Info [verificarlo]: loaded backend libinterflop_ieee.so
Info [interflop-ieee]: load backend with:
Info [interflop-ieee]: debug = false
Info [interflop-ieee]: debug-binary = false
Info [interflop-ieee]: no-backend-name = false
Info [interflop-ieee]: print-new-line = false
Info [interflop-ieee]: print-subnormal-normalized = false
Info [interflop-ieee]: count-op = false
All_Command_lines_OK
Using double precision for computations.
=============================================================================
The composite transform comprises the following transforms (in order): 
  1. Center of mass alignment using fixed image: /templateflow/tpl-MNI152NLin2009cAsym/tpl-MNI152NLin2009cAsym_res-01_desc-brain_T1w.nii.gz and moving image: /home/mdugre/scratch/mri-registration-rp/datasets/ds004513/derivatives/mri-registration-rp/antsBrainExtraction/sub-s007/BrainExtractionBrain.nii.gz (type = Euler3DTransform)
=============================================================================
  number of levels = 1
  fixed image: /templateflow/tpl-MNI152NLin2009cAsym/tpl-MNI152NLin2009cAsym_res-01_desc-brain_T1w.nii.gz
  moving image: /home/mdugre/scratch/mri-registration-rp/datasets/ds004513/derivatives/mri-registration-rp/antsBrainExtraction/sub-s007/BrainExtractionBrain.nii.gz
Dimension = 3
Number of stages = 1
Use histogram matching = false
Winsorize image intensities = true
  Lower quantile = 0.005
  Upper quantile = 0.995


Stage 1 State
   Image metric = MattesMI
     Fixed image = Image (0x5139e70)
  RTTI typeinfo:   itk::Image<double, 3u>
  Reference Count: 2
  Modified Time: 2334
  Debug: Off
  Object Name: 
  Observers: 
    none
  Source: (none)
  Source output name: (none)
  Release Data: Off
  Data Released: False
  Global Release Data: Off
  PipelineMTime: 0
  UpdateMTime: 1943
  RealTimeStamp: 0 seconds 
  LargestPossibleRegion: 
    Dimension: 3
    Index: [0, 0, 0]
    Size: [193, 229, 193]
  BufferedRegion: 
    Dimension: 3
    Index: [0, 0, 0]
    Size: [193, 229, 193]
  RequestedRegion: 
    Dimension: 3
    Index: [0, 0, 0]
    Size: [193, 229, 193]
  Spacing: [1, 1, 1]
  Origin: [96, 132, -78]
  Direction: 
-1 0 0
0 -1 0
0 0 1

  IndexToPointMatrix: 
-1 0 0
0 -1 0
0 0 1

  PointToIndexMatrix: 
-1 0 0
0 -1 0
0 0 1

  Inverse Direction: 
-1 0 0
0 -1 0
0 0 1

  PixelContainer: 
    ImportImageContainer (0x5142c60)
      RTTI typeinfo:   itk::ImportImageContainer<unsigned long, double>
      Reference Count: 1
      Modified Time: 1940
      Debug: Off
      Object Name: 
      Observers: 
        none
      Pointer: 0x1483d3126010
      Container manages memory: true
      Size: 8530021
      Capacity: 8530021

     Moving image = Image (0x51d6ec0)
  RTTI typeinfo:   itk::Image<double, 3u>
  Reference Count: 2
  Modified Time: 2335
  Debug: Off
  Object Name: 
  Observers: 
    none
  Source: (none)
  Source output name: (none)
  Release Data: Off
  Data Released: False
  Global Release Data: Off
  PipelineMTime: 0
  UpdateMTime: 2332
  RealTimeStamp: 0 seconds 
  LargestPossibleRegion: 
    Dimension: 3
    Index: [0, 0, 0]
    Size: [176, 240, 256]
  BufferedRegion: 
    Dimension: 3
    Index: [0, 0, 0]
    Size: [176, 240, 256]
  RequestedRegion: 
    Dimension: 3
    Index: [0, 0, 0]
    Size: [176, 240, 256]
  Spacing: [1, 1, 1]
  Origin: [93.4772, 83.7926, -132.68]
  Direction: 
-0.997185 -0.0749788 0
0.0749788 -0.997185 0
0 0 1

  IndexToPointMatrix: 
-0.997185 -0.0749788 0
0.0749787 -0.997185 0
0 0 1

  PointToIndexMatrix: 
-0.997185 0.0749788 0
-0.0749788 -0.997185 0
0 0 1

  Inverse Direction: 
-0.997185 0.0749788 0
-0.0749788 -0.997185 0
0 0 1

  PixelContainer: 
    ImportImageContainer (0x51d4f90)
      RTTI typeinfo:   itk::ImportImageContainer<unsigned long, double>
      Reference Count: 1
      Modified Time: 2329
      Debug: Off
      Object Name: 
      Observers: 
        none
      Pointer: 0x1483cdea5010
      Container manages memory: true
      Size: 10813440
      Capacity: 10813440

     Weighting = 1
     Sampling strategy = regular
     Number of bins = 32
     Radius = 4
     Sampling percentage  = 0.25
   Transform = Rigid
     Gradient step = 0.1
     Update field sigma (voxel space) = 0
     Total field sigma (voxel space) = 0
     Update field time sigma = 0
     Total field time sigma  = 0
     Number of time indices = 0
     Number of time point samples = 0
Registration using 1 total stages.

Stage 0
  iterations = 0
  convergence threshold = 1e-06
  convergence window size = 10
  number of levels = 1
  using the Mattes MI metric (number of bins = 32, weight = 1, use gradient filter = 0)
  preprocessing:  winsorizing the image intensities
  Shrink factors (level 1 out of 1): [1, 1, 1]
  smoothing sigmas per level: [0]
  regular sampling (percentage = 0.25)

*** Running Euler3DTransform registration ***

  Elapsed time (stage 0): 1.10366


Total elapsed time: 1.10586
Info [verificarlo]: loaded backend libinterflop_vprec.so
Info [interflop-vprec]: load backend with: 
Info [interflop-vprec]: precision-binary32 = 19
Info [interflop-vprec]: range-binary32 = 7
Info [interflop-vprec]: precision-binary64 = 19
Info [interflop-vprec]: range-binary64 = 7
Info [interflop-vprec]: mode = ob
Info [interflop-vprec]: error-mode = rel
Info [interflop-vprec]: max-abs-error-exponent = -1022
Info [interflop-vprec]: daz = false
Info [interflop-vprec]: ftz = false
Info [interflop-vprec]: 	instrument = none
Info [interflop-vprec]: 	prec-input-file = (null)
Info [interflop-vprec]: 	prec-output-file = (null)
Info [interflop-vprec]: 	prec-log-file = (null)
All_Command_lines_OK
Using double precision for computations.
=============================================================================
The composite transform comprises the following transforms (in order): 
  1. /home/mdugre/scratch/mri-registration-rp/datasets/ds004513/derivatives/mri-registration-rp/0110/antsRegistration-r7-p19/sub-s007/align_Composite.h5[0] (type = Euler3DTransform)
  2. /home/mdugre/scratch/mri-registration-rp/datasets/ds004513/derivatives/mri-registration-rp/0110/antsRegistration-r7-p19/sub-s007/align_Composite.h5[1] (type = Euler3DTransform)
=============================================================================
  number of levels = 4
  fixed image: /templateflow/tpl-MNI152NLin2009cAsym/tpl-MNI152NLin2009cAsym_res-01_desc-brain_T1w.nii.gz
  moving image: /home/mdugre/scratch/mri-registration-rp/datasets/ds004513/derivatives/mri-registration-rp/antsBrainExtraction/sub-s007/BrainExtractionBrain.nii.gz
Dimension = 3
Number of stages = 1
Use histogram matching = false
Winsorize image intensities = true
  Lower quantile = 0.005
  Upper quantile = 0.995


Stage 1 State
   Image metric = MattesMI
     Fixed image = Image (0x4e2c1e0)
  RTTI typeinfo:   itk::Image<double, 3u>
  Reference Count: 2
  Modified Time: 1578
  Debug: Off
  Object Name: 
  Observers: 
    none
  Source: (none)
  Source output name: (none)
  Release Data: Off
  Data Released: False
  Global Release Data: Off
  PipelineMTime: 0
  UpdateMTime: 1189
  RealTimeStamp: 0 seconds 
  LargestPossibleRegion: 
    Dimension: 3
    Index: [0, 0, 0]
    Size: [193, 229, 193]
  BufferedRegion: 
    Dimension: 3
    Index: [0, 0, 0]
    Size: [193, 229, 193]
  RequestedRegion: 
    Dimension: 3
    Index: [0, 0, 0]
    Size: [193, 229, 193]
  Spacing: [1, 1, 1]
  Origin: [96, 132, -78]
  Direction: 
-1 0 0
0 -1 0
0 0 1

  IndexToPointMatrix: 
-1 0 0
0 -1 0
0 0 1

  PointToIndexMatrix: 
-1 0 0
0 -1 0
0 0 1

  Inverse Direction: 
-1 0 0
0 -1 0
0 0 1

  PixelContainer: 
    ImportImageContainer (0x4eeb680)
      RTTI typeinfo:   itk::ImportImageContainer<unsigned long, double>
      Reference Count: 1
      Modified Time: 1186
      Debug: Off
      Object Name: 
      Observers: 
        none
      Pointer: 0x14b5cfef7010
      Container manages memory: true
      Size: 8530021
      Capacity: 8530021

     Moving image = Image (0x4ee7b20)
  RTTI typeinfo:   itk::Image<double, 3u>
  Reference Count: 2
  Modified Time: 1579
  Debug: Off
  Object Name: 
  Observers: 
    none
  Source: (none)
  Source output name: (none)
  Release Data: Off
  Data Released: False
  Global Release Data: Off
  PipelineMTime: 0
  UpdateMTime: 1576
  RealTimeStamp: 0 seconds 
  LargestPossibleRegion: 
    Dimension: 3
    Index: [0, 0, 0]
    Size: [176, 240, 256]
  BufferedRegion: 
    Dimension: 3
    Index: [0, 0, 0]
    Size: [176, 240, 256]
  RequestedRegion: 
    Dimension: 3
    Index: [0, 0, 0]
    Size: [176, 240, 256]
  Spacing: [1, 1, 1]
  Origin: [93.4772, 83.7926, -132.68]
  Direction: 
-0.997185 -0.0749787 0
0.0749787 -0.997185 0
0 0 1

  IndexToPointMatrix: 
-0.997185 -0.0749787 0
0.0749787 -0.997185 0
0 0 1

  PointToIndexMatrix: 
-0.997189 0.0749789 0
-0.0749788 -0.997185 0
0 0 1

  Inverse Direction: 
-0.997189 0.0749789 0
-0.0749788 -0.997185 0
0 0 1

  PixelContainer: 
    ImportImageContainer (0x4f50d50)
      RTTI typeinfo:   itk::ImportImageContainer<unsigned long, double>
      Reference Count: 1
      Modified Time: 1573
      Debug: Off
      Object Name: 
      Observers: 
        none
      Pointer: 0x14b5cac76010
      Container manages memory: true
      Size: 10813440
      Capacity: 10813440

     Weighting = 1
     Sampling strategy = regular
     Number of bins = 32
     Radius = 4
     Sampling percentage  = 0.25
   Transform = Rigid
     Gradient step = 0.1
     Update field sigma (voxel space) = 0
     Total field sigma (voxel space) = 0
     Update field time sigma = 0
     Total field time sigma  = 0
     Number of time indices = 0
     Number of time point samples = 0
Registration using 1 total stages.

Stage 0
  iterations = 1000x500x250x100
  convergence threshold = 1e-06
  convergence window size = 10
  number of levels = 4
  using the Mattes MI metric (number of bins = 32, weight = 1, use gradient filter = 0)
  preprocessing:  winsorizing the image intensities
  Shrink factors (level 1 out of 4): [8, 8, 8]
  Shrink factors (level 2 out of 4): [4, 4, 4]
  Shrink factors (level 3 out of 4): [2, 2, 2]
  Shrink factors (level 4 out of 4): [1, 1, 1]
  smoothing sigmas per level: [3, 2, 1, 0]
  regular sampling (percentage = 0.25)

*** Running Euler3DTransform registration ***

DIAGNOSTIC,Iteration,metricValue,convergenceValue,ITERATION_TIME_INDEX,SINCE_LAST
 2DIAGNOSTIC,     1, -6.047911675447e-01, 1.797693134862e+308, 0.0000e+00, 0.0000e+00, 
 2DIAGNOSTIC,     2, -6.057101076254e-01, 1.797693134862e+308, 0.0000e+00, 0.0000e+00, 
 2DIAGNOSTIC,     3, -6.091353283225e-01, 1.797693134862e+308, 0.0000e+00, 0.0000e+00, 
 2DIAGNOSTIC,     4, -6.156047600106e-01, 1.797693134862e+308, 0.0000e+00, 0.0000e+00, 
 2DIAGNOSTIC,     5, -6.309834103148e-01, 1.797693134862e+308, 0.0000e+00, 0.0000e+00, 
 2DIAGNOSTIC,     6, -6.429814758579e-01, 1.797693134862e+308, 0.0000e+00, 0.0000e+00, 
 2DIAGNOSTIC,     7, -6.552273768966e-01, 1.797693134862e+308, 0.0000e+00, 0.0000e+00, 
 2DIAGNOSTIC,     8, -6.611902985041e-01, 1.797693134862e+308, 0.0000e+00, 0.0000e+00, 
 2DIAGNOSTIC,     9, -6.630384043530e-01, 1.797693134862e+308, 0.0000e+00, 0.0000e+00, 
 2DIAGNOSTIC,    10, -6.771968456583e-01, 8.017843756160e-03, 0.0000e+00, 0.0000e+00, 
 2DIAGNOSTIC,    11, -6.838124120533e-01, 7.541461648648e-03, 0.0000e+00, 0.0000e+00, 
 2DIAGNOSTIC,    12, -6.908025573386e-01, 6.760517613105e-03, 0.0000e+00, 0.0000e+00, 
 2DIAGNOSTIC,    13, -6.965736498995e-01, 5.811850301885e-03, 0.0000e+00, 0.0000e+00, 
 2DIAGNOSTIC,    14, -7.046927563683e-01, 4.927049297396e-03, 0.0000e+00, 0.0000e+00, 
 2DIAGNOSTIC,    15, -7.104914441716e-01, 4.318304122037e-03, 0.0000e+00, 0.0000e+00, 
 2DIAGNOSTIC,    16, -7.169590764282e-01, 3.880998646387e-03, 0.0000e+00, 0.0000e+00, 
 2DIAGNOSTIC,    17, -7.268930122081e-01, 3.697577052320e-03, 0.0000e+00, 0.0000e+00, 
 2DIAGNOSTIC,    18, -7.277009450247e-01, 3.355584863931e-03, 0.0000e+00, 0.0000e+00, 
 2DIAGNOSTIC,    19, -7.313509421702e-01, 2.860775050137e-03, 0.0000e+00, 0.0000e+00, 
 2DIAGNOSTIC,    20, -7.443279139086e-01, 2.722319380371e-03, 0.0000e+00, 0.0000e+00, 
 2DIAGNOSTIC,    21, -7.568415614815e-01, 2.715826665572e-03, 0.0000e+00, 0.0000e+00, 
 2DIAGNOSTIC,    22, -7.615360837672e-01, 2.672377301151e-03, 0.0000e+00, 0.0000e+00, 
 2DIAGNOSTIC,    23, -7.634462698825e-01, 2.524435760125e-03, 0.0000e+00, 0.0000e+00, 
 2DIAGNOSTIC,    24, -7.664484752138e-01, 2.348225996315e-03, 0.0000e+00, 0.0000e+00, 
 2DIAGNOSTIC,    25, -7.802316429412e-01, 2.282606761794e-03, 0.0000e+00, 0.0000e+00, 
 2DIAGNOSTIC,    26, -7.820249640034e-01, 2.125695834092e-03, 0.0000e+00, 0.0000e+00, 
 2DIAGNOSTIC,    27, -7.874545096721e-01, 2.017080876119e-03, 0.0000e+00, 0.0000e+00, 
 2DIAGNOSTIC,    28, -7.912664311828e-01, 1.798346258486e-03, 0.0000e+00, 0.0000e+00, 
 2DIAGNOSTIC,    29, -7.924877405531e-01, 1.491304118703e-03, 0.0000e+00, 0.0000e+00, 
 2DIAGNOSTIC,    30, -7.931439606496e-01, 1.243272288846e-03, 0.0000e+00, 0.0000e+00, 
 2DIAGNOSTIC,    31, -7.933359680319e-01, 1.058190249373e-03, 0.0000e+00, 0.0000e+00, 
 2DIAGNOSTIC,    32, -7.956102914049e-01, 8.741362586719e-04, 0.0000e+00, 0.0000e+00, 
 2DIAGNOSTIC,    33, -7.966155641917e-01, 6.545470881456e-04, 0.0000e+00, 0.0000e+00, 
 2DIAGNOSTIC,    34, -7.981845569271e-01, 4.367907000537e-04, 0.0000e+00, 0.0000e+00, 
 2DIAGNOSTIC,    35, -8.013635649724e-01, 3.830697796932e-04, 0.0000e+00, 0.0000e+00, 
 2DIAGNOSTIC,    36, -8.026135539538e-01, 3.278608469194e-04, 0.0000e+00, 0.0000e+00, 
 2DIAGNOSTIC,    37, -8.030416630443e-01, 3.058530262198e-04, 0.0000e+00, 0.0000e+00, 
 2DIAGNOSTIC,    38, -8.030646061225e-01, 2.955478322008e-04, 0.0000e+00, 0.0000e+00, 
 2DIAGNOSTIC,    39, -8.030764607638e-01, 2.701599795269e-04, 0.0000e+00, 0.0000e+00, 
 2DIAGNOSTIC,    40, -8.027467398447e-01, 2.235374606005e-04, 0.0000e+00, 0.0000e+00, 
 2DIAGNOSTIC,    41, -8.026545754733e-01, 1.586552665346e-04, 0.0000e+00, 0.0000e+00, 
 2DIAGNOSTIC,    42, -8.025448656710e-01, 1.022995691386e-04, 0.0000e+00, 0.0000e+00, 
 2DIAGNOSTIC,    43, -8.024263900825e-01, 4.715492280342e-05, 0.0000e+00, 0.0000e+00, 
 2DIAGNOSTIC,    44, -8.023175495303e-01, 2.496632213547e-06, 0.0000e+00, 0.0000e+00, 
DIAGNOSTIC,Iteration,metricValue,convergenceValue,ITERATION_TIME_INDEX,SINCE_LAST
 2DIAGNOSTIC,     1, -6.685199399172e-01, 1.797693134862e+308, 0.0000e+00, 0.0000e+00, 
 2DIAGNOSTIC,     2, -6.690758951146e-01, 1.797693134862e+308, 0.0000e+00, 0.0000e+00, 
 2DIAGNOSTIC,     3, -6.694305657238e-01, 1.797693134862e+308, 0.0000e+00, 0.0000e+00, 
 2DIAGNOSTIC,     4, -6.697375595057e-01, 1.797693134862e+308, 0.0000e+00, 0.0000e+00, 
 2DIAGNOSTIC,     5, -6.702824193132e-01, 1.797693134862e+308, 0.0000e+00, 0.0000e+00, 
 2DIAGNOSTIC,     6, -6.708217715822e-01, 1.797693134862e+308, 0.0000e+00, 0.0000e+00, 
 2DIAGNOSTIC,     7, -6.722012372687e-01, 1.797693134862e+308, 0.0000e+00, 0.0000e+00, 
 2DIAGNOSTIC,     8, -6.723203577741e-01, 1.797693134862e+308, 0.0000e+00, 0.0000e+00, 
 2DIAGNOSTIC,     9, -6.723284909276e-01, 1.797693134862e+308, 0.0000e+00, 0.0000e+00, 
 2DIAGNOSTIC,    10, -6.723102108900e-01, 4.226831092748e-04, 0.0000e+00, 0.0000e+00, 
 2DIAGNOSTIC,    11, -6.722767741672e-01, 3.385427336541e-04, 0.0000e+00, 0.0000e+00, 
 2DIAGNOSTIC,    12, -6.722667080982e-01, 2.568395774610e-04, 0.0000e+00, 0.0000e+00, 
 2DIAGNOSTIC,    13, -6.722552866525e-01, 1.759286805127e-04, 0.0000e+00, 0.0000e+00, 
 2DIAGNOSTIC,    14, -6.722464700318e-01, 1.002383552606e-04, 0.0000e+00, 0.0000e+00, 
 2DIAGNOSTIC,    15, -6.722524696849e-01, 4.135998056065e-05, 0.0000e+00, 0.0000e+00, 
DIAGNOSTIC,Iteration,metricValue,convergenceValue,ITERATION_TIME_INDEX,SINCE_LAST
 2DIAGNOSTIC,     1, -5.776310394942e-01, 1.797693134862e+308, 0.0000e+00, 0.0000e+00, 
 2DIAGNOSTIC,     2, -5.779462951622e-01, 1.797693134862e+308, 0.0000e+00, 0.0000e+00, 
 2DIAGNOSTIC,     3, -5.781904303897e-01, 1.797693134862e+308, 0.0000e+00, 0.0000e+00, 
 2DIAGNOSTIC,     4, -5.784782883090e-01, 1.797693134862e+308, 0.0000e+00, 0.0000e+00, 
 2DIAGNOSTIC,     5, -5.788390347604e-01, 1.797693134862e+308, 0.0000e+00, 0.0000e+00, 
 2DIAGNOSTIC,     6, -5.794535756630e-01, 1.797693134862e+308, 0.0000e+00, 0.0000e+00, 
 2DIAGNOSTIC,     7, -5.794729242609e-01, 1.797693134862e+308, 0.0000e+00, 0.0000e+00, 
 2DIAGNOSTIC,     8, -5.796148696738e-01, 1.797693134862e+308, 0.0000e+00, 0.0000e+00, 
 2DIAGNOSTIC,     9, -5.796671543581e-01, 1.797693134862e+308, 0.0000e+00, 0.0000e+00, 
 2DIAGNOSTIC,    10, -5.797066766144e-01, 2.557672187313e-04, 0.0000e+00, 0.0000e+00, 
 2DIAGNOSTIC,    11, -5.799106944608e-01, 2.032092635016e-04, 0.0000e+00, 0.0000e+00, 
 2DIAGNOSTIC,    12, -5.799796349903e-01, 1.569588444667e-04, 0.0000e+00, 0.0000e+00, 
 2DIAGNOSTIC,    13, -5.799898134699e-01, 1.136759991030e-04, 0.0000e+00, 0.0000e+00, 
 2DIAGNOSTIC,    14, -5.799976439922e-01, 7.683517582681e-05, 0.0000e+00, 0.0000e+00, 
 2DIAGNOSTIC,    15, -5.800157196608e-01, 4.998385932616e-05, 0.0000e+00, 0.0000e+00, 
 2DIAGNOSTIC,    16, -5.800544259572e-01, 4.206991216596e-05, 0.0000e+00, 0.0000e+00, 
 2DIAGNOSTIC,    17, -5.801023392397e-01, 3.317948426047e-05, 0.0000e+00, 0.0000e+00, 
 2DIAGNOSTIC,    18, -5.801614948782e-01, 2.789950827538e-05, 0.0000e+00, 0.0000e+00, 
 2DIAGNOSTIC,    19, -5.802703856429e-01, 2.495941668952e-05, 0.0000e+00, 0.0000e+00, 
 2DIAGNOSTIC,    20, -5.802672680394e-01, 2.087212208485e-05, 0.0000e+00, 0.0000e+00, 
 2DIAGNOSTIC,    21, -5.802674154473e-01, 2.014008389416e-05, 0.0000e+00, 0.0000e+00, 
 2DIAGNOSTIC,    22, -5.802669200358e-01, 1.927582092597e-05, 0.0000e+00, 0.0000e+00, 
 2DIAGNOSTIC,    23, -5.802666630267e-01, 1.700874443484e-05, 0.0000e+00, 0.0000e+00, 
 2DIAGNOSTIC,    24, -5.802666062264e-01, 1.359794213204e-05, 0.0000e+00, 0.0000e+00, 
 2DIAGNOSTIC,    25, -5.802666031489e-01, 9.663486719470e-06, 0.0000e+00, 0.0000e+00, 
 2DIAGNOSTIC,    26, -5.802666031489e-01, 5.993706145707e-06, 0.0000e+00, 0.0000e+00, 
 2DIAGNOSTIC,    27, -5.802665802294e-01, 3.008426154409e-06, 0.0000e+00, 0.0000e+00, 
 2DIAGNOSTIC,    28, -5.802665802294e-01, 1.044389238904e-06, 0.0000e+00, 0.0000e+00, 
 2DIAGNOSTIC,    29, -5.802665802294e-01, 1.066656313317e-06, 0.0000e+00, 0.0000e+00, 
 2DIAGNOSTIC,    30, -5.802665802294e-01, 1.038948156680e-06, 0.0000e+00, 0.0000e+00, 
 2DIAGNOSTIC,    31, -5.802665802294e-01, 1.017382527058e-06, 0.0000e+00, 0.0000e+00, 
DIAGNOSTIC,Iteration,metricValue,convergenceValue,ITERATION_TIME_INDEX,SINCE_LAST
 2DIAGNOSTIC,     1, -5.272849657627e-01, 1.797693134862e+308, 0.0000e+00, 0.0000e+00, 
 2DIAGNOSTIC,     2, -5.275592010523e-01, 1.797693134862e+308, 0.0000e+00, 0.0000e+00, 
 2DIAGNOSTIC,     3, -5.276201581475e-01, 1.797693134862e+308, 0.0000e+00, 0.0000e+00, 
 2DIAGNOSTIC,     4, -5.276903307071e-01, 1.797693134862e+308, 0.0000e+00, 0.0000e+00, 
 2DIAGNOSTIC,     5, -5.277581931811e-01, 1.797693134862e+308, 0.0000e+00, 0.0000e+00, 
 2DIAGNOSTIC,     6, -5.277566595752e-01, 1.797693134862e+308, 0.0000e+00, 0.0000e+00, 
 2DIAGNOSTIC,     7, -5.277575544783e-01, 1.797693134862e+308, 0.0000e+00, 0.0000e+00, 
 2DIAGNOSTIC,     8, -5.277575989605e-01, 1.797693134862e+308, 0.0000e+00, 0.0000e+00, 
 2DIAGNOSTIC,     9, -5.277573047300e-01, 1.797693134862e+308, 0.0000e+00, 0.0000e+00, 
 2DIAGNOSTIC,    10, -5.277572512835e-01, 4.480686870909e-05, 0.0000e+00, 0.0000e+00, 
 2DIAGNOSTIC,    11, -5.277571996597e-01, 2.074005645414e-05, 0.0000e+00, 0.0000e+00, 
 2DIAGNOSTIC,    12, -5.277574630132e-01, 1.141297505598e-05, 0.0000e+00, 0.0000e+00, 
 2DIAGNOSTIC,    13, -5.277574579862e-01, 5.203550933960e-06, 0.0000e+00, 0.0000e+00, 
 2DIAGNOSTIC,    14, -5.277572347058e-01, 2.246634009689e-06, 0.0000e+00, 0.0000e+00, 
 2DIAGNOSTIC,    15, -5.277572195389e-01, 2.124397026709e-06, 0.0000e+00, 0.0000e+00, 
 2DIAGNOSTIC,    16, -5.277570941096e-01, 1.959699535259e-06, 0.0000e+00, 0.0000e+00, 
 2DIAGNOSTIC,    17, -5.277570896838e-01, 1.844441706450e-06, 0.0000e+00, 0.0000e+00, 
 2DIAGNOSTIC,    18, -5.277570820196e-01, 1.745299120691e-06, 0.0000e+00, 0.0000e+00, 
 2DIAGNOSTIC,    19, -5.277570814865e-01, 1.650073129293e-06, 0.0000e+00, 0.0000e+00, 
 2DIAGNOSTIC,    20, -5.277570844179e-01, 1.565034016500e-06, 0.0000e+00, 0.0000e+00, 
 2DIAGNOSTIC,    21, -5.277570828131e-01, 1.488500619796e-06, 0.0000e+00, 0.0000e+00, 
 2DIAGNOSTIC,    22, -5.277570825815e-01, 1.427418912653e-06, 0.0000e+00, 0.0000e+00, 
 2DIAGNOSTIC,    23, -5.277570853423e-01, 1.373095486486e-06, 0.0000e+00, 0.0000e+00, 
 2DIAGNOSTIC,    24, -5.277569556598e-01, 1.315964771126e-06, 0.0000e+00, 0.0000e+00, 
 2DIAGNOSTIC,    25, -5.277569563765e-01, 1.263827666652e-06, 0.0000e+00, 0.0000e+00, 
 2DIAGNOSTIC,    26, -5.277569586334e-01, 1.213630052295e-06, 0.0000e+00, 0.0000e+00, 
 2DIAGNOSTIC,    27, -5.277569468211e-01, 1.167430503102e-06, 0.0000e+00, 0.0000e+00, 
 2DIAGNOSTIC,    28, -5.277570846378e-01, 1.127786818385e-06, 0.0000e+00, 0.0000e+00, 
 2DIAGNOSTIC,    29, -5.277570806027e-01, 1.091272705728e-06, 0.0000e+00, 0.0000e+00, 
 2DIAGNOSTIC,    30, -5.277570806027e-01, 1.057558969751e-06, 0.0000e+00, 0.0000e+00, 
 2DIAGNOSTIC,    31, -5.277570806027e-01, 1.026008658152e-06, 0.0000e+00, 0.0000e+00, 
  Elapsed time (stage 0): 0.0000e+00


Total elapsed time: 0.0000e+00
Info [verificarlo]: loaded backend libinterflop_vprec.so
Info [interflop-vprec]: load backend with: 
Info [interflop-vprec]: precision-binary32 = 19
Info [interflop-vprec]: range-binary32 = 7
Info [interflop-vprec]: precision-binary64 = 19
Info [interflop-vprec]: range-binary64 = 7
Info [interflop-vprec]: mode = ob
Info [interflop-vprec]: error-mode = rel
Info [interflop-vprec]: max-abs-error-exponent = -1022
Info [interflop-vprec]: daz = false
Info [interflop-vprec]: ftz = false
Info [interflop-vprec]: 	instrument = none
Info [interflop-vprec]: 	prec-input-file = (null)
Info [interflop-vprec]: 	prec-output-file = (null)
Info [interflop-vprec]: 	prec-log-file = (null)
All_Command_lines_OK
Using double precision for computations.
=============================================================================
The composite transform comprises the following transforms (in order): 
  1. /home/mdugre/scratch/mri-registration-rp/datasets/ds004513/derivatives/mri-registration-rp/0110/antsRegistration-r7-p19/sub-s007/rigid_Composite.h5[0] (type = Euler3DTransform)
  2. /home/mdugre/scratch/mri-registration-rp/datasets/ds004513/derivatives/mri-registration-rp/0110/antsRegistration-r7-p19/sub-s007/rigid_Composite.h5[1] (type = Euler3DTransform)
  3. /home/mdugre/scratch/mri-registration-rp/datasets/ds004513/derivatives/mri-registration-rp/0110/antsRegistration-r7-p19/sub-s007/rigid_Composite.h5[2] (type = Euler3DTransform)
=============================================================================
  number of levels = 4
  fixed image: /templateflow/tpl-MNI152NLin2009cAsym/tpl-MNI152NLin2009cAsym_res-01_desc-brain_T1w.nii.gz
  moving image: /home/mdugre/scratch/mri-registration-rp/datasets/ds004513/derivatives/mri-registration-rp/antsBrainExtraction/sub-s007/BrainExtractionBrain.nii.gz
Dimension = 3
Number of stages = 1
Use histogram matching = false
Winsorize image intensities = true
  Lower quantile = 0.005
  Upper quantile = 0.995


Stage 1 State
   Image metric = MattesMI
     Fixed image = Image (0x3708490)
  RTTI typeinfo:   itk::Image<double, 3u>
  Reference Count: 2
  Modified Time: 1592
  Debug: Off
  Object Name: 
  Observers: 
    none
  Source: (none)
  Source output name: (none)
  Release Data: Off
  Data Released: False
  Global Release Data: Off
  PipelineMTime: 0
  UpdateMTime: 1203
  RealTimeStamp: 0 seconds 
  LargestPossibleRegion: 
    Dimension: 3
    Index: [0, 0, 0]
    Size: [193, 229, 193]
  BufferedRegion: 
    Dimension: 3
    Index: [0, 0, 0]
    Size: [193, 229, 193]
  RequestedRegion: 
    Dimension: 3
    Index: [0, 0, 0]
    Size: [193, 229, 193]
  Spacing: [1, 1, 1]
  Origin: [96, 132, -78]
  Direction: 
-1 0 0
0 -1 0
0 0 1

  IndexToPointMatrix: 
-1 0 0
0 -1 0
0 0 1

  PointToIndexMatrix: 
-1 0 0
0 -1 0
0 0 1

  Inverse Direction: 
-1 0 0
0 -1 0
0 0 1

  PixelContainer: 
    ImportImageContainer (0x37d3620)
      RTTI typeinfo:   itk::ImportImageContainer<unsigned long, double>
      Reference Count: 1
      Modified Time: 1200
      Debug: Off
      Object Name: 
      Observers: 
        none
      Pointer: 0x145cde8c7010
      Container manages memory: true
      Size: 8530021
      Capacity: 8530021

     Moving image = Image (0x37d68e0)
  RTTI typeinfo:   itk::Image<double, 3u>
  Reference Count: 2
  Modified Time: 1593
  Debug: Off
  Object Name: 
  Observers: 
    none
  Source: (none)
  Source output name: (none)
  Release Data: Off
  Data Released: False
  Global Release Data: Off
  PipelineMTime: 0
  UpdateMTime: 1590
  RealTimeStamp: 0 seconds 
  LargestPossibleRegion: 
    Dimension: 3
    Index: [0, 0, 0]
    Size: [176, 240, 256]
  BufferedRegion: 
    Dimension: 3
    Index: [0, 0, 0]
    Size: [176, 240, 256]
  RequestedRegion: 
    Dimension: 3
    Index: [0, 0, 0]
    Size: [176, 240, 256]
  Spacing: [1, 1, 1]
  Origin: [93.4772, 83.7926, -132.68]
  Direction: 
-0.997185 -0.0749787 0
0.0749787 -0.997185 0
0 0 1

  IndexToPointMatrix: 
-0.997185 -0.0749787 0
0.0749787 -0.997185 0
0 0 1

  PointToIndexMatrix: 
-0.997189 0.0749789 0
-0.0749788 -0.997185 0
0 0 1

  Inverse Direction: 
-0.997189 0.0749789 0
-0.0749788 -0.997185 0
0 0 1

  PixelContainer: 
    ImportImageContainer (0x389f350)
      RTTI typeinfo:   itk::ImportImageContainer<unsigned long, double>
      Reference Count: 1
      Modified Time: 1587
      Debug: Off
      Object Name: 
      Observers: 
        none
      Pointer: 0x145cd9646010
      Container manages memory: true
      Size: 10813440
      Capacity: 10813440

     Weighting = 1
     Sampling strategy = regular
     Number of bins = 32
     Radius = 4
     Sampling percentage  = 0.25
   Transform = Affine
     Gradient step = 0.1
     Update field sigma (voxel space) = 0
     Total field sigma (voxel space) = 0
     Update field time sigma = 0
     Total field time sigma  = 0
     Number of time indices = 0
     Number of time point samples = 0
Registration using 1 total stages.

Stage 0
  iterations = 1000x500x250x100
  convergence threshold = 1e-06
  convergence window size = 10
  number of levels = 4
  using the Mattes MI metric (number of bins = 32, weight = 1, use gradient filter = 0)
  preprocessing:  winsorizing the image intensities
  Shrink factors (level 1 out of 4): [8, 8, 8]
  Shrink factors (level 2 out of 4): [4, 4, 4]
  Shrink factors (level 3 out of 4): [2, 2, 2]
  Shrink factors (level 4 out of 4): [1, 1, 1]
  smoothing sigmas per level: [3, 2, 1, 0]
  regular sampling (percentage = 0.25)

*** Running AffineTransform registration ***

DIAGNOSTIC,Iteration,metricValue,convergenceValue,ITERATION_TIME_INDEX,SINCE_LAST
 2DIAGNOSTIC,     1, -8.053076226917e-01, 1.797693134862e+308, 0.0000e+00, 0.0000e+00, 
 2DIAGNOSTIC,     2, -8.072155522018e-01, 1.797693134862e+308, 0.0000e+00, 0.0000e+00, 
 2DIAGNOSTIC,     3, -8.103639502857e-01, 1.797693134862e+308, 0.0000e+00, 0.0000e+00, 
 2DIAGNOSTIC,     4, -8.159699582181e-01, 1.797693134862e+308, 0.0000e+00, 0.0000e+00, 
 2DIAGNOSTIC,     5, -8.244833389238e-01, 1.797693134862e+308, 0.0000e+00, 0.0000e+00, 
 2DIAGNOSTIC,     6, -8.400737954010e-01, 1.797693134862e+308, 0.0000e+00, 0.0000e+00, 
 2DIAGNOSTIC,     7, -8.908697756542e-01, 1.797693134862e+308, 0.0000e+00, 0.0000e+00, 
 2DIAGNOSTIC,     8, -9.089818442764e-01, 1.797693134862e+308, 0.0000e+00, 0.0000e+00, 
 2DIAGNOSTIC,     9, -9.180672240385e-01, 1.797693134862e+308, 0.0000e+00, 0.0000e+00, 
 2DIAGNOSTIC,    10, -9.190640578279e-01, 1.056503882468e-02, 0.0000e+00, 0.0000e+00, 
 2DIAGNOSTIC,    11, -9.199389186204e-01, 9.833066867106e-03, 0.0000e+00, 0.0000e+00, 
 2DIAGNOSTIC,    12, -9.203059738065e-01, 8.396469504945e-03, 0.0000e+00, 0.0000e+00, 
 2DIAGNOSTIC,    13, -9.206392832492e-01, 6.519053023501e-03, 0.0000e+00, 0.0000e+00, 
 2DIAGNOSTIC,    14, -9.205578519596e-01, 4.476519316634e-03, 0.0000e+00, 0.0000e+00, 
 2DIAGNOSTIC,    15, -9.207896209980e-01, 2.511270659914e-03, 0.0000e+00, 0.0000e+00, 
 2DIAGNOSTIC,    16, -9.209337522908e-01, 8.695089757990e-04, 0.0000e+00, 0.0000e+00, 
 2DIAGNOSTIC,    17, -9.209688714147e-01, 3.063070621718e-04, 0.0000e+00, 0.0000e+00, 
 2DIAGNOSTIC,    18, -9.208244753359e-01, 9.711426847567e-05, 0.0000e+00, 0.0000e+00, 
 2DIAGNOSTIC,    19, -9.206791047511e-01, 5.291457115390e-05, 0.0000e+00, 0.0000e+00, 
 2DIAGNOSTIC,    20, -9.205345428584e-01, 2.194151992830e-05, 0.0000e+00, 0.0000e+00, 
 2DIAGNOSTIC,    21, -9.205524928382e-01, 5.557979453015e-06, 0.0000e+00, 0.0000e+00, 
DIAGNOSTIC,Iteration,metricValue,convergenceValue,ITERATION_TIME_INDEX,SINCE_LAST
 2DIAGNOSTIC,     1, -7.504257398825e-01, 1.797693134862e+308, 0.0000e+00, 0.0000e+00, 
 2DIAGNOSTIC,     2, -7.512354123005e-01, 1.797693134862e+308, 0.0000e+00, 0.0000e+00, 
 2DIAGNOSTIC,     3, -7.519840867222e-01, 1.797693134862e+308, 0.0000e+00, 0.0000e+00, 
 2DIAGNOSTIC,     4, -7.526686741598e-01, 1.797693134862e+308, 0.0000e+00, 0.0000e+00, 
 2DIAGNOSTIC,     5, -7.527115429069e-01, 1.797693134862e+308, 0.0000e+00, 0.0000e+00, 
 2DIAGNOSTIC,     6, -7.526854102433e-01, 1.797693134862e+308, 0.0000e+00, 0.0000e+00, 
 2DIAGNOSTIC,     7, -7.526788013091e-01, 1.797693134862e+308, 0.0000e+00, 0.0000e+00, 
 2DIAGNOSTIC,     8, -7.528155726575e-01, 1.797693134862e+308, 0.0000e+00, 0.0000e+00, 
 2DIAGNOSTIC,     9, -7.529552648451e-01, 1.797693134862e+308, 0.0000e+00, 0.0000e+00, 
 2DIAGNOSTIC,    10, -7.528140684286e-01, 1.722357436931e-04, 0.0000e+00, 0.0000e+00, 
 2DIAGNOSTIC,    11, -7.528165984049e-01, 9.062798791311e-05, 0.0000e+00, 0.0000e+00, 
 2DIAGNOSTIC,    12, -7.528199988517e-01, 3.996927982779e-05, 0.0000e+00, 0.0000e+00, 
 2DIAGNOSTIC,    13, -7.528081246687e-01, 1.442888786105e-05, 0.0000e+00, 0.0000e+00, 
 2DIAGNOSTIC,    14, -7.527828679054e-01, 9.142506677454e-06, 0.0000e+00, 0.0000e+00, 
 2DIAGNOSTIC,    15, -7.527900501371e-01, 5.329434352538e-06, 0.0000e+00, 0.0000e+00, 
DIAGNOSTIC,Iteration,metricValue,convergenceValue,ITERATION_TIME_INDEX,SINCE_LAST
 2DIAGNOSTIC,     1, -6.415788346581e-01, 1.797693134862e+308, 0.0000e+00, 0.0000e+00, 
 2DIAGNOSTIC,     2, -6.420211367066e-01, 1.797693134862e+308, 0.0000e+00, 0.0000e+00, 
 2DIAGNOSTIC,     3, -6.426356167905e-01, 1.797693134862e+308, 0.0000e+00, 0.0000e+00, 
 2DIAGNOSTIC,     4, -6.433000986524e-01, 1.797693134862e+308, 0.0000e+00, 0.0000e+00, 
 2DIAGNOSTIC,     5, -6.444789310071e-01, 1.797693134862e+308, 0.0000e+00, 0.0000e+00, 
 2DIAGNOSTIC,     6, -6.444850676320e-01, 1.797693134862e+308, 0.0000e+00, 0.0000e+00, 
 2DIAGNOSTIC,     7, -6.444916070825e-01, 1.797693134862e+308, 0.0000e+00, 0.0000e+00, 
 2DIAGNOSTIC,     8, -6.444925501440e-01, 1.797693134862e+308, 0.0000e+00, 0.0000e+00, 
 2DIAGNOSTIC,     9, -6.445219140286e-01, 1.797693134862e+308, 0.0000e+00, 0.0000e+00, 
 2DIAGNOSTIC,    10, -6.445328179247e-01, 3.122501425852e-04, 0.0000e+00, 0.0000e+00, 
 2DIAGNOSTIC,    11, -6.445430302603e-01, 2.053622090399e-04, 0.0000e+00, 0.0000e+00, 
 2DIAGNOSTIC,    12, -6.445378649883e-01, 1.145986402246e-04, 0.0000e+00, 0.0000e+00, 
 2DIAGNOSTIC,    13, -6.445388589440e-01, 4.845368779914e-05, 0.0000e+00, 0.0000e+00, 
 2DIAGNOSTIC,    14, -6.445342561782e-01, 7.318023271238e-06, 0.0000e+00, 0.0000e+00, 
 2DIAGNOSTIC,    15, -6.445360457181e-01, 5.938993233839e-06, 0.0000e+00, 0.0000e+00, 
 2DIAGNOSTIC,    16, -6.445355754316e-01, 4.538856872655e-06, 0.0000e+00, 0.0000e+00, 
 2DIAGNOSTIC,    17, -6.445406785675e-01, 3.383915397087e-06, 0.0000e+00, 0.0000e+00, 
 2DIAGNOSTIC,    18, -6.445373267792e-01, 2.142460291253e-06, 0.0000e+00, 0.0000e+00, 
 2DIAGNOSTIC,    19, -6.445384956658e-01, 1.704507921294e-06, 0.0000e+00, 0.0000e+00, 
 2DIAGNOSTIC,    20, -6.445374508727e-01, 1.517287789549e-06, 0.0000e+00, 0.0000e+00, 
 2DIAGNOSTIC,    21, -6.445322007080e-01, 1.459907399047e-06, 0.0000e+00, 0.0000e+00, 
 2DIAGNOSTIC,    22, -6.445323426996e-01, 1.312460134233e-06, 0.0000e+00, 0.0000e+00, 
 2DIAGNOSTIC,    23, -6.445324621747e-01, 1.213240510091e-06, 0.0000e+00, 0.0000e+00, 
 2DIAGNOSTIC,    24, -6.445296593947e-01, 1.000640785481e-06, 0.0000e+00, 0.0000e+00, 
DIAGNOSTIC,Iteration,metricValue,convergenceValue,ITERATION_TIME_INDEX,SINCE_LAST
 2DIAGNOSTIC,     1, -5.762129947716e-01, 1.797693134862e+308, 0.0000e+00, 0.0000e+00, 
 2DIAGNOSTIC,     2, -5.765530936608e-01, 1.797693134862e+308, 0.0000e+00, 0.0000e+00, 
 2DIAGNOSTIC,     3, -5.769211686459e-01, 1.797693134862e+308, 0.0000e+00, 0.0000e+00, 
 2DIAGNOSTIC,     4, -5.774500237087e-01, 1.797693134862e+308, 0.0000e+00, 0.0000e+00, 
 2DIAGNOSTIC,     5, -5.784878373680e-01, 1.797693134862e+308, 0.0000e+00, 0.0000e+00, 
 2DIAGNOSTIC,     6, -5.787132043280e-01, 1.797693134862e+308, 0.0000e+00, 0.0000e+00, 
 2DIAGNOSTIC,     7, -5.787126938022e-01, 1.797693134862e+308, 0.0000e+00, 0.0000e+00, 
 2DIAGNOSTIC,     8, -5.787129331319e-01, 1.797693134862e+308, 0.0000e+00, 0.0000e+00, 
 2DIAGNOSTIC,     9, -5.787129427226e-01, 1.797693134862e+308, 0.0000e+00, 0.0000e+00, 
 2DIAGNOSTIC,    10, -5.787129490198e-01, 3.115963729214e-04, 0.0000e+00, 0.0000e+00, 
 2DIAGNOSTIC,    11, -5.787129427555e-01, 2.137421898637e-04, 0.0000e+00, 0.0000e+00, 
 2DIAGNOSTIC,    12, -5.787127968177e-01, 1.277283221366e-04, 0.0000e+00, 0.0000e+00, 
 2DIAGNOSTIC,    13, -5.787127954275e-01, 5.762695486691e-05, 0.0000e+00, 0.0000e+00, 
 2DIAGNOSTIC,    14, -5.787127953720e-01, 1.015787657047e-05, 0.0000e+00, 0.0000e+00, 
 2DIAGNOSTIC,    15, -5.787127955570e-01, 2.101309317756e-06, 0.0000e+00, 0.0000e+00, 
 2DIAGNOSTIC,    16, -5.787127953840e-01, 1.978098048264e-06, 0.0000e+00, 0.0000e+00, 
 2DIAGNOSTIC,    17, -5.787127955714e-01, 1.855135189251e-06, 0.0000e+00, 0.0000e+00, 
 2DIAGNOSTIC,    18, -5.787127956852e-01, 1.753573775229e-06, 0.0000e+00, 0.0000e+00, 
 2DIAGNOSTIC,    19, -5.787127951450e-01, 1.663851244074e-06, 0.0000e+00, 0.0000e+00, 
 2DIAGNOSTIC,    20, -5.787127948627e-01, 1.583896674158e-06, 0.0000e+00, 0.0000e+00, 
 2DIAGNOSTIC,    21, -5.787127954285e-01, 1.511867410181e-06, 0.0000e+00, 0.0000e+00, 
 2DIAGNOSTIC,    22, -5.787127956121e-01, 1.443139137108e-06, 0.0000e+00, 0.0000e+00, 
 2DIAGNOSTIC,    23, -5.787127954570e-01, 1.380358454615e-06, 0.0000e+00, 0.0000e+00, 
 2DIAGNOSTIC,    24, -5.787127951384e-01, 1.322805775403e-06, 0.0000e+00, 0.0000e+00, 
 2DIAGNOSTIC,    25, -5.787127949987e-01, 1.269862148282e-06, 0.0000e+00, 0.0000e+00, 
 2DIAGNOSTIC,    26, -5.787127949860e-01, 1.220990419146e-06, 0.0000e+00, 0.0000e+00, 
 2DIAGNOSTIC,    27, -5.787127960260e-01, 1.175764099130e-06, 0.0000e+00, 0.0000e+00, 
 2DIAGNOSTIC,    28, -5.787127964984e-01, 1.133779730780e-06, 0.0000e+00, 0.0000e+00, 
 2DIAGNOSTIC,    29, -5.787127964692e-01, 1.094680100580e-06, 0.0000e+00, 0.0000e+00, 
 2DIAGNOSTIC,    30, -5.787127963351e-01, 1.058177511261e-06, 0.0000e+00, 0.0000e+00, 
 2DIAGNOSTIC,    31, -5.787127982551e-01, 1.024065959705e-06, 0.0000e+00, 0.0000e+00, 
  Elapsed time (stage 0): 0.0000e+00


Total elapsed time: 0.0000e+00
Info [verificarlo]: loaded backend libinterflop_ieee.so
Info [interflop-ieee]: load backend with:
Info [interflop-ieee]: debug = false
Info [interflop-ieee]: debug-binary = false
Info [interflop-ieee]: no-backend-name = false
Info [interflop-ieee]: print-new-line = false
Info [interflop-ieee]: print-subnormal-normalized = false
Info [interflop-ieee]: count-op = false
All_Command_lines_OK
Using double precision for computations.
=============================================================================
The composite transform comprises the following transforms (in order): 
  1. /home/mdugre/scratch/mri-registration-rp/datasets/ds004513/derivatives/mri-registration-rp/0110/antsRegistration-r7-p19/sub-s007/affine_Composite.h5[0] (type = Euler3DTransform)
  2. /home/mdugre/scratch/mri-registration-rp/datasets/ds004513/derivatives/mri-registration-rp/0110/antsRegistration-r7-p19/sub-s007/affine_Composite.h5[1] (type = Euler3DTransform)
  3. /home/mdugre/scratch/mri-registration-rp/datasets/ds004513/derivatives/mri-registration-rp/0110/antsRegistration-r7-p19/sub-s007/affine_Composite.h5[2] (type = Euler3DTransform)
  4. /home/mdugre/scratch/mri-registration-rp/datasets/ds004513/derivatives/mri-registration-rp/0110/antsRegistration-r7-p19/sub-s007/affine_Composite.h5[3] (type = AffineTransform)
=============================================================================
  number of levels = 4
  fixed image: /templateflow/tpl-MNI152NLin2009cAsym/tpl-MNI152NLin2009cAsym_res-01_desc-brain_T1w.nii.gz
  moving image: /home/mdugre/scratch/mri-registration-rp/datasets/ds004513/derivatives/mri-registration-rp/antsBrainExtraction/sub-s007/BrainExtractionBrain.nii.gz
Dimension = 3
Number of stages = 1
Use histogram matching = false
Winsorize image intensities = true
  Lower quantile = 0.005
  Upper quantile = 0.995


Stage 1 State
   Image metric = CC
     Fixed image = Image (0x48b4a40)
  RTTI typeinfo:   itk::Image<double, 3u>
  Reference Count: 2
  Modified Time: 1608
  Debug: Off
  Object Name: 
  Observers: 
    none
  Source: (none)
  Source output name: (none)
  Release Data: Off
  Data Released: False
  Global Release Data: Off
  PipelineMTime: 0
  UpdateMTime: 1217
  RealTimeStamp: 0 seconds 
  LargestPossibleRegion: 
    Dimension: 3
    Index: [0, 0, 0]
    Size: [193, 229, 193]
  BufferedRegion: 
    Dimension: 3
    Index: [0, 0, 0]
    Size: [193, 229, 193]
  RequestedRegion: 
    Dimension: 3
    Index: [0, 0, 0]
    Size: [193, 229, 193]
  Spacing: [1, 1, 1]
  Origin: [96, 132, -78]
  Direction: 
-1 0 0
0 -1 0
0 0 1

  IndexToPointMatrix: 
-1 0 0
0 -1 0
0 0 1

  PointToIndexMatrix: 
-1 0 0
0 -1 0
0 0 1

  Inverse Direction: 
-1 0 0
0 -1 0
0 0 1

  PixelContainer: 
    ImportImageContainer (0x48c0a50)
      RTTI typeinfo:   itk::ImportImageContainer<unsigned long, double>
      Reference Count: 1
      Modified Time: 1214
      Debug: Off
      Object Name: 
      Observers: 
        none
      Pointer: 0x14e2456e0010
      Container manages memory: true
      Size: 8530021
      Capacity: 8530021

     Moving image = Image (0x49703b0)
  RTTI typeinfo:   itk::Image<double, 3u>
  Reference Count: 2
  Modified Time: 1609
  Debug: Off
  Object Name: 
  Observers: 
    none
  Source: (none)
  Source output name: (none)
  Release Data: Off
  Data Released: False
  Global Release Data: Off
  PipelineMTime: 0
  UpdateMTime: 1606
  RealTimeStamp: 0 seconds 
  LargestPossibleRegion: 
    Dimension: 3
    Index: [0, 0, 0]
    Size: [176, 240, 256]
  BufferedRegion: 
    Dimension: 3
    Index: [0, 0, 0]
    Size: [176, 240, 256]
  RequestedRegion: 
    Dimension: 3
    Index: [0, 0, 0]
    Size: [176, 240, 256]
  Spacing: [1, 1, 1]
  Origin: [93.4772, 83.7926, -132.68]
  Direction: 
-0.997185 -0.0749788 0
0.0749788 -0.997185 0
0 0 1

  IndexToPointMatrix: 
-0.997185 -0.0749788 0
0.0749787 -0.997185 0
0 0 1

  PointToIndexMatrix: 
-0.997185 0.0749788 0
-0.0749788 -0.997185 0
0 0 1

  Inverse Direction: 
-0.997185 0.0749788 0
-0.0749788 -0.997185 0
0 0 1

  PixelContainer: 
    ImportImageContainer (0x49909d0)
      RTTI typeinfo:   itk::ImportImageContainer<unsigned long, double>
      Reference Count: 1
      Modified Time: 1603
      Debug: Off
      Object Name: 
      Observers: 
        none
      Pointer: 0x14e24045f010
      Container manages memory: true
      Size: 10813440
      Capacity: 10813440

     Weighting = 1
     Sampling strategy = none
     Number of bins = 32
     Radius = 4
     Sampling percentage  = 1
   Transform = SyN
     Gradient step = 0.1
     Update field sigma (voxel space) = 3
     Total field sigma (voxel space) = 0
     Update field time sigma = 0
     Total field time sigma  = 0
     Number of time indices = 0
     Number of time point samples = 0
Registration using 1 total stages.

Stage 0
  iterations = 100x70x50x20
  convergence threshold = 1e-06
  convergence window size = 10
  number of levels = 4
  using the CC metric (radius = 4, weight = 1, use gradient filter = 0)
  preprocessing:  winsorizing the image intensities
  Shrink factors (level 1 out of 4): [8, 8, 8]
  Shrink factors (level 2 out of 4): [4, 4, 4]
  Shrink factors (level 3 out of 4): [2, 2, 2]
  Shrink factors (level 4 out of 4): [1, 1, 1]
  smoothing sigmas per level: [3, 2, 1, 0]
  Using default NONE metricSamplingStrategy 

*** Running SyN registration (varianceForUpdateField = 3, varianceForTotalField = 0) ***

XXDIAGNOSTIC,Iteration,metricValue,convergenceValue,ITERATION_TIME_INDEX,SINCE_LAST
 1DIAGNOSTIC,     1, -9.292781960113e-01, 1.797693134862e+308, 9.8791e-01, 9.8791e-01, 
 1DIAGNOSTIC,     2, -9.400172717699e-01, 1.797693134862e+308, 1.3301e+00, 3.4216e-01, 
 1DIAGNOSTIC,     3, -9.473835311826e-01, 1.797693134862e+308, 1.6595e+00, 3.2944e-01, 
 1DIAGNOSTIC,     4, -9.509480250258e-01, 1.797693134862e+308, 1.9879e+00, 3.2835e-01, 
 1DIAGNOSTIC,     5, -9.530884879765e-01, 1.797693134862e+308, 2.3221e+00, 3.3425e-01, 
 1DIAGNOSTIC,     6, -9.547275973384e-01, 1.797693134862e+308, 2.6667e+00, 3.4459e-01, 
 1DIAGNOSTIC,     7, -9.565883169831e-01, 1.797693134862e+308, 2.9909e+00, 3.2421e-01, 
 1DIAGNOSTIC,     8, -9.587575328421e-01, 1.797693134862e+308, 3.3179e+00, 3.2697e-01, 
 1DIAGNOSTIC,     9, -9.611782840953e-01, 1.797693134862e+308, 3.6595e+00, 3.4162e-01, 
 1DIAGNOSTIC,    10, -9.637882464887e-01, 1.911283865348e-03, 4.0365e+00, 3.7695e-01, 
 1DIAGNOSTIC,    11, -9.664308200913e-01, 1.382479302731e-03, 4.3806e+00, 3.4413e-01, 
 1DIAGNOSTIC,    12, -9.672105491738e-01, 1.100717005754e-03, 4.7164e+00, 3.3585e-01, 
 1DIAGNOSTIC,    13, -9.673962442988e-01, 9.355080933904e-04, 5.0767e+00, 3.6023e-01, 
 1DIAGNOSTIC,    14, -9.678985414298e-01, 7.953533019634e-04, 5.4025e+00, 3.2582e-01, 
 1DIAGNOSTIC,    15, -9.681066252077e-01, 6.472332614692e-04, 5.7407e+00, 3.3824e-01, 
 1DIAGNOSTIC,    16, -9.683243291521e-01, 4.923799954446e-04, 6.0844e+00, 3.4369e-01, 
 1DIAGNOSTIC,    17, -9.685285182029e-01, 3.466753778559e-04, 6.4201e+00, 3.3570e-01, 
 1DIAGNOSTIC,    18, -9.686851128496e-01, 2.237483849845e-04, 6.7534e+00, 3.3327e-01, 
 1DIAGNOSTIC,    19, -9.688583818527e-01, 1.331732213617e-04, 7.1179e+00, 3.6454e-01, 
 1DIAGNOSTIC,    20, -9.689827664717e-01, 7.898608841369e-05, 7.4497e+00, 3.3176e-01, 
 1DIAGNOSTIC,    21, -9.691717515773e-01, 6.248244507421e-05, 7.7821e+00, 3.3247e-01, 
 1DIAGNOSTIC,    22, -9.692680922075e-01, 5.356010085211e-05, 8.1184e+00, 3.3626e-01, 
 1DIAGNOSTIC,    23, -9.694377349849e-01, 4.497626355717e-05, 8.4525e+00, 3.3404e-01, 
 1DIAGNOSTIC,    24, -9.695070539057e-01, 4.001401449115e-05, 8.7926e+00, 3.4016e-01, 
 1DIAGNOSTIC,    25, -9.696710000176e-01, 3.618250573458e-05, 9.1173e+00, 3.2472e-01, 
 1DIAGNOSTIC,    26, -9.697202147232e-01, 3.232847211867e-05, 9.4497e+00, 3.3238e-01, 
 1DIAGNOSTIC,    27, -9.698636425854e-01, 2.961814152819e-05, 9.7831e+00, 3.3340e-01, 
 1DIAGNOSTIC,    28, -9.698513633629e-01, 2.589410930139e-05, 1.0116e+01, 3.3320e-01, 
 1DIAGNOSTIC,    29, -9.699726261629e-01, 2.309724938134e-05, 1.0457e+01, 3.4088e-01, 
 1DIAGNOSTIC,    30, -9.700093148309e-01, 1.993478947142e-05, 1.0791e+01, 3.3398e-01, 
 1DIAGNOSTIC,    31, -9.701224525548e-01, 1.805454758830e-05, 1.1119e+01, 3.2757e-01, 
 1DIAGNOSTIC,    32, -9.701435438640e-01, 1.571891202745e-05, 1.1445e+01, 3.2658e-01, 
 1DIAGNOSTIC,    33, -9.702548569527e-01, 1.465287595329e-05, 1.1773e+01, 3.2747e-01, 
 1DIAGNOSTIC,    34, -9.703055633651e-01, 1.334875743622e-05, 1.2100e+01, 3.2767e-01, 
 1DIAGNOSTIC,    35, -9.704089792801e-01, 1.318306629172e-05, 1.2429e+01, 3.2834e-01, 
 1DIAGNOSTIC,    36, -9.704157127244e-01, 1.227774531681e-05, 1.2768e+01, 3.3948e-01, 
 1DIAGNOSTIC,    37, -9.705121084827e-01, 1.227261087325e-05, 1.3103e+01, 3.3460e-01, 
 1DIAGNOSTIC,    38, -9.705129641426e-01, 1.105933122387e-05, 1.3428e+01, 3.2481e-01, 
 1DIAGNOSTIC,    39, -9.706035252013e-01, 1.053680945968e-05, 1.3760e+01, 3.3276e-01, 
 1DIAGNOSTIC,    40, -9.705993269917e-01, 9.322807319797e-06, 1.4093e+01, 3.3269e-01, 
 1DIAGNOSTIC,    41, -9.706854112893e-01, 8.799926769019e-06, 1.4426e+01, 3.3325e-01, 
 1DIAGNOSTIC,    42, -9.706515803647e-01, 7.421999161553e-06, 1.4772e+01, 3.4564e-01, 
 1DIAGNOSTIC,    43, -9.707332524881e-01, 6.801276911307e-06, 1.5110e+01, 3.3753e-01, 
 1DIAGNOSTIC,    44, -9.707183865426e-01, 5.841877603222e-06, 1.5444e+01, 3.3425e-01, 
 1DIAGNOSTIC,    45, -9.707974016766e-01, 5.637618225019e-06, 1.5774e+01, 3.3051e-01, 
 1DIAGNOSTIC,    46, -9.707792695922e-01, 4.874338307058e-06, 1.6111e+01, 3.3639e-01, 
 1DIAGNOSTIC,    47, -9.708562376031e-01, 4.842675492098e-06, 1.6447e+01, 3.3580e-01, 
 1DIAGNOSTIC,    48, -9.708327532596e-01, 4.253133095416e-06, 1.6777e+01, 3.3090e-01, 
 1DIAGNOSTIC,    49, -9.709008719455e-01, 4.306201617996e-06, 1.7106e+01, 3.2870e-01, 
 1DIAGNOSTIC,    50, -9.708805470741e-01, 3.840705261597e-06, 1.7461e+01, 3.5501e-01, 
 1DIAGNOSTIC,    51, -9.709475086829e-01, 3.983430807333e-06, 1.7796e+01, 3.3454e-01, 
 1DIAGNOSTIC,    52, -9.709226361162e-01, 3.447248301949e-06, 1.8122e+01, 3.2646e-01, 
 1DIAGNOSTIC,    53, -9.709881355990e-01, 3.487993952563e-06, 1.8462e+01, 3.4018e-01, 
 1DIAGNOSTIC,    54, -9.709508404999e-01, 2.948288027133e-06, 1.8792e+01, 3.2994e-01, 
 1DIAGNOSTIC,    55, -9.710228897534e-01, 3.022200778750e-06, 1.9121e+01, 3.2876e-01, 
 1DIAGNOSTIC,    56, -9.709812851048e-01, 2.525475132045e-06, 1.9489e+01, 3.6795e-01, 
 1DIAGNOSTIC,    57, -9.710529726166e-01, 2.638221162133e-06, 1.9824e+01, 3.3487e-01, 
 1DIAGNOSTIC,    58, -9.710060581907e-01, 2.173541861206e-06, 2.0200e+01, 3.7626e-01, 
 1DIAGNOSTIC,    59, -9.710754443664e-01, 2.266810267999e-06, 2.0529e+01, 3.2901e-01, 
 1DIAGNOSTIC,    60, -9.710261063270e-01, 1.832849456616e-06, 2.0859e+01, 3.2966e-01, 
 1DIAGNOSTIC,    61, -9.710949529983e-01, 1.954646519142e-06, 2.1199e+01, 3.4013e-01, 
 1DIAGNOSTIC,    62, -9.710434590231e-01, 1.556402969803e-06, 2.1533e+01, 3.3379e-01, 
 1DIAGNOSTIC,    63, -9.711118599921e-01, 1.709300207754e-06, 2.1860e+01, 3.2772e-01, 
 1DIAGNOSTIC,    64, -9.710593208850e-01, 1.312367261332e-06, 2.2188e+01, 3.2736e-01, 
 1DIAGNOSTIC,    65, -9.711268846335e-01, 1.494465706544e-06, 2.2513e+01, 3.2492e-01, 
 1DIAGNOSTIC,    66, -9.710738902589e-01, 1.136698619730e-06, 2.2839e+01, 3.2672e-01, 
 1DIAGNOSTIC,    67, -9.711406271791e-01, 1.347792090361e-06, 2.3176e+01, 3.3647e-01, 
 1DIAGNOSTIC,    68, -9.710849207495e-01, 1.009490797715e-06, 2.3506e+01, 3.3005e-01, 
 1DIAGNOSTIC,    69, -9.711497565807e-01, 1.214538838248e-06, 2.3880e+01, 3.7433e-01, 
 1DIAGNOSTIC,    70, -9.710930986546e-01, 8.810673212314e-07, 2.4225e+01, 3.4502e-01, 
XXDIAGNOSTIC,Iteration,metricValue,convergenceValue,ITERATION_TIME_INDEX,SINCE_LAST
 1DIAGNOSTIC,     1, -9.135502610667e-01, 1.797693134862e+308, 2.7233e+01, 3.0074e+00, 
 1DIAGNOSTIC,     2, -9.167385102508e-01, 1.797693134862e+308, 2.9454e+01, 2.2211e+00, 
 1DIAGNOSTIC,     3, -9.201333647845e-01, 1.797693134862e+308, 3.1759e+01, 2.3056e+00, 
 1DIAGNOSTIC,     4, -9.232445277575e-01, 1.797693134862e+308, 3.3962e+01, 2.2028e+00, 
 1DIAGNOSTIC,     5, -9.259201570834e-01, 1.797693134862e+308, 3.6244e+01, 2.2815e+00, 
 1DIAGNOSTIC,     6, -9.280919334761e-01, 1.797693134862e+308, 3.8472e+01, 2.2284e+00, 
 1DIAGNOSTIC,     7, -9.299133968445e-01, 1.797693134862e+308, 4.0771e+01, 2.2987e+00, 
 1DIAGNOSTIC,     8, -9.315043746960e-01, 1.797693134862e+308, 4.2995e+01, 2.2238e+00, 
 1DIAGNOSTIC,     9, -9.329290434210e-01, 1.797693134862e+308, 4.5224e+01, 2.2292e+00, 
 1DIAGNOSTIC,    10, -9.342372155398e-01, 1.424406429801e-03, 4.7499e+01, 2.2751e+00, 
 1DIAGNOSTIC,    11, -9.354734202238e-01, 1.139644623717e-03, 4.9740e+01, 2.2404e+00, 
 1DIAGNOSTIC,    12, -9.366622734608e-01, 9.111547528490e-04, 5.1997e+01, 2.2574e+00, 
 1DIAGNOSTIC,    13, -9.377850232928e-01, 7.411513340669e-04, 5.4230e+01, 2.2333e+00, 
 1DIAGNOSTIC,    14, -9.388566987422e-01, 6.188231092066e-04, 5.6475e+01, 2.2447e+00, 
 1DIAGNOSTIC,    15, -9.398076241830e-01, 5.297025062530e-04, 5.8823e+01, 2.3486e+00, 
 1DIAGNOSTIC,    16, -9.406163632539e-01, 4.596871480494e-04, 6.1057e+01, 2.2336e+00, 
 1DIAGNOSTIC,    17, -9.413042758470e-01, 4.003903485081e-04, 6.3463e+01, 2.4056e+00, 
 1DIAGNOSTIC,    18, -9.418971468319e-01, 3.475080104123e-04, 6.5742e+01, 2.2794e+00, 
 1DIAGNOSTIC,    19, -9.421093809930e-01, 2.941020641840e-04, 6.8037e+01, 2.2954e+00, 
 1DIAGNOSTIC,    20, -9.423121324706e-01, 2.417444237853e-04, 7.0499e+01, 2.4619e+00, 
 1DIAGNOSTIC,    21, -9.425167630289e-01, 1.927196368516e-04, 7.2764e+01, 2.2647e+00, 
 1DIAGNOSTIC,    22, -9.427186787915e-01, 1.493105239774e-04, 7.5024e+01, 2.2599e+00, 
 1DIAGNOSTIC,    23, -9.429031001342e-01, 1.129203623849e-04, 7.7287e+01, 2.2633e+00, 
 1DIAGNOSTIC,    24, -9.430879332061e-01, 8.490810270810e-05, 7.9545e+01, 2.2581e+00, 
 1DIAGNOSTIC,    25, -9.432529993180e-01, 6.476377534211e-05, 8.2158e+01, 2.6131e+00, 
 1DIAGNOSTIC,    26, -9.434060703328e-01, 5.129930075483e-05, 8.4432e+01, 2.2738e+00, 
 1DIAGNOSTIC,    27, -9.435476524134e-01, 4.328821202303e-05, 8.6704e+01, 2.2719e+00, 
 1DIAGNOSTIC,    28, -9.436736997263e-01, 3.963585884331e-05, 8.9141e+01, 2.4367e+00, 
 1DIAGNOSTIC,    29, -9.437912095974e-01, 3.601533943982e-05, 9.1404e+01, 2.2635e+00, 
 1DIAGNOSTIC,    30, -9.438997526967e-01, 3.244751421080e-05, 9.3856e+01, 2.4517e+00, 
 1DIAGNOSTIC,    31, -9.439992812452e-01, 2.908146483301e-05, 9.6163e+01, 2.3072e+00, 
 1DIAGNOSTIC,    32, -9.440890917960e-01, 2.600388910125e-05, 9.8464e+01, 2.3011e+00, 
 1DIAGNOSTIC,    33, -9.441729915892e-01, 2.317745276624e-05, 1.0072e+02, 2.2579e+00, 
 1DIAGNOSTIC,    34, -9.442497195226e-01, 2.071582578942e-05, 1.0298e+02, 2.2571e+00, 
 1DIAGNOSTIC,    35, -9.443166115603e-01, 1.850094449794e-05, 1.0536e+02, 2.3796e+00, 
 1DIAGNOSTIC,    36, -9.443801844069e-01, 1.653978271970e-05, 1.0768e+02, 2.3195e+00, 
 1DIAGNOSTIC,    37, -9.444376759345e-01, 1.480732907319e-05, 1.0996e+02, 2.2795e+00, 
 1DIAGNOSTIC,    38, -9.444901483165e-01, 1.324461956265e-05, 1.1229e+02, 2.3321e+00, 
 1DIAGNOSTIC,    39, -9.445323302090e-01, 1.180522543296e-05, 1.1455e+02, 2.2595e+00, 
 1DIAGNOSTIC,    40, -9.445747173148e-01, 1.052105386767e-05, 1.1684e+02, 2.2952e+00, 
 1DIAGNOSTIC,    41, -9.446154707106e-01, 9.396159687251e-06, 1.1914e+02, 2.2910e+00, 
 1DIAGNOSTIC,    42, -9.446520268163e-01, 8.401057161239e-06, 1.2140e+02, 2.2667e+00, 
 1DIAGNOSTIC,    43, -9.446823349168e-01, 7.516568281674e-06, 1.2370e+02, 2.2929e+00, 
 1DIAGNOSTIC,    44, -9.447104833412e-01, 6.739650629587e-06, 1.2595e+02, 2.2572e+00, 
 1DIAGNOSTIC,    45, -9.447338374538e-01, 6.021865312220e-06, 1.2821e+02, 2.2548e+00, 
 1DIAGNOSTIC,    46, -9.447559590485e-01, 5.383632167694e-06, 1.3053e+02, 2.3250e+00, 
 1DIAGNOSTIC,    47, -9.447754603247e-01, 4.812732014678e-06, 1.3285e+02, 2.3186e+00, 
 1DIAGNOSTIC,    48, -9.447914234549e-01, 4.297040759483e-06, 1.3521e+02, 2.3596e+00, 
 1DIAGNOSTIC,    49, -9.448067185326e-01, 3.805451859688e-06, 1.3748e+02, 2.2673e+00, 
 1DIAGNOSTIC,    50, -9.448152862292e-01, 3.335246107395e-06, 1.3974e+02, 2.2639e+00, 
 1DIAGNOSTIC,    51, -9.448273266510e-01, 2.934911307526e-06, 1.4204e+02, 2.2935e+00, 
 1DIAGNOSTIC,    52, -9.448358048664e-01, 2.587045917657e-06, 1.4432e+02, 2.2801e+00, 
 1DIAGNOSTIC,    53, -9.448448116070e-01, 2.284480510133e-06, 1.4656e+02, 2.2451e+00, 
 1DIAGNOSTIC,    54, -9.448524203452e-01, 2.029817846576e-06, 1.4891e+02, 2.3530e+00, 
 1DIAGNOSTIC,    55, -9.448592944364e-01, 1.810613844438e-06, 1.5120e+02, 2.2851e+00, 
 1DIAGNOSTIC,    56, -9.448650894732e-01, 1.630052684307e-06, 1.5357e+02, 2.3696e+00, 
 1DIAGNOSTIC,    57, -9.448703035276e-01, 1.483489074274e-06, 1.5587e+02, 2.2989e+00, 
 1DIAGNOSTIC,    58, -9.448750088087e-01, 1.359370744285e-06, 1.5813e+02, 2.2594e+00, 
 1DIAGNOSTIC,    59, -9.448799393302e-01, 1.264723999455e-06, 1.6039e+02, 2.2633e+00, 
 1DIAGNOSTIC,    60, -9.448754979242e-01, 1.123179269463e-06, 1.6265e+02, 2.2625e+00, 
 1DIAGNOSTIC,    61, -9.448711678780e-01, 9.682285074288e-07, 1.6490e+02, 2.2516e+00, 
XXDIAGNOSTIC,Iteration,metricValue,convergenceValue,ITERATION_TIME_INDEX,SINCE_LAST
 1DIAGNOSTIC,     1, -8.917514791934e-01, 1.797693134862e+308, 1.8435e+02, 1.9451e+01, 
 1DIAGNOSTIC,     2, -8.939558380152e-01, 1.797693134862e+308, 2.0277e+02, 1.8415e+01, 
 1DIAGNOSTIC,     3, -8.964852132209e-01, 1.797693134862e+308, 2.2170e+02, 1.8932e+01, 
 1DIAGNOSTIC,     4, -8.991580094135e-01, 1.797693134862e+308, 2.4049e+02, 1.8789e+01, 
 1DIAGNOSTIC,     5, -9.013352076448e-01, 1.797693134862e+308, 2.5952e+02, 1.9028e+01, 
 1DIAGNOSTIC,     6, -9.035303429593e-01, 1.797693134862e+308, 2.7879e+02, 1.9273e+01, 
 1DIAGNOSTIC,     7, -9.053934971931e-01, 1.797693134862e+308, 2.9770e+02, 1.8912e+01, 
 1DIAGNOSTIC,     8, -9.071646324683e-01, 1.797693134862e+308, 3.1661e+02, 1.8912e+01, 
 1DIAGNOSTIC,     9, -9.087224769563e-01, 1.797693134862e+308, 3.3547e+02, 1.8853e+01, 
 1DIAGNOSTIC,    10, -9.101912565747e-01, 1.330419643116e-03, 3.5426e+02, 1.8788e+01, 
 1DIAGNOSTIC,    11, -9.115756270406e-01, 1.128886563031e-03, 3.7304e+02, 1.8785e+01, 
 1DIAGNOSTIC,    12, -9.127961608477e-01, 9.488017113323e-04, 3.9291e+02, 1.9869e+01, 
 1DIAGNOSTIC,    13, -9.138843737867e-01, 7.974688496540e-04, 4.1181e+02, 1.8900e+01, 
 1DIAGNOSTIC,    14, -9.146909238734e-01, 6.729685547693e-04, 4.3087e+02, 1.9060e+01, 
 1DIAGNOSTIC,    15, -9.154336823899e-01, 5.643184245230e-04, 4.4970e+02, 1.8834e+01, 
 1DIAGNOSTIC,    16, -9.160816582599e-01, 4.729022303013e-04, 4.6860e+02, 1.8896e+01, 
 1DIAGNOSTIC,    17, -9.166491654146e-01, 3.931818080874e-04, 4.8723e+02, 1.8629e+01, 
 1DIAGNOSTIC,    18, -9.171559778115e-01, 3.254394873914e-04, 5.0631e+02, 1.9082e+01, 
 1DIAGNOSTIC,    19, -9.176134529467e-01, 2.677341154601e-04, 5.2512e+02, 1.8811e+01, 
 1DIAGNOSTIC,    20, -9.180163040757e-01, 2.200571222657e-04, 5.4401e+02, 1.8889e+01, 
 1DIAGNOSTIC,    21, -9.183664077268e-01, 1.821125709238e-04, 5.6282e+02, 1.8814e+01, 
 1DIAGNOSTIC,    22, -9.186740506122e-01, 1.522047336527e-04, 5.8227e+02, 1.9445e+01, 
 1DIAGNOSTIC,    23, -9.189503684985e-01, 1.291639818670e-04, 6.0200e+02, 1.9735e+01, 
 1DIAGNOSTIC,    24, -9.192028325537e-01, 1.096850835208e-04, 6.2078e+02, 1.8779e+01, 
 1DIAGNOSTIC,    25, -9.194389710263e-01, 9.367638873667e-05, 6.3974e+02, 1.8960e+01, 
 1DIAGNOSTIC,    26, -9.196633071435e-01, 8.056437021520e-05, 6.5863e+02, 1.8889e+01, 
 1DIAGNOSTIC,    27, -9.198788349669e-01, 6.989758677674e-05, 6.7769e+02, 1.9057e+01, 
 1DIAGNOSTIC,    28, -9.200879382444e-01, 6.139221449722e-05, 6.9632e+02, 1.8627e+01, 
 1DIAGNOSTIC,    29, -9.202974494193e-01, 5.486976568504e-05, 7.1518e+02, 1.8867e+01, 
 1DIAGNOSTIC,    30, -9.204868203049e-01, 4.977548160447e-05, 7.3394e+02, 1.8758e+01, 
 1DIAGNOSTIC,    31, -9.206100010734e-01, 4.509489827957e-05, 7.5267e+02, 1.8726e+01, 
 1DIAGNOSTIC,    32, -9.206858569102e-01, 4.022691963759e-05, 7.7168e+02, 1.9010e+01, 
 1DIAGNOSTIC,    33, -9.207246208319e-01, 3.487651012472e-05, 7.9046e+02, 1.8778e+01, 
 1DIAGNOSTIC,    34, -9.207414966991e-01, 2.905623581288e-05, 8.0920e+02, 1.8743e+01, 
 1DIAGNOSTIC,    35, -9.207438301799e-01, 2.298806853252e-05, 8.2862e+02, 1.9423e+01, 
 1DIAGNOSTIC,    36, -9.207401316168e-01, 1.704561239635e-05, 8.4752e+02, 1.8901e+01, 
 1DIAGNOSTIC,    37, -9.207364062874e-01, 1.165431694769e-05, 8.6619e+02, 1.8671e+01, 
 1DIAGNOSTIC,    38, -9.207374808981e-01, 7.220026855641e-06, 8.8506e+02, 1.8867e+01, 
 1DIAGNOSTIC,    39, -9.207451010648e-01, 4.111825453616e-06, 9.0367e+02, 1.8611e+01, 
 1DIAGNOSTIC,    40, -9.207668529018e-01, 2.468789909806e-06, 9.2282e+02, 1.9150e+01, 
 1DIAGNOSTIC,    41, -9.207948825438e-01, 1.879238986591e-06, 9.4166e+02, 1.8840e+01, 
 1DIAGNOSTIC,    42, -9.208371530994e-01, 2.078066586090e-06, 9.6026e+02, 1.8594e+01, 
 1DIAGNOSTIC,    43, -9.208951918906e-01, 2.833603215350e-06, 9.7922e+02, 1.8964e+01, 
 1DIAGNOSTIC,    44, -9.209698333323e-01, 3.993356575364e-06, 9.9806e+02, 1.8841e+01, 
 1DIAGNOSTIC,    45, -9.210608567183e-01, 5.425179682144e-06, 1.0169e+03, 1.8862e+01, 
 1DIAGNOSTIC,    46, -9.211698013076e-01, 7.045533656300e-06, 1.0356e+03, 1.8711e+01, 
 1DIAGNOSTIC,    47, -9.212974336967e-01, 8.797815426492e-06, 1.0549e+03, 1.9241e+01, 
 1DIAGNOSTIC,    48, -9.214413635397e-01, 1.062565583681e-05, 1.0737e+03, 1.8789e+01, 
 1DIAGNOSTIC,    49, -9.216031265406e-01, 1.248319259833e-05, 1.0925e+03, 1.8798e+01, 
 1DIAGNOSTIC,    50, -9.217828061185e-01, 1.436755712955e-05, 1.1116e+03, 1.9089e+01, 
XXDIAGNOSTIC,Iteration,metricValue,convergenceValue,ITERATION_TIME_INDEX,SINCE_LAST
 1DIAGNOSTIC,     1, -8.773307772311e-01, 1.797693134862e+308, 1.2717e+03, 1.6013e+02, 
 1DIAGNOSTIC,     2, -8.785145445314e-01, 1.797693134862e+308, 1.4285e+03, 1.5681e+02, 
 1DIAGNOSTIC,     3, -8.799159263386e-01, 1.797693134862e+308, 1.5851e+03, 1.5660e+02, 
 1DIAGNOSTIC,     4, -8.814405323824e-01, 1.797693134862e+308, 1.7423e+03, 1.5721e+02, 
 1DIAGNOSTIC,     5, -8.829983086107e-01, 1.797693134862e+308, 1.8998e+03, 1.5749e+02, 
 1DIAGNOSTIC,     6, -8.842721598488e-01, 1.797693134862e+308, 2.0550e+03, 1.5520e+02, 
 1DIAGNOSTIC,     7, -8.855356806296e-01, 1.797693134862e+308, 2.2106e+03, 1.5560e+02, 
 1DIAGNOSTIC,     8, -8.867229454523e-01, 1.797693134862e+308, 2.3669e+03, 1.5631e+02, 
 1DIAGNOSTIC,     9, -8.878559317519e-01, 1.797693134862e+308, 2.5235e+03, 1.5660e+02, 
 1DIAGNOSTIC,    10, -8.889559316734e-01, 8.618201282684e-04, 2.6817e+03, 1.5815e+02, 
 1DIAGNOSTIC,    11, -8.900472121275e-01, 7.593966232643e-04, 2.8407e+03, 1.5905e+02, 
 1DIAGNOSTIC,    12, -8.909079867598e-01, 6.603457038079e-04, 2.9986e+03, 1.5789e+02, 
 1DIAGNOSTIC,    13, -8.917746067762e-01, 5.726050469731e-04, 3.1555e+03, 1.5691e+02, 
 1DIAGNOSTIC,    14, -8.925833619504e-01, 4.984277790113e-04, 3.3120e+03, 1.5653e+02, 
 1DIAGNOSTIC,    15, -8.932521273415e-01, 4.359413107994e-04, 3.4687e+03, 1.5671e+02, 
 1DIAGNOSTIC,    16, -8.939670564223e-01, 3.808993812838e-04, 3.6249e+03, 1.5616e+02, 
 1DIAGNOSTIC,    17, -8.945600421498e-01, 3.320505939803e-04, 3.7818e+03, 1.5694e+02, 
 1DIAGNOSTIC,    18, -8.952058986245e-01, 2.904343025233e-04, 3.9373e+03, 1.5544e+02, 
 1DIAGNOSTIC,    19, -8.957247964034e-01, 2.539225906698e-04, 4.0941e+03, 1.5678e+02, 
 1DIAGNOSTIC,    20, -8.963140778271e-01, 2.243390883939e-04, 4.2515e+03, 1.5742e+02, 
  Elapsed time (stage 0): 4252.75


Total elapsed time: 4252.75
