
##########################
# Experiment information #
##########################

EXPERIMENT_NAME: antsRegistration-r7-p17
VFC_BACKENDS: libinterflop_vprec.so --range-binary32=7 --precision-binary32=17 --range-binary64=7 --precision-binary64=17

SIF_IMG: /home/mdugre/projects/rrg-glatard/mdugre/containers/ants-vprec-no_metrics.simg

SUBJECT_ID: s012
INPUT_IMG: /home/mdugre/scratch/mri-registration-rp/datasets/ds004513/derivatives/mri-registration-rp/antsBrainExtraction/sub-s012/BrainExtractionBrain.nii.gz
OUTPUT_DIR: /home/mdugre/scratch/mri-registration-rp/datasets/ds004513/derivatives/mri-registration-rp/0110/antsRegistration-r7-p17/sub-s012

FIXED_IMG: /templateflow/tpl-MNI152NLin2009cAsym/tpl-MNI152NLin2009cAsym_res-01_desc-brain_T1w.nii.gz
DATA_DIR: /home/mdugre/scratch/mri-registration-rp/datasets/ds004513
TEMPLATEFLOW_DIR: /home/mdugre/projects/rrg-glatard/mdugre/templateflow
ITK_GLOBAL_DEFAULT_NUMBER_OF_THREADS: 16
##########################

Info [verificarlo]: loaded backend libinterflop_ieee.so
Info [interflop-ieee]: load backend with:
Info [interflop-ieee]: debug = false
Info [interflop-ieee]: debug-binary = false
Info [interflop-ieee]: no-backend-name = false
Info [interflop-ieee]: print-new-line = false
Info [interflop-ieee]: print-subnormal-normalized = false
Info [interflop-ieee]: count-op = false
All_Command_lines_OK
Using double precision for computations.
=============================================================================
The composite transform comprises the following transforms (in order): 
  1. Center of mass alignment using fixed image: /templateflow/tpl-MNI152NLin2009cAsym/tpl-MNI152NLin2009cAsym_res-01_desc-brain_T1w.nii.gz and moving image: /home/mdugre/scratch/mri-registration-rp/datasets/ds004513/derivatives/mri-registration-rp/antsBrainExtraction/sub-s012/BrainExtractionBrain.nii.gz (type = Euler3DTransform)
=============================================================================
  number of levels = 1
  fixed image: /templateflow/tpl-MNI152NLin2009cAsym/tpl-MNI152NLin2009cAsym_res-01_desc-brain_T1w.nii.gz
  moving image: /home/mdugre/scratch/mri-registration-rp/datasets/ds004513/derivatives/mri-registration-rp/antsBrainExtraction/sub-s012/BrainExtractionBrain.nii.gz
Dimension = 3
Number of stages = 1
Use histogram matching = false
Winsorize image intensities = true
  Lower quantile = 0.005
  Upper quantile = 0.995


Stage 1 State
   Image metric = MattesMI
     Fixed image = Image (0x4445e70)
  RTTI typeinfo:   itk::Image<double, 3u>
  Reference Count: 2
  Modified Time: 2334
  Debug: Off
  Object Name: 
  Observers: 
    none
  Source: (none)
  Source output name: (none)
  Release Data: Off
  Data Released: False
  Global Release Data: Off
  PipelineMTime: 0
  UpdateMTime: 1943
  RealTimeStamp: 0 seconds 
  LargestPossibleRegion: 
    Dimension: 3
    Index: [0, 0, 0]
    Size: [193, 229, 193]
  BufferedRegion: 
    Dimension: 3
    Index: [0, 0, 0]
    Size: [193, 229, 193]
  RequestedRegion: 
    Dimension: 3
    Index: [0, 0, 0]
    Size: [193, 229, 193]
  Spacing: [1, 1, 1]
  Origin: [96, 132, -78]
  Direction: 
-1 0 0
0 -1 0
0 0 1

  IndexToPointMatrix: 
-1 0 0
0 -1 0
0 0 1

  PointToIndexMatrix: 
-1 0 0
0 -1 0
0 0 1

  Inverse Direction: 
-1 0 0
0 -1 0
0 0 1

  PixelContainer: 
    ImportImageContainer (0x444ec60)
      RTTI typeinfo:   itk::ImportImageContainer<unsigned long, double>
      Reference Count: 1
      Modified Time: 1940
      Debug: Off
      Object Name: 
      Observers: 
        none
      Pointer: 0x14e15e242010
      Container manages memory: true
      Size: 8530021
      Capacity: 8530021

     Moving image = Image (0x44e2ec0)
  RTTI typeinfo:   itk::Image<double, 3u>
  Reference Count: 2
  Modified Time: 2335
  Debug: Off
  Object Name: 
  Observers: 
    none
  Source: (none)
  Source output name: (none)
  Release Data: Off
  Data Released: False
  Global Release Data: Off
  PipelineMTime: 0
  UpdateMTime: 2332
  RealTimeStamp: 0 seconds 
  LargestPossibleRegion: 
    Dimension: 3
    Index: [0, 0, 0]
    Size: [176, 240, 256]
  BufferedRegion: 
    Dimension: 3
    Index: [0, 0, 0]
    Size: [176, 240, 256]
  RequestedRegion: 
    Dimension: 3
    Index: [0, 0, 0]
    Size: [176, 240, 256]
  Spacing: [1, 1, 1]
  Origin: [65.5297, 106.836, -142.348]
  Direction: 
-0.983885 0.178802 0
-0.178802 -0.983885 0
0 0 1

  IndexToPointMatrix: 
-0.983887 0.178802 0
-0.178803 -0.983885 0
0 0 1

  PointToIndexMatrix: 
-0.983883 -0.178802 0
0.178802 -0.983885 0
0 0 1

  Inverse Direction: 
-0.983885 -0.178802 0
0.178802 -0.983885 0
0 0 1

  PixelContainer: 
    ImportImageContainer (0x44e0f90)
      RTTI typeinfo:   itk::ImportImageContainer<unsigned long, double>
      Reference Count: 1
      Modified Time: 2329
      Debug: Off
      Object Name: 
      Observers: 
        none
      Pointer: 0x14e158fc1010
      Container manages memory: true
      Size: 10813440
      Capacity: 10813440

     Weighting = 1
     Sampling strategy = regular
     Number of bins = 32
     Radius = 4
     Sampling percentage  = 0.25
   Transform = Rigid
     Gradient step = 0.1
     Update field sigma (voxel space) = 0
     Total field sigma (voxel space) = 0
     Update field time sigma = 0
     Total field time sigma  = 0
     Number of time indices = 0
     Number of time point samples = 0
Registration using 1 total stages.

Stage 0
  iterations = 0
  convergence threshold = 1e-06
  convergence window size = 10
  number of levels = 1
  using the Mattes MI metric (number of bins = 32, weight = 1, use gradient filter = 0)
  preprocessing:  winsorizing the image intensities
  Shrink factors (level 1 out of 1): [1, 1, 1]
  smoothing sigmas per level: [0]
  regular sampling (percentage = 0.25)

*** Running Euler3DTransform registration ***

  Elapsed time (stage 0): 1.15222


Total elapsed time: 1.15448
Info [verificarlo]: loaded backend libinterflop_vprec.so
Info [interflop-vprec]: load backend with: 
Info [interflop-vprec]: precision-binary32 = 17
Info [interflop-vprec]: range-binary32 = 7
Info [interflop-vprec]: precision-binary64 = 17
Info [interflop-vprec]: range-binary64 = 7
Info [interflop-vprec]: mode = ob
Info [interflop-vprec]: error-mode = rel
Info [interflop-vprec]: max-abs-error-exponent = -1022
Info [interflop-vprec]: daz = false
Info [interflop-vprec]: ftz = false
Info [interflop-vprec]: 	instrument = none
Info [interflop-vprec]: 	prec-input-file = (null)
Info [interflop-vprec]: 	prec-output-file = (null)
Info [interflop-vprec]: 	prec-log-file = (null)
All_Command_lines_OK
Using double precision for computations.
=============================================================================
The composite transform comprises the following transforms (in order): 
  1. /home/mdugre/scratch/mri-registration-rp/datasets/ds004513/derivatives/mri-registration-rp/0110/antsRegistration-r7-p17/sub-s012/align_Composite.h5[0] (type = Euler3DTransform)
  2. /home/mdugre/scratch/mri-registration-rp/datasets/ds004513/derivatives/mri-registration-rp/0110/antsRegistration-r7-p17/sub-s012/align_Composite.h5[1] (type = Euler3DTransform)
=============================================================================
  number of levels = 4
  fixed image: /templateflow/tpl-MNI152NLin2009cAsym/tpl-MNI152NLin2009cAsym_res-01_desc-brain_T1w.nii.gz
  moving image: /home/mdugre/scratch/mri-registration-rp/datasets/ds004513/derivatives/mri-registration-rp/antsBrainExtraction/sub-s012/BrainExtractionBrain.nii.gz
Dimension = 3
Number of stages = 1
Use histogram matching = false
Winsorize image intensities = true
  Lower quantile = 0.005
  Upper quantile = 0.995


Stage 1 State
   Image metric = MattesMI
     Fixed image = Image (0x43831e0)
  RTTI typeinfo:   itk::Image<double, 3u>
  Reference Count: 2
  Modified Time: 1578
  Debug: Off
  Object Name: 
  Observers: 
    none
  Source: (none)
  Source output name: (none)
  Release Data: Off
  Data Released: False
  Global Release Data: Off
  PipelineMTime: 0
  UpdateMTime: 1189
  RealTimeStamp: 0 seconds 
  LargestPossibleRegion: 
    Dimension: 3
    Index: [0, 0, 0]
    Size: [193, 229, 193]
  BufferedRegion: 
    Dimension: 3
    Index: [0, 0, 0]
    Size: [193, 229, 193]
  RequestedRegion: 
    Dimension: 3
    Index: [0, 0, 0]
    Size: [193, 229, 193]
  Spacing: [1, 1, 1]
  Origin: [96, 132, -78]
  Direction: 
-1 0 0
0 -1 0
0 0 1

  IndexToPointMatrix: 
-1 0 0
0 -1 0
0 0 1

  PointToIndexMatrix: 
-1 0 0
0 -1 0
0 0 1

  Inverse Direction: 
-1 0 0
0 -1 0
0 0 1

  PixelContainer: 
    ImportImageContainer (0x4442640)
      RTTI typeinfo:   itk::ImportImageContainer<unsigned long, double>
      Reference Count: 1
      Modified Time: 1186
      Debug: Off
      Object Name: 
      Observers: 
        none
      Pointer: 0x14ddb98fe010
      Container manages memory: true
      Size: 8530021
      Capacity: 8530021

     Moving image = Image (0x443ec90)
  RTTI typeinfo:   itk::Image<double, 3u>
  Reference Count: 2
  Modified Time: 1579
  Debug: Off
  Object Name: 
  Observers: 
    none
  Source: (none)
  Source output name: (none)
  Release Data: Off
  Data Released: False
  Global Release Data: Off
  PipelineMTime: 0
  UpdateMTime: 1576
  RealTimeStamp: 0 seconds 
  LargestPossibleRegion: 
    Dimension: 3
    Index: [0, 0, 0]
    Size: [176, 240, 256]
  BufferedRegion: 
    Dimension: 3
    Index: [0, 0, 0]
    Size: [176, 240, 256]
  RequestedRegion: 
    Dimension: 3
    Index: [0, 0, 0]
    Size: [176, 240, 256]
  Spacing: [1, 1, 1]
  Origin: [65.5298, 106.835, -142.348]
  Direction: 
-0.983887 0.178802 0
-0.178802 -0.983887 0
0 0 1

  IndexToPointMatrix: 
-0.983887 0.178802 0
-0.178802 -0.983887 0
0 0 1

  PointToIndexMatrix: 
-0.983887 -0.178802 0
0.178802 -0.983887 0
0 0 1

  Inverse Direction: 
-0.983887 -0.178802 0
0.178802 -0.983887 0
0 0 1

  PixelContainer: 
    ImportImageContainer (0x44afd90)
      RTTI typeinfo:   itk::ImportImageContainer<unsigned long, double>
      Reference Count: 1
      Modified Time: 1573
      Debug: Off
      Object Name: 
      Observers: 
        none
      Pointer: 0x14ddb467d010
      Container manages memory: true
      Size: 10813440
      Capacity: 10813440

     Weighting = 1
     Sampling strategy = regular
     Number of bins = 32
     Radius = 4
     Sampling percentage  = 0.25
   Transform = Rigid
     Gradient step = 0.1
     Update field sigma (voxel space) = 0
     Total field sigma (voxel space) = 0
     Update field time sigma = 0
     Total field time sigma  = 0
     Number of time indices = 0
     Number of time point samples = 0
Registration using 1 total stages.

Stage 0
  iterations = 1000x500x250x100
  convergence threshold = 1e-06
  convergence window size = 10
  number of levels = 4
  using the Mattes MI metric (number of bins = 32, weight = 1, use gradient filter = 0)
  preprocessing:  winsorizing the image intensities
  Shrink factors (level 1 out of 4): [8, 8, 8]
  Shrink factors (level 2 out of 4): [4, 4, 4]
  Shrink factors (level 3 out of 4): [2, 2, 2]
  Shrink factors (level 4 out of 4): [1, 1, 1]
  smoothing sigmas per level: [3, 2, 1, 0]
  regular sampling (percentage = 0.25)

*** Running Euler3DTransform registration ***

DIAGNOSTIC,Iteration,metricValue,convergenceValue,ITERATION_TIME_INDEX,SINCE_LAST
 2DIAGNOSTIC,     1, -5.307032319358e-01, 1.797693134862e+308, 0.0000e+00, 0.0000e+00, 
 2DIAGNOSTIC,     2, -5.319045629915e-01, 1.797693134862e+308, 0.0000e+00, 0.0000e+00, 
 2DIAGNOSTIC,     3, -5.342236588887e-01, 1.797693134862e+308, 0.0000e+00, 0.0000e+00, 
 2DIAGNOSTIC,     4, -5.384201546394e-01, 1.797693134862e+308, 0.0000e+00, 0.0000e+00, 
 2DIAGNOSTIC,     5, -5.440006024666e-01, 1.797693134862e+308, 0.0000e+00, 0.0000e+00, 
 2DIAGNOSTIC,     6, -5.525670227689e-01, 1.797693134862e+308, 0.0000e+00, 0.0000e+00, 
 2DIAGNOSTIC,     7, -5.545798888661e-01, 1.797693134862e+308, 0.0000e+00, 0.0000e+00, 
 2DIAGNOSTIC,     8, -5.554898988973e-01, 1.797693134862e+308, 0.0000e+00, 0.0000e+00, 
 2DIAGNOSTIC,     9, -5.571966856602e-01, 1.797693134862e+308, 0.0000e+00, 0.0000e+00, 
 2DIAGNOSTIC,    10, -5.608924135582e-01, 3.968332216534e-03, 0.0000e+00, 0.0000e+00, 
 2DIAGNOSTIC,    11, -5.653416444763e-01, 3.569538255300e-03, 0.0000e+00, 0.0000e+00, 
 2DIAGNOSTIC,    12, -5.695455552263e-01, 3.149163689597e-03, 0.0000e+00, 0.0000e+00, 
 2DIAGNOSTIC,    13, -5.697565062287e-01, 2.614629448885e-03, 0.0000e+00, 0.0000e+00, 
 2DIAGNOSTIC,    14, -5.716963755201e-01, 2.148840655201e-03, 0.0000e+00, 0.0000e+00, 
 2DIAGNOSTIC,    15, -5.890299799446e-01, 2.321184801998e-03, 0.0000e+00, 0.0000e+00, 
 2DIAGNOSTIC,    16, -5.993044040515e-01, 2.837419001733e-03, 0.0000e+00, 0.0000e+00, 
 2DIAGNOSTIC,    17, -6.023033108141e-01, 3.174752723629e-03, 0.0000e+00, 0.0000e+00, 
 2DIAGNOSTIC,    18, -6.093951850580e-01, 3.412356130546e-03, 0.0000e+00, 0.0000e+00, 
 2DIAGNOSTIC,    19, -6.187062695891e-01, 3.594450251404e-03, 0.0000e+00, 0.0000e+00, 
 2DIAGNOSTIC,    20, -6.461864907098e-01, 4.179746771381e-03, 0.0000e+00, 0.0000e+00, 
 2DIAGNOSTIC,    21, -6.860522042271e-01, 5.322185091473e-03, 0.0000e+00, 0.0000e+00, 
 2DIAGNOSTIC,    22, -6.913971895174e-01, 6.048832362699e-03, 0.0000e+00, 0.0000e+00, 
 2DIAGNOSTIC,    23, -7.014681288375e-01, 6.371534348161e-03, 0.0000e+00, 0.0000e+00, 
 2DIAGNOSTIC,    24, -7.133463431337e-01, 6.337946082069e-03, 0.0000e+00, 0.0000e+00, 
 2DIAGNOSTIC,    25, -7.240384481010e-01, 6.229696289014e-03, 0.0000e+00, 0.0000e+00, 
 2DIAGNOSTIC,    26, -7.311246323591e-01, 5.851560451046e-03, 0.0000e+00, 0.0000e+00, 
 2DIAGNOSTIC,    27, -7.323108226045e-01, 5.036195811661e-03, 0.0000e+00, 0.0000e+00, 
 2DIAGNOSTIC,    28, -7.355083800273e-01, 4.001058051406e-03, 0.0000e+00, 0.0000e+00, 
 2DIAGNOSTIC,    29, -7.366454000594e-01, 2.834929437199e-03, 0.0000e+00, 0.0000e+00, 
 2DIAGNOSTIC,    30, -7.368615783489e-01, 1.901000755503e-03, 0.0000e+00, 0.0000e+00, 
 2DIAGNOSTIC,    31, -7.369894730476e-01, 1.448503714957e-03, 0.0000e+00, 0.0000e+00, 
 2DIAGNOSTIC,    32, -7.370117848710e-01, 9.687325407968e-04, 0.0000e+00, 0.0000e+00, 
 2DIAGNOSTIC,    33, -7.370449312384e-01, 5.676135360244e-04, 0.0000e+00, 0.0000e+00, 
 2DIAGNOSTIC,    34, -7.370716122149e-01, 2.944571714832e-04, 0.0000e+00, 0.0000e+00, 
 2DIAGNOSTIC,    35, -7.371146328462e-01, 1.467478440501e-04, 0.0000e+00, 0.0000e+00, 
 2DIAGNOSTIC,    36, -7.372352405962e-01, 8.395401957450e-05, 0.0000e+00, 0.0000e+00, 
 2DIAGNOSTIC,    37, -7.374831606862e-01, 3.342580900234e-05, 0.0000e+00, 0.0000e+00, 
 2DIAGNOSTIC,    38, -7.379209379875e-01, 2.466520093734e-05, 0.0000e+00, 0.0000e+00, 
 2DIAGNOSTIC,    39, -7.378438593974e-01, 2.596532832487e-05, 0.0000e+00, 0.0000e+00, 
 2DIAGNOSTIC,    40, -7.378995164845e-01, 2.786780896725e-05, 0.0000e+00, 0.0000e+00, 
 2DIAGNOSTIC,    41, -7.380183306103e-01, 2.974336929304e-05, 0.0000e+00, 0.0000e+00, 
 2DIAGNOSTIC,    42, -7.379269132293e-01, 2.794855792264e-05, 0.0000e+00, 0.0000e+00, 
 2DIAGNOSTIC,    43, -7.379265634695e-01, 2.398339860088e-05, 0.0000e+00, 0.0000e+00, 
 2DIAGNOSTIC,    44, -7.379312536416e-01, 1.836628870700e-05, 0.0000e+00, 0.0000e+00, 
 2DIAGNOSTIC,    45, -7.379273292947e-01, 1.176616283285e-05, 0.0000e+00, 0.0000e+00, 
 2DIAGNOSTIC,    46, -7.379341242845e-01, 5.584986682260e-06, 0.0000e+00, 0.0000e+00, 
 2DIAGNOSTIC,    47, -7.379295273969e-01, 1.351776709169e-06, 0.0000e+00, 0.0000e+00, 
 2DIAGNOSTIC,    48, -7.379291543580e-01, 1.205110098247e-06, 0.0000e+00, 0.0000e+00, 
DIAGNOSTIC,Iteration,metricValue,convergenceValue,ITERATION_TIME_INDEX,SINCE_LAST
 2DIAGNOSTIC,     1, -6.014337048114e-01, 1.797693134862e+308, 0.0000e+00, 0.0000e+00, 
 2DIAGNOSTIC,     2, -6.017755148579e-01, 1.797693134862e+308, 0.0000e+00, 0.0000e+00, 
 2DIAGNOSTIC,     3, -6.023072966391e-01, 1.797693134862e+308, 0.0000e+00, 0.0000e+00, 
 2DIAGNOSTIC,     4, -6.029668014272e-01, 1.797693134862e+308, 0.0000e+00, 0.0000e+00, 
 2DIAGNOSTIC,     5, -6.038614173233e-01, 1.797693134862e+308, 0.0000e+00, 0.0000e+00, 
 2DIAGNOSTIC,     6, -6.051672958071e-01, 1.797693134862e+308, 0.0000e+00, 0.0000e+00, 
 2DIAGNOSTIC,     7, -6.072917499440e-01, 1.797693134862e+308, 0.0000e+00, 0.0000e+00, 
 2DIAGNOSTIC,     8, -6.128842820827e-01, 1.797693134862e+308, 0.0000e+00, 0.0000e+00, 
 2DIAGNOSTIC,     9, -6.133077707776e-01, 1.797693134862e+308, 0.0000e+00, 0.0000e+00, 
 2DIAGNOSTIC,    10, -6.133418342530e-01, 1.486187779283e-03, 0.0000e+00, 0.0000e+00, 
 2DIAGNOSTIC,    11, -6.133443936745e-01, 1.408763555606e-03, 0.0000e+00, 0.0000e+00, 
 2DIAGNOSTIC,    12, -6.133565024691e-01, 1.230369370810e-03, 0.0000e+00, 0.0000e+00, 
 2DIAGNOSTIC,    13, -6.133538208790e-01, 9.846603865861e-04, 0.0000e+00, 0.0000e+00, 
 2DIAGNOSTIC,    14, -6.133535096039e-01, 7.070659244442e-04, 0.0000e+00, 0.0000e+00, 
 2DIAGNOSTIC,    15, -6.133547330208e-01, 4.327474621328e-04, 0.0000e+00, 0.0000e+00, 
 2DIAGNOSTIC,    16, -6.133434264296e-01, 1.916321296624e-04, 0.0000e+00, 0.0000e+00, 
 2DIAGNOSTIC,    17, -6.133434361776e-01, 1.567180645341e-05, 0.0000e+00, 0.0000e+00, 
 2DIAGNOSTIC,    18, -6.133433136106e-01, 2.677605276759e-06, 0.0000e+00, 0.0000e+00, 
 2DIAGNOSTIC,    19, -6.133433697196e-01, 1.343035490223e-06, 0.0000e+00, 0.0000e+00, 
DIAGNOSTIC,Iteration,metricValue,convergenceValue,ITERATION_TIME_INDEX,SINCE_LAST
 2DIAGNOSTIC,     1, -5.298331644252e-01, 1.797693134862e+308, 0.0000e+00, 0.0000e+00, 
 2DIAGNOSTIC,     2, -5.299418959979e-01, 1.797693134862e+308, 0.0000e+00, 0.0000e+00, 
 2DIAGNOSTIC,     3, -5.299778814207e-01, 1.797693134862e+308, 0.0000e+00, 0.0000e+00, 
 2DIAGNOSTIC,     4, -5.299835472608e-01, 1.797693134862e+308, 0.0000e+00, 0.0000e+00, 
 2DIAGNOSTIC,     5, -5.299823037063e-01, 1.797693134862e+308, 0.0000e+00, 0.0000e+00, 
 2DIAGNOSTIC,     6, -5.299822253815e-01, 1.797693134862e+308, 0.0000e+00, 0.0000e+00, 
 2DIAGNOSTIC,     7, -5.299810172538e-01, 1.797693134862e+308, 0.0000e+00, 0.0000e+00, 
 2DIAGNOSTIC,     8, -5.299790391954e-01, 1.797693134862e+308, 0.0000e+00, 0.0000e+00, 
 2DIAGNOSTIC,     9, -5.299793158869e-01, 1.797693134862e+308, 0.0000e+00, 0.0000e+00, 
 2DIAGNOSTIC,    10, -5.299772596351e-01, 1.261004793769e-05, 0.0000e+00, 0.0000e+00, 
 2DIAGNOSTIC,    11, -5.299781133144e-01, 4.373892917339e-06, 0.0000e+00, 0.0000e+00, 
 2DIAGNOSTIC,    12, -5.299771617817e-01, 2.147030538469e-06, 0.0000e+00, 0.0000e+00, 
 2DIAGNOSTIC,    13, -5.299772536387e-01, 1.788500532507e-06, 0.0000e+00, 0.0000e+00, 
 2DIAGNOSTIC,    14, -5.299773521895e-01, 1.760600104275e-06, 0.0000e+00, 0.0000e+00, 
 2DIAGNOSTIC,    15, -5.299776989534e-01, 1.747907221614e-06, 0.0000e+00, 0.0000e+00, 
 2DIAGNOSTIC,    16, -5.299776817821e-01, 1.766047886112e-06, 0.0000e+00, 0.0000e+00, 
 2DIAGNOSTIC,    17, -5.299765112507e-01, 1.727102518917e-06, 0.0000e+00, 0.0000e+00, 
 2DIAGNOSTIC,    18, -5.299757793206e-01, 1.624013163198e-06, 0.0000e+00, 0.0000e+00, 
 2DIAGNOSTIC,    19, -5.299757836749e-01, 1.552984432461e-06, 0.0000e+00, 0.0000e+00, 
 2DIAGNOSTIC,    20, -5.299757350986e-01, 1.440521963290e-06, 0.0000e+00, 0.0000e+00, 
 2DIAGNOSTIC,    21, -5.299757153895e-01, 1.373173578373e-06, 0.0000e+00, 0.0000e+00, 
 2DIAGNOSTIC,    22, -5.299757153895e-01, 1.301242296275e-06, 0.0000e+00, 0.0000e+00, 
 2DIAGNOSTIC,    23, -5.299757068485e-01, 1.250110563726e-06, 0.0000e+00, 0.0000e+00, 
 2DIAGNOSTIC,    24, -5.299757068485e-01, 1.216042327085e-06, 0.0000e+00, 0.0000e+00, 
 2DIAGNOSTIC,    25, -5.299757068485e-01, 1.200658127677e-06, 0.0000e+00, 0.0000e+00, 
 2DIAGNOSTIC,    26, -5.299757068485e-01, 1.192198431650e-06, 0.0000e+00, 0.0000e+00, 
 2DIAGNOSTIC,    27, -5.299757068485e-01, 1.163336845349e-06, 0.0000e+00, 0.0000e+00, 
 2DIAGNOSTIC,    28, -5.299757068485e-01, 1.122810174864e-06, 0.0000e+00, 0.0000e+00, 
 2DIAGNOSTIC,    29, -5.299758841723e-01, 1.088661570017e-06, 0.0000e+00, 0.0000e+00, 
 2DIAGNOSTIC,    30, -5.299758868947e-01, 1.055649750399e-06, 0.0000e+00, 0.0000e+00, 
 2DIAGNOSTIC,    31, -5.299758868947e-01, 1.023920949091e-06, 0.0000e+00, 0.0000e+00, 
DIAGNOSTIC,Iteration,metricValue,convergenceValue,ITERATION_TIME_INDEX,SINCE_LAST
 2DIAGNOSTIC,     1, -4.809012027376e-01, 1.797693134862e+308, 0.0000e+00, 0.0000e+00, 
 2DIAGNOSTIC,     2, -4.810000739049e-01, 1.797693134862e+308, 0.0000e+00, 0.0000e+00, 
 2DIAGNOSTIC,     3, -4.810971435696e-01, 1.797693134862e+308, 0.0000e+00, 0.0000e+00, 
 2DIAGNOSTIC,     4, -4.812241214028e-01, 1.797693134862e+308, 0.0000e+00, 0.0000e+00, 
 2DIAGNOSTIC,     5, -4.813166050932e-01, 1.797693134862e+308, 0.0000e+00, 0.0000e+00, 
 2DIAGNOSTIC,     6, -4.813158604488e-01, 1.797693134862e+308, 0.0000e+00, 0.0000e+00, 
 2DIAGNOSTIC,     7, -4.813124870302e-01, 1.797693134862e+308, 0.0000e+00, 0.0000e+00, 
 2DIAGNOSTIC,     8, -4.813126002646e-01, 1.797693134862e+308, 0.0000e+00, 0.0000e+00, 
 2DIAGNOSTIC,     9, -4.813124292465e-01, 1.797693134862e+308, 0.0000e+00, 0.0000e+00, 
 2DIAGNOSTIC,    10, -4.813124193127e-01, 5.491733740581e-05, 0.0000e+00, 0.0000e+00, 
 2DIAGNOSTIC,    11, -4.813123104746e-01, 3.292431447141e-05, 0.0000e+00, 0.0000e+00, 
 2DIAGNOSTIC,    12, -4.813121029254e-01, 1.677351955542e-05, 0.0000e+00, 0.0000e+00, 
 2DIAGNOSTIC,    13, -4.813121016532e-01, 6.125605219398e-06, 0.0000e+00, 0.0000e+00, 
 2DIAGNOSTIC,    14, -4.813121016532e-01, 1.904579275389e-06, 0.0000e+00, 0.0000e+00, 
 2DIAGNOSTIC,    15, -4.813121186633e-01, 1.919111431131e-06, 0.0000e+00, 0.0000e+00, 
 2DIAGNOSTIC,    16, -4.813120953405e-01, 1.923682401567e-06, 0.0000e+00, 0.0000e+00, 
 2DIAGNOSTIC,    17, -4.813121036441e-01, 1.814953436041e-06, 0.0000e+00, 0.0000e+00, 
 2DIAGNOSTIC,    18, -4.813117052188e-01, 1.712588686739e-06, 0.0000e+00, 0.0000e+00, 
 2DIAGNOSTIC,    19, -4.813117182368e-01, 1.619772312805e-06, 0.0000e+00, 0.0000e+00, 
 2DIAGNOSTIC,    20, -4.813113419262e-01, 1.528248035447e-06, 0.0000e+00, 0.0000e+00, 
 2DIAGNOSTIC,    21, -4.813113596808e-01, 1.447541809065e-06, 0.0000e+00, 0.0000e+00, 
 2DIAGNOSTIC,    22, -4.813113892721e-01, 1.374217838176e-06, 0.0000e+00, 0.0000e+00, 
 2DIAGNOSTIC,    23, -4.813113927270e-01, 1.312713008517e-06, 0.0000e+00, 0.0000e+00, 
 2DIAGNOSTIC,    24, -4.813114309255e-01, 1.262671683461e-06, 0.0000e+00, 0.0000e+00, 
 2DIAGNOSTIC,    25, -4.813111693482e-01, 1.215538307765e-06, 0.0000e+00, 0.0000e+00, 
 2DIAGNOSTIC,    26, -4.813111597029e-01, 1.175561631525e-06, 0.0000e+00, 0.0000e+00, 
 2DIAGNOSTIC,    27, -4.813111595679e-01, 1.142173610233e-06, 0.0000e+00, 0.0000e+00, 
 2DIAGNOSTIC,    28, -4.813111667115e-01, 1.105034308578e-06, 0.0000e+00, 0.0000e+00, 
 2DIAGNOSTIC,    29, -4.813111946051e-01, 1.073410239687e-06, 0.0000e+00, 0.0000e+00, 
 2DIAGNOSTIC,    30, -4.813113303487e-01, 1.040439307827e-06, 0.0000e+00, 0.0000e+00, 
 2DIAGNOSTIC,    31, -4.813118619286e-01, 1.020918915101e-06, 0.0000e+00, 0.0000e+00, 
 2DIAGNOSTIC,    32, -4.813118381657e-01, 1.001959511533e-06, 0.0000e+00, 0.0000e+00, 
  Elapsed time (stage 0): 0.0000e+00


Total elapsed time: 0.0000e+00
Info [verificarlo]: loaded backend libinterflop_vprec.so
Info [interflop-vprec]: load backend with: 
Info [interflop-vprec]: precision-binary32 = 17
Info [interflop-vprec]: range-binary32 = 7
Info [interflop-vprec]: precision-binary64 = 17
Info [interflop-vprec]: range-binary64 = 7
Info [interflop-vprec]: mode = ob
Info [interflop-vprec]: error-mode = rel
Info [interflop-vprec]: max-abs-error-exponent = -1022
Info [interflop-vprec]: daz = false
Info [interflop-vprec]: ftz = false
Info [interflop-vprec]: 	instrument = none
Info [interflop-vprec]: 	prec-input-file = (null)
Info [interflop-vprec]: 	prec-output-file = (null)
Info [interflop-vprec]: 	prec-log-file = (null)
All_Command_lines_OK
Using double precision for computations.
=============================================================================
The composite transform comprises the following transforms (in order): 
  1. /home/mdugre/scratch/mri-registration-rp/datasets/ds004513/derivatives/mri-registration-rp/0110/antsRegistration-r7-p17/sub-s012/rigid_Composite.h5[0] (type = Euler3DTransform)
  2. /home/mdugre/scratch/mri-registration-rp/datasets/ds004513/derivatives/mri-registration-rp/0110/antsRegistration-r7-p17/sub-s012/rigid_Composite.h5[1] (type = Euler3DTransform)
  3. /home/mdugre/scratch/mri-registration-rp/datasets/ds004513/derivatives/mri-registration-rp/0110/antsRegistration-r7-p17/sub-s012/rigid_Composite.h5[2] (type = Euler3DTransform)
=============================================================================
  number of levels = 4
  fixed image: /templateflow/tpl-MNI152NLin2009cAsym/tpl-MNI152NLin2009cAsym_res-01_desc-brain_T1w.nii.gz
  moving image: /home/mdugre/scratch/mri-registration-rp/datasets/ds004513/derivatives/mri-registration-rp/antsBrainExtraction/sub-s012/BrainExtractionBrain.nii.gz
Dimension = 3
Number of stages = 1
Use histogram matching = false
Winsorize image intensities = true
  Lower quantile = 0.005
  Upper quantile = 0.995


Stage 1 State
   Image metric = MattesMI
     Fixed image = Image (0x4740490)
  RTTI typeinfo:   itk::Image<double, 3u>
  Reference Count: 2
  Modified Time: 1592
  Debug: Off
  Object Name: 
  Observers: 
    none
  Source: (none)
  Source output name: (none)
  Release Data: Off
  Data Released: False
  Global Release Data: Off
  PipelineMTime: 0
  UpdateMTime: 1203
  RealTimeStamp: 0 seconds 
  LargestPossibleRegion: 
    Dimension: 3
    Index: [0, 0, 0]
    Size: [193, 229, 193]
  BufferedRegion: 
    Dimension: 3
    Index: [0, 0, 0]
    Size: [193, 229, 193]
  RequestedRegion: 
    Dimension: 3
    Index: [0, 0, 0]
    Size: [193, 229, 193]
  Spacing: [1, 1, 1]
  Origin: [96, 132, -78]
  Direction: 
-1 0 0
0 -1 0
0 0 1

  IndexToPointMatrix: 
-1 0 0
0 -1 0
0 0 1

  PointToIndexMatrix: 
-1 0 0
0 -1 0
0 0 1

  Inverse Direction: 
-1 0 0
0 -1 0
0 0 1

  PixelContainer: 
    ImportImageContainer (0x4815970)
      RTTI typeinfo:   itk::ImportImageContainer<unsigned long, double>
      Reference Count: 1
      Modified Time: 1200
      Debug: Off
      Object Name: 
      Observers: 
        none
      Pointer: 0x1521007b2010
      Container manages memory: true
      Size: 8530021
      Capacity: 8530021

     Moving image = Image (0x47fbcd0)
  RTTI typeinfo:   itk::Image<double, 3u>
  Reference Count: 2
  Modified Time: 1593
  Debug: Off
  Object Name: 
  Observers: 
    none
  Source: (none)
  Source output name: (none)
  Release Data: Off
  Data Released: False
  Global Release Data: Off
  PipelineMTime: 0
  UpdateMTime: 1590
  RealTimeStamp: 0 seconds 
  LargestPossibleRegion: 
    Dimension: 3
    Index: [0, 0, 0]
    Size: [176, 240, 256]
  BufferedRegion: 
    Dimension: 3
    Index: [0, 0, 0]
    Size: [176, 240, 256]
  RequestedRegion: 
    Dimension: 3
    Index: [0, 0, 0]
    Size: [176, 240, 256]
  Spacing: [1, 1, 1]
  Origin: [65.5298, 106.835, -142.348]
  Direction: 
-0.983887 0.178802 0
-0.178802 -0.983887 0
0 0 1

  IndexToPointMatrix: 
-0.983887 0.178802 0
-0.178802 -0.983887 0
0 0 1

  PointToIndexMatrix: 
-0.983887 -0.178802 0
0.178802 -0.983887 0
0 0 1

  Inverse Direction: 
-0.983887 -0.178802 0
0.178802 -0.983887 0
0 0 1

  PixelContainer: 
    ImportImageContainer (0x47f0b80)
      RTTI typeinfo:   itk::ImportImageContainer<unsigned long, double>
      Reference Count: 1
      Modified Time: 1587
      Debug: Off
      Object Name: 
      Observers: 
        none
      Pointer: 0x1520fb531010
      Container manages memory: true
      Size: 10813440
      Capacity: 10813440

     Weighting = 1
     Sampling strategy = regular
     Number of bins = 32
     Radius = 4
     Sampling percentage  = 0.25
   Transform = Affine
     Gradient step = 0.1
     Update field sigma (voxel space) = 0
     Total field sigma (voxel space) = 0
     Update field time sigma = 0
     Total field time sigma  = 0
     Number of time indices = 0
     Number of time point samples = 0
Registration using 1 total stages.

Stage 0
  iterations = 1000x500x250x100
  convergence threshold = 1e-06
  convergence window size = 10
  number of levels = 4
  using the Mattes MI metric (number of bins = 32, weight = 1, use gradient filter = 0)
  preprocessing:  winsorizing the image intensities
  Shrink factors (level 1 out of 4): [8, 8, 8]
  Shrink factors (level 2 out of 4): [4, 4, 4]
  Shrink factors (level 3 out of 4): [2, 2, 2]
  Shrink factors (level 4 out of 4): [1, 1, 1]
  smoothing sigmas per level: [3, 2, 1, 0]
  regular sampling (percentage = 0.25)

*** Running AffineTransform registration ***

DIAGNOSTIC,Iteration,metricValue,convergenceValue,ITERATION_TIME_INDEX,SINCE_LAST
 2DIAGNOSTIC,     1, -7.315846639549e-01, 1.797693134862e+308, 0.0000e+00, 0.0000e+00, 
 2DIAGNOSTIC,     2, -7.345545197907e-01, 1.797693134862e+308, 0.0000e+00, 0.0000e+00, 
 2DIAGNOSTIC,     3, -7.399406938620e-01, 1.797693134862e+308, 0.0000e+00, 0.0000e+00, 
 2DIAGNOSTIC,     4, -7.488765510995e-01, 1.797693134862e+308, 0.0000e+00, 0.0000e+00, 
 2DIAGNOSTIC,     5, -7.614928819039e-01, 1.797693134862e+308, 0.0000e+00, 0.0000e+00, 
 2DIAGNOSTIC,     6, -8.000561269612e-01, 1.797693134862e+308, 0.0000e+00, 0.0000e+00, 
 2DIAGNOSTIC,     7, -8.514969412365e-01, 1.797693134862e+308, 0.0000e+00, 0.0000e+00, 
 2DIAGNOSTIC,     8, -8.526784409958e-01, 1.797693134862e+308, 0.0000e+00, 0.0000e+00, 
 2DIAGNOSTIC,     9, -8.547142590183e-01, 1.797693134862e+308, 0.0000e+00, 0.0000e+00, 
 2DIAGNOSTIC,    10, -8.588749456423e-01, 1.310256778252e-02, 0.0000e+00, 0.0000e+00, 
 2DIAGNOSTIC,    11, -8.639861954505e-01, 1.159039468372e-02, 0.0000e+00, 0.0000e+00, 
 2DIAGNOSTIC,    12, -8.718801452968e-01, 9.601199040040e-03, 0.0000e+00, 0.0000e+00, 
 2DIAGNOSTIC,    13, -8.794258946334e-01, 7.428728621323e-03, 0.0000e+00, 0.0000e+00, 
 2DIAGNOSTIC,    14, -8.950980336209e-01, 5.545558069018e-03, 0.0000e+00, 0.0000e+00, 
 2DIAGNOSTIC,    15, -8.953339090263e-01, 3.710414105217e-03, 0.0000e+00, 0.0000e+00, 
 2DIAGNOSTIC,    16, -8.952780580266e-01, 2.585343604829e-03, 0.0000e+00, 0.0000e+00, 
 2DIAGNOSTIC,    17, -8.953615065224e-01, 2.405237026931e-03, 0.0000e+00, 0.0000e+00, 
 2DIAGNOSTIC,    18, -8.954008360936e-01, 2.045965519298e-03, 0.0000e+00, 0.0000e+00, 
 2DIAGNOSTIC,    19, -8.954979527978e-01, 1.572479492234e-03, 0.0000e+00, 0.0000e+00, 
 2DIAGNOSTIC,    20, -8.953177376364e-01, 1.071379409275e-03, 0.0000e+00, 0.0000e+00, 
 2DIAGNOSTIC,    21, -8.949805545927e-01, 6.002477669733e-04, 0.0000e+00, 0.0000e+00, 
 2DIAGNOSTIC,    22, -8.951006128264e-01, 2.408636014537e-04, 0.0000e+00, 0.0000e+00, 
DIAGNOSTIC,Iteration,metricValue,convergenceValue,ITERATION_TIME_INDEX,SINCE_LAST
 2DIAGNOSTIC,     1, -7.486065384226e-01, 1.797693134862e+308, 0.0000e+00, 0.0000e+00, 
 2DIAGNOSTIC,     2, -7.495680184174e-01, 1.797693134862e+308, 0.0000e+00, 0.0000e+00, 
 2DIAGNOSTIC,     3, -7.502979835233e-01, 1.797693134862e+308, 0.0000e+00, 0.0000e+00, 
 2DIAGNOSTIC,     4, -7.506812731773e-01, 1.797693134862e+308, 0.0000e+00, 0.0000e+00, 
 2DIAGNOSTIC,     5, -7.512048834587e-01, 1.797693134862e+308, 0.0000e+00, 0.0000e+00, 
 2DIAGNOSTIC,     6, -7.517570296331e-01, 1.797693134862e+308, 0.0000e+00, 0.0000e+00, 
 2DIAGNOSTIC,     7, -7.518697109394e-01, 1.797693134862e+308, 0.0000e+00, 0.0000e+00, 
 2DIAGNOSTIC,     8, -7.519505285693e-01, 1.797693134862e+308, 0.0000e+00, 0.0000e+00, 
 2DIAGNOSTIC,     9, -7.527653030671e-01, 1.797693134862e+308, 0.0000e+00, 0.0000e+00, 
 2DIAGNOSTIC,    10, -7.530358686145e-01, 3.447551884614e-04, 0.0000e+00, 0.0000e+00, 
 2DIAGNOSTIC,    11, -7.530318660521e-01, 2.671613444443e-04, 0.0000e+00, 0.0000e+00, 
 2DIAGNOSTIC,    12, -7.529991316484e-01, 2.082500335886e-04, 0.0000e+00, 0.0000e+00, 
 2DIAGNOSTIC,    13, -7.529786780554e-01, 1.606333673020e-04, 0.0000e+00, 0.0000e+00, 
 2DIAGNOSTIC,    14, -7.529781113322e-01, 1.152194343427e-04, 0.0000e+00, 0.0000e+00, 
 2DIAGNOSTIC,    15, -7.529939529544e-01, 7.861150747607e-05, 0.0000e+00, 0.0000e+00, 
 2DIAGNOSTIC,    16, -7.529542666238e-01, 5.190106907051e-05, 0.0000e+00, 0.0000e+00, 
 2DIAGNOSTIC,    17, -7.529573806239e-01, 2.662440579358e-05, 0.0000e+00, 0.0000e+00, 
 2DIAGNOSTIC,    18, -7.529604057596e-01, 3.212238770055e-06, 0.0000e+00, 0.0000e+00, 
DIAGNOSTIC,Iteration,metricValue,convergenceValue,ITERATION_TIME_INDEX,SINCE_LAST
 2DIAGNOSTIC,     1, -6.313329007171e-01, 1.797693134862e+308, 0.0000e+00, 0.0000e+00, 
 2DIAGNOSTIC,     2, -6.319966923302e-01, 1.797693134862e+308, 0.0000e+00, 0.0000e+00, 
 2DIAGNOSTIC,     3, -6.325258540800e-01, 1.797693134862e+308, 0.0000e+00, 0.0000e+00, 
 2DIAGNOSTIC,     4, -6.328579839292e-01, 1.797693134862e+308, 0.0000e+00, 0.0000e+00, 
 2DIAGNOSTIC,     5, -6.332409546972e-01, 1.797693134862e+308, 0.0000e+00, 0.0000e+00, 
 2DIAGNOSTIC,     6, -6.339734611067e-01, 1.797693134862e+308, 0.0000e+00, 0.0000e+00, 
 2DIAGNOSTIC,     7, -6.339822483675e-01, 1.797693134862e+308, 0.0000e+00, 0.0000e+00, 
 2DIAGNOSTIC,     8, -6.339827412347e-01, 1.797693134862e+308, 0.0000e+00, 0.0000e+00, 
 2DIAGNOSTIC,     9, -6.339788553537e-01, 1.797693134862e+308, 0.0000e+00, 0.0000e+00, 
 2DIAGNOSTIC,    10, -6.339754306806e-01, 2.743932245669e-04, 0.0000e+00, 0.0000e+00, 
 2DIAGNOSTIC,    11, -6.339758910405e-01, 1.815826230094e-04, 0.0000e+00, 0.0000e+00, 
 2DIAGNOSTIC,    12, -6.339719179008e-01, 1.126118587435e-04, 0.0000e+00, 0.0000e+00, 
 2DIAGNOSTIC,    13, -6.339730652519e-01, 6.288161307046e-05, 0.0000e+00, 0.0000e+00, 
 2DIAGNOSTIC,    14, -6.339719120420e-01, 2.531476531210e-05, 0.0000e+00, 0.0000e+00, 
 2DIAGNOSTIC,    15, -6.339735008500e-01, 1.534920571353e-06, 0.0000e+00, 0.0000e+00, 
 2DIAGNOSTIC,    16, -6.339730064372e-01, 1.298584772449e-06, 0.0000e+00, 0.0000e+00, 
 2DIAGNOSTIC,    17, -6.339727738186e-01, 1.376560985478e-06, 0.0000e+00, 0.0000e+00, 
 2DIAGNOSTIC,    18, -6.339727519815e-01, 1.504325245580e-06, 0.0000e+00, 0.0000e+00, 
 2DIAGNOSTIC,    19, -6.339727571573e-01, 1.550770000761e-06, 0.0000e+00, 0.0000e+00, 
 2DIAGNOSTIC,    20, -6.339727601880e-01, 1.524362511635e-06, 0.0000e+00, 0.0000e+00, 
 2DIAGNOSTIC,    21, -6.339727601880e-01, 1.517493755383e-06, 0.0000e+00, 0.0000e+00, 
 2DIAGNOSTIC,    22, -6.339727601880e-01, 1.428379835688e-06, 0.0000e+00, 0.0000e+00, 
 2DIAGNOSTIC,    23, -6.339727601880e-01, 1.370670539701e-06, 0.0000e+00, 0.0000e+00, 
 2DIAGNOSTIC,    24, -6.339727601880e-01, 1.295144894352e-06, 0.0000e+00, 0.0000e+00, 
 2DIAGNOSTIC,    25, -6.339727601880e-01, 1.256051858536e-06, 0.0000e+00, 0.0000e+00, 
 2DIAGNOSTIC,    26, -6.339727601880e-01, 1.211973819845e-06, 0.0000e+00, 0.0000e+00, 
 2DIAGNOSTIC,    27, -6.339727601880e-01, 1.167317518876e-06, 0.0000e+00, 0.0000e+00, 
 2DIAGNOSTIC,    28, -6.339727601880e-01, 1.125483789034e-06, 0.0000e+00, 0.0000e+00, 
 2DIAGNOSTIC,    29, -6.339727601880e-01, 1.086610496290e-06, 0.0000e+00, 0.0000e+00, 
 2DIAGNOSTIC,    30, -6.339727601880e-01, 1.050375137708e-06, 0.0000e+00, 0.0000e+00, 
 2DIAGNOSTIC,    31, -6.339727601880e-01, 1.016478481664e-06, 0.0000e+00, 0.0000e+00, 
DIAGNOSTIC,Iteration,metricValue,convergenceValue,ITERATION_TIME_INDEX,SINCE_LAST
 2DIAGNOSTIC,     1, -5.615872990688e-01, 1.797693134862e+308, 0.0000e+00, 0.0000e+00, 
 2DIAGNOSTIC,     2, -5.619565887292e-01, 1.797693134862e+308, 0.0000e+00, 0.0000e+00, 
 2DIAGNOSTIC,     3, -5.622586028698e-01, 1.797693134862e+308, 0.0000e+00, 0.0000e+00, 
 2DIAGNOSTIC,     4, -5.625742158275e-01, 1.797693134862e+308, 0.0000e+00, 0.0000e+00, 
 2DIAGNOSTIC,     5, -5.629246701668e-01, 1.797693134862e+308, 0.0000e+00, 0.0000e+00, 
 2DIAGNOSTIC,     6, -5.629315554678e-01, 1.797693134862e+308, 0.0000e+00, 0.0000e+00, 
 2DIAGNOSTIC,     7, -5.630007370826e-01, 1.797693134862e+308, 0.0000e+00, 0.0000e+00, 
 2DIAGNOSTIC,     8, -5.630007570024e-01, 1.797693134862e+308, 0.0000e+00, 0.0000e+00, 
 2DIAGNOSTIC,     9, -5.630013855161e-01, 1.797693134862e+308, 0.0000e+00, 0.0000e+00, 
 2DIAGNOSTIC,    10, -5.630017173213e-01, 1.571447479953e-04, 0.0000e+00, 0.0000e+00, 
 2DIAGNOSTIC,    11, -5.630014137910e-01, 9.658274581394e-05, 0.0000e+00, 0.0000e+00, 
 2DIAGNOSTIC,    12, -5.630002920273e-01, 5.320101648662e-05, 0.0000e+00, 0.0000e+00, 
 2DIAGNOSTIC,    13, -5.630005875195e-01, 2.348382999291e-05, 0.0000e+00, 0.0000e+00, 
 2DIAGNOSTIC,    14, -5.630005990769e-01, 7.167203473990e-06, 0.0000e+00, 0.0000e+00, 
 2DIAGNOSTIC,    15, -5.630005977416e-01, 4.398480647386e-06, 0.0000e+00, 0.0000e+00, 
 2DIAGNOSTIC,    16, -5.630005968708e-01, 1.920716291112e-06, 0.0000e+00, 0.0000e+00, 
 2DIAGNOSTIC,    17, -5.630005936496e-01, 1.795046831114e-06, 0.0000e+00, 0.0000e+00, 
 2DIAGNOSTIC,    18, -5.630005891874e-01, 1.688631943435e-06, 0.0000e+00, 0.0000e+00, 
 2DIAGNOSTIC,    19, -5.630005876009e-01, 1.614953962822e-06, 0.0000e+00, 0.0000e+00, 
 2DIAGNOSTIC,    20, -5.630005843088e-01, 1.560974545879e-06, 0.0000e+00, 0.0000e+00, 
 2DIAGNOSTIC,    21, -5.630005563815e-01, 1.506379295434e-06, 0.0000e+00, 0.0000e+00, 
 2DIAGNOSTIC,    22, -5.630005552132e-01, 1.430241812060e-06, 0.0000e+00, 0.0000e+00, 
 2DIAGNOSTIC,    23, -5.630005579874e-01, 1.367442152067e-06, 0.0000e+00, 0.0000e+00, 
 2DIAGNOSTIC,    24, -5.630005562694e-01, 1.310302435165e-06, 0.0000e+00, 0.0000e+00, 
 2DIAGNOSTIC,    25, -5.630005504394e-01, 1.257826989801e-06, 0.0000e+00, 0.0000e+00, 
 2DIAGNOSTIC,    26, -5.630005519678e-01, 1.209644698193e-06, 0.0000e+00, 0.0000e+00, 
 2DIAGNOSTIC,    27, -5.630005599309e-01, 1.165322773257e-06, 0.0000e+00, 0.0000e+00, 
 2DIAGNOSTIC,    28, -5.630005597005e-01, 1.124216339896e-06, 0.0000e+00, 0.0000e+00, 
 2DIAGNOSTIC,    29, -5.630005490588e-01, 1.085824301146e-06, 0.0000e+00, 0.0000e+00, 
 2DIAGNOSTIC,    30, -5.630005497267e-01, 1.050025080190e-06, 0.0000e+00, 0.0000e+00, 
 2DIAGNOSTIC,    31, -5.630005512934e-01, 1.016118374920e-06, 0.0000e+00, 0.0000e+00, 
  Elapsed time (stage 0): 0.0000e+00


Total elapsed time: 0.0000e+00
Info [verificarlo]: loaded backend libinterflop_ieee.so
Info [interflop-ieee]: load backend with:
Info [interflop-ieee]: debug = false
Info [interflop-ieee]: debug-binary = false
Info [interflop-ieee]: no-backend-name = false
Info [interflop-ieee]: print-new-line = false
Info [interflop-ieee]: print-subnormal-normalized = false
Info [interflop-ieee]: count-op = false
All_Command_lines_OK
Using double precision for computations.
=============================================================================
The composite transform comprises the following transforms (in order): 
  1. /home/mdugre/scratch/mri-registration-rp/datasets/ds004513/derivatives/mri-registration-rp/0110/antsRegistration-r7-p17/sub-s012/affine_Composite.h5[0] (type = Euler3DTransform)
  2. /home/mdugre/scratch/mri-registration-rp/datasets/ds004513/derivatives/mri-registration-rp/0110/antsRegistration-r7-p17/sub-s012/affine_Composite.h5[1] (type = Euler3DTransform)
  3. /home/mdugre/scratch/mri-registration-rp/datasets/ds004513/derivatives/mri-registration-rp/0110/antsRegistration-r7-p17/sub-s012/affine_Composite.h5[2] (type = Euler3DTransform)
  4. /home/mdugre/scratch/mri-registration-rp/datasets/ds004513/derivatives/mri-registration-rp/0110/antsRegistration-r7-p17/sub-s012/affine_Composite.h5[3] (type = AffineTransform)
=============================================================================
  number of levels = 4
  fixed image: /templateflow/tpl-MNI152NLin2009cAsym/tpl-MNI152NLin2009cAsym_res-01_desc-brain_T1w.nii.gz
  moving image: /home/mdugre/scratch/mri-registration-rp/datasets/ds004513/derivatives/mri-registration-rp/antsBrainExtraction/sub-s012/BrainExtractionBrain.nii.gz
Dimension = 3
Number of stages = 1
Use histogram matching = false
Winsorize image intensities = true
  Lower quantile = 0.005
  Upper quantile = 0.995


Stage 1 State
   Image metric = CC
     Fixed image = Image (0x3befa40)
  RTTI typeinfo:   itk::Image<double, 3u>
  Reference Count: 2
  Modified Time: 1608
  Debug: Off
  Object Name: 
  Observers: 
    none
  Source: (none)
  Source output name: (none)
  Release Data: Off
  Data Released: False
  Global Release Data: Off
  PipelineMTime: 0
  UpdateMTime: 1217
  RealTimeStamp: 0 seconds 
  LargestPossibleRegion: 
    Dimension: 3
    Index: [0, 0, 0]
    Size: [193, 229, 193]
  BufferedRegion: 
    Dimension: 3
    Index: [0, 0, 0]
    Size: [193, 229, 193]
  RequestedRegion: 
    Dimension: 3
    Index: [0, 0, 0]
    Size: [193, 229, 193]
  Spacing: [1, 1, 1]
  Origin: [96, 132, -78]
  Direction: 
-1 0 0
0 -1 0
0 0 1

  IndexToPointMatrix: 
-1 0 0
0 -1 0
0 0 1

  PointToIndexMatrix: 
-1 0 0
0 -1 0
0 0 1

  Inverse Direction: 
-1 0 0
0 -1 0
0 0 1

  PixelContainer: 
    ImportImageContainer (0x3cc5600)
      RTTI typeinfo:   itk::ImportImageContainer<unsigned long, double>
      Reference Count: 1
      Modified Time: 1214
      Debug: Off
      Object Name: 
      Observers: 
        none
      Pointer: 0x154d3ef01010
      Container manages memory: true
      Size: 8530021
      Capacity: 8530021

     Moving image = Image (0x3cab520)
  RTTI typeinfo:   itk::Image<double, 3u>
  Reference Count: 2
  Modified Time: 1609
  Debug: Off
  Object Name: 
  Observers: 
    none
  Source: (none)
  Source output name: (none)
  Release Data: Off
  Data Released: False
  Global Release Data: Off
  PipelineMTime: 0
  UpdateMTime: 1606
  RealTimeStamp: 0 seconds 
  LargestPossibleRegion: 
    Dimension: 3
    Index: [0, 0, 0]
    Size: [176, 240, 256]
  BufferedRegion: 
    Dimension: 3
    Index: [0, 0, 0]
    Size: [176, 240, 256]
  RequestedRegion: 
    Dimension: 3
    Index: [0, 0, 0]
    Size: [176, 240, 256]
  Spacing: [1, 1, 1]
  Origin: [65.5297, 106.836, -142.348]
  Direction: 
-0.983885 0.178802 0
-0.178802 -0.983885 0
0 0 1

  IndexToPointMatrix: 
-0.983887 0.178802 0
-0.178803 -0.983885 0
0 0 1

  PointToIndexMatrix: 
-0.983883 -0.178802 0
0.178802 -0.983885 0
0 0 1

  Inverse Direction: 
-0.983885 -0.178802 0
0.178802 -0.983885 0
0 0 1

  PixelContainer: 
    ImportImageContainer (0x3cbe6a0)
      RTTI typeinfo:   itk::ImportImageContainer<unsigned long, double>
      Reference Count: 1
      Modified Time: 1603
      Debug: Off
      Object Name: 
      Observers: 
        none
      Pointer: 0x154d39c80010
      Container manages memory: true
      Size: 10813440
      Capacity: 10813440

     Weighting = 1
     Sampling strategy = none
     Number of bins = 32
     Radius = 4
     Sampling percentage  = 1
   Transform = SyN
     Gradient step = 0.1
     Update field sigma (voxel space) = 3
     Total field sigma (voxel space) = 0
     Update field time sigma = 0
     Total field time sigma  = 0
     Number of time indices = 0
     Number of time point samples = 0
Registration using 1 total stages.

Stage 0
  iterations = 100x70x50x20
  convergence threshold = 1e-06
  convergence window size = 10
  number of levels = 4
  using the CC metric (radius = 4, weight = 1, use gradient filter = 0)
  preprocessing:  winsorizing the image intensities
  Shrink factors (level 1 out of 4): [8, 8, 8]
  Shrink factors (level 2 out of 4): [4, 4, 4]
  Shrink factors (level 3 out of 4): [2, 2, 2]
  Shrink factors (level 4 out of 4): [1, 1, 1]
  smoothing sigmas per level: [3, 2, 1, 0]
  Using default NONE metricSamplingStrategy 

*** Running SyN registration (varianceForUpdateField = 3, varianceForTotalField = 0) ***

XXDIAGNOSTIC,Iteration,metricValue,convergenceValue,ITERATION_TIME_INDEX,SINCE_LAST
 1DIAGNOSTIC,     1, -9.257779503821e-01, 1.797693134862e+308, 1.2200e+00, 1.2200e+00, 
 1DIAGNOSTIC,     2, -9.351308933241e-01, 1.797693134862e+308, 1.5519e+00, 3.3190e-01, 
 1DIAGNOSTIC,     3, -9.418764146805e-01, 1.797693134862e+308, 1.9002e+00, 3.4837e-01, 
 1DIAGNOSTIC,     4, -9.466442332371e-01, 1.797693134862e+308, 2.2336e+00, 3.3343e-01, 
 1DIAGNOSTIC,     5, -9.504094544226e-01, 1.797693134862e+308, 2.5663e+00, 3.3262e-01, 
 1DIAGNOSTIC,     6, -9.546265612614e-01, 1.797693134862e+308, 2.9085e+00, 3.4226e-01, 
 1DIAGNOSTIC,     7, -9.594188069745e-01, 1.797693134862e+308, 3.2546e+00, 3.4605e-01, 
 1DIAGNOSTIC,     8, -9.637604583069e-01, 1.797693134862e+308, 3.6006e+00, 3.4601e-01, 
 1DIAGNOSTIC,     9, -9.668151265199e-01, 1.797693134862e+308, 3.9956e+00, 3.9497e-01, 
 1DIAGNOSTIC,    10, -9.669698838718e-01, 2.719270837029e-03, 4.3411e+00, 3.4555e-01, 
 1DIAGNOSTIC,    11, -9.686813203031e-01, 2.081825523328e-03, 4.6807e+00, 3.3958e-01, 
 1DIAGNOSTIC,    12, -9.686592196689e-01, 1.593153548211e-03, 5.0095e+00, 3.2880e-01, 
 1DIAGNOSTIC,    13, -9.697774425487e-01, 1.214837537890e-03, 5.3351e+00, 3.2564e-01, 
 1DIAGNOSTIC,    14, -9.696568789530e-01, 8.788933629442e-04, 5.6781e+00, 3.4292e-01, 
 1DIAGNOSTIC,    15, -9.701422842952e-01, 5.925641168059e-04, 6.0121e+00, 3.3402e-01, 
 1DIAGNOSTIC,    16, -9.700003586799e-01, 3.628000760433e-04, 6.3625e+00, 3.5044e-01, 
 1DIAGNOSTIC,    17, -9.703593850017e-01, 2.154918042500e-04, 6.6993e+00, 3.3679e-01, 
 1DIAGNOSTIC,    18, -9.702293493195e-01, 1.330138588888e-04, 7.0466e+00, 3.4729e-01, 
 1DIAGNOSTIC,    19, -9.704574805595e-01, 9.858387477072e-05, 7.3910e+00, 3.4445e-01, 
 1DIAGNOSTIC,    20, -9.703356379106e-01, 5.852144065082e-05, 7.7437e+00, 3.5261e-01, 
 1DIAGNOSTIC,    21, -9.705512663795e-01, 4.436993718782e-05, 8.0864e+00, 3.4274e-01, 
 1DIAGNOSTIC,    22, -9.704540610582e-01, 2.545174701394e-05, 8.4287e+00, 3.4228e-01, 
 1DIAGNOSTIC,    23, -9.706418579876e-01, 2.286211000049e-05, 8.7600e+00, 3.3138e-01, 
 1DIAGNOSTIC,    24, -9.705557159479e-01, 1.574144912032e-05, 9.0951e+00, 3.3509e-01, 
 1DIAGNOSTIC,    25, -9.707121441928e-01, 1.553959926584e-05, 9.4357e+00, 3.4052e-01, 
 1DIAGNOSTIC,    26, -9.706393058986e-01, 1.142257515386e-05, 9.7691e+00, 3.3342e-01, 
 1DIAGNOSTIC,    27, -9.707622489586e-01, 1.199946226899e-05, 1.0175e+01, 4.0640e-01, 
 1DIAGNOSTIC,    28, -9.707079719299e-01, 9.480525298436e-06, 1.0520e+01, 3.4474e-01, 
 1DIAGNOSTIC,    29, -9.708053176177e-01, 9.725843830084e-06, 1.0853e+01, 3.3249e-01, 
 1DIAGNOSTIC,    30, -9.707667143974e-01, 7.486466138691e-06, 1.1177e+01, 3.2476e-01, 
 1DIAGNOSTIC,    31, -9.708441666854e-01, 7.621714213882e-06, 1.1551e+01, 3.7337e-01, 
 1DIAGNOSTIC,    32, -9.708077085605e-01, 5.832789757777e-06, 1.1894e+01, 3.4305e-01, 
 1DIAGNOSTIC,    33, -9.707258365675e-01, 4.681732325040e-06, 1.2255e+01, 3.6159e-01, 
 1DIAGNOSTIC,    34, -9.706958763717e-01, 2.227599079557e-06, 1.2588e+01, 3.3214e-01, 
 1DIAGNOSTIC,    35, -9.706535812153e-01, 7.693869711646e-07, 1.2922e+01, 3.3400e-01, 
XXDIAGNOSTIC,Iteration,metricValue,convergenceValue,ITERATION_TIME_INDEX,SINCE_LAST
 1DIAGNOSTIC,     1, -9.128349546793e-01, 1.797693134862e+308, 1.5809e+01, 2.8875e+00, 
 1DIAGNOSTIC,     2, -9.163642945904e-01, 1.797693134862e+308, 1.8015e+01, 2.2057e+00, 
 1DIAGNOSTIC,     3, -9.205449861593e-01, 1.797693134862e+308, 2.0401e+01, 2.3861e+00, 
 1DIAGNOSTIC,     4, -9.241624296208e-01, 1.797693134862e+308, 2.2583e+01, 2.1825e+00, 
 1DIAGNOSTIC,     5, -9.272490897627e-01, 1.797693134862e+308, 2.4916e+01, 2.3321e+00, 
 1DIAGNOSTIC,     6, -9.300349031184e-01, 1.797693134862e+308, 2.7238e+01, 2.3225e+00, 
 1DIAGNOSTIC,     7, -9.322461416623e-01, 1.797693134862e+308, 2.9422e+01, 2.1842e+00, 
 1DIAGNOSTIC,     8, -9.341575570819e-01, 1.797693134862e+308, 3.1805e+01, 2.3831e+00, 
 1DIAGNOSTIC,     9, -9.357162122376e-01, 1.797693134862e+308, 3.4034e+01, 2.2282e+00, 
 1DIAGNOSTIC,    10, -9.369909719487e-01, 1.684892683015e-03, 3.6392e+01, 2.3587e+00, 
 1DIAGNOSTIC,    11, -9.380505838363e-01, 1.332474665641e-03, 3.8578e+01, 2.1852e+00, 
 1DIAGNOSTIC,    12, -9.389661613020e-01, 1.031721813087e-03, 4.0779e+01, 2.2019e+00, 
 1DIAGNOSTIC,    13, -9.397583462616e-01, 8.003325358250e-04, 4.3204e+01, 2.4250e+00, 
 1DIAGNOSTIC,    14, -9.402666081240e-01, 6.187787545164e-04, 4.5409e+01, 2.2050e+00, 
 1DIAGNOSTIC,    15, -9.409236235955e-01, 4.806940350603e-04, 4.7700e+01, 2.2901e+00, 
 1DIAGNOSTIC,    16, -9.412084572434e-01, 3.739324658217e-04, 4.9890e+01, 2.1905e+00, 
 1DIAGNOSTIC,    17, -9.414877218801e-01, 2.897501182077e-04, 5.2087e+01, 2.1973e+00, 
 1DIAGNOSTIC,    18, -9.417584296552e-01, 2.249405721580e-04, 5.4358e+01, 2.2709e+00, 
 1DIAGNOSTIC,    19, -9.420079592999e-01, 1.749579277295e-04, 5.6584e+01, 2.2253e+00, 
 1DIAGNOSTIC,    20, -9.422379656898e-01, 1.365189510405e-04, 5.8907e+01, 2.3238e+00, 
 1DIAGNOSTIC,    21, -9.424592569370e-01, 1.075330938968e-04, 6.1290e+01, 2.3827e+00, 
 1DIAGNOSTIC,    22, -9.426666853014e-01, 8.666394425222e-05, 6.3511e+01, 2.2209e+00, 
 1DIAGNOSTIC,    23, -9.428570460031e-01, 7.253322382198e-05, 6.5727e+01, 2.2157e+00, 
 1DIAGNOSTIC,    24, -9.430356870175e-01, 6.141341712122e-05, 6.7919e+01, 2.1920e+00, 
 1DIAGNOSTIC,    25, -9.432029092126e-01, 5.549851065645e-05, 7.0116e+01, 2.1973e+00, 
 1DIAGNOSTIC,    26, -9.433596493781e-01, 5.003623728647e-05, 7.2436e+01, 2.3198e+00, 
 1DIAGNOSTIC,    27, -9.435023959279e-01, 4.506758886621e-05, 7.4635e+01, 2.1993e+00, 
 1DIAGNOSTIC,    28, -9.436324260125e-01, 4.060884991312e-05, 7.6879e+01, 2.2437e+00, 
 1DIAGNOSTIC,    29, -9.437510065872e-01, 3.653931535513e-05, 7.9093e+01, 2.2136e+00, 
 1DIAGNOSTIC,    30, -9.438571679372e-01, 3.274850553218e-05, 8.1306e+01, 2.2139e+00, 
 1DIAGNOSTIC,    31, -9.439586394132e-01, 2.932359145267e-05, 8.3791e+01, 2.4840e+00, 
 1DIAGNOSTIC,    32, -9.440443053712e-01, 2.617534995941e-05, 8.6119e+01, 2.3284e+00, 
 1DIAGNOSTIC,    33, -9.441351244016e-01, 2.338495716998e-05, 8.8398e+01, 2.2795e+00, 
 1DIAGNOSTIC,    34, -9.442062581455e-01, 2.082843208522e-05, 9.0592e+01, 2.1941e+00, 
 1DIAGNOSTIC,    35, -9.442695110688e-01, 1.850050287945e-05, 9.2804e+01, 2.2121e+00, 
 1DIAGNOSTIC,    36, -9.443302072541e-01, 1.643935998131e-05, 9.5143e+01, 2.3386e+00, 
 1DIAGNOSTIC,    37, -9.443718134895e-01, 1.449890538986e-05, 9.7366e+01, 2.2233e+00, 
 1DIAGNOSTIC,    38, -9.444225179520e-01, 1.278718805952e-05, 9.9591e+01, 2.2243e+00, 
 1DIAGNOSTIC,    39, -9.444604373326e-01, 1.122375190623e-05, 1.0179e+02, 2.2013e+00, 
 1DIAGNOSTIC,    40, -9.444957627832e-01, 9.804508088553e-06, 1.0406e+02, 2.2680e+00, 
 1DIAGNOSTIC,    41, -9.445267188494e-01, 8.563461700310e-06, 1.0663e+02, 2.5716e+00, 
 1DIAGNOSTIC,    42, -9.445593967233e-01, 7.479462084025e-06, 1.0904e+02, 2.4114e+00, 
 1DIAGNOSTIC,    43, -9.445821427204e-01, 6.593591233794e-06, 1.1125e+02, 2.2079e+00, 
 1DIAGNOSTIC,    44, -9.446055347160e-01, 5.831415372682e-06, 1.1346e+02, 2.2046e+00, 
 1DIAGNOSTIC,    45, -9.446239238662e-01, 5.156439202063e-06, 1.1579e+02, 2.3326e+00, 
 1DIAGNOSTIC,    46, -9.446424139208e-01, 4.602295007691e-06, 1.1812e+02, 2.3284e+00, 
 1DIAGNOSTIC,    47, -9.446554093715e-01, 4.042157601986e-06, 1.2031e+02, 2.1979e+00, 
 1DIAGNOSTIC,    48, -9.446765144892e-01, 3.632183849217e-06, 1.2295e+02, 2.6322e+00, 
 1DIAGNOSTIC,    49, -9.446970283777e-01, 3.310511961192e-06, 1.2519e+02, 2.2389e+00, 
 1DIAGNOSTIC,    50, -9.447126605022e-01, 3.050851744405e-06, 1.2743e+02, 2.2401e+00, 
 1DIAGNOSTIC,    51, -9.447179093011e-01, 2.781456915686e-06, 1.2989e+02, 2.4647e+00, 
 1DIAGNOSTIC,    52, -9.447330524568e-01, 2.593409745604e-06, 1.3210e+02, 2.2086e+00, 
 1DIAGNOSTIC,    53, -9.447246295622e-01, 2.300058860857e-06, 1.3440e+02, 2.2987e+00, 
 1DIAGNOSTIC,    54, -9.447354741838e-01, 2.045965397140e-06, 1.3660e+02, 2.2042e+00, 
 1DIAGNOSTIC,    55, -9.446996300134e-01, 1.562563321029e-06, 1.3879e+02, 2.1869e+00, 
 1DIAGNOSTIC,    56, -9.447142335268e-01, 1.186358288920e-06, 1.4099e+02, 2.2011e+00, 
 1DIAGNOSTIC,    57, -9.446686272217e-01, 5.859713623178e-07, 1.4320e+02, 2.2052e+00, 
XXDIAGNOSTIC,Iteration,metricValue,convergenceValue,ITERATION_TIME_INDEX,SINCE_LAST
 1DIAGNOSTIC,     1, -8.967806508494e-01, 1.797693134862e+308, 1.6260e+02, 1.9403e+01, 
 1DIAGNOSTIC,     2, -8.991084997426e-01, 1.797693134862e+308, 1.8146e+02, 1.8857e+01, 
 1DIAGNOSTIC,     3, -9.019420861885e-01, 1.797693134862e+308, 2.0030e+02, 1.8846e+01, 
 1DIAGNOSTIC,     4, -9.045678277197e-01, 1.797693134862e+308, 2.1939e+02, 1.9091e+01, 
 1DIAGNOSTIC,     5, -9.068702334433e-01, 1.797693134862e+308, 2.3749e+02, 1.8097e+01, 
 1DIAGNOSTIC,     6, -9.088672323961e-01, 1.797693134862e+308, 2.5550e+02, 1.8007e+01, 
 1DIAGNOSTIC,     7, -9.106201381378e-01, 1.797693134862e+308, 2.7328e+02, 1.7780e+01, 
 1DIAGNOSTIC,     8, -9.121818944597e-01, 1.797693134862e+308, 2.9363e+02, 2.0353e+01, 
 1DIAGNOSTIC,     9, -9.134371422087e-01, 1.797693134862e+308, 3.1187e+02, 1.8246e+01, 
 1DIAGNOSTIC,    10, -9.147459029515e-01, 1.282651480311e-03, 3.3199e+02, 2.0118e+01, 
 1DIAGNOSTIC,    11, -9.157980776619e-01, 1.052407695756e-03, 3.5083e+02, 1.8838e+01, 
 1DIAGNOSTIC,    12, -9.166661007018e-01, 8.488005523045e-04, 3.7063e+02, 1.9796e+01, 
 1DIAGNOSTIC,    13, -9.174945326089e-01, 6.874054773262e-04, 3.9028e+02, 1.9652e+01, 
 1DIAGNOSTIC,    14, -9.182938183413e-01, 5.625592113507e-04, 4.0953e+02, 1.9256e+01, 
 1DIAGNOSTIC,    15, -9.190737244846e-01, 4.666744090202e-04, 4.2744e+02, 1.7904e+01, 
 1DIAGNOSTIC,    16, -9.198403158759e-01, 3.934712165844e-04, 4.4651e+02, 1.9075e+01, 
 1DIAGNOSTIC,    17, -9.205743528185e-01, 3.379944903026e-04, 4.6596e+02, 1.9445e+01, 
 1DIAGNOSTIC,    18, -9.212728219924e-01, 2.964342187837e-04, 4.8515e+02, 1.9186e+01, 
 1DIAGNOSTIC,    19, -9.219296522518e-01, 2.628576724918e-04, 5.0338e+02, 1.8232e+01, 
 1DIAGNOSTIC,    20, -9.225387297294e-01, 2.378855170839e-04, 5.2242e+02, 1.9041e+01, 
 1DIAGNOSTIC,    21, -9.231043819347e-01, 2.169986459989e-04, 5.4242e+02, 1.9998e+01, 
 1DIAGNOSTIC,    22, -9.236293951191e-01, 1.973576074225e-04, 5.6148e+02, 1.9059e+01, 
 1DIAGNOSTIC,    23, -9.241039461069e-01, 1.785033755914e-04, 5.8033e+02, 1.8858e+01, 
 1DIAGNOSTIC,    24, -9.245236122500e-01, 1.602194134068e-04, 6.0099e+02, 2.0656e+01, 
 1DIAGNOSTIC,    25, -9.249034190441e-01, 1.427232606339e-04, 6.1907e+02, 1.8079e+01, 
 1DIAGNOSTIC,    26, -9.252503790806e-01, 1.264157165986e-04, 6.3699e+02, 1.7918e+01, 
 1DIAGNOSTIC,    27, -9.255722569073e-01, 1.115190860791e-04, 6.5633e+02, 1.9342e+01, 
 1DIAGNOSTIC,    28, -9.258652042372e-01, 9.813430738023e-05, 6.7406e+02, 1.7737e+01, 
 1DIAGNOSTIC,    29, -9.261366873369e-01, 8.632850842048e-05, 6.9388e+02, 1.9818e+01, 
 1DIAGNOSTIC,    30, -9.263912668082e-01, 7.607568738109e-05, 7.1444e+02, 2.0553e+01, 
 1DIAGNOSTIC,    31, -9.266226150568e-01, 6.725556652322e-05, 7.3236e+02, 1.7927e+01, 
 1DIAGNOSTIC,    32, -9.268347255058e-01, 5.976272262318e-05, 7.5196e+02, 1.9603e+01, 
 1DIAGNOSTIC,    33, -9.270297114338e-01, 5.336204533709e-05, 7.7025e+02, 1.8285e+01, 
 1DIAGNOSTIC,    34, -9.272148986399e-01, 4.780830764115e-05, 7.9117e+02, 2.0925e+01, 
 1DIAGNOSTIC,    35, -9.273910104509e-01, 4.297612076978e-05, 8.0898e+02, 1.7804e+01, 
 1DIAGNOSTIC,    36, -9.275607033330e-01, 3.879929750966e-05, 8.2680e+02, 1.7826e+01, 
 1DIAGNOSTIC,    37, -9.277266012644e-01, 3.527138832261e-05, 8.4513e+02, 1.8329e+01, 
 1DIAGNOSTIC,    38, -9.278892947951e-01, 3.231696948396e-05, 8.6321e+02, 1.8074e+01, 
 1DIAGNOSTIC,    39, -9.280544182262e-01, 2.993370192328e-05, 8.8152e+02, 1.8313e+01, 
 1DIAGNOSTIC,    40, -9.282181893748e-01, 2.808639054926e-05, 8.9942e+02, 1.7902e+01, 
 1DIAGNOSTIC,    41, -9.283810921915e-01, 2.666077628766e-05, 9.1849e+02, 1.9068e+01, 
 1DIAGNOSTIC,    42, -9.285512771130e-01, 2.561140075994e-05, 9.3750e+02, 1.9008e+01, 
 1DIAGNOSTIC,    43, -9.287203246549e-01, 2.481886892295e-05, 9.5696e+02, 1.9459e+01, 
 1DIAGNOSTIC,    44, -9.288821390798e-01, 2.416574724580e-05, 9.7857e+02, 2.1612e+01, 
 1DIAGNOSTIC,    45, -9.290336887954e-01, 2.352088423663e-05, 9.9759e+02, 1.9018e+01, 
 1DIAGNOSTIC,    46, -9.291726694154e-01, 2.276816204169e-05, 1.0161e+03, 1.8467e+01, 
 1DIAGNOSTIC,    47, -9.293013574992e-01, 2.184539331055e-05, 1.0355e+03, 1.9455e+01, 
 1DIAGNOSTIC,    48, -9.294239587173e-01, 2.074448337497e-05, 1.0540e+03, 1.8486e+01, 
 1DIAGNOSTIC,    49, -9.295413035742e-01, 1.952113238814e-05, 1.0721e+03, 1.8108e+01, 
 1DIAGNOSTIC,    50, -9.296488642634e-01, 1.819194584800e-05, 1.0902e+03, 1.8106e+01, 
XXDIAGNOSTIC,Iteration,metricValue,convergenceValue,ITERATION_TIME_INDEX,SINCE_LAST
 1DIAGNOSTIC,     1, -8.838460452934e-01, 1.797693134862e+308, 1.2447e+03, 1.5453e+02, 
 1DIAGNOSTIC,     2, -8.852184256960e-01, 1.797693134862e+308, 1.4011e+03, 1.5641e+02, 
 1DIAGNOSTIC,     3, -8.870462237641e-01, 1.797693134862e+308, 1.5568e+03, 1.5566e+02, 
 1DIAGNOSTIC,     4, -8.886299159220e-01, 1.797693134862e+308, 1.7181e+03, 1.6127e+02, 
 1DIAGNOSTIC,     5, -8.902135128967e-01, 1.797693134862e+308, 1.8770e+03, 1.5895e+02, 
 1DIAGNOSTIC,     6, -8.917663247214e-01, 1.797693134862e+308, 2.0334e+03, 1.5635e+02, 
 1DIAGNOSTIC,     7, -8.932179753792e-01, 1.797693134862e+308, 2.1911e+03, 1.5775e+02, 
 1DIAGNOSTIC,     8, -8.945508402608e-01, 1.797693134862e+308, 2.3551e+03, 1.6394e+02, 
 1DIAGNOSTIC,     9, -8.957465604813e-01, 1.797693134862e+308, 2.5150e+03, 1.5989e+02, 
 1DIAGNOSTIC,    10, -8.969773807378e-01, 9.602986276341e-04, 2.6727e+03, 1.5775e+02, 
 1DIAGNOSTIC,    11, -8.980334225782e-01, 8.362939971766e-04, 2.8346e+03, 1.6193e+02, 
 1DIAGNOSTIC,    12, -8.990046891898e-01, 7.195573803343e-04, 2.9911e+03, 1.5647e+02, 
 1DIAGNOSTIC,    13, -8.999970287225e-01, 6.245458655728e-04, 3.1581e+03, 1.6698e+02, 
 1DIAGNOSTIC,    14, -9.008217644425e-01, 5.407127274357e-04, 3.3206e+03, 1.6253e+02, 
 1DIAGNOSTIC,    15, -9.014636213500e-01, 4.655337387953e-04, 3.4938e+03, 1.7318e+02, 
 1DIAGNOSTIC,    16, -9.022558922250e-01, 4.034308337119e-04, 3.6523e+03, 1.5856e+02, 
 1DIAGNOSTIC,    17, -9.027755279200e-01, 3.480312865437e-04, 3.8113e+03, 1.5899e+02, 
 1DIAGNOSTIC,    18, -9.032685724600e-01, 2.987089653886e-04, 3.9690e+03, 1.5768e+02, 
 1DIAGNOSTIC,    19, -9.037159322570e-01, 2.541906080242e-04, 4.1248e+03, 1.5580e+02, 
 1DIAGNOSTIC,    20, -9.041431782820e-01, 2.167162880641e-04, 4.2854e+03, 1.6058e+02, 
  Elapsed time (stage 0): 4286.76


Total elapsed time: 4286.76
