
##########################
# Experiment information #
##########################

EXPERIMENT_NAME: antsRegistration-r7-p21
VFC_BACKENDS: libinterflop_vprec.so --range-binary32=7 --precision-binary32=21 --range-binary64=7 --precision-binary64=21

SIF_IMG: /home/mdugre/projects/rrg-glatard/mdugre/containers/ants-vprec-no_metrics.simg

SUBJECT_ID: s020
INPUT_IMG: /home/mdugre/scratch/mri-registration-rp/datasets/ds004513/derivatives/mri-registration-rp/antsBrainExtraction/sub-s020/BrainExtractionBrain.nii.gz
OUTPUT_DIR: /home/mdugre/scratch/mri-registration-rp/datasets/ds004513/derivatives/mri-registration-rp/0110/antsRegistration-r7-p21/sub-s020

FIXED_IMG: /templateflow/tpl-MNI152NLin2009cAsym/tpl-MNI152NLin2009cAsym_res-01_desc-brain_T1w.nii.gz
DATA_DIR: /home/mdugre/scratch/mri-registration-rp/datasets/ds004513
TEMPLATEFLOW_DIR: /home/mdugre/projects/rrg-glatard/mdugre/templateflow
ITK_GLOBAL_DEFAULT_NUMBER_OF_THREADS: 16
##########################

Info [verificarlo]: loaded backend libinterflop_ieee.so
Info [interflop-ieee]: load backend with:
Info [interflop-ieee]: debug = false
Info [interflop-ieee]: debug-binary = false
Info [interflop-ieee]: no-backend-name = false
Info [interflop-ieee]: print-new-line = false
Info [interflop-ieee]: print-subnormal-normalized = false
Info [interflop-ieee]: count-op = false
All_Command_lines_OK
Using double precision for computations.
=============================================================================
The composite transform comprises the following transforms (in order): 
  1. Center of mass alignment using fixed image: /templateflow/tpl-MNI152NLin2009cAsym/tpl-MNI152NLin2009cAsym_res-01_desc-brain_T1w.nii.gz and moving image: /home/mdugre/scratch/mri-registration-rp/datasets/ds004513/derivatives/mri-registration-rp/antsBrainExtraction/sub-s020/BrainExtractionBrain.nii.gz (type = Euler3DTransform)
=============================================================================
  number of levels = 1
  fixed image: /templateflow/tpl-MNI152NLin2009cAsym/tpl-MNI152NLin2009cAsym_res-01_desc-brain_T1w.nii.gz
  moving image: /home/mdugre/scratch/mri-registration-rp/datasets/ds004513/derivatives/mri-registration-rp/antsBrainExtraction/sub-s020/BrainExtractionBrain.nii.gz
Dimension = 3
Number of stages = 1
Use histogram matching = false
Winsorize image intensities = true
  Lower quantile = 0.005
  Upper quantile = 0.995


Stage 1 State
   Image metric = MattesMI
     Fixed image = Image (0x470fe70)
  RTTI typeinfo:   itk::Image<double, 3u>
  Reference Count: 2
  Modified Time: 2334
  Debug: Off
  Object Name: 
  Observers: 
    none
  Source: (none)
  Source output name: (none)
  Release Data: Off
  Data Released: False
  Global Release Data: Off
  PipelineMTime: 0
  UpdateMTime: 1943
  RealTimeStamp: 0 seconds 
  LargestPossibleRegion: 
    Dimension: 3
    Index: [0, 0, 0]
    Size: [193, 229, 193]
  BufferedRegion: 
    Dimension: 3
    Index: [0, 0, 0]
    Size: [193, 229, 193]
  RequestedRegion: 
    Dimension: 3
    Index: [0, 0, 0]
    Size: [193, 229, 193]
  Spacing: [1, 1, 1]
  Origin: [96, 132, -78]
  Direction: 
-1 0 0
0 -1 0
0 0 1

  IndexToPointMatrix: 
-1 0 0
0 -1 0
0 0 1

  PointToIndexMatrix: 
-1 0 0
0 -1 0
0 0 1

  Inverse Direction: 
-1 0 0
0 -1 0
0 0 1

  PixelContainer: 
    ImportImageContainer (0x4718c60)
      RTTI typeinfo:   itk::ImportImageContainer<unsigned long, double>
      Reference Count: 1
      Modified Time: 1940
      Debug: Off
      Object Name: 
      Observers: 
        none
      Pointer: 0x14cd113df010
      Container manages memory: true
      Size: 8530021
      Capacity: 8530021

     Moving image = Image (0x471b610)
  RTTI typeinfo:   itk::Image<double, 3u>
  Reference Count: 2
  Modified Time: 2335
  Debug: Off
  Object Name: 
  Observers: 
    none
  Source: (none)
  Source output name: (none)
  Release Data: Off
  Data Released: False
  Global Release Data: Off
  PipelineMTime: 0
  UpdateMTime: 2332
  RealTimeStamp: 0 seconds 
  LargestPossibleRegion: 
    Dimension: 3
    Index: [0, 0, 0]
    Size: [160, 240, 256]
  BufferedRegion: 
    Dimension: 3
    Index: [0, 0, 0]
    Size: [160, 240, 256]
  RequestedRegion: 
    Dimension: 3
    Index: [0, 0, 0]
    Size: [160, 240, 256]
  Spacing: [0.999995, 1, 1]
  Origin: [87.0906, 98.7205, -152.377]
  Direction: 
-0.996975 0.0261379 -0.0731913
-0.0260677 -0.999658 -0.00191374
-0.0732163 -2.46403e-08 0.997316

  IndexToPointMatrix: 
-0.996971 0.0261379 -0.0731913
-0.0260676 -0.999658 -0.00191374
-0.0732159 -2.46403e-08 0.997316

  PointToIndexMatrix: 
-0.99698 -0.0260679 -0.0732166
0.0261379 -0.999658 -2.46993e-08
-0.0731913 -0.00191374 0.997316

  Inverse Direction: 
-0.996975 -0.0260677 -0.0732163
0.0261379 -0.999658 -2.46993e-08
-0.0731913 -0.00191374 0.997316

  PixelContainer: 
    ImportImageContainer (0x47b4ef0)
      RTTI typeinfo:   itk::ImportImageContainer<unsigned long, double>
      Reference Count: 1
      Modified Time: 2329
      Debug: Off
      Object Name: 
      Observers: 
        none
      Pointer: 0x14cd0c8de010
      Container manages memory: true
      Size: 9830400
      Capacity: 9830400

     Weighting = 1
     Sampling strategy = regular
     Number of bins = 32
     Radius = 4
     Sampling percentage  = 0.25
   Transform = Rigid
     Gradient step = 0.1
     Update field sigma (voxel space) = 0
     Total field sigma (voxel space) = 0
     Update field time sigma = 0
     Total field time sigma  = 0
     Number of time indices = 0
     Number of time point samples = 0
Registration using 1 total stages.

Stage 0
  iterations = 0
  convergence threshold = 1e-06
  convergence window size = 10
  number of levels = 1
  using the Mattes MI metric (number of bins = 32, weight = 1, use gradient filter = 0)
  preprocessing:  winsorizing the image intensities
  Shrink factors (level 1 out of 1): [1, 1, 1]
  smoothing sigmas per level: [0]
  regular sampling (percentage = 0.25)

*** Running Euler3DTransform registration ***

  Elapsed time (stage 0): 1.10817


Total elapsed time: 1.11047
Info [verificarlo]: loaded backend libinterflop_vprec.so
Info [interflop-vprec]: load backend with: 
Info [interflop-vprec]: precision-binary32 = 21
Info [interflop-vprec]: range-binary32 = 7
Info [interflop-vprec]: precision-binary64 = 21
Info [interflop-vprec]: range-binary64 = 7
Info [interflop-vprec]: mode = ob
Info [interflop-vprec]: error-mode = rel
Info [interflop-vprec]: max-abs-error-exponent = -1022
Info [interflop-vprec]: daz = false
Info [interflop-vprec]: ftz = false
Info [interflop-vprec]: 	instrument = none
Info [interflop-vprec]: 	prec-input-file = (null)
Info [interflop-vprec]: 	prec-output-file = (null)
Info [interflop-vprec]: 	prec-log-file = (null)
All_Command_lines_OK
Using double precision for computations.
=============================================================================
The composite transform comprises the following transforms (in order): 
  1. /home/mdugre/scratch/mri-registration-rp/datasets/ds004513/derivatives/mri-registration-rp/0110/antsRegistration-r7-p21/sub-s020/align_Composite.h5[0] (type = Euler3DTransform)
  2. /home/mdugre/scratch/mri-registration-rp/datasets/ds004513/derivatives/mri-registration-rp/0110/antsRegistration-r7-p21/sub-s020/align_Composite.h5[1] (type = Euler3DTransform)
=============================================================================
  number of levels = 4
  fixed image: /templateflow/tpl-MNI152NLin2009cAsym/tpl-MNI152NLin2009cAsym_res-01_desc-brain_T1w.nii.gz
  moving image: /home/mdugre/scratch/mri-registration-rp/datasets/ds004513/derivatives/mri-registration-rp/antsBrainExtraction/sub-s020/BrainExtractionBrain.nii.gz
Dimension = 3
Number of stages = 1
Use histogram matching = false
Winsorize image intensities = true
  Lower quantile = 0.005
  Upper quantile = 0.995


Stage 1 State
   Image metric = MattesMI
     Fixed image = Image (0x3ecc1e0)
  RTTI typeinfo:   itk::Image<double, 3u>
  Reference Count: 2
  Modified Time: 1580
  Debug: Off
  Object Name: 
  Observers: 
    none
  Source: (none)
  Source output name: (none)
  Release Data: Off
  Data Released: False
  Global Release Data: Off
  PipelineMTime: 0
  UpdateMTime: 1189
  RealTimeStamp: 0 seconds 
  LargestPossibleRegion: 
    Dimension: 3
    Index: [0, 0, 0]
    Size: [193, 229, 193]
  BufferedRegion: 
    Dimension: 3
    Index: [0, 0, 0]
    Size: [193, 229, 193]
  RequestedRegion: 
    Dimension: 3
    Index: [0, 0, 0]
    Size: [193, 229, 193]
  Spacing: [1, 1, 1]
  Origin: [96, 132, -78]
  Direction: 
-1 0 0
0 -1 0
0 0 1

  IndexToPointMatrix: 
-1 0 0
0 -1 0
0 0 1

  PointToIndexMatrix: 
-1 0 0
0 -1 0
0 0 1

  Inverse Direction: 
-1 0 0
0 -1 0
0 0 1

  PixelContainer: 
    ImportImageContainer (0x3f8b680)
      RTTI typeinfo:   itk::ImportImageContainer<unsigned long, double>
      Reference Count: 1
      Modified Time: 1186
      Debug: Off
      Object Name: 
      Observers: 
        none
      Pointer: 0x1480eb013010
      Container manages memory: true
      Size: 8530021
      Capacity: 8530021

     Moving image = Image (0x3f87b20)
  RTTI typeinfo:   itk::Image<double, 3u>
  Reference Count: 2
  Modified Time: 1581
  Debug: Off
  Object Name: 
  Observers: 
    none
  Source: (none)
  Source output name: (none)
  Release Data: Off
  Data Released: False
  Global Release Data: Off
  PipelineMTime: 0
  UpdateMTime: 1578
  RealTimeStamp: 0 seconds 
  LargestPossibleRegion: 
    Dimension: 3
    Index: [0, 0, 0]
    Size: [160, 240, 256]
  BufferedRegion: 
    Dimension: 3
    Index: [0, 0, 0]
    Size: [160, 240, 256]
  RequestedRegion: 
    Dimension: 3
    Index: [0, 0, 0]
    Size: [160, 240, 256]
  Spacing: [0.999995, 1, 1]
  Origin: [87.0906, 98.7205, -152.377]
  Direction: 
-0.996975 0.0261379 -0.0731913
-0.0260677 -0.999658 -0.00191374
-0.0732163 -2.46403e-08 0.997316

  IndexToPointMatrix: 
-0.996971 0.0261379 -0.0731913
-0.0260676 -0.999658 -0.00191374
-0.0732159 -2.46403e-08 0.997316

  PointToIndexMatrix: 
-0.99698 -0.0260679 -0.0732166
0.0261379 -0.999658 -2.53785e-08
-0.0731913 -0.00191374 0.997316

  Inverse Direction: 
-0.996975 -0.0260677 -0.0732163
0.0261379 -0.999658 -2.53785e-08
-0.0731913 -0.00191374 0.997316

  PixelContainer: 
    ImportImageContainer (0x3ff0d50)
      RTTI typeinfo:   itk::ImportImageContainer<unsigned long, double>
      Reference Count: 1
      Modified Time: 1575
      Debug: Off
      Object Name: 
      Observers: 
        none
      Pointer: 0x1480e6512010
      Container manages memory: true
      Size: 9830400
      Capacity: 9830400

     Weighting = 1
     Sampling strategy = regular
     Number of bins = 32
     Radius = 4
     Sampling percentage  = 0.25
   Transform = Rigid
     Gradient step = 0.1
     Update field sigma (voxel space) = 0
     Total field sigma (voxel space) = 0
     Update field time sigma = 0
     Total field time sigma  = 0
     Number of time indices = 0
     Number of time point samples = 0
Registration using 1 total stages.

Stage 0
  iterations = 1000x500x250x100
  convergence threshold = 1e-06
  convergence window size = 10
  number of levels = 4
  using the Mattes MI metric (number of bins = 32, weight = 1, use gradient filter = 0)
  preprocessing:  winsorizing the image intensities
  Shrink factors (level 1 out of 4): [8, 8, 8]
  Shrink factors (level 2 out of 4): [4, 4, 4]
  Shrink factors (level 3 out of 4): [2, 2, 2]
  Shrink factors (level 4 out of 4): [1, 1, 1]
  smoothing sigmas per level: [3, 2, 1, 0]
  regular sampling (percentage = 0.25)

*** Running Euler3DTransform registration ***

DIAGNOSTIC,Iteration,metricValue,convergenceValue,ITERATION_TIME_INDEX,SINCE_LAST
 2DIAGNOSTIC,     1, -3.791281955408e-01, 1.797693134862e+308, 0.0000e+00, 0.0000e+00, 
 2DIAGNOSTIC,     2, -3.803618811431e-01, 1.797693134862e+308, 0.0000e+00, 0.0000e+00, 
 2DIAGNOSTIC,     3, -3.828988337116e-01, 1.797693134862e+308, 0.0000e+00, 0.0000e+00, 
 2DIAGNOSTIC,     4, -3.876155426319e-01, 1.797693134862e+308, 0.0000e+00, 0.0000e+00, 
 2DIAGNOSTIC,     5, -3.904969684654e-01, 1.797693134862e+308, 0.0000e+00, 0.0000e+00, 
 2DIAGNOSTIC,     6, -3.911064971859e-01, 1.797693134862e+308, 0.0000e+00, 0.0000e+00, 
 2DIAGNOSTIC,     7, -3.914936146144e-01, 1.797693134862e+308, 0.0000e+00, 0.0000e+00, 
 2DIAGNOSTIC,     8, -3.925706014145e-01, 1.797693134862e+308, 0.0000e+00, 0.0000e+00, 
 2DIAGNOSTIC,     9, -3.981663433609e-01, 1.797693134862e+308, 0.0000e+00, 0.0000e+00, 
 2DIAGNOSTIC,    10, -4.081709071634e-01, 3.885236224671e-03, 0.0000e+00, 0.0000e+00, 
 2DIAGNOSTIC,    11, -4.246087902294e-01, 4.914006189815e-03, 0.0000e+00, 0.0000e+00, 
 2DIAGNOSTIC,    12, -4.355105847756e-01, 6.019178948467e-03, 0.0000e+00, 0.0000e+00, 
 2DIAGNOSTIC,    13, -4.427391150086e-01, 6.919823230499e-03, 0.0000e+00, 0.0000e+00, 
 2DIAGNOSTIC,    14, -4.460719487406e-01, 7.455738672011e-03, 0.0000e+00, 0.0000e+00, 
 2DIAGNOSTIC,    15, -4.467892752977e-01, 7.400801790310e-03, 0.0000e+00, 0.0000e+00, 
 2DIAGNOSTIC,    16, -4.467890843444e-01, 6.700106963398e-03, 0.0000e+00, 0.0000e+00, 
 2DIAGNOSTIC,    17, -4.467914840287e-01, 5.491097858564e-03, 0.0000e+00, 0.0000e+00, 
 2DIAGNOSTIC,    18, -4.467958987671e-01, 3.966451390449e-03, 0.0000e+00, 0.0000e+00, 
 2DIAGNOSTIC,    19, -4.468034750840e-01, 2.450847517231e-03, 0.0000e+00, 0.0000e+00, 
 2DIAGNOSTIC,    20, -4.468154572426e-01, 1.204351994879e-03, 0.0000e+00, 0.0000e+00, 
 2DIAGNOSTIC,    21, -4.468360872464e-01, 5.003157397713e-04, 0.0000e+00, 0.0000e+00, 
 2DIAGNOSTIC,    22, -4.468692445818e-01, 1.501396789640e-04, 0.0000e+00, 0.0000e+00, 
 2DIAGNOSTIC,    23, -4.468919425629e-01, 2.895399908364e-05, 0.0000e+00, 0.0000e+00, 
 2DIAGNOSTIC,    24, -4.468613723474e-01, 8.071102724959e-06, 0.0000e+00, 0.0000e+00, 
 2DIAGNOSTIC,    25, -4.468470854733e-01, 7.280943720052e-06, 0.0000e+00, 0.0000e+00, 
 2DIAGNOSTIC,    26, -4.468545408755e-01, 6.185499643721e-06, 0.0000e+00, 0.0000e+00, 
 2DIAGNOSTIC,    27, -4.469082113441e-01, 6.070168853560e-06, 0.0000e+00, 0.0000e+00, 
 2DIAGNOSTIC,    28, -4.468970929935e-01, 5.305836588816e-06, 0.0000e+00, 0.0000e+00, 
 2DIAGNOSTIC,    29, -4.469639998886e-01, 5.969147086268e-06, 0.0000e+00, 0.0000e+00, 
 2DIAGNOSTIC,    30, -4.469812577229e-01, 6.765814285020e-06, 0.0000e+00, 0.0000e+00, 
 2DIAGNOSTIC,    31, -4.470087041968e-01, 7.977436199631e-06, 0.0000e+00, 0.0000e+00, 
 2DIAGNOSTIC,    32, -4.471308499105e-01, 1.164581576004e-05, 0.0000e+00, 0.0000e+00, 
 2DIAGNOSTIC,    33, -4.473176367991e-01, 1.824055596723e-05, 0.0000e+00, 0.0000e+00, 
 2DIAGNOSTIC,    34, -4.477139194013e-01, 2.985771491425e-05, 0.0000e+00, 0.0000e+00, 
 2DIAGNOSTIC,    35, -4.483263876946e-01, 4.920391673630e-05, 0.0000e+00, 0.0000e+00, 
 2DIAGNOSTIC,    36, -4.482589166804e-01, 6.153863647000e-05, 0.0000e+00, 0.0000e+00, 
 2DIAGNOSTIC,    37, -4.484623492119e-01, 7.225664278112e-05, 0.0000e+00, 0.0000e+00, 
 2DIAGNOSTIC,    38, -4.485152417517e-01, 7.627090889306e-05, 0.0000e+00, 0.0000e+00, 
 2DIAGNOSTIC,    39, -4.488177414966e-01, 7.899291541930e-05, 0.0000e+00, 0.0000e+00, 
 2DIAGNOSTIC,    40, -4.497991610979e-01, 9.034113212059e-05, 0.0000e+00, 0.0000e+00, 
 2DIAGNOSTIC,    41, -4.503514160889e-01, 1.015429911340e-04, 0.0000e+00, 0.0000e+00, 
 2DIAGNOSTIC,    42, -4.506331125899e-01, 1.090003673467e-04, 0.0000e+00, 0.0000e+00, 
 2DIAGNOSTIC,    43, -4.511286044212e-01, 1.162737505869e-04, 0.0000e+00, 0.0000e+00, 
 2DIAGNOSTIC,    44, -4.511466831343e-01, 1.179580055980e-04, 0.0000e+00, 0.0000e+00, 
 2DIAGNOSTIC,    45, -4.511864137966e-01, 1.177873714870e-04, 0.0000e+00, 0.0000e+00, 
 2DIAGNOSTIC,    46, -4.512559483428e-01, 1.063603917642e-04, 0.0000e+00, 0.0000e+00, 
 2DIAGNOSTIC,    47, -4.512327884015e-01, 8.795407607249e-05, 0.0000e+00, 0.0000e+00, 
 2DIAGNOSTIC,    48, -4.512731724201e-01, 6.332739250492e-05, 0.0000e+00, 0.0000e+00, 
 2DIAGNOSTIC,    49, -4.513451345512e-01, 3.847145734138e-05, 0.0000e+00, 0.0000e+00, 
 2DIAGNOSTIC,    50, -4.515440687445e-01, 2.632227874611e-05, 0.0000e+00, 0.0000e+00, 
 2DIAGNOSTIC,    51, -4.514966652514e-01, 1.856534716079e-05, 0.0000e+00, 0.0000e+00, 
 2DIAGNOSTIC,    52, -4.515095097193e-01, 1.298177964615e-05, 0.0000e+00, 0.0000e+00, 
 2DIAGNOSTIC,    53, -4.515367566133e-01, 1.288111751673e-05, 0.0000e+00, 0.0000e+00, 
 2DIAGNOSTIC,    54, -4.516458420761e-01, 1.308893049830e-05, 0.0000e+00, 0.0000e+00, 
 2DIAGNOSTIC,    55, -4.517229257644e-01, 1.338117095086e-05, 0.0000e+00, 0.0000e+00, 
 2DIAGNOSTIC,    56, -4.516958084621e-01, 1.294916119205e-05, 0.0000e+00, 0.0000e+00, 
 2DIAGNOSTIC,    57, -4.516249426877e-01, 1.034636393035e-05, 0.0000e+00, 0.0000e+00, 
 2DIAGNOSTIC,    58, -4.516360865213e-01, 7.491756440769e-06, 0.0000e+00, 0.0000e+00, 
 2DIAGNOSTIC,    59, -4.516887937794e-01, 5.332556556794e-06, 0.0000e+00, 0.0000e+00, 
 2DIAGNOSTIC,    60, -4.517693273691e-01, 5.783748847167e-06, 0.0000e+00, 0.0000e+00, 
 2DIAGNOSTIC,    61, -4.517889347979e-01, 5.428190588828e-06, 0.0000e+00, 0.0000e+00, 
 2DIAGNOSTIC,    62, -4.519053476398e-01, 6.008947081981e-06, 0.0000e+00, 0.0000e+00, 
 2DIAGNOSTIC,    63, -4.527819480098e-01, 1.528139374178e-05, 0.0000e+00, 0.0000e+00, 
 2DIAGNOSTIC,    64, -4.541430521218e-01, 3.740645526924e-05, 0.0000e+00, 0.0000e+00, 
 2DIAGNOSTIC,    65, -4.543229406869e-01, 5.755393754279e-05, 0.0000e+00, 0.0000e+00, 
 2DIAGNOSTIC,    66, -4.545022058232e-01, 7.333616292769e-05, 0.0000e+00, 0.0000e+00, 
 2DIAGNOSTIC,    67, -4.548806612233e-01, 8.473035137666e-05, 0.0000e+00, 0.0000e+00, 
 2DIAGNOSTIC,    68, -4.548774013211e-01, 8.748876681967e-05, 0.0000e+00, 0.0000e+00, 
 2DIAGNOSTIC,    69, -4.548992649283e-01, 8.229619472725e-05, 0.0000e+00, 0.0000e+00, 
 2DIAGNOSTIC,    70, -4.550654238431e-01, 7.175279848134e-05, 0.0000e+00, 0.0000e+00, 
 2DIAGNOSTIC,    71, -4.553797368299e-01, 5.785519713083e-05, 0.0000e+00, 0.0000e+00, 
 2DIAGNOSTIC,    72, -4.555485182738e-01, 4.120046035418e-05, 0.0000e+00, 0.0000e+00, 
 2DIAGNOSTIC,    73, -4.554710362103e-01, 2.784032966396e-05, 0.0000e+00, 0.0000e+00, 
 2DIAGNOSTIC,    74, -4.556925506859e-01, 2.607893861293e-05, 0.0000e+00, 0.0000e+00, 
 2DIAGNOSTIC,    75, -4.556933591966e-01, 2.336425522677e-05, 0.0000e+00, 0.0000e+00, 
 2DIAGNOSTIC,    76, -4.556934258872e-01, 1.989584798875e-05, 0.0000e+00, 0.0000e+00, 
 2DIAGNOSTIC,    77, -4.556934155858e-01, 1.782654412314e-05, 0.0000e+00, 0.0000e+00, 
 2DIAGNOSTIC,    78, -4.556934391559e-01, 1.415809473381e-05, 0.0000e+00, 0.0000e+00, 
 2DIAGNOSTIC,    79, -4.556933452960e-01, 9.422568807810e-06, 0.0000e+00, 0.0000e+00, 
 2DIAGNOSTIC,    80, -4.556934524621e-01, 5.200977699854e-06, 0.0000e+00, 0.0000e+00, 
 2DIAGNOSTIC,    81, -4.556933936188e-01, 3.097402460520e-06, 0.0000e+00, 0.0000e+00, 
 2DIAGNOSTIC,    82, -4.556933623427e-01, 2.145584719225e-06, 0.0000e+00, 0.0000e+00, 
DIAGNOSTIC,Iteration,metricValue,convergenceValue,ITERATION_TIME_INDEX,SINCE_LAST
 2DIAGNOSTIC,     1, -3.751254495377e-01, 1.797693134862e+308, 0.0000e+00, 0.0000e+00, 
 2DIAGNOSTIC,     2, -3.755941884531e-01, 1.797693134862e+308, 0.0000e+00, 0.0000e+00, 
 2DIAGNOSTIC,     3, -3.762976767251e-01, 1.797693134862e+308, 0.0000e+00, 0.0000e+00, 
 2DIAGNOSTIC,     4, -3.773909271994e-01, 1.797693134862e+308, 0.0000e+00, 0.0000e+00, 
 2DIAGNOSTIC,     5, -3.787675405986e-01, 1.797693134862e+308, 0.0000e+00, 0.0000e+00, 
 2DIAGNOSTIC,     6, -3.799215584933e-01, 1.797693134862e+308, 0.0000e+00, 0.0000e+00, 
 2DIAGNOSTIC,     7, -3.854301567803e-01, 1.797693134862e+308, 0.0000e+00, 0.0000e+00, 
 2DIAGNOSTIC,     8, -3.915594466978e-01, 1.797693134862e+308, 0.0000e+00, 0.0000e+00, 
 2DIAGNOSTIC,     9, -3.984578183469e-01, 1.797693134862e+308, 0.0000e+00, 0.0000e+00, 
 2DIAGNOSTIC,    10, -3.998430115734e-01, 4.397720691566e-03, 0.0000e+00, 0.0000e+00, 
 2DIAGNOSTIC,    11, -4.018761301422e-01, 4.595902457348e-03, 0.0000e+00, 0.0000e+00, 
 2DIAGNOSTIC,    12, -4.031268184719e-01, 4.451399623251e-03, 0.0000e+00, 0.0000e+00, 
 2DIAGNOSTIC,    13, -4.034255324521e-01, 3.978217396999e-03, 0.0000e+00, 0.0000e+00, 
 2DIAGNOSTIC,    14, -4.041034489516e-01, 3.304815064048e-03, 0.0000e+00, 0.0000e+00, 
 2DIAGNOSTIC,    15, -4.046899521378e-01, 2.522598044806e-03, 0.0000e+00, 0.0000e+00, 
 2DIAGNOSTIC,    16, -4.071733374221e-01, 1.774454963628e-03, 0.0000e+00, 0.0000e+00, 
 2DIAGNOSTIC,    17, -4.085738033806e-01, 1.242495751416e-03, 0.0000e+00, 0.0000e+00, 
 2DIAGNOSTIC,    18, -4.104080751964e-01, 9.705617469063e-04, 0.0000e+00, 0.0000e+00, 
 2DIAGNOSTIC,    19, -4.121904117443e-01, 9.677402536702e-04, 0.0000e+00, 0.0000e+00, 
 2DIAGNOSTIC,    20, -4.138217681009e-01, 9.815039951679e-04, 0.0000e+00, 0.0000e+00, 
 2DIAGNOSTIC,    21, -4.139642628584e-01, 9.748594606140e-04, 0.0000e+00, 0.0000e+00, 
 2DIAGNOSTIC,    22, -4.140842431724e-01, 9.231886247365e-04, 0.0000e+00, 0.0000e+00, 
 2DIAGNOSTIC,    23, -4.145335552563e-01, 8.136280215778e-04, 0.0000e+00, 0.0000e+00, 
 2DIAGNOSTIC,    24, -4.148935518126e-01, 6.678957520183e-04, 0.0000e+00, 0.0000e+00, 
 2DIAGNOSTIC,    25, -4.159031810600e-01, 5.154273763887e-04, 0.0000e+00, 0.0000e+00, 
 2DIAGNOSTIC,    26, -4.164464879212e-01, 4.091812705737e-04, 0.0000e+00, 0.0000e+00, 
 2DIAGNOSTIC,    27, -4.166234110190e-01, 3.140413312927e-04, 0.0000e+00, 0.0000e+00, 
 2DIAGNOSTIC,    28, -4.169407467820e-01, 2.504181943844e-04, 0.0000e+00, 0.0000e+00, 
 2DIAGNOSTIC,    29, -4.169680170353e-01, 2.107091619499e-04, 0.0000e+00, 0.0000e+00, 
 2DIAGNOSTIC,    30, -4.170446005657e-01, 1.939546284278e-04, 0.0000e+00, 0.0000e+00, 
 2DIAGNOSTIC,    31, -4.173070370264e-01, 1.692458697301e-04, 0.0000e+00, 0.0000e+00, 
 2DIAGNOSTIC,    32, -4.173555503805e-01, 1.338311742708e-04, 0.0000e+00, 0.0000e+00, 
 2DIAGNOSTIC,    33, -4.173419139748e-01, 9.751399556656e-05, 0.0000e+00, 0.0000e+00, 
 2DIAGNOSTIC,    34, -4.173407569536e-01, 6.134013514819e-05, 0.0000e+00, 0.0000e+00, 
 2DIAGNOSTIC,    35, -4.173331764939e-01, 4.149195496647e-05, 0.0000e+00, 0.0000e+00, 
 2DIAGNOSTIC,    36, -4.173215981555e-01, 2.918906626621e-05, 0.0000e+00, 0.0000e+00, 
 2DIAGNOSTIC,    37, -4.173124661790e-01, 1.789282512670e-05, 0.0000e+00, 0.0000e+00, 
 2DIAGNOSTIC,    38, -4.172955557001e-01, 1.121586161430e-05, 0.0000e+00, 0.0000e+00, 
 2DIAGNOSTIC,    39, -4.172924829683e-01, 4.376548792661e-06, 0.0000e+00, 0.0000e+00, 
DIAGNOSTIC,Iteration,metricValue,convergenceValue,ITERATION_TIME_INDEX,SINCE_LAST
 2DIAGNOSTIC,     1, -3.583614133397e-01, 1.797693134862e+308, 0.0000e+00, 0.0000e+00, 
 2DIAGNOSTIC,     2, -3.585506704777e-01, 1.797693134862e+308, 0.0000e+00, 0.0000e+00, 
 2DIAGNOSTIC,     3, -3.587492938759e-01, 1.797693134862e+308, 0.0000e+00, 0.0000e+00, 
 2DIAGNOSTIC,     4, -3.588676210644e-01, 1.797693134862e+308, 0.0000e+00, 0.0000e+00, 
 2DIAGNOSTIC,     5, -3.589722442236e-01, 1.797693134862e+308, 0.0000e+00, 0.0000e+00, 
 2DIAGNOSTIC,     6, -3.592410116476e-01, 1.797693134862e+308, 0.0000e+00, 0.0000e+00, 
 2DIAGNOSTIC,     7, -3.594590825243e-01, 1.797693134862e+308, 0.0000e+00, 0.0000e+00, 
 2DIAGNOSTIC,     8, -3.595638188957e-01, 1.797693134862e+308, 0.0000e+00, 0.0000e+00, 
 2DIAGNOSTIC,     9, -3.596347132819e-01, 1.797693134862e+308, 0.0000e+00, 0.0000e+00, 
 2DIAGNOSTIC,    10, -3.597006232639e-01, 2.547527276397e-04, 0.0000e+00, 0.0000e+00, 
 2DIAGNOSTIC,    11, -3.597119308668e-01, 2.074232187840e-04, 0.0000e+00, 0.0000e+00, 
 2DIAGNOSTIC,    12, -3.597113816306e-01, 1.617022579191e-04, 0.0000e+00, 0.0000e+00, 
 2DIAGNOSTIC,    13, -3.597112122004e-01, 1.207806638743e-04, 0.0000e+00, 0.0000e+00, 
 2DIAGNOSTIC,    14, -3.597113737961e-01, 8.178155552316e-05, 0.0000e+00, 0.0000e+00, 
 2DIAGNOSTIC,    15, -3.597113254837e-01, 4.599149081058e-05, 0.0000e+00, 0.0000e+00, 
 2DIAGNOSTIC,    16, -3.597113226451e-01, 2.373237170153e-05, 0.0000e+00, 0.0000e+00, 
 2DIAGNOSTIC,    17, -3.597113269762e-01, 1.218733936579e-05, 0.0000e+00, 0.0000e+00, 
 2DIAGNOSTIC,    18, -3.597113298932e-01, 5.529325458942e-06, 0.0000e+00, 0.0000e+00, 
 2DIAGNOSTIC,    19, -3.597113222086e-01, 2.101455496936e-06, 0.0000e+00, 0.0000e+00, 
 2DIAGNOSTIC,    20, -3.597113238757e-01, 1.570160948580e-06, 0.0000e+00, 0.0000e+00, 
 2DIAGNOSTIC,    21, -3.597113128545e-01, 1.517693678649e-06, 0.0000e+00, 0.0000e+00, 
 2DIAGNOSTIC,    22, -3.597113150556e-01, 1.450576380402e-06, 0.0000e+00, 0.0000e+00, 
 2DIAGNOSTIC,    23, -3.597113127190e-01, 1.383042710898e-06, 0.0000e+00, 0.0000e+00, 
 2DIAGNOSTIC,    24, -3.597113098152e-01, 1.326673518383e-06, 0.0000e+00, 0.0000e+00, 
 2DIAGNOSTIC,    25, -3.597113096595e-01, 1.273418928596e-06, 0.0000e+00, 0.0000e+00, 
 2DIAGNOSTIC,    26, -3.597113089542e-01, 1.224286753004e-06, 0.0000e+00, 0.0000e+00, 
 2DIAGNOSTIC,    27, -3.597113088013e-01, 1.179054801473e-06, 0.0000e+00, 0.0000e+00, 
 2DIAGNOSTIC,    28, -3.597113088288e-01, 1.137264271985e-06, 0.0000e+00, 0.0000e+00, 
 2DIAGNOSTIC,    29, -3.597113088288e-01, 1.098231367291e-06, 0.0000e+00, 0.0000e+00, 
 2DIAGNOSTIC,    30, -3.597113096449e-01, 1.061939702111e-06, 0.0000e+00, 0.0000e+00, 
 2DIAGNOSTIC,    31, -3.597113096449e-01, 1.027735716697e-06, 0.0000e+00, 0.0000e+00, 
DIAGNOSTIC,Iteration,metricValue,convergenceValue,ITERATION_TIME_INDEX,SINCE_LAST
 2DIAGNOSTIC,     1, -3.309799092056e-01, 1.797693134862e+308, 0.0000e+00, 0.0000e+00, 
 2DIAGNOSTIC,     2, -3.310788060036e-01, 1.797693134862e+308, 0.0000e+00, 0.0000e+00, 
 2DIAGNOSTIC,     3, -3.311547932813e-01, 1.797693134862e+308, 0.0000e+00, 0.0000e+00, 
 2DIAGNOSTIC,     4, -3.311959223493e-01, 1.797693134862e+308, 0.0000e+00, 0.0000e+00, 
 2DIAGNOSTIC,     5, -3.312296513948e-01, 1.797693134862e+308, 0.0000e+00, 0.0000e+00, 
 2DIAGNOSTIC,     6, -3.312936375549e-01, 1.797693134862e+308, 0.0000e+00, 0.0000e+00, 
 2DIAGNOSTIC,     7, -3.313385385269e-01, 1.797693134862e+308, 0.0000e+00, 0.0000e+00, 
 2DIAGNOSTIC,     8, -3.313665703586e-01, 1.797693134862e+308, 0.0000e+00, 0.0000e+00, 
 2DIAGNOSTIC,     9, -3.313742477999e-01, 1.797693134862e+308, 0.0000e+00, 0.0000e+00, 
 2DIAGNOSTIC,    10, -3.313796178644e-01, 7.900429757150e-05, 0.0000e+00, 0.0000e+00, 
 2DIAGNOSTIC,    11, -3.313865914254e-01, 5.755226803145e-05, 0.0000e+00, 0.0000e+00, 
 2DIAGNOSTIC,    12, -3.313948271324e-01, 4.227530347613e-05, 0.0000e+00, 0.0000e+00, 
 2DIAGNOSTIC,    13, -3.314290866232e-01, 3.301699512209e-05, 0.0000e+00, 0.0000e+00, 
 2DIAGNOSTIC,    14, -3.314366689749e-01, 2.526083533985e-05, 0.0000e+00, 0.0000e+00, 
 2DIAGNOSTIC,    15, -3.314383437441e-01, 1.842840956412e-05, 0.0000e+00, 0.0000e+00, 
 2DIAGNOSTIC,    16, -3.314387499096e-01, 1.438670900659e-05, 0.0000e+00, 0.0000e+00, 
 2DIAGNOSTIC,    17, -3.314388265916e-01, 1.190950808215e-05, 0.0000e+00, 0.0000e+00, 
 2DIAGNOSTIC,    18, -3.314386988121e-01, 1.007946540236e-05, 0.0000e+00, 0.0000e+00, 
 2DIAGNOSTIC,    19, -3.314385939549e-01, 8.005547380965e-06, 0.0000e+00, 0.0000e+00, 
 2DIAGNOSTIC,    20, -3.314385264084e-01, 5.795691308673e-06, 0.0000e+00, 0.0000e+00, 
 2DIAGNOSTIC,    21, -3.314385755842e-01, 3.703376504599e-06, 0.0000e+00, 0.0000e+00, 
 2DIAGNOSTIC,    22, -3.314385267854e-01, 1.882474319086e-06, 0.0000e+00, 0.0000e+00, 
 2DIAGNOSTIC,    23, -3.314385348325e-01, 1.450270012179e-06, 0.0000e+00, 0.0000e+00, 
 2DIAGNOSTIC,    24, -3.314384899590e-01, 1.315961780039e-06, 0.0000e+00, 0.0000e+00, 
 2DIAGNOSTIC,    25, -3.314385270199e-01, 1.251835647129e-06, 0.0000e+00, 0.0000e+00, 
 2DIAGNOSTIC,    26, -3.314385252109e-01, 1.207856260274e-06, 0.0000e+00, 0.0000e+00, 
 2DIAGNOSTIC,    27, -3.314385256773e-01, 1.171281843480e-06, 0.0000e+00, 0.0000e+00, 
 2DIAGNOSTIC,    28, -3.314385256773e-01, 1.134335268868e-06, 0.0000e+00, 0.0000e+00, 
 2DIAGNOSTIC,    29, -3.314385254993e-01, 1.097221613837e-06, 0.0000e+00, 0.0000e+00, 
 2DIAGNOSTIC,    30, -3.314385254993e-01, 1.060707772532e-06, 0.0000e+00, 0.0000e+00, 
 2DIAGNOSTIC,    31, -3.314385253271e-01, 1.028035654861e-06, 0.0000e+00, 0.0000e+00, 
  Elapsed time (stage 0): 0.0000e+00


Total elapsed time: 0.0000e+00
Info [verificarlo]: loaded backend libinterflop_vprec.so
Info [interflop-vprec]: load backend with: 
Info [interflop-vprec]: precision-binary32 = 21
Info [interflop-vprec]: range-binary32 = 7
Info [interflop-vprec]: precision-binary64 = 21
Info [interflop-vprec]: range-binary64 = 7
Info [interflop-vprec]: mode = ob
Info [interflop-vprec]: error-mode = rel
Info [interflop-vprec]: max-abs-error-exponent = -1022
Info [interflop-vprec]: daz = false
Info [interflop-vprec]: ftz = false
Info [interflop-vprec]: 	instrument = none
Info [interflop-vprec]: 	prec-input-file = (null)
Info [interflop-vprec]: 	prec-output-file = (null)
Info [interflop-vprec]: 	prec-log-file = (null)
All_Command_lines_OK
Using double precision for computations.
=============================================================================
The composite transform comprises the following transforms (in order): 
  1. /home/mdugre/scratch/mri-registration-rp/datasets/ds004513/derivatives/mri-registration-rp/0110/antsRegistration-r7-p21/sub-s020/rigid_Composite.h5[0] (type = Euler3DTransform)
  2. /home/mdugre/scratch/mri-registration-rp/datasets/ds004513/derivatives/mri-registration-rp/0110/antsRegistration-r7-p21/sub-s020/rigid_Composite.h5[1] (type = Euler3DTransform)
  3. /home/mdugre/scratch/mri-registration-rp/datasets/ds004513/derivatives/mri-registration-rp/0110/antsRegistration-r7-p21/sub-s020/rigid_Composite.h5[2] (type = Euler3DTransform)
=============================================================================
  number of levels = 4
  fixed image: /templateflow/tpl-MNI152NLin2009cAsym/tpl-MNI152NLin2009cAsym_res-01_desc-brain_T1w.nii.gz
  moving image: /home/mdugre/scratch/mri-registration-rp/datasets/ds004513/derivatives/mri-registration-rp/antsBrainExtraction/sub-s020/BrainExtractionBrain.nii.gz
Dimension = 3
Number of stages = 1
Use histogram matching = false
Winsorize image intensities = true
  Lower quantile = 0.005
  Upper quantile = 0.995


Stage 1 State
   Image metric = MattesMI
     Fixed image = Image (0x4a10490)
  RTTI typeinfo:   itk::Image<double, 3u>
  Reference Count: 2
  Modified Time: 1594
  Debug: Off
  Object Name: 
  Observers: 
    none
  Source: (none)
  Source output name: (none)
  Release Data: Off
  Data Released: False
  Global Release Data: Off
  PipelineMTime: 0
  UpdateMTime: 1203
  RealTimeStamp: 0 seconds 
  LargestPossibleRegion: 
    Dimension: 3
    Index: [0, 0, 0]
    Size: [193, 229, 193]
  BufferedRegion: 
    Dimension: 3
    Index: [0, 0, 0]
    Size: [193, 229, 193]
  RequestedRegion: 
    Dimension: 3
    Index: [0, 0, 0]
    Size: [193, 229, 193]
  Spacing: [1, 1, 1]
  Origin: [96, 132, -78]
  Direction: 
-1 0 0
0 -1 0
0 0 1

  IndexToPointMatrix: 
-1 0 0
0 -1 0
0 0 1

  PointToIndexMatrix: 
-1 0 0
0 -1 0
0 0 1

  Inverse Direction: 
-1 0 0
0 -1 0
0 0 1

  PixelContainer: 
    ImportImageContainer (0x4ac8fa0)
      RTTI typeinfo:   itk::ImportImageContainer<unsigned long, double>
      Reference Count: 1
      Modified Time: 1200
      Debug: Off
      Object Name: 
      Observers: 
        none
      Pointer: 0x151f024ad010
      Container manages memory: true
      Size: 8530021
      Capacity: 8530021

     Moving image = Image (0x4acbd20)
  RTTI typeinfo:   itk::Image<double, 3u>
  Reference Count: 2
  Modified Time: 1595
  Debug: Off
  Object Name: 
  Observers: 
    none
  Source: (none)
  Source output name: (none)
  Release Data: Off
  Data Released: False
  Global Release Data: Off
  PipelineMTime: 0
  UpdateMTime: 1592
  RealTimeStamp: 0 seconds 
  LargestPossibleRegion: 
    Dimension: 3
    Index: [0, 0, 0]
    Size: [160, 240, 256]
  BufferedRegion: 
    Dimension: 3
    Index: [0, 0, 0]
    Size: [160, 240, 256]
  RequestedRegion: 
    Dimension: 3
    Index: [0, 0, 0]
    Size: [160, 240, 256]
  Spacing: [0.999995, 1, 1]
  Origin: [87.0906, 98.7205, -152.377]
  Direction: 
-0.996975 0.0261379 -0.0731913
-0.0260677 -0.999658 -0.00191374
-0.0732163 -2.46403e-08 0.997316

  IndexToPointMatrix: 
-0.996971 0.0261379 -0.0731913
-0.0260676 -0.999658 -0.00191374
-0.0732159 -2.46403e-08 0.997316

  PointToIndexMatrix: 
-0.99698 -0.0260679 -0.0732166
0.0261379 -0.999658 -2.53785e-08
-0.0731913 -0.00191374 0.997316

  Inverse Direction: 
-0.996975 -0.0260677 -0.0732163
0.0261379 -0.999658 -2.53785e-08
-0.0731913 -0.00191374 0.997316

  PixelContainer: 
    ImportImageContainer (0x4b87390)
      RTTI typeinfo:   itk::ImportImageContainer<unsigned long, double>
      Reference Count: 1
      Modified Time: 1589
      Debug: Off
      Object Name: 
      Observers: 
        none
      Pointer: 0x151efd9ac010
      Container manages memory: true
      Size: 9830400
      Capacity: 9830400

     Weighting = 1
     Sampling strategy = regular
     Number of bins = 32
     Radius = 4
     Sampling percentage  = 0.25
   Transform = Affine
     Gradient step = 0.1
     Update field sigma (voxel space) = 0
     Total field sigma (voxel space) = 0
     Update field time sigma = 0
     Total field time sigma  = 0
     Number of time indices = 0
     Number of time point samples = 0
Registration using 1 total stages.

Stage 0
  iterations = 1000x500x250x100
  convergence threshold = 1e-06
  convergence window size = 10
  number of levels = 4
  using the Mattes MI metric (number of bins = 32, weight = 1, use gradient filter = 0)
  preprocessing:  winsorizing the image intensities
  Shrink factors (level 1 out of 4): [8, 8, 8]
  Shrink factors (level 2 out of 4): [4, 4, 4]
  Shrink factors (level 3 out of 4): [2, 2, 2]
  Shrink factors (level 4 out of 4): [1, 1, 1]
  smoothing sigmas per level: [3, 2, 1, 0]
  regular sampling (percentage = 0.25)

*** Running AffineTransform registration ***

DIAGNOSTIC,Iteration,metricValue,convergenceValue,ITERATION_TIME_INDEX,SINCE_LAST
 2DIAGNOSTIC,     1, -4.996923956730e-01, 1.797693134862e+308, 0.0000e+00, 0.0000e+00, 
 2DIAGNOSTIC,     2, -5.012537875476e-01, 1.797693134862e+308, 0.0000e+00, 0.0000e+00, 
 2DIAGNOSTIC,     3, -5.040250579279e-01, 1.797693134862e+308, 0.0000e+00, 0.0000e+00, 
 2DIAGNOSTIC,     4, -5.086326357739e-01, 1.797693134862e+308, 0.0000e+00, 0.0000e+00, 
 2DIAGNOSTIC,     5, -5.169276003693e-01, 1.797693134862e+308, 0.0000e+00, 0.0000e+00, 
 2DIAGNOSTIC,     6, -5.345831796536e-01, 1.797693134862e+308, 0.0000e+00, 0.0000e+00, 
 2DIAGNOSTIC,     7, -5.684241222795e-01, 1.797693134862e+308, 0.0000e+00, 0.0000e+00, 
 2DIAGNOSTIC,     8, -6.524864379056e-01, 1.797693134862e+308, 0.0000e+00, 0.0000e+00, 
 2DIAGNOSTIC,     9, -6.963976552340e-01, 1.797693134862e+308, 0.0000e+00, 0.0000e+00, 
 2DIAGNOSTIC,    10, -7.025533920311e-01, 2.542022389948e-02, 0.0000e+00, 0.0000e+00, 
 2DIAGNOSTIC,    11, -7.194801730899e-01, 2.629054749816e-02, 0.0000e+00, 0.0000e+00, 
 2DIAGNOSTIC,    12, -7.560195083562e-01, 2.603848975766e-02, 0.0000e+00, 0.0000e+00, 
 2DIAGNOSTIC,    13, -7.979529663607e-01, 2.492517653751e-02, 0.0000e+00, 0.0000e+00, 
 2DIAGNOSTIC,    14, -8.385155565111e-01, 2.312446219642e-02, 0.0000e+00, 0.0000e+00, 
 2DIAGNOSTIC,    15, -8.454445140787e-01, 2.003294569078e-02, 0.0000e+00, 0.0000e+00, 
 2DIAGNOSTIC,    16, -8.457382673481e-01, 1.615936283709e-02, 0.0000e+00, 0.0000e+00, 
 2DIAGNOSTIC,    17, -8.456535844915e-01, 1.220078069833e-02, 0.0000e+00, 0.0000e+00, 
 2DIAGNOSTIC,    18, -8.457271664728e-01, 9.603128750591e-03, 0.0000e+00, 0.0000e+00, 
 2DIAGNOSTIC,    19, -8.455320546005e-01, 7.413370028970e-03, 0.0000e+00, 0.0000e+00, 
 2DIAGNOSTIC,    20, -8.453279653724e-01, 4.939514199093e-03, 0.0000e+00, 0.0000e+00, 
 2DIAGNOSTIC,    21, -8.451666686935e-01, 2.620277946501e-03, 0.0000e+00, 0.0000e+00, 
 2DIAGNOSTIC,    22, -8.449401243688e-01, 9.630309611939e-04, 0.0000e+00, 0.0000e+00, 
 2DIAGNOSTIC,    23, -8.450095322281e-01, 9.636489317005e-05, 0.0000e+00, 0.0000e+00, 
DIAGNOSTIC,Iteration,metricValue,convergenceValue,ITERATION_TIME_INDEX,SINCE_LAST
 2DIAGNOSTIC,     1, -7.095981606196e-01, 1.797693134862e+308, 0.0000e+00, 0.0000e+00, 
 2DIAGNOSTIC,     2, -7.101576060440e-01, 1.797693134862e+308, 0.0000e+00, 0.0000e+00, 
 2DIAGNOSTIC,     3, -7.108728849956e-01, 1.797693134862e+308, 0.0000e+00, 0.0000e+00, 
 2DIAGNOSTIC,     4, -7.114376866650e-01, 1.797693134862e+308, 0.0000e+00, 0.0000e+00, 
 2DIAGNOSTIC,     5, -7.119892392973e-01, 1.797693134862e+308, 0.0000e+00, 0.0000e+00, 
 2DIAGNOSTIC,     6, -7.121166540298e-01, 1.797693134862e+308, 0.0000e+00, 0.0000e+00, 
 2DIAGNOSTIC,     7, -7.121777134333e-01, 1.797693134862e+308, 0.0000e+00, 0.0000e+00, 
 2DIAGNOSTIC,     8, -7.121853859176e-01, 1.797693134862e+308, 0.0000e+00, 0.0000e+00, 
 2DIAGNOSTIC,     9, -7.121876705997e-01, 1.797693134862e+308, 0.0000e+00, 0.0000e+00, 
 2DIAGNOSTIC,    10, -7.121771003984e-01, 2.284980715209e-04, 0.0000e+00, 0.0000e+00, 
 2DIAGNOSTIC,    11, -7.122015417256e-01, 1.412983253599e-04, 0.0000e+00, 0.0000e+00, 
 2DIAGNOSTIC,    12, -7.121876155887e-01, 7.415773721235e-05, 0.0000e+00, 0.0000e+00, 
 2DIAGNOSTIC,    13, -7.122503308062e-01, 3.457402533090e-05, 0.0000e+00, 0.0000e+00, 
 2DIAGNOSTIC,    14, -7.122237961353e-01, 1.266150619410e-05, 0.0000e+00, 0.0000e+00, 
 2DIAGNOSTIC,    15, -7.122189824767e-01, 7.241628610155e-06, 0.0000e+00, 0.0000e+00, 
 2DIAGNOSTIC,    16, -7.122251920272e-01, 5.337782483433e-06, 0.0000e+00, 0.0000e+00, 
 2DIAGNOSTIC,    17, -7.122414706929e-01, 5.140050331642e-06, 0.0000e+00, 0.0000e+00, 
 2DIAGNOSTIC,    18, -7.122456280595e-01, 4.899132872285e-06, 0.0000e+00, 0.0000e+00, 
 2DIAGNOSTIC,    19, -7.122471572342e-01, 4.490184499419e-06, 0.0000e+00, 0.0000e+00, 
 2DIAGNOSTIC,    20, -7.122302433886e-01, 3.323782024479e-06, 0.0000e+00, 0.0000e+00, 
 2DIAGNOSTIC,    21, -7.122204462853e-01, 2.407502815570e-06, 0.0000e+00, 0.0000e+00, 
DIAGNOSTIC,Iteration,metricValue,convergenceValue,ITERATION_TIME_INDEX,SINCE_LAST
 2DIAGNOSTIC,     1, -5.932152795168e-01, 1.797693134862e+308, 0.0000e+00, 0.0000e+00, 
 2DIAGNOSTIC,     2, -5.935069363717e-01, 1.797693134862e+308, 0.0000e+00, 0.0000e+00, 
 2DIAGNOSTIC,     3, -5.937926003661e-01, 1.797693134862e+308, 0.0000e+00, 0.0000e+00, 
 2DIAGNOSTIC,     4, -5.941476083400e-01, 1.797693134862e+308, 0.0000e+00, 0.0000e+00, 
 2DIAGNOSTIC,     5, -5.949505184611e-01, 1.797693134862e+308, 0.0000e+00, 0.0000e+00, 
 2DIAGNOSTIC,     6, -5.957891545170e-01, 1.797693134862e+308, 0.0000e+00, 0.0000e+00, 
 2DIAGNOSTIC,     7, -5.960404453365e-01, 1.797693134862e+308, 0.0000e+00, 0.0000e+00, 
 2DIAGNOSTIC,     8, -5.961034897936e-01, 1.797693134862e+308, 0.0000e+00, 0.0000e+00, 
 2DIAGNOSTIC,     9, -5.961473905035e-01, 1.797693134862e+308, 0.0000e+00, 0.0000e+00, 
 2DIAGNOSTIC,    10, -5.963535863841e-01, 3.896008845545e-04, 0.0000e+00, 0.0000e+00, 
 2DIAGNOSTIC,    11, -5.965115676950e-01, 3.165948554889e-04, 0.0000e+00, 0.0000e+00, 
 2DIAGNOSTIC,    12, -5.965813424000e-01, 2.420482006355e-04, 0.0000e+00, 0.0000e+00, 
 2DIAGNOSTIC,    13, -5.967279423206e-01, 1.737765556478e-04, 0.0000e+00, 0.0000e+00, 
 2DIAGNOSTIC,    14, -5.972022473042e-01, 1.275982764689e-04, 0.0000e+00, 0.0000e+00, 
 2DIAGNOSTIC,    15, -5.972719360815e-01, 1.028024417114e-04, 0.0000e+00, 0.0000e+00, 
 2DIAGNOSTIC,    16, -5.972719459241e-01, 9.679107527315e-05, 0.0000e+00, 0.0000e+00, 
 2DIAGNOSTIC,    17, -5.972742094103e-01, 9.011129298395e-05, 0.0000e+00, 0.0000e+00, 
 2DIAGNOSTIC,    18, -5.972740388803e-01, 7.770077656120e-05, 0.0000e+00, 0.0000e+00, 
 2DIAGNOSTIC,    19, -5.972708318047e-01, 6.029335870888e-05, 0.0000e+00, 0.0000e+00, 
 2DIAGNOSTIC,    20, -5.972690107899e-01, 4.395844342284e-05, 0.0000e+00, 0.0000e+00, 
 2DIAGNOSTIC,    21, -5.972672158576e-01, 2.894683509189e-05, 0.0000e+00, 0.0000e+00, 
 2DIAGNOSTIC,    22, -5.972676976702e-01, 1.432048270226e-05, 0.0000e+00, 0.0000e+00, 
 2DIAGNOSTIC,    23, -5.972666910872e-01, 2.516100784847e-06, 0.0000e+00, 0.0000e+00, 
DIAGNOSTIC,Iteration,metricValue,convergenceValue,ITERATION_TIME_INDEX,SINCE_LAST
 2DIAGNOSTIC,     1, -5.295723648623e-01, 1.797693134862e+308, 0.0000e+00, 0.0000e+00, 
 2DIAGNOSTIC,     2, -5.298806280326e-01, 1.797693134862e+308, 0.0000e+00, 0.0000e+00, 
 2DIAGNOSTIC,     3, -5.301348344391e-01, 1.797693134862e+308, 0.0000e+00, 0.0000e+00, 
 2DIAGNOSTIC,     4, -5.304209587682e-01, 1.797693134862e+308, 0.0000e+00, 0.0000e+00, 
 2DIAGNOSTIC,     5, -5.311241150935e-01, 1.797693134862e+308, 0.0000e+00, 0.0000e+00, 
 2DIAGNOSTIC,     6, -5.315035565264e-01, 1.797693134862e+308, 0.0000e+00, 0.0000e+00, 
 2DIAGNOSTIC,     7, -5.315108564802e-01, 1.797693134862e+308, 0.0000e+00, 0.0000e+00, 
 2DIAGNOSTIC,     8, -5.315113980445e-01, 1.797693134862e+308, 0.0000e+00, 0.0000e+00, 
 2DIAGNOSTIC,     9, -5.315107733458e-01, 1.797693134862e+308, 0.0000e+00, 0.0000e+00, 
 2DIAGNOSTIC,    10, -5.315101259250e-01, 2.655094493517e-04, 0.0000e+00, 0.0000e+00, 
 2DIAGNOSTIC,    11, -5.315098364478e-01, 1.867462677143e-04, 0.0000e+00, 0.0000e+00, 
 2DIAGNOSTIC,    12, -5.315097379039e-01, 1.186568459627e-04, 0.0000e+00, 0.0000e+00, 
 2DIAGNOSTIC,    13, -5.315095900926e-01, 6.130346950924e-05, 0.0000e+00, 0.0000e+00, 
 2DIAGNOSTIC,    14, -5.315095959182e-01, 1.715240924247e-05, 0.0000e+00, 0.0000e+00, 
 2DIAGNOSTIC,    15, -5.315096039793e-01, 2.237261147786e-06, 0.0000e+00, 0.0000e+00, 
 2DIAGNOSTIC,    16, -5.315095944926e-01, 1.860936643366e-06, 0.0000e+00, 0.0000e+00, 
 2DIAGNOSTIC,    17, -5.315095997368e-01, 1.769997117700e-06, 5.1200e+02, 5.1200e+02, 
 2DIAGNOSTIC,    18, -5.315095990112e-01, 1.715173337365e-06, 5.1200e+02, 0.0000e+00, 
 2DIAGNOSTIC,    19, -5.315095990515e-01, 1.654060884072e-06, 5.1200e+02, 0.0000e+00, 
 2DIAGNOSTIC,    20, -5.315095981989e-01, 1.584011637107e-06, 5.1200e+02, 0.0000e+00, 
 2DIAGNOSTIC,    21, -5.315095980827e-01, 1.514171431537e-06, 5.1200e+02, 0.0000e+00, 
 2DIAGNOSTIC,    22, -5.315095979994e-01, 1.448705921725e-06, 5.1200e+02, 0.0000e+00, 
 2DIAGNOSTIC,    23, -5.315095980178e-01, 1.385474911977e-06, 5.1200e+02, 0.0000e+00, 
 2DIAGNOSTIC,    24, -5.315095980601e-01, 1.327643716444e-06, 5.1200e+02, 0.0000e+00, 
 2DIAGNOSTIC,    25, -5.315095981980e-01, 1.274633588774e-06, 5.1200e+02, 0.0000e+00, 
 2DIAGNOSTIC,    26, -5.315094713269e-01, 1.222892215810e-06, 5.1200e+02, 0.0000e+00, 
 2DIAGNOSTIC,    27, -5.315094708812e-01, 1.175404194954e-06, 5.1200e+02, 0.0000e+00, 
 2DIAGNOSTIC,    28, -5.315094708812e-01, 1.131714559177e-06, 5.1200e+02, 0.0000e+00, 
 2DIAGNOSTIC,    29, -5.315094706754e-01, 1.091590697236e-06, 5.1200e+02, 0.0000e+00, 
 2DIAGNOSTIC,    30, -5.315094705312e-01, 1.054808571960e-06, 5.1200e+02, 0.0000e+00, 
 2DIAGNOSTIC,    31, -5.315094705312e-01, 1.021124727947e-06, 5.1200e+02, 0.0000e+00, 
  Elapsed time (stage 0): 5.1200e+02


Total elapsed time: 5.1200e+02
Info [verificarlo]: loaded backend libinterflop_ieee.so
Info [interflop-ieee]: load backend with:
Info [interflop-ieee]: debug = false
Info [interflop-ieee]: debug-binary = false
Info [interflop-ieee]: no-backend-name = false
Info [interflop-ieee]: print-new-line = false
Info [interflop-ieee]: print-subnormal-normalized = false
Info [interflop-ieee]: count-op = false
All_Command_lines_OK
Using double precision for computations.
=============================================================================
The composite transform comprises the following transforms (in order): 
  1. /home/mdugre/scratch/mri-registration-rp/datasets/ds004513/derivatives/mri-registration-rp/0110/antsRegistration-r7-p21/sub-s020/affine_Composite.h5[0] (type = Euler3DTransform)
  2. /home/mdugre/scratch/mri-registration-rp/datasets/ds004513/derivatives/mri-registration-rp/0110/antsRegistration-r7-p21/sub-s020/affine_Composite.h5[1] (type = Euler3DTransform)
  3. /home/mdugre/scratch/mri-registration-rp/datasets/ds004513/derivatives/mri-registration-rp/0110/antsRegistration-r7-p21/sub-s020/affine_Composite.h5[2] (type = Euler3DTransform)
  4. /home/mdugre/scratch/mri-registration-rp/datasets/ds004513/derivatives/mri-registration-rp/0110/antsRegistration-r7-p21/sub-s020/affine_Composite.h5[3] (type = AffineTransform)
=============================================================================
  number of levels = 4
  fixed image: /templateflow/tpl-MNI152NLin2009cAsym/tpl-MNI152NLin2009cAsym_res-01_desc-brain_T1w.nii.gz
  moving image: /home/mdugre/scratch/mri-registration-rp/datasets/ds004513/derivatives/mri-registration-rp/antsBrainExtraction/sub-s020/BrainExtractionBrain.nii.gz
Dimension = 3
Number of stages = 1
Use histogram matching = false
Winsorize image intensities = true
  Lower quantile = 0.005
  Upper quantile = 0.995


Stage 1 State
   Image metric = CC
     Fixed image = Image (0x393ba40)
  RTTI typeinfo:   itk::Image<double, 3u>
  Reference Count: 2
  Modified Time: 1608
  Debug: Off
  Object Name: 
  Observers: 
    none
  Source: (none)
  Source output name: (none)
  Release Data: Off
  Data Released: False
  Global Release Data: Off
  PipelineMTime: 0
  UpdateMTime: 1217
  RealTimeStamp: 0 seconds 
  LargestPossibleRegion: 
    Dimension: 3
    Index: [0, 0, 0]
    Size: [193, 229, 193]
  BufferedRegion: 
    Dimension: 3
    Index: [0, 0, 0]
    Size: [193, 229, 193]
  RequestedRegion: 
    Dimension: 3
    Index: [0, 0, 0]
    Size: [193, 229, 193]
  Spacing: [1, 1, 1]
  Origin: [96, 132, -78]
  Direction: 
-1 0 0
0 -1 0
0 0 1

  IndexToPointMatrix: 
-1 0 0
0 -1 0
0 0 1

  PointToIndexMatrix: 
-1 0 0
0 -1 0
0 0 1

  Inverse Direction: 
-1 0 0
0 -1 0
0 0 1

  PixelContainer: 
    ImportImageContainer (0x3a0a780)
      RTTI typeinfo:   itk::ImportImageContainer<unsigned long, double>
      Reference Count: 1
      Modified Time: 1214
      Debug: Off
      Object Name: 
      Observers: 
        none
      Pointer: 0x1543f79ec010
      Container manages memory: true
      Size: 8530021
      Capacity: 8530021

     Moving image = Image (0x39f7520)
  RTTI typeinfo:   itk::Image<double, 3u>
  Reference Count: 2
  Modified Time: 1609
  Debug: Off
  Object Name: 
  Observers: 
    none
  Source: (none)
  Source output name: (none)
  Release Data: Off
  Data Released: False
  Global Release Data: Off
  PipelineMTime: 0
  UpdateMTime: 1606
  RealTimeStamp: 0 seconds 
  LargestPossibleRegion: 
    Dimension: 3
    Index: [0, 0, 0]
    Size: [160, 240, 256]
  BufferedRegion: 
    Dimension: 3
    Index: [0, 0, 0]
    Size: [160, 240, 256]
  RequestedRegion: 
    Dimension: 3
    Index: [0, 0, 0]
    Size: [160, 240, 256]
  Spacing: [0.999995, 1, 1]
  Origin: [87.0906, 98.7205, -152.377]
  Direction: 
-0.996975 0.0261379 -0.0731913
-0.0260677 -0.999658 -0.00191374
-0.0732163 -2.46403e-08 0.997316

  IndexToPointMatrix: 
-0.996971 0.0261379 -0.0731913
-0.0260676 -0.999658 -0.00191374
-0.0732159 -2.46403e-08 0.997316

  PointToIndexMatrix: 
-0.99698 -0.0260679 -0.0732166
0.0261379 -0.999658 -2.46993e-08
-0.0731913 -0.00191374 0.997316

  Inverse Direction: 
-0.996975 -0.0260677 -0.0732163
0.0261379 -0.999658 -2.46993e-08
-0.0731913 -0.00191374 0.997316

  PixelContainer: 
    ImportImageContainer (0x3a1a150)
      RTTI typeinfo:   itk::ImportImageContainer<unsigned long, double>
      Reference Count: 1
      Modified Time: 1603
      Debug: Off
      Object Name: 
      Observers: 
        none
      Pointer: 0x1543f2eeb010
      Container manages memory: true
      Size: 9830400
      Capacity: 9830400

     Weighting = 1
     Sampling strategy = none
     Number of bins = 32
     Radius = 4
     Sampling percentage  = 1
   Transform = SyN
     Gradient step = 0.1
     Update field sigma (voxel space) = 3
     Total field sigma (voxel space) = 0
     Update field time sigma = 0
     Total field time sigma  = 0
     Number of time indices = 0
     Number of time point samples = 0
Registration using 1 total stages.

Stage 0
  iterations = 100x70x50x20
  convergence threshold = 1e-06
  convergence window size = 10
  number of levels = 4
  using the CC metric (radius = 4, weight = 1, use gradient filter = 0)
  preprocessing:  winsorizing the image intensities
  Shrink factors (level 1 out of 4): [8, 8, 8]
  Shrink factors (level 2 out of 4): [4, 4, 4]
  Shrink factors (level 3 out of 4): [2, 2, 2]
  Shrink factors (level 4 out of 4): [1, 1, 1]
  smoothing sigmas per level: [3, 2, 1, 0]
  Using default NONE metricSamplingStrategy 

*** Running SyN registration (varianceForUpdateField = 3, varianceForTotalField = 0) ***

XXDIAGNOSTIC,Iteration,metricValue,convergenceValue,ITERATION_TIME_INDEX,SINCE_LAST
 1DIAGNOSTIC,     1, -9.071725641167e-01, 1.797693134862e+308, 1.0658e+00, 1.0658e+00, 
 1DIAGNOSTIC,     2, -9.146788634703e-01, 1.797693134862e+308, 1.4026e+00, 3.3680e-01, 
 1DIAGNOSTIC,     3, -9.199905683619e-01, 1.797693134862e+308, 1.7373e+00, 3.3462e-01, 
 1DIAGNOSTIC,     4, -9.234110694745e-01, 1.797693134862e+308, 2.0782e+00, 3.4094e-01, 
 1DIAGNOSTIC,     5, -9.256772725611e-01, 1.797693134862e+308, 2.4026e+00, 3.2438e-01, 
 1DIAGNOSTIC,     6, -9.273515449974e-01, 1.797693134862e+308, 2.7368e+00, 3.3422e-01, 
 1DIAGNOSTIC,     7, -9.286072714196e-01, 1.797693134862e+308, 3.0730e+00, 3.3623e-01, 
 1DIAGNOSTIC,     8, -9.295348558368e-01, 1.797693134862e+308, 3.4088e+00, 3.3577e-01, 
 1DIAGNOSTIC,     9, -9.302913863462e-01, 1.797693134862e+308, 3.7487e+00, 3.3994e-01, 
 1DIAGNOSTIC,    10, -9.309199701203e-01, 1.442755102412e-03, 4.0815e+00, 3.3273e-01, 
 1DIAGNOSTIC,    11, -9.314190292636e-01, 9.287567085998e-04, 4.4159e+00, 3.3439e-01, 
 1DIAGNOSTIC,    12, -9.318573364014e-01, 6.188902842645e-04, 4.7545e+00, 3.3865e-01, 
 1DIAGNOSTIC,    13, -9.322608546153e-01, 4.348999300795e-04, 5.1003e+00, 3.4582e-01, 
 1DIAGNOSTIC,    14, -9.326367984577e-01, 3.204218746854e-04, 5.4396e+00, 3.3929e-01, 
 1DIAGNOSTIC,    15, -9.329836984171e-01, 2.450557932909e-04, 5.7775e+00, 3.3784e-01, 
 1DIAGNOSTIC,    16, -9.333024492944e-01, 1.946362537095e-04, 6.1491e+00, 3.7164e-01, 
 1DIAGNOSTIC,    17, -9.335952766517e-01, 1.600691101919e-04, 6.4936e+00, 3.4446e-01, 
 1DIAGNOSTIC,    18, -9.338831530879e-01, 1.351921416913e-04, 6.8451e+00, 3.5153e-01, 
 1DIAGNOSTIC,    19, -9.341648875516e-01, 1.171056037630e-04, 7.1732e+00, 3.2807e-01, 
 1DIAGNOSTIC,    20, -9.344384152265e-01, 1.037593254120e-04, 7.5080e+00, 3.3481e-01, 
 1DIAGNOSTIC,    21, -9.347001825184e-01, 9.313160730505e-05, 7.8478e+00, 3.3982e-01, 
 1DIAGNOSTIC,    22, -9.349502281629e-01, 8.438235656902e-05, 8.1774e+00, 3.2967e-01, 
 1DIAGNOSTIC,    23, -9.351860834089e-01, 7.703728045304e-05, 8.5130e+00, 3.3555e-01, 
 1DIAGNOSTIC,    24, -9.354072578419e-01, 7.072788302986e-05, 8.8738e+00, 3.6081e-01, 
 1DIAGNOSTIC,    25, -9.356140991911e-01, 6.509635947888e-05, 9.2017e+00, 3.2785e-01, 
 1DIAGNOSTIC,    26, -9.358085396884e-01, 5.985953478545e-05, 9.5389e+00, 3.3725e-01, 
 1DIAGNOSTIC,    27, -9.359917256265e-01, 5.481061252642e-05, 9.8856e+00, 3.4674e-01, 
 1DIAGNOSTIC,    28, -9.361648529089e-01, 5.003327803699e-05, 1.0240e+01, 3.5398e-01, 
 1DIAGNOSTIC,    29, -9.363291933105e-01, 4.560948220731e-05, 1.0583e+01, 3.4347e-01, 
 1DIAGNOSTIC,    30, -9.364863041598e-01, 4.160336582286e-05, 1.0926e+01, 3.4276e-01, 
 1DIAGNOSTIC,    31, -9.366358383765e-01, 3.801998583160e-05, 1.1275e+01, 3.4883e-01, 
 1DIAGNOSTIC,    32, -9.367773955880e-01, 3.484570680225e-05, 1.1624e+01, 3.4917e-01, 
 1DIAGNOSTIC,    33, -9.369121509604e-01, 3.203961902990e-05, 1.2007e+01, 3.8316e-01, 
 1DIAGNOSTIC,    34, -9.370328675447e-01, 2.947931942808e-05, 1.2348e+01, 3.4082e-01, 
 1DIAGNOSTIC,    35, -9.371564786654e-01, 2.720088589792e-05, 1.2682e+01, 3.3393e-01, 
 1DIAGNOSTIC,    36, -9.372758575862e-01, 2.517489269212e-05, 1.3025e+01, 3.4351e-01, 
 1DIAGNOSTIC,    37, -9.373908282754e-01, 2.337365820510e-05, 1.3375e+01, 3.4956e-01, 
 1DIAGNOSTIC,    38, -9.375012887274e-01, 2.177173030372e-05, 1.3703e+01, 3.2800e-01, 
 1DIAGNOSTIC,    39, -9.376077105820e-01, 2.034907625970e-05, 1.4044e+01, 3.4160e-01, 
 1DIAGNOSTIC,    40, -9.377100509097e-01, 1.908827773181e-05, 1.4389e+01, 3.4421e-01, 
 1DIAGNOSTIC,    41, -9.378088002460e-01, 1.796584103024e-05, 1.4731e+01, 3.4276e-01, 
 1DIAGNOSTIC,    42, -9.379039251877e-01, 1.695135746225e-05, 1.5065e+01, 3.3337e-01, 
 1DIAGNOSTIC,    43, -9.379834345718e-01, 1.593758918834e-05, 1.5403e+01, 3.3826e-01, 
 1DIAGNOSTIC,    44, -9.380711231355e-01, 1.494458513466e-05, 1.5729e+01, 3.2608e-01, 
 1DIAGNOSTIC,    45, -9.381556499835e-01, 1.402665847758e-05, 1.6056e+01, 3.2713e-01, 
 1DIAGNOSTIC,    46, -9.382369647870e-01, 1.318568649819e-05, 1.6394e+01, 3.3739e-01, 
 1DIAGNOSTIC,    47, -9.383110603332e-01, 1.239472671239e-05, 1.6729e+01, 3.3578e-01, 
 1DIAGNOSTIC,    48, -9.383820884695e-01, 1.165366211119e-05, 1.7061e+01, 3.3151e-01, 
 1DIAGNOSTIC,    49, -9.384554251187e-01, 1.099415888430e-05, 1.7398e+01, 3.3717e-01, 
 1DIAGNOSTIC,    50, -9.385751446755e-01, 1.070681478261e-05, 1.7763e+01, 3.6520e-01, 
 1DIAGNOSTIC,    51, -9.386445849801e-01, 1.044727995804e-05, 1.8096e+01, 3.3301e-01, 
 1DIAGNOSTIC,    52, -9.387116969435e-01, 1.019941031779e-05, 1.8441e+01, 3.4466e-01, 
 1DIAGNOSTIC,    53, -9.387765432420e-01, 9.864057744696e-06, 1.8777e+01, 3.3572e-01, 
 1DIAGNOSTIC,    54, -9.388388020998e-01, 9.485325942207e-06, 1.9119e+01, 3.4246e-01, 
 1DIAGNOSTIC,    55, -9.388987358757e-01, 9.050453165634e-06, 1.9453e+01, 3.3413e-01, 
 1DIAGNOSTIC,    56, -9.389566713815e-01, 8.564108060598e-06, 1.9784e+01, 3.3023e-01, 
 1DIAGNOSTIC,    57, -9.390063403096e-01, 7.983344214514e-06, 2.0118e+01, 3.3464e-01, 
 1DIAGNOSTIC,    58, -9.390603426949e-01, 7.360517765301e-06, 2.0447e+01, 3.2895e-01, 
 1DIAGNOSTIC,    59, -9.391124299952e-01, 6.735208886943e-06, 2.0777e+01, 3.2945e-01, 
 1DIAGNOSTIC,    60, -9.391625309202e-01, 6.387802204862e-06, 2.1103e+01, 3.2599e-01, 
 1DIAGNOSTIC,    61, -9.392110601363e-01, 6.069504388386e-06, 2.1437e+01, 3.3459e-01, 
 1DIAGNOSTIC,    62, -9.392550034840e-01, 5.766065265332e-06, 2.1774e+01, 3.3639e-01, 
 1DIAGNOSTIC,    63, -9.393010116859e-01, 5.495828082926e-06, 2.2116e+01, 3.4288e-01, 
 1DIAGNOSTIC,    64, -9.393452633408e-01, 5.252767126859e-06, 2.2452e+01, 3.3524e-01, 
 1DIAGNOSTIC,    65, -9.393879145256e-01, 5.032713940509e-06, 2.2779e+01, 3.2699e-01, 
 1DIAGNOSTIC,    66, -9.394287573411e-01, 4.832155316541e-06, 2.3163e+01, 3.8443e-01, 
 1DIAGNOSTIC,    67, -9.394680322337e-01, 4.617083391847e-06, 2.3495e+01, 3.3205e-01, 
 1DIAGNOSTIC,    68, -9.395057268922e-01, 4.414155072407e-06, 2.3830e+01, 3.3523e-01, 
 1DIAGNOSTIC,    69, -9.395418929191e-01, 4.220604795570e-06, 2.4177e+01, 3.4638e-01, 
 1DIAGNOSTIC,    70, -9.395767796732e-01, 4.034589944123e-06, 2.4525e+01, 3.4834e-01, 
 1DIAGNOSTIC,    71, -9.396104507064e-01, 3.856654206585e-06, 2.4859e+01, 3.3377e-01, 
 1DIAGNOSTIC,    72, -9.396431653904e-01, 3.674418778127e-06, 2.5188e+01, 3.2903e-01, 
 1DIAGNOSTIC,    73, -9.397339418810e-01, 3.750840061535e-06, 2.5514e+01, 3.2624e-01, 
 1DIAGNOSTIC,    74, -9.397610525333e-01, 3.787730521369e-06, 2.5860e+01, 3.4596e-01, 
 1DIAGNOSTIC,    75, -9.397907405717e-01, 3.792465870811e-06, 2.6196e+01, 3.3585e-01, 
 1DIAGNOSTIC,    76, -9.398194584494e-01, 3.750404950412e-06, 2.6533e+01, 3.3700e-01, 
 1DIAGNOSTIC,    77, -9.398473281066e-01, 3.648450297392e-06, 2.6860e+01, 3.2662e-01, 
 1DIAGNOSTIC,    78, -9.398743708376e-01, 3.482044306570e-06, 2.7202e+01, 3.4215e-01, 
 1DIAGNOSTIC,    79, -9.399006405582e-01, 3.259596656773e-06, 2.7538e+01, 3.3581e-01, 
 1DIAGNOSTIC,    80, -9.399261873104e-01, 2.997262934889e-06, 2.7880e+01, 3.4234e-01, 
 1DIAGNOSTIC,    81, -9.399510023641e-01, 2.709478335861e-06, 2.8223e+01, 3.4280e-01, 
 1DIAGNOSTIC,    82, -9.399751380031e-01, 2.406557003698e-06, 2.8562e+01, 3.3919e-01, 
 1DIAGNOSTIC,    83, -9.399986253162e-01, 2.331981712712e-06, 2.8904e+01, 3.4174e-01, 
 1DIAGNOSTIC,    84, -9.400214547001e-01, 2.249128480939e-06, 2.9237e+01, 3.3314e-01, 
 1DIAGNOSTIC,    85, -9.400436956658e-01, 2.170788664015e-06, 2.9585e+01, 3.4825e-01, 
 1DIAGNOSTIC,    86, -9.400653348401e-01, 2.096322095420e-06, 2.9914e+01, 3.2881e-01, 
 1DIAGNOSTIC,    87, -9.400864418003e-01, 2.025592164870e-06, 3.0257e+01, 3.4284e-01, 
 1DIAGNOSTIC,    88, -9.401069837238e-01, 1.958223942975e-06, 3.0599e+01, 3.4198e-01, 
 1DIAGNOSTIC,    89, -9.401270040561e-01, 1.894024679169e-06, 3.0929e+01, 3.3039e-01, 
 1DIAGNOSTIC,    90, -9.401466609881e-01, 1.833352349446e-06, 3.1259e+01, 3.3026e-01, 
 1DIAGNOSTIC,    91, -9.401658661492e-01, 1.776002177623e-06, 3.1604e+01, 3.4476e-01, 
 1DIAGNOSTIC,    92, -9.401847364140e-01, 1.722158576075e-06, 3.1941e+01, 3.3656e-01, 
 1DIAGNOSTIC,    93, -9.402030163126e-01, 1.671044865302e-06, 3.2279e+01, 3.3846e-01, 
 1DIAGNOSTIC,    94, -9.402207354047e-01, 1.621846563937e-06, 3.2609e+01, 3.2991e-01, 
 1DIAGNOSTIC,    95, -9.402244965945e-01, 1.531115223677e-06, 3.2937e+01, 3.2785e-01, 
 1DIAGNOSTIC,    96, -9.402412458760e-01, 1.447675110282e-06, 3.3271e+01, 3.3470e-01, 
 1DIAGNOSTIC,    97, -9.402575212096e-01, 1.373005498762e-06, 3.3598e+01, 3.2688e-01, 
 1DIAGNOSTIC,    98, -9.402733488252e-01, 1.309352787689e-06, 3.3933e+01, 3.3483e-01, 
 1DIAGNOSTIC,    99, -9.402888021169e-01, 1.259303560239e-06, 3.4275e+01, 3.4170e-01, 
 1DIAGNOSTIC,   100, -9.403041012672e-01, 1.225001569051e-06, 3.4609e+01, 3.3361e-01, 
XXDIAGNOSTIC,Iteration,metricValue,convergenceValue,ITERATION_TIME_INDEX,SINCE_LAST
 1DIAGNOSTIC,     1, -8.720256318069e-01, 1.797693134862e+308, 3.7510e+01, 2.9012e+00, 
 1DIAGNOSTIC,     2, -8.752303737701e-01, 1.797693134862e+308, 3.9707e+01, 2.1973e+00, 
 1DIAGNOSTIC,     3, -8.779578313530e-01, 1.797693134862e+308, 4.1908e+01, 2.2012e+00, 
 1DIAGNOSTIC,     4, -8.803640237963e-01, 1.797693134862e+308, 4.4090e+01, 2.1822e+00, 
 1DIAGNOSTIC,     5, -8.824238064604e-01, 1.797693134862e+308, 4.6296e+01, 2.2060e+00, 
 1DIAGNOSTIC,     6, -8.841944648091e-01, 1.797693134862e+308, 4.8669e+01, 2.3726e+00, 
 1DIAGNOSTIC,     7, -8.857255838281e-01, 1.797693134862e+308, 5.0851e+01, 2.1819e+00, 
 1DIAGNOSTIC,     8, -8.870540950242e-01, 1.797693134862e+308, 5.3016e+01, 2.1651e+00, 
 1DIAGNOSTIC,     9, -8.882054664558e-01, 1.797693134862e+308, 5.5423e+01, 2.4072e+00, 
 1DIAGNOSTIC,    10, -8.893360673426e-01, 1.221770521311e-03, 5.7624e+01, 2.2012e+00, 
 1DIAGNOSTIC,    11, -8.903314269400e-01, 9.673848530758e-04, 5.9894e+01, 2.2696e+00, 
 1DIAGNOSTIC,    12, -8.911671382134e-01, 7.762223366969e-04, 6.2127e+01, 2.2336e+00, 
 1DIAGNOSTIC,    13, -8.917815734050e-01, 6.264717993447e-04, 6.4569e+01, 2.4411e+00, 
 1DIAGNOSTIC,    14, -8.923336085439e-01, 5.087366418478e-04, 6.6751e+01, 2.1826e+00, 
 1DIAGNOSTIC,    15, -8.928252191529e-01, 4.145021640217e-04, 6.8983e+01, 2.2314e+00, 
 1DIAGNOSTIC,    16, -8.932932504141e-01, 3.386075699949e-04, 7.1542e+01, 2.5593e+00, 
 1DIAGNOSTIC,    17, -8.937163646070e-01, 2.771322366067e-04, 7.3783e+01, 2.2416e+00, 
 1DIAGNOSTIC,    18, -8.941063548282e-01, 2.274126261986e-04, 7.6184e+01, 2.4008e+00, 
 1DIAGNOSTIC,    19, -8.944770281356e-01, 1.874115314360e-04, 7.8392e+01, 2.2075e+00, 
 1DIAGNOSTIC,    20, -8.948147350687e-01, 1.573826855707e-04, 8.1054e+01, 2.6623e+00, 
 1DIAGNOSTIC,    21, -8.951065933012e-01, 1.350771827691e-04, 8.3392e+01, 2.3376e+00, 
 1DIAGNOSTIC,    22, -8.953911587387e-01, 1.184734662367e-04, 8.5718e+01, 2.3264e+00, 
 1DIAGNOSTIC,    23, -8.956465919389e-01, 1.043231318575e-04, 8.7901e+01, 2.1832e+00, 
 1DIAGNOSTIC,    24, -8.958915683701e-01, 9.220379019414e-05, 9.0278e+01, 2.3771e+00, 
 1DIAGNOSTIC,    25, -8.961274944136e-01, 8.171139163025e-05, 9.2509e+01, 2.2311e+00, 
 1DIAGNOSTIC,    26, -8.963301604918e-01, 7.261000727191e-05, 9.4730e+01, 2.2207e+00, 
 1DIAGNOSTIC,    27, -8.965280620756e-01, 6.473008957355e-05, 9.6923e+01, 2.1934e+00, 
 1DIAGNOSTIC,    28, -8.966991494640e-01, 5.773891569995e-05, 9.9238e+01, 2.3142e+00, 
 1DIAGNOSTIC,    29, -8.968833817412e-01, 5.192459770609e-05, 1.0157e+02, 2.3288e+00, 
 1DIAGNOSTIC,    30, -8.970373653732e-01, 4.685935922165e-05, 1.0387e+02, 2.3007e+00, 
 1DIAGNOSTIC,    31, -8.971816971225e-01, 4.222247547384e-05, 1.0609e+02, 2.2227e+00, 
 1DIAGNOSTIC,    32, -8.973277598828e-01, 3.822307972333e-05, 1.0831e+02, 2.2173e+00, 
 1DIAGNOSTIC,    33, -8.974781895177e-01, 3.481104111485e-05, 1.1057e+02, 2.2638e+00, 
 1DIAGNOSTIC,    34, -8.976014929060e-01, 3.179034288976e-05, 1.1290e+02, 2.3334e+00, 
 1DIAGNOSTIC,    35, -8.977138319964e-01, 2.915047642120e-05, 1.1530e+02, 2.3933e+00, 
 1DIAGNOSTIC,    36, -8.978250386869e-01, 2.672218365318e-05, 1.1758e+02, 2.2790e+00, 
 1DIAGNOSTIC,    37, -8.979268461489e-01, 2.451870826072e-05, 1.1985e+02, 2.2730e+00, 
 1DIAGNOSTIC,    38, -8.980255034241e-01, 2.240481975595e-05, 1.2208e+02, 2.2325e+00, 
 1DIAGNOSTIC,    39, -8.981139730713e-01, 2.054727268034e-05, 1.2428e+02, 2.1991e+00, 
 1DIAGNOSTIC,    40, -8.981969580408e-01, 1.877022038469e-05, 1.2647e+02, 2.1924e+00, 
 1DIAGNOSTIC,    41, -8.982762109235e-01, 1.708120819836e-05, 1.2866e+02, 2.1897e+00, 
 1DIAGNOSTIC,    42, -8.983579865092e-01, 1.561901781211e-05, 1.3090e+02, 2.2378e+00, 
 1DIAGNOSTIC,    43, -8.984260299923e-01, 1.440303756911e-05, 1.3317e+02, 2.2702e+00, 
 1DIAGNOSTIC,    44, -8.984862204943e-01, 1.324977222137e-05, 1.3538e+02, 2.2113e+00, 
 1DIAGNOSTIC,    45, -8.985865036725e-01, 1.244060687598e-05, 1.3767e+02, 2.2879e+00, 
 1DIAGNOSTIC,    46, -8.986461320927e-01, 1.170380204933e-05, 1.3985e+02, 2.1814e+00, 
 1DIAGNOSTIC,    47, -8.987027604005e-01, 1.100485894578e-05, 1.4208e+02, 2.2254e+00, 
 1DIAGNOSTIC,    48, -8.987705098101e-01, 1.044158940804e-05, 1.4429e+02, 2.2113e+00, 
 1DIAGNOSTIC,    49, -8.988215410338e-01, 9.857450608653e-06, 1.4655e+02, 2.2632e+00, 
 1DIAGNOSTIC,    50, -8.988707234444e-01, 9.242390154297e-06, 1.4875e+02, 2.1950e+00, 
 1DIAGNOSTIC,    51, -8.989155598070e-01, 8.589155746527e-06, 1.5095e+02, 2.2033e+00, 
 1DIAGNOSTIC,    52, -8.989604956483e-01, 7.966951776787e-06, 1.5314e+02, 2.1925e+00, 
 1DIAGNOSTIC,    53, -8.990133392170e-01, 7.381915841296e-06, 1.5542e+02, 2.2770e+00, 
 1DIAGNOSTIC,    54, -8.990530539164e-01, 6.739862787403e-06, 1.5780e+02, 2.3796e+00, 
 1DIAGNOSTIC,    55, -8.990895319226e-01, 6.316352288600e-06, 1.6010e+02, 2.3003e+00, 
 1DIAGNOSTIC,    56, -8.991299976733e-01, 5.920842508899e-06, 1.6228e+02, 2.1801e+00, 
 1DIAGNOSTIC,    57, -8.991635452325e-01, 5.518456174691e-06, 1.6472e+02, 2.4382e+00, 
 1DIAGNOSTIC,    58, -8.991901153679e-01, 5.163611790249e-06, 1.6699e+02, 2.2718e+00, 
 1DIAGNOSTIC,    59, -8.992204465073e-01, 4.811097904473e-06, 1.6926e+02, 2.2686e+00, 
 1DIAGNOSTIC,    60, -8.992559745790e-01, 4.504178434141e-06, 1.7153e+02, 2.2709e+00, 
 1DIAGNOSTIC,    61, -8.992792457302e-01, 4.173984766643e-06, 1.7374e+02, 2.2137e+00, 
 1DIAGNOSTIC,    62, -8.993046025864e-01, 3.858321162460e-06, 1.7594e+02, 2.1989e+00, 
 1DIAGNOSTIC,    63, -8.993289173951e-01, 3.617048056868e-06, 1.7850e+02, 2.5542e+00, 
 1DIAGNOSTIC,    64, -8.993531409228e-01, 3.397490418978e-06, 1.8083e+02, 2.3351e+00, 
 1DIAGNOSTIC,    65, -8.993814153187e-01, 3.216616473081e-06, 1.8314e+02, 2.3052e+00, 
 1DIAGNOSTIC,    66, -8.994008706996e-01, 3.062840891816e-06, 1.8542e+02, 2.2799e+00, 
 1DIAGNOSTIC,    67, -8.994236585009e-01, 2.931100874869e-06, 1.8767e+02, 2.2572e+00, 
 1DIAGNOSTIC,    68, -8.994398764717e-01, 2.763698439101e-06, 1.8987e+02, 2.1932e+00, 
 1DIAGNOSTIC,    69, -8.994584031183e-01, 2.601217151463e-06, 1.9227e+02, 2.4068e+00, 
 1DIAGNOSTIC,    70, -8.994758704536e-01, 2.475059812488e-06, 1.9447e+02, 2.1979e+00, 
XXDIAGNOSTIC,Iteration,metricValue,convergenceValue,ITERATION_TIME_INDEX,SINCE_LAST
 1DIAGNOSTIC,     1, -8.667187347971e-01, 1.797693134862e+308, 2.1459e+02, 2.0121e+01, 
 1DIAGNOSTIC,     2, -8.701283026372e-01, 1.797693134862e+308, 2.3292e+02, 1.8327e+01, 
 1DIAGNOSTIC,     3, -8.731282254099e-01, 1.797693134862e+308, 2.5080e+02, 1.7880e+01, 
 1DIAGNOSTIC,     4, -8.758901019770e-01, 1.797693134862e+308, 2.6933e+02, 1.8535e+01, 
 1DIAGNOSTIC,     5, -8.785407300657e-01, 1.797693134862e+308, 2.8744e+02, 1.8102e+01, 
 1DIAGNOSTIC,     6, -8.806836240095e-01, 1.797693134862e+308, 3.0590e+02, 1.8461e+01, 
 1DIAGNOSTIC,     7, -8.826511799605e-01, 1.797693134862e+308, 3.2435e+02, 1.8455e+01, 
 1DIAGNOSTIC,     8, -8.844269987379e-01, 1.797693134862e+308, 3.4260e+02, 1.8249e+01, 
 1DIAGNOSTIC,     9, -8.860547562873e-01, 1.797693134862e+308, 3.6088e+02, 1.8274e+01, 
 1DIAGNOSTIC,    10, -8.875455172845e-01, 1.497172551533e-03, 3.8007e+02, 1.9199e+01, 
 1DIAGNOSTIC,    11, -8.889334161187e-01, 1.225256226392e-03, 3.9843e+02, 1.8352e+01, 
 1DIAGNOSTIC,    12, -8.902227314814e-01, 1.014481689711e-03, 4.1656e+02, 1.8137e+01, 
 1DIAGNOSTIC,    13, -8.914395519018e-01, 8.484365774930e-04, 4.3480e+02, 1.8238e+01, 
 1DIAGNOSTIC,    14, -8.924384520107e-01, 7.148413849632e-04, 4.5285e+02, 1.8053e+01, 
 1DIAGNOSTIC,    15, -8.933693924235e-01, 6.102662801218e-04, 4.7074e+02, 1.7887e+01, 
 1DIAGNOSTIC,    16, -8.942298388616e-01, 5.227922433974e-04, 4.8918e+02, 1.8440e+01, 
 1DIAGNOSTIC,    17, -8.949797396573e-01, 4.485034087875e-04, 5.0796e+02, 1.8781e+01, 
 1DIAGNOSTIC,    18, -8.956259292361e-01, 3.839835324249e-04, 5.2651e+02, 1.8545e+01, 
 1DIAGNOSTIC,    19, -8.962819386549e-01, 3.290810703800e-04, 5.4518e+02, 1.8673e+01, 
 1DIAGNOSTIC,    20, -8.968421633639e-01, 2.818013411795e-04, 5.6402e+02, 1.8835e+01, 
 1DIAGNOSTIC,    21, -8.973989425865e-01, 2.422972218534e-04, 5.8404e+02, 2.0029e+01, 
 1DIAGNOSTIC,    22, -8.979287961640e-01, 2.100903245999e-04, 6.0225e+02, 1.8204e+01, 
 1DIAGNOSTIC,    23, -8.984326547986e-01, 1.848961642453e-04, 6.2028e+02, 1.8027e+01, 
 1DIAGNOSTIC,    24, -8.989145976878e-01, 1.641290821382e-04, 6.3874e+02, 1.8463e+01, 
 1DIAGNOSTIC,    25, -8.993887542062e-01, 1.475069822976e-04, 6.5674e+02, 1.8001e+01, 
 1DIAGNOSTIC,    26, -8.998503418363e-01, 1.344898090864e-04, 6.7489e+02, 1.8154e+01, 
 1DIAGNOSTIC,    27, -9.002863362564e-01, 1.237704602511e-04, 6.9315e+02, 1.8252e+01, 
 1DIAGNOSTIC,    28, -9.006936326430e-01, 1.141205132954e-04, 7.1241e+02, 1.9264e+01, 
 1DIAGNOSTIC,    29, -9.010775047372e-01, 1.058012135125e-04, 7.3080e+02, 1.8388e+01, 
 1DIAGNOSTIC,    30, -9.014377102474e-01, 9.781232212968e-05, 7.4918e+02, 1.8378e+01, 
 1DIAGNOSTIC,    31, -9.017801617794e-01, 9.032563463432e-05, 7.6775e+02, 1.8572e+01, 
 1DIAGNOSTIC,    32, -9.021014510184e-01, 8.322909074734e-05, 7.8651e+02, 1.8758e+01, 
 1DIAGNOSTIC,    33, -9.024055203673e-01, 7.648133498130e-05, 8.0501e+02, 1.8506e+01, 
 1DIAGNOSTIC,    34, -9.026950546024e-01, 7.010982206560e-05, 8.2345e+02, 1.8437e+01, 
 1DIAGNOSTIC,    35, -9.029680151368e-01, 6.424943010406e-05, 8.4176e+02, 1.8312e+01, 
 1DIAGNOSTIC,    36, -9.032282823845e-01, 5.900256868376e-05, 8.6098e+02, 1.9215e+01, 
 1DIAGNOSTIC,    37, -9.034749309208e-01, 5.431398150306e-05, 8.7913e+02, 1.8151e+01, 
 1DIAGNOSTIC,    38, -9.037063960372e-01, 5.006860325815e-05, 8.9693e+02, 1.7803e+01, 
 1DIAGNOSTIC,    39, -9.039275374931e-01, 4.622800227775e-05, 9.1510e+02, 1.8165e+01, 
 1DIAGNOSTIC,    40, -9.041416203336e-01, 4.276155684419e-05, 9.3317e+02, 1.8072e+01, 
 1DIAGNOSTIC,    41, -9.043432282505e-01, 3.962889482964e-05, 9.5101e+02, 1.7839e+01, 
 1DIAGNOSTIC,    42, -9.045424987513e-01, 3.683013100625e-05, 9.7009e+02, 1.9078e+01, 
 1DIAGNOSTIC,    43, -9.047303033618e-01, 3.430711577548e-05, 9.8851e+02, 1.8427e+01, 
 1DIAGNOSTIC,    44, -9.049050636611e-01, 3.200337765450e-05, 1.0073e+03, 1.8763e+01, 
 1DIAGNOSTIC,    45, -9.050775546605e-01, 2.991855868990e-05, 1.0257e+03, 1.8397e+01, 
 1DIAGNOSTIC,    46, -9.052386053651e-01, 2.800236321112e-05, 1.0442e+03, 1.8478e+01, 
 1DIAGNOSTIC,    47, -9.053902971009e-01, 2.621199203534e-05, 1.0628e+03, 1.8684e+01, 
 1DIAGNOSTIC,    48, -9.055386598250e-01, 2.453319859921e-05, 1.0810e+03, 1.8194e+01, 
 1DIAGNOSTIC,    49, -9.056828383193e-01, 2.297361911438e-05, 1.1005e+03, 1.9509e+01, 
 1DIAGNOSTIC,    50, -9.058224421261e-01, 2.155446490223e-05, 1.1188e+03, 1.8263e+01, 
XXDIAGNOSTIC,Iteration,metricValue,convergenceValue,ITERATION_TIME_INDEX,SINCE_LAST
 1DIAGNOSTIC,     1, -8.681240530316e-01, 1.797693134862e+308, 1.2704e+03, 1.5162e+02, 
 1DIAGNOSTIC,     2, -8.693793451727e-01, 1.797693134862e+308, 1.4211e+03, 1.5069e+02, 
 1DIAGNOSTIC,     3, -8.709452584704e-01, 1.797693134862e+308, 1.5743e+03, 1.5318e+02, 
 1DIAGNOSTIC,     4, -8.723208877802e-01, 1.797693134862e+308, 1.7248e+03, 1.5047e+02, 
 1DIAGNOSTIC,     5, -8.736573552762e-01, 1.797693134862e+308, 1.8767e+03, 1.5195e+02, 
 1DIAGNOSTIC,     6, -8.750414582261e-01, 1.797693134862e+308, 2.0265e+03, 1.4981e+02, 
 1DIAGNOSTIC,     7, -8.763820944516e-01, 1.797693134862e+308, 2.1764e+03, 1.4991e+02, 
 1DIAGNOSTIC,     8, -8.775722533846e-01, 1.797693134862e+308, 2.3269e+03, 1.5050e+02, 
 1DIAGNOSTIC,     9, -8.787555431283e-01, 1.797693134862e+308, 2.4777e+03, 1.5073e+02, 
 1DIAGNOSTIC,    10, -8.797891734766e-01, 8.690697706390e-04, 2.6291e+03, 1.5139e+02, 
 1DIAGNOSTIC,    11, -8.807733789587e-01, 7.615699947736e-04, 2.7807e+03, 1.5169e+02, 
 1DIAGNOSTIC,    12, -8.817333914759e-01, 6.630410954363e-04, 2.9291e+03, 1.4833e+02, 
 1DIAGNOSTIC,    13, -8.826146570377e-01, 5.804915694150e-04, 3.0807e+03, 1.5163e+02, 
 1DIAGNOSTIC,    14, -8.834391485135e-01, 5.076780592112e-04, 3.2356e+03, 1.5493e+02, 
 1DIAGNOSTIC,    15, -8.842065148034e-01, 4.433761949929e-04, 3.3875e+03, 1.5183e+02, 
 1DIAGNOSTIC,    16, -8.848472923823e-01, 3.871692465829e-04, 3.5408e+03, 1.5331e+02, 
 1DIAGNOSTIC,    17, -8.854640180510e-01, 3.390295403648e-04, 3.6917e+03, 1.5094e+02, 
 1DIAGNOSTIC,    18, -8.860560702819e-01, 2.967377877665e-04, 3.8457e+03, 1.5396e+02, 
 1DIAGNOSTIC,    19, -8.866251679702e-01, 2.610709410190e-04, 3.9973e+03, 1.5167e+02, 
 1DIAGNOSTIC,    20, -8.871606088152e-01, 2.299410975534e-04, 4.1464e+03, 1.4906e+02, 
  Elapsed time (stage 0): 4147.69


Total elapsed time: 4147.7
