
##########################
# Experiment information #
##########################

EXPERIMENT_NAME: antsRegistration-r8-p12
VFC_BACKENDS: libinterflop_vprec.so --range-binary32=8 --precision-binary32=12 --range-binary64=8 --precision-binary64=12

SIF_IMG: /home/mdugre/projects/rrg-glatard/mdugre/containers/ants-vprec-no_metrics.simg

SUBJECT_ID: s007
INPUT_IMG: /home/mdugre/scratch/mri-registration-rp/datasets/ds004513/derivatives/mri-registration-rp/antsBrainExtraction/sub-s007/BrainExtractionBrain.nii.gz
OUTPUT_DIR: /home/mdugre/scratch/mri-registration-rp/datasets/ds004513/derivatives/mri-registration-rp/0110/antsRegistration-r8-p12/sub-s007

FIXED_IMG: /templateflow/tpl-MNI152NLin2009cAsym/tpl-MNI152NLin2009cAsym_res-01_desc-brain_T1w.nii.gz
DATA_DIR: /home/mdugre/scratch/mri-registration-rp/datasets/ds004513
TEMPLATEFLOW_DIR: /home/mdugre/projects/rrg-glatard/mdugre/templateflow
ITK_GLOBAL_DEFAULT_NUMBER_OF_THREADS: 16
##########################

Info [verificarlo]: loaded backend libinterflop_ieee.so
Info [interflop-ieee]: load backend with:
Info [interflop-ieee]: debug = false
Info [interflop-ieee]: debug-binary = false
Info [interflop-ieee]: no-backend-name = false
Info [interflop-ieee]: print-new-line = false
Info [interflop-ieee]: print-subnormal-normalized = false
Info [interflop-ieee]: count-op = false
All_Command_lines_OK
Using double precision for computations.
=============================================================================
The composite transform comprises the following transforms (in order): 
  1. Center of mass alignment using fixed image: /templateflow/tpl-MNI152NLin2009cAsym/tpl-MNI152NLin2009cAsym_res-01_desc-brain_T1w.nii.gz and moving image: /home/mdugre/scratch/mri-registration-rp/datasets/ds004513/derivatives/mri-registration-rp/antsBrainExtraction/sub-s007/BrainExtractionBrain.nii.gz (type = Euler3DTransform)
=============================================================================
  number of levels = 1
  fixed image: /templateflow/tpl-MNI152NLin2009cAsym/tpl-MNI152NLin2009cAsym_res-01_desc-brain_T1w.nii.gz
  moving image: /home/mdugre/scratch/mri-registration-rp/datasets/ds004513/derivatives/mri-registration-rp/antsBrainExtraction/sub-s007/BrainExtractionBrain.nii.gz
Dimension = 3
Number of stages = 1
Use histogram matching = false
Winsorize image intensities = true
  Lower quantile = 0.005
  Upper quantile = 0.995


Stage 1 State
   Image metric = MattesMI
     Fixed image = Image (0x32f2e70)
  RTTI typeinfo:   itk::Image<double, 3u>
  Reference Count: 2
  Modified Time: 2334
  Debug: Off
  Object Name: 
  Observers: 
    none
  Source: (none)
  Source output name: (none)
  Release Data: Off
  Data Released: False
  Global Release Data: Off
  PipelineMTime: 0
  UpdateMTime: 1943
  RealTimeStamp: 0 seconds 
  LargestPossibleRegion: 
    Dimension: 3
    Index: [0, 0, 0]
    Size: [193, 229, 193]
  BufferedRegion: 
    Dimension: 3
    Index: [0, 0, 0]
    Size: [193, 229, 193]
  RequestedRegion: 
    Dimension: 3
    Index: [0, 0, 0]
    Size: [193, 229, 193]
  Spacing: [1, 1, 1]
  Origin: [96, 132, -78]
  Direction: 
-1 0 0
0 -1 0
0 0 1

  IndexToPointMatrix: 
-1 0 0
0 -1 0
0 0 1

  PointToIndexMatrix: 
-1 0 0
0 -1 0
0 0 1

  Inverse Direction: 
-1 0 0
0 -1 0
0 0 1

  PixelContainer: 
    ImportImageContainer (0x32fbc60)
      RTTI typeinfo:   itk::ImportImageContainer<unsigned long, double>
      Reference Count: 1
      Modified Time: 1940
      Debug: Off
      Object Name: 
      Observers: 
        none
      Pointer: 0x1458a04d4010
      Container manages memory: true
      Size: 8530021
      Capacity: 8530021

     Moving image = Image (0x338fec0)
  RTTI typeinfo:   itk::Image<double, 3u>
  Reference Count: 2
  Modified Time: 2335
  Debug: Off
  Object Name: 
  Observers: 
    none
  Source: (none)
  Source output name: (none)
  Release Data: Off
  Data Released: False
  Global Release Data: Off
  PipelineMTime: 0
  UpdateMTime: 2332
  RealTimeStamp: 0 seconds 
  LargestPossibleRegion: 
    Dimension: 3
    Index: [0, 0, 0]
    Size: [176, 240, 256]
  BufferedRegion: 
    Dimension: 3
    Index: [0, 0, 0]
    Size: [176, 240, 256]
  RequestedRegion: 
    Dimension: 3
    Index: [0, 0, 0]
    Size: [176, 240, 256]
  Spacing: [1, 1, 1]
  Origin: [93.4772, 83.7926, -132.68]
  Direction: 
-0.997185 -0.0749788 0
0.0749788 -0.997185 0
0 0 1

  IndexToPointMatrix: 
-0.997185 -0.0749788 0
0.0749787 -0.997185 0
0 0 1

  PointToIndexMatrix: 
-0.997185 0.0749788 0
-0.0749788 -0.997185 0
0 0 1

  Inverse Direction: 
-0.997185 0.0749788 0
-0.0749788 -0.997185 0
0 0 1

  PixelContainer: 
    ImportImageContainer (0x338df90)
      RTTI typeinfo:   itk::ImportImageContainer<unsigned long, double>
      Reference Count: 1
      Modified Time: 2329
      Debug: Off
      Object Name: 
      Observers: 
        none
      Pointer: 0x14589b253010
      Container manages memory: true
      Size: 10813440
      Capacity: 10813440

     Weighting = 1
     Sampling strategy = regular
     Number of bins = 32
     Radius = 4
     Sampling percentage  = 0.25
   Transform = Rigid
     Gradient step = 0.1
     Update field sigma (voxel space) = 0
     Total field sigma (voxel space) = 0
     Update field time sigma = 0
     Total field time sigma  = 0
     Number of time indices = 0
     Number of time point samples = 0
Registration using 1 total stages.

Stage 0
  iterations = 0
  convergence threshold = 1e-06
  convergence window size = 10
  number of levels = 1
  using the Mattes MI metric (number of bins = 32, weight = 1, use gradient filter = 0)
  preprocessing:  winsorizing the image intensities
  Shrink factors (level 1 out of 1): [1, 1, 1]
  smoothing sigmas per level: [0]
  regular sampling (percentage = 0.25)

*** Running Euler3DTransform registration ***

  Elapsed time (stage 0): 1.15269


Total elapsed time: 1.15572
Info [verificarlo]: loaded backend libinterflop_vprec.so
Info [interflop-vprec]: load backend with: 
Info [interflop-vprec]: precision-binary32 = 12
Info [interflop-vprec]: range-binary32 = 8
Info [interflop-vprec]: precision-binary64 = 12
Info [interflop-vprec]: range-binary64 = 8
Info [interflop-vprec]: mode = ob
Info [interflop-vprec]: error-mode = rel
Info [interflop-vprec]: max-abs-error-exponent = -1022
Info [interflop-vprec]: daz = false
Info [interflop-vprec]: ftz = false
Info [interflop-vprec]: 	instrument = none
Info [interflop-vprec]: 	prec-input-file = (null)
Info [interflop-vprec]: 	prec-output-file = (null)
Info [interflop-vprec]: 	prec-log-file = (null)
All_Command_lines_OK
Using double precision for computations.
=============================================================================
The composite transform comprises the following transforms (in order): 
  1. /home/mdugre/scratch/mri-registration-rp/datasets/ds004513/derivatives/mri-registration-rp/0110/antsRegistration-r8-p12/sub-s007/align_Composite.h5[0] (type = Euler3DTransform)
  2. /home/mdugre/scratch/mri-registration-rp/datasets/ds004513/derivatives/mri-registration-rp/0110/antsRegistration-r8-p12/sub-s007/align_Composite.h5[1] (type = Euler3DTransform)
=============================================================================
  number of levels = 4
  fixed image: /templateflow/tpl-MNI152NLin2009cAsym/tpl-MNI152NLin2009cAsym_res-01_desc-brain_T1w.nii.gz
  moving image: /home/mdugre/scratch/mri-registration-rp/datasets/ds004513/derivatives/mri-registration-rp/antsBrainExtraction/sub-s007/BrainExtractionBrain.nii.gz
Dimension = 3
Number of stages = 1
Use histogram matching = false
Winsorize image intensities = true
  Lower quantile = 0.005
  Upper quantile = 0.995


Stage 1 State
   Image metric = MattesMI
     Fixed image = Image (0x3bf41e0)
  RTTI typeinfo:   itk::Image<double, 3u>
  Reference Count: 2
  Modified Time: 1578
  Debug: Off
  Object Name: 
  Observers: 
    none
  Source: (none)
  Source output name: (none)
  Release Data: Off
  Data Released: False
  Global Release Data: Off
  PipelineMTime: 0
  UpdateMTime: 1189
  RealTimeStamp: 0 seconds 
  LargestPossibleRegion: 
    Dimension: 3
    Index: [0, 0, 0]
    Size: [193, 229, 193]
  BufferedRegion: 
    Dimension: 3
    Index: [0, 0, 0]
    Size: [193, 229, 193]
  RequestedRegion: 
    Dimension: 3
    Index: [0, 0, 0]
    Size: [193, 229, 193]
  Spacing: [1, 1, 1]
  Origin: [96, 132, -78]
  Direction: 
-1 0 0
0 -1 0
0 0 1

  IndexToPointMatrix: 
-1 0 0
0 -1 0
0 0 1

  PointToIndexMatrix: 
-1 0 0
0 -1 0
0 0 1

  Inverse Direction: 
-1 0 0
0 -1 0
0 0 1

  PixelContainer: 
    ImportImageContainer (0x3cb3680)
      RTTI typeinfo:   itk::ImportImageContainer<unsigned long, double>
      Reference Count: 1
      Modified Time: 1186
      Debug: Off
      Object Name: 
      Observers: 
        none
      Pointer: 0x14ea213c4010
      Container manages memory: true
      Size: 8530021
      Capacity: 8530021

     Moving image = Image (0x3cafb20)
  RTTI typeinfo:   itk::Image<double, 3u>
  Reference Count: 2
  Modified Time: 1579
  Debug: Off
  Object Name: 
  Observers: 
    none
  Source: (none)
  Source output name: (none)
  Release Data: Off
  Data Released: False
  Global Release Data: Off
  PipelineMTime: 0
  UpdateMTime: 1576
  RealTimeStamp: 0 seconds 
  LargestPossibleRegion: 
    Dimension: 3
    Index: [0, 0, 0]
    Size: [176, 240, 256]
  BufferedRegion: 
    Dimension: 3
    Index: [0, 0, 0]
    Size: [176, 240, 256]
  RequestedRegion: 
    Dimension: 3
    Index: [0, 0, 0]
    Size: [176, 240, 256]
  Spacing: [1, 1, 1]
  Origin: [93.4844, 83.7969, -132.688]
  Direction: 
-0.997192 -0.0749969 0
0.0749969 -0.997192 0
0 0 1

  IndexToPointMatrix: 
-0.997192 -0.0749969 0
0.0749969 -0.997192 0
0 0 1

  PointToIndexMatrix: 
-0.99707 0.0749969 0
-0.0749969 -0.997192 0
0 0 1

  Inverse Direction: 
-0.99707 0.0749969 0
-0.0749969 -0.997192 0
0 0 1

  PixelContainer: 
    ImportImageContainer (0x3d18d50)
      RTTI typeinfo:   itk::ImportImageContainer<unsigned long, double>
      Reference Count: 1
      Modified Time: 1573
      Debug: Off
      Object Name: 
      Observers: 
        none
      Pointer: 0x14ea1c143010
      Container manages memory: true
      Size: 10813440
      Capacity: 10813440

     Weighting = 1
     Sampling strategy = regular
     Number of bins = 32
     Radius = 4
     Sampling percentage  = 0.25
   Transform = Rigid
     Gradient step = 0.1
     Update field sigma (voxel space) = 0
     Total field sigma (voxel space) = 0
     Update field time sigma = 0
     Total field time sigma  = 0
     Number of time indices = 0
     Number of time point samples = 0
Registration using 1 total stages.

Stage 0
  iterations = 1000x500x250x100
  convergence threshold = 1e-06
  convergence window size = 10
  number of levels = 4
  using the Mattes MI metric (number of bins = 32, weight = 1, use gradient filter = 0)
  preprocessing:  winsorizing the image intensities
  Shrink factors (level 1 out of 4): [8, 8, 8]
  Shrink factors (level 2 out of 4): [4, 4, 4]
  Shrink factors (level 3 out of 4): [2, 2, 2]
  Shrink factors (level 4 out of 4): [1, 1, 1]
  smoothing sigmas per level: [3, 2, 1, 0]
  regular sampling (percentage = 0.25)

*** Running Euler3DTransform registration ***

DIAGNOSTIC,Iteration,metricValue,convergenceValue,ITERATION_TIME_INDEX,SINCE_LAST
 2DIAGNOSTIC,     1, -6.058449534738e-01, 1.797693134862e+308, 0.0000e+00, 0.0000e+00, 
 2DIAGNOSTIC,     2, -6.074037397227e-01, 1.797693134862e+308, 0.0000e+00, 0.0000e+00, 
 2DIAGNOSTIC,     3, -6.116550520702e-01, 1.797693134862e+308, 0.0000e+00, 0.0000e+00, 
 2DIAGNOSTIC,     4, -6.198593800835e-01, 1.797693134862e+308, 0.0000e+00, 0.0000e+00, 
 2DIAGNOSTIC,     5, -6.323771753703e-01, 1.797693134862e+308, 0.0000e+00, 0.0000e+00, 
 2DIAGNOSTIC,     6, -6.518904589319e-01, 1.797693134862e+308, 0.0000e+00, 0.0000e+00, 
 2DIAGNOSTIC,     7, -6.670113848427e-01, 1.797693134862e+308, 0.0000e+00, 0.0000e+00, 
 2DIAGNOSTIC,     8, -6.801378891640e-01, 1.797693134862e+308, 0.0000e+00, 0.0000e+00, 
 2DIAGNOSTIC,     9, -7.264914180242e-01, 1.797693134862e+308, 0.0000e+00, 0.0000e+00, 
 2DIAGNOSTIC,    10, -7.632603370288e-01, 1.449430740505e-02, 0.0000e+00, 0.0000e+00, 
 2DIAGNOSTIC,    11, -7.729289233182e-01, 1.540258110768e-02, 0.0000e+00, 0.0000e+00, 
 2DIAGNOSTIC,    12, -7.825825550480e-01, 1.517516808127e-02, 0.0000e+00, 0.0000e+00, 
 2DIAGNOSTIC,    13, -7.896519914150e-01, 1.399134082497e-02, 0.0000e+00, 0.0000e+00, 
 2DIAGNOSTIC,    14, -7.992932497820e-01, 1.223141657035e-02, 0.0000e+00, 0.0000e+00, 
 2DIAGNOSTIC,    15, -8.023592034277e-01, 1.002481808032e-02, 0.0000e+00, 0.0000e+00, 
 2DIAGNOSTIC,    16, -8.057193445229e-01, 7.799717144401e-03, 0.0000e+00, 0.0000e+00, 
 2DIAGNOSTIC,    17, -8.055302286671e-01, 5.523800550639e-03, 0.0000e+00, 0.0000e+00, 
 2DIAGNOSTIC,    18, -8.057450697628e-01, 3.300179118290e-03, 0.0000e+00, 0.0000e+00, 
 2DIAGNOSTIC,    19, -8.056064423178e-01, 1.970733264973e-03, 0.0000e+00, 0.0000e+00, 
 2DIAGNOSTIC,    20, -8.055401457241e-01, 1.321296908085e-03, 0.0000e+00, 0.0000e+00, 
 2DIAGNOSTIC,    21, -8.055614657387e-01, 7.954102283478e-04, 0.0000e+00, 0.0000e+00, 
 2DIAGNOSTIC,    22, -8.058061168230e-01, 4.215225187802e-04, 0.0000e+00, 0.0000e+00, 
 2DIAGNOSTIC,    23, -8.056621248395e-01, 1.568773056176e-04, 0.0000e+00, 0.0000e+00, 
 2DIAGNOSTIC,    24, -8.056520492662e-01, 5.519527713529e-05, 0.0000e+00, 0.0000e+00, 
 2DIAGNOSTIC,    25, -8.057121762295e-01, 3.788511935297e-06, 0.0000e+00, 0.0000e+00, 
 2DIAGNOSTIC,    26, -8.056939216916e-01, 5.488942769062e-06, 0.0000e+00, 0.0000e+00, 
 2DIAGNOSTIC,    27, -8.057161253276e-01, 4.177301672646e-06, 0.0000e+00, 0.0000e+00, 
 2DIAGNOSTIC,    28, -8.057110852638e-01, 5.630201988328e-06, 0.0000e+00, 0.0000e+00, 
 2DIAGNOSTIC,    29, -8.057110854617e-01, 4.865283249826e-06, 0.0000e+00, 0.0000e+00, 
 2DIAGNOSTIC,    30, -8.057110794059e-01, 2.989781886988e-06, 0.0000e+00, 0.0000e+00, 
 2DIAGNOSTIC,    31, -8.057110794059e-01, 1.241133831792e-06, 0.0000e+00, 0.0000e+00, 
 2DIAGNOSTIC,    32, -8.057071738190e-01, 2.499026608933e-06, 0.0000e+00, 0.0000e+00, 
 2DIAGNOSTIC,    33, -8.057071738190e-01, 1.934895354869e-06, 0.0000e+00, 0.0000e+00, 
 2DIAGNOSTIC,    34, -8.057071738190e-01, 1.212250602949e-06, 0.0000e+00, 0.0000e+00, 
 2DIAGNOSTIC,    35, -8.057071738190e-01, 1.181728974418e-06, 0.0000e+00, 0.0000e+00, 
DIAGNOSTIC,Iteration,metricValue,convergenceValue,ITERATION_TIME_INDEX,SINCE_LAST
 2DIAGNOSTIC,     1, -6.687435569325e-01, 1.797693134862e+308, 0.0000e+00, 0.0000e+00, 
 2DIAGNOSTIC,     2, -6.692463383692e-01, 1.797693134862e+308, 0.0000e+00, 0.0000e+00, 
 2DIAGNOSTIC,     3, -6.699511609809e-01, 1.797693134862e+308, 0.0000e+00, 0.0000e+00, 
 2DIAGNOSTIC,     4, -6.708020852898e-01, 1.797693134862e+308, 0.0000e+00, 0.0000e+00, 
 2DIAGNOSTIC,     5, -6.721247606591e-01, 1.797693134862e+308, 0.0000e+00, 0.0000e+00, 
 2DIAGNOSTIC,     6, -6.726431909823e-01, 1.797693134862e+308, 0.0000e+00, 0.0000e+00, 
 2DIAGNOSTIC,     7, -6.726668168439e-01, 1.797693134862e+308, 0.0000e+00, 0.0000e+00, 
 2DIAGNOSTIC,     8, -6.726831131615e-01, 1.797693134862e+308, 0.0000e+00, 0.0000e+00, 
 2DIAGNOSTIC,     9, -6.727085307168e-01, 1.797693134862e+308, 0.0000e+00, 0.0000e+00, 
 2DIAGNOSTIC,    10, -6.727252986611e-01, 4.221164936139e-04, 0.0000e+00, 0.0000e+00, 
 2DIAGNOSTIC,    11, -6.728012323223e-01, 2.952188310575e-04, 0.0000e+00, 0.0000e+00, 
 2DIAGNOSTIC,    12, -6.728615110680e-01, 1.834776560793e-04, 0.0000e+00, 0.0000e+00, 
 2DIAGNOSTIC,    13, -6.728454301769e-01, 9.506714016991e-05, 0.0000e+00, 0.0000e+00, 
 2DIAGNOSTIC,    14, -6.728443987405e-01, 3.573601115821e-05, 0.0000e+00, 0.0000e+00, 
 2DIAGNOSTIC,    15, -6.728435805349e-01, 1.819380936940e-05, 0.0000e+00, 0.0000e+00, 
 2DIAGNOSTIC,    16, -6.728354599669e-01, 1.485621242399e-05, 0.0000e+00, 0.0000e+00, 
 2DIAGNOSTIC,    17, -6.728355415977e-01, 1.133432325351e-05, 0.0000e+00, 0.0000e+00, 
 2DIAGNOSTIC,    18, -6.728355415977e-01, 7.765924879985e-06, 0.0000e+00, 0.0000e+00, 
 2DIAGNOSTIC,    19, -6.728355415977e-01, 4.649770156989e-06, 0.0000e+00, 0.0000e+00, 
 2DIAGNOSTIC,    20, -6.728355415977e-01, 1.922658144055e-06, 0.0000e+00, 0.0000e+00, 
DIAGNOSTIC,Iteration,metricValue,convergenceValue,ITERATION_TIME_INDEX,SINCE_LAST
 2DIAGNOSTIC,     1, -5.783906796465e-01, 1.797693134862e+308, 0.0000e+00, 0.0000e+00, 
 2DIAGNOSTIC,     2, -5.784157274452e-01, 1.797693134862e+308, 0.0000e+00, 0.0000e+00, 
 2DIAGNOSTIC,     3, -5.784963857636e-01, 1.797693134862e+308, 0.0000e+00, 0.0000e+00, 
 2DIAGNOSTIC,     4, -5.786484434129e-01, 1.797693134862e+308, 0.0000e+00, 0.0000e+00, 
 2DIAGNOSTIC,     5, -5.786230082965e-01, 1.797693134862e+308, 0.0000e+00, 0.0000e+00, 
 2DIAGNOSTIC,     6, -5.786231852814e-01, 1.797693134862e+308, 0.0000e+00, 0.0000e+00, 
 2DIAGNOSTIC,     7, -5.786178798734e-01, 1.797693134862e+308, 0.0000e+00, 0.0000e+00, 
 2DIAGNOSTIC,     8, -5.786046423182e-01, 1.797693134862e+308, 0.0000e+00, 0.0000e+00, 
 2DIAGNOSTIC,     9, -5.786376204211e-01, 1.797693134862e+308, 0.0000e+00, 0.0000e+00, 
 2DIAGNOSTIC,    10, -5.786580041563e-01, 2.956382065382e-05, 0.0000e+00, 0.0000e+00, 
 2DIAGNOSTIC,    11, -5.786808543048e-01, 2.090533072702e-05, 0.0000e+00, 0.0000e+00, 
 2DIAGNOSTIC,    12, -5.786751686841e-01, 1.289886600739e-05, 0.0000e+00, 0.0000e+00, 
 2DIAGNOSTIC,    13, -5.786724841326e-01, 8.054850595407e-06, 0.0000e+00, 0.0000e+00, 
 2DIAGNOSTIC,    14, -5.786676326785e-01, 8.622405445718e-06, 0.0000e+00, 0.0000e+00, 
 2DIAGNOSTIC,    15, -5.786680335980e-01, 7.733102539348e-06, 0.0000e+00, 0.0000e+00, 
 2DIAGNOSTIC,    16, -5.786689376499e-01, 6.515172596686e-06, 0.0000e+00, 0.0000e+00, 
 2DIAGNOSTIC,    17, -5.786607223911e-01, 4.702813839852e-06, 0.0000e+00, 0.0000e+00, 
 2DIAGNOSTIC,    18, -5.786662444042e-01, 2.657686062002e-06, 0.0000e+00, 0.0000e+00, 
 2DIAGNOSTIC,    19, -5.786682944972e-01, 1.672331643811e-06, 0.0000e+00, 0.0000e+00, 
 2DIAGNOSTIC,    20, -5.786694185925e-01, 1.326144739994e-06, 0.0000e+00, 0.0000e+00, 
 2DIAGNOSTIC,    21, -5.786706413046e-01, 1.636407723930e-06, 0.0000e+00, 0.0000e+00, 
 2DIAGNOSTIC,    22, -5.786695262486e-01, 1.789497176066e-06, 0.0000e+00, 0.0000e+00, 
 2DIAGNOSTIC,    23, -5.786693546441e-01, 1.868943831647e-06, 0.0000e+00, 0.0000e+00, 
 2DIAGNOSTIC,    24, -5.786689216376e-01, 1.812639842759e-06, 0.0000e+00, 0.0000e+00, 
 2DIAGNOSTIC,    25, -5.786692459741e-01, 1.755034004292e-06, 0.0000e+00, 0.0000e+00, 
 2DIAGNOSTIC,    26, -5.786653230893e-01, 1.631180799627e-06, 0.0000e+00, 0.0000e+00, 
 2DIAGNOSTIC,    27, -5.786638772365e-01, 1.327653540009e-06, 0.0000e+00, 0.0000e+00, 
 2DIAGNOSTIC,    28, -5.786636449155e-01, 1.148440890400e-06, 0.0000e+00, 0.0000e+00, 
 2DIAGNOSTIC,    29, -5.786639623652e-01, 1.042181832618e-06, 0.0000e+00, 0.0000e+00, 
DIAGNOSTIC,Iteration,metricValue,convergenceValue,ITERATION_TIME_INDEX,SINCE_LAST
 2DIAGNOSTIC,     1, -5.263732439409e-01, 1.797693134862e+308, 0.0000e+00, 0.0000e+00, 
 2DIAGNOSTIC,     2, -5.264360521028e-01, 1.797693134862e+308, 0.0000e+00, 0.0000e+00, 
 2DIAGNOSTIC,     3, -5.264822929302e-01, 1.797693134862e+308, 0.0000e+00, 0.0000e+00, 
 2DIAGNOSTIC,     4, -5.266730346142e-01, 1.797693134862e+308, 0.0000e+00, 0.0000e+00, 
 2DIAGNOSTIC,     5, -5.267510137069e-01, 1.797693134862e+308, 0.0000e+00, 0.0000e+00, 
 2DIAGNOSTIC,     6, -5.269201617292e-01, 1.797693134862e+308, 0.0000e+00, 0.0000e+00, 
 2DIAGNOSTIC,     7, -5.270744362825e-01, 1.797693134862e+308, 0.0000e+00, 0.0000e+00, 
 2DIAGNOSTIC,     8, -5.271632403178e-01, 1.797693134862e+308, 0.0000e+00, 0.0000e+00, 
 2DIAGNOSTIC,     9, -5.272556096927e-01, 1.797693134862e+308, 0.0000e+00, 0.0000e+00, 
 2DIAGNOSTIC,    10, -5.272545590740e-01, 1.274524751399e-04, 0.0000e+00, 0.0000e+00, 
 2DIAGNOSTIC,    11, -5.273679335876e-01, 1.130486372765e-04, 0.0000e+00, 0.0000e+00, 
 2DIAGNOSTIC,    12, -5.274588428307e-01, 9.799756549832e-05, 0.0000e+00, 0.0000e+00, 
 2DIAGNOSTIC,    13, -5.275723794867e-01, 8.310944260126e-05, 0.0000e+00, 0.0000e+00, 
 2DIAGNOSTIC,    14, -5.275479235947e-01, 6.948362257070e-05, 0.0000e+00, 0.0000e+00, 
 2DIAGNOSTIC,    15, -5.275644714998e-01, 5.502884009577e-05, 0.0000e+00, 0.0000e+00, 
 2DIAGNOSTIC,    16, -5.276570066910e-01, 4.629002317842e-05, 0.0000e+00, 0.0000e+00, 
 2DIAGNOSTIC,    17, -5.277226613842e-01, 4.130547254064e-05, 0.0000e+00, 0.0000e+00, 
 2DIAGNOSTIC,    18, -5.277060421196e-01, 3.532885390426e-05, 0.0000e+00, 0.0000e+00, 
 2DIAGNOSTIC,    19, -5.277068155149e-01, 2.970863173971e-05, 0.0000e+00, 0.0000e+00, 
 2DIAGNOSTIC,    20, -5.277066505102e-01, 2.204736701371e-05, 0.0000e+00, 0.0000e+00, 
 2DIAGNOSTIC,    21, -5.277065949425e-01, 1.605577126765e-05, 0.0000e+00, 0.0000e+00, 
 2DIAGNOSTIC,    22, -5.277063842133e-01, 1.139081448925e-05, 0.0000e+00, 0.0000e+00, 
 2DIAGNOSTIC,    23, -5.277062031845e-01, 8.944556164472e-06, 0.0000e+00, 0.0000e+00, 
 2DIAGNOSTIC,    24, -5.277061580886e-01, 5.511274941243e-06, 0.0000e+00, 0.0000e+00, 
 2DIAGNOSTIC,    25, -5.277067796328e-01, 2.311263042835e-06, 0.0000e+00, 0.0000e+00, 
 2DIAGNOSTIC,    26, -5.277068939873e-01, 1.163312439975e-06, 0.0000e+00, 0.0000e+00, 
 2DIAGNOSTIC,    27, -5.277069963737e-01, 1.453702685277e-06, 0.0000e+00, 0.0000e+00, 
 2DIAGNOSTIC,    28, -5.277070854317e-01, 1.403279565694e-06, 0.0000e+00, 0.0000e+00, 
 2DIAGNOSTIC,    29, -5.277072194844e-01, 1.371460908339e-06, 0.0000e+00, 0.0000e+00, 
 2DIAGNOSTIC,    30, -5.277072989026e-01, 1.336690767177e-06, 0.0000e+00, 0.0000e+00, 
 2DIAGNOSTIC,    31, -5.277068932862e-01, 1.291947334864e-06, 0.0000e+00, 0.0000e+00, 
 2DIAGNOSTIC,    32, -5.277068768223e-01, 1.242724021577e-06, 0.0000e+00, 0.0000e+00, 
 2DIAGNOSTIC,    33, -5.277070707675e-01, 1.193829778416e-06, 0.0000e+00, 0.0000e+00, 
 2DIAGNOSTIC,    34, -5.277070707675e-01, 1.144824664043e-06, 0.0000e+00, 0.0000e+00, 
 2DIAGNOSTIC,    35, -5.277069565915e-01, 1.106021548916e-06, 0.0000e+00, 0.0000e+00, 
 2DIAGNOSTIC,    36, -5.277068527896e-01, 1.069892839253e-06, 0.0000e+00, 0.0000e+00, 
 2DIAGNOSTIC,    37, -5.277069257200e-01, 1.038984173630e-06, 0.0000e+00, 0.0000e+00, 
 2DIAGNOSTIC,    38, -5.277068969757e-01, 1.011145194577e-06, 0.0000e+00, 0.0000e+00, 
  Elapsed time (stage 0): 0.0000e+00


Total elapsed time: 0.0000e+00
Info [verificarlo]: loaded backend libinterflop_vprec.so
Info [interflop-vprec]: load backend with: 
Info [interflop-vprec]: precision-binary32 = 12
Info [interflop-vprec]: range-binary32 = 8
Info [interflop-vprec]: precision-binary64 = 12
Info [interflop-vprec]: range-binary64 = 8
Info [interflop-vprec]: mode = ob
Info [interflop-vprec]: error-mode = rel
Info [interflop-vprec]: max-abs-error-exponent = -1022
Info [interflop-vprec]: daz = false
Info [interflop-vprec]: ftz = false
Info [interflop-vprec]: 	instrument = none
Info [interflop-vprec]: 	prec-input-file = (null)
Info [interflop-vprec]: 	prec-output-file = (null)
Info [interflop-vprec]: 	prec-log-file = (null)
All_Command_lines_OK
Using double precision for computations.
=============================================================================
The composite transform comprises the following transforms (in order): 
  1. /home/mdugre/scratch/mri-registration-rp/datasets/ds004513/derivatives/mri-registration-rp/0110/antsRegistration-r8-p12/sub-s007/rigid_Composite.h5[0] (type = Euler3DTransform)
  2. /home/mdugre/scratch/mri-registration-rp/datasets/ds004513/derivatives/mri-registration-rp/0110/antsRegistration-r8-p12/sub-s007/rigid_Composite.h5[1] (type = Euler3DTransform)
  3. /home/mdugre/scratch/mri-registration-rp/datasets/ds004513/derivatives/mri-registration-rp/0110/antsRegistration-r8-p12/sub-s007/rigid_Composite.h5[2] (type = Euler3DTransform)
=============================================================================
  number of levels = 4
  fixed image: /templateflow/tpl-MNI152NLin2009cAsym/tpl-MNI152NLin2009cAsym_res-01_desc-brain_T1w.nii.gz
  moving image: /home/mdugre/scratch/mri-registration-rp/datasets/ds004513/derivatives/mri-registration-rp/antsBrainExtraction/sub-s007/BrainExtractionBrain.nii.gz
Dimension = 3
Number of stages = 1
Use histogram matching = false
Winsorize image intensities = true
  Lower quantile = 0.005
  Upper quantile = 0.995


Stage 1 State
   Image metric = MattesMI
     Fixed image = Image (0x3e84490)
  RTTI typeinfo:   itk::Image<double, 3u>
  Reference Count: 2
  Modified Time: 1592
  Debug: Off
  Object Name: 
  Observers: 
    none
  Source: (none)
  Source output name: (none)
  Release Data: Off
  Data Released: False
  Global Release Data: Off
  PipelineMTime: 0
  UpdateMTime: 1203
  RealTimeStamp: 0 seconds 
  LargestPossibleRegion: 
    Dimension: 3
    Index: [0, 0, 0]
    Size: [193, 229, 193]
  BufferedRegion: 
    Dimension: 3
    Index: [0, 0, 0]
    Size: [193, 229, 193]
  RequestedRegion: 
    Dimension: 3
    Index: [0, 0, 0]
    Size: [193, 229, 193]
  Spacing: [1, 1, 1]
  Origin: [96, 132, -78]
  Direction: 
-1 0 0
0 -1 0
0 0 1

  IndexToPointMatrix: 
-1 0 0
0 -1 0
0 0 1

  PointToIndexMatrix: 
-1 0 0
0 -1 0
0 0 1

  Inverse Direction: 
-1 0 0
0 -1 0
0 0 1

  PixelContainer: 
    ImportImageContainer (0x3efd8b0)
      RTTI typeinfo:   itk::ImportImageContainer<unsigned long, double>
      Reference Count: 1
      Modified Time: 1200
      Debug: Off
      Object Name: 
      Observers: 
        none
      Pointer: 0x14e7b7f99010
      Container manages memory: true
      Size: 8530021
      Capacity: 8530021

     Moving image = Image (0x3f528e0)
  RTTI typeinfo:   itk::Image<double, 3u>
  Reference Count: 2
  Modified Time: 1593
  Debug: Off
  Object Name: 
  Observers: 
    none
  Source: (none)
  Source output name: (none)
  Release Data: Off
  Data Released: False
  Global Release Data: Off
  PipelineMTime: 0
  UpdateMTime: 1590
  RealTimeStamp: 0 seconds 
  LargestPossibleRegion: 
    Dimension: 3
    Index: [0, 0, 0]
    Size: [176, 240, 256]
  BufferedRegion: 
    Dimension: 3
    Index: [0, 0, 0]
    Size: [176, 240, 256]
  RequestedRegion: 
    Dimension: 3
    Index: [0, 0, 0]
    Size: [176, 240, 256]
  Spacing: [1, 1, 1]
  Origin: [93.4844, 83.7969, -132.688]
  Direction: 
-0.997192 -0.0749969 0
0.0749969 -0.997192 0
0 0 1

  IndexToPointMatrix: 
-0.997192 -0.0749969 0
0.0749969 -0.997192 0
0 0 1

  PointToIndexMatrix: 
-0.99707 0.0749969 0
-0.0749969 -0.997192 0
0 0 1

  Inverse Direction: 
-0.99707 0.0749969 0
-0.0749969 -0.997192 0
0 0 1

  PixelContainer: 
    ImportImageContainer (0x401b350)
      RTTI typeinfo:   itk::ImportImageContainer<unsigned long, double>
      Reference Count: 1
      Modified Time: 1587
      Debug: Off
      Object Name: 
      Observers: 
        none
      Pointer: 0x14e7b2d18010
      Container manages memory: true
      Size: 10813440
      Capacity: 10813440

     Weighting = 1
     Sampling strategy = regular
     Number of bins = 32
     Radius = 4
     Sampling percentage  = 0.25
   Transform = Affine
     Gradient step = 0.1
     Update field sigma (voxel space) = 0
     Total field sigma (voxel space) = 0
     Update field time sigma = 0
     Total field time sigma  = 0
     Number of time indices = 0
     Number of time point samples = 0
Registration using 1 total stages.

Stage 0
  iterations = 1000x500x250x100
  convergence threshold = 1e-06
  convergence window size = 10
  number of levels = 4
  using the Mattes MI metric (number of bins = 32, weight = 1, use gradient filter = 0)
  preprocessing:  winsorizing the image intensities
  Shrink factors (level 1 out of 4): [8, 8, 8]
  Shrink factors (level 2 out of 4): [4, 4, 4]
  Shrink factors (level 3 out of 4): [2, 2, 2]
  Shrink factors (level 4 out of 4): [1, 1, 1]
  smoothing sigmas per level: [3, 2, 1, 0]
  regular sampling (percentage = 0.25)

*** Running AffineTransform registration ***

DIAGNOSTIC,Iteration,metricValue,convergenceValue,ITERATION_TIME_INDEX,SINCE_LAST
 2DIAGNOSTIC,     1, -8.052159861127e-01, 1.797693134862e+308, 0.0000e+00, 0.0000e+00, 
 2DIAGNOSTIC,     2, -8.073441190189e-01, 1.797693134862e+308, 0.0000e+00, 0.0000e+00, 
 2DIAGNOSTIC,     3, -8.115028650452e-01, 1.797693134862e+308, 0.0000e+00, 0.0000e+00, 
 2DIAGNOSTIC,     4, -8.186630015245e-01, 1.797693134862e+308, 0.0000e+00, 0.0000e+00, 
 2DIAGNOSTIC,     5, -8.269408731853e-01, 1.797693134862e+308, 0.0000e+00, 0.0000e+00, 
 2DIAGNOSTIC,     6, -8.454637433650e-01, 1.797693134862e+308, 0.0000e+00, 0.0000e+00, 
 2DIAGNOSTIC,     7, -8.845938038616e-01, 1.797693134862e+308, 0.0000e+00, 0.0000e+00, 
 2DIAGNOSTIC,     8, -8.998516979534e-01, 1.797693134862e+308, 0.0000e+00, 0.0000e+00, 
 2DIAGNOSTIC,     9, -9.005119702278e-01, 1.797693134862e+308, 0.0000e+00, 0.0000e+00, 
 2DIAGNOSTIC,    10, -9.032579983824e-01, 9.205504532072e-03, 0.0000e+00, 0.0000e+00, 
 2DIAGNOSTIC,    11, -9.066667939991e-01, 8.383358818727e-03, 0.0000e+00, 0.0000e+00, 
 2DIAGNOSTIC,    12, -9.099511225981e-01, 7.084666875626e-03, 0.0000e+00, 0.0000e+00, 
 2DIAGNOSTIC,    13, -9.122697364927e-01, 5.517164512272e-03, 0.0000e+00, 0.0000e+00, 
 2DIAGNOSTIC,    14, -9.151750045724e-01, 3.934302903372e-03, 0.0000e+00, 0.0000e+00, 
 2DIAGNOSTIC,    15, -9.169520977514e-01, 2.436820450443e-03, 0.0000e+00, 0.0000e+00, 
 2DIAGNOSTIC,    16, -9.179735813705e-01, 1.290470902185e-03, 0.0000e+00, 0.0000e+00, 
 2DIAGNOSTIC,    17, -9.180372315814e-01, 9.066712732483e-04, 0.0000e+00, 0.0000e+00, 
 2DIAGNOSTIC,    18, -9.181600330498e-01, 7.612743018911e-04, 0.0000e+00, 0.0000e+00, 
 2DIAGNOSTIC,    19, -9.181188985603e-01, 5.715871841806e-04, 0.0000e+00, 0.0000e+00, 
 2DIAGNOSTIC,    20, -9.184393702344e-01, 3.971941667047e-04, 0.0000e+00, 0.0000e+00, 
 2DIAGNOSTIC,    21, -9.185522090376e-01, 2.564151890053e-04, 0.0000e+00, 0.0000e+00, 
 2DIAGNOSTIC,    22, -9.186079841252e-01, 1.537686598025e-04, 0.0000e+00, 0.0000e+00, 
 2DIAGNOSTIC,    23, -9.189283588456e-01, 8.232261095682e-05, 0.0000e+00, 0.0000e+00, 
 2DIAGNOSTIC,    24, -9.191620362398e-01, 5.071151789594e-05, 0.0000e+00, 0.0000e+00, 
 2DIAGNOSTIC,    25, -9.192128365909e-01, 4.002688163470e-05, 0.0000e+00, 0.0000e+00, 
 2DIAGNOSTIC,    26, -9.192810951943e-01, 3.997550339267e-05, 0.0000e+00, 0.0000e+00, 
 2DIAGNOSTIC,    27, -9.192779229988e-01, 3.703787551580e-05, 0.0000e+00, 0.0000e+00, 
 2DIAGNOSTIC,    28, -9.192741152550e-01, 3.234267844933e-05, 0.0000e+00, 0.0000e+00, 
 2DIAGNOSTIC,    29, -9.192724987036e-01, 2.447355121525e-05, 0.0000e+00, 0.0000e+00, 
 2DIAGNOSTIC,    30, -9.192753357127e-01, 1.839028046901e-05, 0.0000e+00, 0.0000e+00, 
 2DIAGNOSTIC,    31, -9.192747565170e-01, 1.229201515500e-05, 0.0000e+00, 0.0000e+00, 
 2DIAGNOSTIC,    32, -9.192747565170e-01, 6.038467010909e-06, 0.0000e+00, 0.0000e+00, 
 2DIAGNOSTIC,    33, -9.192675463101e-01, 2.678577737517e-06, 0.0000e+00, 0.0000e+00, 
 2DIAGNOSTIC,    34, -9.192675463100e-01, 1.552685180428e-06, 0.0000e+00, 0.0000e+00, 
DIAGNOSTIC,Iteration,metricValue,convergenceValue,ITERATION_TIME_INDEX,SINCE_LAST
 2DIAGNOSTIC,     1, -7.478198688714e-01, 1.797693134862e+308, 0.0000e+00, 0.0000e+00, 
 2DIAGNOSTIC,     2, -7.483081381620e-01, 1.797693134862e+308, 0.0000e+00, 0.0000e+00, 
 2DIAGNOSTIC,     3, -7.487723257466e-01, 1.797693134862e+308, 0.0000e+00, 0.0000e+00, 
 2DIAGNOSTIC,     4, -7.493811430443e-01, 1.797693134862e+308, 0.0000e+00, 0.0000e+00, 
 2DIAGNOSTIC,     5, -7.503698939776e-01, 1.797693134862e+308, 0.0000e+00, 0.0000e+00, 
 2DIAGNOSTIC,     6, -7.510208945916e-01, 1.797693134862e+308, 0.0000e+00, 0.0000e+00, 
 2DIAGNOSTIC,     7, -7.515039767172e-01, 1.797693134862e+308, 0.0000e+00, 0.0000e+00, 
 2DIAGNOSTIC,     8, -7.519731978175e-01, 1.797693134862e+308, 0.0000e+00, 0.0000e+00, 
 2DIAGNOSTIC,     9, -7.520218489560e-01, 1.797693134862e+308, 0.0000e+00, 0.0000e+00, 
 2DIAGNOSTIC,    10, -7.520183748322e-01, 4.125418761284e-04, 0.0000e+00, 0.0000e+00, 
 2DIAGNOSTIC,    11, -7.519952101825e-01, 3.204449922044e-04, 0.0000e+00, 0.0000e+00, 
 2DIAGNOSTIC,    12, -7.520346234919e-01, 2.319383810235e-04, 0.0000e+00, 0.0000e+00, 
 2DIAGNOSTIC,    13, -7.520140970278e-01, 1.491634023757e-04, 0.0000e+00, 0.0000e+00, 
 2DIAGNOSTIC,    14, -7.519426766846e-01, 7.909577459474e-05, 0.0000e+00, 0.0000e+00, 
 2DIAGNOSTIC,    15, -7.519179987499e-01, 3.567268459223e-05, 0.0000e+00, 0.0000e+00, 
 2DIAGNOSTIC,    16, -7.519569383420e-01, 1.079051410280e-05, 0.0000e+00, 0.0000e+00, 
DIAGNOSTIC,Iteration,metricValue,convergenceValue,ITERATION_TIME_INDEX,SINCE_LAST
 2DIAGNOSTIC,     1, -6.402602105474e-01, 1.797693134862e+308, 0.0000e+00, 0.0000e+00, 
 2DIAGNOSTIC,     2, -6.407753232034e-01, 1.797693134862e+308, 0.0000e+00, 0.0000e+00, 
 2DIAGNOSTIC,     3, -6.414533803388e-01, 1.797693134862e+308, 0.0000e+00, 0.0000e+00, 
 2DIAGNOSTIC,     4, -6.422501575251e-01, 1.797693134862e+308, 0.0000e+00, 0.0000e+00, 
 2DIAGNOSTIC,     5, -6.432024500639e-01, 1.797693134862e+308, 0.0000e+00, 0.0000e+00, 
 2DIAGNOSTIC,     6, -6.440401940928e-01, 1.797693134862e+308, 0.0000e+00, 0.0000e+00, 
 2DIAGNOSTIC,     7, -6.444095213055e-01, 1.797693134862e+308, 0.0000e+00, 0.0000e+00, 
 2DIAGNOSTIC,     8, -6.443762769473e-01, 1.797693134862e+308, 0.0000e+00, 0.0000e+00, 
 2DIAGNOSTIC,     9, -6.444053820291e-01, 1.797693134862e+308, 0.0000e+00, 0.0000e+00, 
 2DIAGNOSTIC,    10, -6.444112368494e-01, 4.689399187279e-04, 0.0000e+00, 0.0000e+00, 
 2DIAGNOSTIC,    11, -6.444078371618e-01, 3.385508314104e-04, 0.0000e+00, 0.0000e+00, 
 2DIAGNOSTIC,    12, -6.444064816484e-01, 2.187096002521e-04, 0.0000e+00, 0.0000e+00, 
 2DIAGNOSTIC,    13, -6.444076559877e-01, 1.210167289919e-04, 0.0000e+00, 0.0000e+00, 
 2DIAGNOSTIC,    14, -6.444084126937e-01, 5.138013139243e-05, 0.0000e+00, 0.0000e+00, 
 2DIAGNOSTIC,    15, -6.444084694593e-01, 1.405057002755e-05, 0.0000e+00, 0.0000e+00, 
 2DIAGNOSTIC,    16, -6.444087186921e-01, 3.185777474879e-06, 0.0000e+00, 0.0000e+00, 
 2DIAGNOSTIC,    17, -6.444086066923e-01, 3.159483213451e-06, 0.0000e+00, 0.0000e+00, 
 2DIAGNOSTIC,    18, -6.444087071092e-01, 2.221659617337e-06, 0.0000e+00, 0.0000e+00, 
 2DIAGNOSTIC,    19, -6.444085404780e-01, 2.043286236292e-06, 0.0000e+00, 0.0000e+00, 
 2DIAGNOSTIC,    20, -6.444085640745e-01, 2.014609072051e-06, 0.0000e+00, 0.0000e+00, 
 2DIAGNOSTIC,    21, -6.444084072220e-01, 1.908178286207e-06, 0.0000e+00, 0.0000e+00, 
 2DIAGNOSTIC,    22, -6.444082951859e-01, 1.775868142817e-06, 0.0000e+00, 0.0000e+00, 
 2DIAGNOSTIC,    23, -6.444082906394e-01, 1.676031582278e-06, 0.0000e+00, 0.0000e+00, 
 2DIAGNOSTIC,    24, -6.444082906394e-01, 1.599379097349e-06, 0.0000e+00, 0.0000e+00, 
 2DIAGNOSTIC,    25, -6.444082906394e-01, 1.531294411029e-06, 0.0000e+00, 0.0000e+00, 
 2DIAGNOSTIC,    26, -6.444082906378e-01, 1.474649366097e-06, 0.0000e+00, 0.0000e+00, 
 2DIAGNOSTIC,    27, -6.444082828143e-01, 1.421813246361e-06, 0.0000e+00, 0.0000e+00, 
 2DIAGNOSTIC,    28, -6.444082828143e-01, 1.375760055711e-06, 0.0000e+00, 0.0000e+00, 
 2DIAGNOSTIC,    29, -6.444082828143e-01, 1.331155721880e-06, 0.0000e+00, 0.0000e+00, 
 2DIAGNOSTIC,    30, -6.444082828143e-01, 1.290491288865e-06, 0.0000e+00, 0.0000e+00, 
 2DIAGNOSTIC,    31, -6.444082780285e-01, 1.250397383711e-06, 0.0000e+00, 0.0000e+00, 
 2DIAGNOSTIC,    32, -6.444082780285e-01, 1.211317855992e-06, 0.0000e+00, 0.0000e+00, 
 2DIAGNOSTIC,    33, -6.444082780285e-01, 1.174590090171e-06, 0.0000e+00, 0.0000e+00, 
 2DIAGNOSTIC,    34, -6.444082780285e-01, 1.140062797507e-06, 0.0000e+00, 0.0000e+00, 
 2DIAGNOSTIC,    35, -6.444082780285e-01, 1.107544836888e-06, 0.0000e+00, 0.0000e+00, 
 2DIAGNOSTIC,    36, -6.444082780285e-01, 1.076866062495e-06, 0.0000e+00, 0.0000e+00, 
 2DIAGNOSTIC,    37, -6.444082780285e-01, 1.047770500882e-06, 0.0000e+00, 0.0000e+00, 
 2DIAGNOSTIC,    38, -6.444083085972e-01, 1.020575267980e-06, 0.0000e+00, 0.0000e+00, 
DIAGNOSTIC,Iteration,metricValue,convergenceValue,ITERATION_TIME_INDEX,SINCE_LAST
 2DIAGNOSTIC,     1, -5.761249156144e-01, 1.797693134862e+308, 0.0000e+00, 0.0000e+00, 
 2DIAGNOSTIC,     2, -5.765246047996e-01, 1.797693134862e+308, 0.0000e+00, 0.0000e+00, 
 2DIAGNOSTIC,     3, -5.770204236142e-01, 1.797693134862e+308, 0.0000e+00, 0.0000e+00, 
 2DIAGNOSTIC,     4, -5.773618049223e-01, 1.797693134862e+308, 0.0000e+00, 0.0000e+00, 
 2DIAGNOSTIC,     5, -5.775369581013e-01, 1.797693134862e+308, 0.0000e+00, 0.0000e+00, 
 2DIAGNOSTIC,     6, -5.776079524808e-01, 1.797693134862e+308, 0.0000e+00, 0.0000e+00, 
 2DIAGNOSTIC,     7, -5.777887019919e-01, 1.797693134862e+308, 0.0000e+00, 0.0000e+00, 
 2DIAGNOSTIC,     8, -5.778002443012e-01, 1.797693134862e+308, 0.0000e+00, 0.0000e+00, 
 2DIAGNOSTIC,     9, -5.778007191991e-01, 1.797693134862e+308, 0.0000e+00, 0.0000e+00, 
 2DIAGNOSTIC,    10, -5.778018753695e-01, 1.786498962841e-04, 0.0000e+00, 0.0000e+00, 
 2DIAGNOSTIC,    11, -5.778028667230e-01, 1.119010547614e-04, 0.0000e+00, 0.0000e+00, 
 2DIAGNOSTIC,    12, -5.778028643398e-01, 6.252731834139e-05, 0.0000e+00, 0.0000e+00, 
 2DIAGNOSTIC,    13, -5.778028579239e-01, 3.389344163447e-05, 0.0000e+00, 0.0000e+00, 
 2DIAGNOSTIC,    14, -5.778028255141e-01, 1.850029597550e-05, 0.0000e+00, 0.0000e+00, 
 2DIAGNOSTIC,    15, -5.778028141727e-01, 9.481145829091e-06, 0.0000e+00, 0.0000e+00, 
 2DIAGNOSTIC,    16, -5.778028120941e-01, 2.985687762774e-06, 0.0000e+00, 0.0000e+00, 
 2DIAGNOSTIC,    17, -5.778027930806e-01, 2.425659022927e-06, 0.0000e+00, 0.0000e+00, 
 2DIAGNOSTIC,    18, -5.778027659175e-01, 2.229742512586e-06, 0.0000e+00, 0.0000e+00, 
 2DIAGNOSTIC,    19, -5.778027765928e-01, 2.059468112117e-06, 0.0000e+00, 0.0000e+00, 
 2DIAGNOSTIC,    20, -5.778027628537e-01, 1.931837911827e-06, 0.0000e+00, 0.0000e+00, 
 2DIAGNOSTIC,    21, -5.778027542867e-01, 1.839985967290e-06, 0.0000e+00, 0.0000e+00, 
 2DIAGNOSTIC,    22, -5.778027497636e-01, 1.756893027470e-06, 0.0000e+00, 0.0000e+00, 
 2DIAGNOSTIC,    23, -5.778028394274e-01, 1.683307361493e-06, 0.0000e+00, 0.0000e+00, 
 2DIAGNOSTIC,    24, -5.778028317134e-01, 1.615167272387e-06, 0.0000e+00, 0.0000e+00, 
 2DIAGNOSTIC,    25, -5.778028171190e-01, 1.551979929668e-06, 0.0000e+00, 0.0000e+00, 
 2DIAGNOSTIC,    26, -5.778028097478e-01, 1.493379346768e-06, 0.0000e+00, 0.0000e+00, 
 2DIAGNOSTIC,    27, -5.778028085841e-01, 1.438518972906e-06, 0.0000e+00, 0.0000e+00, 
 2DIAGNOSTIC,    28, -5.778028042873e-01, 1.386707811288e-06, 0.0000e+00, 0.0000e+00, 
 2DIAGNOSTIC,    29, -5.778027473301e-01, 1.337459620519e-06, 0.0000e+00, 0.0000e+00, 
 2DIAGNOSTIC,    30, -5.778027212907e-01, 1.290815275695e-06, 0.0000e+00, 0.0000e+00, 
 2DIAGNOSTIC,    31, -5.778026480913e-01, 1.246014813786e-06, 0.0000e+00, 0.0000e+00, 
 2DIAGNOSTIC,    32, -5.778026507983e-01, 1.204363162768e-06, 0.0000e+00, 0.0000e+00, 
 2DIAGNOSTIC,    33, -5.778026502559e-01, 1.167198421047e-06, 0.0000e+00, 0.0000e+00, 
 2DIAGNOSTIC,    34, -5.778026208068e-01, 1.132380277376e-06, 0.0000e+00, 0.0000e+00, 
 2DIAGNOSTIC,    35, -5.778026467116e-01, 1.100458332411e-06, 0.0000e+00, 0.0000e+00, 
 2DIAGNOSTIC,    36, -5.778026469522e-01, 1.070861006272e-06, 0.0000e+00, 0.0000e+00, 
 2DIAGNOSTIC,    37, -5.778025913089e-01, 1.042643603549e-06, 0.0000e+00, 0.0000e+00, 
 2DIAGNOSTIC,    38, -5.778025874779e-01, 1.016298877471e-06, 0.0000e+00, 0.0000e+00, 
  Elapsed time (stage 0): 0.0000e+00


Total elapsed time: 0.0000e+00
Info [verificarlo]: loaded backend libinterflop_ieee.so
Info [interflop-ieee]: load backend with:
Info [interflop-ieee]: debug = false
Info [interflop-ieee]: debug-binary = false
Info [interflop-ieee]: no-backend-name = false
Info [interflop-ieee]: print-new-line = false
Info [interflop-ieee]: print-subnormal-normalized = false
Info [interflop-ieee]: count-op = false
All_Command_lines_OK
Using double precision for computations.
=============================================================================
The composite transform comprises the following transforms (in order): 
  1. /home/mdugre/scratch/mri-registration-rp/datasets/ds004513/derivatives/mri-registration-rp/0110/antsRegistration-r8-p12/sub-s007/affine_Composite.h5[0] (type = Euler3DTransform)
  2. /home/mdugre/scratch/mri-registration-rp/datasets/ds004513/derivatives/mri-registration-rp/0110/antsRegistration-r8-p12/sub-s007/affine_Composite.h5[1] (type = Euler3DTransform)
  3. /home/mdugre/scratch/mri-registration-rp/datasets/ds004513/derivatives/mri-registration-rp/0110/antsRegistration-r8-p12/sub-s007/affine_Composite.h5[2] (type = Euler3DTransform)
  4. /home/mdugre/scratch/mri-registration-rp/datasets/ds004513/derivatives/mri-registration-rp/0110/antsRegistration-r8-p12/sub-s007/affine_Composite.h5[3] (type = AffineTransform)
=============================================================================
  number of levels = 4
  fixed image: /templateflow/tpl-MNI152NLin2009cAsym/tpl-MNI152NLin2009cAsym_res-01_desc-brain_T1w.nii.gz
  moving image: /home/mdugre/scratch/mri-registration-rp/datasets/ds004513/derivatives/mri-registration-rp/antsBrainExtraction/sub-s007/BrainExtractionBrain.nii.gz
Dimension = 3
Number of stages = 1
Use histogram matching = false
Winsorize image intensities = true
  Lower quantile = 0.005
  Upper quantile = 0.995


Stage 1 State
   Image metric = CC
     Fixed image = Image (0x4978a40)
  RTTI typeinfo:   itk::Image<double, 3u>
  Reference Count: 2
  Modified Time: 1608
  Debug: Off
  Object Name: 
  Observers: 
    none
  Source: (none)
  Source output name: (none)
  Release Data: Off
  Data Released: False
  Global Release Data: Off
  PipelineMTime: 0
  UpdateMTime: 1217
  RealTimeStamp: 0 seconds 
  LargestPossibleRegion: 
    Dimension: 3
    Index: [0, 0, 0]
    Size: [193, 229, 193]
  BufferedRegion: 
    Dimension: 3
    Index: [0, 0, 0]
    Size: [193, 229, 193]
  RequestedRegion: 
    Dimension: 3
    Index: [0, 0, 0]
    Size: [193, 229, 193]
  Spacing: [1, 1, 1]
  Origin: [96, 132, -78]
  Direction: 
-1 0 0
0 -1 0
0 0 1

  IndexToPointMatrix: 
-1 0 0
0 -1 0
0 0 1

  PointToIndexMatrix: 
-1 0 0
0 -1 0
0 0 1

  Inverse Direction: 
-1 0 0
0 -1 0
0 0 1

  PixelContainer: 
    ImportImageContainer (0x4a50410)
      RTTI typeinfo:   itk::ImportImageContainer<unsigned long, double>
      Reference Count: 1
      Modified Time: 1214
      Debug: Off
      Object Name: 
      Observers: 
        none
      Pointer: 0x149cdeca4010
      Container manages memory: true
      Size: 8530021
      Capacity: 8530021

     Moving image = Image (0x4a34520)
  RTTI typeinfo:   itk::Image<double, 3u>
  Reference Count: 2
  Modified Time: 1609
  Debug: Off
  Object Name: 
  Observers: 
    none
  Source: (none)
  Source output name: (none)
  Release Data: Off
  Data Released: False
  Global Release Data: Off
  PipelineMTime: 0
  UpdateMTime: 1606
  RealTimeStamp: 0 seconds 
  LargestPossibleRegion: 
    Dimension: 3
    Index: [0, 0, 0]
    Size: [176, 240, 256]
  BufferedRegion: 
    Dimension: 3
    Index: [0, 0, 0]
    Size: [176, 240, 256]
  RequestedRegion: 
    Dimension: 3
    Index: [0, 0, 0]
    Size: [176, 240, 256]
  Spacing: [1, 1, 1]
  Origin: [93.4772, 83.7926, -132.68]
  Direction: 
-0.997185 -0.0749788 0
0.0749788 -0.997185 0
0 0 1

  IndexToPointMatrix: 
-0.997185 -0.0749788 0
0.0749787 -0.997185 0
0 0 1

  PointToIndexMatrix: 
-0.997185 0.0749788 0
-0.0749788 -0.997185 0
0 0 1

  Inverse Direction: 
-0.997185 0.0749788 0
-0.0749788 -0.997185 0
0 0 1

  PixelContainer: 
    ImportImageContainer (0x4a570d0)
      RTTI typeinfo:   itk::ImportImageContainer<unsigned long, double>
      Reference Count: 1
      Modified Time: 1603
      Debug: Off
      Object Name: 
      Observers: 
        none
      Pointer: 0x149cd9a23010
      Container manages memory: true
      Size: 10813440
      Capacity: 10813440

     Weighting = 1
     Sampling strategy = none
     Number of bins = 32
     Radius = 4
     Sampling percentage  = 1
   Transform = SyN
     Gradient step = 0.1
     Update field sigma (voxel space) = 3
     Total field sigma (voxel space) = 0
     Update field time sigma = 0
     Total field time sigma  = 0
     Number of time indices = 0
     Number of time point samples = 0
Registration using 1 total stages.

Stage 0
  iterations = 100x70x50x20
  convergence threshold = 1e-06
  convergence window size = 10
  number of levels = 4
  using the CC metric (radius = 4, weight = 1, use gradient filter = 0)
  preprocessing:  winsorizing the image intensities
  Shrink factors (level 1 out of 4): [8, 8, 8]
  Shrink factors (level 2 out of 4): [4, 4, 4]
  Shrink factors (level 3 out of 4): [2, 2, 2]
  Shrink factors (level 4 out of 4): [1, 1, 1]
  smoothing sigmas per level: [3, 2, 1, 0]
  Using default NONE metricSamplingStrategy 

*** Running SyN registration (varianceForUpdateField = 3, varianceForTotalField = 0) ***

XXDIAGNOSTIC,Iteration,metricValue,convergenceValue,ITERATION_TIME_INDEX,SINCE_LAST
 1DIAGNOSTIC,     1, -9.297533943799e-01, 1.797693134862e+308, 1.3001e+00, 1.3001e+00, 
 1DIAGNOSTIC,     2, -9.395971961156e-01, 1.797693134862e+308, 1.6509e+00, 3.5082e-01, 
 1DIAGNOSTIC,     3, -9.464765753096e-01, 1.797693134862e+308, 2.0184e+00, 3.6744e-01, 
 1DIAGNOSTIC,     4, -9.500098931780e-01, 1.797693134862e+308, 2.3599e+00, 3.4153e-01, 
 1DIAGNOSTIC,     5, -9.523524668311e-01, 1.797693134862e+308, 2.7283e+00, 3.6834e-01, 
 1DIAGNOSTIC,     6, -9.541207606948e-01, 1.797693134862e+308, 3.0599e+00, 3.3162e-01, 
 1DIAGNOSTIC,     7, -9.560639817772e-01, 1.797693134862e+308, 3.4226e+00, 3.6272e-01, 
 1DIAGNOSTIC,     8, -9.581544979219e-01, 1.797693134862e+308, 3.8435e+00, 4.2095e-01, 
 1DIAGNOSTIC,     9, -9.604168315710e-01, 1.797693134862e+308, 4.1952e+00, 3.5161e-01, 
 1DIAGNOSTIC,    10, -9.629146474420e-01, 1.876033333066e-03, 4.5448e+00, 3.4965e-01, 
 1DIAGNOSTIC,    11, -9.654975157087e-01, 1.375664822755e-03, 4.9071e+00, 3.6234e-01, 
 1DIAGNOSTIC,    12, -9.672478055502e-01, 1.120408964018e-03, 5.2518e+00, 3.4464e-01, 
 1DIAGNOSTIC,    13, -9.674631378325e-01, 9.649154357252e-04, 5.6016e+00, 3.4984e-01, 
 1DIAGNOSTIC,    14, -9.675253808591e-01, 8.206976019750e-04, 5.9656e+00, 3.6399e-01, 
 1DIAGNOSTIC,    15, -9.678115995148e-01, 6.728703540987e-04, 6.3090e+00, 3.4343e-01, 
 1DIAGNOSTIC,    16, -9.678294291896e-01, 5.143579406711e-04, 6.6964e+00, 3.8740e-01, 
 1DIAGNOSTIC,    17, -9.681307932727e-01, 3.662411889206e-04, 7.0667e+00, 3.7030e-01, 
 1DIAGNOSTIC,    18, -9.681995519356e-01, 2.365756198717e-04, 7.4139e+00, 3.4718e-01, 
 1DIAGNOSTIC,    19, -9.684180822989e-01, 1.374467114543e-04, 7.7705e+00, 3.5652e-01, 
 1DIAGNOSTIC,    20, -9.684789448332e-01, 7.280151778719e-05, 8.1135e+00, 3.4302e-01, 
 1DIAGNOSTIC,    21, -9.686751905126e-01, 4.626402010274e-05, 8.4554e+00, 3.4192e-01, 
 1DIAGNOSTIC,    22, -9.687276013522e-01, 4.213888302639e-05, 8.7936e+00, 3.3820e-01, 
 1DIAGNOSTIC,    23, -9.689047982729e-01, 3.962909078369e-05, 9.1418e+00, 3.4824e-01, 
 1DIAGNOSTIC,    24, -9.689732155677e-01, 3.525291490068e-05, 9.4827e+00, 3.4089e-01, 
 1DIAGNOSTIC,    25, -9.690899900332e-01, 3.284363258597e-05, 9.8550e+00, 3.7226e-01, 
 1DIAGNOSTIC,    26, -9.691301979629e-01, 2.822684612136e-05, 1.0216e+01, 3.6119e-01, 
 1DIAGNOSTIC,    27, -9.692844699632e-01, 2.640718318103e-05, 1.0560e+01, 3.4407e-01, 
 1DIAGNOSTIC,    28, -9.693138962624e-01, 2.329387898709e-05, 1.0906e+01, 3.4529e-01, 
 1DIAGNOSTIC,    29, -9.694587603482e-01, 2.201516962016e-05, 1.1258e+01, 3.5261e-01, 
 1DIAGNOSTIC,    30, -9.694770805366e-01, 1.956825726165e-05, 1.1611e+01, 3.5326e-01, 
 1DIAGNOSTIC,    31, -9.696120631485e-01, 1.870003856420e-05, 1.1954e+01, 3.4268e-01, 
 1DIAGNOSTIC,    32, -9.696234127578e-01, 1.674087884775e-05, 1.2308e+01, 3.5413e-01, 
 1DIAGNOSTIC,    33, -9.697490621574e-01, 1.611701871317e-05, 1.2771e+01, 4.6327e-01, 
 1DIAGNOSTIC,    34, -9.697515230944e-01, 1.467068556665e-05, 1.3128e+01, 3.5612e-01, 
 1DIAGNOSTIC,    35, -9.698673789339e-01, 1.397577339670e-05, 1.3484e+01, 3.5628e-01, 
 1DIAGNOSTIC,    36, -9.698632742991e-01, 1.232992813038e-05, 1.3830e+01, 3.4573e-01, 
 1DIAGNOSTIC,    37, -9.699775668180e-01, 1.183758386454e-05, 1.4203e+01, 3.7312e-01, 
 1DIAGNOSTIC,    38, -9.699675318941e-01, 1.043551489632e-05, 1.4541e+01, 3.3778e-01, 
 1DIAGNOSTIC,    39, -9.700698092886e-01, 1.007394961879e-05, 1.4986e+01, 4.4516e-01, 
 1DIAGNOSTIC,    40, -9.700487488083e-01, 8.792545997331e-06, 1.5336e+01, 3.5082e-01, 
 1DIAGNOSTIC,    41, -9.701447380010e-01, 8.486396873054e-06, 1.5689e+01, 3.5264e-01, 
 1DIAGNOSTIC,    42, -9.701172990508e-01, 7.312033729470e-06, 1.6037e+01, 3.4814e-01, 
 1DIAGNOSTIC,    43, -9.702064070122e-01, 7.053188630798e-06, 1.6386e+01, 3.4897e-01, 
 1DIAGNOSTIC,    44, -9.701737796125e-01, 5.971550384870e-06, 1.6776e+01, 3.8974e-01, 
 1DIAGNOSTIC,    45, -9.702611389775e-01, 5.782976236803e-06, 1.7195e+01, 4.1873e-01, 
 1DIAGNOSTIC,    46, -9.702255917706e-01, 4.834036157503e-06, 1.7551e+01, 3.5633e-01, 
 1DIAGNOSTIC,    47, -9.703124930275e-01, 4.805409236665e-06, 1.7906e+01, 3.5506e-01, 
 1DIAGNOSTIC,    48, -9.702729148892e-01, 4.051736928086e-06, 1.8248e+01, 3.4164e-01, 
 1DIAGNOSTIC,    49, -9.703580418169e-01, 4.147248910433e-06, 1.8609e+01, 3.6085e-01, 
 1DIAGNOSTIC,    50, -9.703149505053e-01, 3.500746569272e-06, 1.8952e+01, 3.4342e-01, 
 1DIAGNOSTIC,    51, -9.703991092514e-01, 3.661585493444e-06, 1.9289e+01, 3.3707e-01, 
 1DIAGNOSTIC,    52, -9.703525345308e-01, 3.082209331335e-06, 1.9633e+01, 3.4397e-01, 
 1DIAGNOSTIC,    53, -9.704365375984e-01, 3.266174534271e-06, 1.9968e+01, 3.3471e-01, 
 1DIAGNOSTIC,    54, -9.703868428003e-01, 2.716037143420e-06, 2.0308e+01, 3.4020e-01, 
 1DIAGNOSTIC,    55, -9.704705530529e-01, 2.914123810576e-06, 2.0714e+01, 4.0619e-01, 
 1DIAGNOSTIC,    56, -9.704183220729e-01, 2.397353423313e-06, 2.1109e+01, 3.9531e-01, 
 1DIAGNOSTIC,    57, -9.705437396114e-01, 2.835998713892e-06, 2.1459e+01, 3.4937e-01, 
 1DIAGNOSTIC,    58, -9.704892134199e-01, 2.535646985945e-06, 2.1801e+01, 3.4262e-01, 
 1DIAGNOSTIC,    59, -9.705710935651e-01, 2.906724063417e-06, 2.2152e+01, 3.5059e-01, 
 1DIAGNOSTIC,    60, -9.705146979126e-01, 2.532681166015e-06, 2.2493e+01, 3.4081e-01, 
 1DIAGNOSTIC,    61, -9.705959381918e-01, 2.791985707472e-06, 2.2844e+01, 3.5083e-01, 
 1DIAGNOSTIC,    62, -9.705377208654e-01, 2.303784703235e-06, 2.3212e+01, 3.6796e-01, 
 1DIAGNOSTIC,    63, -9.706186863640e-01, 2.444996798176e-06, 2.3562e+01, 3.5043e-01, 
 1DIAGNOSTIC,    64, -9.705591175780e-01, 1.876517254445e-06, 2.3903e+01, 3.4047e-01, 
 1DIAGNOSTIC,    65, -9.705994902707e-01, 1.773109583582e-06, 2.4279e+01, 3.7621e-01, 
 1DIAGNOSTIC,    66, -9.705379849035e-01, 1.023138715313e-06, 2.4626e+01, 3.4706e-01, 
 1DIAGNOSTIC,    67, -9.706170589343e-01, 1.155253430175e-06, 2.4974e+01, 3.4852e-01, 
 1DIAGNOSTIC,    68, -9.705547185149e-01, 6.914140714999e-07, 2.5380e+01, 4.0530e-01, 
XXDIAGNOSTIC,Iteration,metricValue,convergenceValue,ITERATION_TIME_INDEX,SINCE_LAST
 1DIAGNOSTIC,     1, -9.120015893054e-01, 1.797693134862e+308, 2.8991e+01, 3.6115e+00, 
 1DIAGNOSTIC,     2, -9.151828237290e-01, 1.797693134862e+308, 3.1592e+01, 2.6010e+00, 
 1DIAGNOSTIC,     3, -9.185815131440e-01, 1.797693134862e+308, 3.4421e+01, 2.8289e+00, 
 1DIAGNOSTIC,     4, -9.216998310024e-01, 1.797693134862e+308, 3.7294e+01, 2.8726e+00, 
 1DIAGNOSTIC,     5, -9.243805335716e-01, 1.797693134862e+308, 4.0058e+01, 2.7642e+00, 
 1DIAGNOSTIC,     6, -9.265668364088e-01, 1.797693134862e+308, 4.2881e+01, 2.8230e+00, 
 1DIAGNOSTIC,     7, -9.284113154518e-01, 1.797693134862e+308, 4.5623e+01, 2.7427e+00, 
 1DIAGNOSTIC,     8, -9.300148844854e-01, 1.797693134862e+308, 4.8622e+01, 2.9981e+00, 
 1DIAGNOSTIC,     9, -9.314497643933e-01, 1.797693134862e+308, 5.1305e+01, 2.6833e+00, 
 1DIAGNOSTIC,    10, -9.327644574918e-01, 1.433165459433e-03, 5.4110e+01, 2.8050e+00, 
 1DIAGNOSTIC,    11, -9.340019429414e-01, 1.147833240488e-03, 5.7015e+01, 2.9052e+00, 
 1DIAGNOSTIC,    12, -9.351914184352e-01, 9.181486790980e-04, 5.9945e+01, 2.9302e+00, 
 1DIAGNOSTIC,    13, -9.363072055416e-01, 7.466012915296e-04, 6.2873e+01, 2.9282e+00, 
 1DIAGNOSTIC,    14, -9.373702078246e-01, 6.225805959343e-04, 6.5747e+01, 2.8740e+00, 
 1DIAGNOSTIC,    15, -9.383524011977e-01, 5.325142165779e-04, 6.8565e+01, 2.8172e+00, 
 1DIAGNOSTIC,    16, -9.391970138210e-01, 4.624405590575e-04, 7.1406e+01, 2.8412e+00, 
 1DIAGNOSTIC,    17, -9.399246108180e-01, 4.040219228596e-04, 7.4132e+01, 2.7260e+00, 
 1DIAGNOSTIC,    18, -9.405502666425e-01, 3.524088130856e-04, 7.7024e+01, 2.8927e+00, 
 1DIAGNOSTIC,    19, -9.407716068754e-01, 3.000359731297e-04, 7.9986e+01, 2.9613e+00, 
 1DIAGNOSTIC,    20, -9.409888894502e-01, 2.484141760247e-04, 8.2904e+01, 2.9183e+00, 
 1DIAGNOSTIC,    21, -9.412055851985e-01, 1.996476518495e-04, 8.5495e+01, 2.5906e+00, 
 1DIAGNOSTIC,    22, -9.414067522922e-01, 1.558504571417e-04, 8.8473e+01, 2.9781e+00, 
 1DIAGNOSTIC,    23, -9.416012337845e-01, 1.185744170584e-04, 9.1436e+01, 2.9636e+00, 
 1DIAGNOSTIC,    24, -9.417788363063e-01, 8.904092388504e-05, 9.4071e+01, 2.6343e+00, 
 1DIAGNOSTIC,    25, -9.419457649244e-01, 6.753460362851e-05, 9.6516e+01, 2.4452e+00, 
 1DIAGNOSTIC,    26, -9.420969611193e-01, 5.295901292922e-05, 9.9106e+01, 2.5903e+00, 
 1DIAGNOSTIC,    27, -9.422386117741e-01, 4.421783538922e-05, 1.0192e+02, 2.8158e+00, 
 1DIAGNOSTIC,    28, -9.423672359394e-01, 4.019620422711e-05, 1.0479e+02, 2.8641e+00, 
 1DIAGNOSTIC,    29, -9.424868104174e-01, 3.629832510738e-05, 1.0735e+02, 2.5620e+00, 
 1DIAGNOSTIC,    30, -9.425973236563e-01, 3.261485252965e-05, 1.0983e+02, 2.4827e+00, 
 1DIAGNOSTIC,    31, -9.426994625394e-01, 2.927380938390e-05, 1.1278e+02, 2.9505e+00, 
 1DIAGNOSTIC,    32, -9.427911004071e-01, 2.621236818840e-05, 1.1575e+02, 2.9674e+00, 
 1DIAGNOSTIC,    33, -9.428774047792e-01, 2.350122321865e-05, 1.1854e+02, 2.7925e+00, 
 1DIAGNOSTIC,    34, -9.429520488543e-01, 2.103643660209e-05, 1.2091e+02, 2.3690e+00, 
 1DIAGNOSTIC,    35, -9.430182900072e-01, 1.880305334073e-05, 1.2342e+02, 2.5100e+00, 
 1DIAGNOSTIC,    36, -9.430782125970e-01, 1.675213818798e-05, 1.2608e+02, 2.6566e+00, 
 1DIAGNOSTIC,    37, -9.431317915570e-01, 1.488546899735e-05, 1.2880e+02, 2.7199e+00, 
 1DIAGNOSTIC,    38, -9.431811261718e-01, 1.318604754422e-05, 1.3131e+02, 2.5128e+00, 
 1DIAGNOSTIC,    39, -9.432261730676e-01, 1.166289572105e-05, 1.3380e+02, 2.4861e+00, 
 1DIAGNOSTIC,    40, -9.432706290728e-01, 1.034382879432e-05, 1.3607e+02, 2.2705e+00, 
 1DIAGNOSTIC,    41, -9.433118018623e-01, 9.226202022372e-06, 1.3863e+02, 2.5667e+00, 
 1DIAGNOSTIC,    42, -9.433448794927e-01, 8.243998779005e-06, 1.4132e+02, 2.6892e+00, 
 1DIAGNOSTIC,    43, -9.433788177453e-01, 7.431865713128e-06, 1.4395e+02, 2.6234e+00, 
 1DIAGNOSTIC,    44, -9.434093030237e-01, 6.733017871276e-06, 1.4631e+02, 2.3598e+00, 
 1DIAGNOSTIC,    45, -9.434358280376e-01, 6.107497430997e-06, 1.4877e+02, 2.4615e+00, 
 1DIAGNOSTIC,    46, -9.434516815892e-01, 5.485541218944e-06, 1.5146e+02, 2.6955e+00, 
 1DIAGNOSTIC,    47, -9.434700578316e-01, 4.891657479640e-06, 1.5395e+02, 2.4924e+00, 
 1DIAGNOSTIC,    48, -9.434884219075e-01, 4.341743560090e-06, 1.5626e+02, 2.3099e+00, 
 1DIAGNOSTIC,    49, -9.434979195800e-01, 3.793216183826e-06, 1.5858e+02, 2.3182e+00, 
 1DIAGNOSTIC,    50, -9.435132707426e-01, 3.324485198086e-06, 1.6113e+02, 2.5478e+00, 
 1DIAGNOSTIC,    51, -9.435256060053e-01, 2.931626124796e-06, 1.6356e+02, 2.4274e+00, 
 1DIAGNOSTIC,    52, -9.435363452301e-01, 2.584483680679e-06, 1.6628e+02, 2.7181e+00, 
 1DIAGNOSTIC,    53, -9.435460979503e-01, 2.307644710677e-06, 1.6886e+02, 2.5796e+00, 
 1DIAGNOSTIC,    54, -9.435515763163e-01, 2.076356563900e-06, 1.7140e+02, 2.5478e+00, 
 1DIAGNOSTIC,    55, -9.435583075058e-01, 1.893319721096e-06, 1.7380e+02, 2.3996e+00, 
 1DIAGNOSTIC,    56, -9.435614683367e-01, 1.691333197520e-06, 1.7639e+02, 2.5895e+00, 
 1DIAGNOSTIC,    57, -9.435647040724e-01, 1.501755705156e-06, 1.7902e+02, 2.6317e+00, 
 1DIAGNOSTIC,    58, -9.435664475928e-01, 1.332959139198e-06, 1.8182e+02, 2.8006e+00, 
 1DIAGNOSTIC,    59, -9.435684867519e-01, 1.152748407427e-06, 1.8446e+02, 2.6315e+00, 
 1DIAGNOSTIC,    60, -9.435706173062e-01, 1.007006527113e-06, 1.8729e+02, 2.8364e+00, 
 1DIAGNOSTIC,    61, -9.435661161159e-01, 8.583123580486e-07, 1.9007e+02, 2.7772e+00, 
XXDIAGNOSTIC,Iteration,metricValue,convergenceValue,ITERATION_TIME_INDEX,SINCE_LAST
 1DIAGNOSTIC,     1, -8.905985988431e-01, 1.797693134862e+308, 2.0972e+02, 1.9654e+01, 
 1DIAGNOSTIC,     2, -8.927402997125e-01, 1.797693134862e+308, 2.2803e+02, 1.8303e+01, 
 1DIAGNOSTIC,     3, -8.952025956719e-01, 1.797693134862e+308, 2.4814e+02, 2.0117e+01, 
 1DIAGNOSTIC,     4, -8.977731027968e-01, 1.797693134862e+308, 2.7102e+02, 2.2875e+01, 
 1DIAGNOSTIC,     5, -9.000924176542e-01, 1.797693134862e+308, 2.9372e+02, 2.2706e+01, 
 1DIAGNOSTIC,     6, -9.020594902159e-01, 1.797693134862e+308, 3.1631e+02, 2.2590e+01, 
 1DIAGNOSTIC,     7, -9.040968676183e-01, 1.797693134862e+308, 3.3860e+02, 2.2288e+01, 
 1DIAGNOSTIC,     8, -9.060007239562e-01, 1.797693134862e+308, 3.5904e+02, 2.0438e+01, 
 1DIAGNOSTIC,     9, -9.076821338043e-01, 1.797693134862e+308, 3.7954e+02, 2.0501e+01, 
 1DIAGNOSTIC,    10, -9.091748313797e-01, 1.344105102100e-03, 3.9833e+02, 1.8785e+01, 
 1DIAGNOSTIC,    11, -9.105295920526e-01, 1.150737720544e-03, 4.2049e+02, 2.2159e+01, 
 1DIAGNOSTIC,    12, -9.117342729557e-01, 9.736439413353e-04, 4.4298e+02, 2.2497e+01, 
 1DIAGNOSTIC,    13, -9.128202296600e-01, 8.209872007599e-04, 4.6610e+02, 2.3113e+01, 
 1DIAGNOSTIC,    14, -9.138116658718e-01, 6.950042913251e-04, 4.8730e+02, 2.1207e+01, 
 1DIAGNOSTIC,    15, -9.144984857662e-01, 5.850441710993e-04, 5.0805e+02, 2.0745e+01, 
 1DIAGNOSTIC,    16, -9.150938294933e-01, 4.852068553558e-04, 5.2827e+02, 2.0221e+01, 
 1DIAGNOSTIC,    17, -9.156218569037e-01, 3.995218472562e-04, 5.4880e+02, 2.0535e+01, 
 1DIAGNOSTIC,    18, -9.160939133548e-01, 3.275735582428e-04, 5.7022e+02, 2.1412e+01, 
 1DIAGNOSTIC,    19, -9.165149642393e-01, 2.673162465070e-04, 5.9010e+02, 1.9888e+01, 
 1DIAGNOSTIC,    20, -9.168842291730e-01, 2.172855538107e-04, 6.1063e+02, 2.0526e+01, 
 1DIAGNOSTIC,    21, -9.172095737927e-01, 1.767625980390e-04, 6.3043e+02, 1.9797e+01, 
 1DIAGNOSTIC,    22, -9.174991245702e-01, 1.445860680072e-04, 6.5174e+02, 2.1312e+01, 
 1DIAGNOSTIC,    23, -9.177653223505e-01, 1.199574085920e-04, 6.7217e+02, 2.0436e+01, 
 1DIAGNOSTIC,    24, -9.180098452880e-01, 1.022199554834e-04, 6.9311e+02, 2.0934e+01, 
 1DIAGNOSTIC,    25, -9.182394020567e-01, 8.775984384049e-05, 7.1280e+02, 1.9692e+01, 
 1DIAGNOSTIC,    26, -9.184579203479e-01, 7.595107579821e-05, 7.3335e+02, 2.0553e+01, 
 1DIAGNOSTIC,    27, -9.186707199342e-01, 6.645222926802e-05, 7.5284e+02, 1.9487e+01, 
 1DIAGNOSTIC,    28, -9.188790216012e-01, 5.897346086636e-05, 7.7232e+02, 1.9476e+01, 
 1DIAGNOSTIC,    29, -9.190906883327e-01, 5.327965201225e-05, 7.9185e+02, 1.9531e+01, 
 1DIAGNOSTIC,    30, -9.193015916892e-01, 4.899471897789e-05, 8.1255e+02, 2.0707e+01, 
 1DIAGNOSTIC,    31, -9.195166951311e-01, 4.582404593465e-05, 8.3257e+02, 2.0019e+01, 
 1DIAGNOSTIC,    32, -9.197413293452e-01, 4.355814713922e-05, 8.5197e+02, 1.9396e+01, 
 1DIAGNOSTIC,    33, -9.199358617987e-01, 4.168822550134e-05, 8.7116e+02, 1.9192e+01, 
 1DIAGNOSTIC,    34, -9.200692959216e-01, 3.948278841589e-05, 8.9229e+02, 2.1130e+01, 
 1DIAGNOSTIC,    35, -9.201477499285e-01, 3.645553572083e-05, 9.1286e+02, 2.0568e+01, 
 1DIAGNOSTIC,    36, -9.201888231622e-01, 3.243988095536e-05, 9.3379e+02, 2.0926e+01, 
 1DIAGNOSTIC,    37, -9.202037351921e-01, 2.752914660588e-05, 9.5389e+02, 2.0100e+01, 
 1DIAGNOSTIC,    38, -9.201986763690e-01, 2.197811495042e-05, 9.7385e+02, 1.9961e+01, 
 1DIAGNOSTIC,    39, -9.201863808678e-01, 1.627467415692e-05, 9.9470e+02, 2.0855e+01, 
 1DIAGNOSTIC,    40, -9.201687658094e-01, 1.087535317889e-05, 1.0144e+03, 1.9668e+01, 
 1DIAGNOSTIC,    41, -9.201549530510e-01, 6.287233963908e-06, 1.0333e+03, 1.8897e+01, 
 1DIAGNOSTIC,    42, -9.201434478612e-01, 2.949160944662e-06, 1.0554e+03, 2.2141e+01, 
 1DIAGNOSTIC,    43, -9.201401638295e-01, 9.255513032345e-07, 1.0758e+03, 2.0423e+01, 
XXDIAGNOSTIC,Iteration,metricValue,convergenceValue,ITERATION_TIME_INDEX,SINCE_LAST
 1DIAGNOSTIC,     1, -8.755719096478e-01, 1.797693134862e+308, 1.2554e+03, 1.7960e+02, 
 1DIAGNOSTIC,     2, -8.767524242007e-01, 1.797693134862e+308, 1.4223e+03, 1.6685e+02, 
 1DIAGNOSTIC,     3, -8.783131390310e-01, 1.797693134862e+308, 1.5863e+03, 1.6398e+02, 
 1DIAGNOSTIC,     4, -8.798578113877e-01, 1.797693134862e+308, 1.7533e+03, 1.6702e+02, 
 1DIAGNOSTIC,     5, -8.812966755156e-01, 1.797693134862e+308, 1.9185e+03, 1.6517e+02, 
 1DIAGNOSTIC,     6, -8.825982742035e-01, 1.797693134862e+308, 2.0732e+03, 1.5479e+02, 
 1DIAGNOSTIC,     7, -8.837671470750e-01, 1.797693134862e+308, 2.2258e+03, 1.5258e+02, 
 1DIAGNOSTIC,     8, -8.849410778730e-01, 1.797693134862e+308, 2.3760e+03, 1.5021e+02, 
 1DIAGNOSTIC,     9, -8.860474302113e-01, 1.797693134862e+308, 2.5250e+03, 1.4897e+02, 
 1DIAGNOSTIC,    10, -8.871318846757e-01, 8.533924048962e-04, 2.6753e+03, 1.5032e+02, 
 1DIAGNOSTIC,    11, -8.881926550851e-01, 7.463208942774e-04, 2.8238e+03, 1.4847e+02, 
 1DIAGNOSTIC,    12, -8.891471613333e-01, 6.469803842100e-04, 2.9772e+03, 1.5339e+02, 
 1DIAGNOSTIC,    13, -8.900064571657e-01, 5.639699920756e-04, 3.1269e+03, 1.4975e+02, 
 1DIAGNOSTIC,    14, -8.908578620331e-01, 4.962517682122e-04, 3.2820e+03, 1.5501e+02, 
 1DIAGNOSTIC,    15, -8.916612936741e-01, 4.399497470811e-04, 3.4313e+03, 1.4936e+02, 
 1DIAGNOSTIC,    16, -8.923955194693e-01, 3.909450517925e-04, 3.5817e+03, 1.5042e+02, 
 1DIAGNOSTIC,    17, -8.930905398419e-01, 3.467005505814e-04, 3.7321e+03, 1.5033e+02, 
 1DIAGNOSTIC,    18, -8.938244106380e-01, 3.091979708193e-04, 3.8844e+03, 1.5230e+02, 
 1DIAGNOSTIC,    19, -8.944277608642e-01, 2.756432914595e-04, 4.0378e+03, 1.5347e+02, 
 1DIAGNOSTIC,    20, -8.950918505096e-01, 2.476956629292e-04, 4.1916e+03, 1.5376e+02, 
  Elapsed time (stage 0): 4193.01


Total elapsed time: 4193.01
