
##########################
# Experiment information #
##########################

EXPERIMENT_NAME: antsRegistration-r8-p7
VFC_BACKENDS: libinterflop_vprec.so --range-binary32=8 --precision-binary32=7 --range-binary64=8 --precision-binary64=7

SIF_IMG: /home/mdugre/projects/rrg-glatard/mdugre/containers/ants-vprec-no_metrics.simg

SUBJECT_ID: s035
INPUT_IMG: /home/mdugre/scratch/mri-registration-rp/datasets/ds004513/derivatives/mri-registration-rp/antsBrainExtraction/sub-s035/BrainExtractionBrain.nii.gz
OUTPUT_DIR: /home/mdugre/scratch/mri-registration-rp/datasets/ds004513/derivatives/mri-registration-rp/0110/antsRegistration-r8-p7/sub-s035

FIXED_IMG: /templateflow/tpl-MNI152NLin2009cAsym/tpl-MNI152NLin2009cAsym_res-01_desc-brain_T1w.nii.gz
DATA_DIR: /home/mdugre/scratch/mri-registration-rp/datasets/ds004513
TEMPLATEFLOW_DIR: /home/mdugre/projects/rrg-glatard/mdugre/templateflow
ITK_GLOBAL_DEFAULT_NUMBER_OF_THREADS: 16
##########################

Info [verificarlo]: loaded backend libinterflop_ieee.so
Info [interflop-ieee]: load backend with:
Info [interflop-ieee]: debug = false
Info [interflop-ieee]: debug-binary = false
Info [interflop-ieee]: no-backend-name = false
Info [interflop-ieee]: print-new-line = false
Info [interflop-ieee]: print-subnormal-normalized = false
Info [interflop-ieee]: count-op = false
All_Command_lines_OK
Using double precision for computations.
=============================================================================
The composite transform comprises the following transforms (in order): 
  1. Center of mass alignment using fixed image: /templateflow/tpl-MNI152NLin2009cAsym/tpl-MNI152NLin2009cAsym_res-01_desc-brain_T1w.nii.gz and moving image: /home/mdugre/scratch/mri-registration-rp/datasets/ds004513/derivatives/mri-registration-rp/antsBrainExtraction/sub-s035/BrainExtractionBrain.nii.gz (type = Euler3DTransform)
=============================================================================
  number of levels = 1
  fixed image: /templateflow/tpl-MNI152NLin2009cAsym/tpl-MNI152NLin2009cAsym_res-01_desc-brain_T1w.nii.gz
  moving image: /home/mdugre/scratch/mri-registration-rp/datasets/ds004513/derivatives/mri-registration-rp/antsBrainExtraction/sub-s035/BrainExtractionBrain.nii.gz
Dimension = 3
Number of stages = 1
Use histogram matching = false
Winsorize image intensities = true
  Lower quantile = 0.005
  Upper quantile = 0.995


Stage 1 State
   Image metric = MattesMI
     Fixed image = Image (0x3c14bd0)
  RTTI typeinfo:   itk::Image<double, 3u>
  Reference Count: 2
  Modified Time: 2330
  Debug: Off
  Object Name: 
  Observers: 
    none
  Source: (none)
  Source output name: (none)
  Release Data: Off
  Data Released: False
  Global Release Data: Off
  PipelineMTime: 0
  UpdateMTime: 1941
  RealTimeStamp: 0 seconds 
  LargestPossibleRegion: 
    Dimension: 3
    Index: [0, 0, 0]
    Size: [193, 229, 193]
  BufferedRegion: 
    Dimension: 3
    Index: [0, 0, 0]
    Size: [193, 229, 193]
  RequestedRegion: 
    Dimension: 3
    Index: [0, 0, 0]
    Size: [193, 229, 193]
  Spacing: [1, 1, 1]
  Origin: [96, 132, -78]
  Direction: 
-1 0 0
0 -1 0
0 0 1

  IndexToPointMatrix: 
-1 0 0
0 -1 0
0 0 1

  PointToIndexMatrix: 
-1 0 0
0 -1 0
0 0 1

  Inverse Direction: 
-1 0 0
0 -1 0
0 0 1

  PixelContainer: 
    ImportImageContainer (0x3c1d9e0)
      RTTI typeinfo:   itk::ImportImageContainer<unsigned long, double>
      Reference Count: 1
      Modified Time: 1938
      Debug: Off
      Object Name: 
      Observers: 
        none
      Pointer: 0x14cae9fc3010
      Container manages memory: true
      Size: 8530021
      Capacity: 8530021

     Moving image = Image (0x3c1ed40)
  RTTI typeinfo:   itk::Image<double, 3u>
  Reference Count: 2
  Modified Time: 2331
  Debug: Off
  Object Name: 
  Observers: 
    none
  Source: (none)
  Source output name: (none)
  Release Data: Off
  Data Released: False
  Global Release Data: Off
  PipelineMTime: 0
  UpdateMTime: 2328
  RealTimeStamp: 0 seconds 
  LargestPossibleRegion: 
    Dimension: 3
    Index: [0, 0, 0]
    Size: [160, 240, 256]
  BufferedRegion: 
    Dimension: 3
    Index: [0, 0, 0]
    Size: [160, 240, 256]
  RequestedRegion: 
    Dimension: 3
    Index: [0, 0, 0]
    Size: [160, 240, 256]
  Spacing: [1, 1, 1]
  Origin: [98.6438, 87.6358, -117.989]
  Direction: 
-0.993515 -0.100993 -0.0522355
0.100854 -0.994887 0.00530255
-0.0525039 1.93537e-08 0.998621

  IndexToPointMatrix: 
-0.993515 -0.100993 -0.0522355
0.100854 -0.994887 0.00530255
-0.0525039 1.93537e-08 0.998621

  PointToIndexMatrix: 
-0.993515 0.100854 -0.0525039
-0.100993 -0.994887 1.93006e-08
-0.0522355 0.00530255 0.998621

  Inverse Direction: 
-0.993515 0.100854 -0.0525039
-0.100993 -0.994887 1.93006e-08
-0.0522355 0.00530255 0.998621

  PixelContainer: 
    ImportImageContainer (0x3c44850)
      RTTI typeinfo:   itk::ImportImageContainer<unsigned long, double>
      Reference Count: 1
      Modified Time: 2325
      Debug: Off
      Object Name: 
      Observers: 
        none
      Pointer: 0x14cae54c2010
      Container manages memory: true
      Size: 9830400
      Capacity: 9830400

     Weighting = 1
     Sampling strategy = regular
     Number of bins = 32
     Radius = 4
     Sampling percentage  = 0.25
   Transform = Rigid
     Gradient step = 0.1
     Update field sigma (voxel space) = 0
     Total field sigma (voxel space) = 0
     Update field time sigma = 0
     Total field time sigma  = 0
     Number of time indices = 0
     Number of time point samples = 0
Registration using 1 total stages.

Stage 0
  iterations = 0
  convergence threshold = 1e-06
  convergence window size = 10
  number of levels = 1
  using the Mattes MI metric (number of bins = 32, weight = 1, use gradient filter = 0)
  preprocessing:  winsorizing the image intensities
  Shrink factors (level 1 out of 1): [1, 1, 1]
  smoothing sigmas per level: [0]
  regular sampling (percentage = 0.25)

*** Running Euler3DTransform registration ***

  Elapsed time (stage 0): 1.1419


Total elapsed time: 1.14397
Info [verificarlo]: loaded backend libinterflop_vprec.so
Info [interflop-vprec]: load backend with: 
Info [interflop-vprec]: precision-binary32 = 7
Info [interflop-vprec]: range-binary32 = 8
Info [interflop-vprec]: precision-binary64 = 7
Info [interflop-vprec]: range-binary64 = 8
Info [interflop-vprec]: mode = ob
Info [interflop-vprec]: error-mode = rel
Info [interflop-vprec]: max-abs-error-exponent = -1022
Info [interflop-vprec]: daz = false
Info [interflop-vprec]: ftz = false
Info [interflop-vprec]: 	instrument = none
Info [interflop-vprec]: 	prec-input-file = (null)
Info [interflop-vprec]: 	prec-output-file = (null)
Info [interflop-vprec]: 	prec-log-file = (null)
All_Command_lines_OK
Using double precision for computations.
=============================================================================
The composite transform comprises the following transforms (in order): 
  1. /home/mdugre/scratch/mri-registration-rp/datasets/ds004513/derivatives/mri-registration-rp/0110/antsRegistration-r8-p7/sub-s035/align_Composite.h5[0] (type = Euler3DTransform)
  2. /home/mdugre/scratch/mri-registration-rp/datasets/ds004513/derivatives/mri-registration-rp/0110/antsRegistration-r8-p7/sub-s035/align_Composite.h5[1] (type = Euler3DTransform)
=============================================================================
  number of levels = 4
  fixed image: /templateflow/tpl-MNI152NLin2009cAsym/tpl-MNI152NLin2009cAsym_res-01_desc-brain_T1w.nii.gz
  moving image: /home/mdugre/scratch/mri-registration-rp/datasets/ds004513/derivatives/mri-registration-rp/antsBrainExtraction/sub-s035/BrainExtractionBrain.nii.gz
Dimension = 3
Number of stages = 1
Use histogram matching = false
Winsorize image intensities = true
  Lower quantile = 0.005
  Upper quantile = 0.995


Stage 1 State
   Image metric = MattesMI
     Fixed image = Image (0x492c1e0)
  RTTI typeinfo:   itk::Image<double, 3u>
  Reference Count: 2
  Modified Time: 1578
  Debug: Off
  Object Name: 
  Observers: 
    none
  Source: (none)
  Source output name: (none)
  Release Data: Off
  Data Released: False
  Global Release Data: Off
  PipelineMTime: 0
  UpdateMTime: 1189
  RealTimeStamp: 0 seconds 
  LargestPossibleRegion: 
    Dimension: 3
    Index: [0, 0, 0]
    Size: [193, 229, 193]
  BufferedRegion: 
    Dimension: 3
    Index: [0, 0, 0]
    Size: [193, 229, 193]
  RequestedRegion: 
    Dimension: 3
    Index: [0, 0, 0]
    Size: [193, 229, 193]
  Spacing: [1, 1, 1]
  Origin: [96, 132, -78]
  Direction: 
-1 0 0
0 -1 0
0 0 1

  IndexToPointMatrix: 
-1 0 0
0 -1 0
0 0 1

  PointToIndexMatrix: 
-1 0 0
0 -1 0
0 0 1

  Inverse Direction: 
-1 0 0
0 -1 0
0 0 1

  PixelContainer: 
    ImportImageContainer (0x49eb680)
      RTTI typeinfo:   itk::ImportImageContainer<unsigned long, double>
      Reference Count: 1
      Modified Time: 1186
      Debug: Off
      Object Name: 
      Observers: 
        none
      Pointer: 0x150a6d8bb010
      Container manages memory: true
      Size: 8530021
      Capacity: 8530021

     Moving image = Image (0x49e7b20)
  RTTI typeinfo:   itk::Image<double, 3u>
  Reference Count: 2
  Modified Time: 1579
  Debug: Off
  Object Name: 
  Observers: 
    none
  Source: (none)
  Source output name: (none)
  Release Data: Off
  Data Released: False
  Global Release Data: Off
  PipelineMTime: 0
  UpdateMTime: 1576
  RealTimeStamp: 0 seconds 
  LargestPossibleRegion: 
    Dimension: 3
    Index: [0, 0, 0]
    Size: [160, 240, 256]
  BufferedRegion: 
    Dimension: 3
    Index: [0, 0, 0]
    Size: [160, 240, 256]
  RequestedRegion: 
    Dimension: 3
    Index: [0, 0, 0]
    Size: [160, 240, 256]
  Spacing: [1, 1, 1]
  Origin: [98.5, 87.5, -118]
  Direction: 
-0.992188 -0.101074 -0.0522461
0.101074 -0.992188 0.00531006
-0.0527344 0 1

  IndexToPointMatrix: 
-0.992188 -0.101074 -0.0522461
0.101074 -0.992188 0.00531006
-0.0527344 0 1

  PointToIndexMatrix: 
-1.00781 0.103027 -0.0537109
-0.103027 -1 -0.00273132
-0.0532227 0.00271606 1

  Inverse Direction: 
-1.00781 0.103027 -0.0537109
-0.103027 -1 -0.00273132
-0.0532227 0.00271606 1

  PixelContainer: 
    ImportImageContainer (0x4a50d50)
      RTTI typeinfo:   itk::ImportImageContainer<unsigned long, double>
      Reference Count: 1
      Modified Time: 1573
      Debug: Off
      Object Name: 
      Observers: 
        none
      Pointer: 0x150a68dba010
      Container manages memory: true
      Size: 9830400
      Capacity: 9830400

     Weighting = 1
     Sampling strategy = regular
     Number of bins = 32
     Radius = 4
     Sampling percentage  = 0.25
   Transform = Rigid
     Gradient step = 0.1
     Update field sigma (voxel space) = 0
     Total field sigma (voxel space) = 0
     Update field time sigma = 0
     Total field time sigma  = 0
     Number of time indices = 0
     Number of time point samples = 0
Registration using 1 total stages.

Stage 0
  iterations = 1000x500x250x100
  convergence threshold = 1e-06
  convergence window size = 10
  number of levels = 4
  using the Mattes MI metric (number of bins = 32, weight = 1, use gradient filter = 0)
  preprocessing:  winsorizing the image intensities
  Shrink factors (level 1 out of 4): [8, 8, 8]
  Shrink factors (level 2 out of 4): [4, 4, 4]
  Shrink factors (level 3 out of 4): [2, 2, 2]
  Shrink factors (level 4 out of 4): [1, 1, 1]
  smoothing sigmas per level: [3, 2, 1, 0]
  regular sampling (percentage = 0.25)

*** Running Euler3DTransform registration ***

DIAGNOSTIC,Iteration,metricValue,convergenceValue,ITERATION_TIME_INDEX,SINCE_LAST
 2DIAGNOSTIC,     1, -5.341064184466e-01, 1.797693134862e+308, 0.0000e+00, 0.0000e+00, 
 2DIAGNOSTIC,     2, -5.341543457368e-01, 1.797693134862e+308, 0.0000e+00, 0.0000e+00, 
 2DIAGNOSTIC,     3, -5.339542036566e-01, 1.797693134862e+308, 0.0000e+00, 0.0000e+00, 
 2DIAGNOSTIC,     4, -5.335218109301e-01, 1.797693134862e+308, 0.0000e+00, 0.0000e+00, 
 2DIAGNOSTIC,     5, -5.335087737771e-01, 1.797693134862e+308, 0.0000e+00, 0.0000e+00, 
 2DIAGNOSTIC,     6, -5.334561155351e-01, 1.797693134862e+308, 0.0000e+00, 0.0000e+00, 
 2DIAGNOSTIC,     7, -5.334561150065e-01, 1.797693134862e+308, 0.0000e+00, 0.0000e+00, 
 2DIAGNOSTIC,     8, -5.334240431476e-01, 1.797693134862e+308, 0.0000e+00, 0.0000e+00, 
 2DIAGNOSTIC,     9, -5.334240429740e-01, 1.797693134862e+308, 0.0000e+00, 0.0000e+00, 
DIAGNOSTIC,Iteration,metricValue,convergenceValue,ITERATION_TIME_INDEX,SINCE_LAST
 2DIAGNOSTIC,     1, -4.288514134988e-01, 1.797693134862e+308, 0.0000e+00, 0.0000e+00, 
 2DIAGNOSTIC,     2, -4.291127402036e-01, 1.797693134862e+308, 0.0000e+00, 0.0000e+00, 
 2DIAGNOSTIC,     3, -4.291256050616e-01, 1.797693134862e+308, 0.0000e+00, 0.0000e+00, 
 2DIAGNOSTIC,     4, -4.292340070947e-01, 1.797693134862e+308, 0.0000e+00, 0.0000e+00, 
 2DIAGNOSTIC,     5, -4.293270455343e-01, 1.797693134862e+308, 0.0000e+00, 0.0000e+00, 
 2DIAGNOSTIC,     6, -4.303514565755e-01, 1.797693134862e+308, 0.0000e+00, 0.0000e+00, 
 2DIAGNOSTIC,     7, -4.315765255545e-01, 1.797693134862e+308, 0.0000e+00, 0.0000e+00, 
 2DIAGNOSTIC,     8, -4.324348122602e-01, 1.797693134862e+308, 0.0000e+00, 0.0000e+00, 
 2DIAGNOSTIC,     9, -4.326379762595e-01, 1.797693134862e+308, 0.0000e+00, 0.0000e+00, 
 2DIAGNOSTIC,    10, -4.326422015183e-01, 6.895762586118e-04, 0.0000e+00, 0.0000e+00, 
 2DIAGNOSTIC,    11, -4.326292982608e-01, 6.371030625926e-04, 0.0000e+00, 0.0000e+00, 
 2DIAGNOSTIC,    12, -4.324728573404e-01, 5.409129143468e-04, 0.0000e+00, 0.0000e+00, 
 2DIAGNOSTIC,    13, -4.330795242174e-01, 4.421088056290e-04, 0.0000e+00, 0.0000e+00, 
 2DIAGNOSTIC,    14, -4.335315172883e-01, 3.438063910156e-04, 0.0000e+00, 0.0000e+00, 
 2DIAGNOSTIC,    15, -4.343743374167e-01, 2.678494793772e-04, 0.0000e+00, 0.0000e+00, 
 2DIAGNOSTIC,    16, -4.345252892349e-01, 2.240847772609e-04, 0.0000e+00, 0.0000e+00, 
 2DIAGNOSTIC,    17, -4.351902575289e-01, 2.375122832537e-04, 0.0000e+00, 0.0000e+00, 
 2DIAGNOSTIC,    18, -4.353558069686e-01, 2.642801369087e-04, 0.0000e+00, 0.0000e+00, 
 2DIAGNOSTIC,    19, -4.353438463709e-01, 2.698594463446e-04, 0.0000e+00, 0.0000e+00, 
 2DIAGNOSTIC,    20, -4.353438459410e-01, 2.502620708885e-04, 0.0000e+00, 0.0000e+00, 
 2DIAGNOSTIC,    21, -4.353438475929e-01, 2.091091954104e-04, 0.0000e+00, 0.0000e+00, 
 2DIAGNOSTIC,    22, -4.353438475929e-01, 1.473277590129e-04, 0.0000e+00, 0.0000e+00, 
 2DIAGNOSTIC,    23, -4.353297332910e-01, 9.384578537364e-05, 0.0000e+00, 0.0000e+00, 
 2DIAGNOSTIC,    24, -4.353296998102e-01, 4.813012560045e-05, 0.0000e+00, 0.0000e+00, 
 2DIAGNOSTIC,    25, -4.353274199355e-01, 2.375523439097e-05, 0.0000e+00, 0.0000e+00, 
 2DIAGNOSTIC,    26, -4.353274207309e-01, 2.414954335610e-06, 0.0000e+00, 0.0000e+00, 
DIAGNOSTIC,Iteration,metricValue,convergenceValue,ITERATION_TIME_INDEX,SINCE_LAST
 2DIAGNOSTIC,     1, -3.876143221822e-01, 1.797693134862e+308, 0.0000e+00, 0.0000e+00, 
 2DIAGNOSTIC,     2, -3.876378311328e-01, 1.797693134862e+308, 0.0000e+00, 0.0000e+00, 
 2DIAGNOSTIC,     3, -3.876582792003e-01, 1.797693134862e+308, 0.0000e+00, 0.0000e+00, 
 2DIAGNOSTIC,     4, -3.876591425717e-01, 1.797693134862e+308, 0.0000e+00, 0.0000e+00, 
 2DIAGNOSTIC,     5, -3.876951453353e-01, 1.797693134862e+308, 0.0000e+00, 0.0000e+00, 
 2DIAGNOSTIC,     6, -3.877043602905e-01, 1.797693134862e+308, 0.0000e+00, 0.0000e+00, 
 2DIAGNOSTIC,     7, -3.879270215351e-01, 1.797693134862e+308, 0.0000e+00, 0.0000e+00, 
 2DIAGNOSTIC,     8, -3.883076582245e-01, 1.797693134862e+308, 0.0000e+00, 0.0000e+00, 
 2DIAGNOSTIC,     9, -3.888342046342e-01, 1.797693134862e+308, 0.0000e+00, 0.0000e+00, 
 2DIAGNOSTIC,    10, -3.891172531563e-01, 2.291315037227e-04, 0.0000e+00, 0.0000e+00, 
 2DIAGNOSTIC,    11, -3.896364620731e-01, 2.939885792994e-04, 0.0000e+00, 0.0000e+00, 
 2DIAGNOSTIC,    12, -3.923209334201e-01, 4.859020798452e-04, 0.0000e+00, 0.0000e+00, 
 2DIAGNOSTIC,    13, -3.934365913041e-01, 6.638204982564e-04, 0.0000e+00, 0.0000e+00, 
 2DIAGNOSTIC,    14, -3.930985216597e-01, 7.381631031749e-04, 0.0000e+00, 0.0000e+00, 
 2DIAGNOSTIC,    15, -3.939025909233e-01, 7.791051620691e-04, 0.0000e+00, 0.0000e+00, 
 2DIAGNOSTIC,    16, -3.948725331390e-01, 7.868040786772e-04, 0.0000e+00, 0.0000e+00, 
 2DIAGNOSTIC,    17, -3.974453482326e-01, 8.376183964770e-04, 0.0000e+00, 0.0000e+00, 
 2DIAGNOSTIC,    18, -4.015074469083e-01, 9.810235522187e-04, 0.0000e+00, 0.0000e+00, 
 2DIAGNOSTIC,    19, -4.084164904861e-01, 1.299547016778e-03, 0.0000e+00, 0.0000e+00, 
 2DIAGNOSTIC,    20, -4.190169511927e-01, 1.852335069172e-03, 0.0000e+00, 0.0000e+00, 
 2DIAGNOSTIC,    21, -4.401371771530e-01, 2.902812846746e-03, 0.0000e+00, 0.0000e+00, 
 2DIAGNOSTIC,    22, -4.668818263624e-01, 4.505559771100e-03, 0.0000e+00, 0.0000e+00, 
 2DIAGNOSTIC,    23, -4.819548555193e-01, 6.003057420923e-03, 0.0000e+00, 0.0000e+00, 
 2DIAGNOSTIC,    24, -4.840099202748e-01, 6.845268567660e-03, 0.0000e+00, 0.0000e+00, 
 2DIAGNOSTIC,    25, -4.866603784352e-01, 7.072983118145e-03, 0.0000e+00, 0.0000e+00, 
 2DIAGNOSTIC,    26, -4.865965009590e-01, 6.638453266394e-03, 0.0000e+00, 0.0000e+00, 
 2DIAGNOSTIC,    27, -4.865860043104e-01, 5.676487787167e-03, 0.0000e+00, 0.0000e+00, 
 2DIAGNOSTIC,    28, -4.866222472577e-01, 4.361253303620e-03, 0.0000e+00, 0.0000e+00, 
 2DIAGNOSTIC,    29, -4.866222472577e-01, 2.908691496836e-03, 0.0000e+00, 0.0000e+00, 
 2DIAGNOSTIC,    30, -4.866222472577e-01, 1.530146422518e-03, 0.0000e+00, 0.0000e+00, 
 2DIAGNOSTIC,    31, -4.866222472577e-01, 5.536828969636e-04, 0.0000e+00, 0.0000e+00, 
 2DIAGNOSTIC,    32, -4.866222472577e-01, 1.446263328693e-04, 0.0000e+00, 0.0000e+00, 
 2DIAGNOSTIC,    33, -4.866222472577e-01, 5.255868746407e-05, 0.0000e+00, 0.0000e+00, 
DIAGNOSTIC,Iteration,metricValue,convergenceValue,ITERATION_TIME_INDEX,SINCE_LAST
 2DIAGNOSTIC,     1, -4.474430389998e-01, 1.797693134862e+308, 0.0000e+00, 0.0000e+00, 
 2DIAGNOSTIC,     2, -4.474818537159e-01, 1.797693134862e+308, 0.0000e+00, 0.0000e+00, 
 2DIAGNOSTIC,     3, -4.476213892739e-01, 1.797693134862e+308, 0.0000e+00, 0.0000e+00, 
 2DIAGNOSTIC,     4, -4.476213892739e-01, 1.797693134862e+308, 0.0000e+00, 0.0000e+00, 
 2DIAGNOSTIC,     5, -4.476213892739e-01, 1.797693134862e+308, 0.0000e+00, 0.0000e+00, 
 2DIAGNOSTIC,     6, -4.476213892739e-01, 1.797693134862e+308, 0.0000e+00, 0.0000e+00, 
 2DIAGNOSTIC,     7, -4.476213892739e-01, 1.797693134862e+308, 0.0000e+00, 0.0000e+00, 
 2DIAGNOSTIC,     8, -4.476213892739e-01, 1.797693134862e+308, 0.0000e+00, 0.0000e+00, 
 2DIAGNOSTIC,     9, -4.476213892739e-01, 1.797693134862e+308, 0.0000e+00, 0.0000e+00, 
 2DIAGNOSTIC,    10, -4.476213892739e-01, 1.905434534387e-05, 0.0000e+00, 0.0000e+00, 
 2DIAGNOSTIC,    11, -4.476213892739e-01, 8.044103296856e-06, 0.0000e+00, 0.0000e+00, 
  Elapsed time (stage 0): 0.0000e+00


Total elapsed time: 0.0000e+00
Info [verificarlo]: loaded backend libinterflop_vprec.so
Info [interflop-vprec]: load backend with: 
Info [interflop-vprec]: precision-binary32 = 7
Info [interflop-vprec]: range-binary32 = 8
Info [interflop-vprec]: precision-binary64 = 7
Info [interflop-vprec]: range-binary64 = 8
Info [interflop-vprec]: mode = ob
Info [interflop-vprec]: error-mode = rel
Info [interflop-vprec]: max-abs-error-exponent = -1022
Info [interflop-vprec]: daz = false
Info [interflop-vprec]: ftz = false
Info [interflop-vprec]: 	instrument = none
Info [interflop-vprec]: 	prec-input-file = (null)
Info [interflop-vprec]: 	prec-output-file = (null)
Info [interflop-vprec]: 	prec-log-file = (null)
All_Command_lines_OK
Using double precision for computations.
=============================================================================
The composite transform comprises the following transforms (in order): 
  1. /home/mdugre/scratch/mri-registration-rp/datasets/ds004513/derivatives/mri-registration-rp/0110/antsRegistration-r8-p7/sub-s035/rigid_Composite.h5[0] (type = Euler3DTransform)
  2. /home/mdugre/scratch/mri-registration-rp/datasets/ds004513/derivatives/mri-registration-rp/0110/antsRegistration-r8-p7/sub-s035/rigid_Composite.h5[1] (type = Euler3DTransform)
  3. /home/mdugre/scratch/mri-registration-rp/datasets/ds004513/derivatives/mri-registration-rp/0110/antsRegistration-r8-p7/sub-s035/rigid_Composite.h5[2] (type = Euler3DTransform)
=============================================================================
  number of levels = 4
  fixed image: /templateflow/tpl-MNI152NLin2009cAsym/tpl-MNI152NLin2009cAsym_res-01_desc-brain_T1w.nii.gz
  moving image: /home/mdugre/scratch/mri-registration-rp/datasets/ds004513/derivatives/mri-registration-rp/antsBrainExtraction/sub-s035/BrainExtractionBrain.nii.gz
Dimension = 3
Number of stages = 1
Use histogram matching = false
Winsorize image intensities = true
  Lower quantile = 0.005
  Upper quantile = 0.995


Stage 1 State
   Image metric = MattesMI
     Fixed image = Image (0x4cb91e0)
  RTTI typeinfo:   itk::Image<double, 3u>
  Reference Count: 2
  Modified Time: 1592
  Debug: Off
  Object Name: 
  Observers: 
    none
  Source: (none)
  Source output name: (none)
  Release Data: Off
  Data Released: False
  Global Release Data: Off
  PipelineMTime: 0
  UpdateMTime: 1203
  RealTimeStamp: 0 seconds 
  LargestPossibleRegion: 
    Dimension: 3
    Index: [0, 0, 0]
    Size: [193, 229, 193]
  BufferedRegion: 
    Dimension: 3
    Index: [0, 0, 0]
    Size: [193, 229, 193]
  RequestedRegion: 
    Dimension: 3
    Index: [0, 0, 0]
    Size: [193, 229, 193]
  Spacing: [1, 1, 1]
  Origin: [96, 132, -78]
  Direction: 
-1 0 0
0 -1 0
0 0 1

  IndexToPointMatrix: 
-1 0 0
0 -1 0
0 0 1

  PointToIndexMatrix: 
-1 0 0
0 -1 0
0 0 1

  Inverse Direction: 
-1 0 0
0 -1 0
0 0 1

  PixelContainer: 
    ImportImageContainer (0x4d87440)
      RTTI typeinfo:   itk::ImportImageContainer<unsigned long, double>
      Reference Count: 1
      Modified Time: 1200
      Debug: Off
      Object Name: 
      Observers: 
        none
      Pointer: 0x1506236f0010
      Container manages memory: true
      Size: 8530021
      Capacity: 8530021

     Moving image = Image (0x4d749b0)
  RTTI typeinfo:   itk::Image<double, 3u>
  Reference Count: 2
  Modified Time: 1593
  Debug: Off
  Object Name: 
  Observers: 
    none
  Source: (none)
  Source output name: (none)
  Release Data: Off
  Data Released: False
  Global Release Data: Off
  PipelineMTime: 0
  UpdateMTime: 1590
  RealTimeStamp: 0 seconds 
  LargestPossibleRegion: 
    Dimension: 3
    Index: [0, 0, 0]
    Size: [160, 240, 256]
  BufferedRegion: 
    Dimension: 3
    Index: [0, 0, 0]
    Size: [160, 240, 256]
  RequestedRegion: 
    Dimension: 3
    Index: [0, 0, 0]
    Size: [160, 240, 256]
  Spacing: [1, 1, 1]
  Origin: [98.5, 87.5, -118]
  Direction: 
-0.992188 -0.101074 -0.0522461
0.101074 -0.992188 0.00531006
-0.0527344 0 1

  IndexToPointMatrix: 
-0.992188 -0.101074 -0.0522461
0.101074 -0.992188 0.00531006
-0.0527344 0 1

  PointToIndexMatrix: 
-1.00781 0.103027 -0.0537109
-0.103027 -1 -0.00273132
-0.0532227 0.00271606 1

  Inverse Direction: 
-1.00781 0.103027 -0.0537109
-0.103027 -1 -0.00273132
-0.0532227 0.00271606 1

  PixelContainer: 
    ImportImageContainer (0x4d2a710)
      RTTI typeinfo:   itk::ImportImageContainer<unsigned long, double>
      Reference Count: 1
      Modified Time: 1587
      Debug: Off
      Object Name: 
      Observers: 
        none
      Pointer: 0x15061ebef010
      Container manages memory: true
      Size: 9830400
      Capacity: 9830400

     Weighting = 1
     Sampling strategy = regular
     Number of bins = 32
     Radius = 4
     Sampling percentage  = 0.25
   Transform = Affine
     Gradient step = 0.1
     Update field sigma (voxel space) = 0
     Total field sigma (voxel space) = 0
     Update field time sigma = 0
     Total field time sigma  = 0
     Number of time indices = 0
     Number of time point samples = 0
Registration using 1 total stages.

Stage 0
  iterations = 1000x500x250x100
  convergence threshold = 1e-06
  convergence window size = 10
  number of levels = 4
  using the Mattes MI metric (number of bins = 32, weight = 1, use gradient filter = 0)
  preprocessing:  winsorizing the image intensities
  Shrink factors (level 1 out of 4): [8, 8, 8]
  Shrink factors (level 2 out of 4): [4, 4, 4]
  Shrink factors (level 3 out of 4): [2, 2, 2]
  Shrink factors (level 4 out of 4): [1, 1, 1]
  smoothing sigmas per level: [3, 2, 1, 0]
  regular sampling (percentage = 0.25)

*** Running AffineTransform registration ***

DIAGNOSTIC,Iteration,metricValue,convergenceValue,ITERATION_TIME_INDEX,SINCE_LAST
 2DIAGNOSTIC,     1, -6.637429213679e-01, 1.797693134862e+308, 0.0000e+00, 0.0000e+00, 
 2DIAGNOSTIC,     2, -6.637429213679e-01, 1.797693134862e+308, 0.0000e+00, 0.0000e+00, 
 2DIAGNOSTIC,     3, -6.637429213679e-01, 1.797693134862e+308, 0.0000e+00, 0.0000e+00, 
 2DIAGNOSTIC,     4, -6.637522902087e-01, 1.797693134862e+308, 0.0000e+00, 0.0000e+00, 
 2DIAGNOSTIC,     5, -6.637550283816e-01, 1.797693134862e+308, 0.0000e+00, 0.0000e+00, 
 2DIAGNOSTIC,     6, -6.680637763745e-01, 1.797693134862e+308, 0.0000e+00, 0.0000e+00, 
 2DIAGNOSTIC,     7, -6.720921053004e-01, 1.797693134862e+308, 0.0000e+00, 0.0000e+00, 
 2DIAGNOSTIC,     8, -6.773305818905e-01, 1.797693134862e+308, 0.0000e+00, 0.0000e+00, 
 2DIAGNOSTIC,     9, -6.842720727415e-01, 1.797693134862e+308, 0.0000e+00, 0.0000e+00, 
 2DIAGNOSTIC,    10, -6.876122083001e-01, 2.368206756023e-03, 0.0000e+00, 0.0000e+00, 
 2DIAGNOSTIC,    11, -6.916912415688e-01, 2.694117100188e-03, 0.0000e+00, 0.0000e+00, 
 2DIAGNOSTIC,    12, -6.955605306361e-01, 2.855338482056e-03, 0.0000e+00, 0.0000e+00, 
 2DIAGNOSTIC,    13, -6.988879294135e-01, 2.838092750132e-03, 0.0000e+00, 0.0000e+00, 
 2DIAGNOSTIC,    14, -7.026902490666e-01, 2.678930899870e-03, 0.0000e+00, 0.0000e+00, 
 2DIAGNOSTIC,    15, -7.026506146452e-01, 2.293930263616e-03, 0.0000e+00, 0.0000e+00, 
 2DIAGNOSTIC,    16, -7.026506047539e-01, 1.862566043579e-03, 0.0000e+00, 0.0000e+00, 
 2DIAGNOSTIC,    17, -7.026652596959e-01, 1.410120560613e-03, 0.0000e+00, 0.0000e+00, 
 2DIAGNOSTIC,    18, -7.026809237083e-01, 9.964070182128e-04, 0.0000e+00, 0.0000e+00, 
 2DIAGNOSTIC,    19, -7.027952099774e-01, 6.880444405354e-04, 0.0000e+00, 0.0000e+00, 
 2DIAGNOSTIC,    20, -7.027216773833e-01, 4.142016170444e-04, 0.0000e+00, 0.0000e+00, 
 2DIAGNOSTIC,    21, -7.027221127716e-01, 2.088458015067e-04, 0.0000e+00, 0.0000e+00, 
 2DIAGNOSTIC,    22, -7.027351453183e-01, 7.500454628044e-05, 0.0000e+00, 0.0000e+00, 
 2DIAGNOSTIC,    23, -7.026454326565e-01, 2.230191106213e-06, 0.0000e+00, 0.0000e+00, 
DIAGNOSTIC,Iteration,metricValue,convergenceValue,ITERATION_TIME_INDEX,SINCE_LAST
 2DIAGNOSTIC,     1, -5.779170644502e-01, 1.797693134862e+308, 0.0000e+00, 0.0000e+00, 
 2DIAGNOSTIC,     2, -5.779023966558e-01, 1.797693134862e+308, 0.0000e+00, 0.0000e+00, 
 2DIAGNOSTIC,     3, -5.779320232705e-01, 1.797693134862e+308, 0.0000e+00, 0.0000e+00, 
 2DIAGNOSTIC,     4, -5.780056559351e-01, 1.797693134862e+308, 0.0000e+00, 0.0000e+00, 
 2DIAGNOSTIC,     5, -5.779662820994e-01, 1.797693134862e+308, 0.0000e+00, 0.0000e+00, 
 2DIAGNOSTIC,     6, -5.779589108379e-01, 1.797693134862e+308, 0.0000e+00, 0.0000e+00, 
 2DIAGNOSTIC,     7, -5.779602965837e-01, 1.797693134862e+308, 0.0000e+00, 0.0000e+00, 
 2DIAGNOSTIC,     8, -5.779561304141e-01, 1.797693134862e+308, 0.0000e+00, 0.0000e+00, 
 2DIAGNOSTIC,     9, -5.779539965522e-01, 1.797693134862e+308, 0.0000e+00, 0.0000e+00, 
 2DIAGNOSTIC,    10, -5.779450851521e-01, 3.324037495658e-06, 0.0000e+00, 0.0000e+00, 
DIAGNOSTIC,Iteration,metricValue,convergenceValue,ITERATION_TIME_INDEX,SINCE_LAST
 2DIAGNOSTIC,     1, -5.059539951050e-01, 1.797693134862e+308, 0.0000e+00, 0.0000e+00, 
 2DIAGNOSTIC,     2, -5.059417325754e-01, 1.797693134862e+308, 0.0000e+00, 0.0000e+00, 
 2DIAGNOSTIC,     3, -5.059363385292e-01, 1.797693134862e+308, 0.0000e+00, 0.0000e+00, 
 2DIAGNOSTIC,     4, -5.059359932209e-01, 1.797693134862e+308, 0.0000e+00, 0.0000e+00, 
 2DIAGNOSTIC,     5, -5.059360936984e-01, 1.797693134862e+308, 0.0000e+00, 0.0000e+00, 
 2DIAGNOSTIC,     6, -5.059360692863e-01, 1.797693134862e+308, 0.0000e+00, 0.0000e+00, 
 2DIAGNOSTIC,     7, -5.059357445441e-01, 1.797693134862e+308, 0.0000e+00, 0.0000e+00, 
 2DIAGNOSTIC,     8, -5.059356104469e-01, 1.797693134862e+308, 0.0000e+00, 0.0000e+00, 
 2DIAGNOSTIC,     9, -5.059357623832e-01, 1.797693134862e+308, 0.0000e+00, 0.0000e+00, 
DIAGNOSTIC,Iteration,metricValue,convergenceValue,ITERATION_TIME_INDEX,SINCE_LAST
 2DIAGNOSTIC,     1, -4.646668324377e-01, 1.797693134862e+308, 0.0000e+00, 0.0000e+00, 
 2DIAGNOSTIC,     2, -4.646708321223e-01, 1.797693134862e+308, 0.0000e+00, 0.0000e+00, 
 2DIAGNOSTIC,     3, -4.646691745509e-01, 1.797693134862e+308, 0.0000e+00, 0.0000e+00, 
 2DIAGNOSTIC,     4, -4.646664739192e-01, 1.797693134862e+308, 0.0000e+00, 0.0000e+00, 
 2DIAGNOSTIC,     5, -4.646659995604e-01, 1.797693134862e+308, 0.0000e+00, 0.0000e+00, 
 2DIAGNOSTIC,     6, -4.646660798935e-01, 1.797693134862e+308, 0.0000e+00, 0.0000e+00, 
 2DIAGNOSTIC,     7, -4.646679983640e-01, 1.797693134862e+308, 0.0000e+00, 0.0000e+00, 
 2DIAGNOSTIC,     8, -4.646663982890e-01, 1.797693134862e+308, 0.0000e+00, 0.0000e+00, 
 2DIAGNOSTIC,     9, -4.646663741894e-01, 1.797693134862e+308, 0.0000e+00, 0.0000e+00, 
  Elapsed time (stage 0): 0.0000e+00


Total elapsed time: 0.0000e+00
Info [verificarlo]: loaded backend libinterflop_ieee.so
Info [interflop-ieee]: load backend with:
Info [interflop-ieee]: debug = false
Info [interflop-ieee]: debug-binary = false
Info [interflop-ieee]: no-backend-name = false
Info [interflop-ieee]: print-new-line = false
Info [interflop-ieee]: print-subnormal-normalized = false
Info [interflop-ieee]: count-op = false
All_Command_lines_OK
Using double precision for computations.
=============================================================================
The composite transform comprises the following transforms (in order): 
  1. /home/mdugre/scratch/mri-registration-rp/datasets/ds004513/derivatives/mri-registration-rp/0110/antsRegistration-r8-p7/sub-s035/affine_Composite.h5[0] (type = Euler3DTransform)
  2. /home/mdugre/scratch/mri-registration-rp/datasets/ds004513/derivatives/mri-registration-rp/0110/antsRegistration-r8-p7/sub-s035/affine_Composite.h5[1] (type = Euler3DTransform)
  3. /home/mdugre/scratch/mri-registration-rp/datasets/ds004513/derivatives/mri-registration-rp/0110/antsRegistration-r8-p7/sub-s035/affine_Composite.h5[2] (type = Euler3DTransform)
  4. /home/mdugre/scratch/mri-registration-rp/datasets/ds004513/derivatives/mri-registration-rp/0110/antsRegistration-r8-p7/sub-s035/affine_Composite.h5[3] (type = AffineTransform)
=============================================================================
  number of levels = 4
  fixed image: /templateflow/tpl-MNI152NLin2009cAsym/tpl-MNI152NLin2009cAsym_res-01_desc-brain_T1w.nii.gz
  moving image: /home/mdugre/scratch/mri-registration-rp/datasets/ds004513/derivatives/mri-registration-rp/antsBrainExtraction/sub-s035/BrainExtractionBrain.nii.gz
Dimension = 3
Number of stages = 1
Use histogram matching = false
Winsorize image intensities = true
  Lower quantile = 0.005
  Upper quantile = 0.995


Stage 1 State
   Image metric = CC
     Fixed image = Image (0x441fa40)
  RTTI typeinfo:   itk::Image<double, 3u>
  Reference Count: 2
  Modified Time: 1606
  Debug: Off
  Object Name: 
  Observers: 
    none
  Source: (none)
  Source output name: (none)
  Release Data: Off
  Data Released: False
  Global Release Data: Off
  PipelineMTime: 0
  UpdateMTime: 1217
  RealTimeStamp: 0 seconds 
  LargestPossibleRegion: 
    Dimension: 3
    Index: [0, 0, 0]
    Size: [193, 229, 193]
  BufferedRegion: 
    Dimension: 3
    Index: [0, 0, 0]
    Size: [193, 229, 193]
  RequestedRegion: 
    Dimension: 3
    Index: [0, 0, 0]
    Size: [193, 229, 193]
  Spacing: [1, 1, 1]
  Origin: [96, 132, -78]
  Direction: 
-1 0 0
0 -1 0
0 0 1

  IndexToPointMatrix: 
-1 0 0
0 -1 0
0 0 1

  PointToIndexMatrix: 
-1 0 0
0 -1 0
0 0 1

  Inverse Direction: 
-1 0 0
0 -1 0
0 0 1

  PixelContainer: 
    ImportImageContainer (0x44f7450)
      RTTI typeinfo:   itk::ImportImageContainer<unsigned long, double>
      Reference Count: 1
      Modified Time: 1214
      Debug: Off
      Object Name: 
      Observers: 
        none
      Pointer: 0x14d92b412010
      Container manages memory: true
      Size: 8530021
      Capacity: 8530021

     Moving image = Image (0x44f6a30)
  RTTI typeinfo:   itk::Image<double, 3u>
  Reference Count: 2
  Modified Time: 1607
  Debug: Off
  Object Name: 
  Observers: 
    none
  Source: (none)
  Source output name: (none)
  Release Data: Off
  Data Released: False
  Global Release Data: Off
  PipelineMTime: 0
  UpdateMTime: 1604
  RealTimeStamp: 0 seconds 
  LargestPossibleRegion: 
    Dimension: 3
    Index: [0, 0, 0]
    Size: [160, 240, 256]
  BufferedRegion: 
    Dimension: 3
    Index: [0, 0, 0]
    Size: [160, 240, 256]
  RequestedRegion: 
    Dimension: 3
    Index: [0, 0, 0]
    Size: [160, 240, 256]
  Spacing: [1, 1, 1]
  Origin: [98.6438, 87.6358, -117.989]
  Direction: 
-0.993515 -0.100993 -0.0522355
0.100854 -0.994887 0.00530255
-0.0525039 1.93537e-08 0.998621

  IndexToPointMatrix: 
-0.993515 -0.100993 -0.0522355
0.100854 -0.994887 0.00530255
-0.0525039 1.93537e-08 0.998621

  PointToIndexMatrix: 
-0.993515 0.100854 -0.0525039
-0.100993 -0.994887 1.93006e-08
-0.0522355 0.00530255 0.998621

  Inverse Direction: 
-0.993515 0.100854 -0.0525039
-0.100993 -0.994887 1.93006e-08
-0.0522355 0.00530255 0.998621

  PixelContainer: 
    ImportImageContainer (0x442c1c0)
      RTTI typeinfo:   itk::ImportImageContainer<unsigned long, double>
      Reference Count: 1
      Modified Time: 1601
      Debug: Off
      Object Name: 
      Observers: 
        none
      Pointer: 0x14d926911010
      Container manages memory: true
      Size: 9830400
      Capacity: 9830400

     Weighting = 1
     Sampling strategy = none
     Number of bins = 32
     Radius = 4
     Sampling percentage  = 1
   Transform = SyN
     Gradient step = 0.1
     Update field sigma (voxel space) = 3
     Total field sigma (voxel space) = 0
     Update field time sigma = 0
     Total field time sigma  = 0
     Number of time indices = 0
     Number of time point samples = 0
Registration using 1 total stages.

Stage 0
  iterations = 100x70x50x20
  convergence threshold = 1e-06
  convergence window size = 10
  number of levels = 4
  using the CC metric (radius = 4, weight = 1, use gradient filter = 0)
  preprocessing:  winsorizing the image intensities
  Shrink factors (level 1 out of 4): [8, 8, 8]
  Shrink factors (level 2 out of 4): [4, 4, 4]
  Shrink factors (level 3 out of 4): [2, 2, 2]
  Shrink factors (level 4 out of 4): [1, 1, 1]
  smoothing sigmas per level: [3, 2, 1, 0]
  Using default NONE metricSamplingStrategy 

*** Running SyN registration (varianceForUpdateField = 3, varianceForTotalField = 0) ***

XXDIAGNOSTIC,Iteration,metricValue,convergenceValue,ITERATION_TIME_INDEX,SINCE_LAST
 1DIAGNOSTIC,     1, -8.168111548804e-01, 1.797693134862e+308, 1.0318e+00, 1.0318e+00, 
 1DIAGNOSTIC,     2, -8.385873141304e-01, 1.797693134862e+308, 1.3764e+00, 3.4464e-01, 
 1DIAGNOSTIC,     3, -8.581280945475e-01, 1.797693134862e+308, 1.7086e+00, 3.3214e-01, 
 1DIAGNOSTIC,     4, -8.746128713074e-01, 1.797693134862e+308, 2.0417e+00, 3.3312e-01, 
 1DIAGNOSTIC,     5, -8.865537103584e-01, 1.797693134862e+308, 2.3746e+00, 3.3293e-01, 
 1DIAGNOSTIC,     6, -8.968854793996e-01, 1.797693134862e+308, 2.7096e+00, 3.3494e-01, 
 1DIAGNOSTIC,     7, -9.052324810686e-01, 1.797693134862e+308, 3.0410e+00, 3.3141e-01, 
 1DIAGNOSTIC,     8, -9.114832717272e-01, 1.797693134862e+308, 3.3800e+00, 3.3905e-01, 
 1DIAGNOSTIC,     9, -9.160820277195e-01, 1.797693134862e+308, 3.7106e+00, 3.3060e-01, 
 1DIAGNOSTIC,    10, -9.195670154218e-01, 7.215385932977e-03, 4.0447e+00, 3.3408e-01, 
 1DIAGNOSTIC,    11, -9.223417561426e-01, 5.239079038326e-03, 4.3778e+00, 3.3312e-01, 
 1DIAGNOSTIC,    12, -9.246969591811e-01, 3.769763682830e-03, 4.7028e+00, 3.2494e-01, 
 1DIAGNOSTIC,    13, -9.266526071104e-01, 2.714973924509e-03, 5.0425e+00, 3.3972e-01, 
 1DIAGNOSTIC,    14, -9.283547763758e-01, 1.978977136137e-03, 5.3733e+00, 3.3084e-01, 
 1DIAGNOSTIC,    15, -9.298848108045e-01, 1.445412058380e-03, 5.7061e+00, 3.3278e-01, 
 1DIAGNOSTIC,    16, -9.312994800374e-01, 1.077794748281e-03, 6.0476e+00, 3.4154e-01, 
 1DIAGNOSTIC,    17, -9.324784128960e-01, 8.305203179812e-04, 6.3753e+00, 3.2765e-01, 
 1DIAGNOSTIC,    18, -9.335979153841e-01, 6.625854387544e-04, 6.7609e+00, 3.8563e-01, 
 1DIAGNOSTIC,    19, -9.345237598399e-01, 5.420320711902e-04, 7.1044e+00, 3.4349e-01, 
 1DIAGNOSTIC,    20, -9.355738526317e-01, 4.540901280432e-04, 7.4464e+00, 3.4195e-01, 
 1DIAGNOSTIC,    21, -9.364403035078e-01, 3.862192694949e-04, 7.8081e+00, 3.6172e-01, 
 1DIAGNOSTIC,    22, -9.372914224388e-01, 3.338724474338e-04, 8.1599e+00, 3.5185e-01, 
 1DIAGNOSTIC,    23, -9.381291857625e-01, 2.926491766255e-04, 8.5322e+00, 3.7227e-01, 
 1DIAGNOSTIC,    24, -9.389480093755e-01, 2.600414455795e-04, 8.8611e+00, 3.2893e-01, 
 1DIAGNOSTIC,    25, -9.397610519297e-01, 2.346397089077e-04, 9.2107e+00, 3.4956e-01, 
 1DIAGNOSTIC,    26, -9.405647181052e-01, 2.155423983342e-04, 9.5408e+00, 3.3009e-01, 
 1DIAGNOSTIC,    27, -9.413625506040e-01, 2.002000870907e-04, 9.8730e+00, 3.3220e-01, 
 1DIAGNOSTIC,    28, -9.421612668330e-01, 1.882715475779e-04, 1.0215e+01, 3.4173e-01, 
 1DIAGNOSTIC,    29, -9.429617890582e-01, 1.777119741284e-04, 1.0559e+01, 3.4418e-01, 
 1DIAGNOSTIC,    30, -9.437582175919e-01, 1.700398800329e-04, 1.0893e+01, 3.3398e-01, 
 1DIAGNOSTIC,    31, -9.445435137056e-01, 1.631770075771e-04, 1.1225e+01, 3.3209e-01, 
 1DIAGNOSTIC,    32, -9.454534179408e-01, 1.582215170539e-04, 1.1585e+01, 3.5988e-01, 
 1DIAGNOSTIC,    33, -9.461896061531e-01, 1.531858613617e-04, 1.1928e+01, 3.4286e-01, 
 1DIAGNOSTIC,    34, -9.469939311861e-01, 1.485904559981e-04, 1.2274e+01, 3.4648e-01, 
 1DIAGNOSTIC,    35, -9.476653380649e-01, 1.431569522335e-04, 1.2610e+01, 3.3581e-01, 
 1DIAGNOSTIC,    36, -9.483735583726e-01, 1.373084874927e-04, 1.2945e+01, 3.3474e-01, 
 1DIAGNOSTIC,    37, -9.489455441861e-01, 1.300405989839e-04, 1.3303e+01, 3.5865e-01, 
 1DIAGNOSTIC,    38, -9.494537748741e-01, 1.213217579124e-04, 1.3640e+01, 3.3611e-01, 
 1DIAGNOSTIC,    39, -9.499209000088e-01, 1.114748265924e-04, 1.3970e+01, 3.3048e-01, 
 1DIAGNOSTIC,    40, -9.503532917128e-01, 1.009152657213e-04, 1.4309e+01, 3.3853e-01, 
 1DIAGNOSTIC,    41, -9.507614981133e-01, 9.013133828598e-05, 1.4639e+01, 3.3029e-01, 
 1DIAGNOSTIC,    42, -9.511717990419e-01, 8.089446968975e-05, 1.4969e+01, 3.3009e-01, 
 1DIAGNOSTIC,    43, -9.514717847321e-01, 7.172538282702e-05, 1.5299e+01, 3.3047e-01, 
 1DIAGNOSTIC,    44, -9.517215555014e-01, 6.347692117345e-05, 1.5639e+01, 3.3971e-01, 
 1DIAGNOSTIC,    45, -9.519265109909e-01, 5.548647385850e-05, 1.5974e+01, 3.3538e-01, 
 1DIAGNOSTIC,    46, -9.520917854420e-01, 4.835617409886e-05, 1.6303e+01, 3.2818e-01, 
 1DIAGNOSTIC,    47, -9.522259846581e-01, 4.151136394730e-05, 1.6665e+01, 3.6228e-01, 
 1DIAGNOSTIC,    48, -9.523285222986e-01, 3.489364171141e-05, 1.7010e+01, 3.4532e-01, 
 1DIAGNOSTIC,    49, -9.524140388506e-01, 2.868804075772e-05, 1.7359e+01, 3.4829e-01, 
 1DIAGNOSTIC,    50, -9.524808636401e-01, 2.306524840304e-05, 1.7695e+01, 3.3641e-01, 
 1DIAGNOSTIC,    51, -9.525348685619e-01, 1.824271683666e-05, 1.8033e+01, 3.3786e-01, 
 1DIAGNOSTIC,    52, -9.525785252469e-01, 1.455744844753e-05, 1.8360e+01, 3.2696e-01, 
 1DIAGNOSTIC,    53, -9.525933531928e-01, 1.146650900628e-05, 1.8694e+01, 3.3463e-01, 
 1DIAGNOSTIC,    54, -9.526159866287e-01, 8.973503550912e-06, 1.9039e+01, 3.4509e-01, 
 1DIAGNOSTIC,    55, -9.526313780538e-01, 6.974756676516e-06, 1.9370e+01, 3.3030e-01, 
 1DIAGNOSTIC,    56, -9.526398041757e-01, 5.367488076745e-06, 1.9700e+01, 3.3025e-01, 
 1DIAGNOSTIC,    57, -9.526260121710e-01, 3.993261394459e-06, 2.0032e+01, 3.3154e-01, 
 1DIAGNOSTIC,    58, -9.526248510406e-01, 2.867848719421e-06, 2.0378e+01, 3.4689e-01, 
 1DIAGNOSTIC,    59, -9.526201207053e-01, 1.970842087227e-06, 2.0712e+01, 3.3337e-01, 
 1DIAGNOSTIC,    60, -9.526128911829e-01, 1.263523068808e-06, 2.1040e+01, 3.2830e-01, 
 1DIAGNOSTIC,    61, -9.526048165954e-01, 7.357425722242e-07, 2.1389e+01, 3.4869e-01, 
XXDIAGNOSTIC,Iteration,metricValue,convergenceValue,ITERATION_TIME_INDEX,SINCE_LAST
 1DIAGNOSTIC,     1, -8.832040553849e-01, 1.797693134862e+308, 2.4372e+01, 2.9836e+00, 
 1DIAGNOSTIC,     2, -8.857560993111e-01, 1.797693134862e+308, 2.6549e+01, 2.1769e+00, 
 1DIAGNOSTIC,     3, -8.892315824039e-01, 1.797693134862e+308, 2.8836e+01, 2.2863e+00, 
 1DIAGNOSTIC,     4, -8.924551137440e-01, 1.797693134862e+308, 3.1215e+01, 2.3793e+00, 
 1DIAGNOSTIC,     5, -8.954387012624e-01, 1.797693134862e+308, 3.3580e+01, 2.3655e+00, 
 1DIAGNOSTIC,     6, -8.978673302379e-01, 1.797693134862e+308, 3.5774e+01, 2.1932e+00, 
 1DIAGNOSTIC,     7, -8.999722776397e-01, 1.797693134862e+308, 3.7975e+01, 2.2015e+00, 
 1DIAGNOSTIC,     8, -9.018315624337e-01, 1.797693134862e+308, 4.0166e+01, 2.1912e+00, 
 1DIAGNOSTIC,     9, -9.033189754569e-01, 1.797693134862e+308, 4.2374e+01, 2.2081e+00, 
 1DIAGNOSTIC,    10, -9.046630588708e-01, 1.576294848380e-03, 4.4578e+01, 2.2039e+00, 
 1DIAGNOSTIC,    11, -9.059010171675e-01, 1.288111551224e-03, 4.6775e+01, 2.1970e+00, 
 1DIAGNOSTIC,    12, -9.070564362189e-01, 1.029509633301e-03, 4.8966e+01, 2.1902e+00, 
 1DIAGNOSTIC,    13, -9.080839396029e-01, 8.266041974279e-04, 5.1186e+01, 2.2202e+00, 
 1DIAGNOSTIC,    14, -9.089768749472e-01, 6.698926610388e-04, 5.3531e+01, 2.3452e+00, 
 1DIAGNOSTIC,    15, -9.097807189602e-01, 5.522706581804e-04, 5.5875e+01, 2.3440e+00, 
 1DIAGNOSTIC,    16, -9.104835110522e-01, 4.600842077157e-04, 5.8076e+01, 2.2006e+00, 
 1DIAGNOSTIC,    17, -9.110705280312e-01, 3.859661999286e-04, 6.0275e+01, 2.1991e+00, 
 1DIAGNOSTIC,    18, -9.115649291812e-01, 3.254637398100e-04, 6.2475e+01, 2.2000e+00, 
 1DIAGNOSTIC,    19, -9.119919907269e-01, 2.727917437825e-04, 6.4686e+01, 2.2111e+00, 
 1DIAGNOSTIC,    20, -9.123519569420e-01, 2.267583330455e-04, 6.6880e+01, 2.1939e+00, 
 1DIAGNOSTIC,    21, -9.126433039306e-01, 1.868027175749e-04, 6.9087e+01, 2.2075e+00, 
 1DIAGNOSTIC,    22, -9.128715920163e-01, 1.527661299277e-04, 7.1367e+01, 2.2801e+00, 
 1DIAGNOSTIC,    23, -9.130845146649e-01, 1.243368189222e-04, 7.3563e+01, 2.1955e+00, 
 1DIAGNOSTIC,    24, -9.132586131893e-01, 1.005692753161e-04, 7.5952e+01, 2.3896e+00, 
 1DIAGNOSTIC,    25, -9.134179504559e-01, 8.135340429560e-05, 7.8246e+01, 2.2931e+00, 
 1DIAGNOSTIC,    26, -9.135637184242e-01, 6.622953012442e-05, 8.0464e+01, 2.2186e+00, 
 1DIAGNOSTIC,    27, -9.136831847032e-01, 5.423372993926e-05, 8.2686e+01, 2.2218e+00, 
 1DIAGNOSTIC,    28, -9.137921288059e-01, 4.478088413808e-05, 8.4889e+01, 2.2027e+00, 
 1DIAGNOSTIC,    29, -9.138946881260e-01, 3.752264034616e-05, 8.7079e+01, 2.1902e+00, 
 1DIAGNOSTIC,    30, -9.139910794881e-01, 3.202145071828e-05, 8.9370e+01, 2.2915e+00, 
 1DIAGNOSTIC,    31, -9.140817038704e-01, 2.776793056572e-05, 9.1566e+01, 2.1959e+00, 
 1DIAGNOSTIC,    32, -9.141737681209e-01, 2.434733716328e-05, 9.3778e+01, 2.2118e+00, 
 1DIAGNOSTIC,    33, -9.142601198994e-01, 2.173225051875e-05, 9.5985e+01, 2.2065e+00, 
 1DIAGNOSTIC,    34, -9.143526912489e-01, 1.972903521622e-05, 9.8214e+01, 2.2297e+00, 
 1DIAGNOSTIC,    35, -9.144445500014e-01, 1.827392857130e-05, 1.0051e+02, 2.2959e+00, 
 1DIAGNOSTIC,    36, -9.145394538222e-01, 1.731927850966e-05, 1.0271e+02, 2.2013e+00, 
 1DIAGNOSTIC,    37, -9.146337214461e-01, 1.663968770116e-05, 1.0492e+02, 2.2116e+00, 
 1DIAGNOSTIC,    38, -9.147118750395e-01, 1.601471449536e-05, 1.0726e+02, 2.3370e+00, 
 1DIAGNOSTIC,    39, -9.148029289138e-01, 1.551436759928e-05, 1.0951e+02, 2.2498e+00, 
 1DIAGNOSTIC,    40, -9.148933085645e-01, 1.508001947248e-05, 1.1172e+02, 2.2054e+00, 
 1DIAGNOSTIC,    41, -9.149717335570e-01, 1.457466889694e-05, 1.1399e+02, 2.2797e+00, 
 1DIAGNOSTIC,    42, -9.150526475675e-01, 1.405176191052e-05, 1.1639e+02, 2.3981e+00, 
 1DIAGNOSTIC,    43, -9.151277722700e-01, 1.344445069278e-05, 1.1864e+02, 2.2421e+00, 
 1DIAGNOSTIC,    44, -9.151916195013e-01, 1.274843175255e-05, 1.2113e+02, 2.4937e+00, 
 1DIAGNOSTIC,    45, -9.152472625143e-01, 1.194446152767e-05, 1.2350e+02, 2.3670e+00, 
 1DIAGNOSTIC,    46, -9.152913995950e-01, 1.103335920211e-05, 1.2570e+02, 2.2033e+00, 
 1DIAGNOSTIC,    47, -9.153337390131e-01, 1.007252659193e-05, 1.2809e+02, 2.3917e+00, 
 1DIAGNOSTIC,    48, -9.153713104725e-01, 8.994205338144e-06, 1.3063e+02, 2.5408e+00, 
 1DIAGNOSTIC,    49, -9.154075662908e-01, 7.963138838423e-06, 1.3293e+02, 2.2967e+00, 
 1DIAGNOSTIC,    50, -9.154310255744e-01, 6.976259558419e-06, 1.3518e+02, 2.2471e+00, 
 1DIAGNOSTIC,    51, -9.154485218429e-01, 6.001558490339e-06, 1.3737e+02, 2.1914e+00, 
 1DIAGNOSTIC,    52, -9.154603532272e-01, 5.099445310793e-06, 1.3956e+02, 2.1900e+00, 
 1DIAGNOSTIC,    53, -9.154640299130e-01, 4.259104637711e-06, 1.4194e+02, 2.3810e+00, 
 1DIAGNOSTIC,    54, -9.154641776094e-01, 3.464124942589e-06, 1.4414e+02, 2.2027e+00, 
 1DIAGNOSTIC,    55, -9.154666495608e-01, 2.749535657227e-06, 1.4635e+02, 2.2052e+00, 
 1DIAGNOSTIC,    56, -9.154676794184e-01, 2.100818947155e-06, 1.4857e+02, 2.2200e+00, 
 1DIAGNOSTIC,    57, -9.154680393225e-01, 1.558960868456e-06, 1.5076e+02, 2.1969e+00, 
 1DIAGNOSTIC,    58, -9.154658406150e-01, 1.127481543742e-06, 1.5297e+02, 2.2030e+00, 
 1DIAGNOSTIC,    59, -9.154632448237e-01, 8.322877818739e-07, 1.5520e+02, 2.2343e+00, 
XXDIAGNOSTIC,Iteration,metricValue,convergenceValue,ITERATION_TIME_INDEX,SINCE_LAST
 1DIAGNOSTIC,     1, -8.603612315784e-01, 1.797693134862e+308, 1.7428e+02, 1.9075e+01, 
 1DIAGNOSTIC,     2, -8.626556955962e-01, 1.797693134862e+308, 1.9235e+02, 1.8072e+01, 
 1DIAGNOSTIC,     3, -8.651539942242e-01, 1.797693134862e+308, 2.1050e+02, 1.8151e+01, 
 1DIAGNOSTIC,     4, -8.675221916585e-01, 1.797693134862e+308, 2.2885e+02, 1.8349e+01, 
 1DIAGNOSTIC,     5, -8.697138137154e-01, 1.797693134862e+308, 2.4663e+02, 1.7782e+01, 
 1DIAGNOSTIC,     6, -8.716476691901e-01, 1.797693134862e+308, 2.6435e+02, 1.7721e+01, 
 1DIAGNOSTIC,     7, -8.734580491226e-01, 1.797693134862e+308, 2.8331e+02, 1.8965e+01, 
 1DIAGNOSTIC,     8, -8.751744940308e-01, 1.797693134862e+308, 3.0141e+02, 1.8094e+01, 
 1DIAGNOSTIC,     9, -8.768124140894e-01, 1.797693134862e+308, 3.1911e+02, 1.7698e+01, 
 1DIAGNOSTIC,    10, -8.783064157655e-01, 1.324103632999e-03, 3.3710e+02, 1.7992e+01, 
 1DIAGNOSTIC,    11, -8.796092223173e-01, 1.124697674425e-03, 3.5593e+02, 1.8831e+01, 
 1DIAGNOSTIC,    12, -8.805544575309e-01, 9.450677987352e-04, 3.7425e+02, 1.8319e+01, 
 1DIAGNOSTIC,    13, -8.813842402186e-01, 7.906738251678e-04, 3.9494e+02, 2.0692e+01, 
 1DIAGNOSTIC,    14, -8.821448076134e-01, 6.587604821285e-04, 4.1289e+02, 1.7954e+01, 
 1DIAGNOSTIC,    15, -8.828381315390e-01, 5.464128714962e-04, 4.3098e+02, 1.8084e+01, 
 1DIAGNOSTIC,    16, -8.836422810027e-01, 4.532953446481e-04, 4.4918e+02, 1.8201e+01, 
 1DIAGNOSTIC,    17, -8.842308380151e-01, 3.749436074507e-04, 4.6729e+02, 1.8113e+01, 
 1DIAGNOSTIC,    18, -8.849576670781e-01, 3.145565711207e-04, 4.8559e+02, 1.8296e+01, 
 1DIAGNOSTIC,    19, -8.854689837182e-01, 2.677851950841e-04, 5.0366e+02, 1.8072e+01, 
 1DIAGNOSTIC,    20, -8.861232553667e-01, 2.354169614552e-04, 5.2177e+02, 1.8113e+01, 
 1DIAGNOSTIC,    21, -8.865740273270e-01, 2.110807431106e-04, 5.3981e+02, 1.8038e+01, 
 1DIAGNOSTIC,    22, -8.871814522570e-01, 1.920451180031e-04, 5.5766e+02, 1.7854e+01, 
 1DIAGNOSTIC,    23, -8.875927211498e-01, 1.740695784663e-04, 5.7567e+02, 1.8006e+01, 
 1DIAGNOSTIC,    24, -8.879991108026e-01, 1.570034410229e-04, 5.9359e+02, 1.7917e+01, 
 1DIAGNOSTIC,    25, -8.885794813672e-01, 1.429785651429e-04, 6.1147e+02, 1.7879e+01, 
 1DIAGNOSTIC,    26, -8.889553356766e-01, 1.311795394194e-04, 6.2938e+02, 1.7915e+01, 
 1DIAGNOSTIC,    27, -8.893300486895e-01, 1.193804450325e-04, 6.4708e+02, 1.7701e+01, 
 1DIAGNOSTIC,    28, -8.897041742270e-01, 1.099085932077e-04, 6.6502e+02, 1.7941e+01, 
 1DIAGNOSTIC,    29, -8.900721752488e-01, 1.004610150386e-04, 6.8302e+02, 1.7999e+01, 
 1DIAGNOSTIC,    30, -8.904210446990e-01, 9.292586525557e-05, 7.0090e+02, 1.7876e+01, 
 1DIAGNOSTIC,    31, -8.907531879098e-01, 8.517888533375e-05, 7.1905e+02, 1.8148e+01, 
 1DIAGNOSTIC,    32, -8.910660842033e-01, 7.916623766995e-05, 7.3721e+02, 1.8164e+01, 
 1DIAGNOSTIC,    33, -8.913688752760e-01, 7.301863329300e-05, 7.5596e+02, 1.8752e+01, 
 1DIAGNOSTIC,    34, -8.916565504867e-01, 6.684085632833e-05, 7.7408e+02, 1.8117e+01, 
 1DIAGNOSTIC,    35, -8.919318511817e-01, 6.256144388393e-05, 7.9214e+02, 1.8064e+01, 
 1DIAGNOSTIC,    36, -8.921967257988e-01, 5.832411720471e-05, 8.1128e+02, 1.9136e+01, 
 1DIAGNOSTIC,    37, -8.924547743011e-01, 5.429185926050e-05, 8.2925e+02, 1.7972e+01, 
 1DIAGNOSTIC,    38, -8.927045298146e-01, 5.060403528680e-05, 8.4753e+02, 1.8280e+01, 
 1DIAGNOSTIC,    39, -8.929466639158e-01, 4.733725640589e-05, 8.6572e+02, 1.8194e+01, 
 1DIAGNOSTIC,    40, -8.931827497901e-01, 4.444675647120e-05, 8.8371e+02, 1.7983e+01, 
 1DIAGNOSTIC,    41, -8.934126726134e-01, 4.188982578488e-05, 9.0167e+02, 1.7966e+01, 
 1DIAGNOSTIC,    42, -8.936370925601e-01, 3.959299115277e-05, 9.2204e+02, 2.0363e+01, 
 1DIAGNOSTIC,    43, -8.938595206236e-01, 3.757280735226e-05, 9.3995e+02, 1.7911e+01, 
 1DIAGNOSTIC,    44, -8.940795651520e-01, 3.578795255004e-05, 9.5786e+02, 1.7915e+01, 
 1DIAGNOSTIC,    45, -8.942955173736e-01, 3.419453021649e-05, 9.7691e+02, 1.9047e+01, 
 1DIAGNOSTIC,    46, -8.945101049620e-01, 3.277437659713e-05, 9.9451e+02, 1.7600e+01, 
 1DIAGNOSTIC,    47, -8.947211228820e-01, 3.151015646229e-05, 1.0123e+03, 1.7799e+01, 
 1DIAGNOSTIC,    48, -8.949369452794e-01, 3.042312051935e-05, 1.0301e+03, 1.7822e+01, 
 1DIAGNOSTIC,    49, -8.951538676991e-01, 2.949932322883e-05, 1.0480e+03, 1.7892e+01, 
 1DIAGNOSTIC,    50, -8.953699705124e-01, 2.871402420514e-05, 1.0660e+03, 1.7937e+01, 
XXDIAGNOSTIC,Iteration,metricValue,convergenceValue,ITERATION_TIME_INDEX,SINCE_LAST
 1DIAGNOSTIC,     1, -8.565056899324e-01, 1.797693134862e+308, 1.2142e+03, 1.4825e+02, 
 1DIAGNOSTIC,     2, -8.572869542471e-01, 1.797693134862e+308, 1.3667e+03, 1.5247e+02, 
 1DIAGNOSTIC,     3, -8.584211741950e-01, 1.797693134862e+308, 1.5185e+03, 1.5183e+02, 
 1DIAGNOSTIC,     4, -8.593935602893e-01, 1.797693134862e+308, 1.6730e+03, 1.5448e+02, 
 1DIAGNOSTIC,     5, -8.604151919808e-01, 1.797693134862e+308, 1.8242e+03, 1.5118e+02, 
 1DIAGNOSTIC,     6, -8.614014849295e-01, 1.797693134862e+308, 1.9778e+03, 1.5366e+02, 
 1DIAGNOSTIC,     7, -8.623689127541e-01, 1.797693134862e+308, 2.1327e+03, 1.5486e+02, 
 1DIAGNOSTIC,     8, -8.632469394768e-01, 1.797693134862e+308, 2.2920e+03, 1.5926e+02, 
 1DIAGNOSTIC,     9, -8.642456133340e-01, 1.797693134862e+308, 2.4432e+03, 1.5127e+02, 
 1DIAGNOSTIC,    10, -8.651581891130e-01, 6.526501884905e-04, 2.6016e+03, 1.5832e+02, 
 1DIAGNOSTIC,    11, -8.659601206929e-01, 5.862634871542e-04, 2.7581e+03, 1.5655e+02, 
 1DIAGNOSTIC,    12, -8.667058328329e-01, 5.200086363256e-04, 2.9112e+03, 1.5312e+02, 
 1DIAGNOSTIC,    13, -8.673848374707e-01, 4.627925401994e-04, 3.0810e+03, 1.6977e+02, 
 1DIAGNOSTIC,    14, -8.680079981542e-01, 4.090012481699e-04, 3.2459e+03, 1.6488e+02, 
 1DIAGNOSTIC,    15, -8.685789561427e-01, 3.597771499352e-04, 3.3951e+03, 1.4925e+02, 
 1DIAGNOSTIC,    16, -8.691020440788e-01, 3.146240564319e-04, 3.5453e+03, 1.5014e+02, 
 1DIAGNOSTIC,    17, -8.695881544665e-01, 2.738946773455e-04, 3.6928e+03, 1.4750e+02, 
 1DIAGNOSTIC,    18, -8.700491736498e-01, 2.367061366243e-04, 3.8427e+03, 1.4996e+02, 
 1DIAGNOSTIC,    19, -8.704737612926e-01, 2.060013470570e-04, 3.9918e+03, 1.4908e+02, 
 1DIAGNOSTIC,    20, -8.709520050341e-01, 1.820030414133e-04, 4.1404e+03, 1.4859e+02, 
  Elapsed time (stage 0): 4141.56


Total elapsed time: 4141.57
