
##########################
# Experiment information #
##########################

EXPERIMENT_NAME: antsRegistration-r8-p9
VFC_BACKENDS: libinterflop_vprec.so --range-binary32=8 --precision-binary32=9 --range-binary64=8 --precision-binary64=9

SIF_IMG: /home/mdugre/projects/rrg-glatard/mdugre/containers/ants-vprec-no_metrics.simg

SUBJECT_ID: s007
INPUT_IMG: /home/mdugre/scratch/mri-registration-rp/datasets/ds004513/derivatives/mri-registration-rp/antsBrainExtraction/sub-s007/BrainExtractionBrain.nii.gz
OUTPUT_DIR: /home/mdugre/scratch/mri-registration-rp/datasets/ds004513/derivatives/mri-registration-rp/0110/antsRegistration-r8-p9/sub-s007

FIXED_IMG: /templateflow/tpl-MNI152NLin2009cAsym/tpl-MNI152NLin2009cAsym_res-01_desc-brain_T1w.nii.gz
DATA_DIR: /home/mdugre/scratch/mri-registration-rp/datasets/ds004513
TEMPLATEFLOW_DIR: /home/mdugre/projects/rrg-glatard/mdugre/templateflow
ITK_GLOBAL_DEFAULT_NUMBER_OF_THREADS: 16
##########################

Info [verificarlo]: loaded backend libinterflop_ieee.so
Info [interflop-ieee]: load backend with:
Info [interflop-ieee]: debug = false
Info [interflop-ieee]: debug-binary = false
Info [interflop-ieee]: no-backend-name = false
Info [interflop-ieee]: print-new-line = false
Info [interflop-ieee]: print-subnormal-normalized = false
Info [interflop-ieee]: count-op = false
All_Command_lines_OK
Using double precision for computations.
=============================================================================
The composite transform comprises the following transforms (in order): 
  1. Center of mass alignment using fixed image: /templateflow/tpl-MNI152NLin2009cAsym/tpl-MNI152NLin2009cAsym_res-01_desc-brain_T1w.nii.gz and moving image: /home/mdugre/scratch/mri-registration-rp/datasets/ds004513/derivatives/mri-registration-rp/antsBrainExtraction/sub-s007/BrainExtractionBrain.nii.gz (type = Euler3DTransform)
=============================================================================
  number of levels = 1
  fixed image: /templateflow/tpl-MNI152NLin2009cAsym/tpl-MNI152NLin2009cAsym_res-01_desc-brain_T1w.nii.gz
  moving image: /home/mdugre/scratch/mri-registration-rp/datasets/ds004513/derivatives/mri-registration-rp/antsBrainExtraction/sub-s007/BrainExtractionBrain.nii.gz
Dimension = 3
Number of stages = 1
Use histogram matching = false
Winsorize image intensities = true
  Lower quantile = 0.005
  Upper quantile = 0.995


Stage 1 State
   Image metric = MattesMI
     Fixed image = Image (0x3428bd0)
  RTTI typeinfo:   itk::Image<double, 3u>
  Reference Count: 2
  Modified Time: 2334
  Debug: Off
  Object Name: 
  Observers: 
    none
  Source: (none)
  Source output name: (none)
  Release Data: Off
  Data Released: False
  Global Release Data: Off
  PipelineMTime: 0
  UpdateMTime: 1943
  RealTimeStamp: 0 seconds 
  LargestPossibleRegion: 
    Dimension: 3
    Index: [0, 0, 0]
    Size: [193, 229, 193]
  BufferedRegion: 
    Dimension: 3
    Index: [0, 0, 0]
    Size: [193, 229, 193]
  RequestedRegion: 
    Dimension: 3
    Index: [0, 0, 0]
    Size: [193, 229, 193]
  Spacing: [1, 1, 1]
  Origin: [96, 132, -78]
  Direction: 
-1 0 0
0 -1 0
0 0 1

  IndexToPointMatrix: 
-1 0 0
0 -1 0
0 0 1

  PointToIndexMatrix: 
-1 0 0
0 -1 0
0 0 1

  Inverse Direction: 
-1 0 0
0 -1 0
0 0 1

  PixelContainer: 
    ImportImageContainer (0x3480930)
      RTTI typeinfo:   itk::ImportImageContainer<unsigned long, double>
      Reference Count: 1
      Modified Time: 1940
      Debug: Off
      Object Name: 
      Observers: 
        none
      Pointer: 0x15208f75f010
      Container manages memory: true
      Size: 8530021
      Capacity: 8530021

     Moving image = Image (0x35186c0)
  RTTI typeinfo:   itk::Image<double, 3u>
  Reference Count: 2
  Modified Time: 2335
  Debug: Off
  Object Name: 
  Observers: 
    none
  Source: (none)
  Source output name: (none)
  Release Data: Off
  Data Released: False
  Global Release Data: Off
  PipelineMTime: 0
  UpdateMTime: 2332
  RealTimeStamp: 0 seconds 
  LargestPossibleRegion: 
    Dimension: 3
    Index: [0, 0, 0]
    Size: [176, 240, 256]
  BufferedRegion: 
    Dimension: 3
    Index: [0, 0, 0]
    Size: [176, 240, 256]
  RequestedRegion: 
    Dimension: 3
    Index: [0, 0, 0]
    Size: [176, 240, 256]
  Spacing: [1, 1, 1]
  Origin: [93.4772, 83.7926, -132.68]
  Direction: 
-0.997185 -0.0749788 0
0.0749788 -0.997185 0
0 0 1

  IndexToPointMatrix: 
-0.997185 -0.0749788 0
0.0749787 -0.997185 0
0 0 1

  PointToIndexMatrix: 
-0.997185 0.0749788 0
-0.0749788 -0.997185 0
0 0 1

  Inverse Direction: 
-0.997185 0.0749788 0
-0.0749788 -0.997185 0
0 0 1

  PixelContainer: 
    ImportImageContainer (0x3578ad0)
      RTTI typeinfo:   itk::ImportImageContainer<unsigned long, double>
      Reference Count: 1
      Modified Time: 2329
      Debug: Off
      Object Name: 
      Observers: 
        none
      Pointer: 0x15208a4de010
      Container manages memory: true
      Size: 10813440
      Capacity: 10813440

     Weighting = 1
     Sampling strategy = regular
     Number of bins = 32
     Radius = 4
     Sampling percentage  = 0.25
   Transform = Rigid
     Gradient step = 0.1
     Update field sigma (voxel space) = 0
     Total field sigma (voxel space) = 0
     Update field time sigma = 0
     Total field time sigma  = 0
     Number of time indices = 0
     Number of time point samples = 0
Registration using 1 total stages.

Stage 0
  iterations = 0
  convergence threshold = 1e-06
  convergence window size = 10
  number of levels = 1
  using the Mattes MI metric (number of bins = 32, weight = 1, use gradient filter = 0)
  preprocessing:  winsorizing the image intensities
  Shrink factors (level 1 out of 1): [1, 1, 1]
  smoothing sigmas per level: [0]
  regular sampling (percentage = 0.25)

*** Running Euler3DTransform registration ***

  Elapsed time (stage 0): 1.1383


Total elapsed time: 1.14065
Info [verificarlo]: loaded backend libinterflop_vprec.so
Info [interflop-vprec]: load backend with: 
Info [interflop-vprec]: precision-binary32 = 9
Info [interflop-vprec]: range-binary32 = 8
Info [interflop-vprec]: precision-binary64 = 9
Info [interflop-vprec]: range-binary64 = 8
Info [interflop-vprec]: mode = ob
Info [interflop-vprec]: error-mode = rel
Info [interflop-vprec]: max-abs-error-exponent = -1022
Info [interflop-vprec]: daz = false
Info [interflop-vprec]: ftz = false
Info [interflop-vprec]: 	instrument = none
Info [interflop-vprec]: 	prec-input-file = (null)
Info [interflop-vprec]: 	prec-output-file = (null)
Info [interflop-vprec]: 	prec-log-file = (null)
All_Command_lines_OK
Using double precision for computations.
=============================================================================
The composite transform comprises the following transforms (in order): 
  1. /home/mdugre/scratch/mri-registration-rp/datasets/ds004513/derivatives/mri-registration-rp/0110/antsRegistration-r8-p9/sub-s007/align_Composite.h5[0] (type = Euler3DTransform)
  2. /home/mdugre/scratch/mri-registration-rp/datasets/ds004513/derivatives/mri-registration-rp/0110/antsRegistration-r8-p9/sub-s007/align_Composite.h5[1] (type = Euler3DTransform)
=============================================================================
  number of levels = 4
  fixed image: /templateflow/tpl-MNI152NLin2009cAsym/tpl-MNI152NLin2009cAsym_res-01_desc-brain_T1w.nii.gz
  moving image: /home/mdugre/scratch/mri-registration-rp/datasets/ds004513/derivatives/mri-registration-rp/antsBrainExtraction/sub-s007/BrainExtractionBrain.nii.gz
Dimension = 3
Number of stages = 1
Use histogram matching = false
Winsorize image intensities = true
  Lower quantile = 0.005
  Upper quantile = 0.995


Stage 1 State
   Image metric = MattesMI
     Fixed image = Image (0x33ad1e0)
  RTTI typeinfo:   itk::Image<double, 3u>
  Reference Count: 2
  Modified Time: 1578
  Debug: Off
  Object Name: 
  Observers: 
    none
  Source: (none)
  Source output name: (none)
  Release Data: Off
  Data Released: False
  Global Release Data: Off
  PipelineMTime: 0
  UpdateMTime: 1189
  RealTimeStamp: 0 seconds 
  LargestPossibleRegion: 
    Dimension: 3
    Index: [0, 0, 0]
    Size: [193, 229, 193]
  BufferedRegion: 
    Dimension: 3
    Index: [0, 0, 0]
    Size: [193, 229, 193]
  RequestedRegion: 
    Dimension: 3
    Index: [0, 0, 0]
    Size: [193, 229, 193]
  Spacing: [1, 1, 1]
  Origin: [96, 132, -78]
  Direction: 
-1 0 0
0 -1 0
0 0 1

  IndexToPointMatrix: 
-1 0 0
0 -1 0
0 0 1

  PointToIndexMatrix: 
-1 0 0
0 -1 0
0 0 1

  Inverse Direction: 
-1 0 0
0 -1 0
0 0 1

  PixelContainer: 
    ImportImageContainer (0x346c680)
      RTTI typeinfo:   itk::ImportImageContainer<unsigned long, double>
      Reference Count: 1
      Modified Time: 1186
      Debug: Off
      Object Name: 
      Observers: 
        none
      Pointer: 0x15470dc7f010
      Container manages memory: true
      Size: 8530021
      Capacity: 8530021

     Moving image = Image (0x3468b20)
  RTTI typeinfo:   itk::Image<double, 3u>
  Reference Count: 2
  Modified Time: 1579
  Debug: Off
  Object Name: 
  Observers: 
    none
  Source: (none)
  Source output name: (none)
  Release Data: Off
  Data Released: False
  Global Release Data: Off
  PipelineMTime: 0
  UpdateMTime: 1576
  RealTimeStamp: 0 seconds 
  LargestPossibleRegion: 
    Dimension: 3
    Index: [0, 0, 0]
    Size: [176, 240, 256]
  BufferedRegion: 
    Dimension: 3
    Index: [0, 0, 0]
    Size: [176, 240, 256]
  RequestedRegion: 
    Dimension: 3
    Index: [0, 0, 0]
    Size: [176, 240, 256]
  Spacing: [1, 1, 1]
  Origin: [93.5, 83.75, -132.75]
  Direction: 
-0.99707 -0.0748291 0
0.0748291 -0.99707 0
0 0 1

  IndexToPointMatrix: 
-0.99707 -0.0748291 0
0.0748291 -0.99707 0
0 0 1

  PointToIndexMatrix: 
-0.996094 0.0748291 0
-0.0748291 -0.99707 0
0 0 1

  Inverse Direction: 
-0.996094 0.0748291 0
-0.0748291 -0.99707 0
0 0 1

  PixelContainer: 
    ImportImageContainer (0x34d1d50)
      RTTI typeinfo:   itk::ImportImageContainer<unsigned long, double>
      Reference Count: 1
      Modified Time: 1573
      Debug: Off
      Object Name: 
      Observers: 
        none
      Pointer: 0x1547089fe010
      Container manages memory: true
      Size: 10813440
      Capacity: 10813440

     Weighting = 1
     Sampling strategy = regular
     Number of bins = 32
     Radius = 4
     Sampling percentage  = 0.25
   Transform = Rigid
     Gradient step = 0.1
     Update field sigma (voxel space) = 0
     Total field sigma (voxel space) = 0
     Update field time sigma = 0
     Total field time sigma  = 0
     Number of time indices = 0
     Number of time point samples = 0
Registration using 1 total stages.

Stage 0
  iterations = 1000x500x250x100
  convergence threshold = 1e-06
  convergence window size = 10
  number of levels = 4
  using the Mattes MI metric (number of bins = 32, weight = 1, use gradient filter = 0)
  preprocessing:  winsorizing the image intensities
  Shrink factors (level 1 out of 4): [8, 8, 8]
  Shrink factors (level 2 out of 4): [4, 4, 4]
  Shrink factors (level 3 out of 4): [2, 2, 2]
  Shrink factors (level 4 out of 4): [1, 1, 1]
  smoothing sigmas per level: [3, 2, 1, 0]
  regular sampling (percentage = 0.25)

*** Running Euler3DTransform registration ***

DIAGNOSTIC,Iteration,metricValue,convergenceValue,ITERATION_TIME_INDEX,SINCE_LAST
 2DIAGNOSTIC,     1, -6.049098263501e-01, 1.797693134862e+308, 0.0000e+00, 0.0000e+00, 
 2DIAGNOSTIC,     2, -6.051135623483e-01, 1.797693134862e+308, 0.0000e+00, 0.0000e+00, 
 2DIAGNOSTIC,     3, -6.058822756295e-01, 1.797693134862e+308, 0.0000e+00, 0.0000e+00, 
 2DIAGNOSTIC,     4, -6.063657453196e-01, 1.797693134862e+308, 0.0000e+00, 0.0000e+00, 
 2DIAGNOSTIC,     5, -6.072773342580e-01, 1.797693134862e+308, 0.0000e+00, 0.0000e+00, 
 2DIAGNOSTIC,     6, -6.074095783445e-01, 1.797693134862e+308, 0.0000e+00, 0.0000e+00, 
 2DIAGNOSTIC,     7, -6.095574822227e-01, 1.797693134862e+308, 0.0000e+00, 0.0000e+00, 
 2DIAGNOSTIC,     8, -6.128625445872e-01, 1.797693134862e+308, 0.0000e+00, 0.0000e+00, 
 2DIAGNOSTIC,     9, -6.181137906927e-01, 1.797693134862e+308, 0.0000e+00, 0.0000e+00, 
 2DIAGNOSTIC,    10, -6.320098766610e-01, 2.087374653738e-03, 0.0000e+00, 0.0000e+00, 
 2DIAGNOSTIC,    11, -6.597733199961e-01, 3.724059137792e-03, 0.0000e+00, 0.0000e+00, 
 2DIAGNOSTIC,    12, -6.827533738883e-01, 5.584926177296e-03, 0.0000e+00, 0.0000e+00, 
 2DIAGNOSTIC,    13, -7.291634287069e-01, 8.228066455344e-03, 0.0000e+00, 0.0000e+00, 
 2DIAGNOSTIC,    14, -7.875908685511e-01, 1.147997686488e-02, 0.0000e+00, 0.0000e+00, 
 2DIAGNOSTIC,    15, -7.880717763771e-01, 1.318423276811e-02, 0.0000e+00, 0.0000e+00, 
 2DIAGNOSTIC,    16, -7.903321726800e-01, 1.352649960015e-02, 0.0000e+00, 0.0000e+00, 
 2DIAGNOSTIC,    17, -7.915761119353e-01, 1.268520075500e-02, 0.0000e+00, 0.0000e+00, 
 2DIAGNOSTIC,    18, -7.925953837211e-01, 1.087945505934e-02, 0.0000e+00, 0.0000e+00, 
 2DIAGNOSTIC,    19, -7.925754158187e-01, 8.392491038299e-03, 0.0000e+00, 0.0000e+00, 
 2DIAGNOSTIC,    20, -7.912135632699e-01, 5.680904999885e-03, 0.0000e+00, 0.0000e+00, 
 2DIAGNOSTIC,    21, -7.912566629342e-01, 3.301906484361e-03, 0.0000e+00, 0.0000e+00, 
 2DIAGNOSTIC,    22, -7.914470324466e-01, 1.280361831013e-03, 0.0000e+00, 0.0000e+00, 
 2DIAGNOSTIC,    23, -7.912672295383e-01, 1.254425935303e-04, 0.0000e+00, 0.0000e+00, 
 2DIAGNOSTIC,    24, -7.912115468385e-01, 5.077294717671e-05, 0.0000e+00, 0.0000e+00, 
DIAGNOSTIC,Iteration,metricValue,convergenceValue,ITERATION_TIME_INDEX,SINCE_LAST
 2DIAGNOSTIC,     1, -6.621925383841e-01, 1.797693134862e+308, 0.0000e+00, 0.0000e+00, 
 2DIAGNOSTIC,     2, -6.623552606446e-01, 1.797693134862e+308, 0.0000e+00, 0.0000e+00, 
 2DIAGNOSTIC,     3, -6.623838300355e-01, 1.797693134862e+308, 0.0000e+00, 0.0000e+00, 
 2DIAGNOSTIC,     4, -6.624154772334e-01, 1.797693134862e+308, 0.0000e+00, 0.0000e+00, 
 2DIAGNOSTIC,     5, -6.624371377293e-01, 1.797693134862e+308, 0.0000e+00, 0.0000e+00, 
 2DIAGNOSTIC,     6, -6.622327785147e-01, 1.797693134862e+308, 0.0000e+00, 0.0000e+00, 
 2DIAGNOSTIC,     7, -6.622224623158e-01, 1.797693134862e+308, 0.0000e+00, 0.0000e+00, 
 2DIAGNOSTIC,     8, -6.622112353116e-01, 1.797693134862e+308, 0.0000e+00, 0.0000e+00, 
 2DIAGNOSTIC,     9, -6.622102433957e-01, 1.797693134862e+308, 0.0000e+00, 0.0000e+00, 
DIAGNOSTIC,Iteration,metricValue,convergenceValue,ITERATION_TIME_INDEX,SINCE_LAST
 2DIAGNOSTIC,     1, -5.707100823341e-01, 1.797693134862e+308, 0.0000e+00, 0.0000e+00, 
 2DIAGNOSTIC,     2, -5.707356218297e-01, 1.797693134862e+308, 0.0000e+00, 0.0000e+00, 
 2DIAGNOSTIC,     3, -5.707284899142e-01, 1.797693134862e+308, 0.0000e+00, 0.0000e+00, 
 2DIAGNOSTIC,     4, -5.707282252530e-01, 1.797693134862e+308, 0.0000e+00, 0.0000e+00, 
 2DIAGNOSTIC,     5, -5.707217273754e-01, 1.797693134862e+308, 0.0000e+00, 0.0000e+00, 
 2DIAGNOSTIC,     6, -5.707208699486e-01, 1.797693134862e+308, 0.0000e+00, 0.0000e+00, 
 2DIAGNOSTIC,     7, -5.707200853415e-01, 1.797693134862e+308, 0.0000e+00, 0.0000e+00, 
 2DIAGNOSTIC,     8, -5.707166201459e-01, 1.797693134862e+308, 0.0000e+00, 0.0000e+00, 
 2DIAGNOSTIC,     9, -5.707281459600e-01, 1.797693134862e+308, 0.0000e+00, 0.0000e+00, 
DIAGNOSTIC,Iteration,metricValue,convergenceValue,ITERATION_TIME_INDEX,SINCE_LAST
 2DIAGNOSTIC,     1, -5.190559198862e-01, 1.797693134862e+308, 0.0000e+00, 0.0000e+00, 
 2DIAGNOSTIC,     2, -5.182301657906e-01, 1.797693134862e+308, 0.0000e+00, 0.0000e+00, 
 2DIAGNOSTIC,     3, -5.183046221263e-01, 1.797693134862e+308, 0.0000e+00, 0.0000e+00, 
 2DIAGNOSTIC,     4, -5.184205554325e-01, 1.797693134862e+308, 0.0000e+00, 0.0000e+00, 
 2DIAGNOSTIC,     5, -5.185031218945e-01, 1.797693134862e+308, 0.0000e+00, 0.0000e+00, 
 2DIAGNOSTIC,     6, -5.186140249039e-01, 1.797693134862e+308, 0.0000e+00, 0.0000e+00, 
 2DIAGNOSTIC,     7, -5.187876038744e-01, 1.797693134862e+308, 0.0000e+00, 0.0000e+00, 
 2DIAGNOSTIC,     8, -5.190403225969e-01, 1.797693134862e+308, 0.0000e+00, 0.0000e+00, 
 2DIAGNOSTIC,     9, -5.194274905982e-01, 1.797693134862e+308, 0.0000e+00, 0.0000e+00, 
 2DIAGNOSTIC,    10, -5.194378788627e-01, 1.169091006627e-04, 0.0000e+00, 0.0000e+00, 
 2DIAGNOSTIC,    11, -5.194324690945e-01, 1.582951866951e-04, 0.0000e+00, 0.0000e+00, 
 2DIAGNOSTIC,    12, -5.194341711471e-01, 1.411053906751e-04, 0.0000e+00, 0.0000e+00, 
 2DIAGNOSTIC,    13, -5.194102541285e-01, 1.156608805109e-04, 0.0000e+00, 0.0000e+00, 
 2DIAGNOSTIC,    14, -5.194066283678e-01, 8.753757360211e-05, 0.0000e+00, 0.0000e+00, 
 2DIAGNOSTIC,    15, -5.194060377540e-01, 5.821924777194e-05, 0.0000e+00, 0.0000e+00, 
 2DIAGNOSTIC,    16, -5.194053477536e-01, 3.114412410565e-05, 0.0000e+00, 0.0000e+00, 
 2DIAGNOSTIC,    17, -5.194045879042e-01, 9.875513828056e-06, 0.0000e+00, 0.0000e+00, 
  Elapsed time (stage 0): 0.0000e+00


Total elapsed time: 0.0000e+00
Info [verificarlo]: loaded backend libinterflop_vprec.so
Info [interflop-vprec]: load backend with: 
Info [interflop-vprec]: precision-binary32 = 9
Info [interflop-vprec]: range-binary32 = 8
Info [interflop-vprec]: precision-binary64 = 9
Info [interflop-vprec]: range-binary64 = 8
Info [interflop-vprec]: mode = ob
Info [interflop-vprec]: error-mode = rel
Info [interflop-vprec]: max-abs-error-exponent = -1022
Info [interflop-vprec]: daz = false
Info [interflop-vprec]: ftz = false
Info [interflop-vprec]: 	instrument = none
Info [interflop-vprec]: 	prec-input-file = (null)
Info [interflop-vprec]: 	prec-output-file = (null)
Info [interflop-vprec]: 	prec-log-file = (null)
All_Command_lines_OK
Using double precision for computations.
=============================================================================
The composite transform comprises the following transforms (in order): 
  1. /home/mdugre/scratch/mri-registration-rp/datasets/ds004513/derivatives/mri-registration-rp/0110/antsRegistration-r8-p9/sub-s007/rigid_Composite.h5[0] (type = Euler3DTransform)
  2. /home/mdugre/scratch/mri-registration-rp/datasets/ds004513/derivatives/mri-registration-rp/0110/antsRegistration-r8-p9/sub-s007/rigid_Composite.h5[1] (type = Euler3DTransform)
  3. /home/mdugre/scratch/mri-registration-rp/datasets/ds004513/derivatives/mri-registration-rp/0110/antsRegistration-r8-p9/sub-s007/rigid_Composite.h5[2] (type = Euler3DTransform)
=============================================================================
  number of levels = 4
  fixed image: /templateflow/tpl-MNI152NLin2009cAsym/tpl-MNI152NLin2009cAsym_res-01_desc-brain_T1w.nii.gz
  moving image: /home/mdugre/scratch/mri-registration-rp/datasets/ds004513/derivatives/mri-registration-rp/antsBrainExtraction/sub-s007/BrainExtractionBrain.nii.gz
Dimension = 3
Number of stages = 1
Use histogram matching = false
Winsorize image intensities = true
  Lower quantile = 0.005
  Upper quantile = 0.995


Stage 1 State
   Image metric = MattesMI
     Fixed image = Image (0x35bc1e0)
  RTTI typeinfo:   itk::Image<double, 3u>
  Reference Count: 2
  Modified Time: 1592
  Debug: Off
  Object Name: 
  Observers: 
    none
  Source: (none)
  Source output name: (none)
  Release Data: Off
  Data Released: False
  Global Release Data: Off
  PipelineMTime: 0
  UpdateMTime: 1203
  RealTimeStamp: 0 seconds 
  LargestPossibleRegion: 
    Dimension: 3
    Index: [0, 0, 0]
    Size: [193, 229, 193]
  BufferedRegion: 
    Dimension: 3
    Index: [0, 0, 0]
    Size: [193, 229, 193]
  RequestedRegion: 
    Dimension: 3
    Index: [0, 0, 0]
    Size: [193, 229, 193]
  Spacing: [1, 1, 1]
  Origin: [96, 132, -78]
  Direction: 
-1 0 0
0 -1 0
0 0 1

  IndexToPointMatrix: 
-1 0 0
0 -1 0
0 0 1

  PointToIndexMatrix: 
-1 0 0
0 -1 0
0 0 1

  Inverse Direction: 
-1 0 0
0 -1 0
0 0 1

  PixelContainer: 
    ImportImageContainer (0x368a440)
      RTTI typeinfo:   itk::ImportImageContainer<unsigned long, double>
      Reference Count: 1
      Modified Time: 1200
      Debug: Off
      Object Name: 
      Observers: 
        none
      Pointer: 0x151d06e01010
      Container manages memory: true
      Size: 8530021
      Capacity: 8530021

     Moving image = Image (0x36779b0)
  RTTI typeinfo:   itk::Image<double, 3u>
  Reference Count: 2
  Modified Time: 1593
  Debug: Off
  Object Name: 
  Observers: 
    none
  Source: (none)
  Source output name: (none)
  Release Data: Off
  Data Released: False
  Global Release Data: Off
  PipelineMTime: 0
  UpdateMTime: 1590
  RealTimeStamp: 0 seconds 
  LargestPossibleRegion: 
    Dimension: 3
    Index: [0, 0, 0]
    Size: [176, 240, 256]
  BufferedRegion: 
    Dimension: 3
    Index: [0, 0, 0]
    Size: [176, 240, 256]
  RequestedRegion: 
    Dimension: 3
    Index: [0, 0, 0]
    Size: [176, 240, 256]
  Spacing: [1, 1, 1]
  Origin: [93.5, 83.75, -132.75]
  Direction: 
-0.99707 -0.0748291 0
0.0748291 -0.99707 0
0 0 1

  IndexToPointMatrix: 
-0.99707 -0.0748291 0
0.0748291 -0.99707 0
0 0 1

  PointToIndexMatrix: 
-0.996094 0.0748291 0
-0.0748291 -0.99707 0
0 0 1

  Inverse Direction: 
-0.996094 0.0748291 0
-0.0748291 -0.99707 0
0 0 1

  PixelContainer: 
    ImportImageContainer (0x362d710)
      RTTI typeinfo:   itk::ImportImageContainer<unsigned long, double>
      Reference Count: 1
      Modified Time: 1587
      Debug: Off
      Object Name: 
      Observers: 
        none
      Pointer: 0x151d01b80010
      Container manages memory: true
      Size: 10813440
      Capacity: 10813440

     Weighting = 1
     Sampling strategy = regular
     Number of bins = 32
     Radius = 4
     Sampling percentage  = 0.25
   Transform = Affine
     Gradient step = 0.1
     Update field sigma (voxel space) = 0
     Total field sigma (voxel space) = 0
     Update field time sigma = 0
     Total field time sigma  = 0
     Number of time indices = 0
     Number of time point samples = 0
Registration using 1 total stages.

Stage 0
  iterations = 1000x500x250x100
  convergence threshold = 1e-06
  convergence window size = 10
  number of levels = 4
  using the Mattes MI metric (number of bins = 32, weight = 1, use gradient filter = 0)
  preprocessing:  winsorizing the image intensities
  Shrink factors (level 1 out of 4): [8, 8, 8]
  Shrink factors (level 2 out of 4): [4, 4, 4]
  Shrink factors (level 3 out of 4): [2, 2, 2]
  Shrink factors (level 4 out of 4): [1, 1, 1]
  smoothing sigmas per level: [3, 2, 1, 0]
  regular sampling (percentage = 0.25)

*** Running AffineTransform registration ***

DIAGNOSTIC,Iteration,metricValue,convergenceValue,ITERATION_TIME_INDEX,SINCE_LAST
 2DIAGNOSTIC,     1, -7.920525971467e-01, 1.797693134862e+308, 0.0000e+00, 0.0000e+00, 
 2DIAGNOSTIC,     2, -7.937092000798e-01, 1.797693134862e+308, 0.0000e+00, 0.0000e+00, 
 2DIAGNOSTIC,     3, -7.962527207972e-01, 1.797693134862e+308, 0.0000e+00, 0.0000e+00, 
 2DIAGNOSTIC,     4, -7.980753522519e-01, 1.797693134862e+308, 0.0000e+00, 0.0000e+00, 
 2DIAGNOSTIC,     5, -7.995045424625e-01, 1.797693134862e+308, 0.0000e+00, 0.0000e+00, 
 2DIAGNOSTIC,     6, -8.002068468854e-01, 1.797693134862e+308, 0.0000e+00, 0.0000e+00, 
 2DIAGNOSTIC,     7, -8.016750726075e-01, 1.797693134862e+308, 0.0000e+00, 0.0000e+00, 
 2DIAGNOSTIC,     8, -8.027003655776e-01, 1.797693134862e+308, 0.0000e+00, 0.0000e+00, 
 2DIAGNOSTIC,     9, -8.040602736806e-01, 1.797693134862e+308, 0.0000e+00, 0.0000e+00, 
 2DIAGNOSTIC,    10, -8.050402313811e-01, 1.008151342151e-03, 0.0000e+00, 0.0000e+00, 
 2DIAGNOSTIC,    11, -8.062169043336e-01, 8.436870920336e-04, 0.0000e+00, 0.0000e+00, 
 2DIAGNOSTIC,    12, -8.104149792335e-01, 8.023777790212e-04, 0.0000e+00, 0.0000e+00, 
 2DIAGNOSTIC,    13, -8.126646999677e-01, 8.217842555847e-04, 0.0000e+00, 0.0000e+00, 
 2DIAGNOSTIC,    14, -8.151012080440e-01, 8.704994949782e-04, 0.0000e+00, 0.0000e+00, 
 2DIAGNOSTIC,    15, -8.187497866860e-01, 9.530564497174e-04, 0.0000e+00, 0.0000e+00, 
 2DIAGNOSTIC,    16, -8.254338006673e-01, 1.098428887769e-03, 0.0000e+00, 0.0000e+00, 
 2DIAGNOSTIC,    17, -8.397963404292e-01, 1.448110163383e-03, 0.0000e+00, 0.0000e+00, 
 2DIAGNOSTIC,    18, -8.641297047756e-01, 2.108723820261e-03, 0.0000e+00, 0.0000e+00, 
 2DIAGNOSTIC,    19, -8.948804478731e-01, 3.077489597345e-03, 0.0000e+00, 0.0000e+00, 
 2DIAGNOSTIC,    20, -9.009007849752e-01, 3.768947233303e-03, 0.0000e+00, 0.0000e+00, 
 2DIAGNOSTIC,    21, -9.002511042316e-01, 4.053675413356e-03, 0.0000e+00, 0.0000e+00, 
 2DIAGNOSTIC,    22, -9.008448224212e-01, 4.012322860661e-03, 0.0000e+00, 0.0000e+00, 
 2DIAGNOSTIC,    23, -9.011849145746e-01, 3.633037841821e-03, 0.0000e+00, 0.0000e+00, 
 2DIAGNOSTIC,    24, -9.015814628125e-01, 2.982482916292e-03, 0.0000e+00, 0.0000e+00, 
 2DIAGNOSTIC,    25, -9.015261447265e-01, 2.160223406035e-03, 0.0000e+00, 0.0000e+00, 
 2DIAGNOSTIC,    26, -9.014452374835e-01, 1.294705493883e-03, 0.0000e+00, 0.0000e+00, 
 2DIAGNOSTIC,    27, -9.014063804199e-01, 5.528011657706e-04, 0.0000e+00, 0.0000e+00, 
 2DIAGNOSTIC,    28, -9.014019352713e-01, 9.862100160574e-05, 0.0000e+00, 0.0000e+00, 
 2DIAGNOSTIC,    29, -9.014019352713e-01, 2.335847373851e-05, 0.0000e+00, 0.0000e+00, 
 2DIAGNOSTIC,    30, -9.013933407045e-01, 1.887181522253e-05, 0.0000e+00, 0.0000e+00, 
 2DIAGNOSTIC,    31, -9.013933407045e-01, 5.838497738379e-06, 0.0000e+00, 0.0000e+00, 
DIAGNOSTIC,Iteration,metricValue,convergenceValue,ITERATION_TIME_INDEX,SINCE_LAST
 2DIAGNOSTIC,     1, -7.436136413691e-01, 1.797693134862e+308, 0.0000e+00, 0.0000e+00, 
 2DIAGNOSTIC,     2, -7.439461555222e-01, 1.797693134862e+308, 0.0000e+00, 0.0000e+00, 
 2DIAGNOSTIC,     3, -7.440760322070e-01, 1.797693134862e+308, 0.0000e+00, 0.0000e+00, 
 2DIAGNOSTIC,     4, -7.441827541427e-01, 1.797693134862e+308, 0.0000e+00, 0.0000e+00, 
 2DIAGNOSTIC,     5, -7.444178821884e-01, 1.797693134862e+308, 0.0000e+00, 0.0000e+00, 
 2DIAGNOSTIC,     6, -7.445813993918e-01, 1.797693134862e+308, 0.0000e+00, 0.0000e+00, 
 2DIAGNOSTIC,     7, -7.447963450388e-01, 1.797693134862e+308, 0.0000e+00, 0.0000e+00, 
 2DIAGNOSTIC,     8, -7.448704476784e-01, 1.797693134862e+308, 0.0000e+00, 0.0000e+00, 
 2DIAGNOSTIC,     9, -7.449029158367e-01, 1.797693134862e+308, 0.0000e+00, 0.0000e+00, 
 2DIAGNOSTIC,    10, -7.449305135390e-01, 1.154504688976e-04, 0.0000e+00, 0.0000e+00, 
 2DIAGNOSTIC,    11, -7.449172814399e-01, 8.572446647062e-05, 0.0000e+00, 0.0000e+00, 
 2DIAGNOSTIC,    12, -7.449148129445e-01, 6.370996592163e-05, 0.0000e+00, 0.0000e+00, 
 2DIAGNOSTIC,    13, -7.449082264880e-01, 4.297104523958e-05, 0.0000e+00, 0.0000e+00, 
 2DIAGNOSTIC,    14, -7.449191780066e-01, 2.444124227223e-05, 0.0000e+00, 0.0000e+00, 
 2DIAGNOSTIC,    15, -7.449295561366e-01, 1.235117793198e-05, 0.0000e+00, 0.0000e+00, 
 2DIAGNOSTIC,    16, -7.449348676351e-01, 4.550892290456e-06, 0.0000e+00, 0.0000e+00, 
 2DIAGNOSTIC,    17, -7.449587237906e-01, 2.589100690988e-06, 0.0000e+00, 0.0000e+00, 
 2DIAGNOSTIC,    18, -7.449541626459e-01, 2.055444391670e-06, 0.0000e+00, 0.0000e+00, 
 2DIAGNOSTIC,    19, -7.449496438572e-01, 1.935012354515e-06, 0.0000e+00, 0.0000e+00, 
 2DIAGNOSTIC,    20, -7.449340627432e-01, 1.885330140471e-06, 0.0000e+00, 0.0000e+00, 
 2DIAGNOSTIC,    21, -7.449324572246e-01, 1.400122180813e-06, 0.0000e+00, 0.0000e+00, 
DIAGNOSTIC,Iteration,metricValue,convergenceValue,ITERATION_TIME_INDEX,SINCE_LAST
 2DIAGNOSTIC,     1, -6.375577710353e-01, 1.797693134862e+308, 0.0000e+00, 0.0000e+00, 
 2DIAGNOSTIC,     2, -6.378400671917e-01, 1.797693134862e+308, 0.0000e+00, 0.0000e+00, 
 2DIAGNOSTIC,     3, -6.380176431096e-01, 1.797693134862e+308, 0.0000e+00, 0.0000e+00, 
 2DIAGNOSTIC,     4, -6.387227867855e-01, 1.797693134862e+308, 0.0000e+00, 0.0000e+00, 
 2DIAGNOSTIC,     5, -6.388708970330e-01, 1.797693134862e+308, 0.0000e+00, 0.0000e+00, 
 2DIAGNOSTIC,     6, -6.389479916829e-01, 1.797693134862e+308, 0.0000e+00, 0.0000e+00, 
 2DIAGNOSTIC,     7, -6.390572701412e-01, 1.797693134862e+308, 0.0000e+00, 0.0000e+00, 
 2DIAGNOSTIC,     8, -6.393228607983e-01, 1.797693134862e+308, 0.0000e+00, 0.0000e+00, 
 2DIAGNOSTIC,     9, -6.394625083187e-01, 1.797693134862e+308, 0.0000e+00, 0.0000e+00, 
 2DIAGNOSTIC,    10, -6.395743454321e-01, 2.010819709830e-04, 0.0000e+00, 0.0000e+00, 
 2DIAGNOSTIC,    11, -6.396172784607e-01, 1.571531252159e-04, 0.0000e+00, 0.0000e+00, 
 2DIAGNOSTIC,    12, -6.396200695527e-01, 1.172187604173e-04, 0.0000e+00, 0.0000e+00, 
 2DIAGNOSTIC,    13, -6.396039739599e-01, 7.767407494472e-05, 0.0000e+00, 0.0000e+00, 
 2DIAGNOSTIC,    14, -6.395983645720e-01, 5.882579961403e-05, 0.0000e+00, 0.0000e+00, 
 2DIAGNOSTIC,    15, -6.396087413892e-01, 4.185054426117e-05, 0.0000e+00, 0.0000e+00, 
 2DIAGNOSTIC,    16, -6.396114550134e-01, 2.539475459523e-05, 0.0000e+00, 0.0000e+00, 
 2DIAGNOSTIC,    17, -6.396108989022e-01, 1.126992953279e-05, 0.0000e+00, 0.0000e+00, 
 2DIAGNOSTIC,    18, -6.396035948907e-01, 4.020148544809e-06, 0.0000e+00, 0.0000e+00, 
DIAGNOSTIC,Iteration,metricValue,convergenceValue,ITERATION_TIME_INDEX,SINCE_LAST
 2DIAGNOSTIC,     1, -5.710857128299e-01, 1.797693134862e+308, 0.0000e+00, 0.0000e+00, 
 2DIAGNOSTIC,     2, -5.714994065000e-01, 1.797693134862e+308, 0.0000e+00, 0.0000e+00, 
 2DIAGNOSTIC,     3, -5.717864586376e-01, 1.797693134862e+308, 0.0000e+00, 0.0000e+00, 
 2DIAGNOSTIC,     4, -5.720783373813e-01, 1.797693134862e+308, 0.0000e+00, 0.0000e+00, 
 2DIAGNOSTIC,     5, -5.722668025346e-01, 1.797693134862e+308, 0.0000e+00, 0.0000e+00, 
 2DIAGNOSTIC,     6, -5.726426790313e-01, 1.797693134862e+308, 0.0000e+00, 0.0000e+00, 
 2DIAGNOSTIC,     7, -5.723018991234e-01, 1.797693134862e+308, 0.0000e+00, 0.0000e+00, 
 2DIAGNOSTIC,     8, -5.722052705148e-01, 1.797693134862e+308, 0.0000e+00, 0.0000e+00, 
 2DIAGNOSTIC,     9, -5.721684053711e-01, 1.797693134862e+308, 0.0000e+00, 0.0000e+00, 
 2DIAGNOSTIC,    10, -5.721539340085e-01, 1.050029827612e-04, 0.0000e+00, 0.0000e+00, 
 2DIAGNOSTIC,    11, -5.721578917950e-01, 4.325183617124e-05, 0.0000e+00, 0.0000e+00, 
 2DIAGNOSTIC,    12, -5.721567869103e-01, 5.099266066344e-06, 0.0000e+00, 0.0000e+00, 
  Elapsed time (stage 0): 0.0000e+00


Total elapsed time: 0.0000e+00
Info [verificarlo]: loaded backend libinterflop_ieee.so
Info [interflop-ieee]: load backend with:
Info [interflop-ieee]: debug = false
Info [interflop-ieee]: debug-binary = false
Info [interflop-ieee]: no-backend-name = false
Info [interflop-ieee]: print-new-line = false
Info [interflop-ieee]: print-subnormal-normalized = false
Info [interflop-ieee]: count-op = false
All_Command_lines_OK
Using double precision for computations.
=============================================================================
The composite transform comprises the following transforms (in order): 
  1. /home/mdugre/scratch/mri-registration-rp/datasets/ds004513/derivatives/mri-registration-rp/0110/antsRegistration-r8-p9/sub-s007/affine_Composite.h5[0] (type = Euler3DTransform)
  2. /home/mdugre/scratch/mri-registration-rp/datasets/ds004513/derivatives/mri-registration-rp/0110/antsRegistration-r8-p9/sub-s007/affine_Composite.h5[1] (type = Euler3DTransform)
  3. /home/mdugre/scratch/mri-registration-rp/datasets/ds004513/derivatives/mri-registration-rp/0110/antsRegistration-r8-p9/sub-s007/affine_Composite.h5[2] (type = Euler3DTransform)
  4. /home/mdugre/scratch/mri-registration-rp/datasets/ds004513/derivatives/mri-registration-rp/0110/antsRegistration-r8-p9/sub-s007/affine_Composite.h5[3] (type = AffineTransform)
=============================================================================
  number of levels = 4
  fixed image: /templateflow/tpl-MNI152NLin2009cAsym/tpl-MNI152NLin2009cAsym_res-01_desc-brain_T1w.nii.gz
  moving image: /home/mdugre/scratch/mri-registration-rp/datasets/ds004513/derivatives/mri-registration-rp/antsBrainExtraction/sub-s007/BrainExtractionBrain.nii.gz
Dimension = 3
Number of stages = 1
Use histogram matching = false
Winsorize image intensities = true
  Lower quantile = 0.005
  Upper quantile = 0.995


Stage 1 State
   Image metric = CC
     Fixed image = Image (0x4fcaa40)
  RTTI typeinfo:   itk::Image<double, 3u>
  Reference Count: 2
  Modified Time: 1608
  Debug: Off
  Object Name: 
  Observers: 
    none
  Source: (none)
  Source output name: (none)
  Release Data: Off
  Data Released: False
  Global Release Data: Off
  PipelineMTime: 0
  UpdateMTime: 1217
  RealTimeStamp: 0 seconds 
  LargestPossibleRegion: 
    Dimension: 3
    Index: [0, 0, 0]
    Size: [193, 229, 193]
  BufferedRegion: 
    Dimension: 3
    Index: [0, 0, 0]
    Size: [193, 229, 193]
  RequestedRegion: 
    Dimension: 3
    Index: [0, 0, 0]
    Size: [193, 229, 193]
  Spacing: [1, 1, 1]
  Origin: [96, 132, -78]
  Direction: 
-1 0 0
0 -1 0
0 0 1

  IndexToPointMatrix: 
-1 0 0
0 -1 0
0 0 1

  PointToIndexMatrix: 
-1 0 0
0 -1 0
0 0 1

  Inverse Direction: 
-1 0 0
0 -1 0
0 0 1

  PixelContainer: 
    ImportImageContainer (0x50a2410)
      RTTI typeinfo:   itk::ImportImageContainer<unsigned long, double>
      Reference Count: 1
      Modified Time: 1214
      Debug: Off
      Object Name: 
      Observers: 
        none
      Pointer: 0x1530e8ab6010
      Container manages memory: true
      Size: 8530021
      Capacity: 8530021

     Moving image = Image (0x5086520)
  RTTI typeinfo:   itk::Image<double, 3u>
  Reference Count: 2
  Modified Time: 1609
  Debug: Off
  Object Name: 
  Observers: 
    none
  Source: (none)
  Source output name: (none)
  Release Data: Off
  Data Released: False
  Global Release Data: Off
  PipelineMTime: 0
  UpdateMTime: 1606
  RealTimeStamp: 0 seconds 
  LargestPossibleRegion: 
    Dimension: 3
    Index: [0, 0, 0]
    Size: [176, 240, 256]
  BufferedRegion: 
    Dimension: 3
    Index: [0, 0, 0]
    Size: [176, 240, 256]
  RequestedRegion: 
    Dimension: 3
    Index: [0, 0, 0]
    Size: [176, 240, 256]
  Spacing: [1, 1, 1]
  Origin: [93.4772, 83.7926, -132.68]
  Direction: 
-0.997185 -0.0749788 0
0.0749788 -0.997185 0
0 0 1

  IndexToPointMatrix: 
-0.997185 -0.0749788 0
0.0749787 -0.997185 0
0 0 1

  PointToIndexMatrix: 
-0.997185 0.0749788 0
-0.0749788 -0.997185 0
0 0 1

  Inverse Direction: 
-0.997185 0.0749788 0
-0.0749788 -0.997185 0
0 0 1

  PixelContainer: 
    ImportImageContainer (0x50a90d0)
      RTTI typeinfo:   itk::ImportImageContainer<unsigned long, double>
      Reference Count: 1
      Modified Time: 1603
      Debug: Off
      Object Name: 
      Observers: 
        none
      Pointer: 0x1530e3835010
      Container manages memory: true
      Size: 10813440
      Capacity: 10813440

     Weighting = 1
     Sampling strategy = none
     Number of bins = 32
     Radius = 4
     Sampling percentage  = 1
   Transform = SyN
     Gradient step = 0.1
     Update field sigma (voxel space) = 3
     Total field sigma (voxel space) = 0
     Update field time sigma = 0
     Total field time sigma  = 0
     Number of time indices = 0
     Number of time point samples = 0
Registration using 1 total stages.

Stage 0
  iterations = 100x70x50x20
  convergence threshold = 1e-06
  convergence window size = 10
  number of levels = 4
  using the CC metric (radius = 4, weight = 1, use gradient filter = 0)
  preprocessing:  winsorizing the image intensities
  Shrink factors (level 1 out of 4): [8, 8, 8]
  Shrink factors (level 2 out of 4): [4, 4, 4]
  Shrink factors (level 3 out of 4): [2, 2, 2]
  Shrink factors (level 4 out of 4): [1, 1, 1]
  smoothing sigmas per level: [3, 2, 1, 0]
  Using default NONE metricSamplingStrategy 

*** Running SyN registration (varianceForUpdateField = 3, varianceForTotalField = 0) ***

XXDIAGNOSTIC,Iteration,metricValue,convergenceValue,ITERATION_TIME_INDEX,SINCE_LAST
 1DIAGNOSTIC,     1, -9.261699341464e-01, 1.797693134862e+308, 1.2284e+00, 1.2284e+00, 
 1DIAGNOSTIC,     2, -9.363896279501e-01, 1.797693134862e+308, 1.5952e+00, 3.6673e-01, 
 1DIAGNOSTIC,     3, -9.441785439652e-01, 1.797693134862e+308, 2.0468e+00, 4.5161e-01, 
 1DIAGNOSTIC,     4, -9.490422608721e-01, 1.797693134862e+308, 2.3892e+00, 3.4243e-01, 
 1DIAGNOSTIC,     5, -9.517156924698e-01, 1.797693134862e+308, 2.7208e+00, 3.3158e-01, 
 1DIAGNOSTIC,     6, -9.540678802001e-01, 1.797693134862e+308, 3.0552e+00, 3.3441e-01, 
 1DIAGNOSTIC,     7, -9.564127518236e-01, 1.797693134862e+308, 3.3899e+00, 3.3466e-01, 
 1DIAGNOSTIC,     8, -9.588452265860e-01, 1.797693134862e+308, 3.7396e+00, 3.4970e-01, 
 1DIAGNOSTIC,     9, -9.615177107691e-01, 1.797693134862e+308, 4.1255e+00, 3.8593e-01, 
 1DIAGNOSTIC,    10, -9.640117987079e-01, 2.214116092546e-03, 4.4806e+00, 3.5513e-01, 
 1DIAGNOSTIC,    11, -9.662076938577e-01, 1.621500865183e-03, 4.8405e+00, 3.5990e-01, 
 1DIAGNOSTIC,    12, -9.675226825032e-01, 1.266465092470e-03, 5.2026e+00, 3.6210e-01, 
 1DIAGNOSTIC,    13, -9.674459710631e-01, 1.027287813319e-03, 5.5805e+00, 3.7791e-01, 
 1DIAGNOSTIC,    14, -9.676691189443e-01, 8.374215154579e-04, 5.9315e+00, 3.5099e-01, 
 1DIAGNOSTIC,    15, -9.677237819343e-01, 6.501708427190e-04, 6.3049e+00, 3.7335e-01, 
 1DIAGNOSTIC,    16, -9.678786383297e-01, 4.729124196098e-04, 6.6420e+00, 3.3717e-01, 
 1DIAGNOSTIC,    17, -9.679486577930e-01, 3.151124527259e-04, 6.9812e+00, 3.3913e-01, 
 1DIAGNOSTIC,    18, -9.680734918903e-01, 1.880229911113e-04, 7.3143e+00, 3.3316e-01, 
 1DIAGNOSTIC,    19, -9.681513467673e-01, 9.969101123181e-05, 7.6432e+00, 3.2893e-01, 
 1DIAGNOSTIC,    20, -9.682610788257e-01, 4.901451887003e-05, 7.9860e+00, 3.4279e-01, 
 1DIAGNOSTIC,    21, -9.683466543647e-01, 3.043832370615e-05, 8.3185e+00, 3.3251e-01, 
 1DIAGNOSTIC,    22, -9.684424390645e-01, 2.990561938923e-05, 8.6479e+00, 3.2937e-01, 
 1DIAGNOSTIC,    23, -9.685192602882e-01, 2.668579241327e-05, 8.9943e+00, 3.4642e-01, 
 1DIAGNOSTIC,    24, -9.686045170565e-01, 2.516368394052e-05, 9.3427e+00, 3.4841e-01, 
 1DIAGNOSTIC,    25, -9.686817378597e-01, 2.304081574553e-05, 9.6914e+00, 3.4870e-01, 
 1DIAGNOSTIC,    26, -9.687363271895e-01, 2.140294773195e-05, 1.0019e+01, 3.2791e-01, 
 1DIAGNOSTIC,    27, -9.688071784448e-01, 1.950483023334e-05, 1.0351e+01, 3.3126e-01, 
 1DIAGNOSTIC,    28, -9.688749568566e-01, 1.803193188796e-05, 1.0695e+01, 3.4467e-01, 
 1DIAGNOSTIC,    29, -9.689368699841e-01, 1.646254512351e-05, 1.1035e+01, 3.3957e-01, 
 1DIAGNOSTIC,    30, -9.689961079674e-01, 1.519382176197e-05, 1.1383e+01, 3.4768e-01, 
 1DIAGNOSTIC,    31, -9.690556022212e-01, 1.403583871987e-05, 1.1732e+01, 3.4983e-01, 
 1DIAGNOSTIC,    32, -9.691035896243e-01, 1.303100838713e-05, 1.2100e+01, 3.6745e-01, 
 1DIAGNOSTIC,    33, -9.691139805078e-01, 1.170920978708e-05, 1.2455e+01, 3.5477e-01, 
 1DIAGNOSTIC,    34, -9.691569032072e-01, 1.055305750979e-05, 1.2824e+01, 3.6981e-01, 
 1DIAGNOSTIC,    35, -9.692066395784e-01, 9.608895291120e-06, 1.3164e+01, 3.4006e-01, 
 1DIAGNOSTIC,    36, -9.692447210871e-01, 8.630998984405e-06, 1.3517e+01, 3.5242e-01, 
 1DIAGNOSTIC,    37, -9.692905744161e-01, 7.891220252028e-06, 1.3866e+01, 3.4939e-01, 
 1DIAGNOSTIC,    38, -9.693255084556e-01, 7.313608386024e-06, 1.4237e+01, 3.7087e-01, 
 1DIAGNOSTIC,    39, -9.693685758939e-01, 6.935448766808e-06, 1.4616e+01, 3.7854e-01, 
 1DIAGNOSTIC,    40, -9.694005989892e-01, 6.649886517784e-06, 1.4972e+01, 3.5649e-01, 
 1DIAGNOSTIC,    41, -9.694392390892e-01, 6.515781601161e-06, 1.5339e+01, 3.6706e-01, 
 1DIAGNOSTIC,    42, -9.694634994107e-01, 6.347273051835e-06, 1.5680e+01, 3.4108e-01, 
 1DIAGNOSTIC,    43, -9.694994526690e-01, 5.966274738780e-06, 1.6026e+01, 3.4578e-01, 
 1DIAGNOSTIC,    44, -9.695184487342e-01, 5.509458187090e-06, 1.6367e+01, 3.4130e-01, 
 1DIAGNOSTIC,    45, -9.695559988045e-01, 5.183704857140e-06, 1.6700e+01, 3.3307e-01, 
 1DIAGNOSTIC,    46, -9.695551399440e-01, 4.674184077992e-06, 1.7037e+01, 3.3701e-01, 
 1DIAGNOSTIC,    47, -9.696061984434e-01, 4.413801987794e-06, 1.7364e+01, 3.2638e-01, 
 1DIAGNOSTIC,    48, -9.695974727257e-01, 3.956261521654e-06, 1.7693e+01, 3.2915e-01, 
 1DIAGNOSTIC,    49, -9.696369711186e-01, 3.699685552902e-06, 1.8030e+01, 3.3741e-01, 
 1DIAGNOSTIC,    50, -9.696339028590e-01, 3.324019435577e-06, 1.8362e+01, 3.3192e-01, 
 1DIAGNOSTIC,    51, -9.696756809769e-01, 3.170885017962e-06, 1.8698e+01, 3.3577e-01, 
 1DIAGNOSTIC,    52, -9.697117509572e-01, 3.112132043511e-06, 1.9034e+01, 3.3594e-01, 
 1DIAGNOSTIC,    53, -9.697557379814e-01, 3.255109924667e-06, 1.9363e+01, 3.2846e-01, 
 1DIAGNOSTIC,    54, -9.697448974122e-01, 3.177078627136e-06, 1.9706e+01, 3.4379e-01, 
 1DIAGNOSTIC,    55, -9.697903326430e-01, 3.306704267025e-06, 2.0066e+01, 3.5925e-01, 
 1DIAGNOSTIC,    56, -9.697753253742e-01, 3.073480601200e-06, 2.0400e+01, 3.3424e-01, 
 1DIAGNOSTIC,    57, -9.698216972790e-01, 3.113842576057e-06, 2.0730e+01, 3.2993e-01, 
 1DIAGNOSTIC,    58, -9.698025782073e-01, 2.755478564070e-06, 2.1057e+01, 3.2764e-01, 
 1DIAGNOSTIC,    59, -9.698502155401e-01, 2.641337426983e-06, 2.1390e+01, 3.3285e-01, 
 1DIAGNOSTIC,    60, -9.698273116483e-01, 2.194071353736e-06, 2.1737e+01, 3.4711e-01, 
 1DIAGNOSTIC,    61, -9.698753372773e-01, 2.035515094555e-06, 2.2075e+01, 3.3773e-01, 
 1DIAGNOSTIC,    62, -9.698489897526e-01, 1.772410087891e-06, 2.2412e+01, 3.3705e-01, 
 1DIAGNOSTIC,    63, -9.698941232171e-01, 1.820028988461e-06, 2.2763e+01, 3.5045e-01, 
 1DIAGNOSTIC,    64, -9.698668732113e-01, 1.554543470689e-06, 2.3122e+01, 3.5917e-01, 
 1DIAGNOSTIC,    65, -9.699094563209e-01, 1.601152768586e-06, 2.3470e+01, 3.4826e-01, 
 1DIAGNOSTIC,    66, -9.698819274766e-01, 1.339979123726e-06, 2.3822e+01, 3.5215e-01, 
 1DIAGNOSTIC,    67, -9.699237789777e-01, 1.398884212876e-06, 2.4172e+01, 3.5002e-01, 
 1DIAGNOSTIC,    68, -9.698955619626e-01, 1.152689753682e-06, 2.4518e+01, 3.4609e-01, 
 1DIAGNOSTIC,    69, -9.699375818473e-01, 1.237601529072e-06, 2.4848e+01, 3.2978e-01, 
 1DIAGNOSTIC,    70, -9.699079844144e-01, 1.015018437451e-06, 2.5179e+01, 3.3062e-01, 
 1DIAGNOSTIC,    71, -9.699503015643e-01, 1.126842462134e-06, 2.5519e+01, 3.4048e-01, 
 1DIAGNOSTIC,    72, -9.699205013742e-01, 9.315082672521e-07, 2.5853e+01, 3.3355e-01, 
XXDIAGNOSTIC,Iteration,metricValue,convergenceValue,ITERATION_TIME_INDEX,SINCE_LAST
 1DIAGNOSTIC,     1, -9.109886935415e-01, 1.797693134862e+308, 2.8815e+01, 2.9625e+00, 
 1DIAGNOSTIC,     2, -9.142677426618e-01, 1.797693134862e+308, 3.1347e+01, 2.5323e+00, 
 1DIAGNOSTIC,     3, -9.175336315609e-01, 1.797693134862e+308, 3.3691e+01, 2.3433e+00, 
 1DIAGNOSTIC,     4, -9.206206316716e-01, 1.797693134862e+308, 3.6058e+01, 2.3676e+00, 
 1DIAGNOSTIC,     5, -9.233213892807e-01, 1.797693134862e+308, 3.8601e+01, 2.5425e+00, 
 1DIAGNOSTIC,     6, -9.255090114052e-01, 1.797693134862e+308, 4.0959e+01, 2.3582e+00, 
 1DIAGNOSTIC,     7, -9.273034237679e-01, 1.797693134862e+308, 4.3429e+01, 2.4705e+00, 
 1DIAGNOSTIC,     8, -9.288256516081e-01, 1.797693134862e+308, 4.5684e+01, 2.2545e+00, 
 1DIAGNOSTIC,     9, -9.301741520433e-01, 1.797693134862e+308, 4.8103e+01, 2.4187e+00, 
 1DIAGNOSTIC,    10, -9.313898740314e-01, 1.410591383931e-03, 5.0508e+01, 2.4050e+00, 
 1DIAGNOSTIC,    11, -9.325116207244e-01, 1.119398153798e-03, 5.3106e+01, 2.5984e+00, 
 1DIAGNOSTIC,    12, -9.335752347357e-01, 8.869455980994e-04, 5.5778e+01, 2.6723e+00, 
 1DIAGNOSTIC,    13, -9.345661389422e-01, 7.100046421466e-04, 5.8447e+01, 2.6682e+00, 
 1DIAGNOSTIC,    14, -9.353273689776e-01, 5.775340863425e-04, 6.1094e+01, 2.6478e+00, 
 1DIAGNOSTIC,    15, -9.362413132106e-01, 4.834894625778e-04, 6.3277e+01, 2.1823e+00, 
 1DIAGNOSTIC,    16, -9.371390364470e-01, 4.155147176560e-04, 6.5573e+01, 2.2959e+00, 
 1DIAGNOSTIC,    17, -9.380183873171e-01, 3.650738725700e-04, 6.7861e+01, 2.2883e+00, 
 1DIAGNOSTIC,    18, -9.387907478398e-01, 3.252734522439e-04, 7.0219e+01, 2.3579e+00, 
 1DIAGNOSTIC,    19, -9.394465350138e-01, 2.916642794972e-04, 7.2407e+01, 2.1879e+00, 
 1DIAGNOSTIC,    20, -9.400141308136e-01, 2.614634866838e-04, 7.4625e+01, 2.2185e+00, 
 1DIAGNOSTIC,    21, -9.401843389352e-01, 2.284220628688e-04, 7.7391e+01, 2.7659e+00, 
 1DIAGNOSTIC,    22, -9.403649482505e-01, 1.943312259893e-04, 7.9856e+01, 2.4646e+00, 
 1DIAGNOSTIC,    23, -9.405510205262e-01, 1.606972830663e-04, 8.2202e+01, 2.3464e+00, 
 1DIAGNOSTIC,    24, -9.407341425199e-01, 1.267477463011e-04, 8.4421e+01, 2.2189e+00, 
 1DIAGNOSTIC,    25, -9.409059367865e-01, 9.682579233368e-05, 8.6939e+01, 2.5181e+00, 
 1DIAGNOSTIC,    26, -9.410720726671e-01, 7.259366924210e-05, 8.9289e+01, 2.3497e+00, 
 1DIAGNOSTIC,    27, -9.412232794980e-01, 5.498275658575e-05, 9.1621e+01, 2.3321e+00, 
 1DIAGNOSTIC,    28, -9.413560298569e-01, 4.327237156340e-05, 9.3978e+01, 2.3567e+00, 
 1DIAGNOSTIC,    29, -9.414877594233e-01, 3.651205406424e-05, 9.6252e+01, 2.2744e+00, 
 1DIAGNOSTIC,    30, -9.416077727889e-01, 3.380119031385e-05, 9.8518e+01, 2.2656e+00, 
 1DIAGNOSTIC,    31, -9.417192486572e-01, 3.089886967785e-05, 1.0080e+02, 2.2842e+00, 
 1DIAGNOSTIC,    32, -9.418257661933e-01, 2.804626384677e-05, 1.0315e+02, 2.3440e+00, 
 1DIAGNOSTIC,    33, -9.419200847280e-01, 2.535564207586e-05, 1.0541e+02, 2.2681e+00, 
 1DIAGNOSTIC,    34, -9.420101348214e-01, 2.292474530863e-05, 1.0771e+02, 2.2996e+00, 
 1DIAGNOSTIC,    35, -9.420978294493e-01, 2.077015279761e-05, 1.0994e+02, 2.2254e+00, 
 1DIAGNOSTIC,    36, -9.421687882106e-01, 1.882347958965e-05, 1.1223e+02, 2.2957e+00, 
 1DIAGNOSTIC,    37, -9.422274637015e-01, 1.698127419397e-05, 1.1457e+02, 2.3386e+00, 
 1DIAGNOSTIC,    38, -9.422877997779e-01, 1.522834152656e-05, 1.1696e+02, 2.3870e+00, 
 1DIAGNOSTIC,    39, -9.423467207811e-01, 1.366146417112e-05, 1.1951e+02, 2.5473e+00, 
 1DIAGNOSTIC,    40, -9.424050761164e-01, 1.228496884827e-05, 1.2218e+02, 2.6768e+00, 
 1DIAGNOSTIC,    41, -9.424610860498e-01, 1.110487980033e-05, 1.2475e+02, 2.5700e+00, 
 1DIAGNOSTIC,    42, -9.425038338430e-01, 1.006326775905e-05, 1.2733e+02, 2.5738e+00, 
 1DIAGNOSTIC,    43, -9.425500138340e-01, 9.163895623637e-06, 1.2958e+02, 2.2531e+00, 
 1DIAGNOSTIC,    44, -9.425857096547e-01, 8.354457833735e-06, 1.3187e+02, 2.2935e+00, 
 1DIAGNOSTIC,    45, -9.426258109430e-01, 7.703526556060e-06, 1.3443e+02, 2.5542e+00, 
 1DIAGNOSTIC,    46, -9.426635036075e-01, 7.120417153103e-06, 1.3688e+02, 2.4470e+00, 
 1DIAGNOSTIC,    47, -9.426986641255e-01, 6.545438117185e-06, 1.3932e+02, 2.4449e+00, 
 1DIAGNOSTIC,    48, -9.427303282736e-01, 6.007840645618e-06, 1.4181e+02, 2.4923e+00, 
 1DIAGNOSTIC,    49, -9.427634977354e-01, 5.543926930609e-06, 1.4450e+02, 2.6899e+00, 
 1DIAGNOSTIC,    50, -9.427923961340e-01, 5.151407910228e-06, 1.4712e+02, 2.6217e+00, 
 1DIAGNOSTIC,    51, -9.428177985428e-01, 4.820453461733e-06, 1.4964e+02, 2.5132e+00, 
 1DIAGNOSTIC,    52, -9.428424535310e-01, 4.487709473585e-06, 1.5185e+02, 2.2140e+00, 
 1DIAGNOSTIC,    53, -9.428650169902e-01, 4.185573469064e-06, 1.5432e+02, 2.4643e+00, 
 1DIAGNOSTIC,    54, -9.428863291311e-01, 3.866162682501e-06, 1.5663e+02, 2.3117e+00, 
 1DIAGNOSTIC,    55, -9.429068705010e-01, 3.573973080481e-06, 1.5903e+02, 2.3998e+00, 
 1DIAGNOSTIC,    56, -9.429258455718e-01, 3.307874850131e-06, 1.6140e+02, 2.3676e+00, 
 1DIAGNOSTIC,    57, -9.429445336697e-01, 3.071420222538e-06, 1.6379e+02, 2.3980e+00, 
 1DIAGNOSTIC,    58, -9.429626164179e-01, 2.858066814267e-06, 1.6611e+02, 2.3146e+00, 
 1DIAGNOSTIC,    59, -9.429801491362e-01, 2.687389325642e-06, 1.6890e+02, 2.7903e+00, 
 1DIAGNOSTIC,    60, -9.429966684114e-01, 2.542716328404e-06, 1.7123e+02, 2.3277e+00, 
 1DIAGNOSTIC,    61, -9.430159945636e-01, 2.429019147130e-06, 1.7347e+02, 2.2478e+00, 
 1DIAGNOSTIC,    62, -9.430318979301e-01, 2.331051999975e-06, 1.7589e+02, 2.4145e+00, 
 1DIAGNOSTIC,    63, -9.430388516989e-01, 2.201240542763e-06, 1.7812e+02, 2.2303e+00, 
 1DIAGNOSTIC,    64, -9.430496941939e-01, 2.063782605706e-06, 1.8044e+02, 2.3237e+00, 
 1DIAGNOSTIC,    65, -9.430620674784e-01, 1.931389993329e-06, 1.8295e+02, 2.5043e+00, 
 1DIAGNOSTIC,    66, -9.430736940413e-01, 1.802065491781e-06, 1.8529e+02, 2.3430e+00, 
 1DIAGNOSTIC,    67, -9.430847089563e-01, 1.682042942847e-06, 1.8770e+02, 2.4080e+00, 
 1DIAGNOSTIC,    68, -9.430917617962e-01, 1.560567994184e-06, 1.9007e+02, 2.3747e+00, 
 1DIAGNOSTIC,    69, -9.431015679524e-01, 1.456962695037e-06, 1.9242e+02, 2.3489e+00, 
 1DIAGNOSTIC,    70, -9.431113541127e-01, 1.371875572285e-06, 1.9479e+02, 2.3663e+00, 
XXDIAGNOSTIC,Iteration,metricValue,convergenceValue,ITERATION_TIME_INDEX,SINCE_LAST
 1DIAGNOSTIC,     1, -8.914448753835e-01, 1.797693134862e+308, 2.1470e+02, 1.9911e+01, 
 1DIAGNOSTIC,     2, -8.939819260550e-01, 1.797693134862e+308, 2.3380e+02, 1.9097e+01, 
 1DIAGNOSTIC,     3, -8.966982953256e-01, 1.797693134862e+308, 2.5228e+02, 1.8481e+01, 
 1DIAGNOSTIC,     4, -8.993271188973e-01, 1.797693134862e+308, 2.7129e+02, 1.9016e+01, 
 1DIAGNOSTIC,     5, -9.014667610306e-01, 1.797693134862e+308, 2.9004e+02, 1.8747e+01, 
 1DIAGNOSTIC,     6, -9.035595358665e-01, 1.797693134862e+308, 3.1022e+02, 2.0177e+01, 
 1DIAGNOSTIC,     7, -9.053111032479e-01, 1.797693134862e+308, 3.3044e+02, 2.0221e+01, 
 1DIAGNOSTIC,     8, -9.069717834311e-01, 1.797693134862e+308, 3.5038e+02, 1.9947e+01, 
 1DIAGNOSTIC,     9, -9.085802965112e-01, 1.797693134862e+308, 3.7109e+02, 2.0706e+01, 
 1DIAGNOSTIC,    10, -9.100407084302e-01, 1.317532435050e-03, 3.9139e+02, 2.0303e+01, 
 1DIAGNOSTIC,    11, -9.113385285856e-01, 1.101202423989e-03, 4.1095e+02, 1.9557e+01, 
 1DIAGNOSTIC,    12, -9.122579166679e-01, 9.121276817286e-04, 4.3118e+02, 2.0233e+01, 
 1DIAGNOSTIC,    13, -9.132223872289e-01, 7.582559787692e-04, 4.5031e+02, 1.9130e+01, 
 1DIAGNOSTIC,    14, -9.138918859924e-01, 6.310028757728e-04, 4.7111e+02, 2.0797e+01, 
 1DIAGNOSTIC,    15, -9.144828179136e-01, 5.197954242627e-04, 4.8969e+02, 1.8582e+01, 
 1DIAGNOSTIC,    16, -9.151923232236e-01, 4.295461263533e-04, 5.0871e+02, 1.9015e+01, 
 1DIAGNOSTIC,    17, -9.156550246893e-01, 3.509313933753e-04, 5.2938e+02, 2.0676e+01, 
 1DIAGNOSTIC,    18, -9.160834389063e-01, 2.848302552758e-04, 5.4943e+02, 2.0046e+01, 
 1DIAGNOSTIC,    19, -9.164866488067e-01, 2.322966822374e-04, 5.6888e+02, 1.9447e+01, 
 1DIAGNOSTIC,    20, -9.168731243838e-01, 1.921606728665e-04, 5.8930e+02, 2.0420e+01, 
 1DIAGNOSTIC,    21, -9.172416022691e-01, 1.626738008078e-04, 6.0719e+02, 1.7897e+01, 
 1DIAGNOSTIC,    22, -9.175999457370e-01, 1.387060345673e-04, 6.2730e+02, 2.0109e+01, 
 1DIAGNOSTIC,    23, -9.179504556103e-01, 1.217293214947e-04, 6.4680e+02, 1.9500e+01, 
 1DIAGNOSTIC,    24, -9.182914067258e-01, 1.079201889972e-04, 6.6472e+02, 1.7918e+01, 
 1DIAGNOSTIC,    25, -9.186263731147e-01, 9.657437314584e-05, 6.8581e+02, 2.1092e+01, 
 1DIAGNOSTIC,    26, -9.189578860005e-01, 8.952394728001e-05, 7.0370e+02, 1.7893e+01, 
 1DIAGNOSTIC,    27, -9.192893888379e-01, 8.375226060047e-05, 7.2400e+02, 2.0295e+01, 
 1DIAGNOSTIC,    28, -9.196199377829e-01, 7.896065566074e-05, 7.4343e+02, 1.9428e+01, 
 1DIAGNOSTIC,    29, -9.199479440195e-01, 7.491905456145e-05, 7.6374e+02, 2.0309e+01, 
 1DIAGNOSTIC,    30, -9.202761133610e-01, 7.150696504069e-05, 7.8300e+02, 1.9265e+01, 
 1DIAGNOSTIC,    31, -9.206054727286e-01, 6.857914332370e-05, 8.0409e+02, 2.1088e+01, 
 1DIAGNOSTIC,    32, -9.209331893655e-01, 6.603158749738e-05, 8.2404e+02, 1.9954e+01, 
 1DIAGNOSTIC,    33, -9.212320281396e-01, 6.352175704322e-05, 8.4343e+02, 1.9389e+01, 
 1DIAGNOSTIC,    34, -9.214962589285e-01, 6.069766402703e-05, 8.6134e+02, 1.7908e+01, 
 1DIAGNOSTIC,    35, -9.217290653384e-01, 5.734929535516e-05, 8.8076e+02, 1.9421e+01, 
 1DIAGNOSTIC,    36, -9.219376792359e-01, 5.343331916538e-05, 9.0235e+02, 2.1593e+01, 
 1DIAGNOSTIC,    37, -9.221266669805e-01, 4.904978435776e-05, 9.2356e+02, 2.1202e+01, 
 1DIAGNOSTIC,    38, -9.223010239487e-01, 4.439097360272e-05, 9.4429e+02, 2.0730e+01, 
 1DIAGNOSTIC,    39, -9.224606314866e-01, 3.966489061445e-05, 9.6205e+02, 1.7761e+01, 
 1DIAGNOSTIC,    40, -9.226102714263e-01, 3.514278207446e-05, 9.8156e+02, 1.9512e+01, 
 1DIAGNOSTIC,    41, -9.227506430302e-01, 3.108138702428e-05, 1.0010e+03, 1.9460e+01, 
 1DIAGNOSTIC,    42, -9.228821130933e-01, 2.767677754215e-05, 1.0212e+03, 2.0181e+01, 
 1DIAGNOSTIC,    43, -9.230080144206e-01, 2.489193905416e-05, 1.0415e+03, 2.0272e+01, 
 1DIAGNOSTIC,    44, -9.231285670067e-01, 2.261005620000e-05, 1.0618e+03, 2.0283e+01, 
 1DIAGNOSTIC,    45, -9.232494416078e-01, 2.074920086811e-05, 1.0830e+03, 2.1195e+01, 
 1DIAGNOSTIC,    46, -9.233662024757e-01, 1.922158973012e-05, 1.1013e+03, 1.8368e+01, 
 1DIAGNOSTIC,    47, -9.234822012459e-01, 1.797590290204e-05, 1.1191e+03, 1.7816e+01, 
 1DIAGNOSTIC,    48, -9.235998379057e-01, 1.699194636990e-05, 1.1383e+03, 1.9171e+01, 
 1DIAGNOSTIC,    49, -9.237175510225e-01, 1.621882919471e-05, 1.1571e+03, 1.8829e+01, 
 1DIAGNOSTIC,    50, -9.238320809902e-01, 1.560342154262e-05, 1.1769e+03, 1.9792e+01, 
XXDIAGNOSTIC,Iteration,metricValue,convergenceValue,ITERATION_TIME_INDEX,SINCE_LAST
 1DIAGNOSTIC,     1, -8.790240370838e-01, 1.797693134862e+308, 1.3283e+03, 1.5141e+02, 
 1DIAGNOSTIC,     2, -8.802283540943e-01, 1.797693134862e+308, 1.4787e+03, 1.5037e+02, 
 1DIAGNOSTIC,     3, -8.817363061609e-01, 1.797693134862e+308, 1.6332e+03, 1.5445e+02, 
 1DIAGNOSTIC,     4, -8.833978329426e-01, 1.797693134862e+308, 1.7854e+03, 1.5225e+02, 
 1DIAGNOSTIC,     5, -8.850074880700e-01, 1.797693134862e+308, 1.9370e+03, 1.5157e+02, 
 1DIAGNOSTIC,     6, -8.865705942107e-01, 1.797693134862e+308, 2.0871e+03, 1.5016e+02, 
 1DIAGNOSTIC,     7, -8.878572618434e-01, 1.797693134862e+308, 2.2385e+03, 1.5140e+02, 
 1DIAGNOSTIC,     8, -8.891215017092e-01, 1.797693134862e+308, 2.3874e+03, 1.4887e+02, 
 1DIAGNOSTIC,     9, -8.903065981669e-01, 1.797693134862e+308, 2.5368e+03, 1.4933e+02, 
 1DIAGNOSTIC,    10, -8.914847164942e-01, 9.272671667165e-04, 2.6861e+03, 1.4935e+02, 
 1DIAGNOSTIC,    11, -8.924808214855e-01, 8.121077735428e-04, 2.8405e+03, 1.5438e+02, 
 1DIAGNOSTIC,    12, -8.932985930031e-01, 6.970669663070e-04, 2.9944e+03, 1.5396e+02, 
 1DIAGNOSTIC,    13, -8.941677695467e-01, 5.950843219380e-04, 3.1446e+03, 1.5021e+02, 
 1DIAGNOSTIC,    14, -8.949915726003e-01, 5.099920320466e-04, 3.2957e+03, 1.5109e+02, 
 1DIAGNOSTIC,    15, -8.958700833783e-01, 4.422676711944e-04, 3.4437e+03, 1.4799e+02, 
 1DIAGNOSTIC,    16, -8.965040438448e-01, 3.860732007287e-04, 3.5941e+03, 1.5036e+02, 
 1DIAGNOSTIC,    17, -8.972264202998e-01, 3.386213868041e-04, 3.7460e+03, 1.5196e+02, 
 1DIAGNOSTIC,    18, -8.978018901592e-01, 2.976180253263e-04, 3.8957e+03, 1.4966e+02, 
 1DIAGNOSTIC,    19, -8.984929147600e-01, 2.646355486242e-04, 4.0475e+03, 1.5183e+02, 
 1DIAGNOSTIC,    20, -8.990139387016e-01, 2.372454267331e-04, 4.1962e+03, 1.4871e+02, 
  Elapsed time (stage 0): 4197.4


Total elapsed time: 4197.4
