
##########################
# Experiment information #
##########################

EXPERIMENT_NAME: antsRegistration-r7-p21
VFC_BACKENDS: libinterflop_vprec.so --range-binary32=7 --precision-binary32=21 --range-binary64=7 --precision-binary64=21

SIF_IMG: /home/mdugre/projects/rrg-glatard/mdugre/containers/ants-vprec-no_metrics.simg

SUBJECT_ID: s034
INPUT_IMG: /home/mdugre/scratch/mri-registration-rp/datasets/ds004513/derivatives/mri-registration-rp/antsBrainExtraction/sub-s034/BrainExtractionBrain.nii.gz
OUTPUT_DIR: /home/mdugre/scratch/mri-registration-rp/datasets/ds004513/derivatives/mri-registration-rp/0111/antsRegistration-r7-p21/sub-s034

FIXED_IMG: /templateflow/tpl-MNI152NLin2009cAsym/tpl-MNI152NLin2009cAsym_res-01_desc-brain_T1w.nii.gz
DATA_DIR: /home/mdugre/scratch/mri-registration-rp/datasets/ds004513
TEMPLATEFLOW_DIR: /home/mdugre/projects/rrg-glatard/mdugre/templateflow
ITK_GLOBAL_DEFAULT_NUMBER_OF_THREADS: 16
##########################

Info [verificarlo]: loaded backend libinterflop_ieee.so
Info [interflop-ieee]: load backend with:
Info [interflop-ieee]: debug = false
Info [interflop-ieee]: debug-binary = false
Info [interflop-ieee]: no-backend-name = false
Info [interflop-ieee]: print-new-line = false
Info [interflop-ieee]: print-subnormal-normalized = false
Info [interflop-ieee]: count-op = false
All_Command_lines_OK
Using double precision for computations.
=============================================================================
The composite transform comprises the following transforms (in order): 
  1. Center of mass alignment using fixed image: /templateflow/tpl-MNI152NLin2009cAsym/tpl-MNI152NLin2009cAsym_res-01_desc-brain_T1w.nii.gz and moving image: /home/mdugre/scratch/mri-registration-rp/datasets/ds004513/derivatives/mri-registration-rp/antsBrainExtraction/sub-s034/BrainExtractionBrain.nii.gz (type = Euler3DTransform)
=============================================================================
  number of levels = 1
  fixed image: /templateflow/tpl-MNI152NLin2009cAsym/tpl-MNI152NLin2009cAsym_res-01_desc-brain_T1w.nii.gz
  moving image: /home/mdugre/scratch/mri-registration-rp/datasets/ds004513/derivatives/mri-registration-rp/antsBrainExtraction/sub-s034/BrainExtractionBrain.nii.gz
Dimension = 3
Number of stages = 1
Use histogram matching = false
Winsorize image intensities = true
  Lower quantile = 0.005
  Upper quantile = 0.995


Stage 1 State
   Image metric = MattesMI
     Fixed image = Image (0x3977e70)
  RTTI typeinfo:   itk::Image<double, 3u>
  Reference Count: 2
  Modified Time: 2330
  Debug: Off
  Object Name: 
  Observers: 
    none
  Source: (none)
  Source output name: (none)
  Release Data: Off
  Data Released: False
  Global Release Data: Off
  PipelineMTime: 0
  UpdateMTime: 1941
  RealTimeStamp: 0 seconds 
  LargestPossibleRegion: 
    Dimension: 3
    Index: [0, 0, 0]
    Size: [193, 229, 193]
  BufferedRegion: 
    Dimension: 3
    Index: [0, 0, 0]
    Size: [193, 229, 193]
  RequestedRegion: 
    Dimension: 3
    Index: [0, 0, 0]
    Size: [193, 229, 193]
  Spacing: [1, 1, 1]
  Origin: [96, 132, -78]
  Direction: 
-1 0 0
0 -1 0
0 0 1

  IndexToPointMatrix: 
-1 0 0
0 -1 0
0 0 1

  PointToIndexMatrix: 
-1 0 0
0 -1 0
0 0 1

  Inverse Direction: 
-1 0 0
0 -1 0
0 0 1

  PixelContainer: 
    ImportImageContainer (0x3980c60)
      RTTI typeinfo:   itk::ImportImageContainer<unsigned long, double>
      Reference Count: 1
      Modified Time: 1938
      Debug: Off
      Object Name: 
      Observers: 
        none
      Pointer: 0x1483a1fdc010
      Container manages memory: true
      Size: 8530021
      Capacity: 8530021

     Moving image = Image (0x397a540)
  RTTI typeinfo:   itk::Image<double, 3u>
  Reference Count: 2
  Modified Time: 2331
  Debug: Off
  Object Name: 
  Observers: 
    none
  Source: (none)
  Source output name: (none)
  Release Data: Off
  Data Released: False
  Global Release Data: Off
  PipelineMTime: 0
  UpdateMTime: 2328
  RealTimeStamp: 0 seconds 
  LargestPossibleRegion: 
    Dimension: 3
    Index: [0, 0, 0]
    Size: [160, 240, 256]
  BufferedRegion: 
    Dimension: 3
    Index: [0, 0, 0]
    Size: [160, 240, 256]
  RequestedRegion: 
    Dimension: 3
    Index: [0, 0, 0]
    Size: [160, 240, 256]
  Spacing: [1, 1, 1]
  Origin: [80.0392, 105.5, -130.753]
  Direction: 
-0.999816 0 0.0191974
0 -1 0
0.0191974 0 0.999816

  IndexToPointMatrix: 
-0.999816 0 0.0191974
0 -1 0
0.0191974 0 0.999816

  PointToIndexMatrix: 
-0.999816 0 0.0191974
0 -1 0
0.0191974 0 0.999816

  Inverse Direction: 
-0.999816 0 0.0191974
0 -1 0
0.0191974 0 0.999816

  PixelContainer: 
    ImportImageContainer (0x397a380)
      RTTI typeinfo:   itk::ImportImageContainer<unsigned long, double>
      Reference Count: 1
      Modified Time: 2325
      Debug: Off
      Object Name: 
      Observers: 
        none
      Pointer: 0x14839d4db010
      Container manages memory: true
      Size: 9830400
      Capacity: 9830400

     Weighting = 1
     Sampling strategy = regular
     Number of bins = 32
     Radius = 4
     Sampling percentage  = 0.25
   Transform = Rigid
     Gradient step = 0.1
     Update field sigma (voxel space) = 0
     Total field sigma (voxel space) = 0
     Update field time sigma = 0
     Total field time sigma  = 0
     Number of time indices = 0
     Number of time point samples = 0
Registration using 1 total stages.

Stage 0
  iterations = 0
  convergence threshold = 1e-06
  convergence window size = 10
  number of levels = 1
  using the Mattes MI metric (number of bins = 32, weight = 1, use gradient filter = 0)
  preprocessing:  winsorizing the image intensities
  Shrink factors (level 1 out of 1): [1, 1, 1]
  smoothing sigmas per level: [0]
  regular sampling (percentage = 0.25)

*** Running Euler3DTransform registration ***

  Elapsed time (stage 0): 1.11183


Total elapsed time: 1.11444
Info [verificarlo]: loaded backend libinterflop_vprec.so
Info [interflop-vprec]: load backend with: 
Info [interflop-vprec]: precision-binary32 = 21
Info [interflop-vprec]: range-binary32 = 7
Info [interflop-vprec]: precision-binary64 = 21
Info [interflop-vprec]: range-binary64 = 7
Info [interflop-vprec]: mode = ob
Info [interflop-vprec]: error-mode = rel
Info [interflop-vprec]: max-abs-error-exponent = -1022
Info [interflop-vprec]: daz = false
Info [interflop-vprec]: ftz = false
Info [interflop-vprec]: 	instrument = none
Info [interflop-vprec]: 	prec-input-file = (null)
Info [interflop-vprec]: 	prec-output-file = (null)
Info [interflop-vprec]: 	prec-log-file = (null)
All_Command_lines_OK
Using double precision for computations.
=============================================================================
The composite transform comprises the following transforms (in order): 
  1. /home/mdugre/scratch/mri-registration-rp/datasets/ds004513/derivatives/mri-registration-rp/0111/antsRegistration-r7-p21/sub-s034/align_Composite.h5[0] (type = Euler3DTransform)
  2. /home/mdugre/scratch/mri-registration-rp/datasets/ds004513/derivatives/mri-registration-rp/0111/antsRegistration-r7-p21/sub-s034/align_Composite.h5[1] (type = Euler3DTransform)
=============================================================================
  number of levels = 4
  fixed image: /templateflow/tpl-MNI152NLin2009cAsym/tpl-MNI152NLin2009cAsym_res-01_desc-brain_T1w.nii.gz
  moving image: /home/mdugre/scratch/mri-registration-rp/datasets/ds004513/derivatives/mri-registration-rp/antsBrainExtraction/sub-s034/BrainExtractionBrain.nii.gz
Dimension = 3
Number of stages = 1
Use histogram matching = false
Winsorize image intensities = true
  Lower quantile = 0.005
  Upper quantile = 0.995


Stage 1 State
   Image metric = MattesMI
     Fixed image = Image (0x4fac1e0)
  RTTI typeinfo:   itk::Image<double, 3u>
  Reference Count: 2
  Modified Time: 1578
  Debug: Off
  Object Name: 
  Observers: 
    none
  Source: (none)
  Source output name: (none)
  Release Data: Off
  Data Released: False
  Global Release Data: Off
  PipelineMTime: 0
  UpdateMTime: 1189
  RealTimeStamp: 0 seconds 
  LargestPossibleRegion: 
    Dimension: 3
    Index: [0, 0, 0]
    Size: [193, 229, 193]
  BufferedRegion: 
    Dimension: 3
    Index: [0, 0, 0]
    Size: [193, 229, 193]
  RequestedRegion: 
    Dimension: 3
    Index: [0, 0, 0]
    Size: [193, 229, 193]
  Spacing: [1, 1, 1]
  Origin: [96, 132, -78]
  Direction: 
-1 0 0
0 -1 0
0 0 1

  IndexToPointMatrix: 
-1 0 0
0 -1 0
0 0 1

  PointToIndexMatrix: 
-1 0 0
0 -1 0
0 0 1

  Inverse Direction: 
-1 0 0
0 -1 0
0 0 1

  PixelContainer: 
    ImportImageContainer (0x506b680)
      RTTI typeinfo:   itk::ImportImageContainer<unsigned long, double>
      Reference Count: 1
      Modified Time: 1186
      Debug: Off
      Object Name: 
      Observers: 
        none
      Pointer: 0x147ad6124010
      Container manages memory: true
      Size: 8530021
      Capacity: 8530021

     Moving image = Image (0x5067b20)
  RTTI typeinfo:   itk::Image<double, 3u>
  Reference Count: 2
  Modified Time: 1579
  Debug: Off
  Object Name: 
  Observers: 
    none
  Source: (none)
  Source output name: (none)
  Release Data: Off
  Data Released: False
  Global Release Data: Off
  PipelineMTime: 0
  UpdateMTime: 1576
  RealTimeStamp: 0 seconds 
  LargestPossibleRegion: 
    Dimension: 3
    Index: [0, 0, 0]
    Size: [160, 240, 256]
  BufferedRegion: 
    Dimension: 3
    Index: [0, 0, 0]
    Size: [160, 240, 256]
  RequestedRegion: 
    Dimension: 3
    Index: [0, 0, 0]
    Size: [160, 240, 256]
  Spacing: [1, 1, 1]
  Origin: [80.0392, 105.5, -130.753]
  Direction: 
-0.999816 0 0.0191974
0 -1 0
0.0191974 0 0.999816

  IndexToPointMatrix: 
-0.999816 0 0.0191974
0 -1 0
0.0191974 0 0.999816

  PointToIndexMatrix: 
-0.999816 0 0.0191974
0 -1 0
0.0191974 0 0.999816

  Inverse Direction: 
-0.999816 0 0.0191974
0 -1 0
0.0191974 0 0.999816

  PixelContainer: 
    ImportImageContainer (0x50d0d50)
      RTTI typeinfo:   itk::ImportImageContainer<unsigned long, double>
      Reference Count: 1
      Modified Time: 1573
      Debug: Off
      Object Name: 
      Observers: 
        none
      Pointer: 0x147ad1623010
      Container manages memory: true
      Size: 9830400
      Capacity: 9830400

     Weighting = 1
     Sampling strategy = regular
     Number of bins = 32
     Radius = 4
     Sampling percentage  = 0.25
   Transform = Rigid
     Gradient step = 0.1
     Update field sigma (voxel space) = 0
     Total field sigma (voxel space) = 0
     Update field time sigma = 0
     Total field time sigma  = 0
     Number of time indices = 0
     Number of time point samples = 0
Registration using 1 total stages.

Stage 0
  iterations = 1000x500x250x100
  convergence threshold = 1e-06
  convergence window size = 10
  number of levels = 4
  using the Mattes MI metric (number of bins = 32, weight = 1, use gradient filter = 0)
  preprocessing:  winsorizing the image intensities
  Shrink factors (level 1 out of 4): [8, 8, 8]
  Shrink factors (level 2 out of 4): [4, 4, 4]
  Shrink factors (level 3 out of 4): [2, 2, 2]
  Shrink factors (level 4 out of 4): [1, 1, 1]
  smoothing sigmas per level: [3, 2, 1, 0]
  regular sampling (percentage = 0.25)

*** Running Euler3DTransform registration ***

DIAGNOSTIC,Iteration,metricValue,convergenceValue,ITERATION_TIME_INDEX,SINCE_LAST
 2DIAGNOSTIC,     1, -4.930347712323e-01, 1.797693134862e+308, 0.0000e+00, 0.0000e+00, 
 2DIAGNOSTIC,     2, -4.945362795648e-01, 1.797693134862e+308, 0.0000e+00, 0.0000e+00, 
 2DIAGNOSTIC,     3, -4.976222795184e-01, 1.797693134862e+308, 0.0000e+00, 0.0000e+00, 
 2DIAGNOSTIC,     4, -5.014549595770e-01, 1.797693134862e+308, 0.0000e+00, 0.0000e+00, 
 2DIAGNOSTIC,     5, -5.078786235037e-01, 1.797693134862e+308, 0.0000e+00, 0.0000e+00, 
 2DIAGNOSTIC,     6, -5.122262179609e-01, 1.797693134862e+308, 0.0000e+00, 0.0000e+00, 
 2DIAGNOSTIC,     7, -5.158756357720e-01, 1.797693134862e+308, 0.0000e+00, 0.0000e+00, 
 2DIAGNOSTIC,     8, -5.195253707933e-01, 1.797693134862e+308, 0.0000e+00, 0.0000e+00, 
 2DIAGNOSTIC,     9, -5.208251740659e-01, 1.797693134862e+308, 0.0000e+00, 0.0000e+00, 
 2DIAGNOSTIC,    10, -5.268329420857e-01, 4.447593961463e-03, 0.0000e+00, 0.0000e+00, 
 2DIAGNOSTIC,    11, -5.326804631670e-01, 4.213749200070e-03, 0.0000e+00, 0.0000e+00, 
 2DIAGNOSTIC,    12, -5.388224275331e-01, 3.988337940467e-03, 0.0000e+00, 0.0000e+00, 
 2DIAGNOSTIC,    13, -5.407452289892e-01, 3.650018542518e-03, 0.0000e+00, 0.0000e+00, 
 2DIAGNOSTIC,    14, -5.414020840095e-01, 3.207316097314e-03, 0.0000e+00, 0.0000e+00, 
 2DIAGNOSTIC,    15, -5.416727543800e-01, 2.777159841717e-03, 0.0000e+00, 0.0000e+00, 
 2DIAGNOSTIC,    16, -5.418220173508e-01, 2.297440381519e-03, 0.0000e+00, 0.0000e+00, 
 2DIAGNOSTIC,    17, -5.420509053369e-01, 1.786111970760e-03, 0.0000e+00, 0.0000e+00, 
 2DIAGNOSTIC,    18, -5.426451347344e-01, 1.299482877474e-03, 0.0000e+00, 0.0000e+00, 
 2DIAGNOSTIC,    19, -5.452956378642e-01, 8.575200995058e-04, 0.0000e+00, 0.0000e+00, 
 2DIAGNOSTIC,    20, -5.455131411106e-01, 5.468984645391e-04, 0.0000e+00, 0.0000e+00, 
 2DIAGNOSTIC,    21, -5.471869591051e-01, 4.068132727805e-04, 0.0000e+00, 0.0000e+00, 
 2DIAGNOSTIC,    22, -5.506736073438e-01, 4.767438609027e-04, 0.0000e+00, 0.0000e+00, 
 2DIAGNOSTIC,    23, -5.559109836284e-01, 6.605697105804e-04, 0.0000e+00, 0.0000e+00, 
 2DIAGNOSTIC,    24, -5.637087018259e-01, 9.521784051602e-04, 0.0000e+00, 0.0000e+00, 
 2DIAGNOSTIC,    25, -5.671057625967e-01, 1.205687160636e-03, 0.0000e+00, 0.0000e+00, 
 2DIAGNOSTIC,    26, -5.675565294560e-01, 1.339444970403e-03, 0.0000e+00, 0.0000e+00, 
 2DIAGNOSTIC,    27, -5.684877921198e-01, 1.361457891885e-03, 0.0000e+00, 0.0000e+00, 
 2DIAGNOSTIC,    28, -5.696716931618e-01, 1.284698956180e-03, 0.0000e+00, 0.0000e+00, 
 2DIAGNOSTIC,    29, -5.706622340756e-01, 1.157049763100e-03, 0.0000e+00, 0.0000e+00, 
 2DIAGNOSTIC,    30, -5.712549274575e-01, 9.434670645839e-04, 0.0000e+00, 0.0000e+00, 
 2DIAGNOSTIC,    31, -5.719442421323e-01, 6.970148931341e-04, 0.0000e+00, 0.0000e+00, 
 2DIAGNOSTIC,    32, -5.742100284397e-01, 4.952997293262e-04, 0.0000e+00, 0.0000e+00, 
 2DIAGNOSTIC,    33, -5.748228028263e-01, 3.489078894592e-04, 0.0000e+00, 0.0000e+00, 
 2DIAGNOSTIC,    34, -5.749306433988e-01, 2.993664930622e-04, 0.0000e+00, 0.0000e+00, 
 2DIAGNOSTIC,    35, -5.750343401797e-01, 2.775047433695e-04, 0.0000e+00, 0.0000e+00, 
 2DIAGNOSTIC,    36, -5.750876790590e-01, 2.378376040109e-04, 0.0000e+00, 0.0000e+00, 
 2DIAGNOSTIC,    37, -5.751363314208e-01, 1.909784674856e-04, 0.0000e+00, 0.0000e+00, 
 2DIAGNOSTIC,    38, -5.754607295592e-01, 1.489303374806e-04, 0.0000e+00, 0.0000e+00, 
 2DIAGNOSTIC,    39, -5.756257823329e-01, 1.106894624124e-04, 0.0000e+00, 0.0000e+00, 
 2DIAGNOSTIC,    40, -5.756290460914e-01, 7.193738810899e-05, 0.0000e+00, 0.0000e+00, 
 2DIAGNOSTIC,    41, -5.756341452363e-01, 3.654895075769e-05, 0.0000e+00, 0.0000e+00, 
 2DIAGNOSTIC,    42, -5.755517709212e-01, 2.628658315118e-05, 0.0000e+00, 0.0000e+00, 
 2DIAGNOSTIC,    43, -5.755721859157e-01, 2.165681380381e-05, 0.0000e+00, 0.0000e+00, 
 2DIAGNOSTIC,    44, -5.754804867269e-01, 1.536059582732e-05, 0.0000e+00, 0.0000e+00, 
 2DIAGNOSTIC,    45, -5.754803488927e-01, 9.210032504044e-06, 0.0000e+00, 0.0000e+00, 
 2DIAGNOSTIC,    46, -5.754804966128e-01, 3.181423149187e-06, 0.0000e+00, 0.0000e+00, 
DIAGNOSTIC,Iteration,metricValue,convergenceValue,ITERATION_TIME_INDEX,SINCE_LAST
 2DIAGNOSTIC,     1, -4.685920543868e-01, 1.797693134862e+308, 0.0000e+00, 0.0000e+00, 
 2DIAGNOSTIC,     2, -4.694377562390e-01, 1.797693134862e+308, 0.0000e+00, 0.0000e+00, 
 2DIAGNOSTIC,     3, -4.707140803623e-01, 1.797693134862e+308, 0.0000e+00, 0.0000e+00, 
 2DIAGNOSTIC,     4, -4.725160504671e-01, 1.797693134862e+308, 0.0000e+00, 0.0000e+00, 
 2DIAGNOSTIC,     5, -4.745891241659e-01, 1.797693134862e+308, 0.0000e+00, 0.0000e+00, 
 2DIAGNOSTIC,     6, -4.755445231806e-01, 1.797693134862e+308, 0.0000e+00, 0.0000e+00, 
 2DIAGNOSTIC,     7, -4.762826664333e-01, 1.797693134862e+308, 0.0000e+00, 0.0000e+00, 
 2DIAGNOSTIC,     8, -4.774579777047e-01, 1.797693134862e+308, 0.0000e+00, 0.0000e+00, 
 2DIAGNOSTIC,     9, -4.814683270740e-01, 1.797693134862e+308, 0.0000e+00, 0.0000e+00, 
 2DIAGNOSTIC,    10, -4.823309417721e-01, 1.852450422645e-03, 0.0000e+00, 0.0000e+00, 
 2DIAGNOSTIC,    11, -4.829805930611e-01, 1.710717545638e-03, 0.0000e+00, 0.0000e+00, 
 2DIAGNOSTIC,    12, -4.838413138937e-01, 1.527409642706e-03, 0.0000e+00, 0.0000e+00, 
 2DIAGNOSTIC,    13, -4.843026571243e-01, 1.312411940995e-03, 0.0000e+00, 0.0000e+00, 
 2DIAGNOSTIC,    14, -4.845270234743e-01, 1.091443632202e-03, 0.0000e+00, 0.0000e+00, 
 2DIAGNOSTIC,    15, -4.848501171405e-01, 8.952388476001e-04, 0.0000e+00, 0.0000e+00, 
 2DIAGNOSTIC,    16, -4.849141146724e-01, 6.814698879223e-04, 0.0000e+00, 0.0000e+00, 
 2DIAGNOSTIC,    17, -4.849277539306e-01, 4.574710419885e-04, 0.0000e+00, 0.0000e+00, 
 2DIAGNOSTIC,    18, -4.849244015573e-01, 2.519248167878e-04, 0.0000e+00, 0.0000e+00, 
 2DIAGNOSTIC,    19, -4.849110408875e-01, 1.695485628273e-04, 0.0000e+00, 0.0000e+00, 
 2DIAGNOSTIC,    20, -4.849068440189e-01, 1.051418028412e-04, 0.0000e+00, 0.0000e+00, 
 2DIAGNOSTIC,    21, -4.849126386763e-01, 5.527026357505e-05, 0.0000e+00, 0.0000e+00, 
 2DIAGNOSTIC,    22, -4.849398393336e-01, 2.868532760309e-05, 0.0000e+00, 0.0000e+00, 
 2DIAGNOSTIC,    23, -4.849696532486e-01, 1.446512132771e-05, 0.0000e+00, 0.0000e+00, 
 2DIAGNOSTIC,    24, -4.850363327170e-01, 7.179836568005e-06, 0.0000e+00, 0.0000e+00, 
 2DIAGNOSTIC,    25, -4.850273054551e-01, 7.296465984422e-06, 0.0000e+00, 0.0000e+00, 
 2DIAGNOSTIC,    26, -4.850294296027e-01, 8.357999151165e-06, 0.0000e+00, 0.0000e+00, 
 2DIAGNOSTIC,    27, -4.852162155551e-01, 1.305887981197e-05, 0.0000e+00, 0.0000e+00, 
 2DIAGNOSTIC,    28, -4.852488390802e-01, 1.679505660034e-05, 0.0000e+00, 0.0000e+00, 
 2DIAGNOSTIC,    29, -4.852839223770e-01, 1.925217185217e-05, 0.0000e+00, 0.0000e+00, 
 2DIAGNOSTIC,    30, -4.853726556676e-01, 2.155057873988e-05, 0.0000e+00, 0.0000e+00, 
 2DIAGNOSTIC,    31, -4.853804290953e-01, 2.198874839705e-05, 0.0000e+00, 0.0000e+00, 
 2DIAGNOSTIC,    32, -4.853866663745e-01, 2.099275725302e-05, 0.0000e+00, 0.0000e+00, 
 2DIAGNOSTIC,    33, -4.854052766984e-01, 1.899148514727e-05, 0.0000e+00, 0.0000e+00, 
 2DIAGNOSTIC,    34, -4.854318532130e-01, 1.704967519315e-05, 0.0000e+00, 0.0000e+00, 
 2DIAGNOSTIC,    35, -4.854582467803e-01, 1.399263178233e-05, 0.0000e+00, 0.0000e+00, 
 2DIAGNOSTIC,    36, -4.855136088045e-01, 1.072244692501e-05, 0.0000e+00, 0.0000e+00, 
 2DIAGNOSTIC,    37, -4.854908773190e-01, 9.306216942090e-06, 0.0000e+00, 0.0000e+00, 
 2DIAGNOSTIC,    38, -4.855225100742e-01, 8.180963118963e-06, 0.0000e+00, 0.0000e+00, 
 2DIAGNOSTIC,    39, -4.855592826288e-01, 7.451047239707e-06, 0.0000e+00, 0.0000e+00, 
 2DIAGNOSTIC,    40, -4.855692418947e-01, 7.554956717056e-06, 0.0000e+00, 0.0000e+00, 
 2DIAGNOSTIC,    41, -4.855931752655e-01, 7.467752812598e-06, 0.0000e+00, 0.0000e+00, 
 2DIAGNOSTIC,    42, -4.856439324847e-01, 7.549756150756e-06, 0.0000e+00, 0.0000e+00, 
 2DIAGNOSTIC,    43, -4.856580158148e-01, 7.411798632229e-06, 0.0000e+00, 0.0000e+00, 
 2DIAGNOSTIC,    44, -4.856787898823e-01, 7.267927202216e-06, 0.0000e+00, 0.0000e+00, 
 2DIAGNOSTIC,    45, -4.857042150376e-01, 7.165361683718e-06, 0.0000e+00, 0.0000e+00, 
 2DIAGNOSTIC,    46, -4.857143977235e-01, 7.298073075673e-06, 0.0000e+00, 0.0000e+00, 
 2DIAGNOSTIC,    47, -4.857139074680e-01, 6.490573276278e-06, 0.0000e+00, 0.0000e+00, 
 2DIAGNOSTIC,    48, -4.857050546816e-01, 5.433717671408e-06, 0.0000e+00, 0.0000e+00, 
 2DIAGNOSTIC,    49, -4.857104428203e-01, 4.478718634217e-06, 0.0000e+00, 0.0000e+00, 
 2DIAGNOSTIC,    50, -4.857138146345e-01, 3.344579060160e-06, 0.0000e+00, 0.0000e+00, 
 2DIAGNOSTIC,    51, -4.857329134257e-01, 2.476136220363e-06, 0.0000e+00, 0.0000e+00, 
 2DIAGNOSTIC,    52, -4.857040088741e-01, 1.709414607694e-06, 0.0000e+00, 0.0000e+00, 
 2DIAGNOSTIC,    53, -4.857094163785e-01, 1.095499122989e-06, 0.0000e+00, 0.0000e+00, 
DIAGNOSTIC,Iteration,metricValue,convergenceValue,ITERATION_TIME_INDEX,SINCE_LAST
 2DIAGNOSTIC,     1, -4.170219215393e-01, 1.797693134862e+308, 0.0000e+00, 0.0000e+00, 
 2DIAGNOSTIC,     2, -4.171465773830e-01, 1.797693134862e+308, 0.0000e+00, 0.0000e+00, 
 2DIAGNOSTIC,     3, -4.173560723913e-01, 1.797693134862e+308, 0.0000e+00, 0.0000e+00, 
 2DIAGNOSTIC,     4, -4.174965999953e-01, 1.797693134862e+308, 0.0000e+00, 0.0000e+00, 
 2DIAGNOSTIC,     5, -4.175077701946e-01, 1.797693134862e+308, 0.0000e+00, 0.0000e+00, 
 2DIAGNOSTIC,     6, -4.175086843949e-01, 1.797693134862e+308, 0.0000e+00, 0.0000e+00, 
 2DIAGNOSTIC,     7, -4.175075697924e-01, 1.797693134862e+308, 0.0000e+00, 0.0000e+00, 
 2DIAGNOSTIC,     8, -4.175076015897e-01, 1.797693134862e+308, 0.0000e+00, 0.0000e+00, 
 2DIAGNOSTIC,     9, -4.175076170788e-01, 1.797693134862e+308, 0.0000e+00, 0.0000e+00, 
 2DIAGNOSTIC,    10, -4.175076151651e-01, 6.533475221381e-05, 0.0000e+00, 0.0000e+00, 
 2DIAGNOSTIC,    11, -4.175075797939e-01, 3.389782901861e-05, 0.0000e+00, 0.0000e+00, 
 2DIAGNOSTIC,    12, -4.175075884386e-01, 1.176160500166e-05, 0.0000e+00, 0.0000e+00, 
 2DIAGNOSTIC,    13, -4.175075463535e-01, 2.976046852121e-06, 0.0000e+00, 0.0000e+00, 
 2DIAGNOSTIC,    14, -4.175075137487e-01, 2.214696364203e-06, 5.1200e+02, 5.1200e+02, 
 2DIAGNOSTIC,    15, -4.175074945337e-01, 2.064806585975e-06, 5.1200e+02, 0.0000e+00, 
 2DIAGNOSTIC,    16, -4.175075720543e-01, 1.982642328410e-06, 5.1200e+02, 0.0000e+00, 
 2DIAGNOSTIC,    17, -4.175075696995e-01, 1.866031303040e-06, 5.1200e+02, 0.0000e+00, 
 2DIAGNOSTIC,    18, -4.175075695402e-01, 1.764308943858e-06, 5.1200e+02, 0.0000e+00, 
 2DIAGNOSTIC,    19, -4.175075675262e-01, 1.674339904521e-06, 5.1200e+02, 0.0000e+00, 
 2DIAGNOSTIC,    20, -4.175075672162e-01, 1.593516632252e-06, 5.1200e+02, 0.0000e+00, 
 2DIAGNOSTIC,    21, -4.175075663494e-01, 1.519057556347e-06, 5.1200e+02, 0.0000e+00, 
 2DIAGNOSTIC,    22, -4.175075658396e-01, 1.451419923262e-06, 5.1200e+02, 0.0000e+00, 
 2DIAGNOSTIC,    23, -4.175075765196e-01, 1.388462568863e-06, 5.1200e+02, 0.0000e+00, 
 2DIAGNOSTIC,    24, -4.175075612391e-01, 1.329094963490e-06, 5.1200e+02, 0.0000e+00, 
 2DIAGNOSTIC,    25, -4.175075616974e-01, 1.273743917236e-06, 5.1200e+02, 0.0000e+00, 
 2DIAGNOSTIC,    26, -4.175075631428e-01, 1.224754715305e-06, 5.1200e+02, 0.0000e+00, 
 2DIAGNOSTIC,    27, -4.175075648490e-01, 1.179403244643e-06, 5.1200e+02, 0.0000e+00, 
 2DIAGNOSTIC,    28, -4.175075382761e-01, 1.136669917912e-06, 5.1200e+02, 0.0000e+00, 
 2DIAGNOSTIC,    29, -4.175075486738e-01, 1.097191788924e-06, 5.1200e+02, 0.0000e+00, 
 2DIAGNOSTIC,    30, -4.175075514972e-01, 1.060505605451e-06, 5.1200e+02, 0.0000e+00, 
 2DIAGNOSTIC,    31, -4.175075541741e-01, 1.026332307731e-06, 5.1200e+02, 0.0000e+00, 
DIAGNOSTIC,Iteration,metricValue,convergenceValue,ITERATION_TIME_INDEX,SINCE_LAST
 2DIAGNOSTIC,     1, -3.830686303434e-01, 1.797693134862e+308, 5.1200e+02, 0.0000e+00, 
 2DIAGNOSTIC,     2, -3.830889819476e-01, 1.797693134862e+308, 5.1200e+02, 0.0000e+00, 
 2DIAGNOSTIC,     3, -3.831075526659e-01, 1.797693134862e+308, 5.1200e+02, 0.0000e+00, 
 2DIAGNOSTIC,     4, -3.831303892572e-01, 1.797693134862e+308, 5.1200e+02, 0.0000e+00, 
 2DIAGNOSTIC,     5, -3.831688614645e-01, 1.797693134862e+308, 5.1200e+02, 0.0000e+00, 
 2DIAGNOSTIC,     6, -3.832110369306e-01, 1.797693134862e+308, 5.1200e+02, 0.0000e+00, 
 2DIAGNOSTIC,     7, -3.833632458359e-01, 1.797693134862e+308, 5.1200e+02, 0.0000e+00, 
 2DIAGNOSTIC,     8, -3.834472723166e-01, 1.797693134862e+308, 5.1200e+02, 0.0000e+00, 
 2DIAGNOSTIC,     9, -3.834921535339e-01, 1.797693134862e+308, 5.1200e+02, 0.0000e+00, 
 2DIAGNOSTIC,    10, -3.835636712287e-01, 9.227844774756e-05, 5.1200e+02, 0.0000e+00, 
 2DIAGNOSTIC,    11, -3.836830235198e-01, 9.737520259823e-05, 5.1200e+02, 0.0000e+00, 
 2DIAGNOSTIC,    12, -3.836955778279e-01, 9.490644034693e-05, 5.1200e+02, 0.0000e+00, 
 2DIAGNOSTIC,    13, -3.836966324774e-01, 8.564144170162e-05, 5.1200e+02, 0.0000e+00, 
 2DIAGNOSTIC,    14, -3.836965710075e-01, 7.148985301389e-05, 5.1200e+02, 0.0000e+00, 
 2DIAGNOSTIC,    15, -3.836961992376e-01, 5.481033156325e-05, 5.1200e+02, 0.0000e+00, 
 2DIAGNOSTIC,    16, -3.836957486654e-01, 3.709109196300e-05, 5.1200e+02, 0.0000e+00, 
 2DIAGNOSTIC,    17, -3.836959098759e-01, 2.481087507195e-05, 5.1200e+02, 0.0000e+00, 
 2DIAGNOSTIC,    18, -3.836958835779e-01, 1.529539787438e-05, 5.1200e+02, 0.0000e+00, 
 2DIAGNOSTIC,    19, -3.836955643541e-01, 7.251041839275e-06, 5.1200e+02, 0.0000e+00, 
 2DIAGNOSTIC,    20, -3.836953169846e-01, 2.014831517669e-06, 5.1200e+02, 0.0000e+00, 
 2DIAGNOSTIC,    21, -3.836953711745e-01, 1.440422581295e-06, 5.1200e+02, 0.0000e+00, 
 2DIAGNOSTIC,    22, -3.836953992355e-01, 1.347699717158e-06, 5.1200e+02, 0.0000e+00, 
 2DIAGNOSTIC,    23, -3.836953994897e-01, 1.306035543609e-06, 5.1200e+02, 0.0000e+00, 
 2DIAGNOSTIC,    24, -3.836954000850e-01, 1.273888287773e-06, 5.1200e+02, 0.0000e+00, 
 2DIAGNOSTIC,    25, -3.836954040091e-01, 1.239057686890e-06, 5.1200e+02, 0.0000e+00, 
 2DIAGNOSTIC,    26, -3.836954041686e-01, 1.197115410002e-06, 5.1200e+02, 0.0000e+00, 
 2DIAGNOSTIC,    27, -3.836953741076e-01, 1.164344017049e-06, 5.1200e+02, 0.0000e+00, 
 2DIAGNOSTIC,    28, -3.836953737325e-01, 1.134904568538e-06, 5.1200e+02, 0.0000e+00, 
 2DIAGNOSTIC,    29, -3.836953737151e-01, 1.099827073414e-06, 5.1200e+02, 0.0000e+00, 
 2DIAGNOSTIC,    30, -3.836953736566e-01, 1.060827001992e-06, 5.1200e+02, 0.0000e+00, 
 2DIAGNOSTIC,    31, -3.836953734599e-01, 1.025734708102e-06, 5.1200e+02, 0.0000e+00, 
  Elapsed time (stage 0): 5.1200e+02


Total elapsed time: 5.1200e+02
Info [verificarlo]: loaded backend libinterflop_vprec.so
Info [interflop-vprec]: load backend with: 
Info [interflop-vprec]: precision-binary32 = 21
Info [interflop-vprec]: range-binary32 = 7
Info [interflop-vprec]: precision-binary64 = 21
Info [interflop-vprec]: range-binary64 = 7
Info [interflop-vprec]: mode = ob
Info [interflop-vprec]: error-mode = rel
Info [interflop-vprec]: max-abs-error-exponent = -1022
Info [interflop-vprec]: daz = false
Info [interflop-vprec]: ftz = false
Info [interflop-vprec]: 	instrument = none
Info [interflop-vprec]: 	prec-input-file = (null)
Info [interflop-vprec]: 	prec-output-file = (null)
Info [interflop-vprec]: 	prec-log-file = (null)
All_Command_lines_OK
Using double precision for computations.
=============================================================================
The composite transform comprises the following transforms (in order): 
  1. /home/mdugre/scratch/mri-registration-rp/datasets/ds004513/derivatives/mri-registration-rp/0111/antsRegistration-r7-p21/sub-s034/rigid_Composite.h5[0] (type = Euler3DTransform)
  2. /home/mdugre/scratch/mri-registration-rp/datasets/ds004513/derivatives/mri-registration-rp/0111/antsRegistration-r7-p21/sub-s034/rigid_Composite.h5[1] (type = Euler3DTransform)
  3. /home/mdugre/scratch/mri-registration-rp/datasets/ds004513/derivatives/mri-registration-rp/0111/antsRegistration-r7-p21/sub-s034/rigid_Composite.h5[2] (type = Euler3DTransform)
=============================================================================
  number of levels = 4
  fixed image: /templateflow/tpl-MNI152NLin2009cAsym/tpl-MNI152NLin2009cAsym_res-01_desc-brain_T1w.nii.gz
  moving image: /home/mdugre/scratch/mri-registration-rp/datasets/ds004513/derivatives/mri-registration-rp/antsBrainExtraction/sub-s034/BrainExtractionBrain.nii.gz
Dimension = 3
Number of stages = 1
Use histogram matching = false
Winsorize image intensities = true
  Lower quantile = 0.005
  Upper quantile = 0.995


Stage 1 State
   Image metric = MattesMI
     Fixed image = Image (0x5073490)
  RTTI typeinfo:   itk::Image<double, 3u>
  Reference Count: 2
  Modified Time: 1592
  Debug: Off
  Object Name: 
  Observers: 
    none
  Source: (none)
  Source output name: (none)
  Release Data: Off
  Data Released: False
  Global Release Data: Off
  PipelineMTime: 0
  UpdateMTime: 1203
  RealTimeStamp: 0 seconds 
  LargestPossibleRegion: 
    Dimension: 3
    Index: [0, 0, 0]
    Size: [193, 229, 193]
  BufferedRegion: 
    Dimension: 3
    Index: [0, 0, 0]
    Size: [193, 229, 193]
  RequestedRegion: 
    Dimension: 3
    Index: [0, 0, 0]
    Size: [193, 229, 193]
  Spacing: [1, 1, 1]
  Origin: [96, 132, -78]
  Direction: 
-1 0 0
0 -1 0
0 0 1

  IndexToPointMatrix: 
-1 0 0
0 -1 0
0 0 1

  PointToIndexMatrix: 
-1 0 0
0 -1 0
0 0 1

  Inverse Direction: 
-1 0 0
0 -1 0
0 0 1

  PixelContainer: 
    ImportImageContainer (0x512bfa0)
      RTTI typeinfo:   itk::ImportImageContainer<unsigned long, double>
      Reference Count: 1
      Modified Time: 1200
      Debug: Off
      Object Name: 
      Observers: 
        none
      Pointer: 0x153f99edc010
      Container manages memory: true
      Size: 8530021
      Capacity: 8530021

     Moving image = Image (0x512ed20)
  RTTI typeinfo:   itk::Image<double, 3u>
  Reference Count: 2
  Modified Time: 1593
  Debug: Off
  Object Name: 
  Observers: 
    none
  Source: (none)
  Source output name: (none)
  Release Data: Off
  Data Released: False
  Global Release Data: Off
  PipelineMTime: 0
  UpdateMTime: 1590
  RealTimeStamp: 0 seconds 
  LargestPossibleRegion: 
    Dimension: 3
    Index: [0, 0, 0]
    Size: [160, 240, 256]
  BufferedRegion: 
    Dimension: 3
    Index: [0, 0, 0]
    Size: [160, 240, 256]
  RequestedRegion: 
    Dimension: 3
    Index: [0, 0, 0]
    Size: [160, 240, 256]
  Spacing: [1, 1, 1]
  Origin: [80.0392, 105.5, -130.753]
  Direction: 
-0.999816 0 0.0191974
0 -1 0
0.0191974 0 0.999816

  IndexToPointMatrix: 
-0.999816 0 0.0191974
0 -1 0
0.0191974 0 0.999816

  PointToIndexMatrix: 
-0.999816 0 0.0191974
0 -1 0
0.0191974 0 0.999816

  Inverse Direction: 
-0.999816 0 0.0191974
0 -1 0
0.0191974 0 0.999816

  PixelContainer: 
    ImportImageContainer (0x51ea390)
      RTTI typeinfo:   itk::ImportImageContainer<unsigned long, double>
      Reference Count: 1
      Modified Time: 1587
      Debug: Off
      Object Name: 
      Observers: 
        none
      Pointer: 0x153f953db010
      Container manages memory: true
      Size: 9830400
      Capacity: 9830400

     Weighting = 1
     Sampling strategy = regular
     Number of bins = 32
     Radius = 4
     Sampling percentage  = 0.25
   Transform = Affine
     Gradient step = 0.1
     Update field sigma (voxel space) = 0
     Total field sigma (voxel space) = 0
     Update field time sigma = 0
     Total field time sigma  = 0
     Number of time indices = 0
     Number of time point samples = 0
Registration using 1 total stages.

Stage 0
  iterations = 1000x500x250x100
  convergence threshold = 1e-06
  convergence window size = 10
  number of levels = 4
  using the Mattes MI metric (number of bins = 32, weight = 1, use gradient filter = 0)
  preprocessing:  winsorizing the image intensities
  Shrink factors (level 1 out of 4): [8, 8, 8]
  Shrink factors (level 2 out of 4): [4, 4, 4]
  Shrink factors (level 3 out of 4): [2, 2, 2]
  Shrink factors (level 4 out of 4): [1, 1, 1]
  smoothing sigmas per level: [3, 2, 1, 0]
  regular sampling (percentage = 0.25)

*** Running AffineTransform registration ***

DIAGNOSTIC,Iteration,metricValue,convergenceValue,ITERATION_TIME_INDEX,SINCE_LAST
 2DIAGNOSTIC,     1, -5.766969613818e-01, 1.797693134862e+308, 0.0000e+00, 0.0000e+00, 
 2DIAGNOSTIC,     2, -5.790211069438e-01, 1.797693134862e+308, 0.0000e+00, 0.0000e+00, 
 2DIAGNOSTIC,     3, -5.830280851735e-01, 1.797693134862e+308, 0.0000e+00, 0.0000e+00, 
 2DIAGNOSTIC,     4, -5.895711951174e-01, 1.797693134862e+308, 0.0000e+00, 0.0000e+00, 
 2DIAGNOSTIC,     5, -6.004800382013e-01, 1.797693134862e+308, 0.0000e+00, 0.0000e+00, 
 2DIAGNOSTIC,     6, -6.177583746893e-01, 1.797693134862e+308, 0.0000e+00, 0.0000e+00, 
 2DIAGNOSTIC,     7, -6.670281800885e-01, 1.797693134862e+308, 0.0000e+00, 0.0000e+00, 
 2DIAGNOSTIC,     8, -7.273471188149e-01, 1.797693134862e+308, 0.0000e+00, 0.0000e+00, 
 2DIAGNOSTIC,     9, -8.031679765693e-01, 1.797693134862e+308, 0.0000e+00, 0.0000e+00, 
 2DIAGNOSTIC,    10, -8.293514709003e-01, 2.546096709570e-02, 0.0000e+00, 0.0000e+00, 
 2DIAGNOSTIC,    11, -8.461077234911e-01, 2.680213812000e-02, 0.0000e+00, 0.0000e+00, 
 2DIAGNOSTIC,    12, -8.785597544375e-01, 2.661010380639e-02, 0.0000e+00, 0.0000e+00, 
 2DIAGNOSTIC,    13, -8.787556777020e-01, 2.418272442812e-02, 0.0000e+00, 0.0000e+00, 
 2DIAGNOSTIC,    14, -8.784426298139e-01, 2.019088508185e-02, 0.0000e+00, 0.0000e+00, 
 2DIAGNOSTIC,    15, -8.802911325184e-01, 1.537507830374e-02, 0.0000e+00, 0.0000e+00, 
 2DIAGNOSTIC,    16, -8.816059027995e-01, 1.033112326977e-02, 0.0000e+00, 0.0000e+00, 
 2DIAGNOSTIC,    17, -8.822037651079e-01, 6.140305690744e-03, 0.0000e+00, 0.0000e+00, 
 2DIAGNOSTIC,    18, -8.822213465445e-01, 3.159954201160e-03, 0.0000e+00, 0.0000e+00, 
 2DIAGNOSTIC,    19, -8.819827118084e-01, 1.738443736478e-03, 0.0000e+00, 0.0000e+00, 
 2DIAGNOSTIC,    20, -8.818752771126e-01, 8.012615359681e-04, 0.0000e+00, 0.0000e+00, 
 2DIAGNOSTIC,    21, -8.819180141651e-01, 1.693257153638e-04, 0.0000e+00, 0.0000e+00, 
 2DIAGNOSTIC,    22, -8.818290445302e-01, 1.245743731323e-04, 0.0000e+00, 0.0000e+00, 
 2DIAGNOSTIC,    23, -8.817393036226e-01, 7.527991182803e-05, 0.0000e+00, 0.0000e+00, 
 2DIAGNOSTIC,    24, -8.814774530778e-01, 1.474633373456e-05, 0.0000e+00, 0.0000e+00, 
DIAGNOSTIC,Iteration,metricValue,convergenceValue,ITERATION_TIME_INDEX,SINCE_LAST
 2DIAGNOSTIC,     1, -7.485996597019e-01, 1.797693134862e+308, 0.0000e+00, 0.0000e+00, 
 2DIAGNOSTIC,     2, -7.489726823856e-01, 1.797693134862e+308, 0.0000e+00, 0.0000e+00, 
 2DIAGNOSTIC,     3, -7.491795671469e-01, 1.797693134862e+308, 0.0000e+00, 0.0000e+00, 
 2DIAGNOSTIC,     4, -7.492463409874e-01, 1.797693134862e+308, 0.0000e+00, 0.0000e+00, 
 2DIAGNOSTIC,     5, -7.492438171145e-01, 1.797693134862e+308, 0.0000e+00, 0.0000e+00, 
 2DIAGNOSTIC,     6, -7.492638037446e-01, 1.797693134862e+308, 0.0000e+00, 0.0000e+00, 
 2DIAGNOSTIC,     7, -7.492727903518e-01, 1.797693134862e+308, 0.0000e+00, 0.0000e+00, 
 2DIAGNOSTIC,     8, -7.493176830197e-01, 1.797693134862e+308, 0.0000e+00, 0.0000e+00, 
 2DIAGNOSTIC,     9, -7.493058368691e-01, 1.797693134862e+308, 0.0000e+00, 0.0000e+00, 
 2DIAGNOSTIC,    10, -7.493033674416e-01, 4.519529543486e-05, 0.0000e+00, 0.0000e+00, 
 2DIAGNOSTIC,    11, -7.493008941997e-01, 2.062558533963e-05, 0.0000e+00, 0.0000e+00, 
 2DIAGNOSTIC,    12, -7.492839654579e-01, 9.638216388955e-06, 0.0000e+00, 0.0000e+00, 
 2DIAGNOSTIC,    13, -7.492714396795e-01, 5.325507934875e-06, 0.0000e+00, 0.0000e+00, 
 2DIAGNOSTIC,    14, -7.492727320908e-01, 3.228804055386e-06, 0.0000e+00, 0.0000e+00, 
DIAGNOSTIC,Iteration,metricValue,convergenceValue,ITERATION_TIME_INDEX,SINCE_LAST
 2DIAGNOSTIC,     1, -6.341374489429e-01, 1.797693134862e+308, 0.0000e+00, 0.0000e+00, 
 2DIAGNOSTIC,     2, -6.350551263424e-01, 1.797693134862e+308, 0.0000e+00, 0.0000e+00, 
 2DIAGNOSTIC,     3, -6.363239508138e-01, 1.797693134862e+308, 0.0000e+00, 0.0000e+00, 
 2DIAGNOSTIC,     4, -6.378257790986e-01, 1.797693134862e+308, 0.0000e+00, 0.0000e+00, 
 2DIAGNOSTIC,     5, -6.378297402967e-01, 1.797693134862e+308, 0.0000e+00, 0.0000e+00, 
 2DIAGNOSTIC,     6, -6.378292737489e-01, 1.797693134862e+308, 0.0000e+00, 0.0000e+00, 
 2DIAGNOSTIC,     7, -6.378292542015e-01, 1.797693134862e+308, 0.0000e+00, 0.0000e+00, 
 2DIAGNOSTIC,     8, -6.378276380011e-01, 1.797693134862e+308, 0.0000e+00, 0.0000e+00, 
 2DIAGNOSTIC,     9, -6.378274459946e-01, 1.797693134862e+308, 0.0000e+00, 0.0000e+00, 
 2DIAGNOSTIC,    10, -6.378268143385e-01, 3.230145388204e-04, 0.0000e+00, 0.0000e+00, 
 2DIAGNOSTIC,    11, -6.378236288742e-01, 1.684192280380e-04, 0.0000e+00, 0.0000e+00, 
 2DIAGNOSTIC,    12, -6.378211869626e-01, 5.812337633836e-05, 0.0000e+00, 0.0000e+00, 
 2DIAGNOSTIC,    13, -6.378226759072e-01, 1.913366198800e-06, 0.0000e+00, 0.0000e+00, 
 2DIAGNOSTIC,    14, -6.378222146334e-01, 1.610262839957e-06, 0.0000e+00, 0.0000e+00, 
 2DIAGNOSTIC,    15, -6.378221816216e-01, 1.525306085284e-06, 0.0000e+00, 0.0000e+00, 
 2DIAGNOSTIC,    16, -6.378135135054e-01, 1.253144446087e-06, 0.0000e+00, 0.0000e+00, 
 2DIAGNOSTIC,    17, -6.378147243085e-01, 1.120728282879e-06, 0.0000e+00, 0.0000e+00, 
DIAGNOSTIC,Iteration,metricValue,convergenceValue,ITERATION_TIME_INDEX,SINCE_LAST
 2DIAGNOSTIC,     1, -5.595634501597e-01, 1.797693134862e+308, 0.0000e+00, 0.0000e+00, 
 2DIAGNOSTIC,     2, -5.598393565858e-01, 1.797693134862e+308, 0.0000e+00, 0.0000e+00, 
 2DIAGNOSTIC,     3, -5.601335231491e-01, 1.797693134862e+308, 0.0000e+00, 0.0000e+00, 
 2DIAGNOSTIC,     4, -5.603484746272e-01, 1.797693134862e+308, 0.0000e+00, 0.0000e+00, 
 2DIAGNOSTIC,     5, -5.605342690656e-01, 1.797693134862e+308, 0.0000e+00, 0.0000e+00, 
 2DIAGNOSTIC,     6, -5.605347471422e-01, 1.797693134862e+308, 0.0000e+00, 0.0000e+00, 
 2DIAGNOSTIC,     7, -5.605386235559e-01, 1.797693134862e+308, 0.0000e+00, 0.0000e+00, 
 2DIAGNOSTIC,     8, -5.605447080003e-01, 1.797693134862e+308, 0.0000e+00, 0.0000e+00, 
 2DIAGNOSTIC,     9, -5.605554352704e-01, 1.797693134862e+308, 0.0000e+00, 0.0000e+00, 
 2DIAGNOSTIC,    10, -5.605663508481e-01, 1.049366185222e-04, 0.0000e+00, 0.0000e+00, 
 2DIAGNOSTIC,    11, -5.605769403665e-01, 6.129598627119e-05, 0.0000e+00, 0.0000e+00, 
 2DIAGNOSTIC,    12, -5.605771962941e-01, 3.124517252764e-05, 0.0000e+00, 0.0000e+00, 
 2DIAGNOSTIC,    13, -5.605759983724e-01, 1.452034515936e-05, 0.0000e+00, 0.0000e+00, 
 2DIAGNOSTIC,    14, -5.605759325138e-01, 6.682006437581e-06, 0.0000e+00, 0.0000e+00, 
 2DIAGNOSTIC,    15, -5.605757727682e-01, 5.758457382363e-06, 0.0000e+00, 0.0000e+00, 
 2DIAGNOSTIC,    16, -5.605755953984e-01, 4.623492061054e-06, 0.0000e+00, 0.0000e+00, 
 2DIAGNOSTIC,    17, -5.605754614580e-01, 3.494247570769e-06, 0.0000e+00, 0.0000e+00, 
 2DIAGNOSTIC,    18, -5.605754073188e-01, 2.511158681766e-06, 0.0000e+00, 0.0000e+00, 
 2DIAGNOSTIC,    19, -5.605754196697e-01, 1.844785571310e-06, 0.0000e+00, 0.0000e+00, 
 2DIAGNOSTIC,    20, -5.605753163555e-01, 1.495493616173e-06, 0.0000e+00, 0.0000e+00, 
 2DIAGNOSTIC,    21, -5.605753156482e-01, 1.443845338171e-06, 0.0000e+00, 0.0000e+00, 
 2DIAGNOSTIC,    22, -5.605754132844e-01, 1.412634998761e-06, 0.0000e+00, 0.0000e+00, 
 2DIAGNOSTIC,    23, -5.605750806354e-01, 1.353571796960e-06, 0.0000e+00, 0.0000e+00, 
 2DIAGNOSTIC,    24, -5.605752475026e-01, 1.304755994178e-06, 0.0000e+00, 0.0000e+00, 
 2DIAGNOSTIC,    25, -5.605754304145e-01, 1.262377249685e-06, 0.0000e+00, 0.0000e+00, 
 2DIAGNOSTIC,    26, -5.605755153456e-01, 1.222469140506e-06, 5.1200e+02, 5.1200e+02, 
 2DIAGNOSTIC,    27, -5.605754636148e-01, 1.182329021784e-06, 5.1200e+02, 0.0000e+00, 
 2DIAGNOSTIC,    28, -5.605753470309e-01, 1.141882594431e-06, 5.1200e+02, 0.0000e+00, 
 2DIAGNOSTIC,    29, -5.605751781753e-01, 1.101204832370e-06, 5.1200e+02, 0.0000e+00, 
 2DIAGNOSTIC,    30, -5.605752566219e-01, 1.062462226191e-06, 5.1200e+02, 0.0000e+00, 
 2DIAGNOSTIC,    31, -5.605750501614e-01, 1.022571404469e-06, 5.1200e+02, 0.0000e+00, 
  Elapsed time (stage 0): 5.1200e+02


Total elapsed time: 5.1200e+02
Info [verificarlo]: loaded backend libinterflop_vprec.so
Info [interflop-vprec]: load backend with: 
Info [interflop-vprec]: precision-binary32 = 21
Info [interflop-vprec]: range-binary32 = 7
Info [interflop-vprec]: precision-binary64 = 21
Info [interflop-vprec]: range-binary64 = 7
Info [interflop-vprec]: mode = ob
Info [interflop-vprec]: error-mode = rel
Info [interflop-vprec]: max-abs-error-exponent = -1022
Info [interflop-vprec]: daz = false
Info [interflop-vprec]: ftz = false
Info [interflop-vprec]: 	instrument = none
Info [interflop-vprec]: 	prec-input-file = (null)
Info [interflop-vprec]: 	prec-output-file = (null)
Info [interflop-vprec]: 	prec-log-file = (null)
All_Command_lines_OK
Using double precision for computations.
=============================================================================
The composite transform comprises the following transforms (in order): 
  1. /home/mdugre/scratch/mri-registration-rp/datasets/ds004513/derivatives/mri-registration-rp/0111/antsRegistration-r7-p21/sub-s034/affine_Composite.h5[0] (type = Euler3DTransform)
  2. /home/mdugre/scratch/mri-registration-rp/datasets/ds004513/derivatives/mri-registration-rp/0111/antsRegistration-r7-p21/sub-s034/affine_Composite.h5[1] (type = Euler3DTransform)
  3. /home/mdugre/scratch/mri-registration-rp/datasets/ds004513/derivatives/mri-registration-rp/0111/antsRegistration-r7-p21/sub-s034/affine_Composite.h5[2] (type = Euler3DTransform)
  4. /home/mdugre/scratch/mri-registration-rp/datasets/ds004513/derivatives/mri-registration-rp/0111/antsRegistration-r7-p21/sub-s034/affine_Composite.h5[3] (type = AffineTransform)
=============================================================================
  number of levels = 4
  fixed image: /templateflow/tpl-MNI152NLin2009cAsym/tpl-MNI152NLin2009cAsym_res-01_desc-brain_T1w.nii.gz
  moving image: /home/mdugre/scratch/mri-registration-rp/datasets/ds004513/derivatives/mri-registration-rp/antsBrainExtraction/sub-s034/BrainExtractionBrain.nii.gz
Dimension = 3
Number of stages = 1
Use histogram matching = false
Winsorize image intensities = true
  Lower quantile = 0.005
  Upper quantile = 0.995


Stage 1 State
   Image metric = CC
     Fixed image = Image (0x47b06f0)
  RTTI typeinfo:   itk::Image<double, 3u>
  Reference Count: 2
  Modified Time: 1606
  Debug: Off
  Object Name: 
  Observers: 
    none
  Source: (none)
  Source output name: (none)
  Release Data: Off
  Data Released: False
  Global Release Data: Off
  PipelineMTime: 0
  UpdateMTime: 1217
  RealTimeStamp: 0 seconds 
  LargestPossibleRegion: 
    Dimension: 3
    Index: [0, 0, 0]
    Size: [193, 229, 193]
  BufferedRegion: 
    Dimension: 3
    Index: [0, 0, 0]
    Size: [193, 229, 193]
  RequestedRegion: 
    Dimension: 3
    Index: [0, 0, 0]
    Size: [193, 229, 193]
  Spacing: [1, 1, 1]
  Origin: [96, 132, -78]
  Direction: 
-1 0 0
0 -1 0
0 0 1

  IndexToPointMatrix: 
-1 0 0
0 -1 0
0 0 1

  PointToIndexMatrix: 
-1 0 0
0 -1 0
0 0 1

  Inverse Direction: 
-1 0 0
0 -1 0
0 0 1

  PixelContainer: 
    ImportImageContainer (0x487e860)
      RTTI typeinfo:   itk::ImportImageContainer<unsigned long, double>
      Reference Count: 1
      Modified Time: 1214
      Debug: Off
      Object Name: 
      Observers: 
        none
      Pointer: 0x14a84a3e2010
      Container manages memory: true
      Size: 8530021
      Capacity: 8530021

     Moving image = Image (0x486c1a0)
  RTTI typeinfo:   itk::Image<double, 3u>
  Reference Count: 2
  Modified Time: 1607
  Debug: Off
  Object Name: 
  Observers: 
    none
  Source: (none)
  Source output name: (none)
  Release Data: Off
  Data Released: False
  Global Release Data: Off
  PipelineMTime: 0
  UpdateMTime: 1604
  RealTimeStamp: 0 seconds 
  LargestPossibleRegion: 
    Dimension: 3
    Index: [0, 0, 0]
    Size: [160, 240, 256]
  BufferedRegion: 
    Dimension: 3
    Index: [0, 0, 0]
    Size: [160, 240, 256]
  RequestedRegion: 
    Dimension: 3
    Index: [0, 0, 0]
    Size: [160, 240, 256]
  Spacing: [1, 1, 1]
  Origin: [80.0392, 105.5, -130.753]
  Direction: 
-0.999816 0 0.0191974
0 -1 0
0.0191974 0 0.999816

  IndexToPointMatrix: 
-0.999816 0 0.0191974
0 -1 0
0.0191974 0 0.999816

  PointToIndexMatrix: 
-0.999816 0 0.0191974
0 -1 0
0.0191974 0 0.999816

  Inverse Direction: 
-0.999816 0 0.0191974
0 -1 0
0.0191974 0 0.999816

  PixelContainer: 
    ImportImageContainer (0x488e190)
      RTTI typeinfo:   itk::ImportImageContainer<unsigned long, double>
      Reference Count: 1
      Modified Time: 1601
      Debug: Off
      Object Name: 
      Observers: 
        none
      Pointer: 0x14a8458e1010
      Container manages memory: true
      Size: 9830400
      Capacity: 9830400

     Weighting = 1
     Sampling strategy = none
     Number of bins = 32
     Radius = 4
     Sampling percentage  = 1
   Transform = SyN
     Gradient step = 0.1
     Update field sigma (voxel space) = 3
     Total field sigma (voxel space) = 0
     Update field time sigma = 0
     Total field time sigma  = 0
     Number of time indices = 0
     Number of time point samples = 0
Registration using 1 total stages.

Stage 0
  iterations = 100x70x50x20
  convergence threshold = 1e-06
  convergence window size = 10
  number of levels = 4
  using the CC metric (radius = 4, weight = 1, use gradient filter = 0)
  preprocessing:  winsorizing the image intensities
  Shrink factors (level 1 out of 4): [8, 8, 8]
  Shrink factors (level 2 out of 4): [4, 4, 4]
  Shrink factors (level 3 out of 4): [2, 2, 2]
  Shrink factors (level 4 out of 4): [1, 1, 1]
  smoothing sigmas per level: [3, 2, 1, 0]
  Using default NONE metricSamplingStrategy 

*** Running SyN registration (varianceForUpdateField = 3, varianceForTotalField = 0) ***

XXDIAGNOSTIC,Iteration,metricValue,convergenceValue,ITERATION_TIME_INDEX,SINCE_LAST
 1DIAGNOSTIC,     1, -9.393222332001e-01, 1.797693134862e+308, 0.0000e+00, 0.0000e+00, 
 1DIAGNOSTIC,     2, -9.451186656952e-01, 1.797693134862e+308, 0.0000e+00, 0.0000e+00, 
 1DIAGNOSTIC,     3, -9.494209289551e-01, 1.797693134862e+308, 0.0000e+00, 0.0000e+00, 
 1DIAGNOSTIC,     4, -9.522738456726e-01, 1.797693134862e+308, 0.0000e+00, 0.0000e+00, 
 1DIAGNOSTIC,     5, -9.544620513916e-01, 1.797693134862e+308, 0.0000e+00, 0.0000e+00, 
 1DIAGNOSTIC,     6, -9.565775394440e-01, 1.797693134862e+308, 0.0000e+00, 0.0000e+00, 
 1DIAGNOSTIC,     7, -9.590163230896e-01, 1.797693134862e+308, 0.0000e+00, 0.0000e+00, 
 1DIAGNOSTIC,     8, -9.614772796631e-01, 1.797693134862e+308, 0.0000e+00, 0.0000e+00, 
 1DIAGNOSTIC,     9, -9.639077186584e-01, 1.797693134862e+308, 0.0000e+00, 0.0000e+00, 
 1DIAGNOSTIC,    10, -9.659042358398e-01, 1.639186266626e-03, 0.0000e+00, 0.0000e+00, 
 1DIAGNOSTIC,    11, -9.666485786438e-01, 1.294348567500e-03, 0.0000e+00, 0.0000e+00, 
 1DIAGNOSTIC,    12, -9.673759937286e-01, 1.051611923410e-03, 0.0000e+00, 0.0000e+00, 
 1DIAGNOSTIC,    13, -9.681270122528e-01, 8.659151737811e-04, 0.0000e+00, 0.0000e+00, 
 1DIAGNOSTIC,    14, -9.685063362122e-01, 6.959135211689e-04, 0.0000e+00, 0.0000e+00, 
 1DIAGNOSTIC,    15, -9.693086147308e-01, 5.440413089847e-04, 0.0000e+00, 0.0000e+00, 
 1DIAGNOSTIC,    16, -9.696164131165e-01, 4.059738772008e-04, 0.0000e+00, 0.0000e+00, 
 1DIAGNOSTIC,    17, -9.704408645630e-01, 3.035875336018e-04, 0.0000e+00, 0.0000e+00, 
 1DIAGNOSTIC,    18, -9.706375598907e-01, 2.275592775079e-04, 0.0000e+00, 0.0000e+00, 
 1DIAGNOSTIC,    19, -9.712543487549e-01, 1.854867206331e-04, 0.0000e+00, 0.0000e+00, 
 1DIAGNOSTIC,    20, -9.713804721832e-01, 1.616745735413e-04, 0.0000e+00, 0.0000e+00, 
 1DIAGNOSTIC,    21, -9.719724655151e-01, 1.438935000450e-04, 0.0000e+00, 0.0000e+00, 
 1DIAGNOSTIC,    22, -9.719882011414e-01, 1.240916751923e-04, 0.0000e+00, 0.0000e+00, 
 1DIAGNOSTIC,    23, -9.724235534668e-01, 1.098226389446e-04, 0.0000e+00, 0.0000e+00, 
 1DIAGNOSTIC,    24, -9.724636077881e-01, 9.149997286115e-05, 0.0000e+00, 0.0000e+00, 
 1DIAGNOSTIC,    25, -9.729220867157e-01, 8.108113472542e-05, 0.0000e+00, 0.0000e+00, 
 1DIAGNOSTIC,    26, -9.728658199310e-01, 6.651046268896e-05, 0.0000e+00, 0.0000e+00, 
 1DIAGNOSTIC,    27, -9.732041358948e-01, 5.964956057060e-05, 0.0000e+00, 0.0000e+00, 
 1DIAGNOSTIC,    28, -9.731936454773e-01, 4.955080935054e-05, 0.0000e+00, 0.0000e+00, 
 1DIAGNOSTIC,    29, -9.735748767853e-01, 4.574787045290e-05, 0.0000e+00, 0.0000e+00, 
 1DIAGNOSTIC,    30, -9.734735488892e-01, 3.799981563804e-05, 0.0000e+00, 0.0000e+00, 
 1DIAGNOSTIC,    31, -9.737653732300e-01, 3.575113940231e-05, 0.0000e+00, 0.0000e+00, 
 1DIAGNOSTIC,    32, -9.737279415131e-01, 3.003341374370e-05, 0.0000e+00, 0.0000e+00, 
 1DIAGNOSTIC,    33, -9.740610122681e-01, 2.879428397683e-05, 0.0000e+00, 0.0000e+00, 
 1DIAGNOSTIC,    34, -9.739224910736e-01, 2.396754854878e-05, 0.0000e+00, 0.0000e+00, 
 1DIAGNOSTIC,    35, -9.741787910461e-01, 2.333591654264e-05, 0.0000e+00, 0.0000e+00, 
 1DIAGNOSTIC,    36, -9.741220474243e-01, 1.959097263782e-05, 0.0000e+00, 0.0000e+00, 
 1DIAGNOSTIC,    37, -9.744102954865e-01, 1.927791815149e-05, 0.0000e+00, 0.0000e+00, 
 1DIAGNOSTIC,    38, -9.742388725281e-01, 1.568985792038e-05, 0.0000e+00, 0.0000e+00, 
 1DIAGNOSTIC,    39, -9.744834899902e-01, 1.568668174961e-05, 0.0000e+00, 0.0000e+00, 
 1DIAGNOSTIC,    40, -9.743645191193e-01, 1.256571856170e-05, 0.0000e+00, 0.0000e+00, 
 1DIAGNOSTIC,    41, -9.746117591858e-01, 1.237394961161e-05, 0.0000e+00, 0.0000e+00, 
 1DIAGNOSTIC,    42, -9.744696617126e-01, 9.721089183064e-06, 0.0000e+00, 0.0000e+00, 
 1DIAGNOSTIC,    43, -9.746947288513e-01, 1.022946875694e-05, 0.0000e+00, 0.0000e+00, 
 1DIAGNOSTIC,    44, -9.746780395508e-01, 8.702927298449e-06, 0.0000e+00, 0.0000e+00, 
 1DIAGNOSTIC,    45, -9.747996330261e-01, 8.968046875280e-06, 0.0000e+00, 0.0000e+00, 
 1DIAGNOSTIC,    46, -9.746232032776e-01, 6.883642351390e-06, 0.0000e+00, 0.0000e+00, 
 1DIAGNOSTIC,    47, -9.748718738556e-01, 7.727315687874e-06, 0.0000e+00, 0.0000e+00, 
 1DIAGNOSTIC,    48, -9.747359752655e-01, 5.892041739081e-06, 0.0000e+00, 0.0000e+00, 
 1DIAGNOSTIC,    49, -9.748795032501e-01, 5.997047833436e-06, 0.0000e+00, 0.0000e+00, 
 1DIAGNOSTIC,    50, -9.747252464294e-01, 3.935459238980e-06, 0.0000e+00, 0.0000e+00, 
 1DIAGNOSTIC,    51, -9.749908447266e-01, 4.656864741649e-06, 0.0000e+00, 0.0000e+00, 
 1DIAGNOSTIC,    52, -9.748973846436e-01, 3.552329034293e-06, 0.0000e+00, 0.0000e+00, 
 1DIAGNOSTIC,    53, -9.749345779419e-01, 3.676493445112e-06, 0.0000e+00, 0.0000e+00, 
 1DIAGNOSTIC,    54, -9.747791290283e-01, 2.562691779315e-06, 0.0000e+00, 0.0000e+00, 
 1DIAGNOSTIC,    55, -9.750080108643e-01, 3.222865871264e-06, 0.0000e+00, 0.0000e+00, 
 1DIAGNOSTIC,    56, -9.748809337616e-01, 1.924243423511e-06, 0.0000e+00, 0.0000e+00, 
 1DIAGNOSTIC,    57, -9.750177860260e-01, 2.561528929308e-06, 0.0000e+00, 0.0000e+00, 
 1DIAGNOSTIC,    58, -9.748618602753e-01, 1.494839240258e-06, 0.0000e+00, 0.0000e+00, 
 1DIAGNOSTIC,    59, -9.751188755035e-01, 2.421242712141e-06, 0.0000e+00, 0.0000e+00, 
 1DIAGNOSTIC,    60, -9.750342369080e-01, 1.881921310377e-06, 0.0000e+00, 0.0000e+00, 
 1DIAGNOSTIC,    61, -9.750440120697e-01, 2.573895179610e-06, 0.0000e+00, 0.0000e+00, 
 1DIAGNOSTIC,    62, -9.748668670654e-01, 1.779345165768e-06, 0.0000e+00, 0.0000e+00, 
 1DIAGNOSTIC,    63, -9.750747680664e-01, 2.074922776152e-06, 0.0000e+00, 0.0000e+00, 
 1DIAGNOSTIC,    64, -9.749915599823e-01, 1.039473234210e-06, 0.0000e+00, 0.0000e+00, 
 1DIAGNOSTIC,    65, -9.751760959625e-01, 1.869963341616e-06, 0.0000e+00, 0.0000e+00, 
 1DIAGNOSTIC,    66, -9.749417304993e-01, 9.225132081396e-07, 0.0000e+00, 0.0000e+00, 
XXDIAGNOSTIC,Iteration,metricValue,convergenceValue,ITERATION_TIME_INDEX,SINCE_LAST
 1DIAGNOSTIC,     1, -9.202661514282e-01, 1.797693134862e+308, 0.0000e+00, 0.0000e+00, 
 1DIAGNOSTIC,     2, -9.233975410461e-01, 1.797693134862e+308, 0.0000e+00, 0.0000e+00, 
 1DIAGNOSTIC,     3, -9.263727664948e-01, 1.797693134862e+308, 0.0000e+00, 0.0000e+00, 
 1DIAGNOSTIC,     4, -9.290738105774e-01, 1.797693134862e+308, 0.0000e+00, 0.0000e+00, 
 1DIAGNOSTIC,     5, -9.315643310547e-01, 1.797693134862e+308, 0.0000e+00, 0.0000e+00, 
 1DIAGNOSTIC,     6, -9.339129924774e-01, 1.797693134862e+308, 0.0000e+00, 0.0000e+00, 
 1DIAGNOSTIC,     7, -9.359645843506e-01, 1.797693134862e+308, 0.0000e+00, 0.0000e+00, 
 1DIAGNOSTIC,     8, -9.376041889191e-01, 1.797693134862e+308, 0.0000e+00, 0.0000e+00, 
 1DIAGNOSTIC,     9, -9.389810562134e-01, 1.797693134862e+308, 0.0000e+00, 0.0000e+00, 
 1DIAGNOSTIC,    10, -9.400987625122e-01, 1.373935260810e-03, 0.0000e+00, 0.0000e+00, 
 1DIAGNOSTIC,    11, -9.408745765686e-01, 1.099577399295e-03, 0.0000e+00, 0.0000e+00, 
 1DIAGNOSTIC,    12, -9.416728019714e-01, 8.715064853911e-04, 0.0000e+00, 0.0000e+00, 
 1DIAGNOSTIC,    13, -9.421997070312e-01, 6.813162118845e-04, 0.0000e+00, 0.0000e+00, 
 1DIAGNOSTIC,    14, -9.426479339600e-01, 5.245034233428e-04, 0.0000e+00, 0.0000e+00, 
 1DIAGNOSTIC,    15, -9.430472850800e-01, 3.989245915661e-04, 0.0000e+00, 0.0000e+00, 
 1DIAGNOSTIC,    16, -9.433994293213e-01, 3.034140192596e-04, 0.0000e+00, 0.0000e+00, 
 1DIAGNOSTIC,    17, -9.437174797058e-01, 2.332969210888e-04, 0.0000e+00, 0.0000e+00, 
 1DIAGNOSTIC,    18, -9.440097808838e-01, 1.818013614675e-04, 0.0000e+00, 0.0000e+00, 
 1DIAGNOSTIC,    19, -9.442749023438e-01, 1.449915477566e-04, 0.0000e+00, 0.0000e+00, 
 1DIAGNOSTIC,    20, -9.445164203644e-01, 1.189910004744e-04, 0.0000e+00, 0.0000e+00, 
 1DIAGNOSTIC,    21, -9.447393417358e-01, 9.872363922012e-05, 0.0000e+00, 0.0000e+00, 
 1DIAGNOSTIC,    22, -9.449388980865e-01, 8.484076044554e-05, 0.0000e+00, 0.0000e+00, 
 1DIAGNOSTIC,    23, -9.451286792755e-01, 7.369963566332e-05, 0.0000e+00, 0.0000e+00, 
 1DIAGNOSTIC,    24, -9.452934265137e-01, 6.435078627658e-05, 0.0000e+00, 0.0000e+00, 
 1DIAGNOSTIC,    25, -9.454483985901e-01, 5.647097192937e-05, 0.0000e+00, 0.0000e+00, 
 1DIAGNOSTIC,    26, -9.455890655518e-01, 4.967723896394e-05, 0.0000e+00, 0.0000e+00, 
 1DIAGNOSTIC,    27, -9.457173347473e-01, 4.376575880011e-05, 0.0000e+00, 0.0000e+00, 
 1DIAGNOSTIC,    28, -9.458417892456e-01, 3.871099752870e-05, 0.0000e+00, 0.0000e+00, 
 1DIAGNOSTIC,    29, -9.459567070007e-01, 3.437279266214e-05, 0.0000e+00, 0.0000e+00, 
 1DIAGNOSTIC,    30, -9.460661411285e-01, 3.067342080206e-05, 0.0000e+00, 0.0000e+00, 
 1DIAGNOSTIC,    31, -9.461669921875e-01, 2.753108590648e-05, 0.0000e+00, 0.0000e+00, 
 1DIAGNOSTIC,    32, -9.462616443634e-01, 2.481861243149e-05, 0.0000e+00, 0.0000e+00, 
 1DIAGNOSTIC,    33, -9.463515281677e-01, 2.254327037759e-05, 0.0000e+00, 0.0000e+00, 
 1DIAGNOSTIC,    34, -9.464356899261e-01, 2.053739145735e-05, 0.0000e+00, 0.0000e+00, 
 1DIAGNOSTIC,    35, -9.465167522430e-01, 1.879701128074e-05, 0.0000e+00, 0.0000e+00, 
 1DIAGNOSTIC,    36, -9.465906620026e-01, 1.723165217078e-05, 0.0000e+00, 0.0000e+00, 
 1DIAGNOSTIC,    37, -9.466600418091e-01, 1.578899596450e-05, 0.0000e+00, 0.0000e+00, 
 1DIAGNOSTIC,    38, -9.467248916626e-01, 1.448727606970e-05, 0.0000e+00, 0.0000e+00, 
 1DIAGNOSTIC,    39, -9.467852115631e-01, 1.329125028201e-05, 0.0000e+00, 0.0000e+00, 
 1DIAGNOSTIC,    40, -9.468412399292e-01, 1.219911252542e-05, 0.0000e+00, 0.0000e+00, 
 1DIAGNOSTIC,    41, -9.468941688538e-01, 1.119083217168e-05, 0.0000e+00, 0.0000e+00, 
 1DIAGNOSTIC,    42, -9.469432830811e-01, 1.025688829875e-05, 0.0000e+00, 0.0000e+00, 
 1DIAGNOSTIC,    43, -9.469885826111e-01, 9.396346132305e-06, 0.0000e+00, 0.0000e+00, 
 1DIAGNOSTIC,    44, -9.470298290253e-01, 8.596849818361e-06, 0.0000e+00, 0.0000e+00, 
 1DIAGNOSTIC,    45, -9.470682144165e-01, 7.871537180789e-06, 0.0000e+00, 0.0000e+00, 
 1DIAGNOSTIC,    46, -9.471020698547e-01, 7.190345797780e-06, 0.0000e+00, 0.0000e+00, 
 1DIAGNOSTIC,    47, -9.471354484558e-01, 6.567870156862e-06, 5.1200e+02, 5.1200e+02, 
 1DIAGNOSTIC,    48, -9.471654891968e-01, 5.996107738677e-06, 5.1200e+02, 0.0000e+00, 
 1DIAGNOSTIC,    49, -9.471929073334e-01, 5.470358299609e-06, 5.1200e+02, 0.0000e+00, 
 1DIAGNOSTIC,    50, -9.472184181213e-01, 4.989616720595e-06, 5.1200e+02, 0.0000e+00, 
 1DIAGNOSTIC,    51, -9.472417831421e-01, 4.556105735794e-06, 5.1200e+02, 0.0000e+00, 
 1DIAGNOSTIC,    52, -9.472622871399e-01, 4.160826241738e-06, 5.1200e+02, 0.0000e+00, 
 1DIAGNOSTIC,    53, -9.472825527191e-01, 3.808616365383e-06, 5.1200e+02, 0.0000e+00, 
 1DIAGNOSTIC,    54, -9.473013877869e-01, 3.492830111692e-06, 5.1200e+02, 0.0000e+00, 
 1DIAGNOSTIC,    55, -9.473266601562e-01, 3.255196364467e-06, 5.1200e+02, 0.0000e+00, 
 1DIAGNOSTIC,    56, -9.473431110382e-01, 3.035190989556e-06, 5.1200e+02, 0.0000e+00, 
 1DIAGNOSTIC,    57, -9.473578929901e-01, 2.838169705005e-06, 5.1200e+02, 0.0000e+00, 
 1DIAGNOSTIC,    58, -9.473724365234e-01, 2.658597009868e-06, 5.1200e+02, 0.0000e+00, 
 1DIAGNOSTIC,    59, -9.473860263824e-01, 2.488975570990e-06, 5.1200e+02, 0.0000e+00, 
 1DIAGNOSTIC,    60, -9.473986625671e-01, 2.326156707179e-06, 5.1200e+02, 0.0000e+00, 
 1DIAGNOSTIC,    61, -9.474103450775e-01, 2.167138783885e-06, 5.1200e+02, 0.0000e+00, 
 1DIAGNOSTIC,    62, -9.474139213562e-01, 1.970844505757e-06, 5.1200e+02, 0.0000e+00, 
 1DIAGNOSTIC,    63, -9.474236965179e-01, 1.783989364183e-06, 5.1200e+02, 0.0000e+00, 
 1DIAGNOSTIC,    64, -9.474327564240e-01, 1.608232910354e-06, 5.1200e+02, 0.0000e+00, 
 1DIAGNOSTIC,    65, -9.474413394928e-01, 1.485903025508e-06, 5.1200e+02, 0.0000e+00, 
 1DIAGNOSTIC,    66, -9.474492073059e-01, 1.381292300661e-06, 5.1200e+02, 0.0000e+00, 
 1DIAGNOSTIC,    67, -9.474568367004e-01, 1.293383626592e-06, 5.1200e+02, 0.0000e+00, 
 1DIAGNOSTIC,    68, -9.474632740021e-01, 1.221225113011e-06, 5.1200e+02, 0.0000e+00, 
 1DIAGNOSTIC,    69, -9.474687576294e-01, 1.160459697103e-06, 5.1200e+02, 0.0000e+00, 
 1DIAGNOSTIC,    70, -9.474737644196e-01, 1.108820337046e-06, 5.1200e+02, 0.0000e+00, 
XXDIAGNOSTIC,Iteration,metricValue,convergenceValue,ITERATION_TIME_INDEX,SINCE_LAST
 1DIAGNOSTIC,     1, -9.001059532166e-01, 1.797693134862e+308, 5.1200e+02, 0.0000e+00, 
 1DIAGNOSTIC,     2, -9.021830558777e-01, 1.797693134862e+308, 5.1200e+02, 0.0000e+00, 
 1DIAGNOSTIC,     3, -9.046602249146e-01, 1.797693134862e+308, 5.1200e+02, 0.0000e+00, 
 1DIAGNOSTIC,     4, -9.070899486542e-01, 1.797693134862e+308, 5.1200e+02, 0.0000e+00, 
 1DIAGNOSTIC,     5, -9.094786643982e-01, 1.797693134862e+308, 1.0240e+03, 5.1200e+02, 
 1DIAGNOSTIC,     6, -9.116182327271e-01, 1.797693134862e+308, 1.0240e+03, 0.0000e+00, 
 1DIAGNOSTIC,     7, -9.135346412659e-01, 1.797693134862e+308, 1.0240e+03, 0.0000e+00, 
 1DIAGNOSTIC,     8, -9.152677059174e-01, 1.797693134862e+308, 1.0240e+03, 0.0000e+00, 
 1DIAGNOSTIC,     9, -9.168677330017e-01, 1.797693134862e+308, 1.0240e+03, 0.0000e+00, 
 1DIAGNOSTIC,    10, -9.183640480042e-01, 1.311811569297e-03, 1.0240e+03, 0.0000e+00, 
 1DIAGNOSTIC,    11, -9.197766780853e-01, 1.121978539609e-03, 1.0240e+03, 0.0000e+00, 
 1DIAGNOSTIC,    12, -9.210484027863e-01, 9.495154212063e-04, 1.0240e+03, 0.0000e+00, 
 1DIAGNOSTIC,    13, -9.220190048218e-01, 7.999213093333e-04, 1.5360e+03, 5.1200e+02, 
 1DIAGNOSTIC,    14, -9.231593608856e-01, 6.779464628538e-04, 1.5360e+03, 0.0000e+00, 
 1DIAGNOSTIC,    15, -9.239137172699e-01, 5.749243401543e-04, 1.5360e+03, 0.0000e+00, 
 1DIAGNOSTIC,    16, -9.248700141907e-01, 4.918544197905e-04, 1.5360e+03, 0.0000e+00, 
 1DIAGNOSTIC,    17, -9.254674911499e-01, 4.188392348297e-04, 1.5360e+03, 0.0000e+00, 
 1DIAGNOSTIC,    18, -9.261398315430e-01, 3.565782642395e-04, 1.5360e+03, 0.0000e+00, 
 1DIAGNOSTIC,    19, -9.266450405121e-01, 3.019915585183e-04, 1.5360e+03, 0.0000e+00, 
 1DIAGNOSTIC,    20, -9.271152019501e-01, 2.550890329844e-04, 1.5360e+03, 0.0000e+00, 
 1DIAGNOSTIC,    21, -9.275624752045e-01, 2.161797202841e-04, 2.0480e+03, 5.1200e+02, 
 1DIAGNOSTIC,    22, -9.279851913452e-01, 1.844186731520e-04, 2.0480e+03, 0.0000e+00, 
 1DIAGNOSTIC,    23, -9.283866882324e-01, 1.564939492347e-04, 2.0480e+03, 0.0000e+00, 
 1DIAGNOSTIC,    24, -9.287683963776e-01, 1.358447343909e-04, 2.0480e+03, 0.0000e+00, 
 1DIAGNOSTIC,    25, -9.291324615479e-01, 1.178227253858e-04, 2.0480e+03, 0.0000e+00, 
 1DIAGNOSTIC,    26, -9.294772148132e-01, 1.055783299158e-04, 2.0480e+03, 0.0000e+00, 
 1DIAGNOSTIC,    27, -9.298071861267e-01, 9.486335830459e-05, 2.0480e+03, 0.0000e+00, 
 1DIAGNOSTIC,    28, -9.301226139069e-01, 8.686446355879e-05, 2.0480e+03, 0.0000e+00, 
 1DIAGNOSTIC,    29, -9.304230213165e-01, 7.979902391251e-05, 2.5600e+03, 5.1200e+02, 
 1DIAGNOSTIC,    30, -9.307107925415e-01, 7.346917687900e-05, 2.5600e+03, 0.0000e+00, 
 1DIAGNOSTIC,    31, -9.309873580933e-01, 6.781379662731e-05, 2.5600e+03, 0.0000e+00, 
 1DIAGNOSTIC,    32, -9.312515258789e-01, 6.272568790498e-05, 2.5600e+03, 0.0000e+00, 
 1DIAGNOSTIC,    33, -9.314846992493e-01, 5.794852369539e-05, 2.5600e+03, 0.0000e+00, 
 1DIAGNOSTIC,    34, -9.316811561584e-01, 5.322233170566e-05, 2.5600e+03, 0.0000e+00, 
 1DIAGNOSTIC,    35, -9.318468570709e-01, 4.841039150106e-05, 2.5600e+03, 0.0000e+00, 
 1DIAGNOSTIC,    36, -9.319846630096e-01, 4.342951650239e-05, 2.5600e+03, 0.0000e+00, 
 1DIAGNOSTIC,    37, -9.320979118347e-01, 3.831285906052e-05, 3.0720e+03, 5.1200e+02, 
 1DIAGNOSTIC,    38, -9.321951866150e-01, 3.320386005947e-05, 3.0720e+03, 0.0000e+00, 
 1DIAGNOSTIC,    39, -9.322812557220e-01, 2.828945215540e-05, 3.0720e+03, 0.0000e+00, 
 1DIAGNOSTIC,    40, -9.323587417603e-01, 2.377957154636e-05, 3.0720e+03, 0.0000e+00, 
 1DIAGNOSTIC,    41, -9.324305057526e-01, 1.987889960173e-05, 3.0720e+03, 0.0000e+00, 
 1DIAGNOSTIC,    42, -9.324996471405e-01, 1.675302091168e-05, 3.0720e+03, 0.0000e+00, 
 1DIAGNOSTIC,    43, -9.325664043427e-01, 1.436527921705e-05, 3.0720e+03, 0.0000e+00, 
 1DIAGNOSTIC,    44, -9.326329231262e-01, 1.259996362521e-05, 3.0720e+03, 0.0000e+00, 
 1DIAGNOSTIC,    45, -9.327042102814e-01, 1.137769878043e-05, 3.5840e+03, 5.1200e+02, 
 1DIAGNOSTIC,    46, -9.327764511108e-01, 1.057465805241e-05, 3.5840e+03, 0.0000e+00, 
 1DIAGNOSTIC,    47, -9.328536987305e-01, 1.009091354680e-05, 3.5840e+03, 0.0000e+00, 
 1DIAGNOSTIC,    48, -9.329342842102e-01, 9.850860288780e-06, 3.5840e+03, 0.0000e+00, 
 1DIAGNOSTIC,    49, -9.330193996429e-01, 9.800996869851e-06, 3.5840e+03, 0.0000e+00, 
 1DIAGNOSTIC,    50, -9.331061840057e-01, 9.872730932094e-06, 3.5840e+03, 0.0000e+00, 
XXDIAGNOSTIC,Iteration,metricValue,convergenceValue,ITERATION_TIME_INDEX,SINCE_LAST
 1DIAGNOSTIC,     1, -8.868968486786e-01, 1.797693134862e+308, 4.0960e+03, 5.1200e+02, 
 1DIAGNOSTIC,     2, -8.881332874298e-01, 1.797693134862e+308, 4.6080e+03, 5.1200e+02, 
 1DIAGNOSTIC,     3, -8.898198604584e-01, 1.797693134862e+308, 5.1200e+03, 5.1200e+02, 
 1DIAGNOSTIC,     4, -8.914752006531e-01, 1.797693134862e+308, 5.6320e+03, 5.1200e+02, 
 1DIAGNOSTIC,     5, -8.931813240051e-01, 1.797693134862e+308, 6.1440e+03, 5.1200e+02, 
 1DIAGNOSTIC,     6, -8.947658538818e-01, 1.797693134862e+308, 6.6560e+03, 5.1200e+02, 
 1DIAGNOSTIC,     7, -8.963103294373e-01, 1.797693134862e+308, 7.1680e+03, 5.1200e+02, 
 1DIAGNOSTIC,     8, -8.977510929108e-01, 1.797693134862e+308, 7.6800e+03, 5.1200e+02, 
 1DIAGNOSTIC,     9, -8.990616798401e-01, 1.797693134862e+308, 8.1920e+03, 5.1200e+02, 
 1DIAGNOSTIC,    10, -9.002480506897e-01, 9.885143473335e-04, 8.7040e+03, 5.1200e+02, 
 1DIAGNOSTIC,    11, -9.012365341187e-01, 8.674254076634e-04, 9.2160e+03, 5.1200e+02, 
 1DIAGNOSTIC,    12, -9.020643234253e-01, 7.429476211075e-04, 1.0240e+04, 1.0240e+03, 
 1DIAGNOSTIC,    13, -9.028439521790e-01, 6.304194714663e-04, 1.0752e+04, 5.1200e+02, 
 1DIAGNOSTIC,    14, -9.035649299622e-01, 5.301369362573e-04, 1.1264e+04, 5.1200e+02, 
 1DIAGNOSTIC,    15, -9.042136669159e-01, 4.442713292133e-04, 1.1776e+04, 5.1200e+02, 
 1DIAGNOSTIC,    16, -9.047958850861e-01, 3.710463337477e-04, 1.2288e+04, 5.1200e+02, 
 1DIAGNOSTIC,    17, -9.053151607513e-01, 3.105243801626e-04, 1.2800e+04, 5.1200e+02, 
 1DIAGNOSTIC,    18, -9.058012962341e-01, 2.617364528777e-04, 1.3312e+04, 5.1200e+02, 
 1DIAGNOSTIC,    19, -9.062521457672e-01, 2.229580141966e-04, 1.3824e+04, 5.1200e+02, 
 1DIAGNOSTIC,    20, -9.066798686981e-01, 1.927280927675e-04, 1.4336e+04, 5.1200e+02, 
  Elapsed time (stage 0): 14336


Total elapsed time: 14336
