
##########################
# Experiment information #
##########################

EXPERIMENT_NAME: antsRegistration-r8-p17
VFC_BACKENDS: libinterflop_vprec.so --range-binary32=8 --precision-binary32=17 --range-binary64=8 --precision-binary64=17

SIF_IMG: /home/mdugre/projects/rrg-glatard/mdugre/containers/ants-vprec-no_metrics.simg

SUBJECT_ID: s025
INPUT_IMG: /home/mdugre/scratch/mri-registration-rp/datasets/ds004513/derivatives/mri-registration-rp/antsBrainExtraction/sub-s025/BrainExtractionBrain.nii.gz
OUTPUT_DIR: /home/mdugre/scratch/mri-registration-rp/datasets/ds004513/derivatives/mri-registration-rp/0111/antsRegistration-r8-p17/sub-s025

FIXED_IMG: /templateflow/tpl-MNI152NLin2009cAsym/tpl-MNI152NLin2009cAsym_res-01_desc-brain_T1w.nii.gz
DATA_DIR: /home/mdugre/scratch/mri-registration-rp/datasets/ds004513
TEMPLATEFLOW_DIR: /home/mdugre/projects/rrg-glatard/mdugre/templateflow
ITK_GLOBAL_DEFAULT_NUMBER_OF_THREADS: 16
##########################

Info [verificarlo]: loaded backend libinterflop_ieee.so
Info [interflop-ieee]: load backend with:
Info [interflop-ieee]: debug = false
Info [interflop-ieee]: debug-binary = false
Info [interflop-ieee]: no-backend-name = false
Info [interflop-ieee]: print-new-line = false
Info [interflop-ieee]: print-subnormal-normalized = false
Info [interflop-ieee]: count-op = false
All_Command_lines_OK
Using double precision for computations.
=============================================================================
The composite transform comprises the following transforms (in order): 
  1. Center of mass alignment using fixed image: /templateflow/tpl-MNI152NLin2009cAsym/tpl-MNI152NLin2009cAsym_res-01_desc-brain_T1w.nii.gz and moving image: /home/mdugre/scratch/mri-registration-rp/datasets/ds004513/derivatives/mri-registration-rp/antsBrainExtraction/sub-s025/BrainExtractionBrain.nii.gz (type = Euler3DTransform)
=============================================================================
  number of levels = 1
  fixed image: /templateflow/tpl-MNI152NLin2009cAsym/tpl-MNI152NLin2009cAsym_res-01_desc-brain_T1w.nii.gz
  moving image: /home/mdugre/scratch/mri-registration-rp/datasets/ds004513/derivatives/mri-registration-rp/antsBrainExtraction/sub-s025/BrainExtractionBrain.nii.gz
Dimension = 3
Number of stages = 1
Use histogram matching = false
Winsorize image intensities = true
  Lower quantile = 0.005
  Upper quantile = 0.995


Stage 1 State
   Image metric = MattesMI
     Fixed image = Image (0x366be70)
  RTTI typeinfo:   itk::Image<double, 3u>
  Reference Count: 2
  Modified Time: 2334
  Debug: Off
  Object Name: 
  Observers: 
    none
  Source: (none)
  Source output name: (none)
  Release Data: Off
  Data Released: False
  Global Release Data: Off
  PipelineMTime: 0
  UpdateMTime: 1943
  RealTimeStamp: 0 seconds 
  LargestPossibleRegion: 
    Dimension: 3
    Index: [0, 0, 0]
    Size: [193, 229, 193]
  BufferedRegion: 
    Dimension: 3
    Index: [0, 0, 0]
    Size: [193, 229, 193]
  RequestedRegion: 
    Dimension: 3
    Index: [0, 0, 0]
    Size: [193, 229, 193]
  Spacing: [1, 1, 1]
  Origin: [96, 132, -78]
  Direction: 
-1 0 0
0 -1 0
0 0 1

  IndexToPointMatrix: 
-1 0 0
0 -1 0
0 0 1

  PointToIndexMatrix: 
-1 0 0
0 -1 0
0 0 1

  Inverse Direction: 
-1 0 0
0 -1 0
0 0 1

  PixelContainer: 
    ImportImageContainer (0x3674c60)
      RTTI typeinfo:   itk::ImportImageContainer<unsigned long, double>
      Reference Count: 1
      Modified Time: 1940
      Debug: Off
      Object Name: 
      Observers: 
        none
      Pointer: 0x149d3a0ff010
      Container manages memory: true
      Size: 8530021
      Capacity: 8530021

     Moving image = Image (0x3677610)
  RTTI typeinfo:   itk::Image<double, 3u>
  Reference Count: 2
  Modified Time: 2335
  Debug: Off
  Object Name: 
  Observers: 
    none
  Source: (none)
  Source output name: (none)
  Release Data: Off
  Data Released: False
  Global Release Data: Off
  PipelineMTime: 0
  UpdateMTime: 2332
  RealTimeStamp: 0 seconds 
  LargestPossibleRegion: 
    Dimension: 3
    Index: [0, 0, 0]
    Size: [176, 240, 256]
  BufferedRegion: 
    Dimension: 3
    Index: [0, 0, 0]
    Size: [176, 240, 256]
  RequestedRegion: 
    Dimension: 3
    Index: [0, 0, 0]
    Size: [176, 240, 256]
  Spacing: [0.999999, 1, 1]
  Origin: [90.3778, 84.5091, -154.071]
  Direction: 
-0.999391 7.48184e-06 -0.0348969
-7.47664e-06 -1 -2.7953e-07
-0.0348969 -1.84481e-08 0.999391

  IndexToPointMatrix: 
-0.99939 7.48184e-06 -0.0348969
-7.47663e-06 -1 -2.7953e-07
-0.0348968 -1.84481e-08 0.999391

  PointToIndexMatrix: 
-0.999392 -7.47665e-06 -0.0348969
7.48184e-06 -1 -1.84481e-08
-0.0348969 -2.7953e-07 0.999391

  Inverse Direction: 
-0.999391 -7.47664e-06 -0.0348969
7.48184e-06 -1 -1.84481e-08
-0.0348969 -2.7953e-07 0.999391

  PixelContainer: 
    ImportImageContainer (0x3710ef0)
      RTTI typeinfo:   itk::ImportImageContainer<unsigned long, double>
      Reference Count: 1
      Modified Time: 2329
      Debug: Off
      Object Name: 
      Observers: 
        none
      Pointer: 0x149d34e7e010
      Container manages memory: true
      Size: 10813440
      Capacity: 10813440

     Weighting = 1
     Sampling strategy = regular
     Number of bins = 32
     Radius = 4
     Sampling percentage  = 0.25
   Transform = Rigid
     Gradient step = 0.1
     Update field sigma (voxel space) = 0
     Total field sigma (voxel space) = 0
     Update field time sigma = 0
     Total field time sigma  = 0
     Number of time indices = 0
     Number of time point samples = 0
Registration using 1 total stages.

Stage 0
  iterations = 0
  convergence threshold = 1e-06
  convergence window size = 10
  number of levels = 1
  using the Mattes MI metric (number of bins = 32, weight = 1, use gradient filter = 0)
  preprocessing:  winsorizing the image intensities
  Shrink factors (level 1 out of 1): [1, 1, 1]
  smoothing sigmas per level: [0]
  regular sampling (percentage = 0.25)

*** Running Euler3DTransform registration ***

  Elapsed time (stage 0): 1.08841


Total elapsed time: 1.09119
Info [verificarlo]: loaded backend libinterflop_vprec.so
Info [interflop-vprec]: load backend with: 
Info [interflop-vprec]: precision-binary32 = 17
Info [interflop-vprec]: range-binary32 = 8
Info [interflop-vprec]: precision-binary64 = 17
Info [interflop-vprec]: range-binary64 = 8
Info [interflop-vprec]: mode = ob
Info [interflop-vprec]: error-mode = rel
Info [interflop-vprec]: max-abs-error-exponent = -1022
Info [interflop-vprec]: daz = false
Info [interflop-vprec]: ftz = false
Info [interflop-vprec]: 	instrument = none
Info [interflop-vprec]: 	prec-input-file = (null)
Info [interflop-vprec]: 	prec-output-file = (null)
Info [interflop-vprec]: 	prec-log-file = (null)
All_Command_lines_OK
Using double precision for computations.
=============================================================================
The composite transform comprises the following transforms (in order): 
  1. /home/mdugre/scratch/mri-registration-rp/datasets/ds004513/derivatives/mri-registration-rp/0111/antsRegistration-r8-p17/sub-s025/align_Composite.h5[0] (type = Euler3DTransform)
  2. /home/mdugre/scratch/mri-registration-rp/datasets/ds004513/derivatives/mri-registration-rp/0111/antsRegistration-r8-p17/sub-s025/align_Composite.h5[1] (type = Euler3DTransform)
=============================================================================
  number of levels = 4
  fixed image: /templateflow/tpl-MNI152NLin2009cAsym/tpl-MNI152NLin2009cAsym_res-01_desc-brain_T1w.nii.gz
  moving image: /home/mdugre/scratch/mri-registration-rp/datasets/ds004513/derivatives/mri-registration-rp/antsBrainExtraction/sub-s025/BrainExtractionBrain.nii.gz
Dimension = 3
Number of stages = 1
Use histogram matching = false
Winsorize image intensities = true
  Lower quantile = 0.005
  Upper quantile = 0.995


Stage 1 State
   Image metric = MattesMI
     Fixed image = Image (0x439e1e0)
  RTTI typeinfo:   itk::Image<double, 3u>
  Reference Count: 2
  Modified Time: 1578
  Debug: Off
  Object Name: 
  Observers: 
    none
  Source: (none)
  Source output name: (none)
  Release Data: Off
  Data Released: False
  Global Release Data: Off
  PipelineMTime: 0
  UpdateMTime: 1189
  RealTimeStamp: 0 seconds 
  LargestPossibleRegion: 
    Dimension: 3
    Index: [0, 0, 0]
    Size: [193, 229, 193]
  BufferedRegion: 
    Dimension: 3
    Index: [0, 0, 0]
    Size: [193, 229, 193]
  RequestedRegion: 
    Dimension: 3
    Index: [0, 0, 0]
    Size: [193, 229, 193]
  Spacing: [1, 1, 1]
  Origin: [96, 132, -78]
  Direction: 
-1 0 0
0 -1 0
0 0 1

  IndexToPointMatrix: 
-1 0 0
0 -1 0
0 0 1

  PointToIndexMatrix: 
-1 0 0
0 -1 0
0 0 1

  Inverse Direction: 
-1 0 0
0 -1 0
0 0 1

  PixelContainer: 
    ImportImageContainer (0x445d680)
      RTTI typeinfo:   itk::ImportImageContainer<unsigned long, double>
      Reference Count: 1
      Modified Time: 1186
      Debug: Off
      Object Name: 
      Observers: 
        none
      Pointer: 0x145b7d778010
      Container manages memory: true
      Size: 8530021
      Capacity: 8530021

     Moving image = Image (0x4459b20)
  RTTI typeinfo:   itk::Image<double, 3u>
  Reference Count: 2
  Modified Time: 1579
  Debug: Off
  Object Name: 
  Observers: 
    none
  Source: (none)
  Source output name: (none)
  Release Data: Off
  Data Released: False
  Global Release Data: Off
  PipelineMTime: 0
  UpdateMTime: 1576
  RealTimeStamp: 0 seconds 
  LargestPossibleRegion: 
    Dimension: 3
    Index: [0, 0, 0]
    Size: [176, 240, 256]
  BufferedRegion: 
    Dimension: 3
    Index: [0, 0, 0]
    Size: [176, 240, 256]
  RequestedRegion: 
    Dimension: 3
    Index: [0, 0, 0]
    Size: [176, 240, 256]
  Spacing: [1, 1, 1]
  Origin: [90.3779, 84.5093, -154.071]
  Direction: 
-0.99939 7.48184e-06 -0.0348969
-7.47663e-06 -1 -2.7953e-07
-0.0348969 -1.84481e-08 0.99939

  IndexToPointMatrix: 
-0.99939 7.48184e-06 -0.0348969
-7.47663e-06 -1 -2.7953e-07
-0.0348969 -1.84481e-08 0.99939

  PointToIndexMatrix: 
-0.99939 -7.47663e-06 -0.0348969
7.47666e-06 -1 1.30385e-07
-0.0348969 -1.30385e-07 0.99939

  Inverse Direction: 
-0.99939 -7.47663e-06 -0.0348969
7.47666e-06 -1 1.30385e-07
-0.0348969 -1.30385e-07 0.99939

  PixelContainer: 
    ImportImageContainer (0x44c2d50)
      RTTI typeinfo:   itk::ImportImageContainer<unsigned long, double>
      Reference Count: 1
      Modified Time: 1573
      Debug: Off
      Object Name: 
      Observers: 
        none
      Pointer: 0x145b784f7010
      Container manages memory: true
      Size: 10813440
      Capacity: 10813440

     Weighting = 1
     Sampling strategy = regular
     Number of bins = 32
     Radius = 4
     Sampling percentage  = 0.25
   Transform = Rigid
     Gradient step = 0.1
     Update field sigma (voxel space) = 0
     Total field sigma (voxel space) = 0
     Update field time sigma = 0
     Total field time sigma  = 0
     Number of time indices = 0
     Number of time point samples = 0
Registration using 1 total stages.

Stage 0
  iterations = 1000x500x250x100
  convergence threshold = 1e-06
  convergence window size = 10
  number of levels = 4
  using the Mattes MI metric (number of bins = 32, weight = 1, use gradient filter = 0)
  preprocessing:  winsorizing the image intensities
  Shrink factors (level 1 out of 4): [8, 8, 8]
  Shrink factors (level 2 out of 4): [4, 4, 4]
  Shrink factors (level 3 out of 4): [2, 2, 2]
  Shrink factors (level 4 out of 4): [1, 1, 1]
  smoothing sigmas per level: [3, 2, 1, 0]
  regular sampling (percentage = 0.25)

*** Running Euler3DTransform registration ***

DIAGNOSTIC,Iteration,metricValue,convergenceValue,ITERATION_TIME_INDEX,SINCE_LAST
 2DIAGNOSTIC,     1, -5.324043455196e-01, 1.797693134862e+308, 0.0000e+00, 0.0000e+00, 
 2DIAGNOSTIC,     2, -5.346940258734e-01, 1.797693134862e+308, 0.0000e+00, 0.0000e+00, 
 2DIAGNOSTIC,     3, -5.378737650497e-01, 1.797693134862e+308, 0.0000e+00, 0.0000e+00, 
 2DIAGNOSTIC,     4, -5.423338752976e-01, 1.797693134862e+308, 0.0000e+00, 0.0000e+00, 
 2DIAGNOSTIC,     5, -5.486455083099e-01, 1.797693134862e+308, 0.0000e+00, 0.0000e+00, 
 2DIAGNOSTIC,     6, -5.541619560979e-01, 1.797693134862e+308, 0.0000e+00, 0.0000e+00, 
 2DIAGNOSTIC,     7, -5.623794863372e-01, 1.797693134862e+308, 0.0000e+00, 0.0000e+00, 
 2DIAGNOSTIC,     8, -5.763726496672e-01, 1.797693134862e+308, 0.0000e+00, 0.0000e+00, 
 2DIAGNOSTIC,     9, -5.875363702297e-01, 1.797693134862e+308, 0.0000e+00, 0.0000e+00, 
 2DIAGNOSTIC,    10, -6.047447904590e-01, 7.937150343704e-03, 0.0000e+00, 0.0000e+00, 
 2DIAGNOSTIC,    11, -6.164545443700e-01, 8.542436856183e-03, 0.0000e+00, 0.0000e+00, 
 2DIAGNOSTIC,    12, -6.157124953407e-01, 8.340106615332e-03, 0.0000e+00, 0.0000e+00, 
 2DIAGNOSTIC,    13, -6.205619752484e-01, 7.732083560665e-03, 0.0000e+00, 0.0000e+00, 
 2DIAGNOSTIC,    14, -6.244460671849e-01, 6.802518782276e-03, 0.0000e+00, 0.0000e+00, 
 2DIAGNOSTIC,    15, -6.271737713683e-01, 5.674534850793e-03, 0.0000e+00, 0.0000e+00, 
 2DIAGNOSTIC,    16, -6.314421236742e-01, 4.474632507893e-03, 0.0000e+00, 0.0000e+00, 
 2DIAGNOSTIC,    17, -6.314416280610e-01, 3.250324074212e-03, 0.0000e+00, 0.0000e+00, 
 2DIAGNOSTIC,    18, -6.328662752866e-01, 2.289414819230e-03, 0.0000e+00, 0.0000e+00, 
 2DIAGNOSTIC,    19, -6.381179093160e-01, 1.630207113268e-03, 0.0000e+00, 0.0000e+00, 
 2DIAGNOSTIC,    20, -6.415724234932e-01, 1.374705501437e-03, 0.0000e+00, 0.0000e+00, 
 2DIAGNOSTIC,    21, -6.454670945117e-01, 1.373412079024e-03, 0.0000e+00, 0.0000e+00, 
 2DIAGNOSTIC,    22, -6.455072800329e-01, 1.228324967360e-03, 0.0000e+00, 0.0000e+00, 
 2DIAGNOSTIC,    23, -6.459704730908e-01, 1.092844001411e-03, 0.0000e+00, 0.0000e+00, 
 2DIAGNOSTIC,    24, -6.480647568451e-01, 9.833610409875e-04, 0.0000e+00, 0.0000e+00, 
 2DIAGNOSTIC,    25, -6.522033796247e-01, 9.157643894217e-04, 0.0000e+00, 0.0000e+00, 
 2DIAGNOSTIC,    26, -6.605250879442e-01, 9.935678821650e-04, 0.0000e+00, 0.0000e+00, 
 2DIAGNOSTIC,    27, -6.617401987526e-01, 9.913114403543e-04, 0.0000e+00, 0.0000e+00, 
 2DIAGNOSTIC,    28, -6.644858614880e-01, 9.665590714227e-04, 0.0000e+00, 0.0000e+00, 
 2DIAGNOSTIC,    29, -6.675789182905e-01, 9.856964432720e-04, 0.0000e+00, 0.0000e+00, 
 2DIAGNOSTIC,    30, -6.707295007047e-01, 1.008543356561e-03, 0.0000e+00, 0.0000e+00, 
 2DIAGNOSTIC,    31, -6.861882793347e-01, 1.219847661651e-03, 0.0000e+00, 0.0000e+00, 
 2DIAGNOSTIC,    32, -7.077384423674e-01, 1.604812744350e-03, 0.0000e+00, 0.0000e+00, 
 2DIAGNOSTIC,    33, -7.100763233411e-01, 1.845974224908e-03, 0.0000e+00, 0.0000e+00, 
 2DIAGNOSTIC,    34, -7.115461468422e-01, 1.949119889004e-03, 0.0000e+00, 0.0000e+00, 
 2DIAGNOSTIC,    35, -7.172944535599e-01, 1.989149915179e-03, 0.0000e+00, 0.0000e+00, 
 2DIAGNOSTIC,    36, -7.253149840274e-01, 2.037270036269e-03, 0.0000e+00, 0.0000e+00, 
 2DIAGNOSTIC,    37, -7.286272888231e-01, 1.937339759260e-03, 0.0000e+00, 0.0000e+00, 
 2DIAGNOSTIC,    38, -7.297484110415e-01, 1.707214965305e-03, 0.0000e+00, 0.0000e+00, 
 2DIAGNOSTIC,    39, -7.298420520052e-01, 1.371073405143e-03, 0.0000e+00, 0.0000e+00, 
 2DIAGNOSTIC,    40, -7.307530625071e-01, 9.665883961871e-04, 0.0000e+00, 0.0000e+00, 
 2DIAGNOSTIC,    41, -7.323779174493e-01, 6.690621637514e-04, 0.0000e+00, 0.0000e+00, 
 2DIAGNOSTIC,    42, -7.335942178158e-01, 5.622542786330e-04, 0.0000e+00, 0.0000e+00, 
 2DIAGNOSTIC,    43, -7.347404268822e-01, 4.445064591303e-04, 0.0000e+00, 0.0000e+00, 
 2DIAGNOSTIC,    44, -7.362367645048e-01, 3.199169863631e-04, 0.0000e+00, 0.0000e+00, 
 2DIAGNOSTIC,    45, -7.382300314568e-01, 2.443408014757e-04, 0.0000e+00, 0.0000e+00, 
 2DIAGNOSTIC,    46, -7.443917271827e-01, 2.821967192238e-04, 0.0000e+00, 0.0000e+00, 
 2DIAGNOSTIC,    47, -7.452545151553e-01, 3.283048514146e-04, 0.0000e+00, 0.0000e+00, 
 2DIAGNOSTIC,    48, -7.466221479120e-01, 3.641692949586e-04, 0.0000e+00, 0.0000e+00, 
 2DIAGNOSTIC,    49, -7.471301318318e-01, 3.693649471996e-04, 0.0000e+00, 0.0000e+00, 
 2DIAGNOSTIC,    50, -7.471985742376e-01, 3.470025587813e-04, 0.0000e+00, 0.0000e+00, 
 2DIAGNOSTIC,    51, -7.473800786604e-01, 3.070011748585e-04, 0.0000e+00, 0.0000e+00, 
 2DIAGNOSTIC,    52, -7.477309925071e-01, 2.521531217777e-04, 0.0000e+00, 0.0000e+00, 
 2DIAGNOSTIC,    53, -7.478477709834e-01, 1.861151606202e-04, 0.0000e+00, 0.0000e+00, 
 2DIAGNOSTIC,    54, -7.482112056257e-01, 1.199072130367e-04, 0.0000e+00, 0.0000e+00, 
 2DIAGNOSTIC,    55, -7.482555439411e-01, 5.956009307841e-05, 0.0000e+00, 0.0000e+00, 
 2DIAGNOSTIC,    56, -7.487457002534e-01, 4.639808741930e-05, 0.0000e+00, 0.0000e+00, 
 2DIAGNOSTIC,    57, -7.494499819507e-01, 4.066098351544e-05, 0.0000e+00, 0.0000e+00, 
 2DIAGNOSTIC,    58, -7.505055708500e-01, 4.875222919284e-05, 0.0000e+00, 0.0000e+00, 
 2DIAGNOSTIC,    59, -7.514697482701e-01, 6.233909201735e-05, 0.0000e+00, 0.0000e+00, 
 2DIAGNOSTIC,    60, -7.517132224031e-01, 7.163779966970e-05, 0.0000e+00, 0.0000e+00, 
 2DIAGNOSTIC,    61, -7.516147868057e-01, 7.440207785847e-05, 0.0000e+00, 0.0000e+00, 
 2DIAGNOSTIC,    62, -7.530102356872e-01, 8.182664327214e-05, 0.0000e+00, 0.0000e+00, 
 2DIAGNOSTIC,    63, -7.607790801385e-01, 1.331539943873e-04, 0.0000e+00, 0.0000e+00, 
 2DIAGNOSTIC,    64, -7.607483714742e-01, 1.707322395674e-04, 0.0000e+00, 0.0000e+00, 
 2DIAGNOSTIC,    65, -7.606301731163e-01, 1.909649880245e-04, 0.0000e+00, 0.0000e+00, 
 2DIAGNOSTIC,    66, -7.606857214791e-01, 1.964869486904e-04, 0.0000e+00, 0.0000e+00, 
 2DIAGNOSTIC,    67, -7.606223535942e-01, 1.865151864566e-04, 0.0000e+00, 0.0000e+00, 
 2DIAGNOSTIC,    68, -7.615488111140e-01, 1.700786448034e-04, 0.0000e+00, 0.0000e+00, 
 2DIAGNOSTIC,    69, -7.625291464488e-01, 1.492853067984e-04, 0.0000e+00, 0.0000e+00, 
 2DIAGNOSTIC,    70, -7.629558107049e-01, 1.195588452158e-04, 0.0000e+00, 0.0000e+00, 
 2DIAGNOSTIC,    71, -7.628172691087e-01, 7.831185871496e-05, 0.0000e+00, 0.0000e+00, 
 2DIAGNOSTIC,    72, -7.628514490313e-01, 3.786610375510e-05, 0.0000e+00, 0.0000e+00, 
 2DIAGNOSTIC,    73, -7.626228188972e-01, 3.749885777325e-05, 0.0000e+00, 0.0000e+00, 
 2DIAGNOSTIC,    74, -7.627957992692e-01, 3.428842350001e-05, 0.0000e+00, 0.0000e+00, 
 2DIAGNOSTIC,    75, -7.626446114451e-01, 2.641208540827e-05, 0.0000e+00, 0.0000e+00, 
 2DIAGNOSTIC,    76, -7.625914232942e-01, 1.644923529886e-05, 0.0000e+00, 0.0000e+00, 
 2DIAGNOSTIC,    77, -7.621616458839e-01, 2.581981215260e-06, 0.0000e+00, 0.0000e+00, 
DIAGNOSTIC,Iteration,metricValue,convergenceValue,ITERATION_TIME_INDEX,SINCE_LAST
 2DIAGNOSTIC,     1, -6.130957465735e-01, 1.797693134862e+308, 0.0000e+00, 0.0000e+00, 
 2DIAGNOSTIC,     2, -6.138471444101e-01, 1.797693134862e+308, 0.0000e+00, 0.0000e+00, 
 2DIAGNOSTIC,     3, -6.145970797734e-01, 1.797693134862e+308, 0.0000e+00, 0.0000e+00, 
 2DIAGNOSTIC,     4, -6.151292413712e-01, 1.797693134862e+308, 0.0000e+00, 0.0000e+00, 
 2DIAGNOSTIC,     5, -6.155691233688e-01, 1.797693134862e+308, 0.0000e+00, 0.0000e+00, 
 2DIAGNOSTIC,     6, -6.161988995356e-01, 1.797693134862e+308, 0.0000e+00, 0.0000e+00, 
 2DIAGNOSTIC,     7, -6.177050618631e-01, 1.797693134862e+308, 0.0000e+00, 0.0000e+00, 
 2DIAGNOSTIC,     8, -6.203955828635e-01, 1.797693134862e+308, 0.0000e+00, 0.0000e+00, 
 2DIAGNOSTIC,     9, -6.206914228233e-01, 1.797693134862e+308, 0.0000e+00, 0.0000e+00, 
 2DIAGNOSTIC,    10, -6.206530065893e-01, 8.747083480593e-04, 0.0000e+00, 0.0000e+00, 
 2DIAGNOSTIC,    11, -6.206700337745e-01, 7.782535665736e-04, 0.0000e+00, 0.0000e+00, 
 2DIAGNOSTIC,    12, -6.206578247840e-01, 6.552151935069e-04, 0.0000e+00, 0.0000e+00, 
 2DIAGNOSTIC,    13, -6.206528072226e-01, 5.168273596043e-04, 0.0000e+00, 0.0000e+00, 
 2DIAGNOSTIC,    14, -6.206445562804e-01, 3.689649964243e-04, 0.0000e+00, 0.0000e+00, 
 2DIAGNOSTIC,    15, -6.206377719809e-01, 2.220398100699e-04, 0.0000e+00, 0.0000e+00, 
 2DIAGNOSTIC,    16, -6.206431635126e-01, 9.146556928223e-05, 0.0000e+00, 0.0000e+00, 
 2DIAGNOSTIC,    17, -6.206486848969e-01, 6.929577984816e-06, 0.0000e+00, 0.0000e+00, 
DIAGNOSTIC,Iteration,metricValue,convergenceValue,ITERATION_TIME_INDEX,SINCE_LAST
 2DIAGNOSTIC,     1, -5.337004544274e-01, 1.797693134862e+308, 0.0000e+00, 0.0000e+00, 
 2DIAGNOSTIC,     2, -5.338151634967e-01, 1.797693134862e+308, 0.0000e+00, 0.0000e+00, 
 2DIAGNOSTIC,     3, -5.338940053225e-01, 1.797693134862e+308, 0.0000e+00, 0.0000e+00, 
 2DIAGNOSTIC,     4, -5.340241844562e-01, 1.797693134862e+308, 0.0000e+00, 0.0000e+00, 
 2DIAGNOSTIC,     5, -5.343015191995e-01, 1.797693134862e+308, 0.0000e+00, 0.0000e+00, 
 2DIAGNOSTIC,     6, -5.350868122681e-01, 1.797693134862e+308, 0.0000e+00, 0.0000e+00, 
 2DIAGNOSTIC,     7, -5.352338483124e-01, 1.797693134862e+308, 0.0000e+00, 0.0000e+00, 
 2DIAGNOSTIC,     8, -5.353978711239e-01, 1.797693134862e+308, 0.0000e+00, 0.0000e+00, 
 2DIAGNOSTIC,     9, -5.353911740185e-01, 1.797693134862e+308, 0.0000e+00, 0.0000e+00, 
 2DIAGNOSTIC,    10, -5.354112923162e-01, 2.603434520047e-04, 0.0000e+00, 0.0000e+00, 
 2DIAGNOSTIC,    11, -5.354224409789e-01, 2.168630341268e-04, 0.0000e+00, 0.0000e+00, 
 2DIAGNOSTIC,    12, -5.354173075659e-01, 1.661995441983e-04, 0.0000e+00, 0.0000e+00, 
 2DIAGNOSTIC,    13, -5.354188569103e-01, 1.122558834131e-04, 0.0000e+00, 0.0000e+00, 
 2DIAGNOSTIC,    14, -5.354293765301e-01, 6.152138310794e-05, 0.0000e+00, 0.0000e+00, 
 2DIAGNOSTIC,    15, -5.354240717039e-01, 2.111801648490e-05, 0.0000e+00, 0.0000e+00, 
 2DIAGNOSTIC,    16, -5.354249567606e-01, 1.005652688187e-05, 0.0000e+00, 0.0000e+00, 
 2DIAGNOSTIC,    17, -5.354263434522e-01, 4.056128426286e-06, 0.0000e+00, 0.0000e+00, 
 2DIAGNOSTIC,    18, -5.354244324762e-01, 3.317614849695e-06, 0.0000e+00, 0.0000e+00, 
 2DIAGNOSTIC,    19, -5.354287634231e-01, 2.428721754641e-06, 0.0000e+00, 0.0000e+00, 
 2DIAGNOSTIC,    20, -5.354280480876e-01, 2.061095874771e-06, 0.0000e+00, 0.0000e+00, 
 2DIAGNOSTIC,    21, -5.354278476040e-01, 1.969839618123e-06, 0.0000e+00, 0.0000e+00, 
 2DIAGNOSTIC,    22, -5.354259052391e-01, 1.673337854238e-06, 0.0000e+00, 0.0000e+00, 
 2DIAGNOSTIC,    23, -5.354270001809e-01, 1.434281917831e-06, 0.0000e+00, 0.0000e+00, 
 2DIAGNOSTIC,    24, -5.354251552333e-01, 1.402573240092e-06, 0.0000e+00, 0.0000e+00, 
 2DIAGNOSTIC,    25, -5.354254843880e-01, 1.259114191451e-06, 0.0000e+00, 0.0000e+00, 
 2DIAGNOSTIC,    26, -5.354261088842e-01, 1.157832004273e-06, 0.0000e+00, 0.0000e+00, 
 2DIAGNOSTIC,    27, -5.354259889060e-01, 1.095680516455e-06, 0.0000e+00, 0.0000e+00, 
 2DIAGNOSTIC,    28, -5.354275747384e-01, 1.036200198513e-06, 0.0000e+00, 0.0000e+00, 
 2DIAGNOSTIC,    29, -5.354276596601e-01, 1.069682741064e-06, 0.0000e+00, 0.0000e+00, 
 2DIAGNOSTIC,    30, -5.354274257385e-01, 1.085984408185e-06, 0.0000e+00, 0.0000e+00, 
 2DIAGNOSTIC,    31, -5.354263853597e-01, 1.077661154210e-06, 0.0000e+00, 0.0000e+00, 
 2DIAGNOSTIC,    32, -5.354263409851e-01, 1.030661997414e-06, 0.0000e+00, 0.0000e+00, 
 2DIAGNOSTIC,    33, -5.354269590203e-01, 1.010134701093e-06, 0.0000e+00, 0.0000e+00, 
DIAGNOSTIC,Iteration,metricValue,convergenceValue,ITERATION_TIME_INDEX,SINCE_LAST
 2DIAGNOSTIC,     1, -4.890241050973e-01, 1.797693134862e+308, 0.0000e+00, 0.0000e+00, 
 2DIAGNOSTIC,     2, -4.890984663824e-01, 1.797693134862e+308, 0.0000e+00, 0.0000e+00, 
 2DIAGNOSTIC,     3, -4.892895377313e-01, 1.797693134862e+308, 0.0000e+00, 0.0000e+00, 
 2DIAGNOSTIC,     4, -4.895235645091e-01, 1.797693134862e+308, 0.0000e+00, 0.0000e+00, 
 2DIAGNOSTIC,     5, -4.895710028435e-01, 1.797693134862e+308, 0.0000e+00, 0.0000e+00, 
 2DIAGNOSTIC,     6, -4.895701866833e-01, 1.797693134862e+308, 0.0000e+00, 0.0000e+00, 
 2DIAGNOSTIC,     7, -4.895705550280e-01, 1.797693134862e+308, 0.0000e+00, 0.0000e+00, 
 2DIAGNOSTIC,     8, -4.895720124034e-01, 1.797693134862e+308, 0.0000e+00, 0.0000e+00, 
 2DIAGNOSTIC,     9, -4.895722296657e-01, 1.797693134862e+308, 0.0000e+00, 0.0000e+00, 
 2DIAGNOSTIC,    10, -4.895702436806e-01, 7.168068702915e-05, 0.0000e+00, 0.0000e+00, 
 2DIAGNOSTIC,    11, -4.895722757470e-01, 4.265181424198e-05, 0.0000e+00, 0.0000e+00, 
 2DIAGNOSTIC,    12, -4.895717161227e-01, 1.837053440291e-05, 0.0000e+00, 0.0000e+00, 
 2DIAGNOSTIC,    13, -4.895717182619e-01, 4.662740100039e-06, 0.0000e+00, 0.0000e+00, 
 2DIAGNOSTIC,    14, -4.895710748414e-01, 2.334090368705e-06, 0.0000e+00, 0.0000e+00, 
 2DIAGNOSTIC,    15, -4.895711296719e-01, 2.150076250471e-06, 0.0000e+00, 0.0000e+00, 
 2DIAGNOSTIC,    16, -4.895711423403e-01, 1.954491817210e-06, 0.0000e+00, 0.0000e+00, 
 2DIAGNOSTIC,    17, -4.895707864754e-01, 1.780950063535e-06, 0.0000e+00, 0.0000e+00, 
 2DIAGNOSTIC,    18, -4.895716137009e-01, 1.707656658294e-06, 0.0000e+00, 0.0000e+00, 
 2DIAGNOSTIC,    19, -4.895716322666e-01, 1.654913345764e-06, 0.0000e+00, 0.0000e+00, 
 2DIAGNOSTIC,    20, -4.895719452921e-01, 1.557429216495e-06, 0.0000e+00, 0.0000e+00, 
 2DIAGNOSTIC,    21, -4.895707768557e-01, 1.495069578340e-06, 0.0000e+00, 0.0000e+00, 
 2DIAGNOSTIC,    22, -4.895707650503e-01, 1.424651319831e-06, 0.0000e+00, 0.0000e+00, 
 2DIAGNOSTIC,    23, -4.895707886860e-01, 1.361636962321e-06, 0.0000e+00, 0.0000e+00, 
 2DIAGNOSTIC,    24, -4.895707886860e-01, 1.288293674580e-06, 0.0000e+00, 0.0000e+00, 
 2DIAGNOSTIC,    25, -4.895707959514e-01, 1.224726008178e-06, 0.0000e+00, 0.0000e+00, 
 2DIAGNOSTIC,    26, -4.895721361877e-01, 1.200458166345e-06, 0.0000e+00, 0.0000e+00, 
 2DIAGNOSTIC,    27, -4.895721843162e-01, 1.171299042008e-06, 0.0000e+00, 0.0000e+00, 
 2DIAGNOSTIC,    28, -4.895721896639e-01, 1.161027920402e-06, 0.0000e+00, 0.0000e+00, 
 2DIAGNOSTIC,    29, -4.895721952250e-01, 1.148528111554e-06, 0.0000e+00, 0.0000e+00, 
 2DIAGNOSTIC,    30, -4.895715710458e-01, 1.125518426542e-06, 0.0000e+00, 0.0000e+00, 
 2DIAGNOSTIC,    31, -4.895715788281e-01, 1.075032790919e-06, 0.0000e+00, 0.0000e+00, 
 2DIAGNOSTIC,    32, -4.895716044840e-01, 1.022120137653e-06, 0.0000e+00, 0.0000e+00, 
  Elapsed time (stage 0): 0.0000e+00


Total elapsed time: 0.0000e+00
Info [verificarlo]: loaded backend libinterflop_vprec.so
Info [interflop-vprec]: load backend with: 
Info [interflop-vprec]: precision-binary32 = 17
Info [interflop-vprec]: range-binary32 = 8
Info [interflop-vprec]: precision-binary64 = 17
Info [interflop-vprec]: range-binary64 = 8
Info [interflop-vprec]: mode = ob
Info [interflop-vprec]: error-mode = rel
Info [interflop-vprec]: max-abs-error-exponent = -1022
Info [interflop-vprec]: daz = false
Info [interflop-vprec]: ftz = false
Info [interflop-vprec]: 	instrument = none
Info [interflop-vprec]: 	prec-input-file = (null)
Info [interflop-vprec]: 	prec-output-file = (null)
Info [interflop-vprec]: 	prec-log-file = (null)
All_Command_lines_OK
Using double precision for computations.
=============================================================================
The composite transform comprises the following transforms (in order): 
  1. /home/mdugre/scratch/mri-registration-rp/datasets/ds004513/derivatives/mri-registration-rp/0111/antsRegistration-r8-p17/sub-s025/rigid_Composite.h5[0] (type = Euler3DTransform)
  2. /home/mdugre/scratch/mri-registration-rp/datasets/ds004513/derivatives/mri-registration-rp/0111/antsRegistration-r8-p17/sub-s025/rigid_Composite.h5[1] (type = Euler3DTransform)
  3. /home/mdugre/scratch/mri-registration-rp/datasets/ds004513/derivatives/mri-registration-rp/0111/antsRegistration-r8-p17/sub-s025/rigid_Composite.h5[2] (type = Euler3DTransform)
=============================================================================
  number of levels = 4
  fixed image: /templateflow/tpl-MNI152NLin2009cAsym/tpl-MNI152NLin2009cAsym_res-01_desc-brain_T1w.nii.gz
  moving image: /home/mdugre/scratch/mri-registration-rp/datasets/ds004513/derivatives/mri-registration-rp/antsBrainExtraction/sub-s025/BrainExtractionBrain.nii.gz
Dimension = 3
Number of stages = 1
Use histogram matching = false
Winsorize image intensities = true
  Lower quantile = 0.005
  Upper quantile = 0.995


Stage 1 State
   Image metric = MattesMI
     Fixed image = Image (0x3de3490)
  RTTI typeinfo:   itk::Image<double, 3u>
  Reference Count: 2
  Modified Time: 1592
  Debug: Off
  Object Name: 
  Observers: 
    none
  Source: (none)
  Source output name: (none)
  Release Data: Off
  Data Released: False
  Global Release Data: Off
  PipelineMTime: 0
  UpdateMTime: 1203
  RealTimeStamp: 0 seconds 
  LargestPossibleRegion: 
    Dimension: 3
    Index: [0, 0, 0]
    Size: [193, 229, 193]
  BufferedRegion: 
    Dimension: 3
    Index: [0, 0, 0]
    Size: [193, 229, 193]
  RequestedRegion: 
    Dimension: 3
    Index: [0, 0, 0]
    Size: [193, 229, 193]
  Spacing: [1, 1, 1]
  Origin: [96, 132, -78]
  Direction: 
-1 0 0
0 -1 0
0 0 1

  IndexToPointMatrix: 
-1 0 0
0 -1 0
0 0 1

  PointToIndexMatrix: 
-1 0 0
0 -1 0
0 0 1

  Inverse Direction: 
-1 0 0
0 -1 0
0 0 1

  PixelContainer: 
    ImportImageContainer (0x3eae620)
      RTTI typeinfo:   itk::ImportImageContainer<unsigned long, double>
      Reference Count: 1
      Modified Time: 1200
      Debug: Off
      Object Name: 
      Observers: 
        none
      Pointer: 0x153c67afc010
      Container manages memory: true
      Size: 8530021
      Capacity: 8530021

     Moving image = Image (0x3eb18e0)
  RTTI typeinfo:   itk::Image<double, 3u>
  Reference Count: 2
  Modified Time: 1593
  Debug: Off
  Object Name: 
  Observers: 
    none
  Source: (none)
  Source output name: (none)
  Release Data: Off
  Data Released: False
  Global Release Data: Off
  PipelineMTime: 0
  UpdateMTime: 1590
  RealTimeStamp: 0 seconds 
  LargestPossibleRegion: 
    Dimension: 3
    Index: [0, 0, 0]
    Size: [176, 240, 256]
  BufferedRegion: 
    Dimension: 3
    Index: [0, 0, 0]
    Size: [176, 240, 256]
  RequestedRegion: 
    Dimension: 3
    Index: [0, 0, 0]
    Size: [176, 240, 256]
  Spacing: [1, 1, 1]
  Origin: [90.3779, 84.5093, -154.071]
  Direction: 
-0.99939 7.48184e-06 -0.0348969
-7.47663e-06 -1 -2.7953e-07
-0.0348969 -1.84481e-08 0.99939

  IndexToPointMatrix: 
-0.99939 7.48184e-06 -0.0348969
-7.47663e-06 -1 -2.7953e-07
-0.0348969 -1.84481e-08 0.99939

  PointToIndexMatrix: 
-0.99939 -7.47663e-06 -0.0348969
7.47666e-06 -1 1.30385e-07
-0.0348969 -1.30385e-07 0.99939

  Inverse Direction: 
-0.99939 -7.47663e-06 -0.0348969
7.47666e-06 -1 1.30385e-07
-0.0348969 -1.30385e-07 0.99939

  PixelContainer: 
    ImportImageContainer (0x3f7a350)
      RTTI typeinfo:   itk::ImportImageContainer<unsigned long, double>
      Reference Count: 1
      Modified Time: 1587
      Debug: Off
      Object Name: 
      Observers: 
        none
      Pointer: 0x153c6287b010
      Container manages memory: true
      Size: 10813440
      Capacity: 10813440

     Weighting = 1
     Sampling strategy = regular
     Number of bins = 32
     Radius = 4
     Sampling percentage  = 0.25
   Transform = Affine
     Gradient step = 0.1
     Update field sigma (voxel space) = 0
     Total field sigma (voxel space) = 0
     Update field time sigma = 0
     Total field time sigma  = 0
     Number of time indices = 0
     Number of time point samples = 0
Registration using 1 total stages.

Stage 0
  iterations = 1000x500x250x100
  convergence threshold = 1e-06
  convergence window size = 10
  number of levels = 4
  using the Mattes MI metric (number of bins = 32, weight = 1, use gradient filter = 0)
  preprocessing:  winsorizing the image intensities
  Shrink factors (level 1 out of 4): [8, 8, 8]
  Shrink factors (level 2 out of 4): [4, 4, 4]
  Shrink factors (level 3 out of 4): [2, 2, 2]
  Shrink factors (level 4 out of 4): [1, 1, 1]
  smoothing sigmas per level: [3, 2, 1, 0]
  regular sampling (percentage = 0.25)

*** Running AffineTransform registration ***

DIAGNOSTIC,Iteration,metricValue,convergenceValue,ITERATION_TIME_INDEX,SINCE_LAST
 2DIAGNOSTIC,     1, -7.478101939611e-01, 1.797693134862e+308, 0.0000e+00, 0.0000e+00, 
 2DIAGNOSTIC,     2, -7.498940619151e-01, 1.797693134862e+308, 0.0000e+00, 0.0000e+00, 
 2DIAGNOSTIC,     3, -7.537122617243e-01, 1.797693134862e+308, 0.0000e+00, 0.0000e+00, 
 2DIAGNOSTIC,     4, -7.618770021751e-01, 1.797693134862e+308, 0.0000e+00, 0.0000e+00, 
 2DIAGNOSTIC,     5, -7.749278452307e-01, 1.797693134862e+308, 0.0000e+00, 0.0000e+00, 
 2DIAGNOSTIC,     6, -7.894815324698e-01, 1.797693134862e+308, 0.0000e+00, 0.0000e+00, 
 2DIAGNOSTIC,     7, -8.745123558746e-01, 1.797693134862e+308, 0.0000e+00, 0.0000e+00, 
 2DIAGNOSTIC,     8, -9.025223517673e-01, 1.797693134862e+308, 0.0000e+00, 0.0000e+00, 
 2DIAGNOSTIC,     9, -9.084167607732e-01, 1.797693134862e+308, 0.0000e+00, 0.0000e+00, 
 2DIAGNOSTIC,    10, -9.263395794402e-01, 1.653911657480e-02, 0.0000e+00, 0.0000e+00, 
 2DIAGNOSTIC,    11, -9.320347162119e-01, 1.587652039325e-02, 0.0000e+00, 0.0000e+00, 
 2DIAGNOSTIC,    12, -9.345565690454e-01, 1.401959295663e-02, 0.0000e+00, 0.0000e+00, 
 2DIAGNOSTIC,    13, -9.354116262898e-01, 1.133452204939e-02, 0.0000e+00, 0.0000e+00, 
 2DIAGNOSTIC,    14, -9.365878904363e-01, 8.295078677639e-03, 0.0000e+00, 0.0000e+00, 
 2DIAGNOSTIC,    15, -9.375617144169e-01, 5.271819160411e-03, 0.0000e+00, 0.0000e+00, 
 2DIAGNOSTIC,    16, -9.381477450295e-01, 2.445620743431e-03, 0.0000e+00, 0.0000e+00, 
 2DIAGNOSTIC,    17, -9.382642025538e-01, 1.387370676603e-03, 0.0000e+00, 0.0000e+00, 
 2DIAGNOSTIC,    18, -9.381242983202e-01, 8.359033010193e-04, 0.0000e+00, 0.0000e+00, 
 2DIAGNOSTIC,    19, -9.380718859442e-01, 3.625215164176e-04, 0.0000e+00, 0.0000e+00, 
 2DIAGNOSTIC,    20, -9.380871955523e-01, 1.944455332305e-04, 0.0000e+00, 0.0000e+00, 
 2DIAGNOSTIC,    21, -9.381453900669e-01, 1.130097565960e-04, 0.0000e+00, 0.0000e+00, 
 2DIAGNOSTIC,    22, -9.380983219058e-01, 6.525383987552e-05, 0.0000e+00, 0.0000e+00, 
 2DIAGNOSTIC,    23, -9.385659223888e-01, 3.429005810849e-05, 0.0000e+00, 0.0000e+00, 
 2DIAGNOSTIC,    24, -9.385942689669e-01, 1.864097026835e-05, 0.0000e+00, 0.0000e+00, 
 2DIAGNOSTIC,    25, -9.385122278096e-01, 1.391017913940e-05, 0.0000e+00, 0.0000e+00, 
 2DIAGNOSTIC,    26, -9.383940884460e-01, 1.416047984971e-05, 0.0000e+00, 0.0000e+00, 
 2DIAGNOSTIC,    27, -9.382719209775e-01, 1.317518108285e-05, 0.0000e+00, 0.0000e+00, 
 2DIAGNOSTIC,    28, -9.383356303766e-01, 1.022401398038e-05, 0.0000e+00, 0.0000e+00, 
 2DIAGNOSTIC,    29, -9.384143776455e-01, 6.837229773508e-06, 0.0000e+00, 0.0000e+00, 
 2DIAGNOSTIC,    30, -9.382031167608e-01, 1.119464818497e-06, 0.0000e+00, 0.0000e+00, 
DIAGNOSTIC,Iteration,metricValue,convergenceValue,ITERATION_TIME_INDEX,SINCE_LAST
 2DIAGNOSTIC,     1, -7.502408922840e-01, 1.797693134862e+308, 0.0000e+00, 0.0000e+00, 
 2DIAGNOSTIC,     2, -7.507461510925e-01, 1.797693134862e+308, 0.0000e+00, 0.0000e+00, 
 2DIAGNOSTIC,     3, -7.512473625393e-01, 1.797693134862e+308, 0.0000e+00, 0.0000e+00, 
 2DIAGNOSTIC,     4, -7.518666160944e-01, 1.797693134862e+308, 0.0000e+00, 0.0000e+00, 
 2DIAGNOSTIC,     5, -7.530865455915e-01, 1.797693134862e+308, 0.0000e+00, 0.0000e+00, 
 2DIAGNOSTIC,     6, -7.543856207802e-01, 1.797693134862e+308, 0.0000e+00, 0.0000e+00, 
 2DIAGNOSTIC,     7, -7.544000262269e-01, 1.797693134862e+308, 0.0000e+00, 0.0000e+00, 
 2DIAGNOSTIC,     8, -7.544452050814e-01, 1.797693134862e+308, 0.0000e+00, 0.0000e+00, 
 2DIAGNOSTIC,     9, -7.545191287930e-01, 1.797693134862e+308, 0.0000e+00, 0.0000e+00, 
 2DIAGNOSTIC,    10, -7.545959709091e-01, 4.294462765001e-04, 0.0000e+00, 0.0000e+00, 
 2DIAGNOSTIC,    11, -7.546984075585e-01, 3.245539028363e-04, 0.0000e+00, 0.0000e+00, 
 2DIAGNOSTIC,    12, -7.547189877751e-01, 2.250890362695e-04, 0.0000e+00, 0.0000e+00, 
 2DIAGNOSTIC,    13, -7.546897019125e-01, 1.351163679744e-04, 0.0000e+00, 0.0000e+00, 
 2DIAGNOSTIC,    14, -7.546953844991e-01, 6.231958099330e-05, 0.0000e+00, 0.0000e+00, 
 2DIAGNOSTIC,    15, -7.547232631439e-01, 2.416869118421e-05, 0.0000e+00, 0.0000e+00, 
 2DIAGNOSTIC,    16, -7.547220355971e-01, 1.931532160049e-05, 0.0000e+00, 0.0000e+00, 
 2DIAGNOSTIC,    17, -7.547214241790e-01, 1.375847628459e-05, 0.0000e+00, 0.0000e+00, 
 2DIAGNOSTIC,    18, -7.547148432099e-01, 8.556755231544e-06, 0.0000e+00, 0.0000e+00, 
 2DIAGNOSTIC,    19, -7.546974028558e-01, 4.382470653326e-06, 0.0000e+00, 0.0000e+00, 
 2DIAGNOSTIC,    20, -7.546924211019e-01, 1.666588664670e-06, 0.0000e+00, 0.0000e+00, 
 2DIAGNOSTIC,    21, -7.546938658343e-01, 1.046313749004e-06, 0.0000e+00, 0.0000e+00, 
DIAGNOSTIC,Iteration,metricValue,convergenceValue,ITERATION_TIME_INDEX,SINCE_LAST
 2DIAGNOSTIC,     1, -6.416333190421e-01, 1.797693134862e+308, 0.0000e+00, 0.0000e+00, 
 2DIAGNOSTIC,     2, -6.420630827586e-01, 1.797693134862e+308, 0.0000e+00, 0.0000e+00, 
 2DIAGNOSTIC,     3, -6.425155348264e-01, 1.797693134862e+308, 0.0000e+00, 0.0000e+00, 
 2DIAGNOSTIC,     4, -6.430256787084e-01, 1.797693134862e+308, 0.0000e+00, 0.0000e+00, 
 2DIAGNOSTIC,     5, -6.436686143375e-01, 1.797693134862e+308, 0.0000e+00, 0.0000e+00, 
 2DIAGNOSTIC,     6, -6.445140472632e-01, 1.797693134862e+308, 0.0000e+00, 0.0000e+00, 
 2DIAGNOSTIC,     7, -6.445151382339e-01, 1.797693134862e+308, 0.0000e+00, 0.0000e+00, 
 2DIAGNOSTIC,     8, -6.445027150524e-01, 1.797693134862e+308, 0.0000e+00, 0.0000e+00, 
 2DIAGNOSTIC,     9, -6.445164874270e-01, 1.797693134862e+308, 0.0000e+00, 0.0000e+00, 
 2DIAGNOSTIC,    10, -6.445221397515e-01, 3.238804142947e-04, 0.0000e+00, 0.0000e+00, 
 2DIAGNOSTIC,    11, -6.445247200002e-01, 2.297072402036e-04, 0.0000e+00, 0.0000e+00, 
 2DIAGNOSTIC,    12, -6.445214649964e-01, 1.466320174360e-04, 0.0000e+00, 0.0000e+00, 
 2DIAGNOSTIC,    13, -6.445166717276e-01, 7.880116536331e-05, 0.0000e+00, 0.0000e+00, 
 2DIAGNOSTIC,    14, -6.445189420301e-01, 2.962995946243e-05, 0.0000e+00, 0.0000e+00, 
 2DIAGNOSTIC,    15, -6.445172941459e-01, 2.664667565697e-06, 0.0000e+00, 0.0000e+00, 
 2DIAGNOSTIC,    16, -6.445132623351e-01, 2.232377227379e-06, 0.0000e+00, 0.0000e+00, 
 2DIAGNOSTIC,    17, -6.445151759420e-01, 1.925919862984e-06, 0.0000e+00, 0.0000e+00, 
 2DIAGNOSTIC,    18, -6.445160842924e-01, 1.356513295067e-06, 0.0000e+00, 0.0000e+00, 
 2DIAGNOSTIC,    19, -6.445214588191e-01, 1.322203339281e-06, 0.0000e+00, 0.0000e+00, 
 2DIAGNOSTIC,    20, -6.445265356766e-01, 1.553439867845e-06, 0.0000e+00, 0.0000e+00, 
 2DIAGNOSTIC,    21, -6.445225351537e-01, 1.736462012944e-06, 0.0000e+00, 0.0000e+00, 
 2DIAGNOSTIC,    22, -6.445288870573e-01, 1.950593411196e-06, 0.0000e+00, 0.0000e+00, 
 2DIAGNOSTIC,    23, -6.445331528286e-01, 2.080983043905e-06, 0.0000e+00, 0.0000e+00, 
 2DIAGNOSTIC,    24, -6.445386795908e-01, 2.273669114754e-06, 0.0000e+00, 0.0000e+00, 
 2DIAGNOSTIC,    25, -6.445434487480e-01, 2.416885073291e-06, 0.0000e+00, 0.0000e+00, 
 2DIAGNOSTIC,    26, -6.445396347820e-01, 2.308353022965e-06, 0.0000e+00, 0.0000e+00, 
 2DIAGNOSTIC,    27, -6.445447925012e-01, 2.224578766148e-06, 0.0000e+00, 0.0000e+00, 
 2DIAGNOSTIC,    28, -6.445462307377e-01, 2.077888811305e-06, 0.0000e+00, 0.0000e+00, 
 2DIAGNOSTIC,    29, -6.445463296156e-01, 1.930718694816e-06, 0.0000e+00, 0.0000e+00, 
 2DIAGNOSTIC,    30, -6.445452276034e-01, 1.776029024007e-06, 0.0000e+00, 0.0000e+00, 
 2DIAGNOSTIC,    31, -6.445438863085e-01, 1.487231762777e-06, 0.0000e+00, 0.0000e+00, 
 2DIAGNOSTIC,    32, -6.445427032267e-01, 1.242753957159e-06, 0.0000e+00, 0.0000e+00, 
 2DIAGNOSTIC,    33, -6.445414097218e-01, 1.025595455457e-06, 0.0000e+00, 0.0000e+00, 
DIAGNOSTIC,Iteration,metricValue,convergenceValue,ITERATION_TIME_INDEX,SINCE_LAST
 2DIAGNOSTIC,     1, -5.759035995470e-01, 1.797693134862e+308, 0.0000e+00, 0.0000e+00, 
 2DIAGNOSTIC,     2, -5.764835902425e-01, 1.797693134862e+308, 0.0000e+00, 0.0000e+00, 
 2DIAGNOSTIC,     3, -5.771075339848e-01, 1.797693134862e+308, 0.0000e+00, 0.0000e+00, 
 2DIAGNOSTIC,     4, -5.777729828570e-01, 1.797693134862e+308, 0.0000e+00, 0.0000e+00, 
 2DIAGNOSTIC,     5, -5.785878857362e-01, 1.797693134862e+308, 0.0000e+00, 0.0000e+00, 
 2DIAGNOSTIC,     6, -5.801827791131e-01, 1.797693134862e+308, 0.0000e+00, 0.0000e+00, 
 2DIAGNOSTIC,     7, -5.802317375366e-01, 1.797693134862e+308, 0.0000e+00, 0.0000e+00, 
 2DIAGNOSTIC,     8, -5.802309856496e-01, 1.797693134862e+308, 0.0000e+00, 0.0000e+00, 
 2DIAGNOSTIC,     9, -5.802302702176e-01, 1.797693134862e+308, 0.0000e+00, 0.0000e+00, 
 2DIAGNOSTIC,    10, -5.802273106817e-01, 5.532695690818e-04, 0.0000e+00, 0.0000e+00, 
 2DIAGNOSTIC,    11, -5.802277193176e-01, 4.032570553679e-04, 0.0000e+00, 0.0000e+00, 
 2DIAGNOSTIC,    12, -5.802264803319e-01, 2.659433676661e-04, 0.0000e+00, 0.0000e+00, 
 2DIAGNOSTIC,    13, -5.802266469873e-01, 1.502166684870e-04, 0.0000e+00, 0.0000e+00, 
 2DIAGNOSTIC,    14, -5.802263274139e-01, 6.083063380928e-05, 0.0000e+00, 0.0000e+00, 
 2DIAGNOSTIC,    15, -5.802264338047e-01, 3.221723128152e-06, 0.0000e+00, 0.0000e+00, 
 2DIAGNOSTIC,    16, -5.802275208833e-01, 1.619969884487e-06, 0.0000e+00, 0.0000e+00, 
 2DIAGNOSTIC,    17, -5.802264886125e-01, 1.620914303904e-06, 0.0000e+00, 0.0000e+00, 
 2DIAGNOSTIC,    18, -5.802261710417e-01, 1.615357895259e-06, 0.0000e+00, 0.0000e+00, 
 2DIAGNOSTIC,    19, -5.802269151699e-01, 1.626112006825e-06, 0.0000e+00, 0.0000e+00, 
 2DIAGNOSTIC,    20, -5.802268896698e-01, 1.564013584553e-06, 0.0000e+00, 0.0000e+00, 
 2DIAGNOSTIC,    21, -5.802268783860e-01, 1.518839248045e-06, 0.0000e+00, 0.0000e+00, 
 2DIAGNOSTIC,    22, -5.802268743798e-01, 1.448918323661e-06, 0.0000e+00, 0.0000e+00, 
 2DIAGNOSTIC,    23, -5.802268746769e-01, 1.387926165608e-06, 0.0000e+00, 0.0000e+00, 
 2DIAGNOSTIC,    24, -5.802268603194e-01, 1.323244976190e-06, 0.0000e+00, 0.0000e+00, 
 2DIAGNOSTIC,    25, -5.802264475054e-01, 1.255857691673e-06, 0.0000e+00, 0.0000e+00, 
 2DIAGNOSTIC,    26, -5.802264660758e-01, 1.215958406263e-06, 0.0000e+00, 0.0000e+00, 
 2DIAGNOSTIC,    27, -5.802264750860e-01, 1.160347310368e-06, 0.0000e+00, 0.0000e+00, 
 2DIAGNOSTIC,    28, -5.802264750860e-01, 1.103349168759e-06, 0.0000e+00, 0.0000e+00, 
 2DIAGNOSTIC,    29, -5.802264750860e-01, 1.065050742217e-06, 0.0000e+00, 0.0000e+00, 
 2DIAGNOSTIC,    30, -5.802264733761e-01, 1.031071604651e-06, 0.0000e+00, 0.0000e+00, 
 2DIAGNOSTIC,    31, -5.802264733761e-01, 1.000999564467e-06, 0.0000e+00, 0.0000e+00, 
  Elapsed time (stage 0): 0.0000e+00


Total elapsed time: 0.0000e+00
Info [verificarlo]: loaded backend libinterflop_vprec.so
Info [interflop-vprec]: load backend with: 
Info [interflop-vprec]: precision-binary32 = 17
Info [interflop-vprec]: range-binary32 = 8
Info [interflop-vprec]: precision-binary64 = 17
Info [interflop-vprec]: range-binary64 = 8
Info [interflop-vprec]: mode = ob
Info [interflop-vprec]: error-mode = rel
Info [interflop-vprec]: max-abs-error-exponent = -1022
Info [interflop-vprec]: daz = false
Info [interflop-vprec]: ftz = false
Info [interflop-vprec]: 	instrument = none
Info [interflop-vprec]: 	prec-input-file = (null)
Info [interflop-vprec]: 	prec-output-file = (null)
Info [interflop-vprec]: 	prec-log-file = (null)
All_Command_lines_OK
Using double precision for computations.
=============================================================================
The composite transform comprises the following transforms (in order): 
  1. /home/mdugre/scratch/mri-registration-rp/datasets/ds004513/derivatives/mri-registration-rp/0111/antsRegistration-r8-p17/sub-s025/affine_Composite.h5[0] (type = Euler3DTransform)
  2. /home/mdugre/scratch/mri-registration-rp/datasets/ds004513/derivatives/mri-registration-rp/0111/antsRegistration-r8-p17/sub-s025/affine_Composite.h5[1] (type = Euler3DTransform)
  3. /home/mdugre/scratch/mri-registration-rp/datasets/ds004513/derivatives/mri-registration-rp/0111/antsRegistration-r8-p17/sub-s025/affine_Composite.h5[2] (type = Euler3DTransform)
  4. /home/mdugre/scratch/mri-registration-rp/datasets/ds004513/derivatives/mri-registration-rp/0111/antsRegistration-r8-p17/sub-s025/affine_Composite.h5[3] (type = AffineTransform)
=============================================================================
  number of levels = 4
  fixed image: /templateflow/tpl-MNI152NLin2009cAsym/tpl-MNI152NLin2009cAsym_res-01_desc-brain_T1w.nii.gz
  moving image: /home/mdugre/scratch/mri-registration-rp/datasets/ds004513/derivatives/mri-registration-rp/antsBrainExtraction/sub-s025/BrainExtractionBrain.nii.gz
Dimension = 3
Number of stages = 1
Use histogram matching = false
Winsorize image intensities = true
  Lower quantile = 0.005
  Upper quantile = 0.995


Stage 1 State
   Image metric = CC
     Fixed image = Image (0x4eba6f0)
  RTTI typeinfo:   itk::Image<double, 3u>
  Reference Count: 2
  Modified Time: 1606
  Debug: Off
  Object Name: 
  Observers: 
    none
  Source: (none)
  Source output name: (none)
  Release Data: Off
  Data Released: False
  Global Release Data: Off
  PipelineMTime: 0
  UpdateMTime: 1217
  RealTimeStamp: 0 seconds 
  LargestPossibleRegion: 
    Dimension: 3
    Index: [0, 0, 0]
    Size: [193, 229, 193]
  BufferedRegion: 
    Dimension: 3
    Index: [0, 0, 0]
    Size: [193, 229, 193]
  RequestedRegion: 
    Dimension: 3
    Index: [0, 0, 0]
    Size: [193, 229, 193]
  Spacing: [1, 1, 1]
  Origin: [96, 132, -78]
  Direction: 
-1 0 0
0 -1 0
0 0 1

  IndexToPointMatrix: 
-1 0 0
0 -1 0
0 0 1

  PointToIndexMatrix: 
-1 0 0
0 -1 0
0 0 1

  Inverse Direction: 
-1 0 0
0 -1 0
0 0 1

  PixelContainer: 
    ImportImageContainer (0x4f88860)
      RTTI typeinfo:   itk::ImportImageContainer<unsigned long, double>
      Reference Count: 1
      Modified Time: 1214
      Debug: Off
      Object Name: 
      Observers: 
        none
      Pointer: 0x14fd9a107010
      Container manages memory: true
      Size: 8530021
      Capacity: 8530021

     Moving image = Image (0x4f75ec0)
  RTTI typeinfo:   itk::Image<double, 3u>
  Reference Count: 2
  Modified Time: 1607
  Debug: Off
  Object Name: 
  Observers: 
    none
  Source: (none)
  Source output name: (none)
  Release Data: Off
  Data Released: False
  Global Release Data: Off
  PipelineMTime: 0
  UpdateMTime: 1604
  RealTimeStamp: 0 seconds 
  LargestPossibleRegion: 
    Dimension: 3
    Index: [0, 0, 0]
    Size: [176, 240, 256]
  BufferedRegion: 
    Dimension: 3
    Index: [0, 0, 0]
    Size: [176, 240, 256]
  RequestedRegion: 
    Dimension: 3
    Index: [0, 0, 0]
    Size: [176, 240, 256]
  Spacing: [1, 1, 1]
  Origin: [90.3779, 84.5093, -154.071]
  Direction: 
-0.99939 7.48184e-06 -0.0348969
-7.47663e-06 -1 -2.7953e-07
-0.0348969 -1.84481e-08 0.99939

  IndexToPointMatrix: 
-0.99939 7.48184e-06 -0.0348969
-7.47663e-06 -1 -2.7953e-07
-0.0348969 -1.84481e-08 0.99939

  PointToIndexMatrix: 
-0.99939 -7.47663e-06 -0.0348969
7.47666e-06 -1 1.30385e-07
-0.0348969 -1.30385e-07 0.99939

  Inverse Direction: 
-0.99939 -7.47663e-06 -0.0348969
7.47666e-06 -1 1.30385e-07
-0.0348969 -1.30385e-07 0.99939

  PixelContainer: 
    ImportImageContainer (0x4ee3af0)
      RTTI typeinfo:   itk::ImportImageContainer<unsigned long, double>
      Reference Count: 1
      Modified Time: 1601
      Debug: Off
      Object Name: 
      Observers: 
        none
      Pointer: 0x14fd94e86010
      Container manages memory: true
      Size: 10813440
      Capacity: 10813440

     Weighting = 1
     Sampling strategy = none
     Number of bins = 32
     Radius = 4
     Sampling percentage  = 1
   Transform = SyN
     Gradient step = 0.1
     Update field sigma (voxel space) = 3
     Total field sigma (voxel space) = 0
     Update field time sigma = 0
     Total field time sigma  = 0
     Number of time indices = 0
     Number of time point samples = 0
Registration using 1 total stages.

Stage 0
  iterations = 100x70x50x20
  convergence threshold = 1e-06
  convergence window size = 10
  number of levels = 4
  using the CC metric (radius = 4, weight = 1, use gradient filter = 0)
  preprocessing:  winsorizing the image intensities
  Shrink factors (level 1 out of 4): [8, 8, 8]
  Shrink factors (level 2 out of 4): [4, 4, 4]
  Shrink factors (level 3 out of 4): [2, 2, 2]
  Shrink factors (level 4 out of 4): [1, 1, 1]
  smoothing sigmas per level: [3, 2, 1, 0]
  Using default NONE metricSamplingStrategy 

*** Running SyN registration (varianceForUpdateField = 3, varianceForTotalField = 0) ***

XXDIAGNOSTIC,Iteration,metricValue,convergenceValue,ITERATION_TIME_INDEX,SINCE_LAST
 1DIAGNOSTIC,     1, -9.075355529785e-01, 1.797693134862e+308, 0.0000e+00, 0.0000e+00, 
 1DIAGNOSTIC,     2, -9.166259765625e-01, 1.797693134862e+308, 0.0000e+00, 0.0000e+00, 
 1DIAGNOSTIC,     3, -9.256591796875e-01, 1.797693134862e+308, 0.0000e+00, 0.0000e+00, 
 1DIAGNOSTIC,     4, -9.323081970215e-01, 1.797693134862e+308, 0.0000e+00, 0.0000e+00, 
 1DIAGNOSTIC,     5, -9.372520446777e-01, 1.797693134862e+308, 0.0000e+00, 0.0000e+00, 
 1DIAGNOSTIC,     6, -9.406776428223e-01, 1.797693134862e+308, 0.0000e+00, 0.0000e+00, 
 1DIAGNOSTIC,     7, -9.437675476074e-01, 1.797693134862e+308, 0.0000e+00, 0.0000e+00, 
 1DIAGNOSTIC,     8, -9.470634460449e-01, 1.797693134862e+308, 0.0000e+00, 0.0000e+00, 
 1DIAGNOSTIC,     9, -9.504127502441e-01, 1.797693134862e+308, 0.0000e+00, 0.0000e+00, 
 1DIAGNOSTIC,    10, -9.535713195801e-01, 2.934785066439e-03, 0.0000e+00, 0.0000e+00, 
 1DIAGNOSTIC,    11, -9.564170837402e-01, 2.262418561129e-03, 0.0000e+00, 0.0000e+00, 
 1DIAGNOSTIC,    12, -9.589920043945e-01, 1.791620920982e-03, 0.0000e+00, 0.0000e+00, 
 1DIAGNOSTIC,    13, -9.609985351562e-01, 1.486394508510e-03, 0.0000e+00, 0.0000e+00, 
 1DIAGNOSTIC,    14, -9.629592895508e-01, 1.273966607704e-03, 0.0000e+00, 0.0000e+00, 
 1DIAGNOSTIC,    15, -9.642219543457e-01, 1.097526892924e-03, 0.0000e+00, 0.0000e+00, 
 1DIAGNOSTIC,    16, -9.649391174316e-01, 9.202667103434e-04, 0.0000e+00, 0.0000e+00, 
 1DIAGNOSTIC,    17, -9.649810791016e-01, 7.344964135692e-04, 0.0000e+00, 0.0000e+00, 
 1DIAGNOSTIC,    18, -9.651489257812e-01, 5.592916436568e-04, 0.0000e+00, 0.0000e+00, 
 1DIAGNOSTIC,    19, -9.653396606445e-01, 4.062529495966e-04, 0.0000e+00, 0.0000e+00, 
 1DIAGNOSTIC,    20, -9.653625488281e-01, 2.780686977099e-04, 0.0000e+00, 0.0000e+00, 
 1DIAGNOSTIC,    21, -9.655303955078e-01, 1.790559699387e-04, 0.0000e+00, 0.0000e+00, 
 1DIAGNOSTIC,    22, -9.654846191406e-01, 1.067341300462e-04, 0.0000e+00, 0.0000e+00, 
 1DIAGNOSTIC,    23, -9.656066894531e-01, 5.821842033715e-05, 0.0000e+00, 0.0000e+00, 
 1DIAGNOSTIC,    24, -9.655418395996e-01, 3.166557586382e-05, 0.0000e+00, 0.0000e+00, 
 1DIAGNOSTIC,    25, -9.656143188477e-01, 2.015818926823e-05, 0.0000e+00, 0.0000e+00, 
 1DIAGNOSTIC,    26, -9.655685424805e-01, 1.547769530428e-05, 0.0000e+00, 0.0000e+00, 
 1DIAGNOSTIC,    27, -9.655799865723e-01, 1.038157583085e-05, 0.0000e+00, 0.0000e+00, 
 1DIAGNOSTIC,    28, -9.655303955078e-01, 6.004553162180e-06, 0.0000e+00, 0.0000e+00, 
 1DIAGNOSTIC,    29, -9.655570983887e-01, 3.725051096151e-06, 0.0000e+00, 0.0000e+00, 
 1DIAGNOSTIC,    30, -9.654998779297e-01, 9.572218046330e-07, 0.0000e+00, 0.0000e+00, 
XXDIAGNOSTIC,Iteration,metricValue,convergenceValue,ITERATION_TIME_INDEX,SINCE_LAST
 1DIAGNOSTIC,     1, -9.028587341309e-01, 1.797693134862e+308, 0.0000e+00, 0.0000e+00, 
 1DIAGNOSTIC,     2, -9.059524536133e-01, 1.797693134862e+308, 0.0000e+00, 0.0000e+00, 
 1DIAGNOSTIC,     3, -9.101676940918e-01, 1.797693134862e+308, 0.0000e+00, 0.0000e+00, 
 1DIAGNOSTIC,     4, -9.136314392090e-01, 1.797693134862e+308, 0.0000e+00, 0.0000e+00, 
 1DIAGNOSTIC,     5, -9.165077209473e-01, 1.797693134862e+308, 0.0000e+00, 0.0000e+00, 
 1DIAGNOSTIC,     6, -9.189720153809e-01, 1.797693134862e+308, 0.0000e+00, 0.0000e+00, 
 1DIAGNOSTIC,     7, -9.211387634277e-01, 1.797693134862e+308, 0.0000e+00, 0.0000e+00, 
 1DIAGNOSTIC,     8, -9.231224060059e-01, 1.797693134862e+308, 0.0000e+00, 0.0000e+00, 
 1DIAGNOSTIC,     9, -9.250030517578e-01, 1.797693134862e+308, 0.0000e+00, 0.0000e+00, 
 1DIAGNOSTIC,    10, -9.268188476562e-01, 1.665775384475e-03, 0.0000e+00, 0.0000e+00, 
 1DIAGNOSTIC,    11, -9.283561706543e-01, 1.365280415651e-03, 0.0000e+00, 0.0000e+00, 
 1DIAGNOSTIC,    12, -9.296073913574e-01, 1.103311653709e-03, 0.0000e+00, 0.0000e+00, 
 1DIAGNOSTIC,    13, -9.307708740234e-01, 9.091764000965e-04, 0.0000e+00, 0.0000e+00, 
 1DIAGNOSTIC,    14, -9.316673278809e-01, 7.556898731849e-04, 0.0000e+00, 0.0000e+00, 
 1DIAGNOSTIC,    15, -9.325561523438e-01, 6.306220214031e-04, 0.0000e+00, 0.0000e+00, 
 1DIAGNOSTIC,    16, -9.334411621094e-01, 5.275005345520e-04, 0.0000e+00, 0.0000e+00, 
 1DIAGNOSTIC,    17, -9.338645935059e-01, 4.345850090932e-04, 0.0000e+00, 0.0000e+00, 
 1DIAGNOSTIC,    18, -9.343986511230e-01, 3.548415305501e-04, 0.0000e+00, 0.0000e+00, 
 1DIAGNOSTIC,    19, -9.347457885742e-01, 2.864417804112e-04, 0.0000e+00, 0.0000e+00, 
 1DIAGNOSTIC,    20, -9.351005554199e-01, 2.314391711933e-04, 0.0000e+00, 0.0000e+00, 
 1DIAGNOSTIC,    21, -9.354362487793e-01, 1.873785331868e-04, 0.0000e+00, 0.0000e+00, 
 1DIAGNOSTIC,    22, -9.357337951660e-01, 1.513573958168e-04, 0.0000e+00, 0.0000e+00, 
 1DIAGNOSTIC,    23, -9.360122680664e-01, 1.235763537560e-04, 0.0000e+00, 0.0000e+00, 
 1DIAGNOSTIC,    24, -9.362564086914e-01, 1.010607363702e-04, 0.0000e+00, 0.0000e+00, 
 1DIAGNOSTIC,    25, -9.364852905273e-01, 8.448185005899e-05, 0.0000e+00, 0.0000e+00, 
 1DIAGNOSTIC,    26, -9.366836547852e-01, 7.405582444370e-05, 0.0000e+00, 0.0000e+00, 
 1DIAGNOSTIC,    27, -9.368591308594e-01, 6.421703874689e-05, 0.0000e+00, 0.0000e+00, 
 1DIAGNOSTIC,    28, -9.370155334473e-01, 5.663343377660e-05, 0.0000e+00, 0.0000e+00, 
 1DIAGNOSTIC,    29, -9.371566772461e-01, 4.942592456197e-05, 0.0000e+00, 0.0000e+00, 
 1DIAGNOSTIC,    30, -9.372673034668e-01, 4.281921945019e-05, 0.0000e+00, 0.0000e+00, 
 1DIAGNOSTIC,    31, -9.373817443848e-01, 3.708514082552e-05, 0.0000e+00, 0.0000e+00, 
 1DIAGNOSTIC,    32, -9.374694824219e-01, 3.192984416399e-05, 0.0000e+00, 0.0000e+00, 
 1DIAGNOSTIC,    33, -9.375534057617e-01, 2.747615057487e-05, 0.0000e+00, 0.0000e+00, 
 1DIAGNOSTIC,    34, -9.376068115234e-01, 2.340847659055e-05, 0.0000e+00, 0.0000e+00, 
 1DIAGNOSTIC,    35, -9.376754760742e-01, 2.001325334509e-05, 0.0000e+00, 0.0000e+00, 
 1DIAGNOSTIC,    36, -9.377250671387e-01, 1.706714395849e-05, 0.0000e+00, 0.0000e+00, 
 1DIAGNOSTIC,    37, -9.377784729004e-01, 1.460745321621e-05, 0.0000e+00, 0.0000e+00, 
 1DIAGNOSTIC,    38, -9.378204345703e-01, 1.254268817972e-05, 0.0000e+00, 0.0000e+00, 
 1DIAGNOSTIC,    39, -9.378662109375e-01, 1.092043177265e-05, 0.0000e+00, 0.0000e+00, 
 1DIAGNOSTIC,    40, -9.379005432129e-01, 9.504990110341e-06, 0.0000e+00, 0.0000e+00, 
 1DIAGNOSTIC,    41, -9.379386901855e-01, 8.451638757526e-06, 0.0000e+00, 0.0000e+00, 
 1DIAGNOSTIC,    42, -9.379615783691e-01, 7.506593241523e-06, 0.0000e+00, 0.0000e+00, 
 1DIAGNOSTIC,    43, -9.379959106445e-01, 6.795876432032e-06, 0.0000e+00, 0.0000e+00, 
 1DIAGNOSTIC,    44, -9.380149841309e-01, 6.029914774303e-06, 0.0000e+00, 0.0000e+00, 
 1DIAGNOSTIC,    45, -9.380455017090e-01, 5.457901945633e-06, 0.0000e+00, 0.0000e+00, 
 1DIAGNOSTIC,    46, -9.380645751953e-01, 4.903414666493e-06, 0.0000e+00, 0.0000e+00, 
 1DIAGNOSTIC,    47, -9.380874633789e-01, 4.460397028713e-06, 0.0000e+00, 0.0000e+00, 
 1DIAGNOSTIC,    48, -9.381027221680e-01, 4.030973185090e-06, 0.0000e+00, 0.0000e+00, 
 1DIAGNOSTIC,    49, -9.381217956543e-01, 3.696290184936e-06, 0.0000e+00, 0.0000e+00, 
 1DIAGNOSTIC,    50, -9.381370544434e-01, 3.379670790157e-06, 0.0000e+00, 0.0000e+00, 
 1DIAGNOSTIC,    51, -9.381561279297e-01, 3.151821273601e-06, 0.0000e+00, 0.0000e+00, 
 1DIAGNOSTIC,    52, -9.381675720215e-01, 2.886483024416e-06, 0.0000e+00, 0.0000e+00, 
 1DIAGNOSTIC,    53, -9.381790161133e-01, 2.675181075024e-06, 0.0000e+00, 0.0000e+00, 
 1DIAGNOSTIC,    54, -9.381904602051e-01, 2.441245019739e-06, 0.0000e+00, 0.0000e+00, 
 1DIAGNOSTIC,    55, -9.382057189941e-01, 2.289020552017e-06, 0.0000e+00, 0.0000e+00, 
 1DIAGNOSTIC,    56, -9.382095336914e-01, 2.098454162224e-06, 0.0000e+00, 0.0000e+00, 
 1DIAGNOSTIC,    57, -9.382247924805e-01, 1.971172825362e-06, 0.0000e+00, 0.0000e+00, 
 1DIAGNOSTIC,    58, -9.382324218750e-01, 1.829971972657e-06, 0.0000e+00, 0.0000e+00, 
 1DIAGNOSTIC,    59, -9.382476806641e-01, 1.745890991934e-06, 0.0000e+00, 0.0000e+00, 
 1DIAGNOSTIC,    60, -9.382553100586e-01, 1.661302981040e-06, 0.0000e+00, 0.0000e+00, 
 1DIAGNOSTIC,    61, -9.382667541504e-01, 1.622339384964e-06, 0.0000e+00, 0.0000e+00, 
 1DIAGNOSTIC,    62, -9.382705688477e-01, 1.552292459583e-06, 0.0000e+00, 0.0000e+00, 
 1DIAGNOSTIC,    63, -9.382820129395e-01, 1.494001744453e-06, 0.0000e+00, 0.0000e+00, 
 1DIAGNOSTIC,    64, -9.382820129395e-01, 1.393897762866e-06, 0.0000e+00, 0.0000e+00, 
 1DIAGNOSTIC,    65, -9.382896423340e-01, 1.318279276109e-06, 0.0000e+00, 0.0000e+00, 
 1DIAGNOSTIC,    66, -9.382934570312e-01, 1.198397283464e-06, 0.0000e+00, 0.0000e+00, 
 1DIAGNOSTIC,    67, -9.383010864258e-01, 1.116480168373e-06, 0.0000e+00, 0.0000e+00, 
 1DIAGNOSTIC,    68, -9.382972717285e-01, 9.901360342630e-07, 0.0000e+00, 0.0000e+00, 
XXDIAGNOSTIC,Iteration,metricValue,convergenceValue,ITERATION_TIME_INDEX,SINCE_LAST
 1DIAGNOSTIC,     1, -8.904838562012e-01, 1.797693134862e+308, 0.0000e+00, 0.0000e+00, 
 1DIAGNOSTIC,     2, -8.927536010742e-01, 1.797693134862e+308, 0.0000e+00, 0.0000e+00, 
 1DIAGNOSTIC,     3, -8.957519531250e-01, 1.797693134862e+308, 0.0000e+00, 0.0000e+00, 
 1DIAGNOSTIC,     4, -8.985366821289e-01, 1.797693134862e+308, 0.0000e+00, 0.0000e+00, 
 1DIAGNOSTIC,     5, -9.007682800293e-01, 1.797693134862e+308, 0.0000e+00, 0.0000e+00, 
 1DIAGNOSTIC,     6, -9.029502868652e-01, 1.797693134862e+308, 0.0000e+00, 0.0000e+00, 
 1DIAGNOSTIC,     7, -9.049797058105e-01, 1.797693134862e+308, 0.0000e+00, 0.0000e+00, 
 1DIAGNOSTIC,     8, -9.067955017090e-01, 1.797693134862e+308, 0.0000e+00, 0.0000e+00, 
 1DIAGNOSTIC,     9, -9.084320068359e-01, 1.797693134862e+308, 0.0000e+00, 0.0000e+00, 
 1DIAGNOSTIC,    10, -9.099235534668e-01, 1.399023924562e-03, 0.0000e+00, 0.0000e+00, 
 1DIAGNOSTIC,    11, -9.111518859863e-01, 1.173655299924e-03, 0.0000e+00, 0.0000e+00, 
 1DIAGNOSTIC,    12, -9.122924804688e-01, 9.692079610009e-04, 0.0000e+00, 0.0000e+00, 
 1DIAGNOSTIC,    13, -9.133567810059e-01, 8.061938369895e-04, 0.0000e+00, 0.0000e+00, 
 1DIAGNOSTIC,    14, -9.142990112305e-01, 6.764300972076e-04, 0.0000e+00, 0.0000e+00, 
 1DIAGNOSTIC,    15, -9.150733947754e-01, 5.646978717217e-04, 0.0000e+00, 0.0000e+00, 
 1DIAGNOSTIC,    16, -9.157028198242e-01, 4.699737631720e-04, 0.0000e+00, 0.0000e+00, 
 1DIAGNOSTIC,    17, -9.161911010742e-01, 3.893385904767e-04, 0.0000e+00, 0.0000e+00, 
 1DIAGNOSTIC,    18, -9.165802001953e-01, 3.198618350343e-04, 0.0000e+00, 0.0000e+00, 
 1DIAGNOSTIC,    19, -9.169044494629e-01, 2.601774020638e-04, 0.0000e+00, 0.0000e+00, 
 1DIAGNOSTIC,    20, -9.171714782715e-01, 2.097218325510e-04, 0.0000e+00, 0.0000e+00, 
 1DIAGNOSTIC,    21, -9.174003601074e-01, 1.661880381657e-04, 0.0000e+00, 0.0000e+00, 
 1DIAGNOSTIC,    22, -9.175987243652e-01, 1.300746399798e-04, 0.0000e+00, 0.0000e+00, 
 1DIAGNOSTIC,    23, -9.177703857422e-01, 1.016846481198e-04, 0.0000e+00, 0.0000e+00, 
 1DIAGNOSTIC,    24, -9.179344177246e-01, 8.051040805299e-05, 0.0000e+00, 0.0000e+00, 
 1DIAGNOSTIC,    25, -9.180870056152e-01, 6.504510880570e-05, 0.0000e+00, 0.0000e+00, 
 1DIAGNOSTIC,    26, -9.182319641113e-01, 5.397173923128e-05, 0.0000e+00, 0.0000e+00, 
 1DIAGNOSTIC,    27, -9.183769226074e-01, 4.599316056390e-05, 0.0000e+00, 0.0000e+00, 
 1DIAGNOSTIC,    28, -9.185180664062e-01, 4.019928036599e-05, 0.0000e+00, 0.0000e+00, 
 1DIAGNOSTIC,    29, -9.186553955078e-01, 3.602455122628e-05, 0.0000e+00, 0.0000e+00, 
 1DIAGNOSTIC,    30, -9.187965393066e-01, 3.301948741029e-05, 0.0000e+00, 0.0000e+00, 
 1DIAGNOSTIC,    31, -9.189338684082e-01, 3.082174448247e-05, 0.0000e+00, 0.0000e+00, 
 1DIAGNOSTIC,    32, -9.190711975098e-01, 2.917040719188e-05, 0.0000e+00, 0.0000e+00, 
 1DIAGNOSTIC,    33, -9.192047119141e-01, 2.779231660920e-05, 0.0000e+00, 0.0000e+00, 
 1DIAGNOSTIC,    34, -9.193382263184e-01, 2.664273527139e-05, 0.0000e+00, 0.0000e+00, 
 1DIAGNOSTIC,    35, -9.194717407227e-01, 2.563173986797e-05, 0.0000e+00, 0.0000e+00, 
 1DIAGNOSTIC,    36, -9.196014404297e-01, 2.467088850615e-05, 0.0000e+00, 0.0000e+00, 
 1DIAGNOSTIC,    37, -9.197273254395e-01, 2.374939791078e-05, 0.0000e+00, 0.0000e+00, 
 1DIAGNOSTIC,    38, -9.198493957520e-01, 2.282725468631e-05, 0.0000e+00, 0.0000e+00, 
 1DIAGNOSTIC,    39, -9.199676513672e-01, 2.187040895494e-05, 0.0000e+00, 0.0000e+00, 
 1DIAGNOSTIC,    40, -9.200820922852e-01, 2.091700701612e-05, 0.0000e+00, 0.0000e+00, 
 1DIAGNOSTIC,    41, -9.201889038086e-01, 1.991865987119e-05, 0.0000e+00, 0.0000e+00, 
 1DIAGNOSTIC,    42, -9.202957153320e-01, 1.892718616446e-05, 0.0000e+00, 0.0000e+00, 
 1DIAGNOSTIC,    43, -9.203910827637e-01, 1.787996402007e-05, 0.0000e+00, 0.0000e+00, 
 1DIAGNOSTIC,    44, -9.204826354980e-01, 1.681292953924e-05, 0.0000e+00, 0.0000e+00, 
 1DIAGNOSTIC,    45, -9.205665588379e-01, 1.573817968039e-05, 0.0000e+00, 0.0000e+00, 
 1DIAGNOSTIC,    46, -9.206466674805e-01, 1.467239054254e-05, 0.0000e+00, 0.0000e+00, 
 1DIAGNOSTIC,    47, -9.207229614258e-01, 1.363377756260e-05, 0.0000e+00, 0.0000e+00, 
 1DIAGNOSTIC,    48, -9.207916259766e-01, 1.261647098984e-05, 0.0000e+00, 0.0000e+00, 
 1DIAGNOSTIC,    49, -9.208564758301e-01, 1.164253065782e-05, 0.0000e+00, 0.0000e+00, 
 1DIAGNOSTIC,    50, -9.209251403809e-01, 1.077874725796e-05, 0.0000e+00, 0.0000e+00, 
XXDIAGNOSTIC,Iteration,metricValue,convergenceValue,ITERATION_TIME_INDEX,SINCE_LAST
 1DIAGNOSTIC,     1, -8.794021606445e-01, 1.797693134862e+308, 0.0000e+00, 0.0000e+00, 
 1DIAGNOSTIC,     2, -8.809471130371e-01, 1.797693134862e+308, 0.0000e+00, 0.0000e+00, 
 1DIAGNOSTIC,     3, -8.828430175781e-01, 1.797693134862e+308, 0.0000e+00, 0.0000e+00, 
 1DIAGNOSTIC,     4, -8.845710754395e-01, 1.797693134862e+308, 8.1920e+03, 8.1920e+03, 
 1DIAGNOSTIC,     5, -8.862380981445e-01, 1.797693134862e+308, 8.1920e+03, 0.0000e+00, 
 1DIAGNOSTIC,     6, -8.877487182617e-01, 1.797693134862e+308, 8.1920e+03, 0.0000e+00, 
 1DIAGNOSTIC,     7, -8.891372680664e-01, 1.797693134862e+308, 8.1920e+03, 0.0000e+00, 
 1DIAGNOSTIC,     8, -8.904075622559e-01, 1.797693134862e+308, 8.1920e+03, 0.0000e+00, 
 1DIAGNOSTIC,     9, -8.916015625000e-01, 1.797693134862e+308, 8.1920e+03, 0.0000e+00, 
 1DIAGNOSTIC,    10, -8.927459716797e-01, 9.759015038848e-04, 8.1920e+03, 0.0000e+00, 
 1DIAGNOSTIC,    11, -8.938674926758e-01, 8.381745349218e-04, 8.1920e+03, 0.0000e+00, 
 1DIAGNOSTIC,    12, -8.949241638184e-01, 7.170019709299e-04, 8.1920e+03, 0.0000e+00, 
 1DIAGNOSTIC,    13, -8.959808349609e-01, 6.219098088139e-04, 8.1920e+03, 0.0000e+00, 
 1DIAGNOSTIC,    14, -8.968582153320e-01, 5.429242638453e-04, 8.1920e+03, 0.0000e+00, 
 1DIAGNOSTIC,    15, -8.976669311523e-01, 4.773076059686e-04, 8.1920e+03, 0.0000e+00, 
 1DIAGNOSTIC,    16, -8.983383178711e-01, 4.193821303379e-04, 8.1920e+03, 0.0000e+00, 
 1DIAGNOSTIC,    17, -8.990554809570e-01, 3.689701575041e-04, 8.1920e+03, 0.0000e+00, 
 1DIAGNOSTIC,    18, -8.996353149414e-01, 3.226111329726e-04, 8.1920e+03, 0.0000e+00, 
 1DIAGNOSTIC,    19, -9.002914428711e-01, 2.821343433718e-04, 1.6384e+04, 8.1920e+03, 
 1DIAGNOSTIC,    20, -9.008216857910e-01, 2.460141469633e-04, 1.6384e+04, 0.0000e+00, 
  Elapsed time (stage 0): 16384


Total elapsed time: 16384
