
##########################
# Experiment information #
##########################

EXPERIMENT_NAME: antsRegistration-r7-p18
VFC_BACKENDS: libinterflop_vprec.so --range-binary32=7 --precision-binary32=18 --range-binary64=7 --precision-binary64=18

SIF_IMG: /home/mdugre/projects/rrg-glatard/mdugre/containers/ants-vprec-no_metrics.simg

SUBJECT_ID: s032
INPUT_IMG: /home/mdugre/scratch/mri-registration-rp/datasets/ds004513/derivatives/mri-registration-rp/antsBrainExtraction/sub-s032/BrainExtractionBrain.nii.gz
OUTPUT_DIR: /home/mdugre/scratch/mri-registration-rp/datasets/ds004513/derivatives/mri-registration-rp/0111/antsRegistration-r7-p18/sub-s032

FIXED_IMG: /templateflow/tpl-MNI152NLin2009cAsym/tpl-MNI152NLin2009cAsym_res-01_desc-brain_T1w.nii.gz
DATA_DIR: /home/mdugre/scratch/mri-registration-rp/datasets/ds004513
TEMPLATEFLOW_DIR: /home/mdugre/projects/rrg-glatard/mdugre/templateflow
ITK_GLOBAL_DEFAULT_NUMBER_OF_THREADS: 16
##########################

Info [verificarlo]: loaded backend libinterflop_ieee.so
Info [interflop-ieee]: load backend with:
Info [interflop-ieee]: debug = false
Info [interflop-ieee]: debug-binary = false
Info [interflop-ieee]: no-backend-name = false
Info [interflop-ieee]: print-new-line = false
Info [interflop-ieee]: print-subnormal-normalized = false
Info [interflop-ieee]: count-op = false
All_Command_lines_OK
Using double precision for computations.
=============================================================================
The composite transform comprises the following transforms (in order): 
  1. Center of mass alignment using fixed image: /templateflow/tpl-MNI152NLin2009cAsym/tpl-MNI152NLin2009cAsym_res-01_desc-brain_T1w.nii.gz and moving image: /home/mdugre/scratch/mri-registration-rp/datasets/ds004513/derivatives/mri-registration-rp/antsBrainExtraction/sub-s032/BrainExtractionBrain.nii.gz (type = Euler3DTransform)
=============================================================================
  number of levels = 1
  fixed image: /templateflow/tpl-MNI152NLin2009cAsym/tpl-MNI152NLin2009cAsym_res-01_desc-brain_T1w.nii.gz
  moving image: /home/mdugre/scratch/mri-registration-rp/datasets/ds004513/derivatives/mri-registration-rp/antsBrainExtraction/sub-s032/BrainExtractionBrain.nii.gz
Dimension = 3
Number of stages = 1
Use histogram matching = false
Winsorize image intensities = true
  Lower quantile = 0.005
  Upper quantile = 0.995


Stage 1 State
   Image metric = MattesMI
     Fixed image = Image (0x3322e70)
  RTTI typeinfo:   itk::Image<double, 3u>
  Reference Count: 2
  Modified Time: 2330
  Debug: Off
  Object Name: 
  Observers: 
    none
  Source: (none)
  Source output name: (none)
  Release Data: Off
  Data Released: False
  Global Release Data: Off
  PipelineMTime: 0
  UpdateMTime: 1941
  RealTimeStamp: 0 seconds 
  LargestPossibleRegion: 
    Dimension: 3
    Index: [0, 0, 0]
    Size: [193, 229, 193]
  BufferedRegion: 
    Dimension: 3
    Index: [0, 0, 0]
    Size: [193, 229, 193]
  RequestedRegion: 
    Dimension: 3
    Index: [0, 0, 0]
    Size: [193, 229, 193]
  Spacing: [1, 1, 1]
  Origin: [96, 132, -78]
  Direction: 
-1 0 0
0 -1 0
0 0 1

  IndexToPointMatrix: 
-1 0 0
0 -1 0
0 0 1

  PointToIndexMatrix: 
-1 0 0
0 -1 0
0 0 1

  Inverse Direction: 
-1 0 0
0 -1 0
0 0 1

  PixelContainer: 
    ImportImageContainer (0x332bc60)
      RTTI typeinfo:   itk::ImportImageContainer<unsigned long, double>
      Reference Count: 1
      Modified Time: 1938
      Debug: Off
      Object Name: 
      Observers: 
        none
      Pointer: 0x14fc2ad44010
      Container manages memory: true
      Size: 8530021
      Capacity: 8530021

     Moving image = Image (0x33bfec0)
  RTTI typeinfo:   itk::Image<double, 3u>
  Reference Count: 2
  Modified Time: 2331
  Debug: Off
  Object Name: 
  Observers: 
    none
  Source: (none)
  Source output name: (none)
  Release Data: Off
  Data Released: False
  Global Release Data: Off
  PipelineMTime: 0
  UpdateMTime: 2328
  RealTimeStamp: 0 seconds 
  LargestPossibleRegion: 
    Dimension: 3
    Index: [0, 0, 0]
    Size: [160, 240, 256]
  BufferedRegion: 
    Dimension: 3
    Index: [0, 0, 0]
    Size: [160, 240, 256]
  RequestedRegion: 
    Dimension: 3
    Index: [0, 0, 0]
    Size: [160, 240, 256]
  Spacing: [1, 1, 1]
  Origin: [73.279, 104.707, -131.187]
  Direction: 
-0.997527 0.0645574 -0.0278053
-0.0645323 -0.997914 -0.00179875
-0.0278634 4.01097e-08 0.999612

  IndexToPointMatrix: 
-0.997527 0.0645574 -0.0278053
-0.0645323 -0.997914 -0.00179875
-0.0278634 4.01097e-08 0.999612

  PointToIndexMatrix: 
-0.997527 -0.0645323 -0.0278634
0.0645574 -0.997914 4.01049e-08
-0.0278053 -0.00179875 0.999612

  Inverse Direction: 
-0.997527 -0.0645323 -0.0278634
0.0645574 -0.997914 4.01049e-08
-0.0278053 -0.00179875 0.999612

  PixelContainer: 
    ImportImageContainer (0x3457610)
      RTTI typeinfo:   itk::ImportImageContainer<unsigned long, double>
      Reference Count: 1
      Modified Time: 2325
      Debug: Off
      Object Name: 
      Observers: 
        none
      Pointer: 0x14fc26243010
      Container manages memory: true
      Size: 9830400
      Capacity: 9830400

     Weighting = 1
     Sampling strategy = regular
     Number of bins = 32
     Radius = 4
     Sampling percentage  = 0.25
   Transform = Rigid
     Gradient step = 0.1
     Update field sigma (voxel space) = 0
     Total field sigma (voxel space) = 0
     Update field time sigma = 0
     Total field time sigma  = 0
     Number of time indices = 0
     Number of time point samples = 0
Registration using 1 total stages.

Stage 0
  iterations = 0
  convergence threshold = 1e-06
  convergence window size = 10
  number of levels = 1
  using the Mattes MI metric (number of bins = 32, weight = 1, use gradient filter = 0)
  preprocessing:  winsorizing the image intensities
  Shrink factors (level 1 out of 1): [1, 1, 1]
  smoothing sigmas per level: [0]
  regular sampling (percentage = 0.25)

*** Running Euler3DTransform registration ***

  Elapsed time (stage 0): 1.15538


Total elapsed time: 1.15767
Info [verificarlo]: loaded backend libinterflop_vprec.so
Info [interflop-vprec]: load backend with: 
Info [interflop-vprec]: precision-binary32 = 18
Info [interflop-vprec]: range-binary32 = 7
Info [interflop-vprec]: precision-binary64 = 18
Info [interflop-vprec]: range-binary64 = 7
Info [interflop-vprec]: mode = ob
Info [interflop-vprec]: error-mode = rel
Info [interflop-vprec]: max-abs-error-exponent = -1022
Info [interflop-vprec]: daz = false
Info [interflop-vprec]: ftz = false
Info [interflop-vprec]: 	instrument = none
Info [interflop-vprec]: 	prec-input-file = (null)
Info [interflop-vprec]: 	prec-output-file = (null)
Info [interflop-vprec]: 	prec-log-file = (null)
All_Command_lines_OK
Using double precision for computations.
=============================================================================
The composite transform comprises the following transforms (in order): 
  1. /home/mdugre/scratch/mri-registration-rp/datasets/ds004513/derivatives/mri-registration-rp/0111/antsRegistration-r7-p18/sub-s032/align_Composite.h5[0] (type = Euler3DTransform)
  2. /home/mdugre/scratch/mri-registration-rp/datasets/ds004513/derivatives/mri-registration-rp/0111/antsRegistration-r7-p18/sub-s032/align_Composite.h5[1] (type = Euler3DTransform)
=============================================================================
  number of levels = 4
  fixed image: /templateflow/tpl-MNI152NLin2009cAsym/tpl-MNI152NLin2009cAsym_res-01_desc-brain_T1w.nii.gz
  moving image: /home/mdugre/scratch/mri-registration-rp/datasets/ds004513/derivatives/mri-registration-rp/antsBrainExtraction/sub-s032/BrainExtractionBrain.nii.gz
Dimension = 3
Number of stages = 1
Use histogram matching = false
Winsorize image intensities = true
  Lower quantile = 0.005
  Upper quantile = 0.995


Stage 1 State
   Image metric = MattesMI
     Fixed image = Image (0x43491e0)
  RTTI typeinfo:   itk::Image<double, 3u>
  Reference Count: 2
  Modified Time: 1578
  Debug: Off
  Object Name: 
  Observers: 
    none
  Source: (none)
  Source output name: (none)
  Release Data: Off
  Data Released: False
  Global Release Data: Off
  PipelineMTime: 0
  UpdateMTime: 1189
  RealTimeStamp: 0 seconds 
  LargestPossibleRegion: 
    Dimension: 3
    Index: [0, 0, 0]
    Size: [193, 229, 193]
  BufferedRegion: 
    Dimension: 3
    Index: [0, 0, 0]
    Size: [193, 229, 193]
  RequestedRegion: 
    Dimension: 3
    Index: [0, 0, 0]
    Size: [193, 229, 193]
  Spacing: [1, 1, 1]
  Origin: [96, 132, -78]
  Direction: 
-1 0 0
0 -1 0
0 0 1

  IndexToPointMatrix: 
-1 0 0
0 -1 0
0 0 1

  PointToIndexMatrix: 
-1 0 0
0 -1 0
0 0 1

  Inverse Direction: 
-1 0 0
0 -1 0
0 0 1

  PixelContainer: 
    ImportImageContainer (0x4408680)
      RTTI typeinfo:   itk::ImportImageContainer<unsigned long, double>
      Reference Count: 1
      Modified Time: 1186
      Debug: Off
      Object Name: 
      Observers: 
        none
      Pointer: 0x14c9513c2010
      Container manages memory: true
      Size: 8530021
      Capacity: 8530021

     Moving image = Image (0x4404b20)
  RTTI typeinfo:   itk::Image<double, 3u>
  Reference Count: 2
  Modified Time: 1579
  Debug: Off
  Object Name: 
  Observers: 
    none
  Source: (none)
  Source output name: (none)
  Release Data: Off
  Data Released: False
  Global Release Data: Off
  PipelineMTime: 0
  UpdateMTime: 1576
  RealTimeStamp: 0 seconds 
  LargestPossibleRegion: 
    Dimension: 3
    Index: [0, 0, 0]
    Size: [160, 240, 256]
  BufferedRegion: 
    Dimension: 3
    Index: [0, 0, 0]
    Size: [160, 240, 256]
  RequestedRegion: 
    Dimension: 3
    Index: [0, 0, 0]
    Size: [160, 240, 256]
  Spacing: [1, 1, 1]
  Origin: [73.2791, 104.708, -131.187]
  Direction: 
-0.997526 0.0645573 -0.0278053
-0.0645323 -0.997913 -0.00179875
-0.0278634 4.01097e-08 0.999611

  IndexToPointMatrix: 
-0.997526 0.0645573 -0.0278053
-0.0645323 -0.997913 -0.00179875
-0.0278634 4.01097e-08 0.999611

  PointToIndexMatrix: 
-0.997528 -0.0645323 -0.0278634
0.0645576 -0.997919 3.7253e-08
-0.0278054 -0.00179876 0.999617

  Inverse Direction: 
-0.997528 -0.0645323 -0.0278634
0.0645576 -0.997919 3.7253e-08
-0.0278054 -0.00179876 0.999617

  PixelContainer: 
    ImportImageContainer (0x446dd50)
      RTTI typeinfo:   itk::ImportImageContainer<unsigned long, double>
      Reference Count: 1
      Modified Time: 1573
      Debug: Off
      Object Name: 
      Observers: 
        none
      Pointer: 0x14c94c8c1010
      Container manages memory: true
      Size: 9830400
      Capacity: 9830400

     Weighting = 1
     Sampling strategy = regular
     Number of bins = 32
     Radius = 4
     Sampling percentage  = 0.25
   Transform = Rigid
     Gradient step = 0.1
     Update field sigma (voxel space) = 0
     Total field sigma (voxel space) = 0
     Update field time sigma = 0
     Total field time sigma  = 0
     Number of time indices = 0
     Number of time point samples = 0
Registration using 1 total stages.

Stage 0
  iterations = 1000x500x250x100
  convergence threshold = 1e-06
  convergence window size = 10
  number of levels = 4
  using the Mattes MI metric (number of bins = 32, weight = 1, use gradient filter = 0)
  preprocessing:  winsorizing the image intensities
  Shrink factors (level 1 out of 4): [8, 8, 8]
  Shrink factors (level 2 out of 4): [4, 4, 4]
  Shrink factors (level 3 out of 4): [2, 2, 2]
  Shrink factors (level 4 out of 4): [1, 1, 1]
  smoothing sigmas per level: [3, 2, 1, 0]
  regular sampling (percentage = 0.25)

*** Running Euler3DTransform registration ***

DIAGNOSTIC,Iteration,metricValue,convergenceValue,ITERATION_TIME_INDEX,SINCE_LAST
 2DIAGNOSTIC,     1, -5.480924523538e-01, 1.797693134862e+308, 0.0000e+00, 0.0000e+00, 
 2DIAGNOSTIC,     2, -5.506998988674e-01, 1.797693134862e+308, 0.0000e+00, 0.0000e+00, 
 2DIAGNOSTIC,     3, -5.546304881933e-01, 1.797693134862e+308, 0.0000e+00, 0.0000e+00, 
 2DIAGNOSTIC,     4, -5.605699809091e-01, 1.797693134862e+308, 0.0000e+00, 0.0000e+00, 
 2DIAGNOSTIC,     5, -5.691105393275e-01, 1.797693134862e+308, 0.0000e+00, 0.0000e+00, 
 2DIAGNOSTIC,     6, -5.851872786647e-01, 1.797693134862e+308, 0.0000e+00, 0.0000e+00, 
 2DIAGNOSTIC,     7, -6.233368609484e-01, 1.797693134862e+308, 0.0000e+00, 0.0000e+00, 
 2DIAGNOSTIC,     8, -6.289594091492e-01, 1.797693134862e+308, 0.0000e+00, 0.0000e+00, 
 2DIAGNOSTIC,     9, -6.366912329715e-01, 1.797693134862e+308, 0.0000e+00, 0.0000e+00, 
 2DIAGNOSTIC,    10, -6.376013864692e-01, 1.199740259973e-02, 0.0000e+00, 0.0000e+00, 
 2DIAGNOSTIC,    11, -6.401259163213e-01, 1.085813844660e-02, 0.0000e+00, 0.0000e+00, 
 2DIAGNOSTIC,    12, -6.419679592788e-01, 9.106733843289e-03, 0.0000e+00, 0.0000e+00, 
 2DIAGNOSTIC,    13, -6.430209734577e-01, 7.002831787507e-03, 0.0000e+00, 0.0000e+00, 
 2DIAGNOSTIC,    14, -6.449350969624e-01, 4.863668778499e-03, 0.0000e+00, 0.0000e+00, 
 2DIAGNOSTIC,    15, -6.487273732468e-01, 2.969837301155e-03, 0.0000e+00, 0.0000e+00, 
 2DIAGNOSTIC,    16, -6.530574881114e-01, 1.620356058337e-03, 0.0000e+00, 0.0000e+00, 
 2DIAGNOSTIC,    17, -6.534288091909e-01, 1.338367050129e-03, 0.0000e+00, 0.0000e+00, 
 2DIAGNOSTIC,    18, -6.536035616034e-01, 1.112905070564e-03, 0.0000e+00, 0.0000e+00, 
 2DIAGNOSTIC,    19, -6.545948024888e-01, 1.022574906164e-03, 0.0000e+00, 0.0000e+00, 
 2DIAGNOSTIC,    20, -6.557602859812e-01, 8.915475919448e-04, 0.0000e+00, 0.0000e+00, 
 2DIAGNOSTIC,    21, -6.567316822176e-01, 7.646384785868e-04, 0.0000e+00, 0.0000e+00, 
 2DIAGNOSTIC,    22, -6.572821622027e-01, 6.291597415210e-04, 0.0000e+00, 0.0000e+00, 
 2DIAGNOSTIC,    23, -6.574632288339e-01, 4.732836317700e-04, 0.0000e+00, 0.0000e+00, 
 2DIAGNOSTIC,    24, -6.575582058766e-01, 3.239191692639e-04, 0.0000e+00, 0.0000e+00, 
 2DIAGNOSTIC,    25, -6.577346949808e-01, 2.263838669407e-04, 0.0000e+00, 0.0000e+00, 
 2DIAGNOSTIC,    26, -6.579058574962e-01, 1.936427454075e-04, 0.0000e+00, 0.0000e+00, 
 2DIAGNOSTIC,    27, -6.581384269980e-01, 1.556370083993e-04, 0.0000e+00, 0.0000e+00, 
 2DIAGNOSTIC,    28, -6.589567812374e-01, 1.218230556073e-04, 0.0000e+00, 0.0000e+00, 
 2DIAGNOSTIC,    29, -6.595848221881e-01, 1.036850930448e-04, 0.0000e+00, 0.0000e+00, 
 2DIAGNOSTIC,    30, -6.595629493402e-01, 9.386682397171e-05, 0.0000e+00, 0.0000e+00, 
 2DIAGNOSTIC,    31, -6.593855966955e-01, 8.751259808853e-05, 0.0000e+00, 0.0000e+00, 
 2DIAGNOSTIC,    32, -6.594785394470e-01, 8.249210304798e-05, 0.0000e+00, 0.0000e+00, 
 2DIAGNOSTIC,    33, -6.595207481666e-01, 7.282832705917e-05, 0.0000e+00, 0.0000e+00, 
 2DIAGNOSTIC,    34, -6.596059277542e-01, 5.910485725496e-05, 0.0000e+00, 0.0000e+00, 
 2DIAGNOSTIC,    35, -6.594120140308e-01, 4.057516714293e-05, 0.0000e+00, 0.0000e+00, 
 2DIAGNOSTIC,    36, -6.594759046234e-01, 2.255032573520e-05, 0.0000e+00, 0.0000e+00, 
 2DIAGNOSTIC,    37, -6.593896149310e-01, 4.996708018186e-06, 0.0000e+00, 0.0000e+00, 
DIAGNOSTIC,Iteration,metricValue,convergenceValue,ITERATION_TIME_INDEX,SINCE_LAST
 2DIAGNOSTIC,     1, -5.174933064325e-01, 1.797693134862e+308, 0.0000e+00, 0.0000e+00, 
 2DIAGNOSTIC,     2, -5.181189648806e-01, 1.797693134862e+308, 0.0000e+00, 0.0000e+00, 
 2DIAGNOSTIC,     3, -5.189462381144e-01, 1.797693134862e+308, 0.0000e+00, 0.0000e+00, 
 2DIAGNOSTIC,     4, -5.197808139476e-01, 1.797693134862e+308, 0.0000e+00, 0.0000e+00, 
 2DIAGNOSTIC,     5, -5.205236169195e-01, 1.797693134862e+308, 0.0000e+00, 0.0000e+00, 
 2DIAGNOSTIC,     6, -5.210991839766e-01, 1.797693134862e+308, 0.0000e+00, 0.0000e+00, 
 2DIAGNOSTIC,     7, -5.239637544580e-01, 1.797693134862e+308, 0.0000e+00, 0.0000e+00, 
 2DIAGNOSTIC,     8, -5.271712541122e-01, 1.797693134862e+308, 0.0000e+00, 0.0000e+00, 
 2DIAGNOSTIC,     9, -5.295889684944e-01, 1.797693134862e+308, 0.0000e+00, 0.0000e+00, 
 2DIAGNOSTIC,    10, -5.309892082051e-01, 1.706931078416e-03, 0.0000e+00, 0.0000e+00, 
 2DIAGNOSTIC,    11, -5.312948124378e-01, 1.688685973610e-03, 0.0000e+00, 0.0000e+00, 
 2DIAGNOSTIC,    12, -5.334354529924e-01, 1.646230304307e-03, 0.0000e+00, 0.0000e+00, 
 2DIAGNOSTIC,    13, -5.343944590596e-01, 1.531609240753e-03, 0.0000e+00, 0.0000e+00, 
 2DIAGNOSTIC,    14, -5.348032994426e-01, 1.341981538376e-03, 0.0000e+00, 0.0000e+00, 
 2DIAGNOSTIC,    15, -5.352494963032e-01, 1.101168376325e-03, 0.0000e+00, 0.0000e+00, 
 2DIAGNOSTIC,    16, -5.359637239988e-01, 8.331544128882e-04, 0.0000e+00, 0.0000e+00, 
 2DIAGNOSTIC,    17, -5.373311629309e-01, 6.519098167724e-04, 0.0000e+00, 0.0000e+00, 
 2DIAGNOSTIC,    18, -5.426789013320e-01, 6.836326257491e-04, 0.0000e+00, 0.0000e+00, 
 2DIAGNOSTIC,    19, -5.467229672464e-01, 8.272186371809e-04, 0.0000e+00, 0.0000e+00, 
 2DIAGNOSTIC,    20, -5.557829850671e-01, 1.158498625016e-03, 0.0000e+00, 0.0000e+00, 
 2DIAGNOSTIC,    21, -5.655670430560e-01, 1.599856757828e-03, 0.0000e+00, 0.0000e+00, 
 2DIAGNOSTIC,    22, -5.658462063514e-01, 1.904391388560e-03, 0.0000e+00, 0.0000e+00, 
 2DIAGNOSTIC,    23, -5.659415200713e-01, 2.031193435146e-03, 0.0000e+00, 0.0000e+00, 
 2DIAGNOSTIC,    24, -5.659307446247e-01, 1.967052229095e-03, 0.0000e+00, 0.0000e+00, 
 2DIAGNOSTIC,    25, -5.660244522056e-01, 1.733088986839e-03, 0.0000e+00, 0.0000e+00, 
 2DIAGNOSTIC,    26, -5.664334721041e-01, 1.375991074293e-03, 0.0000e+00, 0.0000e+00, 
 2DIAGNOSTIC,    27, -5.665453342695e-01, 9.460506909524e-04, 0.0000e+00, 0.0000e+00, 
 2DIAGNOSTIC,    28, -5.667287762301e-01, 5.659944960691e-04, 0.0000e+00, 0.0000e+00, 
 2DIAGNOSTIC,    29, -5.669239115650e-01, 2.343421827912e-04, 0.0000e+00, 0.0000e+00, 
 2DIAGNOSTIC,    30, -5.671658619793e-01, 6.128738201002e-05, 0.0000e+00, 0.0000e+00, 
 2DIAGNOSTIC,    31, -5.671743409888e-01, 5.913617070249e-05, 0.0000e+00, 0.0000e+00, 
 2DIAGNOSTIC,    32, -5.671708777577e-01, 5.613594232635e-05, 0.0000e+00, 0.0000e+00, 
 2DIAGNOSTIC,    33, -5.671729278160e-01, 4.977000613379e-05, 0.0000e+00, 0.0000e+00, 
 2DIAGNOSTIC,    34, -5.671522202961e-01, 3.867382641166e-05, 0.0000e+00, 0.0000e+00, 
 2DIAGNOSTIC,    35, -5.671540393714e-01, 2.590369345329e-05, 0.0000e+00, 0.0000e+00, 
 2DIAGNOSTIC,    36, -5.671486644462e-01, 1.733912145767e-05, 0.0000e+00, 0.0000e+00, 
 2DIAGNOSTIC,    37, -5.671519501365e-01, 9.320881555194e-06, 0.0000e+00, 0.0000e+00, 
 2DIAGNOSTIC,    38, -5.671495183947e-01, 3.372412126501e-06, 0.0000e+00, 0.0000e+00, 
DIAGNOSTIC,Iteration,metricValue,convergenceValue,ITERATION_TIME_INDEX,SINCE_LAST
 2DIAGNOSTIC,     1, -5.009979301143e-01, 1.797693134862e+308, 0.0000e+00, 0.0000e+00, 
 2DIAGNOSTIC,     2, -5.014273439165e-01, 1.797693134862e+308, 0.0000e+00, 0.0000e+00, 
 2DIAGNOSTIC,     3, -5.018697493135e-01, 1.797693134862e+308, 0.0000e+00, 0.0000e+00, 
 2DIAGNOSTIC,     4, -5.021181538257e-01, 1.797693134862e+308, 0.0000e+00, 0.0000e+00, 
 2DIAGNOSTIC,     5, -5.022247998745e-01, 1.797693134862e+308, 0.0000e+00, 0.0000e+00, 
 2DIAGNOSTIC,     6, -5.022487781983e-01, 1.797693134862e+308, 0.0000e+00, 0.0000e+00, 
 2DIAGNOSTIC,     7, -5.022608581347e-01, 1.797693134862e+308, 0.0000e+00, 0.0000e+00, 
 2DIAGNOSTIC,     8, -5.022608380916e-01, 1.797693134862e+308, 0.0000e+00, 0.0000e+00, 
 2DIAGNOSTIC,     9, -5.022616880328e-01, 1.797693134862e+308, 0.0000e+00, 0.0000e+00, 
 2DIAGNOSTIC,    10, -5.022567965550e-01, 1.352315776708e-04, 0.0000e+00, 0.0000e+00, 
 2DIAGNOSTIC,    11, -5.022572132853e-01, 6.913260793999e-05, 0.0000e+00, 0.0000e+00, 
 2DIAGNOSTIC,    12, -5.022562638471e-01, 2.793495677242e-05, 0.0000e+00, 0.0000e+00, 
 2DIAGNOSTIC,    13, -5.022558139618e-01, 9.796817515756e-06, 0.0000e+00, 0.0000e+00, 
 2DIAGNOSTIC,    14, -5.022560837560e-01, 3.532606822079e-06, 0.0000e+00, 0.0000e+00, 
 2DIAGNOSTIC,    15, -5.022560572819e-01, 1.991852981220e-06, 0.0000e+00, 0.0000e+00, 
 2DIAGNOSTIC,    16, -5.022561194139e-01, 1.492877167136e-06, 0.0000e+00, 0.0000e+00, 
 2DIAGNOSTIC,    17, -5.022561194139e-01, 1.497019434644e-06, 0.0000e+00, 0.0000e+00, 
 2DIAGNOSTIC,    18, -5.022561147399e-01, 1.530768584737e-06, 0.0000e+00, 0.0000e+00, 
 2DIAGNOSTIC,    19, -5.022560968422e-01, 1.609924744024e-06, 0.0000e+00, 0.0000e+00, 
 2DIAGNOSTIC,    20, -5.022560888869e-01, 1.546117290308e-06, 0.0000e+00, 0.0000e+00, 
 2DIAGNOSTIC,    21, -5.022558781967e-01, 1.497342000348e-06, 0.0000e+00, 0.0000e+00, 
 2DIAGNOSTIC,    22, -5.022558781967e-01, 1.429394851891e-06, 0.0000e+00, 0.0000e+00, 
 2DIAGNOSTIC,    23, -5.022558746037e-01, 1.356214030440e-06, 0.0000e+00, 0.0000e+00, 
 2DIAGNOSTIC,    24, -5.022558746037e-01, 1.296734515231e-06, 0.0000e+00, 0.0000e+00, 
 2DIAGNOSTIC,    25, -5.022558688550e-01, 1.242764934094e-06, 0.0000e+00, 0.0000e+00, 
 2DIAGNOSTIC,    26, -5.022558688550e-01, 1.196012294924e-06, 0.0000e+00, 0.0000e+00, 
 2DIAGNOSTIC,    27, -5.022558786392e-01, 1.154418789222e-06, 0.0000e+00, 0.0000e+00, 
 2DIAGNOSTIC,    28, -5.022558786392e-01, 1.116805561620e-06, 0.0000e+00, 0.0000e+00, 
 2DIAGNOSTIC,    29, -5.022559019301e-01, 1.082637886791e-06, 0.0000e+00, 0.0000e+00, 
 2DIAGNOSTIC,    30, -5.022559019301e-01, 1.051053957361e-06, 0.0000e+00, 0.0000e+00, 
 2DIAGNOSTIC,    31, -5.022559019301e-01, 1.017577724423e-06, 0.0000e+00, 0.0000e+00, 
DIAGNOSTIC,Iteration,metricValue,convergenceValue,ITERATION_TIME_INDEX,SINCE_LAST
 2DIAGNOSTIC,     1, -4.665180242235e-01, 1.797693134862e+308, 0.0000e+00, 0.0000e+00, 
 2DIAGNOSTIC,     2, -4.666580830818e-01, 1.797693134862e+308, 0.0000e+00, 0.0000e+00, 
 2DIAGNOSTIC,     3, -4.666879104825e-01, 1.797693134862e+308, 0.0000e+00, 0.0000e+00, 
 2DIAGNOSTIC,     4, -4.667668817666e-01, 1.797693134862e+308, 0.0000e+00, 0.0000e+00, 
 2DIAGNOSTIC,     5, -4.668301357360e-01, 1.797693134862e+308, 0.0000e+00, 0.0000e+00, 
 2DIAGNOSTIC,     6, -4.669519272227e-01, 1.797693134862e+308, 0.0000e+00, 0.0000e+00, 
 2DIAGNOSTIC,     7, -4.669593389175e-01, 1.797693134862e+308, 0.0000e+00, 0.0000e+00, 
 2DIAGNOSTIC,     8, -4.669687962344e-01, 1.797693134862e+308, 0.0000e+00, 0.0000e+00, 
 2DIAGNOSTIC,     9, -4.669943955069e-01, 1.797693134862e+308, 0.0000e+00, 0.0000e+00, 
 2DIAGNOSTIC,    10, -4.670446792395e-01, 7.180101101242e-05, 0.0000e+00, 0.0000e+00, 
 2DIAGNOSTIC,    11, -4.670468875885e-01, 5.412083516197e-05, 0.0000e+00, 0.0000e+00, 
 2DIAGNOSTIC,    12, -4.670460575751e-01, 4.193032312984e-05, 0.0000e+00, 0.0000e+00, 
 2DIAGNOSTIC,    13, -4.670476698695e-01, 2.958946968638e-05, 0.0000e+00, 0.0000e+00, 
 2DIAGNOSTIC,    14, -4.670497688536e-01, 2.003054041906e-05, 0.0000e+00, 0.0000e+00, 
 2DIAGNOSTIC,    15, -4.670505773431e-01, 1.255032483376e-05, 0.0000e+00, 0.0000e+00, 
 2DIAGNOSTIC,    16, -4.670521311721e-01, 9.744363559869e-06, 0.0000e+00, 0.0000e+00, 
 2DIAGNOSTIC,    17, -4.670553235464e-01, 6.963171192295e-06, 0.0000e+00, 0.0000e+00, 
 2DIAGNOSTIC,    18, -4.670627540378e-01, 4.583894926614e-06, 0.0000e+00, 0.0000e+00, 
 2DIAGNOSTIC,    19, -4.670704816197e-01, 3.208209303905e-06, 0.0000e+00, 0.0000e+00, 
 2DIAGNOSTIC,    20, -4.670763040746e-01, 3.528879463477e-06, 0.0000e+00, 0.0000e+00, 
 2DIAGNOSTIC,    21, -4.670755251346e-01, 3.680877430634e-06, 0.0000e+00, 0.0000e+00, 
 2DIAGNOSTIC,    22, -4.670737267942e-01, 3.546146835086e-06, 0.0000e+00, 0.0000e+00, 
 2DIAGNOSTIC,    23, -4.670744448717e-01, 3.285562599299e-06, 0.0000e+00, 0.0000e+00, 
 2DIAGNOSTIC,    24, -4.670741672270e-01, 2.908553883657e-06, 0.0000e+00, 0.0000e+00, 
 2DIAGNOSTIC,    25, -4.670738498455e-01, 2.423284601198e-06, 0.0000e+00, 0.0000e+00, 
 2DIAGNOSTIC,    26, -4.670746590824e-01, 1.924542077772e-06, 0.0000e+00, 0.0000e+00, 
 2DIAGNOSTIC,    27, -4.670738901959e-01, 1.449655081816e-06, 0.0000e+00, 0.0000e+00, 
 2DIAGNOSTIC,    28, -4.670745433885e-01, 1.154642835441e-06, 0.0000e+00, 0.0000e+00, 
 2DIAGNOSTIC,    29, -4.670745592536e-01, 1.035142419975e-06, 0.0000e+00, 0.0000e+00, 
 2DIAGNOSTIC,    30, -4.670747262810e-01, 1.050173974983e-06, 0.0000e+00, 0.0000e+00, 
 2DIAGNOSTIC,    31, -4.670749455547e-01, 1.054269215137e-06, 0.0000e+00, 0.0000e+00, 
 2DIAGNOSTIC,    32, -4.670755239594e-01, 1.030816205359e-06, 0.0000e+00, 0.0000e+00, 
 2DIAGNOSTIC,    33, -4.670760630706e-01, 1.027538296144e-06, 0.0000e+00, 0.0000e+00, 
  Elapsed time (stage 0): 0.0000e+00


Total elapsed time: 0.0000e+00
Info [verificarlo]: loaded backend libinterflop_vprec.so
Info [interflop-vprec]: load backend with: 
Info [interflop-vprec]: precision-binary32 = 18
Info [interflop-vprec]: range-binary32 = 7
Info [interflop-vprec]: precision-binary64 = 18
Info [interflop-vprec]: range-binary64 = 7
Info [interflop-vprec]: mode = ob
Info [interflop-vprec]: error-mode = rel
Info [interflop-vprec]: max-abs-error-exponent = -1022
Info [interflop-vprec]: daz = false
Info [interflop-vprec]: ftz = false
Info [interflop-vprec]: 	instrument = none
Info [interflop-vprec]: 	prec-input-file = (null)
Info [interflop-vprec]: 	prec-output-file = (null)
Info [interflop-vprec]: 	prec-log-file = (null)
All_Command_lines_OK
Using double precision for computations.
=============================================================================
The composite transform comprises the following transforms (in order): 
  1. /home/mdugre/scratch/mri-registration-rp/datasets/ds004513/derivatives/mri-registration-rp/0111/antsRegistration-r7-p18/sub-s032/rigid_Composite.h5[0] (type = Euler3DTransform)
  2. /home/mdugre/scratch/mri-registration-rp/datasets/ds004513/derivatives/mri-registration-rp/0111/antsRegistration-r7-p18/sub-s032/rigid_Composite.h5[1] (type = Euler3DTransform)
  3. /home/mdugre/scratch/mri-registration-rp/datasets/ds004513/derivatives/mri-registration-rp/0111/antsRegistration-r7-p18/sub-s032/rigid_Composite.h5[2] (type = Euler3DTransform)
=============================================================================
  number of levels = 4
  fixed image: /templateflow/tpl-MNI152NLin2009cAsym/tpl-MNI152NLin2009cAsym_res-01_desc-brain_T1w.nii.gz
  moving image: /home/mdugre/scratch/mri-registration-rp/datasets/ds004513/derivatives/mri-registration-rp/antsBrainExtraction/sub-s032/BrainExtractionBrain.nii.gz
Dimension = 3
Number of stages = 1
Use histogram matching = false
Winsorize image intensities = true
  Lower quantile = 0.005
  Upper quantile = 0.995


Stage 1 State
   Image metric = MattesMI
     Fixed image = Image (0x3fd1490)
  RTTI typeinfo:   itk::Image<double, 3u>
  Reference Count: 2
  Modified Time: 1592
  Debug: Off
  Object Name: 
  Observers: 
    none
  Source: (none)
  Source output name: (none)
  Release Data: Off
  Data Released: False
  Global Release Data: Off
  PipelineMTime: 0
  UpdateMTime: 1203
  RealTimeStamp: 0 seconds 
  LargestPossibleRegion: 
    Dimension: 3
    Index: [0, 0, 0]
    Size: [193, 229, 193]
  BufferedRegion: 
    Dimension: 3
    Index: [0, 0, 0]
    Size: [193, 229, 193]
  RequestedRegion: 
    Dimension: 3
    Index: [0, 0, 0]
    Size: [193, 229, 193]
  Spacing: [1, 1, 1]
  Origin: [96, 132, -78]
  Direction: 
-1 0 0
0 -1 0
0 0 1

  IndexToPointMatrix: 
-1 0 0
0 -1 0
0 0 1

  PointToIndexMatrix: 
-1 0 0
0 -1 0
0 0 1

  Inverse Direction: 
-1 0 0
0 -1 0
0 0 1

  PixelContainer: 
    ImportImageContainer (0x4089fa0)
      RTTI typeinfo:   itk::ImportImageContainer<unsigned long, double>
      Reference Count: 1
      Modified Time: 1200
      Debug: Off
      Object Name: 
      Observers: 
        none
      Pointer: 0x14af83a1b010
      Container manages memory: true
      Size: 8530021
      Capacity: 8530021

     Moving image = Image (0x408cd20)
  RTTI typeinfo:   itk::Image<double, 3u>
  Reference Count: 2
  Modified Time: 1593
  Debug: Off
  Object Name: 
  Observers: 
    none
  Source: (none)
  Source output name: (none)
  Release Data: Off
  Data Released: False
  Global Release Data: Off
  PipelineMTime: 0
  UpdateMTime: 1590
  RealTimeStamp: 0 seconds 
  LargestPossibleRegion: 
    Dimension: 3
    Index: [0, 0, 0]
    Size: [160, 240, 256]
  BufferedRegion: 
    Dimension: 3
    Index: [0, 0, 0]
    Size: [160, 240, 256]
  RequestedRegion: 
    Dimension: 3
    Index: [0, 0, 0]
    Size: [160, 240, 256]
  Spacing: [1, 1, 1]
  Origin: [73.2791, 104.708, -131.187]
  Direction: 
-0.997526 0.0645573 -0.0278053
-0.0645323 -0.997913 -0.00179875
-0.0278634 4.01097e-08 0.999611

  IndexToPointMatrix: 
-0.997526 0.0645573 -0.0278053
-0.0645323 -0.997913 -0.00179875
-0.0278634 4.01097e-08 0.999611

  PointToIndexMatrix: 
-0.997528 -0.0645323 -0.0278634
0.0645576 -0.997919 3.7253e-08
-0.0278054 -0.00179876 0.999617

  Inverse Direction: 
-0.997528 -0.0645323 -0.0278634
0.0645576 -0.997919 3.7253e-08
-0.0278054 -0.00179876 0.999617

  PixelContainer: 
    ImportImageContainer (0x4148390)
      RTTI typeinfo:   itk::ImportImageContainer<unsigned long, double>
      Reference Count: 1
      Modified Time: 1587
      Debug: Off
      Object Name: 
      Observers: 
        none
      Pointer: 0x14af7ef1a010
      Container manages memory: true
      Size: 9830400
      Capacity: 9830400

     Weighting = 1
     Sampling strategy = regular
     Number of bins = 32
     Radius = 4
     Sampling percentage  = 0.25
   Transform = Affine
     Gradient step = 0.1
     Update field sigma (voxel space) = 0
     Total field sigma (voxel space) = 0
     Update field time sigma = 0
     Total field time sigma  = 0
     Number of time indices = 0
     Number of time point samples = 0
Registration using 1 total stages.

Stage 0
  iterations = 1000x500x250x100
  convergence threshold = 1e-06
  convergence window size = 10
  number of levels = 4
  using the Mattes MI metric (number of bins = 32, weight = 1, use gradient filter = 0)
  preprocessing:  winsorizing the image intensities
  Shrink factors (level 1 out of 4): [8, 8, 8]
  Shrink factors (level 2 out of 4): [4, 4, 4]
  Shrink factors (level 3 out of 4): [2, 2, 2]
  Shrink factors (level 4 out of 4): [1, 1, 1]
  smoothing sigmas per level: [3, 2, 1, 0]
  regular sampling (percentage = 0.25)

*** Running AffineTransform registration ***

DIAGNOSTIC,Iteration,metricValue,convergenceValue,ITERATION_TIME_INDEX,SINCE_LAST
 2DIAGNOSTIC,     1, -6.838289579178e-01, 1.797693134862e+308, 0.0000e+00, 0.0000e+00, 
 2DIAGNOSTIC,     2, -6.858894936957e-01, 1.797693134862e+308, 0.0000e+00, 0.0000e+00, 
 2DIAGNOSTIC,     3, -6.888831198034e-01, 1.797693134862e+308, 0.0000e+00, 0.0000e+00, 
 2DIAGNOSTIC,     4, -6.929244194288e-01, 1.797693134862e+308, 0.0000e+00, 0.0000e+00, 
 2DIAGNOSTIC,     5, -7.038335279657e-01, 1.797693134862e+308, 0.0000e+00, 0.0000e+00, 
 2DIAGNOSTIC,     6, -7.217550681562e-01, 1.797693134862e+308, 0.0000e+00, 0.0000e+00, 
 2DIAGNOSTIC,     7, -7.213727312649e-01, 1.797693134862e+308, 0.0000e+00, 0.0000e+00, 
 2DIAGNOSTIC,     8, -7.215327016078e-01, 1.797693134862e+308, 0.0000e+00, 0.0000e+00, 
 2DIAGNOSTIC,     9, -7.218026804612e-01, 1.797693134862e+308, 0.0000e+00, 0.0000e+00, 
 2DIAGNOSTIC,    10, -7.222543993034e-01, 4.387186455787e-03, 0.0000e+00, 0.0000e+00, 
 2DIAGNOSTIC,    11, -7.229018694907e-01, 3.457106293627e-03, 0.0000e+00, 0.0000e+00, 
 2DIAGNOSTIC,    12, -7.238149292980e-01, 2.477274855160e-03, 0.0000e+00, 0.0000e+00, 
 2DIAGNOSTIC,    13, -7.250455613255e-01, 1.566830486827e-03, 0.0000e+00, 0.0000e+00, 
 2DIAGNOSTIC,    14, -7.260641572095e-01, 7.878136287177e-04, 0.0000e+00, 0.0000e+00, 
 2DIAGNOSTIC,    15, -7.265824132829e-01, 3.328773481799e-04, 0.0000e+00, 0.0000e+00, 
 2DIAGNOSTIC,    16, -7.269894398289e-01, 3.623583236882e-04, 0.0000e+00, 0.0000e+00, 
 2DIAGNOSTIC,    17, -7.277093458860e-01, 3.629279865926e-04, 0.0000e+00, 0.0000e+00, 
 2DIAGNOSTIC,    18, -7.307578747725e-01, 4.002696043586e-04, 0.0000e+00, 0.0000e+00, 
 2DIAGNOSTIC,    19, -7.323113053015e-01, 4.329623732724e-04, 0.0000e+00, 0.0000e+00, 
 2DIAGNOSTIC,    20, -7.326081536579e-01, 4.371618926957e-04, 0.0000e+00, 0.0000e+00, 
 2DIAGNOSTIC,    21, -7.332957544502e-01, 4.265878786723e-04, 0.0000e+00, 0.0000e+00, 
 2DIAGNOSTIC,    22, -7.343151804488e-01, 4.115209558195e-04, 0.0000e+00, 0.0000e+00, 
 2DIAGNOSTIC,    23, -7.349311872182e-01, 3.895907626021e-04, 0.0000e+00, 0.0000e+00, 
 2DIAGNOSTIC,    24, -7.373360053631e-01, 3.889207319952e-04, 0.0000e+00, 0.0000e+00, 
 2DIAGNOSTIC,    25, -7.373869992184e-01, 3.607444155834e-04, 0.0000e+00, 0.0000e+00, 
 2DIAGNOSTIC,    26, -7.378004670225e-01, 3.143797904251e-04, 0.0000e+00, 0.0000e+00, 
 2DIAGNOSTIC,    27, -7.380799260575e-01, 2.557772169165e-04, 0.0000e+00, 0.0000e+00, 
 2DIAGNOSTIC,    28, -7.381913119147e-01, 2.210732456149e-04, 0.0000e+00, 0.0000e+00, 
 2DIAGNOSTIC,    29, -7.383254956160e-01, 1.906636828972e-04, 0.0000e+00, 0.0000e+00, 
 2DIAGNOSTIC,    30, -7.382832126110e-01, 1.476566362313e-04, 0.0000e+00, 0.0000e+00, 
 2DIAGNOSTIC,    31, -7.382275959893e-01, 1.017901605538e-04, 0.0000e+00, 0.0000e+00, 
 2DIAGNOSTIC,    32, -7.382696106903e-01, 6.242286259089e-05, 0.0000e+00, 0.0000e+00, 
 2DIAGNOSTIC,    33, -7.383157591508e-01, 2.672680169863e-05, 0.0000e+00, 0.0000e+00, 
 2DIAGNOSTIC,    34, -7.383406638819e-01, 1.877166789491e-05, 0.0000e+00, 0.0000e+00, 
 2DIAGNOSTIC,    35, -7.381785940260e-01, 8.278944769336e-06, 0.0000e+00, 0.0000e+00, 
 2DIAGNOSTIC,    36, -7.382496460516e-01, 2.971010393104e-06, 0.0000e+00, 0.0000e+00, 
DIAGNOSTIC,Iteration,metricValue,convergenceValue,ITERATION_TIME_INDEX,SINCE_LAST
 2DIAGNOSTIC,     1, -5.994259630177e-01, 1.797693134862e+308, 0.0000e+00, 0.0000e+00, 
 2DIAGNOSTIC,     2, -5.996581956418e-01, 1.797693134862e+308, 0.0000e+00, 0.0000e+00, 
 2DIAGNOSTIC,     3, -5.999742453668e-01, 1.797693134862e+308, 0.0000e+00, 0.0000e+00, 
 2DIAGNOSTIC,     4, -6.003850489286e-01, 1.797693134862e+308, 0.0000e+00, 0.0000e+00, 
 2DIAGNOSTIC,     5, -6.005596497083e-01, 1.797693134862e+308, 0.0000e+00, 0.0000e+00, 
 2DIAGNOSTIC,     6, -6.006119165897e-01, 1.797693134862e+308, 0.0000e+00, 0.0000e+00, 
 2DIAGNOSTIC,     7, -6.006884473670e-01, 1.797693134862e+308, 0.0000e+00, 0.0000e+00, 
 2DIAGNOSTIC,     8, -6.006345116731e-01, 1.797693134862e+308, 0.0000e+00, 0.0000e+00, 
 2DIAGNOSTIC,     9, -6.006503310474e-01, 1.797693134862e+308, 0.0000e+00, 0.0000e+00, 
 2DIAGNOSTIC,    10, -6.006684441342e-01, 1.320680060740e-04, 0.0000e+00, 0.0000e+00, 
 2DIAGNOSTIC,    11, -6.008263099491e-01, 8.929697170452e-05, 0.0000e+00, 0.0000e+00, 
 2DIAGNOSTIC,    12, -6.009850797469e-01, 6.107247720046e-05, 0.0000e+00, 0.0000e+00, 
 2DIAGNOSTIC,    13, -6.013706296908e-01, 5.707218639581e-05, 0.0000e+00, 0.0000e+00, 
 2DIAGNOSTIC,    14, -6.022093498767e-01, 9.057742566133e-05, 0.0000e+00, 0.0000e+00, 
 2DIAGNOSTIC,    15, -6.039895006014e-01, 1.725557005452e-04, 0.0000e+00, 0.0000e+00, 
 2DIAGNOSTIC,    16, -6.044024875996e-01, 2.411551657311e-04, 0.0000e+00, 0.0000e+00, 
 2DIAGNOSTIC,    17, -6.045513428003e-01, 2.864656158200e-04, 0.0000e+00, 0.0000e+00, 
 2DIAGNOSTIC,    18, -6.046731283285e-01, 3.027817952225e-04, 0.0000e+00, 0.0000e+00, 
 2DIAGNOSTIC,    19, -6.048310188706e-01, 2.934691255613e-04, 0.0000e+00, 0.0000e+00, 
 2DIAGNOSTIC,    20, -6.050545738890e-01, 2.629375421392e-04, 0.0000e+00, 0.0000e+00, 
 2DIAGNOSTIC,    21, -6.052703256105e-01, 2.193174971261e-04, 0.0000e+00, 0.0000e+00, 
 2DIAGNOSTIC,    22, -6.053350243098e-01, 1.646319551249e-04, 0.0000e+00, 0.0000e+00, 
 2DIAGNOSTIC,    23, -6.054164570374e-01, 1.091507202446e-04, 0.0000e+00, 0.0000e+00, 
 2DIAGNOSTIC,    24, -6.054187875513e-01, 6.385183837074e-05, 0.0000e+00, 0.0000e+00, 
 2DIAGNOSTIC,    25, -6.054113935873e-01, 4.955939567211e-05, 0.0000e+00, 0.0000e+00, 
 2DIAGNOSTIC,    26, -6.054057097342e-01, 3.915691680131e-05, 0.0000e+00, 0.0000e+00, 
 2DIAGNOSTIC,    27, -6.053924466080e-01, 2.832271217305e-05, 0.0000e+00, 0.0000e+00, 
 2DIAGNOSTIC,    28, -6.053713123537e-01, 1.740417605404e-05, 0.0000e+00, 0.0000e+00, 
 2DIAGNOSTIC,    29, -6.053653238636e-01, 8.129884356306e-06, 0.0000e+00, 0.0000e+00, 
 2DIAGNOSTIC,    30, -6.053489886196e-01, 1.999801639077e-06, 0.0000e+00, 0.0000e+00, 
DIAGNOSTIC,Iteration,metricValue,convergenceValue,ITERATION_TIME_INDEX,SINCE_LAST
 2DIAGNOSTIC,     1, -5.412405735985e-01, 1.797693134862e+308, 0.0000e+00, 0.0000e+00, 
 2DIAGNOSTIC,     2, -5.415428889084e-01, 1.797693134862e+308, 0.0000e+00, 0.0000e+00, 
 2DIAGNOSTIC,     3, -5.419016783237e-01, 1.797693134862e+308, 0.0000e+00, 0.0000e+00, 
 2DIAGNOSTIC,     4, -5.423615634636e-01, 1.797693134862e+308, 0.0000e+00, 0.0000e+00, 
 2DIAGNOSTIC,     5, -5.429635375983e-01, 1.797693134862e+308, 0.0000e+00, 0.0000e+00, 
 2DIAGNOSTIC,     6, -5.440479096115e-01, 1.797693134862e+308, 0.0000e+00, 0.0000e+00, 
 2DIAGNOSTIC,     7, -5.440749752248e-01, 1.797693134862e+308, 0.0000e+00, 0.0000e+00, 
 2DIAGNOSTIC,     8, -5.440683520308e-01, 1.797693134862e+308, 0.0000e+00, 0.0000e+00, 
 2DIAGNOSTIC,     9, -5.440803812330e-01, 1.797693134862e+308, 0.0000e+00, 0.0000e+00, 
 2DIAGNOSTIC,    10, -5.441069591305e-01, 4.000482506862e-04, 0.0000e+00, 0.0000e+00, 
 2DIAGNOSTIC,    11, -5.442013724990e-01, 3.031287921776e-04, 0.0000e+00, 0.0000e+00, 
 2DIAGNOSTIC,    12, -5.443427592932e-01, 2.147425011130e-04, 0.0000e+00, 0.0000e+00, 
 2DIAGNOSTIC,    13, -5.444649103516e-01, 1.405519825173e-04, 0.0000e+00, 0.0000e+00, 
 2DIAGNOSTIC,    14, -5.444769063560e-01, 8.190509355797e-05, 0.0000e+00, 0.0000e+00, 
 2DIAGNOSTIC,    15, -5.444786707737e-01, 4.388244880639e-05, 0.0000e+00, 0.0000e+00, 
 2DIAGNOSTIC,    16, -5.444773008357e-01, 4.215610057304e-05, 0.0000e+00, 0.0000e+00, 
 2DIAGNOSTIC,    17, -5.444770045946e-01, 3.769052504002e-05, 0.0000e+00, 0.0000e+00, 
 2DIAGNOSTIC,    18, -5.444766759750e-01, 3.017785459216e-05, 0.0000e+00, 0.0000e+00, 
 2DIAGNOSTIC,    19, -5.444772977338e-01, 2.122625481557e-05, 0.0000e+00, 0.0000e+00, 
 2DIAGNOSTIC,    20, -5.444777020582e-01, 1.208151675007e-05, 0.0000e+00, 0.0000e+00, 
 2DIAGNOSTIC,    21, -5.444767667237e-01, 5.097697165335e-06, 0.0000e+00, 0.0000e+00, 
 2DIAGNOSTIC,    22, -5.444766008958e-01, 1.690849540555e-06, 0.0000e+00, 0.0000e+00, 
 2DIAGNOSTIC,    23, -5.444763424060e-01, 1.318423200773e-06, 0.0000e+00, 0.0000e+00, 
 2DIAGNOSTIC,    24, -5.444745978888e-01, 1.203209770428e-06, 0.0000e+00, 0.0000e+00, 
 2DIAGNOSTIC,    25, -5.444747278255e-01, 1.148652561407e-06, 0.0000e+00, 0.0000e+00, 
 2DIAGNOSTIC,    26, -5.444750336194e-01, 1.087516155018e-06, 0.0000e+00, 0.0000e+00, 
 2DIAGNOSTIC,    27, -5.444755008560e-01, 1.045923053757e-06, 0.0000e+00, 0.0000e+00, 
DIAGNOSTIC,Iteration,metricValue,convergenceValue,ITERATION_TIME_INDEX,SINCE_LAST
 2DIAGNOSTIC,     1, -4.996176985413e-01, 1.797693134862e+308, 0.0000e+00, 0.0000e+00, 
 2DIAGNOSTIC,     2, -4.998106907290e-01, 1.797693134862e+308, 0.0000e+00, 0.0000e+00, 
 2DIAGNOSTIC,     3, -5.000901062052e-01, 1.797693134862e+308, 0.0000e+00, 0.0000e+00, 
 2DIAGNOSTIC,     4, -5.002466855535e-01, 1.797693134862e+308, 0.0000e+00, 0.0000e+00, 
 2DIAGNOSTIC,     5, -5.003848614990e-01, 1.797693134862e+308, 0.0000e+00, 0.0000e+00, 
 2DIAGNOSTIC,     6, -5.004130017883e-01, 1.797693134862e+308, 0.0000e+00, 0.0000e+00, 
 2DIAGNOSTIC,     7, -5.005299545830e-01, 1.797693134862e+308, 0.0000e+00, 0.0000e+00, 
 2DIAGNOSTIC,     8, -5.006464124863e-01, 1.797693134862e+308, 0.0000e+00, 0.0000e+00, 
 2DIAGNOSTIC,     9, -5.006486995327e-01, 1.797693134862e+308, 0.0000e+00, 0.0000e+00, 
 2DIAGNOSTIC,    10, -5.006483297426e-01, 1.332507360351e-04, 0.0000e+00, 0.0000e+00, 
 2DIAGNOSTIC,    11, -5.006483983914e-01, 9.318576313133e-05, 0.0000e+00, 0.0000e+00, 
 2DIAGNOSTIC,    12, -5.006483022182e-01, 6.053368889546e-05, 0.0000e+00, 0.0000e+00, 
 2DIAGNOSTIC,    13, -5.006483523165e-01, 3.968072691674e-05, 0.0000e+00, 0.0000e+00, 
 2DIAGNOSTIC,    14, -5.006483629763e-01, 2.468812645956e-05, 0.0000e+00, 0.0000e+00, 
 2DIAGNOSTIC,    15, -5.006483635038e-01, 1.497353367855e-05, 0.0000e+00, 0.0000e+00, 
 2DIAGNOSTIC,    16, -5.006483525993e-01, 6.224007796110e-06, 0.0000e+00, 0.0000e+00, 
 2DIAGNOSTIC,    17, -5.006483525548e-01, 1.908795367662e-06, 0.0000e+00, 0.0000e+00, 
 2DIAGNOSTIC,    18, -5.006483522116e-01, 1.740188420245e-06, 0.0000e+00, 0.0000e+00, 
 2DIAGNOSTIC,    19, -5.006483526249e-01, 1.658947016481e-06, 0.0000e+00, 0.0000e+00, 
 2DIAGNOSTIC,    20, -5.006483568374e-01, 1.575335687440e-06, 0.0000e+00, 0.0000e+00, 
 2DIAGNOSTIC,    21, -5.006483583025e-01, 1.501694484540e-06, 0.0000e+00, 0.0000e+00, 
 2DIAGNOSTIC,    22, -5.006483592343e-01, 1.432139741027e-06, 0.0000e+00, 0.0000e+00, 
 2DIAGNOSTIC,    23, -5.006483607267e-01, 1.369903152748e-06, 0.0000e+00, 0.0000e+00, 
 2DIAGNOSTIC,    24, -5.006483564905e-01, 1.313002033952e-06, 0.0000e+00, 0.0000e+00, 
 2DIAGNOSTIC,    25, -5.006483567101e-01, 1.260661446699e-06, 0.0000e+00, 0.0000e+00, 
 2DIAGNOSTIC,    26, -5.006483569960e-01, 1.212078610806e-06, 0.0000e+00, 0.0000e+00, 
 2DIAGNOSTIC,    27, -5.006483582215e-01, 1.167093027415e-06, 0.0000e+00, 0.0000e+00, 
 2DIAGNOSTIC,    28, -5.006483524239e-01, 1.125179281108e-06, 0.0000e+00, 0.0000e+00, 
 2DIAGNOSTIC,    29, -5.006483521193e-01, 1.086165553721e-06, 0.0000e+00, 0.0000e+00, 
 2DIAGNOSTIC,    30, -5.006483527626e-01, 1.049867269481e-06, 0.0000e+00, 0.0000e+00, 
 2DIAGNOSTIC,    31, -5.006483527403e-01, 1.015963983990e-06, 0.0000e+00, 0.0000e+00, 
  Elapsed time (stage 0): 0.0000e+00


Total elapsed time: 0.0000e+00
Info [verificarlo]: loaded backend libinterflop_vprec.so
Info [interflop-vprec]: load backend with: 
Info [interflop-vprec]: precision-binary32 = 18
Info [interflop-vprec]: range-binary32 = 7
Info [interflop-vprec]: precision-binary64 = 18
Info [interflop-vprec]: range-binary64 = 7
Info [interflop-vprec]: mode = ob
Info [interflop-vprec]: error-mode = rel
Info [interflop-vprec]: max-abs-error-exponent = -1022
Info [interflop-vprec]: daz = false
Info [interflop-vprec]: ftz = false
Info [interflop-vprec]: 	instrument = none
Info [interflop-vprec]: 	prec-input-file = (null)
Info [interflop-vprec]: 	prec-output-file = (null)
Info [interflop-vprec]: 	prec-log-file = (null)
All_Command_lines_OK
Using double precision for computations.
=============================================================================
The composite transform comprises the following transforms (in order): 
  1. /home/mdugre/scratch/mri-registration-rp/datasets/ds004513/derivatives/mri-registration-rp/0111/antsRegistration-r7-p18/sub-s032/affine_Composite.h5[0] (type = Euler3DTransform)
  2. /home/mdugre/scratch/mri-registration-rp/datasets/ds004513/derivatives/mri-registration-rp/0111/antsRegistration-r7-p18/sub-s032/affine_Composite.h5[1] (type = Euler3DTransform)
  3. /home/mdugre/scratch/mri-registration-rp/datasets/ds004513/derivatives/mri-registration-rp/0111/antsRegistration-r7-p18/sub-s032/affine_Composite.h5[2] (type = Euler3DTransform)
  4. /home/mdugre/scratch/mri-registration-rp/datasets/ds004513/derivatives/mri-registration-rp/0111/antsRegistration-r7-p18/sub-s032/affine_Composite.h5[3] (type = AffineTransform)
=============================================================================
  number of levels = 4
  fixed image: /templateflow/tpl-MNI152NLin2009cAsym/tpl-MNI152NLin2009cAsym_res-01_desc-brain_T1w.nii.gz
  moving image: /home/mdugre/scratch/mri-registration-rp/datasets/ds004513/derivatives/mri-registration-rp/antsBrainExtraction/sub-s032/BrainExtractionBrain.nii.gz
Dimension = 3
Number of stages = 1
Use histogram matching = false
Winsorize image intensities = true
  Lower quantile = 0.005
  Upper quantile = 0.995


Stage 1 State
   Image metric = CC
     Fixed image = Image (0x3a9b6f0)
  RTTI typeinfo:   itk::Image<double, 3u>
  Reference Count: 2
  Modified Time: 1606
  Debug: Off
  Object Name: 
  Observers: 
    none
  Source: (none)
  Source output name: (none)
  Release Data: Off
  Data Released: False
  Global Release Data: Off
  PipelineMTime: 0
  UpdateMTime: 1217
  RealTimeStamp: 0 seconds 
  LargestPossibleRegion: 
    Dimension: 3
    Index: [0, 0, 0]
    Size: [193, 229, 193]
  BufferedRegion: 
    Dimension: 3
    Index: [0, 0, 0]
    Size: [193, 229, 193]
  RequestedRegion: 
    Dimension: 3
    Index: [0, 0, 0]
    Size: [193, 229, 193]
  Spacing: [1, 1, 1]
  Origin: [96, 132, -78]
  Direction: 
-1 0 0
0 -1 0
0 0 1

  IndexToPointMatrix: 
-1 0 0
0 -1 0
0 0 1

  PointToIndexMatrix: 
-1 0 0
0 -1 0
0 0 1

  Inverse Direction: 
-1 0 0
0 -1 0
0 0 1

  PixelContainer: 
    ImportImageContainer (0x3b69860)
      RTTI typeinfo:   itk::ImportImageContainer<unsigned long, double>
      Reference Count: 1
      Modified Time: 1214
      Debug: Off
      Object Name: 
      Observers: 
        none
      Pointer: 0x145e1b8ff010
      Container manages memory: true
      Size: 8530021
      Capacity: 8530021

     Moving image = Image (0x3b56ec0)
  RTTI typeinfo:   itk::Image<double, 3u>
  Reference Count: 2
  Modified Time: 1607
  Debug: Off
  Object Name: 
  Observers: 
    none
  Source: (none)
  Source output name: (none)
  Release Data: Off
  Data Released: False
  Global Release Data: Off
  PipelineMTime: 0
  UpdateMTime: 1604
  RealTimeStamp: 0 seconds 
  LargestPossibleRegion: 
    Dimension: 3
    Index: [0, 0, 0]
    Size: [160, 240, 256]
  BufferedRegion: 
    Dimension: 3
    Index: [0, 0, 0]
    Size: [160, 240, 256]
  RequestedRegion: 
    Dimension: 3
    Index: [0, 0, 0]
    Size: [160, 240, 256]
  Spacing: [1, 1, 1]
  Origin: [73.2791, 104.708, -131.187]
  Direction: 
-0.997526 0.0645573 -0.0278053
-0.0645323 -0.997913 -0.00179875
-0.0278634 4.01097e-08 0.999611

  IndexToPointMatrix: 
-0.997526 0.0645573 -0.0278053
-0.0645323 -0.997913 -0.00179875
-0.0278634 4.01097e-08 0.999611

  PointToIndexMatrix: 
-0.997528 -0.0645323 -0.0278634
0.0645576 -0.997919 3.7253e-08
-0.0278054 -0.00179876 0.999617

  Inverse Direction: 
-0.997528 -0.0645323 -0.0278634
0.0645576 -0.997919 3.7253e-08
-0.0278054 -0.00179876 0.999617

  PixelContainer: 
    ImportImageContainer (0x3ac4af0)
      RTTI typeinfo:   itk::ImportImageContainer<unsigned long, double>
      Reference Count: 1
      Modified Time: 1601
      Debug: Off
      Object Name: 
      Observers: 
        none
      Pointer: 0x145e16dfe010
      Container manages memory: true
      Size: 9830400
      Capacity: 9830400

     Weighting = 1
     Sampling strategy = none
     Number of bins = 32
     Radius = 4
     Sampling percentage  = 1
   Transform = SyN
     Gradient step = 0.1
     Update field sigma (voxel space) = 3
     Total field sigma (voxel space) = 0
     Update field time sigma = 0
     Total field time sigma  = 0
     Number of time indices = 0
     Number of time point samples = 0
Registration using 1 total stages.

Stage 0
  iterations = 100x70x50x20
  convergence threshold = 1e-06
  convergence window size = 10
  number of levels = 4
  using the CC metric (radius = 4, weight = 1, use gradient filter = 0)
  preprocessing:  winsorizing the image intensities
  Shrink factors (level 1 out of 4): [8, 8, 8]
  Shrink factors (level 2 out of 4): [4, 4, 4]
  Shrink factors (level 3 out of 4): [2, 2, 2]
  Shrink factors (level 4 out of 4): [1, 1, 1]
  smoothing sigmas per level: [3, 2, 1, 0]
  Using default NONE metricSamplingStrategy 

*** Running SyN registration (varianceForUpdateField = 3, varianceForTotalField = 0) ***

XXDIAGNOSTIC,Iteration,metricValue,convergenceValue,ITERATION_TIME_INDEX,SINCE_LAST
 1DIAGNOSTIC,     1, -8.270225524902e-01, 1.797693134862e+308, 0.0000e+00, 0.0000e+00, 
 1DIAGNOSTIC,     2, -8.420352935791e-01, 1.797693134862e+308, 0.0000e+00, 0.0000e+00, 
 1DIAGNOSTIC,     3, -8.578414916992e-01, 1.797693134862e+308, 0.0000e+00, 0.0000e+00, 
 1DIAGNOSTIC,     4, -8.717041015625e-01, 1.797693134862e+308, 0.0000e+00, 0.0000e+00, 
 1DIAGNOSTIC,     5, -8.835067749023e-01, 1.797693134862e+308, 0.0000e+00, 0.0000e+00, 
 1DIAGNOSTIC,     6, -8.907928466797e-01, 1.797693134862e+308, 0.0000e+00, 0.0000e+00, 
 1DIAGNOSTIC,     7, -8.968334197998e-01, 1.797693134862e+308, 0.0000e+00, 0.0000e+00, 
 1DIAGNOSTIC,     8, -9.010334014893e-01, 1.797693134862e+308, 0.0000e+00, 0.0000e+00, 
 1DIAGNOSTIC,     9, -9.043045043945e-01, 1.797693134862e+308, 0.0000e+00, 0.0000e+00, 
 1DIAGNOSTIC,    10, -9.068889617920e-01, 5.748421997953e-03, 0.0000e+00, 0.0000e+00, 
 1DIAGNOSTIC,    11, -9.090518951416e-01, 4.165419912485e-03, 0.0000e+00, 0.0000e+00, 
 1DIAGNOSTIC,    12, -9.108524322510e-01, 2.926200201449e-03, 0.0000e+00, 0.0000e+00, 
 1DIAGNOSTIC,    13, -9.124126434326e-01, 2.042599407705e-03, 0.0000e+00, 0.0000e+00, 
 1DIAGNOSTIC,    14, -9.138717651367e-01, 1.449059455185e-03, 0.0000e+00, 0.0000e+00, 
 1DIAGNOSTIC,    15, -9.150524139404e-01, 1.078813457919e-03, 0.0000e+00, 0.0000e+00, 
 1DIAGNOSTIC,    16, -9.161624908447e-01, 8.225789624688e-04, 0.0000e+00, 0.0000e+00, 
 1DIAGNOSTIC,    17, -9.171180725098e-01, 6.514072189973e-04, 0.0000e+00, 0.0000e+00, 
 1DIAGNOSTIC,    18, -9.178752899170e-01, 5.262799161534e-04, 0.0000e+00, 0.0000e+00, 
 1DIAGNOSTIC,    19, -9.183387756348e-01, 4.277364521401e-04, 0.0000e+00, 0.0000e+00, 
 1DIAGNOSTIC,    20, -9.189624786377e-01, 3.500622212037e-04, 0.0000e+00, 0.0000e+00, 
 1DIAGNOSTIC,    21, -9.193420410156e-01, 2.853280319878e-04, 0.0000e+00, 0.0000e+00, 
 1DIAGNOSTIC,    22, -9.198131561279e-01, 2.324107204151e-04, 0.0000e+00, 0.0000e+00, 
 1DIAGNOSTIC,    23, -9.202327728271e-01, 1.894418025796e-04, 0.0000e+00, 0.0000e+00, 
 1DIAGNOSTIC,    24, -9.206161499023e-01, 1.565125548077e-04, 0.0000e+00, 0.0000e+00, 
 1DIAGNOSTIC,    25, -9.209747314453e-01, 1.308780866234e-04, 0.0000e+00, 0.0000e+00, 
 1DIAGNOSTIC,    26, -9.213352203369e-01, 1.126541895354e-04, 0.0000e+00, 0.0000e+00, 
 1DIAGNOSTIC,    27, -9.217128753662e-01, 1.006709011954e-04, 0.0000e+00, 0.0000e+00, 
 1DIAGNOSTIC,    28, -9.221115112305e-01, 9.305094264943e-05, 0.0000e+00, 0.0000e+00, 
 1DIAGNOSTIC,    29, -9.225292205811e-01, 8.667027762256e-05, 0.0000e+00, 0.0000e+00, 
 1DIAGNOSTIC,    30, -9.229793548584e-01, 8.379511113647e-05, 0.0000e+00, 0.0000e+00, 
 1DIAGNOSTIC,    31, -9.233703613281e-01, 8.095971196844e-05, 0.0000e+00, 0.0000e+00, 
 1DIAGNOSTIC,    32, -9.239406585693e-01, 8.084854698287e-05, 0.0000e+00, 0.0000e+00, 
 1DIAGNOSTIC,    33, -9.243316650391e-01, 8.073535522501e-05, 0.0000e+00, 0.0000e+00, 
 1DIAGNOSTIC,    34, -9.249649047852e-01, 8.235452117009e-05, 0.0000e+00, 0.0000e+00, 
 1DIAGNOSTIC,    35, -9.255466461182e-01, 8.443422493196e-05, 0.0000e+00, 0.0000e+00, 
 1DIAGNOSTIC,    36, -9.261150360107e-01, 8.642523466269e-05, 0.0000e+00, 0.0000e+00, 
 1DIAGNOSTIC,    37, -9.266281127930e-01, 8.761031969262e-05, 0.0000e+00, 0.0000e+00, 
 1DIAGNOSTIC,    38, -9.270896911621e-01, 8.747122083728e-05, 0.0000e+00, 0.0000e+00, 
 1DIAGNOSTIC,    39, -9.275131225586e-01, 8.573759577812e-05, 0.0000e+00, 0.0000e+00, 
 1DIAGNOSTIC,    40, -9.279003143311e-01, 8.245296767778e-05, 0.0000e+00, 0.0000e+00, 
 1DIAGNOSTIC,    41, -9.282627105713e-01, 7.717631008323e-05, 0.0000e+00, 0.0000e+00, 
 1DIAGNOSTIC,    42, -9.286003112793e-01, 7.156831429318e-05, 0.0000e+00, 0.0000e+00, 
 1DIAGNOSTIC,    43, -9.289150238037e-01, 6.449412546700e-05, 0.0000e+00, 0.0000e+00, 
 1DIAGNOSTIC,    44, -9.292545318604e-01, 5.847090205173e-05, 0.0000e+00, 0.0000e+00, 
 1DIAGNOSTIC,    45, -9.295349121094e-01, 5.308299115739e-05, 0.0000e+00, 0.0000e+00, 
 1DIAGNOSTIC,    46, -9.297981262207e-01, 4.848805551998e-05, 0.0000e+00, 0.0000e+00, 
 1DIAGNOSTIC,    47, -9.300498962402e-01, 4.452763171268e-05, 0.0000e+00, 0.0000e+00, 
 1DIAGNOSTIC,    48, -9.302883148193e-01, 4.101818929807e-05, 0.0000e+00, 0.0000e+00, 
 1DIAGNOSTIC,    49, -9.305438995361e-01, 3.804530520902e-05, 0.0000e+00, 0.0000e+00, 
 1DIAGNOSTIC,    50, -9.307632446289e-01, 3.532974102999e-05, 0.0000e+00, 0.0000e+00, 
 1DIAGNOSTIC,    51, -9.309711456299e-01, 3.283604579333e-05, 0.0000e+00, 0.0000e+00, 
 1DIAGNOSTIC,    52, -9.311714172363e-01, 3.053177741640e-05, 0.0000e+00, 0.0000e+00, 
 1DIAGNOSTIC,    53, -9.313640594482e-01, 2.837480085661e-05, 0.0000e+00, 0.0000e+00, 
 1DIAGNOSTIC,    54, -9.315509796143e-01, 2.662379632044e-05, 0.0000e+00, 0.0000e+00, 
 1DIAGNOSTIC,    55, -9.316692352295e-01, 2.465557564567e-05, 0.0000e+00, 0.0000e+00, 
 1DIAGNOSTIC,    56, -9.318485260010e-01, 2.288105793881e-05, 0.0000e+00, 0.0000e+00, 
 1DIAGNOSTIC,    57, -9.320163726807e-01, 2.127934646461e-05, 0.0000e+00, 0.0000e+00, 
 1DIAGNOSTIC,    58, -9.321861267090e-01, 1.988954083183e-05, 0.0000e+00, 0.0000e+00, 
 1DIAGNOSTIC,    59, -9.323520660400e-01, 1.887891313464e-05, 0.0000e+00, 0.0000e+00, 
 1DIAGNOSTIC,    60, -9.325733184814e-01, 1.839611720684e-05, 0.0000e+00, 0.0000e+00, 
 1DIAGNOSTIC,    61, -9.327030181885e-01, 1.789562030162e-05, 0.0000e+00, 0.0000e+00, 
 1DIAGNOSTIC,    62, -9.328536987305e-01, 1.747468821981e-05, 0.0000e+00, 0.0000e+00, 
 1DIAGNOSTIC,    63, -9.329986572266e-01, 1.707392784111e-05, 0.0000e+00, 0.0000e+00, 
 1DIAGNOSTIC,    64, -9.331398010254e-01, 1.666393243186e-05, 0.0000e+00, 0.0000e+00, 
 1DIAGNOSTIC,    65, -9.332771301270e-01, 1.590358757309e-05, 0.0000e+00, 0.0000e+00, 
 1DIAGNOSTIC,    66, -9.334106445312e-01, 1.513263148404e-05, 0.0000e+00, 0.0000e+00, 
 1DIAGNOSTIC,    67, -9.335422515869e-01, 1.434434140117e-05, 0.0000e+00, 0.0000e+00, 
 1DIAGNOSTIC,    68, -9.336757659912e-01, 1.360733670705e-05, 0.0000e+00, 0.0000e+00, 
 1DIAGNOSTIC,    69, -9.338054656982e-01, 1.292484011933e-05, 0.0000e+00, 0.0000e+00, 
 1DIAGNOSTIC,    70, -9.339332580566e-01, 1.259000554835e-05, 0.0000e+00, 0.0000e+00, 
 1DIAGNOSTIC,    71, -9.340629577637e-01, 1.220919215815e-05, 0.0000e+00, 0.0000e+00, 
 1DIAGNOSTIC,    72, -9.341907501221e-01, 1.188538245098e-05, 0.0000e+00, 0.0000e+00, 
 1DIAGNOSTIC,    73, -9.343166351318e-01, 1.159868992531e-05, 0.0000e+00, 0.0000e+00, 
 1DIAGNOSTIC,    74, -9.344463348389e-01, 1.135996173387e-05, 0.0000e+00, 0.0000e+00, 
 1DIAGNOSTIC,    75, -9.345798492432e-01, 1.117490431513e-05, 0.0000e+00, 0.0000e+00, 
 1DIAGNOSTIC,    76, -9.347133636475e-01, 1.102849705746e-05, 0.0000e+00, 0.0000e+00, 
 1DIAGNOSTIC,    77, -9.348506927490e-01, 1.092661653927e-05, 0.0000e+00, 0.0000e+00, 
 1DIAGNOSTIC,    78, -9.349918365479e-01, 1.088634454821e-05, 0.0000e+00, 0.0000e+00, 
 1DIAGNOSTIC,    79, -9.351329803467e-01, 1.088022116391e-05, 0.0000e+00, 0.0000e+00, 
 1DIAGNOSTIC,    80, -9.352645874023e-01, 1.084959284034e-05, 0.0000e+00, 0.0000e+00, 
 1DIAGNOSTIC,    81, -9.354133605957e-01, 1.085916318614e-05, 0.0000e+00, 0.0000e+00, 
 1DIAGNOSTIC,    82, -9.355640411377e-01, 1.089142126180e-05, 0.0000e+00, 0.0000e+00, 
 1DIAGNOSTIC,    83, -9.357280731201e-01, 1.097140595885e-05, 0.0000e+00, 0.0000e+00, 
 1DIAGNOSTIC,    84, -9.359035491943e-01, 1.113240569890e-05, 0.0000e+00, 0.0000e+00, 
 1DIAGNOSTIC,    85, -9.360866546631e-01, 1.138489636082e-05, 0.0000e+00, 0.0000e+00, 
 1DIAGNOSTIC,    86, -9.362621307373e-01, 1.166037688883e-05, 0.0000e+00, 0.0000e+00, 
 1DIAGNOSTIC,    87, -9.364376068115e-01, 1.193223302521e-05, 0.0000e+00, 0.0000e+00, 
 1DIAGNOSTIC,    88, -9.365978240967e-01, 1.212082083696e-05, 0.0000e+00, 0.0000e+00, 
 1DIAGNOSTIC,    89, -9.367656707764e-01, 1.222575868942e-05, 0.0000e+00, 0.0000e+00, 
 1DIAGNOSTIC,    90, -9.369220733643e-01, 1.215184514897e-05, 0.0000e+00, 0.0000e+00, 
 1DIAGNOSTIC,    91, -9.370803833008e-01, 1.196532676420e-05, 0.0000e+00, 0.0000e+00, 
 1DIAGNOSTIC,    92, -9.372291564941e-01, 1.164899512469e-05, 0.0000e+00, 0.0000e+00, 
 1DIAGNOSTIC,    93, -9.373531341553e-01, 1.118699023191e-05, 0.0000e+00, 0.0000e+00, 
 1DIAGNOSTIC,    94, -9.374141693115e-01, 1.044877900600e-05, 0.0000e+00, 0.0000e+00, 
 1DIAGNOSTIC,    95, -9.374389648438e-01, 9.415072868188e-06, 0.0000e+00, 0.0000e+00, 
 1DIAGNOSTIC,    96, -9.374427795410e-01, 8.092353018541e-06, 0.0000e+00, 0.0000e+00, 
 1DIAGNOSTIC,    97, -9.374370574951e-01, 6.576979841386e-06, 0.0000e+00, 0.0000e+00, 
 1DIAGNOSTIC,    98, -9.374198913574e-01, 4.928984597896e-06, 0.0000e+00, 0.0000e+00, 
 1DIAGNOSTIC,    99, -9.374103546143e-01, 3.357013467712e-06, 0.0000e+00, 0.0000e+00, 
 1DIAGNOSTIC,   100, -9.374008178711e-01, 1.970388997375e-06, 0.0000e+00, 0.0000e+00, 
XXDIAGNOSTIC,Iteration,metricValue,convergenceValue,ITERATION_TIME_INDEX,SINCE_LAST
 1DIAGNOSTIC,     1, -8.535175323486e-01, 1.797693134862e+308, 0.0000e+00, 0.0000e+00, 
 1DIAGNOSTIC,     2, -8.571720123291e-01, 1.797693134862e+308, 0.0000e+00, 0.0000e+00, 
 1DIAGNOSTIC,     3, -8.606853485107e-01, 1.797693134862e+308, 0.0000e+00, 0.0000e+00, 
 1DIAGNOSTIC,     4, -8.636283874512e-01, 1.797693134862e+308, 0.0000e+00, 0.0000e+00, 
 1DIAGNOSTIC,     5, -8.660831451416e-01, 1.797693134862e+308, 0.0000e+00, 0.0000e+00, 
 1DIAGNOSTIC,     6, -8.681068420410e-01, 1.797693134862e+308, 0.0000e+00, 0.0000e+00, 
 1DIAGNOSTIC,     7, -8.698101043701e-01, 1.797693134862e+308, 0.0000e+00, 0.0000e+00, 
 1DIAGNOSTIC,     8, -8.712730407715e-01, 1.797693134862e+308, 0.0000e+00, 0.0000e+00, 
 1DIAGNOSTIC,     9, -8.725299835205e-01, 1.797693134862e+308, 0.0000e+00, 0.0000e+00, 
 1DIAGNOSTIC,    10, -8.736114501953e-01, 1.453180702504e-03, 0.0000e+00, 0.0000e+00, 
 1DIAGNOSTIC,    11, -8.745517730713e-01, 1.124871005278e-03, 0.0000e+00, 0.0000e+00, 
 1DIAGNOSTIC,    12, -8.751659393311e-01, 8.661129770521e-04, 0.0000e+00, 0.0000e+00, 
 1DIAGNOSTIC,    13, -8.757247924805e-01, 6.709866425106e-04, 0.0000e+00, 0.0000e+00, 
 1DIAGNOSTIC,    14, -8.762207031250e-01, 5.226708157103e-04, 0.0000e+00, 0.0000e+00, 
 1DIAGNOSTIC,    15, -8.766689300537e-01, 4.092794036618e-04, 0.0000e+00, 0.0000e+00, 
 1DIAGNOSTIC,    16, -8.770790100098e-01, 3.219478944936e-04, 0.0000e+00, 0.0000e+00, 
 1DIAGNOSTIC,    17, -8.774490356445e-01, 2.549214612846e-04, 0.0000e+00, 0.0000e+00, 
 1DIAGNOSTIC,    18, -8.777847290039e-01, 2.043053483707e-04, 0.0000e+00, 0.0000e+00, 
 1DIAGNOSTIC,    19, -8.780879974365e-01, 1.667496266217e-04, 0.0000e+00, 0.0000e+00, 
 1DIAGNOSTIC,    20, -8.783664703369e-01, 1.395005336539e-04, 0.0000e+00, 0.0000e+00, 
 1DIAGNOSTIC,    21, -8.786296844482e-01, 1.205317748349e-04, 0.0000e+00, 0.0000e+00, 
 1DIAGNOSTIC,    22, -8.788795471191e-01, 1.048301435670e-04, 0.0000e+00, 0.0000e+00, 
 1DIAGNOSTIC,    23, -8.791122436523e-01, 9.190983070873e-05, 0.0000e+00, 0.0000e+00, 
 1DIAGNOSTIC,    24, -8.793258666992e-01, 8.110311298046e-05, 0.0000e+00, 0.0000e+00, 
 1DIAGNOSTIC,    25, -8.795337677002e-01, 7.212133418128e-05, 0.0000e+00, 0.0000e+00, 
 1DIAGNOSTIC,    26, -8.797435760498e-01, 6.483924784666e-05, 0.0000e+00, 0.0000e+00, 
 1DIAGNOSTIC,    27, -8.799514770508e-01, 5.898477206556e-05, 0.0000e+00, 0.0000e+00, 
 1DIAGNOSTIC,    28, -8.801136016846e-01, 5.380617989499e-05, 0.0000e+00, 0.0000e+00, 
 1DIAGNOSTIC,    29, -8.802604675293e-01, 4.900973566842e-05, 0.0000e+00, 0.0000e+00, 
 1DIAGNOSTIC,    30, -8.803977966309e-01, 4.446176254402e-05, 0.0000e+00, 0.0000e+00, 
 1DIAGNOSTIC,    31, -8.805179595947e-01, 4.006443063548e-05, 0.0000e+00, 0.0000e+00, 
 1DIAGNOSTIC,    32, -8.806629180908e-01, 3.620453510689e-05, 0.0000e+00, 0.0000e+00, 
 1DIAGNOSTIC,    33, -8.808097839355e-01, 3.293184649035e-05, 0.0000e+00, 0.0000e+00, 
 1DIAGNOSTIC,    34, -8.809566497803e-01, 3.022335528177e-05, 0.0000e+00, 0.0000e+00, 
 1DIAGNOSTIC,    35, -8.810958862305e-01, 2.807010311652e-05, 0.0000e+00, 0.0000e+00, 
 1DIAGNOSTIC,    36, -8.812255859375e-01, 2.647639210643e-05, 0.0000e+00, 0.0000e+00, 
 1DIAGNOSTIC,    37, -8.813438415527e-01, 2.536332389607e-05, 0.0000e+00, 0.0000e+00, 
 1DIAGNOSTIC,    38, -8.814582824707e-01, 2.430648590939e-05, 0.0000e+00, 0.0000e+00, 
 1DIAGNOSTIC,    39, -8.815574645996e-01, 2.308680945913e-05, 0.0000e+00, 0.0000e+00, 
 1DIAGNOSTIC,    40, -8.816585540771e-01, 2.172083881102e-05, 0.0000e+00, 0.0000e+00, 
 1DIAGNOSTIC,    41, -8.817501068115e-01, 2.007696100349e-05, 0.0000e+00, 0.0000e+00, 
 1DIAGNOSTIC,    42, -8.818359375000e-01, 1.842939551170e-05, 0.0000e+00, 0.0000e+00, 
 1DIAGNOSTIC,    43, -8.819141387939e-01, 1.684666044444e-05, 0.0000e+00, 0.0000e+00, 
 1DIAGNOSTIC,    44, -8.819828033447e-01, 1.536537214300e-05, 0.0000e+00, 0.0000e+00, 
 1DIAGNOSTIC,    45, -8.820514678955e-01, 1.403016239209e-05, 0.0000e+00, 0.0000e+00, 
 1DIAGNOSTIC,    46, -8.821125030518e-01, 1.280512051534e-05, 0.0000e+00, 0.0000e+00, 
 1DIAGNOSTIC,    47, -8.821754455566e-01, 1.170652693034e-05, 0.0000e+00, 0.0000e+00, 
 1DIAGNOSTIC,    48, -8.822288513184e-01, 1.071756387775e-05, 0.0000e+00, 0.0000e+00, 
 1DIAGNOSTIC,    49, -8.822860717773e-01, 9.827676021760e-06, 0.0000e+00, 0.0000e+00, 
 1DIAGNOSTIC,    50, -8.823394775391e-01, 9.082419168322e-06, 0.0000e+00, 0.0000e+00, 
 1DIAGNOSTIC,    51, -8.823909759521e-01, 8.453271780812e-06, 0.0000e+00, 0.0000e+00, 
 1DIAGNOSTIC,    52, -8.824462890625e-01, 7.966071018106e-06, 0.0000e+00, 0.0000e+00, 
 1DIAGNOSTIC,    53, -8.824901580811e-01, 7.527798725312e-06, 0.0000e+00, 0.0000e+00, 
 1DIAGNOSTIC,    54, -8.825359344482e-01, 7.119121514954e-06, 0.0000e+00, 0.0000e+00, 
 1DIAGNOSTIC,    55, -8.825817108154e-01, 6.764277526616e-06, 0.0000e+00, 0.0000e+00, 
 1DIAGNOSTIC,    56, -8.826217651367e-01, 6.403361220444e-06, 0.0000e+00, 0.0000e+00, 
 1DIAGNOSTIC,    57, -8.826580047607e-01, 6.051358989845e-06, 0.0000e+00, 0.0000e+00, 
 1DIAGNOSTIC,    58, -8.826961517334e-01, 5.688334718066e-06, 0.0000e+00, 0.0000e+00, 
 1DIAGNOSTIC,    59, -8.827323913574e-01, 5.349950481050e-06, 0.0000e+00, 0.0000e+00, 
 1DIAGNOSTIC,    60, -8.827686309814e-01, 5.037306285455e-06, 0.0000e+00, 0.0000e+00, 
 1DIAGNOSTIC,    61, -8.828048706055e-01, 4.759946864344e-06, 0.0000e+00, 0.0000e+00, 
 1DIAGNOSTIC,    62, -8.828296661377e-01, 4.497116135326e-06, 0.0000e+00, 0.0000e+00, 
 1DIAGNOSTIC,    63, -8.828601837158e-01, 4.237459969119e-06, 0.0000e+00, 0.0000e+00, 
 1DIAGNOSTIC,    64, -8.828849792480e-01, 3.977572870354e-06, 0.0000e+00, 0.0000e+00, 
 1DIAGNOSTIC,    65, -8.829135894775e-01, 3.756082157559e-06, 0.0000e+00, 0.0000e+00, 
 1DIAGNOSTIC,    66, -8.829441070557e-01, 3.568236496651e-06, 0.0000e+00, 0.0000e+00, 
 1DIAGNOSTIC,    67, -8.829669952393e-01, 3.369812126092e-06, 0.0000e+00, 0.0000e+00, 
 1DIAGNOSTIC,    68, -8.829879760742e-01, 3.176795172952e-06, 0.0000e+00, 0.0000e+00, 
 1DIAGNOSTIC,    69, -8.830127716064e-01, 3.011075439794e-06, 0.0000e+00, 0.0000e+00, 
 1DIAGNOSTIC,    70, -8.830337524414e-01, 2.863746490238e-06, 0.0000e+00, 0.0000e+00, 
XXDIAGNOSTIC,Iteration,metricValue,convergenceValue,ITERATION_TIME_INDEX,SINCE_LAST
 1DIAGNOSTIC,     1, -8.332843780518e-01, 1.797693134862e+308, 0.0000e+00, 0.0000e+00, 
 1DIAGNOSTIC,     2, -8.353862762451e-01, 1.797693134862e+308, 0.0000e+00, 0.0000e+00, 
 1DIAGNOSTIC,     3, -8.378009796143e-01, 1.797693134862e+308, 0.0000e+00, 0.0000e+00, 
 1DIAGNOSTIC,     4, -8.401851654053e-01, 1.797693134862e+308, 0.0000e+00, 0.0000e+00, 
 1DIAGNOSTIC,     5, -8.425025939941e-01, 1.797693134862e+308, 0.0000e+00, 0.0000e+00, 
 1DIAGNOSTIC,     6, -8.445529937744e-01, 1.797693134862e+308, 0.0000e+00, 0.0000e+00, 
 1DIAGNOSTIC,     7, -8.462753295898e-01, 1.797693134862e+308, 0.0000e+00, 0.0000e+00, 
 1DIAGNOSTIC,     8, -8.478164672852e-01, 1.797693134862e+308, 0.0000e+00, 0.0000e+00, 
 1DIAGNOSTIC,     9, -8.492012023926e-01, 1.797693134862e+308, 0.0000e+00, 0.0000e+00, 
 1DIAGNOSTIC,    10, -8.504543304443e-01, 1.333663911061e-03, 0.0000e+00, 0.0000e+00, 
 1DIAGNOSTIC,    11, -8.515949249268e-01, 1.116492871696e-03, 0.0000e+00, 0.0000e+00, 
 1DIAGNOSTIC,    12, -8.526325225830e-01, 9.229148438072e-04, 0.0000e+00, 0.0000e+00, 
 1DIAGNOSTIC,    13, -8.535861968994e-01, 7.624070364716e-04, 0.0000e+00, 0.0000e+00, 
 1DIAGNOSTIC,    14, -8.544673919678e-01, 6.333617155303e-04, 0.0000e+00, 0.0000e+00, 
 1DIAGNOSTIC,    15, -8.554439544678e-01, 5.369174248385e-04, 0.0000e+00, 0.0000e+00, 
 1DIAGNOSTIC,    16, -8.561973571777e-01, 4.616276937058e-04, 0.0000e+00, 0.0000e+00, 
 1DIAGNOSTIC,    17, -8.569087982178e-01, 4.004382177477e-04, 0.0000e+00, 0.0000e+00, 
 1DIAGNOSTIC,    18, -8.575859069824e-01, 3.501455823186e-04, 0.0000e+00, 0.0000e+00, 
 1DIAGNOSTIC,    19, -8.582229614258e-01, 3.081078797926e-04, 0.0000e+00, 0.0000e+00, 
 1DIAGNOSTIC,    20, -8.588294982910e-01, 2.725418896275e-04, 0.0000e+00, 0.0000e+00, 
 1DIAGNOSTIC,    21, -8.594074249268e-01, 2.421957713708e-04, 0.0000e+00, 0.0000e+00, 
 1DIAGNOSTIC,    22, -8.599643707275e-01, 2.161452090382e-04, 0.0000e+00, 0.0000e+00, 
 1DIAGNOSTIC,    23, -8.605003356934e-01, 1.937002510641e-04, 0.0000e+00, 0.0000e+00, 
 1DIAGNOSTIC,    24, -8.610191345215e-01, 1.742979375620e-04, 0.0000e+00, 0.0000e+00, 
 1DIAGNOSTIC,    25, -8.615169525146e-01, 1.596987025639e-04, 0.0000e+00, 0.0000e+00, 
 1DIAGNOSTIC,    26, -8.620014190674e-01, 1.470284465396e-04, 0.0000e+00, 0.0000e+00, 
 1DIAGNOSTIC,    27, -8.624725341797e-01, 1.360006745849e-04, 0.0000e+00, 0.0000e+00, 
 1DIAGNOSTIC,    28, -8.629341125488e-01, 1.264442047074e-04, 0.0000e+00, 0.0000e+00, 
 1DIAGNOSTIC,    29, -8.633899688721e-01, 1.181238712660e-04, 0.0000e+00, 0.0000e+00, 
 1DIAGNOSTIC,    30, -8.638362884521e-01, 1.108455595859e-04, 0.0000e+00, 0.0000e+00, 
 1DIAGNOSTIC,    31, -8.642730712891e-01, 1.044146082675e-04, 0.0000e+00, 0.0000e+00, 
 1DIAGNOSTIC,    32, -8.647060394287e-01, 9.876384341570e-05, 4.0960e+03, 4.0960e+03, 
 1DIAGNOSTIC,    33, -8.651313781738e-01, 9.375687894416e-05, 4.0960e+03, 0.0000e+00, 
 1DIAGNOSTIC,    34, -8.655509948730e-01, 8.930420473448e-05, 4.0960e+03, 0.0000e+00, 
 1DIAGNOSTIC,    35, -8.659667968750e-01, 8.528295732157e-05, 4.0960e+03, 0.0000e+00, 
 1DIAGNOSTIC,    36, -8.663806915283e-01, 8.165549988885e-05, 4.0960e+03, 0.0000e+00, 
 1DIAGNOSTIC,    37, -8.667869567871e-01, 7.831901107255e-05, 4.0960e+03, 0.0000e+00, 
 1DIAGNOSTIC,    38, -8.671913146973e-01, 7.525687816725e-05, 4.0960e+03, 0.0000e+00, 
 1DIAGNOSTIC,    39, -8.675899505615e-01, 7.244471504917e-05, 4.0960e+03, 0.0000e+00, 
 1DIAGNOSTIC,    40, -8.679828643799e-01, 6.982056332907e-05, 4.0960e+03, 0.0000e+00, 
 1DIAGNOSTIC,    41, -8.683300018311e-01, 6.699897730015e-05, 4.0960e+03, 0.0000e+00, 
 1DIAGNOSTIC,    42, -8.686408996582e-01, 6.379367623454e-05, 4.0960e+03, 0.0000e+00, 
 1DIAGNOSTIC,    43, -8.689174652100e-01, 6.006453308709e-05, 4.0960e+03, 0.0000e+00, 
 1DIAGNOSTIC,    44, -8.691654205322e-01, 5.580115092750e-05, 4.0960e+03, 0.0000e+00, 
 1DIAGNOSTIC,    45, -8.693943023682e-01, 5.114687518159e-05, 4.0960e+03, 0.0000e+00, 
 1DIAGNOSTIC,    46, -8.696041107178e-01, 4.630647876575e-05, 4.0960e+03, 0.0000e+00, 
 1DIAGNOSTIC,    47, -8.697986602783e-01, 4.149090960683e-05, 4.0960e+03, 0.0000e+00, 
 1DIAGNOSTIC,    48, -8.699836730957e-01, 3.698574421752e-05, 4.0960e+03, 0.0000e+00, 
 1DIAGNOSTIC,    49, -8.701534271240e-01, 3.297430880833e-05, 4.0960e+03, 0.0000e+00, 
 1DIAGNOSTIC,    50, -8.703098297119e-01, 2.961750813522e-05, 4.0960e+03, 0.0000e+00, 
XXDIAGNOSTIC,Iteration,metricValue,convergenceValue,ITERATION_TIME_INDEX,SINCE_LAST
 1DIAGNOSTIC,     1, -8.403472900391e-01, 1.797693134862e+308, 4.0960e+03, 0.0000e+00, 
 1DIAGNOSTIC,     2, -8.413944244385e-01, 1.797693134862e+308, 4.0960e+03, 0.0000e+00, 
 1DIAGNOSTIC,     3, -8.426856994629e-01, 1.797693134862e+308, 4.0960e+03, 0.0000e+00, 
 1DIAGNOSTIC,     4, -8.439121246338e-01, 1.797693134862e+308, 4.0960e+03, 0.0000e+00, 
 1DIAGNOSTIC,     5, -8.450336456299e-01, 1.797693134862e+308, 4.0960e+03, 0.0000e+00, 
 1DIAGNOSTIC,     6, -8.460617065430e-01, 1.797693134862e+308, 8.1920e+03, 4.0960e+03, 
 1DIAGNOSTIC,     7, -8.470115661621e-01, 1.797693134862e+308, 8.1920e+03, 0.0000e+00, 
 1DIAGNOSTIC,     8, -8.478813171387e-01, 1.797693134862e+308, 8.1920e+03, 0.0000e+00, 
 1DIAGNOSTIC,     9, -8.487243652344e-01, 1.797693134862e+308, 8.1920e+03, 0.0000e+00, 
 1DIAGNOSTIC,    10, -8.495426177979e-01, 7.046647775444e-04, 8.1920e+03, 0.0000e+00, 
 1DIAGNOSTIC,    11, -8.503551483154e-01, 6.082560047895e-04, 8.1920e+03, 0.0000e+00, 
 1DIAGNOSTIC,    12, -8.511714935303e-01, 5.251102622212e-04, 8.1920e+03, 0.0000e+00, 
 1DIAGNOSTIC,    13, -8.518962860107e-01, 4.590214692426e-04, 1.2288e+04, 4.0960e+03, 
 1DIAGNOSTIC,    14, -8.525238037109e-01, 4.048500537497e-04, 1.2288e+04, 0.0000e+00, 
 1DIAGNOSTIC,    15, -8.531322479248e-01, 3.594276744042e-04, 1.2288e+04, 0.0000e+00, 
 1DIAGNOSTIC,    16, -8.537063598633e-01, 3.200831718362e-04, 1.2288e+04, 0.0000e+00, 
 1DIAGNOSTIC,    17, -8.542404174805e-01, 2.849713970941e-04, 1.2288e+04, 0.0000e+00, 
 1DIAGNOSTIC,    18, -8.547515869141e-01, 2.530112593408e-04, 1.2288e+04, 0.0000e+00, 
 1DIAGNOSTIC,    19, -8.552112579346e-01, 2.238527761821e-04, 1.2288e+04, 0.0000e+00, 
 1DIAGNOSTIC,    20, -8.556289672852e-01, 1.974223791128e-04, 1.6384e+04, 4.0960e+03, 
  Elapsed time (stage 0): 16384


Total elapsed time: 16384
