
##########################
# Experiment information #
##########################

EXPERIMENT_NAME: antsRegistration-r8-p14
VFC_BACKENDS: libinterflop_vprec.so --range-binary32=8 --precision-binary32=14 --range-binary64=8 --precision-binary64=14

SIF_IMG: /home/mdugre/projects/rrg-glatard/mdugre/containers/ants-vprec-no_metrics.simg

SUBJECT_ID: s038
INPUT_IMG: /home/mdugre/scratch/mri-registration-rp/datasets/ds004513/derivatives/mri-registration-rp/antsBrainExtraction/sub-s038/BrainExtractionBrain.nii.gz
OUTPUT_DIR: /home/mdugre/scratch/mri-registration-rp/datasets/ds004513/derivatives/mri-registration-rp/0111/antsRegistration-r8-p14/sub-s038

FIXED_IMG: /templateflow/tpl-MNI152NLin2009cAsym/tpl-MNI152NLin2009cAsym_res-01_desc-brain_T1w.nii.gz
DATA_DIR: /home/mdugre/scratch/mri-registration-rp/datasets/ds004513
TEMPLATEFLOW_DIR: /home/mdugre/projects/rrg-glatard/mdugre/templateflow
ITK_GLOBAL_DEFAULT_NUMBER_OF_THREADS: 16
##########################

Info [verificarlo]: loaded backend libinterflop_ieee.so
Info [interflop-ieee]: load backend with:
Info [interflop-ieee]: debug = false
Info [interflop-ieee]: debug-binary = false
Info [interflop-ieee]: no-backend-name = false
Info [interflop-ieee]: print-new-line = false
Info [interflop-ieee]: print-subnormal-normalized = false
Info [interflop-ieee]: count-op = false
All_Command_lines_OK
Using double precision for computations.
=============================================================================
The composite transform comprises the following transforms (in order): 
  1. Center of mass alignment using fixed image: /templateflow/tpl-MNI152NLin2009cAsym/tpl-MNI152NLin2009cAsym_res-01_desc-brain_T1w.nii.gz and moving image: /home/mdugre/scratch/mri-registration-rp/datasets/ds004513/derivatives/mri-registration-rp/antsBrainExtraction/sub-s038/BrainExtractionBrain.nii.gz (type = Euler3DTransform)
=============================================================================
  number of levels = 1
  fixed image: /templateflow/tpl-MNI152NLin2009cAsym/tpl-MNI152NLin2009cAsym_res-01_desc-brain_T1w.nii.gz
  moving image: /home/mdugre/scratch/mri-registration-rp/datasets/ds004513/derivatives/mri-registration-rp/antsBrainExtraction/sub-s038/BrainExtractionBrain.nii.gz
Dimension = 3
Number of stages = 1
Use histogram matching = false
Winsorize image intensities = true
  Lower quantile = 0.005
  Upper quantile = 0.995


Stage 1 State
   Image metric = MattesMI
     Fixed image = Image (0x4946e70)
  RTTI typeinfo:   itk::Image<double, 3u>
  Reference Count: 2
  Modified Time: 2330
  Debug: Off
  Object Name: 
  Observers: 
    none
  Source: (none)
  Source output name: (none)
  Release Data: Off
  Data Released: False
  Global Release Data: Off
  PipelineMTime: 0
  UpdateMTime: 1941
  RealTimeStamp: 0 seconds 
  LargestPossibleRegion: 
    Dimension: 3
    Index: [0, 0, 0]
    Size: [193, 229, 193]
  BufferedRegion: 
    Dimension: 3
    Index: [0, 0, 0]
    Size: [193, 229, 193]
  RequestedRegion: 
    Dimension: 3
    Index: [0, 0, 0]
    Size: [193, 229, 193]
  Spacing: [1, 1, 1]
  Origin: [96, 132, -78]
  Direction: 
-1 0 0
0 -1 0
0 0 1

  IndexToPointMatrix: 
-1 0 0
0 -1 0
0 0 1

  PointToIndexMatrix: 
-1 0 0
0 -1 0
0 0 1

  Inverse Direction: 
-1 0 0
0 -1 0
0 0 1

  PixelContainer: 
    ImportImageContainer (0x494fc60)
      RTTI typeinfo:   itk::ImportImageContainer<unsigned long, double>
      Reference Count: 1
      Modified Time: 1938
      Debug: Off
      Object Name: 
      Observers: 
        none
      Pointer: 0x154a011d3010
      Container manages memory: true
      Size: 8530021
      Capacity: 8530021

     Moving image = Image (0x4949800)
  RTTI typeinfo:   itk::Image<double, 3u>
  Reference Count: 2
  Modified Time: 2331
  Debug: Off
  Object Name: 
  Observers: 
    none
  Source: (none)
  Source output name: (none)
  Release Data: Off
  Data Released: False
  Global Release Data: Off
  PipelineMTime: 0
  UpdateMTime: 2328
  RealTimeStamp: 0 seconds 
  LargestPossibleRegion: 
    Dimension: 3
    Index: [0, 0, 0]
    Size: [160, 240, 256]
  BufferedRegion: 
    Dimension: 3
    Index: [0, 0, 0]
    Size: [160, 240, 256]
  RequestedRegion: 
    Dimension: 3
    Index: [0, 0, 0]
    Size: [160, 240, 256]
  Spacing: [1, 1, 1]
  Origin: [79.5, 93.5195, -127]
  Direction: 
-1 0 0
0 -1 0
0 0 1

  IndexToPointMatrix: 
-1 0 0
0 -1 0
0 0 1

  PointToIndexMatrix: 
-1 0 0
0 -1 0
0 0 1

  Inverse Direction: 
-1 0 0
0 -1 0
0 0 1

  PixelContainer: 
    ImportImageContainer (0x49eb650)
      RTTI typeinfo:   itk::ImportImageContainer<unsigned long, double>
      Reference Count: 1
      Modified Time: 2325
      Debug: Off
      Object Name: 
      Observers: 
        none
      Pointer: 0x1549fc6d2010
      Container manages memory: true
      Size: 9830400
      Capacity: 9830400

     Weighting = 1
     Sampling strategy = regular
     Number of bins = 32
     Radius = 4
     Sampling percentage  = 0.25
   Transform = Rigid
     Gradient step = 0.1
     Update field sigma (voxel space) = 0
     Total field sigma (voxel space) = 0
     Update field time sigma = 0
     Total field time sigma  = 0
     Number of time indices = 0
     Number of time point samples = 0
Registration using 1 total stages.

Stage 0
  iterations = 0
  convergence threshold = 1e-06
  convergence window size = 10
  number of levels = 1
  using the Mattes MI metric (number of bins = 32, weight = 1, use gradient filter = 0)
  preprocessing:  winsorizing the image intensities
  Shrink factors (level 1 out of 1): [1, 1, 1]
  smoothing sigmas per level: [0]
  regular sampling (percentage = 0.25)

*** Running Euler3DTransform registration ***

  Elapsed time (stage 0): 1.10196


Total elapsed time: 1.11088
Info [verificarlo]: loaded backend libinterflop_vprec.so
Info [interflop-vprec]: load backend with: 
Info [interflop-vprec]: precision-binary32 = 14
Info [interflop-vprec]: range-binary32 = 8
Info [interflop-vprec]: precision-binary64 = 14
Info [interflop-vprec]: range-binary64 = 8
Info [interflop-vprec]: mode = ob
Info [interflop-vprec]: error-mode = rel
Info [interflop-vprec]: max-abs-error-exponent = -1022
Info [interflop-vprec]: daz = false
Info [interflop-vprec]: ftz = false
Info [interflop-vprec]: 	instrument = none
Info [interflop-vprec]: 	prec-input-file = (null)
Info [interflop-vprec]: 	prec-output-file = (null)
Info [interflop-vprec]: 	prec-log-file = (null)
All_Command_lines_OK
Using double precision for computations.
=============================================================================
The composite transform comprises the following transforms (in order): 
  1. /home/mdugre/scratch/mri-registration-rp/datasets/ds004513/derivatives/mri-registration-rp/0111/antsRegistration-r8-p14/sub-s038/align_Composite.h5[0] (type = Euler3DTransform)
  2. /home/mdugre/scratch/mri-registration-rp/datasets/ds004513/derivatives/mri-registration-rp/0111/antsRegistration-r8-p14/sub-s038/align_Composite.h5[1] (type = Euler3DTransform)
=============================================================================
  number of levels = 4
  fixed image: /templateflow/tpl-MNI152NLin2009cAsym/tpl-MNI152NLin2009cAsym_res-01_desc-brain_T1w.nii.gz
  moving image: /home/mdugre/scratch/mri-registration-rp/datasets/ds004513/derivatives/mri-registration-rp/antsBrainExtraction/sub-s038/BrainExtractionBrain.nii.gz
Dimension = 3
Number of stages = 1
Use histogram matching = false
Winsorize image intensities = true
  Lower quantile = 0.005
  Upper quantile = 0.995


Stage 1 State
   Image metric = MattesMI
     Fixed image = Image (0x400c1e0)
  RTTI typeinfo:   itk::Image<double, 3u>
  Reference Count: 2
  Modified Time: 1578
  Debug: Off
  Object Name: 
  Observers: 
    none
  Source: (none)
  Source output name: (none)
  Release Data: Off
  Data Released: False
  Global Release Data: Off
  PipelineMTime: 0
  UpdateMTime: 1189
  RealTimeStamp: 0 seconds 
  LargestPossibleRegion: 
    Dimension: 3
    Index: [0, 0, 0]
    Size: [193, 229, 193]
  BufferedRegion: 
    Dimension: 3
    Index: [0, 0, 0]
    Size: [193, 229, 193]
  RequestedRegion: 
    Dimension: 3
    Index: [0, 0, 0]
    Size: [193, 229, 193]
  Spacing: [1, 1, 1]
  Origin: [96, 132, -78]
  Direction: 
-1 0 0
0 -1 0
0 0 1

  IndexToPointMatrix: 
-1 0 0
0 -1 0
0 0 1

  PointToIndexMatrix: 
-1 0 0
0 -1 0
0 0 1

  Inverse Direction: 
-1 0 0
0 -1 0
0 0 1

  PixelContainer: 
    ImportImageContainer (0x40cb680)
      RTTI typeinfo:   itk::ImportImageContainer<unsigned long, double>
      Reference Count: 1
      Modified Time: 1186
      Debug: Off
      Object Name: 
      Observers: 
        none
      Pointer: 0x152981d60010
      Container manages memory: true
      Size: 8530021
      Capacity: 8530021

     Moving image = Image (0x40c7b20)
  RTTI typeinfo:   itk::Image<double, 3u>
  Reference Count: 2
  Modified Time: 1579
  Debug: Off
  Object Name: 
  Observers: 
    none
  Source: (none)
  Source output name: (none)
  Release Data: Off
  Data Released: False
  Global Release Data: Off
  PipelineMTime: 0
  UpdateMTime: 1576
  RealTimeStamp: 0 seconds 
  LargestPossibleRegion: 
    Dimension: 3
    Index: [0, 0, 0]
    Size: [160, 240, 256]
  BufferedRegion: 
    Dimension: 3
    Index: [0, 0, 0]
    Size: [160, 240, 256]
  RequestedRegion: 
    Dimension: 3
    Index: [0, 0, 0]
    Size: [160, 240, 256]
  Spacing: [1, 1, 1]
  Origin: [79.5, 93.5195, -127]
  Direction: 
-1 0 0
0 -1 0
0 0 1

  IndexToPointMatrix: 
-1 0 0
0 -1 0
0 0 1

  PointToIndexMatrix: 
-1 0 0
0 -1 0
0 0 1

  Inverse Direction: 
-1 0 0
0 -1 0
0 0 1

  PixelContainer: 
    ImportImageContainer (0x4130d50)
      RTTI typeinfo:   itk::ImportImageContainer<unsigned long, double>
      Reference Count: 1
      Modified Time: 1573
      Debug: Off
      Object Name: 
      Observers: 
        none
      Pointer: 0x15297d25f010
      Container manages memory: true
      Size: 9830400
      Capacity: 9830400

     Weighting = 1
     Sampling strategy = regular
     Number of bins = 32
     Radius = 4
     Sampling percentage  = 0.25
   Transform = Rigid
     Gradient step = 0.1
     Update field sigma (voxel space) = 0
     Total field sigma (voxel space) = 0
     Update field time sigma = 0
     Total field time sigma  = 0
     Number of time indices = 0
     Number of time point samples = 0
Registration using 1 total stages.

Stage 0
  iterations = 1000x500x250x100
  convergence threshold = 1e-06
  convergence window size = 10
  number of levels = 4
  using the Mattes MI metric (number of bins = 32, weight = 1, use gradient filter = 0)
  preprocessing:  winsorizing the image intensities
  Shrink factors (level 1 out of 4): [8, 8, 8]
  Shrink factors (level 2 out of 4): [4, 4, 4]
  Shrink factors (level 3 out of 4): [2, 2, 2]
  Shrink factors (level 4 out of 4): [1, 1, 1]
  smoothing sigmas per level: [3, 2, 1, 0]
  regular sampling (percentage = 0.25)

*** Running Euler3DTransform registration ***

DIAGNOSTIC,Iteration,metricValue,convergenceValue,ITERATION_TIME_INDEX,SINCE_LAST
 2DIAGNOSTIC,     1, -5.184519443706e-01, 1.797693134862e+308, 0.0000e+00, 0.0000e+00, 
 2DIAGNOSTIC,     2, -5.206578287850e-01, 1.797693134862e+308, 0.0000e+00, 0.0000e+00, 
 2DIAGNOSTIC,     3, -5.244766223968e-01, 1.797693134862e+308, 0.0000e+00, 0.0000e+00, 
 2DIAGNOSTIC,     4, -5.316079617191e-01, 1.797693134862e+308, 0.0000e+00, 0.0000e+00, 
 2DIAGNOSTIC,     5, -5.383687040080e-01, 1.797693134862e+308, 0.0000e+00, 0.0000e+00, 
 2DIAGNOSTIC,     6, -5.439292188865e-01, 1.797693134862e+308, 0.0000e+00, 0.0000e+00, 
 2DIAGNOSTIC,     7, -5.662461057051e-01, 1.797693134862e+308, 0.0000e+00, 0.0000e+00, 
 2DIAGNOSTIC,     8, -6.031517503911e-01, 1.797693134862e+308, 0.0000e+00, 0.0000e+00, 
 2DIAGNOSTIC,     9, -6.124946326269e-01, 1.797693134862e+308, 0.0000e+00, 0.0000e+00, 
 2DIAGNOSTIC,    10, -6.147764564615e-01, 1.269289699174e-02, 0.0000e+00, 0.0000e+00, 
 2DIAGNOSTIC,    11, -6.171292091354e-01, 1.221712131502e-02, 0.0000e+00, 0.0000e+00, 
 2DIAGNOSTIC,    12, -6.191710348423e-01, 1.090113195203e-02, 0.0000e+00, 0.0000e+00, 
 2DIAGNOSTIC,    13, -6.224237958562e-01, 9.064532454636e-03, 0.0000e+00, 0.0000e+00, 
 2DIAGNOSTIC,    14, -6.311018470654e-01, 7.240362982056e-03, 0.0000e+00, 0.0000e+00, 
 2DIAGNOSTIC,    15, -6.324515032574e-01, 5.303473704727e-03, 0.0000e+00, 0.0000e+00, 
 2DIAGNOSTIC,    16, -6.349537679269e-01, 3.391148214756e-03, 0.0000e+00, 0.0000e+00, 
 2DIAGNOSTIC,    17, -6.372569206965e-01, 2.088669127534e-03, 0.0000e+00, 0.0000e+00, 
 2DIAGNOSTIC,    18, -6.388702092326e-01, 1.774463846365e-03, 0.0000e+00, 0.0000e+00, 
 2DIAGNOSTIC,    19, -6.410694121914e-01, 1.620115380383e-03, 0.0000e+00, 0.0000e+00, 
 2DIAGNOSTIC,    20, -6.424177486115e-01, 1.417800788696e-03, 0.0000e+00, 0.0000e+00, 
 2DIAGNOSTIC,    21, -6.427190823281e-01, 1.166779271172e-03, 0.0000e+00, 0.0000e+00, 
 2DIAGNOSTIC,    22, -6.441716547020e-01, 9.075804121910e-04, 0.0000e+00, 0.0000e+00, 
 2DIAGNOSTIC,    23, -6.455930898452e-01, 6.788967947212e-04, 0.0000e+00, 0.0000e+00, 
 2DIAGNOSTIC,    24, -6.463110540614e-01, 5.911030058575e-04, 0.0000e+00, 0.0000e+00, 
 2DIAGNOSTIC,    25, -6.466504387680e-01, 4.867815989479e-04, 0.0000e+00, 0.0000e+00, 
 2DIAGNOSTIC,    26, -6.470622885008e-01, 3.979290571112e-04, 0.0000e+00, 0.0000e+00, 
 2DIAGNOSTIC,    27, -6.477029884939e-01, 3.293496798523e-04, 0.0000e+00, 0.0000e+00, 
 2DIAGNOSTIC,    28, -6.486126416082e-01, 2.757484985727e-04, 0.0000e+00, 0.0000e+00, 
 2DIAGNOSTIC,    29, -6.490057022140e-01, 2.411239003782e-04, 0.0000e+00, 0.0000e+00, 
 2DIAGNOSTIC,    30, -6.492590932281e-01, 2.115897901539e-04, 0.0000e+00, 0.0000e+00, 
 2DIAGNOSTIC,    31, -6.493353276268e-01, 1.696590633971e-04, 0.0000e+00, 0.0000e+00, 
 2DIAGNOSTIC,    32, -6.494250385376e-01, 1.363372382419e-04, 0.0000e+00, 0.0000e+00, 
 2DIAGNOSTIC,    33, -6.494848105305e-01, 1.126884013501e-04, 0.0000e+00, 0.0000e+00, 
 2DIAGNOSTIC,    34, -6.495266678270e-01, 9.015359038658e-05, 0.0000e+00, 0.0000e+00, 
 2DIAGNOSTIC,    35, -6.495364822848e-01, 6.517445171252e-05, 0.0000e+00, 0.0000e+00, 
 2DIAGNOSTIC,    36, -6.495317587984e-01, 4.071635523914e-05, 0.0000e+00, 0.0000e+00, 
 2DIAGNOSTIC,    37, -6.495332853733e-01, 2.159835054682e-05, 0.0000e+00, 0.0000e+00, 
 2DIAGNOSTIC,    38, -6.495342798826e-01, 1.244553466899e-05, 0.0000e+00, 0.0000e+00, 
 2DIAGNOSTIC,    39, -6.495282866919e-01, 7.151068434488e-06, 0.0000e+00, 0.0000e+00, 
 2DIAGNOSTIC,    40, -6.495337110481e-01, 4.483625575605e-06, 0.0000e+00, 0.0000e+00, 
 2DIAGNOSTIC,    41, -6.495317655676e-01, 2.410031251437e-06, 0.0000e+00, 0.0000e+00, 
 2DIAGNOSTIC,    42, -6.495293008837e-01, 1.217081625746e-06, 0.0000e+00, 0.0000e+00, 
DIAGNOSTIC,Iteration,metricValue,convergenceValue,ITERATION_TIME_INDEX,SINCE_LAST
 2DIAGNOSTIC,     1, -5.322122313417e-01, 1.797693134862e+308, 0.0000e+00, 0.0000e+00, 
 2DIAGNOSTIC,     2, -5.324527290540e-01, 1.797693134862e+308, 0.0000e+00, 0.0000e+00, 
 2DIAGNOSTIC,     3, -5.327614284689e-01, 1.797693134862e+308, 0.0000e+00, 0.0000e+00, 
 2DIAGNOSTIC,     4, -5.331223905984e-01, 1.797693134862e+308, 0.0000e+00, 0.0000e+00, 
 2DIAGNOSTIC,     5, -5.335944813751e-01, 1.797693134862e+308, 0.0000e+00, 0.0000e+00, 
 2DIAGNOSTIC,     6, -5.346908779080e-01, 1.797693134862e+308, 0.0000e+00, 0.0000e+00, 
 2DIAGNOSTIC,     7, -5.372890275956e-01, 1.797693134862e+308, 0.0000e+00, 0.0000e+00, 
 2DIAGNOSTIC,     8, -5.379305700984e-01, 1.797693134862e+308, 0.0000e+00, 0.0000e+00, 
 2DIAGNOSTIC,     9, -5.385520949600e-01, 1.797693134862e+308, 0.0000e+00, 0.0000e+00, 
 2DIAGNOSTIC,    10, -5.390975907596e-01, 9.572036878917e-04, 0.0000e+00, 0.0000e+00, 
 2DIAGNOSTIC,    11, -5.402170660087e-01, 9.464373041918e-04, 0.0000e+00, 0.0000e+00, 
 2DIAGNOSTIC,    12, -5.404588446368e-01, 8.714359019904e-04, 0.0000e+00, 0.0000e+00, 
 2DIAGNOSTIC,    13, -5.405817250967e-01, 7.474597311607e-04, 0.0000e+00, 0.0000e+00, 
 2DIAGNOSTIC,    14, -5.407483425133e-01, 5.953110774665e-04, 0.0000e+00, 0.0000e+00, 
 2DIAGNOSTIC,    15, -5.409450284161e-01, 4.328813981775e-04, 0.0000e+00, 0.0000e+00, 
 2DIAGNOSTIC,    16, -5.411389758095e-01, 2.914077844838e-04, 0.0000e+00, 0.0000e+00, 
 2DIAGNOSTIC,    17, -5.415561178842e-01, 2.334777132752e-04, 0.0000e+00, 0.0000e+00, 
 2DIAGNOSTIC,    18, -5.426654596338e-01, 2.119294574034e-04, 0.0000e+00, 0.0000e+00, 
 2DIAGNOSTIC,    19, -5.428285695440e-01, 1.942851328528e-04, 0.0000e+00, 0.0000e+00, 
 2DIAGNOSTIC,    20, -5.429913233918e-01, 1.787802865536e-04, 0.0000e+00, 0.0000e+00, 
 2DIAGNOSTIC,    21, -5.431537044230e-01, 1.806437362337e-04, 0.0000e+00, 0.0000e+00, 
 2DIAGNOSTIC,    22, -5.436592134972e-01, 1.832718812361e-04, 0.0000e+00, 0.0000e+00, 
 2DIAGNOSTIC,    23, -5.439286155906e-01, 1.769565900087e-04, 0.0000e+00, 0.0000e+00, 
 2DIAGNOSTIC,    24, -5.440247999624e-01, 1.604145541750e-04, 0.0000e+00, 0.0000e+00, 
 2DIAGNOSTIC,    25, -5.442791640323e-01, 1.402383842322e-04, 0.0000e+00, 0.0000e+00, 
 2DIAGNOSTIC,    26, -5.447398225570e-01, 1.217508532713e-04, 0.0000e+00, 0.0000e+00, 
 2DIAGNOSTIC,    27, -5.449064274798e-01, 1.037750958612e-04, 0.0000e+00, 0.0000e+00, 
 2DIAGNOSTIC,    28, -5.450030305066e-01, 1.000445402823e-04, 0.0000e+00, 0.0000e+00, 
 2DIAGNOSTIC,    29, -5.451839959868e-01, 9.362635377509e-05, 0.0000e+00, 0.0000e+00, 
 2DIAGNOSTIC,    30, -5.454512732539e-01, 8.639124333092e-05, 0.0000e+00, 0.0000e+00, 
 2DIAGNOSTIC,    31, -5.455143788256e-01, 7.498014020021e-05, 0.0000e+00, 0.0000e+00, 
 2DIAGNOSTIC,    32, -5.454949051332e-01, 6.521105435571e-05, 0.0000e+00, 0.0000e+00, 
 2DIAGNOSTIC,    33, -5.455329194455e-01, 5.500609682489e-05, 0.0000e+00, 0.0000e+00, 
 2DIAGNOSTIC,    34, -5.456514001835e-01, 4.352909707938e-05, 0.0000e+00, 0.0000e+00, 
 2DIAGNOSTIC,    35, -5.458032023513e-01, 3.448087151625e-05, 0.0000e+00, 0.0000e+00, 
 2DIAGNOSTIC,    36, -5.461091817888e-01, 3.385098347981e-05, 0.0000e+00, 0.0000e+00, 
 2DIAGNOSTIC,    37, -5.461132174963e-01, 3.251518432780e-05, 0.0000e+00, 0.0000e+00, 
 2DIAGNOSTIC,    38, -5.461412548026e-01, 3.000772015115e-05, 0.0000e+00, 0.0000e+00, 
 2DIAGNOSTIC,    39, -5.461381292566e-01, 2.716033470366e-05, 0.0000e+00, 0.0000e+00, 
 2DIAGNOSTIC,    40, -5.461429573446e-01, 2.544066484172e-05, 0.0000e+00, 0.0000e+00, 
 2DIAGNOSTIC,    41, -5.462922690117e-01, 2.413347803285e-05, 0.0000e+00, 0.0000e+00, 
 2DIAGNOSTIC,    42, -5.463678593994e-01, 2.131923134039e-05, 0.0000e+00, 0.0000e+00, 
 2DIAGNOSTIC,    43, -5.464270679441e-01, 1.788502217684e-05, 0.0000e+00, 0.0000e+00, 
 2DIAGNOSTIC,    44, -5.464416360283e-01, 1.456079837202e-05, 0.0000e+00, 0.0000e+00, 
 2DIAGNOSTIC,    45, -5.464406353491e-01, 1.172736125023e-05, 0.0000e+00, 0.0000e+00, 
 2DIAGNOSTIC,    46, -5.464386838163e-01, 1.140521510756e-05, 0.0000e+00, 0.0000e+00, 
 2DIAGNOSTIC,    47, -5.464363759343e-01, 1.005708151693e-05, 0.0000e+00, 0.0000e+00, 
 2DIAGNOSTIC,    48, -5.464390672408e-01, 8.211391732703e-06, 0.0000e+00, 0.0000e+00, 
 2DIAGNOSTIC,    49, -5.464368627096e-01, 5.680869271430e-06, 0.0000e+00, 0.0000e+00, 
 2DIAGNOSTIC,    50, -5.464375505333e-01, 2.797925374134e-06, 0.0000e+00, 0.0000e+00, 
 2DIAGNOSTIC,    51, -5.464377336439e-01, 1.339651629979e-06, 0.0000e+00, 0.0000e+00, 
DIAGNOSTIC,Iteration,metricValue,convergenceValue,ITERATION_TIME_INDEX,SINCE_LAST
 2DIAGNOSTIC,     1, -4.787006683336e-01, 1.797693134862e+308, 0.0000e+00, 0.0000e+00, 
 2DIAGNOSTIC,     2, -4.789214503481e-01, 1.797693134862e+308, 0.0000e+00, 0.0000e+00, 
 2DIAGNOSTIC,     3, -4.790768118157e-01, 1.797693134862e+308, 0.0000e+00, 0.0000e+00, 
 2DIAGNOSTIC,     4, -4.792967827927e-01, 1.797693134862e+308, 0.0000e+00, 0.0000e+00, 
 2DIAGNOSTIC,     5, -4.795381159118e-01, 1.797693134862e+308, 0.0000e+00, 0.0000e+00, 
 2DIAGNOSTIC,     6, -4.801421860778e-01, 1.797693134862e+308, 0.0000e+00, 0.0000e+00, 
 2DIAGNOSTIC,     7, -4.830871294192e-01, 1.797693134862e+308, 0.0000e+00, 0.0000e+00, 
 2DIAGNOSTIC,     8, -4.868156965644e-01, 1.797693134862e+308, 0.0000e+00, 0.0000e+00, 
 2DIAGNOSTIC,     9, -4.877017236609e-01, 1.797693134862e+308, 0.0000e+00, 0.0000e+00, 
 2DIAGNOSTIC,    10, -4.890135051841e-01, 1.493215107780e-03, 0.0000e+00, 0.0000e+00, 
 2DIAGNOSTIC,    11, -4.899119579553e-01, 1.578613386265e-03, 0.0000e+00, 0.0000e+00, 
 2DIAGNOSTIC,    12, -4.914063829072e-01, 1.589158560330e-03, 0.0000e+00, 0.0000e+00, 
 2DIAGNOSTIC,    13, -4.916879271133e-01, 1.470957565563e-03, 0.0000e+00, 0.0000e+00, 
 2DIAGNOSTIC,    14, -4.924051266976e-01, 1.277374136133e-03, 0.0000e+00, 0.0000e+00, 
 2DIAGNOSTIC,    15, -4.946959625035e-01, 1.094422492287e-03, 0.0000e+00, 0.0000e+00, 
 2DIAGNOSTIC,    16, -4.999708319468e-01, 1.045046217814e-03, 0.0000e+00, 0.0000e+00, 
 2DIAGNOSTIC,    17, -5.000845336868e-01, 1.003280713507e-03, 0.0000e+00, 0.0000e+00, 
 2DIAGNOSTIC,    18, -5.005471996025e-01, 1.012362916194e-03, 0.0000e+00, 0.0000e+00, 
 2DIAGNOSTIC,    19, -5.012851902853e-01, 9.781013305527e-04, 0.0000e+00, 0.0000e+00, 
 2DIAGNOSTIC,    20, -5.022920768687e-01, 9.217043355430e-04, 0.0000e+00, 0.0000e+00, 
 2DIAGNOSTIC,    21, -5.032772782140e-01, 8.333370955916e-04, 0.0000e+00, 0.0000e+00, 
 2DIAGNOSTIC,    22, -5.037788834696e-01, 7.284302688402e-04, 0.0000e+00, 0.0000e+00, 
 2DIAGNOSTIC,    23, -5.042233903667e-01, 5.855890190652e-04, 0.0000e+00, 0.0000e+00, 
 2DIAGNOSTIC,    24, -5.043300866082e-01, 4.198656156372e-04, 0.0000e+00, 0.0000e+00, 
 2DIAGNOSTIC,    25, -5.044445752355e-01, 2.804146637188e-04, 0.0000e+00, 0.0000e+00, 
 2DIAGNOSTIC,    26, -5.048203063798e-01, 2.510008176139e-04, 0.0000e+00, 0.0000e+00, 
 2DIAGNOSTIC,    27, -5.060202691341e-01, 2.281193280665e-04, 0.0000e+00, 0.0000e+00, 
 2DIAGNOSTIC,    28, -5.061040507289e-01, 1.961233558961e-04, 0.0000e+00, 0.0000e+00, 
 2DIAGNOSTIC,    29, -5.062412604150e-01, 1.654465654029e-04, 0.0000e+00, 0.0000e+00, 
 2DIAGNOSTIC,    30, -5.063986924561e-01, 1.435928599583e-04, 0.0000e+00, 0.0000e+00, 
 2DIAGNOSTIC,    31, -5.065770083701e-01, 1.308738414687e-04, 0.0000e+00, 0.0000e+00, 
 2DIAGNOSTIC,    32, -5.066545679909e-01, 1.164688016820e-04, 0.0000e+00, 0.0000e+00, 
 2DIAGNOSTIC,    33, -5.066621824882e-01, 9.986951616132e-05, 0.0000e+00, 0.0000e+00, 
 2DIAGNOSTIC,    34, -5.066621170425e-01, 7.703276735282e-05, 0.0000e+00, 0.0000e+00, 
 2DIAGNOSTIC,    35, -5.066617370771e-01, 5.020528460695e-05, 0.0000e+00, 0.0000e+00, 
 2DIAGNOSTIC,    36, -5.066519649598e-01, 2.547065946735e-05, 0.0000e+00, 0.0000e+00, 
 2DIAGNOSTIC,    37, -5.066549471171e-01, 1.835509163544e-05, 0.0000e+00, 0.0000e+00, 
 2DIAGNOSTIC,    38, -5.066529762081e-01, 1.118483595753e-05, 0.0000e+00, 0.0000e+00, 
 2DIAGNOSTIC,    39, -5.066482722653e-01, 5.322134992051e-06, 0.0000e+00, 0.0000e+00, 
 2DIAGNOSTIC,    40, -5.066492335717e-01, 1.529857637437e-06, 0.0000e+00, 0.0000e+00, 
DIAGNOSTIC,Iteration,metricValue,convergenceValue,ITERATION_TIME_INDEX,SINCE_LAST
 2DIAGNOSTIC,     1, -4.670926789319e-01, 1.797693134862e+308, 0.0000e+00, 0.0000e+00, 
 2DIAGNOSTIC,     2, -4.672220252848e-01, 1.797693134862e+308, 0.0000e+00, 0.0000e+00, 
 2DIAGNOSTIC,     3, -4.673635128296e-01, 1.797693134862e+308, 0.0000e+00, 0.0000e+00, 
 2DIAGNOSTIC,     4, -4.675414209910e-01, 1.797693134862e+308, 0.0000e+00, 0.0000e+00, 
 2DIAGNOSTIC,     5, -4.676228517899e-01, 1.797693134862e+308, 0.0000e+00, 0.0000e+00, 
 2DIAGNOSTIC,     6, -4.676416714516e-01, 1.797693134862e+308, 0.0000e+00, 0.0000e+00, 
 2DIAGNOSTIC,     7, -4.676390639840e-01, 1.797693134862e+308, 0.0000e+00, 0.0000e+00, 
 2DIAGNOSTIC,     8, -4.676365841663e-01, 1.797693134862e+308, 0.0000e+00, 0.0000e+00, 
 2DIAGNOSTIC,     9, -4.676247129867e-01, 1.797693134862e+308, 0.0000e+00, 0.0000e+00, 
 2DIAGNOSTIC,    10, -4.676230455649e-01, 7.115441223446e-05, 0.0000e+00, 0.0000e+00, 
 2DIAGNOSTIC,    11, -4.676274051772e-01, 4.113998875892e-05, 0.0000e+00, 0.0000e+00, 
 2DIAGNOSTIC,    12, -4.676306049264e-01, 1.934448997264e-05, 0.0000e+00, 0.0000e+00, 
 2DIAGNOSTIC,    13, -4.676290953614e-01, 5.743773380695e-06, 0.0000e+00, 0.0000e+00, 
 2DIAGNOSTIC,    14, -4.676283487833e-01, 1.383039224534e-06, 0.0000e+00, 0.0000e+00, 
  Elapsed time (stage 0): 0.0000e+00


Total elapsed time: 0.0000e+00
Info [verificarlo]: loaded backend libinterflop_vprec.so
Info [interflop-vprec]: load backend with: 
Info [interflop-vprec]: precision-binary32 = 14
Info [interflop-vprec]: range-binary32 = 8
Info [interflop-vprec]: precision-binary64 = 14
Info [interflop-vprec]: range-binary64 = 8
Info [interflop-vprec]: mode = ob
Info [interflop-vprec]: error-mode = rel
Info [interflop-vprec]: max-abs-error-exponent = -1022
Info [interflop-vprec]: daz = false
Info [interflop-vprec]: ftz = false
Info [interflop-vprec]: 	instrument = none
Info [interflop-vprec]: 	prec-input-file = (null)
Info [interflop-vprec]: 	prec-output-file = (null)
Info [interflop-vprec]: 	prec-log-file = (null)
All_Command_lines_OK
Using double precision for computations.
=============================================================================
The composite transform comprises the following transforms (in order): 
  1. /home/mdugre/scratch/mri-registration-rp/datasets/ds004513/derivatives/mri-registration-rp/0111/antsRegistration-r8-p14/sub-s038/rigid_Composite.h5[0] (type = Euler3DTransform)
  2. /home/mdugre/scratch/mri-registration-rp/datasets/ds004513/derivatives/mri-registration-rp/0111/antsRegistration-r8-p14/sub-s038/rigid_Composite.h5[1] (type = Euler3DTransform)
  3. /home/mdugre/scratch/mri-registration-rp/datasets/ds004513/derivatives/mri-registration-rp/0111/antsRegistration-r8-p14/sub-s038/rigid_Composite.h5[2] (type = Euler3DTransform)
=============================================================================
  number of levels = 4
  fixed image: /templateflow/tpl-MNI152NLin2009cAsym/tpl-MNI152NLin2009cAsym_res-01_desc-brain_T1w.nii.gz
  moving image: /home/mdugre/scratch/mri-registration-rp/datasets/ds004513/derivatives/mri-registration-rp/antsBrainExtraction/sub-s038/BrainExtractionBrain.nii.gz
Dimension = 3
Number of stages = 1
Use histogram matching = false
Winsorize image intensities = true
  Lower quantile = 0.005
  Upper quantile = 0.995


Stage 1 State
   Image metric = MattesMI
     Fixed image = Image (0x3b2b490)
  RTTI typeinfo:   itk::Image<double, 3u>
  Reference Count: 2
  Modified Time: 1592
  Debug: Off
  Object Name: 
  Observers: 
    none
  Source: (none)
  Source output name: (none)
  Release Data: Off
  Data Released: False
  Global Release Data: Off
  PipelineMTime: 0
  UpdateMTime: 1203
  RealTimeStamp: 0 seconds 
  LargestPossibleRegion: 
    Dimension: 3
    Index: [0, 0, 0]
    Size: [193, 229, 193]
  BufferedRegion: 
    Dimension: 3
    Index: [0, 0, 0]
    Size: [193, 229, 193]
  RequestedRegion: 
    Dimension: 3
    Index: [0, 0, 0]
    Size: [193, 229, 193]
  Spacing: [1, 1, 1]
  Origin: [96, 132, -78]
  Direction: 
-1 0 0
0 -1 0
0 0 1

  IndexToPointMatrix: 
-1 0 0
0 -1 0
0 0 1

  PointToIndexMatrix: 
-1 0 0
0 -1 0
0 0 1

  Inverse Direction: 
-1 0 0
0 -1 0
0 0 1

  PixelContainer: 
    ImportImageContainer (0x3ba48b0)
      RTTI typeinfo:   itk::ImportImageContainer<unsigned long, double>
      Reference Count: 1
      Modified Time: 1200
      Debug: Off
      Object Name: 
      Observers: 
        none
      Pointer: 0x14e4b3178010
      Container manages memory: true
      Size: 8530021
      Capacity: 8530021

     Moving image = Image (0x3bf98e0)
  RTTI typeinfo:   itk::Image<double, 3u>
  Reference Count: 2
  Modified Time: 1593
  Debug: Off
  Object Name: 
  Observers: 
    none
  Source: (none)
  Source output name: (none)
  Release Data: Off
  Data Released: False
  Global Release Data: Off
  PipelineMTime: 0
  UpdateMTime: 1590
  RealTimeStamp: 0 seconds 
  LargestPossibleRegion: 
    Dimension: 3
    Index: [0, 0, 0]
    Size: [160, 240, 256]
  BufferedRegion: 
    Dimension: 3
    Index: [0, 0, 0]
    Size: [160, 240, 256]
  RequestedRegion: 
    Dimension: 3
    Index: [0, 0, 0]
    Size: [160, 240, 256]
  Spacing: [1, 1, 1]
  Origin: [79.5, 93.5195, -127]
  Direction: 
-1 0 0
0 -1 0
0 0 1

  IndexToPointMatrix: 
-1 0 0
0 -1 0
0 0 1

  PointToIndexMatrix: 
-1 0 0
0 -1 0
0 0 1

  Inverse Direction: 
-1 0 0
0 -1 0
0 0 1

  PixelContainer: 
    ImportImageContainer (0x3cc2350)
      RTTI typeinfo:   itk::ImportImageContainer<unsigned long, double>
      Reference Count: 1
      Modified Time: 1587
      Debug: Off
      Object Name: 
      Observers: 
        none
      Pointer: 0x14e4ae677010
      Container manages memory: true
      Size: 9830400
      Capacity: 9830400

     Weighting = 1
     Sampling strategy = regular
     Number of bins = 32
     Radius = 4
     Sampling percentage  = 0.25
   Transform = Affine
     Gradient step = 0.1
     Update field sigma (voxel space) = 0
     Total field sigma (voxel space) = 0
     Update field time sigma = 0
     Total field time sigma  = 0
     Number of time indices = 0
     Number of time point samples = 0
Registration using 1 total stages.

Stage 0
  iterations = 1000x500x250x100
  convergence threshold = 1e-06
  convergence window size = 10
  number of levels = 4
  using the Mattes MI metric (number of bins = 32, weight = 1, use gradient filter = 0)
  preprocessing:  winsorizing the image intensities
  Shrink factors (level 1 out of 4): [8, 8, 8]
  Shrink factors (level 2 out of 4): [4, 4, 4]
  Shrink factors (level 3 out of 4): [2, 2, 2]
  Shrink factors (level 4 out of 4): [1, 1, 1]
  smoothing sigmas per level: [3, 2, 1, 0]
  regular sampling (percentage = 0.25)

*** Running AffineTransform registration ***

DIAGNOSTIC,Iteration,metricValue,convergenceValue,ITERATION_TIME_INDEX,SINCE_LAST
 2DIAGNOSTIC,     1, -6.793583373795e-01, 1.797693134862e+308, 0.0000e+00, 0.0000e+00, 
 2DIAGNOSTIC,     2, -6.820998724766e-01, 1.797693134862e+308, 0.0000e+00, 0.0000e+00, 
 2DIAGNOSTIC,     3, -6.868088669300e-01, 1.797693134862e+308, 0.0000e+00, 0.0000e+00, 
 2DIAGNOSTIC,     4, -6.949991387643e-01, 1.797693134862e+308, 0.0000e+00, 0.0000e+00, 
 2DIAGNOSTIC,     5, -7.083402504046e-01, 1.797693134862e+308, 0.0000e+00, 0.0000e+00, 
 2DIAGNOSTIC,     6, -7.231764379993e-01, 1.797693134862e+308, 0.0000e+00, 0.0000e+00, 
 2DIAGNOSTIC,     7, -7.475116987820e-01, 1.797693134862e+308, 0.0000e+00, 0.0000e+00, 
 2DIAGNOSTIC,     8, -7.577351415435e-01, 1.797693134862e+308, 0.0000e+00, 0.0000e+00, 
 2DIAGNOSTIC,     9, -7.585048610759e-01, 1.797693134862e+308, 0.0000e+00, 0.0000e+00, 
 2DIAGNOSTIC,    10, -7.593627588710e-01, 8.828601880240e-03, 0.0000e+00, 0.0000e+00, 
 2DIAGNOSTIC,    11, -7.606927340608e-01, 7.632250293047e-03, 0.0000e+00, 0.0000e+00, 
 2DIAGNOSTIC,    12, -7.624536874149e-01, 6.097981061875e-03, 0.0000e+00, 0.0000e+00, 
 2DIAGNOSTIC,    13, -7.639074194617e-01, 4.442559433802e-03, 0.0000e+00, 0.0000e+00, 
 2DIAGNOSTIC,    14, -7.652510162754e-01, 2.899842255502e-03, 0.0000e+00, 0.0000e+00, 
 2DIAGNOSTIC,    15, -7.659687939278e-01, 1.670870326424e-03, 0.0000e+00, 0.0000e+00, 
 2DIAGNOSTIC,    16, -7.665246798752e-01, 8.064469416967e-04, 0.0000e+00, 0.0000e+00, 
 2DIAGNOSTIC,    17, -7.666664976279e-01, 5.213914083653e-04, 0.0000e+00, 0.0000e+00, 
 2DIAGNOSTIC,    18, -7.675877636485e-01, 4.588437085810e-04, 0.0000e+00, 0.0000e+00, 
 2DIAGNOSTIC,    19, -7.677418913372e-01, 3.789409670907e-04, 0.0000e+00, 0.0000e+00, 
 2DIAGNOSTIC,    20, -7.678872248502e-01, 2.914239502184e-04, 0.0000e+00, 0.0000e+00, 
 2DIAGNOSTIC,    21, -7.681450200044e-01, 2.142331966784e-04, 0.0000e+00, 0.0000e+00, 
 2DIAGNOSTIC,    22, -7.684751436062e-01, 1.602669450073e-04, 0.0000e+00, 0.0000e+00, 
 2DIAGNOSTIC,    23, -7.685085446676e-01, 1.202356745214e-04, 0.0000e+00, 0.0000e+00, 
 2DIAGNOSTIC,    24, -7.685445757914e-01, 9.420135221663e-05, 0.0000e+00, 0.0000e+00, 
 2DIAGNOSTIC,    25, -7.685669687397e-01, 7.286499935405e-05, 0.0000e+00, 0.0000e+00, 
 2DIAGNOSTIC,    26, -7.685639130450e-01, 5.460768140306e-05, 0.0000e+00, 0.0000e+00, 
 2DIAGNOSTIC,    27, -7.685843092037e-01, 3.459361043394e-05, 0.0000e+00, 0.0000e+00, 
 2DIAGNOSTIC,    28, -7.685699531306e-01, 2.515351499106e-05, 0.0000e+00, 0.0000e+00, 
 2DIAGNOSTIC,    29, -7.685631840476e-01, 1.608447169194e-05, 0.0000e+00, 0.0000e+00, 
 2DIAGNOSTIC,    30, -7.685577408690e-01, 7.937341517064e-06, 0.0000e+00, 0.0000e+00, 
 2DIAGNOSTIC,    31, -7.685068721109e-01, 2.087301678236e-06, 0.0000e+00, 0.0000e+00, 
DIAGNOSTIC,Iteration,metricValue,convergenceValue,ITERATION_TIME_INDEX,SINCE_LAST
 2DIAGNOSTIC,     1, -6.040929734240e-01, 1.797693134862e+308, 0.0000e+00, 0.0000e+00, 
 2DIAGNOSTIC,     2, -6.043716759041e-01, 1.797693134862e+308, 0.0000e+00, 0.0000e+00, 
 2DIAGNOSTIC,     3, -6.045662047117e-01, 1.797693134862e+308, 0.0000e+00, 0.0000e+00, 
 2DIAGNOSTIC,     4, -6.049208634168e-01, 1.797693134862e+308, 0.0000e+00, 0.0000e+00, 
 2DIAGNOSTIC,     5, -6.052907471272e-01, 1.797693134862e+308, 0.0000e+00, 0.0000e+00, 
 2DIAGNOSTIC,     6, -6.063330587026e-01, 1.797693134862e+308, 0.0000e+00, 0.0000e+00, 
 2DIAGNOSTIC,     7, -6.069582250928e-01, 1.797693134862e+308, 0.0000e+00, 0.0000e+00, 
 2DIAGNOSTIC,     8, -6.071366732144e-01, 1.797693134862e+308, 0.0000e+00, 0.0000e+00, 
 2DIAGNOSTIC,     9, -6.073425093202e-01, 1.797693134862e+308, 0.0000e+00, 0.0000e+00, 
 2DIAGNOSTIC,    10, -6.078408022475e-01, 4.378099744094e-04, 0.0000e+00, 0.0000e+00, 
 2DIAGNOSTIC,    11, -6.082232376604e-01, 4.024013886190e-04, 0.0000e+00, 0.0000e+00, 
 2DIAGNOSTIC,    12, -6.082659546403e-01, 3.491665527155e-04, 0.0000e+00, 0.0000e+00, 
 2DIAGNOSTIC,    13, -6.083959408821e-01, 2.851417702871e-04, 0.0000e+00, 0.0000e+00, 
 2DIAGNOSTIC,    14, -6.084147953976e-01, 2.174082127407e-04, 0.0000e+00, 0.0000e+00, 
 2DIAGNOSTIC,    15, -6.085307296077e-01, 1.533624563753e-04, 0.0000e+00, 0.0000e+00, 
 2DIAGNOSTIC,    16, -6.085350688242e-01, 1.134600857620e-04, 0.0000e+00, 0.0000e+00, 
 2DIAGNOSTIC,    17, -6.085453116120e-01, 8.561335418652e-05, 0.0000e+00, 0.0000e+00, 
 2DIAGNOSTIC,    18, -6.085479264933e-01, 5.797364311192e-05, 0.0000e+00, 0.0000e+00, 
 2DIAGNOSTIC,    19, -6.085474541278e-01, 3.283974272344e-05, 0.0000e+00, 0.0000e+00, 
 2DIAGNOSTIC,    20, -6.085487409625e-01, 1.877096041070e-05, 0.0000e+00, 0.0000e+00, 
 2DIAGNOSTIC,    21, -6.085494648321e-01, 1.297427292218e-05, 0.0000e+00, 0.0000e+00, 
 2DIAGNOSTIC,    22, -6.085497507096e-01, 7.499942284522e-06, 0.0000e+00, 0.0000e+00, 
 2DIAGNOSTIC,    23, -6.085495435790e-01, 4.582980484419e-06, 0.0000e+00, 0.0000e+00, 
 2DIAGNOSTIC,    24, -6.085497297588e-01, 1.909666717620e-06, 0.0000e+00, 0.0000e+00, 
 2DIAGNOSTIC,    25, -6.085498686850e-01, 1.557916231673e-06, 0.0000e+00, 0.0000e+00, 
 2DIAGNOSTIC,    26, -6.085500966753e-01, 1.273240012117e-06, 0.0000e+00, 0.0000e+00, 
 2DIAGNOSTIC,    27, -6.085502625262e-01, 1.174442147818e-06, 0.0000e+00, 0.0000e+00, 
 2DIAGNOSTIC,    28, -6.085502013971e-01, 1.117063763156e-06, 0.0000e+00, 0.0000e+00, 
 2DIAGNOSTIC,    29, -6.085497278743e-01, 1.040819504999e-06, 0.0000e+00, 0.0000e+00, 
DIAGNOSTIC,Iteration,metricValue,convergenceValue,ITERATION_TIME_INDEX,SINCE_LAST
 2DIAGNOSTIC,     1, -5.393706617544e-01, 1.797693134862e+308, 0.0000e+00, 0.0000e+00, 
 2DIAGNOSTIC,     2, -5.394846050412e-01, 1.797693134862e+308, 0.0000e+00, 0.0000e+00, 
 2DIAGNOSTIC,     3, -5.395957318731e-01, 1.797693134862e+308, 0.0000e+00, 0.0000e+00, 
 2DIAGNOSTIC,     4, -5.397272284003e-01, 1.797693134862e+308, 0.0000e+00, 0.0000e+00, 
 2DIAGNOSTIC,     5, -5.398561516953e-01, 1.797693134862e+308, 0.0000e+00, 0.0000e+00, 
 2DIAGNOSTIC,     6, -5.400393819308e-01, 1.797693134862e+308, 0.0000e+00, 0.0000e+00, 
 2DIAGNOSTIC,     7, -5.401168208172e-01, 1.797693134862e+308, 0.0000e+00, 0.0000e+00, 
 2DIAGNOSTIC,     8, -5.404069106103e-01, 1.797693134862e+308, 0.0000e+00, 0.0000e+00, 
 2DIAGNOSTIC,     9, -5.413305807704e-01, 1.797693134862e+308, 0.0000e+00, 0.0000e+00, 
 2DIAGNOSTIC,    10, -5.415812089417e-01, 2.452008190641e-04, 0.0000e+00, 0.0000e+00, 
 2DIAGNOSTIC,    11, -5.423835093722e-01, 2.909309525731e-04, 0.0000e+00, 0.0000e+00, 
 2DIAGNOSTIC,    12, -5.431816012796e-01, 3.427653853106e-04, 0.0000e+00, 0.0000e+00, 
 2DIAGNOSTIC,    13, -5.433739386348e-01, 3.674436429531e-04, 0.0000e+00, 0.0000e+00, 
 2DIAGNOSTIC,    14, -5.433976141003e-01, 3.612198995523e-04, 0.0000e+00, 0.0000e+00, 
 2DIAGNOSTIC,    15, -5.434336672249e-01, 3.289784590490e-04, 0.0000e+00, 0.0000e+00, 
 2DIAGNOSTIC,    16, -5.434573641164e-01, 2.776329160081e-04, 0.0000e+00, 0.0000e+00, 
 2DIAGNOSTIC,    17, -5.434857780687e-01, 2.099200854733e-04, 0.0000e+00, 0.0000e+00, 
 2DIAGNOSTIC,    18, -5.435586297426e-01, 1.406232396049e-04, 0.0000e+00, 0.0000e+00, 
 2DIAGNOSTIC,    19, -5.436387252020e-01, 9.384396020572e-05, 0.0000e+00, 0.0000e+00, 
 2DIAGNOSTIC,    20, -5.439443432855e-01, 5.745716660650e-05, 0.0000e+00, 0.0000e+00, 
 2DIAGNOSTIC,    21, -5.447452737199e-01, 5.868659421162e-05, 0.0000e+00, 0.0000e+00, 
 2DIAGNOSTIC,    22, -5.447448738286e-01, 7.290927736806e-05, 0.0000e+00, 0.0000e+00, 
 2DIAGNOSTIC,    23, -5.447456376917e-01, 8.389421570552e-05, 0.0000e+00, 0.0000e+00, 
 2DIAGNOSTIC,    24, -5.447453718534e-01, 8.694477369735e-05, 0.0000e+00, 0.0000e+00, 
 2DIAGNOSTIC,    25, -5.447454051865e-01, 8.229848848340e-05, 0.0000e+00, 0.0000e+00, 
 2DIAGNOSTIC,    26, -5.447454599257e-01, 7.059338618912e-05, 0.0000e+00, 0.0000e+00, 
 2DIAGNOSTIC,    27, -5.447456946827e-01, 5.378838764966e-05, 0.0000e+00, 0.0000e+00, 
 2DIAGNOSTIC,    28, -5.447460564105e-01, 3.485732004375e-05, 0.0000e+00, 0.0000e+00, 
 2DIAGNOSTIC,    29, -5.447460525377e-01, 1.550587692262e-05, 0.0000e+00, 0.0000e+00, 
 2DIAGNOSTIC,    30, -5.447460685927e-01, 1.012511381321e-06, 0.0000e+00, 0.0000e+00, 
DIAGNOSTIC,Iteration,metricValue,convergenceValue,ITERATION_TIME_INDEX,SINCE_LAST
 2DIAGNOSTIC,     1, -5.002331822882e-01, 1.797693134862e+308, 0.0000e+00, 0.0000e+00, 
 2DIAGNOSTIC,     2, -5.003803048875e-01, 1.797693134862e+308, 0.0000e+00, 0.0000e+00, 
 2DIAGNOSTIC,     3, -5.005324256598e-01, 1.797693134862e+308, 0.0000e+00, 0.0000e+00, 
 2DIAGNOSTIC,     4, -5.007317005674e-01, 1.797693134862e+308, 0.0000e+00, 0.0000e+00, 
 2DIAGNOSTIC,     5, -5.007935460336e-01, 1.797693134862e+308, 0.0000e+00, 0.0000e+00, 
 2DIAGNOSTIC,     6, -5.008241864449e-01, 1.797693134862e+308, 0.0000e+00, 0.0000e+00, 
 2DIAGNOSTIC,     7, -5.009837318484e-01, 1.797693134862e+308, 0.0000e+00, 0.0000e+00, 
 2DIAGNOSTIC,     8, -5.013781330749e-01, 1.797693134862e+308, 0.0000e+00, 0.0000e+00, 
 2DIAGNOSTIC,     9, -5.013841026319e-01, 1.797693134862e+308, 0.0000e+00, 0.0000e+00, 
 2DIAGNOSTIC,    10, -5.013843554980e-01, 1.586518290598e-04, 0.0000e+00, 0.0000e+00, 
 2DIAGNOSTIC,    11, -5.013841071199e-01, 1.318731884210e-04, 0.0000e+00, 0.0000e+00, 
 2DIAGNOSTIC,    12, -5.013841090608e-01, 1.046884846395e-04, 0.0000e+00, 0.0000e+00, 
 2DIAGNOSTIC,    13, -5.013826470540e-01, 7.851925172052e-05, 0.0000e+00, 0.0000e+00, 
 2DIAGNOSTIC,    14, -5.013825535740e-01, 5.721969394840e-05, 0.0000e+00, 0.0000e+00, 
 2DIAGNOSTIC,    15, -5.013825585585e-01, 3.634842133318e-05, 0.0000e+00, 0.0000e+00, 
 2DIAGNOSTIC,    16, -5.013825585585e-01, 1.602778872237e-05, 0.0000e+00, 0.0000e+00, 
 2DIAGNOSTIC,    17, -5.013825625745e-01, 1.739828703669e-06, 0.0000e+00, 0.0000e+00, 
 2DIAGNOSTIC,    18, -5.013825625745e-01, 1.460831709758e-06, 0.0000e+00, 0.0000e+00, 
 2DIAGNOSTIC,    19, -5.013825625745e-01, 1.403727364346e-06, 0.0000e+00, 0.0000e+00, 
 2DIAGNOSTIC,    20, -5.013825625745e-01, 1.370883593588e-06, 0.0000e+00, 0.0000e+00, 
 2DIAGNOSTIC,    21, -5.013825554112e-01, 1.341542792570e-06, 0.0000e+00, 0.0000e+00, 
 2DIAGNOSTIC,    22, -5.013825554112e-01, 1.320059590172e-06, 0.0000e+00, 0.0000e+00, 
 2DIAGNOSTIC,    23, -5.013825554112e-01, 1.264667161112e-06, 0.0000e+00, 0.0000e+00, 
 2DIAGNOSTIC,    24, -5.013825554112e-01, 1.211686509274e-06, 0.0000e+00, 0.0000e+00, 
 2DIAGNOSTIC,    25, -5.013825588834e-01, 1.163171268311e-06, 0.0000e+00, 0.0000e+00, 
 2DIAGNOSTIC,    26, -5.013825588834e-01, 1.118420455415e-06, 0.0000e+00, 0.0000e+00, 
 2DIAGNOSTIC,    27, -5.013825588834e-01, 1.077102995545e-06, 0.0000e+00, 0.0000e+00, 
 2DIAGNOSTIC,    28, -5.013825588834e-01, 1.038755490589e-06, 0.0000e+00, 0.0000e+00, 
 2DIAGNOSTIC,    29, -5.013825710843e-01, 1.003295670814e-06, 0.0000e+00, 0.0000e+00, 
  Elapsed time (stage 0): 0.0000e+00


Total elapsed time: 0.0000e+00
Info [verificarlo]: loaded backend libinterflop_vprec.so
Info [interflop-vprec]: load backend with: 
Info [interflop-vprec]: precision-binary32 = 14
Info [interflop-vprec]: range-binary32 = 8
Info [interflop-vprec]: precision-binary64 = 14
Info [interflop-vprec]: range-binary64 = 8
Info [interflop-vprec]: mode = ob
Info [interflop-vprec]: error-mode = rel
Info [interflop-vprec]: max-abs-error-exponent = -1022
Info [interflop-vprec]: daz = false
Info [interflop-vprec]: ftz = false
Info [interflop-vprec]: 	instrument = none
Info [interflop-vprec]: 	prec-input-file = (null)
Info [interflop-vprec]: 	prec-output-file = (null)
Info [interflop-vprec]: 	prec-log-file = (null)
All_Command_lines_OK
Using double precision for computations.
=============================================================================
The composite transform comprises the following transforms (in order): 
  1. /home/mdugre/scratch/mri-registration-rp/datasets/ds004513/derivatives/mri-registration-rp/0111/antsRegistration-r8-p14/sub-s038/affine_Composite.h5[0] (type = Euler3DTransform)
  2. /home/mdugre/scratch/mri-registration-rp/datasets/ds004513/derivatives/mri-registration-rp/0111/antsRegistration-r8-p14/sub-s038/affine_Composite.h5[1] (type = Euler3DTransform)
  3. /home/mdugre/scratch/mri-registration-rp/datasets/ds004513/derivatives/mri-registration-rp/0111/antsRegistration-r8-p14/sub-s038/affine_Composite.h5[2] (type = Euler3DTransform)
  4. /home/mdugre/scratch/mri-registration-rp/datasets/ds004513/derivatives/mri-registration-rp/0111/antsRegistration-r8-p14/sub-s038/affine_Composite.h5[3] (type = AffineTransform)
=============================================================================
  number of levels = 4
  fixed image: /templateflow/tpl-MNI152NLin2009cAsym/tpl-MNI152NLin2009cAsym_res-01_desc-brain_T1w.nii.gz
  moving image: /home/mdugre/scratch/mri-registration-rp/datasets/ds004513/derivatives/mri-registration-rp/antsBrainExtraction/sub-s038/BrainExtractionBrain.nii.gz
Dimension = 3
Number of stages = 1
Use histogram matching = false
Winsorize image intensities = true
  Lower quantile = 0.005
  Upper quantile = 0.995


Stage 1 State
   Image metric = CC
     Fixed image = Image (0x333e6f0)
  RTTI typeinfo:   itk::Image<double, 3u>
  Reference Count: 2
  Modified Time: 1606
  Debug: Off
  Object Name: 
  Observers: 
    none
  Source: (none)
  Source output name: (none)
  Release Data: Off
  Data Released: False
  Global Release Data: Off
  PipelineMTime: 0
  UpdateMTime: 1217
  RealTimeStamp: 0 seconds 
  LargestPossibleRegion: 
    Dimension: 3
    Index: [0, 0, 0]
    Size: [193, 229, 193]
  BufferedRegion: 
    Dimension: 3
    Index: [0, 0, 0]
    Size: [193, 229, 193]
  RequestedRegion: 
    Dimension: 3
    Index: [0, 0, 0]
    Size: [193, 229, 193]
  Spacing: [1, 1, 1]
  Origin: [96, 132, -78]
  Direction: 
-1 0 0
0 -1 0
0 0 1

  IndexToPointMatrix: 
-1 0 0
0 -1 0
0 0 1

  PointToIndexMatrix: 
-1 0 0
0 -1 0
0 0 1

  Inverse Direction: 
-1 0 0
0 -1 0
0 0 1

  PixelContainer: 
    ImportImageContainer (0x3417910)
      RTTI typeinfo:   itk::ImportImageContainer<unsigned long, double>
      Reference Count: 1
      Modified Time: 1214
      Debug: Off
      Object Name: 
      Observers: 
        none
      Pointer: 0x145a71092010
      Container manages memory: true
      Size: 8530021
      Capacity: 8530021

     Moving image = Image (0x33fa1f0)
  RTTI typeinfo:   itk::Image<double, 3u>
  Reference Count: 2
  Modified Time: 1607
  Debug: Off
  Object Name: 
  Observers: 
    none
  Source: (none)
  Source output name: (none)
  Release Data: Off
  Data Released: False
  Global Release Data: Off
  PipelineMTime: 0
  UpdateMTime: 1604
  RealTimeStamp: 0 seconds 
  LargestPossibleRegion: 
    Dimension: 3
    Index: [0, 0, 0]
    Size: [160, 240, 256]
  BufferedRegion: 
    Dimension: 3
    Index: [0, 0, 0]
    Size: [160, 240, 256]
  RequestedRegion: 
    Dimension: 3
    Index: [0, 0, 0]
    Size: [160, 240, 256]
  Spacing: [1, 1, 1]
  Origin: [79.5, 93.5195, -127]
  Direction: 
-1 0 0
0 -1 0
0 0 1

  IndexToPointMatrix: 
-1 0 0
0 -1 0
0 0 1

  PointToIndexMatrix: 
-1 0 0
0 -1 0
0 0 1

  Inverse Direction: 
-1 0 0
0 -1 0
0 0 1

  PixelContainer: 
    ImportImageContainer (0x338fa10)
      RTTI typeinfo:   itk::ImportImageContainer<unsigned long, double>
      Reference Count: 1
      Modified Time: 1601
      Debug: Off
      Object Name: 
      Observers: 
        none
      Pointer: 0x145a6c591010
      Container manages memory: true
      Size: 9830400
      Capacity: 9830400

     Weighting = 1
     Sampling strategy = none
     Number of bins = 32
     Radius = 4
     Sampling percentage  = 1
   Transform = SyN
     Gradient step = 0.1
     Update field sigma (voxel space) = 3
     Total field sigma (voxel space) = 0
     Update field time sigma = 0
     Total field time sigma  = 0
     Number of time indices = 0
     Number of time point samples = 0
Registration using 1 total stages.

Stage 0
  iterations = 100x70x50x20
  convergence threshold = 1e-06
  convergence window size = 10
  number of levels = 4
  using the CC metric (radius = 4, weight = 1, use gradient filter = 0)
  preprocessing:  winsorizing the image intensities
  Shrink factors (level 1 out of 4): [8, 8, 8]
  Shrink factors (level 2 out of 4): [4, 4, 4]
  Shrink factors (level 3 out of 4): [2, 2, 2]
  Shrink factors (level 4 out of 4): [1, 1, 1]
  smoothing sigmas per level: [3, 2, 1, 0]
  Using default NONE metricSamplingStrategy 

*** Running SyN registration (varianceForUpdateField = 3, varianceForTotalField = 0) ***

XXDIAGNOSTIC,Iteration,metricValue,convergenceValue,ITERATION_TIME_INDEX,SINCE_LAST
 1DIAGNOSTIC,     1, -8.344726562500e-01, 1.797693134862e+308, 0.0000e+00, 0.0000e+00, 
 1DIAGNOSTIC,     2, -8.516845703125e-01, 1.797693134862e+308, 0.0000e+00, 0.0000e+00, 
 1DIAGNOSTIC,     3, -8.676147460938e-01, 1.797693134862e+308, 0.0000e+00, 0.0000e+00, 
 1DIAGNOSTIC,     4, -8.798217773438e-01, 1.797693134862e+308, 0.0000e+00, 0.0000e+00, 
 1DIAGNOSTIC,     5, -8.893737792969e-01, 1.797693134862e+308, 0.0000e+00, 0.0000e+00, 
 1DIAGNOSTIC,     6, -8.965148925781e-01, 1.797693134862e+308, 0.0000e+00, 0.0000e+00, 
 1DIAGNOSTIC,     7, -9.020996093750e-01, 1.797693134862e+308, 0.0000e+00, 0.0000e+00, 
 1DIAGNOSTIC,     8, -9.064636230469e-01, 1.797693134862e+308, 0.0000e+00, 0.0000e+00, 
 1DIAGNOSTIC,     9, -9.097900390625e-01, 1.797693134862e+308, 0.0000e+00, 0.0000e+00, 
 1DIAGNOSTIC,    10, -9.124755859375e-01, 5.385765647376e-03, 0.0000e+00, 0.0000e+00, 
 1DIAGNOSTIC,    11, -9.145507812500e-01, 3.844582780837e-03, 0.0000e+00, 0.0000e+00, 
 1DIAGNOSTIC,    12, -9.163513183594e-01, 2.722243677377e-03, 0.0000e+00, 0.0000e+00, 
 1DIAGNOSTIC,    13, -9.178771972656e-01, 1.954668491015e-03, 0.0000e+00, 0.0000e+00, 
 1DIAGNOSTIC,    14, -9.191894531250e-01, 1.425717319521e-03, 0.0000e+00, 0.0000e+00, 
 1DIAGNOSTIC,    15, -9.202880859375e-01, 1.062016462842e-03, 0.0000e+00, 0.0000e+00, 
 1DIAGNOSTIC,    16, -9.212951660156e-01, 8.072209059533e-04, 0.0000e+00, 0.0000e+00, 
 1DIAGNOSTIC,    17, -9.222106933594e-01, 6.285051666076e-04, 0.0000e+00, 0.0000e+00, 
 1DIAGNOSTIC,    18, -9.230957031250e-01, 5.032502150029e-04, 0.0000e+00, 0.0000e+00, 
 1DIAGNOSTIC,    19, -9.238586425781e-01, 4.120420501239e-04, 0.0000e+00, 0.0000e+00, 
 1DIAGNOSTIC,    20, -9.246826171875e-01, 3.467351554980e-04, 0.0000e+00, 0.0000e+00, 
 1DIAGNOSTIC,    21, -9.253845214844e-01, 2.967001024612e-04, 0.0000e+00, 0.0000e+00, 
 1DIAGNOSTIC,    22, -9.260559082031e-01, 2.586315781549e-04, 0.0000e+00, 0.0000e+00, 
 1DIAGNOSTIC,    23, -9.267272949219e-01, 2.295096976387e-04, 0.0000e+00, 0.0000e+00, 
 1DIAGNOSTIC,    24, -9.273681640625e-01, 2.066958996433e-04, 0.0000e+00, 0.0000e+00, 
 1DIAGNOSTIC,    25, -9.279479980469e-01, 1.872172310783e-04, 0.0000e+00, 0.0000e+00, 
 1DIAGNOSTIC,    26, -9.284667968750e-01, 1.699252397038e-04, 0.0000e+00, 0.0000e+00, 
 1DIAGNOSTIC,    27, -9.289855957031e-01, 1.544693324143e-04, 0.0000e+00, 0.0000e+00, 
 1DIAGNOSTIC,    28, -9.295043945312e-01, 1.411680093385e-04, 0.0000e+00, 0.0000e+00, 
 1DIAGNOSTIC,    29, -9.299316406250e-01, 1.281762228036e-04, 0.0000e+00, 0.0000e+00, 
 1DIAGNOSTIC,    30, -9.303894042969e-01, 1.172466967548e-04, 0.0000e+00, 0.0000e+00, 
 1DIAGNOSTIC,    31, -9.308166503906e-01, 1.072599385320e-04, 0.0000e+00, 0.0000e+00, 
 1DIAGNOSTIC,    32, -9.312438964844e-01, 9.839577675221e-05, 0.0000e+00, 0.0000e+00, 
 1DIAGNOSTIC,    33, -9.316406250000e-01, 9.077511221507e-05, 0.0000e+00, 0.0000e+00, 
 1DIAGNOSTIC,    34, -9.320373535156e-01, 8.446726279743e-05, 0.0000e+00, 0.0000e+00, 
 1DIAGNOSTIC,    35, -9.324340820312e-01, 7.916770344352e-05, 0.0000e+00, 0.0000e+00, 
 1DIAGNOSTIC,    36, -9.328002929688e-01, 7.425675491979e-05, 0.0000e+00, 0.0000e+00, 
 1DIAGNOSTIC,    37, -9.331665039062e-01, 6.996045285690e-05, 0.0000e+00, 0.0000e+00, 
 1DIAGNOSTIC,    38, -9.335632324219e-01, 6.671447408381e-05, 0.0000e+00, 0.0000e+00, 
 1DIAGNOSTIC,    39, -9.339294433594e-01, 6.357607730893e-05, 0.0000e+00, 0.0000e+00, 
 1DIAGNOSTIC,    40, -9.342956542969e-01, 6.092011030456e-05, 0.0000e+00, 0.0000e+00, 
 1DIAGNOSTIC,    41, -9.346313476562e-01, 5.835022379704e-05, 0.0000e+00, 0.0000e+00, 
 1DIAGNOSTIC,    42, -9.349975585938e-01, 5.619525865952e-05, 0.0000e+00, 0.0000e+00, 
 1DIAGNOSTIC,    43, -9.353332519531e-01, 5.404149448654e-05, 0.0000e+00, 0.0000e+00, 
 1DIAGNOSTIC,    44, -9.356689453125e-01, 5.197290440894e-05, 0.0000e+00, 0.0000e+00, 
 1DIAGNOSTIC,    45, -9.360046386719e-01, 5.007380433259e-05, 0.0000e+00, 0.0000e+00, 
 1DIAGNOSTIC,    46, -9.363403320312e-01, 4.819537080169e-05, 0.0000e+00, 0.0000e+00, 
 1DIAGNOSTIC,    47, -9.367065429688e-01, 4.660059468083e-05, 0.0000e+00, 0.0000e+00, 
 1DIAGNOSTIC,    48, -9.370422363281e-01, 4.532355409282e-05, 0.0000e+00, 0.0000e+00, 
 1DIAGNOSTIC,    49, -9.373779296875e-01, 4.418904569102e-05, 0.0000e+00, 0.0000e+00, 
 1DIAGNOSTIC,    50, -9.377136230469e-01, 4.321222566248e-05, 0.0000e+00, 0.0000e+00, 
 1DIAGNOSTIC,    51, -9.380798339844e-01, 4.237975093023e-05, 0.0000e+00, 0.0000e+00, 
 1DIAGNOSTIC,    52, -9.384155273438e-01, 4.167791738981e-05, 0.0000e+00, 0.0000e+00, 
 1DIAGNOSTIC,    53, -9.387512207031e-01, 4.091884334890e-05, 0.0000e+00, 0.0000e+00, 
 1DIAGNOSTIC,    54, -9.390869140625e-01, 4.010600736502e-05, 0.0000e+00, 0.0000e+00, 
 1DIAGNOSTIC,    55, -9.393920898438e-01, 3.907120041279e-05, 0.0000e+00, 0.0000e+00, 
 1DIAGNOSTIC,    56, -9.396972656250e-01, 3.785037673305e-05, 0.0000e+00, 0.0000e+00, 
 1DIAGNOSTIC,    57, -9.400024414062e-01, 3.667235268595e-05, 0.0000e+00, 0.0000e+00, 
 1DIAGNOSTIC,    58, -9.402770996094e-01, 3.525972091538e-05, 0.0000e+00, 0.0000e+00, 
 1DIAGNOSTIC,    59, -9.405212402344e-01, 3.354383064663e-05, 0.0000e+00, 0.0000e+00, 
 1DIAGNOSTIC,    60, -9.407653808594e-01, 3.164546668545e-05, 0.0000e+00, 0.0000e+00, 
 1DIAGNOSTIC,    61, -9.409790039062e-01, 2.970227875060e-05, 0.0000e+00, 0.0000e+00, 
 1DIAGNOSTIC,    62, -9.411926269531e-01, 2.770122054409e-05, 0.0000e+00, 0.0000e+00, 
 1DIAGNOSTIC,    63, -9.414062500000e-01, 2.579023051146e-05, 0.0000e+00, 0.0000e+00, 
 1DIAGNOSTIC,    64, -9.415893554688e-01, 2.396418711300e-05, 0.0000e+00, 0.0000e+00, 
 1DIAGNOSTIC,    65, -9.417724609375e-01, 2.221403844744e-05, 0.0000e+00, 0.0000e+00, 
 1DIAGNOSTIC,    66, -9.418945312500e-01, 2.038131049168e-05, 0.0000e+00, 0.0000e+00, 
 1DIAGNOSTIC,    67, -9.420776367188e-01, 1.890162674415e-05, 0.0000e+00, 0.0000e+00, 
 1DIAGNOSTIC,    68, -9.421691894531e-01, 1.731182229416e-05, 0.0000e+00, 0.0000e+00, 
 1DIAGNOSTIC,    69, -9.422302246094e-01, 1.548238303944e-05, 0.0000e+00, 0.0000e+00, 
 1DIAGNOSTIC,    70, -9.422912597656e-01, 1.358421191563e-05, 0.0000e+00, 0.0000e+00, 
 1DIAGNOSTIC,    71, -9.423217773438e-01, 1.151112852147e-05, 0.0000e+00, 0.0000e+00, 
 1DIAGNOSTIC,    72, -9.423522949219e-01, 9.449809240870e-06, 0.0000e+00, 0.0000e+00, 
 1DIAGNOSTIC,    73, -9.423522949219e-01, 7.458666375030e-06, 0.0000e+00, 0.0000e+00, 
 1DIAGNOSTIC,    74, -9.423522949219e-01, 5.593963281881e-06, 0.0000e+00, 0.0000e+00, 
 1DIAGNOSTIC,    75, -9.423217773438e-01, 3.899390040869e-06, 0.0000e+00, 0.0000e+00, 
 1DIAGNOSTIC,    76, -9.422912597656e-01, 2.268318171690e-06, 0.0000e+00, 0.0000e+00, 
 1DIAGNOSTIC,    77, -9.422607421875e-01, 1.101930060136e-06, 0.0000e+00, 0.0000e+00, 
 1DIAGNOSTIC,    78, -9.422607421875e-01, 2.536427629578e-07, 0.0000e+00, 0.0000e+00, 
XXDIAGNOSTIC,Iteration,metricValue,convergenceValue,ITERATION_TIME_INDEX,SINCE_LAST
 1DIAGNOSTIC,     1, -8.658752441406e-01, 1.797693134862e+308, 0.0000e+00, 0.0000e+00, 
 1DIAGNOSTIC,     2, -8.687438964844e-01, 1.797693134862e+308, 0.0000e+00, 0.0000e+00, 
 1DIAGNOSTIC,     3, -8.716430664062e-01, 1.797693134862e+308, 0.0000e+00, 0.0000e+00, 
 1DIAGNOSTIC,     4, -8.739929199219e-01, 1.797693134862e+308, 0.0000e+00, 0.0000e+00, 
 1DIAGNOSTIC,     5, -8.759460449219e-01, 1.797693134862e+308, 0.0000e+00, 0.0000e+00, 
 1DIAGNOSTIC,     6, -8.775939941406e-01, 1.797693134862e+308, 0.0000e+00, 0.0000e+00, 
 1DIAGNOSTIC,     7, -8.789978027344e-01, 1.797693134862e+308, 0.0000e+00, 0.0000e+00, 
 1DIAGNOSTIC,     8, -8.801879882812e-01, 1.797693134862e+308, 0.0000e+00, 0.0000e+00, 
 1DIAGNOSTIC,     9, -8.812866210938e-01, 1.797693134862e+308, 0.0000e+00, 0.0000e+00, 
 1DIAGNOSTIC,    10, -8.822631835938e-01, 1.169862040397e-03, 0.0000e+00, 0.0000e+00, 
 1DIAGNOSTIC,    11, -8.831481933594e-01, 9.170920668506e-04, 0.0000e+00, 0.0000e+00, 
 1DIAGNOSTIC,    12, -8.839416503906e-01, 7.222371347269e-04, 0.0000e+00, 0.0000e+00, 
 1DIAGNOSTIC,    13, -8.847351074219e-01, 5.835261499011e-04, 0.0000e+00, 0.0000e+00, 
 1DIAGNOSTIC,    14, -8.854370117188e-01, 4.816503066187e-04, 0.0000e+00, 0.0000e+00, 
 1DIAGNOSTIC,    15, -8.861083984375e-01, 4.055841450501e-04, 0.0000e+00, 0.0000e+00, 
 1DIAGNOSTIC,    16, -8.867492675781e-01, 3.477850123924e-04, 0.0000e+00, 0.0000e+00, 
 1DIAGNOSTIC,    17, -8.873596191406e-01, 3.028317642809e-04, 0.0000e+00, 0.0000e+00, 
 1DIAGNOSTIC,    18, -8.879089355469e-01, 2.658962588843e-04, 0.0000e+00, 0.0000e+00, 
 1DIAGNOSTIC,    19, -8.884582519531e-01, 2.360578035066e-04, 0.0000e+00, 0.0000e+00, 
 1DIAGNOSTIC,    20, -8.889770507812e-01, 2.112649954008e-04, 0.0000e+00, 0.0000e+00, 
 1DIAGNOSTIC,    21, -8.894348144531e-01, 1.896770704252e-04, 0.0000e+00, 0.0000e+00, 
 1DIAGNOSTIC,    22, -8.898620605469e-01, 1.701431955752e-04, 0.0000e+00, 0.0000e+00, 
 1DIAGNOSTIC,    23, -8.901977539062e-01, 1.521613974363e-04, 0.0000e+00, 0.0000e+00, 
 1DIAGNOSTIC,    24, -8.905334472656e-01, 1.353153557303e-04, 0.0000e+00, 0.0000e+00, 
 1DIAGNOSTIC,    25, -8.908081054688e-01, 1.192532024400e-04, 0.0000e+00, 0.0000e+00, 
 1DIAGNOSTIC,    26, -8.910522460938e-01, 1.041460668657e-04, 0.0000e+00, 0.0000e+00, 
 1DIAGNOSTIC,    27, -8.912658691406e-01, 9.017657895573e-05, 0.0000e+00, 0.0000e+00, 
 1DIAGNOSTIC,    28, -8.914794921875e-01, 7.746914236223e-05, 0.0000e+00, 0.0000e+00, 
 1DIAGNOSTIC,    29, -8.916320800781e-01, 6.610177988095e-05, 0.0000e+00, 0.0000e+00, 
 1DIAGNOSTIC,    30, -8.917846679688e-01, 5.645687719199e-05, 0.0000e+00, 0.0000e+00, 
 1DIAGNOSTIC,    31, -8.919372558594e-01, 4.843525145505e-05, 0.0000e+00, 0.0000e+00, 
 1DIAGNOSTIC,    32, -8.920593261719e-01, 4.186959028021e-05, 0.0000e+00, 0.0000e+00, 
 1DIAGNOSTIC,    33, -8.921813964844e-01, 3.621329881456e-05, 0.0000e+00, 0.0000e+00, 
 1DIAGNOSTIC,    34, -8.922729492188e-01, 3.152747954813e-05, 0.0000e+00, 0.0000e+00, 
 1DIAGNOSTIC,    35, -8.923645019531e-01, 2.752191997682e-05, 0.0000e+00, 0.0000e+00, 
 1DIAGNOSTIC,    36, -8.924560546875e-01, 2.415867639563e-05, 0.0000e+00, 0.0000e+00, 
 1DIAGNOSTIC,    37, -8.925476074219e-01, 2.136112806396e-05, 0.0000e+00, 0.0000e+00, 
 1DIAGNOSTIC,    38, -8.926086425781e-01, 1.904716683523e-05, 0.0000e+00, 0.0000e+00, 
 1DIAGNOSTIC,    39, -8.926696777344e-01, 1.685121368220e-05, 0.0000e+00, 0.0000e+00, 
 1DIAGNOSTIC,    40, -8.927307128906e-01, 1.492187432277e-05, 0.0000e+00, 0.0000e+00, 
 1DIAGNOSTIC,    41, -8.927612304688e-01, 1.314354447348e-05, 0.0000e+00, 0.0000e+00, 
 1DIAGNOSTIC,    42, -8.928222656250e-01, 1.164487111909e-05, 0.0000e+00, 0.0000e+00, 
 1DIAGNOSTIC,    43, -8.928527832031e-01, 1.029292693546e-05, 0.0000e+00, 0.0000e+00, 
 1DIAGNOSTIC,    44, -8.928833007812e-01, 8.964780138957e-06, 0.0000e+00, 0.0000e+00, 
 1DIAGNOSTIC,    45, -8.929138183594e-01, 7.761526967302e-06, 0.0000e+00, 0.0000e+00, 
 1DIAGNOSTIC,    46, -8.929443359375e-01, 6.767656207784e-06, 0.0000e+00, 0.0000e+00, 
 1DIAGNOSTIC,    47, -8.929748535156e-01, 6.052635197925e-06, 0.0000e+00, 0.0000e+00, 
 1DIAGNOSTIC,    48, -8.930053710938e-01, 5.449231913947e-06, 0.0000e+00, 0.0000e+00, 
 1DIAGNOSTIC,    49, -8.930358886719e-01, 4.997827267594e-06, 0.0000e+00, 0.0000e+00, 
 1DIAGNOSTIC,    50, -8.930358886719e-01, 4.531137781372e-06, 0.0000e+00, 0.0000e+00, 
 1DIAGNOSTIC,    51, -8.930664062500e-01, 4.082840462310e-06, 0.0000e+00, 0.0000e+00, 
 1DIAGNOSTIC,    52, -8.930969238281e-01, 3.871925544428e-06, 0.0000e+00, 0.0000e+00, 
 1DIAGNOSTIC,    53, -8.930969238281e-01, 3.528146482863e-06, 0.0000e+00, 0.0000e+00, 
 1DIAGNOSTIC,    54, -8.930969238281e-01, 3.093680520292e-06, 0.0000e+00, 0.0000e+00, 
 1DIAGNOSTIC,    55, -8.931274414062e-01, 2.786653169256e-06, 0.0000e+00, 0.0000e+00, 
 1DIAGNOSTIC,    56, -8.931274414062e-01, 2.439779737694e-06, 0.0000e+00, 0.0000e+00, 
 1DIAGNOSTIC,    57, -8.931579589844e-01, 2.259159221224e-06, 0.0000e+00, 0.0000e+00, 
 1DIAGNOSTIC,    58, -8.931579589844e-01, 2.080495298824e-06, 0.0000e+00, 0.0000e+00, 
 1DIAGNOSTIC,    59, -8.931884765625e-01, 2.093329493108e-06, 0.0000e+00, 0.0000e+00, 
 1DIAGNOSTIC,    60, -8.931884765625e-01, 1.944606989265e-06, 0.0000e+00, 0.0000e+00, 
 1DIAGNOSTIC,    61, -8.931884765625e-01, 1.816714293740e-06, 0.0000e+00, 0.0000e+00, 
 1DIAGNOSTIC,    62, -8.931884765625e-01, 1.724154773820e-06, 0.0000e+00, 0.0000e+00, 
 1DIAGNOSTIC,    63, -8.931884765625e-01, 1.514656961802e-06, 0.0000e+00, 0.0000e+00, 
 1DIAGNOSTIC,    64, -8.932189941406e-01, 1.358581475222e-06, 0.0000e+00, 0.0000e+00, 
 1DIAGNOSTIC,    65, -8.932189941406e-01, 1.267531309884e-06, 0.0000e+00, 0.0000e+00, 
 1DIAGNOSTIC,    66, -8.932189941406e-01, 1.100406262118e-06, 0.0000e+00, 0.0000e+00, 
 1DIAGNOSTIC,    67, -8.932189941406e-01, 1.024665855852e-06, 0.0000e+00, 0.0000e+00, 
 1DIAGNOSTIC,    68, -8.932189941406e-01, 8.897783293216e-07, 0.0000e+00, 0.0000e+00, 
XXDIAGNOSTIC,Iteration,metricValue,convergenceValue,ITERATION_TIME_INDEX,SINCE_LAST
 1DIAGNOSTIC,     1, -8.446350097656e-01, 1.797693134862e+308, 0.0000e+00, 0.0000e+00, 
 1DIAGNOSTIC,     2, -8.471679687500e-01, 1.797693134862e+308, 0.0000e+00, 0.0000e+00, 
 1DIAGNOSTIC,     3, -8.498535156250e-01, 1.797693134862e+308, 0.0000e+00, 0.0000e+00, 
 1DIAGNOSTIC,     4, -8.522949218750e-01, 1.797693134862e+308, 0.0000e+00, 0.0000e+00, 
 1DIAGNOSTIC,     5, -8.544921875000e-01, 1.797693134862e+308, 0.0000e+00, 0.0000e+00, 
 1DIAGNOSTIC,     6, -8.564453125000e-01, 1.797693134862e+308, 0.0000e+00, 0.0000e+00, 
 1DIAGNOSTIC,     7, -8.580932617188e-01, 1.797693134862e+308, 0.0000e+00, 0.0000e+00, 
 1DIAGNOSTIC,     8, -8.595581054688e-01, 1.797693134862e+308, 0.0000e+00, 0.0000e+00, 
 1DIAGNOSTIC,     9, -8.609313964844e-01, 1.797693134862e+308, 0.0000e+00, 0.0000e+00, 
 1DIAGNOSTIC,    10, -8.621520996094e-01, 1.312759132219e-03, 0.0000e+00, 0.0000e+00, 
 1DIAGNOSTIC,    11, -8.631286621094e-01, 1.072161146048e-03, 0.0000e+00, 0.0000e+00, 
 1DIAGNOSTIC,    12, -8.640441894531e-01, 8.703158068971e-04, 0.0000e+00, 0.0000e+00, 
 1DIAGNOSTIC,    13, -8.648681640625e-01, 7.099168324754e-04, 0.0000e+00, 0.0000e+00, 
 1DIAGNOSTIC,    14, -8.656311035156e-01, 5.832349419082e-04, 0.0000e+00, 0.0000e+00, 
 1DIAGNOSTIC,    15, -8.663635253906e-01, 4.843958913150e-04, 0.0000e+00, 0.0000e+00, 
 1DIAGNOSTIC,    16, -8.670043945312e-01, 4.068427510418e-04, 0.0000e+00, 0.0000e+00, 
 1DIAGNOSTIC,    17, -8.676452636719e-01, 3.452795965946e-04, 0.0000e+00, 0.0000e+00, 
 1DIAGNOSTIC,    18, -8.682250976562e-01, 2.959418413232e-04, 0.0000e+00, 0.0000e+00, 
 1DIAGNOSTIC,    19, -8.687744140625e-01, 2.575765407179e-04, 0.0000e+00, 0.0000e+00, 
 1DIAGNOSTIC,    20, -8.693237304688e-01, 2.282070400672e-04, 0.0000e+00, 0.0000e+00, 
 1DIAGNOSTIC,    21, -8.698120117188e-01, 2.032644019958e-04, 0.0000e+00, 0.0000e+00, 
 1DIAGNOSTIC,    22, -8.703002929688e-01, 1.825771195637e-04, 0.0000e+00, 0.0000e+00, 
 1DIAGNOSTIC,    23, -8.707580566406e-01, 1.649021487643e-04, 0.0000e+00, 0.0000e+00, 
 1DIAGNOSTIC,    24, -8.712158203125e-01, 1.499321271977e-04, 0.0000e+00, 0.0000e+00, 
 1DIAGNOSTIC,    25, -8.716430664062e-01, 1.373106548859e-04, 0.0000e+00, 0.0000e+00, 
 1DIAGNOSTIC,    26, -8.720703125000e-01, 1.262240216112e-04, 0.0000e+00, 0.0000e+00, 
 1DIAGNOSTIC,    27, -8.724670410156e-01, 1.166866136009e-04, 0.0000e+00, 0.0000e+00, 
 1DIAGNOSTIC,    28, -8.728637695312e-01, 1.082767099094e-04, 0.0000e+00, 0.0000e+00, 
 1DIAGNOSTIC,    29, -8.732604980469e-01, 1.009171523607e-04, 0.0000e+00, 0.0000e+00, 
 1DIAGNOSTIC,    30, -8.736267089844e-01, 9.452063891343e-05, 0.0000e+00, 0.0000e+00, 
 1DIAGNOSTIC,    31, -8.739929199219e-01, 8.863741005793e-05, 0.0000e+00, 0.0000e+00, 
 1DIAGNOSTIC,    32, -8.743591308594e-01, 8.348982129272e-05, 0.0000e+00, 0.0000e+00, 
 1DIAGNOSTIC,    33, -8.747253417969e-01, 7.892184954356e-05, 0.0000e+00, 0.0000e+00, 
 1DIAGNOSTIC,    34, -8.750915527344e-01, 7.507754850976e-05, 0.0000e+00, 0.0000e+00, 
 1DIAGNOSTIC,    35, -8.754577636719e-01, 7.175175958836e-05, 0.0000e+00, 0.0000e+00, 
 1DIAGNOSTIC,    36, -8.758239746094e-01, 6.901995229419e-05, 0.0000e+00, 0.0000e+00, 
 1DIAGNOSTIC,    37, -8.761901855469e-01, 6.662670504845e-05, 0.0000e+00, 0.0000e+00, 
 1DIAGNOSTIC,    38, -8.765563964844e-01, 6.459016595431e-05, 0.0000e+00, 0.0000e+00, 
 1DIAGNOSTIC,    39, -8.769226074219e-01, 6.291510932777e-05, 0.0000e+00, 0.0000e+00, 
 1DIAGNOSTIC,    40, -8.772888183594e-01, 6.132410512581e-05, 0.0000e+00, 0.0000e+00, 
 1DIAGNOSTIC,    41, -8.776245117188e-01, 5.956714859687e-05, 0.0000e+00, 0.0000e+00, 
 1DIAGNOSTIC,    42, -8.780212402344e-01, 5.816228781766e-05, 0.0000e+00, 0.0000e+00, 
 1DIAGNOSTIC,    43, -8.783874511719e-01, 5.683338677423e-05, 0.0000e+00, 0.0000e+00, 
 1DIAGNOSTIC,    44, -8.787536621094e-01, 5.557970388868e-05, 0.0000e+00, 0.0000e+00, 
 1DIAGNOSTIC,    45, -8.790893554688e-01, 5.417457617120e-05, 0.0000e+00, 0.0000e+00, 
 1DIAGNOSTIC,    46, -8.794555664062e-01, 5.286457849946e-05, 0.0000e+00, 0.0000e+00, 
 1DIAGNOSTIC,    47, -8.797912597656e-01, 5.142834879467e-05, 0.0000e+00, 0.0000e+00, 
 1DIAGNOSTIC,    48, -8.801269531250e-01, 4.990600061398e-05, 0.0000e+00, 0.0000e+00, 
 1DIAGNOSTIC,    49, -8.804626464844e-01, 4.835141534403e-05, 0.0000e+00, 0.0000e+00, 
 1DIAGNOSTIC,    50, -8.807678222656e-01, 4.662391109851e-05, 0.0000e+00, 0.0000e+00, 
XXDIAGNOSTIC,Iteration,metricValue,convergenceValue,ITERATION_TIME_INDEX,SINCE_LAST
 1DIAGNOSTIC,     1, -8.475952148438e-01, 1.797693134862e+308, 0.0000e+00, 0.0000e+00, 
 1DIAGNOSTIC,     2, -8.483276367188e-01, 1.797693134862e+308, 0.0000e+00, 0.0000e+00, 
 1DIAGNOSTIC,     3, -8.493957519531e-01, 1.797693134862e+308, 0.0000e+00, 0.0000e+00, 
 1DIAGNOSTIC,     4, -8.505249023438e-01, 1.797693134862e+308, 0.0000e+00, 0.0000e+00, 
 1DIAGNOSTIC,     5, -8.516235351562e-01, 1.797693134862e+308, 0.0000e+00, 0.0000e+00, 
 1DIAGNOSTIC,     6, -8.527526855469e-01, 1.797693134862e+308, 0.0000e+00, 0.0000e+00, 
 1DIAGNOSTIC,     7, -8.539123535156e-01, 1.797693134862e+308, 0.0000e+00, 0.0000e+00, 
 1DIAGNOSTIC,     8, -8.549499511719e-01, 1.797693134862e+308, 0.0000e+00, 0.0000e+00, 
 1DIAGNOSTIC,     9, -8.558959960938e-01, 1.797693134862e+308, 0.0000e+00, 0.0000e+00, 
 1DIAGNOSTIC,    10, -8.566894531250e-01, 7.157559449411e-04, 0.0000e+00, 0.0000e+00, 
 1DIAGNOSTIC,    11, -8.574523925781e-01, 6.393713589188e-04, 0.0000e+00, 0.0000e+00, 
 1DIAGNOSTIC,    12, -8.580017089844e-01, 5.536193867187e-04, 0.0000e+00, 0.0000e+00, 
 1DIAGNOSTIC,    13, -8.585815429688e-01, 4.730683201090e-04, 0.0000e+00, 0.0000e+00, 
 1DIAGNOSTIC,    14, -8.590087890625e-01, 3.978707887232e-04, 0.0000e+00, 0.0000e+00, 
 1DIAGNOSTIC,    15, -8.594055175781e-01, 3.294045314694e-04, 0.0000e+00, 0.0000e+00, 
 1DIAGNOSTIC,    16, -8.598022460938e-01, 2.708205917904e-04, 0.0000e+00, 0.0000e+00, 
 1DIAGNOSTIC,    17, -8.601684570312e-01, 2.238683623860e-04, 0.0000e+00, 0.0000e+00, 
 1DIAGNOSTIC,    18, -8.604736328125e-01, 1.861059091133e-04, 0.0000e+00, 0.0000e+00, 
 1DIAGNOSTIC,    19, -8.607788085938e-01, 1.568924784981e-04, 0.0000e+00, 0.0000e+00, 
 1DIAGNOSTIC,    20, -8.610534667969e-01, 1.336756947604e-04, 0.0000e+00, 0.0000e+00, 
  Elapsed time (stage 0): 0


Total elapsed time: 0
