
##########################
# Experiment information #
##########################

EXPERIMENT_NAME: antsRegistration-r7-p22
VFC_BACKENDS: libinterflop_vprec.so --range-binary32=7 --precision-binary32=22 --range-binary64=7 --precision-binary64=22

SIF_IMG: /home/mdugre/projects/rrg-glatard/mdugre/containers/ants-vprec-no_metrics.simg

SUBJECT_ID: s020
INPUT_IMG: /home/mdugre/scratch/mri-registration-rp/datasets/ds004513/derivatives/mri-registration-rp/antsBrainExtraction/sub-s020/BrainExtractionBrain.nii.gz
OUTPUT_DIR: /home/mdugre/scratch/mri-registration-rp/datasets/ds004513/derivatives/mri-registration-rp/0111/antsRegistration-r7-p22/sub-s020

FIXED_IMG: /templateflow/tpl-MNI152NLin2009cAsym/tpl-MNI152NLin2009cAsym_res-01_desc-brain_T1w.nii.gz
DATA_DIR: /home/mdugre/scratch/mri-registration-rp/datasets/ds004513
TEMPLATEFLOW_DIR: /home/mdugre/projects/rrg-glatard/mdugre/templateflow
ITK_GLOBAL_DEFAULT_NUMBER_OF_THREADS: 16
##########################

Info [verificarlo]: loaded backend libinterflop_ieee.so
Info [interflop-ieee]: load backend with:
Info [interflop-ieee]: debug = false
Info [interflop-ieee]: debug-binary = false
Info [interflop-ieee]: no-backend-name = false
Info [interflop-ieee]: print-new-line = false
Info [interflop-ieee]: print-subnormal-normalized = false
Info [interflop-ieee]: count-op = false
All_Command_lines_OK
Using double precision for computations.
=============================================================================
The composite transform comprises the following transforms (in order): 
  1. Center of mass alignment using fixed image: /templateflow/tpl-MNI152NLin2009cAsym/tpl-MNI152NLin2009cAsym_res-01_desc-brain_T1w.nii.gz and moving image: /home/mdugre/scratch/mri-registration-rp/datasets/ds004513/derivatives/mri-registration-rp/antsBrainExtraction/sub-s020/BrainExtractionBrain.nii.gz (type = Euler3DTransform)
=============================================================================
  number of levels = 1
  fixed image: /templateflow/tpl-MNI152NLin2009cAsym/tpl-MNI152NLin2009cAsym_res-01_desc-brain_T1w.nii.gz
  moving image: /home/mdugre/scratch/mri-registration-rp/datasets/ds004513/derivatives/mri-registration-rp/antsBrainExtraction/sub-s020/BrainExtractionBrain.nii.gz
Dimension = 3
Number of stages = 1
Use histogram matching = false
Winsorize image intensities = true
  Lower quantile = 0.005
  Upper quantile = 0.995


Stage 1 State
   Image metric = MattesMI
     Fixed image = Image (0x4bb0e70)
  RTTI typeinfo:   itk::Image<double, 3u>
  Reference Count: 2
  Modified Time: 2334
  Debug: Off
  Object Name: 
  Observers: 
    none
  Source: (none)
  Source output name: (none)
  Release Data: Off
  Data Released: False
  Global Release Data: Off
  PipelineMTime: 0
  UpdateMTime: 1943
  RealTimeStamp: 0 seconds 
  LargestPossibleRegion: 
    Dimension: 3
    Index: [0, 0, 0]
    Size: [193, 229, 193]
  BufferedRegion: 
    Dimension: 3
    Index: [0, 0, 0]
    Size: [193, 229, 193]
  RequestedRegion: 
    Dimension: 3
    Index: [0, 0, 0]
    Size: [193, 229, 193]
  Spacing: [1, 1, 1]
  Origin: [96, 132, -78]
  Direction: 
-1 0 0
0 -1 0
0 0 1

  IndexToPointMatrix: 
-1 0 0
0 -1 0
0 0 1

  PointToIndexMatrix: 
-1 0 0
0 -1 0
0 0 1

  Inverse Direction: 
-1 0 0
0 -1 0
0 0 1

  PixelContainer: 
    ImportImageContainer (0x4bb9c60)
      RTTI typeinfo:   itk::ImportImageContainer<unsigned long, double>
      Reference Count: 1
      Modified Time: 1940
      Debug: Off
      Object Name: 
      Observers: 
        none
      Pointer: 0x14a0a88df010
      Container manages memory: true
      Size: 8530021
      Capacity: 8530021

     Moving image = Image (0x4bbc610)
  RTTI typeinfo:   itk::Image<double, 3u>
  Reference Count: 2
  Modified Time: 2335
  Debug: Off
  Object Name: 
  Observers: 
    none
  Source: (none)
  Source output name: (none)
  Release Data: Off
  Data Released: False
  Global Release Data: Off
  PipelineMTime: 0
  UpdateMTime: 2332
  RealTimeStamp: 0 seconds 
  LargestPossibleRegion: 
    Dimension: 3
    Index: [0, 0, 0]
    Size: [160, 240, 256]
  BufferedRegion: 
    Dimension: 3
    Index: [0, 0, 0]
    Size: [160, 240, 256]
  RequestedRegion: 
    Dimension: 3
    Index: [0, 0, 0]
    Size: [160, 240, 256]
  Spacing: [0.999995, 1, 1]
  Origin: [87.0906, 98.7205, -152.377]
  Direction: 
-0.996975 0.0261379 -0.0731913
-0.0260677 -0.999658 -0.00191374
-0.0732163 -2.46403e-08 0.997316

  IndexToPointMatrix: 
-0.996971 0.0261379 -0.0731913
-0.0260676 -0.999658 -0.00191374
-0.0732159 -2.46403e-08 0.997316

  PointToIndexMatrix: 
-0.99698 -0.0260679 -0.0732166
0.0261379 -0.999658 -2.46993e-08
-0.0731913 -0.00191374 0.997316

  Inverse Direction: 
-0.996975 -0.0260677 -0.0732163
0.0261379 -0.999658 -2.46993e-08
-0.0731913 -0.00191374 0.997316

  PixelContainer: 
    ImportImageContainer (0x4c55ef0)
      RTTI typeinfo:   itk::ImportImageContainer<unsigned long, double>
      Reference Count: 1
      Modified Time: 2329
      Debug: Off
      Object Name: 
      Observers: 
        none
      Pointer: 0x14a0a3dde010
      Container manages memory: true
      Size: 9830400
      Capacity: 9830400

     Weighting = 1
     Sampling strategy = regular
     Number of bins = 32
     Radius = 4
     Sampling percentage  = 0.25
   Transform = Rigid
     Gradient step = 0.1
     Update field sigma (voxel space) = 0
     Total field sigma (voxel space) = 0
     Update field time sigma = 0
     Total field time sigma  = 0
     Number of time indices = 0
     Number of time point samples = 0
Registration using 1 total stages.

Stage 0
  iterations = 0
  convergence threshold = 1e-06
  convergence window size = 10
  number of levels = 1
  using the Mattes MI metric (number of bins = 32, weight = 1, use gradient filter = 0)
  preprocessing:  winsorizing the image intensities
  Shrink factors (level 1 out of 1): [1, 1, 1]
  smoothing sigmas per level: [0]
  regular sampling (percentage = 0.25)

*** Running Euler3DTransform registration ***

  Elapsed time (stage 0): 1.11888


Total elapsed time: 1.12104
Info [verificarlo]: loaded backend libinterflop_vprec.so
Info [interflop-vprec]: load backend with: 
Info [interflop-vprec]: precision-binary32 = 22
Info [interflop-vprec]: range-binary32 = 7
Info [interflop-vprec]: precision-binary64 = 22
Info [interflop-vprec]: range-binary64 = 7
Info [interflop-vprec]: mode = ob
Info [interflop-vprec]: error-mode = rel
Info [interflop-vprec]: max-abs-error-exponent = -1022
Info [interflop-vprec]: daz = false
Info [interflop-vprec]: ftz = false
Info [interflop-vprec]: 	instrument = none
Info [interflop-vprec]: 	prec-input-file = (null)
Info [interflop-vprec]: 	prec-output-file = (null)
Info [interflop-vprec]: 	prec-log-file = (null)
All_Command_lines_OK
Using double precision for computations.
=============================================================================
The composite transform comprises the following transforms (in order): 
  1. /home/mdugre/scratch/mri-registration-rp/datasets/ds004513/derivatives/mri-registration-rp/0111/antsRegistration-r7-p22/sub-s020/align_Composite.h5[0] (type = Euler3DTransform)
  2. /home/mdugre/scratch/mri-registration-rp/datasets/ds004513/derivatives/mri-registration-rp/0111/antsRegistration-r7-p22/sub-s020/align_Composite.h5[1] (type = Euler3DTransform)
=============================================================================
  number of levels = 4
  fixed image: /templateflow/tpl-MNI152NLin2009cAsym/tpl-MNI152NLin2009cAsym_res-01_desc-brain_T1w.nii.gz
  moving image: /home/mdugre/scratch/mri-registration-rp/datasets/ds004513/derivatives/mri-registration-rp/antsBrainExtraction/sub-s020/BrainExtractionBrain.nii.gz
Dimension = 3
Number of stages = 1
Use histogram matching = false
Winsorize image intensities = true
  Lower quantile = 0.005
  Upper quantile = 0.995


Stage 1 State
   Image metric = MattesMI
     Fixed image = Image (0x4baf1e0)
  RTTI typeinfo:   itk::Image<double, 3u>
  Reference Count: 2
  Modified Time: 1580
  Debug: Off
  Object Name: 
  Observers: 
    none
  Source: (none)
  Source output name: (none)
  Release Data: Off
  Data Released: False
  Global Release Data: Off
  PipelineMTime: 0
  UpdateMTime: 1189
  RealTimeStamp: 0 seconds 
  LargestPossibleRegion: 
    Dimension: 3
    Index: [0, 0, 0]
    Size: [193, 229, 193]
  BufferedRegion: 
    Dimension: 3
    Index: [0, 0, 0]
    Size: [193, 229, 193]
  RequestedRegion: 
    Dimension: 3
    Index: [0, 0, 0]
    Size: [193, 229, 193]
  Spacing: [1, 1, 1]
  Origin: [96, 132, -78]
  Direction: 
-1 0 0
0 -1 0
0 0 1

  IndexToPointMatrix: 
-1 0 0
0 -1 0
0 0 1

  PointToIndexMatrix: 
-1 0 0
0 -1 0
0 0 1

  Inverse Direction: 
-1 0 0
0 -1 0
0 0 1

  PixelContainer: 
    ImportImageContainer (0x4c6e680)
      RTTI typeinfo:   itk::ImportImageContainer<unsigned long, double>
      Reference Count: 1
      Modified Time: 1186
      Debug: Off
      Object Name: 
      Observers: 
        none
      Pointer: 0x14c1b8c20010
      Container manages memory: true
      Size: 8530021
      Capacity: 8530021

     Moving image = Image (0x4c6ab20)
  RTTI typeinfo:   itk::Image<double, 3u>
  Reference Count: 2
  Modified Time: 1581
  Debug: Off
  Object Name: 
  Observers: 
    none
  Source: (none)
  Source output name: (none)
  Release Data: Off
  Data Released: False
  Global Release Data: Off
  PipelineMTime: 0
  UpdateMTime: 1578
  RealTimeStamp: 0 seconds 
  LargestPossibleRegion: 
    Dimension: 3
    Index: [0, 0, 0]
    Size: [160, 240, 256]
  BufferedRegion: 
    Dimension: 3
    Index: [0, 0, 0]
    Size: [160, 240, 256]
  RequestedRegion: 
    Dimension: 3
    Index: [0, 0, 0]
    Size: [160, 240, 256]
  Spacing: [0.999995, 1, 1]
  Origin: [87.0906, 98.7205, -152.377]
  Direction: 
-0.996975 0.0261379 -0.0731913
-0.0260677 -0.999658 -0.00191374
-0.0732163 -2.46403e-08 0.997316

  IndexToPointMatrix: 
-0.996971 0.0261379 -0.0731913
-0.0260676 -0.999658 -0.00191374
-0.0732159 -2.46403e-08 0.997316

  PointToIndexMatrix: 
-0.99698 -0.0260679 -0.0732167
0.0261379 -0.999659 -3.57628e-07
-0.0731913 -0.00191373 0.997316

  Inverse Direction: 
-0.996976 -0.0260677 -0.0732163
0.0261379 -0.999659 -3.57628e-07
-0.0731913 -0.00191367 0.997316

  PixelContainer: 
    ImportImageContainer (0x4cd3d50)
      RTTI typeinfo:   itk::ImportImageContainer<unsigned long, double>
      Reference Count: 1
      Modified Time: 1575
      Debug: Off
      Object Name: 
      Observers: 
        none
      Pointer: 0x14c1b411f010
      Container manages memory: true
      Size: 9830400
      Capacity: 9830400

     Weighting = 1
     Sampling strategy = regular
     Number of bins = 32
     Radius = 4
     Sampling percentage  = 0.25
   Transform = Rigid
     Gradient step = 0.1
     Update field sigma (voxel space) = 0
     Total field sigma (voxel space) = 0
     Update field time sigma = 0
     Total field time sigma  = 0
     Number of time indices = 0
     Number of time point samples = 0
Registration using 1 total stages.

Stage 0
  iterations = 1000x500x250x100
  convergence threshold = 1e-06
  convergence window size = 10
  number of levels = 4
  using the Mattes MI metric (number of bins = 32, weight = 1, use gradient filter = 0)
  preprocessing:  winsorizing the image intensities
  Shrink factors (level 1 out of 4): [8, 8, 8]
  Shrink factors (level 2 out of 4): [4, 4, 4]
  Shrink factors (level 3 out of 4): [2, 2, 2]
  Shrink factors (level 4 out of 4): [1, 1, 1]
  smoothing sigmas per level: [3, 2, 1, 0]
  regular sampling (percentage = 0.25)

*** Running Euler3DTransform registration ***

DIAGNOSTIC,Iteration,metricValue,convergenceValue,ITERATION_TIME_INDEX,SINCE_LAST
 2DIAGNOSTIC,     1, -3.791266413848e-01, 1.797693134862e+308, 0.0000e+00, 0.0000e+00, 
 2DIAGNOSTIC,     2, -3.803594411069e-01, 1.797693134862e+308, 0.0000e+00, 0.0000e+00, 
 2DIAGNOSTIC,     3, -3.828940471450e-01, 1.797693134862e+308, 0.0000e+00, 0.0000e+00, 
 2DIAGNOSTIC,     4, -3.876094657420e-01, 1.797693134862e+308, 0.0000e+00, 0.0000e+00, 
 2DIAGNOSTIC,     5, -3.904906490914e-01, 1.797693134862e+308, 0.0000e+00, 0.0000e+00, 
 2DIAGNOSTIC,     6, -3.911023308837e-01, 1.797693134862e+308, 0.0000e+00, 0.0000e+00, 
 2DIAGNOSTIC,     7, -3.914883412772e-01, 1.797693134862e+308, 0.0000e+00, 0.0000e+00, 
 2DIAGNOSTIC,     8, -3.925571261067e-01, 1.797693134862e+308, 0.0000e+00, 0.0000e+00, 
 2DIAGNOSTIC,     9, -3.981511725376e-01, 1.797693134862e+308, 0.0000e+00, 0.0000e+00, 
 2DIAGNOSTIC,    10, -4.077290550517e-01, 3.852452013319e-03, 0.0000e+00, 0.0000e+00, 
 2DIAGNOSTIC,    11, -4.244394148331e-01, 4.878057594616e-03, 0.0000e+00, 0.0000e+00, 
 2DIAGNOSTIC,    12, -4.252031148292e-01, 5.389586487353e-03, 0.0000e+00, 0.0000e+00, 
 2DIAGNOSTIC,    13, -4.305585555885e-01, 5.771897752989e-03, 0.0000e+00, 0.0000e+00, 
 2DIAGNOSTIC,    14, -4.470790007030e-01, 6.626581392722e-03, 0.0000e+00, 0.0000e+00, 
 2DIAGNOSTIC,    15, -4.480631407260e-01, 6.905137619608e-03, 0.0000e+00, 0.0000e+00, 
 2DIAGNOSTIC,    16, -4.478864063530e-01, 6.537051053498e-03, 0.0000e+00, 0.0000e+00, 
 2DIAGNOSTIC,    17, -4.497019869674e-01, 5.721970084775e-03, 0.0000e+00, 0.0000e+00, 
 2DIAGNOSTIC,    18, -4.502124325497e-01, 4.541477662240e-03, 0.0000e+00, 0.0000e+00, 
 2DIAGNOSTIC,    19, -4.513902338717e-01, 3.308268631643e-03, 0.0000e+00, 0.0000e+00, 
 2DIAGNOSTIC,    20, -4.516976401129e-01, 2.224503417695e-03, 0.0000e+00, 0.0000e+00, 
 2DIAGNOSTIC,    21, -4.519931823291e-01, 1.606790043843e-03, 0.0000e+00, 0.0000e+00, 
 2DIAGNOSTIC,    22, -4.532916134127e-01, 9.649524308830e-04, 0.0000e+00, 0.0000e+00, 
 2DIAGNOSTIC,    23, -4.536610207448e-01, 4.462600213628e-04, 0.0000e+00, 0.0000e+00, 
 2DIAGNOSTIC,    24, -4.539835243915e-01, 4.040881799650e-04, 0.0000e+00, 0.0000e+00, 
 2DIAGNOSTIC,    25, -4.543144077517e-01, 3.641945356811e-04, 0.0000e+00, 0.0000e+00, 
 2DIAGNOSTIC,    26, -4.543546621312e-01, 2.890791218916e-04, 0.0000e+00, 0.0000e+00, 
 2DIAGNOSTIC,    27, -4.545094711208e-01, 2.412476056019e-04, 0.0000e+00, 0.0000e+00, 
 2DIAGNOSTIC,    28, -4.546747660914e-01, 1.896678824036e-04, 0.0000e+00, 0.0000e+00, 
 2DIAGNOSTIC,    29, -4.552731396521e-01, 1.648953035755e-04, 0.0000e+00, 0.0000e+00, 
 2DIAGNOSTIC,    30, -4.556709674827e-01, 1.418568748346e-04, 0.0000e+00, 0.0000e+00, 
 2DIAGNOSTIC,    31, -4.557496053360e-01, 1.144070467207e-04, 0.0000e+00, 0.0000e+00, 
 2DIAGNOSTIC,    32, -4.559108700335e-01, 1.083140722923e-04, 0.0000e+00, 0.0000e+00, 
 2DIAGNOSTIC,    33, -4.560765096117e-01, 1.029870509577e-04, 0.0000e+00, 0.0000e+00, 
 2DIAGNOSTIC,    34, -4.574176660847e-01, 1.201032105471e-04, 0.0000e+00, 0.0000e+00, 
 2DIAGNOSTIC,    35, -4.600434996883e-01, 1.795705606008e-04, 0.0000e+00, 0.0000e+00, 
 2DIAGNOSTIC,    36, -4.839877472539e-01, 6.531574152165e-04, 0.0000e+00, 0.0000e+00, 
 2DIAGNOSTIC,    37, -4.844202742306e-01, 1.035722329197e-03, 0.0000e+00, 0.0000e+00, 
 2DIAGNOSTIC,    38, -4.860693115772e-01, 1.333741215215e-03, 0.0000e+00, 0.0000e+00, 
 2DIAGNOSTIC,    39, -4.881478120990e-01, 1.537574322557e-03, 0.0000e+00, 0.0000e+00, 
 2DIAGNOSTIC,    40, -4.908092462394e-01, 1.630405302406e-03, 0.0000e+00, 0.0000e+00, 
 2DIAGNOSTIC,    41, -4.952391272755e-01, 1.626999191196e-03, 0.0000e+00, 0.0000e+00, 
 2DIAGNOSTIC,    42, -4.969138437551e-01, 1.495220706700e-03, 0.0000e+00, 0.0000e+00, 
 2DIAGNOSTIC,    43, -4.974808654712e-01, 1.244709192816e-03, 0.0000e+00, 0.0000e+00, 
 2DIAGNOSTIC,    44, -4.978315694415e-01, 9.164613780372e-04, 0.0000e+00, 0.0000e+00, 
 2DIAGNOSTIC,    45, -4.986200379921e-01, 5.555607653610e-04, 0.0000e+00, 0.0000e+00, 
 2DIAGNOSTIC,    46, -4.995470872951e-01, 5.019635050836e-04, 0.0000e+00, 0.0000e+00, 
 2DIAGNOSTIC,    47, -4.996042850909e-01, 4.091475850957e-04, 0.0000e+00, 0.0000e+00, 
 2DIAGNOSTIC,    48, -4.998058658301e-01, 3.066441774227e-04, 0.0000e+00, 0.0000e+00, 
 2DIAGNOSTIC,    49, -4.999595262748e-01, 2.083215171605e-04, 0.0000e+00, 0.0000e+00, 
 2DIAGNOSTIC,    50, -5.000922053952e-01, 1.282063518420e-04, 0.0000e+00, 0.0000e+00, 
 2DIAGNOSTIC,    51, -5.003185302264e-01, 9.606325949886e-05, 0.0000e+00, 0.0000e+00, 
 2DIAGNOSTIC,    52, -5.003415879645e-01, 7.654059976538e-05, 0.0000e+00, 0.0000e+00, 
 2DIAGNOSTIC,    53, -5.003559860152e-01, 5.759914212282e-05, 0.0000e+00, 0.0000e+00, 
 2DIAGNOSTIC,    54, -5.004693925417e-01, 3.921532998239e-05, 0.0000e+00, 0.0000e+00, 
 2DIAGNOSTIC,    55, -5.004845850262e-01, 2.664861260641e-05, 0.0000e+00, 0.0000e+00, 
 2DIAGNOSTIC,    56, -5.005225090231e-01, 2.280280150199e-05, 0.0000e+00, 0.0000e+00, 
 2DIAGNOSTIC,    57, -5.004587742610e-01, 1.688240546893e-05, 0.0000e+00, 0.0000e+00, 
 2DIAGNOSTIC,    58, -5.003989475647e-01, 1.116757706817e-05, 0.0000e+00, 0.0000e+00, 
 2DIAGNOSTIC,    59, -5.004382374824e-01, 6.662271196885e-06, 0.0000e+00, 0.0000e+00, 
 2DIAGNOSTIC,    60, -5.005157028678e-01, 3.802857758906e-06, 0.0000e+00, 0.0000e+00, 
 2DIAGNOSTIC,    61, -5.005578324355e-01, 3.434390758797e-06, 0.0000e+00, 0.0000e+00, 
 2DIAGNOSTIC,    62, -5.005697468136e-01, 3.178103482045e-06, 0.0000e+00, 0.0000e+00, 
 2DIAGNOSTIC,    63, -5.005925316460e-01, 3.042766648684e-06, 0.0000e+00, 0.0000e+00, 
 2DIAGNOSTIC,    64, -5.006460735773e-01, 4.260965732018e-06, 0.0000e+00, 0.0000e+00, 
 2DIAGNOSTIC,    65, -5.006952438009e-01, 5.636515001430e-06, 0.0000e+00, 0.0000e+00, 
 2DIAGNOSTIC,    66, -5.007072738894e-01, 6.942700676471e-06, 0.0000e+00, 0.0000e+00, 
 2DIAGNOSTIC,    67, -5.007085783893e-01, 7.055574760172e-06, 0.0000e+00, 0.0000e+00, 
 2DIAGNOSTIC,    68, -5.007112952970e-01, 6.027938573398e-06, 0.0000e+00, 0.0000e+00, 
 2DIAGNOSTIC,    69, -5.007189311517e-01, 4.893451437282e-06, 0.0000e+00, 0.0000e+00, 
 2DIAGNOSTIC,    70, -5.007416144923e-01, 4.226926877082e-06, 0.0000e+00, 0.0000e+00, 
 2DIAGNOSTIC,    71, -5.007693002755e-01, 3.819267016238e-06, 0.0000e+00, 0.0000e+00, 
 2DIAGNOSTIC,    72, -5.009070504170e-01, 4.371225917767e-06, 0.0000e+00, 0.0000e+00, 
 2DIAGNOSTIC,    73, -5.009909036218e-01, 5.386534639809e-06, 0.0000e+00, 0.0000e+00, 
 2DIAGNOSTIC,    74, -5.009628223368e-01, 6.092960240619e-06, 0.0000e+00, 0.0000e+00, 
 2DIAGNOSTIC,    75, -5.009746448374e-01, 6.756491072013e-06, 0.0000e+00, 0.0000e+00, 
 2DIAGNOSTIC,    76, -5.009947384755e-01, 7.047918640007e-06, 0.0000e+00, 0.0000e+00, 
 2DIAGNOSTIC,    77, -5.010292395902e-01, 6.950913261408e-06, 0.0000e+00, 0.0000e+00, 
 2DIAGNOSTIC,    78, -5.010395478557e-01, 6.315120832505e-06, 0.0000e+00, 0.0000e+00, 
 2DIAGNOSTIC,    79, -5.010418252204e-01, 5.224140742032e-06, 0.0000e+00, 0.0000e+00, 
 2DIAGNOSTIC,    80, -5.010469148097e-01, 3.929723089449e-06, 0.0000e+00, 0.0000e+00, 
 2DIAGNOSTIC,    81, -5.010602776251e-01, 2.608315331961e-06, 0.0000e+00, 0.0000e+00, 
 2DIAGNOSTIC,    82, -5.010613406129e-01, 2.105905051401e-06, 0.0000e+00, 0.0000e+00, 
 2DIAGNOSTIC,    83, -5.010666235016e-01, 2.109348569279e-06, 0.0000e+00, 0.0000e+00, 
 2DIAGNOSTIC,    84, -5.010684725518e-01, 1.763240490350e-06, 0.0000e+00, 0.0000e+00, 
 2DIAGNOSTIC,    85, -5.010688435839e-01, 1.379933738150e-06, 0.0000e+00, 0.0000e+00, 
 2DIAGNOSTIC,    86, -5.010700067104e-01, 1.053061899483e-06, 0.0000e+00, 0.0000e+00, 
DIAGNOSTIC,Iteration,metricValue,convergenceValue,ITERATION_TIME_INDEX,SINCE_LAST
 2DIAGNOSTIC,     1, -4.061195340988e-01, 1.797693134862e+308, 0.0000e+00, 0.0000e+00, 
 2DIAGNOSTIC,     2, -4.067262973464e-01, 1.797693134862e+308, 0.0000e+00, 0.0000e+00, 
 2DIAGNOSTIC,     3, -4.078053193039e-01, 1.797693134862e+308, 0.0000e+00, 0.0000e+00, 
 2DIAGNOSTIC,     4, -4.090541754657e-01, 1.797693134862e+308, 0.0000e+00, 0.0000e+00, 
 2DIAGNOSTIC,     5, -4.095197310525e-01, 1.797693134862e+308, 0.0000e+00, 0.0000e+00, 
 2DIAGNOSTIC,     6, -4.095838869396e-01, 1.797693134862e+308, 0.0000e+00, 0.0000e+00, 
 2DIAGNOSTIC,     7, -4.097255405062e-01, 1.797693134862e+308, 0.0000e+00, 0.0000e+00, 
 2DIAGNOSTIC,     8, -4.103011736793e-01, 1.797693134862e+308, 0.0000e+00, 0.0000e+00, 
 2DIAGNOSTIC,     9, -4.114202175454e-01, 1.797693134862e+308, 0.0000e+00, 0.0000e+00, 
 2DIAGNOSTIC,    10, -4.117598701414e-01, 8.239470490702e-04, 0.0000e+00, 0.0000e+00, 
 2DIAGNOSTIC,    11, -4.124702185806e-01, 7.125862892941e-04, 0.0000e+00, 0.0000e+00, 
 2DIAGNOSTIC,    12, -4.135964673763e-01, 6.556929773452e-04, 0.0000e+00, 0.0000e+00, 
 2DIAGNOSTIC,    13, -4.138531000285e-01, 6.165829849632e-04, 0.0000e+00, 0.0000e+00, 
 2DIAGNOSTIC,    14, -4.141738563925e-01, 6.042371946737e-04, 0.0000e+00, 0.0000e+00, 
 2DIAGNOSTIC,    15, -4.146807332162e-01, 5.838567431646e-04, 0.0000e+00, 0.0000e+00, 
 2DIAGNOSTIC,    16, -4.149599666902e-01, 5.274316192763e-04, 0.0000e+00, 0.0000e+00, 
 2DIAGNOSTIC,    17, -4.150985087547e-01, 4.400620432689e-04, 0.0000e+00, 0.0000e+00, 
 2DIAGNOSTIC,    18, -4.151365966980e-01, 3.448678563237e-04, 0.0000e+00, 0.0000e+00, 
 2DIAGNOSTIC,    19, -4.151404369395e-01, 2.693156966675e-04, 0.0000e+00, 0.0000e+00, 
 2DIAGNOSTIC,    20, -4.152272798965e-01, 1.908631131535e-04, 0.0000e+00, 0.0000e+00, 
 2DIAGNOSTIC,    21, -4.152837827305e-01, 1.264258367322e-04, 0.0000e+00, 0.0000e+00, 
 2DIAGNOSTIC,    22, -4.153481996099e-01, 9.357840092575e-05, 0.0000e+00, 0.0000e+00, 
 2DIAGNOSTIC,    23, -4.155878316486e-01, 6.988070930650e-05, 0.0000e+00, 0.0000e+00, 
 2DIAGNOSTIC,    24, -4.165747903008e-01, 7.887562244270e-05, 0.0000e+00, 0.0000e+00, 
 2DIAGNOSTIC,    25, -4.168065091640e-01, 9.933905289316e-05, 0.0000e+00, 0.0000e+00, 
 2DIAGNOSTIC,    26, -4.168359099541e-01, 1.172775572267e-04, 0.0000e+00, 0.0000e+00, 
 2DIAGNOSTIC,    27, -4.168676682747e-01, 1.277019094603e-04, 0.0000e+00, 0.0000e+00, 
 2DIAGNOSTIC,    28, -4.169139196960e-01, 1.274458178344e-04, 0.0000e+00, 0.0000e+00, 
 2DIAGNOSTIC,    29, -4.170016113658e-01, 1.169873242643e-04, 0.0000e+00, 0.0000e+00, 
 2DIAGNOSTIC,    30, -4.173318452181e-01, 1.056944561558e-04, 0.0000e+00, 0.0000e+00, 
 2DIAGNOSTIC,    31, -4.173355557582e-01, 8.674893949235e-05, 0.0000e+00, 0.0000e+00, 
 2DIAGNOSTIC,    32, -4.173326529173e-01, 6.248453494286e-05, 0.0000e+00, 0.0000e+00, 
 2DIAGNOSTIC,    33, -4.173155375039e-01, 3.807350843860e-05, 0.0000e+00, 0.0000e+00, 
 2DIAGNOSTIC,    34, -4.173243939813e-01, 3.153910508962e-05, 0.0000e+00, 0.0000e+00, 
 2DIAGNOSTIC,    35, -4.173185531578e-01, 2.678553460753e-05, 0.0000e+00, 0.0000e+00, 
 2DIAGNOSTIC,    36, -4.173122675333e-01, 2.027500726704e-05, 0.0000e+00, 0.0000e+00, 
 2DIAGNOSTIC,    37, -4.172923448686e-01, 1.259557974735e-05, 0.0000e+00, 0.0000e+00, 
 2DIAGNOSTIC,    38, -4.173070225268e-01, 5.346124274601e-06, 0.0000e+00, 0.0000e+00, 
DIAGNOSTIC,Iteration,metricValue,convergenceValue,ITERATION_TIME_INDEX,SINCE_LAST
 2DIAGNOSTIC,     1, -3.580262494230e-01, 1.797693134862e+308, 0.0000e+00, 0.0000e+00, 
 2DIAGNOSTIC,     2, -3.582249361483e-01, 1.797693134862e+308, 0.0000e+00, 0.0000e+00, 
 2DIAGNOSTIC,     3, -3.585065619612e-01, 1.797693134862e+308, 0.0000e+00, 0.0000e+00, 
 2DIAGNOSTIC,     4, -3.586930646939e-01, 1.797693134862e+308, 0.0000e+00, 0.0000e+00, 
 2DIAGNOSTIC,     5, -3.588001030046e-01, 1.797693134862e+308, 0.0000e+00, 0.0000e+00, 
 2DIAGNOSTIC,     6, -3.589294331342e-01, 1.797693134862e+308, 0.0000e+00, 0.0000e+00, 
 2DIAGNOSTIC,     7, -3.591191015508e-01, 1.797693134862e+308, 0.0000e+00, 0.0000e+00, 
 2DIAGNOSTIC,     8, -3.591616532750e-01, 1.797693134862e+308, 0.0000e+00, 0.0000e+00, 
 2DIAGNOSTIC,     9, -3.592159389491e-01, 1.797693134862e+308, 0.0000e+00, 0.0000e+00, 
 2DIAGNOSTIC,    10, -3.593996072212e-01, 2.344122469389e-04, 0.0000e+00, 0.0000e+00, 
 2DIAGNOSTIC,    11, -3.597558034204e-01, 2.100970465365e-04, 0.0000e+00, 0.0000e+00, 
 2DIAGNOSTIC,    12, -3.597438213724e-01, 1.825965154901e-04, 0.0000e+00, 0.0000e+00, 
 2DIAGNOSTIC,    13, -3.597527687070e-01, 1.610304538244e-04, 0.0000e+00, 0.0000e+00, 
 2DIAGNOSTIC,    14, -3.597696672699e-01, 1.399434274718e-04, 0.0000e+00, 0.0000e+00, 
 2DIAGNOSTIC,    15, -3.597881112402e-01, 1.154125746382e-04, 0.0000e+00, 0.0000e+00, 
 2DIAGNOSTIC,    16, -3.597949532419e-01, 8.976233612459e-05, 0.0000e+00, 0.0000e+00, 
 2DIAGNOSTIC,    17, -3.598052133249e-01, 6.843262490325e-05, 0.0000e+00, 0.0000e+00, 
 2DIAGNOSTIC,    18, -3.598087852046e-01, 4.563615246901e-05, 0.0000e+00, 0.0000e+00, 
 2DIAGNOSTIC,    19, -3.598138470833e-01, 2.358973665065e-05, 0.0000e+00, 0.0000e+00, 
 2DIAGNOSTIC,    20, -3.598127357110e-01, 8.517856396682e-06, 0.0000e+00, 0.0000e+00, 
 2DIAGNOSTIC,    21, -3.598146191795e-01, 7.749781723576e-06, 0.0000e+00, 0.0000e+00, 
 2DIAGNOSTIC,    22, -3.598184249826e-01, 6.177344411717e-06, 0.0000e+00, 0.0000e+00, 
 2DIAGNOSTIC,    23, -3.598184845809e-01, 4.595997625867e-06, 0.0000e+00, 0.0000e+00, 
 2DIAGNOSTIC,    24, -3.598180831690e-01, 3.379124891879e-06, 0.0000e+00, 0.0000e+00, 
 2DIAGNOSTIC,    25, -3.598183687647e-01, 2.660929284005e-06, 0.0000e+00, 0.0000e+00, 
 2DIAGNOSTIC,    26, -3.598178502236e-01, 2.052942844381e-06, 0.0000e+00, 0.0000e+00, 
 2DIAGNOSTIC,    27, -3.598180635945e-01, 1.715082541799e-06, 0.0000e+00, 0.0000e+00, 
 2DIAGNOSTIC,    28, -3.598174504209e-01, 1.430006696564e-06, 0.0000e+00, 0.0000e+00, 
 2DIAGNOSTIC,    29, -3.598175022396e-01, 1.279853853835e-06, 0.0000e+00, 0.0000e+00, 
 2DIAGNOSTIC,    30, -3.598163657078e-01, 1.062746142297e-06, 0.0000e+00, 0.0000e+00, 
DIAGNOSTIC,Iteration,metricValue,convergenceValue,ITERATION_TIME_INDEX,SINCE_LAST
 2DIAGNOSTIC,     1, -3.311808180582e-01, 1.797693134862e+308, 0.0000e+00, 0.0000e+00, 
 2DIAGNOSTIC,     2, -3.312639438797e-01, 1.797693134862e+308, 0.0000e+00, 0.0000e+00, 
 2DIAGNOSTIC,     3, -3.313041302809e-01, 1.797693134862e+308, 0.0000e+00, 0.0000e+00, 
 2DIAGNOSTIC,     4, -3.313410977311e-01, 1.797693134862e+308, 0.0000e+00, 0.0000e+00, 
 2DIAGNOSTIC,     5, -3.313556109180e-01, 1.797693134862e+308, 0.0000e+00, 0.0000e+00, 
 2DIAGNOSTIC,     6, -3.314090648731e-01, 1.797693134862e+308, 0.0000e+00, 0.0000e+00, 
 2DIAGNOSTIC,     7, -3.314558124944e-01, 1.797693134862e+308, 0.0000e+00, 0.0000e+00, 
 2DIAGNOSTIC,     8, -3.314587113231e-01, 1.797693134862e+308, 0.0000e+00, 0.0000e+00, 
 2DIAGNOSTIC,     9, -3.314587078469e-01, 1.797693134862e+308, 0.0000e+00, 0.0000e+00, 
 2DIAGNOSTIC,    10, -3.314585711754e-01, 5.625119186975e-05, 0.0000e+00, 0.0000e+00, 
 2DIAGNOSTIC,    11, -3.314585649657e-01, 3.937475139050e-05, 0.0000e+00, 0.0000e+00, 
 2DIAGNOSTIC,    12, -3.314585804489e-01, 2.787715145629e-05, 0.0000e+00, 0.0000e+00, 
 2DIAGNOSTIC,    13, -3.314584743776e-01, 1.849905672967e-05, 0.0000e+00, 0.0000e+00, 
 2DIAGNOSTIC,    14, -3.314584920235e-01, 1.132856794127e-05, 0.0000e+00, 0.0000e+00, 
 2DIAGNOSTIC,    15, -3.314586754504e-01, 5.074813154995e-06, 0.0000e+00, 0.0000e+00, 
 2DIAGNOSTIC,    16, -3.314584721299e-01, 2.115633097127e-06, 0.0000e+00, 0.0000e+00, 
 2DIAGNOSTIC,    17, -3.314583793746e-01, 1.842331690864e-06, 0.0000e+00, 0.0000e+00, 
 2DIAGNOSTIC,    18, -3.314582799725e-01, 1.735334819064e-06, 0.0000e+00, 0.0000e+00, 
 2DIAGNOSTIC,    19, -3.314583292384e-01, 1.644463502780e-06, 0.0000e+00, 0.0000e+00, 
 2DIAGNOSTIC,    20, -3.314582686365e-01, 1.556412442164e-06, 0.0000e+00, 0.0000e+00, 
 2DIAGNOSTIC,    21, -3.314581411245e-01, 1.474333892040e-06, 0.0000e+00, 0.0000e+00, 
 2DIAGNOSTIC,    22, -3.314581534430e-01, 1.404853773465e-06, 2.5600e+02, 2.5600e+02, 
 2DIAGNOSTIC,    23, -3.314581422325e-01, 1.340577984087e-06, 2.5600e+02, 0.0000e+00, 
 2DIAGNOSTIC,    24, -3.314581512110e-01, 1.285995933700e-06, 2.5600e+02, 0.0000e+00, 
 2DIAGNOSTIC,    25, -3.314581648984e-01, 1.246196188909e-06, 2.5600e+02, 0.0000e+00, 
 2DIAGNOSTIC,    26, -3.314581236478e-01, 1.203806973001e-06, 2.5600e+02, 0.0000e+00, 
 2DIAGNOSTIC,    27, -3.314580277355e-01, 1.160373363909e-06, 2.5600e+02, 0.0000e+00, 
 2DIAGNOSTIC,    28, -3.314580514167e-01, 1.119176255039e-06, 2.5600e+02, 0.0000e+00, 
 2DIAGNOSTIC,    29, -3.314580775156e-01, 1.084410100737e-06, 2.5600e+02, 0.0000e+00, 
 2DIAGNOSTIC,    30, -3.314580788765e-01, 1.051329327068e-06, 2.5600e+02, 0.0000e+00, 
 2DIAGNOSTIC,    31, -3.314580862108e-01, 1.017790064797e-06, 2.5600e+02, 0.0000e+00, 
  Elapsed time (stage 0): 2.5600e+02


Total elapsed time: 2.5600e+02
Info [verificarlo]: loaded backend libinterflop_vprec.so
Info [interflop-vprec]: load backend with: 
Info [interflop-vprec]: precision-binary32 = 22
Info [interflop-vprec]: range-binary32 = 7
Info [interflop-vprec]: precision-binary64 = 22
Info [interflop-vprec]: range-binary64 = 7
Info [interflop-vprec]: mode = ob
Info [interflop-vprec]: error-mode = rel
Info [interflop-vprec]: max-abs-error-exponent = -1022
Info [interflop-vprec]: daz = false
Info [interflop-vprec]: ftz = false
Info [interflop-vprec]: 	instrument = none
Info [interflop-vprec]: 	prec-input-file = (null)
Info [interflop-vprec]: 	prec-output-file = (null)
Info [interflop-vprec]: 	prec-log-file = (null)
All_Command_lines_OK
Using double precision for computations.
=============================================================================
The composite transform comprises the following transforms (in order): 
  1. /home/mdugre/scratch/mri-registration-rp/datasets/ds004513/derivatives/mri-registration-rp/0111/antsRegistration-r7-p22/sub-s020/rigid_Composite.h5[0] (type = Euler3DTransform)
  2. /home/mdugre/scratch/mri-registration-rp/datasets/ds004513/derivatives/mri-registration-rp/0111/antsRegistration-r7-p22/sub-s020/rigid_Composite.h5[1] (type = Euler3DTransform)
  3. /home/mdugre/scratch/mri-registration-rp/datasets/ds004513/derivatives/mri-registration-rp/0111/antsRegistration-r7-p22/sub-s020/rigid_Composite.h5[2] (type = Euler3DTransform)
=============================================================================
  number of levels = 4
  fixed image: /templateflow/tpl-MNI152NLin2009cAsym/tpl-MNI152NLin2009cAsym_res-01_desc-brain_T1w.nii.gz
  moving image: /home/mdugre/scratch/mri-registration-rp/datasets/ds004513/derivatives/mri-registration-rp/antsBrainExtraction/sub-s020/BrainExtractionBrain.nii.gz
Dimension = 3
Number of stages = 1
Use histogram matching = false
Winsorize image intensities = true
  Lower quantile = 0.005
  Upper quantile = 0.995


Stage 1 State
   Image metric = MattesMI
     Fixed image = Image (0x4987490)
  RTTI typeinfo:   itk::Image<double, 3u>
  Reference Count: 2
  Modified Time: 1594
  Debug: Off
  Object Name: 
  Observers: 
    none
  Source: (none)
  Source output name: (none)
  Release Data: Off
  Data Released: False
  Global Release Data: Off
  PipelineMTime: 0
  UpdateMTime: 1203
  RealTimeStamp: 0 seconds 
  LargestPossibleRegion: 
    Dimension: 3
    Index: [0, 0, 0]
    Size: [193, 229, 193]
  BufferedRegion: 
    Dimension: 3
    Index: [0, 0, 0]
    Size: [193, 229, 193]
  RequestedRegion: 
    Dimension: 3
    Index: [0, 0, 0]
    Size: [193, 229, 193]
  Spacing: [1, 1, 1]
  Origin: [96, 132, -78]
  Direction: 
-1 0 0
0 -1 0
0 0 1

  IndexToPointMatrix: 
-1 0 0
0 -1 0
0 0 1

  PointToIndexMatrix: 
-1 0 0
0 -1 0
0 0 1

  Inverse Direction: 
-1 0 0
0 -1 0
0 0 1

  PixelContainer: 
    ImportImageContainer (0x4a52940)
      RTTI typeinfo:   itk::ImportImageContainer<unsigned long, double>
      Reference Count: 1
      Modified Time: 1200
      Debug: Off
      Object Name: 
      Observers: 
        none
      Pointer: 0x1494cccb2010
      Container manages memory: true
      Size: 8530021
      Capacity: 8530021

     Moving image = Image (0x4a42b60)
  RTTI typeinfo:   itk::Image<double, 3u>
  Reference Count: 2
  Modified Time: 1595
  Debug: Off
  Object Name: 
  Observers: 
    none
  Source: (none)
  Source output name: (none)
  Release Data: Off
  Data Released: False
  Global Release Data: Off
  PipelineMTime: 0
  UpdateMTime: 1592
  RealTimeStamp: 0 seconds 
  LargestPossibleRegion: 
    Dimension: 3
    Index: [0, 0, 0]
    Size: [160, 240, 256]
  BufferedRegion: 
    Dimension: 3
    Index: [0, 0, 0]
    Size: [160, 240, 256]
  RequestedRegion: 
    Dimension: 3
    Index: [0, 0, 0]
    Size: [160, 240, 256]
  Spacing: [0.999995, 1, 1]
  Origin: [87.0906, 98.7205, -152.377]
  Direction: 
-0.996975 0.0261379 -0.0731913
-0.0260677 -0.999658 -0.00191374
-0.0732163 -2.46403e-08 0.997316

  IndexToPointMatrix: 
-0.996971 0.0261379 -0.0731913
-0.0260676 -0.999658 -0.00191374
-0.0732159 -2.46403e-08 0.997316

  PointToIndexMatrix: 
-0.99698 -0.0260679 -0.0732167
0.0261379 -0.999659 -3.57628e-07
-0.0731913 -0.00191373 0.997316

  Inverse Direction: 
-0.996976 -0.0260677 -0.0732163
0.0261379 -0.999659 -3.57628e-07
-0.0731913 -0.00191367 0.997316

  PixelContainer: 
    ImportImageContainer (0x4ad6190)
      RTTI typeinfo:   itk::ImportImageContainer<unsigned long, double>
      Reference Count: 1
      Modified Time: 1589
      Debug: Off
      Object Name: 
      Observers: 
        none
      Pointer: 0x1494c81b1010
      Container manages memory: true
      Size: 9830400
      Capacity: 9830400

     Weighting = 1
     Sampling strategy = regular
     Number of bins = 32
     Radius = 4
     Sampling percentage  = 0.25
   Transform = Affine
     Gradient step = 0.1
     Update field sigma (voxel space) = 0
     Total field sigma (voxel space) = 0
     Update field time sigma = 0
     Total field time sigma  = 0
     Number of time indices = 0
     Number of time point samples = 0
Registration using 1 total stages.

Stage 0
  iterations = 1000x500x250x100
  convergence threshold = 1e-06
  convergence window size = 10
  number of levels = 4
  using the Mattes MI metric (number of bins = 32, weight = 1, use gradient filter = 0)
  preprocessing:  winsorizing the image intensities
  Shrink factors (level 1 out of 4): [8, 8, 8]
  Shrink factors (level 2 out of 4): [4, 4, 4]
  Shrink factors (level 3 out of 4): [2, 2, 2]
  Shrink factors (level 4 out of 4): [1, 1, 1]
  smoothing sigmas per level: [3, 2, 1, 0]
  regular sampling (percentage = 0.25)

*** Running AffineTransform registration ***

DIAGNOSTIC,Iteration,metricValue,convergenceValue,ITERATION_TIME_INDEX,SINCE_LAST
 2DIAGNOSTIC,     1, -4.996825715857e-01, 1.797693134862e+308, 0.0000e+00, 0.0000e+00, 
 2DIAGNOSTIC,     2, -5.013625059826e-01, 1.797693134862e+308, 0.0000e+00, 0.0000e+00, 
 2DIAGNOSTIC,     3, -5.040354967300e-01, 1.797693134862e+308, 0.0000e+00, 0.0000e+00, 
 2DIAGNOSTIC,     4, -5.086170016086e-01, 1.797693134862e+308, 0.0000e+00, 0.0000e+00, 
 2DIAGNOSTIC,     5, -5.167153633688e-01, 1.797693134862e+308, 0.0000e+00, 0.0000e+00, 
 2DIAGNOSTIC,     6, -5.342841067521e-01, 1.797693134862e+308, 0.0000e+00, 0.0000e+00, 
 2DIAGNOSTIC,     7, -5.652703530307e-01, 1.797693134862e+308, 0.0000e+00, 0.0000e+00, 
 2DIAGNOSTIC,     8, -6.200607784888e-01, 1.797693134862e+308, 0.0000e+00, 0.0000e+00, 
 2DIAGNOSTIC,     9, -6.700572011815e-01, 1.797693134862e+308, 0.0000e+00, 0.0000e+00, 
 2DIAGNOSTIC,    10, -6.847115866049e-01, 2.247786085157e-02, 0.0000e+00, 0.0000e+00, 
 2DIAGNOSTIC,    11, -6.898212956420e-01, 2.316625460184e-02, 0.0000e+00, 0.0000e+00, 
 2DIAGNOSTIC,    12, -7.058129322621e-01, 2.235119197717e-02, 0.0000e+00, 0.0000e+00, 
 2DIAGNOSTIC,    13, -7.365698896987e-01, 2.080769794125e-02, 0.0000e+00, 0.0000e+00, 
 2DIAGNOSTIC,    14, -7.588913325693e-01, 1.848700667600e-02, 0.0000e+00, 0.0000e+00, 
 2DIAGNOSTIC,    15, -7.751978556589e-01, 1.561831620533e-02, 0.0000e+00, 0.0000e+00, 
 2DIAGNOSTIC,    16, -8.408087869672e-01, 1.406349055499e-02, 0.0000e+00, 0.0000e+00, 
 2DIAGNOSTIC,    17, -8.428462209273e-01, 1.226864740800e-02, 0.0000e+00, 0.0000e+00, 
 2DIAGNOSTIC,    18, -8.429067015511e-01, 1.091726729903e-02, 0.0000e+00, 0.0000e+00, 
 2DIAGNOSTIC,    19, -8.435614265131e-01, 9.897891934452e-03, 0.0000e+00, 0.0000e+00, 
 2DIAGNOSTIC,    20, -8.437124764637e-01, 8.409692349343e-03, 0.0000e+00, 0.0000e+00, 
 2DIAGNOSTIC,    21, -8.455879098005e-01, 6.442737846207e-03, 0.0000e+00, 0.0000e+00, 
 2DIAGNOSTIC,    22, -8.465602854455e-01, 4.404936100463e-03, 0.0000e+00, 0.0000e+00, 
 2DIAGNOSTIC,    23, -8.475841384453e-01, 2.748900333116e-03, 0.0000e+00, 0.0000e+00, 
 2DIAGNOSTIC,    24, -8.480340392427e-01, 1.393597720561e-03, 0.0000e+00, 0.0000e+00, 
 2DIAGNOSTIC,    25, -8.482299494154e-01, 2.733188451847e-04, 0.0000e+00, 0.0000e+00, 
 2DIAGNOSTIC,    26, -8.483423807023e-01, 2.349286910254e-04, 0.0000e+00, 0.0000e+00, 
 2DIAGNOSTIC,    27, -8.481872853062e-01, 2.054274156095e-04, 0.0000e+00, 0.0000e+00, 
 2DIAGNOSTIC,    28, -8.479433249813e-01, 1.567015201865e-04, 0.0000e+00, 0.0000e+00, 
 2DIAGNOSTIC,    29, -8.482074456123e-01, 1.100583610969e-04, 0.0000e+00, 0.0000e+00, 
 2DIAGNOSTIC,    30, -8.482413729021e-01, 5.861532148994e-05, 0.0000e+00, 0.0000e+00, 
 2DIAGNOSTIC,    31, -8.479957496108e-01, 2.575144453017e-05, 0.0000e+00, 0.0000e+00, 
 2DIAGNOSTIC,    32, -8.480298804210e-01, 4.946989118113e-06, 0.0000e+00, 0.0000e+00, 
DIAGNOSTIC,Iteration,metricValue,convergenceValue,ITERATION_TIME_INDEX,SINCE_LAST
 2DIAGNOSTIC,     1, -7.087964238626e-01, 1.797693134862e+308, 0.0000e+00, 0.0000e+00, 
 2DIAGNOSTIC,     2, -7.102245208233e-01, 1.797693134862e+308, 0.0000e+00, 0.0000e+00, 
 2DIAGNOSTIC,     3, -7.116508359304e-01, 1.797693134862e+308, 0.0000e+00, 0.0000e+00, 
 2DIAGNOSTIC,     4, -7.127616251929e-01, 1.797693134862e+308, 0.0000e+00, 0.0000e+00, 
 2DIAGNOSTIC,     5, -7.134268816784e-01, 1.797693134862e+308, 0.0000e+00, 0.0000e+00, 
 2DIAGNOSTIC,     6, -7.138106583441e-01, 1.797693134862e+308, 0.0000e+00, 0.0000e+00, 
 2DIAGNOSTIC,     7, -7.137889403763e-01, 1.797693134862e+308, 0.0000e+00, 0.0000e+00, 
 2DIAGNOSTIC,     8, -7.137496533507e-01, 1.797693134862e+308, 0.0000e+00, 0.0000e+00, 
 2DIAGNOSTIC,     9, -7.137309811192e-01, 1.797693134862e+308, 0.0000e+00, 0.0000e+00, 
 2DIAGNOSTIC,    10, -7.137421118783e-01, 4.030501569682e-04, 0.0000e+00, 0.0000e+00, 
 2DIAGNOSTIC,    11, -7.137269240994e-01, 2.261063417048e-04, 0.0000e+00, 0.0000e+00, 
 2DIAGNOSTIC,    12, -7.137188207247e-01, 1.052902759708e-04, 0.0000e+00, 0.0000e+00, 
 2DIAGNOSTIC,    13, -7.137106388764e-01, 3.680443884473e-05, 0.0000e+00, 0.0000e+00, 
 2DIAGNOSTIC,    14, -7.136928430431e-01, 5.704783845220e-06, 0.0000e+00, 0.0000e+00, 
DIAGNOSTIC,Iteration,metricValue,convergenceValue,ITERATION_TIME_INDEX,SINCE_LAST
 2DIAGNOSTIC,     1, -5.938891845777e-01, 1.797693134862e+308, 0.0000e+00, 0.0000e+00, 
 2DIAGNOSTIC,     2, -5.942845754708e-01, 1.797693134862e+308, 0.0000e+00, 0.0000e+00, 
 2DIAGNOSTIC,     3, -5.945657519778e-01, 1.797693134862e+308, 0.0000e+00, 0.0000e+00, 
 2DIAGNOSTIC,     4, -5.947836915895e-01, 1.797693134862e+308, 0.0000e+00, 0.0000e+00, 
 2DIAGNOSTIC,     5, -5.954148944789e-01, 1.797693134862e+308, 0.0000e+00, 0.0000e+00, 
 2DIAGNOSTIC,     6, -5.955998913755e-01, 1.797693134862e+308, 0.0000e+00, 0.0000e+00, 
 2DIAGNOSTIC,     7, -5.959460583618e-01, 1.797693134862e+308, 0.0000e+00, 0.0000e+00, 
 2DIAGNOSTIC,     8, -5.969209676047e-01, 1.797693134862e+308, 0.0000e+00, 0.0000e+00, 
 2DIAGNOSTIC,     9, -5.971266130777e-01, 1.797693134862e+308, 0.0000e+00, 0.0000e+00, 
 2DIAGNOSTIC,    10, -5.971266817634e-01, 3.824250052948e-04, 0.0000e+00, 0.0000e+00, 
 2DIAGNOSTIC,    11, -5.971246625858e-01, 3.274296810265e-04, 0.0000e+00, 0.0000e+00, 
 2DIAGNOSTIC,    12, -5.971235856005e-01, 2.681238925657e-04, 0.0000e+00, 0.0000e+00, 
 2DIAGNOSTIC,    13, -5.971217974280e-01, 2.037260874019e-04, 0.0000e+00, 0.0000e+00, 
 2DIAGNOSTIC,    14, -5.971217299047e-01, 1.370957526855e-04, 0.0000e+00, 0.0000e+00, 
 2DIAGNOSTIC,    15, -5.971209411094e-01, 8.754038298064e-05, 0.0000e+00, 0.0000e+00, 
 2DIAGNOSTIC,    16, -5.971212524655e-01, 4.203409175250e-05, 0.0000e+00, 0.0000e+00, 
 2DIAGNOSTIC,    17, -5.971205144097e-01, 7.175424377157e-06, 0.0000e+00, 0.0000e+00, 
 2DIAGNOSTIC,    18, -5.971196755495e-01, 1.344081623840e-06, 0.0000e+00, 0.0000e+00, 
 2DIAGNOSTIC,    19, -5.971190021872e-01, 1.308049153805e-06, 0.0000e+00, 0.0000e+00, 
 2DIAGNOSTIC,    20, -5.971186765539e-01, 1.304081922830e-06, 0.0000e+00, 0.0000e+00, 
 2DIAGNOSTIC,    21, -5.971189338987e-01, 1.287052862640e-06, 0.0000e+00, 0.0000e+00, 
 2DIAGNOSTIC,    22, -5.971198848534e-01, 1.290688138915e-06, 0.0000e+00, 0.0000e+00, 
 2DIAGNOSTIC,    23, -5.971185153724e-01, 1.242788631936e-06, 0.0000e+00, 0.0000e+00, 
 2DIAGNOSTIC,    24, -5.971180444161e-01, 1.202958197971e-06, 0.0000e+00, 0.0000e+00, 
 2DIAGNOSTIC,    25, -5.971173108698e-01, 1.148502886725e-06, 0.0000e+00, 0.0000e+00, 
 2DIAGNOSTIC,    26, -5.971156055935e-01, 1.084026746603e-06, 0.0000e+00, 0.0000e+00, 
DIAGNOSTIC,Iteration,metricValue,convergenceValue,ITERATION_TIME_INDEX,SINCE_LAST
 2DIAGNOSTIC,     1, -5.299375214458e-01, 1.797693134862e+308, 0.0000e+00, 0.0000e+00, 
 2DIAGNOSTIC,     2, -5.301842372977e-01, 1.797693134862e+308, 0.0000e+00, 0.0000e+00, 
 2DIAGNOSTIC,     3, -5.303419459243e-01, 1.797693134862e+308, 0.0000e+00, 0.0000e+00, 
 2DIAGNOSTIC,     4, -5.304915390977e-01, 1.797693134862e+308, 0.0000e+00, 0.0000e+00, 
 2DIAGNOSTIC,     5, -5.308100221841e-01, 1.797693134862e+308, 0.0000e+00, 0.0000e+00, 
 2DIAGNOSTIC,     6, -5.312073591258e-01, 1.797693134862e+308, 0.0000e+00, 0.0000e+00, 
 2DIAGNOSTIC,     7, -5.312682424117e-01, 1.797693134862e+308, 0.0000e+00, 0.0000e+00, 
 2DIAGNOSTIC,     8, -5.312683011260e-01, 1.797693134862e+308, 0.0000e+00, 0.0000e+00, 
 2DIAGNOSTIC,     9, -5.312682423018e-01, 1.797693134862e+308, 0.0000e+00, 0.0000e+00, 
 2DIAGNOSTIC,    10, -5.312676976090e-01, 1.828582484517e-04, 0.0000e+00, 0.0000e+00, 
 2DIAGNOSTIC,    11, -5.312677555688e-01, 1.324332621689e-04, 0.0000e+00, 0.0000e+00, 
 2DIAGNOSTIC,    12, -5.312675894512e-01, 8.980076216129e-05, 0.0000e+00, 0.0000e+00, 
 2DIAGNOSTIC,    13, -5.312672617103e-01, 5.258239201655e-05, 0.0000e+00, 0.0000e+00, 
 2DIAGNOSTIC,    14, -5.312673860788e-01, 2.172740764834e-05, 0.0000e+00, 0.0000e+00, 
 2DIAGNOSTIC,    15, -5.312672759262e-01, 4.193250807069e-06, 0.0000e+00, 0.0000e+00, 
 2DIAGNOSTIC,    16, -5.312671879169e-01, 1.892833956629e-06, 0.0000e+00, 0.0000e+00, 
 2DIAGNOSTIC,    17, -5.312672024127e-01, 1.788981479650e-06, 2.5600e+02, 2.5600e+02, 
 2DIAGNOSTIC,    18, -5.312672040993e-01, 1.705819299529e-06, 2.5600e+02, 0.0000e+00, 
 2DIAGNOSTIC,    19, -5.312671175953e-01, 1.633152732411e-06, 2.5600e+02, 0.0000e+00, 
 2DIAGNOSTIC,    20, -5.312670185586e-01, 1.554036273249e-06, 2.5600e+02, 0.0000e+00, 
 2DIAGNOSTIC,    21, -5.312670369076e-01, 1.487783748533e-06, 2.5600e+02, 0.0000e+00, 
 2DIAGNOSTIC,    22, -5.312670421966e-01, 1.426134361583e-06, 2.5600e+02, 0.0000e+00, 
 2DIAGNOSTIC,    23, -5.312670720387e-01, 1.364417837865e-06, 2.5600e+02, 0.0000e+00, 
 2DIAGNOSTIC,    24, -5.312671096734e-01, 1.313120328333e-06, 2.5600e+02, 0.0000e+00, 
 2DIAGNOSTIC,    25, -5.312670939431e-01, 1.264312800571e-06, 2.5600e+02, 0.0000e+00, 
 2DIAGNOSTIC,    26, -5.312671287451e-01, 1.218761839207e-06, 2.5600e+02, 0.0000e+00, 
 2DIAGNOSTIC,    27, -5.312671678461e-01, 1.177868105412e-06, 2.5600e+02, 0.0000e+00, 
 2DIAGNOSTIC,    28, -5.312672105102e-01, 1.140621095831e-06, 2.5600e+02, 0.0000e+00, 
 2DIAGNOSTIC,    29, -5.312671764600e-01, 1.103186847311e-06, 2.5600e+02, 0.0000e+00, 
 2DIAGNOSTIC,    30, -5.312671882864e-01, 1.065995845324e-06, 2.5600e+02, 0.0000e+00, 
 2DIAGNOSTIC,    31, -5.312668482699e-01, 1.024980883675e-06, 2.5600e+02, 0.0000e+00, 
  Elapsed time (stage 0): 2.5600e+02


Total elapsed time: 2.5600e+02
Info [verificarlo]: loaded backend libinterflop_vprec.so
Info [interflop-vprec]: load backend with: 
Info [interflop-vprec]: precision-binary32 = 22
Info [interflop-vprec]: range-binary32 = 7
Info [interflop-vprec]: precision-binary64 = 22
Info [interflop-vprec]: range-binary64 = 7
Info [interflop-vprec]: mode = ob
Info [interflop-vprec]: error-mode = rel
Info [interflop-vprec]: max-abs-error-exponent = -1022
Info [interflop-vprec]: daz = false
Info [interflop-vprec]: ftz = false
Info [interflop-vprec]: 	instrument = none
Info [interflop-vprec]: 	prec-input-file = (null)
Info [interflop-vprec]: 	prec-output-file = (null)
Info [interflop-vprec]: 	prec-log-file = (null)
All_Command_lines_OK
Using double precision for computations.
=============================================================================
The composite transform comprises the following transforms (in order): 
  1. /home/mdugre/scratch/mri-registration-rp/datasets/ds004513/derivatives/mri-registration-rp/0111/antsRegistration-r7-p22/sub-s020/affine_Composite.h5[0] (type = Euler3DTransform)
  2. /home/mdugre/scratch/mri-registration-rp/datasets/ds004513/derivatives/mri-registration-rp/0111/antsRegistration-r7-p22/sub-s020/affine_Composite.h5[1] (type = Euler3DTransform)
  3. /home/mdugre/scratch/mri-registration-rp/datasets/ds004513/derivatives/mri-registration-rp/0111/antsRegistration-r7-p22/sub-s020/affine_Composite.h5[2] (type = Euler3DTransform)
  4. /home/mdugre/scratch/mri-registration-rp/datasets/ds004513/derivatives/mri-registration-rp/0111/antsRegistration-r7-p22/sub-s020/affine_Composite.h5[3] (type = AffineTransform)
=============================================================================
  number of levels = 4
  fixed image: /templateflow/tpl-MNI152NLin2009cAsym/tpl-MNI152NLin2009cAsym_res-01_desc-brain_T1w.nii.gz
  moving image: /home/mdugre/scratch/mri-registration-rp/datasets/ds004513/derivatives/mri-registration-rp/antsBrainExtraction/sub-s020/BrainExtractionBrain.nii.gz
Dimension = 3
Number of stages = 1
Use histogram matching = false
Winsorize image intensities = true
  Lower quantile = 0.005
  Upper quantile = 0.995


Stage 1 State
   Image metric = CC
     Fixed image = Image (0x40b16f0)
  RTTI typeinfo:   itk::Image<double, 3u>
  Reference Count: 2
  Modified Time: 1608
  Debug: Off
  Object Name: 
  Observers: 
    none
  Source: (none)
  Source output name: (none)
  Release Data: Off
  Data Released: False
  Global Release Data: Off
  PipelineMTime: 0
  UpdateMTime: 1217
  RealTimeStamp: 0 seconds 
  LargestPossibleRegion: 
    Dimension: 3
    Index: [0, 0, 0]
    Size: [193, 229, 193]
  BufferedRegion: 
    Dimension: 3
    Index: [0, 0, 0]
    Size: [193, 229, 193]
  RequestedRegion: 
    Dimension: 3
    Index: [0, 0, 0]
    Size: [193, 229, 193]
  Spacing: [1, 1, 1]
  Origin: [96, 132, -78]
  Direction: 
-1 0 0
0 -1 0
0 0 1

  IndexToPointMatrix: 
-1 0 0
0 -1 0
0 0 1

  PointToIndexMatrix: 
-1 0 0
0 -1 0
0 0 1

  Inverse Direction: 
-1 0 0
0 -1 0
0 0 1

  PixelContainer: 
    ImportImageContainer (0x40bd760)
      RTTI typeinfo:   itk::ImportImageContainer<unsigned long, double>
      Reference Count: 1
      Modified Time: 1214
      Debug: Off
      Object Name: 
      Observers: 
        none
      Pointer: 0x151fed269010
      Container manages memory: true
      Size: 8530021
      Capacity: 8530021

     Moving image = Image (0x416d1a0)
  RTTI typeinfo:   itk::Image<double, 3u>
  Reference Count: 2
  Modified Time: 1609
  Debug: Off
  Object Name: 
  Observers: 
    none
  Source: (none)
  Source output name: (none)
  Release Data: Off
  Data Released: False
  Global Release Data: Off
  PipelineMTime: 0
  UpdateMTime: 1606
  RealTimeStamp: 0 seconds 
  LargestPossibleRegion: 
    Dimension: 3
    Index: [0, 0, 0]
    Size: [160, 240, 256]
  BufferedRegion: 
    Dimension: 3
    Index: [0, 0, 0]
    Size: [160, 240, 256]
  RequestedRegion: 
    Dimension: 3
    Index: [0, 0, 0]
    Size: [160, 240, 256]
  Spacing: [0.999995, 1, 1]
  Origin: [87.0906, 98.7205, -152.377]
  Direction: 
-0.996975 0.0261379 -0.0731913
-0.0260677 -0.999658 -0.00191374
-0.0732163 -2.46403e-08 0.997316

  IndexToPointMatrix: 
-0.996971 0.0261379 -0.0731913
-0.0260676 -0.999658 -0.00191374
-0.0732159 -2.46403e-08 0.997316

  PointToIndexMatrix: 
-0.99698 -0.0260679 -0.0732167
0.0261379 -0.999659 -3.57628e-07
-0.0731913 -0.00191373 0.997316

  Inverse Direction: 
-0.996976 -0.0260677 -0.0732163
0.0261379 -0.999659 -3.57628e-07
-0.0731913 -0.00191367 0.997316

  PixelContainer: 
    ImportImageContainer (0x41b12d0)
      RTTI typeinfo:   itk::ImportImageContainer<unsigned long, double>
      Reference Count: 1
      Modified Time: 1603
      Debug: Off
      Object Name: 
      Observers: 
        none
      Pointer: 0x151fe8768010
      Container manages memory: true
      Size: 9830400
      Capacity: 9830400

     Weighting = 1
     Sampling strategy = none
     Number of bins = 32
     Radius = 4
     Sampling percentage  = 1
   Transform = SyN
     Gradient step = 0.1
     Update field sigma (voxel space) = 3
     Total field sigma (voxel space) = 0
     Update field time sigma = 0
     Total field time sigma  = 0
     Number of time indices = 0
     Number of time point samples = 0
Registration using 1 total stages.

Stage 0
  iterations = 100x70x50x20
  convergence threshold = 1e-06
  convergence window size = 10
  number of levels = 4
  using the CC metric (radius = 4, weight = 1, use gradient filter = 0)
  preprocessing:  winsorizing the image intensities
  Shrink factors (level 1 out of 4): [8, 8, 8]
  Shrink factors (level 2 out of 4): [4, 4, 4]
  Shrink factors (level 3 out of 4): [2, 2, 2]
  Shrink factors (level 4 out of 4): [1, 1, 1]
  smoothing sigmas per level: [3, 2, 1, 0]
  Using default NONE metricSamplingStrategy 

*** Running SyN registration (varianceForUpdateField = 3, varianceForTotalField = 0) ***

XXDIAGNOSTIC,Iteration,metricValue,convergenceValue,ITERATION_TIME_INDEX,SINCE_LAST
 1DIAGNOSTIC,     1, -9.065397977829e-01, 1.797693134862e+308, 0.0000e+00, 0.0000e+00, 
 1DIAGNOSTIC,     2, -9.140801429749e-01, 1.797693134862e+308, 0.0000e+00, 0.0000e+00, 
 1DIAGNOSTIC,     3, -9.194010496140e-01, 1.797693134862e+308, 0.0000e+00, 0.0000e+00, 
 1DIAGNOSTIC,     4, -9.228578805923e-01, 1.797693134862e+308, 0.0000e+00, 0.0000e+00, 
 1DIAGNOSTIC,     5, -9.253239631653e-01, 1.797693134862e+308, 0.0000e+00, 0.0000e+00, 
 1DIAGNOSTIC,     6, -9.269568920135e-01, 1.797693134862e+308, 0.0000e+00, 0.0000e+00, 
 1DIAGNOSTIC,     7, -9.282202720642e-01, 1.797693134862e+308, 0.0000e+00, 0.0000e+00, 
 1DIAGNOSTIC,     8, -9.291890859604e-01, 1.797693134862e+308, 0.0000e+00, 0.0000e+00, 
 1DIAGNOSTIC,     9, -9.299499988556e-01, 1.797693134862e+308, 0.0000e+00, 0.0000e+00, 
 1DIAGNOSTIC,    10, -9.305969476700e-01, 1.467354631465e-03, 0.0000e+00, 0.0000e+00, 
 1DIAGNOSTIC,    11, -9.311276674271e-01, 9.485868430329e-04, 0.0000e+00, 0.0000e+00, 
 1DIAGNOSTIC,    12, -9.316070079803e-01, 6.350694804011e-04, 0.0000e+00, 0.0000e+00, 
 1DIAGNOSTIC,    13, -9.320436716080e-01, 4.475877031955e-04, 0.0000e+00, 0.0000e+00, 
 1DIAGNOSTIC,    14, -9.324446916580e-01, 3.302154178129e-04, 0.0000e+00, 0.0000e+00, 
 1DIAGNOSTIC,    15, -9.328092336655e-01, 2.559619584046e-04, 0.0000e+00, 0.0000e+00, 
 1DIAGNOSTIC,    16, -9.331468343735e-01, 2.050990877513e-04, 0.0000e+00, 0.0000e+00, 
 1DIAGNOSTIC,    17, -9.334633350372e-01, 1.697240920940e-04, 0.0000e+00, 0.0000e+00, 
 1DIAGNOSTIC,    18, -9.337681531906e-01, 1.442302318054e-04, 0.0000e+00, 0.0000e+00, 
 1DIAGNOSTIC,    19, -9.340611696243e-01, 1.250138585384e-04, 0.0000e+00, 0.0000e+00, 
 1DIAGNOSTIC,    20, -9.343454837799e-01, 1.103668943623e-04, 0.0000e+00, 0.0000e+00, 
 1DIAGNOSTIC,    21, -9.346160888672e-01, 9.853104783809e-05, 0.0000e+00, 0.0000e+00, 
 1DIAGNOSTIC,    22, -9.348676204681e-01, 8.876310370742e-05, 0.0000e+00, 0.0000e+00, 
 1DIAGNOSTIC,    23, -9.351034164429e-01, 8.051638146366e-05, 0.0000e+00, 0.0000e+00, 
 1DIAGNOSTIC,    24, -9.353235960007e-01, 7.336369618868e-05, 0.0000e+00, 0.0000e+00, 
 1DIAGNOSTIC,    25, -9.355282783508e-01, 6.689832106417e-05, 0.0000e+00, 0.0000e+00, 
 1DIAGNOSTIC,    26, -9.357119798660e-01, 6.081461370897e-05, 0.0000e+00, 0.0000e+00, 
 1DIAGNOSTIC,    27, -9.358921051025e-01, 5.512706954376e-05, 0.0000e+00, 0.0000e+00, 
 1DIAGNOSTIC,    28, -9.360623359680e-01, 4.988030438935e-05, 0.0000e+00, 0.0000e+00, 
 1DIAGNOSTIC,    29, -9.362232685089e-01, 4.511520141145e-05, 0.0000e+00, 0.0000e+00, 
 1DIAGNOSTIC,    30, -9.363756179810e-01, 4.089830858599e-05, 0.0000e+00, 0.0000e+00, 
 1DIAGNOSTIC,    31, -9.365110397339e-01, 3.713540596045e-05, 0.0000e+00, 0.0000e+00, 
 1DIAGNOSTIC,    32, -9.366496801376e-01, 3.386718600241e-05, 0.0000e+00, 0.0000e+00, 
 1DIAGNOSTIC,    33, -9.367771148682e-01, 3.099571718803e-05, 0.0000e+00, 0.0000e+00, 
 1DIAGNOSTIC,    34, -9.369012117386e-01, 2.849424302098e-05, 0.0000e+00, 0.0000e+00, 
 1DIAGNOSTIC,    35, -9.370239973068e-01, 2.634059454403e-05, 0.0000e+00, 0.0000e+00, 
 1DIAGNOSTIC,    36, -9.371416568756e-01, 2.441092260073e-05, 0.0000e+00, 0.0000e+00, 
 1DIAGNOSTIC,    37, -9.372493028641e-01, 2.268987206559e-05, 0.0000e+00, 0.0000e+00, 
 1DIAGNOSTIC,    38, -9.373580217361e-01, 2.119304602065e-05, 0.0000e+00, 0.0000e+00, 
 1DIAGNOSTIC,    39, -9.374630451202e-01, 1.988664879892e-05, 0.0000e+00, 0.0000e+00, 
 1DIAGNOSTIC,    40, -9.375640153885e-01, 1.873515826284e-05, 0.0000e+00, 0.0000e+00, 
 1DIAGNOSTIC,    41, -9.376616477966e-01, 1.763820692172e-05, 0.0000e+00, 0.0000e+00, 
 1DIAGNOSTIC,    42, -9.377554655075e-01, 1.665154672698e-05, 0.0000e+00, 0.0000e+00, 
 1DIAGNOSTIC,    43, -9.378460645676e-01, 1.571936759015e-05, 0.0000e+00, 0.0000e+00, 
 1DIAGNOSTIC,    44, -9.379290342331e-01, 1.481303068445e-05, 0.0000e+00, 0.0000e+00, 
 1DIAGNOSTIC,    45, -9.380066394806e-01, 1.393967005781e-05, 0.0000e+00, 0.0000e+00, 
 1DIAGNOSTIC,    46, -9.380874633789e-01, 1.313860925581e-05, 0.0000e+00, 0.0000e+00, 
 1DIAGNOSTIC,    47, -9.381651878357e-01, 1.236558812997e-05, 0.0000e+00, 0.0000e+00, 
 1DIAGNOSTIC,    48, -9.382399320602e-01, 1.165475383840e-05, 0.0000e+00, 0.0000e+00, 
 1DIAGNOSTIC,    49, -9.383119344711e-01, 1.100727908383e-05, 0.0000e+00, 0.0000e+00, 
 1DIAGNOSTIC,    50, -9.383822679520e-01, 1.042422865876e-05, 0.0000e+00, 0.0000e+00, 
 1DIAGNOSTIC,    51, -9.384500980377e-01, 9.900956715169e-06, 0.0000e+00, 0.0000e+00, 
 1DIAGNOSTIC,    52, -9.385153055191e-01, 9.426630726887e-06, 0.0000e+00, 0.0000e+00, 
 1DIAGNOSTIC,    53, -9.386310577393e-01, 9.299116834151e-06, 0.0000e+00, 0.0000e+00, 
 1DIAGNOSTIC,    54, -9.386922121048e-01, 9.136012577855e-06, 0.0000e+00, 0.0000e+00, 
 1DIAGNOSTIC,    55, -9.387511014938e-01, 8.907146546076e-06, 0.0000e+00, 0.0000e+00, 
 1DIAGNOSTIC,    56, -9.388074874878e-01, 8.627514765200e-06, 0.0000e+00, 0.0000e+00, 
 1DIAGNOSTIC,    57, -9.388620853424e-01, 8.280113023729e-06, 0.0000e+00, 0.0000e+00, 
 1DIAGNOSTIC,    58, -9.389147758484e-01, 7.858267205525e-06, 0.0000e+00, 0.0000e+00, 
 1DIAGNOSTIC,    59, -9.389656782150e-01, 7.372833104400e-06, 0.0000e+00, 0.0000e+00, 
 1DIAGNOSTIC,    60, -9.390146732330e-01, 6.848352245934e-06, 0.0000e+00, 0.0000e+00, 
 1DIAGNOSTIC,    61, -9.390479326248e-01, 6.233658949376e-06, 0.0000e+00, 0.0000e+00, 
 1DIAGNOSTIC,    62, -9.390934705734e-01, 5.620461562692e-06, 0.0000e+00, 0.0000e+00, 
 1DIAGNOSTIC,    63, -9.391375780106e-01, 5.299778181592e-06, 0.0000e+00, 0.0000e+00, 
 1DIAGNOSTIC,    64, -9.391804933548e-01, 5.014897611968e-06, 0.0000e+00, 0.0000e+00, 
 1DIAGNOSTIC,    65, -9.392216205597e-01, 4.766186082302e-06, 0.0000e+00, 0.0000e+00, 
 1DIAGNOSTIC,    66, -9.392610788345e-01, 4.550362432378e-06, 0.0000e+00, 0.0000e+00, 
 1DIAGNOSTIC,    67, -9.392988681793e-01, 4.363457990625e-06, 0.0000e+00, 0.0000e+00, 
 1DIAGNOSTIC,    68, -9.393349885941e-01, 4.198533532156e-06, 0.0000e+00, 0.0000e+00, 
 1DIAGNOSTIC,    69, -9.393699169159e-01, 4.051614694569e-06, 0.0000e+00, 0.0000e+00, 
 1DIAGNOSTIC,    70, -9.394035339355e-01, 3.918843480983e-06, 0.0000e+00, 0.0000e+00, 
 1DIAGNOSTIC,    71, -9.394359588623e-01, 3.732842589900e-06, 0.0000e+00, 0.0000e+00, 
 1DIAGNOSTIC,    72, -9.394673109055e-01, 3.555892658108e-06, 0.0000e+00, 0.0000e+00, 
 1DIAGNOSTIC,    73, -9.394903182983e-01, 3.359053162932e-06, 0.0000e+00, 0.0000e+00, 
 1DIAGNOSTIC,    74, -9.395196437836e-01, 3.179447839109e-06, 0.0000e+00, 0.0000e+00, 
 1DIAGNOSTIC,    75, -9.395480155945e-01, 3.017126972224e-06, 0.0000e+00, 0.0000e+00, 
 1DIAGNOSTIC,    76, -9.395756721497e-01, 2.873450472280e-06, 0.0000e+00, 0.0000e+00, 
 1DIAGNOSTIC,    77, -9.396024942398e-01, 2.748535064186e-06, 0.0000e+00, 0.0000e+00, 
 1DIAGNOSTIC,    78, -9.396283626556e-01, 2.640349629858e-06, 0.0000e+00, 0.0000e+00, 
 1DIAGNOSTIC,    79, -9.396536350250e-01, 2.548178554615e-06, 0.0000e+00, 0.0000e+00, 
 1DIAGNOSTIC,    80, -9.396779537201e-01, 2.467993545953e-06, 0.0000e+00, 0.0000e+00, 
 1DIAGNOSTIC,    81, -9.397017955780e-01, 2.397958551554e-06, 0.0000e+00, 0.0000e+00, 
 1DIAGNOSTIC,    82, -9.397249221802e-01, 2.336046330742e-06, 0.0000e+00, 0.0000e+00, 
 1DIAGNOSTIC,    83, -9.397473335266e-01, 2.251280436988e-06, 0.0000e+00, 0.0000e+00, 
 1DIAGNOSTIC,    84, -9.397691488266e-01, 2.170727142902e-06, 0.0000e+00, 0.0000e+00, 
 1DIAGNOSTIC,    85, -9.397902488708e-01, 2.093501732242e-06, 0.0000e+00, 0.0000e+00, 
 1DIAGNOSTIC,    86, -9.398108720779e-01, 2.020331069462e-06, 0.0000e+00, 0.0000e+00, 
 1DIAGNOSTIC,    87, -9.398310184479e-01, 1.951266981319e-06, 0.0000e+00, 0.0000e+00, 
 1DIAGNOSTIC,    88, -9.398506879807e-01, 1.885695041837e-06, 0.0000e+00, 0.0000e+00, 
 1DIAGNOSTIC,    89, -9.398698806763e-01, 1.824112616866e-06, 0.0000e+00, 0.0000e+00, 
 1DIAGNOSTIC,    90, -9.398885965347e-01, 1.765491904199e-06, 0.0000e+00, 0.0000e+00, 
 1DIAGNOSTIC,    91, -9.399068355560e-01, 1.710305179281e-06, 0.0000e+00, 0.0000e+00, 
 1DIAGNOSTIC,    92, -9.399247169495e-01, 1.658398914807e-06, 0.0000e+00, 0.0000e+00, 
 1DIAGNOSTIC,    93, -9.399421215057e-01, 1.609021876910e-06, 0.0000e+00, 0.0000e+00, 
 1DIAGNOSTIC,    94, -9.399594068527e-01, 1.562894485838e-06, 0.0000e+00, 0.0000e+00, 
 1DIAGNOSTIC,    95, -9.399762153625e-01, 1.518917672572e-06, 0.0000e+00, 0.0000e+00, 
 1DIAGNOSTIC,    96, -9.399925470352e-01, 1.476716792686e-06, 0.0000e+00, 0.0000e+00, 
 1DIAGNOSTIC,    97, -9.400084018707e-01, 1.435849670960e-06, 0.0000e+00, 0.0000e+00, 
 1DIAGNOSTIC,    98, -9.400236606598e-01, 1.395461060229e-06, 0.0000e+00, 0.0000e+00, 
 1DIAGNOSTIC,    99, -9.400386810303e-01, 1.355864909900e-06, 0.0000e+00, 0.0000e+00, 
 1DIAGNOSTIC,   100, -9.400533437729e-01, 1.316980602037e-06, 0.0000e+00, 0.0000e+00, 
XXDIAGNOSTIC,Iteration,metricValue,convergenceValue,ITERATION_TIME_INDEX,SINCE_LAST
 1DIAGNOSTIC,     1, -8.714989423752e-01, 1.797693134862e+308, 0.0000e+00, 0.0000e+00, 
 1DIAGNOSTIC,     2, -8.746451139450e-01, 1.797693134862e+308, 2.5600e+02, 2.5600e+02, 
 1DIAGNOSTIC,     3, -8.773151636124e-01, 1.797693134862e+308, 2.5600e+02, 0.0000e+00, 
 1DIAGNOSTIC,     4, -8.796777725220e-01, 1.797693134862e+308, 2.5600e+02, 0.0000e+00, 
 1DIAGNOSTIC,     5, -8.817378282547e-01, 1.797693134862e+308, 2.5600e+02, 0.0000e+00, 
 1DIAGNOSTIC,     6, -8.835098743439e-01, 1.797693134862e+308, 2.5600e+02, 0.0000e+00, 
 1DIAGNOSTIC,     7, -8.850361108780e-01, 1.797693134862e+308, 2.5600e+02, 0.0000e+00, 
 1DIAGNOSTIC,     8, -8.863637447357e-01, 1.797693134862e+308, 2.5600e+02, 0.0000e+00, 
 1DIAGNOSTIC,     9, -8.875219821930e-01, 1.797693134862e+308, 2.5600e+02, 0.0000e+00, 
 1DIAGNOSTIC,    10, -8.886357545853e-01, 1.213190064400e-03, 2.5600e+02, 0.0000e+00, 
 1DIAGNOSTIC,    11, -8.896172046661e-01, 9.628269840277e-04, 2.5600e+02, 0.0000e+00, 
 1DIAGNOSTIC,    12, -8.904410600662e-01, 7.736503868895e-04, 2.5600e+02, 0.0000e+00, 
 1DIAGNOSTIC,    13, -8.910303115845e-01, 6.238568537201e-04, 2.5600e+02, 0.0000e+00, 
 1DIAGNOSTIC,    14, -8.915863037109e-01, 5.054669732351e-04, 2.5600e+02, 0.0000e+00, 
 1DIAGNOSTIC,    15, -8.920819759369e-01, 4.110881621451e-04, 2.5600e+02, 0.0000e+00, 
 1DIAGNOSTIC,    16, -8.925561904907e-01, 3.355675454114e-04, 2.5600e+02, 0.0000e+00, 
 1DIAGNOSTIC,    17, -8.929839134216e-01, 2.747261397424e-04, 2.5600e+02, 0.0000e+00, 
 1DIAGNOSTIC,    18, -8.933793306351e-01, 2.258928008870e-04, 2.5600e+02, 0.0000e+00, 
 1DIAGNOSTIC,    19, -8.937411308289e-01, 1.868126234972e-04, 2.5600e+02, 0.0000e+00, 
 1DIAGNOSTIC,    20, -8.940676450729e-01, 1.572385130863e-04, 2.5600e+02, 0.0000e+00, 
 1DIAGNOSTIC,    21, -8.943736553192e-01, 1.353799880171e-04, 2.5600e+02, 0.0000e+00, 
 1DIAGNOSTIC,    22, -8.946599960327e-01, 1.190201380037e-04, 2.5600e+02, 0.0000e+00, 
 1DIAGNOSTIC,    23, -8.949178457260e-01, 1.047320262311e-04, 2.5600e+02, 0.0000e+00, 
 1DIAGNOSTIC,    24, -8.951438665390e-01, 9.226147951769e-05, 2.5600e+02, 0.0000e+00, 
 1DIAGNOSTIC,    25, -8.953828811646e-01, 8.154867797928e-05, 2.5600e+02, 0.0000e+00, 
 1DIAGNOSTIC,    26, -8.955900669098e-01, 7.238861334148e-05, 2.5600e+02, 0.0000e+00, 
 1DIAGNOSTIC,    27, -8.957662582397e-01, 6.426726723559e-05, 2.5600e+02, 0.0000e+00, 
 1DIAGNOSTIC,    28, -8.959431648254e-01, 5.724140324589e-05, 2.5600e+02, 0.0000e+00, 
 1DIAGNOSTIC,    29, -8.961118459702e-01, 5.118245861035e-05, 2.5600e+02, 0.0000e+00, 
 1DIAGNOSTIC,    30, -8.962733745575e-01, 4.592231833767e-05, 2.5600e+02, 0.0000e+00, 
 1DIAGNOSTIC,    31, -8.964172601700e-01, 4.132980154146e-05, 2.5600e+02, 0.0000e+00, 
 1DIAGNOSTIC,    32, -8.965660333633e-01, 3.750384089338e-05, 2.5600e+02, 0.0000e+00, 
 1DIAGNOSTIC,    33, -8.967076539993e-01, 3.427111440945e-05, 2.5600e+02, 0.0000e+00, 
 1DIAGNOSTIC,    34, -8.968307971954e-01, 3.129445056263e-05, 2.5600e+02, 0.0000e+00, 
 1DIAGNOSTIC,    35, -8.969352245331e-01, 2.869777566557e-05, 2.5600e+02, 0.0000e+00, 
 1DIAGNOSTIC,    36, -8.970365524292e-01, 2.631222659906e-05, 5.1200e+02, 2.5600e+02, 
 1DIAGNOSTIC,    37, -8.971422910690e-01, 2.403633253302e-05, 5.1200e+02, 0.0000e+00, 
 1DIAGNOSTIC,    38, -8.972392082214e-01, 2.193828180779e-05, 5.1200e+02, 0.0000e+00, 
 1DIAGNOSTIC,    39, -8.973330259323e-01, 2.005700735689e-05, 5.1200e+02, 0.0000e+00, 
 1DIAGNOSTIC,    40, -8.974117040634e-01, 1.833107648947e-05, 5.1200e+02, 0.0000e+00, 
 1DIAGNOSTIC,    41, -8.974821567535e-01, 1.666316949487e-05, 5.1200e+02, 0.0000e+00, 
 1DIAGNOSTIC,    42, -8.975592851639e-01, 1.525048470482e-05, 5.1200e+02, 0.0000e+00, 
 1DIAGNOSTIC,    43, -8.976209163666e-01, 1.400306341837e-05, 5.1200e+02, 0.0000e+00, 
 1DIAGNOSTIC,    44, -8.977096080780e-01, 1.306481129398e-05, 5.1200e+02, 0.0000e+00, 
 1DIAGNOSTIC,    45, -8.977686166763e-01, 1.212757724653e-05, 5.1200e+02, 0.0000e+00, 
 1DIAGNOSTIC,    46, -8.978309631348e-01, 1.126027557947e-05, 5.1200e+02, 0.0000e+00, 
 1DIAGNOSTIC,    47, -8.978923559189e-01, 1.053902655796e-05, 5.1200e+02, 0.0000e+00, 
 1DIAGNOSTIC,    48, -8.979454040527e-01, 9.883387895111e-06, 5.1200e+02, 0.0000e+00, 
 1DIAGNOSTIC,    49, -8.979936838150e-01, 9.282712521288e-06, 5.1200e+02, 0.0000e+00, 
 1DIAGNOSTIC,    50, -8.980362415314e-01, 8.641987602292e-06, 5.1200e+02, 0.0000e+00, 
 1DIAGNOSTIC,    51, -8.980846405029e-01, 7.992810196499e-06, 5.1200e+02, 0.0000e+00, 
 1DIAGNOSTIC,    52, -8.981348276138e-01, 7.433449671867e-06, 5.1200e+02, 0.0000e+00, 
 1DIAGNOSTIC,    53, -8.981713056564e-01, 6.816325094146e-06, 5.1200e+02, 0.0000e+00, 
 1DIAGNOSTIC,    54, -8.982065916061e-01, 6.351746534263e-06, 5.1200e+02, 0.0000e+00, 
 1DIAGNOSTIC,    55, -8.982428312302e-01, 5.896114207635e-06, 5.1200e+02, 0.0000e+00, 
 1DIAGNOSTIC,    56, -8.982825279236e-01, 5.517323120971e-06, 5.1200e+02, 0.0000e+00, 
 1DIAGNOSTIC,    57, -8.983150720596e-01, 5.192193935119e-06, 5.1200e+02, 0.0000e+00, 
 1DIAGNOSTIC,    58, -8.983482122421e-01, 4.900926572543e-06, 5.1200e+02, 0.0000e+00, 
 1DIAGNOSTIC,    59, -8.983902931213e-01, 4.685168477223e-06, 5.1200e+02, 0.0000e+00, 
 1DIAGNOSTIC,    60, -8.984166383743e-01, 4.436094675778e-06, 5.1200e+02, 0.0000e+00, 
 1DIAGNOSTIC,    61, -8.984416723251e-01, 4.196924242007e-06, 5.1200e+02, 0.0000e+00, 
 1DIAGNOSTIC,    62, -8.984673023224e-01, 3.997915662288e-06, 5.1200e+02, 0.0000e+00, 
 1DIAGNOSTIC,    63, -8.984917402267e-01, 3.773524653784e-06, 5.1200e+02, 0.0000e+00, 
 1DIAGNOSTIC,    64, -8.985141515732e-01, 3.523549186469e-06, 5.1200e+02, 0.0000e+00, 
 1DIAGNOSTIC,    65, -8.985320329666e-01, 3.250614270971e-06, 5.1200e+02, 0.0000e+00, 
 1DIAGNOSTIC,    66, -8.985518217087e-01, 3.005166368395e-06, 5.1200e+02, 0.0000e+00, 
 1DIAGNOSTIC,    67, -8.985729217529e-01, 2.775674803793e-06, 5.1200e+02, 0.0000e+00, 
 1DIAGNOSTIC,    68, -8.985866308212e-01, 2.544970787423e-06, 5.1200e+02, 0.0000e+00, 
 1DIAGNOSTIC,    69, -8.986022472382e-01, 2.384851474555e-06, 5.1200e+02, 0.0000e+00, 
 1DIAGNOSTIC,    70, -8.986243009567e-01, 2.261839840272e-06, 7.6800e+02, 2.5600e+02, 
XXDIAGNOSTIC,Iteration,metricValue,convergenceValue,ITERATION_TIME_INDEX,SINCE_LAST
 1DIAGNOSTIC,     1, -8.660212755203e-01, 1.797693134862e+308, 7.6800e+02, 0.0000e+00, 
 1DIAGNOSTIC,     2, -8.694598674774e-01, 1.797693134862e+308, 7.6800e+02, 0.0000e+00, 
 1DIAGNOSTIC,     3, -8.724907636642e-01, 1.797693134862e+308, 7.6800e+02, 0.0000e+00, 
 1DIAGNOSTIC,     4, -8.752713203430e-01, 1.797693134862e+308, 1.0240e+03, 2.5600e+02, 
 1DIAGNOSTIC,     5, -8.779387474060e-01, 1.797693134862e+308, 1.0240e+03, 0.0000e+00, 
 1DIAGNOSTIC,     6, -8.800905942917e-01, 1.797693134862e+308, 1.0240e+03, 0.0000e+00, 
 1DIAGNOSTIC,     7, -8.820565938950e-01, 1.797693134862e+308, 1.0240e+03, 0.0000e+00, 
 1DIAGNOSTIC,     8, -8.838274478912e-01, 1.797693134862e+308, 1.0240e+03, 0.0000e+00, 
 1DIAGNOSTIC,     9, -8.854452371597e-01, 1.797693134862e+308, 1.2800e+03, 2.5600e+02, 
 1DIAGNOSTIC,    10, -8.869251012802e-01, 1.503664856510e-03, 1.2800e+03, 0.0000e+00, 
 1DIAGNOSTIC,    11, -8.883055448532e-01, 1.227967289013e-03, 1.2800e+03, 0.0000e+00, 
 1DIAGNOSTIC,    12, -8.895838260651e-01, 1.014366592933e-03, 1.2800e+03, 0.0000e+00, 
 1DIAGNOSTIC,    13, -8.907833099365e-01, 8.463576010570e-04, 1.5360e+03, 2.5600e+02, 
 1DIAGNOSTIC,    14, -8.917678594589e-01, 7.114331318542e-04, 1.5360e+03, 0.0000e+00, 
 1DIAGNOSTIC,    15, -8.926978111267e-01, 6.064104129853e-04, 1.5360e+03, 0.0000e+00, 
 1DIAGNOSTIC,    16, -8.935602903366e-01, 5.191539539278e-04, 1.5360e+03, 0.0000e+00, 
 1DIAGNOSTIC,    17, -8.942605257034e-01, 4.444565096110e-04, 1.7920e+03, 2.5600e+02, 
 1DIAGNOSTIC,    18, -8.949117660522e-01, 3.800121769126e-04, 1.7920e+03, 0.0000e+00, 
 1DIAGNOSTIC,    19, -8.955242633820e-01, 3.246629402840e-04, 1.7920e+03, 0.0000e+00, 
 1DIAGNOSTIC,    20, -8.961147069931e-01, 2.777304808860e-04, 1.7920e+03, 0.0000e+00, 
 1DIAGNOSTIC,    21, -8.966790437698e-01, 2.389223691224e-04, 2.0480e+03, 2.5600e+02, 
 1DIAGNOSTIC,    22, -8.972071409225e-01, 2.075031628280e-04, 2.0480e+03, 0.0000e+00, 
 1DIAGNOSTIC,    23, -8.977230787277e-01, 1.832318436730e-04, 2.0480e+03, 0.0000e+00, 
 1DIAGNOSTIC,    24, -8.982219696045e-01, 1.635092014343e-04, 2.0480e+03, 0.0000e+00, 
 1DIAGNOSTIC,    25, -8.987028598785e-01, 1.479748598387e-04, 2.3040e+03, 2.5600e+02, 
 1DIAGNOSTIC,    26, -8.991737365723e-01, 1.360770744897e-04, 2.3040e+03, 0.0000e+00, 
 1DIAGNOSTIC,    27, -8.996176719666e-01, 1.257581230968e-04, 2.3040e+03, 0.0000e+00, 
 1DIAGNOSTIC,    28, -9.000376462936e-01, 1.165200052314e-04, 2.3040e+03, 0.0000e+00, 
 1DIAGNOSTIC,    29, -9.004313945770e-01, 1.079808308429e-04, 2.5600e+03, 2.5600e+02, 
 1DIAGNOSTIC,    30, -9.007972478867e-01, 9.996705642213e-05, 2.5600e+03, 0.0000e+00, 
 1DIAGNOSTIC,    31, -9.011409282684e-01, 9.235472329133e-05, 2.5600e+03, 0.0000e+00, 
 1DIAGNOSTIC,    32, -9.014681577682e-01, 8.499551009106e-05, 2.5600e+03, 0.0000e+00, 
 1DIAGNOSTIC,    33, -9.017766714096e-01, 7.799323405686e-05, 2.8160e+03, 2.5600e+02, 
 1DIAGNOSTIC,    34, -9.020724296570e-01, 7.145925000840e-05, 2.8160e+03, 0.0000e+00, 
 1DIAGNOSTIC,    35, -9.023509025574e-01, 6.543278907213e-05, 2.8160e+03, 0.0000e+00, 
 1DIAGNOSTIC,    36, -9.026176929474e-01, 6.006128054653e-05, 2.8160e+03, 0.0000e+00, 
 1DIAGNOSTIC,    37, -9.028731584549e-01, 5.530003107429e-05, 3.0720e+03, 2.5600e+02, 
 1DIAGNOSTIC,    38, -9.031120538712e-01, 5.106089432080e-05, 3.0720e+03, 0.0000e+00, 
 1DIAGNOSTIC,    39, -9.033410549164e-01, 4.727831564385e-05, 3.0720e+03, 0.0000e+00, 
 1DIAGNOSTIC,    40, -9.035569429398e-01, 4.382910912593e-05, 3.0720e+03, 0.0000e+00, 
 1DIAGNOSTIC,    41, -9.037630558014e-01, 4.065828372807e-05, 3.3280e+03, 2.5600e+02, 
 1DIAGNOSTIC,    42, -9.039603471756e-01, 3.775656741692e-05, 3.3280e+03, 0.0000e+00, 
 1DIAGNOSTIC,    43, -9.041424989700e-01, 3.504012103707e-05, 3.3280e+03, 0.0000e+00, 
 1DIAGNOSTIC,    44, -9.043265581131e-01, 3.259700647223e-05, 3.3280e+03, 0.0000e+00, 
 1DIAGNOSTIC,    45, -9.045008420944e-01, 3.037319879320e-05, 3.5840e+03, 2.5600e+02, 
 1DIAGNOSTIC,    46, -9.046649932861e-01, 2.834808750489e-05, 3.5840e+03, 0.0000e+00, 
 1DIAGNOSTIC,    47, -9.048269987106e-01, 2.655172039188e-05, 3.5840e+03, 0.0000e+00, 
 1DIAGNOSTIC,    48, -9.049816131592e-01, 2.492492688675e-05, 3.5840e+03, 0.0000e+00, 
 1DIAGNOSTIC,    49, -9.051311016083e-01, 2.346343782387e-05, 3.8400e+03, 2.5600e+02, 
 1DIAGNOSTIC,    50, -9.052720069885e-01, 2.211120554313e-05, 3.8400e+03, 0.0000e+00, 
XXDIAGNOSTIC,Iteration,metricValue,convergenceValue,ITERATION_TIME_INDEX,SINCE_LAST
 1DIAGNOSTIC,     1, -8.676913976669e-01, 1.797693134862e+308, 4.3520e+03, 5.1200e+02, 
 1DIAGNOSTIC,     2, -8.689498901367e-01, 1.797693134862e+308, 4.8640e+03, 5.1200e+02, 
 1DIAGNOSTIC,     3, -8.705359697342e-01, 1.797693134862e+308, 5.3760e+03, 5.1200e+02, 
 1DIAGNOSTIC,     4, -8.719835281372e-01, 1.797693134862e+308, 5.8880e+03, 5.1200e+02, 
 1DIAGNOSTIC,     5, -8.732448816299e-01, 1.797693134862e+308, 6.4000e+03, 5.1200e+02, 
 1DIAGNOSTIC,     6, -8.747590780258e-01, 1.797693134862e+308, 6.9120e+03, 5.1200e+02, 
 1DIAGNOSTIC,     7, -8.760818243027e-01, 1.797693134862e+308, 7.4240e+03, 5.1200e+02, 
 1DIAGNOSTIC,     8, -8.772616386414e-01, 1.797693134862e+308, 7.9360e+03, 5.1200e+02, 
 1DIAGNOSTIC,     9, -8.783707618713e-01, 1.797693134862e+308, 8.4480e+03, 5.1200e+02, 
 1DIAGNOSTIC,    10, -8.794064521790e-01, 8.758392415788e-04, 8.9600e+03, 5.1200e+02, 
 1DIAGNOSTIC,    11, -8.804174661636e-01, 7.650755540028e-04, 9.4720e+03, 5.1200e+02, 
 1DIAGNOSTIC,    12, -8.813589811325e-01, 6.630455061004e-04, 9.9840e+03, 5.1200e+02, 
 1DIAGNOSTIC,    13, -8.822431564331e-01, 5.781518186987e-04, 1.0496e+04, 5.1200e+02, 
 1DIAGNOSTIC,    14, -8.830668926239e-01, 5.053263549312e-04, 1.1008e+04, 5.1200e+02, 
 1DIAGNOSTIC,    15, -8.837637901306e-01, 4.380119424339e-04, 1.1520e+04, 5.1200e+02, 
 1DIAGNOSTIC,    16, -8.844215869904e-01, 3.826761522269e-04, 1.2032e+04, 5.1200e+02, 
 1DIAGNOSTIC,    17, -8.850523233414e-01, 3.356262328485e-04, 1.2544e+04, 5.1200e+02, 
 1DIAGNOSTIC,    18, -8.856450319290e-01, 2.944782704593e-04, 1.3056e+04, 5.1200e+02, 
 1DIAGNOSTIC,    19, -8.861861228943e-01, 2.583273100561e-04, 1.3568e+04, 5.1200e+02, 
 1DIAGNOSTIC,    20, -8.866977691650e-01, 2.266961739856e-04, 1.4080e+04, 5.1200e+02, 
  Elapsed time (stage 0): 14080


Total elapsed time: 14080
