
##########################
# Experiment information #
##########################

EXPERIMENT_NAME: antsRegistration-r7-p15
VFC_BACKENDS: libinterflop_vprec.so --range-binary32=7 --precision-binary32=15 --range-binary64=7 --precision-binary64=15

SIF_IMG: /home/mdugre/projects/rrg-glatard/mdugre/containers/ants-vprec-no_metrics.simg

SUBJECT_ID: s012
INPUT_IMG: /home/mdugre/scratch/mri-registration-rp/datasets/ds004513/derivatives/mri-registration-rp/antsBrainExtraction/sub-s012/BrainExtractionBrain.nii.gz
OUTPUT_DIR: /home/mdugre/scratch/mri-registration-rp/datasets/ds004513/derivatives/mri-registration-rp/0111/antsRegistration-r7-p15/sub-s012

FIXED_IMG: /templateflow/tpl-MNI152NLin2009cAsym/tpl-MNI152NLin2009cAsym_res-01_desc-brain_T1w.nii.gz
DATA_DIR: /home/mdugre/scratch/mri-registration-rp/datasets/ds004513
TEMPLATEFLOW_DIR: /home/mdugre/projects/rrg-glatard/mdugre/templateflow
ITK_GLOBAL_DEFAULT_NUMBER_OF_THREADS: 16
##########################

Info [verificarlo]: loaded backend libinterflop_ieee.so
Info [interflop-ieee]: load backend with:
Info [interflop-ieee]: debug = false
Info [interflop-ieee]: debug-binary = false
Info [interflop-ieee]: no-backend-name = false
Info [interflop-ieee]: print-new-line = false
Info [interflop-ieee]: print-subnormal-normalized = false
Info [interflop-ieee]: count-op = false
All_Command_lines_OK
Using double precision for computations.
=============================================================================
The composite transform comprises the following transforms (in order): 
  1. Center of mass alignment using fixed image: /templateflow/tpl-MNI152NLin2009cAsym/tpl-MNI152NLin2009cAsym_res-01_desc-brain_T1w.nii.gz and moving image: /home/mdugre/scratch/mri-registration-rp/datasets/ds004513/derivatives/mri-registration-rp/antsBrainExtraction/sub-s012/BrainExtractionBrain.nii.gz (type = Euler3DTransform)
=============================================================================
  number of levels = 1
  fixed image: /templateflow/tpl-MNI152NLin2009cAsym/tpl-MNI152NLin2009cAsym_res-01_desc-brain_T1w.nii.gz
  moving image: /home/mdugre/scratch/mri-registration-rp/datasets/ds004513/derivatives/mri-registration-rp/antsBrainExtraction/sub-s012/BrainExtractionBrain.nii.gz
Dimension = 3
Number of stages = 1
Use histogram matching = false
Winsorize image intensities = true
  Lower quantile = 0.005
  Upper quantile = 0.995


Stage 1 State
   Image metric = MattesMI
     Fixed image = Image (0x35c8e70)
  RTTI typeinfo:   itk::Image<double, 3u>
  Reference Count: 2
  Modified Time: 2334
  Debug: Off
  Object Name: 
  Observers: 
    none
  Source: (none)
  Source output name: (none)
  Release Data: Off
  Data Released: False
  Global Release Data: Off
  PipelineMTime: 0
  UpdateMTime: 1943
  RealTimeStamp: 0 seconds 
  LargestPossibleRegion: 
    Dimension: 3
    Index: [0, 0, 0]
    Size: [193, 229, 193]
  BufferedRegion: 
    Dimension: 3
    Index: [0, 0, 0]
    Size: [193, 229, 193]
  RequestedRegion: 
    Dimension: 3
    Index: [0, 0, 0]
    Size: [193, 229, 193]
  Spacing: [1, 1, 1]
  Origin: [96, 132, -78]
  Direction: 
-1 0 0
0 -1 0
0 0 1

  IndexToPointMatrix: 
-1 0 0
0 -1 0
0 0 1

  PointToIndexMatrix: 
-1 0 0
0 -1 0
0 0 1

  Inverse Direction: 
-1 0 0
0 -1 0
0 0 1

  PixelContainer: 
    ImportImageContainer (0x35d1c60)
      RTTI typeinfo:   itk::ImportImageContainer<unsigned long, double>
      Reference Count: 1
      Modified Time: 1940
      Debug: Off
      Object Name: 
      Observers: 
        none
      Pointer: 0x1491d3af7010
      Container manages memory: true
      Size: 8530021
      Capacity: 8530021

     Moving image = Image (0x3665ec0)
  RTTI typeinfo:   itk::Image<double, 3u>
  Reference Count: 2
  Modified Time: 2335
  Debug: Off
  Object Name: 
  Observers: 
    none
  Source: (none)
  Source output name: (none)
  Release Data: Off
  Data Released: False
  Global Release Data: Off
  PipelineMTime: 0
  UpdateMTime: 2332
  RealTimeStamp: 0 seconds 
  LargestPossibleRegion: 
    Dimension: 3
    Index: [0, 0, 0]
    Size: [176, 240, 256]
  BufferedRegion: 
    Dimension: 3
    Index: [0, 0, 0]
    Size: [176, 240, 256]
  RequestedRegion: 
    Dimension: 3
    Index: [0, 0, 0]
    Size: [176, 240, 256]
  Spacing: [1, 1, 1]
  Origin: [65.5297, 106.836, -142.348]
  Direction: 
-0.983885 0.178802 0
-0.178802 -0.983885 0
0 0 1

  IndexToPointMatrix: 
-0.983887 0.178802 0
-0.178803 -0.983885 0
0 0 1

  PointToIndexMatrix: 
-0.983883 -0.178802 0
0.178802 -0.983885 0
0 0 1

  Inverse Direction: 
-0.983885 -0.178802 0
0.178802 -0.983885 0
0 0 1

  PixelContainer: 
    ImportImageContainer (0x3663f90)
      RTTI typeinfo:   itk::ImportImageContainer<unsigned long, double>
      Reference Count: 1
      Modified Time: 2329
      Debug: Off
      Object Name: 
      Observers: 
        none
      Pointer: 0x1491ce876010
      Container manages memory: true
      Size: 10813440
      Capacity: 10813440

     Weighting = 1
     Sampling strategy = regular
     Number of bins = 32
     Radius = 4
     Sampling percentage  = 0.25
   Transform = Rigid
     Gradient step = 0.1
     Update field sigma (voxel space) = 0
     Total field sigma (voxel space) = 0
     Update field time sigma = 0
     Total field time sigma  = 0
     Number of time indices = 0
     Number of time point samples = 0
Registration using 1 total stages.

Stage 0
  iterations = 0
  convergence threshold = 1e-06
  convergence window size = 10
  number of levels = 1
  using the Mattes MI metric (number of bins = 32, weight = 1, use gradient filter = 0)
  preprocessing:  winsorizing the image intensities
  Shrink factors (level 1 out of 1): [1, 1, 1]
  smoothing sigmas per level: [0]
  regular sampling (percentage = 0.25)

*** Running Euler3DTransform registration ***

  Elapsed time (stage 0): 1.21028


Total elapsed time: 1.21972
Info [verificarlo]: loaded backend libinterflop_vprec.so
Info [interflop-vprec]: load backend with: 
Info [interflop-vprec]: precision-binary32 = 15
Info [interflop-vprec]: range-binary32 = 7
Info [interflop-vprec]: precision-binary64 = 15
Info [interflop-vprec]: range-binary64 = 7
Info [interflop-vprec]: mode = ob
Info [interflop-vprec]: error-mode = rel
Info [interflop-vprec]: max-abs-error-exponent = -1022
Info [interflop-vprec]: daz = false
Info [interflop-vprec]: ftz = false
Info [interflop-vprec]: 	instrument = none
Info [interflop-vprec]: 	prec-input-file = (null)
Info [interflop-vprec]: 	prec-output-file = (null)
Info [interflop-vprec]: 	prec-log-file = (null)
All_Command_lines_OK
Using double precision for computations.
=============================================================================
The composite transform comprises the following transforms (in order): 
  1. /home/mdugre/scratch/mri-registration-rp/datasets/ds004513/derivatives/mri-registration-rp/0111/antsRegistration-r7-p15/sub-s012/align_Composite.h5[0] (type = Euler3DTransform)
  2. /home/mdugre/scratch/mri-registration-rp/datasets/ds004513/derivatives/mri-registration-rp/0111/antsRegistration-r7-p15/sub-s012/align_Composite.h5[1] (type = Euler3DTransform)
=============================================================================
  number of levels = 4
  fixed image: /templateflow/tpl-MNI152NLin2009cAsym/tpl-MNI152NLin2009cAsym_res-01_desc-brain_T1w.nii.gz
  moving image: /home/mdugre/scratch/mri-registration-rp/datasets/ds004513/derivatives/mri-registration-rp/antsBrainExtraction/sub-s012/BrainExtractionBrain.nii.gz
Dimension = 3
Number of stages = 1
Use histogram matching = false
Winsorize image intensities = true
  Lower quantile = 0.005
  Upper quantile = 0.995


Stage 1 State
   Image metric = MattesMI
     Fixed image = Image (0x4b0c1e0)
  RTTI typeinfo:   itk::Image<double, 3u>
  Reference Count: 2
  Modified Time: 1578
  Debug: Off
  Object Name: 
  Observers: 
    none
  Source: (none)
  Source output name: (none)
  Release Data: Off
  Data Released: False
  Global Release Data: Off
  PipelineMTime: 0
  UpdateMTime: 1189
  RealTimeStamp: 0 seconds 
  LargestPossibleRegion: 
    Dimension: 3
    Index: [0, 0, 0]
    Size: [193, 229, 193]
  BufferedRegion: 
    Dimension: 3
    Index: [0, 0, 0]
    Size: [193, 229, 193]
  RequestedRegion: 
    Dimension: 3
    Index: [0, 0, 0]
    Size: [193, 229, 193]
  Spacing: [1, 1, 1]
  Origin: [96, 132, -78]
  Direction: 
-1 0 0
0 -1 0
0 0 1

  IndexToPointMatrix: 
-1 0 0
0 -1 0
0 0 1

  PointToIndexMatrix: 
-1 0 0
0 -1 0
0 0 1

  Inverse Direction: 
-1 0 0
0 -1 0
0 0 1

  PixelContainer: 
    ImportImageContainer (0x4bcb640)
      RTTI typeinfo:   itk::ImportImageContainer<unsigned long, double>
      Reference Count: 1
      Modified Time: 1186
      Debug: Off
      Object Name: 
      Observers: 
        none
      Pointer: 0x148c45a0a010
      Container manages memory: true
      Size: 8530021
      Capacity: 8530021

     Moving image = Image (0x4bc7c90)
  RTTI typeinfo:   itk::Image<double, 3u>
  Reference Count: 2
  Modified Time: 1579
  Debug: Off
  Object Name: 
  Observers: 
    none
  Source: (none)
  Source output name: (none)
  Release Data: Off
  Data Released: False
  Global Release Data: Off
  PipelineMTime: 0
  UpdateMTime: 1576
  RealTimeStamp: 0 seconds 
  LargestPossibleRegion: 
    Dimension: 3
    Index: [0, 0, 0]
    Size: [176, 240, 256]
  BufferedRegion: 
    Dimension: 3
    Index: [0, 0, 0]
    Size: [176, 240, 256]
  RequestedRegion: 
    Dimension: 3
    Index: [0, 0, 0]
    Size: [176, 240, 256]
  Spacing: [1, 1, 1]
  Origin: [65.5293, 106.836, -142.348]
  Direction: 
-0.983887 0.178802 0
-0.178802 -0.983887 0
0 0 1

  IndexToPointMatrix: 
-0.983887 0.178802 0
-0.178802 -0.983887 0
0 0 1

  PointToIndexMatrix: 
-0.983887 -0.178802 0
0.178802 -0.983887 0
0 0 1

  Inverse Direction: 
-0.983887 -0.178802 0
0.178802 -0.983887 0
0 0 1

  PixelContainer: 
    ImportImageContainer (0x4c38d90)
      RTTI typeinfo:   itk::ImportImageContainer<unsigned long, double>
      Reference Count: 1
      Modified Time: 1573
      Debug: Off
      Object Name: 
      Observers: 
        none
      Pointer: 0x148c40789010
      Container manages memory: true
      Size: 10813440
      Capacity: 10813440

     Weighting = 1
     Sampling strategy = regular
     Number of bins = 32
     Radius = 4
     Sampling percentage  = 0.25
   Transform = Rigid
     Gradient step = 0.1
     Update field sigma (voxel space) = 0
     Total field sigma (voxel space) = 0
     Update field time sigma = 0
     Total field time sigma  = 0
     Number of time indices = 0
     Number of time point samples = 0
Registration using 1 total stages.

Stage 0
  iterations = 1000x500x250x100
  convergence threshold = 1e-06
  convergence window size = 10
  number of levels = 4
  using the Mattes MI metric (number of bins = 32, weight = 1, use gradient filter = 0)
  preprocessing:  winsorizing the image intensities
  Shrink factors (level 1 out of 4): [8, 8, 8]
  Shrink factors (level 2 out of 4): [4, 4, 4]
  Shrink factors (level 3 out of 4): [2, 2, 2]
  Shrink factors (level 4 out of 4): [1, 1, 1]
  smoothing sigmas per level: [3, 2, 1, 0]
  regular sampling (percentage = 0.25)

*** Running Euler3DTransform registration ***

DIAGNOSTIC,Iteration,metricValue,convergenceValue,ITERATION_TIME_INDEX,SINCE_LAST
 2DIAGNOSTIC,     1, -5.309896741725e-01, 1.797693134862e+308, 0.0000e+00, 0.0000e+00, 
 2DIAGNOSTIC,     2, -5.321360928359e-01, 1.797693134862e+308, 0.0000e+00, 0.0000e+00, 
 2DIAGNOSTIC,     3, -5.343467260492e-01, 1.797693134862e+308, 0.0000e+00, 0.0000e+00, 
 2DIAGNOSTIC,     4, -5.390420202480e-01, 1.797693134862e+308, 0.0000e+00, 0.0000e+00, 
 2DIAGNOSTIC,     5, -5.444930380183e-01, 1.797693134862e+308, 0.0000e+00, 0.0000e+00, 
 2DIAGNOSTIC,     6, -5.531789243122e-01, 1.797693134862e+308, 0.0000e+00, 0.0000e+00, 
 2DIAGNOSTIC,     7, -5.547102320742e-01, 1.797693134862e+308, 0.0000e+00, 0.0000e+00, 
 2DIAGNOSTIC,     8, -5.562743717322e-01, 1.797693134862e+308, 0.0000e+00, 0.0000e+00, 
 2DIAGNOSTIC,     9, -5.588044920805e-01, 1.797693134862e+308, 0.0000e+00, 0.0000e+00, 
 2DIAGNOSTIC,    10, -5.720252783915e-01, 4.595524675499e-03, 0.0000e+00, 0.0000e+00, 
 2DIAGNOSTIC,    11, -6.237255306260e-01, 6.718692127399e-03, 0.0000e+00, 0.0000e+00, 
 2DIAGNOSTIC,    12, -6.539425682625e-01, 9.083632581931e-03, 0.0000e+00, 0.0000e+00, 
 2DIAGNOSTIC,    13, -6.573841078957e-01, 1.043341789701e-02, 0.0000e+00, 0.0000e+00, 
 2DIAGNOSTIC,    14, -6.581695176251e-01, 1.085275874162e-02, 0.0000e+00, 0.0000e+00, 
 2DIAGNOSTIC,    15, -6.583331198327e-01, 1.040630154780e-02, 0.0000e+00, 0.0000e+00, 
 2DIAGNOSTIC,    16, -6.588387386418e-01, 9.324994060655e-03, 0.0000e+00, 0.0000e+00, 
 2DIAGNOSTIC,    17, -6.592801566959e-01, 7.574335808526e-03, 0.0000e+00, 0.0000e+00, 
 2DIAGNOSTIC,    18, -6.601144683749e-01, 5.427478435696e-03, 0.0000e+00, 0.0000e+00, 
 2DIAGNOSTIC,    19, -6.638505157069e-01, 3.203266261327e-03, 0.0000e+00, 0.0000e+00, 
 2DIAGNOSTIC,    20, -6.818678356040e-01, 1.636530655927e-03, 0.0000e+00, 0.0000e+00, 
 2DIAGNOSTIC,    21, -6.932247133673e-01, 1.463823066375e-03, 0.0000e+00, 0.0000e+00, 
 2DIAGNOSTIC,    22, -6.959858570210e-01, 1.867315579352e-03, 0.0000e+00, 0.0000e+00, 
 2DIAGNOSTIC,    23, -7.055822186847e-01, 2.324335560805e-03, 0.0000e+00, 0.0000e+00, 
 2DIAGNOSTIC,    24, -7.077883829789e-01, 2.574924597459e-03, 0.0000e+00, 0.0000e+00, 
 2DIAGNOSTIC,    25, -7.099461238032e-01, 2.599760987609e-03, 0.0000e+00, 0.0000e+00, 
 2DIAGNOSTIC,    26, -7.147695279240e-01, 2.470129724740e-03, 0.0000e+00, 0.0000e+00, 
 2DIAGNOSTIC,    27, -7.175424543980e-01, 2.175392238932e-03, 0.0000e+00, 0.0000e+00, 
 2DIAGNOSTIC,    28, -7.216314328444e-01, 1.781142471214e-03, 0.0000e+00, 0.0000e+00, 
 2DIAGNOSTIC,    29, -7.228472483325e-01, 1.320219144481e-03, 0.0000e+00, 0.0000e+00, 
 2DIAGNOSTIC,    30, -7.231576197086e-01, 1.039659459093e-03, 0.0000e+00, 0.0000e+00, 
 2DIAGNOSTIC,    31, -7.236977581002e-01, 8.522696961539e-04, 0.0000e+00, 0.0000e+00, 
 2DIAGNOSTIC,    32, -7.241745312570e-01, 6.384112891405e-04, 0.0000e+00, 0.0000e+00, 
 2DIAGNOSTIC,    33, -7.242048038338e-01, 5.064945351639e-04, 0.0000e+00, 0.0000e+00, 
 2DIAGNOSTIC,    34, -7.241549579383e-01, 3.634467475671e-04, 0.0000e+00, 0.0000e+00, 
 2DIAGNOSTIC,    35, -7.241763192211e-01, 2.218537784527e-04, 0.0000e+00, 0.0000e+00, 
 2DIAGNOSTIC,    36, -7.241953220100e-01, 1.263170752991e-04, 0.0000e+00, 0.0000e+00, 
 2DIAGNOSTIC,    37, -7.243905691646e-01, 5.813804283907e-05, 0.0000e+00, 0.0000e+00, 
 2DIAGNOSTIC,    38, -7.250915806635e-01, 4.270253064387e-05, 0.0000e+00, 0.0000e+00, 
 2DIAGNOSTIC,    39, -7.252160472810e-01, 3.887915226375e-05, 0.0000e+00, 0.0000e+00, 
 2DIAGNOSTIC,    40, -7.262209189777e-01, 4.579562692966e-05, 0.0000e+00, 0.0000e+00, 
 2DIAGNOSTIC,    41, -7.261181869237e-01, 5.232731217437e-05, 0.0000e+00, 0.0000e+00, 
 2DIAGNOSTIC,    42, -7.260285479959e-01, 5.767079799061e-05, 0.0000e+00, 0.0000e+00, 
 2DIAGNOSTIC,    43, -7.261865422855e-01, 5.926718093933e-05, 0.0000e+00, 0.0000e+00, 
 2DIAGNOSTIC,    44, -7.266286136859e-01, 5.888893889867e-05, 0.0000e+00, 0.0000e+00, 
 2DIAGNOSTIC,    45, -7.270786244312e-01, 5.729569279134e-05, 0.0000e+00, 0.0000e+00, 
 2DIAGNOSTIC,    46, -7.272242408511e-01, 5.188801444544e-05, 0.0000e+00, 0.0000e+00, 
 2DIAGNOSTIC,    47, -7.271936374504e-01, 4.340251043399e-05, 0.0000e+00, 0.0000e+00, 
 2DIAGNOSTIC,    48, -7.272331270418e-01, 3.786986059794e-05, 0.0000e+00, 0.0000e+00, 
 2DIAGNOSTIC,    49, -7.279388963498e-01, 3.584394856126e-05, 0.0000e+00, 0.0000e+00, 
 2DIAGNOSTIC,    50, -7.294667044905e-01, 5.170125404094e-05, 0.0000e+00, 0.0000e+00, 
 2DIAGNOSTIC,    51, -7.296693913949e-01, 6.260969209479e-05, 0.0000e+00, 0.0000e+00, 
 2DIAGNOSTIC,    52, -7.306976245795e-01, 7.498518536063e-05, 0.0000e+00, 0.0000e+00, 
 2DIAGNOSTIC,    53, -7.308453696403e-01, 8.208052775065e-05, 0.0000e+00, 0.0000e+00, 
 2DIAGNOSTIC,    54, -7.313680947586e-01, 8.844059056472e-05, 0.0000e+00, 0.0000e+00, 
 2DIAGNOSTIC,    55, -7.341593503592e-01, 1.105756758989e-04, 0.0000e+00, 0.0000e+00, 
 2DIAGNOSTIC,    56, -7.341117069044e-01, 1.215130524615e-04, 0.0000e+00, 0.0000e+00, 
 2DIAGNOSTIC,    57, -7.340128272357e-01, 1.199088691100e-04, 0.0000e+00, 0.0000e+00, 
 2DIAGNOSTIC,    58, -7.339123049928e-01, 1.067705122277e-04, 0.0000e+00, 0.0000e+00, 
 2DIAGNOSTIC,    59, -7.339180174402e-01, 8.863149170766e-05, 0.0000e+00, 0.0000e+00, 
 2DIAGNOSTIC,    60, -7.339041268416e-01, 7.288234461057e-05, 0.0000e+00, 0.0000e+00, 
 2DIAGNOSTIC,    61, -7.339197175151e-01, 5.202596425417e-05, 0.0000e+00, 0.0000e+00, 
 2DIAGNOSTIC,    62, -7.337992058636e-01, 3.335074908396e-05, 0.0000e+00, 0.0000e+00, 
 2DIAGNOSTIC,    63, -7.338047404087e-01, 1.332116921363e-05, 0.0000e+00, 0.0000e+00, 
DIAGNOSTIC,Iteration,metricValue,convergenceValue,ITERATION_TIME_INDEX,SINCE_LAST
 2DIAGNOSTIC,     1, -6.073793764596e-01, 1.797693134862e+308, 0.0000e+00, 0.0000e+00, 
 2DIAGNOSTIC,     2, -6.080797847084e-01, 1.797693134862e+308, 0.0000e+00, 0.0000e+00, 
 2DIAGNOSTIC,     3, -6.087375480633e-01, 1.797693134862e+308, 0.0000e+00, 0.0000e+00, 
 2DIAGNOSTIC,     4, -6.095842711565e-01, 1.797693134862e+308, 0.0000e+00, 0.0000e+00, 
 2DIAGNOSTIC,     5, -6.100429764276e-01, 1.797693134862e+308, 0.0000e+00, 0.0000e+00, 
 2DIAGNOSTIC,     6, -6.104624836987e-01, 1.797693134862e+308, 0.0000e+00, 0.0000e+00, 
 2DIAGNOSTIC,     7, -6.111963693614e-01, 1.797693134862e+308, 0.0000e+00, 0.0000e+00, 
 2DIAGNOSTIC,     8, -6.116461235563e-01, 1.797693134862e+308, 0.0000e+00, 0.0000e+00, 
 2DIAGNOSTIC,     9, -6.119778748227e-01, 1.797693134862e+308, 0.0000e+00, 0.0000e+00, 
 2DIAGNOSTIC,    10, -6.121549803574e-01, 5.179041562438e-04, 0.0000e+00, 0.0000e+00, 
 2DIAGNOSTIC,    11, -6.125626513828e-01, 4.272004610481e-04, 0.0000e+00, 0.0000e+00, 
 2DIAGNOSTIC,    12, -6.127219854832e-01, 3.461807290236e-04, 0.0000e+00, 0.0000e+00, 
 2DIAGNOSTIC,    13, -6.127084318062e-01, 2.690109815465e-04, 0.0000e+00, 0.0000e+00, 
 2DIAGNOSTIC,    14, -6.127292534530e-01, 2.077019029585e-04, 0.0000e+00, 0.0000e+00, 
 2DIAGNOSTIC,    15, -6.127534533366e-01, 1.508369493168e-04, 0.0000e+00, 0.0000e+00, 
 2DIAGNOSTIC,    16, -6.127653358680e-01, 9.946478854396e-05, 0.0000e+00, 0.0000e+00, 
 2DIAGNOSTIC,    17, -6.127646009776e-01, 6.497642444734e-05, 0.0000e+00, 0.0000e+00, 
 2DIAGNOSTIC,    18, -6.127747481190e-01, 4.037620808211e-05, 0.0000e+00, 0.0000e+00, 
 2DIAGNOSTIC,    19, -6.127701765209e-01, 2.285855424606e-05, 0.0000e+00, 0.0000e+00, 
 2DIAGNOSTIC,    20, -6.127785052688e-01, 9.209982923038e-06, 0.0000e+00, 0.0000e+00, 
 2DIAGNOSTIC,    21, -6.128081177869e-01, 5.736440927641e-06, 0.0000e+00, 0.0000e+00, 
 2DIAGNOSTIC,    22, -6.128079998723e-01, 5.561572903649e-06, 0.0000e+00, 0.0000e+00, 
 2DIAGNOSTIC,    23, -6.128307402266e-01, 5.216764640520e-06, 0.0000e+00, 0.0000e+00, 
 2DIAGNOSTIC,    24, -6.129003059920e-01, 6.286418554810e-06, 0.0000e+00, 0.0000e+00, 
 2DIAGNOSTIC,    25, -6.129576127096e-01, 8.288303821047e-06, 0.0000e+00, 0.0000e+00, 
 2DIAGNOSTIC,    26, -6.130026493972e-01, 1.048558615468e-05, 0.0000e+00, 0.0000e+00, 
 2DIAGNOSTIC,    27, -6.130673721455e-01, 1.275866078392e-05, 0.0000e+00, 0.0000e+00, 
 2DIAGNOSTIC,    28, -6.131611241855e-01, 1.550311560754e-05, 0.0000e+00, 0.0000e+00, 
 2DIAGNOSTIC,    29, -6.132557129041e-01, 1.810984178557e-05, 0.0000e+00, 0.0000e+00, 
 2DIAGNOSTIC,    30, -6.133378098464e-01, 2.030382737063e-05, 0.0000e+00, 0.0000e+00, 
 2DIAGNOSTIC,    31, -6.134245328042e-01, 2.229191165439e-05, 0.0000e+00, 0.0000e+00, 
 2DIAGNOSTIC,    32, -6.134299217034e-01, 2.221745326442e-05, 0.0000e+00, 0.0000e+00, 
 2DIAGNOSTIC,    33, -6.134112069810e-01, 2.019060056972e-05, 0.0000e+00, 0.0000e+00, 
 2DIAGNOSTIC,    34, -6.134111957979e-01, 1.741037216166e-05, 0.0000e+00, 0.0000e+00, 
 2DIAGNOSTIC,    35, -6.134107196873e-01, 1.396840226985e-05, 0.0000e+00, 0.0000e+00, 
 2DIAGNOSTIC,    36, -6.134106661250e-01, 1.004603510557e-05, 0.0000e+00, 0.0000e+00, 
 2DIAGNOSTIC,    37, -6.134106661250e-01, 6.275106188551e-06, 0.0000e+00, 0.0000e+00, 
 2DIAGNOSTIC,    38, -6.134106661250e-01, 3.338056773921e-06, 0.0000e+00, 0.0000e+00, 
 2DIAGNOSTIC,    39, -6.134103150198e-01, 1.427108587877e-06, 0.0000e+00, 0.0000e+00, 
DIAGNOSTIC,Iteration,metricValue,convergenceValue,ITERATION_TIME_INDEX,SINCE_LAST
 2DIAGNOSTIC,     1, -5.294940093120e-01, 1.797693134862e+308, 0.0000e+00, 0.0000e+00, 
 2DIAGNOSTIC,     2, -5.296011280997e-01, 1.797693134862e+308, 0.0000e+00, 0.0000e+00, 
 2DIAGNOSTIC,     3, -5.296606642437e-01, 1.797693134862e+308, 0.0000e+00, 0.0000e+00, 
 2DIAGNOSTIC,     4, -5.296958215510e-01, 1.797693134862e+308, 0.0000e+00, 0.0000e+00, 
 2DIAGNOSTIC,     5, -5.297031658624e-01, 1.797693134862e+308, 0.0000e+00, 0.0000e+00, 
 2DIAGNOSTIC,     6, -5.297073664694e-01, 1.797693134862e+308, 0.0000e+00, 0.0000e+00, 
 2DIAGNOSTIC,     7, -5.297215104031e-01, 1.797693134862e+308, 0.0000e+00, 0.0000e+00, 
 2DIAGNOSTIC,     8, -5.297681264068e-01, 1.797693134862e+308, 0.0000e+00, 0.0000e+00, 
 2DIAGNOSTIC,     9, -5.298079688533e-01, 1.797693134862e+308, 0.0000e+00, 0.0000e+00, 
 2DIAGNOSTIC,    10, -5.299508999972e-01, 4.233690255007e-05, 0.0000e+00, 0.0000e+00, 
 2DIAGNOSTIC,    11, -5.300484947160e-01, 4.270913607864e-05, 0.0000e+00, 0.0000e+00, 
 2DIAGNOSTIC,    12, -5.300703060175e-01, 4.514099705515e-05, 0.0000e+00, 0.0000e+00, 
 2DIAGNOSTIC,    13, -5.300745156854e-01, 4.605220130108e-05, 0.0000e+00, 0.0000e+00, 
 2DIAGNOSTIC,    14, -5.300823268633e-01, 4.455047287683e-05, 0.0000e+00, 0.0000e+00, 
 2DIAGNOSTIC,    15, -5.301206481309e-01, 4.096735047250e-05, 0.0000e+00, 0.0000e+00, 
 2DIAGNOSTIC,    16, -5.301712250091e-01, 3.603948812821e-05, 0.0000e+00, 0.0000e+00, 
 2DIAGNOSTIC,    17, -5.301970639933e-01, 2.982687116521e-05, 0.0000e+00, 0.0000e+00, 
 2DIAGNOSTIC,    18, -5.302073122792e-01, 2.350284850920e-05, 0.0000e+00, 0.0000e+00, 
 2DIAGNOSTIC,    19, -5.302219526272e-01, 1.732309450013e-05, 0.0000e+00, 0.0000e+00, 
 2DIAGNOSTIC,    20, -5.302142683164e-01, 1.385908713356e-05, 0.0000e+00, 0.0000e+00, 
 2DIAGNOSTIC,    21, -5.302295417334e-01, 1.244997031114e-05, 0.0000e+00, 0.0000e+00, 
 2DIAGNOSTIC,    22, -5.302393804380e-01, 1.092064557958e-05, 0.0000e+00, 0.0000e+00, 
 2DIAGNOSTIC,    23, -5.302287764603e-01, 8.510215371391e-06, 0.0000e+00, 0.0000e+00, 
 2DIAGNOSTIC,    24, -5.302338041500e-01, 5.936241483810e-06, 0.0000e+00, 0.0000e+00, 
 2DIAGNOSTIC,    25, -5.302366106821e-01, 4.003266946398e-06, 0.0000e+00, 0.0000e+00, 
 2DIAGNOSTIC,    26, -5.302339838271e-01, 2.942186196828e-06, 0.0000e+00, 0.0000e+00, 
 2DIAGNOSTIC,    27, -5.302412538770e-01, 2.458701032326e-06, 0.0000e+00, 0.0000e+00, 
 2DIAGNOSTIC,    28, -5.302344475065e-01, 1.956188030595e-06, 0.0000e+00, 0.0000e+00, 
 2DIAGNOSTIC,    29, -5.302342696093e-01, 1.699569971647e-06, 0.0000e+00, 0.0000e+00, 
 2DIAGNOSTIC,    30, -5.302277700748e-01, 1.147663182169e-06, 0.0000e+00, 0.0000e+00, 
 2DIAGNOSTIC,    31, -5.302378186861e-01, 1.063725221538e-06, 0.0000e+00, 0.0000e+00, 
 2DIAGNOSTIC,    32, -5.302363848789e-01, 1.128267687805e-06, 0.0000e+00, 0.0000e+00, 
DIAGNOSTIC,Iteration,metricValue,convergenceValue,ITERATION_TIME_INDEX,SINCE_LAST
 2DIAGNOSTIC,     1, -4.809464278457e-01, 1.797693134862e+308, 0.0000e+00, 0.0000e+00, 
 2DIAGNOSTIC,     2, -4.810281797111e-01, 1.797693134862e+308, 0.0000e+00, 0.0000e+00, 
 2DIAGNOSTIC,     3, -4.810586910713e-01, 1.797693134862e+308, 0.0000e+00, 0.0000e+00, 
 2DIAGNOSTIC,     4, -4.810759676658e-01, 1.797693134862e+308, 0.0000e+00, 0.0000e+00, 
 2DIAGNOSTIC,     5, -4.811048561359e-01, 1.797693134862e+308, 0.0000e+00, 0.0000e+00, 
 2DIAGNOSTIC,     6, -4.811217680828e-01, 1.797693134862e+308, 0.0000e+00, 0.0000e+00, 
 2DIAGNOSTIC,     7, -4.811378258159e-01, 1.797693134862e+308, 0.0000e+00, 0.0000e+00, 
 2DIAGNOSTIC,     8, -4.811559338898e-01, 1.797693134862e+308, 0.0000e+00, 0.0000e+00, 
 2DIAGNOSTIC,     9, -4.811762936307e-01, 1.797693134862e+308, 0.0000e+00, 0.0000e+00, 
 2DIAGNOSTIC,    10, -4.811871146922e-01, 3.116624836039e-05, 0.0000e+00, 0.0000e+00, 
 2DIAGNOSTIC,    11, -4.811912242647e-01, 2.307774001772e-05, 0.0000e+00, 0.0000e+00, 
 2DIAGNOSTIC,    12, -4.812004635438e-01, 1.901221915039e-05, 0.0000e+00, 0.0000e+00, 
 2DIAGNOSTIC,    13, -4.812206251532e-01, 1.639796825674e-05, 0.0000e+00, 0.0000e+00, 
 2DIAGNOSTIC,    14, -4.812800342580e-01, 1.608963036773e-05, 0.0000e+00, 0.0000e+00, 
 2DIAGNOSTIC,    15, -4.813327274806e-01, 1.772565815192e-05, 0.0000e+00, 0.0000e+00, 
 2DIAGNOSTIC,    16, -4.813594898887e-01, 1.933266655131e-05, 0.0000e+00, 0.0000e+00, 
 2DIAGNOSTIC,    17, -4.813622225691e-01, 1.983643861546e-05, 0.0000e+00, 0.0000e+00, 
 2DIAGNOSTIC,    18, -4.813639097521e-01, 1.928995556064e-05, 0.0000e+00, 0.0000e+00, 
 2DIAGNOSTIC,    19, -4.813642659299e-01, 1.780252491856e-05, 0.0000e+00, 0.0000e+00, 
 2DIAGNOSTIC,    20, -4.813568764189e-01, 1.505260095021e-05, 0.0000e+00, 0.0000e+00, 
 2DIAGNOSTIC,    21, -4.813714058931e-01, 1.185990863561e-05, 0.0000e+00, 0.0000e+00, 
 2DIAGNOSTIC,    22, -4.813944385929e-01, 8.877020942648e-06, 0.0000e+00, 0.0000e+00, 
 2DIAGNOSTIC,    23, -4.813954726549e-01, 5.979166321224e-06, 0.0000e+00, 0.0000e+00, 
 2DIAGNOSTIC,    24, -4.813881005256e-01, 4.165675574486e-06, 0.0000e+00, 0.0000e+00, 
 2DIAGNOSTIC,    25, -4.813982326760e-01, 3.722380775430e-06, 0.0000e+00, 0.0000e+00, 
 2DIAGNOSTIC,    26, -4.814089983642e-01, 3.927130394508e-06, 0.0000e+00, 0.0000e+00, 
 2DIAGNOSTIC,    27, -4.814191900764e-01, 4.132596506473e-06, 0.0000e+00, 0.0000e+00, 
 2DIAGNOSTIC,    28, -4.814502912278e-01, 4.745262250194e-06, 0.0000e+00, 0.0000e+00, 
 2DIAGNOSTIC,    29, -4.814413148881e-01, 4.811857846086e-06, 0.0000e+00, 0.0000e+00, 
 2DIAGNOSTIC,    30, -4.814487581456e-01, 4.540625135184e-06, 0.0000e+00, 0.0000e+00, 
 2DIAGNOSTIC,    31, -4.814477634079e-01, 4.206206347078e-06, 0.0000e+00, 0.0000e+00, 
 2DIAGNOSTIC,    32, -4.814467567489e-01, 3.998797985121e-06, 0.0000e+00, 0.0000e+00, 
 2DIAGNOSTIC,    33, -4.814472213940e-01, 3.554403210752e-06, 0.0000e+00, 0.0000e+00, 
 2DIAGNOSTIC,    34, -4.814468852161e-01, 2.762145009078e-06, 0.0000e+00, 0.0000e+00, 
 2DIAGNOSTIC,    35, -4.814457262605e-01, 2.003060735722e-06, 0.0000e+00, 0.0000e+00, 
 2DIAGNOSTIC,    36, -4.814474751506e-01, 1.392771473898e-06, 0.0000e+00, 0.0000e+00, 
  Elapsed time (stage 0): 0.0000e+00


Total elapsed time: 0.0000e+00
Info [verificarlo]: loaded backend libinterflop_vprec.so
Info [interflop-vprec]: load backend with: 
Info [interflop-vprec]: precision-binary32 = 15
Info [interflop-vprec]: range-binary32 = 7
Info [interflop-vprec]: precision-binary64 = 15
Info [interflop-vprec]: range-binary64 = 7
Info [interflop-vprec]: mode = ob
Info [interflop-vprec]: error-mode = rel
Info [interflop-vprec]: max-abs-error-exponent = -1022
Info [interflop-vprec]: daz = false
Info [interflop-vprec]: ftz = false
Info [interflop-vprec]: 	instrument = none
Info [interflop-vprec]: 	prec-input-file = (null)
Info [interflop-vprec]: 	prec-output-file = (null)
Info [interflop-vprec]: 	prec-log-file = (null)
All_Command_lines_OK
Using double precision for computations.
=============================================================================
The composite transform comprises the following transforms (in order): 
  1. /home/mdugre/scratch/mri-registration-rp/datasets/ds004513/derivatives/mri-registration-rp/0111/antsRegistration-r7-p15/sub-s012/rigid_Composite.h5[0] (type = Euler3DTransform)
  2. /home/mdugre/scratch/mri-registration-rp/datasets/ds004513/derivatives/mri-registration-rp/0111/antsRegistration-r7-p15/sub-s012/rigid_Composite.h5[1] (type = Euler3DTransform)
  3. /home/mdugre/scratch/mri-registration-rp/datasets/ds004513/derivatives/mri-registration-rp/0111/antsRegistration-r7-p15/sub-s012/rigid_Composite.h5[2] (type = Euler3DTransform)
=============================================================================
  number of levels = 4
  fixed image: /templateflow/tpl-MNI152NLin2009cAsym/tpl-MNI152NLin2009cAsym_res-01_desc-brain_T1w.nii.gz
  moving image: /home/mdugre/scratch/mri-registration-rp/datasets/ds004513/derivatives/mri-registration-rp/antsBrainExtraction/sub-s012/BrainExtractionBrain.nii.gz
Dimension = 3
Number of stages = 1
Use histogram matching = false
Winsorize image intensities = true
  Lower quantile = 0.005
  Upper quantile = 0.995


Stage 1 State
   Image metric = MattesMI
     Fixed image = Image (0x3672490)
  RTTI typeinfo:   itk::Image<double, 3u>
  Reference Count: 2
  Modified Time: 1592
  Debug: Off
  Object Name: 
  Observers: 
    none
  Source: (none)
  Source output name: (none)
  Release Data: Off
  Data Released: False
  Global Release Data: Off
  PipelineMTime: 0
  UpdateMTime: 1203
  RealTimeStamp: 0 seconds 
  LargestPossibleRegion: 
    Dimension: 3
    Index: [0, 0, 0]
    Size: [193, 229, 193]
  BufferedRegion: 
    Dimension: 3
    Index: [0, 0, 0]
    Size: [193, 229, 193]
  RequestedRegion: 
    Dimension: 3
    Index: [0, 0, 0]
    Size: [193, 229, 193]
  Spacing: [1, 1, 1]
  Origin: [96, 132, -78]
  Direction: 
-1 0 0
0 -1 0
0 0 1

  IndexToPointMatrix: 
-1 0 0
0 -1 0
0 0 1

  PointToIndexMatrix: 
-1 0 0
0 -1 0
0 0 1

  Inverse Direction: 
-1 0 0
0 -1 0
0 0 1

  PixelContainer: 
    ImportImageContainer (0x3740480)
      RTTI typeinfo:   itk::ImportImageContainer<unsigned long, double>
      Reference Count: 1
      Modified Time: 1200
      Debug: Off
      Object Name: 
      Observers: 
        none
      Pointer: 0x14dd0cd8f010
      Container manages memory: true
      Size: 8530021
      Capacity: 8530021

     Moving image = Image (0x372d9f0)
  RTTI typeinfo:   itk::Image<double, 3u>
  Reference Count: 2
  Modified Time: 1593
  Debug: Off
  Object Name: 
  Observers: 
    none
  Source: (none)
  Source output name: (none)
  Release Data: Off
  Data Released: False
  Global Release Data: Off
  PipelineMTime: 0
  UpdateMTime: 1590
  RealTimeStamp: 0 seconds 
  LargestPossibleRegion: 
    Dimension: 3
    Index: [0, 0, 0]
    Size: [176, 240, 256]
  BufferedRegion: 
    Dimension: 3
    Index: [0, 0, 0]
    Size: [176, 240, 256]
  RequestedRegion: 
    Dimension: 3
    Index: [0, 0, 0]
    Size: [176, 240, 256]
  Spacing: [1, 1, 1]
  Origin: [65.5293, 106.836, -142.348]
  Direction: 
-0.983887 0.178802 0
-0.178802 -0.983887 0
0 0 1

  IndexToPointMatrix: 
-0.983887 0.178802 0
-0.178802 -0.983887 0
0 0 1

  PointToIndexMatrix: 
-0.983887 -0.178802 0
0.178802 -0.983887 0
0 0 1

  Inverse Direction: 
-0.983887 -0.178802 0
0.178802 -0.983887 0
0 0 1

  PixelContainer: 
    ImportImageContainer (0x36e3890)
      RTTI typeinfo:   itk::ImportImageContainer<unsigned long, double>
      Reference Count: 1
      Modified Time: 1587
      Debug: Off
      Object Name: 
      Observers: 
        none
      Pointer: 0x14dd07b0e010
      Container manages memory: true
      Size: 10813440
      Capacity: 10813440

     Weighting = 1
     Sampling strategy = regular
     Number of bins = 32
     Radius = 4
     Sampling percentage  = 0.25
   Transform = Affine
     Gradient step = 0.1
     Update field sigma (voxel space) = 0
     Total field sigma (voxel space) = 0
     Update field time sigma = 0
     Total field time sigma  = 0
     Number of time indices = 0
     Number of time point samples = 0
Registration using 1 total stages.

Stage 0
  iterations = 1000x500x250x100
  convergence threshold = 1e-06
  convergence window size = 10
  number of levels = 4
  using the Mattes MI metric (number of bins = 32, weight = 1, use gradient filter = 0)
  preprocessing:  winsorizing the image intensities
  Shrink factors (level 1 out of 4): [8, 8, 8]
  Shrink factors (level 2 out of 4): [4, 4, 4]
  Shrink factors (level 3 out of 4): [2, 2, 2]
  Shrink factors (level 4 out of 4): [1, 1, 1]
  smoothing sigmas per level: [3, 2, 1, 0]
  regular sampling (percentage = 0.25)

*** Running AffineTransform registration ***

DIAGNOSTIC,Iteration,metricValue,convergenceValue,ITERATION_TIME_INDEX,SINCE_LAST
 2DIAGNOSTIC,     1, -7.316368843911e-01, 1.797693134862e+308, 0.0000e+00, 0.0000e+00, 
 2DIAGNOSTIC,     2, -7.345087842900e-01, 1.797693134862e+308, 0.0000e+00, 0.0000e+00, 
 2DIAGNOSTIC,     3, -7.404873335272e-01, 1.797693134862e+308, 0.0000e+00, 0.0000e+00, 
 2DIAGNOSTIC,     4, -7.544733271298e-01, 1.797693134862e+308, 0.0000e+00, 0.0000e+00, 
 2DIAGNOSTIC,     5, -8.255684227925e-01, 1.797693134862e+308, 0.0000e+00, 0.0000e+00, 
 2DIAGNOSTIC,     6, -8.453044446912e-01, 1.797693134862e+308, 0.0000e+00, 0.0000e+00, 
 2DIAGNOSTIC,     7, -8.493540244548e-01, 1.797693134862e+308, 0.0000e+00, 0.0000e+00, 
 2DIAGNOSTIC,     8, -8.546307609766e-01, 1.797693134862e+308, 0.0000e+00, 0.0000e+00, 
 2DIAGNOSTIC,     9, -8.630850818025e-01, 1.797693134862e+308, 0.0000e+00, 0.0000e+00, 
 2DIAGNOSTIC,    10, -8.779915319953e-01, 1.359892982085e-02, 0.0000e+00, 0.0000e+00, 
 2DIAGNOSTIC,    11, -8.938666161688e-01, 1.172464426430e-02, 0.0000e+00, 0.0000e+00, 
 2DIAGNOSTIC,    12, -8.936799672333e-01, 9.249658411310e-03, 0.0000e+00, 0.0000e+00, 
 2DIAGNOSTIC,    13, -8.937156465878e-01, 6.543964343231e-03, 0.0000e+00, 0.0000e+00, 
 2DIAGNOSTIC,    14, -8.938845340279e-01, 3.966353633907e-03, 0.0000e+00, 0.0000e+00, 
 2DIAGNOSTIC,    15, -8.940826866861e-01, 2.993229037011e-03, 0.0000e+00, 0.0000e+00, 
 2DIAGNOSTIC,    16, -8.942523472802e-01, 2.292293072701e-03, 0.0000e+00, 0.0000e+00, 
 2DIAGNOSTIC,    17, -8.942402765591e-01, 1.551561209665e-03, 0.0000e+00, 0.0000e+00, 
 2DIAGNOSTIC,    18, -8.944233523215e-01, 8.608017359095e-04, 0.0000e+00, 0.0000e+00, 
 2DIAGNOSTIC,    19, -8.945756989299e-01, 3.147123354794e-04, 0.0000e+00, 0.0000e+00, 
 2DIAGNOSTIC,    20, -8.944104596006e-01, 3.547710376153e-05, 0.0000e+00, 0.0000e+00, 
 2DIAGNOSTIC,    21, -8.947023912620e-01, 3.774110599072e-05, 0.0000e+00, 0.0000e+00, 
 2DIAGNOSTIC,    22, -8.949918418767e-01, 3.791304124076e-05, 0.0000e+00, 0.0000e+00, 
 2DIAGNOSTIC,    23, -8.951137228398e-01, 3.679758017896e-05, 0.0000e+00, 0.0000e+00, 
 2DIAGNOSTIC,    24, -8.950328930782e-01, 3.367215272532e-05, 0.0000e+00, 0.0000e+00, 
 2DIAGNOSTIC,    25, -8.949378465679e-01, 2.925295749640e-05, 0.0000e+00, 0.0000e+00, 
 2DIAGNOSTIC,    26, -8.948565155961e-01, 2.373731609469e-05, 0.0000e+00, 0.0000e+00, 
 2DIAGNOSTIC,    27, -8.949070259444e-01, 1.685509557046e-05, 0.0000e+00, 0.0000e+00, 
 2DIAGNOSTIC,    28, -8.949786330308e-01, 1.191264620384e-05, 0.0000e+00, 0.0000e+00, 
 2DIAGNOSTIC,    29, -8.949482103160e-01, 7.830314062471e-06, 0.0000e+00, 0.0000e+00, 
 2DIAGNOSTIC,    30, -8.950113141000e-01, 2.307056702525e-06, 0.0000e+00, 0.0000e+00, 
DIAGNOSTIC,Iteration,metricValue,convergenceValue,ITERATION_TIME_INDEX,SINCE_LAST
 2DIAGNOSTIC,     1, -7.479656184833e-01, 1.797693134862e+308, 0.0000e+00, 0.0000e+00, 
 2DIAGNOSTIC,     2, -7.490459721379e-01, 1.797693134862e+308, 0.0000e+00, 0.0000e+00, 
 2DIAGNOSTIC,     3, -7.503486567101e-01, 1.797693134862e+308, 0.0000e+00, 0.0000e+00, 
 2DIAGNOSTIC,     4, -7.515700925974e-01, 1.797693134862e+308, 0.0000e+00, 0.0000e+00, 
 2DIAGNOSTIC,     5, -7.518537765596e-01, 1.797693134862e+308, 0.0000e+00, 0.0000e+00, 
 2DIAGNOSTIC,     6, -7.519834636039e-01, 1.797693134862e+308, 0.0000e+00, 0.0000e+00, 
 2DIAGNOSTIC,     7, -7.519335600658e-01, 1.797693134862e+308, 0.0000e+00, 0.0000e+00, 
 2DIAGNOSTIC,     8, -7.519978865488e-01, 1.797693134862e+308, 0.0000e+00, 0.0000e+00, 
 2DIAGNOSTIC,     9, -7.520005174424e-01, 1.797693134862e+308, 0.0000e+00, 0.0000e+00, 
 2DIAGNOSTIC,    10, -7.520861757071e-01, 3.080435361611e-04, 0.0000e+00, 0.0000e+00, 
 2DIAGNOSTIC,    11, -7.521147188350e-01, 1.732770020979e-04, 0.0000e+00, 0.0000e+00, 
 2DIAGNOSTIC,    12, -7.521667109048e-01, 8.088173087835e-05, 0.0000e+00, 0.0000e+00, 
 2DIAGNOSTIC,    13, -7.522006544013e-01, 3.368705942232e-05, 0.0000e+00, 0.0000e+00, 
 2DIAGNOSTIC,    14, -7.522422562833e-01, 2.433134709634e-05, 0.0000e+00, 0.0000e+00, 
 2DIAGNOSTIC,    15, -7.522511073424e-01, 2.148099780479e-05, 0.0000e+00, 0.0000e+00, 
 2DIAGNOSTIC,    16, -7.522570220295e-01, 2.047928408452e-05, 0.0000e+00, 0.0000e+00, 
 2DIAGNOSTIC,    17, -7.522530348399e-01, 1.668696955120e-05, 0.0000e+00, 0.0000e+00, 
 2DIAGNOSTIC,    18, -7.522419037838e-01, 1.309475661875e-05, 0.0000e+00, 0.0000e+00, 
 2DIAGNOSTIC,    19, -7.522322256427e-01, 8.667459671326e-06, 0.0000e+00, 0.0000e+00, 
 2DIAGNOSTIC,    20, -7.522453352528e-01, 5.913617356336e-06, 0.0000e+00, 0.0000e+00, 
 2DIAGNOSTIC,    21, -7.522110070617e-01, 2.904197304546e-06, 0.0000e+00, 0.0000e+00, 
 2DIAGNOSTIC,    22, -7.522171430225e-01, 1.060351156545e-06, 0.0000e+00, 0.0000e+00, 
DIAGNOSTIC,Iteration,metricValue,convergenceValue,ITERATION_TIME_INDEX,SINCE_LAST
 2DIAGNOSTIC,     1, -6.301680495155e-01, 1.797693134862e+308, 0.0000e+00, 0.0000e+00, 
 2DIAGNOSTIC,     2, -6.308371279145e-01, 1.797693134862e+308, 0.0000e+00, 0.0000e+00, 
 2DIAGNOSTIC,     3, -6.315891936165e-01, 1.797693134862e+308, 0.0000e+00, 0.0000e+00, 
 2DIAGNOSTIC,     4, -6.322626144101e-01, 1.797693134862e+308, 0.0000e+00, 0.0000e+00, 
 2DIAGNOSTIC,     5, -6.328431206772e-01, 1.797693134862e+308, 0.0000e+00, 0.0000e+00, 
 2DIAGNOSTIC,     6, -6.334179530638e-01, 1.797693134862e+308, 0.0000e+00, 0.0000e+00, 
 2DIAGNOSTIC,     7, -6.336335518103e-01, 1.797693134862e+308, 0.0000e+00, 0.0000e+00, 
 2DIAGNOSTIC,     8, -6.336677316379e-01, 1.797693134862e+308, 0.0000e+00, 0.0000e+00, 
 2DIAGNOSTIC,     9, -6.336658419160e-01, 1.797693134862e+308, 0.0000e+00, 0.0000e+00, 
 2DIAGNOSTIC,    10, -6.336677963069e-01, 3.702598670371e-04, 0.0000e+00, 0.0000e+00, 
 2DIAGNOSTIC,    11, -6.336696903007e-01, 2.503370713701e-04, 0.0000e+00, 0.0000e+00, 
 2DIAGNOSTIC,    12, -6.336673183064e-01, 1.528462490584e-04, 0.0000e+00, 0.0000e+00, 
 2DIAGNOSTIC,    13, -6.336691591262e-01, 8.273130034850e-05, 0.0000e+00, 0.0000e+00, 
 2DIAGNOSTIC,    14, -6.336627843120e-01, 3.656187275970e-05, 0.0000e+00, 0.0000e+00, 
 2DIAGNOSTIC,    15, -6.336710785210e-01, 1.067067600261e-05, 0.0000e+00, 0.0000e+00, 
 2DIAGNOSTIC,    16, -6.336751514628e-01, 3.322878063608e-06, 0.0000e+00, 0.0000e+00, 
 2DIAGNOSTIC,    17, -6.336744050567e-01, 2.376445003401e-06, 0.0000e+00, 0.0000e+00, 
 2DIAGNOSTIC,    18, -6.336771746374e-01, 2.430106218587e-06, 0.0000e+00, 0.0000e+00, 
 2DIAGNOSTIC,    19, -6.336766746224e-01, 2.371060597146e-06, 0.0000e+00, 0.0000e+00, 
 2DIAGNOSTIC,    20, -6.336743340834e-01, 2.252000428485e-06, 0.0000e+00, 0.0000e+00, 
 2DIAGNOSTIC,    21, -6.336746103286e-01, 2.139260587584e-06, 0.0000e+00, 0.0000e+00, 
 2DIAGNOSTIC,    22, -6.336746103286e-01, 1.938853303816e-06, 0.0000e+00, 0.0000e+00, 
 2DIAGNOSTIC,    23, -6.336746103286e-01, 1.760406312355e-06, 0.0000e+00, 0.0000e+00, 
 2DIAGNOSTIC,    24, -6.336746103286e-01, 1.447704931934e-06, 0.0000e+00, 0.0000e+00, 
 2DIAGNOSTIC,    25, -6.336746103286e-01, 1.305375373170e-06, 0.0000e+00, 0.0000e+00, 
 2DIAGNOSTIC,    26, -6.336746103286e-01, 1.250386577750e-06, 0.0000e+00, 0.0000e+00, 
 2DIAGNOSTIC,    27, -6.336746103286e-01, 1.190449486155e-06, 0.0000e+00, 0.0000e+00, 
 2DIAGNOSTIC,    28, -6.336746103286e-01, 1.185580994094e-06, 0.0000e+00, 0.0000e+00, 
 2DIAGNOSTIC,    29, -6.336746103286e-01, 1.177160577466e-06, 0.0000e+00, 0.0000e+00, 
 2DIAGNOSTIC,    30, -6.336746103286e-01, 1.133766749040e-06, 0.0000e+00, 0.0000e+00, 
 2DIAGNOSTIC,    31, -6.336746103286e-01, 1.097173096799e-06, 0.0000e+00, 0.0000e+00, 
 2DIAGNOSTIC,    32, -6.336746103286e-01, 1.062867791599e-06, 0.0000e+00, 0.0000e+00, 
 2DIAGNOSTIC,    33, -6.336746103286e-01, 1.030642692190e-06, 0.0000e+00, 0.0000e+00, 
 2DIAGNOSTIC,    34, -6.336746103286e-01, 1.000314157066e-06, 0.0000e+00, 0.0000e+00, 
DIAGNOSTIC,Iteration,metricValue,convergenceValue,ITERATION_TIME_INDEX,SINCE_LAST
 2DIAGNOSTIC,     1, -5.612792938371e-01, 1.797693134862e+308, 0.0000e+00, 0.0000e+00, 
 2DIAGNOSTIC,     2, -5.615750115832e-01, 1.797693134862e+308, 0.0000e+00, 0.0000e+00, 
 2DIAGNOSTIC,     3, -5.619144672246e-01, 1.797693134862e+308, 0.0000e+00, 0.0000e+00, 
 2DIAGNOSTIC,     4, -5.623207098704e-01, 1.797693134862e+308, 0.0000e+00, 0.0000e+00, 
 2DIAGNOSTIC,     5, -5.626767543538e-01, 1.797693134862e+308, 0.0000e+00, 0.0000e+00, 
 2DIAGNOSTIC,     6, -5.633306469721e-01, 1.797693134862e+308, 0.0000e+00, 0.0000e+00, 
 2DIAGNOSTIC,     7, -5.633308010404e-01, 1.797693134862e+308, 0.0000e+00, 0.0000e+00, 
 2DIAGNOSTIC,     8, -5.633303500722e-01, 1.797693134862e+308, 0.0000e+00, 0.0000e+00, 
 2DIAGNOSTIC,     9, -5.633327448826e-01, 1.797693134862e+308, 0.0000e+00, 0.0000e+00, 
 2DIAGNOSTIC,    10, -5.633320015133e-01, 2.641513660013e-04, 0.0000e+00, 0.0000e+00, 
 2DIAGNOSTIC,    11, -5.633308530232e-01, 1.872113890513e-04, 0.0000e+00, 0.0000e+00, 
 2DIAGNOSTIC,    12, -5.633308732195e-01, 1.189870691029e-04, 0.0000e+00, 0.0000e+00, 
 2DIAGNOSTIC,    13, -5.633316166058e-01, 6.412484008916e-05, 0.0000e+00, 0.0000e+00, 
 2DIAGNOSTIC,    14, -5.633309724603e-01, 2.606333480666e-05, 0.0000e+00, 0.0000e+00, 
 2DIAGNOSTIC,    15, -5.633383663567e-01, 2.527094110930e-06, 0.0000e+00, 0.0000e+00, 
 2DIAGNOSTIC,    16, -5.633372365350e-01, 2.505409537876e-06, 0.0000e+00, 0.0000e+00, 
 2DIAGNOSTIC,    17, -5.633372684932e-01, 2.461102616126e-06, 0.0000e+00, 0.0000e+00, 
 2DIAGNOSTIC,    18, -5.633358038577e-01, 2.325483369467e-06, 0.0000e+00, 0.0000e+00, 
 2DIAGNOSTIC,    19, -5.633357826734e-01, 2.227162189221e-06, 0.0000e+00, 0.0000e+00, 
 2DIAGNOSTIC,    20, -5.633356343203e-01, 2.073322431483e-06, 0.0000e+00, 0.0000e+00, 
 2DIAGNOSTIC,    21, -5.633355182379e-01, 1.868291461891e-06, 0.0000e+00, 0.0000e+00, 
 2DIAGNOSTIC,    22, -5.633354952171e-01, 1.660973656302e-06, 0.0000e+00, 0.0000e+00, 
 2DIAGNOSTIC,    23, -5.633354820486e-01, 1.479393046032e-06, 0.0000e+00, 0.0000e+00, 
 2DIAGNOSTIC,    24, -5.633354741631e-01, 1.294540303690e-06, 0.0000e+00, 0.0000e+00, 
 2DIAGNOSTIC,    25, -5.633354830696e-01, 1.285693779107e-06, 0.0000e+00, 0.0000e+00, 
 2DIAGNOSTIC,    26, -5.633354520839e-01, 1.261691360610e-06, 0.0000e+00, 0.0000e+00, 
 2DIAGNOSTIC,    27, -5.633355000631e-01, 1.246096819618e-06, 0.0000e+00, 0.0000e+00, 
 2DIAGNOSTIC,    28, -5.633354938507e-01, 1.206296767205e-06, 0.0000e+00, 0.0000e+00, 
 2DIAGNOSTIC,    29, -5.633354972123e-01, 1.169764941231e-06, 0.0000e+00, 0.0000e+00, 
 2DIAGNOSTIC,    30, -5.633354816243e-01, 1.133245063775e-06, 0.0000e+00, 0.0000e+00, 
 2DIAGNOSTIC,    31, -5.633355115203e-01, 1.097727609131e-06, 0.0000e+00, 0.0000e+00, 
 2DIAGNOSTIC,    32, -5.633355035091e-01, 1.063852478646e-06, 0.0000e+00, 0.0000e+00, 
 2DIAGNOSTIC,    33, -5.633355124946e-01, 1.031858937239e-06, 0.0000e+00, 0.0000e+00, 
 2DIAGNOSTIC,    34, -5.633355384163e-01, 1.001889917460e-06, 0.0000e+00, 0.0000e+00, 
  Elapsed time (stage 0): 0.0000e+00


Total elapsed time: 0.0000e+00
Info [verificarlo]: loaded backend libinterflop_vprec.so
Info [interflop-vprec]: load backend with: 
Info [interflop-vprec]: precision-binary32 = 15
Info [interflop-vprec]: range-binary32 = 7
Info [interflop-vprec]: precision-binary64 = 15
Info [interflop-vprec]: range-binary64 = 7
Info [interflop-vprec]: mode = ob
Info [interflop-vprec]: error-mode = rel
Info [interflop-vprec]: max-abs-error-exponent = -1022
Info [interflop-vprec]: daz = false
Info [interflop-vprec]: ftz = false
Info [interflop-vprec]: 	instrument = none
Info [interflop-vprec]: 	prec-input-file = (null)
Info [interflop-vprec]: 	prec-output-file = (null)
Info [interflop-vprec]: 	prec-log-file = (null)
All_Command_lines_OK
Using double precision for computations.
=============================================================================
The composite transform comprises the following transforms (in order): 
  1. /home/mdugre/scratch/mri-registration-rp/datasets/ds004513/derivatives/mri-registration-rp/0111/antsRegistration-r7-p15/sub-s012/affine_Composite.h5[0] (type = Euler3DTransform)
  2. /home/mdugre/scratch/mri-registration-rp/datasets/ds004513/derivatives/mri-registration-rp/0111/antsRegistration-r7-p15/sub-s012/affine_Composite.h5[1] (type = Euler3DTransform)
  3. /home/mdugre/scratch/mri-registration-rp/datasets/ds004513/derivatives/mri-registration-rp/0111/antsRegistration-r7-p15/sub-s012/affine_Composite.h5[2] (type = Euler3DTransform)
  4. /home/mdugre/scratch/mri-registration-rp/datasets/ds004513/derivatives/mri-registration-rp/0111/antsRegistration-r7-p15/sub-s012/affine_Composite.h5[3] (type = AffineTransform)
=============================================================================
  number of levels = 4
  fixed image: /templateflow/tpl-MNI152NLin2009cAsym/tpl-MNI152NLin2009cAsym_res-01_desc-brain_T1w.nii.gz
  moving image: /home/mdugre/scratch/mri-registration-rp/datasets/ds004513/derivatives/mri-registration-rp/antsBrainExtraction/sub-s012/BrainExtractionBrain.nii.gz
Dimension = 3
Number of stages = 1
Use histogram matching = false
Winsorize image intensities = true
  Lower quantile = 0.005
  Upper quantile = 0.995


Stage 1 State
   Image metric = CC
     Fixed image = Image (0x43646f0)
  RTTI typeinfo:   itk::Image<double, 3u>
  Reference Count: 2
  Modified Time: 1606
  Debug: Off
  Object Name: 
  Observers: 
    none
  Source: (none)
  Source output name: (none)
  Release Data: Off
  Data Released: False
  Global Release Data: Off
  PipelineMTime: 0
  UpdateMTime: 1217
  RealTimeStamp: 0 seconds 
  LargestPossibleRegion: 
    Dimension: 3
    Index: [0, 0, 0]
    Size: [193, 229, 193]
  BufferedRegion: 
    Dimension: 3
    Index: [0, 0, 0]
    Size: [193, 229, 193]
  RequestedRegion: 
    Dimension: 3
    Index: [0, 0, 0]
    Size: [193, 229, 193]
  Spacing: [1, 1, 1]
  Origin: [96, 132, -78]
  Direction: 
-1 0 0
0 -1 0
0 0 1

  IndexToPointMatrix: 
-1 0 0
0 -1 0
0 0 1

  PointToIndexMatrix: 
-1 0 0
0 -1 0
0 0 1

  Inverse Direction: 
-1 0 0
0 -1 0
0 0 1

  PixelContainer: 
    ImportImageContainer (0x4434ae0)
      RTTI typeinfo:   itk::ImportImageContainer<unsigned long, double>
      Reference Count: 1
      Modified Time: 1214
      Debug: Off
      Object Name: 
      Observers: 
        none
      Pointer: 0x14be0b257010
      Container manages memory: true
      Size: 8530021
      Capacity: 8530021

     Moving image = Image (0x44201a0)
  RTTI typeinfo:   itk::Image<double, 3u>
  Reference Count: 2
  Modified Time: 1607
  Debug: Off
  Object Name: 
  Observers: 
    none
  Source: (none)
  Source output name: (none)
  Release Data: Off
  Data Released: False
  Global Release Data: Off
  PipelineMTime: 0
  UpdateMTime: 1604
  RealTimeStamp: 0 seconds 
  LargestPossibleRegion: 
    Dimension: 3
    Index: [0, 0, 0]
    Size: [176, 240, 256]
  BufferedRegion: 
    Dimension: 3
    Index: [0, 0, 0]
    Size: [176, 240, 256]
  RequestedRegion: 
    Dimension: 3
    Index: [0, 0, 0]
    Size: [176, 240, 256]
  Spacing: [1, 1, 1]
  Origin: [65.5293, 106.836, -142.348]
  Direction: 
-0.983887 0.178802 0
-0.178802 -0.983887 0
0 0 1

  IndexToPointMatrix: 
-0.983887 0.178802 0
-0.178802 -0.983887 0
0 0 1

  PointToIndexMatrix: 
-0.983887 -0.178802 0
0.178802 -0.983887 0
0 0 1

  Inverse Direction: 
-0.983887 -0.178802 0
0.178802 -0.983887 0
0 0 1

  PixelContainer: 
    ImportImageContainer (0x44dc490)
      RTTI typeinfo:   itk::ImportImageContainer<unsigned long, double>
      Reference Count: 1
      Modified Time: 1601
      Debug: Off
      Object Name: 
      Observers: 
        none
      Pointer: 0x14be05fd6010
      Container manages memory: true
      Size: 10813440
      Capacity: 10813440

     Weighting = 1
     Sampling strategy = none
     Number of bins = 32
     Radius = 4
     Sampling percentage  = 1
   Transform = SyN
     Gradient step = 0.1
     Update field sigma (voxel space) = 3
     Total field sigma (voxel space) = 0
     Update field time sigma = 0
     Total field time sigma  = 0
     Number of time indices = 0
     Number of time point samples = 0
Registration using 1 total stages.

Stage 0
  iterations = 100x70x50x20
  convergence threshold = 1e-06
  convergence window size = 10
  number of levels = 4
  using the CC metric (radius = 4, weight = 1, use gradient filter = 0)
  preprocessing:  winsorizing the image intensities
  Shrink factors (level 1 out of 4): [8, 8, 8]
  Shrink factors (level 2 out of 4): [4, 4, 4]
  Shrink factors (level 3 out of 4): [2, 2, 2]
  Shrink factors (level 4 out of 4): [1, 1, 1]
  smoothing sigmas per level: [3, 2, 1, 0]
  Using default NONE metricSamplingStrategy 

*** Running SyN registration (varianceForUpdateField = 3, varianceForTotalField = 0) ***

XXDIAGNOSTIC,Iteration,metricValue,convergenceValue,ITERATION_TIME_INDEX,SINCE_LAST
 1DIAGNOSTIC,     1, -9.266510009766e-01, 1.797693134862e+308, 0.0000e+00, 0.0000e+00, 
 1DIAGNOSTIC,     2, -9.350280761719e-01, 1.797693134862e+308, 0.0000e+00, 0.0000e+00, 
 1DIAGNOSTIC,     3, -9.416961669922e-01, 1.797693134862e+308, 0.0000e+00, 0.0000e+00, 
 1DIAGNOSTIC,     4, -9.462585449219e-01, 1.797693134862e+308, 0.0000e+00, 0.0000e+00, 
 1DIAGNOSTIC,     5, -9.498748779297e-01, 1.797693134862e+308, 0.0000e+00, 0.0000e+00, 
 1DIAGNOSTIC,     6, -9.541320800781e-01, 1.797693134862e+308, 0.0000e+00, 0.0000e+00, 
 1DIAGNOSTIC,     7, -9.590606689453e-01, 1.797693134862e+308, 0.0000e+00, 0.0000e+00, 
 1DIAGNOSTIC,     8, -9.636688232422e-01, 1.797693134862e+308, 0.0000e+00, 0.0000e+00, 
 1DIAGNOSTIC,     9, -9.649963378906e-01, 1.797693134862e+308, 0.0000e+00, 0.0000e+00, 
 1DIAGNOSTIC,    10, -9.658203125000e-01, 2.617871900971e-03, 0.0000e+00, 0.0000e+00, 
 1DIAGNOSTIC,    11, -9.663848876953e-01, 1.979732127883e-03, 0.0000e+00, 0.0000e+00, 
 1DIAGNOSTIC,    12, -9.672851562500e-01, 1.498329900974e-03, 0.0000e+00, 0.0000e+00, 
 1DIAGNOSTIC,    13, -9.674987792969e-01, 1.111862113270e-03, 0.0000e+00, 0.0000e+00, 
 1DIAGNOSTIC,    14, -9.685058593750e-01, 7.989125106822e-04, 0.0000e+00, 0.0000e+00, 
 1DIAGNOSTIC,    15, -9.686126708984e-01, 5.289355181346e-04, 0.0000e+00, 0.0000e+00, 
 1DIAGNOSTIC,    16, -9.693603515625e-01, 3.364677486184e-04, 0.0000e+00, 0.0000e+00, 
 1DIAGNOSTIC,    17, -9.693756103516e-01, 2.202720025257e-04, 0.0000e+00, 0.0000e+00, 
 1DIAGNOSTIC,    18, -9.698944091797e-01, 1.811128631666e-04, 0.0000e+00, 0.0000e+00, 
 1DIAGNOSTIC,    19, -9.698638916016e-01, 1.493980161918e-04, 0.0000e+00, 0.0000e+00, 
 1DIAGNOSTIC,    20, -9.702148437500e-01, 1.245335027652e-04, 0.0000e+00, 0.0000e+00, 
 1DIAGNOSTIC,    21, -9.701690673828e-01, 9.763135752362e-05, 0.0000e+00, 0.0000e+00, 
 1DIAGNOSTIC,    22, -9.704284667969e-01, 7.993843541496e-05, 0.0000e+00, 0.0000e+00, 
 1DIAGNOSTIC,    23, -9.704132080078e-01, 5.868079128067e-05, 0.0000e+00, 0.0000e+00, 
 1DIAGNOSTIC,    24, -9.705810546875e-01, 4.839995958711e-05, 0.0000e+00, 0.0000e+00, 
 1DIAGNOSTIC,    25, -9.705810546875e-01, 3.557578631212e-05, 0.0000e+00, 0.0000e+00, 
 1DIAGNOSTIC,    26, -9.707031250000e-01, 3.047487064936e-05, 0.0000e+00, 0.0000e+00, 
 1DIAGNOSTIC,    27, -9.707183837891e-01, 2.318564256584e-05, 0.0000e+00, 0.0000e+00, 
 1DIAGNOSTIC,    28, -9.708099365234e-01, 2.083197969361e-05, 0.0000e+00, 0.0000e+00, 
 1DIAGNOSTIC,    29, -9.708251953125e-01, 1.653763666754e-05, 0.0000e+00, 0.0000e+00, 
 1DIAGNOSTIC,    30, -9.709014892578e-01, 1.532123853776e-05, 0.0000e+00, 0.0000e+00, 
 1DIAGNOSTIC,    31, -9.709320068359e-01, 1.262540343386e-05, 0.0000e+00, 0.0000e+00, 
 1DIAGNOSTIC,    32, -9.709625244141e-01, 1.169506797153e-05, 0.0000e+00, 0.0000e+00, 
 1DIAGNOSTIC,    33, -9.710693359375e-01, 1.059834954108e-05, 0.0000e+00, 0.0000e+00, 
 1DIAGNOSTIC,    34, -9.710845947266e-01, 1.023468561057e-05, 0.0000e+00, 0.0000e+00, 
 1DIAGNOSTIC,    35, -9.711608886719e-01, 9.641310346444e-06, 0.0000e+00, 0.0000e+00, 
 1DIAGNOSTIC,    36, -9.711303710938e-01, 9.004608477917e-06, 0.0000e+00, 0.0000e+00, 
 1DIAGNOSTIC,    37, -9.712524414062e-01, 8.727952244100e-06, 0.0000e+00, 0.0000e+00, 
 1DIAGNOSTIC,    38, -9.712066650391e-01, 8.049758996591e-06, 0.0000e+00, 0.0000e+00, 
 1DIAGNOSTIC,    39, -9.713287353516e-01, 7.762236893083e-06, 0.0000e+00, 0.0000e+00, 
 1DIAGNOSTIC,    40, -9.711914062500e-01, 6.368408416980e-06, 0.0000e+00, 0.0000e+00, 
 1DIAGNOSTIC,    41, -9.715270996094e-01, 7.182670993200e-06, 0.0000e+00, 0.0000e+00, 
 1DIAGNOSTIC,    42, -9.714050292969e-01, 6.621483535679e-06, 0.0000e+00, 0.0000e+00, 
 1DIAGNOSTIC,    43, -9.716491699219e-01, 7.968764025972e-06, 0.0000e+00, 0.0000e+00, 
 1DIAGNOSTIC,    44, -9.715118408203e-01, 7.719666206770e-06, 0.0000e+00, 0.0000e+00, 
 1DIAGNOSTIC,    45, -9.717254638672e-01, 8.759436758390e-06, 0.0000e+00, 0.0000e+00, 
 1DIAGNOSTIC,    46, -9.715270996094e-01, 7.457364091176e-06, 0.0000e+00, 0.0000e+00, 
 1DIAGNOSTIC,    47, -9.719390869141e-01, 8.950677145559e-06, 0.0000e+00, 0.0000e+00, 
 1DIAGNOSTIC,    48, -9.717559814453e-01, 8.108814247652e-06, 0.0000e+00, 0.0000e+00, 
 1DIAGNOSTIC,    49, -9.720153808594e-01, 8.963434435304e-06, 0.0000e+00, 0.0000e+00, 
 1DIAGNOSTIC,    50, -9.717712402344e-01, 6.675484665385e-06, 0.0000e+00, 0.0000e+00, 
 1DIAGNOSTIC,    51, -9.722595214844e-01, 8.724082950877e-06, 0.0000e+00, 0.0000e+00, 
 1DIAGNOSTIC,    52, -9.720458984375e-01, 7.891126260536e-06, 0.0000e+00, 0.0000e+00, 
 1DIAGNOSTIC,    53, -9.722290039062e-01, 8.830794844504e-06, 0.0000e+00, 0.0000e+00, 
 1DIAGNOSTIC,    54, -9.720153808594e-01, 7.015575194412e-06, 0.0000e+00, 0.0000e+00, 
 1DIAGNOSTIC,    55, -9.722290039062e-01, 7.010398311611e-06, 0.0000e+00, 0.0000e+00, 
 1DIAGNOSTIC,    56, -9.720153808594e-01, 4.114395457482e-06, 0.0000e+00, 0.0000e+00, 
 1DIAGNOSTIC,    57, -9.722137451172e-01, 4.185070700952e-06, 0.0000e+00, 0.0000e+00, 
 1DIAGNOSTIC,    58, -9.720153808594e-01, 1.932455959978e-06, 0.0000e+00, 0.0000e+00, 
 1DIAGNOSTIC,    59, -9.722290039062e-01, 2.062813881109e-06, 0.0000e+00, 0.0000e+00, 
 1DIAGNOSTIC,    60, -9.720153808594e-01, -2.971428196968e-07, 0.0000e+00, 0.0000e+00, 
XXDIAGNOSTIC,Iteration,metricValue,convergenceValue,ITERATION_TIME_INDEX,SINCE_LAST
 1DIAGNOSTIC,     1, -9.160308837891e-01, 1.797693134862e+308, 0.0000e+00, 0.0000e+00, 
 1DIAGNOSTIC,     2, -9.184722900391e-01, 1.797693134862e+308, 0.0000e+00, 0.0000e+00, 
 1DIAGNOSTIC,     3, -9.220428466797e-01, 1.797693134862e+308, 0.0000e+00, 0.0000e+00, 
 1DIAGNOSTIC,     4, -9.256286621094e-01, 1.797693134862e+308, 0.0000e+00, 0.0000e+00, 
 1DIAGNOSTIC,     5, -9.287719726562e-01, 1.797693134862e+308, 0.0000e+00, 0.0000e+00, 
 1DIAGNOSTIC,     6, -9.313812255859e-01, 1.797693134862e+308, 0.0000e+00, 0.0000e+00, 
 1DIAGNOSTIC,     7, -9.334259033203e-01, 1.797693134862e+308, 0.0000e+00, 0.0000e+00, 
 1DIAGNOSTIC,     8, -9.352264404297e-01, 1.797693134862e+308, 0.0000e+00, 0.0000e+00, 
 1DIAGNOSTIC,     9, -9.367370605469e-01, 1.797693134862e+308, 0.0000e+00, 0.0000e+00, 
 1DIAGNOSTIC,    10, -9.380187988281e-01, 1.572684268201e-03, 0.0000e+00, 0.0000e+00, 
 1DIAGNOSTIC,    11, -9.391174316406e-01, 1.274826253079e-03, 0.0000e+00, 0.0000e+00, 
 1DIAGNOSTIC,    12, -9.400482177734e-01, 9.976345524010e-04, 0.0000e+00, 0.0000e+00, 
 1DIAGNOSTIC,    13, -9.406585693359e-01, 7.704945285726e-04, 0.0000e+00, 0.0000e+00, 
 1DIAGNOSTIC,    14, -9.414062500000e-01, 5.996804454308e-04, 0.0000e+00, 0.0000e+00, 
 1DIAGNOSTIC,    15, -9.418792724609e-01, 4.697916127631e-04, 0.0000e+00, 0.0000e+00, 
 1DIAGNOSTIC,    16, -9.423828125000e-01, 3.720440738419e-04, 0.0000e+00, 0.0000e+00, 
 1DIAGNOSTIC,    17, -9.426574707031e-01, 2.928323692051e-04, 0.0000e+00, 0.0000e+00, 
 1DIAGNOSTIC,    18, -9.429016113281e-01, 2.298536162046e-04, 0.0000e+00, 0.0000e+00, 
 1DIAGNOSTIC,    19, -9.431457519531e-01, 1.802003717500e-04, 0.0000e+00, 0.0000e+00, 
 1DIAGNOSTIC,    20, -9.433746337891e-01, 1.415952188311e-04, 0.0000e+00, 0.0000e+00, 
 1DIAGNOSTIC,    21, -9.435729980469e-01, 1.121717447370e-04, 0.0000e+00, 0.0000e+00, 
 1DIAGNOSTIC,    22, -9.437561035156e-01, 9.040338952160e-05, 0.0000e+00, 0.0000e+00, 
 1DIAGNOSTIC,    23, -9.439239501953e-01, 7.233565302672e-05, 0.0000e+00, 0.0000e+00, 
 1DIAGNOSTIC,    24, -9.441070556641e-01, 6.080984654132e-05, 0.0000e+00, 0.0000e+00, 
 1DIAGNOSTIC,    25, -9.442443847656e-01, 5.188781750268e-05, 0.0000e+00, 0.0000e+00, 
 1DIAGNOSTIC,    26, -9.443817138672e-01, 4.632552383090e-05, 0.0000e+00, 0.0000e+00, 
 1DIAGNOSTIC,    27, -9.445190429688e-01, 4.151992019425e-05, 0.0000e+00, 0.0000e+00, 
 1DIAGNOSTIC,    28, -9.446258544922e-01, 3.700629475415e-05, 0.0000e+00, 0.0000e+00, 
 1DIAGNOSTIC,    29, -9.447479248047e-01, 3.320578903485e-05, 0.0000e+00, 0.0000e+00, 
 1DIAGNOSTIC,    30, -9.448547363281e-01, 2.997986153156e-05, 0.0000e+00, 0.0000e+00, 
 1DIAGNOSTIC,    31, -9.449462890625e-01, 2.703296415148e-05, 0.0000e+00, 0.0000e+00, 
 1DIAGNOSTIC,    32, -9.450225830078e-01, 2.424162194979e-05, 0.0000e+00, 0.0000e+00, 
 1DIAGNOSTIC,    33, -9.450988769531e-01, 2.163085437253e-05, 0.0000e+00, 0.0000e+00, 
 1DIAGNOSTIC,    34, -9.451599121094e-01, 1.936936699481e-05, 0.0000e+00, 0.0000e+00, 
 1DIAGNOSTIC,    35, -9.452362060547e-01, 1.731673028353e-05, 0.0000e+00, 0.0000e+00, 
 1DIAGNOSTIC,    36, -9.452972412109e-01, 1.546635239129e-05, 0.0000e+00, 0.0000e+00, 
 1DIAGNOSTIC,    37, -9.453430175781e-01, 1.381925262813e-05, 0.0000e+00, 0.0000e+00, 
 1DIAGNOSTIC,    38, -9.453735351562e-01, 1.210972487732e-05, 0.0000e+00, 0.0000e+00, 
 1DIAGNOSTIC,    39, -9.454193115234e-01, 1.070889186177e-05, 0.0000e+00, 0.0000e+00, 
 1DIAGNOSTIC,    40, -9.454498291016e-01, 9.460863839125e-06, 0.0000e+00, 0.0000e+00, 
 1DIAGNOSTIC,    41, -9.454803466797e-01, 8.341303599863e-06, 0.0000e+00, 0.0000e+00, 
 1DIAGNOSTIC,    42, -9.455108642578e-01, 7.319517516282e-06, 0.0000e+00, 0.0000e+00, 
 1DIAGNOSTIC,    43, -9.455413818359e-01, 6.469860780789e-06, 0.0000e+00, 0.0000e+00, 
 1DIAGNOSTIC,    44, -9.455718994141e-01, 5.733628749872e-06, 0.0000e+00, 0.0000e+00, 
 1DIAGNOSTIC,    45, -9.455871582031e-01, 5.160873379751e-06, 0.0000e+00, 0.0000e+00, 
 1DIAGNOSTIC,    46, -9.456176757812e-01, 4.789963020085e-06, 0.0000e+00, 0.0000e+00, 
 1DIAGNOSTIC,    47, -9.456176757812e-01, 4.336849501633e-06, 0.0000e+00, 0.0000e+00, 
 1DIAGNOSTIC,    48, -9.456329345703e-01, 3.841444716487e-06, 0.0000e+00, 0.0000e+00, 
 1DIAGNOSTIC,    49, -9.456481933594e-01, 3.438803064942e-06, 0.0000e+00, 0.0000e+00, 
 1DIAGNOSTIC,    50, -9.456787109375e-01, 3.153680916877e-06, 0.0000e+00, 0.0000e+00, 
 1DIAGNOSTIC,    51, -9.456939697266e-01, 2.907889900636e-06, 0.0000e+00, 0.0000e+00, 
 1DIAGNOSTIC,    52, -9.456939697266e-01, 2.632648570720e-06, 0.0000e+00, 0.0000e+00, 
 1DIAGNOSTIC,    53, -9.457092285156e-01, 2.439986213198e-06, 0.0000e+00, 0.0000e+00, 
 1DIAGNOSTIC,    54, -9.457244873047e-01, 2.334190716845e-06, 0.0000e+00, 0.0000e+00, 
 1DIAGNOSTIC,    55, -9.457397460938e-01, 2.228046411739e-06, 0.0000e+00, 0.0000e+00, 
 1DIAGNOSTIC,    56, -9.457397460938e-01, 2.136118003416e-06, 0.0000e+00, 0.0000e+00, 
 1DIAGNOSTIC,    57, -9.457550048828e-01, 1.984521018180e-06, 0.0000e+00, 0.0000e+00, 
 1DIAGNOSTIC,    58, -9.457550048828e-01, 1.782707698669e-06, 0.0000e+00, 0.0000e+00, 
 1DIAGNOSTIC,    59, -9.457702636719e-01, 1.624537223098e-06, 0.0000e+00, 0.0000e+00, 
 1DIAGNOSTIC,    60, -9.457702636719e-01, 1.521068319459e-06, 0.0000e+00, 0.0000e+00, 
 1DIAGNOSTIC,    61, -9.457702636719e-01, 1.407361591078e-06, 0.0000e+00, 0.0000e+00, 
 1DIAGNOSTIC,    62, -9.457550048828e-01, 1.141434503485e-06, 0.0000e+00, 0.0000e+00, 
 1DIAGNOSTIC,    63, -9.457550048828e-01, 9.004949528789e-07, 0.0000e+00, 0.0000e+00, 
XXDIAGNOSTIC,Iteration,metricValue,convergenceValue,ITERATION_TIME_INDEX,SINCE_LAST
 1DIAGNOSTIC,     1, -8.977661132812e-01, 1.797693134862e+308, 0.0000e+00, 0.0000e+00, 
 1DIAGNOSTIC,     2, -9.002990722656e-01, 1.797693134862e+308, 0.0000e+00, 0.0000e+00, 
 1DIAGNOSTIC,     3, -9.030914306641e-01, 1.797693134862e+308, 0.0000e+00, 0.0000e+00, 
 1DIAGNOSTIC,     4, -9.057006835938e-01, 1.797693134862e+308, 0.0000e+00, 0.0000e+00, 
 1DIAGNOSTIC,     5, -9.079895019531e-01, 1.797693134862e+308, 0.0000e+00, 0.0000e+00, 
 1DIAGNOSTIC,     6, -9.099731445312e-01, 1.797693134862e+308, 0.0000e+00, 0.0000e+00, 
 1DIAGNOSTIC,     7, -9.117126464844e-01, 1.797693134862e+308, 0.0000e+00, 0.0000e+00, 
 1DIAGNOSTIC,     8, -9.132690429688e-01, 1.797693134862e+308, 0.0000e+00, 0.0000e+00, 
 1DIAGNOSTIC,     9, -9.145202636719e-01, 1.797693134862e+308, 0.0000e+00, 0.0000e+00, 
 1DIAGNOSTIC,    10, -9.158172607422e-01, 1.279043250798e-03, 0.0000e+00, 0.0000e+00, 
 1DIAGNOSTIC,    11, -9.167327880859e-01, 1.040659538117e-03, 0.0000e+00, 0.0000e+00, 
 1DIAGNOSTIC,    12, -9.177246093750e-01, 8.399262297501e-04, 0.0000e+00, 0.0000e+00, 
 1DIAGNOSTIC,    13, -9.185485839844e-01, 6.804517887276e-04, 0.0000e+00, 0.0000e+00, 
 1DIAGNOSTIC,    14, -9.193420410156e-01, 5.572981659144e-04, 0.0000e+00, 0.0000e+00, 
 1DIAGNOSTIC,    15, -9.201049804688e-01, 4.627248701916e-04, 0.0000e+00, 0.0000e+00, 
 1DIAGNOSTIC,    16, -9.208679199219e-01, 3.906970238146e-04, 0.0000e+00, 0.0000e+00, 
 1DIAGNOSTIC,    17, -9.215850830078e-01, 3.358826631467e-04, 0.0000e+00, 0.0000e+00, 
 1DIAGNOSTIC,    18, -9.222717285156e-01, 2.947321864972e-04, 0.0000e+00, 0.0000e+00, 
 1DIAGNOSTIC,    19, -9.229125976562e-01, 2.613433389873e-04, 0.0000e+00, 0.0000e+00, 
 1DIAGNOSTIC,    20, -9.234924316406e-01, 2.361084169633e-04, 0.0000e+00, 0.0000e+00, 
 1DIAGNOSTIC,    21, -9.240264892578e-01, 2.125978556254e-04, 0.0000e+00, 0.0000e+00, 
 1DIAGNOSTIC,    22, -9.245300292969e-01, 1.924226456156e-04, 0.0000e+00, 0.0000e+00, 
 1DIAGNOSTIC,    23, -9.249877929688e-01, 1.732452114794e-04, 0.0000e+00, 0.0000e+00, 
 1DIAGNOSTIC,    24, -9.254302978516e-01, 1.553726688689e-04, 0.0000e+00, 0.0000e+00, 
 1DIAGNOSTIC,    25, -9.258270263672e-01, 1.386911770069e-04, 0.0000e+00, 0.0000e+00, 
 1DIAGNOSTIC,    26, -9.262084960938e-01, 1.238791296978e-04, 0.0000e+00, 0.0000e+00, 
 1DIAGNOSTIC,    27, -9.265594482422e-01, 1.107370869489e-04, 0.0000e+00, 0.0000e+00, 
 1DIAGNOSTIC,    28, -9.268798828125e-01, 9.921975738216e-05, 0.0000e+00, 0.0000e+00, 
 1DIAGNOSTIC,    29, -9.271545410156e-01, 8.890715218665e-05, 0.0000e+00, 0.0000e+00, 
 1DIAGNOSTIC,    30, -9.274139404297e-01, 7.955458176109e-05, 0.0000e+00, 0.0000e+00, 
 1DIAGNOSTIC,    31, -9.276428222656e-01, 7.090878684475e-05, 0.0000e+00, 0.0000e+00, 
 1DIAGNOSTIC,    32, -9.278717041016e-01, 6.319129652404e-05, 0.0000e+00, 0.0000e+00, 
 1DIAGNOSTIC,    33, -9.280548095703e-01, 5.597711045621e-05, 0.0000e+00, 0.0000e+00, 
 1DIAGNOSTIC,    34, -9.282226562500e-01, 4.946693375337e-05, 0.0000e+00, 0.0000e+00, 
 1DIAGNOSTIC,    35, -9.283905029297e-01, 4.365623306986e-05, 0.0000e+00, 0.0000e+00, 
 1DIAGNOSTIC,    36, -9.285278320312e-01, 3.850504734394e-05, 0.0000e+00, 0.0000e+00, 
 1DIAGNOSTIC,    37, -9.286651611328e-01, 3.408655029475e-05, 0.0000e+00, 0.0000e+00, 
 1DIAGNOSTIC,    38, -9.288024902344e-01, 3.042398354544e-05, 0.0000e+00, 0.0000e+00, 
 1DIAGNOSTIC,    39, -9.289245605469e-01, 2.723824650519e-05, 0.0000e+00, 0.0000e+00, 
 1DIAGNOSTIC,    40, -9.290618896484e-01, 2.472765929176e-05, 0.0000e+00, 0.0000e+00, 
 1DIAGNOSTIC,    41, -9.291839599609e-01, 2.266500161805e-05, 0.0000e+00, 0.0000e+00, 
 1DIAGNOSTIC,    42, -9.293060302734e-01, 2.116870989232e-05, 0.0000e+00, 0.0000e+00, 
 1DIAGNOSTIC,    43, -9.294281005859e-01, 1.996189957788e-05, 0.0000e+00, 0.0000e+00, 
 1DIAGNOSTIC,    44, -9.295654296875e-01, 1.908962218381e-05, 0.0000e+00, 0.0000e+00, 
 1DIAGNOSTIC,    45, -9.297027587891e-01, 1.857108041478e-05, 0.0000e+00, 0.0000e+00, 
 1DIAGNOSTIC,    46, -9.298400878906e-01, 1.818805247133e-05, 0.0000e+00, 0.0000e+00, 
 1DIAGNOSTIC,    47, -9.299774169922e-01, 1.793194774966e-05, 0.0000e+00, 0.0000e+00, 
 1DIAGNOSTIC,    48, -9.301300048828e-01, 1.788191203069e-05, 0.0000e+00, 0.0000e+00, 
 1DIAGNOSTIC,    49, -9.302520751953e-01, 1.769780508610e-05, 0.0000e+00, 0.0000e+00, 
 1DIAGNOSTIC,    50, -9.303741455078e-01, 1.747299236517e-05, 0.0000e+00, 0.0000e+00, 
XXDIAGNOSTIC,Iteration,metricValue,convergenceValue,ITERATION_TIME_INDEX,SINCE_LAST
 1DIAGNOSTIC,     1, -8.846130371094e-01, 1.797693134862e+308, 0.0000e+00, 0.0000e+00, 
 1DIAGNOSTIC,     2, -8.860626220703e-01, 1.797693134862e+308, 0.0000e+00, 0.0000e+00, 
 1DIAGNOSTIC,     3, -8.878784179688e-01, 1.797693134862e+308, 0.0000e+00, 0.0000e+00, 
 1DIAGNOSTIC,     4, -8.895721435547e-01, 1.797693134862e+308, 0.0000e+00, 0.0000e+00, 
 1DIAGNOSTIC,     5, -8.911285400391e-01, 1.797693134862e+308, 0.0000e+00, 0.0000e+00, 
 1DIAGNOSTIC,     6, -8.925323486328e-01, 1.797693134862e+308, 3.2768e+04, 3.2768e+04, 
 1DIAGNOSTIC,     7, -8.939819335938e-01, 1.797693134862e+308, 3.2768e+04, 0.0000e+00, 
 1DIAGNOSTIC,     8, -8.953399658203e-01, 1.797693134862e+308, 3.2768e+04, 0.0000e+00, 
 1DIAGNOSTIC,     9, -8.965911865234e-01, 1.797693134862e+308, 3.2768e+04, 0.0000e+00, 
 1DIAGNOSTIC,    10, -8.978118896484e-01, 9.573892919476e-04, 3.2768e+04, 0.0000e+00, 
 1DIAGNOSTIC,    11, -8.988189697266e-01, 8.303855828545e-04, 3.2768e+04, 0.0000e+00, 
 1DIAGNOSTIC,    12, -8.997650146484e-01, 7.131277962750e-04, 3.2768e+04, 0.0000e+00, 
 1DIAGNOSTIC,    13, -9.006500244141e-01, 6.151340038628e-04, 3.2768e+04, 0.0000e+00, 
 1DIAGNOSTIC,    14, -9.013671875000e-01, 5.296259592145e-04, 3.2768e+04, 0.0000e+00, 
 1DIAGNOSTIC,    15, -9.021453857422e-01, 4.564173068054e-04, 3.2768e+04, 0.0000e+00, 
 1DIAGNOSTIC,    16, -9.027404785156e-01, 3.898863129201e-04, 3.2768e+04, 0.0000e+00, 
 1DIAGNOSTIC,    17, -9.032745361328e-01, 3.321585297133e-04, 3.2768e+04, 0.0000e+00, 
 1DIAGNOSTIC,    18, -9.037780761719e-01, 2.828333145316e-04, 3.2768e+04, 0.0000e+00, 
 1DIAGNOSTIC,    19, -9.042510986328e-01, 2.410858097069e-04, 3.2768e+04, 0.0000e+00, 
 1DIAGNOSTIC,    20, -9.046783447266e-01, 2.071144572769e-04, 3.2768e+04, 0.0000e+00, 
  Elapsed time (stage 0): 32768


Total elapsed time: 32768
