
##########################
# Experiment information #
##########################

EXPERIMENT_NAME: antsRegistration-r8-p20
VFC_BACKENDS: libinterflop_vprec.so --range-binary32=8 --precision-binary32=20 --range-binary64=8 --precision-binary64=20

SIF_IMG: /home/mdugre/projects/rrg-glatard/mdugre/containers/ants-vprec-no_metrics.simg

SUBJECT_ID: s025
INPUT_IMG: /home/mdugre/scratch/mri-registration-rp/datasets/ds004513/derivatives/mri-registration-rp/antsBrainExtraction/sub-s025/BrainExtractionBrain.nii.gz
OUTPUT_DIR: /home/mdugre/scratch/mri-registration-rp/datasets/ds004513/derivatives/mri-registration-rp/0111/antsRegistration-r8-p20/sub-s025

FIXED_IMG: /templateflow/tpl-MNI152NLin2009cAsym/tpl-MNI152NLin2009cAsym_res-01_desc-brain_T1w.nii.gz
DATA_DIR: /home/mdugre/scratch/mri-registration-rp/datasets/ds004513
TEMPLATEFLOW_DIR: /home/mdugre/projects/rrg-glatard/mdugre/templateflow
ITK_GLOBAL_DEFAULT_NUMBER_OF_THREADS: 16
##########################

Info [verificarlo]: loaded backend libinterflop_ieee.so
Info [interflop-ieee]: load backend with:
Info [interflop-ieee]: debug = false
Info [interflop-ieee]: debug-binary = false
Info [interflop-ieee]: no-backend-name = false
Info [interflop-ieee]: print-new-line = false
Info [interflop-ieee]: print-subnormal-normalized = false
Info [interflop-ieee]: count-op = false
All_Command_lines_OK
Using double precision for computations.
=============================================================================
The composite transform comprises the following transforms (in order): 
  1. Center of mass alignment using fixed image: /templateflow/tpl-MNI152NLin2009cAsym/tpl-MNI152NLin2009cAsym_res-01_desc-brain_T1w.nii.gz and moving image: /home/mdugre/scratch/mri-registration-rp/datasets/ds004513/derivatives/mri-registration-rp/antsBrainExtraction/sub-s025/BrainExtractionBrain.nii.gz (type = Euler3DTransform)
=============================================================================
  number of levels = 1
  fixed image: /templateflow/tpl-MNI152NLin2009cAsym/tpl-MNI152NLin2009cAsym_res-01_desc-brain_T1w.nii.gz
  moving image: /home/mdugre/scratch/mri-registration-rp/datasets/ds004513/derivatives/mri-registration-rp/antsBrainExtraction/sub-s025/BrainExtractionBrain.nii.gz
Dimension = 3
Number of stages = 1
Use histogram matching = false
Winsorize image intensities = true
  Lower quantile = 0.005
  Upper quantile = 0.995


Stage 1 State
   Image metric = MattesMI
     Fixed image = Image (0x3448e70)
  RTTI typeinfo:   itk::Image<double, 3u>
  Reference Count: 2
  Modified Time: 2334
  Debug: Off
  Object Name: 
  Observers: 
    none
  Source: (none)
  Source output name: (none)
  Release Data: Off
  Data Released: False
  Global Release Data: Off
  PipelineMTime: 0
  UpdateMTime: 1943
  RealTimeStamp: 0 seconds 
  LargestPossibleRegion: 
    Dimension: 3
    Index: [0, 0, 0]
    Size: [193, 229, 193]
  BufferedRegion: 
    Dimension: 3
    Index: [0, 0, 0]
    Size: [193, 229, 193]
  RequestedRegion: 
    Dimension: 3
    Index: [0, 0, 0]
    Size: [193, 229, 193]
  Spacing: [1, 1, 1]
  Origin: [96, 132, -78]
  Direction: 
-1 0 0
0 -1 0
0 0 1

  IndexToPointMatrix: 
-1 0 0
0 -1 0
0 0 1

  PointToIndexMatrix: 
-1 0 0
0 -1 0
0 0 1

  Inverse Direction: 
-1 0 0
0 -1 0
0 0 1

  PixelContainer: 
    ImportImageContainer (0x3451c60)
      RTTI typeinfo:   itk::ImportImageContainer<unsigned long, double>
      Reference Count: 1
      Modified Time: 1940
      Debug: Off
      Object Name: 
      Observers: 
        none
      Pointer: 0x147dca6d5010
      Container manages memory: true
      Size: 8530021
      Capacity: 8530021

     Moving image = Image (0x3454610)
  RTTI typeinfo:   itk::Image<double, 3u>
  Reference Count: 2
  Modified Time: 2335
  Debug: Off
  Object Name: 
  Observers: 
    none
  Source: (none)
  Source output name: (none)
  Release Data: Off
  Data Released: False
  Global Release Data: Off
  PipelineMTime: 0
  UpdateMTime: 2332
  RealTimeStamp: 0 seconds 
  LargestPossibleRegion: 
    Dimension: 3
    Index: [0, 0, 0]
    Size: [176, 240, 256]
  BufferedRegion: 
    Dimension: 3
    Index: [0, 0, 0]
    Size: [176, 240, 256]
  RequestedRegion: 
    Dimension: 3
    Index: [0, 0, 0]
    Size: [176, 240, 256]
  Spacing: [0.999999, 1, 1]
  Origin: [90.3778, 84.5091, -154.071]
  Direction: 
-0.999391 7.48184e-06 -0.0348969
-7.47664e-06 -1 -2.7953e-07
-0.0348969 -1.84481e-08 0.999391

  IndexToPointMatrix: 
-0.99939 7.48184e-06 -0.0348969
-7.47663e-06 -1 -2.7953e-07
-0.0348968 -1.84481e-08 0.999391

  PointToIndexMatrix: 
-0.999392 -7.47665e-06 -0.0348969
7.48184e-06 -1 -1.84481e-08
-0.0348969 -2.7953e-07 0.999391

  Inverse Direction: 
-0.999391 -7.47664e-06 -0.0348969
7.48184e-06 -1 -1.84481e-08
-0.0348969 -2.7953e-07 0.999391

  PixelContainer: 
    ImportImageContainer (0x34edef0)
      RTTI typeinfo:   itk::ImportImageContainer<unsigned long, double>
      Reference Count: 1
      Modified Time: 2329
      Debug: Off
      Object Name: 
      Observers: 
        none
      Pointer: 0x147dc5454010
      Container manages memory: true
      Size: 10813440
      Capacity: 10813440

     Weighting = 1
     Sampling strategy = regular
     Number of bins = 32
     Radius = 4
     Sampling percentage  = 0.25
   Transform = Rigid
     Gradient step = 0.1
     Update field sigma (voxel space) = 0
     Total field sigma (voxel space) = 0
     Update field time sigma = 0
     Total field time sigma  = 0
     Number of time indices = 0
     Number of time point samples = 0
Registration using 1 total stages.

Stage 0
  iterations = 0
  convergence threshold = 1e-06
  convergence window size = 10
  number of levels = 1
  using the Mattes MI metric (number of bins = 32, weight = 1, use gradient filter = 0)
  preprocessing:  winsorizing the image intensities
  Shrink factors (level 1 out of 1): [1, 1, 1]
  smoothing sigmas per level: [0]
  regular sampling (percentage = 0.25)

*** Running Euler3DTransform registration ***

  Elapsed time (stage 0): 1.12262


Total elapsed time: 1.1249
Info [verificarlo]: loaded backend libinterflop_vprec.so
Info [interflop-vprec]: load backend with: 
Info [interflop-vprec]: precision-binary32 = 20
Info [interflop-vprec]: range-binary32 = 8
Info [interflop-vprec]: precision-binary64 = 20
Info [interflop-vprec]: range-binary64 = 8
Info [interflop-vprec]: mode = ob
Info [interflop-vprec]: error-mode = rel
Info [interflop-vprec]: max-abs-error-exponent = -1022
Info [interflop-vprec]: daz = false
Info [interflop-vprec]: ftz = false
Info [interflop-vprec]: 	instrument = none
Info [interflop-vprec]: 	prec-input-file = (null)
Info [interflop-vprec]: 	prec-output-file = (null)
Info [interflop-vprec]: 	prec-log-file = (null)
All_Command_lines_OK
Using double precision for computations.
=============================================================================
The composite transform comprises the following transforms (in order): 
  1. /home/mdugre/scratch/mri-registration-rp/datasets/ds004513/derivatives/mri-registration-rp/0111/antsRegistration-r8-p20/sub-s025/align_Composite.h5[0] (type = Euler3DTransform)
  2. /home/mdugre/scratch/mri-registration-rp/datasets/ds004513/derivatives/mri-registration-rp/0111/antsRegistration-r8-p20/sub-s025/align_Composite.h5[1] (type = Euler3DTransform)
=============================================================================
  number of levels = 4
  fixed image: /templateflow/tpl-MNI152NLin2009cAsym/tpl-MNI152NLin2009cAsym_res-01_desc-brain_T1w.nii.gz
  moving image: /home/mdugre/scratch/mri-registration-rp/datasets/ds004513/derivatives/mri-registration-rp/antsBrainExtraction/sub-s025/BrainExtractionBrain.nii.gz
Dimension = 3
Number of stages = 1
Use histogram matching = false
Winsorize image intensities = true
  Lower quantile = 0.005
  Upper quantile = 0.995


Stage 1 State
   Image metric = MattesMI
     Fixed image = Image (0x39671e0)
  RTTI typeinfo:   itk::Image<double, 3u>
  Reference Count: 2
  Modified Time: 1580
  Debug: Off
  Object Name: 
  Observers: 
    none
  Source: (none)
  Source output name: (none)
  Release Data: Off
  Data Released: False
  Global Release Data: Off
  PipelineMTime: 0
  UpdateMTime: 1189
  RealTimeStamp: 0 seconds 
  LargestPossibleRegion: 
    Dimension: 3
    Index: [0, 0, 0]
    Size: [193, 229, 193]
  BufferedRegion: 
    Dimension: 3
    Index: [0, 0, 0]
    Size: [193, 229, 193]
  RequestedRegion: 
    Dimension: 3
    Index: [0, 0, 0]
    Size: [193, 229, 193]
  Spacing: [1, 1, 1]
  Origin: [96, 132, -78]
  Direction: 
-1 0 0
0 -1 0
0 0 1

  IndexToPointMatrix: 
-1 0 0
0 -1 0
0 0 1

  PointToIndexMatrix: 
-1 0 0
0 -1 0
0 0 1

  Inverse Direction: 
-1 0 0
0 -1 0
0 0 1

  PixelContainer: 
    ImportImageContainer (0x3a26680)
      RTTI typeinfo:   itk::ImportImageContainer<unsigned long, double>
      Reference Count: 1
      Modified Time: 1186
      Debug: Off
      Object Name: 
      Observers: 
        none
      Pointer: 0x1472308f4010
      Container manages memory: true
      Size: 8530021
      Capacity: 8530021

     Moving image = Image (0x3a22b20)
  RTTI typeinfo:   itk::Image<double, 3u>
  Reference Count: 2
  Modified Time: 1581
  Debug: Off
  Object Name: 
  Observers: 
    none
  Source: (none)
  Source output name: (none)
  Release Data: Off
  Data Released: False
  Global Release Data: Off
  PipelineMTime: 0
  UpdateMTime: 1578
  RealTimeStamp: 0 seconds 
  LargestPossibleRegion: 
    Dimension: 3
    Index: [0, 0, 0]
    Size: [176, 240, 256]
  BufferedRegion: 
    Dimension: 3
    Index: [0, 0, 0]
    Size: [176, 240, 256]
  RequestedRegion: 
    Dimension: 3
    Index: [0, 0, 0]
    Size: [176, 240, 256]
  Spacing: [0.999999, 1, 1]
  Origin: [90.3777, 84.5091, -154.071]
  Direction: 
-0.999391 7.48185e-06 -0.0348969
-7.47664e-06 -1 -2.7953e-07
-0.0348969 -1.84481e-08 0.999391

  IndexToPointMatrix: 
-0.999389 7.48185e-06 -0.0348969
-7.47663e-06 -1 -2.7953e-07
-0.0348968 -1.84481e-08 0.999391

  PointToIndexMatrix: 
-0.999393 -7.47666e-06 -0.0348969
7.47664e-06 -1 1.30443e-07
-0.0348969 -1.30502e-07 0.999391

  Inverse Direction: 
-0.999391 -7.47664e-06 -0.0348969
7.47664e-06 -1 1.30495e-07
-0.0348969 -1.30495e-07 0.999391

  PixelContainer: 
    ImportImageContainer (0x3a8bd50)
      RTTI typeinfo:   itk::ImportImageContainer<unsigned long, double>
      Reference Count: 1
      Modified Time: 1575
      Debug: Off
      Object Name: 
      Observers: 
        none
      Pointer: 0x14722b673010
      Container manages memory: true
      Size: 10813440
      Capacity: 10813440

     Weighting = 1
     Sampling strategy = regular
     Number of bins = 32
     Radius = 4
     Sampling percentage  = 0.25
   Transform = Rigid
     Gradient step = 0.1
     Update field sigma (voxel space) = 0
     Total field sigma (voxel space) = 0
     Update field time sigma = 0
     Total field time sigma  = 0
     Number of time indices = 0
     Number of time point samples = 0
Registration using 1 total stages.

Stage 0
  iterations = 1000x500x250x100
  convergence threshold = 1e-06
  convergence window size = 10
  number of levels = 4
  using the Mattes MI metric (number of bins = 32, weight = 1, use gradient filter = 0)
  preprocessing:  winsorizing the image intensities
  Shrink factors (level 1 out of 4): [8, 8, 8]
  Shrink factors (level 2 out of 4): [4, 4, 4]
  Shrink factors (level 3 out of 4): [2, 2, 2]
  Shrink factors (level 4 out of 4): [1, 1, 1]
  smoothing sigmas per level: [3, 2, 1, 0]
  regular sampling (percentage = 0.25)

*** Running Euler3DTransform registration ***

DIAGNOSTIC,Iteration,metricValue,convergenceValue,ITERATION_TIME_INDEX,SINCE_LAST
 2DIAGNOSTIC,     1, -5.323261991302e-01, 1.797693134862e+308, 0.0000e+00, 0.0000e+00, 
 2DIAGNOSTIC,     2, -5.346205137399e-01, 1.797693134862e+308, 0.0000e+00, 0.0000e+00, 
 2DIAGNOSTIC,     3, -5.378054665362e-01, 1.797693134862e+308, 0.0000e+00, 0.0000e+00, 
 2DIAGNOSTIC,     4, -5.422981312861e-01, 1.797693134862e+308, 0.0000e+00, 0.0000e+00, 
 2DIAGNOSTIC,     5, -5.486844004149e-01, 1.797693134862e+308, 0.0000e+00, 0.0000e+00, 
 2DIAGNOSTIC,     6, -5.542843329434e-01, 1.797693134862e+308, 0.0000e+00, 0.0000e+00, 
 2DIAGNOSTIC,     7, -5.627220971719e-01, 1.797693134862e+308, 0.0000e+00, 0.0000e+00, 
 2DIAGNOSTIC,     8, -5.766724344727e-01, 1.797693134862e+308, 0.0000e+00, 0.0000e+00, 
 2DIAGNOSTIC,     9, -5.881413431634e-01, 1.797693134862e+308, 0.0000e+00, 0.0000e+00, 
 2DIAGNOSTIC,    10, -6.010495723198e-01, 7.809606314789e-03, 0.0000e+00, 0.0000e+00, 
 2DIAGNOSTIC,    11, -6.193803340800e-01, 8.562081207346e-03, 0.0000e+00, 0.0000e+00, 
 2DIAGNOSTIC,    12, -6.194444985749e-01, 8.501144257385e-03, 0.0000e+00, 0.0000e+00, 
 2DIAGNOSTIC,    13, -6.210047899835e-01, 7.874088173918e-03, 0.0000e+00, 0.0000e+00, 
 2DIAGNOSTIC,    14, -6.218721286193e-01, 6.820705330750e-03, 0.0000e+00, 0.0000e+00, 
 2DIAGNOSTIC,    15, -6.227109199468e-01, 5.529599205431e-03, 0.0000e+00, 0.0000e+00, 
 2DIAGNOSTIC,    16, -6.241497527432e-01, 4.114038025219e-03, 0.0000e+00, 0.0000e+00, 
 2DIAGNOSTIC,    17, -6.268123227820e-01, 2.812258104719e-03, 0.0000e+00, 0.0000e+00, 
 2DIAGNOSTIC,    18, -6.352958163381e-01, 2.009913277627e-03, 0.0000e+00, 0.0000e+00, 
 2DIAGNOSTIC,    19, -6.395274470269e-01, 1.501854428303e-03, 0.0000e+00, 0.0000e+00, 
 2DIAGNOSTIC,    20, -6.413947907439e-01, 1.252120972754e-03, 0.0000e+00, 0.0000e+00, 
 2DIAGNOSTIC,    21, -6.436370242648e-01, 1.382780193973e-03, 0.0000e+00, 0.0000e+00, 
 2DIAGNOSTIC,    22, -6.532619774546e-01, 1.578968240783e-03, 0.0000e+00, 0.0000e+00, 
 2DIAGNOSTIC,    23, -6.735002742533e-01, 2.047713813586e-03, 0.0000e+00, 0.0000e+00, 
 2DIAGNOSTIC,    24, -6.995798192346e-01, 2.795587641391e-03, 0.0000e+00, 0.0000e+00, 
 2DIAGNOSTIC,    25, -7.071412677943e-01, 3.364076766097e-03, 0.0000e+00, 0.0000e+00, 
 2DIAGNOSTIC,    26, -7.083185061305e-01, 3.622057014600e-03, 0.0000e+00, 0.0000e+00, 
 2DIAGNOSTIC,    27, -7.120959020287e-01, 3.629394783672e-03, 0.0000e+00, 0.0000e+00, 
 2DIAGNOSTIC,    28, -7.187846838380e-01, 3.534512377997e-03, 0.0000e+00, 0.0000e+00, 
 2DIAGNOSTIC,    29, -7.228001043391e-01, 3.235693407836e-03, 0.0000e+00, 0.0000e+00, 
 2DIAGNOSTIC,    30, -7.265117971849e-01, 2.742066039776e-03, 0.0000e+00, 0.0000e+00, 
 2DIAGNOSTIC,    31, -7.322409756759e-01, 2.147865761614e-03, 0.0000e+00, 0.0000e+00, 
 2DIAGNOSTIC,    32, -7.350364743055e-01, 1.563962092607e-03, 0.0000e+00, 0.0000e+00, 
 2DIAGNOSTIC,    33, -7.364258119750e-01, 1.155878695630e-03, 0.0000e+00, 0.0000e+00, 
 2DIAGNOSTIC,    34, -7.365243859170e-01, 1.006168758240e-03, 0.0000e+00, 0.0000e+00, 
 2DIAGNOSTIC,    35, -7.365527186073e-01, 8.680951698396e-04, 0.0000e+00, 0.0000e+00, 
 2DIAGNOSTIC,    36, -7.363862329875e-01, 6.682898725303e-04, 0.0000e+00, 0.0000e+00, 
 2DIAGNOSTIC,    37, -7.363478936317e-01, 4.600617671587e-04, 0.0000e+00, 0.0000e+00, 
 2DIAGNOSTIC,    38, -7.362139869891e-01, 2.959665753191e-04, 0.0000e+00, 0.0000e+00, 
 2DIAGNOSTIC,    39, -7.361798833688e-01, 1.578513731573e-04, 0.0000e+00, 0.0000e+00, 
 2DIAGNOSTIC,    40, -7.361855005158e-01, 5.176341068325e-05, 0.0000e+00, 0.0000e+00, 
 2DIAGNOSTIC,    41, -7.361412781739e-01, 6.030077546768e-06, 0.0000e+00, 0.0000e+00, 
DIAGNOSTIC,Iteration,metricValue,convergenceValue,ITERATION_TIME_INDEX,SINCE_LAST
 2DIAGNOSTIC,     1, -5.924735578328e-01, 1.797693134862e+308, 0.0000e+00, 0.0000e+00, 
 2DIAGNOSTIC,     2, -5.936231822450e-01, 1.797693134862e+308, 0.0000e+00, 0.0000e+00, 
 2DIAGNOSTIC,     3, -5.948113965540e-01, 1.797693134862e+308, 0.0000e+00, 0.0000e+00, 
 2DIAGNOSTIC,     4, -5.962736516927e-01, 1.797693134862e+308, 0.0000e+00, 0.0000e+00, 
 2DIAGNOSTIC,     5, -5.976312172847e-01, 1.797693134862e+308, 0.0000e+00, 0.0000e+00, 
 2DIAGNOSTIC,     6, -5.984880154642e-01, 1.797693134862e+308, 0.0000e+00, 0.0000e+00, 
 2DIAGNOSTIC,     7, -5.998157787204e-01, 1.797693134862e+308, 0.0000e+00, 0.0000e+00, 
 2DIAGNOSTIC,     8, -6.030571546965e-01, 1.797693134862e+308, 0.0000e+00, 0.0000e+00, 
 2DIAGNOSTIC,     9, -6.063390273160e-01, 1.797693134862e+308, 0.0000e+00, 0.0000e+00, 
 2DIAGNOSTIC,    10, -6.077316911366e-01, 1.614019866854e-03, 0.0000e+00, 0.0000e+00, 
 2DIAGNOSTIC,    11, -6.085903272040e-01, 1.556592379470e-03, 0.0000e+00, 0.0000e+00, 
 2DIAGNOSTIC,    12, -6.096209570569e-01, 1.456022885345e-03, 0.0000e+00, 0.0000e+00, 
 2DIAGNOSTIC,    13, -6.124434794003e-01, 1.382452561499e-03, 0.0000e+00, 0.0000e+00, 
 2DIAGNOSTIC,    14, -6.147327718479e-01, 1.315940947903e-03, 0.0000e+00, 0.0000e+00, 
 2DIAGNOSTIC,    15, -6.169027000211e-01, 1.248875361030e-03, 0.0000e+00, 0.0000e+00, 
 2DIAGNOSTIC,    16, -6.191641751958e-01, 1.168825627384e-03, 0.0000e+00, 0.0000e+00, 
 2DIAGNOSTIC,    17, -6.202085902440e-01, 1.054806814483e-03, 0.0000e+00, 0.0000e+00, 
 2DIAGNOSTIC,    18, -6.203492312615e-01, 9.423249317643e-04, 0.0000e+00, 0.0000e+00, 
 2DIAGNOSTIC,    19, -6.205904658923e-01, 8.410913280049e-04, 0.0000e+00, 0.0000e+00, 
 2DIAGNOSTIC,    20, -6.218108929595e-01, 7.331287274652e-04, 0.0000e+00, 0.0000e+00, 
 2DIAGNOSTIC,    21, -6.218266027687e-01, 5.862060346596e-04, 0.0000e+00, 0.0000e+00, 
 2DIAGNOSTIC,    22, -6.218282064101e-01, 4.197222592744e-04, 0.0000e+00, 0.0000e+00, 
 2DIAGNOSTIC,    23, -6.218339142995e-01, 2.864498509793e-04, 0.0000e+00, 0.0000e+00, 
 2DIAGNOSTIC,    24, -6.218269853153e-01, 1.815782602954e-04, 0.0000e+00, 0.0000e+00, 
 2DIAGNOSTIC,    25, -6.218234106309e-01, 1.073516539565e-04, 0.0000e+00, 0.0000e+00, 
 2DIAGNOSTIC,    26, -6.218094677957e-01, 6.865895061600e-05, 0.0000e+00, 0.0000e+00, 
 2DIAGNOSTIC,    27, -6.218138263891e-01, 4.491810782225e-05, 0.0000e+00, 0.0000e+00, 
 2DIAGNOSTIC,    28, -6.218326732366e-01, 2.155244935798e-05, 0.0000e+00, 0.0000e+00, 
 2DIAGNOSTIC,    29, -6.218435366295e-01, 1.368173242290e-06, 0.0000e+00, 0.0000e+00, 
 2DIAGNOSTIC,    30, -6.218716657200e-01, 1.836806577844e-06, 0.0000e+00, 0.0000e+00, 
 2DIAGNOSTIC,    31, -6.218650999248e-01, 2.336310868802e-06, 0.0000e+00, 0.0000e+00, 
 2DIAGNOSTIC,    32, -6.218446740846e-01, 2.413260387343e-06, 0.0000e+00, 0.0000e+00, 
 2DIAGNOSTIC,    33, -6.218351390318e-01, 2.305813750721e-06, 0.0000e+00, 0.0000e+00, 
 2DIAGNOSTIC,    34, -6.218270999205e-01, 1.868866498930e-06, 0.0000e+00, 0.0000e+00, 
 2DIAGNOSTIC,    35, -6.218292108423e-01, 1.351097400928e-06, 0.0000e+00, 0.0000e+00, 
DIAGNOSTIC,Iteration,metricValue,convergenceValue,ITERATION_TIME_INDEX,SINCE_LAST
 2DIAGNOSTIC,     1, -5.349041589819e-01, 1.797693134862e+308, 0.0000e+00, 0.0000e+00, 
 2DIAGNOSTIC,     2, -5.352797434585e-01, 1.797693134862e+308, 0.0000e+00, 0.0000e+00, 
 2DIAGNOSTIC,     3, -5.354606597381e-01, 1.797693134862e+308, 0.0000e+00, 0.0000e+00, 
 2DIAGNOSTIC,     4, -5.354922319398e-01, 1.797693134862e+308, 0.0000e+00, 0.0000e+00, 
 2DIAGNOSTIC,     5, -5.355067148153e-01, 1.797693134862e+308, 0.0000e+00, 0.0000e+00, 
 2DIAGNOSTIC,     6, -5.355757523697e-01, 1.797693134862e+308, 0.0000e+00, 0.0000e+00, 
 2DIAGNOSTIC,     7, -5.358551568025e-01, 1.797693134862e+308, 0.0000e+00, 0.0000e+00, 
 2DIAGNOSTIC,     8, -5.358541903468e-01, 1.797693134862e+308, 0.0000e+00, 0.0000e+00, 
 2DIAGNOSTIC,     9, -5.358558296323e-01, 1.797693134862e+308, 0.0000e+00, 0.0000e+00, 
 2DIAGNOSTIC,    10, -5.358548149749e-01, 1.045960363431e-04, 0.0000e+00, 0.0000e+00, 
 2DIAGNOSTIC,    11, -5.358546201761e-01, 6.960439602359e-05, 0.0000e+00, 0.0000e+00, 
 2DIAGNOSTIC,    12, -5.358545789217e-01, 5.065121594947e-05, 0.0000e+00, 0.0000e+00, 
 2DIAGNOSTIC,    13, -5.358546493951e-01, 3.764151355956e-05, 0.0000e+00, 0.0000e+00, 
 2DIAGNOSTIC,    14, -5.358534476774e-01, 2.463318745013e-05, 0.0000e+00, 0.0000e+00, 
 2DIAGNOSTIC,    15, -5.358534224711e-01, 1.188026238963e-05, 0.0000e+00, 0.0000e+00, 
 2DIAGNOSTIC,    16, -5.358534843655e-01, 1.853096685003e-06, 0.0000e+00, 0.0000e+00, 
 2DIAGNOSTIC,    17, -5.358522909991e-01, 1.701572083929e-06, 0.0000e+00, 0.0000e+00, 
 2DIAGNOSTIC,    18, -5.358524150476e-01, 1.557082627279e-06, 0.0000e+00, 0.0000e+00, 
 2DIAGNOSTIC,    19, -5.358524678379e-01, 1.495415099931e-06, 0.0000e+00, 0.0000e+00, 
 2DIAGNOSTIC,    20, -5.358525799873e-01, 1.432428102618e-06, 0.0000e+00, 0.0000e+00, 
 2DIAGNOSTIC,    21, -5.358525982124e-01, 1.385397114133e-06, 0.0000e+00, 0.0000e+00, 
 2DIAGNOSTIC,    22, -5.358526997958e-01, 1.356331706892e-06, 0.0000e+00, 0.0000e+00, 
 2DIAGNOSTIC,    23, -5.358524451262e-01, 1.334819902103e-06, 0.0000e+00, 0.0000e+00, 
 2DIAGNOSTIC,    24, -5.358525503672e-01, 1.295189122702e-06, 0.0000e+00, 0.0000e+00, 
 2DIAGNOSTIC,    25, -5.358527279021e-01, 1.264404637692e-06, 0.0000e+00, 0.0000e+00, 
 2DIAGNOSTIC,    26, -5.358526881103e-01, 1.237794430613e-06, 0.0000e+00, 0.0000e+00, 
 2DIAGNOSTIC,    27, -5.358528158647e-01, 1.190967880878e-06, 0.0000e+00, 0.0000e+00, 
 2DIAGNOSTIC,    28, -5.358528863184e-01, 1.150044969214e-06, 0.0000e+00, 0.0000e+00, 
 2DIAGNOSTIC,    29, -5.358526209641e-01, 1.106699460886e-06, 0.0000e+00, 0.0000e+00, 
 2DIAGNOSTIC,    30, -5.358528405165e-01, 1.071283024436e-06, 0.0000e+00, 0.0000e+00, 
 2DIAGNOSTIC,    31, -5.358527889592e-01, 1.036352557091e-06, 0.0000e+00, 0.0000e+00, 
 2DIAGNOSTIC,    32, -5.358529516168e-01, 1.007195864211e-06, 0.0000e+00, 0.0000e+00, 
DIAGNOSTIC,Iteration,metricValue,convergenceValue,ITERATION_TIME_INDEX,SINCE_LAST
 2DIAGNOSTIC,     1, -4.895509249972e-01, 1.797693134862e+308, 0.0000e+00, 0.0000e+00, 
 2DIAGNOSTIC,     2, -4.895808238260e-01, 1.797693134862e+308, 0.0000e+00, 0.0000e+00, 
 2DIAGNOSTIC,     3, -4.895838027233e-01, 1.797693134862e+308, 0.0000e+00, 0.0000e+00, 
 2DIAGNOSTIC,     4, -4.895837163346e-01, 1.797693134862e+308, 0.0000e+00, 0.0000e+00, 
 2DIAGNOSTIC,     5, -4.895835365734e-01, 1.797693134862e+308, 0.0000e+00, 0.0000e+00, 
 2DIAGNOSTIC,     6, -4.895828576243e-01, 1.797693134862e+308, 0.0000e+00, 0.0000e+00, 
 2DIAGNOSTIC,     7, -4.895825538213e-01, 1.797693134862e+308, 0.0000e+00, 0.0000e+00, 
 2DIAGNOSTIC,     8, -4.895825813459e-01, 1.797693134862e+308, 0.0000e+00, 0.0000e+00, 
 2DIAGNOSTIC,     9, -4.895824878115e-01, 1.797693134862e+308, 0.0000e+00, 0.0000e+00, 
 2DIAGNOSTIC,    10, -4.895825603350e-01, 5.014504470699e-06, 0.0000e+00, 0.0000e+00, 
 2DIAGNOSTIC,    11, -4.895824485793e-01, 2.848977212186e-06, 0.0000e+00, 0.0000e+00, 
 2DIAGNOSTIC,    12, -4.895824457331e-01, 2.490679515479e-06, 0.0000e+00, 0.0000e+00, 
 2DIAGNOSTIC,    13, -4.895823361212e-01, 2.329688519473e-06, 0.0000e+00, 0.0000e+00, 
 2DIAGNOSTIC,    14, -4.895822878162e-01, 2.196561265613e-06, 0.0000e+00, 0.0000e+00, 
 2DIAGNOSTIC,    15, -4.895822933426e-01, 2.081981825067e-06, 0.0000e+00, 0.0000e+00, 
 2DIAGNOSTIC,    16, -4.895823107363e-01, 1.961535727804e-06, 0.0000e+00, 0.0000e+00, 
 2DIAGNOSTIC,    17, -4.895823170172e-01, 1.847535864088e-06, 0.0000e+00, 0.0000e+00, 
 2DIAGNOSTIC,    18, -4.895823204383e-01, 1.749533509170e-06, 0.0000e+00, 0.0000e+00, 
 2DIAGNOSTIC,    19, -4.895823176944e-01, 1.660505397551e-06, 0.0000e+00, 0.0000e+00, 
 2DIAGNOSTIC,    20, -4.895823176944e-01, 1.583826828210e-06, 0.0000e+00, 0.0000e+00, 
 2DIAGNOSTIC,    21, -4.895823046256e-01, 1.511577121457e-06, 0.0000e+00, 0.0000e+00, 
 2DIAGNOSTIC,    22, -4.895822784432e-01, 1.445519693014e-06, 0.0000e+00, 0.0000e+00, 
 2DIAGNOSTIC,    23, -4.895822784432e-01, 1.382551256535e-06, 0.0000e+00, 0.0000e+00, 
 2DIAGNOSTIC,    24, -4.895822775123e-01, 1.323694460549e-06, 0.0000e+00, 0.0000e+00, 
 2DIAGNOSTIC,    25, -4.895822782903e-01, 1.269854489186e-06, 0.0000e+00, 0.0000e+00, 
 2DIAGNOSTIC,    26, -4.895822782903e-01, 1.220802058201e-06, 0.0000e+00, 0.0000e+00, 
 2DIAGNOSTIC,    27, -4.895822782903e-01, 1.175791643354e-06, 0.0000e+00, 0.0000e+00, 
 2DIAGNOSTIC,    28, -4.895822778949e-01, 1.134295644446e-06, 0.0000e+00, 0.0000e+00, 
 2DIAGNOSTIC,    29, -4.895822778949e-01, 1.095777275251e-06, 0.0000e+00, 0.0000e+00, 
 2DIAGNOSTIC,    30, -4.895822777954e-01, 1.059945364028e-06, 0.0000e+00, 0.0000e+00, 
 2DIAGNOSTIC,    31, -4.895822777954e-01, 1.026244180670e-06, 0.0000e+00, 0.0000e+00, 
  Elapsed time (stage 0): 0.0000e+00


Total elapsed time: 0.0000e+00
Info [verificarlo]: loaded backend libinterflop_vprec.so
Info [interflop-vprec]: load backend with: 
Info [interflop-vprec]: precision-binary32 = 20
Info [interflop-vprec]: range-binary32 = 8
Info [interflop-vprec]: precision-binary64 = 20
Info [interflop-vprec]: range-binary64 = 8
Info [interflop-vprec]: mode = ob
Info [interflop-vprec]: error-mode = rel
Info [interflop-vprec]: max-abs-error-exponent = -1022
Info [interflop-vprec]: daz = false
Info [interflop-vprec]: ftz = false
Info [interflop-vprec]: 	instrument = none
Info [interflop-vprec]: 	prec-input-file = (null)
Info [interflop-vprec]: 	prec-output-file = (null)
Info [interflop-vprec]: 	prec-log-file = (null)
All_Command_lines_OK
Using double precision for computations.
=============================================================================
The composite transform comprises the following transforms (in order): 
  1. /home/mdugre/scratch/mri-registration-rp/datasets/ds004513/derivatives/mri-registration-rp/0111/antsRegistration-r8-p20/sub-s025/rigid_Composite.h5[0] (type = Euler3DTransform)
  2. /home/mdugre/scratch/mri-registration-rp/datasets/ds004513/derivatives/mri-registration-rp/0111/antsRegistration-r8-p20/sub-s025/rigid_Composite.h5[1] (type = Euler3DTransform)
  3. /home/mdugre/scratch/mri-registration-rp/datasets/ds004513/derivatives/mri-registration-rp/0111/antsRegistration-r8-p20/sub-s025/rigid_Composite.h5[2] (type = Euler3DTransform)
=============================================================================
  number of levels = 4
  fixed image: /templateflow/tpl-MNI152NLin2009cAsym/tpl-MNI152NLin2009cAsym_res-01_desc-brain_T1w.nii.gz
  moving image: /home/mdugre/scratch/mri-registration-rp/datasets/ds004513/derivatives/mri-registration-rp/antsBrainExtraction/sub-s025/BrainExtractionBrain.nii.gz
Dimension = 3
Number of stages = 1
Use histogram matching = false
Winsorize image intensities = true
  Lower quantile = 0.005
  Upper quantile = 0.995


Stage 1 State
   Image metric = MattesMI
     Fixed image = Image (0x4d70490)
  RTTI typeinfo:   itk::Image<double, 3u>
  Reference Count: 2
  Modified Time: 1594
  Debug: Off
  Object Name: 
  Observers: 
    none
  Source: (none)
  Source output name: (none)
  Release Data: Off
  Data Released: False
  Global Release Data: Off
  PipelineMTime: 0
  UpdateMTime: 1203
  RealTimeStamp: 0 seconds 
  LargestPossibleRegion: 
    Dimension: 3
    Index: [0, 0, 0]
    Size: [193, 229, 193]
  BufferedRegion: 
    Dimension: 3
    Index: [0, 0, 0]
    Size: [193, 229, 193]
  RequestedRegion: 
    Dimension: 3
    Index: [0, 0, 0]
    Size: [193, 229, 193]
  Spacing: [1, 1, 1]
  Origin: [96, 132, -78]
  Direction: 
-1 0 0
0 -1 0
0 0 1

  IndexToPointMatrix: 
-1 0 0
0 -1 0
0 0 1

  PointToIndexMatrix: 
-1 0 0
0 -1 0
0 0 1

  Inverse Direction: 
-1 0 0
0 -1 0
0 0 1

  PixelContainer: 
    ImportImageContainer (0x4e28fa0)
      RTTI typeinfo:   itk::ImportImageContainer<unsigned long, double>
      Reference Count: 1
      Modified Time: 1200
      Debug: Off
      Object Name: 
      Observers: 
        none
      Pointer: 0x1500ac066010
      Container manages memory: true
      Size: 8530021
      Capacity: 8530021

     Moving image = Image (0x4e2bd20)
  RTTI typeinfo:   itk::Image<double, 3u>
  Reference Count: 2
  Modified Time: 1595
  Debug: Off
  Object Name: 
  Observers: 
    none
  Source: (none)
  Source output name: (none)
  Release Data: Off
  Data Released: False
  Global Release Data: Off
  PipelineMTime: 0
  UpdateMTime: 1592
  RealTimeStamp: 0 seconds 
  LargestPossibleRegion: 
    Dimension: 3
    Index: [0, 0, 0]
    Size: [176, 240, 256]
  BufferedRegion: 
    Dimension: 3
    Index: [0, 0, 0]
    Size: [176, 240, 256]
  RequestedRegion: 
    Dimension: 3
    Index: [0, 0, 0]
    Size: [176, 240, 256]
  Spacing: [0.999999, 1, 1]
  Origin: [90.3777, 84.5091, -154.071]
  Direction: 
-0.999391 7.48185e-06 -0.0348969
-7.47664e-06 -1 -2.7953e-07
-0.0348969 -1.84481e-08 0.999391

  IndexToPointMatrix: 
-0.999389 7.48185e-06 -0.0348969
-7.47663e-06 -1 -2.7953e-07
-0.0348968 -1.84481e-08 0.999391

  PointToIndexMatrix: 
-0.999393 -7.47666e-06 -0.0348969
7.47664e-06 -1 1.30443e-07
-0.0348969 -1.30502e-07 0.999391

  Inverse Direction: 
-0.999391 -7.47664e-06 -0.0348969
7.47664e-06 -1 1.30495e-07
-0.0348969 -1.30495e-07 0.999391

  PixelContainer: 
    ImportImageContainer (0x4ee7390)
      RTTI typeinfo:   itk::ImportImageContainer<unsigned long, double>
      Reference Count: 1
      Modified Time: 1589
      Debug: Off
      Object Name: 
      Observers: 
        none
      Pointer: 0x1500a6de5010
      Container manages memory: true
      Size: 10813440
      Capacity: 10813440

     Weighting = 1
     Sampling strategy = regular
     Number of bins = 32
     Radius = 4
     Sampling percentage  = 0.25
   Transform = Affine
     Gradient step = 0.1
     Update field sigma (voxel space) = 0
     Total field sigma (voxel space) = 0
     Update field time sigma = 0
     Total field time sigma  = 0
     Number of time indices = 0
     Number of time point samples = 0
Registration using 1 total stages.

Stage 0
  iterations = 1000x500x250x100
  convergence threshold = 1e-06
  convergence window size = 10
  number of levels = 4
  using the Mattes MI metric (number of bins = 32, weight = 1, use gradient filter = 0)
  preprocessing:  winsorizing the image intensities
  Shrink factors (level 1 out of 4): [8, 8, 8]
  Shrink factors (level 2 out of 4): [4, 4, 4]
  Shrink factors (level 3 out of 4): [2, 2, 2]
  Shrink factors (level 4 out of 4): [1, 1, 1]
  smoothing sigmas per level: [3, 2, 1, 0]
  regular sampling (percentage = 0.25)

*** Running AffineTransform registration ***

DIAGNOSTIC,Iteration,metricValue,convergenceValue,ITERATION_TIME_INDEX,SINCE_LAST
 2DIAGNOSTIC,     1, -7.484855696257e-01, 1.797693134862e+308, 0.0000e+00, 0.0000e+00, 
 2DIAGNOSTIC,     2, -7.506511269662e-01, 1.797693134862e+308, 0.0000e+00, 0.0000e+00, 
 2DIAGNOSTIC,     3, -7.540680068626e-01, 1.797693134862e+308, 0.0000e+00, 0.0000e+00, 
 2DIAGNOSTIC,     4, -7.597503338434e-01, 1.797693134862e+308, 0.0000e+00, 0.0000e+00, 
 2DIAGNOSTIC,     5, -7.693523753575e-01, 1.797693134862e+308, 0.0000e+00, 0.0000e+00, 
 2DIAGNOSTIC,     6, -7.841304171177e-01, 1.797693134862e+308, 0.0000e+00, 0.0000e+00, 
 2DIAGNOSTIC,     7, -8.097802679743e-01, 1.797693134862e+308, 0.0000e+00, 0.0000e+00, 
 2DIAGNOSTIC,     8, -8.865460255585e-01, 1.797693134862e+308, 0.0000e+00, 0.0000e+00, 
 2DIAGNOSTIC,     9, -9.203707696648e-01, 1.797693134862e+308, 0.0000e+00, 0.0000e+00, 
 2DIAGNOSTIC,    10, -9.239887590890e-01, 1.551890255302e-02, 0.0000e+00, 0.0000e+00, 
 2DIAGNOSTIC,    11, -9.295164113091e-01, 1.569792447432e-02, 0.0000e+00, 0.0000e+00, 
 2DIAGNOSTIC,    12, -9.339212687164e-01, 1.462636897072e-02, 0.0000e+00, 0.0000e+00, 
 2DIAGNOSTIC,    13, -9.355107727823e-01, 1.252459870290e-02, 0.0000e+00, 0.0000e+00, 
 2DIAGNOSTIC,    14, -9.358581896384e-01, 9.760391206406e-03, 0.0000e+00, 0.0000e+00, 
 2DIAGNOSTIC,    15, -9.359010306080e-01, 6.753485402329e-03, 0.0000e+00, 0.0000e+00, 
 2DIAGNOSTIC,    16, -9.360637255071e-01, 3.864702123339e-03, 0.0000e+00, 0.0000e+00, 
 2DIAGNOSTIC,    17, -9.362346200127e-01, 1.456725804992e-03, 0.0000e+00, 0.0000e+00, 
 2DIAGNOSTIC,    18, -9.364831431113e-01, 5.924948052933e-04, 0.0000e+00, 0.0000e+00, 
 2DIAGNOSTIC,    19, -9.367135834084e-01, 3.578556210927e-04, 0.0000e+00, 0.0000e+00, 
 2DIAGNOSTIC,    20, -9.370619386935e-01, 1.786430653610e-04, 0.0000e+00, 0.0000e+00, 
 2DIAGNOSTIC,    21, -9.376895725566e-01, 9.467531088595e-05, 0.0000e+00, 0.0000e+00, 
 2DIAGNOSTIC,    22, -9.377884132453e-01, 7.557859199670e-05, 0.0000e+00, 0.0000e+00, 
 2DIAGNOSTIC,    23, -9.385425583099e-01, 8.416381097735e-05, 0.0000e+00, 0.0000e+00, 
 2DIAGNOSTIC,    24, -9.386940283627e-01, 9.077107596455e-05, 0.0000e+00, 0.0000e+00, 
 2DIAGNOSTIC,    25, -9.383946801220e-01, 8.514129679255e-05, 0.0000e+00, 0.0000e+00, 
 2DIAGNOSTIC,    26, -9.380778662574e-01, 7.036099062044e-05, 0.0000e+00, 0.0000e+00, 
 2DIAGNOSTIC,    27, -9.381214088515e-01, 5.280720338071e-05, 0.0000e+00, 0.0000e+00, 
 2DIAGNOSTIC,    28, -9.380299587207e-01, 3.332706895179e-05, 0.0000e+00, 0.0000e+00, 
 2DIAGNOSTIC,    29, -9.381382087411e-01, 1.586667320586e-05, 0.0000e+00, 0.0000e+00, 
 2DIAGNOSTIC,    30, -9.383012456177e-01, 3.627837491596e-06, 0.0000e+00, 0.0000e+00, 
DIAGNOSTIC,Iteration,metricValue,convergenceValue,ITERATION_TIME_INDEX,SINCE_LAST
 2DIAGNOSTIC,     1, -7.502224413537e-01, 1.797693134862e+308, 0.0000e+00, 0.0000e+00, 
 2DIAGNOSTIC,     2, -7.506694980275e-01, 1.797693134862e+308, 0.0000e+00, 0.0000e+00, 
 2DIAGNOSTIC,     3, -7.510961233931e-01, 1.797693134862e+308, 0.0000e+00, 0.0000e+00, 
 2DIAGNOSTIC,     4, -7.514885735098e-01, 1.797693134862e+308, 0.0000e+00, 0.0000e+00, 
 2DIAGNOSTIC,     5, -7.525125065635e-01, 1.797693134862e+308, 0.0000e+00, 0.0000e+00, 
 2DIAGNOSTIC,     6, -7.540113150097e-01, 1.797693134862e+308, 0.0000e+00, 0.0000e+00, 
 2DIAGNOSTIC,     7, -7.540638041719e-01, 1.797693134862e+308, 0.0000e+00, 0.0000e+00, 
 2DIAGNOSTIC,     8, -7.540940048441e-01, 1.797693134862e+308, 0.0000e+00, 0.0000e+00, 
 2DIAGNOSTIC,     9, -7.541018039033e-01, 1.797693134862e+308, 0.0000e+00, 0.0000e+00, 
 2DIAGNOSTIC,    10, -7.541006826580e-01, 3.970952161429e-04, 0.0000e+00, 0.0000e+00, 
 2DIAGNOSTIC,    11, -7.541091723460e-01, 2.996593178488e-04, 0.0000e+00, 0.0000e+00, 
 2DIAGNOSTIC,    12, -7.541580238884e-01, 2.075599606179e-04, 0.0000e+00, 0.0000e+00, 
 2DIAGNOSTIC,    13, -7.542169430972e-01, 1.259318155789e-04, 0.0000e+00, 0.0000e+00, 
 2DIAGNOSTIC,    14, -7.542587265970e-01, 5.615996435851e-05, 0.0000e+00, 0.0000e+00, 
 2DIAGNOSTIC,    15, -7.542274646297e-01, 1.471242910356e-05, 0.0000e+00, 0.0000e+00, 
 2DIAGNOSTIC,    16, -7.542300701011e-01, 1.273020459594e-05, 0.0000e+00, 0.0000e+00, 
 2DIAGNOSTIC,    17, -7.542041413629e-01, 1.054606102315e-05, 0.0000e+00, 0.0000e+00, 
 2DIAGNOSTIC,    18, -7.542092617213e-01, 8.519557607715e-06, 0.0000e+00, 0.0000e+00, 
 2DIAGNOSTIC,    19, -7.542134008088e-01, 6.312344286372e-06, 0.0000e+00, 0.0000e+00, 
 2DIAGNOSTIC,    20, -7.542056753592e-01, 3.750850572810e-06, 0.0000e+00, 0.0000e+00, 
 2DIAGNOSTIC,    21, -7.542006309950e-01, 1.303650337160e-06, 0.0000e+00, 0.0000e+00, 
DIAGNOSTIC,Iteration,metricValue,convergenceValue,ITERATION_TIME_INDEX,SINCE_LAST
 2DIAGNOSTIC,     1, -6.417924806341e-01, 1.797693134862e+308, 0.0000e+00, 0.0000e+00, 
 2DIAGNOSTIC,     2, -6.421704817387e-01, 1.797693134862e+308, 0.0000e+00, 0.0000e+00, 
 2DIAGNOSTIC,     3, -6.426023126931e-01, 1.797693134862e+308, 0.0000e+00, 0.0000e+00, 
 2DIAGNOSTIC,     4, -6.430754595609e-01, 1.797693134862e+308, 0.0000e+00, 0.0000e+00, 
 2DIAGNOSTIC,     5, -6.439634073224e-01, 1.797693134862e+308, 0.0000e+00, 0.0000e+00, 
 2DIAGNOSTIC,     6, -6.451281302577e-01, 1.797693134862e+308, 0.0000e+00, 0.0000e+00, 
 2DIAGNOSTIC,     7, -6.451481477401e-01, 1.797693134862e+308, 0.0000e+00, 0.0000e+00, 
 2DIAGNOSTIC,     8, -6.451465358024e-01, 1.797693134862e+308, 0.0000e+00, 0.0000e+00, 
 2DIAGNOSTIC,     9, -6.451458436811e-01, 1.797693134862e+308, 0.0000e+00, 0.0000e+00, 
 2DIAGNOSTIC,    10, -6.451457706848e-01, 3.959549577717e-04, 0.0000e+00, 0.0000e+00, 
 2DIAGNOSTIC,    11, -6.451432405032e-01, 2.919013892553e-04, 0.0000e+00, 0.0000e+00, 
 2DIAGNOSTIC,    12, -6.451422842388e-01, 1.932871907395e-04, 0.0000e+00, 0.0000e+00, 
 2DIAGNOSTIC,    13, -6.451417486558e-01, 1.078386416904e-04, 0.0000e+00, 0.0000e+00, 
 2DIAGNOSTIC,    14, -6.451416738938e-01, 3.959811880110e-05, 0.0000e+00, 0.0000e+00, 
 2DIAGNOSTIC,    15, -6.451384478681e-01, 2.100708598615e-06, 0.0000e+00, 0.0000e+00, 
 2DIAGNOSTIC,    16, -6.451379418683e-01, 1.377811583589e-06, 0.0000e+00, 0.0000e+00, 
 2DIAGNOSTIC,    17, -6.451364630139e-01, 1.278425489214e-06, 0.0000e+00, 0.0000e+00, 
 2DIAGNOSTIC,    18, -6.451369819011e-01, 1.217650299291e-06, 0.0000e+00, 0.0000e+00, 
 2DIAGNOSTIC,    19, -6.451346540429e-01, 1.142693205655e-06, 0.0000e+00, 0.0000e+00, 
 2DIAGNOSTIC,    20, -6.451342163997e-01, 1.117017179544e-06, 0.0000e+00, 0.0000e+00, 
 2DIAGNOSTIC,    21, -6.451366891765e-01, 1.137661964919e-06, 0.0000e+00, 0.0000e+00, 
 2DIAGNOSTIC,    22, -6.451382716631e-01, 1.201780194533e-06, 0.0000e+00, 0.0000e+00, 
 2DIAGNOSTIC,    23, -6.451394196776e-01, 1.293841218351e-06, 0.0000e+00, 0.0000e+00, 
 2DIAGNOSTIC,    24, -6.451423593137e-01, 1.441681639278e-06, 0.0000e+00, 0.0000e+00, 
 2DIAGNOSTIC,    25, -6.451435064806e-01, 1.529648062888e-06, 0.0000e+00, 0.0000e+00, 
 2DIAGNOSTIC,    26, -6.451430015844e-01, 1.569376543151e-06, 0.0000e+00, 0.0000e+00, 
 2DIAGNOSTIC,    27, -6.451423233951e-01, 1.538225717433e-06, 0.0000e+00, 0.0000e+00, 
 2DIAGNOSTIC,    28, -6.451415733620e-01, 1.473326828982e-06, 0.0000e+00, 0.0000e+00, 
 2DIAGNOSTIC,    29, -6.451406257713e-01, 1.331581760265e-06, 0.0000e+00, 0.0000e+00, 
 2DIAGNOSTIC,    30, -6.451385662000e-01, 1.139688440503e-06, 0.0000e+00, 0.0000e+00, 
DIAGNOSTIC,Iteration,metricValue,convergenceValue,ITERATION_TIME_INDEX,SINCE_LAST
 2DIAGNOSTIC,     1, -5.764944244960e-01, 1.797693134862e+308, 0.0000e+00, 0.0000e+00, 
 2DIAGNOSTIC,     2, -5.769031793594e-01, 1.797693134862e+308, 0.0000e+00, 0.0000e+00, 
 2DIAGNOSTIC,     3, -5.773752809576e-01, 1.797693134862e+308, 0.0000e+00, 0.0000e+00, 
 2DIAGNOSTIC,     4, -5.779089756253e-01, 1.797693134862e+308, 0.0000e+00, 0.0000e+00, 
 2DIAGNOSTIC,     5, -5.786381940333e-01, 1.797693134862e+308, 0.0000e+00, 0.0000e+00, 
 2DIAGNOSTIC,     6, -5.792540855985e-01, 1.797693134862e+308, 0.0000e+00, 0.0000e+00, 
 2DIAGNOSTIC,     7, -5.792537911318e-01, 1.797693134862e+308, 0.0000e+00, 0.0000e+00, 
 2DIAGNOSTIC,     8, -5.792535447609e-01, 1.797693134862e+308, 0.0000e+00, 0.0000e+00, 
 2DIAGNOSTIC,     9, -5.792534687530e-01, 1.797693134862e+308, 0.0000e+00, 0.0000e+00, 
 2DIAGNOSTIC,    10, -5.792534440256e-01, 3.403175110818e-04, 0.0000e+00, 0.0000e+00, 
 2DIAGNOSTIC,    11, -5.792536356612e-01, 2.361662950862e-04, 0.0000e+00, 0.0000e+00, 
 2DIAGNOSTIC,    12, -5.792534143822e-01, 1.453091659787e-04, 0.0000e+00, 0.0000e+00, 
 2DIAGNOSTIC,    13, -5.792534871512e-01, 7.354366168805e-05, 0.0000e+00, 0.0000e+00, 
 2DIAGNOSTIC,    14, -5.792535409097e-01, 2.383818886084e-05, 0.0000e+00, 0.0000e+00, 
 2DIAGNOSTIC,    15, -5.792538132500e-01, 2.105937505339e-06, 0.0000e+00, 0.0000e+00, 
 2DIAGNOSTIC,    16, -5.792537896756e-01, 1.998511460682e-06, 0.0000e+00, 0.0000e+00, 
 2DIAGNOSTIC,    17, -5.792538945854e-01, 1.897888556021e-06, 0.0000e+00, 0.0000e+00, 
 2DIAGNOSTIC,    18, -5.792536794128e-01, 1.793728363272e-06, 0.0000e+00, 0.0000e+00, 
 2DIAGNOSTIC,    19, -5.792535946077e-01, 1.694200799811e-06, 0.0000e+00, 0.0000e+00, 
 2DIAGNOSTIC,    20, -5.792534620683e-01, 1.598813272351e-06, 0.0000e+00, 0.0000e+00, 
 2DIAGNOSTIC,    21, -5.792532902478e-01, 1.512488243344e-06, 0.0000e+00, 0.0000e+00, 
 2DIAGNOSTIC,    22, -5.792531103122e-01, 1.425488081047e-06, 0.0000e+00, 0.0000e+00, 
 2DIAGNOSTIC,    23, -5.792531553788e-01, 1.350721311501e-06, 0.0000e+00, 0.0000e+00, 
 2DIAGNOSTIC,    24, -5.792531830194e-01, 1.286785546235e-06, 0.0000e+00, 0.0000e+00, 
 2DIAGNOSTIC,    25, -5.792529031031e-01, 1.231512771899e-06, 0.0000e+00, 0.0000e+00, 
 2DIAGNOSTIC,    26, -5.792531142021e-01, 1.188086360002e-06, 0.0000e+00, 0.0000e+00, 
 2DIAGNOSTIC,    27, -5.792528751561e-01, 1.148810629216e-06, 0.0000e+00, 0.0000e+00, 
 2DIAGNOSTIC,    28, -5.792528246899e-01, 1.110576324452e-06, 0.0000e+00, 0.0000e+00, 
 2DIAGNOSTIC,    29, -5.792531393841e-01, 1.081373172666e-06, 0.0000e+00, 0.0000e+00, 
 2DIAGNOSTIC,    30, -5.792530454389e-01, 1.051847216549e-06, 0.0000e+00, 0.0000e+00, 
 2DIAGNOSTIC,    31, -5.792531802370e-01, 1.024670390169e-06, 0.0000e+00, 0.0000e+00, 
  Elapsed time (stage 0): 0.0000e+00


Total elapsed time: 0.0000e+00
Info [verificarlo]: loaded backend libinterflop_vprec.so
Info [interflop-vprec]: load backend with: 
Info [interflop-vprec]: precision-binary32 = 20
Info [interflop-vprec]: range-binary32 = 8
Info [interflop-vprec]: precision-binary64 = 20
Info [interflop-vprec]: range-binary64 = 8
Info [interflop-vprec]: mode = ob
Info [interflop-vprec]: error-mode = rel
Info [interflop-vprec]: max-abs-error-exponent = -1022
Info [interflop-vprec]: daz = false
Info [interflop-vprec]: ftz = false
Info [interflop-vprec]: 	instrument = none
Info [interflop-vprec]: 	prec-input-file = (null)
Info [interflop-vprec]: 	prec-output-file = (null)
Info [interflop-vprec]: 	prec-log-file = (null)
All_Command_lines_OK
Using double precision for computations.
=============================================================================
The composite transform comprises the following transforms (in order): 
  1. /home/mdugre/scratch/mri-registration-rp/datasets/ds004513/derivatives/mri-registration-rp/0111/antsRegistration-r8-p20/sub-s025/affine_Composite.h5[0] (type = Euler3DTransform)
  2. /home/mdugre/scratch/mri-registration-rp/datasets/ds004513/derivatives/mri-registration-rp/0111/antsRegistration-r8-p20/sub-s025/affine_Composite.h5[1] (type = Euler3DTransform)
  3. /home/mdugre/scratch/mri-registration-rp/datasets/ds004513/derivatives/mri-registration-rp/0111/antsRegistration-r8-p20/sub-s025/affine_Composite.h5[2] (type = Euler3DTransform)
  4. /home/mdugre/scratch/mri-registration-rp/datasets/ds004513/derivatives/mri-registration-rp/0111/antsRegistration-r8-p20/sub-s025/affine_Composite.h5[3] (type = AffineTransform)
=============================================================================
  number of levels = 4
  fixed image: /templateflow/tpl-MNI152NLin2009cAsym/tpl-MNI152NLin2009cAsym_res-01_desc-brain_T1w.nii.gz
  moving image: /home/mdugre/scratch/mri-registration-rp/datasets/ds004513/derivatives/mri-registration-rp/antsBrainExtraction/sub-s025/BrainExtractionBrain.nii.gz
Dimension = 3
Number of stages = 1
Use histogram matching = false
Winsorize image intensities = true
  Lower quantile = 0.005
  Upper quantile = 0.995


Stage 1 State
   Image metric = CC
     Fixed image = Image (0x461c6f0)
  RTTI typeinfo:   itk::Image<double, 3u>
  Reference Count: 2
  Modified Time: 1608
  Debug: Off
  Object Name: 
  Observers: 
    none
  Source: (none)
  Source output name: (none)
  Release Data: Off
  Data Released: False
  Global Release Data: Off
  PipelineMTime: 0
  UpdateMTime: 1217
  RealTimeStamp: 0 seconds 
  LargestPossibleRegion: 
    Dimension: 3
    Index: [0, 0, 0]
    Size: [193, 229, 193]
  BufferedRegion: 
    Dimension: 3
    Index: [0, 0, 0]
    Size: [193, 229, 193]
  RequestedRegion: 
    Dimension: 3
    Index: [0, 0, 0]
    Size: [193, 229, 193]
  Spacing: [1, 1, 1]
  Origin: [96, 132, -78]
  Direction: 
-1 0 0
0 -1 0
0 0 1

  IndexToPointMatrix: 
-1 0 0
0 -1 0
0 0 1

  PointToIndexMatrix: 
-1 0 0
0 -1 0
0 0 1

  Inverse Direction: 
-1 0 0
0 -1 0
0 0 1

  PixelContainer: 
    ImportImageContainer (0x46ea860)
      RTTI typeinfo:   itk::ImportImageContainer<unsigned long, double>
      Reference Count: 1
      Modified Time: 1214
      Debug: Off
      Object Name: 
      Observers: 
        none
      Pointer: 0x15459d31c010
      Container manages memory: true
      Size: 8530021
      Capacity: 8530021

     Moving image = Image (0x46d7ec0)
  RTTI typeinfo:   itk::Image<double, 3u>
  Reference Count: 2
  Modified Time: 1609
  Debug: Off
  Object Name: 
  Observers: 
    none
  Source: (none)
  Source output name: (none)
  Release Data: Off
  Data Released: False
  Global Release Data: Off
  PipelineMTime: 0
  UpdateMTime: 1606
  RealTimeStamp: 0 seconds 
  LargestPossibleRegion: 
    Dimension: 3
    Index: [0, 0, 0]
    Size: [176, 240, 256]
  BufferedRegion: 
    Dimension: 3
    Index: [0, 0, 0]
    Size: [176, 240, 256]
  RequestedRegion: 
    Dimension: 3
    Index: [0, 0, 0]
    Size: [176, 240, 256]
  Spacing: [0.999999, 1, 1]
  Origin: [90.3777, 84.5091, -154.071]
  Direction: 
-0.999391 7.48185e-06 -0.0348969
-7.47664e-06 -1 -2.7953e-07
-0.0348969 -1.84481e-08 0.999391

  IndexToPointMatrix: 
-0.999389 7.48185e-06 -0.0348969
-7.47663e-06 -1 -2.7953e-07
-0.0348968 -1.84481e-08 0.999391

  PointToIndexMatrix: 
-0.999393 -7.47666e-06 -0.0348969
7.47664e-06 -1 1.30443e-07
-0.0348969 -1.30502e-07 0.999391

  Inverse Direction: 
-0.999391 -7.47664e-06 -0.0348969
7.47664e-06 -1 1.30495e-07
-0.0348969 -1.30495e-07 0.999391

  PixelContainer: 
    ImportImageContainer (0x4645af0)
      RTTI typeinfo:   itk::ImportImageContainer<unsigned long, double>
      Reference Count: 1
      Modified Time: 1603
      Debug: Off
      Object Name: 
      Observers: 
        none
      Pointer: 0x15459809b010
      Container manages memory: true
      Size: 10813440
      Capacity: 10813440

     Weighting = 1
     Sampling strategy = none
     Number of bins = 32
     Radius = 4
     Sampling percentage  = 1
   Transform = SyN
     Gradient step = 0.1
     Update field sigma (voxel space) = 3
     Total field sigma (voxel space) = 0
     Update field time sigma = 0
     Total field time sigma  = 0
     Number of time indices = 0
     Number of time point samples = 0
Registration using 1 total stages.

Stage 0
  iterations = 100x70x50x20
  convergence threshold = 1e-06
  convergence window size = 10
  number of levels = 4
  using the CC metric (radius = 4, weight = 1, use gradient filter = 0)
  preprocessing:  winsorizing the image intensities
  Shrink factors (level 1 out of 4): [8, 8, 8]
  Shrink factors (level 2 out of 4): [4, 4, 4]
  Shrink factors (level 3 out of 4): [2, 2, 2]
  Shrink factors (level 4 out of 4): [1, 1, 1]
  smoothing sigmas per level: [3, 2, 1, 0]
  Using default NONE metricSamplingStrategy 

*** Running SyN registration (varianceForUpdateField = 3, varianceForTotalField = 0) ***

XXDIAGNOSTIC,Iteration,metricValue,convergenceValue,ITERATION_TIME_INDEX,SINCE_LAST
 1DIAGNOSTIC,     1, -9.079885482788e-01, 1.797693134862e+308, 0.0000e+00, 0.0000e+00, 
 1DIAGNOSTIC,     2, -9.175643920898e-01, 1.797693134862e+308, 0.0000e+00, 0.0000e+00, 
 1DIAGNOSTIC,     3, -9.260149002075e-01, 1.797693134862e+308, 0.0000e+00, 0.0000e+00, 
 1DIAGNOSTIC,     4, -9.322566986084e-01, 1.797693134862e+308, 0.0000e+00, 0.0000e+00, 
 1DIAGNOSTIC,     5, -9.368491172791e-01, 1.797693134862e+308, 0.0000e+00, 0.0000e+00, 
 1DIAGNOSTIC,     6, -9.402766227722e-01, 1.797693134862e+308, 0.0000e+00, 0.0000e+00, 
 1DIAGNOSTIC,     7, -9.435548782349e-01, 1.797693134862e+308, 0.0000e+00, 0.0000e+00, 
 1DIAGNOSTIC,     8, -9.470820426941e-01, 1.797693134862e+308, 0.0000e+00, 0.0000e+00, 
 1DIAGNOSTIC,     9, -9.504151344299e-01, 1.797693134862e+308, 0.0000e+00, 0.0000e+00, 
 1DIAGNOSTIC,    10, -9.533290863037e-01, 2.879249307990e-03, 0.0000e+00, 0.0000e+00, 
 1DIAGNOSTIC,    11, -9.561471939087e-01, 2.222032085011e-03, 0.0000e+00, 0.0000e+00, 
 1DIAGNOSTIC,    12, -9.586744308472e-01, 1.778437974850e-03, 0.0000e+00, 0.0000e+00, 
 1DIAGNOSTIC,    13, -9.609155654907e-01, 1.489204467352e-03, 0.0000e+00, 0.0000e+00, 
 1DIAGNOSTIC,    14, -9.628324508667e-01, 1.280597030672e-03, 0.0000e+00, 0.0000e+00, 
 1DIAGNOSTIC,    15, -9.641418457031e-01, 1.101007803946e-03, 0.0000e+00, 0.0000e+00, 
 1DIAGNOSTIC,    16, -9.651718139648e-01, 9.265912858346e-04, 0.0000e+00, 0.0000e+00, 
 1DIAGNOSTIC,    17, -9.651722908020e-01, 7.449950474955e-04, 0.0000e+00, 0.0000e+00, 
 1DIAGNOSTIC,    18, -9.651069641113e-01, 5.724911054300e-04, 0.0000e+00, 0.0000e+00, 
 1DIAGNOSTIC,    19, -9.652490615845e-01, 4.198870659413e-04, 0.0000e+00, 0.0000e+00, 
 1DIAGNOSTIC,    20, -9.652390480042e-01, 2.866761643721e-04, 0.0000e+00, 0.0000e+00, 
 1DIAGNOSTIC,    21, -9.653787612915e-01, 1.814533672133e-04, 0.0000e+00, 0.0000e+00, 
 1DIAGNOSTIC,    22, -9.653148651123e-01, 1.022899618743e-04, 0.0000e+00, 0.0000e+00, 
 1DIAGNOSTIC,    23, -9.654369354248e-01, 5.114144579911e-05, 0.0000e+00, 0.0000e+00, 
 1DIAGNOSTIC,    24, -9.654269218445e-01, 2.301536539971e-05, 0.0000e+00, 0.0000e+00, 
 1DIAGNOSTIC,    25, -9.654927253723e-01, 1.118336351894e-05, 0.0000e+00, 0.0000e+00, 
 1DIAGNOSTIC,    26, -9.654664993286e-01, 1.085081446688e-05, 0.0000e+00, 0.0000e+00, 
 1DIAGNOSTIC,    27, -9.655022621155e-01, 1.009248117359e-05, 0.0000e+00, 0.0000e+00, 
 1DIAGNOSTIC,    28, -9.654707908630e-01, 7.477719783280e-06, 0.0000e+00, 0.0000e+00, 
 1DIAGNOSTIC,    29, -9.655084609985e-01, 6.307610483515e-06, 0.0000e+00, 0.0000e+00, 
 1DIAGNOSTIC,    30, -9.654593467712e-01, 4.092392167643e-06, 0.0000e+00, 0.0000e+00, 
 1DIAGNOSTIC,    31, -9.655146598816e-01, 3.651865520357e-06, 0.0000e+00, 0.0000e+00, 
 1DIAGNOSTIC,    32, -9.654417037964e-01, 1.677437858637e-06, 0.0000e+00, 0.0000e+00, 
 1DIAGNOSTIC,    33, -9.655103683472e-01, 1.504876190134e-06, 0.0000e+00, 0.0000e+00, 
 1DIAGNOSTIC,    34, -9.654192924500e-01, 3.741706954274e-07, 0.0000e+00, 0.0000e+00, 
XXDIAGNOSTIC,Iteration,metricValue,convergenceValue,ITERATION_TIME_INDEX,SINCE_LAST
 1DIAGNOSTIC,     1, -9.016447067261e-01, 1.797693134862e+308, 1.0240e+03, 1.0240e+03, 
 1DIAGNOSTIC,     2, -9.044408798218e-01, 1.797693134862e+308, 1.0240e+03, 0.0000e+00, 
 1DIAGNOSTIC,     3, -9.090380668640e-01, 1.797693134862e+308, 1.0240e+03, 0.0000e+00, 
 1DIAGNOSTIC,     4, -9.124488830566e-01, 1.797693134862e+308, 1.0240e+03, 0.0000e+00, 
 1DIAGNOSTIC,     5, -9.153203964233e-01, 1.797693134862e+308, 1.0240e+03, 0.0000e+00, 
 1DIAGNOSTIC,     6, -9.178104400635e-01, 1.797693134862e+308, 1.0240e+03, 0.0000e+00, 
 1DIAGNOSTIC,     7, -9.200444221497e-01, 1.797693134862e+308, 1.0240e+03, 0.0000e+00, 
 1DIAGNOSTIC,     8, -9.220895767212e-01, 1.797693134862e+308, 1.0240e+03, 0.0000e+00, 
 1DIAGNOSTIC,     9, -9.240264892578e-01, 1.797693134862e+308, 1.0240e+03, 0.0000e+00, 
 1DIAGNOSTIC,    10, -9.259147644043e-01, 1.695536681064e-03, 1.0240e+03, 0.0000e+00, 
 1DIAGNOSTIC,    11, -9.273934364319e-01, 1.394436214400e-03, 1.0240e+03, 0.0000e+00, 
 1DIAGNOSTIC,    12, -9.288840293884e-01, 1.127719611794e-03, 1.0240e+03, 0.0000e+00, 
 1DIAGNOSTIC,    13, -9.299192428589e-01, 9.334454751000e-04, 1.0240e+03, 0.0000e+00, 
 1DIAGNOSTIC,    14, -9.310398101807e-01, 7.816477763947e-04, 1.0240e+03, 0.0000e+00, 
 1DIAGNOSTIC,    15, -9.316205978394e-01, 6.492559928593e-04, 1.0240e+03, 0.0000e+00, 
 1DIAGNOSTIC,    16, -9.325308799744e-01, 5.392601605880e-04, 1.0240e+03, 0.0000e+00, 
 1DIAGNOSTIC,    17, -9.330954551697e-01, 4.429649135981e-04, 1.0240e+03, 0.0000e+00, 
 1DIAGNOSTIC,    18, -9.334774017334e-01, 3.577797304963e-04, 1.0240e+03, 0.0000e+00, 
 1DIAGNOSTIC,    19, -9.338483810425e-01, 2.856731769607e-04, 1.0240e+03, 0.0000e+00, 
 1DIAGNOSTIC,    20, -9.342103004456e-01, 2.287738017668e-04, 1.0240e+03, 0.0000e+00, 
 1DIAGNOSTIC,    21, -9.345421791077e-01, 1.822617743650e-04, 1.0240e+03, 0.0000e+00, 
 1DIAGNOSTIC,    22, -9.348468780518e-01, 1.479623294282e-04, 1.0240e+03, 0.0000e+00, 
 1DIAGNOSTIC,    23, -9.351186752319e-01, 1.201826231061e-04, 1.0240e+03, 0.0000e+00, 
 1DIAGNOSTIC,    24, -9.353585243225e-01, 1.009671821975e-04, 1.0240e+03, 0.0000e+00, 
 1DIAGNOSTIC,    25, -9.355754852295e-01, 8.349819597289e-05, 1.0240e+03, 0.0000e+00, 
 1DIAGNOSTIC,    26, -9.357633590698e-01, 7.247032132123e-05, 1.0240e+03, 0.0000e+00, 
 1DIAGNOSTIC,    27, -9.359202384949e-01, 6.367878706673e-05, 1.0240e+03, 0.0000e+00, 
 1DIAGNOSTIC,    28, -9.360637664795e-01, 5.531606996974e-05, 1.0240e+03, 0.0000e+00, 
 1DIAGNOSTIC,    29, -9.361882209778e-01, 4.758994862317e-05, 1.0240e+03, 0.0000e+00, 
 1DIAGNOSTIC,    30, -9.362945556641e-01, 4.071197544465e-05, 1.0240e+03, 0.0000e+00, 
 1DIAGNOSTIC,    31, -9.363894462585e-01, 3.469498909835e-05, 1.0240e+03, 0.0000e+00, 
 1DIAGNOSTIC,    32, -9.364728927612e-01, 2.953879117263e-05, 1.0240e+03, 0.0000e+00, 
 1DIAGNOSTIC,    33, -9.365463256836e-01, 2.515593381736e-05, 1.0240e+03, 0.0000e+00, 
 1DIAGNOSTIC,    34, -9.366116523743e-01, 2.144915484480e-05, 1.0240e+03, 0.0000e+00, 
 1DIAGNOSTIC,    35, -9.366693496704e-01, 1.837961137465e-05, 1.0240e+03, 0.0000e+00, 
 1DIAGNOSTIC,    36, -9.367189407349e-01, 1.581656050620e-05, 1.0240e+03, 0.0000e+00, 
 1DIAGNOSTIC,    37, -9.367661476135e-01, 1.363873526588e-05, 1.0240e+03, 0.0000e+00, 
 1DIAGNOSTIC,    38, -9.368076324463e-01, 1.183020283209e-05, 1.0240e+03, 0.0000e+00, 
 1DIAGNOSTIC,    39, -9.368467330933e-01, 1.033513435720e-05, 1.0240e+03, 0.0000e+00, 
 1DIAGNOSTIC,    40, -9.368677139282e-01, 8.967681019673e-06, 1.0240e+03, 0.0000e+00, 
 1DIAGNOSTIC,    41, -9.369010925293e-01, 7.835987667949e-06, 1.0240e+03, 0.0000e+00, 
 1DIAGNOSTIC,    42, -9.369335174561e-01, 6.916598638915e-06, 1.0240e+03, 0.0000e+00, 
 1DIAGNOSTIC,    43, -9.369645118713e-01, 6.183191515113e-06, 1.0240e+03, 0.0000e+00, 
 1DIAGNOSTIC,    44, -9.369921684265e-01, 5.601246388910e-06, 1.0240e+03, 0.0000e+00, 
 1DIAGNOSTIC,    45, -9.370203018188e-01, 5.157164035225e-06, 1.0240e+03, 0.0000e+00, 
 1DIAGNOSTIC,    46, -9.370455741882e-01, 4.797901512050e-06, 1.0240e+03, 0.0000e+00, 
 1DIAGNOSTIC,    47, -9.370694160461e-01, 4.515826415429e-06, 1.0240e+03, 0.0000e+00, 
 1DIAGNOSTIC,    48, -9.370932579041e-01, 4.287542579647e-06, 1.0240e+03, 0.0000e+00, 
 1DIAGNOSTIC,    49, -9.371161460876e-01, 4.105790360191e-06, 1.0240e+03, 0.0000e+00, 
 1DIAGNOSTIC,    50, -9.371366500854e-01, 3.849320698624e-06, 1.0240e+03, 0.0000e+00, 
 1DIAGNOSTIC,    51, -9.371581077576e-01, 3.619498797600e-06, 1.0240e+03, 0.0000e+00, 
 1DIAGNOSTIC,    52, -9.371733665466e-01, 3.387407113423e-06, 1.0240e+03, 0.0000e+00, 
 1DIAGNOSTIC,    53, -9.371924400330e-01, 3.183680395931e-06, 1.0240e+03, 0.0000e+00, 
 1DIAGNOSTIC,    54, -9.372100830078e-01, 2.991969502597e-06, 1.0240e+03, 0.0000e+00, 
 1DIAGNOSTIC,    55, -9.372258186340e-01, 2.816901522446e-06, 1.0240e+03, 0.0000e+00, 
 1DIAGNOSTIC,    56, -9.372406005859e-01, 2.649135093461e-06, 1.0240e+03, 0.0000e+00, 
 1DIAGNOSTIC,    57, -9.372553825378e-01, 2.491982451776e-06, 1.0240e+03, 0.0000e+00, 
 1DIAGNOSTIC,    58, -9.372692108154e-01, 2.350155093388e-06, 1.0240e+03, 0.0000e+00, 
 1DIAGNOSTIC,    59, -9.372825622559e-01, 2.224998815335e-06, 1.0240e+03, 0.0000e+00, 
 1DIAGNOSTIC,    60, -9.372944831848e-01, 2.104495789509e-06, 1.0240e+03, 0.0000e+00, 
 1DIAGNOSTIC,    61, -9.373059272766e-01, 2.000021704557e-06, 1.0240e+03, 0.0000e+00, 
 1DIAGNOSTIC,    62, -9.373097419739e-01, 1.848733314609e-06, 1.0240e+03, 0.0000e+00, 
 1DIAGNOSTIC,    63, -9.373202323914e-01, 1.716076998486e-06, 1.0240e+03, 0.0000e+00, 
 1DIAGNOSTIC,    64, -9.373292922974e-01, 1.596386770889e-06, 1.0240e+03, 0.0000e+00, 
 1DIAGNOSTIC,    65, -9.373378753662e-01, 1.486985837105e-06, 1.0240e+03, 0.0000e+00, 
 1DIAGNOSTIC,    66, -9.373455047607e-01, 1.387350580626e-06, 1.0240e+03, 0.0000e+00, 
 1DIAGNOSTIC,    67, -9.373531341553e-01, 1.304922975887e-06, 1.0240e+03, 0.0000e+00, 
 1DIAGNOSTIC,    68, -9.373607635498e-01, 1.240117035773e-06, 1.0240e+03, 0.0000e+00, 
 1DIAGNOSTIC,    69, -9.373679161072e-01, 1.191881941233e-06, 1.0240e+03, 0.0000e+00, 
 1DIAGNOSTIC,    70, -9.373760223389e-01, 1.160604917717e-06, 1.0240e+03, 0.0000e+00, 
XXDIAGNOSTIC,Iteration,metricValue,convergenceValue,ITERATION_TIME_INDEX,SINCE_LAST
 1DIAGNOSTIC,     1, -8.894248008728e-01, 1.797693134862e+308, 1.0240e+03, 0.0000e+00, 
 1DIAGNOSTIC,     2, -8.916983604431e-01, 1.797693134862e+308, 1.0240e+03, 0.0000e+00, 
 1DIAGNOSTIC,     3, -8.945150375366e-01, 1.797693134862e+308, 1.0240e+03, 0.0000e+00, 
 1DIAGNOSTIC,     4, -8.973722457886e-01, 1.797693134862e+308, 1.0240e+03, 0.0000e+00, 
 1DIAGNOSTIC,     5, -8.997960090637e-01, 1.797693134862e+308, 1.0240e+03, 0.0000e+00, 
 1DIAGNOSTIC,     6, -9.021501541138e-01, 1.797693134862e+308, 1.0240e+03, 0.0000e+00, 
 1DIAGNOSTIC,     7, -9.041786193848e-01, 1.797693134862e+308, 1.0240e+03, 0.0000e+00, 
 1DIAGNOSTIC,     8, -9.060406684875e-01, 1.797693134862e+308, 2.0480e+03, 1.0240e+03, 
 1DIAGNOSTIC,     9, -9.077105522156e-01, 1.797693134862e+308, 2.0480e+03, 0.0000e+00, 
 1DIAGNOSTIC,    10, -9.092130661011e-01, 1.437647166369e-03, 2.0480e+03, 0.0000e+00, 
 1DIAGNOSTIC,    11, -9.104447364807e-01, 1.209854969349e-03, 2.0480e+03, 0.0000e+00, 
 1DIAGNOSTIC,    12, -9.115672111511e-01, 1.000107344890e-03, 2.0480e+03, 0.0000e+00, 
 1DIAGNOSTIC,    13, -9.126071929932e-01, 8.250137185195e-04, 2.0480e+03, 0.0000e+00, 
 1DIAGNOSTIC,    14, -9.137248992920e-01, 6.887692035001e-04, 2.0480e+03, 0.0000e+00, 
 1DIAGNOSTIC,    15, -9.144816398621e-01, 5.738150575133e-04, 2.0480e+03, 0.0000e+00, 
 1DIAGNOSTIC,    16, -9.150857925415e-01, 4.784454106732e-04, 2.0480e+03, 0.0000e+00, 
 1DIAGNOSTIC,    17, -9.155554771423e-01, 3.962033500970e-04, 2.0480e+03, 0.0000e+00, 
 1DIAGNOSTIC,    18, -9.159226417542e-01, 3.251104178078e-04, 2.0480e+03, 0.0000e+00, 
 1DIAGNOSTIC,    19, -9.162225723267e-01, 2.636208991936e-04, 2.0480e+03, 0.0000e+00, 
 1DIAGNOSTIC,    20, -9.164671897888e-01, 2.110568365516e-04, 2.0480e+03, 0.0000e+00, 
 1DIAGNOSTIC,    21, -9.166750907898e-01, 1.653052820867e-04, 2.0480e+03, 0.0000e+00, 
 1DIAGNOSTIC,    22, -9.168562889099e-01, 1.268183331724e-04, 2.0480e+03, 0.0000e+00, 
 1DIAGNOSTIC,    23, -9.170188903809e-01, 9.605824311181e-05, 3.0720e+03, 1.0240e+03, 
 1DIAGNOSTIC,    24, -9.171681404114e-01, 7.535056641928e-05, 3.0720e+03, 0.0000e+00, 
 1DIAGNOSTIC,    25, -9.173140525818e-01, 6.051477592571e-05, 3.0720e+03, 0.0000e+00, 
 1DIAGNOSTIC,    26, -9.174575805664e-01, 5.013918233153e-05, 3.0720e+03, 0.0000e+00, 
 1DIAGNOSTIC,    27, -9.175958633423e-01, 4.288327390372e-05, 3.0720e+03, 0.0000e+00, 
 1DIAGNOSTIC,    28, -9.177346229553e-01, 3.779292923285e-05, 3.0720e+03, 0.0000e+00, 
 1DIAGNOSTIC,    29, -9.178729057312e-01, 3.425792875943e-05, 3.0720e+03, 0.0000e+00, 
 1DIAGNOSTIC,    30, -9.180169105530e-01, 3.182053055002e-05, 3.0720e+03, 0.0000e+00, 
 1DIAGNOSTIC,    31, -9.181604385376e-01, 3.012344003287e-05, 3.0720e+03, 0.0000e+00, 
 1DIAGNOSTIC,    32, -9.183025360107e-01, 2.889000772111e-05, 3.0720e+03, 0.0000e+00, 
 1DIAGNOSTIC,    33, -9.184408187866e-01, 2.789719276637e-05, 3.0720e+03, 0.0000e+00, 
 1DIAGNOSTIC,    34, -9.185795783997e-01, 2.701650963789e-05, 3.0720e+03, 0.0000e+00, 
 1DIAGNOSTIC,    35, -9.187164306641e-01, 2.619524671147e-05, 3.0720e+03, 0.0000e+00, 
 1DIAGNOSTIC,    36, -9.188489913940e-01, 2.537597812620e-05, 3.0720e+03, 0.0000e+00, 
 1DIAGNOSTIC,    37, -9.189777374268e-01, 2.449232748424e-05, 3.0720e+03, 0.0000e+00, 
 1DIAGNOSTIC,    38, -9.191017150879e-01, 2.353398887932e-05, 3.0720e+03, 0.0000e+00, 
 1DIAGNOSTIC,    39, -9.192261695862e-01, 2.253494173070e-05, 4.0960e+03, 1.0240e+03, 
 1DIAGNOSTIC,    40, -9.193406105042e-01, 2.150098912198e-05, 4.0960e+03, 0.0000e+00, 
 1DIAGNOSTIC,    41, -9.194540977478e-01, 2.047072708885e-05, 4.0960e+03, 0.0000e+00, 
 1DIAGNOSTIC,    42, -9.195623397827e-01, 1.944307947248e-05, 4.0960e+03, 0.0000e+00, 
 1DIAGNOSTIC,    43, -9.196619987488e-01, 1.837913916821e-05, 4.0960e+03, 0.0000e+00, 
 1DIAGNOSTIC,    44, -9.197559356689e-01, 1.730357920307e-05, 4.0960e+03, 0.0000e+00, 
 1DIAGNOSTIC,    45, -9.198470115662e-01, 1.624785113771e-05, 4.0960e+03, 0.0000e+00, 
 1DIAGNOSTIC,    46, -9.199347496033e-01, 1.522307044144e-05, 4.0960e+03, 0.0000e+00, 
 1DIAGNOSTIC,    47, -9.200148582458e-01, 1.421604475238e-05, 4.0960e+03, 0.0000e+00, 
 1DIAGNOSTIC,    48, -9.200911521912e-01, 1.323634694756e-05, 4.0960e+03, 0.0000e+00, 
 1DIAGNOSTIC,    49, -9.201622009277e-01, 1.231919278186e-05, 4.0960e+03, 0.0000e+00, 
 1DIAGNOSTIC,    50, -9.202289581299e-01, 1.143299151103e-05, 4.0960e+03, 0.0000e+00, 
XXDIAGNOSTIC,Iteration,metricValue,convergenceValue,ITERATION_TIME_INDEX,SINCE_LAST
 1DIAGNOSTIC,     1, -8.785781860352e-01, 1.797693134862e+308, 5.1200e+03, 1.0240e+03, 
 1DIAGNOSTIC,     2, -8.801226615906e-01, 1.797693134862e+308, 5.1200e+03, 0.0000e+00, 
 1DIAGNOSTIC,     3, -8.818979263306e-01, 1.797693134862e+308, 6.1440e+03, 1.0240e+03, 
 1DIAGNOSTIC,     4, -8.837375640869e-01, 1.797693134862e+308, 6.1440e+03, 0.0000e+00, 
 1DIAGNOSTIC,     5, -8.854389190674e-01, 1.797693134862e+308, 7.1680e+03, 1.0240e+03, 
 1DIAGNOSTIC,     6, -8.869695663452e-01, 1.797693134862e+308, 7.1680e+03, 0.0000e+00, 
 1DIAGNOSTIC,     7, -8.883547782898e-01, 1.797693134862e+308, 8.1920e+03, 1.0240e+03, 
 1DIAGNOSTIC,     8, -8.896403312683e-01, 1.797693134862e+308, 8.1920e+03, 0.0000e+00, 
 1DIAGNOSTIC,     9, -8.908514976501e-01, 1.797693134862e+308, 9.2160e+03, 1.0240e+03, 
 1DIAGNOSTIC,    10, -8.920202255249e-01, 9.869314166290e-04, 9.2160e+03, 0.0000e+00, 
 1DIAGNOSTIC,    11, -8.931446075439e-01, 8.496261945853e-04, 1.0240e+04, 1.0240e+03, 
 1DIAGNOSTIC,    12, -8.941307067871e-01, 7.261055513795e-04, 1.0240e+04, 0.0000e+00, 
 1DIAGNOSTIC,    13, -8.949508666992e-01, 6.194832622363e-04, 1.1264e+04, 1.0240e+03, 
 1DIAGNOSTIC,    14, -8.957133293152e-01, 5.309381900143e-04, 1.1264e+04, 0.0000e+00, 
 1DIAGNOSTIC,    15, -8.964390754700e-01, 4.571220862686e-04, 1.2288e+04, 1.0240e+03, 
 1DIAGNOSTIC,    16, -8.971328735352e-01, 3.947256709547e-04, 1.2288e+04, 0.0000e+00, 
 1DIAGNOSTIC,    17, -8.978009223938e-01, 3.416731858496e-04, 1.3312e+04, 1.0240e+03, 
 1DIAGNOSTIC,    18, -8.984417915344e-01, 2.969615748556e-04, 1.3312e+04, 0.0000e+00, 
 1DIAGNOSTIC,    19, -8.990392684937e-01, 2.596593628010e-04, 1.4336e+04, 1.0240e+03, 
 1DIAGNOSTIC,    20, -8.996095657349e-01, 2.295125933026e-04, 1.4336e+04, 0.0000e+00, 
  Elapsed time (stage 0): 14336


Total elapsed time: 14336
