
##########################
# Experiment information #
##########################

EXPERIMENT_NAME: antsRegistration-r8-p9
VFC_BACKENDS: libinterflop_vprec.so --range-binary32=8 --precision-binary32=9 --range-binary64=8 --precision-binary64=9

SIF_IMG: /home/mdugre/projects/rrg-glatard/mdugre/containers/ants-vprec-no_metrics.simg

SUBJECT_ID: s007
INPUT_IMG: /home/mdugre/scratch/mri-registration-rp/datasets/ds004513/derivatives/mri-registration-rp/antsBrainExtraction/sub-s007/BrainExtractionBrain.nii.gz
OUTPUT_DIR: /home/mdugre/scratch/mri-registration-rp/datasets/ds004513/derivatives/mri-registration-rp/0111/antsRegistration-r8-p9/sub-s007

FIXED_IMG: /templateflow/tpl-MNI152NLin2009cAsym/tpl-MNI152NLin2009cAsym_res-01_desc-brain_T1w.nii.gz
DATA_DIR: /home/mdugre/scratch/mri-registration-rp/datasets/ds004513
TEMPLATEFLOW_DIR: /home/mdugre/projects/rrg-glatard/mdugre/templateflow
ITK_GLOBAL_DEFAULT_NUMBER_OF_THREADS: 16
##########################

Info [verificarlo]: loaded backend libinterflop_ieee.so
Info [interflop-ieee]: load backend with:
Info [interflop-ieee]: debug = false
Info [interflop-ieee]: debug-binary = false
Info [interflop-ieee]: no-backend-name = false
Info [interflop-ieee]: print-new-line = false
Info [interflop-ieee]: print-subnormal-normalized = false
Info [interflop-ieee]: count-op = false
All_Command_lines_OK
Using double precision for computations.
=============================================================================
The composite transform comprises the following transforms (in order): 
  1. Center of mass alignment using fixed image: /templateflow/tpl-MNI152NLin2009cAsym/tpl-MNI152NLin2009cAsym_res-01_desc-brain_T1w.nii.gz and moving image: /home/mdugre/scratch/mri-registration-rp/datasets/ds004513/derivatives/mri-registration-rp/antsBrainExtraction/sub-s007/BrainExtractionBrain.nii.gz (type = Euler3DTransform)
=============================================================================
  number of levels = 1
  fixed image: /templateflow/tpl-MNI152NLin2009cAsym/tpl-MNI152NLin2009cAsym_res-01_desc-brain_T1w.nii.gz
  moving image: /home/mdugre/scratch/mri-registration-rp/datasets/ds004513/derivatives/mri-registration-rp/antsBrainExtraction/sub-s007/BrainExtractionBrain.nii.gz
Dimension = 3
Number of stages = 1
Use histogram matching = false
Winsorize image intensities = true
  Lower quantile = 0.005
  Upper quantile = 0.995


Stage 1 State
   Image metric = MattesMI
     Fixed image = Image (0x4a55bd0)
  RTTI typeinfo:   itk::Image<double, 3u>
  Reference Count: 2
  Modified Time: 2334
  Debug: Off
  Object Name: 
  Observers: 
    none
  Source: (none)
  Source output name: (none)
  Release Data: Off
  Data Released: False
  Global Release Data: Off
  PipelineMTime: 0
  UpdateMTime: 1943
  RealTimeStamp: 0 seconds 
  LargestPossibleRegion: 
    Dimension: 3
    Index: [0, 0, 0]
    Size: [193, 229, 193]
  BufferedRegion: 
    Dimension: 3
    Index: [0, 0, 0]
    Size: [193, 229, 193]
  RequestedRegion: 
    Dimension: 3
    Index: [0, 0, 0]
    Size: [193, 229, 193]
  Spacing: [1, 1, 1]
  Origin: [96, 132, -78]
  Direction: 
-1 0 0
0 -1 0
0 0 1

  IndexToPointMatrix: 
-1 0 0
0 -1 0
0 0 1

  PointToIndexMatrix: 
-1 0 0
0 -1 0
0 0 1

  Inverse Direction: 
-1 0 0
0 -1 0
0 0 1

  PixelContainer: 
    ImportImageContainer (0x4aad930)
      RTTI typeinfo:   itk::ImportImageContainer<unsigned long, double>
      Reference Count: 1
      Modified Time: 1940
      Debug: Off
      Object Name: 
      Observers: 
        none
      Pointer: 0x154695668010
      Container manages memory: true
      Size: 8530021
      Capacity: 8530021

     Moving image = Image (0x4b456c0)
  RTTI typeinfo:   itk::Image<double, 3u>
  Reference Count: 2
  Modified Time: 2335
  Debug: Off
  Object Name: 
  Observers: 
    none
  Source: (none)
  Source output name: (none)
  Release Data: Off
  Data Released: False
  Global Release Data: Off
  PipelineMTime: 0
  UpdateMTime: 2332
  RealTimeStamp: 0 seconds 
  LargestPossibleRegion: 
    Dimension: 3
    Index: [0, 0, 0]
    Size: [176, 240, 256]
  BufferedRegion: 
    Dimension: 3
    Index: [0, 0, 0]
    Size: [176, 240, 256]
  RequestedRegion: 
    Dimension: 3
    Index: [0, 0, 0]
    Size: [176, 240, 256]
  Spacing: [1, 1, 1]
  Origin: [93.4772, 83.7926, -132.68]
  Direction: 
-0.997185 -0.0749788 0
0.0749788 -0.997185 0
0 0 1

  IndexToPointMatrix: 
-0.997185 -0.0749788 0
0.0749787 -0.997185 0
0 0 1

  PointToIndexMatrix: 
-0.997185 0.0749788 0
-0.0749788 -0.997185 0
0 0 1

  Inverse Direction: 
-0.997185 0.0749788 0
-0.0749788 -0.997185 0
0 0 1

  PixelContainer: 
    ImportImageContainer (0x4ba5ad0)
      RTTI typeinfo:   itk::ImportImageContainer<unsigned long, double>
      Reference Count: 1
      Modified Time: 2329
      Debug: Off
      Object Name: 
      Observers: 
        none
      Pointer: 0x1546903e7010
      Container manages memory: true
      Size: 10813440
      Capacity: 10813440

     Weighting = 1
     Sampling strategy = regular
     Number of bins = 32
     Radius = 4
     Sampling percentage  = 0.25
   Transform = Rigid
     Gradient step = 0.1
     Update field sigma (voxel space) = 0
     Total field sigma (voxel space) = 0
     Update field time sigma = 0
     Total field time sigma  = 0
     Number of time indices = 0
     Number of time point samples = 0
Registration using 1 total stages.

Stage 0
  iterations = 0
  convergence threshold = 1e-06
  convergence window size = 10
  number of levels = 1
  using the Mattes MI metric (number of bins = 32, weight = 1, use gradient filter = 0)
  preprocessing:  winsorizing the image intensities
  Shrink factors (level 1 out of 1): [1, 1, 1]
  smoothing sigmas per level: [0]
  regular sampling (percentage = 0.25)

*** Running Euler3DTransform registration ***

  Elapsed time (stage 0): 1.11544


Total elapsed time: 1.11761
Info [verificarlo]: loaded backend libinterflop_vprec.so
Info [interflop-vprec]: load backend with: 
Info [interflop-vprec]: precision-binary32 = 9
Info [interflop-vprec]: range-binary32 = 8
Info [interflop-vprec]: precision-binary64 = 9
Info [interflop-vprec]: range-binary64 = 8
Info [interflop-vprec]: mode = ob
Info [interflop-vprec]: error-mode = rel
Info [interflop-vprec]: max-abs-error-exponent = -1022
Info [interflop-vprec]: daz = false
Info [interflop-vprec]: ftz = false
Info [interflop-vprec]: 	instrument = none
Info [interflop-vprec]: 	prec-input-file = (null)
Info [interflop-vprec]: 	prec-output-file = (null)
Info [interflop-vprec]: 	prec-log-file = (null)
All_Command_lines_OK
Using double precision for computations.
=============================================================================
The composite transform comprises the following transforms (in order): 
  1. /home/mdugre/scratch/mri-registration-rp/datasets/ds004513/derivatives/mri-registration-rp/0111/antsRegistration-r8-p9/sub-s007/align_Composite.h5[0] (type = Euler3DTransform)
  2. /home/mdugre/scratch/mri-registration-rp/datasets/ds004513/derivatives/mri-registration-rp/0111/antsRegistration-r8-p9/sub-s007/align_Composite.h5[1] (type = Euler3DTransform)
=============================================================================
  number of levels = 4
  fixed image: /templateflow/tpl-MNI152NLin2009cAsym/tpl-MNI152NLin2009cAsym_res-01_desc-brain_T1w.nii.gz
  moving image: /home/mdugre/scratch/mri-registration-rp/datasets/ds004513/derivatives/mri-registration-rp/antsBrainExtraction/sub-s007/BrainExtractionBrain.nii.gz
Dimension = 3
Number of stages = 1
Use histogram matching = false
Winsorize image intensities = true
  Lower quantile = 0.005
  Upper quantile = 0.995


Stage 1 State
   Image metric = MattesMI
     Fixed image = Image (0x3ebb1e0)
  RTTI typeinfo:   itk::Image<double, 3u>
  Reference Count: 2
  Modified Time: 1578
  Debug: Off
  Object Name: 
  Observers: 
    none
  Source: (none)
  Source output name: (none)
  Release Data: Off
  Data Released: False
  Global Release Data: Off
  PipelineMTime: 0
  UpdateMTime: 1189
  RealTimeStamp: 0 seconds 
  LargestPossibleRegion: 
    Dimension: 3
    Index: [0, 0, 0]
    Size: [193, 229, 193]
  BufferedRegion: 
    Dimension: 3
    Index: [0, 0, 0]
    Size: [193, 229, 193]
  RequestedRegion: 
    Dimension: 3
    Index: [0, 0, 0]
    Size: [193, 229, 193]
  Spacing: [1, 1, 1]
  Origin: [96, 132, -78]
  Direction: 
-1 0 0
0 -1 0
0 0 1

  IndexToPointMatrix: 
-1 0 0
0 -1 0
0 0 1

  PointToIndexMatrix: 
-1 0 0
0 -1 0
0 0 1

  Inverse Direction: 
-1 0 0
0 -1 0
0 0 1

  PixelContainer: 
    ImportImageContainer (0x3f7a680)
      RTTI typeinfo:   itk::ImportImageContainer<unsigned long, double>
      Reference Count: 1
      Modified Time: 1186
      Debug: Off
      Object Name: 
      Observers: 
        none
      Pointer: 0x1475bb2cc010
      Container manages memory: true
      Size: 8530021
      Capacity: 8530021

     Moving image = Image (0x3f76b20)
  RTTI typeinfo:   itk::Image<double, 3u>
  Reference Count: 2
  Modified Time: 1579
  Debug: Off
  Object Name: 
  Observers: 
    none
  Source: (none)
  Source output name: (none)
  Release Data: Off
  Data Released: False
  Global Release Data: Off
  PipelineMTime: 0
  UpdateMTime: 1576
  RealTimeStamp: 0 seconds 
  LargestPossibleRegion: 
    Dimension: 3
    Index: [0, 0, 0]
    Size: [176, 240, 256]
  BufferedRegion: 
    Dimension: 3
    Index: [0, 0, 0]
    Size: [176, 240, 256]
  RequestedRegion: 
    Dimension: 3
    Index: [0, 0, 0]
    Size: [176, 240, 256]
  Spacing: [1, 1, 1]
  Origin: [93.5, 83.75, -132.75]
  Direction: 
-0.99707 -0.0748291 0
0.0748291 -0.99707 0
0 0 1

  IndexToPointMatrix: 
-0.99707 -0.0748291 0
0.0748291 -0.99707 0
0 0 1

  PointToIndexMatrix: 
-0.996094 0.0748291 0
-0.0748291 -0.99707 0
0 0 1

  Inverse Direction: 
-0.996094 0.0748291 0
-0.0748291 -0.99707 0
0 0 1

  PixelContainer: 
    ImportImageContainer (0x3fdfd50)
      RTTI typeinfo:   itk::ImportImageContainer<unsigned long, double>
      Reference Count: 1
      Modified Time: 1573
      Debug: Off
      Object Name: 
      Observers: 
        none
      Pointer: 0x1475b604b010
      Container manages memory: true
      Size: 10813440
      Capacity: 10813440

     Weighting = 1
     Sampling strategy = regular
     Number of bins = 32
     Radius = 4
     Sampling percentage  = 0.25
   Transform = Rigid
     Gradient step = 0.1
     Update field sigma (voxel space) = 0
     Total field sigma (voxel space) = 0
     Update field time sigma = 0
     Total field time sigma  = 0
     Number of time indices = 0
     Number of time point samples = 0
Registration using 1 total stages.

Stage 0
  iterations = 1000x500x250x100
  convergence threshold = 1e-06
  convergence window size = 10
  number of levels = 4
  using the Mattes MI metric (number of bins = 32, weight = 1, use gradient filter = 0)
  preprocessing:  winsorizing the image intensities
  Shrink factors (level 1 out of 4): [8, 8, 8]
  Shrink factors (level 2 out of 4): [4, 4, 4]
  Shrink factors (level 3 out of 4): [2, 2, 2]
  Shrink factors (level 4 out of 4): [1, 1, 1]
  smoothing sigmas per level: [3, 2, 1, 0]
  regular sampling (percentage = 0.25)

*** Running Euler3DTransform registration ***

DIAGNOSTIC,Iteration,metricValue,convergenceValue,ITERATION_TIME_INDEX,SINCE_LAST
 2DIAGNOSTIC,     1, -6.049098263501e-01, 1.797693134862e+308, 0.0000e+00, 0.0000e+00, 
 2DIAGNOSTIC,     2, -6.051135623483e-01, 1.797693134862e+308, 0.0000e+00, 0.0000e+00, 
 2DIAGNOSTIC,     3, -6.058822756295e-01, 1.797693134862e+308, 0.0000e+00, 0.0000e+00, 
 2DIAGNOSTIC,     4, -6.063657453196e-01, 1.797693134862e+308, 0.0000e+00, 0.0000e+00, 
 2DIAGNOSTIC,     5, -6.072773342580e-01, 1.797693134862e+308, 0.0000e+00, 0.0000e+00, 
 2DIAGNOSTIC,     6, -6.074095783445e-01, 1.797693134862e+308, 0.0000e+00, 0.0000e+00, 
 2DIAGNOSTIC,     7, -6.095574822227e-01, 1.797693134862e+308, 0.0000e+00, 0.0000e+00, 
 2DIAGNOSTIC,     8, -6.128625445872e-01, 1.797693134862e+308, 0.0000e+00, 0.0000e+00, 
 2DIAGNOSTIC,     9, -6.181137906927e-01, 1.797693134862e+308, 0.0000e+00, 0.0000e+00, 
 2DIAGNOSTIC,    10, -6.320098766610e-01, 2.087374653738e-03, 0.0000e+00, 0.0000e+00, 
 2DIAGNOSTIC,    11, -6.597733199961e-01, 3.724059137792e-03, 0.0000e+00, 0.0000e+00, 
 2DIAGNOSTIC,    12, -6.827533738883e-01, 5.584926177296e-03, 0.0000e+00, 0.0000e+00, 
 2DIAGNOSTIC,    13, -7.291634287069e-01, 8.228066455344e-03, 0.0000e+00, 0.0000e+00, 
 2DIAGNOSTIC,    14, -7.875908685511e-01, 1.147997686488e-02, 0.0000e+00, 0.0000e+00, 
 2DIAGNOSTIC,    15, -7.880717763771e-01, 1.318423276811e-02, 0.0000e+00, 0.0000e+00, 
 2DIAGNOSTIC,    16, -7.903321726800e-01, 1.352649960015e-02, 0.0000e+00, 0.0000e+00, 
 2DIAGNOSTIC,    17, -7.915761119353e-01, 1.268520075500e-02, 0.0000e+00, 0.0000e+00, 
 2DIAGNOSTIC,    18, -7.925953837211e-01, 1.087945505934e-02, 0.0000e+00, 0.0000e+00, 
 2DIAGNOSTIC,    19, -7.925754158187e-01, 8.392491038299e-03, 0.0000e+00, 0.0000e+00, 
 2DIAGNOSTIC,    20, -7.912135632699e-01, 5.680904999885e-03, 0.0000e+00, 0.0000e+00, 
 2DIAGNOSTIC,    21, -7.912566629342e-01, 3.301906484361e-03, 0.0000e+00, 0.0000e+00, 
 2DIAGNOSTIC,    22, -7.914470324466e-01, 1.280361831013e-03, 0.0000e+00, 0.0000e+00, 
 2DIAGNOSTIC,    23, -7.912672295383e-01, 1.254425935303e-04, 0.0000e+00, 0.0000e+00, 
 2DIAGNOSTIC,    24, -7.912115468385e-01, 5.077294717671e-05, 0.0000e+00, 0.0000e+00, 
DIAGNOSTIC,Iteration,metricValue,convergenceValue,ITERATION_TIME_INDEX,SINCE_LAST
 2DIAGNOSTIC,     1, -6.621925383841e-01, 1.797693134862e+308, 0.0000e+00, 0.0000e+00, 
 2DIAGNOSTIC,     2, -6.623552606446e-01, 1.797693134862e+308, 0.0000e+00, 0.0000e+00, 
 2DIAGNOSTIC,     3, -6.623838300355e-01, 1.797693134862e+308, 0.0000e+00, 0.0000e+00, 
 2DIAGNOSTIC,     4, -6.624154772334e-01, 1.797693134862e+308, 0.0000e+00, 0.0000e+00, 
 2DIAGNOSTIC,     5, -6.624371377293e-01, 1.797693134862e+308, 0.0000e+00, 0.0000e+00, 
 2DIAGNOSTIC,     6, -6.622327785147e-01, 1.797693134862e+308, 0.0000e+00, 0.0000e+00, 
 2DIAGNOSTIC,     7, -6.622224623158e-01, 1.797693134862e+308, 0.0000e+00, 0.0000e+00, 
 2DIAGNOSTIC,     8, -6.622112353116e-01, 1.797693134862e+308, 0.0000e+00, 0.0000e+00, 
 2DIAGNOSTIC,     9, -6.622102433957e-01, 1.797693134862e+308, 0.0000e+00, 0.0000e+00, 
DIAGNOSTIC,Iteration,metricValue,convergenceValue,ITERATION_TIME_INDEX,SINCE_LAST
 2DIAGNOSTIC,     1, -5.707100823341e-01, 1.797693134862e+308, 0.0000e+00, 0.0000e+00, 
 2DIAGNOSTIC,     2, -5.707356218297e-01, 1.797693134862e+308, 0.0000e+00, 0.0000e+00, 
 2DIAGNOSTIC,     3, -5.707284899142e-01, 1.797693134862e+308, 0.0000e+00, 0.0000e+00, 
 2DIAGNOSTIC,     4, -5.707282252530e-01, 1.797693134862e+308, 0.0000e+00, 0.0000e+00, 
 2DIAGNOSTIC,     5, -5.707217273754e-01, 1.797693134862e+308, 0.0000e+00, 0.0000e+00, 
 2DIAGNOSTIC,     6, -5.707208699486e-01, 1.797693134862e+308, 0.0000e+00, 0.0000e+00, 
 2DIAGNOSTIC,     7, -5.707200853415e-01, 1.797693134862e+308, 0.0000e+00, 0.0000e+00, 
 2DIAGNOSTIC,     8, -5.707166201459e-01, 1.797693134862e+308, 0.0000e+00, 0.0000e+00, 
 2DIAGNOSTIC,     9, -5.707281459600e-01, 1.797693134862e+308, 0.0000e+00, 0.0000e+00, 
DIAGNOSTIC,Iteration,metricValue,convergenceValue,ITERATION_TIME_INDEX,SINCE_LAST
 2DIAGNOSTIC,     1, -5.190559198862e-01, 1.797693134862e+308, 0.0000e+00, 0.0000e+00, 
 2DIAGNOSTIC,     2, -5.182301657906e-01, 1.797693134862e+308, 0.0000e+00, 0.0000e+00, 
 2DIAGNOSTIC,     3, -5.183046221263e-01, 1.797693134862e+308, 0.0000e+00, 0.0000e+00, 
 2DIAGNOSTIC,     4, -5.184205554325e-01, 1.797693134862e+308, 0.0000e+00, 0.0000e+00, 
 2DIAGNOSTIC,     5, -5.185031218945e-01, 1.797693134862e+308, 0.0000e+00, 0.0000e+00, 
 2DIAGNOSTIC,     6, -5.186140249039e-01, 1.797693134862e+308, 0.0000e+00, 0.0000e+00, 
 2DIAGNOSTIC,     7, -5.187876038744e-01, 1.797693134862e+308, 0.0000e+00, 0.0000e+00, 
 2DIAGNOSTIC,     8, -5.190403225969e-01, 1.797693134862e+308, 0.0000e+00, 0.0000e+00, 
 2DIAGNOSTIC,     9, -5.194274905982e-01, 1.797693134862e+308, 0.0000e+00, 0.0000e+00, 
 2DIAGNOSTIC,    10, -5.194378788627e-01, 1.169091006627e-04, 0.0000e+00, 0.0000e+00, 
 2DIAGNOSTIC,    11, -5.194324690945e-01, 1.582951866951e-04, 0.0000e+00, 0.0000e+00, 
 2DIAGNOSTIC,    12, -5.194341711471e-01, 1.411053906751e-04, 0.0000e+00, 0.0000e+00, 
 2DIAGNOSTIC,    13, -5.194102541285e-01, 1.156608805109e-04, 0.0000e+00, 0.0000e+00, 
 2DIAGNOSTIC,    14, -5.194066283678e-01, 8.753757360211e-05, 0.0000e+00, 0.0000e+00, 
 2DIAGNOSTIC,    15, -5.194060377540e-01, 5.821924777194e-05, 0.0000e+00, 0.0000e+00, 
 2DIAGNOSTIC,    16, -5.194053477536e-01, 3.114412410565e-05, 0.0000e+00, 0.0000e+00, 
 2DIAGNOSTIC,    17, -5.194045879042e-01, 9.875513828056e-06, 0.0000e+00, 0.0000e+00, 
  Elapsed time (stage 0): 0.0000e+00


Total elapsed time: 0.0000e+00
Info [verificarlo]: loaded backend libinterflop_vprec.so
Info [interflop-vprec]: load backend with: 
Info [interflop-vprec]: precision-binary32 = 9
Info [interflop-vprec]: range-binary32 = 8
Info [interflop-vprec]: precision-binary64 = 9
Info [interflop-vprec]: range-binary64 = 8
Info [interflop-vprec]: mode = ob
Info [interflop-vprec]: error-mode = rel
Info [interflop-vprec]: max-abs-error-exponent = -1022
Info [interflop-vprec]: daz = false
Info [interflop-vprec]: ftz = false
Info [interflop-vprec]: 	instrument = none
Info [interflop-vprec]: 	prec-input-file = (null)
Info [interflop-vprec]: 	prec-output-file = (null)
Info [interflop-vprec]: 	prec-log-file = (null)
All_Command_lines_OK
Using double precision for computations.
=============================================================================
The composite transform comprises the following transforms (in order): 
  1. /home/mdugre/scratch/mri-registration-rp/datasets/ds004513/derivatives/mri-registration-rp/0111/antsRegistration-r8-p9/sub-s007/rigid_Composite.h5[0] (type = Euler3DTransform)
  2. /home/mdugre/scratch/mri-registration-rp/datasets/ds004513/derivatives/mri-registration-rp/0111/antsRegistration-r8-p9/sub-s007/rigid_Composite.h5[1] (type = Euler3DTransform)
  3. /home/mdugre/scratch/mri-registration-rp/datasets/ds004513/derivatives/mri-registration-rp/0111/antsRegistration-r8-p9/sub-s007/rigid_Composite.h5[2] (type = Euler3DTransform)
=============================================================================
  number of levels = 4
  fixed image: /templateflow/tpl-MNI152NLin2009cAsym/tpl-MNI152NLin2009cAsym_res-01_desc-brain_T1w.nii.gz
  moving image: /home/mdugre/scratch/mri-registration-rp/datasets/ds004513/derivatives/mri-registration-rp/antsBrainExtraction/sub-s007/BrainExtractionBrain.nii.gz
Dimension = 3
Number of stages = 1
Use histogram matching = false
Winsorize image intensities = true
  Lower quantile = 0.005
  Upper quantile = 0.995


Stage 1 State
   Image metric = MattesMI
     Fixed image = Image (0x4dab1e0)
  RTTI typeinfo:   itk::Image<double, 3u>
  Reference Count: 2
  Modified Time: 1592
  Debug: Off
  Object Name: 
  Observers: 
    none
  Source: (none)
  Source output name: (none)
  Release Data: Off
  Data Released: False
  Global Release Data: Off
  PipelineMTime: 0
  UpdateMTime: 1203
  RealTimeStamp: 0 seconds 
  LargestPossibleRegion: 
    Dimension: 3
    Index: [0, 0, 0]
    Size: [193, 229, 193]
  BufferedRegion: 
    Dimension: 3
    Index: [0, 0, 0]
    Size: [193, 229, 193]
  RequestedRegion: 
    Dimension: 3
    Index: [0, 0, 0]
    Size: [193, 229, 193]
  Spacing: [1, 1, 1]
  Origin: [96, 132, -78]
  Direction: 
-1 0 0
0 -1 0
0 0 1

  IndexToPointMatrix: 
-1 0 0
0 -1 0
0 0 1

  PointToIndexMatrix: 
-1 0 0
0 -1 0
0 0 1

  Inverse Direction: 
-1 0 0
0 -1 0
0 0 1

  PixelContainer: 
    ImportImageContainer (0x4e79440)
      RTTI typeinfo:   itk::ImportImageContainer<unsigned long, double>
      Reference Count: 1
      Modified Time: 1200
      Debug: Off
      Object Name: 
      Observers: 
        none
      Pointer: 0x1538a89be010
      Container manages memory: true
      Size: 8530021
      Capacity: 8530021

     Moving image = Image (0x4e669b0)
  RTTI typeinfo:   itk::Image<double, 3u>
  Reference Count: 2
  Modified Time: 1593
  Debug: Off
  Object Name: 
  Observers: 
    none
  Source: (none)
  Source output name: (none)
  Release Data: Off
  Data Released: False
  Global Release Data: Off
  PipelineMTime: 0
  UpdateMTime: 1590
  RealTimeStamp: 0 seconds 
  LargestPossibleRegion: 
    Dimension: 3
    Index: [0, 0, 0]
    Size: [176, 240, 256]
  BufferedRegion: 
    Dimension: 3
    Index: [0, 0, 0]
    Size: [176, 240, 256]
  RequestedRegion: 
    Dimension: 3
    Index: [0, 0, 0]
    Size: [176, 240, 256]
  Spacing: [1, 1, 1]
  Origin: [93.5, 83.75, -132.75]
  Direction: 
-0.99707 -0.0748291 0
0.0748291 -0.99707 0
0 0 1

  IndexToPointMatrix: 
-0.99707 -0.0748291 0
0.0748291 -0.99707 0
0 0 1

  PointToIndexMatrix: 
-0.996094 0.0748291 0
-0.0748291 -0.99707 0
0 0 1

  Inverse Direction: 
-0.996094 0.0748291 0
-0.0748291 -0.99707 0
0 0 1

  PixelContainer: 
    ImportImageContainer (0x4e1c710)
      RTTI typeinfo:   itk::ImportImageContainer<unsigned long, double>
      Reference Count: 1
      Modified Time: 1587
      Debug: Off
      Object Name: 
      Observers: 
        none
      Pointer: 0x1538a373d010
      Container manages memory: true
      Size: 10813440
      Capacity: 10813440

     Weighting = 1
     Sampling strategy = regular
     Number of bins = 32
     Radius = 4
     Sampling percentage  = 0.25
   Transform = Affine
     Gradient step = 0.1
     Update field sigma (voxel space) = 0
     Total field sigma (voxel space) = 0
     Update field time sigma = 0
     Total field time sigma  = 0
     Number of time indices = 0
     Number of time point samples = 0
Registration using 1 total stages.

Stage 0
  iterations = 1000x500x250x100
  convergence threshold = 1e-06
  convergence window size = 10
  number of levels = 4
  using the Mattes MI metric (number of bins = 32, weight = 1, use gradient filter = 0)
  preprocessing:  winsorizing the image intensities
  Shrink factors (level 1 out of 4): [8, 8, 8]
  Shrink factors (level 2 out of 4): [4, 4, 4]
  Shrink factors (level 3 out of 4): [2, 2, 2]
  Shrink factors (level 4 out of 4): [1, 1, 1]
  smoothing sigmas per level: [3, 2, 1, 0]
  regular sampling (percentage = 0.25)

*** Running AffineTransform registration ***

DIAGNOSTIC,Iteration,metricValue,convergenceValue,ITERATION_TIME_INDEX,SINCE_LAST
 2DIAGNOSTIC,     1, -7.920525971467e-01, 1.797693134862e+308, 0.0000e+00, 0.0000e+00, 
 2DIAGNOSTIC,     2, -7.937092000798e-01, 1.797693134862e+308, 0.0000e+00, 0.0000e+00, 
 2DIAGNOSTIC,     3, -7.962527207972e-01, 1.797693134862e+308, 0.0000e+00, 0.0000e+00, 
 2DIAGNOSTIC,     4, -7.980753522519e-01, 1.797693134862e+308, 0.0000e+00, 0.0000e+00, 
 2DIAGNOSTIC,     5, -7.995045424625e-01, 1.797693134862e+308, 0.0000e+00, 0.0000e+00, 
 2DIAGNOSTIC,     6, -8.002068468854e-01, 1.797693134862e+308, 0.0000e+00, 0.0000e+00, 
 2DIAGNOSTIC,     7, -8.016750726075e-01, 1.797693134862e+308, 0.0000e+00, 0.0000e+00, 
 2DIAGNOSTIC,     8, -8.027003655776e-01, 1.797693134862e+308, 0.0000e+00, 0.0000e+00, 
 2DIAGNOSTIC,     9, -8.040602736806e-01, 1.797693134862e+308, 0.0000e+00, 0.0000e+00, 
 2DIAGNOSTIC,    10, -8.050402313811e-01, 1.008151342151e-03, 0.0000e+00, 0.0000e+00, 
 2DIAGNOSTIC,    11, -8.062169043336e-01, 8.436870920336e-04, 0.0000e+00, 0.0000e+00, 
 2DIAGNOSTIC,    12, -8.104149792335e-01, 8.023777790212e-04, 0.0000e+00, 0.0000e+00, 
 2DIAGNOSTIC,    13, -8.126646999677e-01, 8.217842555847e-04, 0.0000e+00, 0.0000e+00, 
 2DIAGNOSTIC,    14, -8.151012080440e-01, 8.704994949782e-04, 0.0000e+00, 0.0000e+00, 
 2DIAGNOSTIC,    15, -8.187497866860e-01, 9.530564497174e-04, 0.0000e+00, 0.0000e+00, 
 2DIAGNOSTIC,    16, -8.254338006673e-01, 1.098428887769e-03, 0.0000e+00, 0.0000e+00, 
 2DIAGNOSTIC,    17, -8.397963404292e-01, 1.448110163383e-03, 0.0000e+00, 0.0000e+00, 
 2DIAGNOSTIC,    18, -8.641297047756e-01, 2.108723820261e-03, 0.0000e+00, 0.0000e+00, 
 2DIAGNOSTIC,    19, -8.948804478731e-01, 3.077489597345e-03, 0.0000e+00, 0.0000e+00, 
 2DIAGNOSTIC,    20, -9.009007849752e-01, 3.768947233303e-03, 0.0000e+00, 0.0000e+00, 
 2DIAGNOSTIC,    21, -9.002511042316e-01, 4.053675413356e-03, 0.0000e+00, 0.0000e+00, 
 2DIAGNOSTIC,    22, -9.008448224212e-01, 4.012322860661e-03, 0.0000e+00, 0.0000e+00, 
 2DIAGNOSTIC,    23, -9.011849145746e-01, 3.633037841821e-03, 0.0000e+00, 0.0000e+00, 
 2DIAGNOSTIC,    24, -9.015814628125e-01, 2.982482916292e-03, 0.0000e+00, 0.0000e+00, 
 2DIAGNOSTIC,    25, -9.015261447265e-01, 2.160223406035e-03, 0.0000e+00, 0.0000e+00, 
 2DIAGNOSTIC,    26, -9.014452374835e-01, 1.294705493883e-03, 0.0000e+00, 0.0000e+00, 
 2DIAGNOSTIC,    27, -9.014063804199e-01, 5.528011657706e-04, 0.0000e+00, 0.0000e+00, 
 2DIAGNOSTIC,    28, -9.014019352713e-01, 9.862100160574e-05, 0.0000e+00, 0.0000e+00, 
 2DIAGNOSTIC,    29, -9.014019352713e-01, 2.335847373851e-05, 0.0000e+00, 0.0000e+00, 
 2DIAGNOSTIC,    30, -9.013933407045e-01, 1.887181522253e-05, 0.0000e+00, 0.0000e+00, 
 2DIAGNOSTIC,    31, -9.013933407045e-01, 5.838497738379e-06, 0.0000e+00, 0.0000e+00, 
DIAGNOSTIC,Iteration,metricValue,convergenceValue,ITERATION_TIME_INDEX,SINCE_LAST
 2DIAGNOSTIC,     1, -7.436136413691e-01, 1.797693134862e+308, 0.0000e+00, 0.0000e+00, 
 2DIAGNOSTIC,     2, -7.439461555222e-01, 1.797693134862e+308, 0.0000e+00, 0.0000e+00, 
 2DIAGNOSTIC,     3, -7.440760322070e-01, 1.797693134862e+308, 0.0000e+00, 0.0000e+00, 
 2DIAGNOSTIC,     4, -7.441827541427e-01, 1.797693134862e+308, 0.0000e+00, 0.0000e+00, 
 2DIAGNOSTIC,     5, -7.444178821884e-01, 1.797693134862e+308, 0.0000e+00, 0.0000e+00, 
 2DIAGNOSTIC,     6, -7.445813993918e-01, 1.797693134862e+308, 0.0000e+00, 0.0000e+00, 
 2DIAGNOSTIC,     7, -7.447963450388e-01, 1.797693134862e+308, 0.0000e+00, 0.0000e+00, 
 2DIAGNOSTIC,     8, -7.448704476784e-01, 1.797693134862e+308, 0.0000e+00, 0.0000e+00, 
 2DIAGNOSTIC,     9, -7.449029158367e-01, 1.797693134862e+308, 0.0000e+00, 0.0000e+00, 
 2DIAGNOSTIC,    10, -7.449305135390e-01, 1.154504688976e-04, 0.0000e+00, 0.0000e+00, 
 2DIAGNOSTIC,    11, -7.449172814399e-01, 8.572446647062e-05, 0.0000e+00, 0.0000e+00, 
 2DIAGNOSTIC,    12, -7.449148129445e-01, 6.370996592163e-05, 0.0000e+00, 0.0000e+00, 
 2DIAGNOSTIC,    13, -7.449082264880e-01, 4.297104523958e-05, 0.0000e+00, 0.0000e+00, 
 2DIAGNOSTIC,    14, -7.449191780066e-01, 2.444124227223e-05, 0.0000e+00, 0.0000e+00, 
 2DIAGNOSTIC,    15, -7.449295561366e-01, 1.235117793198e-05, 0.0000e+00, 0.0000e+00, 
 2DIAGNOSTIC,    16, -7.449348676351e-01, 4.550892290456e-06, 0.0000e+00, 0.0000e+00, 
 2DIAGNOSTIC,    17, -7.449587237906e-01, 2.589100690988e-06, 0.0000e+00, 0.0000e+00, 
 2DIAGNOSTIC,    18, -7.449541626459e-01, 2.055444391670e-06, 0.0000e+00, 0.0000e+00, 
 2DIAGNOSTIC,    19, -7.449496438572e-01, 1.935012354515e-06, 0.0000e+00, 0.0000e+00, 
 2DIAGNOSTIC,    20, -7.449340627432e-01, 1.885330140471e-06, 0.0000e+00, 0.0000e+00, 
 2DIAGNOSTIC,    21, -7.449324572246e-01, 1.400122180813e-06, 0.0000e+00, 0.0000e+00, 
DIAGNOSTIC,Iteration,metricValue,convergenceValue,ITERATION_TIME_INDEX,SINCE_LAST
 2DIAGNOSTIC,     1, -6.375577710353e-01, 1.797693134862e+308, 0.0000e+00, 0.0000e+00, 
 2DIAGNOSTIC,     2, -6.378400671917e-01, 1.797693134862e+308, 0.0000e+00, 0.0000e+00, 
 2DIAGNOSTIC,     3, -6.380176431096e-01, 1.797693134862e+308, 0.0000e+00, 0.0000e+00, 
 2DIAGNOSTIC,     4, -6.387227867855e-01, 1.797693134862e+308, 0.0000e+00, 0.0000e+00, 
 2DIAGNOSTIC,     5, -6.388708970330e-01, 1.797693134862e+308, 0.0000e+00, 0.0000e+00, 
 2DIAGNOSTIC,     6, -6.389479916829e-01, 1.797693134862e+308, 0.0000e+00, 0.0000e+00, 
 2DIAGNOSTIC,     7, -6.390572701412e-01, 1.797693134862e+308, 0.0000e+00, 0.0000e+00, 
 2DIAGNOSTIC,     8, -6.393228607983e-01, 1.797693134862e+308, 0.0000e+00, 0.0000e+00, 
 2DIAGNOSTIC,     9, -6.394625083187e-01, 1.797693134862e+308, 0.0000e+00, 0.0000e+00, 
 2DIAGNOSTIC,    10, -6.395743454321e-01, 2.010819709830e-04, 0.0000e+00, 0.0000e+00, 
 2DIAGNOSTIC,    11, -6.396172784607e-01, 1.571531252159e-04, 0.0000e+00, 0.0000e+00, 
 2DIAGNOSTIC,    12, -6.396200695527e-01, 1.172187604173e-04, 0.0000e+00, 0.0000e+00, 
 2DIAGNOSTIC,    13, -6.396039739599e-01, 7.767407494472e-05, 0.0000e+00, 0.0000e+00, 
 2DIAGNOSTIC,    14, -6.395983645720e-01, 5.882579961403e-05, 0.0000e+00, 0.0000e+00, 
 2DIAGNOSTIC,    15, -6.396087413892e-01, 4.185054426117e-05, 0.0000e+00, 0.0000e+00, 
 2DIAGNOSTIC,    16, -6.396114550134e-01, 2.539475459523e-05, 0.0000e+00, 0.0000e+00, 
 2DIAGNOSTIC,    17, -6.396108989022e-01, 1.126992953279e-05, 0.0000e+00, 0.0000e+00, 
 2DIAGNOSTIC,    18, -6.396035948907e-01, 4.020148544809e-06, 0.0000e+00, 0.0000e+00, 
DIAGNOSTIC,Iteration,metricValue,convergenceValue,ITERATION_TIME_INDEX,SINCE_LAST
 2DIAGNOSTIC,     1, -5.710857128299e-01, 1.797693134862e+308, 0.0000e+00, 0.0000e+00, 
 2DIAGNOSTIC,     2, -5.714994065000e-01, 1.797693134862e+308, 0.0000e+00, 0.0000e+00, 
 2DIAGNOSTIC,     3, -5.717864586376e-01, 1.797693134862e+308, 0.0000e+00, 0.0000e+00, 
 2DIAGNOSTIC,     4, -5.720783373813e-01, 1.797693134862e+308, 0.0000e+00, 0.0000e+00, 
 2DIAGNOSTIC,     5, -5.722668025346e-01, 1.797693134862e+308, 0.0000e+00, 0.0000e+00, 
 2DIAGNOSTIC,     6, -5.726426790313e-01, 1.797693134862e+308, 0.0000e+00, 0.0000e+00, 
 2DIAGNOSTIC,     7, -5.723018991234e-01, 1.797693134862e+308, 0.0000e+00, 0.0000e+00, 
 2DIAGNOSTIC,     8, -5.722052705148e-01, 1.797693134862e+308, 0.0000e+00, 0.0000e+00, 
 2DIAGNOSTIC,     9, -5.721684053711e-01, 1.797693134862e+308, 0.0000e+00, 0.0000e+00, 
 2DIAGNOSTIC,    10, -5.721539340085e-01, 1.050029827612e-04, 0.0000e+00, 0.0000e+00, 
 2DIAGNOSTIC,    11, -5.721578917950e-01, 4.325183617124e-05, 0.0000e+00, 0.0000e+00, 
 2DIAGNOSTIC,    12, -5.721567869103e-01, 5.099266066344e-06, 0.0000e+00, 0.0000e+00, 
  Elapsed time (stage 0): 0.0000e+00


Total elapsed time: 0.0000e+00
Info [verificarlo]: loaded backend libinterflop_vprec.so
Info [interflop-vprec]: load backend with: 
Info [interflop-vprec]: precision-binary32 = 9
Info [interflop-vprec]: range-binary32 = 8
Info [interflop-vprec]: precision-binary64 = 9
Info [interflop-vprec]: range-binary64 = 8
Info [interflop-vprec]: mode = ob
Info [interflop-vprec]: error-mode = rel
Info [interflop-vprec]: max-abs-error-exponent = -1022
Info [interflop-vprec]: daz = false
Info [interflop-vprec]: ftz = false
Info [interflop-vprec]: 	instrument = none
Info [interflop-vprec]: 	prec-input-file = (null)
Info [interflop-vprec]: 	prec-output-file = (null)
Info [interflop-vprec]: 	prec-log-file = (null)
All_Command_lines_OK
Using double precision for computations.
=============================================================================
The composite transform comprises the following transforms (in order): 
  1. /home/mdugre/scratch/mri-registration-rp/datasets/ds004513/derivatives/mri-registration-rp/0111/antsRegistration-r8-p9/sub-s007/affine_Composite.h5[0] (type = Euler3DTransform)
  2. /home/mdugre/scratch/mri-registration-rp/datasets/ds004513/derivatives/mri-registration-rp/0111/antsRegistration-r8-p9/sub-s007/affine_Composite.h5[1] (type = Euler3DTransform)
  3. /home/mdugre/scratch/mri-registration-rp/datasets/ds004513/derivatives/mri-registration-rp/0111/antsRegistration-r8-p9/sub-s007/affine_Composite.h5[2] (type = Euler3DTransform)
  4. /home/mdugre/scratch/mri-registration-rp/datasets/ds004513/derivatives/mri-registration-rp/0111/antsRegistration-r8-p9/sub-s007/affine_Composite.h5[3] (type = AffineTransform)
=============================================================================
  number of levels = 4
  fixed image: /templateflow/tpl-MNI152NLin2009cAsym/tpl-MNI152NLin2009cAsym_res-01_desc-brain_T1w.nii.gz
  moving image: /home/mdugre/scratch/mri-registration-rp/datasets/ds004513/derivatives/mri-registration-rp/antsBrainExtraction/sub-s007/BrainExtractionBrain.nii.gz
Dimension = 3
Number of stages = 1
Use histogram matching = false
Winsorize image intensities = true
  Lower quantile = 0.005
  Upper quantile = 0.995


Stage 1 State
   Image metric = CC
     Fixed image = Image (0x49ab6f0)
  RTTI typeinfo:   itk::Image<double, 3u>
  Reference Count: 2
  Modified Time: 1606
  Debug: Off
  Object Name: 
  Observers: 
    none
  Source: (none)
  Source output name: (none)
  Release Data: Off
  Data Released: False
  Global Release Data: Off
  PipelineMTime: 0
  UpdateMTime: 1217
  RealTimeStamp: 0 seconds 
  LargestPossibleRegion: 
    Dimension: 3
    Index: [0, 0, 0]
    Size: [193, 229, 193]
  BufferedRegion: 
    Dimension: 3
    Index: [0, 0, 0]
    Size: [193, 229, 193]
  RequestedRegion: 
    Dimension: 3
    Index: [0, 0, 0]
    Size: [193, 229, 193]
  Spacing: [1, 1, 1]
  Origin: [96, 132, -78]
  Direction: 
-1 0 0
0 -1 0
0 0 1

  IndexToPointMatrix: 
-1 0 0
0 -1 0
0 0 1

  PointToIndexMatrix: 
-1 0 0
0 -1 0
0 0 1

  Inverse Direction: 
-1 0 0
0 -1 0
0 0 1

  PixelContainer: 
    ImportImageContainer (0x4a84910)
      RTTI typeinfo:   itk::ImportImageContainer<unsigned long, double>
      Reference Count: 1
      Modified Time: 1214
      Debug: Off
      Object Name: 
      Observers: 
        none
      Pointer: 0x1537622b8010
      Container manages memory: true
      Size: 8530021
      Capacity: 8530021

     Moving image = Image (0x4a66ec0)
  RTTI typeinfo:   itk::Image<double, 3u>
  Reference Count: 2
  Modified Time: 1607
  Debug: Off
  Object Name: 
  Observers: 
    none
  Source: (none)
  Source output name: (none)
  Release Data: Off
  Data Released: False
  Global Release Data: Off
  PipelineMTime: 0
  UpdateMTime: 1604
  RealTimeStamp: 0 seconds 
  LargestPossibleRegion: 
    Dimension: 3
    Index: [0, 0, 0]
    Size: [176, 240, 256]
  BufferedRegion: 
    Dimension: 3
    Index: [0, 0, 0]
    Size: [176, 240, 256]
  RequestedRegion: 
    Dimension: 3
    Index: [0, 0, 0]
    Size: [176, 240, 256]
  Spacing: [1, 1, 1]
  Origin: [93.5, 83.75, -132.75]
  Direction: 
-0.99707 -0.0748291 0
0.0748291 -0.99707 0
0 0 1

  IndexToPointMatrix: 
-0.99707 -0.0748291 0
0.0748291 -0.99707 0
0 0 1

  PointToIndexMatrix: 
-0.996094 0.0748291 0
-0.0748291 -0.99707 0
0 0 1

  Inverse Direction: 
-0.996094 0.0748291 0
-0.0748291 -0.99707 0
0 0 1

  PixelContainer: 
    ImportImageContainer (0x4a871d0)
      RTTI typeinfo:   itk::ImportImageContainer<unsigned long, double>
      Reference Count: 1
      Modified Time: 1601
      Debug: Off
      Object Name: 
      Observers: 
        none
      Pointer: 0x15375d037010
      Container manages memory: true
      Size: 10813440
      Capacity: 10813440

     Weighting = 1
     Sampling strategy = none
     Number of bins = 32
     Radius = 4
     Sampling percentage  = 1
   Transform = SyN
     Gradient step = 0.1
     Update field sigma (voxel space) = 3
     Total field sigma (voxel space) = 0
     Update field time sigma = 0
     Total field time sigma  = 0
     Number of time indices = 0
     Number of time point samples = 0
Registration using 1 total stages.

Stage 0
  iterations = 100x70x50x20
  convergence threshold = 1e-06
  convergence window size = 10
  number of levels = 4
  using the CC metric (radius = 4, weight = 1, use gradient filter = 0)
  preprocessing:  winsorizing the image intensities
  Shrink factors (level 1 out of 4): [8, 8, 8]
  Shrink factors (level 2 out of 4): [4, 4, 4]
  Shrink factors (level 3 out of 4): [2, 2, 2]
  Shrink factors (level 4 out of 4): [1, 1, 1]
  smoothing sigmas per level: [3, 2, 1, 0]
  Using default NONE metricSamplingStrategy 

*** Running SyN registration (varianceForUpdateField = 3, varianceForTotalField = 0) ***

XXDIAGNOSTIC,Iteration,metricValue,convergenceValue,ITERATION_TIME_INDEX,SINCE_LAST
 1DIAGNOSTIC,     1, -9.228515625000e-01, 1.797693134862e+308, 0.0000e+00, 0.0000e+00, 
 1DIAGNOSTIC,     2, -9.335937500000e-01, 1.797693134862e+308, 0.0000e+00, 0.0000e+00, 
 1DIAGNOSTIC,     3, -9.404296875000e-01, 1.797693134862e+308, 0.0000e+00, 0.0000e+00, 
 1DIAGNOSTIC,     4, -9.453125000000e-01, 1.797693134862e+308, 0.0000e+00, 0.0000e+00, 
 1DIAGNOSTIC,     5, -9.472656250000e-01, 1.797693134862e+308, 0.0000e+00, 0.0000e+00, 
 1DIAGNOSTIC,     6, -9.501953125000e-01, 1.797693134862e+308, 0.0000e+00, 0.0000e+00, 
 1DIAGNOSTIC,     7, -9.531250000000e-01, 1.797693134862e+308, 0.0000e+00, 0.0000e+00, 
 1DIAGNOSTIC,     8, -9.550781250000e-01, 1.797693134862e+308, 0.0000e+00, 0.0000e+00, 
 1DIAGNOSTIC,     9, -9.580078125000e-01, 1.797693134862e+308, 0.0000e+00, 0.0000e+00, 
 1DIAGNOSTIC,    10, -9.589843750000e-01, 2.158359605190e-03, 0.0000e+00, 0.0000e+00, 
 1DIAGNOSTIC,    11, -9.599609375000e-01, 1.516427673681e-03, 0.0000e+00, 0.0000e+00, 
 1DIAGNOSTIC,    12, -9.599609375000e-01, 1.111559929876e-03, 0.0000e+00, 0.0000e+00, 
 1DIAGNOSTIC,    13, -9.609375000000e-01, 8.469955126783e-04, 0.0000e+00, 0.0000e+00, 
 1DIAGNOSTIC,    14, -9.609375000000e-01, 6.470968556392e-04, 0.0000e+00, 0.0000e+00, 
 1DIAGNOSTIC,    15, -9.619140625000e-01, 4.726900331591e-04, 0.0000e+00, 0.0000e+00, 
 1DIAGNOSTIC,    16, -9.619140625000e-01, 3.308462352157e-04, 0.0000e+00, 0.0000e+00, 
 1DIAGNOSTIC,    17, -9.628906250000e-01, 2.439562824252e-04, 0.0000e+00, 0.0000e+00, 
 1DIAGNOSTIC,    18, -9.628906250000e-01, 1.752420773144e-04, 0.0000e+00, 0.0000e+00, 
 1DIAGNOSTIC,    19, -9.638671875000e-01, 1.586790080394e-04, 0.0000e+00, 0.0000e+00, 
 1DIAGNOSTIC,    20, -9.638671875000e-01, 1.429945730195e-04, 0.0000e+00, 0.0000e+00, 
 1DIAGNOSTIC,    21, -9.638671875000e-01, 1.295745592021e-04, 0.0000e+00, 0.0000e+00, 
 1DIAGNOSTIC,    22, -9.638671875000e-01, 1.051269567564e-04, 0.0000e+00, 0.0000e+00, 
 1DIAGNOSTIC,    23, -9.638671875000e-01, 8.567926999775e-05, 0.0000e+00, 0.0000e+00, 
 1DIAGNOSTIC,    24, -9.638671875000e-01, 5.948062889879e-05, 0.0000e+00, 0.0000e+00, 
 1DIAGNOSTIC,    25, -9.638671875000e-01, 4.151850231369e-05, 0.0000e+00, 0.0000e+00, 
 1DIAGNOSTIC,    26, -9.638671875000e-01, 2.091141784855e-05, 0.0000e+00, 0.0000e+00, 
 1DIAGNOSTIC,    27, -9.638671875000e-01, 1.074639401279e-05, 0.0000e+00, 0.0000e+00, 
 1DIAGNOSTIC,    28, -9.638671875000e-01, -1.023486850826e-14, 0.0000e+00, 0.0000e+00, 
XXDIAGNOSTIC,Iteration,metricValue,convergenceValue,ITERATION_TIME_INDEX,SINCE_LAST
 1DIAGNOSTIC,     1, -9.013671875000e-01, 1.797693134862e+308, 0.0000e+00, 0.0000e+00, 
 1DIAGNOSTIC,     2, -9.052734375000e-01, 1.797693134862e+308, 0.0000e+00, 0.0000e+00, 
 1DIAGNOSTIC,     3, -9.082031250000e-01, 1.797693134862e+308, 0.0000e+00, 0.0000e+00, 
 1DIAGNOSTIC,     4, -9.111328125000e-01, 1.797693134862e+308, 0.0000e+00, 0.0000e+00, 
 1DIAGNOSTIC,     5, -9.130859375000e-01, 1.797693134862e+308, 0.0000e+00, 0.0000e+00, 
 1DIAGNOSTIC,     6, -9.140625000000e-01, 1.797693134862e+308, 0.0000e+00, 0.0000e+00, 
 1DIAGNOSTIC,     7, -9.150390625000e-01, 1.797693134862e+308, 0.0000e+00, 0.0000e+00, 
 1DIAGNOSTIC,     8, -9.160156250000e-01, 1.797693134862e+308, 0.0000e+00, 0.0000e+00, 
 1DIAGNOSTIC,     9, -9.169921875000e-01, 1.797693134862e+308, 0.0000e+00, 0.0000e+00, 
 1DIAGNOSTIC,    10, -9.179687500000e-01, 1.069300373639e-03, 0.0000e+00, 0.0000e+00, 
 1DIAGNOSTIC,    11, -9.179687500000e-01, 7.608400477308e-04, 0.0000e+00, 0.0000e+00, 
 1DIAGNOSTIC,    12, -9.189453125000e-01, 5.621886689578e-04, 0.0000e+00, 0.0000e+00, 
 1DIAGNOSTIC,    13, -9.199218750000e-01, 4.350749359119e-04, 0.0000e+00, 0.0000e+00, 
 1DIAGNOSTIC,    14, -9.199218750000e-01, 3.502804276396e-04, 0.0000e+00, 0.0000e+00, 
 1DIAGNOSTIC,    15, -9.208984375000e-01, 3.057388839818e-04, 0.0000e+00, 0.0000e+00, 
 1DIAGNOSTIC,    16, -9.208984375000e-01, 2.573706671734e-04, 0.0000e+00, 0.0000e+00, 
 1DIAGNOSTIC,    17, -9.218750000000e-01, 2.265419854514e-04, 0.0000e+00, 0.0000e+00, 
 1DIAGNOSTIC,    18, -9.218750000000e-01, 1.942383114887e-04, 0.0000e+00, 0.0000e+00, 
 1DIAGNOSTIC,    19, -9.228515625000e-01, 1.791339058606e-04, 0.0000e+00, 0.0000e+00, 
 1DIAGNOSTIC,    20, -9.228515625000e-01, 1.640460816471e-04, 0.0000e+00, 0.0000e+00, 
 1DIAGNOSTIC,    21, -9.238281250000e-01, 1.493577331803e-04, 0.0000e+00, 0.0000e+00, 
 1DIAGNOSTIC,    22, -9.238281250000e-01, 1.352630788498e-04, 0.0000e+00, 0.0000e+00, 
 1DIAGNOSTIC,    23, -9.248046875000e-01, 1.362718223726e-04, 0.0000e+00, 0.0000e+00, 
 1DIAGNOSTIC,    24, -9.248046875000e-01, 1.239036911257e-04, 0.0000e+00, 0.0000e+00, 
 1DIAGNOSTIC,    25, -9.248046875000e-01, 1.131930266328e-04, 0.0000e+00, 0.0000e+00, 
 1DIAGNOSTIC,    26, -9.248046875000e-01, 9.252307447056e-05, 0.0000e+00, 0.0000e+00, 
 1DIAGNOSTIC,    27, -9.248046875000e-01, 7.592504578918e-05, 0.0000e+00, 0.0000e+00, 
 1DIAGNOSTIC,    28, -9.257812500000e-01, 6.383163165884e-05, 0.0000e+00, 0.0000e+00, 
 1DIAGNOSTIC,    29, -9.257812500000e-01, 5.675107092412e-05, 0.0000e+00, 0.0000e+00, 
 1DIAGNOSTIC,    30, -9.257812500000e-01, 4.477951190617e-05, 0.0000e+00, 0.0000e+00, 
 1DIAGNOSTIC,    31, -9.257812500000e-01, 3.936697378128e-05, 0.0000e+00, 0.0000e+00, 
 1DIAGNOSTIC,    32, -9.257812500000e-01, 3.025792232552e-05, 0.0000e+00, 0.0000e+00, 
 1DIAGNOSTIC,    33, -9.257812500000e-01, 2.782033422777e-05, 0.0000e+00, 0.0000e+00, 
 1DIAGNOSTIC,    34, -9.257812500000e-01, 2.285343468093e-05, 0.0000e+00, 0.0000e+00, 
 1DIAGNOSTIC,    35, -9.267578125000e-01, 2.476549356923e-05, 0.0000e+00, 0.0000e+00, 
 1DIAGNOSTIC,    36, -9.267578125000e-01, 2.407277801283e-05, 0.0000e+00, 0.0000e+00, 
 1DIAGNOSTIC,    37, -9.267578125000e-01, 2.098791503942e-05, 0.0000e+00, 0.0000e+00, 
 1DIAGNOSTIC,    38, -9.267578125000e-01, 2.413642685388e-05, 0.0000e+00, 0.0000e+00, 
 1DIAGNOSTIC,    39, -9.267578125000e-01, 2.479380642711e-05, 0.0000e+00, 0.0000e+00, 
 1DIAGNOSTIC,    40, -9.267578125000e-01, 2.292205567987e-05, 0.0000e+00, 0.0000e+00, 
 1DIAGNOSTIC,    41, -9.267578125000e-01, 1.892781818918e-05, 0.0000e+00, 0.0000e+00, 
 1DIAGNOSTIC,    42, -9.267578125000e-01, 1.343920912893e-05, 0.0000e+00, 0.0000e+00, 
 1DIAGNOSTIC,    43, -9.267578125000e-01, 7.006306673316e-06, 0.0000e+00, 0.0000e+00, 
 1DIAGNOSTIC,    44, -9.267578125000e-01, -6.494804694057e-15, 0.0000e+00, 0.0000e+00, 
XXDIAGNOSTIC,Iteration,metricValue,convergenceValue,ITERATION_TIME_INDEX,SINCE_LAST
 1DIAGNOSTIC,     1, -8.789062500000e-01, 1.797693134862e+308, 0.0000e+00, 0.0000e+00, 
 1DIAGNOSTIC,     2, -8.818359375000e-01, 1.797693134862e+308, 0.0000e+00, 0.0000e+00, 
 1DIAGNOSTIC,     3, -8.837890625000e-01, 1.797693134862e+308, 0.0000e+00, 0.0000e+00, 
 1DIAGNOSTIC,     4, -8.847656250000e-01, 1.797693134862e+308, 0.0000e+00, 0.0000e+00, 
 1DIAGNOSTIC,     5, -8.857421875000e-01, 1.797693134862e+308, 0.0000e+00, 0.0000e+00, 
 1DIAGNOSTIC,     6, -8.867187500000e-01, 1.797693134862e+308, 0.0000e+00, 0.0000e+00, 
 1DIAGNOSTIC,     7, -8.867187500000e-01, 1.797693134862e+308, 0.0000e+00, 0.0000e+00, 
 1DIAGNOSTIC,     8, -8.876953125000e-01, 1.797693134862e+308, 0.0000e+00, 0.0000e+00, 
 1DIAGNOSTIC,     9, -8.886718750000e-01, 1.797693134862e+308, 0.0000e+00, 0.0000e+00, 
 1DIAGNOSTIC,    10, -8.896484375000e-01, 6.589799705178e-04, 0.0000e+00, 0.0000e+00, 
 1DIAGNOSTIC,    11, -8.896484375000e-01, 4.837539295243e-04, 0.0000e+00, 0.0000e+00, 
 1DIAGNOSTIC,    12, -8.906250000000e-01, 3.986674901108e-04, 0.0000e+00, 0.0000e+00, 
 1DIAGNOSTIC,    13, -8.916015625000e-01, 3.621704578683e-04, 0.0000e+00, 0.0000e+00, 
 1DIAGNOSTIC,    14, -8.925781250000e-01, 3.413925428408e-04, 0.0000e+00, 0.0000e+00, 
 1DIAGNOSTIC,    15, -8.935546875000e-01, 3.332338498004e-04, 0.0000e+00, 0.0000e+00, 
 1DIAGNOSTIC,    16, -8.945312500000e-01, 3.350273103988e-04, 0.0000e+00, 0.0000e+00, 
 1DIAGNOSTIC,    17, -8.945312500000e-01, 3.053828607738e-04, 0.0000e+00, 0.0000e+00, 
 1DIAGNOSTIC,    18, -8.955078125000e-01, 2.853129999186e-04, 0.0000e+00, 0.0000e+00, 
 1DIAGNOSTIC,    19, -8.964843750000e-01, 2.729892224409e-04, 0.0000e+00, 0.0000e+00, 
 1DIAGNOSTIC,    20, -8.964843750000e-01, 2.519473263088e-04, 0.0000e+00, 0.0000e+00, 
 1DIAGNOSTIC,    21, -8.974609375000e-01, 2.244151528227e-04, 0.0000e+00, 0.0000e+00, 
 1DIAGNOSTIC,    22, -8.974609375000e-01, 1.923574634888e-04, 0.0000e+00, 0.0000e+00, 
 1DIAGNOSTIC,    23, -8.974609375000e-01, 1.585410787590e-04, 0.0000e+00, 0.0000e+00, 
 1DIAGNOSTIC,    24, -8.984375000000e-01, 1.383906324536e-04, 0.0000e+00, 0.0000e+00, 
 1DIAGNOSTIC,    25, -8.984375000000e-01, 1.187325516445e-04, 0.0000e+00, 0.0000e+00, 
 1DIAGNOSTIC,    26, -8.984375000000e-01, 1.016873832588e-04, 0.0000e+00, 0.0000e+00, 
 1DIAGNOSTIC,    27, -8.984375000000e-01, 7.629431369710e-05, 0.0000e+00, 0.0000e+00, 
 1DIAGNOSTIC,    28, -8.994140625000e-01, 6.758684043222e-05, 0.0000e+00, 0.0000e+00, 
 1DIAGNOSTIC,    29, -8.994140625000e-01, 6.346062957295e-05, 0.0000e+00, 0.0000e+00, 
 1DIAGNOSTIC,    30, -8.994140625000e-01, 5.339719976430e-05, 0.0000e+00, 0.0000e+00, 
 1DIAGNOSTIC,    31, -8.994140625000e-01, 4.930481942451e-05, 0.0000e+00, 0.0000e+00, 
 1DIAGNOSTIC,    32, -9.003906250000e-01, 5.059118140774e-05, 0.0000e+00, 0.0000e+00, 
 1DIAGNOSTIC,    33, -9.003906250000e-01, 4.629249131440e-05, 0.0000e+00, 0.0000e+00, 
 1DIAGNOSTIC,    34, -9.003906250000e-01, 4.706761271661e-05, 0.0000e+00, 0.0000e+00, 
 1DIAGNOSTIC,    35, -9.003906250000e-01, 4.362705217171e-05, 0.0000e+00, 0.0000e+00, 
 1DIAGNOSTIC,    36, -9.003906250000e-01, 3.630099246320e-05, 0.0000e+00, 0.0000e+00, 
 1DIAGNOSTIC,    37, -9.013671875000e-01, 3.392177664633e-05, 0.0000e+00, 0.0000e+00, 
 1DIAGNOSTIC,    38, -9.013671875000e-01, 3.634200888698e-05, 0.0000e+00, 0.0000e+00, 
 1DIAGNOSTIC,    39, -9.013671875000e-01, 3.540285738481e-05, 0.0000e+00, 0.0000e+00, 
 1DIAGNOSTIC,    40, -9.013671875000e-01, 3.135820133154e-05, 0.0000e+00, 0.0000e+00, 
 1DIAGNOSTIC,    41, -9.013671875000e-01, 2.427367972112e-05, 0.0000e+00, 0.0000e+00, 
 1DIAGNOSTIC,    42, -9.013671875000e-01, 2.246821255716e-05, 0.0000e+00, 0.0000e+00, 
 1DIAGNOSTIC,    43, -9.013671875000e-01, 1.857432344991e-05, 0.0000e+00, 0.0000e+00, 
 1DIAGNOSTIC,    44, -9.013671875000e-01, 1.320262680040e-05, 0.0000e+00, 0.0000e+00, 
 1DIAGNOSTIC,    45, -9.023437500000e-01, 1.377995288837e-05, 0.0000e+00, 0.0000e+00, 
 1DIAGNOSTIC,    46, -9.023437500000e-01, 1.262419023503e-05, 0.0000e+00, 0.0000e+00, 
 1DIAGNOSTIC,    47, -9.023437500000e-01, 1.698207852722e-05, 0.0000e+00, 0.0000e+00, 
 1DIAGNOSTIC,    48, -9.023437500000e-01, 1.964003880428e-05, 0.0000e+00, 0.0000e+00, 
 1DIAGNOSTIC,    49, -9.023437500000e-01, 2.028368551709e-05, 0.0000e+00, 0.0000e+00, 
 1DIAGNOSTIC,    50, -9.023437500000e-01, 1.884888892831e-05, 0.0000e+00, 0.0000e+00, 
XXDIAGNOSTIC,Iteration,metricValue,convergenceValue,ITERATION_TIME_INDEX,SINCE_LAST
 1DIAGNOSTIC,     1, -8.623046875000e-01, 1.797693134862e+308, 0.0000e+00, 0.0000e+00, 
 1DIAGNOSTIC,     2, -8.632812500000e-01, 1.797693134862e+308, 0.0000e+00, 0.0000e+00, 
 1DIAGNOSTIC,     3, -8.642578125000e-01, 1.797693134862e+308, 0.0000e+00, 0.0000e+00, 
 1DIAGNOSTIC,     4, -8.642578125000e-01, 1.797693134862e+308, 0.0000e+00, 0.0000e+00, 
 1DIAGNOSTIC,     5, -8.652343750000e-01, 1.797693134862e+308, 0.0000e+00, 0.0000e+00, 
 1DIAGNOSTIC,     6, -8.662109375000e-01, 1.797693134862e+308, 0.0000e+00, 0.0000e+00, 
 1DIAGNOSTIC,     7, -8.662109375000e-01, 1.797693134862e+308, 0.0000e+00, 0.0000e+00, 
 1DIAGNOSTIC,     8, -8.671875000000e-01, 1.797693134862e+308, 0.0000e+00, 0.0000e+00, 
 1DIAGNOSTIC,     9, -8.681640625000e-01, 1.797693134862e+308, 0.0000e+00, 0.0000e+00, 
 1DIAGNOSTIC,    10, -8.681640625000e-01, 4.352622058306e-04, 0.0000e+00, 0.0000e+00, 
 1DIAGNOSTIC,    11, -8.691406250000e-01, 3.857192679224e-04, 0.0000e+00, 0.0000e+00, 
 1DIAGNOSTIC,    12, -8.691406250000e-01, 3.357583446362e-04, 0.0000e+00, 0.0000e+00, 
 1DIAGNOSTIC,    13, -8.691406250000e-01, 2.883239908003e-04, 0.0000e+00, 0.0000e+00, 
 1DIAGNOSTIC,    14, -8.701171875000e-01, 2.438767310807e-04, 0.0000e+00, 0.0000e+00, 
 1DIAGNOSTIC,    15, -8.701171875000e-01, 2.034370584473e-04, 0.0000e+00, 0.0000e+00, 
 1DIAGNOSTIC,    16, -8.701171875000e-01, 1.698893674696e-04, 0.0000e+00, 0.0000e+00, 
 1DIAGNOSTIC,    17, -8.710937500000e-01, 1.434105761167e-04, 0.0000e+00, 0.0000e+00, 
 1DIAGNOSTIC,    18, -8.710937500000e-01, 1.236253233349e-04, 0.0000e+00, 0.0000e+00, 
 1DIAGNOSTIC,    19, -8.710937500000e-01, 1.114180790129e-04, 0.0000e+00, 0.0000e+00, 
 1DIAGNOSTIC,    20, -8.710937500000e-01, 8.983386641069e-05, 0.0000e+00, 0.0000e+00, 
  Elapsed time (stage 0): 0


Total elapsed time: 0
